<?xml version="1.0"?>
<test_results>
	<status>STATUS_SUCCESS</status>
	<custom>
		<num_loss>0</num_loss>
		<num_total>679174287</num_total>
		<num_misses>40767030</num_misses>
		<elapsed_time>7199.345263</elapsed_time>
		<query>
			<report>
				<misses>100000</misses>
				<total>0</total>
				<timestamp>1.050030</timestamp>
			</report>
			<report>
				<misses>200000</misses>
				<total>0</total>
				<timestamp>2.114950</timestamp>
			</report>
			<report>
				<misses>300000</misses>
				<total>0</total>
				<timestamp>3.171916</timestamp>
			</report>
			<report>
				<misses>400000</misses>
				<total>0</total>
				<timestamp>4.243468</timestamp>
			</report>
			<report>
				<misses>500000</misses>
				<total>0</total>
				<timestamp>5.296933</timestamp>
			</report>
			<report>
				<misses>600000</misses>
				<total>0</total>
				<timestamp>6.356195</timestamp>
			</report>
			<report>
				<misses>700000</misses>
				<total>0</total>
				<timestamp>7.399877</timestamp>
			</report>
			<report>
				<misses>800000</misses>
				<total>0</total>
				<timestamp>8.458464</timestamp>
			</report>
			<report>
				<misses>900000</misses>
				<total>0</total>
				<timestamp>9.521466</timestamp>
			</report>
			<report>
				<misses>1000000</misses>
				<total>0</total>
				<timestamp>10.581493</timestamp>
			</report>
			<report>
				<misses>1100000</misses>
				<total>0</total>
				<timestamp>11.624491</timestamp>
			</report>
			<report>
				<misses>1200000</misses>
				<total>0</total>
				<timestamp>12.688027</timestamp>
			</report>
			<report>
				<misses>1300000</misses>
				<total>0</total>
				<timestamp>13.786218</timestamp>
			</report>
			<report>
				<misses>1400000</misses>
				<total>0</total>
				<timestamp>14.834934</timestamp>
			</report>
			<report>
				<misses>1500000</misses>
				<total>0</total>
				<timestamp>15.890747</timestamp>
			</report>
			<report>
				<misses>1600000</misses>
				<total>0</total>
				<timestamp>16.976491</timestamp>
			</report>
			<report>
				<misses>1700000</misses>
				<total>0</total>
				<timestamp>18.055808</timestamp>
			</report>
			<report>
				<misses>1800000</misses>
				<total>0</total>
				<timestamp>19.130985</timestamp>
			</report>
			<report>
				<misses>1900000</misses>
				<total>0</total>
				<timestamp>20.192857</timestamp>
			</report>
			<report>
				<misses>2000000</misses>
				<total>0</total>
				<timestamp>21.258328</timestamp>
			</report>
			<report>
				<misses>2100000</misses>
				<total>0</total>
				<timestamp>22.310320</timestamp>
			</report>
			<report>
				<misses>2200000</misses>
				<total>0</total>
				<timestamp>23.395830</timestamp>
			</report>
			<report>
				<misses>2300000</misses>
				<total>0</total>
				<timestamp>24.461383</timestamp>
			</report>
			<report>
				<misses>2400000</misses>
				<total>0</total>
				<timestamp>25.541110</timestamp>
			</report>
			<report>
				<misses>2500000</misses>
				<total>0</total>
				<timestamp>26.596244</timestamp>
			</report>
			<report>
				<misses>2600000</misses>
				<total>0</total>
				<timestamp>27.642407</timestamp>
			</report>
			<report>
				<misses>2700000</misses>
				<total>0</total>
				<timestamp>28.698930</timestamp>
			</report>
			<report>
				<misses>2800000</misses>
				<total>0</total>
				<timestamp>29.750004</timestamp>
			</report>
			<report>
				<misses>2900000</misses>
				<total>0</total>
				<timestamp>30.833017</timestamp>
			</report>
			<report>
				<misses>3000000</misses>
				<total>0</total>
				<timestamp>31.886828</timestamp>
			</report>
			<report>
				<misses>3100000</misses>
				<total>0</total>
				<timestamp>32.952691</timestamp>
			</report>
			<report>
				<misses>3200000</misses>
				<total>0</total>
				<timestamp>34.022688</timestamp>
			</report>
			<report>
				<misses>3300000</misses>
				<total>0</total>
				<timestamp>35.094343</timestamp>
			</report>
			<report>
				<misses>3400000</misses>
				<total>0</total>
				<timestamp>36.149759</timestamp>
			</report>
			<report>
				<misses>3500000</misses>
				<total>0</total>
				<timestamp>37.203769</timestamp>
			</report>
			<report>
				<misses>3600000</misses>
				<total>0</total>
				<timestamp>38.265076</timestamp>
			</report>
			<report>
				<misses>3700000</misses>
				<total>0</total>
				<timestamp>39.350620</timestamp>
			</report>
			<report>
				<misses>3800000</misses>
				<total>0</total>
				<timestamp>40.393549</timestamp>
			</report>
			<report>
				<misses>3900000</misses>
				<total>0</total>
				<timestamp>41.449896</timestamp>
			</report>
			<report>
				<misses>4000000</misses>
				<total>0</total>
				<timestamp>42.510890</timestamp>
			</report>
			<report>
				<misses>4100000</misses>
				<total>0</total>
				<timestamp>43.572843</timestamp>
			</report>
			<report>
				<misses>4200000</misses>
				<total>0</total>
				<timestamp>44.658872</timestamp>
			</report>
			<report>
				<misses>4300000</misses>
				<total>0</total>
				<timestamp>45.746927</timestamp>
			</report>
			<report>
				<misses>4400000</misses>
				<total>0</total>
				<timestamp>46.797165</timestamp>
			</report>
			<report>
				<misses>4500000</misses>
				<total>0</total>
				<timestamp>47.849413</timestamp>
			</report>
			<report>
				<misses>4600000</misses>
				<total>0</total>
				<timestamp>48.917085</timestamp>
			</report>
			<report>
				<misses>4700000</misses>
				<total>0</total>
				<timestamp>49.955513</timestamp>
			</report>
			<report>
				<misses>4800000</misses>
				<total>0</total>
				<timestamp>51.019979</timestamp>
			</report>
			<report>
				<misses>4900000</misses>
				<total>0</total>
				<timestamp>52.070334</timestamp>
			</report>
			<report>
				<misses>5000000</misses>
				<total>0</total>
				<timestamp>53.149181</timestamp>
			</report>
			<report>
				<misses>5100000</misses>
				<total>0</total>
				<timestamp>54.221602</timestamp>
			</report>
			<report>
				<misses>5200000</misses>
				<total>0</total>
				<timestamp>55.279268</timestamp>
			</report>
			<report>
				<misses>5300000</misses>
				<total>0</total>
				<timestamp>56.334053</timestamp>
			</report>
			<report>
				<misses>5400000</misses>
				<total>0</total>
				<timestamp>57.392883</timestamp>
			</report>
			<report>
				<misses>5500000</misses>
				<total>0</total>
				<timestamp>58.462472</timestamp>
			</report>
			<report>
				<misses>5600000</misses>
				<total>0</total>
				<timestamp>59.545177</timestamp>
			</report>
			<report>
				<misses>5700000</misses>
				<total>0</total>
				<timestamp>60.602794</timestamp>
			</report>
			<report>
				<misses>5800000</misses>
				<total>0</total>
				<timestamp>61.676136</timestamp>
			</report>
			<report>
				<misses>5900000</misses>
				<total>0</total>
				<timestamp>62.748001</timestamp>
			</report>
			<report>
				<misses>6000000</misses>
				<total>0</total>
				<timestamp>63.820124</timestamp>
			</report>
			<report>
				<misses>6100000</misses>
				<total>0</total>
				<timestamp>64.878351</timestamp>
			</report>
			<report>
				<misses>6200000</misses>
				<total>0</total>
				<timestamp>65.934892</timestamp>
			</report>
			<report>
				<misses>6300000</misses>
				<total>0</total>
				<timestamp>67.011432</timestamp>
			</report>
			<report>
				<misses>6400000</misses>
				<total>0</total>
				<timestamp>68.116546</timestamp>
			</report>
			<report>
				<misses>6500000</misses>
				<total>0</total>
				<timestamp>69.172275</timestamp>
			</report>
			<report>
				<misses>6600000</misses>
				<total>0</total>
				<timestamp>70.208093</timestamp>
			</report>
			<report>
				<misses>6700000</misses>
				<total>0</total>
				<timestamp>71.275427</timestamp>
			</report>
			<report>
				<misses>6800000</misses>
				<total>0</total>
				<timestamp>72.319049</timestamp>
			</report>
			<report>
				<misses>6900000</misses>
				<total>0</total>
				<timestamp>73.365506</timestamp>
			</report>
			<report>
				<misses>7000000</misses>
				<total>0</total>
				<timestamp>74.412461</timestamp>
			</report>
			<report>
				<misses>7100000</misses>
				<total>0</total>
				<timestamp>75.458843</timestamp>
			</report>
			<report>
				<misses>7200000</misses>
				<total>0</total>
				<timestamp>76.524598</timestamp>
			</report>
			<report>
				<misses>7300000</misses>
				<total>0</total>
				<timestamp>77.585428</timestamp>
			</report>
			<report>
				<misses>7400000</misses>
				<total>0</total>
				<timestamp>78.630786</timestamp>
			</report>
			<report>
				<misses>7500000</misses>
				<total>0</total>
				<timestamp>79.688508</timestamp>
			</report>
			<report>
				<misses>7600000</misses>
				<total>0</total>
				<timestamp>80.772601</timestamp>
			</report>
			<report>
				<misses>7700000</misses>
				<total>0</total>
				<timestamp>81.825607</timestamp>
			</report>
			<report>
				<misses>7800000</misses>
				<total>0</total>
				<timestamp>82.877659</timestamp>
			</report>
			<report>
				<misses>7900000</misses>
				<total>0</total>
				<timestamp>83.951091</timestamp>
			</report>
			<report>
				<misses>8000000</misses>
				<total>0</total>
				<timestamp>85.001034</timestamp>
			</report>
			<report>
				<misses>8100000</misses>
				<total>0</total>
				<timestamp>86.063839</timestamp>
			</report>
			<report>
				<misses>8200000</misses>
				<total>0</total>
				<timestamp>87.136832</timestamp>
			</report>
			<report>
				<misses>8300000</misses>
				<total>0</total>
				<timestamp>88.196103</timestamp>
			</report>
			<report>
				<misses>8400000</misses>
				<total>0</total>
				<timestamp>89.239688</timestamp>
			</report>
			<report>
				<misses>8500000</misses>
				<total>0</total>
				<timestamp>90.307474</timestamp>
			</report>
			<report>
				<misses>8600000</misses>
				<total>0</total>
				<timestamp>91.362996</timestamp>
			</report>
			<report>
				<misses>8700000</misses>
				<total>0</total>
				<timestamp>92.407678</timestamp>
			</report>
			<report>
				<misses>8800000</misses>
				<total>0</total>
				<timestamp>93.509129</timestamp>
			</report>
			<report>
				<misses>8900000</misses>
				<total>0</total>
				<timestamp>94.560737</timestamp>
			</report>
			<report>
				<misses>9000000</misses>
				<total>0</total>
				<timestamp>95.641636</timestamp>
			</report>
			<report>
				<misses>9100000</misses>
				<total>0</total>
				<timestamp>96.710473</timestamp>
			</report>
			<report>
				<misses>9200000</misses>
				<total>0</total>
				<timestamp>97.759793</timestamp>
			</report>
			<report>
				<misses>9300000</misses>
				<total>0</total>
				<timestamp>98.798792</timestamp>
			</report>
			<report>
				<misses>9400000</misses>
				<total>0</total>
				<timestamp>99.841644</timestamp>
			</report>
			<report>
				<misses>9500000</misses>
				<total>0</total>
				<timestamp>100.882242</timestamp>
			</report>
			<report>
				<misses>9600000</misses>
				<total>0</total>
				<timestamp>101.928838</timestamp>
			</report>
			<report>
				<misses>9700000</misses>
				<total>0</total>
				<timestamp>102.966420</timestamp>
			</report>
			<report>
				<misses>9800000</misses>
				<total>0</total>
				<timestamp>104.033104</timestamp>
			</report>
			<report>
				<misses>9900000</misses>
				<total>0</total>
				<timestamp>105.101712</timestamp>
			</report>
			<report>
				<misses>10000000</misses>
				<total>0</total>
				<timestamp>106.177574</timestamp>
			</report>
			<report>
				<misses>10100000</misses>
				<total>0</total>
				<timestamp>107.276481</timestamp>
			</report>
			<report>
				<misses>10200000</misses>
				<total>0</total>
				<timestamp>108.346517</timestamp>
			</report>
			<report>
				<misses>10300000</misses>
				<total>0</total>
				<timestamp>109.408144</timestamp>
			</report>
			<report>
				<misses>10400000</misses>
				<total>0</total>
				<timestamp>110.504949</timestamp>
			</report>
			<report>
				<misses>10500000</misses>
				<total>0</total>
				<timestamp>111.570867</timestamp>
			</report>
			<report>
				<misses>10600000</misses>
				<total>0</total>
				<timestamp>112.651736</timestamp>
			</report>
			<report>
				<misses>10700000</misses>
				<total>0</total>
				<timestamp>113.702914</timestamp>
			</report>
			<report>
				<misses>10800000</misses>
				<total>0</total>
				<timestamp>114.766602</timestamp>
			</report>
			<report>
				<misses>10900000</misses>
				<total>0</total>
				<timestamp>115.816160</timestamp>
			</report>
			<report>
				<misses>11000000</misses>
				<total>0</total>
				<timestamp>116.856623</timestamp>
			</report>
			<report>
				<misses>11100000</misses>
				<total>0</total>
				<timestamp>117.899685</timestamp>
			</report>
			<report>
				<misses>11200000</misses>
				<total>0</total>
				<timestamp>118.956190</timestamp>
			</report>
			<report>
				<misses>11300000</misses>
				<total>0</total>
				<timestamp>119.999094</timestamp>
			</report>
			<report>
				<misses>11400000</misses>
				<total>0</total>
				<timestamp>121.056558</timestamp>
			</report>
			<report>
				<misses>11500000</misses>
				<total>0</total>
				<timestamp>122.155730</timestamp>
			</report>
			<report>
				<misses>11600000</misses>
				<total>0</total>
				<timestamp>123.208121</timestamp>
			</report>
			<report>
				<misses>11700000</misses>
				<total>0</total>
				<timestamp>124.275453</timestamp>
			</report>
			<report>
				<misses>11800000</misses>
				<total>0</total>
				<timestamp>125.340060</timestamp>
			</report>
			<report>
				<misses>11900000</misses>
				<total>0</total>
				<timestamp>126.389589</timestamp>
			</report>
			<report>
				<misses>12000000</misses>
				<total>0</total>
				<timestamp>127.492890</timestamp>
			</report>
			<report>
				<misses>12100000</misses>
				<total>0</total>
				<timestamp>128.536654</timestamp>
			</report>
			<report>
				<misses>12200000</misses>
				<total>0</total>
				<timestamp>129.604830</timestamp>
			</report>
			<report>
				<misses>12300000</misses>
				<total>0</total>
				<timestamp>130.676804</timestamp>
			</report>
			<report>
				<misses>12400000</misses>
				<total>0</total>
				<timestamp>131.736202</timestamp>
			</report>
			<report>
				<misses>12500000</misses>
				<total>0</total>
				<timestamp>132.791922</timestamp>
			</report>
			<report>
				<misses>12600000</misses>
				<total>0</total>
				<timestamp>133.878924</timestamp>
			</report>
			<report>
				<misses>12700000</misses>
				<total>0</total>
				<timestamp>134.945240</timestamp>
			</report>
			<report>
				<misses>12800000</misses>
				<total>0</total>
				<timestamp>135.986048</timestamp>
			</report>
			<report>
				<misses>12900000</misses>
				<total>0</total>
				<timestamp>137.034165</timestamp>
			</report>
			<report>
				<misses>13000000</misses>
				<total>0</total>
				<timestamp>138.087406</timestamp>
			</report>
			<report>
				<misses>13100000</misses>
				<total>0</total>
				<timestamp>139.128503</timestamp>
			</report>
			<report>
				<misses>13200000</misses>
				<total>0</total>
				<timestamp>140.182474</timestamp>
			</report>
			<report>
				<misses>13300000</misses>
				<total>0</total>
				<timestamp>141.252866</timestamp>
			</report>
			<report>
				<misses>13400000</misses>
				<total>0</total>
				<timestamp>142.300281</timestamp>
			</report>
			<report>
				<misses>13500000</misses>
				<total>0</total>
				<timestamp>143.356236</timestamp>
			</report>
			<report>
				<misses>13600000</misses>
				<total>0</total>
				<timestamp>144.403338</timestamp>
			</report>
			<report>
				<misses>13700000</misses>
				<total>0</total>
				<timestamp>145.484240</timestamp>
			</report>
			<report>
				<misses>13800000</misses>
				<total>0</total>
				<timestamp>146.552014</timestamp>
			</report>
			<report>
				<misses>13900000</misses>
				<total>0</total>
				<timestamp>147.623918</timestamp>
			</report>
			<report>
				<misses>14000000</misses>
				<total>0</total>
				<timestamp>148.699551</timestamp>
			</report>
			<report>
				<misses>14100000</misses>
				<total>0</total>
				<timestamp>149.795686</timestamp>
			</report>
			<report>
				<misses>14200000</misses>
				<total>0</total>
				<timestamp>150.886138</timestamp>
			</report>
			<report>
				<misses>14300000</misses>
				<total>0</total>
				<timestamp>151.961948</timestamp>
			</report>
			<report>
				<misses>14400000</misses>
				<total>0</total>
				<timestamp>153.018113</timestamp>
			</report>
			<report>
				<misses>14500000</misses>
				<total>0</total>
				<timestamp>154.095013</timestamp>
			</report>
			<report>
				<misses>14600000</misses>
				<total>0</total>
				<timestamp>155.157344</timestamp>
			</report>
			<report>
				<misses>14700000</misses>
				<total>0</total>
				<timestamp>156.230271</timestamp>
			</report>
			<report>
				<misses>14800000</misses>
				<total>0</total>
				<timestamp>157.323430</timestamp>
			</report>
			<report>
				<misses>14900000</misses>
				<total>0</total>
				<timestamp>158.396127</timestamp>
			</report>
			<report>
				<misses>15000000</misses>
				<total>0</total>
				<timestamp>159.472205</timestamp>
			</report>
			<report>
				<misses>15100000</misses>
				<total>0</total>
				<timestamp>160.535220</timestamp>
			</report>
			<report>
				<misses>15200000</misses>
				<total>0</total>
				<timestamp>161.580906</timestamp>
			</report>
			<report>
				<misses>15300000</misses>
				<total>0</total>
				<timestamp>162.648608</timestamp>
			</report>
			<report>
				<misses>15400000</misses>
				<total>0</total>
				<timestamp>163.692576</timestamp>
			</report>
			<report>
				<misses>15500000</misses>
				<total>0</total>
				<timestamp>164.730657</timestamp>
			</report>
			<report>
				<misses>15600000</misses>
				<total>0</total>
				<timestamp>165.779720</timestamp>
			</report>
			<report>
				<misses>15700000</misses>
				<total>0</total>
				<timestamp>166.834426</timestamp>
			</report>
			<report>
				<misses>15800000</misses>
				<total>0</total>
				<timestamp>167.890729</timestamp>
			</report>
			<report>
				<misses>15900000</misses>
				<total>0</total>
				<timestamp>168.959238</timestamp>
			</report>
			<report>
				<misses>16000000</misses>
				<total>0</total>
				<timestamp>170.032835</timestamp>
			</report>
			<report>
				<misses>16100000</misses>
				<total>0</total>
				<timestamp>171.102334</timestamp>
			</report>
			<report>
				<misses>16200000</misses>
				<total>0</total>
				<timestamp>172.160551</timestamp>
			</report>
			<report>
				<misses>16300000</misses>
				<total>0</total>
				<timestamp>173.234938</timestamp>
			</report>
			<report>
				<misses>16400000</misses>
				<total>0</total>
				<timestamp>174.280066</timestamp>
			</report>
			<report>
				<misses>16500000</misses>
				<total>0</total>
				<timestamp>175.365929</timestamp>
			</report>
			<report>
				<misses>16600000</misses>
				<total>0</total>
				<timestamp>176.418462</timestamp>
			</report>
			<report>
				<misses>16700000</misses>
				<total>0</total>
				<timestamp>177.488074</timestamp>
			</report>
			<report>
				<misses>16800000</misses>
				<total>0</total>
				<timestamp>178.535935</timestamp>
			</report>
			<report>
				<misses>16900000</misses>
				<total>0</total>
				<timestamp>179.571202</timestamp>
			</report>
			<report>
				<misses>17000000</misses>
				<total>0</total>
				<timestamp>180.639387</timestamp>
			</report>
			<report>
				<misses>17100000</misses>
				<total>0</total>
				<timestamp>181.681688</timestamp>
			</report>
			<report>
				<misses>17200000</misses>
				<total>0</total>
				<timestamp>182.734968</timestamp>
			</report>
			<report>
				<misses>17300000</misses>
				<total>0</total>
				<timestamp>183.776357</timestamp>
			</report>
			<report>
				<misses>17400000</misses>
				<total>0</total>
				<timestamp>184.824012</timestamp>
			</report>
			<report>
				<misses>17500000</misses>
				<total>0</total>
				<timestamp>185.900765</timestamp>
			</report>
			<report>
				<misses>17600000</misses>
				<total>0</total>
				<timestamp>186.973535</timestamp>
			</report>
			<report>
				<misses>17700000</misses>
				<total>0</total>
				<timestamp>188.054360</timestamp>
			</report>
			<report>
				<misses>17800000</misses>
				<total>0</total>
				<timestamp>189.117824</timestamp>
			</report>
			<report>
				<misses>17900000</misses>
				<total>0</total>
				<timestamp>190.178084</timestamp>
			</report>
			<report>
				<misses>18000000</misses>
				<total>0</total>
				<timestamp>191.224508</timestamp>
			</report>
			<report>
				<misses>18100000</misses>
				<total>0</total>
				<timestamp>192.283837</timestamp>
			</report>
			<report>
				<misses>18200000</misses>
				<total>0</total>
				<timestamp>193.345811</timestamp>
			</report>
			<report>
				<misses>18300000</misses>
				<total>0</total>
				<timestamp>194.407091</timestamp>
			</report>
			<report>
				<misses>18400000</misses>
				<total>0</total>
				<timestamp>195.479027</timestamp>
			</report>
			<report>
				<misses>18500000</misses>
				<total>0</total>
				<timestamp>196.534030</timestamp>
			</report>
			<report>
				<misses>18600000</misses>
				<total>0</total>
				<timestamp>197.608996</timestamp>
			</report>
			<report>
				<misses>18700000</misses>
				<total>0</total>
				<timestamp>198.664091</timestamp>
			</report>
			<report>
				<misses>18800000</misses>
				<total>0</total>
				<timestamp>199.721867</timestamp>
			</report>
			<report>
				<misses>18900000</misses>
				<total>0</total>
				<timestamp>200.764363</timestamp>
			</report>
			<report>
				<misses>19000000</misses>
				<total>0</total>
				<timestamp>201.802571</timestamp>
			</report>
			<report>
				<misses>19100000</misses>
				<total>0</total>
				<timestamp>202.854062</timestamp>
			</report>
			<report>
				<misses>19200000</misses>
				<total>0</total>
				<timestamp>203.893806</timestamp>
			</report>
			<report>
				<misses>19300000</misses>
				<total>0</total>
				<timestamp>204.941618</timestamp>
			</report>
			<report>
				<misses>19400000</misses>
				<total>0</total>
				<timestamp>205.985217</timestamp>
			</report>
			<report>
				<misses>19500000</misses>
				<total>0</total>
				<timestamp>207.061345</timestamp>
			</report>
			<report>
				<misses>19600000</misses>
				<total>0</total>
				<timestamp>208.118016</timestamp>
			</report>
			<report>
				<misses>19700000</misses>
				<total>0</total>
				<timestamp>209.177255</timestamp>
			</report>
			<report>
				<misses>19800000</misses>
				<total>0</total>
				<timestamp>210.250525</timestamp>
			</report>
			<report>
				<misses>19900000</misses>
				<total>0</total>
				<timestamp>211.301225</timestamp>
			</report>
			<report>
				<misses>20000000</misses>
				<total>0</total>
				<timestamp>212.375367</timestamp>
			</report>
			<report>
				<misses>20100000</misses>
				<total>0</total>
				<timestamp>213.458954</timestamp>
			</report>
			<report>
				<misses>20200000</misses>
				<total>0</total>
				<timestamp>214.523903</timestamp>
			</report>
			<report>
				<misses>20300000</misses>
				<total>0</total>
				<timestamp>215.608335</timestamp>
			</report>
			<report>
				<misses>20400000</misses>
				<total>0</total>
				<timestamp>216.672347</timestamp>
			</report>
			<report>
				<misses>20500000</misses>
				<total>0</total>
				<timestamp>217.731356</timestamp>
			</report>
			<report>
				<misses>20600000</misses>
				<total>0</total>
				<timestamp>218.785817</timestamp>
			</report>
			<report>
				<misses>20700000</misses>
				<total>0</total>
				<timestamp>219.830721</timestamp>
			</report>
			<report>
				<misses>20800000</misses>
				<total>0</total>
				<timestamp>220.890870</timestamp>
			</report>
			<report>
				<misses>20900000</misses>
				<total>0</total>
				<timestamp>221.945140</timestamp>
			</report>
			<report>
				<misses>21000000</misses>
				<total>0</total>
				<timestamp>223.000665</timestamp>
			</report>
			<report>
				<misses>21100000</misses>
				<total>0</total>
				<timestamp>224.042677</timestamp>
			</report>
			<report>
				<misses>21200000</misses>
				<total>0</total>
				<timestamp>225.089978</timestamp>
			</report>
			<report>
				<misses>21300000</misses>
				<total>0</total>
				<timestamp>226.143009</timestamp>
			</report>
			<report>
				<misses>21400000</misses>
				<total>0</total>
				<timestamp>227.208899</timestamp>
			</report>
			<report>
				<misses>21500000</misses>
				<total>0</total>
				<timestamp>228.289550</timestamp>
			</report>
			<report>
				<misses>21600000</misses>
				<total>0</total>
				<timestamp>229.356191</timestamp>
			</report>
			<report>
				<misses>21700000</misses>
				<total>0</total>
				<timestamp>230.408727</timestamp>
			</report>
			<report>
				<misses>21800000</misses>
				<total>0</total>
				<timestamp>231.465007</timestamp>
			</report>
			<report>
				<misses>21900000</misses>
				<total>0</total>
				<timestamp>232.539160</timestamp>
			</report>
			<report>
				<misses>22000000</misses>
				<total>0</total>
				<timestamp>233.610422</timestamp>
			</report>
			<report>
				<misses>22100000</misses>
				<total>0</total>
				<timestamp>234.696533</timestamp>
			</report>
			<report>
				<misses>22200000</misses>
				<total>0</total>
				<timestamp>235.773419</timestamp>
			</report>
			<report>
				<misses>22300000</misses>
				<total>0</total>
				<timestamp>236.818757</timestamp>
			</report>
			<report>
				<misses>22400000</misses>
				<total>0</total>
				<timestamp>237.865230</timestamp>
			</report>
			<report>
				<misses>22500000</misses>
				<total>0</total>
				<timestamp>238.893744</timestamp>
			</report>
			<report>
				<misses>22600000</misses>
				<total>0</total>
				<timestamp>239.964211</timestamp>
			</report>
			<report>
				<misses>22700000</misses>
				<total>0</total>
				<timestamp>241.016240</timestamp>
			</report>
			<report>
				<misses>22800000</misses>
				<total>0</total>
				<timestamp>242.061835</timestamp>
			</report>
			<report>
				<misses>22900000</misses>
				<total>0</total>
				<timestamp>243.129575</timestamp>
			</report>
			<report>
				<misses>23000000</misses>
				<total>0</total>
				<timestamp>244.199703</timestamp>
			</report>
			<report>
				<misses>23100000</misses>
				<total>0</total>
				<timestamp>245.281886</timestamp>
			</report>
			<report>
				<misses>23200000</misses>
				<total>0</total>
				<timestamp>246.335134</timestamp>
			</report>
			<report>
				<misses>23300000</misses>
				<total>0</total>
				<timestamp>247.409343</timestamp>
			</report>
			<report>
				<misses>23400000</misses>
				<total>0</total>
				<timestamp>248.479624</timestamp>
			</report>
			<report>
				<misses>23500000</misses>
				<total>0</total>
				<timestamp>249.560366</timestamp>
			</report>
			<report>
				<misses>23600000</misses>
				<total>0</total>
				<timestamp>250.597050</timestamp>
			</report>
			<report>
				<misses>23700000</misses>
				<total>0</total>
				<timestamp>251.665732</timestamp>
			</report>
			<report>
				<misses>23800000</misses>
				<total>0</total>
				<timestamp>252.701625</timestamp>
			</report>
			<report>
				<misses>23900000</misses>
				<total>0</total>
				<timestamp>253.745505</timestamp>
			</report>
			<report>
				<misses>24000000</misses>
				<total>0</total>
				<timestamp>254.788936</timestamp>
			</report>
			<report>
				<misses>24100000</misses>
				<total>0</total>
				<timestamp>255.845113</timestamp>
			</report>
			<report>
				<misses>24200000</misses>
				<total>0</total>
				<timestamp>256.911647</timestamp>
			</report>
			<report>
				<misses>24300000</misses>
				<total>0</total>
				<timestamp>257.959812</timestamp>
			</report>
			<report>
				<misses>24400000</misses>
				<total>0</total>
				<timestamp>259.012821</timestamp>
			</report>
			<report>
				<misses>24500000</misses>
				<total>0</total>
				<timestamp>260.081151</timestamp>
			</report>
			<report>
				<misses>24600000</misses>
				<total>0</total>
				<timestamp>261.151540</timestamp>
			</report>
			<report>
				<misses>24700000</misses>
				<total>0</total>
				<timestamp>262.227369</timestamp>
			</report>
			<report>
				<misses>24800000</misses>
				<total>0</total>
				<timestamp>263.283236</timestamp>
			</report>
			<report>
				<misses>24900000</misses>
				<total>0</total>
				<timestamp>264.361114</timestamp>
			</report>
			<report>
				<misses>25000000</misses>
				<total>0</total>
				<timestamp>265.430483</timestamp>
			</report>
			<report>
				<misses>25100000</misses>
				<total>0</total>
				<timestamp>266.506025</timestamp>
			</report>
			<report>
				<misses>25200000</misses>
				<total>0</total>
				<timestamp>267.596015</timestamp>
			</report>
			<report>
				<misses>25300000</misses>
				<total>0</total>
				<timestamp>268.644261</timestamp>
			</report>
			<report>
				<misses>25400000</misses>
				<total>0</total>
				<timestamp>269.707321</timestamp>
			</report>
			<report>
				<misses>25500000</misses>
				<total>0</total>
				<timestamp>270.746108</timestamp>
			</report>
			<report>
				<misses>25600000</misses>
				<total>0</total>
				<timestamp>271.796578</timestamp>
			</report>
			<report>
				<misses>25700000</misses>
				<total>0</total>
				<timestamp>272.840892</timestamp>
			</report>
			<report>
				<misses>25800000</misses>
				<total>0</total>
				<timestamp>273.888447</timestamp>
			</report>
			<report>
				<misses>25900000</misses>
				<total>0</total>
				<timestamp>274.928445</timestamp>
			</report>
			<report>
				<misses>26000000</misses>
				<total>0</total>
				<timestamp>275.995739</timestamp>
			</report>
			<report>
				<misses>26100000</misses>
				<total>0</total>
				<timestamp>277.053627</timestamp>
			</report>
			<report>
				<misses>26200000</misses>
				<total>0</total>
				<timestamp>278.104715</timestamp>
			</report>
			<report>
				<misses>26300000</misses>
				<total>0</total>
				<timestamp>279.163613</timestamp>
			</report>
			<report>
				<misses>26400000</misses>
				<total>0</total>
				<timestamp>280.241844</timestamp>
			</report>
			<report>
				<misses>26500000</misses>
				<total>0</total>
				<timestamp>281.310661</timestamp>
			</report>
			<report>
				<misses>26600000</misses>
				<total>0</total>
				<timestamp>282.401602</timestamp>
			</report>
			<report>
				<misses>26700000</misses>
				<total>0</total>
				<timestamp>283.501480</timestamp>
			</report>
			<report>
				<misses>26800000</misses>
				<total>0</total>
				<timestamp>284.556129</timestamp>
			</report>
			<report>
				<misses>26900000</misses>
				<total>0</total>
				<timestamp>285.610344</timestamp>
			</report>
			<report>
				<misses>27000000</misses>
				<total>0</total>
				<timestamp>286.654327</timestamp>
			</report>
			<report>
				<misses>27100000</misses>
				<total>0</total>
				<timestamp>287.685361</timestamp>
			</report>
			<report>
				<misses>27200000</misses>
				<total>0</total>
				<timestamp>288.754317</timestamp>
			</report>
			<report>
				<misses>27300000</misses>
				<total>0</total>
				<timestamp>289.822209</timestamp>
			</report>
			<report>
				<misses>27400000</misses>
				<total>0</total>
				<timestamp>290.861956</timestamp>
			</report>
			<report>
				<misses>27500000</misses>
				<total>0</total>
				<timestamp>291.973852</timestamp>
			</report>
			<report>
				<misses>27600000</misses>
				<total>0</total>
				<timestamp>293.050341</timestamp>
			</report>
			<report>
				<misses>27700000</misses>
				<total>0</total>
				<timestamp>294.126277</timestamp>
			</report>
			<report>
				<misses>27800000</misses>
				<total>0</total>
				<timestamp>295.191228</timestamp>
			</report>
			<report>
				<misses>27900000</misses>
				<total>0</total>
				<timestamp>296.244088</timestamp>
			</report>
			<report>
				<misses>28000000</misses>
				<total>0</total>
				<timestamp>297.319466</timestamp>
			</report>
			<report>
				<misses>28100000</misses>
				<total>0</total>
				<timestamp>298.370394</timestamp>
			</report>
			<report>
				<misses>28200000</misses>
				<total>0</total>
				<timestamp>299.451511</timestamp>
			</report>
			<report>
				<misses>28300000</misses>
				<total>0</total>
				<timestamp>300.510296</timestamp>
			</report>
			<report>
				<misses>28400000</misses>
				<total>0</total>
				<timestamp>301.587421</timestamp>
			</report>
			<report>
				<misses>28500000</misses>
				<total>0</total>
				<timestamp>302.654778</timestamp>
			</report>
			<report>
				<misses>28600000</misses>
				<total>0</total>
				<timestamp>303.728730</timestamp>
			</report>
			<report>
				<misses>28700000</misses>
				<total>0</total>
				<timestamp>304.799379</timestamp>
			</report>
			<report>
				<misses>28800000</misses>
				<total>0</total>
				<timestamp>305.858052</timestamp>
			</report>
			<report>
				<misses>28900000</misses>
				<total>0</total>
				<timestamp>306.923343</timestamp>
			</report>
			<report>
				<misses>29000000</misses>
				<total>0</total>
				<timestamp>307.967539</timestamp>
			</report>
			<report>
				<misses>29100000</misses>
				<total>0</total>
				<timestamp>309.027082</timestamp>
			</report>
			<report>
				<misses>29200000</misses>
				<total>0</total>
				<timestamp>310.086264</timestamp>
			</report>
			<report>
				<misses>29300000</misses>
				<total>0</total>
				<timestamp>311.131272</timestamp>
			</report>
			<report>
				<misses>29400000</misses>
				<total>0</total>
				<timestamp>312.165900</timestamp>
			</report>
			<report>
				<misses>29500000</misses>
				<total>0</total>
				<timestamp>313.216960</timestamp>
			</report>
			<report>
				<misses>29600000</misses>
				<total>0</total>
				<timestamp>314.281670</timestamp>
			</report>
			<report>
				<misses>29700000</misses>
				<total>0</total>
				<timestamp>315.335236</timestamp>
			</report>
			<report>
				<misses>29800000</misses>
				<total>0</total>
				<timestamp>316.377282</timestamp>
			</report>
			<report>
				<misses>29900000</misses>
				<total>0</total>
				<timestamp>317.437690</timestamp>
			</report>
			<report>
				<misses>30000000</misses>
				<total>0</total>
				<timestamp>318.500313</timestamp>
			</report>
			<report>
				<misses>30100000</misses>
				<total>0</total>
				<timestamp>319.577410</timestamp>
			</report>
			<report>
				<misses>30200000</misses>
				<total>0</total>
				<timestamp>320.628313</timestamp>
			</report>
			<report>
				<misses>30300000</misses>
				<total>0</total>
				<timestamp>321.712029</timestamp>
			</report>
			<report>
				<misses>30400000</misses>
				<total>0</total>
				<timestamp>322.795491</timestamp>
			</report>
			<report>
				<misses>30500000</misses>
				<total>0</total>
				<timestamp>323.845646</timestamp>
			</report>
			<report>
				<misses>30600000</misses>
				<total>0</total>
				<timestamp>324.886069</timestamp>
			</report>
			<report>
				<misses>30700000</misses>
				<total>0</total>
				<timestamp>325.928246</timestamp>
			</report>
			<report>
				<misses>30800000</misses>
				<total>0</total>
				<timestamp>326.980934</timestamp>
			</report>
			<report>
				<misses>30900000</misses>
				<total>0</total>
				<timestamp>328.022325</timestamp>
			</report>
			<report>
				<misses>31000000</misses>
				<total>0</total>
				<timestamp>329.081689</timestamp>
			</report>
			<report>
				<misses>31100000</misses>
				<total>0</total>
				<timestamp>330.129932</timestamp>
			</report>
			<report>
				<misses>31200000</misses>
				<total>0</total>
				<timestamp>331.182010</timestamp>
			</report>
			<report>
				<misses>31300000</misses>
				<total>0</total>
				<timestamp>332.268199</timestamp>
			</report>
			<report>
				<misses>31400000</misses>
				<total>0</total>
				<timestamp>333.310269</timestamp>
			</report>
			<report>
				<misses>31500000</misses>
				<total>0</total>
				<timestamp>334.365884</timestamp>
			</report>
			<report>
				<misses>31600000</misses>
				<total>0</total>
				<timestamp>335.405463</timestamp>
			</report>
			<report>
				<misses>31700000</misses>
				<total>0</total>
				<timestamp>336.456613</timestamp>
			</report>
			<report>
				<misses>31800000</misses>
				<total>0</total>
				<timestamp>337.522306</timestamp>
			</report>
			<report>
				<misses>31900000</misses>
				<total>0</total>
				<timestamp>338.581892</timestamp>
			</report>
			<report>
				<misses>32000000</misses>
				<total>0</total>
				<timestamp>339.659233</timestamp>
			</report>
			<report>
				<misses>32100000</misses>
				<total>0</total>
				<timestamp>340.703856</timestamp>
			</report>
			<report>
				<misses>32200000</misses>
				<total>0</total>
				<timestamp>341.755935</timestamp>
			</report>
			<report>
				<misses>32300000</misses>
				<total>0</total>
				<timestamp>342.814163</timestamp>
			</report>
			<report>
				<misses>32400000</misses>
				<total>0</total>
				<timestamp>343.868745</timestamp>
			</report>
			<report>
				<misses>32500000</misses>
				<total>0</total>
				<timestamp>344.930424</timestamp>
			</report>
			<report>
				<misses>32600000</misses>
				<total>0</total>
				<timestamp>345.972527</timestamp>
			</report>
			<report>
				<misses>32700000</misses>
				<total>0</total>
				<timestamp>347.026989</timestamp>
			</report>
			<report>
				<misses>32800000</misses>
				<total>0</total>
				<timestamp>348.084727</timestamp>
			</report>
			<report>
				<misses>32900000</misses>
				<total>0</total>
				<timestamp>349.149840</timestamp>
			</report>
			<report>
				<misses>33000000</misses>
				<total>0</total>
				<timestamp>350.205333</timestamp>
			</report>
			<report>
				<misses>33100000</misses>
				<total>0</total>
				<timestamp>351.274485</timestamp>
			</report>
			<report>
				<misses>33200000</misses>
				<total>0</total>
				<timestamp>352.340231</timestamp>
			</report>
			<report>
				<misses>33300000</misses>
				<total>0</total>
				<timestamp>353.412685</timestamp>
			</report>
			<report>
				<misses>33400000</misses>
				<total>0</total>
				<timestamp>354.472518</timestamp>
			</report>
			<report>
				<misses>33500000</misses>
				<total>0</total>
				<timestamp>355.549041</timestamp>
			</report>
			<report>
				<misses>33600000</misses>
				<total>0</total>
				<timestamp>356.609768</timestamp>
			</report>
			<report>
				<misses>33700000</misses>
				<total>0</total>
				<timestamp>357.686241</timestamp>
			</report>
			<report>
				<misses>33800000</misses>
				<total>0</total>
				<timestamp>358.767581</timestamp>
			</report>
			<report>
				<misses>33900000</misses>
				<total>0</total>
				<timestamp>359.830257</timestamp>
			</report>
			<report>
				<misses>34000000</misses>
				<total>0</total>
				<timestamp>360.920477</timestamp>
			</report>
			<report>
				<misses>34100000</misses>
				<total>0</total>
				<timestamp>361.959583</timestamp>
			</report>
			<report>
				<misses>34200000</misses>
				<total>0</total>
				<timestamp>363.003662</timestamp>
			</report>
			<report>
				<misses>34300000</misses>
				<total>0</total>
				<timestamp>364.045650</timestamp>
			</report>
			<report>
				<misses>34400000</misses>
				<total>0</total>
				<timestamp>365.095554</timestamp>
			</report>
			<report>
				<misses>34500000</misses>
				<total>0</total>
				<timestamp>366.134591</timestamp>
			</report>
			<report>
				<misses>34600000</misses>
				<total>0</total>
				<timestamp>367.177515</timestamp>
			</report>
			<report>
				<misses>34700000</misses>
				<total>0</total>
				<timestamp>368.221734</timestamp>
			</report>
			<report>
				<misses>34800000</misses>
				<total>0</total>
				<timestamp>369.287366</timestamp>
			</report>
			<report>
				<misses>34900000</misses>
				<total>0</total>
				<timestamp>370.347802</timestamp>
			</report>
			<report>
				<misses>35000000</misses>
				<total>0</total>
				<timestamp>371.421575</timestamp>
			</report>
			<report>
				<misses>35100000</misses>
				<total>0</total>
				<timestamp>372.464654</timestamp>
			</report>
			<report>
				<misses>35200000</misses>
				<total>0</total>
				<timestamp>373.524155</timestamp>
			</report>
			<report>
				<misses>35300000</misses>
				<total>0</total>
				<timestamp>374.606162</timestamp>
			</report>
			<report>
				<misses>35400000</misses>
				<total>0</total>
				<timestamp>375.666794</timestamp>
			</report>
			<report>
				<misses>35500000</misses>
				<total>0</total>
				<timestamp>376.739137</timestamp>
			</report>
			<report>
				<misses>35600000</misses>
				<total>0</total>
				<timestamp>377.802587</timestamp>
			</report>
			<report>
				<misses>35700000</misses>
				<total>0</total>
				<timestamp>378.876287</timestamp>
			</report>
			<report>
				<misses>35800000</misses>
				<total>0</total>
				<timestamp>379.955551</timestamp>
			</report>
			<report>
				<misses>35900000</misses>
				<total>0</total>
				<timestamp>381.028126</timestamp>
			</report>
			<report>
				<misses>36000000</misses>
				<total>0</total>
				<timestamp>382.111322</timestamp>
			</report>
			<report>
				<misses>36100000</misses>
				<total>0</total>
				<timestamp>383.211202</timestamp>
			</report>
			<report>
				<misses>36200000</misses>
				<total>0</total>
				<timestamp>384.269516</timestamp>
			</report>
			<report>
				<misses>36300000</misses>
				<total>0</total>
				<timestamp>385.323334</timestamp>
			</report>
			<report>
				<misses>36400000</misses>
				<total>0</total>
				<timestamp>386.386228</timestamp>
			</report>
			<report>
				<misses>36500000</misses>
				<total>0</total>
				<timestamp>387.448369</timestamp>
			</report>
			<report>
				<misses>36600000</misses>
				<total>0</total>
				<timestamp>388.484794</timestamp>
			</report>
			<report>
				<misses>36700000</misses>
				<total>0</total>
				<timestamp>389.537730</timestamp>
			</report>
			<report>
				<misses>36800000</misses>
				<total>0</total>
				<timestamp>390.589927</timestamp>
			</report>
			<report>
				<misses>36900000</misses>
				<total>0</total>
				<timestamp>391.632113</timestamp>
			</report>
			<report>
				<misses>37000000</misses>
				<total>0</total>
				<timestamp>392.704198</timestamp>
			</report>
			<report>
				<misses>37100000</misses>
				<total>0</total>
				<timestamp>393.771933</timestamp>
			</report>
			<report>
				<misses>37200000</misses>
				<total>0</total>
				<timestamp>394.825091</timestamp>
			</report>
			<report>
				<misses>37300000</misses>
				<total>0</total>
				<timestamp>395.879006</timestamp>
			</report>
			<report>
				<misses>37400000</misses>
				<total>0</total>
				<timestamp>396.944552</timestamp>
			</report>
			<report>
				<misses>37500000</misses>
				<total>0</total>
				<timestamp>397.993081</timestamp>
			</report>
			<report>
				<misses>37600000</misses>
				<total>0</total>
				<timestamp>399.056386</timestamp>
			</report>
			<report>
				<misses>37700000</misses>
				<total>0</total>
				<timestamp>400.118034</timestamp>
			</report>
			<report>
				<misses>37800000</misses>
				<total>0</total>
				<timestamp>401.176787</timestamp>
			</report>
			<report>
				<misses>37900000</misses>
				<total>0</total>
				<timestamp>402.254745</timestamp>
			</report>
			<report>
				<misses>38000000</misses>
				<total>0</total>
				<timestamp>403.295755</timestamp>
			</report>
			<report>
				<misses>38100000</misses>
				<total>0</total>
				<timestamp>404.351572</timestamp>
			</report>
			<report>
				<misses>38200000</misses>
				<total>0</total>
				<timestamp>405.389899</timestamp>
			</report>
			<report>
				<misses>38300000</misses>
				<total>0</total>
				<timestamp>406.465610</timestamp>
			</report>
			<report>
				<misses>38400000</misses>
				<total>0</total>
				<timestamp>407.507547</timestamp>
			</report>
			<report>
				<misses>38500000</misses>
				<total>0</total>
				<timestamp>408.562581</timestamp>
			</report>
			<report>
				<misses>38600000</misses>
				<total>0</total>
				<timestamp>409.623766</timestamp>
			</report>
			<report>
				<misses>38700000</misses>
				<total>0</total>
				<timestamp>410.655948</timestamp>
			</report>
			<report>
				<misses>38800000</misses>
				<total>0</total>
				<timestamp>411.723244</timestamp>
			</report>
			<report>
				<misses>38900000</misses>
				<total>0</total>
				<timestamp>412.820407</timestamp>
			</report>
			<report>
				<misses>39000000</misses>
				<total>0</total>
				<timestamp>413.905907</timestamp>
			</report>
			<report>
				<misses>39100000</misses>
				<total>0</total>
				<timestamp>414.980240</timestamp>
			</report>
			<report>
				<misses>39200000</misses>
				<total>0</total>
				<timestamp>416.053951</timestamp>
			</report>
			<report>
				<misses>39300000</misses>
				<total>0</total>
				<timestamp>417.108252</timestamp>
			</report>
			<report>
				<misses>39400000</misses>
				<total>0</total>
				<timestamp>418.159429</timestamp>
			</report>
			<report>
				<misses>39500000</misses>
				<total>0</total>
				<timestamp>419.227673</timestamp>
			</report>
			<report>
				<misses>39600000</misses>
				<total>0</total>
				<timestamp>420.279617</timestamp>
			</report>
			<report>
				<misses>39700000</misses>
				<total>0</total>
				<timestamp>421.351613</timestamp>
			</report>
			<report>
				<misses>39800000</misses>
				<total>0</total>
				<timestamp>422.392430</timestamp>
			</report>
			<report>
				<misses>39900000</misses>
				<total>0</total>
				<timestamp>423.444725</timestamp>
			</report>
			<report>
				<misses>40000000</misses>
				<total>0</total>
				<timestamp>424.513407</timestamp>
			</report>
			<report>
				<misses>40100000</misses>
				<total>0</total>
				<timestamp>425.576838</timestamp>
			</report>
			<report>
				<misses>40200000</misses>
				<total>0</total>
				<timestamp>426.664760</timestamp>
			</report>
			<report>
				<misses>40300000</misses>
				<total>0</total>
				<timestamp>427.739944</timestamp>
			</report>
			<report>
				<misses>40400000</misses>
				<total>0</total>
				<timestamp>428.798867</timestamp>
			</report>
			<report>
				<misses>40500000</misses>
				<total>0</total>
				<timestamp>429.868790</timestamp>
			</report>
			<report>
				<misses>40600000</misses>
				<total>0</total>
				<timestamp>430.916955</timestamp>
			</report>
			<report>
				<misses>40700000</misses>
				<total>0</total>
				<timestamp>432.006435</timestamp>
			</report>
			<report>
				<misses>40800000</misses>
				<total>0</total>
				<timestamp>433.067547</timestamp>
			</report>
			<report>
				<misses>40900000</misses>
				<total>0</total>
				<timestamp>434.115030</timestamp>
			</report>
			<report>
				<misses>41000000</misses>
				<total>0</total>
				<timestamp>435.165329</timestamp>
			</report>
			<report>
				<misses>41100000</misses>
				<total>0</total>
				<timestamp>436.207531</timestamp>
			</report>
			<report>
				<misses>41200000</misses>
				<total>0</total>
				<timestamp>437.262201</timestamp>
			</report>
			<report>
				<misses>41300000</misses>
				<total>0</total>
				<timestamp>438.304031</timestamp>
			</report>
			<report>
				<misses>41400000</misses>
				<total>0</total>
				<timestamp>439.372863</timestamp>
			</report>
			<report>
				<misses>41500000</misses>
				<total>0</total>
				<timestamp>440.442114</timestamp>
			</report>
			<report>
				<misses>41600000</misses>
				<total>0</total>
				<timestamp>441.552829</timestamp>
			</report>
			<report>
				<misses>41700000</misses>
				<total>0</total>
				<timestamp>442.593154</timestamp>
			</report>
			<report>
				<misses>41800000</misses>
				<total>0</total>
				<timestamp>443.679415</timestamp>
			</report>
			<report>
				<misses>41900000</misses>
				<total>0</total>
				<timestamp>444.737623</timestamp>
			</report>
			<report>
				<misses>42000000</misses>
				<total>0</total>
				<timestamp>445.794941</timestamp>
			</report>
			<report>
				<misses>42100000</misses>
				<total>0</total>
				<timestamp>446.878207</timestamp>
			</report>
			<report>
				<misses>42200000</misses>
				<total>0</total>
				<timestamp>447.922296</timestamp>
			</report>
			<report>
				<misses>42300000</misses>
				<total>0</total>
				<timestamp>448.985910</timestamp>
			</report>
			<report>
				<misses>42400000</misses>
				<total>0</total>
				<timestamp>450.047228</timestamp>
			</report>
			<report>
				<misses>42500000</misses>
				<total>0</total>
				<timestamp>451.110355</timestamp>
			</report>
			<report>
				<misses>42600000</misses>
				<total>0</total>
				<timestamp>452.161627</timestamp>
			</report>
			<report>
				<misses>42700000</misses>
				<total>0</total>
				<timestamp>453.239792</timestamp>
			</report>
			<report>
				<misses>42800000</misses>
				<total>0</total>
				<timestamp>454.290331</timestamp>
			</report>
			<report>
				<misses>42900000</misses>
				<total>0</total>
				<timestamp>455.363669</timestamp>
			</report>
			<report>
				<misses>43000000</misses>
				<total>0</total>
				<timestamp>456.426864</timestamp>
			</report>
			<report>
				<misses>43100000</misses>
				<total>0</total>
				<timestamp>457.487904</timestamp>
			</report>
			<report>
				<misses>43200000</misses>
				<total>0</total>
				<timestamp>458.574141</timestamp>
			</report>
			<report>
				<misses>43300000</misses>
				<total>0</total>
				<timestamp>459.631669</timestamp>
			</report>
			<report>
				<misses>43400000</misses>
				<total>0</total>
				<timestamp>460.679084</timestamp>
			</report>
			<report>
				<misses>43500000</misses>
				<total>0</total>
				<timestamp>461.747970</timestamp>
			</report>
			<report>
				<misses>43600000</misses>
				<total>0</total>
				<timestamp>462.804174</timestamp>
			</report>
			<report>
				<misses>43700000</misses>
				<total>0</total>
				<timestamp>463.870815</timestamp>
			</report>
			<report>
				<misses>43800000</misses>
				<total>0</total>
				<timestamp>464.940071</timestamp>
			</report>
			<report>
				<misses>43900000</misses>
				<total>0</total>
				<timestamp>465.982569</timestamp>
			</report>
			<report>
				<misses>44000000</misses>
				<total>0</total>
				<timestamp>467.026358</timestamp>
			</report>
			<report>
				<misses>44100000</misses>
				<total>0</total>
				<timestamp>468.067905</timestamp>
			</report>
			<report>
				<misses>44200000</misses>
				<total>0</total>
				<timestamp>469.119045</timestamp>
			</report>
			<report>
				<misses>44300000</misses>
				<total>0</total>
				<timestamp>470.161438</timestamp>
			</report>
			<report>
				<misses>44400000</misses>
				<total>0</total>
				<timestamp>471.206722</timestamp>
			</report>
			<report>
				<misses>44500000</misses>
				<total>0</total>
				<timestamp>472.269092</timestamp>
			</report>
			<report>
				<misses>44600000</misses>
				<total>0</total>
				<timestamp>473.335820</timestamp>
			</report>
			<report>
				<misses>44700000</misses>
				<total>0</total>
				<timestamp>474.388526</timestamp>
			</report>
			<report>
				<misses>44800000</misses>
				<total>0</total>
				<timestamp>475.450665</timestamp>
			</report>
			<report>
				<misses>44900000</misses>
				<total>0</total>
				<timestamp>476.543624</timestamp>
			</report>
			<report>
				<misses>45000000</misses>
				<total>0</total>
				<timestamp>477.614356</timestamp>
			</report>
			<report>
				<misses>45100000</misses>
				<total>0</total>
				<timestamp>478.699935</timestamp>
			</report>
			<report>
				<misses>45200000</misses>
				<total>0</total>
				<timestamp>479.736411</timestamp>
			</report>
			<report>
				<misses>45300000</misses>
				<total>0</total>
				<timestamp>480.783692</timestamp>
			</report>
			<report>
				<misses>45400000</misses>
				<total>0</total>
				<timestamp>481.853172</timestamp>
			</report>
			<report>
				<misses>45500000</misses>
				<total>0</total>
				<timestamp>482.901053</timestamp>
			</report>
			<report>
				<misses>45600000</misses>
				<total>0</total>
				<timestamp>483.963184</timestamp>
			</report>
			<report>
				<misses>45700000</misses>
				<total>0</total>
				<timestamp>485.022437</timestamp>
			</report>
			<report>
				<misses>45800000</misses>
				<total>0</total>
				<timestamp>486.084650</timestamp>
			</report>
			<report>
				<misses>45900000</misses>
				<total>0</total>
				<timestamp>487.139384</timestamp>
			</report>
			<report>
				<misses>46000000</misses>
				<total>0</total>
				<timestamp>488.200331</timestamp>
			</report>
			<report>
				<misses>46100000</misses>
				<total>0</total>
				<timestamp>489.260710</timestamp>
			</report>
			<report>
				<misses>46200000</misses>
				<total>0</total>
				<timestamp>490.315794</timestamp>
			</report>
			<report>
				<misses>46300000</misses>
				<total>0</total>
				<timestamp>491.359343</timestamp>
			</report>
			<report>
				<misses>46400000</misses>
				<total>0</total>
				<timestamp>492.396226</timestamp>
			</report>
			<report>
				<misses>46500000</misses>
				<total>0</total>
				<timestamp>493.452085</timestamp>
			</report>
			<report>
				<misses>46600000</misses>
				<total>0</total>
				<timestamp>494.501295</timestamp>
			</report>
			<report>
				<misses>46700000</misses>
				<total>0</total>
				<timestamp>495.559076</timestamp>
			</report>
			<report>
				<misses>46800000</misses>
				<total>0</total>
				<timestamp>496.598347</timestamp>
			</report>
			<report>
				<misses>46900000</misses>
				<total>0</total>
				<timestamp>497.657588</timestamp>
			</report>
			<report>
				<misses>47000000</misses>
				<total>0</total>
				<timestamp>498.706039</timestamp>
			</report>
			<report>
				<misses>47100000</misses>
				<total>0</total>
				<timestamp>499.754695</timestamp>
			</report>
			<report>
				<misses>47200000</misses>
				<total>0</total>
				<timestamp>500.824435</timestamp>
			</report>
			<report>
				<misses>47300000</misses>
				<total>0</total>
				<timestamp>501.867533</timestamp>
			</report>
			<report>
				<misses>47400000</misses>
				<total>0</total>
				<timestamp>502.951021</timestamp>
			</report>
			<report>
				<misses>47500000</misses>
				<total>0</total>
				<timestamp>504.021309</timestamp>
			</report>
			<report>
				<misses>47600000</misses>
				<total>0</total>
				<timestamp>505.103211</timestamp>
			</report>
			<report>
				<misses>47700000</misses>
				<total>0</total>
				<timestamp>506.155911</timestamp>
			</report>
			<report>
				<misses>47800000</misses>
				<total>0</total>
				<timestamp>507.211394</timestamp>
			</report>
			<report>
				<misses>47900000</misses>
				<total>0</total>
				<timestamp>508.251859</timestamp>
			</report>
			<report>
				<misses>48000000</misses>
				<total>0</total>
				<timestamp>509.295369</timestamp>
			</report>
			<report>
				<misses>48100000</misses>
				<total>0</total>
				<timestamp>510.350967</timestamp>
			</report>
			<report>
				<misses>48200000</misses>
				<total>0</total>
				<timestamp>511.417376</timestamp>
			</report>
			<report>
				<misses>48300000</misses>
				<total>0</total>
				<timestamp>512.484148</timestamp>
			</report>
			<report>
				<misses>48400000</misses>
				<total>0</total>
				<timestamp>513.560775</timestamp>
			</report>
			<report>
				<misses>48500000</misses>
				<total>0</total>
				<timestamp>514.644595</timestamp>
			</report>
			<report>
				<misses>48600000</misses>
				<total>0</total>
				<timestamp>515.705857</timestamp>
			</report>
			<report>
				<misses>48700000</misses>
				<total>0</total>
				<timestamp>516.748058</timestamp>
			</report>
			<report>
				<misses>48800000</misses>
				<total>0</total>
				<timestamp>517.833079</timestamp>
			</report>
			<report>
				<misses>48900000</misses>
				<total>0</total>
				<timestamp>518.892019</timestamp>
			</report>
			<report>
				<misses>49000000</misses>
				<total>0</total>
				<timestamp>519.956323</timestamp>
			</report>
			<report>
				<misses>49100000</misses>
				<total>0</total>
				<timestamp>521.001602</timestamp>
			</report>
			<report>
				<misses>49200000</misses>
				<total>0</total>
				<timestamp>522.106263</timestamp>
			</report>
			<report>
				<misses>49300000</misses>
				<total>0</total>
				<timestamp>523.169811</timestamp>
			</report>
			<report>
				<misses>49400000</misses>
				<total>0</total>
				<timestamp>524.220989</timestamp>
			</report>
			<report>
				<misses>49500000</misses>
				<total>0</total>
				<timestamp>525.270908</timestamp>
			</report>
			<report>
				<misses>49600000</misses>
				<total>0</total>
				<timestamp>526.333914</timestamp>
			</report>
			<report>
				<misses>49700000</misses>
				<total>0</total>
				<timestamp>527.402600</timestamp>
			</report>
			<report>
				<misses>49800000</misses>
				<total>0</total>
				<timestamp>528.466406</timestamp>
			</report>
			<report>
				<misses>49900000</misses>
				<total>0</total>
				<timestamp>529.512340</timestamp>
			</report>
			<report>
				<misses>50000000</misses>
				<total>0</total>
				<timestamp>530.592396</timestamp>
			</report>
			<report>
				<misses>50100000</misses>
				<total>0</total>
				<timestamp>531.661072</timestamp>
			</report>
			<report>
				<misses>50200000</misses>
				<total>0</total>
				<timestamp>532.714767</timestamp>
			</report>
			<report>
				<misses>50300000</misses>
				<total>0</total>
				<timestamp>533.784258</timestamp>
			</report>
			<report>
				<misses>50400000</misses>
				<total>0</total>
				<timestamp>534.840373</timestamp>
			</report>
			<report>
				<misses>50500000</misses>
				<total>0</total>
				<timestamp>535.908994</timestamp>
			</report>
			<report>
				<misses>50600000</misses>
				<total>0</total>
				<timestamp>536.982133</timestamp>
			</report>
			<report>
				<misses>50700000</misses>
				<total>0</total>
				<timestamp>538.083157</timestamp>
			</report>
			<report>
				<misses>50800000</misses>
				<total>0</total>
				<timestamp>539.141226</timestamp>
			</report>
			<report>
				<misses>50900000</misses>
				<total>0</total>
				<timestamp>540.185701</timestamp>
			</report>
			<report>
				<misses>51000000</misses>
				<total>0</total>
				<timestamp>541.246217</timestamp>
			</report>
			<report>
				<misses>51100000</misses>
				<total>0</total>
				<timestamp>542.295445</timestamp>
			</report>
			<report>
				<misses>51200000</misses>
				<total>0</total>
				<timestamp>543.333985</timestamp>
			</report>
			<report>
				<misses>51300000</misses>
				<total>0</total>
				<timestamp>544.384370</timestamp>
			</report>
			<report>
				<misses>51400000</misses>
				<total>0</total>
				<timestamp>545.444777</timestamp>
			</report>
			<report>
				<misses>51500000</misses>
				<total>0</total>
				<timestamp>546.516976</timestamp>
			</report>
			<report>
				<misses>51600000</misses>
				<total>0</total>
				<timestamp>547.622298</timestamp>
			</report>
			<report>
				<misses>51700000</misses>
				<total>0</total>
				<timestamp>548.673341</timestamp>
			</report>
			<report>
				<misses>51800000</misses>
				<total>0</total>
				<timestamp>549.760672</timestamp>
			</report>
			<report>
				<misses>51900000</misses>
				<total>0</total>
				<timestamp>550.826617</timestamp>
			</report>
			<report>
				<misses>52000000</misses>
				<total>0</total>
				<timestamp>551.895861</timestamp>
			</report>
			<report>
				<misses>52100000</misses>
				<total>0</total>
				<timestamp>552.964900</timestamp>
			</report>
			<report>
				<misses>52200000</misses>
				<total>0</total>
				<timestamp>554.020036</timestamp>
			</report>
			<report>
				<misses>52300000</misses>
				<total>0</total>
				<timestamp>555.089869</timestamp>
			</report>
			<report>
				<misses>52400000</misses>
				<total>0</total>
				<timestamp>556.128751</timestamp>
			</report>
			<report>
				<misses>52500000</misses>
				<total>0</total>
				<timestamp>557.207580</timestamp>
			</report>
			<report>
				<misses>52600000</misses>
				<total>0</total>
				<timestamp>558.240991</timestamp>
			</report>
			<report>
				<misses>52700000</misses>
				<total>0</total>
				<timestamp>559.298178</timestamp>
			</report>
			<report>
				<misses>52800000</misses>
				<total>0</total>
				<timestamp>560.333296</timestamp>
			</report>
			<report>
				<misses>52900000</misses>
				<total>0</total>
				<timestamp>561.401549</timestamp>
			</report>
			<report>
				<misses>53000000</misses>
				<total>0</total>
				<timestamp>562.466256</timestamp>
			</report>
			<report>
				<misses>53100000</misses>
				<total>0</total>
				<timestamp>563.512266</timestamp>
			</report>
			<report>
				<misses>53200000</misses>
				<total>0</total>
				<timestamp>564.575332</timestamp>
			</report>
			<report>
				<misses>53300000</misses>
				<total>0</total>
				<timestamp>565.628662</timestamp>
			</report>
			<report>
				<misses>53400000</misses>
				<total>0</total>
				<timestamp>566.681177</timestamp>
			</report>
			<report>
				<misses>53500000</misses>
				<total>0</total>
				<timestamp>567.741444</timestamp>
			</report>
			<report>
				<misses>53600000</misses>
				<total>0</total>
				<timestamp>568.797847</timestamp>
			</report>
			<report>
				<misses>53700000</misses>
				<total>0</total>
				<timestamp>569.850048</timestamp>
			</report>
			<report>
				<misses>53800000</misses>
				<total>0</total>
				<timestamp>570.930569</timestamp>
			</report>
			<report>
				<misses>53900000</misses>
				<total>0</total>
				<timestamp>572.012136</timestamp>
			</report>
			<report>
				<misses>54000000</misses>
				<total>0</total>
				<timestamp>573.064450</timestamp>
			</report>
			<report>
				<misses>54100000</misses>
				<total>0</total>
				<timestamp>574.112475</timestamp>
			</report>
			<report>
				<misses>54200000</misses>
				<total>0</total>
				<timestamp>575.167966</timestamp>
			</report>
			<report>
				<misses>54300000</misses>
				<total>0</total>
				<timestamp>576.222527</timestamp>
			</report>
			<report>
				<misses>54400000</misses>
				<total>0</total>
				<timestamp>577.293030</timestamp>
			</report>
			<report>
				<misses>54500000</misses>
				<total>0</total>
				<timestamp>578.381696</timestamp>
			</report>
			<report>
				<misses>54600000</misses>
				<total>0</total>
				<timestamp>579.449053</timestamp>
			</report>
			<report>
				<misses>54700000</misses>
				<total>0</total>
				<timestamp>580.509457</timestamp>
			</report>
			<report>
				<misses>54800000</misses>
				<total>0</total>
				<timestamp>581.555719</timestamp>
			</report>
			<report>
				<misses>54900000</misses>
				<total>0</total>
				<timestamp>582.634337</timestamp>
			</report>
			<report>
				<misses>55000000</misses>
				<total>0</total>
				<timestamp>583.697313</timestamp>
			</report>
			<report>
				<misses>55100000</misses>
				<total>0</total>
				<timestamp>584.758720</timestamp>
			</report>
			<report>
				<misses>55200000</misses>
				<total>0</total>
				<timestamp>585.796377</timestamp>
			</report>
			<report>
				<misses>55300000</misses>
				<total>0</total>
				<timestamp>586.848573</timestamp>
			</report>
			<report>
				<misses>55400000</misses>
				<total>0</total>
				<timestamp>587.907854</timestamp>
			</report>
			<report>
				<misses>55500000</misses>
				<total>0</total>
				<timestamp>588.953081</timestamp>
			</report>
			<report>
				<misses>55600000</misses>
				<total>0</total>
				<timestamp>590.069682</timestamp>
			</report>
			<report>
				<misses>55700000</misses>
				<total>0</total>
				<timestamp>591.114629</timestamp>
			</report>
			<report>
				<misses>55800000</misses>
				<total>0</total>
				<timestamp>592.175810</timestamp>
			</report>
			<report>
				<misses>55900000</misses>
				<total>0</total>
				<timestamp>593.231071</timestamp>
			</report>
			<report>
				<misses>56000000</misses>
				<total>0</total>
				<timestamp>594.317167</timestamp>
			</report>
			<report>
				<misses>56100000</misses>
				<total>0</total>
				<timestamp>595.388052</timestamp>
			</report>
			<report>
				<misses>56200000</misses>
				<total>0</total>
				<timestamp>596.453103</timestamp>
			</report>
			<report>
				<misses>56300000</misses>
				<total>0</total>
				<timestamp>597.504077</timestamp>
			</report>
			<report>
				<misses>56400000</misses>
				<total>0</total>
				<timestamp>598.571104</timestamp>
			</report>
			<report>
				<misses>56500000</misses>
				<total>0</total>
				<timestamp>599.632765</timestamp>
			</report>
			<report>
				<misses>56600000</misses>
				<total>0</total>
				<timestamp>600.692713</timestamp>
			</report>
			<report>
				<misses>56700000</misses>
				<total>0</total>
				<timestamp>601.765495</timestamp>
			</report>
			<report>
				<misses>56800000</misses>
				<total>0</total>
				<timestamp>602.802682</timestamp>
			</report>
			<report>
				<misses>56900000</misses>
				<total>0</total>
				<timestamp>603.881502</timestamp>
			</report>
			<report>
				<misses>57000000</misses>
				<total>0</total>
				<timestamp>604.930082</timestamp>
			</report>
			<report>
				<misses>57100000</misses>
				<total>0</total>
				<timestamp>605.982972</timestamp>
			</report>
			<report>
				<misses>57200000</misses>
				<total>0</total>
				<timestamp>607.040691</timestamp>
			</report>
			<report>
				<misses>57300000</misses>
				<total>0</total>
				<timestamp>608.082014</timestamp>
			</report>
			<report>
				<misses>57400000</misses>
				<total>0</total>
				<timestamp>609.123306</timestamp>
			</report>
			<report>
				<misses>57500000</misses>
				<total>0</total>
				<timestamp>610.169503</timestamp>
			</report>
			<report>
				<misses>57600000</misses>
				<total>0</total>
				<timestamp>611.237871</timestamp>
			</report>
			<report>
				<misses>57700000</misses>
				<total>0</total>
				<timestamp>612.309652</timestamp>
			</report>
			<report>
				<misses>57800000</misses>
				<total>0</total>
				<timestamp>613.367212</timestamp>
			</report>
			<report>
				<misses>57900000</misses>
				<total>0</total>
				<timestamp>614.411695</timestamp>
			</report>
			<report>
				<misses>58000000</misses>
				<total>0</total>
				<timestamp>615.490271</timestamp>
			</report>
			<report>
				<misses>58100000</misses>
				<total>0</total>
				<timestamp>616.547885</timestamp>
			</report>
			<report>
				<misses>58200000</misses>
				<total>0</total>
				<timestamp>617.613442</timestamp>
			</report>
			<report>
				<misses>58300000</misses>
				<total>0</total>
				<timestamp>618.711260</timestamp>
			</report>
			<report>
				<misses>58400000</misses>
				<total>0</total>
				<timestamp>619.755011</timestamp>
			</report>
			<report>
				<misses>58500000</misses>
				<total>0</total>
				<timestamp>620.800873</timestamp>
			</report>
			<report>
				<misses>58600000</misses>
				<total>0</total>
				<timestamp>621.839609</timestamp>
			</report>
			<report>
				<misses>58700000</misses>
				<total>0</total>
				<timestamp>622.904120</timestamp>
			</report>
			<report>
				<misses>58800000</misses>
				<total>0</total>
				<timestamp>623.943815</timestamp>
			</report>
			<report>
				<misses>58900000</misses>
				<total>0</total>
				<timestamp>624.995887</timestamp>
			</report>
			<report>
				<misses>59000000</misses>
				<total>0</total>
				<timestamp>626.054331</timestamp>
			</report>
			<report>
				<misses>59100000</misses>
				<total>0</total>
				<timestamp>627.127354</timestamp>
			</report>
			<report>
				<misses>59200000</misses>
				<total>0</total>
				<timestamp>628.217109</timestamp>
			</report>
			<report>
				<misses>59300000</misses>
				<total>0</total>
				<timestamp>629.300270</timestamp>
			</report>
			<report>
				<misses>59400000</misses>
				<total>0</total>
				<timestamp>630.379281</timestamp>
			</report>
			<report>
				<misses>59500000</misses>
				<total>0</total>
				<timestamp>631.476447</timestamp>
			</report>
			<report>
				<misses>59600000</misses>
				<total>0</total>
				<timestamp>632.516340</timestamp>
			</report>
			<report>
				<misses>59700000</misses>
				<total>0</total>
				<timestamp>633.585939</timestamp>
			</report>
			<report>
				<misses>59800000</misses>
				<total>0</total>
				<timestamp>634.639002</timestamp>
			</report>
			<report>
				<misses>59900000</misses>
				<total>0</total>
				<timestamp>635.716526</timestamp>
			</report>
			<report>
				<misses>60000000</misses>
				<total>0</total>
				<timestamp>636.776019</timestamp>
			</report>
			<report>
				<misses>60100000</misses>
				<total>0</total>
				<timestamp>637.841280</timestamp>
			</report>
			<report>
				<misses>60200000</misses>
				<total>0</total>
				<timestamp>638.927175</timestamp>
			</report>
			<report>
				<misses>60300000</misses>
				<total>0</total>
				<timestamp>639.977759</timestamp>
			</report>
			<report>
				<misses>60400000</misses>
				<total>0</total>
				<timestamp>641.034139</timestamp>
			</report>
			<report>
				<misses>60500000</misses>
				<total>0</total>
				<timestamp>642.087126</timestamp>
			</report>
			<report>
				<misses>60600000</misses>
				<total>0</total>
				<timestamp>643.145330</timestamp>
			</report>
			<report>
				<misses>60700000</misses>
				<total>0</total>
				<timestamp>644.223377</timestamp>
			</report>
			<report>
				<misses>60800000</misses>
				<total>0</total>
				<timestamp>645.266125</timestamp>
			</report>
			<report>
				<misses>60900000</misses>
				<total>0</total>
				<timestamp>646.331415</timestamp>
			</report>
			<report>
				<misses>61000000</misses>
				<total>0</total>
				<timestamp>647.390076</timestamp>
			</report>
			<report>
				<misses>61100000</misses>
				<total>0</total>
				<timestamp>648.461951</timestamp>
			</report>
			<report>
				<misses>61200000</misses>
				<total>0</total>
				<timestamp>649.506444</timestamp>
			</report>
			<report>
				<misses>61300000</misses>
				<total>0</total>
				<timestamp>650.568399</timestamp>
			</report>
			<report>
				<misses>61400000</misses>
				<total>0</total>
				<timestamp>651.655424</timestamp>
			</report>
			<report>
				<misses>61500000</misses>
				<total>0</total>
				<timestamp>652.719661</timestamp>
			</report>
			<report>
				<misses>61600000</misses>
				<total>0</total>
				<timestamp>653.801334</timestamp>
			</report>
			<report>
				<misses>61700000</misses>
				<total>0</total>
				<timestamp>654.871122</timestamp>
			</report>
			<report>
				<misses>61800000</misses>
				<total>0</total>
				<timestamp>655.925707</timestamp>
			</report>
			<report>
				<misses>61900000</misses>
				<total>0</total>
				<timestamp>656.992270</timestamp>
			</report>
			<report>
				<misses>62000000</misses>
				<total>0</total>
				<timestamp>658.036734</timestamp>
			</report>
			<report>
				<misses>62100000</misses>
				<total>0</total>
				<timestamp>659.086562</timestamp>
			</report>
			<report>
				<misses>62200000</misses>
				<total>0</total>
				<timestamp>660.132801</timestamp>
			</report>
			<report>
				<misses>62300000</misses>
				<total>0</total>
				<timestamp>661.197973</timestamp>
			</report>
			<report>
				<misses>62400000</misses>
				<total>0</total>
				<timestamp>662.235471</timestamp>
			</report>
			<report>
				<misses>62500000</misses>
				<total>0</total>
				<timestamp>663.310614</timestamp>
			</report>
			<report>
				<misses>62600000</misses>
				<total>0</total>
				<timestamp>664.358514</timestamp>
			</report>
			<report>
				<misses>62700000</misses>
				<total>0</total>
				<timestamp>665.415403</timestamp>
			</report>
			<report>
				<misses>62800000</misses>
				<total>0</total>
				<timestamp>666.474853</timestamp>
			</report>
			<report>
				<misses>62900000</misses>
				<total>0</total>
				<timestamp>667.549084</timestamp>
			</report>
			<report>
				<misses>63000000</misses>
				<total>0</total>
				<timestamp>668.619368</timestamp>
			</report>
			<report>
				<misses>63100000</misses>
				<total>0</total>
				<timestamp>669.670289</timestamp>
			</report>
			<report>
				<misses>63200000</misses>
				<total>0</total>
				<timestamp>670.708715</timestamp>
			</report>
			<report>
				<misses>63300000</misses>
				<total>0</total>
				<timestamp>671.771475</timestamp>
			</report>
			<report>
				<misses>63400000</misses>
				<total>0</total>
				<timestamp>672.882640</timestamp>
			</report>
			<report>
				<misses>63500000</misses>
				<total>0</total>
				<timestamp>673.944268</timestamp>
			</report>
			<report>
				<misses>63600000</misses>
				<total>0</total>
				<timestamp>675.026333</timestamp>
			</report>
			<report>
				<misses>63700000</misses>
				<total>0</total>
				<timestamp>676.094716</timestamp>
			</report>
			<report>
				<misses>63800000</misses>
				<total>0</total>
				<timestamp>677.154126</timestamp>
			</report>
			<report>
				<misses>63900000</misses>
				<total>0</total>
				<timestamp>678.232510</timestamp>
			</report>
			<report>
				<misses>64000000</misses>
				<total>0</total>
				<timestamp>679.272551</timestamp>
			</report>
			<report>
				<misses>64100000</misses>
				<total>0</total>
				<timestamp>680.328497</timestamp>
			</report>
			<report>
				<misses>64200000</misses>
				<total>0</total>
				<timestamp>681.372150</timestamp>
			</report>
			<report>
				<misses>64300000</misses>
				<total>0</total>
				<timestamp>682.436391</timestamp>
			</report>
			<report>
				<misses>64400000</misses>
				<total>0</total>
				<timestamp>683.489453</timestamp>
			</report>
			<report>
				<misses>64500000</misses>
				<total>0</total>
				<timestamp>684.542235</timestamp>
			</report>
			<report>
				<misses>64600000</misses>
				<total>0</total>
				<timestamp>685.589174</timestamp>
			</report>
			<report>
				<misses>64700000</misses>
				<total>0</total>
				<timestamp>686.673142</timestamp>
			</report>
			<report>
				<misses>64800000</misses>
				<total>0</total>
				<timestamp>687.718937</timestamp>
			</report>
			<report>
				<misses>64900000</misses>
				<total>0</total>
				<timestamp>688.761029</timestamp>
			</report>
			<report>
				<misses>65000000</misses>
				<total>0</total>
				<timestamp>689.822423</timestamp>
			</report>
			<report>
				<misses>65100000</misses>
				<total>0</total>
				<timestamp>690.863642</timestamp>
			</report>
			<report>
				<misses>65200000</misses>
				<total>0</total>
				<timestamp>691.941518</timestamp>
			</report>
			<report>
				<misses>65300000</misses>
				<total>0</total>
				<timestamp>692.989121</timestamp>
			</report>
			<report>
				<misses>65400000</misses>
				<total>0</total>
				<timestamp>694.071562</timestamp>
			</report>
			<report>
				<misses>65500000</misses>
				<total>0</total>
				<timestamp>695.119951</timestamp>
			</report>
			<report>
				<misses>65600000</misses>
				<total>0</total>
				<timestamp>696.162138</timestamp>
			</report>
			<report>
				<misses>65700000</misses>
				<total>0</total>
				<timestamp>697.233655</timestamp>
			</report>
			<report>
				<misses>65800000</misses>
				<total>0</total>
				<timestamp>698.309035</timestamp>
			</report>
			<report>
				<misses>65900000</misses>
				<total>0</total>
				<timestamp>699.367647</timestamp>
			</report>
			<report>
				<misses>66000000</misses>
				<total>0</total>
				<timestamp>700.411068</timestamp>
			</report>
			<report>
				<misses>66100000</misses>
				<total>0</total>
				<timestamp>701.480674</timestamp>
			</report>
			<report>
				<misses>66200000</misses>
				<total>0</total>
				<timestamp>702.571765</timestamp>
			</report>
			<report>
				<misses>66300000</misses>
				<total>0</total>
				<timestamp>703.645866</timestamp>
			</report>
			<report>
				<misses>66400000</misses>
				<total>0</total>
				<timestamp>704.709452</timestamp>
			</report>
			<report>
				<misses>66500000</misses>
				<total>0</total>
				<timestamp>705.777292</timestamp>
			</report>
			<report>
				<misses>66600000</misses>
				<total>0</total>
				<timestamp>706.852802</timestamp>
			</report>
			<report>
				<misses>66700000</misses>
				<total>0</total>
				<timestamp>707.925945</timestamp>
			</report>
			<report>
				<misses>66800000</misses>
				<total>0</total>
				<timestamp>709.032322</timestamp>
			</report>
			<report>
				<misses>66900000</misses>
				<total>0</total>
				<timestamp>710.101835</timestamp>
			</report>
			<report>
				<misses>67000000</misses>
				<total>0</total>
				<timestamp>711.198617</timestamp>
			</report>
			<report>
				<misses>67100000</misses>
				<total>0</total>
				<timestamp>712.261529</timestamp>
			</report>
			<report>
				<misses>67200000</misses>
				<total>0</total>
				<timestamp>713.321408</timestamp>
			</report>
			<report>
				<misses>67300000</misses>
				<total>0</total>
				<timestamp>714.393158</timestamp>
			</report>
			<report>
				<misses>67400000</misses>
				<total>0</total>
				<timestamp>715.455954</timestamp>
			</report>
			<report>
				<misses>67500000</misses>
				<total>0</total>
				<timestamp>716.513715</timestamp>
			</report>
			<report>
				<misses>67600000</misses>
				<total>0</total>
				<timestamp>717.577963</timestamp>
			</report>
			<report>
				<misses>67700000</misses>
				<total>0</total>
				<timestamp>718.640502</timestamp>
			</report>
			<report>
				<misses>67800000</misses>
				<total>0</total>
				<timestamp>719.706140</timestamp>
			</report>
			<report>
				<misses>67900000</misses>
				<total>0</total>
				<timestamp>720.753182</timestamp>
			</report>
			<report>
				<misses>68000000</misses>
				<total>0</total>
				<timestamp>721.809182</timestamp>
			</report>
			<report>
				<misses>68100000</misses>
				<total>0</total>
				<timestamp>722.873263</timestamp>
			</report>
			<report>
				<misses>68200000</misses>
				<total>0</total>
				<timestamp>723.920898</timestamp>
			</report>
			<report>
				<misses>68300000</misses>
				<total>0</total>
				<timestamp>724.966847</timestamp>
			</report>
			<report>
				<misses>68400000</misses>
				<total>0</total>
				<timestamp>726.014615</timestamp>
			</report>
			<report>
				<misses>68500000</misses>
				<total>0</total>
				<timestamp>727.070300</timestamp>
			</report>
			<report>
				<misses>68600000</misses>
				<total>0</total>
				<timestamp>728.140530</timestamp>
			</report>
			<report>
				<misses>68700000</misses>
				<total>0</total>
				<timestamp>729.207296</timestamp>
			</report>
			<report>
				<misses>68800000</misses>
				<total>0</total>
				<timestamp>730.270135</timestamp>
			</report>
			<report>
				<misses>68900000</misses>
				<total>0</total>
				<timestamp>731.301282</timestamp>
			</report>
			<report>
				<misses>69000000</misses>
				<total>0</total>
				<timestamp>732.364365</timestamp>
			</report>
			<report>
				<misses>69100000</misses>
				<total>0</total>
				<timestamp>733.428283</timestamp>
			</report>
			<report>
				<misses>69200000</misses>
				<total>0</total>
				<timestamp>734.528406</timestamp>
			</report>
			<report>
				<misses>69300000</misses>
				<total>0</total>
				<timestamp>735.591074</timestamp>
			</report>
			<report>
				<misses>69400000</misses>
				<total>0</total>
				<timestamp>736.698209</timestamp>
			</report>
			<report>
				<misses>69500000</misses>
				<total>0</total>
				<timestamp>737.752319</timestamp>
			</report>
			<report>
				<misses>69600000</misses>
				<total>0</total>
				<timestamp>738.823880</timestamp>
			</report>
			<report>
				<misses>69700000</misses>
				<total>0</total>
				<timestamp>739.866824</timestamp>
			</report>
			<report>
				<misses>69800000</misses>
				<total>0</total>
				<timestamp>740.915782</timestamp>
			</report>
			<report>
				<misses>69900000</misses>
				<total>0</total>
				<timestamp>741.956627</timestamp>
			</report>
			<report>
				<misses>70000000</misses>
				<total>0</total>
				<timestamp>743.000632</timestamp>
			</report>
			<report>
				<misses>70100000</misses>
				<total>0</total>
				<timestamp>744.044167</timestamp>
			</report>
			<report>
				<misses>70200000</misses>
				<total>0</total>
				<timestamp>745.122977</timestamp>
			</report>
			<report>
				<misses>70300000</misses>
				<total>0</total>
				<timestamp>746.175540</timestamp>
			</report>
			<report>
				<misses>70400000</misses>
				<total>0</total>
				<timestamp>747.216098</timestamp>
			</report>
			<report>
				<misses>70500000</misses>
				<total>0</total>
				<timestamp>748.265779</timestamp>
			</report>
			<report>
				<misses>70600000</misses>
				<total>0</total>
				<timestamp>749.317168</timestamp>
			</report>
			<report>
				<misses>70700000</misses>
				<total>0</total>
				<timestamp>750.391119</timestamp>
			</report>
			<report>
				<misses>70800000</misses>
				<total>0</total>
				<timestamp>751.446098</timestamp>
			</report>
			<report>
				<misses>70900000</misses>
				<total>0</total>
				<timestamp>752.512287</timestamp>
			</report>
			<report>
				<misses>71000000</misses>
				<total>0</total>
				<timestamp>753.587030</timestamp>
			</report>
			<report>
				<misses>71100000</misses>
				<total>0</total>
				<timestamp>754.657620</timestamp>
			</report>
			<report>
				<misses>71200000</misses>
				<total>0</total>
				<timestamp>755.715240</timestamp>
			</report>
			<report>
				<misses>71300000</misses>
				<total>0</total>
				<timestamp>756.752400</timestamp>
			</report>
			<report>
				<misses>71400000</misses>
				<total>0</total>
				<timestamp>757.809027</timestamp>
			</report>
			<report>
				<misses>71500000</misses>
				<total>0</total>
				<timestamp>758.865767</timestamp>
			</report>
			<report>
				<misses>71600000</misses>
				<total>0</total>
				<timestamp>759.935268</timestamp>
			</report>
			<report>
				<misses>71700000</misses>
				<total>0</total>
				<timestamp>760.995540</timestamp>
			</report>
			<report>
				<misses>71800000</misses>
				<total>0</total>
				<timestamp>762.068396</timestamp>
			</report>
			<report>
				<misses>71900000</misses>
				<total>0</total>
				<timestamp>763.117574</timestamp>
			</report>
			<report>
				<misses>72000000</misses>
				<total>0</total>
				<timestamp>764.191453</timestamp>
			</report>
			<report>
				<misses>72100000</misses>
				<total>0</total>
				<timestamp>765.263335</timestamp>
			</report>
			<report>
				<misses>72200000</misses>
				<total>0</total>
				<timestamp>766.320324</timestamp>
			</report>
			<report>
				<misses>72300000</misses>
				<total>0</total>
				<timestamp>767.382638</timestamp>
			</report>
			<report>
				<misses>72400000</misses>
				<total>0</total>
				<timestamp>768.420607</timestamp>
			</report>
			<report>
				<misses>72500000</misses>
				<total>0</total>
				<timestamp>769.465138</timestamp>
			</report>
			<report>
				<misses>72600000</misses>
				<total>0</total>
				<timestamp>770.527696</timestamp>
			</report>
			<report>
				<misses>72700000</misses>
				<total>0</total>
				<timestamp>771.586932</timestamp>
			</report>
			<report>
				<misses>72800000</misses>
				<total>0</total>
				<timestamp>772.649021</timestamp>
			</report>
			<report>
				<misses>72900000</misses>
				<total>0</total>
				<timestamp>773.706741</timestamp>
			</report>
			<report>
				<misses>73000000</misses>
				<total>0</total>
				<timestamp>774.775862</timestamp>
			</report>
			<report>
				<misses>73100000</misses>
				<total>0</total>
				<timestamp>775.831745</timestamp>
			</report>
			<report>
				<misses>73200000</misses>
				<total>0</total>
				<timestamp>776.881717</timestamp>
			</report>
			<report>
				<misses>73300000</misses>
				<total>0</total>
				<timestamp>777.917855</timestamp>
			</report>
			<report>
				<misses>73400000</misses>
				<total>0</total>
				<timestamp>778.952399</timestamp>
			</report>
			<report>
				<misses>73500000</misses>
				<total>0</total>
				<timestamp>779.989361</timestamp>
			</report>
			<report>
				<misses>73600000</misses>
				<total>0</total>
				<timestamp>781.077094</timestamp>
			</report>
			<report>
				<misses>73700000</misses>
				<total>0</total>
				<timestamp>782.136090</timestamp>
			</report>
			<report>
				<misses>73800000</misses>
				<total>0</total>
				<timestamp>783.201231</timestamp>
			</report>
			<report>
				<misses>73900000</misses>
				<total>0</total>
				<timestamp>784.277554</timestamp>
			</report>
			<report>
				<misses>74000000</misses>
				<total>0</total>
				<timestamp>785.334527</timestamp>
			</report>
			<report>
				<misses>74100000</misses>
				<total>0</total>
				<timestamp>786.398896</timestamp>
			</report>
			<report>
				<misses>74200000</misses>
				<total>0</total>
				<timestamp>787.475247</timestamp>
			</report>
			<report>
				<misses>74300000</misses>
				<total>0</total>
				<timestamp>788.526377</timestamp>
			</report>
			<report>
				<misses>74400000</misses>
				<total>0</total>
				<timestamp>789.581770</timestamp>
			</report>
			<report>
				<misses>74500000</misses>
				<total>0</total>
				<timestamp>790.640256</timestamp>
			</report>
			<report>
				<misses>74600000</misses>
				<total>0</total>
				<timestamp>791.736821</timestamp>
			</report>
			<report>
				<misses>74700000</misses>
				<total>0</total>
				<timestamp>792.773724</timestamp>
			</report>
			<report>
				<misses>74800000</misses>
				<total>0</total>
				<timestamp>793.870601</timestamp>
			</report>
			<report>
				<misses>74900000</misses>
				<total>0</total>
				<timestamp>794.912713</timestamp>
			</report>
			<report>
				<misses>75000000</misses>
				<total>0</total>
				<timestamp>795.989342</timestamp>
			</report>
			<report>
				<misses>75100000</misses>
				<total>0</total>
				<timestamp>797.053894</timestamp>
			</report>
			<report>
				<misses>75200000</misses>
				<total>0</total>
				<timestamp>798.096880</timestamp>
			</report>
			<report>
				<misses>75300000</misses>
				<total>0</total>
				<timestamp>799.150004</timestamp>
			</report>
			<report>
				<misses>75400000</misses>
				<total>0</total>
				<timestamp>800.192372</timestamp>
			</report>
			<report>
				<misses>75500000</misses>
				<total>0</total>
				<timestamp>801.238185</timestamp>
			</report>
			<report>
				<misses>75600000</misses>
				<total>0</total>
				<timestamp>802.303579</timestamp>
			</report>
			<report>
				<misses>75700000</misses>
				<total>0</total>
				<timestamp>803.364462</timestamp>
			</report>
			<report>
				<misses>75800000</misses>
				<total>0</total>
				<timestamp>804.438504</timestamp>
			</report>
			<report>
				<misses>75900000</misses>
				<total>0</total>
				<timestamp>805.501957</timestamp>
			</report>
			<report>
				<misses>76000000</misses>
				<total>0</total>
				<timestamp>806.584101</timestamp>
			</report>
			<report>
				<misses>76100000</misses>
				<total>0</total>
				<timestamp>807.646456</timestamp>
			</report>
			<report>
				<misses>76200000</misses>
				<total>0</total>
				<timestamp>808.716748</timestamp>
			</report>
			<report>
				<misses>76300000</misses>
				<total>0</total>
				<timestamp>809.759619</timestamp>
			</report>
			<report>
				<misses>76400000</misses>
				<total>0</total>
				<timestamp>810.818857</timestamp>
			</report>
			<report>
				<misses>76500000</misses>
				<total>0</total>
				<timestamp>811.904057</timestamp>
			</report>
			<report>
				<misses>76600000</misses>
				<total>0</total>
				<timestamp>812.993478</timestamp>
			</report>
			<report>
				<misses>76700000</misses>
				<total>0</total>
				<timestamp>814.045677</timestamp>
			</report>
			<report>
				<misses>76800000</misses>
				<total>0</total>
				<timestamp>815.117398</timestamp>
			</report>
			<report>
				<misses>76900000</misses>
				<total>0</total>
				<timestamp>816.156952</timestamp>
			</report>
			<report>
				<misses>77000000</misses>
				<total>0</total>
				<timestamp>817.203704</timestamp>
			</report>
			<report>
				<misses>77100000</misses>
				<total>0</total>
				<timestamp>818.239662</timestamp>
			</report>
			<report>
				<misses>77200000</misses>
				<total>0</total>
				<timestamp>819.289671</timestamp>
			</report>
			<report>
				<misses>77300000</misses>
				<total>0</total>
				<timestamp>820.329426</timestamp>
			</report>
			<report>
				<misses>77400000</misses>
				<total>0</total>
				<timestamp>821.375243</timestamp>
			</report>
			<report>
				<misses>77500000</misses>
				<total>0</total>
				<timestamp>822.420428</timestamp>
			</report>
			<report>
				<misses>77600000</misses>
				<total>0</total>
				<timestamp>823.490531</timestamp>
			</report>
			<report>
				<misses>77700000</misses>
				<total>0</total>
				<timestamp>824.566562</timestamp>
			</report>
			<report>
				<misses>77800000</misses>
				<total>0</total>
				<timestamp>825.627638</timestamp>
			</report>
			<report>
				<misses>77900000</misses>
				<total>0</total>
				<timestamp>826.689972</timestamp>
			</report>
			<report>
				<misses>78000000</misses>
				<total>0</total>
				<timestamp>827.735448</timestamp>
			</report>
			<report>
				<misses>78100000</misses>
				<total>0</total>
				<timestamp>828.811054</timestamp>
			</report>
			<report>
				<misses>78200000</misses>
				<total>0</total>
				<timestamp>829.861202</timestamp>
			</report>
			<report>
				<misses>78300000</misses>
				<total>0</total>
				<timestamp>830.937071</timestamp>
			</report>
			<report>
				<misses>78400000</misses>
				<total>0</total>
				<timestamp>831.990651</timestamp>
			</report>
			<report>
				<misses>78500000</misses>
				<total>0</total>
				<timestamp>833.053649</timestamp>
			</report>
			<report>
				<misses>78600000</misses>
				<total>0</total>
				<timestamp>834.090442</timestamp>
			</report>
			<report>
				<misses>78700000</misses>
				<total>0</total>
				<timestamp>835.143322</timestamp>
			</report>
			<report>
				<misses>78800000</misses>
				<total>0</total>
				<timestamp>836.178898</timestamp>
			</report>
			<report>
				<misses>78900000</misses>
				<total>0</total>
				<timestamp>837.219828</timestamp>
			</report>
			<report>
				<misses>79000000</misses>
				<total>0</total>
				<timestamp>838.271188</timestamp>
			</report>
			<report>
				<misses>79100000</misses>
				<total>0</total>
				<timestamp>839.320120</timestamp>
			</report>
			<report>
				<misses>79200000</misses>
				<total>0</total>
				<timestamp>840.362960</timestamp>
			</report>
			<report>
				<misses>79300000</misses>
				<total>0</total>
				<timestamp>841.415039</timestamp>
			</report>
			<report>
				<misses>79400000</misses>
				<total>0</total>
				<timestamp>842.491186</timestamp>
			</report>
			<report>
				<misses>79500000</misses>
				<total>0</total>
				<timestamp>843.548151</timestamp>
			</report>
			<report>
				<misses>79600000</misses>
				<total>0</total>
				<timestamp>844.599338</timestamp>
			</report>
			<report>
				<misses>79700000</misses>
				<total>0</total>
				<timestamp>845.670512</timestamp>
			</report>
			<report>
				<misses>79800000</misses>
				<total>0</total>
				<timestamp>846.723641</timestamp>
			</report>
			<report>
				<misses>79900000</misses>
				<total>0</total>
				<timestamp>847.789710</timestamp>
			</report>
			<report>
				<misses>80000000</misses>
				<total>0</total>
				<timestamp>848.857963</timestamp>
			</report>
			<report>
				<misses>80100000</misses>
				<total>0</total>
				<timestamp>849.923050</timestamp>
			</report>
			<report>
				<misses>80200000</misses>
				<total>0</total>
				<timestamp>850.967903</timestamp>
			</report>
			<report>
				<misses>80300000</misses>
				<total>0</total>
				<timestamp>852.000538</timestamp>
			</report>
			<report>
				<misses>80400000</misses>
				<total>0</total>
				<timestamp>853.040083</timestamp>
			</report>
			<report>
				<misses>80500000</misses>
				<total>0</total>
				<timestamp>854.084994</timestamp>
			</report>
			<report>
				<misses>80600000</misses>
				<total>0</total>
				<timestamp>855.125524</timestamp>
			</report>
			<report>
				<misses>80700000</misses>
				<total>0</total>
				<timestamp>856.198986</timestamp>
			</report>
			<report>
				<misses>80800000</misses>
				<total>0</total>
				<timestamp>857.257652</timestamp>
			</report>
			<report>
				<misses>80900000</misses>
				<total>0</total>
				<timestamp>858.374432</timestamp>
			</report>
			<report>
				<misses>81000000</misses>
				<total>0</total>
				<timestamp>859.440393</timestamp>
			</report>
			<report>
				<misses>81100000</misses>
				<total>0</total>
				<timestamp>860.520227</timestamp>
			</report>
			<report>
				<misses>81200000</misses>
				<total>0</total>
				<timestamp>861.599075</timestamp>
			</report>
			<report>
				<misses>81300000</misses>
				<total>0</total>
				<timestamp>862.686409</timestamp>
			</report>
			<report>
				<misses>81400000</misses>
				<total>0</total>
				<timestamp>863.760182</timestamp>
			</report>
			<report>
				<misses>81500000</misses>
				<total>0</total>
				<timestamp>864.855479</timestamp>
			</report>
			<report>
				<misses>81600000</misses>
				<total>0</total>
				<timestamp>865.923042</timestamp>
			</report>
			<report>
				<misses>81700000</misses>
				<total>0</total>
				<timestamp>866.978993</timestamp>
			</report>
			<report>
				<misses>81800000</misses>
				<total>0</total>
				<timestamp>868.045271</timestamp>
			</report>
			<report>
				<misses>81900000</misses>
				<total>0</total>
				<timestamp>869.094058</timestamp>
			</report>
			<report>
				<misses>82000000</misses>
				<total>0</total>
				<timestamp>870.153210</timestamp>
			</report>
			<report>
				<misses>82100000</misses>
				<total>0</total>
				<timestamp>871.203464</timestamp>
			</report>
			<report>
				<misses>82200000</misses>
				<total>0</total>
				<timestamp>872.239257</timestamp>
			</report>
			<report>
				<misses>82300000</misses>
				<total>0</total>
				<timestamp>873.337779</timestamp>
			</report>
			<report>
				<misses>82400000</misses>
				<total>0</total>
				<timestamp>874.368819</timestamp>
			</report>
			<report>
				<misses>82500000</misses>
				<total>0</total>
				<timestamp>875.429652</timestamp>
			</report>
			<report>
				<misses>82600000</misses>
				<total>0</total>
				<timestamp>876.464216</timestamp>
			</report>
			<report>
				<misses>82700000</misses>
				<total>0</total>
				<timestamp>877.518436</timestamp>
			</report>
			<report>
				<misses>82800000</misses>
				<total>0</total>
				<timestamp>878.557449</timestamp>
			</report>
			<report>
				<misses>82900000</misses>
				<total>0</total>
				<timestamp>879.647380</timestamp>
			</report>
			<report>
				<misses>83000000</misses>
				<total>0</total>
				<timestamp>880.690226</timestamp>
			</report>
			<report>
				<misses>83100000</misses>
				<total>0</total>
				<timestamp>881.749413</timestamp>
			</report>
			<report>
				<misses>83200000</misses>
				<total>0</total>
				<timestamp>882.799410</timestamp>
			</report>
			<report>
				<misses>83300000</misses>
				<total>0</total>
				<timestamp>883.865417</timestamp>
			</report>
			<report>
				<misses>83400000</misses>
				<total>0</total>
				<timestamp>884.935120</timestamp>
			</report>
			<report>
				<misses>83500000</misses>
				<total>0</total>
				<timestamp>885.990809</timestamp>
			</report>
			<report>
				<misses>83600000</misses>
				<total>0</total>
				<timestamp>887.044592</timestamp>
			</report>
			<report>
				<misses>83700000</misses>
				<total>0</total>
				<timestamp>888.081072</timestamp>
			</report>
			<report>
				<misses>83800000</misses>
				<total>0</total>
				<timestamp>889.119852</timestamp>
			</report>
			<report>
				<misses>83900000</misses>
				<total>0</total>
				<timestamp>890.166564</timestamp>
			</report>
			<report>
				<misses>84000000</misses>
				<total>0</total>
				<timestamp>891.213235</timestamp>
			</report>
			<report>
				<misses>84100000</misses>
				<total>0</total>
				<timestamp>892.282867</timestamp>
			</report>
			<report>
				<misses>84200000</misses>
				<total>0</total>
				<timestamp>893.320272</timestamp>
			</report>
			<report>
				<misses>84300000</misses>
				<total>0</total>
				<timestamp>894.411586</timestamp>
			</report>
			<report>
				<misses>84400000</misses>
				<total>0</total>
				<timestamp>895.462788</timestamp>
			</report>
			<report>
				<misses>84500000</misses>
				<total>0</total>
				<timestamp>896.550570</timestamp>
			</report>
			<report>
				<misses>84600000</misses>
				<total>0</total>
				<timestamp>897.602469</timestamp>
			</report>
			<report>
				<misses>84700000</misses>
				<total>0</total>
				<timestamp>898.653480</timestamp>
			</report>
			<report>
				<misses>84800000</misses>
				<total>0</total>
				<timestamp>899.728621</timestamp>
			</report>
			<report>
				<misses>84900000</misses>
				<total>0</total>
				<timestamp>900.801740</timestamp>
			</report>
			<report>
				<misses>85000000</misses>
				<total>0</total>
				<timestamp>901.867703</timestamp>
			</report>
			<report>
				<misses>85100000</misses>
				<total>0</total>
				<timestamp>902.932679</timestamp>
			</report>
			<report>
				<misses>85200000</misses>
				<total>0</total>
				<timestamp>904.039699</timestamp>
			</report>
			<report>
				<misses>85300000</misses>
				<total>0</total>
				<timestamp>905.089608</timestamp>
			</report>
			<report>
				<misses>85400000</misses>
				<total>0</total>
				<timestamp>906.169678</timestamp>
			</report>
			<report>
				<misses>85500000</misses>
				<total>0</total>
				<timestamp>907.232801</timestamp>
			</report>
			<report>
				<misses>85600000</misses>
				<total>0</total>
				<timestamp>908.285996</timestamp>
			</report>
			<report>
				<misses>85700000</misses>
				<total>0</total>
				<timestamp>909.327150</timestamp>
			</report>
			<report>
				<misses>85800000</misses>
				<total>0</total>
				<timestamp>910.375034</timestamp>
			</report>
			<report>
				<misses>85900000</misses>
				<total>0</total>
				<timestamp>911.444291</timestamp>
			</report>
			<report>
				<misses>86000000</misses>
				<total>0</total>
				<timestamp>912.490845</timestamp>
			</report>
			<report>
				<misses>86100000</misses>
				<total>0</total>
				<timestamp>913.537472</timestamp>
			</report>
			<report>
				<misses>86200000</misses>
				<total>0</total>
				<timestamp>914.587964</timestamp>
			</report>
			<report>
				<misses>86300000</misses>
				<total>0</total>
				<timestamp>915.668961</timestamp>
			</report>
			<report>
				<misses>86400000</misses>
				<total>0</total>
				<timestamp>916.722941</timestamp>
			</report>
			<report>
				<misses>86500000</misses>
				<total>0</total>
				<timestamp>917.773727</timestamp>
			</report>
			<report>
				<misses>86600000</misses>
				<total>0</total>
				<timestamp>918.873933</timestamp>
			</report>
			<report>
				<misses>86700000</misses>
				<total>0</total>
				<timestamp>919.940836</timestamp>
			</report>
			<report>
				<misses>86800000</misses>
				<total>0</total>
				<timestamp>920.975403</timestamp>
			</report>
			<report>
				<misses>86900000</misses>
				<total>0</total>
				<timestamp>922.062630</timestamp>
			</report>
			<report>
				<misses>87000000</misses>
				<total>0</total>
				<timestamp>923.117167</timestamp>
			</report>
			<report>
				<misses>87100000</misses>
				<total>0</total>
				<timestamp>924.190996</timestamp>
			</report>
			<report>
				<misses>87200000</misses>
				<total>0</total>
				<timestamp>925.241158</timestamp>
			</report>
			<report>
				<misses>87300000</misses>
				<total>0</total>
				<timestamp>926.298929</timestamp>
			</report>
			<report>
				<misses>87400000</misses>
				<total>0</total>
				<timestamp>927.348405</timestamp>
			</report>
			<report>
				<misses>87500000</misses>
				<total>0</total>
				<timestamp>928.385012</timestamp>
			</report>
			<report>
				<misses>87600000</misses>
				<total>0</total>
				<timestamp>929.430087</timestamp>
			</report>
			<report>
				<misses>87700000</misses>
				<total>0</total>
				<timestamp>930.477608</timestamp>
			</report>
			<report>
				<misses>87800000</misses>
				<total>0</total>
				<timestamp>931.537485</timestamp>
			</report>
			<report>
				<misses>87900000</misses>
				<total>0</total>
				<timestamp>932.593455</timestamp>
			</report>
			<report>
				<misses>88000000</misses>
				<total>0</total>
				<timestamp>933.657484</timestamp>
			</report>
			<report>
				<misses>88100000</misses>
				<total>0</total>
				<timestamp>934.727787</timestamp>
			</report>
			<report>
				<misses>88200000</misses>
				<total>0</total>
				<timestamp>935.787187</timestamp>
			</report>
			<report>
				<misses>88300000</misses>
				<total>0</total>
				<timestamp>936.830935</timestamp>
			</report>
			<report>
				<misses>88400000</misses>
				<total>0</total>
				<timestamp>937.900355</timestamp>
			</report>
			<report>
				<misses>88500000</misses>
				<total>0</total>
				<timestamp>938.955569</timestamp>
			</report>
			<report>
				<misses>88600000</misses>
				<total>0</total>
				<timestamp>939.996268</timestamp>
			</report>
			<report>
				<misses>88700000</misses>
				<total>0</total>
				<timestamp>941.039217</timestamp>
			</report>
			<report>
				<misses>88800000</misses>
				<total>0</total>
				<timestamp>942.076726</timestamp>
			</report>
			<report>
				<misses>88900000</misses>
				<total>0</total>
				<timestamp>943.123445</timestamp>
			</report>
			<report>
				<misses>89000000</misses>
				<total>0</total>
				<timestamp>944.169958</timestamp>
			</report>
			<report>
				<misses>89100000</misses>
				<total>0</total>
				<timestamp>945.210065</timestamp>
			</report>
			<report>
				<misses>89200000</misses>
				<total>0</total>
				<timestamp>946.254013</timestamp>
			</report>
			<report>
				<misses>89300000</misses>
				<total>0</total>
				<timestamp>947.300027</timestamp>
			</report>
			<report>
				<misses>89400000</misses>
				<total>0</total>
				<timestamp>948.365297</timestamp>
			</report>
			<report>
				<misses>89500000</misses>
				<total>0</total>
				<timestamp>949.423848</timestamp>
			</report>
			<report>
				<misses>89600000</misses>
				<total>0</total>
				<timestamp>950.468636</timestamp>
			</report>
			<report>
				<misses>89700000</misses>
				<total>0</total>
				<timestamp>951.538005</timestamp>
			</report>
			<report>
				<misses>89800000</misses>
				<total>0</total>
				<timestamp>952.587967</timestamp>
			</report>
			<report>
				<misses>89900000</misses>
				<total>0</total>
				<timestamp>953.657401</timestamp>
			</report>
			<report>
				<misses>90000000</misses>
				<total>0</total>
				<timestamp>954.729646</timestamp>
			</report>
			<report>
				<misses>90100000</misses>
				<total>0</total>
				<timestamp>955.784104</timestamp>
			</report>
			<report>
				<misses>90200000</misses>
				<total>0</total>
				<timestamp>956.850953</timestamp>
			</report>
			<report>
				<misses>90300000</misses>
				<total>0</total>
				<timestamp>957.889642</timestamp>
			</report>
			<report>
				<misses>90400000</misses>
				<total>0</total>
				<timestamp>958.929640</timestamp>
			</report>
			<report>
				<misses>90500000</misses>
				<total>0</total>
				<timestamp>959.987771</timestamp>
			</report>
			<report>
				<misses>90600000</misses>
				<total>0</total>
				<timestamp>961.040168</timestamp>
			</report>
			<report>
				<misses>90700000</misses>
				<total>0</total>
				<timestamp>962.094840</timestamp>
			</report>
			<report>
				<misses>90800000</misses>
				<total>0</total>
				<timestamp>963.156013</timestamp>
			</report>
			<report>
				<misses>90900000</misses>
				<total>0</total>
				<timestamp>964.201507</timestamp>
			</report>
			<report>
				<misses>91000000</misses>
				<total>0</total>
				<timestamp>965.267858</timestamp>
			</report>
			<report>
				<misses>91100000</misses>
				<total>0</total>
				<timestamp>966.336111</timestamp>
			</report>
			<report>
				<misses>91200000</misses>
				<total>0</total>
				<timestamp>967.396953</timestamp>
			</report>
			<report>
				<misses>91300000</misses>
				<total>0</total>
				<timestamp>968.500351</timestamp>
			</report>
			<report>
				<misses>91400000</misses>
				<total>0</total>
				<timestamp>969.558226</timestamp>
			</report>
			<report>
				<misses>91500000</misses>
				<total>0</total>
				<timestamp>970.602456</timestamp>
			</report>
			<report>
				<misses>91600000</misses>
				<total>0</total>
				<timestamp>971.701990</timestamp>
			</report>
			<report>
				<misses>91700000</misses>
				<total>0</total>
				<timestamp>972.759278</timestamp>
			</report>
			<report>
				<misses>91800000</misses>
				<total>0</total>
				<timestamp>973.810990</timestamp>
			</report>
			<report>
				<misses>91900000</misses>
				<total>0</total>
				<timestamp>974.854299</timestamp>
			</report>
			<report>
				<misses>92000000</misses>
				<total>0</total>
				<timestamp>975.898996</timestamp>
			</report>
			<report>
				<misses>92100000</misses>
				<total>0</total>
				<timestamp>976.942048</timestamp>
			</report>
			<report>
				<misses>92200000</misses>
				<total>0</total>
				<timestamp>977.995043</timestamp>
			</report>
			<report>
				<misses>92300000</misses>
				<total>0</total>
				<timestamp>979.034004</timestamp>
			</report>
			<report>
				<misses>92400000</misses>
				<total>0</total>
				<timestamp>980.090210</timestamp>
			</report>
			<report>
				<misses>92500000</misses>
				<total>0</total>
				<timestamp>981.170600</timestamp>
			</report>
			<report>
				<misses>92600000</misses>
				<total>0</total>
				<timestamp>982.242187</timestamp>
			</report>
			<report>
				<misses>92700000</misses>
				<total>0</total>
				<timestamp>983.294878</timestamp>
			</report>
			<report>
				<misses>92800000</misses>
				<total>0</total>
				<timestamp>984.357786</timestamp>
			</report>
			<report>
				<misses>92900000</misses>
				<total>0</total>
				<timestamp>985.428182</timestamp>
			</report>
			<report>
				<misses>93000000</misses>
				<total>0</total>
				<timestamp>986.469849</timestamp>
			</report>
			<report>
				<misses>93100000</misses>
				<total>0</total>
				<timestamp>987.517232</timestamp>
			</report>
			<report>
				<misses>93200000</misses>
				<total>0</total>
				<timestamp>988.566471</timestamp>
			</report>
			<report>
				<misses>93300000</misses>
				<total>0</total>
				<timestamp>989.626058</timestamp>
			</report>
			<report>
				<misses>93400000</misses>
				<total>0</total>
				<timestamp>990.674804</timestamp>
			</report>
			<report>
				<misses>93500000</misses>
				<total>0</total>
				<timestamp>991.712101</timestamp>
			</report>
			<report>
				<misses>93600000</misses>
				<total>0</total>
				<timestamp>992.752812</timestamp>
			</report>
			<report>
				<misses>93700000</misses>
				<total>0</total>
				<timestamp>993.797723</timestamp>
			</report>
			<report>
				<misses>93800000</misses>
				<total>0</total>
				<timestamp>994.848324</timestamp>
			</report>
			<report>
				<misses>93900000</misses>
				<total>0</total>
				<timestamp>995.884372</timestamp>
			</report>
			<report>
				<misses>94000000</misses>
				<total>0</total>
				<timestamp>996.928713</timestamp>
			</report>
			<report>
				<misses>94100000</misses>
				<total>0</total>
				<timestamp>997.995424</timestamp>
			</report>
			<report>
				<misses>94200000</misses>
				<total>0</total>
				<timestamp>999.050366</timestamp>
			</report>
			<report>
				<misses>94300000</misses>
				<total>0</total>
				<timestamp>1000.128531</timestamp>
			</report>
			<report>
				<misses>94400000</misses>
				<total>0</total>
				<timestamp>1001.179269</timestamp>
			</report>
			<report>
				<misses>94500000</misses>
				<total>0</total>
				<timestamp>1002.252118</timestamp>
			</report>
			<report>
				<misses>94600000</misses>
				<total>0</total>
				<timestamp>1003.308559</timestamp>
			</report>
			<report>
				<misses>94700000</misses>
				<total>0</total>
				<timestamp>1004.376367</timestamp>
			</report>
			<report>
				<misses>94800000</misses>
				<total>0</total>
				<timestamp>1005.432085</timestamp>
			</report>
			<report>
				<misses>94900000</misses>
				<total>0</total>
				<timestamp>1006.511615</timestamp>
			</report>
			<report>
				<misses>95000000</misses>
				<total>0</total>
				<timestamp>1007.587679</timestamp>
			</report>
			<report>
				<misses>95100000</misses>
				<total>0</total>
				<timestamp>1008.644188</timestamp>
			</report>
			<report>
				<misses>95200000</misses>
				<total>0</total>
				<timestamp>1009.709241</timestamp>
			</report>
			<report>
				<misses>95300000</misses>
				<total>0</total>
				<timestamp>1010.772302</timestamp>
			</report>
			<report>
				<misses>95400000</misses>
				<total>0</total>
				<timestamp>1011.840979</timestamp>
			</report>
			<report>
				<misses>95500000</misses>
				<total>0</total>
				<timestamp>1012.882278</timestamp>
			</report>
			<report>
				<misses>95600000</misses>
				<total>0</total>
				<timestamp>1013.930351</timestamp>
			</report>
			<report>
				<misses>95700000</misses>
				<total>0</total>
				<timestamp>1014.992996</timestamp>
			</report>
			<report>
				<misses>95800000</misses>
				<total>0</total>
				<timestamp>1016.050730</timestamp>
			</report>
			<report>
				<misses>95900000</misses>
				<total>0</total>
				<timestamp>1017.111191</timestamp>
			</report>
			<report>
				<misses>96000000</misses>
				<total>0</total>
				<timestamp>1018.163357</timestamp>
			</report>
			<report>
				<misses>96100000</misses>
				<total>0</total>
				<timestamp>1019.219741</timestamp>
			</report>
			<report>
				<misses>96200000</misses>
				<total>0</total>
				<timestamp>1020.353190</timestamp>
			</report>
			<report>
				<misses>96300000</misses>
				<total>0</total>
				<timestamp>1021.424007</timestamp>
			</report>
			<report>
				<misses>96400000</misses>
				<total>0</total>
				<timestamp>1022.482030</timestamp>
			</report>
			<report>
				<misses>96500000</misses>
				<total>0</total>
				<timestamp>1023.559335</timestamp>
			</report>
			<report>
				<misses>96600000</misses>
				<total>0</total>
				<timestamp>1024.609234</timestamp>
			</report>
			<report>
				<misses>96700000</misses>
				<total>0</total>
				<timestamp>1025.653367</timestamp>
			</report>
			<report>
				<misses>96800000</misses>
				<total>0</total>
				<timestamp>1026.723060</timestamp>
			</report>
			<report>
				<misses>96900000</misses>
				<total>0</total>
				<timestamp>1027.775714</timestamp>
			</report>
			<report>
				<misses>97000000</misses>
				<total>0</total>
				<timestamp>1028.812310</timestamp>
			</report>
			<report>
				<misses>97100000</misses>
				<total>0</total>
				<timestamp>1029.865177</timestamp>
			</report>
			<report>
				<misses>97200000</misses>
				<total>0</total>
				<timestamp>1030.904513</timestamp>
			</report>
			<report>
				<misses>97300000</misses>
				<total>0</total>
				<timestamp>1031.948207</timestamp>
			</report>
			<report>
				<misses>97400000</misses>
				<total>0</total>
				<timestamp>1032.995243</timestamp>
			</report>
			<report>
				<misses>97500000</misses>
				<total>0</total>
				<timestamp>1034.071106</timestamp>
			</report>
			<report>
				<misses>97600000</misses>
				<total>0</total>
				<timestamp>1035.132444</timestamp>
			</report>
			<report>
				<misses>97700000</misses>
				<total>0</total>
				<timestamp>1036.219738</timestamp>
			</report>
			<report>
				<misses>97800000</misses>
				<total>0</total>
				<timestamp>1037.291287</timestamp>
			</report>
			<report>
				<misses>97900000</misses>
				<total>0</total>
				<timestamp>1038.366621</timestamp>
			</report>
			<report>
				<misses>98000000</misses>
				<total>0</total>
				<timestamp>1039.453170</timestamp>
			</report>
			<report>
				<misses>98100000</misses>
				<total>0</total>
				<timestamp>1040.535945</timestamp>
			</report>
			<report>
				<misses>98200000</misses>
				<total>0</total>
				<timestamp>1041.595751</timestamp>
			</report>
			<report>
				<misses>98300000</misses>
				<total>0</total>
				<timestamp>1042.689354</timestamp>
			</report>
			<report>
				<misses>98400000</misses>
				<total>0</total>
				<timestamp>1043.749396</timestamp>
			</report>
			<report>
				<misses>98500000</misses>
				<total>0</total>
				<timestamp>1044.861289</timestamp>
			</report>
			<report>
				<misses>98600000</misses>
				<total>0</total>
				<timestamp>1045.911935</timestamp>
			</report>
			<report>
				<misses>98700000</misses>
				<total>0</total>
				<timestamp>1046.985428</timestamp>
			</report>
			<report>
				<misses>98800000</misses>
				<total>0</total>
				<timestamp>1048.063656</timestamp>
			</report>
			<report>
				<misses>98900000</misses>
				<total>0</total>
				<timestamp>1049.135514</timestamp>
			</report>
			<report>
				<misses>99000000</misses>
				<total>0</total>
				<timestamp>1050.210571</timestamp>
			</report>
			<report>
				<misses>99100000</misses>
				<total>0</total>
				<timestamp>1051.293979</timestamp>
			</report>
			<report>
				<misses>99200000</misses>
				<total>0</total>
				<timestamp>1052.362922</timestamp>
			</report>
			<report>
				<misses>99300000</misses>
				<total>0</total>
				<timestamp>1053.416021</timestamp>
			</report>
			<report>
				<misses>99400000</misses>
				<total>0</total>
				<timestamp>1054.462153</timestamp>
			</report>
			<report>
				<misses>99500000</misses>
				<total>0</total>
				<timestamp>1055.497682</timestamp>
			</report>
			<report>
				<misses>99600000</misses>
				<total>0</total>
				<timestamp>1056.547741</timestamp>
			</report>
			<report>
				<misses>99700000</misses>
				<total>0</total>
				<timestamp>1057.599370</timestamp>
			</report>
			<report>
				<misses>99800000</misses>
				<total>0</total>
				<timestamp>1058.651773</timestamp>
			</report>
			<report>
				<misses>99900000</misses>
				<total>0</total>
				<timestamp>1059.710273</timestamp>
			</report>
			<report>
				<misses>100000000</misses>
				<total>0</total>
				<timestamp>1060.767539</timestamp>
			</report>
			<report>
				<misses>100100000</misses>
				<total>0</total>
				<timestamp>1061.816443</timestamp>
			</report>
			<report>
				<misses>100200000</misses>
				<total>0</total>
				<timestamp>1062.894270</timestamp>
			</report>
			<report>
				<misses>100300000</misses>
				<total>0</total>
				<timestamp>1063.953184</timestamp>
			</report>
			<report>
				<misses>100400000</misses>
				<total>0</total>
				<timestamp>1065.008778</timestamp>
			</report>
			<report>
				<misses>100500000</misses>
				<total>0</total>
				<timestamp>1066.072522</timestamp>
			</report>
			<report>
				<misses>100600000</misses>
				<total>0</total>
				<timestamp>1067.154527</timestamp>
			</report>
			<report>
				<misses>100700000</misses>
				<total>0</total>
				<timestamp>1068.211505</timestamp>
			</report>
			<report>
				<misses>100800000</misses>
				<total>0</total>
				<timestamp>1069.281662</timestamp>
			</report>
			<report>
				<misses>100900000</misses>
				<total>0</total>
				<timestamp>1070.362299</timestamp>
			</report>
			<report>
				<misses>101000000</misses>
				<total>0</total>
				<timestamp>1071.459962</timestamp>
			</report>
			<report>
				<misses>101100000</misses>
				<total>0</total>
				<timestamp>1072.555515</timestamp>
			</report>
			<report>
				<misses>101200000</misses>
				<total>0</total>
				<timestamp>1073.639817</timestamp>
			</report>
			<report>
				<misses>101300000</misses>
				<total>0</total>
				<timestamp>1074.687115</timestamp>
			</report>
			<report>
				<misses>101400000</misses>
				<total>0</total>
				<timestamp>1075.727534</timestamp>
			</report>
			<report>
				<misses>101500000</misses>
				<total>0</total>
				<timestamp>1076.766974</timestamp>
			</report>
			<report>
				<misses>101600000</misses>
				<total>0</total>
				<timestamp>1077.817161</timestamp>
			</report>
			<report>
				<misses>101700000</misses>
				<total>0</total>
				<timestamp>1078.863517</timestamp>
			</report>
			<report>
				<misses>101800000</misses>
				<total>0</total>
				<timestamp>1079.921781</timestamp>
			</report>
			<report>
				<misses>101900000</misses>
				<total>0</total>
				<timestamp>1080.971232</timestamp>
			</report>
			<report>
				<misses>102000000</misses>
				<total>0</total>
				<timestamp>1082.062682</timestamp>
			</report>
			<report>
				<misses>102100000</misses>
				<total>0</total>
				<timestamp>1083.141523</timestamp>
			</report>
			<report>
				<misses>102200000</misses>
				<total>0</total>
				<timestamp>1084.213841</timestamp>
			</report>
			<report>
				<misses>102300000</misses>
				<total>0</total>
				<timestamp>1085.263453</timestamp>
			</report>
			<report>
				<misses>102400000</misses>
				<total>0</total>
				<timestamp>1086.366580</timestamp>
			</report>
			<report>
				<misses>102500000</misses>
				<total>0</total>
				<timestamp>1087.444500</timestamp>
			</report>
			<report>
				<misses>102600000</misses>
				<total>0</total>
				<timestamp>1088.478680</timestamp>
			</report>
			<report>
				<misses>102700000</misses>
				<total>0</total>
				<timestamp>1089.538626</timestamp>
			</report>
			<report>
				<misses>102800000</misses>
				<total>0</total>
				<timestamp>1090.575544</timestamp>
			</report>
			<report>
				<misses>102900000</misses>
				<total>0</total>
				<timestamp>1091.614666</timestamp>
			</report>
			<report>
				<misses>103000000</misses>
				<total>0</total>
				<timestamp>1092.662901</timestamp>
			</report>
			<report>
				<misses>103100000</misses>
				<total>0</total>
				<timestamp>1093.731333</timestamp>
			</report>
			<report>
				<misses>103200000</misses>
				<total>0</total>
				<timestamp>1094.782815</timestamp>
			</report>
			<report>
				<misses>103300000</misses>
				<total>0</total>
				<timestamp>1095.823477</timestamp>
			</report>
			<report>
				<misses>103400000</misses>
				<total>0</total>
				<timestamp>1096.864193</timestamp>
			</report>
			<report>
				<misses>103500000</misses>
				<total>0</total>
				<timestamp>1097.913426</timestamp>
			</report>
			<report>
				<misses>103600000</misses>
				<total>0</total>
				<timestamp>1098.974979</timestamp>
			</report>
			<report>
				<misses>103700000</misses>
				<total>0</total>
				<timestamp>1100.035194</timestamp>
			</report>
			<report>
				<misses>103800000</misses>
				<total>0</total>
				<timestamp>1101.091973</timestamp>
			</report>
			<report>
				<misses>103900000</misses>
				<total>0</total>
				<timestamp>1102.143380</timestamp>
			</report>
			<report>
				<misses>104000000</misses>
				<total>0</total>
				<timestamp>1103.202625</timestamp>
			</report>
			<report>
				<misses>104100000</misses>
				<total>0</total>
				<timestamp>1104.260445</timestamp>
			</report>
			<report>
				<misses>104200000</misses>
				<total>0</total>
				<timestamp>1105.352130</timestamp>
			</report>
			<report>
				<misses>104300000</misses>
				<total>0</total>
				<timestamp>1106.423922</timestamp>
			</report>
			<report>
				<misses>104400000</misses>
				<total>0</total>
				<timestamp>1107.472382</timestamp>
			</report>
			<report>
				<misses>104500000</misses>
				<total>0</total>
				<timestamp>1108.519415</timestamp>
			</report>
			<report>
				<misses>104600000</misses>
				<total>0</total>
				<timestamp>1109.582811</timestamp>
			</report>
			<report>
				<misses>104700000</misses>
				<total>0</total>
				<timestamp>1110.621766</timestamp>
			</report>
			<report>
				<misses>104800000</misses>
				<total>0</total>
				<timestamp>1111.676273</timestamp>
			</report>
			<report>
				<misses>104900000</misses>
				<total>0</total>
				<timestamp>1112.721230</timestamp>
			</report>
			<report>
				<misses>105000000</misses>
				<total>0</total>
				<timestamp>1113.777982</timestamp>
			</report>
			<report>
				<misses>105100000</misses>
				<total>0</total>
				<timestamp>1114.840416</timestamp>
			</report>
			<report>
				<misses>105200000</misses>
				<total>0</total>
				<timestamp>1115.895066</timestamp>
			</report>
			<report>
				<misses>105300000</misses>
				<total>0</total>
				<timestamp>1116.956416</timestamp>
			</report>
			<report>
				<misses>105400000</misses>
				<total>0</total>
				<timestamp>1118.030179</timestamp>
			</report>
			<report>
				<misses>105500000</misses>
				<total>0</total>
				<timestamp>1119.101026</timestamp>
			</report>
			<report>
				<misses>105600000</misses>
				<total>0</total>
				<timestamp>1120.201255</timestamp>
			</report>
			<report>
				<misses>105700000</misses>
				<total>0</total>
				<timestamp>1121.284219</timestamp>
			</report>
			<report>
				<misses>105800000</misses>
				<total>0</total>
				<timestamp>1122.340170</timestamp>
			</report>
			<report>
				<misses>105900000</misses>
				<total>0</total>
				<timestamp>1123.394308</timestamp>
			</report>
			<report>
				<misses>106000000</misses>
				<total>0</total>
				<timestamp>1124.453998</timestamp>
			</report>
			<report>
				<misses>106100000</misses>
				<total>0</total>
				<timestamp>1125.528013</timestamp>
			</report>
			<report>
				<misses>106200000</misses>
				<total>0</total>
				<timestamp>1126.571549</timestamp>
			</report>
			<report>
				<misses>106300000</misses>
				<total>0</total>
				<timestamp>1127.614390</timestamp>
			</report>
			<report>
				<misses>106400000</misses>
				<total>0</total>
				<timestamp>1128.657836</timestamp>
			</report>
			<report>
				<misses>106500000</misses>
				<total>0</total>
				<timestamp>1129.713720</timestamp>
			</report>
			<report>
				<misses>106600000</misses>
				<total>0</total>
				<timestamp>1130.762857</timestamp>
			</report>
			<report>
				<misses>106700000</misses>
				<total>0</total>
				<timestamp>1131.814721</timestamp>
			</report>
			<report>
				<misses>106800000</misses>
				<total>0</total>
				<timestamp>1132.856154</timestamp>
			</report>
			<report>
				<misses>106900000</misses>
				<total>0</total>
				<timestamp>1133.929984</timestamp>
			</report>
			<report>
				<misses>107000000</misses>
				<total>0</total>
				<timestamp>1134.997926</timestamp>
			</report>
			<report>
				<misses>107100000</misses>
				<total>0</total>
				<timestamp>1136.089147</timestamp>
			</report>
			<report>
				<misses>107200000</misses>
				<total>0</total>
				<timestamp>1137.166024</timestamp>
			</report>
			<report>
				<misses>107300000</misses>
				<total>0</total>
				<timestamp>1138.230565</timestamp>
			</report>
			<report>
				<misses>107400000</misses>
				<total>0</total>
				<timestamp>1139.305298</timestamp>
			</report>
			<report>
				<misses>107500000</misses>
				<total>0</total>
				<timestamp>1140.366870</timestamp>
			</report>
			<report>
				<misses>107600000</misses>
				<total>0</total>
				<timestamp>1141.433616</timestamp>
			</report>
			<report>
				<misses>107700000</misses>
				<total>0</total>
				<timestamp>1142.525606</timestamp>
			</report>
			<report>
				<misses>107800000</misses>
				<total>0</total>
				<timestamp>1143.585360</timestamp>
			</report>
			<report>
				<misses>107900000</misses>
				<total>0</total>
				<timestamp>1144.644755</timestamp>
			</report>
			<report>
				<misses>108000000</misses>
				<total>0</total>
				<timestamp>1145.705594</timestamp>
			</report>
			<report>
				<misses>108100000</misses>
				<total>0</total>
				<timestamp>1146.761187</timestamp>
			</report>
			<report>
				<misses>108200000</misses>
				<total>0</total>
				<timestamp>1147.821780</timestamp>
			</report>
			<report>
				<misses>108300000</misses>
				<total>0</total>
				<timestamp>1148.902303</timestamp>
			</report>
			<report>
				<misses>108400000</misses>
				<total>0</total>
				<timestamp>1149.963143</timestamp>
			</report>
			<report>
				<misses>108500000</misses>
				<total>0</total>
				<timestamp>1151.005894</timestamp>
			</report>
			<report>
				<misses>108600000</misses>
				<total>0</total>
				<timestamp>1152.052057</timestamp>
			</report>
			<report>
				<misses>108700000</misses>
				<total>0</total>
				<timestamp>1153.089674</timestamp>
			</report>
			<report>
				<misses>108800000</misses>
				<total>0</total>
				<timestamp>1154.160571</timestamp>
			</report>
			<report>
				<misses>108900000</misses>
				<total>0</total>
				<timestamp>1155.205077</timestamp>
			</report>
			<report>
				<misses>109000000</misses>
				<total>0</total>
				<timestamp>1156.244602</timestamp>
			</report>
			<report>
				<misses>109100000</misses>
				<total>0</total>
				<timestamp>1157.283706</timestamp>
			</report>
			<report>
				<misses>109200000</misses>
				<total>0</total>
				<timestamp>1158.330824</timestamp>
			</report>
			<report>
				<misses>109300000</misses>
				<total>0</total>
				<timestamp>1159.383644</timestamp>
			</report>
			<report>
				<misses>109400000</misses>
				<total>0</total>
				<timestamp>1160.422399</timestamp>
			</report>
			<report>
				<misses>109500000</misses>
				<total>0</total>
				<timestamp>1161.496180</timestamp>
			</report>
			<report>
				<misses>109600000</misses>
				<total>0</total>
				<timestamp>1162.554306</timestamp>
			</report>
			<report>
				<misses>109700000</misses>
				<total>0</total>
				<timestamp>1163.650994</timestamp>
			</report>
			<report>
				<misses>109800000</misses>
				<total>0</total>
				<timestamp>1164.719010</timestamp>
			</report>
			<report>
				<misses>109900000</misses>
				<total>0</total>
				<timestamp>1165.791653</timestamp>
			</report>
			<report>
				<misses>110000000</misses>
				<total>0</total>
				<timestamp>1166.846911</timestamp>
			</report>
			<report>
				<misses>110100000</misses>
				<total>0</total>
				<timestamp>1167.904711</timestamp>
			</report>
			<report>
				<misses>110200000</misses>
				<total>0</total>
				<timestamp>1168.960632</timestamp>
			</report>
			<report>
				<misses>110300000</misses>
				<total>0</total>
				<timestamp>1170.025339</timestamp>
			</report>
			<report>
				<misses>110400000</misses>
				<total>0</total>
				<timestamp>1171.105478</timestamp>
			</report>
			<report>
				<misses>110500000</misses>
				<total>0</total>
				<timestamp>1172.172877</timestamp>
			</report>
			<report>
				<misses>110600000</misses>
				<total>0</total>
				<timestamp>1173.255491</timestamp>
			</report>
			<report>
				<misses>110700000</misses>
				<total>0</total>
				<timestamp>1174.307814</timestamp>
			</report>
			<report>
				<misses>110800000</misses>
				<total>0</total>
				<timestamp>1175.367539</timestamp>
			</report>
			<report>
				<misses>110900000</misses>
				<total>0</total>
				<timestamp>1176.434327</timestamp>
			</report>
			<report>
				<misses>111000000</misses>
				<total>0</total>
				<timestamp>1177.481296</timestamp>
			</report>
			<report>
				<misses>111100000</misses>
				<total>0</total>
				<timestamp>1178.543968</timestamp>
			</report>
			<report>
				<misses>111200000</misses>
				<total>0</total>
				<timestamp>1179.594675</timestamp>
			</report>
			<report>
				<misses>111300000</misses>
				<total>0</total>
				<timestamp>1180.675060</timestamp>
			</report>
			<report>
				<misses>111400000</misses>
				<total>0</total>
				<timestamp>1181.750806</timestamp>
			</report>
			<report>
				<misses>111500000</misses>
				<total>0</total>
				<timestamp>1182.819286</timestamp>
			</report>
			<report>
				<misses>111600000</misses>
				<total>0</total>
				<timestamp>1183.858708</timestamp>
			</report>
			<report>
				<misses>111700000</misses>
				<total>0</total>
				<timestamp>1184.903300</timestamp>
			</report>
			<report>
				<misses>111800000</misses>
				<total>0</total>
				<timestamp>1185.945966</timestamp>
			</report>
			<report>
				<misses>111900000</misses>
				<total>0</total>
				<timestamp>1186.990382</timestamp>
			</report>
			<report>
				<misses>112000000</misses>
				<total>0</total>
				<timestamp>1188.038380</timestamp>
			</report>
			<report>
				<misses>112100000</misses>
				<total>0</total>
				<timestamp>1189.088810</timestamp>
			</report>
			<report>
				<misses>112200000</misses>
				<total>0</total>
				<timestamp>1190.129519</timestamp>
			</report>
			<report>
				<misses>112300000</misses>
				<total>0</total>
				<timestamp>1191.176741</timestamp>
			</report>
			<report>
				<misses>112400000</misses>
				<total>0</total>
				<timestamp>1192.248228</timestamp>
			</report>
			<report>
				<misses>112500000</misses>
				<total>0</total>
				<timestamp>1193.288477</timestamp>
			</report>
			<report>
				<misses>112600000</misses>
				<total>0</total>
				<timestamp>1194.341024</timestamp>
			</report>
			<report>
				<misses>112700000</misses>
				<total>0</total>
				<timestamp>1195.409601</timestamp>
			</report>
			<report>
				<misses>112800000</misses>
				<total>0</total>
				<timestamp>1196.466375</timestamp>
			</report>
			<report>
				<misses>112900000</misses>
				<total>0</total>
				<timestamp>1197.550951</timestamp>
			</report>
			<report>
				<misses>113000000</misses>
				<total>0</total>
				<timestamp>1198.624219</timestamp>
			</report>
			<report>
				<misses>113100000</misses>
				<total>0</total>
				<timestamp>1199.711421</timestamp>
			</report>
			<report>
				<misses>113200000</misses>
				<total>0</total>
				<timestamp>1200.760444</timestamp>
			</report>
			<report>
				<misses>113300000</misses>
				<total>0</total>
				<timestamp>1201.805073</timestamp>
			</report>
			<report>
				<misses>113400000</misses>
				<total>0</total>
				<timestamp>1202.866050</timestamp>
			</report>
			<report>
				<misses>113500000</misses>
				<total>0</total>
				<timestamp>1203.938493</timestamp>
			</report>
			<report>
				<misses>113600000</misses>
				<total>0</total>
				<timestamp>1204.975297</timestamp>
			</report>
			<report>
				<misses>113700000</misses>
				<total>0</total>
				<timestamp>1206.020912</timestamp>
			</report>
			<report>
				<misses>113800000</misses>
				<total>0</total>
				<timestamp>1207.071355</timestamp>
			</report>
			<report>
				<misses>113900000</misses>
				<total>0</total>
				<timestamp>1208.127962</timestamp>
			</report>
			<report>
				<misses>114000000</misses>
				<total>0</total>
				<timestamp>1209.187134</timestamp>
			</report>
			<report>
				<misses>114100000</misses>
				<total>0</total>
				<timestamp>1210.253314</timestamp>
			</report>
			<report>
				<misses>114200000</misses>
				<total>0</total>
				<timestamp>1211.319596</timestamp>
			</report>
			<report>
				<misses>114300000</misses>
				<total>0</total>
				<timestamp>1212.388892</timestamp>
			</report>
			<report>
				<misses>114400000</misses>
				<total>0</total>
				<timestamp>1213.459392</timestamp>
			</report>
			<report>
				<misses>114500000</misses>
				<total>0</total>
				<timestamp>1214.517737</timestamp>
			</report>
			<report>
				<misses>114600000</misses>
				<total>0</total>
				<timestamp>1215.595177</timestamp>
			</report>
			<report>
				<misses>114700000</misses>
				<total>0</total>
				<timestamp>1216.628577</timestamp>
			</report>
			<report>
				<misses>114800000</misses>
				<total>0</total>
				<timestamp>1217.672441</timestamp>
			</report>
			<report>
				<misses>114900000</misses>
				<total>0</total>
				<timestamp>1218.730326</timestamp>
			</report>
			<report>
				<misses>115000000</misses>
				<total>0</total>
				<timestamp>1219.781727</timestamp>
			</report>
			<report>
				<misses>115100000</misses>
				<total>0</total>
				<timestamp>1220.820930</timestamp>
			</report>
			<report>
				<misses>115200000</misses>
				<total>0</total>
				<timestamp>1221.866289</timestamp>
			</report>
			<report>
				<misses>115300000</misses>
				<total>0</total>
				<timestamp>1222.911181</timestamp>
			</report>
			<report>
				<misses>115400000</misses>
				<total>0</total>
				<timestamp>1223.956364</timestamp>
			</report>
			<report>
				<misses>115500000</misses>
				<total>0</total>
				<timestamp>1225.005422</timestamp>
			</report>
			<report>
				<misses>115600000</misses>
				<total>0</total>
				<timestamp>1226.060790</timestamp>
			</report>
			<report>
				<misses>115700000</misses>
				<total>0</total>
				<timestamp>1227.123171</timestamp>
			</report>
			<report>
				<misses>115800000</misses>
				<total>0</total>
				<timestamp>1228.185048</timestamp>
			</report>
			<report>
				<misses>115900000</misses>
				<total>0</total>
				<timestamp>1229.262747</timestamp>
			</report>
			<report>
				<misses>116000000</misses>
				<total>0</total>
				<timestamp>1230.317534</timestamp>
			</report>
			<report>
				<misses>116100000</misses>
				<total>0</total>
				<timestamp>1231.358369</timestamp>
			</report>
			<report>
				<misses>116200000</misses>
				<total>0</total>
				<timestamp>1232.415578</timestamp>
			</report>
			<report>
				<misses>116300000</misses>
				<total>0</total>
				<timestamp>1233.500136</timestamp>
			</report>
			<report>
				<misses>116400000</misses>
				<total>0</total>
				<timestamp>1234.611392</timestamp>
			</report>
			<report>
				<misses>116500000</misses>
				<total>0</total>
				<timestamp>1235.681308</timestamp>
			</report>
			<report>
				<misses>116600000</misses>
				<total>0</total>
				<timestamp>1236.755245</timestamp>
			</report>
			<report>
				<misses>116700000</misses>
				<total>0</total>
				<timestamp>1237.808818</timestamp>
			</report>
			<report>
				<misses>116800000</misses>
				<total>0</total>
				<timestamp>1238.871398</timestamp>
			</report>
			<report>
				<misses>116900000</misses>
				<total>0</total>
				<timestamp>1239.929047</timestamp>
			</report>
			<report>
				<misses>117000000</misses>
				<total>0</total>
				<timestamp>1240.979253</timestamp>
			</report>
			<report>
				<misses>117100000</misses>
				<total>0</total>
				<timestamp>1242.035185</timestamp>
			</report>
			<report>
				<misses>117200000</misses>
				<total>0</total>
				<timestamp>1243.074744</timestamp>
			</report>
			<report>
				<misses>117300000</misses>
				<total>0</total>
				<timestamp>1244.127798</timestamp>
			</report>
			<report>
				<misses>117400000</misses>
				<total>0</total>
				<timestamp>1245.167759</timestamp>
			</report>
			<report>
				<misses>117500000</misses>
				<total>0</total>
				<timestamp>1246.224174</timestamp>
			</report>
			<report>
				<misses>117600000</misses>
				<total>0</total>
				<timestamp>1247.264846</timestamp>
			</report>
			<report>
				<misses>117700000</misses>
				<total>0</total>
				<timestamp>1248.374041</timestamp>
			</report>
			<report>
				<misses>117800000</misses>
				<total>0</total>
				<timestamp>1249.408691</timestamp>
			</report>
			<report>
				<misses>117900000</misses>
				<total>0</total>
				<timestamp>1250.458668</timestamp>
			</report>
			<report>
				<misses>118000000</misses>
				<total>0</total>
				<timestamp>1251.519756</timestamp>
			</report>
			<report>
				<misses>118100000</misses>
				<total>0</total>
				<timestamp>1252.566598</timestamp>
			</report>
			<report>
				<misses>118200000</misses>
				<total>0</total>
				<timestamp>1253.620241</timestamp>
			</report>
			<report>
				<misses>118300000</misses>
				<total>0</total>
				<timestamp>1254.683101</timestamp>
			</report>
			<report>
				<misses>118400000</misses>
				<total>0</total>
				<timestamp>1255.754790</timestamp>
			</report>
			<report>
				<misses>118500000</misses>
				<total>0</total>
				<timestamp>1256.828018</timestamp>
			</report>
			<report>
				<misses>118600000</misses>
				<total>0</total>
				<timestamp>1257.870520</timestamp>
			</report>
			<report>
				<misses>118700000</misses>
				<total>0</total>
				<timestamp>1258.928527</timestamp>
			</report>
			<report>
				<misses>118800000</misses>
				<total>0</total>
				<timestamp>1259.976009</timestamp>
			</report>
			<report>
				<misses>118900000</misses>
				<total>0</total>
				<timestamp>1261.018103</timestamp>
			</report>
			<report>
				<misses>119000000</misses>
				<total>0</total>
				<timestamp>1262.075270</timestamp>
			</report>
			<report>
				<misses>119100000</misses>
				<total>0</total>
				<timestamp>1263.122711</timestamp>
			</report>
			<report>
				<misses>119200000</misses>
				<total>0</total>
				<timestamp>1264.196845</timestamp>
			</report>
			<report>
				<misses>119300000</misses>
				<total>0</total>
				<timestamp>1265.255299</timestamp>
			</report>
			<report>
				<misses>119400000</misses>
				<total>0</total>
				<timestamp>1266.324433</timestamp>
			</report>
			<report>
				<misses>119500000</misses>
				<total>0</total>
				<timestamp>1267.402355</timestamp>
			</report>
			<report>
				<misses>119600000</misses>
				<total>0</total>
				<timestamp>1268.490629</timestamp>
			</report>
			<report>
				<misses>119700000</misses>
				<total>0</total>
				<timestamp>1269.552251</timestamp>
			</report>
			<report>
				<misses>119800000</misses>
				<total>0</total>
				<timestamp>1270.602140</timestamp>
			</report>
			<report>
				<misses>119900000</misses>
				<total>0</total>
				<timestamp>1271.677221</timestamp>
			</report>
			<report>
				<misses>120000000</misses>
				<total>0</total>
				<timestamp>1272.709833</timestamp>
			</report>
			<report>
				<misses>120100000</misses>
				<total>0</total>
				<timestamp>1273.761934</timestamp>
			</report>
			<report>
				<misses>120200000</misses>
				<total>0</total>
				<timestamp>1274.819051</timestamp>
			</report>
			<report>
				<misses>120300000</misses>
				<total>0</total>
				<timestamp>1275.866927</timestamp>
			</report>
			<report>
				<misses>120400000</misses>
				<total>0</total>
				<timestamp>1276.921097</timestamp>
			</report>
			<report>
				<misses>120500000</misses>
				<total>0</total>
				<timestamp>1277.958610</timestamp>
			</report>
			<report>
				<misses>120600000</misses>
				<total>0</total>
				<timestamp>1278.996103</timestamp>
			</report>
			<report>
				<misses>120700000</misses>
				<total>0</total>
				<timestamp>1280.052847</timestamp>
			</report>
			<report>
				<misses>120800000</misses>
				<total>0</total>
				<timestamp>1281.103671</timestamp>
			</report>
			<report>
				<misses>120900000</misses>
				<total>0</total>
				<timestamp>1282.145508</timestamp>
			</report>
			<report>
				<misses>121000000</misses>
				<total>0</total>
				<timestamp>1283.202629</timestamp>
			</report>
			<report>
				<misses>121100000</misses>
				<total>0</total>
				<timestamp>1284.296048</timestamp>
			</report>
			<report>
				<misses>121200000</misses>
				<total>0</total>
				<timestamp>1285.356193</timestamp>
			</report>
			<report>
				<misses>121300000</misses>
				<total>0</total>
				<timestamp>1286.417464</timestamp>
			</report>
			<report>
				<misses>121400000</misses>
				<total>0</total>
				<timestamp>1287.504543</timestamp>
			</report>
			<report>
				<misses>121500000</misses>
				<total>0</total>
				<timestamp>1288.567624</timestamp>
			</report>
			<report>
				<misses>121600000</misses>
				<total>0</total>
				<timestamp>1289.655020</timestamp>
			</report>
			<report>
				<misses>121700000</misses>
				<total>0</total>
				<timestamp>1290.732591</timestamp>
			</report>
			<report>
				<misses>121800000</misses>
				<total>0</total>
				<timestamp>1291.800709</timestamp>
			</report>
			<report>
				<misses>121900000</misses>
				<total>0</total>
				<timestamp>1292.871996</timestamp>
			</report>
			<report>
				<misses>122000000</misses>
				<total>0</total>
				<timestamp>1293.918745</timestamp>
			</report>
			<report>
				<misses>122100000</misses>
				<total>0</total>
				<timestamp>1295.004032</timestamp>
			</report>
			<report>
				<misses>122200000</misses>
				<total>0</total>
				<timestamp>1296.045806</timestamp>
			</report>
			<report>
				<misses>122300000</misses>
				<total>0</total>
				<timestamp>1297.097080</timestamp>
			</report>
			<report>
				<misses>122400000</misses>
				<total>0</total>
				<timestamp>1298.133151</timestamp>
			</report>
			<report>
				<misses>122500000</misses>
				<total>0</total>
				<timestamp>1299.192833</timestamp>
			</report>
			<report>
				<misses>122600000</misses>
				<total>0</total>
				<timestamp>1300.242741</timestamp>
			</report>
			<report>
				<misses>122700000</misses>
				<total>0</total>
				<timestamp>1301.294581</timestamp>
			</report>
			<report>
				<misses>122800000</misses>
				<total>0</total>
				<timestamp>1302.379344</timestamp>
			</report>
			<report>
				<misses>122900000</misses>
				<total>0</total>
				<timestamp>1303.442014</timestamp>
			</report>
			<report>
				<misses>123000000</misses>
				<total>0</total>
				<timestamp>1304.519464</timestamp>
			</report>
			<report>
				<misses>123100000</misses>
				<total>0</total>
				<timestamp>1305.584097</timestamp>
			</report>
			<report>
				<misses>123200000</misses>
				<total>0</total>
				<timestamp>1306.642158</timestamp>
			</report>
			<report>
				<misses>123300000</misses>
				<total>0</total>
				<timestamp>1307.695407</timestamp>
			</report>
			<report>
				<misses>123400000</misses>
				<total>0</total>
				<timestamp>1308.767926</timestamp>
			</report>
			<report>
				<misses>123500000</misses>
				<total>0</total>
				<timestamp>1309.831350</timestamp>
			</report>
			<report>
				<misses>123600000</misses>
				<total>0</total>
				<timestamp>1310.899146</timestamp>
			</report>
			<report>
				<misses>123700000</misses>
				<total>0</total>
				<timestamp>1312.008663</timestamp>
			</report>
			<report>
				<misses>123800000</misses>
				<total>0</total>
				<timestamp>1313.038689</timestamp>
			</report>
			<report>
				<misses>123900000</misses>
				<total>0</total>
				<timestamp>1314.087751</timestamp>
			</report>
			<report>
				<misses>124000000</misses>
				<total>0</total>
				<timestamp>1315.130704</timestamp>
			</report>
			<report>
				<misses>124100000</misses>
				<total>0</total>
				<timestamp>1316.176767</timestamp>
			</report>
			<report>
				<misses>124200000</misses>
				<total>0</total>
				<timestamp>1317.224201</timestamp>
			</report>
			<report>
				<misses>124300000</misses>
				<total>0</total>
				<timestamp>1318.273413</timestamp>
			</report>
			<report>
				<misses>124400000</misses>
				<total>0</total>
				<timestamp>1319.320244</timestamp>
			</report>
			<report>
				<misses>124500000</misses>
				<total>0</total>
				<timestamp>1320.410565</timestamp>
			</report>
			<report>
				<misses>124600000</misses>
				<total>0</total>
				<timestamp>1321.473825</timestamp>
			</report>
			<report>
				<misses>124700000</misses>
				<total>0</total>
				<timestamp>1322.538533</timestamp>
			</report>
			<report>
				<misses>124800000</misses>
				<total>0</total>
				<timestamp>1323.592232</timestamp>
			</report>
			<report>
				<misses>124900000</misses>
				<total>0</total>
				<timestamp>1324.656853</timestamp>
			</report>
			<report>
				<misses>125000000</misses>
				<total>0</total>
				<timestamp>1325.735015</timestamp>
			</report>
			<report>
				<misses>125100000</misses>
				<total>0</total>
				<timestamp>1326.792327</timestamp>
			</report>
			<report>
				<misses>125200000</misses>
				<total>0</total>
				<timestamp>1327.853431</timestamp>
			</report>
			<report>
				<misses>125300000</misses>
				<total>0</total>
				<timestamp>1328.891043</timestamp>
			</report>
			<report>
				<misses>125400000</misses>
				<total>0</total>
				<timestamp>1329.951334</timestamp>
			</report>
			<report>
				<misses>125500000</misses>
				<total>0</total>
				<timestamp>1330.984726</timestamp>
			</report>
			<report>
				<misses>125600000</misses>
				<total>0</total>
				<timestamp>1332.060280</timestamp>
			</report>
			<report>
				<misses>125700000</misses>
				<total>0</total>
				<timestamp>1333.124151</timestamp>
			</report>
			<report>
				<misses>125800000</misses>
				<total>0</total>
				<timestamp>1334.176044</timestamp>
			</report>
			<report>
				<misses>125900000</misses>
				<total>0</total>
				<timestamp>1335.260795</timestamp>
			</report>
			<report>
				<misses>126000000</misses>
				<total>0</total>
				<timestamp>1336.313801</timestamp>
			</report>
			<report>
				<misses>126100000</misses>
				<total>0</total>
				<timestamp>1337.373169</timestamp>
			</report>
			<report>
				<misses>126200000</misses>
				<total>0</total>
				<timestamp>1338.425929</timestamp>
			</report>
			<report>
				<misses>126300000</misses>
				<total>0</total>
				<timestamp>1339.483419</timestamp>
			</report>
			<report>
				<misses>126400000</misses>
				<total>0</total>
				<timestamp>1340.575907</timestamp>
			</report>
			<report>
				<misses>126500000</misses>
				<total>0</total>
				<timestamp>1341.648445</timestamp>
			</report>
			<report>
				<misses>126600000</misses>
				<total>0</total>
				<timestamp>1342.692679</timestamp>
			</report>
			<report>
				<misses>126700000</misses>
				<total>0</total>
				<timestamp>1343.749857</timestamp>
			</report>
			<report>
				<misses>126800000</misses>
				<total>0</total>
				<timestamp>1344.802826</timestamp>
			</report>
			<report>
				<misses>126900000</misses>
				<total>0</total>
				<timestamp>1345.849200</timestamp>
			</report>
			<report>
				<misses>127000000</misses>
				<total>0</total>
				<timestamp>1346.907558</timestamp>
			</report>
			<report>
				<misses>127100000</misses>
				<total>0</total>
				<timestamp>1347.957680</timestamp>
			</report>
			<report>
				<misses>127200000</misses>
				<total>0</total>
				<timestamp>1349.000451</timestamp>
			</report>
			<report>
				<misses>127300000</misses>
				<total>0</total>
				<timestamp>1350.043003</timestamp>
			</report>
			<report>
				<misses>127400000</misses>
				<total>0</total>
				<timestamp>1351.104904</timestamp>
			</report>
			<report>
				<misses>127500000</misses>
				<total>0</total>
				<timestamp>1352.160559</timestamp>
			</report>
			<report>
				<misses>127600000</misses>
				<total>0</total>
				<timestamp>1353.243520</timestamp>
			</report>
			<report>
				<misses>127700000</misses>
				<total>0</total>
				<timestamp>1354.314402</timestamp>
			</report>
			<report>
				<misses>127800000</misses>
				<total>0</total>
				<timestamp>1355.381215</timestamp>
			</report>
			<report>
				<misses>127900000</misses>
				<total>0</total>
				<timestamp>1356.456613</timestamp>
			</report>
			<report>
				<misses>128000000</misses>
				<total>0</total>
				<timestamp>1357.512449</timestamp>
			</report>
			<report>
				<misses>128100000</misses>
				<total>0</total>
				<timestamp>1358.598746</timestamp>
			</report>
			<report>
				<misses>128200000</misses>
				<total>0</total>
				<timestamp>1359.679782</timestamp>
			</report>
			<report>
				<misses>128300000</misses>
				<total>0</total>
				<timestamp>1360.729716</timestamp>
			</report>
			<report>
				<misses>128400000</misses>
				<total>0</total>
				<timestamp>1361.767309</timestamp>
			</report>
			<report>
				<misses>128500000</misses>
				<total>0</total>
				<timestamp>1362.822352</timestamp>
			</report>
			<report>
				<misses>128600000</misses>
				<total>0</total>
				<timestamp>1363.888943</timestamp>
			</report>
			<report>
				<misses>128700000</misses>
				<total>0</total>
				<timestamp>1364.932022</timestamp>
			</report>
			<report>
				<misses>128800000</misses>
				<total>0</total>
				<timestamp>1365.998380</timestamp>
			</report>
			<report>
				<misses>128900000</misses>
				<total>0</total>
				<timestamp>1367.060453</timestamp>
			</report>
			<report>
				<misses>129000000</misses>
				<total>0</total>
				<timestamp>1368.122748</timestamp>
			</report>
			<report>
				<misses>129100000</misses>
				<total>0</total>
				<timestamp>1369.154456</timestamp>
			</report>
			<report>
				<misses>129200000</misses>
				<total>0</total>
				<timestamp>1370.222460</timestamp>
			</report>
			<report>
				<misses>129300000</misses>
				<total>0</total>
				<timestamp>1371.280159</timestamp>
			</report>
			<report>
				<misses>129400000</misses>
				<total>0</total>
				<timestamp>1372.339031</timestamp>
			</report>
			<report>
				<misses>129500000</misses>
				<total>0</total>
				<timestamp>1373.383147</timestamp>
			</report>
			<report>
				<misses>129600000</misses>
				<total>0</total>
				<timestamp>1374.458574</timestamp>
			</report>
			<report>
				<misses>129700000</misses>
				<total>0</total>
				<timestamp>1375.541524</timestamp>
			</report>
			<report>
				<misses>129800000</misses>
				<total>0</total>
				<timestamp>1376.616039</timestamp>
			</report>
			<report>
				<misses>129900000</misses>
				<total>0</total>
				<timestamp>1377.682751</timestamp>
			</report>
			<report>
				<misses>130000000</misses>
				<total>0</total>
				<timestamp>1378.770889</timestamp>
			</report>
			<report>
				<misses>130100000</misses>
				<total>0</total>
				<timestamp>1379.827499</timestamp>
			</report>
			<report>
				<misses>130200000</misses>
				<total>0</total>
				<timestamp>1380.886190</timestamp>
			</report>
			<report>
				<misses>130300000</misses>
				<total>0</total>
				<timestamp>1381.957833</timestamp>
			</report>
			<report>
				<misses>130400000</misses>
				<total>0</total>
				<timestamp>1383.032540</timestamp>
			</report>
			<report>
				<misses>130500000</misses>
				<total>0</total>
				<timestamp>1384.070688</timestamp>
			</report>
			<report>
				<misses>130600000</misses>
				<total>0</total>
				<timestamp>1385.115610</timestamp>
			</report>
			<report>
				<misses>130700000</misses>
				<total>0</total>
				<timestamp>1386.152774</timestamp>
			</report>
			<report>
				<misses>130800000</misses>
				<total>0</total>
				<timestamp>1387.197355</timestamp>
			</report>
			<report>
				<misses>130900000</misses>
				<total>0</total>
				<timestamp>1388.253777</timestamp>
			</report>
			<report>
				<misses>131000000</misses>
				<total>0</total>
				<timestamp>1389.299423</timestamp>
			</report>
			<report>
				<misses>131100000</misses>
				<total>0</total>
				<timestamp>1390.370758</timestamp>
			</report>
			<report>
				<misses>131200000</misses>
				<total>0</total>
				<timestamp>1391.430241</timestamp>
			</report>
			<report>
				<misses>131300000</misses>
				<total>0</total>
				<timestamp>1392.500922</timestamp>
			</report>
			<report>
				<misses>131400000</misses>
				<total>0</total>
				<timestamp>1393.567554</timestamp>
			</report>
			<report>
				<misses>131500000</misses>
				<total>0</total>
				<timestamp>1394.618260</timestamp>
			</report>
			<report>
				<misses>131600000</misses>
				<total>0</total>
				<timestamp>1395.692898</timestamp>
			</report>
			<report>
				<misses>131700000</misses>
				<total>0</total>
				<timestamp>1396.764897</timestamp>
			</report>
			<report>
				<misses>131800000</misses>
				<total>0</total>
				<timestamp>1397.832569</timestamp>
			</report>
			<report>
				<misses>131900000</misses>
				<total>0</total>
				<timestamp>1398.896580</timestamp>
			</report>
			<report>
				<misses>132000000</misses>
				<total>0</total>
				<timestamp>1399.965058</timestamp>
			</report>
			<report>
				<misses>132100000</misses>
				<total>0</total>
				<timestamp>1401.024525</timestamp>
			</report>
			<report>
				<misses>132200000</misses>
				<total>0</total>
				<timestamp>1402.099547</timestamp>
			</report>
			<report>
				<misses>132300000</misses>
				<total>0</total>
				<timestamp>1403.153907</timestamp>
			</report>
			<report>
				<misses>132400000</misses>
				<total>0</total>
				<timestamp>1404.215539</timestamp>
			</report>
			<report>
				<misses>132500000</misses>
				<total>0</total>
				<timestamp>1405.251582</timestamp>
			</report>
			<report>
				<misses>132600000</misses>
				<total>0</total>
				<timestamp>1406.296169</timestamp>
			</report>
			<report>
				<misses>132700000</misses>
				<total>0</total>
				<timestamp>1407.347548</timestamp>
			</report>
			<report>
				<misses>132800000</misses>
				<total>0</total>
				<timestamp>1408.406986</timestamp>
			</report>
			<report>
				<misses>132900000</misses>
				<total>0</total>
				<timestamp>1409.482959</timestamp>
			</report>
			<report>
				<misses>133000000</misses>
				<total>0</total>
				<timestamp>1410.553923</timestamp>
			</report>
			<report>
				<misses>133100000</misses>
				<total>0</total>
				<timestamp>1411.622242</timestamp>
			</report>
			<report>
				<misses>133200000</misses>
				<total>0</total>
				<timestamp>1412.690040</timestamp>
			</report>
			<report>
				<misses>133300000</misses>
				<total>0</total>
				<timestamp>1413.736395</timestamp>
			</report>
			<report>
				<misses>133400000</misses>
				<total>0</total>
				<timestamp>1414.806089</timestamp>
			</report>
			<report>
				<misses>133500000</misses>
				<total>0</total>
				<timestamp>1415.869221</timestamp>
			</report>
			<report>
				<misses>133600000</misses>
				<total>0</total>
				<timestamp>1416.936968</timestamp>
			</report>
			<report>
				<misses>133700000</misses>
				<total>0</total>
				<timestamp>1417.988083</timestamp>
			</report>
			<report>
				<misses>133800000</misses>
				<total>0</total>
				<timestamp>1419.032017</timestamp>
			</report>
			<report>
				<misses>133900000</misses>
				<total>0</total>
				<timestamp>1420.073714</timestamp>
			</report>
			<report>
				<misses>134000000</misses>
				<total>0</total>
				<timestamp>1421.142893</timestamp>
			</report>
			<report>
				<misses>134100000</misses>
				<total>0</total>
				<timestamp>1422.209416</timestamp>
			</report>
			<report>
				<misses>134200000</misses>
				<total>0</total>
				<timestamp>1423.276055</timestamp>
			</report>
			<report>
				<misses>134300000</misses>
				<total>0</total>
				<timestamp>1424.311947</timestamp>
			</report>
			<report>
				<misses>134400000</misses>
				<total>0</total>
				<timestamp>1425.362079</timestamp>
			</report>
			<report>
				<misses>134500000</misses>
				<total>0</total>
				<timestamp>1426.439558</timestamp>
			</report>
			<report>
				<misses>134600000</misses>
				<total>0</total>
				<timestamp>1427.512106</timestamp>
			</report>
			<report>
				<misses>134700000</misses>
				<total>0</total>
				<timestamp>1428.579274</timestamp>
			</report>
			<report>
				<misses>134800000</misses>
				<total>0</total>
				<timestamp>1429.628251</timestamp>
			</report>
			<report>
				<misses>134900000</misses>
				<total>0</total>
				<timestamp>1430.676030</timestamp>
			</report>
			<report>
				<misses>135000000</misses>
				<total>0</total>
				<timestamp>1431.735720</timestamp>
			</report>
			<report>
				<misses>135100000</misses>
				<total>0</total>
				<timestamp>1432.813532</timestamp>
			</report>
			<report>
				<misses>135200000</misses>
				<total>0</total>
				<timestamp>1433.870026</timestamp>
			</report>
			<report>
				<misses>135300000</misses>
				<total>0</total>
				<timestamp>1434.965693</timestamp>
			</report>
			<report>
				<misses>135400000</misses>
				<total>0</total>
				<timestamp>1436.015066</timestamp>
			</report>
			<report>
				<misses>135500000</misses>
				<total>0</total>
				<timestamp>1437.056626</timestamp>
			</report>
			<report>
				<misses>135600000</misses>
				<total>0</total>
				<timestamp>1438.109300</timestamp>
			</report>
			<report>
				<misses>135700000</misses>
				<total>0</total>
				<timestamp>1439.166898</timestamp>
			</report>
			<report>
				<misses>135800000</misses>
				<total>0</total>
				<timestamp>1440.233419</timestamp>
			</report>
			<report>
				<misses>135900000</misses>
				<total>0</total>
				<timestamp>1441.278113</timestamp>
			</report>
			<report>
				<misses>136000000</misses>
				<total>0</total>
				<timestamp>1442.335970</timestamp>
			</report>
			<report>
				<misses>136100000</misses>
				<total>0</total>
				<timestamp>1443.411365</timestamp>
			</report>
			<report>
				<misses>136200000</misses>
				<total>0</total>
				<timestamp>1444.464083</timestamp>
			</report>
			<report>
				<misses>136300000</misses>
				<total>0</total>
				<timestamp>1445.524428</timestamp>
			</report>
			<report>
				<misses>136400000</misses>
				<total>0</total>
				<timestamp>1446.576606</timestamp>
			</report>
			<report>
				<misses>136500000</misses>
				<total>0</total>
				<timestamp>1447.659025</timestamp>
			</report>
			<report>
				<misses>136600000</misses>
				<total>0</total>
				<timestamp>1448.730218</timestamp>
			</report>
			<report>
				<misses>136700000</misses>
				<total>0</total>
				<timestamp>1449.796712</timestamp>
			</report>
			<report>
				<misses>136800000</misses>
				<total>0</total>
				<timestamp>1450.852458</timestamp>
			</report>
			<report>
				<misses>136900000</misses>
				<total>0</total>
				<timestamp>1451.961208</timestamp>
			</report>
			<report>
				<misses>137000000</misses>
				<total>0</total>
				<timestamp>1453.047862</timestamp>
			</report>
			<report>
				<misses>137100000</misses>
				<total>0</total>
				<timestamp>1454.100496</timestamp>
			</report>
			<report>
				<misses>137200000</misses>
				<total>0</total>
				<timestamp>1455.168955</timestamp>
			</report>
			<report>
				<misses>137300000</misses>
				<total>0</total>
				<timestamp>1456.208952</timestamp>
			</report>
			<report>
				<misses>137400000</misses>
				<total>0</total>
				<timestamp>1457.249227</timestamp>
			</report>
			<report>
				<misses>137500000</misses>
				<total>0</total>
				<timestamp>1458.305617</timestamp>
			</report>
			<report>
				<misses>137600000</misses>
				<total>0</total>
				<timestamp>1459.351801</timestamp>
			</report>
			<report>
				<misses>137700000</misses>
				<total>0</total>
				<timestamp>1460.397113</timestamp>
			</report>
			<report>
				<misses>137800000</misses>
				<total>0</total>
				<timestamp>1461.436925</timestamp>
			</report>
			<report>
				<misses>137900000</misses>
				<total>0</total>
				<timestamp>1462.471251</timestamp>
			</report>
			<report>
				<misses>138000000</misses>
				<total>0</total>
				<timestamp>1463.531045</timestamp>
			</report>
			<report>
				<misses>138100000</misses>
				<total>0</total>
				<timestamp>1464.590862</timestamp>
			</report>
			<report>
				<misses>138200000</misses>
				<total>0</total>
				<timestamp>1465.668909</timestamp>
			</report>
			<report>
				<misses>138300000</misses>
				<total>0</total>
				<timestamp>1466.722738</timestamp>
			</report>
			<report>
				<misses>138400000</misses>
				<total>0</total>
				<timestamp>1467.776405</timestamp>
			</report>
			<report>
				<misses>138500000</misses>
				<total>0</total>
				<timestamp>1468.841573</timestamp>
			</report>
			<report>
				<misses>138600000</misses>
				<total>0</total>
				<timestamp>1469.894537</timestamp>
			</report>
			<report>
				<misses>138700000</misses>
				<total>0</total>
				<timestamp>1470.970230</timestamp>
			</report>
			<report>
				<misses>138800000</misses>
				<total>0</total>
				<timestamp>1472.020950</timestamp>
			</report>
			<report>
				<misses>138900000</misses>
				<total>0</total>
				<timestamp>1473.094758</timestamp>
			</report>
			<report>
				<misses>139000000</misses>
				<total>0</total>
				<timestamp>1474.148966</timestamp>
			</report>
			<report>
				<misses>139100000</misses>
				<total>0</total>
				<timestamp>1475.249792</timestamp>
			</report>
			<report>
				<misses>139200000</misses>
				<total>0</total>
				<timestamp>1476.304989</timestamp>
			</report>
			<report>
				<misses>139300000</misses>
				<total>0</total>
				<timestamp>1477.389533</timestamp>
			</report>
			<report>
				<misses>139400000</misses>
				<total>0</total>
				<timestamp>1478.462168</timestamp>
			</report>
			<report>
				<misses>139500000</misses>
				<total>0</total>
				<timestamp>1479.515945</timestamp>
			</report>
			<report>
				<misses>139600000</misses>
				<total>0</total>
				<timestamp>1480.559934</timestamp>
			</report>
			<report>
				<misses>139700000</misses>
				<total>0</total>
				<timestamp>1481.604509</timestamp>
			</report>
			<report>
				<misses>139800000</misses>
				<total>0</total>
				<timestamp>1482.649373</timestamp>
			</report>
			<report>
				<misses>139900000</misses>
				<total>0</total>
				<timestamp>1483.689863</timestamp>
			</report>
			<report>
				<misses>140000000</misses>
				<total>0</total>
				<timestamp>1484.742955</timestamp>
			</report>
			<report>
				<misses>140100000</misses>
				<total>0</total>
				<timestamp>1485.780451</timestamp>
			</report>
			<report>
				<misses>140200000</misses>
				<total>0</total>
				<timestamp>1486.847579</timestamp>
			</report>
			<report>
				<misses>140300000</misses>
				<total>0</total>
				<timestamp>1487.932972</timestamp>
			</report>
			<report>
				<misses>140400000</misses>
				<total>0</total>
				<timestamp>1488.979718</timestamp>
			</report>
			<report>
				<misses>140500000</misses>
				<total>0</total>
				<timestamp>1490.023947</timestamp>
			</report>
			<report>
				<misses>140600000</misses>
				<total>0</total>
				<timestamp>1491.102812</timestamp>
			</report>
			<report>
				<misses>140700000</misses>
				<total>0</total>
				<timestamp>1492.186195</timestamp>
			</report>
			<report>
				<misses>140800000</misses>
				<total>0</total>
				<timestamp>1493.252498</timestamp>
			</report>
			<report>
				<misses>140900000</misses>
				<total>0</total>
				<timestamp>1494.352263</timestamp>
			</report>
			<report>
				<misses>141000000</misses>
				<total>0</total>
				<timestamp>1495.411501</timestamp>
			</report>
			<report>
				<misses>141100000</misses>
				<total>0</total>
				<timestamp>1496.491528</timestamp>
			</report>
			<report>
				<misses>141200000</misses>
				<total>0</total>
				<timestamp>1497.567388</timestamp>
			</report>
			<report>
				<misses>141300000</misses>
				<total>0</total>
				<timestamp>1498.633184</timestamp>
			</report>
			<report>
				<misses>141400000</misses>
				<total>0</total>
				<timestamp>1499.691928</timestamp>
			</report>
			<report>
				<misses>141500000</misses>
				<total>0</total>
				<timestamp>1500.764184</timestamp>
			</report>
			<report>
				<misses>141600000</misses>
				<total>0</total>
				<timestamp>1501.858426</timestamp>
			</report>
			<report>
				<misses>141700000</misses>
				<total>0</total>
				<timestamp>1502.927355</timestamp>
			</report>
			<report>
				<misses>141800000</misses>
				<total>0</total>
				<timestamp>1503.985467</timestamp>
			</report>
			<report>
				<misses>141900000</misses>
				<total>0</total>
				<timestamp>1505.023901</timestamp>
			</report>
			<report>
				<misses>142000000</misses>
				<total>0</total>
				<timestamp>1506.060621</timestamp>
			</report>
			<report>
				<misses>142100000</misses>
				<total>0</total>
				<timestamp>1507.108408</timestamp>
			</report>
			<report>
				<misses>142200000</misses>
				<total>0</total>
				<timestamp>1508.151794</timestamp>
			</report>
			<report>
				<misses>142300000</misses>
				<total>0</total>
				<timestamp>1509.198412</timestamp>
			</report>
			<report>
				<misses>142400000</misses>
				<total>0</total>
				<timestamp>1510.264391</timestamp>
			</report>
			<report>
				<misses>142500000</misses>
				<total>0</total>
				<timestamp>1511.327079</timestamp>
			</report>
			<report>
				<misses>142600000</misses>
				<total>0</total>
				<timestamp>1512.361954</timestamp>
			</report>
			<report>
				<misses>142700000</misses>
				<total>0</total>
				<timestamp>1513.439819</timestamp>
			</report>
			<report>
				<misses>142800000</misses>
				<total>0</total>
				<timestamp>1514.494644</timestamp>
			</report>
			<report>
				<misses>142900000</misses>
				<total>0</total>
				<timestamp>1515.569895</timestamp>
			</report>
			<report>
				<misses>143000000</misses>
				<total>0</total>
				<timestamp>1516.623988</timestamp>
			</report>
			<report>
				<misses>143100000</misses>
				<total>0</total>
				<timestamp>1517.695240</timestamp>
			</report>
			<report>
				<misses>143200000</misses>
				<total>0</total>
				<timestamp>1518.755504</timestamp>
			</report>
			<report>
				<misses>143300000</misses>
				<total>0</total>
				<timestamp>1519.806711</timestamp>
			</report>
			<report>
				<misses>143400000</misses>
				<total>0</total>
				<timestamp>1520.882948</timestamp>
			</report>
			<report>
				<misses>143500000</misses>
				<total>0</total>
				<timestamp>1521.946397</timestamp>
			</report>
			<report>
				<misses>143600000</misses>
				<total>0</total>
				<timestamp>1522.997118</timestamp>
			</report>
			<report>
				<misses>143700000</misses>
				<total>0</total>
				<timestamp>1524.056007</timestamp>
			</report>
			<report>
				<misses>143800000</misses>
				<total>0</total>
				<timestamp>1525.097862</timestamp>
			</report>
			<report>
				<misses>143900000</misses>
				<total>0</total>
				<timestamp>1526.153336</timestamp>
			</report>
			<report>
				<misses>144000000</misses>
				<total>0</total>
				<timestamp>1527.216810</timestamp>
			</report>
			<report>
				<misses>144100000</misses>
				<total>0</total>
				<timestamp>1528.273139</timestamp>
			</report>
			<report>
				<misses>144200000</misses>
				<total>0</total>
				<timestamp>1529.361212</timestamp>
			</report>
			<report>
				<misses>144300000</misses>
				<total>0</total>
				<timestamp>1530.445114</timestamp>
			</report>
			<report>
				<misses>144400000</misses>
				<total>0</total>
				<timestamp>1531.525709</timestamp>
			</report>
			<report>
				<misses>144500000</misses>
				<total>0</total>
				<timestamp>1532.578422</timestamp>
			</report>
			<report>
				<misses>144600000</misses>
				<total>0</total>
				<timestamp>1533.636545</timestamp>
			</report>
			<report>
				<misses>144700000</misses>
				<total>0</total>
				<timestamp>1534.694200</timestamp>
			</report>
			<report>
				<misses>144800000</misses>
				<total>0</total>
				<timestamp>1535.762977</timestamp>
			</report>
			<report>
				<misses>144900000</misses>
				<total>0</total>
				<timestamp>1536.800678</timestamp>
			</report>
			<report>
				<misses>145000000</misses>
				<total>0</total>
				<timestamp>1537.838191</timestamp>
			</report>
			<report>
				<misses>145100000</misses>
				<total>0</total>
				<timestamp>1538.875400</timestamp>
			</report>
			<report>
				<misses>145200000</misses>
				<total>0</total>
				<timestamp>1539.934614</timestamp>
			</report>
			<report>
				<misses>145300000</misses>
				<total>0</total>
				<timestamp>1540.982556</timestamp>
			</report>
			<report>
				<misses>145400000</misses>
				<total>0</total>
				<timestamp>1542.036679</timestamp>
			</report>
			<report>
				<misses>145500000</misses>
				<total>0</total>
				<timestamp>1543.081378</timestamp>
			</report>
			<report>
				<misses>145600000</misses>
				<total>0</total>
				<timestamp>1544.144657</timestamp>
			</report>
			<report>
				<misses>145700000</misses>
				<total>0</total>
				<timestamp>1545.220941</timestamp>
			</report>
			<report>
				<misses>145800000</misses>
				<total>0</total>
				<timestamp>1546.290151</timestamp>
			</report>
			<report>
				<misses>145900000</misses>
				<total>0</total>
				<timestamp>1547.341155</timestamp>
			</report>
			<report>
				<misses>146000000</misses>
				<total>0</total>
				<timestamp>1548.394807</timestamp>
			</report>
			<report>
				<misses>146100000</misses>
				<total>0</total>
				<timestamp>1549.478293</timestamp>
			</report>
			<report>
				<misses>146200000</misses>
				<total>0</total>
				<timestamp>1550.534297</timestamp>
			</report>
			<report>
				<misses>146300000</misses>
				<total>0</total>
				<timestamp>1551.603875</timestamp>
			</report>
			<report>
				<misses>146400000</misses>
				<total>0</total>
				<timestamp>1552.656759</timestamp>
			</report>
			<report>
				<misses>146500000</misses>
				<total>0</total>
				<timestamp>1553.712257</timestamp>
			</report>
			<report>
				<misses>146600000</misses>
				<total>0</total>
				<timestamp>1554.751484</timestamp>
			</report>
			<report>
				<misses>146700000</misses>
				<total>0</total>
				<timestamp>1555.810175</timestamp>
			</report>
			<report>
				<misses>146800000</misses>
				<total>0</total>
				<timestamp>1556.861941</timestamp>
			</report>
			<report>
				<misses>146900000</misses>
				<total>0</total>
				<timestamp>1557.904913</timestamp>
			</report>
			<report>
				<misses>147000000</misses>
				<total>0</total>
				<timestamp>1558.952439</timestamp>
			</report>
			<report>
				<misses>147100000</misses>
				<total>0</total>
				<timestamp>1560.010053</timestamp>
			</report>
			<report>
				<misses>147200000</misses>
				<total>0</total>
				<timestamp>1561.108584</timestamp>
			</report>
			<report>
				<misses>147300000</misses>
				<total>0</total>
				<timestamp>1562.167061</timestamp>
			</report>
			<report>
				<misses>147400000</misses>
				<total>0</total>
				<timestamp>1563.241906</timestamp>
			</report>
			<report>
				<misses>147500000</misses>
				<total>0</total>
				<timestamp>1564.298662</timestamp>
			</report>
			<report>
				<misses>147600000</misses>
				<total>0</total>
				<timestamp>1565.335986</timestamp>
			</report>
			<report>
				<misses>147700000</misses>
				<total>0</total>
				<timestamp>1566.407972</timestamp>
			</report>
			<report>
				<misses>147800000</misses>
				<total>0</total>
				<timestamp>1567.464762</timestamp>
			</report>
			<report>
				<misses>147900000</misses>
				<total>0</total>
				<timestamp>1568.517266</timestamp>
			</report>
			<report>
				<misses>148000000</misses>
				<total>0</total>
				<timestamp>1569.560009</timestamp>
			</report>
			<report>
				<misses>148100000</misses>
				<total>0</total>
				<timestamp>1570.601238</timestamp>
			</report>
			<report>
				<misses>148200000</misses>
				<total>0</total>
				<timestamp>1571.654450</timestamp>
			</report>
			<report>
				<misses>148300000</misses>
				<total>0</total>
				<timestamp>1572.701340</timestamp>
			</report>
			<report>
				<misses>148400000</misses>
				<total>0</total>
				<timestamp>1573.747746</timestamp>
			</report>
			<report>
				<misses>148500000</misses>
				<total>0</total>
				<timestamp>1574.783420</timestamp>
			</report>
			<report>
				<misses>148600000</misses>
				<total>0</total>
				<timestamp>1575.835490</timestamp>
			</report>
			<report>
				<misses>148700000</misses>
				<total>0</total>
				<timestamp>1576.889747</timestamp>
			</report>
			<report>
				<misses>148800000</misses>
				<total>0</total>
				<timestamp>1577.965306</timestamp>
			</report>
			<report>
				<misses>148900000</misses>
				<total>0</total>
				<timestamp>1579.042542</timestamp>
			</report>
			<report>
				<misses>149000000</misses>
				<total>0</total>
				<timestamp>1580.101363</timestamp>
			</report>
			<report>
				<misses>149100000</misses>
				<total>0</total>
				<timestamp>1581.189520</timestamp>
			</report>
			<report>
				<misses>149200000</misses>
				<total>0</total>
				<timestamp>1582.240520</timestamp>
			</report>
			<report>
				<misses>149300000</misses>
				<total>0</total>
				<timestamp>1583.309744</timestamp>
			</report>
			<report>
				<misses>149400000</misses>
				<total>0</total>
				<timestamp>1584.376598</timestamp>
			</report>
			<report>
				<misses>149500000</misses>
				<total>0</total>
				<timestamp>1585.428649</timestamp>
			</report>
			<report>
				<misses>149600000</misses>
				<total>0</total>
				<timestamp>1586.463573</timestamp>
			</report>
			<report>
				<misses>149700000</misses>
				<total>0</total>
				<timestamp>1587.521444</timestamp>
			</report>
			<report>
				<misses>149800000</misses>
				<total>0</total>
				<timestamp>1588.555178</timestamp>
			</report>
			<report>
				<misses>149900000</misses>
				<total>0</total>
				<timestamp>1589.595749</timestamp>
			</report>
			<report>
				<misses>150000000</misses>
				<total>0</total>
				<timestamp>1590.640204</timestamp>
			</report>
			<report>
				<misses>150100000</misses>
				<total>0</total>
				<timestamp>1591.684579</timestamp>
			</report>
			<report>
				<misses>150200000</misses>
				<total>0</total>
				<timestamp>1592.734970</timestamp>
			</report>
			<report>
				<misses>150300000</misses>
				<total>0</total>
				<timestamp>1593.784276</timestamp>
			</report>
			<report>
				<misses>150400000</misses>
				<total>0</total>
				<timestamp>1594.863077</timestamp>
			</report>
			<report>
				<misses>150500000</misses>
				<total>0</total>
				<timestamp>1595.941106</timestamp>
			</report>
			<report>
				<misses>150600000</misses>
				<total>0</total>
				<timestamp>1597.002939</timestamp>
			</report>
			<report>
				<misses>150700000</misses>
				<total>0</total>
				<timestamp>1598.092146</timestamp>
			</report>
			<report>
				<misses>150800000</misses>
				<total>0</total>
				<timestamp>1599.197243</timestamp>
			</report>
			<report>
				<misses>150900000</misses>
				<total>0</total>
				<timestamp>1600.269856</timestamp>
			</report>
			<report>
				<misses>151000000</misses>
				<total>0</total>
				<timestamp>1601.355764</timestamp>
			</report>
			<report>
				<misses>151100000</misses>
				<total>0</total>
				<timestamp>1602.413330</timestamp>
			</report>
			<report>
				<misses>151200000</misses>
				<total>0</total>
				<timestamp>1603.488605</timestamp>
			</report>
			<report>
				<misses>151300000</misses>
				<total>0</total>
				<timestamp>1604.544542</timestamp>
			</report>
			<report>
				<misses>151400000</misses>
				<total>0</total>
				<timestamp>1605.620830</timestamp>
			</report>
			<report>
				<misses>151500000</misses>
				<total>0</total>
				<timestamp>1606.697828</timestamp>
			</report>
			<report>
				<misses>151600000</misses>
				<total>0</total>
				<timestamp>1607.764689</timestamp>
			</report>
			<report>
				<misses>151700000</misses>
				<total>0</total>
				<timestamp>1608.820910</timestamp>
			</report>
			<report>
				<misses>151800000</misses>
				<total>0</total>
				<timestamp>1609.879133</timestamp>
			</report>
			<report>
				<misses>151900000</misses>
				<total>0</total>
				<timestamp>1610.944385</timestamp>
			</report>
			<report>
				<misses>152000000</misses>
				<total>0</total>
				<timestamp>1611.995697</timestamp>
			</report>
			<report>
				<misses>152100000</misses>
				<total>0</total>
				<timestamp>1613.049967</timestamp>
			</report>
			<report>
				<misses>152200000</misses>
				<total>0</total>
				<timestamp>1614.093310</timestamp>
			</report>
			<report>
				<misses>152300000</misses>
				<total>0</total>
				<timestamp>1615.146844</timestamp>
			</report>
			<report>
				<misses>152400000</misses>
				<total>0</total>
				<timestamp>1616.223834</timestamp>
			</report>
			<report>
				<misses>152500000</misses>
				<total>0</total>
				<timestamp>1617.299812</timestamp>
			</report>
			<report>
				<misses>152600000</misses>
				<total>0</total>
				<timestamp>1618.359634</timestamp>
			</report>
			<report>
				<misses>152700000</misses>
				<total>0</total>
				<timestamp>1619.416001</timestamp>
			</report>
			<report>
				<misses>152800000</misses>
				<total>0</total>
				<timestamp>1620.487883</timestamp>
			</report>
			<report>
				<misses>152900000</misses>
				<total>0</total>
				<timestamp>1621.553489</timestamp>
			</report>
			<report>
				<misses>153000000</misses>
				<total>0</total>
				<timestamp>1622.635255</timestamp>
			</report>
			<report>
				<misses>153100000</misses>
				<total>0</total>
				<timestamp>1623.692708</timestamp>
			</report>
			<report>
				<misses>153200000</misses>
				<total>0</total>
				<timestamp>1624.747176</timestamp>
			</report>
			<report>
				<misses>153300000</misses>
				<total>0</total>
				<timestamp>1625.798290</timestamp>
			</report>
			<report>
				<misses>153400000</misses>
				<total>0</total>
				<timestamp>1626.840541</timestamp>
			</report>
			<report>
				<misses>153500000</misses>
				<total>0</total>
				<timestamp>1627.882953</timestamp>
			</report>
			<report>
				<misses>153600000</misses>
				<total>0</total>
				<timestamp>1628.926389</timestamp>
			</report>
			<report>
				<misses>153700000</misses>
				<total>0</total>
				<timestamp>1629.973865</timestamp>
			</report>
			<report>
				<misses>153800000</misses>
				<total>0</total>
				<timestamp>1631.032417</timestamp>
			</report>
			<report>
				<misses>153900000</misses>
				<total>0</total>
				<timestamp>1632.094603</timestamp>
			</report>
			<report>
				<misses>154000000</misses>
				<total>0</total>
				<timestamp>1633.155455</timestamp>
			</report>
			<report>
				<misses>154100000</misses>
				<total>0</total>
				<timestamp>1634.226040</timestamp>
			</report>
			<report>
				<misses>154200000</misses>
				<total>0</total>
				<timestamp>1635.288825</timestamp>
			</report>
			<report>
				<misses>154300000</misses>
				<total>0</total>
				<timestamp>1636.342819</timestamp>
			</report>
			<report>
				<misses>154400000</misses>
				<total>0</total>
				<timestamp>1637.401725</timestamp>
			</report>
			<report>
				<misses>154500000</misses>
				<total>0</total>
				<timestamp>1638.467361</timestamp>
			</report>
			<report>
				<misses>154600000</misses>
				<total>0</total>
				<timestamp>1639.512133</timestamp>
			</report>
			<report>
				<misses>154700000</misses>
				<total>0</total>
				<timestamp>1640.548113</timestamp>
			</report>
			<report>
				<misses>154800000</misses>
				<total>0</total>
				<timestamp>1641.588572</timestamp>
			</report>
			<report>
				<misses>154900000</misses>
				<total>0</total>
				<timestamp>1642.634125</timestamp>
			</report>
			<report>
				<misses>155000000</misses>
				<total>0</total>
				<timestamp>1643.675491</timestamp>
			</report>
			<report>
				<misses>155100000</misses>
				<total>0</total>
				<timestamp>1644.724044</timestamp>
			</report>
			<report>
				<misses>155200000</misses>
				<total>0</total>
				<timestamp>1645.772495</timestamp>
			</report>
			<report>
				<misses>155300000</misses>
				<total>0</total>
				<timestamp>1646.837181</timestamp>
			</report>
			<report>
				<misses>155400000</misses>
				<total>0</total>
				<timestamp>1647.901987</timestamp>
			</report>
			<report>
				<misses>155500000</misses>
				<total>0</total>
				<timestamp>1648.968663</timestamp>
			</report>
			<report>
				<misses>155600000</misses>
				<total>0</total>
				<timestamp>1650.049395</timestamp>
			</report>
			<report>
				<misses>155700000</misses>
				<total>0</total>
				<timestamp>1651.132028</timestamp>
			</report>
			<report>
				<misses>155800000</misses>
				<total>0</total>
				<timestamp>1652.225190</timestamp>
			</report>
			<report>
				<misses>155900000</misses>
				<total>0</total>
				<timestamp>1653.295007</timestamp>
			</report>
			<report>
				<misses>156000000</misses>
				<total>0</total>
				<timestamp>1654.384462</timestamp>
			</report>
			<report>
				<misses>156100000</misses>
				<total>0</total>
				<timestamp>1655.432545</timestamp>
			</report>
			<report>
				<misses>156200000</misses>
				<total>0</total>
				<timestamp>1656.518568</timestamp>
			</report>
			<report>
				<misses>156300000</misses>
				<total>0</total>
				<timestamp>1657.574755</timestamp>
			</report>
			<report>
				<misses>156400000</misses>
				<total>0</total>
				<timestamp>1658.638863</timestamp>
			</report>
			<report>
				<misses>156500000</misses>
				<total>0</total>
				<timestamp>1659.717581</timestamp>
			</report>
			<report>
				<misses>156600000</misses>
				<total>0</total>
				<timestamp>1660.792920</timestamp>
			</report>
			<report>
				<misses>156700000</misses>
				<total>0</total>
				<timestamp>1661.865010</timestamp>
			</report>
			<report>
				<misses>156800000</misses>
				<total>0</total>
				<timestamp>1662.939079</timestamp>
			</report>
			<report>
				<misses>156900000</misses>
				<total>0</total>
				<timestamp>1664.014315</timestamp>
			</report>
			<report>
				<misses>157000000</misses>
				<total>0</total>
				<timestamp>1665.068667</timestamp>
			</report>
			<report>
				<misses>157100000</misses>
				<total>0</total>
				<timestamp>1666.116527</timestamp>
			</report>
			<report>
				<misses>157200000</misses>
				<total>0</total>
				<timestamp>1667.159494</timestamp>
			</report>
			<report>
				<misses>157300000</misses>
				<total>0</total>
				<timestamp>1668.211003</timestamp>
			</report>
			<report>
				<misses>157400000</misses>
				<total>0</total>
				<timestamp>1669.260784</timestamp>
			</report>
			<report>
				<misses>157500000</misses>
				<total>0</total>
				<timestamp>1670.331003</timestamp>
			</report>
			<report>
				<misses>157600000</misses>
				<total>0</total>
				<timestamp>1671.434838</timestamp>
			</report>
			<report>
				<misses>157700000</misses>
				<total>0</total>
				<timestamp>1672.497388</timestamp>
			</report>
			<report>
				<misses>157800000</misses>
				<total>0</total>
				<timestamp>1673.548690</timestamp>
			</report>
			<report>
				<misses>157900000</misses>
				<total>0</total>
				<timestamp>1674.599519</timestamp>
			</report>
			<report>
				<misses>158000000</misses>
				<total>0</total>
				<timestamp>1675.683311</timestamp>
			</report>
			<report>
				<misses>158100000</misses>
				<total>0</total>
				<timestamp>1676.756460</timestamp>
			</report>
			<report>
				<misses>158200000</misses>
				<total>0</total>
				<timestamp>1677.851234</timestamp>
			</report>
			<report>
				<misses>158300000</misses>
				<total>0</total>
				<timestamp>1678.897177</timestamp>
			</report>
			<report>
				<misses>158400000</misses>
				<total>0</total>
				<timestamp>1679.948195</timestamp>
			</report>
			<report>
				<misses>158500000</misses>
				<total>0</total>
				<timestamp>1680.989221</timestamp>
			</report>
			<report>
				<misses>158600000</misses>
				<total>0</total>
				<timestamp>1682.030586</timestamp>
			</report>
			<report>
				<misses>158700000</misses>
				<total>0</total>
				<timestamp>1683.080637</timestamp>
			</report>
			<report>
				<misses>158800000</misses>
				<total>0</total>
				<timestamp>1684.117619</timestamp>
			</report>
			<report>
				<misses>158900000</misses>
				<total>0</total>
				<timestamp>1685.172999</timestamp>
			</report>
			<report>
				<misses>159000000</misses>
				<total>0</total>
				<timestamp>1686.217298</timestamp>
			</report>
			<report>
				<misses>159100000</misses>
				<total>0</total>
				<timestamp>1687.284058</timestamp>
			</report>
			<report>
				<misses>159200000</misses>
				<total>0</total>
				<timestamp>1688.336563</timestamp>
			</report>
			<report>
				<misses>159300000</misses>
				<total>0</total>
				<timestamp>1689.410380</timestamp>
			</report>
			<report>
				<misses>159400000</misses>
				<total>0</total>
				<timestamp>1690.463366</timestamp>
			</report>
			<report>
				<misses>159500000</misses>
				<total>0</total>
				<timestamp>1691.504893</timestamp>
			</report>
			<report>
				<misses>159600000</misses>
				<total>0</total>
				<timestamp>1692.568002</timestamp>
			</report>
			<report>
				<misses>159700000</misses>
				<total>0</total>
				<timestamp>1693.633177</timestamp>
			</report>
			<report>
				<misses>159800000</misses>
				<total>0</total>
				<timestamp>1694.720513</timestamp>
			</report>
			<report>
				<misses>159900000</misses>
				<total>0</total>
				<timestamp>1695.788975</timestamp>
			</report>
			<report>
				<misses>160000000</misses>
				<total>0</total>
				<timestamp>1696.835378</timestamp>
			</report>
			<report>
				<misses>160100000</misses>
				<total>0</total>
				<timestamp>1697.892821</timestamp>
			</report>
			<report>
				<misses>160200000</misses>
				<total>0</total>
				<timestamp>1698.946375</timestamp>
			</report>
			<report>
				<misses>160300000</misses>
				<total>0</total>
				<timestamp>1699.996321</timestamp>
			</report>
			<report>
				<misses>160400000</misses>
				<total>0</total>
				<timestamp>1701.061476</timestamp>
			</report>
			<report>
				<misses>160500000</misses>
				<total>0</total>
				<timestamp>1702.110146</timestamp>
			</report>
			<report>
				<misses>160600000</misses>
				<total>0</total>
				<timestamp>1703.187930</timestamp>
			</report>
			<report>
				<misses>160700000</misses>
				<total>0</total>
				<timestamp>1704.248684</timestamp>
			</report>
			<report>
				<misses>160800000</misses>
				<total>0</total>
				<timestamp>1705.332528</timestamp>
			</report>
			<report>
				<misses>160900000</misses>
				<total>0</total>
				<timestamp>1706.415754</timestamp>
			</report>
			<report>
				<misses>161000000</misses>
				<total>0</total>
				<timestamp>1707.468740</timestamp>
			</report>
			<report>
				<misses>161100000</misses>
				<total>0</total>
				<timestamp>1708.513882</timestamp>
			</report>
			<report>
				<misses>161200000</misses>
				<total>0</total>
				<timestamp>1709.551444</timestamp>
			</report>
			<report>
				<misses>161300000</misses>
				<total>0</total>
				<timestamp>1710.635866</timestamp>
			</report>
			<report>
				<misses>161400000</misses>
				<total>0</total>
				<timestamp>1711.703403</timestamp>
			</report>
			<report>
				<misses>161500000</misses>
				<total>0</total>
				<timestamp>1712.756700</timestamp>
			</report>
			<report>
				<misses>161600000</misses>
				<total>0</total>
				<timestamp>1713.799342</timestamp>
			</report>
			<report>
				<misses>161700000</misses>
				<total>0</total>
				<timestamp>1714.863247</timestamp>
			</report>
			<report>
				<misses>161800000</misses>
				<total>0</total>
				<timestamp>1715.916690</timestamp>
			</report>
			<report>
				<misses>161900000</misses>
				<total>0</total>
				<timestamp>1716.975372</timestamp>
			</report>
			<report>
				<misses>162000000</misses>
				<total>0</total>
				<timestamp>1718.031233</timestamp>
			</report>
			<report>
				<misses>162100000</misses>
				<total>0</total>
				<timestamp>1719.070759</timestamp>
			</report>
			<report>
				<misses>162200000</misses>
				<total>0</total>
				<timestamp>1720.126842</timestamp>
			</report>
			<report>
				<misses>162300000</misses>
				<total>0</total>
				<timestamp>1721.177332</timestamp>
			</report>
			<report>
				<misses>162400000</misses>
				<total>0</total>
				<timestamp>1722.222874</timestamp>
			</report>
			<report>
				<misses>162500000</misses>
				<total>0</total>
				<timestamp>1723.295308</timestamp>
			</report>
			<report>
				<misses>162600000</misses>
				<total>0</total>
				<timestamp>1724.364474</timestamp>
			</report>
			<report>
				<misses>162700000</misses>
				<total>0</total>
				<timestamp>1725.421668</timestamp>
			</report>
			<report>
				<misses>162800000</misses>
				<total>0</total>
				<timestamp>1726.480457</timestamp>
			</report>
			<report>
				<misses>162900000</misses>
				<total>0</total>
				<timestamp>1727.549543</timestamp>
			</report>
			<report>
				<misses>163000000</misses>
				<total>0</total>
				<timestamp>1728.622393</timestamp>
			</report>
			<report>
				<misses>163100000</misses>
				<total>0</total>
				<timestamp>1729.680146</timestamp>
			</report>
			<report>
				<misses>163200000</misses>
				<total>0</total>
				<timestamp>1730.741477</timestamp>
			</report>
			<report>
				<misses>163300000</misses>
				<total>0</total>
				<timestamp>1731.807788</timestamp>
			</report>
			<report>
				<misses>163400000</misses>
				<total>0</total>
				<timestamp>1732.872360</timestamp>
			</report>
			<report>
				<misses>163500000</misses>
				<total>0</total>
				<timestamp>1733.935924</timestamp>
			</report>
			<report>
				<misses>163600000</misses>
				<total>0</total>
				<timestamp>1734.982004</timestamp>
			</report>
			<report>
				<misses>163700000</misses>
				<total>0</total>
				<timestamp>1736.051531</timestamp>
			</report>
			<report>
				<misses>163800000</misses>
				<total>0</total>
				<timestamp>1737.091135</timestamp>
			</report>
			<report>
				<misses>163900000</misses>
				<total>0</total>
				<timestamp>1738.133892</timestamp>
			</report>
			<report>
				<misses>164000000</misses>
				<total>0</total>
				<timestamp>1739.173796</timestamp>
			</report>
			<report>
				<misses>164100000</misses>
				<total>0</total>
				<timestamp>1740.254415</timestamp>
			</report>
			<report>
				<misses>164200000</misses>
				<total>0</total>
				<timestamp>1741.300992</timestamp>
			</report>
			<report>
				<misses>164300000</misses>
				<total>0</total>
				<timestamp>1742.365937</timestamp>
			</report>
			<report>
				<misses>164400000</misses>
				<total>0</total>
				<timestamp>1743.424177</timestamp>
			</report>
			<report>
				<misses>164500000</misses>
				<total>0</total>
				<timestamp>1744.485889</timestamp>
			</report>
			<report>
				<misses>164600000</misses>
				<total>0</total>
				<timestamp>1745.554386</timestamp>
			</report>
			<report>
				<misses>164700000</misses>
				<total>0</total>
				<timestamp>1746.599683</timestamp>
			</report>
			<report>
				<misses>164800000</misses>
				<total>0</total>
				<timestamp>1747.658282</timestamp>
			</report>
			<report>
				<misses>164900000</misses>
				<total>0</total>
				<timestamp>1748.729643</timestamp>
			</report>
			<report>
				<misses>165000000</misses>
				<total>0</total>
				<timestamp>1749.786758</timestamp>
			</report>
			<report>
				<misses>165100000</misses>
				<total>0</total>
				<timestamp>1750.888062</timestamp>
			</report>
			<report>
				<misses>165200000</misses>
				<total>0</total>
				<timestamp>1751.929765</timestamp>
			</report>
			<report>
				<misses>165300000</misses>
				<total>0</total>
				<timestamp>1752.993959</timestamp>
			</report>
			<report>
				<misses>165400000</misses>
				<total>0</total>
				<timestamp>1754.064354</timestamp>
			</report>
			<report>
				<misses>165500000</misses>
				<total>0</total>
				<timestamp>1755.151104</timestamp>
			</report>
			<report>
				<misses>165600000</misses>
				<total>0</total>
				<timestamp>1756.225438</timestamp>
			</report>
			<report>
				<misses>165700000</misses>
				<total>0</total>
				<timestamp>1757.307610</timestamp>
			</report>
			<report>
				<misses>165800000</misses>
				<total>0</total>
				<timestamp>1758.380319</timestamp>
			</report>
			<report>
				<misses>165900000</misses>
				<total>0</total>
				<timestamp>1759.427700</timestamp>
			</report>
			<report>
				<misses>166000000</misses>
				<total>0</total>
				<timestamp>1760.511212</timestamp>
			</report>
			<report>
				<misses>166100000</misses>
				<total>0</total>
				<timestamp>1761.597791</timestamp>
			</report>
			<report>
				<misses>166200000</misses>
				<total>0</total>
				<timestamp>1762.645851</timestamp>
			</report>
			<report>
				<misses>166300000</misses>
				<total>0</total>
				<timestamp>1763.696346</timestamp>
			</report>
			<report>
				<misses>166400000</misses>
				<total>0</total>
				<timestamp>1764.753543</timestamp>
			</report>
			<report>
				<misses>166500000</misses>
				<total>0</total>
				<timestamp>1765.815514</timestamp>
			</report>
			<report>
				<misses>166600000</misses>
				<total>0</total>
				<timestamp>1766.863278</timestamp>
			</report>
			<report>
				<misses>166700000</misses>
				<total>0</total>
				<timestamp>1767.913511</timestamp>
			</report>
			<report>
				<misses>166800000</misses>
				<total>0</total>
				<timestamp>1768.969196</timestamp>
			</report>
			<report>
				<misses>166900000</misses>
				<total>0</total>
				<timestamp>1770.036382</timestamp>
			</report>
			<report>
				<misses>167000000</misses>
				<total>0</total>
				<timestamp>1771.117845</timestamp>
			</report>
			<report>
				<misses>167100000</misses>
				<total>0</total>
				<timestamp>1772.211642</timestamp>
			</report>
			<report>
				<misses>167200000</misses>
				<total>0</total>
				<timestamp>1773.266926</timestamp>
			</report>
			<report>
				<misses>167300000</misses>
				<total>0</total>
				<timestamp>1774.328321</timestamp>
			</report>
			<report>
				<misses>167400000</misses>
				<total>0</total>
				<timestamp>1775.386898</timestamp>
			</report>
			<report>
				<misses>167500000</misses>
				<total>0</total>
				<timestamp>1776.452878</timestamp>
			</report>
			<report>
				<misses>167600000</misses>
				<total>0</total>
				<timestamp>1777.510962</timestamp>
			</report>
			<report>
				<misses>167700000</misses>
				<total>0</total>
				<timestamp>1778.552018</timestamp>
			</report>
			<report>
				<misses>167800000</misses>
				<total>0</total>
				<timestamp>1779.617789</timestamp>
			</report>
			<report>
				<misses>167900000</misses>
				<total>0</total>
				<timestamp>1780.663165</timestamp>
			</report>
			<report>
				<misses>168000000</misses>
				<total>0</total>
				<timestamp>1781.701813</timestamp>
			</report>
			<report>
				<misses>168100000</misses>
				<total>0</total>
				<timestamp>1782.760445</timestamp>
			</report>
			<report>
				<misses>168200000</misses>
				<total>0</total>
				<timestamp>1783.802401</timestamp>
			</report>
			<report>
				<misses>168300000</misses>
				<total>0</total>
				<timestamp>1784.876328</timestamp>
			</report>
			<report>
				<misses>168400000</misses>
				<total>0</total>
				<timestamp>1785.933332</timestamp>
			</report>
			<report>
				<misses>168500000</misses>
				<total>0</total>
				<timestamp>1786.995777</timestamp>
			</report>
			<report>
				<misses>168600000</misses>
				<total>0</total>
				<timestamp>1788.059372</timestamp>
			</report>
			<report>
				<misses>168700000</misses>
				<total>0</total>
				<timestamp>1789.127017</timestamp>
			</report>
			<report>
				<misses>168800000</misses>
				<total>0</total>
				<timestamp>1790.178575</timestamp>
			</report>
			<report>
				<misses>168900000</misses>
				<total>0</total>
				<timestamp>1791.272447</timestamp>
			</report>
			<report>
				<misses>169000000</misses>
				<total>0</total>
				<timestamp>1792.399553</timestamp>
			</report>
			<report>
				<misses>169100000</misses>
				<total>0</total>
				<timestamp>1793.444410</timestamp>
			</report>
			<report>
				<misses>169200000</misses>
				<total>0</total>
				<timestamp>1794.527174</timestamp>
			</report>
			<report>
				<misses>169300000</misses>
				<total>0</total>
				<timestamp>1795.588732</timestamp>
			</report>
			<report>
				<misses>169400000</misses>
				<total>0</total>
				<timestamp>1796.654673</timestamp>
			</report>
			<report>
				<misses>169500000</misses>
				<total>0</total>
				<timestamp>1797.728525</timestamp>
			</report>
			<report>
				<misses>169600000</misses>
				<total>0</total>
				<timestamp>1798.784862</timestamp>
			</report>
			<report>
				<misses>169700000</misses>
				<total>0</total>
				<timestamp>1799.842527</timestamp>
			</report>
			<report>
				<misses>169800000</misses>
				<total>0</total>
				<timestamp>1800.904772</timestamp>
			</report>
			<report>
				<misses>169900000</misses>
				<total>0</total>
				<timestamp>1801.951510</timestamp>
			</report>
			<report>
				<misses>170000000</misses>
				<total>0</total>
				<timestamp>1802.998713</timestamp>
			</report>
			<report>
				<misses>170100000</misses>
				<total>0</total>
				<timestamp>1804.071131</timestamp>
			</report>
			<report>
				<misses>170200000</misses>
				<total>0</total>
				<timestamp>1805.125398</timestamp>
			</report>
			<report>
				<misses>170300000</misses>
				<total>0</total>
				<timestamp>1806.174553</timestamp>
			</report>
			<report>
				<misses>170400000</misses>
				<total>0</total>
				<timestamp>1807.228015</timestamp>
			</report>
			<report>
				<misses>170500000</misses>
				<total>0</total>
				<timestamp>1808.282205</timestamp>
			</report>
			<report>
				<misses>170600000</misses>
				<total>0</total>
				<timestamp>1809.343452</timestamp>
			</report>
			<report>
				<misses>170700000</misses>
				<total>0</total>
				<timestamp>1810.423674</timestamp>
			</report>
			<report>
				<misses>170800000</misses>
				<total>0</total>
				<timestamp>1811.490323</timestamp>
			</report>
			<report>
				<misses>170900000</misses>
				<total>0</total>
				<timestamp>1812.562203</timestamp>
			</report>
			<report>
				<misses>171000000</misses>
				<total>0</total>
				<timestamp>1813.613561</timestamp>
			</report>
			<report>
				<misses>171100000</misses>
				<total>0</total>
				<timestamp>1814.700684</timestamp>
			</report>
			<report>
				<misses>171200000</misses>
				<total>0</total>
				<timestamp>1815.767810</timestamp>
			</report>
			<report>
				<misses>171300000</misses>
				<total>0</total>
				<timestamp>1816.817580</timestamp>
			</report>
			<report>
				<misses>171400000</misses>
				<total>0</total>
				<timestamp>1817.878864</timestamp>
			</report>
			<report>
				<misses>171500000</misses>
				<total>0</total>
				<timestamp>1818.916950</timestamp>
			</report>
			<report>
				<misses>171600000</misses>
				<total>0</total>
				<timestamp>1819.958560</timestamp>
			</report>
			<report>
				<misses>171700000</misses>
				<total>0</total>
				<timestamp>1821.006183</timestamp>
			</report>
			<report>
				<misses>171800000</misses>
				<total>0</total>
				<timestamp>1822.060086</timestamp>
			</report>
			<report>
				<misses>171900000</misses>
				<total>0</total>
				<timestamp>1823.112824</timestamp>
			</report>
			<report>
				<misses>172000000</misses>
				<total>0</total>
				<timestamp>1824.201657</timestamp>
			</report>
			<report>
				<misses>172100000</misses>
				<total>0</total>
				<timestamp>1825.251555</timestamp>
			</report>
			<report>
				<misses>172200000</misses>
				<total>0</total>
				<timestamp>1826.300884</timestamp>
			</report>
			<report>
				<misses>172300000</misses>
				<total>0</total>
				<timestamp>1827.377783</timestamp>
			</report>
			<report>
				<misses>172400000</misses>
				<total>0</total>
				<timestamp>1828.472288</timestamp>
			</report>
			<report>
				<misses>172500000</misses>
				<total>0</total>
				<timestamp>1829.558118</timestamp>
			</report>
			<report>
				<misses>172600000</misses>
				<total>0</total>
				<timestamp>1830.633805</timestamp>
			</report>
			<report>
				<misses>172700000</misses>
				<total>0</total>
				<timestamp>1831.688385</timestamp>
			</report>
			<report>
				<misses>172800000</misses>
				<total>0</total>
				<timestamp>1832.728175</timestamp>
			</report>
			<report>
				<misses>172900000</misses>
				<total>0</total>
				<timestamp>1833.769670</timestamp>
			</report>
			<report>
				<misses>173000000</misses>
				<total>0</total>
				<timestamp>1834.828100</timestamp>
			</report>
			<report>
				<misses>173100000</misses>
				<total>0</total>
				<timestamp>1835.860439</timestamp>
			</report>
			<report>
				<misses>173200000</misses>
				<total>0</total>
				<timestamp>1836.914901</timestamp>
			</report>
			<report>
				<misses>173300000</misses>
				<total>0</total>
				<timestamp>1837.960509</timestamp>
			</report>
			<report>
				<misses>173400000</misses>
				<total>0</total>
				<timestamp>1839.038577</timestamp>
			</report>
			<report>
				<misses>173500000</misses>
				<total>0</total>
				<timestamp>1840.098264</timestamp>
			</report>
			<report>
				<misses>173600000</misses>
				<total>0</total>
				<timestamp>1841.165945</timestamp>
			</report>
			<report>
				<misses>173700000</misses>
				<total>0</total>
				<timestamp>1842.218730</timestamp>
			</report>
			<report>
				<misses>173800000</misses>
				<total>0</total>
				<timestamp>1843.288632</timestamp>
			</report>
			<report>
				<misses>173900000</misses>
				<total>0</total>
				<timestamp>1844.347725</timestamp>
			</report>
			<report>
				<misses>174000000</misses>
				<total>0</total>
				<timestamp>1845.412581</timestamp>
			</report>
			<report>
				<misses>174100000</misses>
				<total>0</total>
				<timestamp>1846.485829</timestamp>
			</report>
			<report>
				<misses>174200000</misses>
				<total>0</total>
				<timestamp>1847.566929</timestamp>
			</report>
			<report>
				<misses>174300000</misses>
				<total>0</total>
				<timestamp>1848.660178</timestamp>
			</report>
			<report>
				<misses>174400000</misses>
				<total>0</total>
				<timestamp>1849.711787</timestamp>
			</report>
			<report>
				<misses>174500000</misses>
				<total>0</total>
				<timestamp>1850.784545</timestamp>
			</report>
			<report>
				<misses>174600000</misses>
				<total>0</total>
				<timestamp>1851.840484</timestamp>
			</report>
			<report>
				<misses>174700000</misses>
				<total>0</total>
				<timestamp>1852.908470</timestamp>
			</report>
			<report>
				<misses>174800000</misses>
				<total>0</total>
				<timestamp>1853.947023</timestamp>
			</report>
			<report>
				<misses>174900000</misses>
				<total>0</total>
				<timestamp>1854.992239</timestamp>
			</report>
			<report>
				<misses>175000000</misses>
				<total>0</total>
				<timestamp>1856.051867</timestamp>
			</report>
			<report>
				<misses>175100000</misses>
				<total>0</total>
				<timestamp>1857.112695</timestamp>
			</report>
			<report>
				<misses>175200000</misses>
				<total>0</total>
				<timestamp>1858.155905</timestamp>
			</report>
			<report>
				<misses>175300000</misses>
				<total>0</total>
				<timestamp>1859.201715</timestamp>
			</report>
			<report>
				<misses>175400000</misses>
				<total>0</total>
				<timestamp>1860.271435</timestamp>
			</report>
			<report>
				<misses>175500000</misses>
				<total>0</total>
				<timestamp>1861.330985</timestamp>
			</report>
			<report>
				<misses>175600000</misses>
				<total>0</total>
				<timestamp>1862.404618</timestamp>
			</report>
			<report>
				<misses>175700000</misses>
				<total>0</total>
				<timestamp>1863.474056</timestamp>
			</report>
			<report>
				<misses>175800000</misses>
				<total>0</total>
				<timestamp>1864.559592</timestamp>
			</report>
			<report>
				<misses>175900000</misses>
				<total>0</total>
				<timestamp>1865.632274</timestamp>
			</report>
			<report>
				<misses>176000000</misses>
				<total>0</total>
				<timestamp>1866.694222</timestamp>
			</report>
			<report>
				<misses>176100000</misses>
				<total>0</total>
				<timestamp>1867.759176</timestamp>
			</report>
			<report>
				<misses>176200000</misses>
				<total>0</total>
				<timestamp>1868.838814</timestamp>
			</report>
			<report>
				<misses>176300000</misses>
				<total>0</total>
				<timestamp>1869.896802</timestamp>
			</report>
			<report>
				<misses>176400000</misses>
				<total>0</total>
				<timestamp>1870.956033</timestamp>
			</report>
			<report>
				<misses>176500000</misses>
				<total>0</total>
				<timestamp>1872.025966</timestamp>
			</report>
			<report>
				<misses>176600000</misses>
				<total>0</total>
				<timestamp>1873.087503</timestamp>
			</report>
			<report>
				<misses>176700000</misses>
				<total>0</total>
				<timestamp>1874.140297</timestamp>
			</report>
			<report>
				<misses>176800000</misses>
				<total>0</total>
				<timestamp>1875.186145</timestamp>
			</report>
			<report>
				<misses>176900000</misses>
				<total>0</total>
				<timestamp>1876.241949</timestamp>
			</report>
			<report>
				<misses>177000000</misses>
				<total>0</total>
				<timestamp>1877.293646</timestamp>
			</report>
			<report>
				<misses>177100000</misses>
				<total>0</total>
				<timestamp>1878.328072</timestamp>
			</report>
			<report>
				<misses>177200000</misses>
				<total>0</total>
				<timestamp>1879.366150</timestamp>
			</report>
			<report>
				<misses>177300000</misses>
				<total>0</total>
				<timestamp>1880.421170</timestamp>
			</report>
			<report>
				<misses>177400000</misses>
				<total>0</total>
				<timestamp>1881.472781</timestamp>
			</report>
			<report>
				<misses>177500000</misses>
				<total>0</total>
				<timestamp>1882.528838</timestamp>
			</report>
			<report>
				<misses>177600000</misses>
				<total>0</total>
				<timestamp>1883.600184</timestamp>
			</report>
			<report>
				<misses>177700000</misses>
				<total>0</total>
				<timestamp>1884.664074</timestamp>
			</report>
			<report>
				<misses>177800000</misses>
				<total>0</total>
				<timestamp>1885.738572</timestamp>
			</report>
			<report>
				<misses>177900000</misses>
				<total>0</total>
				<timestamp>1886.810369</timestamp>
			</report>
			<report>
				<misses>178000000</misses>
				<total>0</total>
				<timestamp>1887.865991</timestamp>
			</report>
			<report>
				<misses>178100000</misses>
				<total>0</total>
				<timestamp>1888.948233</timestamp>
			</report>
			<report>
				<misses>178200000</misses>
				<total>0</total>
				<timestamp>1889.993770</timestamp>
			</report>
			<report>
				<misses>178300000</misses>
				<total>0</total>
				<timestamp>1891.051988</timestamp>
			</report>
			<report>
				<misses>178400000</misses>
				<total>0</total>
				<timestamp>1892.112512</timestamp>
			</report>
			<report>
				<misses>178500000</misses>
				<total>0</total>
				<timestamp>1893.156845</timestamp>
			</report>
			<report>
				<misses>178600000</misses>
				<total>0</total>
				<timestamp>1894.199910</timestamp>
			</report>
			<report>
				<misses>178700000</misses>
				<total>0</total>
				<timestamp>1895.291899</timestamp>
			</report>
			<report>
				<misses>178800000</misses>
				<total>0</total>
				<timestamp>1896.339246</timestamp>
			</report>
			<report>
				<misses>178900000</misses>
				<total>0</total>
				<timestamp>1897.379003</timestamp>
			</report>
			<report>
				<misses>179000000</misses>
				<total>0</total>
				<timestamp>1898.435298</timestamp>
			</report>
			<report>
				<misses>179100000</misses>
				<total>0</total>
				<timestamp>1899.500242</timestamp>
			</report>
			<report>
				<misses>179200000</misses>
				<total>0</total>
				<timestamp>1900.565737</timestamp>
			</report>
			<report>
				<misses>179300000</misses>
				<total>0</total>
				<timestamp>1901.637443</timestamp>
			</report>
			<report>
				<misses>179400000</misses>
				<total>0</total>
				<timestamp>1902.697815</timestamp>
			</report>
			<report>
				<misses>179500000</misses>
				<total>0</total>
				<timestamp>1903.752037</timestamp>
			</report>
			<report>
				<misses>179600000</misses>
				<total>0</total>
				<timestamp>1904.806489</timestamp>
			</report>
			<report>
				<misses>179700000</misses>
				<total>0</total>
				<timestamp>1905.851582</timestamp>
			</report>
			<report>
				<misses>179800000</misses>
				<total>0</total>
				<timestamp>1906.925154</timestamp>
			</report>
			<report>
				<misses>179900000</misses>
				<total>0</total>
				<timestamp>1907.955854</timestamp>
			</report>
			<report>
				<misses>180000000</misses>
				<total>0</total>
				<timestamp>1909.004994</timestamp>
			</report>
			<report>
				<misses>180100000</misses>
				<total>0</total>
				<timestamp>1910.052970</timestamp>
			</report>
			<report>
				<misses>180200000</misses>
				<total>0</total>
				<timestamp>1911.089337</timestamp>
			</report>
			<report>
				<misses>180300000</misses>
				<total>0</total>
				<timestamp>1912.132969</timestamp>
			</report>
			<report>
				<misses>180400000</misses>
				<total>0</total>
				<timestamp>1913.176058</timestamp>
			</report>
			<report>
				<misses>180500000</misses>
				<total>0</total>
				<timestamp>1914.249084</timestamp>
			</report>
			<report>
				<misses>180600000</misses>
				<total>0</total>
				<timestamp>1915.289237</timestamp>
			</report>
			<report>
				<misses>180700000</misses>
				<total>0</total>
				<timestamp>1916.353406</timestamp>
			</report>
			<report>
				<misses>180800000</misses>
				<total>0</total>
				<timestamp>1917.426223</timestamp>
			</report>
			<report>
				<misses>180900000</misses>
				<total>0</total>
				<timestamp>1918.492063</timestamp>
			</report>
			<report>
				<misses>181000000</misses>
				<total>0</total>
				<timestamp>1919.566595</timestamp>
			</report>
			<report>
				<misses>181100000</misses>
				<total>0</total>
				<timestamp>1920.667697</timestamp>
			</report>
			<report>
				<misses>181200000</misses>
				<total>0</total>
				<timestamp>1921.712022</timestamp>
			</report>
			<report>
				<misses>181300000</misses>
				<total>0</total>
				<timestamp>1922.766595</timestamp>
			</report>
			<report>
				<misses>181400000</misses>
				<total>0</total>
				<timestamp>1923.807508</timestamp>
			</report>
			<report>
				<misses>181500000</misses>
				<total>0</total>
				<timestamp>1924.856781</timestamp>
			</report>
			<report>
				<misses>181600000</misses>
				<total>0</total>
				<timestamp>1925.917457</timestamp>
			</report>
			<report>
				<misses>181700000</misses>
				<total>0</total>
				<timestamp>1926.960445</timestamp>
			</report>
			<report>
				<misses>181800000</misses>
				<total>0</total>
				<timestamp>1927.998427</timestamp>
			</report>
			<report>
				<misses>181900000</misses>
				<total>0</total>
				<timestamp>1929.043237</timestamp>
			</report>
			<report>
				<misses>182000000</misses>
				<total>0</total>
				<timestamp>1930.112826</timestamp>
			</report>
			<report>
				<misses>182100000</misses>
				<total>0</total>
				<timestamp>1931.176626</timestamp>
			</report>
			<report>
				<misses>182200000</misses>
				<total>0</total>
				<timestamp>1932.235419</timestamp>
			</report>
			<report>
				<misses>182300000</misses>
				<total>0</total>
				<timestamp>1933.330107</timestamp>
			</report>
			<report>
				<misses>182400000</misses>
				<total>0</total>
				<timestamp>1934.394648</timestamp>
			</report>
			<report>
				<misses>182500000</misses>
				<total>0</total>
				<timestamp>1935.475819</timestamp>
			</report>
			<report>
				<misses>182600000</misses>
				<total>0</total>
				<timestamp>1936.535066</timestamp>
			</report>
			<report>
				<misses>182700000</misses>
				<total>0</total>
				<timestamp>1937.585452</timestamp>
			</report>
			<report>
				<misses>182800000</misses>
				<total>0</total>
				<timestamp>1938.645524</timestamp>
			</report>
			<report>
				<misses>182900000</misses>
				<total>0</total>
				<timestamp>1939.707947</timestamp>
			</report>
			<report>
				<misses>183000000</misses>
				<total>0</total>
				<timestamp>1940.763918</timestamp>
			</report>
			<report>
				<misses>183100000</misses>
				<total>0</total>
				<timestamp>1941.843220</timestamp>
			</report>
			<report>
				<misses>183200000</misses>
				<total>0</total>
				<timestamp>1942.906389</timestamp>
			</report>
			<report>
				<misses>183300000</misses>
				<total>0</total>
				<timestamp>1943.964314</timestamp>
			</report>
			<report>
				<misses>183400000</misses>
				<total>0</total>
				<timestamp>1945.006346</timestamp>
			</report>
			<report>
				<misses>183500000</misses>
				<total>0</total>
				<timestamp>1946.054421</timestamp>
			</report>
			<report>
				<misses>183600000</misses>
				<total>0</total>
				<timestamp>1947.106400</timestamp>
			</report>
			<report>
				<misses>183700000</misses>
				<total>0</total>
				<timestamp>1948.148124</timestamp>
			</report>
			<report>
				<misses>183800000</misses>
				<total>0</total>
				<timestamp>1949.233206</timestamp>
			</report>
			<report>
				<misses>183900000</misses>
				<total>0</total>
				<timestamp>1950.284658</timestamp>
			</report>
			<report>
				<misses>184000000</misses>
				<total>0</total>
				<timestamp>1951.337096</timestamp>
			</report>
			<report>
				<misses>184100000</misses>
				<total>0</total>
				<timestamp>1952.398461</timestamp>
			</report>
			<report>
				<misses>184200000</misses>
				<total>0</total>
				<timestamp>1953.451588</timestamp>
			</report>
			<report>
				<misses>184300000</misses>
				<total>0</total>
				<timestamp>1954.528391</timestamp>
			</report>
			<report>
				<misses>184400000</misses>
				<total>0</total>
				<timestamp>1955.589238</timestamp>
			</report>
			<report>
				<misses>184500000</misses>
				<total>0</total>
				<timestamp>1956.641780</timestamp>
			</report>
			<report>
				<misses>184600000</misses>
				<total>0</total>
				<timestamp>1957.715173</timestamp>
			</report>
			<report>
				<misses>184700000</misses>
				<total>0</total>
				<timestamp>1958.764509</timestamp>
			</report>
			<report>
				<misses>184800000</misses>
				<total>0</total>
				<timestamp>1959.819207</timestamp>
			</report>
			<report>
				<misses>184900000</misses>
				<total>0</total>
				<timestamp>1960.881292</timestamp>
			</report>
			<report>
				<misses>185000000</misses>
				<total>0</total>
				<timestamp>1961.931549</timestamp>
			</report>
			<report>
				<misses>185100000</misses>
				<total>0</total>
				<timestamp>1962.971979</timestamp>
			</report>
			<report>
				<misses>185200000</misses>
				<total>0</total>
				<timestamp>1964.010068</timestamp>
			</report>
			<report>
				<misses>185300000</misses>
				<total>0</total>
				<timestamp>1965.059451</timestamp>
			</report>
			<report>
				<misses>185400000</misses>
				<total>0</total>
				<timestamp>1966.092057</timestamp>
			</report>
			<report>
				<misses>185500000</misses>
				<total>0</total>
				<timestamp>1967.152235</timestamp>
			</report>
			<report>
				<misses>185600000</misses>
				<total>0</total>
				<timestamp>1968.200822</timestamp>
			</report>
			<report>
				<misses>185700000</misses>
				<total>0</total>
				<timestamp>1969.261550</timestamp>
			</report>
			<report>
				<misses>185800000</misses>
				<total>0</total>
				<timestamp>1970.322174</timestamp>
			</report>
			<report>
				<misses>185900000</misses>
				<total>0</total>
				<timestamp>1971.390620</timestamp>
			</report>
			<report>
				<misses>186000000</misses>
				<total>0</total>
				<timestamp>1972.441141</timestamp>
			</report>
			<report>
				<misses>186100000</misses>
				<total>0</total>
				<timestamp>1973.488649</timestamp>
			</report>
			<report>
				<misses>186200000</misses>
				<total>0</total>
				<timestamp>1974.597032</timestamp>
			</report>
			<report>
				<misses>186300000</misses>
				<total>0</total>
				<timestamp>1975.676302</timestamp>
			</report>
			<report>
				<misses>186400000</misses>
				<total>0</total>
				<timestamp>1976.730881</timestamp>
			</report>
			<report>
				<misses>186500000</misses>
				<total>0</total>
				<timestamp>1977.764851</timestamp>
			</report>
			<report>
				<misses>186600000</misses>
				<total>0</total>
				<timestamp>1978.814402</timestamp>
			</report>
			<report>
				<misses>186700000</misses>
				<total>0</total>
				<timestamp>1979.858136</timestamp>
			</report>
			<report>
				<misses>186800000</misses>
				<total>0</total>
				<timestamp>1980.892582</timestamp>
			</report>
			<report>
				<misses>186900000</misses>
				<total>0</total>
				<timestamp>1981.937940</timestamp>
			</report>
			<report>
				<misses>187000000</misses>
				<total>0</total>
				<timestamp>1982.986587</timestamp>
			</report>
			<report>
				<misses>187100000</misses>
				<total>0</total>
				<timestamp>1984.075347</timestamp>
			</report>
			<report>
				<misses>187200000</misses>
				<total>0</total>
				<timestamp>1985.125493</timestamp>
			</report>
			<report>
				<misses>187300000</misses>
				<total>0</total>
				<timestamp>1986.182004</timestamp>
			</report>
			<report>
				<misses>187400000</misses>
				<total>0</total>
				<timestamp>1987.239190</timestamp>
			</report>
			<report>
				<misses>187500000</misses>
				<total>0</total>
				<timestamp>1988.325720</timestamp>
			</report>
			<report>
				<misses>187600000</misses>
				<total>0</total>
				<timestamp>1989.407165</timestamp>
			</report>
			<report>
				<misses>187700000</misses>
				<total>0</total>
				<timestamp>1990.452322</timestamp>
			</report>
			<report>
				<misses>187800000</misses>
				<total>0</total>
				<timestamp>1991.512327</timestamp>
			</report>
			<report>
				<misses>187900000</misses>
				<total>0</total>
				<timestamp>1992.585812</timestamp>
			</report>
			<report>
				<misses>188000000</misses>
				<total>0</total>
				<timestamp>1993.660648</timestamp>
			</report>
			<report>
				<misses>188100000</misses>
				<total>0</total>
				<timestamp>1994.732973</timestamp>
			</report>
			<report>
				<misses>188200000</misses>
				<total>0</total>
				<timestamp>1995.822932</timestamp>
			</report>
			<report>
				<misses>188300000</misses>
				<total>0</total>
				<timestamp>1996.876791</timestamp>
			</report>
			<report>
				<misses>188400000</misses>
				<total>0</total>
				<timestamp>1997.919672</timestamp>
			</report>
			<report>
				<misses>188500000</misses>
				<total>0</total>
				<timestamp>1998.970575</timestamp>
			</report>
			<report>
				<misses>188600000</misses>
				<total>0</total>
				<timestamp>2000.028589</timestamp>
			</report>
			<report>
				<misses>188700000</misses>
				<total>0</total>
				<timestamp>2001.071220</timestamp>
			</report>
			<report>
				<misses>188800000</misses>
				<total>0</total>
				<timestamp>2002.118393</timestamp>
			</report>
			<report>
				<misses>188900000</misses>
				<total>0</total>
				<timestamp>2003.152600</timestamp>
			</report>
			<report>
				<misses>189000000</misses>
				<total>0</total>
				<timestamp>2004.217544</timestamp>
			</report>
			<report>
				<misses>189100000</misses>
				<total>0</total>
				<timestamp>2005.302038</timestamp>
			</report>
			<report>
				<misses>189200000</misses>
				<total>0</total>
				<timestamp>2006.380828</timestamp>
			</report>
			<report>
				<misses>189300000</misses>
				<total>0</total>
				<timestamp>2007.431305</timestamp>
			</report>
			<report>
				<misses>189400000</misses>
				<total>0</total>
				<timestamp>2008.496820</timestamp>
			</report>
			<report>
				<misses>189500000</misses>
				<total>0</total>
				<timestamp>2009.583621</timestamp>
			</report>
			<report>
				<misses>189600000</misses>
				<total>0</total>
				<timestamp>2010.625326</timestamp>
			</report>
			<report>
				<misses>189700000</misses>
				<total>0</total>
				<timestamp>2011.691846</timestamp>
			</report>
			<report>
				<misses>189800000</misses>
				<total>0</total>
				<timestamp>2012.753154</timestamp>
			</report>
			<report>
				<misses>189900000</misses>
				<total>0</total>
				<timestamp>2013.807199</timestamp>
			</report>
			<report>
				<misses>190000000</misses>
				<total>0</total>
				<timestamp>2014.851406</timestamp>
			</report>
			<report>
				<misses>190100000</misses>
				<total>0</total>
				<timestamp>2015.888919</timestamp>
			</report>
			<report>
				<misses>190200000</misses>
				<total>0</total>
				<timestamp>2016.931141</timestamp>
			</report>
			<report>
				<misses>190300000</misses>
				<total>0</total>
				<timestamp>2017.974323</timestamp>
			</report>
			<report>
				<misses>190400000</misses>
				<total>0</total>
				<timestamp>2019.023018</timestamp>
			</report>
			<report>
				<misses>190500000</misses>
				<total>0</total>
				<timestamp>2020.073614</timestamp>
			</report>
			<report>
				<misses>190600000</misses>
				<total>0</total>
				<timestamp>2021.158331</timestamp>
			</report>
			<report>
				<misses>190700000</misses>
				<total>0</total>
				<timestamp>2022.220668</timestamp>
			</report>
			<report>
				<misses>190800000</misses>
				<total>0</total>
				<timestamp>2023.305762</timestamp>
			</report>
			<report>
				<misses>190900000</misses>
				<total>0</total>
				<timestamp>2024.365771</timestamp>
			</report>
			<report>
				<misses>191000000</misses>
				<total>0</total>
				<timestamp>2025.433543</timestamp>
			</report>
			<report>
				<misses>191100000</misses>
				<total>0</total>
				<timestamp>2026.514510</timestamp>
			</report>
			<report>
				<misses>191200000</misses>
				<total>0</total>
				<timestamp>2027.559057</timestamp>
			</report>
			<report>
				<misses>191300000</misses>
				<total>0</total>
				<timestamp>2028.624160</timestamp>
			</report>
			<report>
				<misses>191400000</misses>
				<total>0</total>
				<timestamp>2029.682276</timestamp>
			</report>
			<report>
				<misses>191500000</misses>
				<total>0</total>
				<timestamp>2030.728204</timestamp>
			</report>
			<report>
				<misses>191600000</misses>
				<total>0</total>
				<timestamp>2031.767956</timestamp>
			</report>
			<report>
				<misses>191700000</misses>
				<total>0</total>
				<timestamp>2032.814440</timestamp>
			</report>
			<report>
				<misses>191800000</misses>
				<total>0</total>
				<timestamp>2033.856977</timestamp>
			</report>
			<report>
				<misses>191900000</misses>
				<total>0</total>
				<timestamp>2034.905348</timestamp>
			</report>
			<report>
				<misses>192000000</misses>
				<total>0</total>
				<timestamp>2035.982584</timestamp>
			</report>
			<report>
				<misses>192100000</misses>
				<total>0</total>
				<timestamp>2037.024994</timestamp>
			</report>
			<report>
				<misses>192200000</misses>
				<total>0</total>
				<timestamp>2038.087046</timestamp>
			</report>
			<report>
				<misses>192300000</misses>
				<total>0</total>
				<timestamp>2039.131043</timestamp>
			</report>
			<report>
				<misses>192400000</misses>
				<total>0</total>
				<timestamp>2040.173502</timestamp>
			</report>
			<report>
				<misses>192500000</misses>
				<total>0</total>
				<timestamp>2041.213143</timestamp>
			</report>
			<report>
				<misses>192600000</misses>
				<total>0</total>
				<timestamp>2042.263095</timestamp>
			</report>
			<report>
				<misses>192700000</misses>
				<total>0</total>
				<timestamp>2043.347699</timestamp>
			</report>
			<report>
				<misses>192800000</misses>
				<total>0</total>
				<timestamp>2044.415487</timestamp>
			</report>
			<report>
				<misses>192900000</misses>
				<total>0</total>
				<timestamp>2045.464609</timestamp>
			</report>
			<report>
				<misses>193000000</misses>
				<total>0</total>
				<timestamp>2046.526824</timestamp>
			</report>
			<report>
				<misses>193100000</misses>
				<total>0</total>
				<timestamp>2047.591016</timestamp>
			</report>
			<report>
				<misses>193200000</misses>
				<total>0</total>
				<timestamp>2048.651282</timestamp>
			</report>
			<report>
				<misses>193300000</misses>
				<total>0</total>
				<timestamp>2049.704162</timestamp>
			</report>
			<report>
				<misses>193400000</misses>
				<total>0</total>
				<timestamp>2050.762752</timestamp>
			</report>
			<report>
				<misses>193500000</misses>
				<total>0</total>
				<timestamp>2051.805738</timestamp>
			</report>
			<report>
				<misses>193600000</misses>
				<total>0</total>
				<timestamp>2052.851121</timestamp>
			</report>
			<report>
				<misses>193700000</misses>
				<total>0</total>
				<timestamp>2053.906297</timestamp>
			</report>
			<report>
				<misses>193800000</misses>
				<total>0</total>
				<timestamp>2054.952472</timestamp>
			</report>
			<report>
				<misses>193900000</misses>
				<total>0</total>
				<timestamp>2056.008857</timestamp>
			</report>
			<report>
				<misses>194000000</misses>
				<total>0</total>
				<timestamp>2057.078913</timestamp>
			</report>
			<report>
				<misses>194100000</misses>
				<total>0</total>
				<timestamp>2058.141750</timestamp>
			</report>
			<report>
				<misses>194200000</misses>
				<total>0</total>
				<timestamp>2059.200875</timestamp>
			</report>
			<report>
				<misses>194300000</misses>
				<total>0</total>
				<timestamp>2060.257461</timestamp>
			</report>
			<report>
				<misses>194400000</misses>
				<total>0</total>
				<timestamp>2061.322881</timestamp>
			</report>
			<report>
				<misses>194500000</misses>
				<total>0</total>
				<timestamp>2062.396194</timestamp>
			</report>
			<report>
				<misses>194600000</misses>
				<total>0</total>
				<timestamp>2063.466169</timestamp>
			</report>
			<report>
				<misses>194700000</misses>
				<total>0</total>
				<timestamp>2064.520729</timestamp>
			</report>
			<report>
				<misses>194800000</misses>
				<total>0</total>
				<timestamp>2065.585293</timestamp>
			</report>
			<report>
				<misses>194900000</misses>
				<total>0</total>
				<timestamp>2066.647852</timestamp>
			</report>
			<report>
				<misses>195000000</misses>
				<total>0</total>
				<timestamp>2067.703242</timestamp>
			</report>
			<report>
				<misses>195100000</misses>
				<total>0</total>
				<timestamp>2068.756768</timestamp>
			</report>
			<report>
				<misses>195200000</misses>
				<total>0</total>
				<timestamp>2069.792471</timestamp>
			</report>
			<report>
				<misses>195300000</misses>
				<total>0</total>
				<timestamp>2070.843253</timestamp>
			</report>
			<report>
				<misses>195400000</misses>
				<total>0</total>
				<timestamp>2071.886944</timestamp>
			</report>
			<report>
				<misses>195500000</misses>
				<total>0</total>
				<timestamp>2072.944827</timestamp>
			</report>
			<report>
				<misses>195600000</misses>
				<total>0</total>
				<timestamp>2073.995099</timestamp>
			</report>
			<report>
				<misses>195700000</misses>
				<total>0</total>
				<timestamp>2075.038516</timestamp>
			</report>
			<report>
				<misses>195800000</misses>
				<total>0</total>
				<timestamp>2076.104014</timestamp>
			</report>
			<report>
				<misses>195900000</misses>
				<total>0</total>
				<timestamp>2077.176252</timestamp>
			</report>
			<report>
				<misses>196000000</misses>
				<total>0</total>
				<timestamp>2078.245404</timestamp>
			</report>
			<report>
				<misses>196100000</misses>
				<total>0</total>
				<timestamp>2079.292135</timestamp>
			</report>
			<report>
				<misses>196200000</misses>
				<total>0</total>
				<timestamp>2080.337985</timestamp>
			</report>
			<report>
				<misses>196300000</misses>
				<total>0</total>
				<timestamp>2081.391050</timestamp>
			</report>
			<report>
				<misses>196400000</misses>
				<total>0</total>
				<timestamp>2082.458816</timestamp>
			</report>
			<report>
				<misses>196500000</misses>
				<total>0</total>
				<timestamp>2083.530911</timestamp>
			</report>
			<report>
				<misses>196600000</misses>
				<total>0</total>
				<timestamp>2084.613205</timestamp>
			</report>
			<report>
				<misses>196700000</misses>
				<total>0</total>
				<timestamp>2085.682570</timestamp>
			</report>
			<report>
				<misses>196800000</misses>
				<total>0</total>
				<timestamp>2086.730207</timestamp>
			</report>
			<report>
				<misses>196900000</misses>
				<total>0</total>
				<timestamp>2087.770682</timestamp>
			</report>
			<report>
				<misses>197000000</misses>
				<total>0</total>
				<timestamp>2088.815929</timestamp>
			</report>
			<report>
				<misses>197100000</misses>
				<total>0</total>
				<timestamp>2089.863122</timestamp>
			</report>
			<report>
				<misses>197200000</misses>
				<total>0</total>
				<timestamp>2090.900990</timestamp>
			</report>
			<report>
				<misses>197300000</misses>
				<total>0</total>
				<timestamp>2091.946904</timestamp>
			</report>
			<report>
				<misses>197400000</misses>
				<total>0</total>
				<timestamp>2093.019869</timestamp>
			</report>
			<report>
				<misses>197500000</misses>
				<total>0</total>
				<timestamp>2094.096504</timestamp>
			</report>
			<report>
				<misses>197600000</misses>
				<total>0</total>
				<timestamp>2095.170952</timestamp>
			</report>
			<report>
				<misses>197700000</misses>
				<total>0</total>
				<timestamp>2096.229484</timestamp>
			</report>
			<report>
				<misses>197800000</misses>
				<total>0</total>
				<timestamp>2097.310729</timestamp>
			</report>
			<report>
				<misses>197900000</misses>
				<total>0</total>
				<timestamp>2098.373371</timestamp>
			</report>
			<report>
				<misses>198000000</misses>
				<total>0</total>
				<timestamp>2099.444346</timestamp>
			</report>
			<report>
				<misses>198100000</misses>
				<total>0</total>
				<timestamp>2100.504867</timestamp>
			</report>
			<report>
				<misses>198200000</misses>
				<total>0</total>
				<timestamp>2101.574274</timestamp>
			</report>
			<report>
				<misses>198300000</misses>
				<total>0</total>
				<timestamp>2102.617540</timestamp>
			</report>
			<report>
				<misses>198400000</misses>
				<total>0</total>
				<timestamp>2103.653933</timestamp>
			</report>
			<report>
				<misses>198500000</misses>
				<total>0</total>
				<timestamp>2104.747782</timestamp>
			</report>
			<report>
				<misses>198600000</misses>
				<total>0</total>
				<timestamp>2105.800226</timestamp>
			</report>
			<report>
				<misses>198700000</misses>
				<total>0</total>
				<timestamp>2106.858787</timestamp>
			</report>
			<report>
				<misses>198800000</misses>
				<total>0</total>
				<timestamp>2107.900857</timestamp>
			</report>
			<report>
				<misses>198900000</misses>
				<total>0</total>
				<timestamp>2108.937084</timestamp>
			</report>
			<report>
				<misses>199000000</misses>
				<total>0</total>
				<timestamp>2109.996097</timestamp>
			</report>
			<report>
				<misses>199100000</misses>
				<total>0</total>
				<timestamp>2111.066221</timestamp>
			</report>
			<report>
				<misses>199200000</misses>
				<total>0</total>
				<timestamp>2112.114992</timestamp>
			</report>
			<report>
				<misses>199300000</misses>
				<total>0</total>
				<timestamp>2113.181854</timestamp>
			</report>
			<report>
				<misses>199400000</misses>
				<total>0</total>
				<timestamp>2114.252262</timestamp>
			</report>
			<report>
				<misses>199500000</misses>
				<total>0</total>
				<timestamp>2115.337654</timestamp>
			</report>
			<report>
				<misses>199600000</misses>
				<total>0</total>
				<timestamp>2116.383249</timestamp>
			</report>
			<report>
				<misses>199700000</misses>
				<total>0</total>
				<timestamp>2117.444976</timestamp>
			</report>
			<report>
				<misses>199800000</misses>
				<total>0</total>
				<timestamp>2118.493429</timestamp>
			</report>
			<report>
				<misses>199900000</misses>
				<total>0</total>
				<timestamp>2119.560199</timestamp>
			</report>
			<report>
				<misses>200000000</misses>
				<total>0</total>
				<timestamp>2120.618181</timestamp>
			</report>
			<report>
				<misses>200100000</misses>
				<total>0</total>
				<timestamp>2121.705176</timestamp>
			</report>
			<report>
				<misses>200200000</misses>
				<total>0</total>
				<timestamp>2122.754107</timestamp>
			</report>
			<report>
				<misses>200300000</misses>
				<total>0</total>
				<timestamp>2123.796166</timestamp>
			</report>
			<report>
				<misses>200400000</misses>
				<total>0</total>
				<timestamp>2124.840288</timestamp>
			</report>
			<report>
				<misses>200500000</misses>
				<total>0</total>
				<timestamp>2125.876901</timestamp>
			</report>
			<report>
				<misses>200600000</misses>
				<total>0</total>
				<timestamp>2126.931822</timestamp>
			</report>
			<report>
				<misses>200700000</misses>
				<total>0</total>
				<timestamp>2127.988574</timestamp>
			</report>
			<report>
				<misses>200800000</misses>
				<total>0</total>
				<timestamp>2129.062225</timestamp>
			</report>
			<report>
				<misses>200900000</misses>
				<total>0</total>
				<timestamp>2130.127033</timestamp>
			</report>
			<report>
				<misses>201000000</misses>
				<total>0</total>
				<timestamp>2131.175046</timestamp>
			</report>
			<report>
				<misses>201100000</misses>
				<total>0</total>
				<timestamp>2132.218488</timestamp>
			</report>
			<report>
				<misses>201200000</misses>
				<total>0</total>
				<timestamp>2133.276027</timestamp>
			</report>
			<report>
				<misses>201300000</misses>
				<total>0</total>
				<timestamp>2134.391760</timestamp>
			</report>
			<report>
				<misses>201400000</misses>
				<total>0</total>
				<timestamp>2135.456124</timestamp>
			</report>
			<report>
				<misses>201500000</misses>
				<total>0</total>
				<timestamp>2136.536605</timestamp>
			</report>
			<report>
				<misses>201600000</misses>
				<total>0</total>
				<timestamp>2137.632089</timestamp>
			</report>
			<report>
				<misses>201700000</misses>
				<total>0</total>
				<timestamp>2138.721587</timestamp>
			</report>
			<report>
				<misses>201800000</misses>
				<total>0</total>
				<timestamp>2139.808920</timestamp>
			</report>
			<report>
				<misses>201900000</misses>
				<total>0</total>
				<timestamp>2140.857927</timestamp>
			</report>
			<report>
				<misses>202000000</misses>
				<total>0</total>
				<timestamp>2141.912721</timestamp>
			</report>
			<report>
				<misses>202100000</misses>
				<total>0</total>
				<timestamp>2142.993703</timestamp>
			</report>
			<report>
				<misses>202200000</misses>
				<total>0</total>
				<timestamp>2144.060052</timestamp>
			</report>
			<report>
				<misses>202300000</misses>
				<total>0</total>
				<timestamp>2145.107855</timestamp>
			</report>
			<report>
				<misses>202400000</misses>
				<total>0</total>
				<timestamp>2146.180093</timestamp>
			</report>
			<report>
				<misses>202500000</misses>
				<total>0</total>
				<timestamp>2147.229190</timestamp>
			</report>
			<report>
				<misses>202600000</misses>
				<total>0</total>
				<timestamp>2148.267376</timestamp>
			</report>
			<report>
				<misses>202700000</misses>
				<total>0</total>
				<timestamp>2149.314095</timestamp>
			</report>
			<report>
				<misses>202800000</misses>
				<total>0</total>
				<timestamp>2150.363006</timestamp>
			</report>
			<report>
				<misses>202900000</misses>
				<total>0</total>
				<timestamp>2151.438847</timestamp>
			</report>
			<report>
				<misses>203000000</misses>
				<total>0</total>
				<timestamp>2152.514646</timestamp>
			</report>
			<report>
				<misses>203100000</misses>
				<total>0</total>
				<timestamp>2153.565828</timestamp>
			</report>
			<report>
				<misses>203200000</misses>
				<total>0</total>
				<timestamp>2154.622802</timestamp>
			</report>
			<report>
				<misses>203300000</misses>
				<total>0</total>
				<timestamp>2155.676016</timestamp>
			</report>
			<report>
				<misses>203400000</misses>
				<total>0</total>
				<timestamp>2156.752163</timestamp>
			</report>
			<report>
				<misses>203500000</misses>
				<total>0</total>
				<timestamp>2157.796299</timestamp>
			</report>
			<report>
				<misses>203600000</misses>
				<total>0</total>
				<timestamp>2158.868497</timestamp>
			</report>
			<report>
				<misses>203700000</misses>
				<total>0</total>
				<timestamp>2159.909714</timestamp>
			</report>
			<report>
				<misses>203800000</misses>
				<total>0</total>
				<timestamp>2160.976322</timestamp>
			</report>
			<report>
				<misses>203900000</misses>
				<total>0</total>
				<timestamp>2162.037141</timestamp>
			</report>
			<report>
				<misses>204000000</misses>
				<total>0</total>
				<timestamp>2163.079673</timestamp>
			</report>
			<report>
				<misses>204100000</misses>
				<total>0</total>
				<timestamp>2164.128702</timestamp>
			</report>
			<report>
				<misses>204200000</misses>
				<total>0</total>
				<timestamp>2165.178032</timestamp>
			</report>
			<report>
				<misses>204300000</misses>
				<total>0</total>
				<timestamp>2166.236606</timestamp>
			</report>
			<report>
				<misses>204400000</misses>
				<total>0</total>
				<timestamp>2167.277401</timestamp>
			</report>
			<report>
				<misses>204500000</misses>
				<total>0</total>
				<timestamp>2168.327334</timestamp>
			</report>
			<report>
				<misses>204600000</misses>
				<total>0</total>
				<timestamp>2169.385375</timestamp>
			</report>
			<report>
				<misses>204700000</misses>
				<total>0</total>
				<timestamp>2170.455801</timestamp>
			</report>
			<report>
				<misses>204800000</misses>
				<total>0</total>
				<timestamp>2171.509923</timestamp>
			</report>
			<report>
				<misses>204900000</misses>
				<total>0</total>
				<timestamp>2172.585689</timestamp>
			</report>
			<report>
				<misses>205000000</misses>
				<total>0</total>
				<timestamp>2173.647302</timestamp>
			</report>
			<report>
				<misses>205100000</misses>
				<total>0</total>
				<timestamp>2174.724864</timestamp>
			</report>
			<report>
				<misses>205200000</misses>
				<total>0</total>
				<timestamp>2175.772196</timestamp>
			</report>
			<report>
				<misses>205300000</misses>
				<total>0</total>
				<timestamp>2176.815919</timestamp>
			</report>
			<report>
				<misses>205400000</misses>
				<total>0</total>
				<timestamp>2177.879843</timestamp>
			</report>
			<report>
				<misses>205500000</misses>
				<total>0</total>
				<timestamp>2178.918260</timestamp>
			</report>
			<report>
				<misses>205600000</misses>
				<total>0</total>
				<timestamp>2179.959513</timestamp>
			</report>
			<report>
				<misses>205700000</misses>
				<total>0</total>
				<timestamp>2180.989534</timestamp>
			</report>
			<report>
				<misses>205800000</misses>
				<total>0</total>
				<timestamp>2182.056348</timestamp>
			</report>
			<report>
				<misses>205900000</misses>
				<total>0</total>
				<timestamp>2183.102279</timestamp>
			</report>
			<report>
				<misses>206000000</misses>
				<total>0</total>
				<timestamp>2184.169271</timestamp>
			</report>
			<report>
				<misses>206100000</misses>
				<total>0</total>
				<timestamp>2185.249634</timestamp>
			</report>
			<report>
				<misses>206200000</misses>
				<total>0</total>
				<timestamp>2186.315379</timestamp>
			</report>
			<report>
				<misses>206300000</misses>
				<total>0</total>
				<timestamp>2187.378965</timestamp>
			</report>
			<report>
				<misses>206400000</misses>
				<total>0</total>
				<timestamp>2188.438511</timestamp>
			</report>
			<report>
				<misses>206500000</misses>
				<total>0</total>
				<timestamp>2189.503116</timestamp>
			</report>
			<report>
				<misses>206600000</misses>
				<total>0</total>
				<timestamp>2190.559034</timestamp>
			</report>
			<report>
				<misses>206700000</misses>
				<total>0</total>
				<timestamp>2191.621799</timestamp>
			</report>
			<report>
				<misses>206800000</misses>
				<total>0</total>
				<timestamp>2192.685559</timestamp>
			</report>
			<report>
				<misses>206900000</misses>
				<total>0</total>
				<timestamp>2193.760136</timestamp>
			</report>
			<report>
				<misses>207000000</misses>
				<total>0</total>
				<timestamp>2194.813150</timestamp>
			</report>
			<report>
				<misses>207100000</misses>
				<total>0</total>
				<timestamp>2195.856229</timestamp>
			</report>
			<report>
				<misses>207200000</misses>
				<total>0</total>
				<timestamp>2196.904153</timestamp>
			</report>
			<report>
				<misses>207300000</misses>
				<total>0</total>
				<timestamp>2197.960479</timestamp>
			</report>
			<report>
				<misses>207400000</misses>
				<total>0</total>
				<timestamp>2199.044818</timestamp>
			</report>
			<report>
				<misses>207500000</misses>
				<total>0</total>
				<timestamp>2200.095911</timestamp>
			</report>
			<report>
				<misses>207600000</misses>
				<total>0</total>
				<timestamp>2201.191196</timestamp>
			</report>
			<report>
				<misses>207700000</misses>
				<total>0</total>
				<timestamp>2202.238694</timestamp>
			</report>
			<report>
				<misses>207800000</misses>
				<total>0</total>
				<timestamp>2203.302992</timestamp>
			</report>
			<report>
				<misses>207900000</misses>
				<total>0</total>
				<timestamp>2204.355276</timestamp>
			</report>
			<report>
				<misses>208000000</misses>
				<total>0</total>
				<timestamp>2205.431919</timestamp>
			</report>
			<report>
				<misses>208100000</misses>
				<total>0</total>
				<timestamp>2206.516018</timestamp>
			</report>
			<report>
				<misses>208200000</misses>
				<total>0</total>
				<timestamp>2207.575828</timestamp>
			</report>
			<report>
				<misses>208300000</misses>
				<total>0</total>
				<timestamp>2208.641001</timestamp>
			</report>
			<report>
				<misses>208400000</misses>
				<total>0</total>
				<timestamp>2209.683183</timestamp>
			</report>
			<report>
				<misses>208500000</misses>
				<total>0</total>
				<timestamp>2210.736903</timestamp>
			</report>
			<report>
				<misses>208600000</misses>
				<total>0</total>
				<timestamp>2211.784219</timestamp>
			</report>
			<report>
				<misses>208700000</misses>
				<total>0</total>
				<timestamp>2212.844182</timestamp>
			</report>
			<report>
				<misses>208800000</misses>
				<total>0</total>
				<timestamp>2213.884626</timestamp>
			</report>
			<report>
				<misses>208900000</misses>
				<total>0</total>
				<timestamp>2214.933765</timestamp>
			</report>
			<report>
				<misses>209000000</misses>
				<total>0</total>
				<timestamp>2215.984151</timestamp>
			</report>
			<report>
				<misses>209100000</misses>
				<total>0</total>
				<timestamp>2217.049243</timestamp>
			</report>
			<report>
				<misses>209200000</misses>
				<total>0</total>
				<timestamp>2218.115628</timestamp>
			</report>
			<report>
				<misses>209300000</misses>
				<total>0</total>
				<timestamp>2219.168260</timestamp>
			</report>
			<report>
				<misses>209400000</misses>
				<total>0</total>
				<timestamp>2220.248016</timestamp>
			</report>
			<report>
				<misses>209500000</misses>
				<total>0</total>
				<timestamp>2221.310848</timestamp>
			</report>
			<report>
				<misses>209600000</misses>
				<total>0</total>
				<timestamp>2222.399451</timestamp>
			</report>
			<report>
				<misses>209700000</misses>
				<total>0</total>
				<timestamp>2223.467268</timestamp>
			</report>
			<report>
				<misses>209800000</misses>
				<total>0</total>
				<timestamp>2224.547314</timestamp>
			</report>
			<report>
				<misses>209900000</misses>
				<total>0</total>
				<timestamp>2225.612581</timestamp>
			</report>
			<report>
				<misses>210000000</misses>
				<total>0</total>
				<timestamp>2226.651528</timestamp>
			</report>
			<report>
				<misses>210100000</misses>
				<total>0</total>
				<timestamp>2227.719450</timestamp>
			</report>
			<report>
				<misses>210200000</misses>
				<total>0</total>
				<timestamp>2228.791200</timestamp>
			</report>
			<report>
				<misses>210300000</misses>
				<total>0</total>
				<timestamp>2229.873383</timestamp>
			</report>
			<report>
				<misses>210400000</misses>
				<total>0</total>
				<timestamp>2230.929947</timestamp>
			</report>
			<report>
				<misses>210500000</misses>
				<total>0</total>
				<timestamp>2232.001854</timestamp>
			</report>
			<report>
				<misses>210600000</misses>
				<total>0</total>
				<timestamp>2233.081121</timestamp>
			</report>
			<report>
				<misses>210700000</misses>
				<total>0</total>
				<timestamp>2234.145067</timestamp>
			</report>
			<report>
				<misses>210800000</misses>
				<total>0</total>
				<timestamp>2235.214206</timestamp>
			</report>
			<report>
				<misses>210900000</misses>
				<total>0</total>
				<timestamp>2236.272879</timestamp>
			</report>
			<report>
				<misses>211000000</misses>
				<total>0</total>
				<timestamp>2237.317635</timestamp>
			</report>
			<report>
				<misses>211100000</misses>
				<total>0</total>
				<timestamp>2238.355239</timestamp>
			</report>
			<report>
				<misses>211200000</misses>
				<total>0</total>
				<timestamp>2239.408681</timestamp>
			</report>
			<report>
				<misses>211300000</misses>
				<total>0</total>
				<timestamp>2240.467383</timestamp>
			</report>
			<report>
				<misses>211400000</misses>
				<total>0</total>
				<timestamp>2241.516940</timestamp>
			</report>
			<report>
				<misses>211500000</misses>
				<total>0</total>
				<timestamp>2242.594213</timestamp>
			</report>
			<report>
				<misses>211600000</misses>
				<total>0</total>
				<timestamp>2243.654731</timestamp>
			</report>
			<report>
				<misses>211700000</misses>
				<total>0</total>
				<timestamp>2244.706333</timestamp>
			</report>
			<report>
				<misses>211800000</misses>
				<total>0</total>
				<timestamp>2245.764236</timestamp>
			</report>
			<report>
				<misses>211900000</misses>
				<total>0</total>
				<timestamp>2246.815421</timestamp>
			</report>
			<report>
				<misses>212000000</misses>
				<total>0</total>
				<timestamp>2247.874446</timestamp>
			</report>
			<report>
				<misses>212100000</misses>
				<total>0</total>
				<timestamp>2248.968248</timestamp>
			</report>
			<report>
				<misses>212200000</misses>
				<total>0</total>
				<timestamp>2250.039619</timestamp>
			</report>
			<report>
				<misses>212300000</misses>
				<total>0</total>
				<timestamp>2251.100797</timestamp>
			</report>
			<report>
				<misses>212400000</misses>
				<total>0</total>
				<timestamp>2252.143259</timestamp>
			</report>
			<report>
				<misses>212500000</misses>
				<total>0</total>
				<timestamp>2253.183549</timestamp>
			</report>
			<report>
				<misses>212600000</misses>
				<total>0</total>
				<timestamp>2254.245268</timestamp>
			</report>
			<report>
				<misses>212700000</misses>
				<total>0</total>
				<timestamp>2255.310066</timestamp>
			</report>
			<report>
				<misses>212800000</misses>
				<total>0</total>
				<timestamp>2256.355998</timestamp>
			</report>
			<report>
				<misses>212900000</misses>
				<total>0</total>
				<timestamp>2257.395026</timestamp>
			</report>
			<report>
				<misses>213000000</misses>
				<total>0</total>
				<timestamp>2258.478004</timestamp>
			</report>
			<report>
				<misses>213100000</misses>
				<total>0</total>
				<timestamp>2259.524828</timestamp>
			</report>
			<report>
				<misses>213200000</misses>
				<total>0</total>
				<timestamp>2260.589432</timestamp>
			</report>
			<report>
				<misses>213300000</misses>
				<total>0</total>
				<timestamp>2261.639263</timestamp>
			</report>
			<report>
				<misses>213400000</misses>
				<total>0</total>
				<timestamp>2262.715193</timestamp>
			</report>
			<report>
				<misses>213500000</misses>
				<total>0</total>
				<timestamp>2263.767852</timestamp>
			</report>
			<report>
				<misses>213600000</misses>
				<total>0</total>
				<timestamp>2264.846575</timestamp>
			</report>
			<report>
				<misses>213700000</misses>
				<total>0</total>
				<timestamp>2265.896612</timestamp>
			</report>
			<report>
				<misses>213800000</misses>
				<total>0</total>
				<timestamp>2266.944694</timestamp>
			</report>
			<report>
				<misses>213900000</misses>
				<total>0</total>
				<timestamp>2268.035907</timestamp>
			</report>
			<report>
				<misses>214000000</misses>
				<total>0</total>
				<timestamp>2269.075147</timestamp>
			</report>
			<report>
				<misses>214100000</misses>
				<total>0</total>
				<timestamp>2270.140018</timestamp>
			</report>
			<report>
				<misses>214200000</misses>
				<total>0</total>
				<timestamp>2271.206226</timestamp>
			</report>
			<report>
				<misses>214300000</misses>
				<total>0</total>
				<timestamp>2272.269080</timestamp>
			</report>
			<report>
				<misses>214400000</misses>
				<total>0</total>
				<timestamp>2273.325369</timestamp>
			</report>
			<report>
				<misses>214500000</misses>
				<total>0</total>
				<timestamp>2274.364354</timestamp>
			</report>
			<report>
				<misses>214600000</misses>
				<total>0</total>
				<timestamp>2275.410752</timestamp>
			</report>
			<report>
				<misses>214700000</misses>
				<total>0</total>
				<timestamp>2276.452122</timestamp>
			</report>
			<report>
				<misses>214800000</misses>
				<total>0</total>
				<timestamp>2277.501099</timestamp>
			</report>
			<report>
				<misses>214900000</misses>
				<total>0</total>
				<timestamp>2278.566733</timestamp>
			</report>
			<report>
				<misses>215000000</misses>
				<total>0</total>
				<timestamp>2279.605832</timestamp>
			</report>
			<report>
				<misses>215100000</misses>
				<total>0</total>
				<timestamp>2280.656020</timestamp>
			</report>
			<report>
				<misses>215200000</misses>
				<total>0</total>
				<timestamp>2281.754890</timestamp>
			</report>
			<report>
				<misses>215300000</misses>
				<total>0</total>
				<timestamp>2282.826976</timestamp>
			</report>
			<report>
				<misses>215400000</misses>
				<total>0</total>
				<timestamp>2283.924350</timestamp>
			</report>
			<report>
				<misses>215500000</misses>
				<total>0</total>
				<timestamp>2284.962989</timestamp>
			</report>
			<report>
				<misses>215600000</misses>
				<total>0</total>
				<timestamp>2286.030423</timestamp>
			</report>
			<report>
				<misses>215700000</misses>
				<total>0</total>
				<timestamp>2287.089443</timestamp>
			</report>
			<report>
				<misses>215800000</misses>
				<total>0</total>
				<timestamp>2288.153173</timestamp>
			</report>
			<report>
				<misses>215900000</misses>
				<total>0</total>
				<timestamp>2289.212028</timestamp>
			</report>
			<report>
				<misses>216000000</misses>
				<total>0</total>
				<timestamp>2290.263649</timestamp>
			</report>
			<report>
				<misses>216100000</misses>
				<total>0</total>
				<timestamp>2291.326279</timestamp>
			</report>
			<report>
				<misses>216200000</misses>
				<total>0</total>
				<timestamp>2292.412599</timestamp>
			</report>
			<report>
				<misses>216300000</misses>
				<total>0</total>
				<timestamp>2293.499450</timestamp>
			</report>
			<report>
				<misses>216400000</misses>
				<total>0</total>
				<timestamp>2294.545615</timestamp>
			</report>
			<report>
				<misses>216500000</misses>
				<total>0</total>
				<timestamp>2295.588367</timestamp>
			</report>
			<report>
				<misses>216600000</misses>
				<total>0</total>
				<timestamp>2296.626129</timestamp>
			</report>
			<report>
				<misses>216700000</misses>
				<total>0</total>
				<timestamp>2297.682059</timestamp>
			</report>
			<report>
				<misses>216800000</misses>
				<total>0</total>
				<timestamp>2298.722214</timestamp>
			</report>
			<report>
				<misses>216900000</misses>
				<total>0</total>
				<timestamp>2299.762110</timestamp>
			</report>
			<report>
				<misses>217000000</misses>
				<total>0</total>
				<timestamp>2300.814739</timestamp>
			</report>
			<report>
				<misses>217100000</misses>
				<total>0</total>
				<timestamp>2301.896409</timestamp>
			</report>
			<report>
				<misses>217200000</misses>
				<total>0</total>
				<timestamp>2302.979423</timestamp>
			</report>
			<report>
				<misses>217300000</misses>
				<total>0</total>
				<timestamp>2304.032194</timestamp>
			</report>
			<report>
				<misses>217400000</misses>
				<total>0</total>
				<timestamp>2305.094641</timestamp>
			</report>
			<report>
				<misses>217500000</misses>
				<total>0</total>
				<timestamp>2306.137394</timestamp>
			</report>
			<report>
				<misses>217600000</misses>
				<total>0</total>
				<timestamp>2307.197557</timestamp>
			</report>
			<report>
				<misses>217700000</misses>
				<total>0</total>
				<timestamp>2308.270512</timestamp>
			</report>
			<report>
				<misses>217800000</misses>
				<total>0</total>
				<timestamp>2309.336129</timestamp>
			</report>
			<report>
				<misses>217900000</misses>
				<total>0</total>
				<timestamp>2310.391972</timestamp>
			</report>
			<report>
				<misses>218000000</misses>
				<total>0</total>
				<timestamp>2311.449515</timestamp>
			</report>
			<report>
				<misses>218100000</misses>
				<total>0</total>
				<timestamp>2312.499901</timestamp>
			</report>
			<report>
				<misses>218200000</misses>
				<total>0</total>
				<timestamp>2313.548967</timestamp>
			</report>
			<report>
				<misses>218300000</misses>
				<total>0</total>
				<timestamp>2314.588084</timestamp>
			</report>
			<report>
				<misses>218400000</misses>
				<total>0</total>
				<timestamp>2315.632101</timestamp>
			</report>
			<report>
				<misses>218500000</misses>
				<total>0</total>
				<timestamp>2316.685068</timestamp>
			</report>
			<report>
				<misses>218600000</misses>
				<total>0</total>
				<timestamp>2317.773520</timestamp>
			</report>
			<report>
				<misses>218700000</misses>
				<total>0</total>
				<timestamp>2318.832646</timestamp>
			</report>
			<report>
				<misses>218800000</misses>
				<total>0</total>
				<timestamp>2319.927341</timestamp>
			</report>
			<report>
				<misses>218900000</misses>
				<total>0</total>
				<timestamp>2320.999547</timestamp>
			</report>
			<report>
				<misses>219000000</misses>
				<total>0</total>
				<timestamp>2322.093724</timestamp>
			</report>
			<report>
				<misses>219100000</misses>
				<total>0</total>
				<timestamp>2323.164110</timestamp>
			</report>
			<report>
				<misses>219200000</misses>
				<total>0</total>
				<timestamp>2324.254989</timestamp>
			</report>
			<report>
				<misses>219300000</misses>
				<total>0</total>
				<timestamp>2325.320894</timestamp>
			</report>
			<report>
				<misses>219400000</misses>
				<total>0</total>
				<timestamp>2326.367291</timestamp>
			</report>
			<report>
				<misses>219500000</misses>
				<total>0</total>
				<timestamp>2327.413948</timestamp>
			</report>
			<report>
				<misses>219600000</misses>
				<total>0</total>
				<timestamp>2328.506220</timestamp>
			</report>
			<report>
				<misses>219700000</misses>
				<total>0</total>
				<timestamp>2329.575140</timestamp>
			</report>
			<report>
				<misses>219800000</misses>
				<total>0</total>
				<timestamp>2330.660321</timestamp>
			</report>
			<report>
				<misses>219900000</misses>
				<total>0</total>
				<timestamp>2331.717408</timestamp>
			</report>
			<report>
				<misses>220000000</misses>
				<total>0</total>
				<timestamp>2332.774258</timestamp>
			</report>
			<report>
				<misses>220100000</misses>
				<total>0</total>
				<timestamp>2333.814614</timestamp>
			</report>
			<report>
				<misses>220200000</misses>
				<total>0</total>
				<timestamp>2334.863186</timestamp>
			</report>
			<report>
				<misses>220300000</misses>
				<total>0</total>
				<timestamp>2335.898239</timestamp>
			</report>
			<report>
				<misses>220400000</misses>
				<total>0</total>
				<timestamp>2336.939145</timestamp>
			</report>
			<report>
				<misses>220500000</misses>
				<total>0</total>
				<timestamp>2337.994990</timestamp>
			</report>
			<report>
				<misses>220600000</misses>
				<total>0</total>
				<timestamp>2339.042976</timestamp>
			</report>
			<report>
				<misses>220700000</misses>
				<total>0</total>
				<timestamp>2340.140422</timestamp>
			</report>
			<report>
				<misses>220800000</misses>
				<total>0</total>
				<timestamp>2341.182681</timestamp>
			</report>
			<report>
				<misses>220900000</misses>
				<total>0</total>
				<timestamp>2342.255819</timestamp>
			</report>
			<report>
				<misses>221000000</misses>
				<total>0</total>
				<timestamp>2343.293426</timestamp>
			</report>
			<report>
				<misses>221100000</misses>
				<total>0</total>
				<timestamp>2344.346665</timestamp>
			</report>
			<report>
				<misses>221200000</misses>
				<total>0</total>
				<timestamp>2345.415583</timestamp>
			</report>
			<report>
				<misses>221300000</misses>
				<total>0</total>
				<timestamp>2346.491791</timestamp>
			</report>
			<report>
				<misses>221400000</misses>
				<total>0</total>
				<timestamp>2347.564157</timestamp>
			</report>
			<report>
				<misses>221500000</misses>
				<total>0</total>
				<timestamp>2348.602936</timestamp>
			</report>
			<report>
				<misses>221600000</misses>
				<total>0</total>
				<timestamp>2349.663488</timestamp>
			</report>
			<report>
				<misses>221700000</misses>
				<total>0</total>
				<timestamp>2350.711466</timestamp>
			</report>
			<report>
				<misses>221800000</misses>
				<total>0</total>
				<timestamp>2351.750700</timestamp>
			</report>
			<report>
				<misses>221900000</misses>
				<total>0</total>
				<timestamp>2352.802942</timestamp>
			</report>
			<report>
				<misses>222000000</misses>
				<total>0</total>
				<timestamp>2353.856378</timestamp>
			</report>
			<report>
				<misses>222100000</misses>
				<total>0</total>
				<timestamp>2354.920077</timestamp>
			</report>
			<report>
				<misses>222200000</misses>
				<total>0</total>
				<timestamp>2356.000570</timestamp>
			</report>
			<report>
				<misses>222300000</misses>
				<total>0</total>
				<timestamp>2357.067452</timestamp>
			</report>
			<report>
				<misses>222400000</misses>
				<total>0</total>
				<timestamp>2358.104070</timestamp>
			</report>
			<report>
				<misses>222500000</misses>
				<total>0</total>
				<timestamp>2359.180187</timestamp>
			</report>
			<report>
				<misses>222600000</misses>
				<total>0</total>
				<timestamp>2360.217074</timestamp>
			</report>
			<report>
				<misses>222700000</misses>
				<total>0</total>
				<timestamp>2361.284069</timestamp>
			</report>
			<report>
				<misses>222800000</misses>
				<total>0</total>
				<timestamp>2362.372111</timestamp>
			</report>
			<report>
				<misses>222900000</misses>
				<total>0</total>
				<timestamp>2363.451815</timestamp>
			</report>
			<report>
				<misses>223000000</misses>
				<total>0</total>
				<timestamp>2364.544123</timestamp>
			</report>
			<report>
				<misses>223100000</misses>
				<total>0</total>
				<timestamp>2365.575235</timestamp>
			</report>
			<report>
				<misses>223200000</misses>
				<total>0</total>
				<timestamp>2366.629235</timestamp>
			</report>
			<report>
				<misses>223300000</misses>
				<total>0</total>
				<timestamp>2367.685073</timestamp>
			</report>
			<report>
				<misses>223400000</misses>
				<total>0</total>
				<timestamp>2368.752383</timestamp>
			</report>
			<report>
				<misses>223500000</misses>
				<total>0</total>
				<timestamp>2369.794352</timestamp>
			</report>
			<report>
				<misses>223600000</misses>
				<total>0</total>
				<timestamp>2370.847961</timestamp>
			</report>
			<report>
				<misses>223700000</misses>
				<total>0</total>
				<timestamp>2371.896068</timestamp>
			</report>
			<report>
				<misses>223800000</misses>
				<total>0</total>
				<timestamp>2372.958829</timestamp>
			</report>
			<report>
				<misses>223900000</misses>
				<total>0</total>
				<timestamp>2374.011631</timestamp>
			</report>
			<report>
				<misses>224000000</misses>
				<total>0</total>
				<timestamp>2375.070829</timestamp>
			</report>
			<report>
				<misses>224100000</misses>
				<total>0</total>
				<timestamp>2376.135215</timestamp>
			</report>
			<report>
				<misses>224200000</misses>
				<total>0</total>
				<timestamp>2377.209874</timestamp>
			</report>
			<report>
				<misses>224300000</misses>
				<total>0</total>
				<timestamp>2378.265792</timestamp>
			</report>
			<report>
				<misses>224400000</misses>
				<total>0</total>
				<timestamp>2379.325474</timestamp>
			</report>
			<report>
				<misses>224500000</misses>
				<total>0</total>
				<timestamp>2380.398926</timestamp>
			</report>
			<report>
				<misses>224600000</misses>
				<total>0</total>
				<timestamp>2381.444492</timestamp>
			</report>
			<report>
				<misses>224700000</misses>
				<total>0</total>
				<timestamp>2382.483373</timestamp>
			</report>
			<report>
				<misses>224800000</misses>
				<total>0</total>
				<timestamp>2383.529386</timestamp>
			</report>
			<report>
				<misses>224900000</misses>
				<total>0</total>
				<timestamp>2384.573938</timestamp>
			</report>
			<report>
				<misses>225000000</misses>
				<total>0</total>
				<timestamp>2385.642288</timestamp>
			</report>
			<report>
				<misses>225100000</misses>
				<total>0</total>
				<timestamp>2386.684781</timestamp>
			</report>
			<report>
				<misses>225200000</misses>
				<total>0</total>
				<timestamp>2387.743035</timestamp>
			</report>
			<report>
				<misses>225300000</misses>
				<total>0</total>
				<timestamp>2388.815006</timestamp>
			</report>
			<report>
				<misses>225400000</misses>
				<total>0</total>
				<timestamp>2389.890533</timestamp>
			</report>
			<report>
				<misses>225500000</misses>
				<total>0</total>
				<timestamp>2390.967721</timestamp>
			</report>
			<report>
				<misses>225600000</misses>
				<total>0</total>
				<timestamp>2392.033682</timestamp>
			</report>
			<report>
				<misses>225700000</misses>
				<total>0</total>
				<timestamp>2393.083817</timestamp>
			</report>
			<report>
				<misses>225800000</misses>
				<total>0</total>
				<timestamp>2394.153885</timestamp>
			</report>
			<report>
				<misses>225900000</misses>
				<total>0</total>
				<timestamp>2395.235763</timestamp>
			</report>
			<report>
				<misses>226000000</misses>
				<total>0</total>
				<timestamp>2396.320488</timestamp>
			</report>
			<report>
				<misses>226100000</misses>
				<total>0</total>
				<timestamp>2397.371527</timestamp>
			</report>
			<report>
				<misses>226200000</misses>
				<total>0</total>
				<timestamp>2398.413808</timestamp>
			</report>
			<report>
				<misses>226300000</misses>
				<total>0</total>
				<timestamp>2399.468293</timestamp>
			</report>
			<report>
				<misses>226400000</misses>
				<total>0</total>
				<timestamp>2400.504121</timestamp>
			</report>
			<report>
				<misses>226500000</misses>
				<total>0</total>
				<timestamp>2401.563906</timestamp>
			</report>
			<report>
				<misses>226600000</misses>
				<total>0</total>
				<timestamp>2402.605530</timestamp>
			</report>
			<report>
				<misses>226700000</misses>
				<total>0</total>
				<timestamp>2403.652814</timestamp>
			</report>
			<report>
				<misses>226800000</misses>
				<total>0</total>
				<timestamp>2404.718342</timestamp>
			</report>
			<report>
				<misses>226900000</misses>
				<total>0</total>
				<timestamp>2405.788518</timestamp>
			</report>
			<report>
				<misses>227000000</misses>
				<total>0</total>
				<timestamp>2406.857841</timestamp>
			</report>
			<report>
				<misses>227100000</misses>
				<total>0</total>
				<timestamp>2407.914359</timestamp>
			</report>
			<report>
				<misses>227200000</misses>
				<total>0</total>
				<timestamp>2408.974311</timestamp>
			</report>
			<report>
				<misses>227300000</misses>
				<total>0</total>
				<timestamp>2410.036976</timestamp>
			</report>
			<report>
				<misses>227400000</misses>
				<total>0</total>
				<timestamp>2411.107561</timestamp>
			</report>
			<report>
				<misses>227500000</misses>
				<total>0</total>
				<timestamp>2412.156715</timestamp>
			</report>
			<report>
				<misses>227600000</misses>
				<total>0</total>
				<timestamp>2413.214179</timestamp>
			</report>
			<report>
				<misses>227700000</misses>
				<total>0</total>
				<timestamp>2414.258858</timestamp>
			</report>
			<report>
				<misses>227800000</misses>
				<total>0</total>
				<timestamp>2415.302903</timestamp>
			</report>
			<report>
				<misses>227900000</misses>
				<total>0</total>
				<timestamp>2416.340511</timestamp>
			</report>
			<report>
				<misses>228000000</misses>
				<total>0</total>
				<timestamp>2417.401812</timestamp>
			</report>
			<report>
				<misses>228100000</misses>
				<total>0</total>
				<timestamp>2418.452517</timestamp>
			</report>
			<report>
				<misses>228200000</misses>
				<total>0</total>
				<timestamp>2419.495471</timestamp>
			</report>
			<report>
				<misses>228300000</misses>
				<total>0</total>
				<timestamp>2420.583649</timestamp>
			</report>
			<report>
				<misses>228400000</misses>
				<total>0</total>
				<timestamp>2421.655076</timestamp>
			</report>
			<report>
				<misses>228500000</misses>
				<total>0</total>
				<timestamp>2422.729940</timestamp>
			</report>
			<report>
				<misses>228600000</misses>
				<total>0</total>
				<timestamp>2423.760267</timestamp>
			</report>
			<report>
				<misses>228700000</misses>
				<total>0</total>
				<timestamp>2424.840877</timestamp>
			</report>
			<report>
				<misses>228800000</misses>
				<total>0</total>
				<timestamp>2425.921630</timestamp>
			</report>
			<report>
				<misses>228900000</misses>
				<total>0</total>
				<timestamp>2426.986354</timestamp>
			</report>
			<report>
				<misses>229000000</misses>
				<total>0</total>
				<timestamp>2428.055824</timestamp>
			</report>
			<report>
				<misses>229100000</misses>
				<total>0</total>
				<timestamp>2429.100260</timestamp>
			</report>
			<report>
				<misses>229200000</misses>
				<total>0</total>
				<timestamp>2430.159165</timestamp>
			</report>
			<report>
				<misses>229300000</misses>
				<total>0</total>
				<timestamp>2431.195147</timestamp>
			</report>
			<report>
				<misses>229400000</misses>
				<total>0</total>
				<timestamp>2432.244476</timestamp>
			</report>
			<report>
				<misses>229500000</misses>
				<total>0</total>
				<timestamp>2433.285314</timestamp>
			</report>
			<report>
				<misses>229600000</misses>
				<total>0</total>
				<timestamp>2434.325736</timestamp>
			</report>
			<report>
				<misses>229700000</misses>
				<total>0</total>
				<timestamp>2435.374874</timestamp>
			</report>
			<report>
				<misses>229800000</misses>
				<total>0</total>
				<timestamp>2436.447985</timestamp>
			</report>
			<report>
				<misses>229900000</misses>
				<total>0</total>
				<timestamp>2437.524884</timestamp>
			</report>
			<report>
				<misses>230000000</misses>
				<total>0</total>
				<timestamp>2438.572778</timestamp>
			</report>
			<report>
				<misses>230100000</misses>
				<total>0</total>
				<timestamp>2439.672923</timestamp>
			</report>
			<report>
				<misses>230200000</misses>
				<total>0</total>
				<timestamp>2440.732854</timestamp>
			</report>
			<report>
				<misses>230300000</misses>
				<total>0</total>
				<timestamp>2441.813770</timestamp>
			</report>
			<report>
				<misses>230400000</misses>
				<total>0</total>
				<timestamp>2442.889861</timestamp>
			</report>
			<report>
				<misses>230500000</misses>
				<total>0</total>
				<timestamp>2443.956405</timestamp>
			</report>
			<report>
				<misses>230600000</misses>
				<total>0</total>
				<timestamp>2445.004895</timestamp>
			</report>
			<report>
				<misses>230700000</misses>
				<total>0</total>
				<timestamp>2446.080642</timestamp>
			</report>
			<report>
				<misses>230800000</misses>
				<total>0</total>
				<timestamp>2447.159265</timestamp>
			</report>
			<report>
				<misses>230900000</misses>
				<total>0</total>
				<timestamp>2448.220412</timestamp>
			</report>
			<report>
				<misses>231000000</misses>
				<total>0</total>
				<timestamp>2449.287879</timestamp>
			</report>
			<report>
				<misses>231100000</misses>
				<total>0</total>
				<timestamp>2450.356884</timestamp>
			</report>
			<report>
				<misses>231200000</misses>
				<total>0</total>
				<timestamp>2451.436342</timestamp>
			</report>
			<report>
				<misses>231300000</misses>
				<total>0</total>
				<timestamp>2452.472313</timestamp>
			</report>
			<report>
				<misses>231400000</misses>
				<total>0</total>
				<timestamp>2453.557186</timestamp>
			</report>
			<report>
				<misses>231500000</misses>
				<total>0</total>
				<timestamp>2454.612423</timestamp>
			</report>
			<report>
				<misses>231600000</misses>
				<total>0</total>
				<timestamp>2455.649463</timestamp>
			</report>
			<report>
				<misses>231700000</misses>
				<total>0</total>
				<timestamp>2456.703616</timestamp>
			</report>
			<report>
				<misses>231800000</misses>
				<total>0</total>
				<timestamp>2457.749009</timestamp>
			</report>
			<report>
				<misses>231900000</misses>
				<total>0</total>
				<timestamp>2458.802260</timestamp>
			</report>
			<report>
				<misses>232000000</misses>
				<total>0</total>
				<timestamp>2459.862317</timestamp>
			</report>
			<report>
				<misses>232100000</misses>
				<total>0</total>
				<timestamp>2460.920976</timestamp>
			</report>
			<report>
				<misses>232200000</misses>
				<total>0</total>
				<timestamp>2461.971951</timestamp>
			</report>
			<report>
				<misses>232300000</misses>
				<total>0</total>
				<timestamp>2463.020718</timestamp>
			</report>
			<report>
				<misses>232400000</misses>
				<total>0</total>
				<timestamp>2464.081256</timestamp>
			</report>
			<report>
				<misses>232500000</misses>
				<total>0</total>
				<timestamp>2465.146721</timestamp>
			</report>
			<report>
				<misses>232600000</misses>
				<total>0</total>
				<timestamp>2466.191442</timestamp>
			</report>
			<report>
				<misses>232700000</misses>
				<total>0</total>
				<timestamp>2467.237565</timestamp>
			</report>
			<report>
				<misses>232800000</misses>
				<total>0</total>
				<timestamp>2468.306643</timestamp>
			</report>
			<report>
				<misses>232900000</misses>
				<total>0</total>
				<timestamp>2469.360627</timestamp>
			</report>
			<report>
				<misses>233000000</misses>
				<total>0</total>
				<timestamp>2470.423178</timestamp>
			</report>
			<report>
				<misses>233100000</misses>
				<total>0</total>
				<timestamp>2471.458001</timestamp>
			</report>
			<report>
				<misses>233200000</misses>
				<total>0</total>
				<timestamp>2472.501865</timestamp>
			</report>
			<report>
				<misses>233300000</misses>
				<total>0</total>
				<timestamp>2473.549808</timestamp>
			</report>
			<report>
				<misses>233400000</misses>
				<total>0</total>
				<timestamp>2474.587714</timestamp>
			</report>
			<report>
				<misses>233500000</misses>
				<total>0</total>
				<timestamp>2475.637572</timestamp>
			</report>
			<report>
				<misses>233600000</misses>
				<total>0</total>
				<timestamp>2476.681482</timestamp>
			</report>
			<report>
				<misses>233700000</misses>
				<total>0</total>
				<timestamp>2477.726467</timestamp>
			</report>
			<report>
				<misses>233800000</misses>
				<total>0</total>
				<timestamp>2478.801758</timestamp>
			</report>
			<report>
				<misses>233900000</misses>
				<total>0</total>
				<timestamp>2479.887357</timestamp>
			</report>
			<report>
				<misses>234000000</misses>
				<total>0</total>
				<timestamp>2480.943882</timestamp>
			</report>
			<report>
				<misses>234100000</misses>
				<total>0</total>
				<timestamp>2482.004715</timestamp>
			</report>
			<report>
				<misses>234200000</misses>
				<total>0</total>
				<timestamp>2483.089557</timestamp>
			</report>
			<report>
				<misses>234300000</misses>
				<total>0</total>
				<timestamp>2484.164530</timestamp>
			</report>
			<report>
				<misses>234400000</misses>
				<total>0</total>
				<timestamp>2485.221607</timestamp>
			</report>
			<report>
				<misses>234500000</misses>
				<total>0</total>
				<timestamp>2486.274100</timestamp>
			</report>
			<report>
				<misses>234600000</misses>
				<total>0</total>
				<timestamp>2487.320451</timestamp>
			</report>
			<report>
				<misses>234700000</misses>
				<total>0</total>
				<timestamp>2488.376931</timestamp>
			</report>
			<report>
				<misses>234800000</misses>
				<total>0</total>
				<timestamp>2489.427438</timestamp>
			</report>
			<report>
				<misses>234900000</misses>
				<total>0</total>
				<timestamp>2490.462200</timestamp>
			</report>
			<report>
				<misses>235000000</misses>
				<total>0</total>
				<timestamp>2491.530857</timestamp>
			</report>
			<report>
				<misses>235100000</misses>
				<total>0</total>
				<timestamp>2492.560929</timestamp>
			</report>
			<report>
				<misses>235200000</misses>
				<total>0</total>
				<timestamp>2493.626580</timestamp>
			</report>
			<report>
				<misses>235300000</misses>
				<total>0</total>
				<timestamp>2494.695953</timestamp>
			</report>
			<report>
				<misses>235400000</misses>
				<total>0</total>
				<timestamp>2495.758621</timestamp>
			</report>
			<report>
				<misses>235500000</misses>
				<total>0</total>
				<timestamp>2496.825530</timestamp>
			</report>
			<report>
				<misses>235600000</misses>
				<total>0</total>
				<timestamp>2497.887811</timestamp>
			</report>
			<report>
				<misses>235700000</misses>
				<total>0</total>
				<timestamp>2498.953316</timestamp>
			</report>
			<report>
				<misses>235800000</misses>
				<total>0</total>
				<timestamp>2500.046752</timestamp>
			</report>
			<report>
				<misses>235900000</misses>
				<total>0</total>
				<timestamp>2501.114688</timestamp>
			</report>
			<report>
				<misses>236000000</misses>
				<total>0</total>
				<timestamp>2502.175681</timestamp>
			</report>
			<report>
				<misses>236100000</misses>
				<total>0</total>
				<timestamp>2503.255224</timestamp>
			</report>
			<report>
				<misses>236200000</misses>
				<total>0</total>
				<timestamp>2504.329270</timestamp>
			</report>
			<report>
				<misses>236300000</misses>
				<total>0</total>
				<timestamp>2505.414267</timestamp>
			</report>
			<report>
				<misses>236400000</misses>
				<total>0</total>
				<timestamp>2506.463120</timestamp>
			</report>
			<report>
				<misses>236500000</misses>
				<total>0</total>
				<timestamp>2507.510983</timestamp>
			</report>
			<report>
				<misses>236600000</misses>
				<total>0</total>
				<timestamp>2508.575568</timestamp>
			</report>
			<report>
				<misses>236700000</misses>
				<total>0</total>
				<timestamp>2509.616063</timestamp>
			</report>
			<report>
				<misses>236800000</misses>
				<total>0</total>
				<timestamp>2510.666097</timestamp>
			</report>
			<report>
				<misses>236900000</misses>
				<total>0</total>
				<timestamp>2511.706141</timestamp>
			</report>
			<report>
				<misses>237000000</misses>
				<total>0</total>
				<timestamp>2512.770606</timestamp>
			</report>
			<report>
				<misses>237100000</misses>
				<total>0</total>
				<timestamp>2513.826997</timestamp>
			</report>
			<report>
				<misses>237200000</misses>
				<total>0</total>
				<timestamp>2514.878620</timestamp>
			</report>
			<report>
				<misses>237300000</misses>
				<total>0</total>
				<timestamp>2515.914883</timestamp>
			</report>
			<report>
				<misses>237400000</misses>
				<total>0</total>
				<timestamp>2517.003742</timestamp>
			</report>
			<report>
				<misses>237500000</misses>
				<total>0</total>
				<timestamp>2518.073397</timestamp>
			</report>
			<report>
				<misses>237600000</misses>
				<total>0</total>
				<timestamp>2519.137975</timestamp>
			</report>
			<report>
				<misses>237700000</misses>
				<total>0</total>
				<timestamp>2520.207248</timestamp>
			</report>
			<report>
				<misses>237800000</misses>
				<total>0</total>
				<timestamp>2521.272238</timestamp>
			</report>
			<report>
				<misses>237900000</misses>
				<total>0</total>
				<timestamp>2522.343585</timestamp>
			</report>
			<report>
				<misses>238000000</misses>
				<total>0</total>
				<timestamp>2523.388507</timestamp>
			</report>
			<report>
				<misses>238100000</misses>
				<total>0</total>
				<timestamp>2524.456705</timestamp>
			</report>
			<report>
				<misses>238200000</misses>
				<total>0</total>
				<timestamp>2525.493618</timestamp>
			</report>
			<report>
				<misses>238300000</misses>
				<total>0</total>
				<timestamp>2526.551176</timestamp>
			</report>
			<report>
				<misses>238400000</misses>
				<total>0</total>
				<timestamp>2527.609297</timestamp>
			</report>
			<report>
				<misses>238500000</misses>
				<total>0</total>
				<timestamp>2528.659588</timestamp>
			</report>
			<report>
				<misses>238600000</misses>
				<total>0</total>
				<timestamp>2529.718907</timestamp>
			</report>
			<report>
				<misses>238700000</misses>
				<total>0</total>
				<timestamp>2530.763016</timestamp>
			</report>
			<report>
				<misses>238800000</misses>
				<total>0</total>
				<timestamp>2531.816874</timestamp>
			</report>
			<report>
				<misses>238900000</misses>
				<total>0</total>
				<timestamp>2532.878167</timestamp>
			</report>
			<report>
				<misses>239000000</misses>
				<total>0</total>
				<timestamp>2533.978863</timestamp>
			</report>
			<report>
				<misses>239100000</misses>
				<total>0</total>
				<timestamp>2535.031018</timestamp>
			</report>
			<report>
				<misses>239200000</misses>
				<total>0</total>
				<timestamp>2536.097762</timestamp>
			</report>
			<report>
				<misses>239300000</misses>
				<total>0</total>
				<timestamp>2537.151714</timestamp>
			</report>
			<report>
				<misses>239400000</misses>
				<total>0</total>
				<timestamp>2538.210576</timestamp>
			</report>
			<report>
				<misses>239500000</misses>
				<total>0</total>
				<timestamp>2539.285516</timestamp>
			</report>
			<report>
				<misses>239600000</misses>
				<total>0</total>
				<timestamp>2540.350220</timestamp>
			</report>
			<report>
				<misses>239700000</misses>
				<total>0</total>
				<timestamp>2541.404930</timestamp>
			</report>
			<report>
				<misses>239800000</misses>
				<total>0</total>
				<timestamp>2542.474200</timestamp>
			</report>
			<report>
				<misses>239900000</misses>
				<total>0</total>
				<timestamp>2543.558318</timestamp>
			</report>
			<report>
				<misses>240000000</misses>
				<total>0</total>
				<timestamp>2544.647130</timestamp>
			</report>
			<report>
				<misses>240100000</misses>
				<total>0</total>
				<timestamp>2545.713268</timestamp>
			</report>
			<report>
				<misses>240200000</misses>
				<total>0</total>
				<timestamp>2546.763166</timestamp>
			</report>
			<report>
				<misses>240300000</misses>
				<total>0</total>
				<timestamp>2547.811422</timestamp>
			</report>
			<report>
				<misses>240400000</misses>
				<total>0</total>
				<timestamp>2548.862214</timestamp>
			</report>
			<report>
				<misses>240500000</misses>
				<total>0</total>
				<timestamp>2549.902359</timestamp>
			</report>
			<report>
				<misses>240600000</misses>
				<total>0</total>
				<timestamp>2550.936870</timestamp>
			</report>
			<report>
				<misses>240700000</misses>
				<total>0</total>
				<timestamp>2551.982184</timestamp>
			</report>
			<report>
				<misses>240800000</misses>
				<total>0</total>
				<timestamp>2553.051664</timestamp>
			</report>
			<report>
				<misses>240900000</misses>
				<total>0</total>
				<timestamp>2554.109573</timestamp>
			</report>
			<report>
				<misses>241000000</misses>
				<total>0</total>
				<timestamp>2555.162725</timestamp>
			</report>
			<report>
				<misses>241100000</misses>
				<total>0</total>
				<timestamp>2556.214362</timestamp>
			</report>
			<report>
				<misses>241200000</misses>
				<total>0</total>
				<timestamp>2557.288501</timestamp>
			</report>
			<report>
				<misses>241300000</misses>
				<total>0</total>
				<timestamp>2558.348321</timestamp>
			</report>
			<report>
				<misses>241400000</misses>
				<total>0</total>
				<timestamp>2559.422501</timestamp>
			</report>
			<report>
				<misses>241500000</misses>
				<total>0</total>
				<timestamp>2560.485201</timestamp>
			</report>
			<report>
				<misses>241600000</misses>
				<total>0</total>
				<timestamp>2561.538512</timestamp>
			</report>
			<report>
				<misses>241700000</misses>
				<total>0</total>
				<timestamp>2562.600337</timestamp>
			</report>
			<report>
				<misses>241800000</misses>
				<total>0</total>
				<timestamp>2563.637473</timestamp>
			</report>
			<report>
				<misses>241900000</misses>
				<total>0</total>
				<timestamp>2564.699111</timestamp>
			</report>
			<report>
				<misses>242000000</misses>
				<total>0</total>
				<timestamp>2565.734066</timestamp>
			</report>
			<report>
				<misses>242100000</misses>
				<total>0</total>
				<timestamp>2566.789903</timestamp>
			</report>
			<report>
				<misses>242200000</misses>
				<total>0</total>
				<timestamp>2567.826379</timestamp>
			</report>
			<report>
				<misses>242300000</misses>
				<total>0</total>
				<timestamp>2568.900076</timestamp>
			</report>
			<report>
				<misses>242400000</misses>
				<total>0</total>
				<timestamp>2569.971497</timestamp>
			</report>
			<report>
				<misses>242500000</misses>
				<total>0</total>
				<timestamp>2571.030231</timestamp>
			</report>
			<report>
				<misses>242600000</misses>
				<total>0</total>
				<timestamp>2572.084465</timestamp>
			</report>
			<report>
				<misses>242700000</misses>
				<total>0</total>
				<timestamp>2573.153488</timestamp>
			</report>
			<report>
				<misses>242800000</misses>
				<total>0</total>
				<timestamp>2574.215591</timestamp>
			</report>
			<report>
				<misses>242900000</misses>
				<total>0</total>
				<timestamp>2575.271401</timestamp>
			</report>
			<report>
				<misses>243000000</misses>
				<total>0</total>
				<timestamp>2576.325213</timestamp>
			</report>
			<report>
				<misses>243100000</misses>
				<total>0</total>
				<timestamp>2577.368171</timestamp>
			</report>
			<report>
				<misses>243200000</misses>
				<total>0</total>
				<timestamp>2578.426623</timestamp>
			</report>
			<report>
				<misses>243300000</misses>
				<total>0</total>
				<timestamp>2579.497079</timestamp>
			</report>
			<report>
				<misses>243400000</misses>
				<total>0</total>
				<timestamp>2580.552812</timestamp>
			</report>
			<report>
				<misses>243500000</misses>
				<total>0</total>
				<timestamp>2581.633978</timestamp>
			</report>
			<report>
				<misses>243600000</misses>
				<total>0</total>
				<timestamp>2582.695321</timestamp>
			</report>
			<report>
				<misses>243700000</misses>
				<total>0</total>
				<timestamp>2583.753576</timestamp>
			</report>
			<report>
				<misses>243800000</misses>
				<total>0</total>
				<timestamp>2584.806505</timestamp>
			</report>
			<report>
				<misses>243900000</misses>
				<total>0</total>
				<timestamp>2585.863030</timestamp>
			</report>
			<report>
				<misses>244000000</misses>
				<total>0</total>
				<timestamp>2586.915919</timestamp>
			</report>
			<report>
				<misses>244100000</misses>
				<total>0</total>
				<timestamp>2587.989890</timestamp>
			</report>
			<report>
				<misses>244200000</misses>
				<total>0</total>
				<timestamp>2589.045172</timestamp>
			</report>
			<report>
				<misses>244300000</misses>
				<total>0</total>
				<timestamp>2590.114302</timestamp>
			</report>
			<report>
				<misses>244400000</misses>
				<total>0</total>
				<timestamp>2591.158981</timestamp>
			</report>
			<report>
				<misses>244500000</misses>
				<total>0</total>
				<timestamp>2592.229504</timestamp>
			</report>
			<report>
				<misses>244600000</misses>
				<total>0</total>
				<timestamp>2593.285895</timestamp>
			</report>
			<report>
				<misses>244700000</misses>
				<total>0</total>
				<timestamp>2594.335808</timestamp>
			</report>
			<report>
				<misses>244800000</misses>
				<total>0</total>
				<timestamp>2595.411946</timestamp>
			</report>
			<report>
				<misses>244900000</misses>
				<total>0</total>
				<timestamp>2596.484991</timestamp>
			</report>
			<report>
				<misses>245000000</misses>
				<total>0</total>
				<timestamp>2597.550833</timestamp>
			</report>
			<report>
				<misses>245100000</misses>
				<total>0</total>
				<timestamp>2598.617290</timestamp>
			</report>
			<report>
				<misses>245200000</misses>
				<total>0</total>
				<timestamp>2599.672105</timestamp>
			</report>
			<report>
				<misses>245300000</misses>
				<total>0</total>
				<timestamp>2600.721220</timestamp>
			</report>
			<report>
				<misses>245400000</misses>
				<total>0</total>
				<timestamp>2601.777039</timestamp>
			</report>
			<report>
				<misses>245500000</misses>
				<total>0</total>
				<timestamp>2602.841013</timestamp>
			</report>
			<report>
				<misses>245600000</misses>
				<total>0</total>
				<timestamp>2603.885914</timestamp>
			</report>
			<report>
				<misses>245700000</misses>
				<total>0</total>
				<timestamp>2604.942012</timestamp>
			</report>
			<report>
				<misses>245800000</misses>
				<total>0</total>
				<timestamp>2606.017136</timestamp>
			</report>
			<report>
				<misses>245900000</misses>
				<total>0</total>
				<timestamp>2607.078363</timestamp>
			</report>
			<report>
				<misses>246000000</misses>
				<total>0</total>
				<timestamp>2608.155261</timestamp>
			</report>
			<report>
				<misses>246100000</misses>
				<total>0</total>
				<timestamp>2609.218578</timestamp>
			</report>
			<report>
				<misses>246200000</misses>
				<total>0</total>
				<timestamp>2610.299422</timestamp>
			</report>
			<report>
				<misses>246300000</misses>
				<total>0</total>
				<timestamp>2611.355469</timestamp>
			</report>
			<report>
				<misses>246400000</misses>
				<total>0</total>
				<timestamp>2612.399360</timestamp>
			</report>
			<report>
				<misses>246500000</misses>
				<total>0</total>
				<timestamp>2613.429043</timestamp>
			</report>
			<report>
				<misses>246600000</misses>
				<total>0</total>
				<timestamp>2614.490865</timestamp>
			</report>
			<report>
				<misses>246700000</misses>
				<total>0</total>
				<timestamp>2615.529879</timestamp>
			</report>
			<report>
				<misses>246800000</misses>
				<total>0</total>
				<timestamp>2616.580448</timestamp>
			</report>
			<report>
				<misses>246900000</misses>
				<total>0</total>
				<timestamp>2617.636004</timestamp>
			</report>
			<report>
				<misses>247000000</misses>
				<total>0</total>
				<timestamp>2618.702400</timestamp>
			</report>
			<report>
				<misses>247100000</misses>
				<total>0</total>
				<timestamp>2619.752894</timestamp>
			</report>
			<report>
				<misses>247200000</misses>
				<total>0</total>
				<timestamp>2620.815576</timestamp>
			</report>
			<report>
				<misses>247300000</misses>
				<total>0</total>
				<timestamp>2621.873447</timestamp>
			</report>
			<report>
				<misses>247400000</misses>
				<total>0</total>
				<timestamp>2622.975297</timestamp>
			</report>
			<report>
				<misses>247500000</misses>
				<total>0</total>
				<timestamp>2624.053854</timestamp>
			</report>
			<report>
				<misses>247600000</misses>
				<total>0</total>
				<timestamp>2625.105002</timestamp>
			</report>
			<report>
				<misses>247700000</misses>
				<total>0</total>
				<timestamp>2626.185249</timestamp>
			</report>
			<report>
				<misses>247800000</misses>
				<total>0</total>
				<timestamp>2627.228122</timestamp>
			</report>
			<report>
				<misses>247900000</misses>
				<total>0</total>
				<timestamp>2628.283721</timestamp>
			</report>
			<report>
				<misses>248000000</misses>
				<total>0</total>
				<timestamp>2629.322849</timestamp>
			</report>
			<report>
				<misses>248100000</misses>
				<total>0</total>
				<timestamp>2630.386651</timestamp>
			</report>
			<report>
				<misses>248200000</misses>
				<total>0</total>
				<timestamp>2631.432760</timestamp>
			</report>
			<report>
				<misses>248300000</misses>
				<total>0</total>
				<timestamp>2632.489172</timestamp>
			</report>
			<report>
				<misses>248400000</misses>
				<total>0</total>
				<timestamp>2633.595042</timestamp>
			</report>
			<report>
				<misses>248500000</misses>
				<total>0</total>
				<timestamp>2634.661937</timestamp>
			</report>
			<report>
				<misses>248600000</misses>
				<total>0</total>
				<timestamp>2635.717860</timestamp>
			</report>
			<report>
				<misses>248700000</misses>
				<total>0</total>
				<timestamp>2636.798373</timestamp>
			</report>
			<report>
				<misses>248800000</misses>
				<total>0</total>
				<timestamp>2637.848294</timestamp>
			</report>
			<report>
				<misses>248900000</misses>
				<total>0</total>
				<timestamp>2638.896965</timestamp>
			</report>
			<report>
				<misses>249000000</misses>
				<total>0</total>
				<timestamp>2639.978034</timestamp>
			</report>
			<report>
				<misses>249100000</misses>
				<total>0</total>
				<timestamp>2641.037625</timestamp>
			</report>
			<report>
				<misses>249200000</misses>
				<total>0</total>
				<timestamp>2642.098700</timestamp>
			</report>
			<report>
				<misses>249300000</misses>
				<total>0</total>
				<timestamp>2643.145640</timestamp>
			</report>
			<report>
				<misses>249400000</misses>
				<total>0</total>
				<timestamp>2644.209255</timestamp>
			</report>
			<report>
				<misses>249500000</misses>
				<total>0</total>
				<timestamp>2645.239845</timestamp>
			</report>
			<report>
				<misses>249600000</misses>
				<total>0</total>
				<timestamp>2646.304145</timestamp>
			</report>
			<report>
				<misses>249700000</misses>
				<total>0</total>
				<timestamp>2647.367514</timestamp>
			</report>
			<report>
				<misses>249800000</misses>
				<total>0</total>
				<timestamp>2648.396825</timestamp>
			</report>
			<report>
				<misses>249900000</misses>
				<total>0</total>
				<timestamp>2649.464798</timestamp>
			</report>
			<report>
				<misses>250000000</misses>
				<total>0</total>
				<timestamp>2650.540031</timestamp>
			</report>
			<report>
				<misses>250100000</misses>
				<total>0</total>
				<timestamp>2651.616588</timestamp>
			</report>
			<report>
				<misses>250200000</misses>
				<total>0</total>
				<timestamp>2652.682657</timestamp>
			</report>
			<report>
				<misses>250300000</misses>
				<total>0</total>
				<timestamp>2653.745405</timestamp>
			</report>
			<report>
				<misses>250400000</misses>
				<total>0</total>
				<timestamp>2654.796133</timestamp>
			</report>
			<report>
				<misses>250500000</misses>
				<total>0</total>
				<timestamp>2655.852863</timestamp>
			</report>
			<report>
				<misses>250600000</misses>
				<total>0</total>
				<timestamp>2656.913670</timestamp>
			</report>
			<report>
				<misses>250700000</misses>
				<total>0</total>
				<timestamp>2657.959696</timestamp>
			</report>
			<report>
				<misses>250800000</misses>
				<total>0</total>
				<timestamp>2659.012886</timestamp>
			</report>
			<report>
				<misses>250900000</misses>
				<total>0</total>
				<timestamp>2660.065532</timestamp>
			</report>
			<report>
				<misses>251000000</misses>
				<total>0</total>
				<timestamp>2661.108281</timestamp>
			</report>
			<report>
				<misses>251100000</misses>
				<total>0</total>
				<timestamp>2662.141583</timestamp>
			</report>
			<report>
				<misses>251200000</misses>
				<total>0</total>
				<timestamp>2663.197302</timestamp>
			</report>
			<report>
				<misses>251300000</misses>
				<total>0</total>
				<timestamp>2664.237833</timestamp>
			</report>
			<report>
				<misses>251400000</misses>
				<total>0</total>
				<timestamp>2665.321530</timestamp>
			</report>
			<report>
				<misses>251500000</misses>
				<total>0</total>
				<timestamp>2666.382470</timestamp>
			</report>
			<report>
				<misses>251600000</misses>
				<total>0</total>
				<timestamp>2667.446735</timestamp>
			</report>
			<report>
				<misses>251700000</misses>
				<total>0</total>
				<timestamp>2668.506487</timestamp>
			</report>
			<report>
				<misses>251800000</misses>
				<total>0</total>
				<timestamp>2669.560929</timestamp>
			</report>
			<report>
				<misses>251900000</misses>
				<total>0</total>
				<timestamp>2670.601189</timestamp>
			</report>
			<report>
				<misses>252000000</misses>
				<total>0</total>
				<timestamp>2671.650736</timestamp>
			</report>
			<report>
				<misses>252100000</misses>
				<total>0</total>
				<timestamp>2672.736363</timestamp>
			</report>
			<report>
				<misses>252200000</misses>
				<total>0</total>
				<timestamp>2673.788993</timestamp>
			</report>
			<report>
				<misses>252300000</misses>
				<total>0</total>
				<timestamp>2674.823313</timestamp>
			</report>
			<report>
				<misses>252400000</misses>
				<total>0</total>
				<timestamp>2675.866191</timestamp>
			</report>
			<report>
				<misses>252500000</misses>
				<total>0</total>
				<timestamp>2676.939640</timestamp>
			</report>
			<report>
				<misses>252600000</misses>
				<total>0</total>
				<timestamp>2677.984418</timestamp>
			</report>
			<report>
				<misses>252700000</misses>
				<total>0</total>
				<timestamp>2679.035822</timestamp>
			</report>
			<report>
				<misses>252800000</misses>
				<total>0</total>
				<timestamp>2680.078133</timestamp>
			</report>
			<report>
				<misses>252900000</misses>
				<total>0</total>
				<timestamp>2681.152234</timestamp>
			</report>
			<report>
				<misses>253000000</misses>
				<total>0</total>
				<timestamp>2682.219643</timestamp>
			</report>
			<report>
				<misses>253100000</misses>
				<total>0</total>
				<timestamp>2683.302110</timestamp>
			</report>
			<report>
				<misses>253200000</misses>
				<total>0</total>
				<timestamp>2684.386624</timestamp>
			</report>
			<report>
				<misses>253300000</misses>
				<total>0</total>
				<timestamp>2685.440432</timestamp>
			</report>
			<report>
				<misses>253400000</misses>
				<total>0</total>
				<timestamp>2686.493271</timestamp>
			</report>
			<report>
				<misses>253500000</misses>
				<total>0</total>
				<timestamp>2687.540463</timestamp>
			</report>
			<report>
				<misses>253600000</misses>
				<total>0</total>
				<timestamp>2688.622472</timestamp>
			</report>
			<report>
				<misses>253700000</misses>
				<total>0</total>
				<timestamp>2689.695249</timestamp>
			</report>
			<report>
				<misses>253800000</misses>
				<total>0</total>
				<timestamp>2690.768946</timestamp>
			</report>
			<report>
				<misses>253900000</misses>
				<total>0</total>
				<timestamp>2691.829215</timestamp>
			</report>
			<report>
				<misses>254000000</misses>
				<total>0</total>
				<timestamp>2692.877318</timestamp>
			</report>
			<report>
				<misses>254100000</misses>
				<total>0</total>
				<timestamp>2693.923103</timestamp>
			</report>
			<report>
				<misses>254200000</misses>
				<total>0</total>
				<timestamp>2694.954517</timestamp>
			</report>
			<report>
				<misses>254300000</misses>
				<total>0</total>
				<timestamp>2696.019682</timestamp>
			</report>
			<report>
				<misses>254400000</misses>
				<total>0</total>
				<timestamp>2697.063120</timestamp>
			</report>
			<report>
				<misses>254500000</misses>
				<total>0</total>
				<timestamp>2698.113058</timestamp>
			</report>
			<report>
				<misses>254600000</misses>
				<total>0</total>
				<timestamp>2699.182959</timestamp>
			</report>
			<report>
				<misses>254700000</misses>
				<total>0</total>
				<timestamp>2700.249182</timestamp>
			</report>
			<report>
				<misses>254800000</misses>
				<total>0</total>
				<timestamp>2701.298376</timestamp>
			</report>
			<report>
				<misses>254900000</misses>
				<total>0</total>
				<timestamp>2702.378571</timestamp>
			</report>
			<report>
				<misses>255000000</misses>
				<total>0</total>
				<timestamp>2703.450808</timestamp>
			</report>
			<report>
				<misses>255100000</misses>
				<total>0</total>
				<timestamp>2704.508004</timestamp>
			</report>
			<report>
				<misses>255200000</misses>
				<total>0</total>
				<timestamp>2705.550983</timestamp>
			</report>
			<report>
				<misses>255300000</misses>
				<total>0</total>
				<timestamp>2706.610302</timestamp>
			</report>
			<report>
				<misses>255400000</misses>
				<total>0</total>
				<timestamp>2707.671249</timestamp>
			</report>
			<report>
				<misses>255500000</misses>
				<total>0</total>
				<timestamp>2708.731543</timestamp>
			</report>
			<report>
				<misses>255600000</misses>
				<total>0</total>
				<timestamp>2709.793848</timestamp>
			</report>
			<report>
				<misses>255700000</misses>
				<total>0</total>
				<timestamp>2710.829289</timestamp>
			</report>
			<report>
				<misses>255800000</misses>
				<total>0</total>
				<timestamp>2711.871903</timestamp>
			</report>
			<report>
				<misses>255900000</misses>
				<total>0</total>
				<timestamp>2712.935697</timestamp>
			</report>
			<report>
				<misses>256000000</misses>
				<total>0</total>
				<timestamp>2713.982326</timestamp>
			</report>
			<report>
				<misses>256100000</misses>
				<total>0</total>
				<timestamp>2715.019858</timestamp>
			</report>
			<report>
				<misses>256200000</misses>
				<total>0</total>
				<timestamp>2716.076051</timestamp>
			</report>
			<report>
				<misses>256300000</misses>
				<total>0</total>
				<timestamp>2717.138766</timestamp>
			</report>
			<report>
				<misses>256400000</misses>
				<total>0</total>
				<timestamp>2718.189473</timestamp>
			</report>
			<report>
				<misses>256500000</misses>
				<total>0</total>
				<timestamp>2719.248091</timestamp>
			</report>
			<report>
				<misses>256600000</misses>
				<total>0</total>
				<timestamp>2720.312580</timestamp>
			</report>
			<report>
				<misses>256700000</misses>
				<total>0</total>
				<timestamp>2721.372191</timestamp>
			</report>
			<report>
				<misses>256800000</misses>
				<total>0</total>
				<timestamp>2722.432694</timestamp>
			</report>
			<report>
				<misses>256900000</misses>
				<total>0</total>
				<timestamp>2723.492850</timestamp>
			</report>
			<report>
				<misses>257000000</misses>
				<total>0</total>
				<timestamp>2724.567252</timestamp>
			</report>
			<report>
				<misses>257100000</misses>
				<total>0</total>
				<timestamp>2725.619039</timestamp>
			</report>
			<report>
				<misses>257200000</misses>
				<total>0</total>
				<timestamp>2726.673645</timestamp>
			</report>
			<report>
				<misses>257300000</misses>
				<total>0</total>
				<timestamp>2727.714069</timestamp>
			</report>
			<report>
				<misses>257400000</misses>
				<total>0</total>
				<timestamp>2728.794933</timestamp>
			</report>
			<report>
				<misses>257500000</misses>
				<total>0</total>
				<timestamp>2729.831429</timestamp>
			</report>
			<report>
				<misses>257600000</misses>
				<total>0</total>
				<timestamp>2730.891355</timestamp>
			</report>
			<report>
				<misses>257700000</misses>
				<total>0</total>
				<timestamp>2731.935628</timestamp>
			</report>
			<report>
				<misses>257800000</misses>
				<total>0</total>
				<timestamp>2732.994920</timestamp>
			</report>
			<report>
				<misses>257900000</misses>
				<total>0</total>
				<timestamp>2734.071169</timestamp>
			</report>
			<report>
				<misses>258000000</misses>
				<total>0</total>
				<timestamp>2735.116406</timestamp>
			</report>
			<report>
				<misses>258100000</misses>
				<total>0</total>
				<timestamp>2736.166321</timestamp>
			</report>
			<report>
				<misses>258200000</misses>
				<total>0</total>
				<timestamp>2737.210093</timestamp>
			</report>
			<report>
				<misses>258300000</misses>
				<total>0</total>
				<timestamp>2738.283951</timestamp>
			</report>
			<report>
				<misses>258400000</misses>
				<total>0</total>
				<timestamp>2739.357168</timestamp>
			</report>
			<report>
				<misses>258500000</misses>
				<total>0</total>
				<timestamp>2740.414462</timestamp>
			</report>
			<report>
				<misses>258600000</misses>
				<total>0</total>
				<timestamp>2741.493056</timestamp>
			</report>
			<report>
				<misses>258700000</misses>
				<total>0</total>
				<timestamp>2742.547261</timestamp>
			</report>
			<report>
				<misses>258800000</misses>
				<total>0</total>
				<timestamp>2743.618744</timestamp>
			</report>
			<report>
				<misses>258900000</misses>
				<total>0</total>
				<timestamp>2744.673665</timestamp>
			</report>
			<report>
				<misses>259000000</misses>
				<total>0</total>
				<timestamp>2745.728901</timestamp>
			</report>
			<report>
				<misses>259100000</misses>
				<total>0</total>
				<timestamp>2746.780263</timestamp>
			</report>
			<report>
				<misses>259200000</misses>
				<total>0</total>
				<timestamp>2747.819944</timestamp>
			</report>
			<report>
				<misses>259300000</misses>
				<total>0</total>
				<timestamp>2748.862710</timestamp>
			</report>
			<report>
				<misses>259400000</misses>
				<total>0</total>
				<timestamp>2749.905345</timestamp>
			</report>
			<report>
				<misses>259500000</misses>
				<total>0</total>
				<timestamp>2750.955913</timestamp>
			</report>
			<report>
				<misses>259600000</misses>
				<total>0</total>
				<timestamp>2751.996677</timestamp>
			</report>
			<report>
				<misses>259700000</misses>
				<total>0</total>
				<timestamp>2753.045225</timestamp>
			</report>
			<report>
				<misses>259800000</misses>
				<total>0</total>
				<timestamp>2754.113963</timestamp>
			</report>
			<report>
				<misses>259900000</misses>
				<total>0</total>
				<timestamp>2755.184019</timestamp>
			</report>
			<report>
				<misses>260000000</misses>
				<total>0</total>
				<timestamp>2756.264936</timestamp>
			</report>
			<report>
				<misses>260100000</misses>
				<total>0</total>
				<timestamp>2757.336979</timestamp>
			</report>
			<report>
				<misses>260200000</misses>
				<total>0</total>
				<timestamp>2758.407349</timestamp>
			</report>
			<report>
				<misses>260300000</misses>
				<total>0</total>
				<timestamp>2759.464439</timestamp>
			</report>
			<report>
				<misses>260400000</misses>
				<total>0</total>
				<timestamp>2760.511490</timestamp>
			</report>
			<report>
				<misses>260500000</misses>
				<total>0</total>
				<timestamp>2761.565785</timestamp>
			</report>
			<report>
				<misses>260600000</misses>
				<total>0</total>
				<timestamp>2762.612966</timestamp>
			</report>
			<report>
				<misses>260700000</misses>
				<total>0</total>
				<timestamp>2763.678551</timestamp>
			</report>
			<report>
				<misses>260800000</misses>
				<total>0</total>
				<timestamp>2764.722782</timestamp>
			</report>
			<report>
				<misses>260900000</misses>
				<total>0</total>
				<timestamp>2765.778384</timestamp>
			</report>
			<report>
				<misses>261000000</misses>
				<total>0</total>
				<timestamp>2766.828857</timestamp>
			</report>
			<report>
				<misses>261100000</misses>
				<total>0</total>
				<timestamp>2767.873074</timestamp>
			</report>
			<report>
				<misses>261200000</misses>
				<total>0</total>
				<timestamp>2768.928013</timestamp>
			</report>
			<report>
				<misses>261300000</misses>
				<total>0</total>
				<timestamp>2769.980886</timestamp>
			</report>
			<report>
				<misses>261400000</misses>
				<total>0</total>
				<timestamp>2771.048215</timestamp>
			</report>
			<report>
				<misses>261500000</misses>
				<total>0</total>
				<timestamp>2772.124010</timestamp>
			</report>
			<report>
				<misses>261600000</misses>
				<total>0</total>
				<timestamp>2773.224230</timestamp>
			</report>
			<report>
				<misses>261700000</misses>
				<total>0</total>
				<timestamp>2774.269100</timestamp>
			</report>
			<report>
				<misses>261800000</misses>
				<total>0</total>
				<timestamp>2775.332643</timestamp>
			</report>
			<report>
				<misses>261900000</misses>
				<total>0</total>
				<timestamp>2776.423910</timestamp>
			</report>
			<report>
				<misses>262000000</misses>
				<total>0</total>
				<timestamp>2777.489367</timestamp>
			</report>
			<report>
				<misses>262100000</misses>
				<total>0</total>
				<timestamp>2778.562025</timestamp>
			</report>
			<report>
				<misses>262200000</misses>
				<total>0</total>
				<timestamp>2779.671951</timestamp>
			</report>
			<report>
				<misses>262300000</misses>
				<total>0</total>
				<timestamp>2780.723566</timestamp>
			</report>
			<report>
				<misses>262400000</misses>
				<total>0</total>
				<timestamp>2781.772193</timestamp>
			</report>
			<report>
				<misses>262500000</misses>
				<total>0</total>
				<timestamp>2782.846142</timestamp>
			</report>
			<report>
				<misses>262600000</misses>
				<total>0</total>
				<timestamp>2783.919811</timestamp>
			</report>
			<report>
				<misses>262700000</misses>
				<total>0</total>
				<timestamp>2784.985566</timestamp>
			</report>
			<report>
				<misses>262800000</misses>
				<total>0</total>
				<timestamp>2786.038983</timestamp>
			</report>
			<report>
				<misses>262900000</misses>
				<total>0</total>
				<timestamp>2787.103915</timestamp>
			</report>
			<report>
				<misses>263000000</misses>
				<total>0</total>
				<timestamp>2788.157866</timestamp>
			</report>
			<report>
				<misses>263100000</misses>
				<total>0</total>
				<timestamp>2789.198852</timestamp>
			</report>
			<report>
				<misses>263200000</misses>
				<total>0</total>
				<timestamp>2790.263758</timestamp>
			</report>
			<report>
				<misses>263300000</misses>
				<total>0</total>
				<timestamp>2791.302759</timestamp>
			</report>
			<report>
				<misses>263400000</misses>
				<total>0</total>
				<timestamp>2792.380253</timestamp>
			</report>
			<report>
				<misses>263500000</misses>
				<total>0</total>
				<timestamp>2793.426153</timestamp>
			</report>
			<report>
				<misses>263600000</misses>
				<total>0</total>
				<timestamp>2794.481770</timestamp>
			</report>
			<report>
				<misses>263700000</misses>
				<total>0</total>
				<timestamp>2795.557407</timestamp>
			</report>
			<report>
				<misses>263800000</misses>
				<total>0</total>
				<timestamp>2796.648161</timestamp>
			</report>
			<report>
				<misses>263900000</misses>
				<total>0</total>
				<timestamp>2797.697544</timestamp>
			</report>
			<report>
				<misses>264000000</misses>
				<total>0</total>
				<timestamp>2798.745535</timestamp>
			</report>
			<report>
				<misses>264100000</misses>
				<total>0</total>
				<timestamp>2799.811863</timestamp>
			</report>
			<report>
				<misses>264200000</misses>
				<total>0</total>
				<timestamp>2800.856357</timestamp>
			</report>
			<report>
				<misses>264300000</misses>
				<total>0</total>
				<timestamp>2801.943991</timestamp>
			</report>
			<report>
				<misses>264400000</misses>
				<total>0</total>
				<timestamp>2802.993565</timestamp>
			</report>
			<report>
				<misses>264500000</misses>
				<total>0</total>
				<timestamp>2804.086824</timestamp>
			</report>
			<report>
				<misses>264600000</misses>
				<total>0</total>
				<timestamp>2805.128794</timestamp>
			</report>
			<report>
				<misses>264700000</misses>
				<total>0</total>
				<timestamp>2806.182691</timestamp>
			</report>
			<report>
				<misses>264800000</misses>
				<total>0</total>
				<timestamp>2807.228416</timestamp>
			</report>
			<report>
				<misses>264900000</misses>
				<total>0</total>
				<timestamp>2808.272015</timestamp>
			</report>
			<report>
				<misses>265000000</misses>
				<total>0</total>
				<timestamp>2809.309702</timestamp>
			</report>
			<report>
				<misses>265100000</misses>
				<total>0</total>
				<timestamp>2810.358330</timestamp>
			</report>
			<report>
				<misses>265200000</misses>
				<total>0</total>
				<timestamp>2811.418728</timestamp>
			</report>
			<report>
				<misses>265300000</misses>
				<total>0</total>
				<timestamp>2812.489110</timestamp>
			</report>
			<report>
				<misses>265400000</misses>
				<total>0</total>
				<timestamp>2813.573736</timestamp>
			</report>
			<report>
				<misses>265500000</misses>
				<total>0</total>
				<timestamp>2814.643506</timestamp>
			</report>
			<report>
				<misses>265600000</misses>
				<total>0</total>
				<timestamp>2815.720120</timestamp>
			</report>
			<report>
				<misses>265700000</misses>
				<total>0</total>
				<timestamp>2816.797915</timestamp>
			</report>
			<report>
				<misses>265800000</misses>
				<total>0</total>
				<timestamp>2817.877392</timestamp>
			</report>
			<report>
				<misses>265900000</misses>
				<total>0</total>
				<timestamp>2818.958470</timestamp>
			</report>
			<report>
				<misses>266000000</misses>
				<total>0</total>
				<timestamp>2820.001451</timestamp>
			</report>
			<report>
				<misses>266100000</misses>
				<total>0</total>
				<timestamp>2821.056874</timestamp>
			</report>
			<report>
				<misses>266200000</misses>
				<total>0</total>
				<timestamp>2822.121431</timestamp>
			</report>
			<report>
				<misses>266300000</misses>
				<total>0</total>
				<timestamp>2823.174033</timestamp>
			</report>
			<report>
				<misses>266400000</misses>
				<total>0</total>
				<timestamp>2824.251366</timestamp>
			</report>
			<report>
				<misses>266500000</misses>
				<total>0</total>
				<timestamp>2825.298566</timestamp>
			</report>
			<report>
				<misses>266600000</misses>
				<total>0</total>
				<timestamp>2826.338828</timestamp>
			</report>
			<report>
				<misses>266700000</misses>
				<total>0</total>
				<timestamp>2827.380097</timestamp>
			</report>
			<report>
				<misses>266800000</misses>
				<total>0</total>
				<timestamp>2828.432678</timestamp>
			</report>
			<report>
				<misses>266900000</misses>
				<total>0</total>
				<timestamp>2829.475772</timestamp>
			</report>
			<report>
				<misses>267000000</misses>
				<total>0</total>
				<timestamp>2830.520895</timestamp>
			</report>
			<report>
				<misses>267100000</misses>
				<total>0</total>
				<timestamp>2831.578687</timestamp>
			</report>
			<report>
				<misses>267200000</misses>
				<total>0</total>
				<timestamp>2832.618675</timestamp>
			</report>
			<report>
				<misses>267300000</misses>
				<total>0</total>
				<timestamp>2833.703914</timestamp>
			</report>
			<report>
				<misses>267400000</misses>
				<total>0</total>
				<timestamp>2834.784174</timestamp>
			</report>
			<report>
				<misses>267500000</misses>
				<total>0</total>
				<timestamp>2835.832945</timestamp>
			</report>
			<report>
				<misses>267600000</misses>
				<total>0</total>
				<timestamp>2836.906786</timestamp>
			</report>
			<report>
				<misses>267700000</misses>
				<total>0</total>
				<timestamp>2837.952690</timestamp>
			</report>
			<report>
				<misses>267800000</misses>
				<total>0</total>
				<timestamp>2839.004544</timestamp>
			</report>
			<report>
				<misses>267900000</misses>
				<total>0</total>
				<timestamp>2840.083324</timestamp>
			</report>
			<report>
				<misses>268000000</misses>
				<total>0</total>
				<timestamp>2841.139752</timestamp>
			</report>
			<report>
				<misses>268100000</misses>
				<total>0</total>
				<timestamp>2842.186013</timestamp>
			</report>
			<report>
				<misses>268200000</misses>
				<total>0</total>
				<timestamp>2843.233293</timestamp>
			</report>
			<report>
				<misses>268300000</misses>
				<total>0</total>
				<timestamp>2844.269339</timestamp>
			</report>
			<report>
				<misses>268400000</misses>
				<total>0</total>
				<timestamp>2845.323566</timestamp>
			</report>
			<report>
				<misses>268500000</misses>
				<total>0</total>
				<timestamp>2846.378111</timestamp>
			</report>
			<report>
				<misses>268600000</misses>
				<total>0</total>
				<timestamp>2847.450407</timestamp>
			</report>
			<report>
				<misses>268700000</misses>
				<total>0</total>
				<timestamp>2848.514584</timestamp>
			</report>
			<report>
				<misses>268800000</misses>
				<total>0</total>
				<timestamp>2849.577570</timestamp>
			</report>
			<report>
				<misses>268900000</misses>
				<total>0</total>
				<timestamp>2850.635723</timestamp>
			</report>
			<report>
				<misses>269000000</misses>
				<total>0</total>
				<timestamp>2851.700503</timestamp>
			</report>
			<report>
				<misses>269100000</misses>
				<total>0</total>
				<timestamp>2852.776740</timestamp>
			</report>
			<report>
				<misses>269200000</misses>
				<total>0</total>
				<timestamp>2853.832310</timestamp>
			</report>
			<report>
				<misses>269300000</misses>
				<total>0</total>
				<timestamp>2854.891637</timestamp>
			</report>
			<report>
				<misses>269400000</misses>
				<total>0</total>
				<timestamp>2855.967206</timestamp>
			</report>
			<report>
				<misses>269500000</misses>
				<total>0</total>
				<timestamp>2857.024473</timestamp>
			</report>
			<report>
				<misses>269600000</misses>
				<total>0</total>
				<timestamp>2858.088847</timestamp>
			</report>
			<report>
				<misses>269700000</misses>
				<total>0</total>
				<timestamp>2859.126551</timestamp>
			</report>
			<report>
				<misses>269800000</misses>
				<total>0</total>
				<timestamp>2860.176953</timestamp>
			</report>
			<report>
				<misses>269900000</misses>
				<total>0</total>
				<timestamp>2861.220822</timestamp>
			</report>
			<report>
				<misses>270000000</misses>
				<total>0</total>
				<timestamp>2862.267372</timestamp>
			</report>
			<report>
				<misses>270100000</misses>
				<total>0</total>
				<timestamp>2863.323075</timestamp>
			</report>
			<report>
				<misses>270200000</misses>
				<total>0</total>
				<timestamp>2864.394803</timestamp>
			</report>
			<report>
				<misses>270300000</misses>
				<total>0</total>
				<timestamp>2865.460570</timestamp>
			</report>
			<report>
				<misses>270400000</misses>
				<total>0</total>
				<timestamp>2866.543414</timestamp>
			</report>
			<report>
				<misses>270500000</misses>
				<total>0</total>
				<timestamp>2867.606245</timestamp>
			</report>
			<report>
				<misses>270600000</misses>
				<total>0</total>
				<timestamp>2868.660193</timestamp>
			</report>
			<report>
				<misses>270700000</misses>
				<total>0</total>
				<timestamp>2869.721722</timestamp>
			</report>
			<report>
				<misses>270800000</misses>
				<total>0</total>
				<timestamp>2870.772559</timestamp>
			</report>
			<report>
				<misses>270900000</misses>
				<total>0</total>
				<timestamp>2871.822701</timestamp>
			</report>
			<report>
				<misses>271000000</misses>
				<total>0</total>
				<timestamp>2872.886684</timestamp>
			</report>
			<report>
				<misses>271100000</misses>
				<total>0</total>
				<timestamp>2873.935681</timestamp>
			</report>
			<report>
				<misses>271200000</misses>
				<total>0</total>
				<timestamp>2875.015648</timestamp>
			</report>
			<report>
				<misses>271300000</misses>
				<total>0</total>
				<timestamp>2876.085438</timestamp>
			</report>
			<report>
				<misses>271400000</misses>
				<total>0</total>
				<timestamp>2877.148960</timestamp>
			</report>
			<report>
				<misses>271500000</misses>
				<total>0</total>
				<timestamp>2878.230879</timestamp>
			</report>
			<report>
				<misses>271600000</misses>
				<total>0</total>
				<timestamp>2879.306328</timestamp>
			</report>
			<report>
				<misses>271700000</misses>
				<total>0</total>
				<timestamp>2880.381862</timestamp>
			</report>
			<report>
				<misses>271800000</misses>
				<total>0</total>
				<timestamp>2881.445180</timestamp>
			</report>
			<report>
				<misses>271900000</misses>
				<total>0</total>
				<timestamp>2882.499381</timestamp>
			</report>
			<report>
				<misses>272000000</misses>
				<total>0</total>
				<timestamp>2883.525525</timestamp>
			</report>
			<report>
				<misses>272100000</misses>
				<total>0</total>
				<timestamp>2884.580695</timestamp>
			</report>
			<report>
				<misses>272200000</misses>
				<total>0</total>
				<timestamp>2885.633475</timestamp>
			</report>
			<report>
				<misses>272300000</misses>
				<total>0</total>
				<timestamp>2886.683767</timestamp>
			</report>
			<report>
				<misses>272400000</misses>
				<total>0</total>
				<timestamp>2887.744720</timestamp>
			</report>
			<report>
				<misses>272500000</misses>
				<total>0</total>
				<timestamp>2888.789079</timestamp>
			</report>
			<report>
				<misses>272600000</misses>
				<total>0</total>
				<timestamp>2889.840631</timestamp>
			</report>
			<report>
				<misses>272700000</misses>
				<total>0</total>
				<timestamp>2890.900908</timestamp>
			</report>
			<report>
				<misses>272800000</misses>
				<total>0</total>
				<timestamp>2891.995671</timestamp>
			</report>
			<report>
				<misses>272900000</misses>
				<total>0</total>
				<timestamp>2893.042285</timestamp>
			</report>
			<report>
				<misses>273000000</misses>
				<total>0</total>
				<timestamp>2894.134884</timestamp>
			</report>
			<report>
				<misses>273100000</misses>
				<total>0</total>
				<timestamp>2895.187244</timestamp>
			</report>
			<report>
				<misses>273200000</misses>
				<total>0</total>
				<timestamp>2896.267222</timestamp>
			</report>
			<report>
				<misses>273300000</misses>
				<total>0</total>
				<timestamp>2897.318157</timestamp>
			</report>
			<report>
				<misses>273400000</misses>
				<total>0</total>
				<timestamp>2898.375020</timestamp>
			</report>
			<report>
				<misses>273500000</misses>
				<total>0</total>
				<timestamp>2899.413903</timestamp>
			</report>
			<report>
				<misses>273600000</misses>
				<total>0</total>
				<timestamp>2900.475238</timestamp>
			</report>
			<report>
				<misses>273700000</misses>
				<total>0</total>
				<timestamp>2901.538819</timestamp>
			</report>
			<report>
				<misses>273800000</misses>
				<total>0</total>
				<timestamp>2902.598332</timestamp>
			</report>
			<report>
				<misses>273900000</misses>
				<total>0</total>
				<timestamp>2903.693340</timestamp>
			</report>
			<report>
				<misses>274000000</misses>
				<total>0</total>
				<timestamp>2904.737773</timestamp>
			</report>
			<report>
				<misses>274100000</misses>
				<total>0</total>
				<timestamp>2905.795100</timestamp>
			</report>
			<report>
				<misses>274200000</misses>
				<total>0</total>
				<timestamp>2906.848419</timestamp>
			</report>
			<report>
				<misses>274300000</misses>
				<total>0</total>
				<timestamp>2907.902524</timestamp>
			</report>
			<report>
				<misses>274400000</misses>
				<total>0</total>
				<timestamp>2908.944435</timestamp>
			</report>
			<report>
				<misses>274500000</misses>
				<total>0</total>
				<timestamp>2910.003174</timestamp>
			</report>
			<report>
				<misses>274600000</misses>
				<total>0</total>
				<timestamp>2911.063731</timestamp>
			</report>
			<report>
				<misses>274700000</misses>
				<total>0</total>
				<timestamp>2912.122378</timestamp>
			</report>
			<report>
				<misses>274800000</misses>
				<total>0</total>
				<timestamp>2913.183196</timestamp>
			</report>
			<report>
				<misses>274900000</misses>
				<total>0</total>
				<timestamp>2914.244301</timestamp>
			</report>
			<report>
				<misses>275000000</misses>
				<total>0</total>
				<timestamp>2915.308652</timestamp>
			</report>
			<report>
				<misses>275100000</misses>
				<total>0</total>
				<timestamp>2916.344599</timestamp>
			</report>
			<report>
				<misses>275200000</misses>
				<total>0</total>
				<timestamp>2917.434442</timestamp>
			</report>
			<report>
				<misses>275300000</misses>
				<total>0</total>
				<timestamp>2918.505059</timestamp>
			</report>
			<report>
				<misses>275400000</misses>
				<total>0</total>
				<timestamp>2919.574728</timestamp>
			</report>
			<report>
				<misses>275500000</misses>
				<total>0</total>
				<timestamp>2920.636265</timestamp>
			</report>
			<report>
				<misses>275600000</misses>
				<total>0</total>
				<timestamp>2921.684519</timestamp>
			</report>
			<report>
				<misses>275700000</misses>
				<total>0</total>
				<timestamp>2922.779732</timestamp>
			</report>
			<report>
				<misses>275800000</misses>
				<total>0</total>
				<timestamp>2923.840359</timestamp>
			</report>
			<report>
				<misses>275900000</misses>
				<total>0</total>
				<timestamp>2924.891664</timestamp>
			</report>
			<report>
				<misses>276000000</misses>
				<total>0</total>
				<timestamp>2925.930132</timestamp>
			</report>
			<report>
				<misses>276100000</misses>
				<total>0</total>
				<timestamp>2927.001741</timestamp>
			</report>
			<report>
				<misses>276200000</misses>
				<total>0</total>
				<timestamp>2928.042780</timestamp>
			</report>
			<report>
				<misses>276300000</misses>
				<total>0</total>
				<timestamp>2929.083754</timestamp>
			</report>
			<report>
				<misses>276400000</misses>
				<total>0</total>
				<timestamp>2930.136641</timestamp>
			</report>
			<report>
				<misses>276500000</misses>
				<total>0</total>
				<timestamp>2931.196746</timestamp>
			</report>
			<report>
				<misses>276600000</misses>
				<total>0</total>
				<timestamp>2932.284894</timestamp>
			</report>
			<report>
				<misses>276700000</misses>
				<total>0</total>
				<timestamp>2933.355876</timestamp>
			</report>
			<report>
				<misses>276800000</misses>
				<total>0</total>
				<timestamp>2934.454526</timestamp>
			</report>
			<report>
				<misses>276900000</misses>
				<total>0</total>
				<timestamp>2935.520548</timestamp>
			</report>
			<report>
				<misses>277000000</misses>
				<total>0</total>
				<timestamp>2936.576348</timestamp>
			</report>
			<report>
				<misses>277100000</misses>
				<total>0</total>
				<timestamp>2937.625051</timestamp>
			</report>
			<report>
				<misses>277200000</misses>
				<total>0</total>
				<timestamp>2938.691629</timestamp>
			</report>
			<report>
				<misses>277300000</misses>
				<total>0</total>
				<timestamp>2939.767169</timestamp>
			</report>
			<report>
				<misses>277400000</misses>
				<total>0</total>
				<timestamp>2940.823911</timestamp>
			</report>
			<report>
				<misses>277500000</misses>
				<total>0</total>
				<timestamp>2941.871807</timestamp>
			</report>
			<report>
				<misses>277600000</misses>
				<total>0</total>
				<timestamp>2942.911689</timestamp>
			</report>
			<report>
				<misses>277700000</misses>
				<total>0</total>
				<timestamp>2943.960578</timestamp>
			</report>
			<report>
				<misses>277800000</misses>
				<total>0</total>
				<timestamp>2945.005169</timestamp>
			</report>
			<report>
				<misses>277900000</misses>
				<total>0</total>
				<timestamp>2946.046432</timestamp>
			</report>
			<report>
				<misses>278000000</misses>
				<total>0</total>
				<timestamp>2947.102371</timestamp>
			</report>
			<report>
				<misses>278100000</misses>
				<total>0</total>
				<timestamp>2948.179226</timestamp>
			</report>
			<report>
				<misses>278200000</misses>
				<total>0</total>
				<timestamp>2949.242458</timestamp>
			</report>
			<report>
				<misses>278300000</misses>
				<total>0</total>
				<timestamp>2950.304542</timestamp>
			</report>
			<report>
				<misses>278400000</misses>
				<total>0</total>
				<timestamp>2951.391715</timestamp>
			</report>
			<report>
				<misses>278500000</misses>
				<total>0</total>
				<timestamp>2952.481108</timestamp>
			</report>
			<report>
				<misses>278600000</misses>
				<total>0</total>
				<timestamp>2953.522090</timestamp>
			</report>
			<report>
				<misses>278700000</misses>
				<total>0</total>
				<timestamp>2954.597163</timestamp>
			</report>
			<report>
				<misses>278800000</misses>
				<total>0</total>
				<timestamp>2955.659016</timestamp>
			</report>
			<report>
				<misses>278900000</misses>
				<total>0</total>
				<timestamp>2956.724470</timestamp>
			</report>
			<report>
				<misses>279000000</misses>
				<total>0</total>
				<timestamp>2957.787572</timestamp>
			</report>
			<report>
				<misses>279100000</misses>
				<total>0</total>
				<timestamp>2958.879575</timestamp>
			</report>
			<report>
				<misses>279200000</misses>
				<total>0</total>
				<timestamp>2959.945631</timestamp>
			</report>
			<report>
				<misses>279300000</misses>
				<total>0</total>
				<timestamp>2960.996141</timestamp>
			</report>
			<report>
				<misses>279400000</misses>
				<total>0</total>
				<timestamp>2962.059107</timestamp>
			</report>
			<report>
				<misses>279500000</misses>
				<total>0</total>
				<timestamp>2963.098877</timestamp>
			</report>
			<report>
				<misses>279600000</misses>
				<total>0</total>
				<timestamp>2964.149638</timestamp>
			</report>
			<report>
				<misses>279700000</misses>
				<total>0</total>
				<timestamp>2965.189200</timestamp>
			</report>
			<report>
				<misses>279800000</misses>
				<total>0</total>
				<timestamp>2966.255855</timestamp>
			</report>
			<report>
				<misses>279900000</misses>
				<total>0</total>
				<timestamp>2967.313734</timestamp>
			</report>
			<report>
				<misses>280000000</misses>
				<total>0</total>
				<timestamp>2968.354559</timestamp>
			</report>
			<report>
				<misses>280100000</misses>
				<total>0</total>
				<timestamp>2969.396605</timestamp>
			</report>
			<report>
				<misses>280200000</misses>
				<total>0</total>
				<timestamp>2970.452024</timestamp>
			</report>
			<report>
				<misses>280300000</misses>
				<total>0</total>
				<timestamp>2971.491912</timestamp>
			</report>
			<report>
				<misses>280400000</misses>
				<total>0</total>
				<timestamp>2972.570851</timestamp>
			</report>
			<report>
				<misses>280500000</misses>
				<total>0</total>
				<timestamp>2973.628950</timestamp>
			</report>
			<report>
				<misses>280600000</misses>
				<total>0</total>
				<timestamp>2974.691392</timestamp>
			</report>
			<report>
				<misses>280700000</misses>
				<total>0</total>
				<timestamp>2975.772479</timestamp>
			</report>
			<report>
				<misses>280800000</misses>
				<total>0</total>
				<timestamp>2976.863676</timestamp>
			</report>
			<report>
				<misses>280900000</misses>
				<total>0</total>
				<timestamp>2977.920531</timestamp>
			</report>
			<report>
				<misses>281000000</misses>
				<total>0</total>
				<timestamp>2978.988400</timestamp>
			</report>
			<report>
				<misses>281100000</misses>
				<total>0</total>
				<timestamp>2980.049606</timestamp>
			</report>
			<report>
				<misses>281200000</misses>
				<total>0</total>
				<timestamp>2981.121857</timestamp>
			</report>
			<report>
				<misses>281300000</misses>
				<total>0</total>
				<timestamp>2982.197582</timestamp>
			</report>
			<report>
				<misses>281400000</misses>
				<total>0</total>
				<timestamp>2983.271230</timestamp>
			</report>
			<report>
				<misses>281500000</misses>
				<total>0</total>
				<timestamp>2984.310034</timestamp>
			</report>
			<report>
				<misses>281600000</misses>
				<total>0</total>
				<timestamp>2985.382679</timestamp>
			</report>
			<report>
				<misses>281700000</misses>
				<total>0</total>
				<timestamp>2986.438838</timestamp>
			</report>
			<report>
				<misses>281800000</misses>
				<total>0</total>
				<timestamp>2987.514222</timestamp>
			</report>
			<report>
				<misses>281900000</misses>
				<total>0</total>
				<timestamp>2988.579199</timestamp>
			</report>
			<report>
				<misses>282000000</misses>
				<total>0</total>
				<timestamp>2989.645455</timestamp>
			</report>
			<report>
				<misses>282100000</misses>
				<total>0</total>
				<timestamp>2990.706728</timestamp>
			</report>
			<report>
				<misses>282200000</misses>
				<total>0</total>
				<timestamp>2991.771243</timestamp>
			</report>
			<report>
				<misses>282300000</misses>
				<total>0</total>
				<timestamp>2992.863250</timestamp>
			</report>
			<report>
				<misses>282400000</misses>
				<total>0</total>
				<timestamp>2993.931506</timestamp>
			</report>
			<report>
				<misses>282500000</misses>
				<total>0</total>
				<timestamp>2994.968703</timestamp>
			</report>
			<report>
				<misses>282600000</misses>
				<total>0</total>
				<timestamp>2996.026280</timestamp>
			</report>
			<report>
				<misses>282700000</misses>
				<total>0</total>
				<timestamp>2997.066876</timestamp>
			</report>
			<report>
				<misses>282800000</misses>
				<total>0</total>
				<timestamp>2998.111067</timestamp>
			</report>
			<report>
				<misses>282900000</misses>
				<total>0</total>
				<timestamp>2999.155176</timestamp>
			</report>
			<report>
				<misses>283000000</misses>
				<total>0</total>
				<timestamp>3000.235837</timestamp>
			</report>
			<report>
				<misses>283100000</misses>
				<total>0</total>
				<timestamp>3001.329898</timestamp>
			</report>
			<report>
				<misses>283200000</misses>
				<total>0</total>
				<timestamp>3002.411911</timestamp>
			</report>
			<report>
				<misses>283300000</misses>
				<total>0</total>
				<timestamp>3003.526942</timestamp>
			</report>
			<report>
				<misses>283400000</misses>
				<total>0</total>
				<timestamp>3004.587772</timestamp>
			</report>
			<report>
				<misses>283500000</misses>
				<total>0</total>
				<timestamp>3005.672117</timestamp>
			</report>
			<report>
				<misses>283600000</misses>
				<total>0</total>
				<timestamp>3006.739895</timestamp>
			</report>
			<report>
				<misses>283700000</misses>
				<total>0</total>
				<timestamp>3007.822139</timestamp>
			</report>
			<report>
				<misses>283800000</misses>
				<total>0</total>
				<timestamp>3008.897763</timestamp>
			</report>
			<report>
				<misses>283900000</misses>
				<total>0</total>
				<timestamp>3009.938421</timestamp>
			</report>
			<report>
				<misses>284000000</misses>
				<total>0</total>
				<timestamp>3010.995318</timestamp>
			</report>
			<report>
				<misses>284100000</misses>
				<total>0</total>
				<timestamp>3012.052731</timestamp>
			</report>
			<report>
				<misses>284200000</misses>
				<total>0</total>
				<timestamp>3013.108332</timestamp>
			</report>
			<report>
				<misses>284300000</misses>
				<total>0</total>
				<timestamp>3014.173310</timestamp>
			</report>
			<report>
				<misses>284400000</misses>
				<total>0</total>
				<timestamp>3015.257613</timestamp>
			</report>
			<report>
				<misses>284500000</misses>
				<total>0</total>
				<timestamp>3016.322729</timestamp>
			</report>
			<report>
				<misses>284600000</misses>
				<total>0</total>
				<timestamp>3017.397014</timestamp>
			</report>
			<report>
				<misses>284700000</misses>
				<total>0</total>
				<timestamp>3018.463745</timestamp>
			</report>
			<report>
				<misses>284800000</misses>
				<total>0</total>
				<timestamp>3019.521520</timestamp>
			</report>
			<report>
				<misses>284900000</misses>
				<total>0</total>
				<timestamp>3020.600100</timestamp>
			</report>
			<report>
				<misses>285000000</misses>
				<total>0</total>
				<timestamp>3021.646857</timestamp>
			</report>
			<report>
				<misses>285100000</misses>
				<total>0</total>
				<timestamp>3022.722994</timestamp>
			</report>
			<report>
				<misses>285200000</misses>
				<total>0</total>
				<timestamp>3023.802684</timestamp>
			</report>
			<report>
				<misses>285300000</misses>
				<total>0</total>
				<timestamp>3024.882109</timestamp>
			</report>
			<report>
				<misses>285400000</misses>
				<total>0</total>
				<timestamp>3025.968992</timestamp>
			</report>
			<report>
				<misses>285500000</misses>
				<total>0</total>
				<timestamp>3027.029699</timestamp>
			</report>
			<report>
				<misses>285600000</misses>
				<total>0</total>
				<timestamp>3028.073151</timestamp>
			</report>
			<report>
				<misses>285700000</misses>
				<total>0</total>
				<timestamp>3029.128418</timestamp>
			</report>
			<report>
				<misses>285800000</misses>
				<total>0</total>
				<timestamp>3030.164655</timestamp>
			</report>
			<report>
				<misses>285900000</misses>
				<total>0</total>
				<timestamp>3031.215318</timestamp>
			</report>
			<report>
				<misses>286000000</misses>
				<total>0</total>
				<timestamp>3032.269083</timestamp>
			</report>
			<report>
				<misses>286100000</misses>
				<total>0</total>
				<timestamp>3033.311710</timestamp>
			</report>
			<report>
				<misses>286200000</misses>
				<total>0</total>
				<timestamp>3034.394727</timestamp>
			</report>
			<report>
				<misses>286300000</misses>
				<total>0</total>
				<timestamp>3035.454893</timestamp>
			</report>
			<report>
				<misses>286400000</misses>
				<total>0</total>
				<timestamp>3036.527184</timestamp>
			</report>
			<report>
				<misses>286500000</misses>
				<total>0</total>
				<timestamp>3037.588144</timestamp>
			</report>
			<report>
				<misses>286600000</misses>
				<total>0</total>
				<timestamp>3038.654580</timestamp>
			</report>
			<report>
				<misses>286700000</misses>
				<total>0</total>
				<timestamp>3039.735801</timestamp>
			</report>
			<report>
				<misses>286800000</misses>
				<total>0</total>
				<timestamp>3040.810357</timestamp>
			</report>
			<report>
				<misses>286900000</misses>
				<total>0</total>
				<timestamp>3041.882198</timestamp>
			</report>
			<report>
				<misses>287000000</misses>
				<total>0</total>
				<timestamp>3042.949174</timestamp>
			</report>
			<report>
				<misses>287100000</misses>
				<total>0</total>
				<timestamp>3043.993195</timestamp>
			</report>
			<report>
				<misses>287200000</misses>
				<total>0</total>
				<timestamp>3045.041263</timestamp>
			</report>
			<report>
				<misses>287300000</misses>
				<total>0</total>
				<timestamp>3046.076386</timestamp>
			</report>
			<report>
				<misses>287400000</misses>
				<total>0</total>
				<timestamp>3047.122440</timestamp>
			</report>
			<report>
				<misses>287500000</misses>
				<total>0</total>
				<timestamp>3048.164268</timestamp>
			</report>
			<report>
				<misses>287600000</misses>
				<total>0</total>
				<timestamp>3049.230874</timestamp>
			</report>
			<report>
				<misses>287700000</misses>
				<total>0</total>
				<timestamp>3050.305229</timestamp>
			</report>
			<report>
				<misses>287800000</misses>
				<total>0</total>
				<timestamp>3051.377558</timestamp>
			</report>
			<report>
				<misses>287900000</misses>
				<total>0</total>
				<timestamp>3052.435886</timestamp>
			</report>
			<report>
				<misses>288000000</misses>
				<total>0</total>
				<timestamp>3053.488869</timestamp>
			</report>
			<report>
				<misses>288100000</misses>
				<total>0</total>
				<timestamp>3054.565317</timestamp>
			</report>
			<report>
				<misses>288200000</misses>
				<total>0</total>
				<timestamp>3055.631101</timestamp>
			</report>
			<report>
				<misses>288300000</misses>
				<total>0</total>
				<timestamp>3056.706837</timestamp>
			</report>
			<report>
				<misses>288400000</misses>
				<total>0</total>
				<timestamp>3057.762103</timestamp>
			</report>
			<report>
				<misses>288500000</misses>
				<total>0</total>
				<timestamp>3058.807405</timestamp>
			</report>
			<report>
				<misses>288600000</misses>
				<total>0</total>
				<timestamp>3059.845896</timestamp>
			</report>
			<report>
				<misses>288700000</misses>
				<total>0</total>
				<timestamp>3060.886795</timestamp>
			</report>
			<report>
				<misses>288800000</misses>
				<total>0</total>
				<timestamp>3061.932073</timestamp>
			</report>
			<report>
				<misses>288900000</misses>
				<total>0</total>
				<timestamp>3062.990870</timestamp>
			</report>
			<report>
				<misses>289000000</misses>
				<total>0</total>
				<timestamp>3064.043870</timestamp>
			</report>
			<report>
				<misses>289100000</misses>
				<total>0</total>
				<timestamp>3065.119997</timestamp>
			</report>
			<report>
				<misses>289200000</misses>
				<total>0</total>
				<timestamp>3066.177196</timestamp>
			</report>
			<report>
				<misses>289300000</misses>
				<total>0</total>
				<timestamp>3067.243463</timestamp>
			</report>
			<report>
				<misses>289400000</misses>
				<total>0</total>
				<timestamp>3068.325672</timestamp>
			</report>
			<report>
				<misses>289500000</misses>
				<total>0</total>
				<timestamp>3069.369000</timestamp>
			</report>
			<report>
				<misses>289600000</misses>
				<total>0</total>
				<timestamp>3070.422558</timestamp>
			</report>
			<report>
				<misses>289700000</misses>
				<total>0</total>
				<timestamp>3071.500873</timestamp>
			</report>
			<report>
				<misses>289800000</misses>
				<total>0</total>
				<timestamp>3072.561152</timestamp>
			</report>
			<report>
				<misses>289900000</misses>
				<total>0</total>
				<timestamp>3073.634838</timestamp>
			</report>
			<report>
				<misses>290000000</misses>
				<total>0</total>
				<timestamp>3074.685095</timestamp>
			</report>
			<report>
				<misses>290100000</misses>
				<total>0</total>
				<timestamp>3075.759589</timestamp>
			</report>
			<report>
				<misses>290200000</misses>
				<total>0</total>
				<timestamp>3076.803570</timestamp>
			</report>
			<report>
				<misses>290300000</misses>
				<total>0</total>
				<timestamp>3077.849054</timestamp>
			</report>
			<report>
				<misses>290400000</misses>
				<total>0</total>
				<timestamp>3078.893987</timestamp>
			</report>
			<report>
				<misses>290500000</misses>
				<total>0</total>
				<timestamp>3079.945344</timestamp>
			</report>
			<report>
				<misses>290600000</misses>
				<total>0</total>
				<timestamp>3081.000949</timestamp>
			</report>
			<report>
				<misses>290700000</misses>
				<total>0</total>
				<timestamp>3082.039384</timestamp>
			</report>
			<report>
				<misses>290800000</misses>
				<total>0</total>
				<timestamp>3083.116902</timestamp>
			</report>
			<report>
				<misses>290900000</misses>
				<total>0</total>
				<timestamp>3084.195728</timestamp>
			</report>
			<report>
				<misses>291000000</misses>
				<total>0</total>
				<timestamp>3085.239977</timestamp>
			</report>
			<report>
				<misses>291100000</misses>
				<total>0</total>
				<timestamp>3086.299808</timestamp>
			</report>
			<report>
				<misses>291200000</misses>
				<total>0</total>
				<timestamp>3087.331291</timestamp>
			</report>
			<report>
				<misses>291300000</misses>
				<total>0</total>
				<timestamp>3088.420149</timestamp>
			</report>
			<report>
				<misses>291400000</misses>
				<total>0</total>
				<timestamp>3089.482863</timestamp>
			</report>
			<report>
				<misses>291500000</misses>
				<total>0</total>
				<timestamp>3090.539609</timestamp>
			</report>
			<report>
				<misses>291600000</misses>
				<total>0</total>
				<timestamp>3091.586713</timestamp>
			</report>
			<report>
				<misses>291700000</misses>
				<total>0</total>
				<timestamp>3092.678398</timestamp>
			</report>
			<report>
				<misses>291800000</misses>
				<total>0</total>
				<timestamp>3093.745391</timestamp>
			</report>
			<report>
				<misses>291900000</misses>
				<total>0</total>
				<timestamp>3094.835715</timestamp>
			</report>
			<report>
				<misses>292000000</misses>
				<total>0</total>
				<timestamp>3095.894649</timestamp>
			</report>
			<report>
				<misses>292100000</misses>
				<total>0</total>
				<timestamp>3096.960302</timestamp>
			</report>
			<report>
				<misses>292200000</misses>
				<total>0</total>
				<timestamp>3098.016693</timestamp>
			</report>
			<report>
				<misses>292300000</misses>
				<total>0</total>
				<timestamp>3099.062303</timestamp>
			</report>
			<report>
				<misses>292400000</misses>
				<total>0</total>
				<timestamp>3100.144664</timestamp>
			</report>
			<report>
				<misses>292500000</misses>
				<total>0</total>
				<timestamp>3101.212165</timestamp>
			</report>
			<report>
				<misses>292600000</misses>
				<total>0</total>
				<timestamp>3102.278447</timestamp>
			</report>
			<report>
				<misses>292700000</misses>
				<total>0</total>
				<timestamp>3103.313655</timestamp>
			</report>
			<report>
				<misses>292800000</misses>
				<total>0</total>
				<timestamp>3104.369293</timestamp>
			</report>
			<report>
				<misses>292900000</misses>
				<total>0</total>
				<timestamp>3105.471257</timestamp>
			</report>
			<report>
				<misses>293000000</misses>
				<total>0</total>
				<timestamp>3106.512177</timestamp>
			</report>
			<report>
				<misses>293100000</misses>
				<total>0</total>
				<timestamp>3107.595896</timestamp>
			</report>
			<report>
				<misses>293200000</misses>
				<total>0</total>
				<timestamp>3108.654059</timestamp>
			</report>
			<report>
				<misses>293300000</misses>
				<total>0</total>
				<timestamp>3109.701087</timestamp>
			</report>
			<report>
				<misses>293400000</misses>
				<total>0</total>
				<timestamp>3110.765260</timestamp>
			</report>
			<report>
				<misses>293500000</misses>
				<total>0</total>
				<timestamp>3111.861450</timestamp>
			</report>
			<report>
				<misses>293600000</misses>
				<total>0</total>
				<timestamp>3112.937078</timestamp>
			</report>
			<report>
				<misses>293700000</misses>
				<total>0</total>
				<timestamp>3113.993963</timestamp>
			</report>
			<report>
				<misses>293800000</misses>
				<total>0</total>
				<timestamp>3115.088482</timestamp>
			</report>
			<report>
				<misses>293900000</misses>
				<total>0</total>
				<timestamp>3116.130969</timestamp>
			</report>
			<report>
				<misses>294000000</misses>
				<total>0</total>
				<timestamp>3117.189876</timestamp>
			</report>
			<report>
				<misses>294100000</misses>
				<total>0</total>
				<timestamp>3118.236503</timestamp>
			</report>
			<report>
				<misses>294200000</misses>
				<total>0</total>
				<timestamp>3119.299191</timestamp>
			</report>
			<report>
				<misses>294300000</misses>
				<total>0</total>
				<timestamp>3120.343180</timestamp>
			</report>
			<report>
				<misses>294400000</misses>
				<total>0</total>
				<timestamp>3121.394603</timestamp>
			</report>
			<report>
				<misses>294500000</misses>
				<total>0</total>
				<timestamp>3122.464971</timestamp>
			</report>
			<report>
				<misses>294600000</misses>
				<total>0</total>
				<timestamp>3123.516646</timestamp>
			</report>
			<report>
				<misses>294700000</misses>
				<total>0</total>
				<timestamp>3124.586092</timestamp>
			</report>
			<report>
				<misses>294800000</misses>
				<total>0</total>
				<timestamp>3125.643526</timestamp>
			</report>
			<report>
				<misses>294900000</misses>
				<total>0</total>
				<timestamp>3126.705334</timestamp>
			</report>
			<report>
				<misses>295000000</misses>
				<total>0</total>
				<timestamp>3127.781572</timestamp>
			</report>
			<report>
				<misses>295100000</misses>
				<total>0</total>
				<timestamp>3128.850842</timestamp>
			</report>
			<report>
				<misses>295200000</misses>
				<total>0</total>
				<timestamp>3129.914634</timestamp>
			</report>
			<report>
				<misses>295300000</misses>
				<total>0</total>
				<timestamp>3130.996287</timestamp>
			</report>
			<report>
				<misses>295400000</misses>
				<total>0</total>
				<timestamp>3132.083862</timestamp>
			</report>
			<report>
				<misses>295500000</misses>
				<total>0</total>
				<timestamp>3133.112399</timestamp>
			</report>
			<report>
				<misses>295600000</misses>
				<total>0</total>
				<timestamp>3134.158358</timestamp>
			</report>
			<report>
				<misses>295700000</misses>
				<total>0</total>
				<timestamp>3135.204273</timestamp>
			</report>
			<report>
				<misses>295800000</misses>
				<total>0</total>
				<timestamp>3136.244631</timestamp>
			</report>
			<report>
				<misses>295900000</misses>
				<total>0</total>
				<timestamp>3137.288553</timestamp>
			</report>
			<report>
				<misses>296000000</misses>
				<total>0</total>
				<timestamp>3138.331644</timestamp>
			</report>
			<report>
				<misses>296100000</misses>
				<total>0</total>
				<timestamp>3139.390794</timestamp>
			</report>
			<report>
				<misses>296200000</misses>
				<total>0</total>
				<timestamp>3140.450419</timestamp>
			</report>
			<report>
				<misses>296300000</misses>
				<total>0</total>
				<timestamp>3141.505906</timestamp>
			</report>
			<report>
				<misses>296400000</misses>
				<total>0</total>
				<timestamp>3142.552176</timestamp>
			</report>
			<report>
				<misses>296500000</misses>
				<total>0</total>
				<timestamp>3143.621411</timestamp>
			</report>
			<report>
				<misses>296600000</misses>
				<total>0</total>
				<timestamp>3144.674685</timestamp>
			</report>
			<report>
				<misses>296700000</misses>
				<total>0</total>
				<timestamp>3145.772260</timestamp>
			</report>
			<report>
				<misses>296800000</misses>
				<total>0</total>
				<timestamp>3146.814481</timestamp>
			</report>
			<report>
				<misses>296900000</misses>
				<total>0</total>
				<timestamp>3147.881348</timestamp>
			</report>
			<report>
				<misses>297000000</misses>
				<total>0</total>
				<timestamp>3148.928207</timestamp>
			</report>
			<report>
				<misses>297100000</misses>
				<total>0</total>
				<timestamp>3149.971808</timestamp>
			</report>
			<report>
				<misses>297200000</misses>
				<total>0</total>
				<timestamp>3151.040132</timestamp>
			</report>
			<report>
				<misses>297300000</misses>
				<total>0</total>
				<timestamp>3152.095635</timestamp>
			</report>
			<report>
				<misses>297400000</misses>
				<total>0</total>
				<timestamp>3153.153742</timestamp>
			</report>
			<report>
				<misses>297500000</misses>
				<total>0</total>
				<timestamp>3154.203110</timestamp>
			</report>
			<report>
				<misses>297600000</misses>
				<total>0</total>
				<timestamp>3155.268137</timestamp>
			</report>
			<report>
				<misses>297700000</misses>
				<total>0</total>
				<timestamp>3156.319410</timestamp>
			</report>
			<report>
				<misses>297800000</misses>
				<total>0</total>
				<timestamp>3157.410980</timestamp>
			</report>
			<report>
				<misses>297900000</misses>
				<total>0</total>
				<timestamp>3158.472028</timestamp>
			</report>
			<report>
				<misses>298000000</misses>
				<total>0</total>
				<timestamp>3159.560535</timestamp>
			</report>
			<report>
				<misses>298100000</misses>
				<total>0</total>
				<timestamp>3160.624797</timestamp>
			</report>
			<report>
				<misses>298200000</misses>
				<total>0</total>
				<timestamp>3161.689002</timestamp>
			</report>
			<report>
				<misses>298300000</misses>
				<total>0</total>
				<timestamp>3162.789355</timestamp>
			</report>
			<report>
				<misses>298400000</misses>
				<total>0</total>
				<timestamp>3163.864628</timestamp>
			</report>
			<report>
				<misses>298500000</misses>
				<total>0</total>
				<timestamp>3164.925358</timestamp>
			</report>
			<report>
				<misses>298600000</misses>
				<total>0</total>
				<timestamp>3166.006371</timestamp>
			</report>
			<report>
				<misses>298700000</misses>
				<total>0</total>
				<timestamp>3167.069212</timestamp>
			</report>
			<report>
				<misses>298800000</misses>
				<total>0</total>
				<timestamp>3168.120886</timestamp>
			</report>
			<report>
				<misses>298900000</misses>
				<total>0</total>
				<timestamp>3169.187494</timestamp>
			</report>
			<report>
				<misses>299000000</misses>
				<total>0</total>
				<timestamp>3170.230621</timestamp>
			</report>
			<report>
				<misses>299100000</misses>
				<total>0</total>
				<timestamp>3171.292805</timestamp>
			</report>
			<report>
				<misses>299200000</misses>
				<total>0</total>
				<timestamp>3172.343047</timestamp>
			</report>
			<report>
				<misses>299300000</misses>
				<total>0</total>
				<timestamp>3173.386696</timestamp>
			</report>
			<report>
				<misses>299400000</misses>
				<total>0</total>
				<timestamp>3174.454955</timestamp>
			</report>
			<report>
				<misses>299500000</misses>
				<total>0</total>
				<timestamp>3175.529372</timestamp>
			</report>
			<report>
				<misses>299600000</misses>
				<total>0</total>
				<timestamp>3176.608857</timestamp>
			</report>
			<report>
				<misses>299700000</misses>
				<total>0</total>
				<timestamp>3177.663781</timestamp>
			</report>
			<report>
				<misses>299800000</misses>
				<total>0</total>
				<timestamp>3178.722131</timestamp>
			</report>
			<report>
				<misses>299900000</misses>
				<total>0</total>
				<timestamp>3179.786796</timestamp>
			</report>
			<report>
				<misses>300000000</misses>
				<total>0</total>
				<timestamp>3180.854841</timestamp>
			</report>
			<report>
				<misses>300100000</misses>
				<total>0</total>
				<timestamp>3181.917608</timestamp>
			</report>
			<report>
				<misses>300200000</misses>
				<total>0</total>
				<timestamp>3182.972998</timestamp>
			</report>
			<report>
				<misses>300300000</misses>
				<total>0</total>
				<timestamp>3184.015754</timestamp>
			</report>
			<report>
				<misses>300400000</misses>
				<total>0</total>
				<timestamp>3185.115566</timestamp>
			</report>
			<report>
				<misses>300500000</misses>
				<total>0</total>
				<timestamp>3186.178223</timestamp>
			</report>
			<report>
				<misses>300600000</misses>
				<total>0</total>
				<timestamp>3187.239723</timestamp>
			</report>
			<report>
				<misses>300700000</misses>
				<total>0</total>
				<timestamp>3188.295268</timestamp>
			</report>
			<report>
				<misses>300800000</misses>
				<total>0</total>
				<timestamp>3189.345147</timestamp>
			</report>
			<report>
				<misses>300900000</misses>
				<total>0</total>
				<timestamp>3190.419528</timestamp>
			</report>
			<report>
				<misses>301000000</misses>
				<total>0</total>
				<timestamp>3191.464002</timestamp>
			</report>
			<report>
				<misses>301100000</misses>
				<total>0</total>
				<timestamp>3192.520671</timestamp>
			</report>
			<report>
				<misses>301200000</misses>
				<total>0</total>
				<timestamp>3193.566601</timestamp>
			</report>
			<report>
				<misses>301300000</misses>
				<total>0</total>
				<timestamp>3194.638162</timestamp>
			</report>
			<report>
				<misses>301400000</misses>
				<total>0</total>
				<timestamp>3195.715982</timestamp>
			</report>
			<report>
				<misses>301500000</misses>
				<total>0</total>
				<timestamp>3196.808542</timestamp>
			</report>
			<report>
				<misses>301600000</misses>
				<total>0</total>
				<timestamp>3197.873813</timestamp>
			</report>
			<report>
				<misses>301700000</misses>
				<total>0</total>
				<timestamp>3198.925461</timestamp>
			</report>
			<report>
				<misses>301800000</misses>
				<total>0</total>
				<timestamp>3199.989569</timestamp>
			</report>
			<report>
				<misses>301900000</misses>
				<total>0</total>
				<timestamp>3201.030399</timestamp>
			</report>
			<report>
				<misses>302000000</misses>
				<total>0</total>
				<timestamp>3202.101311</timestamp>
			</report>
			<report>
				<misses>302100000</misses>
				<total>0</total>
				<timestamp>3203.168028</timestamp>
			</report>
			<report>
				<misses>302200000</misses>
				<total>0</total>
				<timestamp>3204.209186</timestamp>
			</report>
			<report>
				<misses>302300000</misses>
				<total>0</total>
				<timestamp>3205.251254</timestamp>
			</report>
			<report>
				<misses>302400000</misses>
				<total>0</total>
				<timestamp>3206.283429</timestamp>
			</report>
			<report>
				<misses>302500000</misses>
				<total>0</total>
				<timestamp>3207.338334</timestamp>
			</report>
			<report>
				<misses>302600000</misses>
				<total>0</total>
				<timestamp>3208.377917</timestamp>
			</report>
			<report>
				<misses>302700000</misses>
				<total>0</total>
				<timestamp>3209.445551</timestamp>
			</report>
			<report>
				<misses>302800000</misses>
				<total>0</total>
				<timestamp>3210.491249</timestamp>
			</report>
			<report>
				<misses>302900000</misses>
				<total>0</total>
				<timestamp>3211.550216</timestamp>
			</report>
			<report>
				<misses>303000000</misses>
				<total>0</total>
				<timestamp>3212.629852</timestamp>
			</report>
			<report>
				<misses>303100000</misses>
				<total>0</total>
				<timestamp>3213.701491</timestamp>
			</report>
			<report>
				<misses>303200000</misses>
				<total>0</total>
				<timestamp>3214.769508</timestamp>
			</report>
			<report>
				<misses>303300000</misses>
				<total>0</total>
				<timestamp>3215.855409</timestamp>
			</report>
			<report>
				<misses>303400000</misses>
				<total>0</total>
				<timestamp>3216.940003</timestamp>
			</report>
			<report>
				<misses>303500000</misses>
				<total>0</total>
				<timestamp>3217.988681</timestamp>
			</report>
			<report>
				<misses>303600000</misses>
				<total>0</total>
				<timestamp>3219.053947</timestamp>
			</report>
			<report>
				<misses>303700000</misses>
				<total>0</total>
				<timestamp>3220.094740</timestamp>
			</report>
			<report>
				<misses>303800000</misses>
				<total>0</total>
				<timestamp>3221.140229</timestamp>
			</report>
			<report>
				<misses>303900000</misses>
				<total>0</total>
				<timestamp>3222.179427</timestamp>
			</report>
			<report>
				<misses>304000000</misses>
				<total>0</total>
				<timestamp>3223.216412</timestamp>
			</report>
			<report>
				<misses>304100000</misses>
				<total>0</total>
				<timestamp>3224.275689</timestamp>
			</report>
			<report>
				<misses>304200000</misses>
				<total>0</total>
				<timestamp>3225.321950</timestamp>
			</report>
			<report>
				<misses>304300000</misses>
				<total>0</total>
				<timestamp>3226.376295</timestamp>
			</report>
			<report>
				<misses>304400000</misses>
				<total>0</total>
				<timestamp>3227.454754</timestamp>
			</report>
			<report>
				<misses>304500000</misses>
				<total>0</total>
				<timestamp>3228.528035</timestamp>
			</report>
			<report>
				<misses>304600000</misses>
				<total>0</total>
				<timestamp>3229.602204</timestamp>
			</report>
			<report>
				<misses>304700000</misses>
				<total>0</total>
				<timestamp>3230.667699</timestamp>
			</report>
			<report>
				<misses>304800000</misses>
				<total>0</total>
				<timestamp>3231.725662</timestamp>
			</report>
			<report>
				<misses>304900000</misses>
				<total>0</total>
				<timestamp>3232.797870</timestamp>
			</report>
			<report>
				<misses>305000000</misses>
				<total>0</total>
				<timestamp>3233.895706</timestamp>
			</report>
			<report>
				<misses>305100000</misses>
				<total>0</total>
				<timestamp>3234.956401</timestamp>
			</report>
			<report>
				<misses>305200000</misses>
				<total>0</total>
				<timestamp>3235.992002</timestamp>
			</report>
			<report>
				<misses>305300000</misses>
				<total>0</total>
				<timestamp>3237.047011</timestamp>
			</report>
			<report>
				<misses>305400000</misses>
				<total>0</total>
				<timestamp>3238.085714</timestamp>
			</report>
			<report>
				<misses>305500000</misses>
				<total>0</total>
				<timestamp>3239.141419</timestamp>
			</report>
			<report>
				<misses>305600000</misses>
				<total>0</total>
				<timestamp>3240.190679</timestamp>
			</report>
			<report>
				<misses>305700000</misses>
				<total>0</total>
				<timestamp>3241.234239</timestamp>
			</report>
			<report>
				<misses>305800000</misses>
				<total>0</total>
				<timestamp>3242.293598</timestamp>
			</report>
			<report>
				<misses>305900000</misses>
				<total>0</total>
				<timestamp>3243.340319</timestamp>
			</report>
			<report>
				<misses>306000000</misses>
				<total>0</total>
				<timestamp>3244.413573</timestamp>
			</report>
			<report>
				<misses>306100000</misses>
				<total>0</total>
				<timestamp>3245.470423</timestamp>
			</report>
			<report>
				<misses>306200000</misses>
				<total>0</total>
				<timestamp>3246.532410</timestamp>
			</report>
			<report>
				<misses>306300000</misses>
				<total>0</total>
				<timestamp>3247.632577</timestamp>
			</report>
			<report>
				<misses>306400000</misses>
				<total>0</total>
				<timestamp>3248.693932</timestamp>
			</report>
			<report>
				<misses>306500000</misses>
				<total>0</total>
				<timestamp>3249.763415</timestamp>
			</report>
			<report>
				<misses>306600000</misses>
				<total>0</total>
				<timestamp>3250.843155</timestamp>
			</report>
			<report>
				<misses>306700000</misses>
				<total>0</total>
				<timestamp>3251.904512</timestamp>
			</report>
			<report>
				<misses>306800000</misses>
				<total>0</total>
				<timestamp>3252.997700</timestamp>
			</report>
			<report>
				<misses>306900000</misses>
				<total>0</total>
				<timestamp>3254.056997</timestamp>
			</report>
			<report>
				<misses>307000000</misses>
				<total>0</total>
				<timestamp>3255.121770</timestamp>
			</report>
			<report>
				<misses>307100000</misses>
				<total>0</total>
				<timestamp>3256.202869</timestamp>
			</report>
			<report>
				<misses>307200000</misses>
				<total>0</total>
				<timestamp>3257.271665</timestamp>
			</report>
			<report>
				<misses>307300000</misses>
				<total>0</total>
				<timestamp>3258.320432</timestamp>
			</report>
			<report>
				<misses>307400000</misses>
				<total>0</total>
				<timestamp>3259.375240</timestamp>
			</report>
			<report>
				<misses>307500000</misses>
				<total>0</total>
				<timestamp>3260.417986</timestamp>
			</report>
			<report>
				<misses>307600000</misses>
				<total>0</total>
				<timestamp>3261.476445</timestamp>
			</report>
			<report>
				<misses>307700000</misses>
				<total>0</total>
				<timestamp>3262.520592</timestamp>
			</report>
			<report>
				<misses>307800000</misses>
				<total>0</total>
				<timestamp>3263.582758</timestamp>
			</report>
			<report>
				<misses>307900000</misses>
				<total>0</total>
				<timestamp>3264.636057</timestamp>
			</report>
			<report>
				<misses>308000000</misses>
				<total>0</total>
				<timestamp>3265.701573</timestamp>
			</report>
			<report>
				<misses>308100000</misses>
				<total>0</total>
				<timestamp>3266.757958</timestamp>
			</report>
			<report>
				<misses>308200000</misses>
				<total>0</total>
				<timestamp>3267.812553</timestamp>
			</report>
			<report>
				<misses>308300000</misses>
				<total>0</total>
				<timestamp>3268.866585</timestamp>
			</report>
			<report>
				<misses>308400000</misses>
				<total>0</total>
				<timestamp>3269.926297</timestamp>
			</report>
			<report>
				<misses>308500000</misses>
				<total>0</total>
				<timestamp>3270.968204</timestamp>
			</report>
			<report>
				<misses>308600000</misses>
				<total>0</total>
				<timestamp>3272.029945</timestamp>
			</report>
			<report>
				<misses>308700000</misses>
				<total>0</total>
				<timestamp>3273.098180</timestamp>
			</report>
			<report>
				<misses>308800000</misses>
				<total>0</total>
				<timestamp>3274.178186</timestamp>
			</report>
			<report>
				<misses>308900000</misses>
				<total>0</total>
				<timestamp>3275.217916</timestamp>
			</report>
			<report>
				<misses>309000000</misses>
				<total>0</total>
				<timestamp>3276.261008</timestamp>
			</report>
			<report>
				<misses>309100000</misses>
				<total>0</total>
				<timestamp>3277.313890</timestamp>
			</report>
			<report>
				<misses>309200000</misses>
				<total>0</total>
				<timestamp>3278.357103</timestamp>
			</report>
			<report>
				<misses>309300000</misses>
				<total>0</total>
				<timestamp>3279.405979</timestamp>
			</report>
			<report>
				<misses>309400000</misses>
				<total>0</total>
				<timestamp>3280.430189</timestamp>
			</report>
			<report>
				<misses>309500000</misses>
				<total>0</total>
				<timestamp>3281.491398</timestamp>
			</report>
			<report>
				<misses>309600000</misses>
				<total>0</total>
				<timestamp>3282.558052</timestamp>
			</report>
			<report>
				<misses>309700000</misses>
				<total>0</total>
				<timestamp>3283.636811</timestamp>
			</report>
			<report>
				<misses>309800000</misses>
				<total>0</total>
				<timestamp>3284.728844</timestamp>
			</report>
			<report>
				<misses>309900000</misses>
				<total>0</total>
				<timestamp>3285.805544</timestamp>
			</report>
			<report>
				<misses>310000000</misses>
				<total>0</total>
				<timestamp>3286.887550</timestamp>
			</report>
			<report>
				<misses>310100000</misses>
				<total>0</total>
				<timestamp>3287.946691</timestamp>
			</report>
			<report>
				<misses>310200000</misses>
				<total>0</total>
				<timestamp>3289.035036</timestamp>
			</report>
			<report>
				<misses>310300000</misses>
				<total>0</total>
				<timestamp>3290.092562</timestamp>
			</report>
			<report>
				<misses>310400000</misses>
				<total>0</total>
				<timestamp>3291.174236</timestamp>
			</report>
			<report>
				<misses>310500000</misses>
				<total>0</total>
				<timestamp>3292.241568</timestamp>
			</report>
			<report>
				<misses>310600000</misses>
				<total>0</total>
				<timestamp>3293.305474</timestamp>
			</report>
			<report>
				<misses>310700000</misses>
				<total>0</total>
				<timestamp>3294.356840</timestamp>
			</report>
			<report>
				<misses>310800000</misses>
				<total>0</total>
				<timestamp>3295.411989</timestamp>
			</report>
			<report>
				<misses>310900000</misses>
				<total>0</total>
				<timestamp>3296.458118</timestamp>
			</report>
			<report>
				<misses>311000000</misses>
				<total>0</total>
				<timestamp>3297.523839</timestamp>
			</report>
			<report>
				<misses>311100000</misses>
				<total>0</total>
				<timestamp>3298.595267</timestamp>
			</report>
			<report>
				<misses>311200000</misses>
				<total>0</total>
				<timestamp>3299.651502</timestamp>
			</report>
			<report>
				<misses>311300000</misses>
				<total>0</total>
				<timestamp>3300.714354</timestamp>
			</report>
			<report>
				<misses>311400000</misses>
				<total>0</total>
				<timestamp>3301.746645</timestamp>
			</report>
			<report>
				<misses>311500000</misses>
				<total>0</total>
				<timestamp>3302.788905</timestamp>
			</report>
			<report>
				<misses>311600000</misses>
				<total>0</total>
				<timestamp>3303.830198</timestamp>
			</report>
			<report>
				<misses>311700000</misses>
				<total>0</total>
				<timestamp>3304.866483</timestamp>
			</report>
			<report>
				<misses>311800000</misses>
				<total>0</total>
				<timestamp>3305.900005</timestamp>
			</report>
			<report>
				<misses>311900000</misses>
				<total>0</total>
				<timestamp>3306.938707</timestamp>
			</report>
			<report>
				<misses>312000000</misses>
				<total>0</total>
				<timestamp>3308.018211</timestamp>
			</report>
			<report>
				<misses>312100000</misses>
				<total>0</total>
				<timestamp>3309.078842</timestamp>
			</report>
			<report>
				<misses>312200000</misses>
				<total>0</total>
				<timestamp>3310.151795</timestamp>
			</report>
			<report>
				<misses>312300000</misses>
				<total>0</total>
				<timestamp>3311.211499</timestamp>
			</report>
			<report>
				<misses>312400000</misses>
				<total>0</total>
				<timestamp>3312.265344</timestamp>
			</report>
			<report>
				<misses>312500000</misses>
				<total>0</total>
				<timestamp>3313.309927</timestamp>
			</report>
			<report>
				<misses>312600000</misses>
				<total>0</total>
				<timestamp>3314.361721</timestamp>
			</report>
			<report>
				<misses>312700000</misses>
				<total>0</total>
				<timestamp>3315.449998</timestamp>
			</report>
			<report>
				<misses>312800000</misses>
				<total>0</total>
				<timestamp>3316.524717</timestamp>
			</report>
			<report>
				<misses>312900000</misses>
				<total>0</total>
				<timestamp>3317.578079</timestamp>
			</report>
			<report>
				<misses>313000000</misses>
				<total>0</total>
				<timestamp>3318.630827</timestamp>
			</report>
			<report>
				<misses>313100000</misses>
				<total>0</total>
				<timestamp>3319.694003</timestamp>
			</report>
			<report>
				<misses>313200000</misses>
				<total>0</total>
				<timestamp>3320.735307</timestamp>
			</report>
			<report>
				<misses>313300000</misses>
				<total>0</total>
				<timestamp>3321.779759</timestamp>
			</report>
			<report>
				<misses>313400000</misses>
				<total>0</total>
				<timestamp>3322.830807</timestamp>
			</report>
			<report>
				<misses>313500000</misses>
				<total>0</total>
				<timestamp>3323.871373</timestamp>
			</report>
			<report>
				<misses>313600000</misses>
				<total>0</total>
				<timestamp>3324.938813</timestamp>
			</report>
			<report>
				<misses>313700000</misses>
				<total>0</total>
				<timestamp>3326.000804</timestamp>
			</report>
			<report>
				<misses>313800000</misses>
				<total>0</total>
				<timestamp>3327.072998</timestamp>
			</report>
			<report>
				<misses>313900000</misses>
				<total>0</total>
				<timestamp>3328.128617</timestamp>
			</report>
			<report>
				<misses>314000000</misses>
				<total>0</total>
				<timestamp>3329.197705</timestamp>
			</report>
			<report>
				<misses>314100000</misses>
				<total>0</total>
				<timestamp>3330.267506</timestamp>
			</report>
			<report>
				<misses>314200000</misses>
				<total>0</total>
				<timestamp>3331.303427</timestamp>
			</report>
			<report>
				<misses>314300000</misses>
				<total>0</total>
				<timestamp>3332.376394</timestamp>
			</report>
			<report>
				<misses>314400000</misses>
				<total>0</total>
				<timestamp>3333.429942</timestamp>
			</report>
			<report>
				<misses>314500000</misses>
				<total>0</total>
				<timestamp>3334.476429</timestamp>
			</report>
			<report>
				<misses>314600000</misses>
				<total>0</total>
				<timestamp>3335.521885</timestamp>
			</report>
			<report>
				<misses>314700000</misses>
				<total>0</total>
				<timestamp>3336.574200</timestamp>
			</report>
			<report>
				<misses>314800000</misses>
				<total>0</total>
				<timestamp>3337.630074</timestamp>
			</report>
			<report>
				<misses>314900000</misses>
				<total>0</total>
				<timestamp>3338.676940</timestamp>
			</report>
			<report>
				<misses>315000000</misses>
				<total>0</total>
				<timestamp>3339.717141</timestamp>
			</report>
			<report>
				<misses>315100000</misses>
				<total>0</total>
				<timestamp>3340.770776</timestamp>
			</report>
			<report>
				<misses>315200000</misses>
				<total>0</total>
				<timestamp>3341.857790</timestamp>
			</report>
			<report>
				<misses>315300000</misses>
				<total>0</total>
				<timestamp>3342.931745</timestamp>
			</report>
			<report>
				<misses>315400000</misses>
				<total>0</total>
				<timestamp>3344.002173</timestamp>
			</report>
			<report>
				<misses>315500000</misses>
				<total>0</total>
				<timestamp>3345.068902</timestamp>
			</report>
			<report>
				<misses>315600000</misses>
				<total>0</total>
				<timestamp>3346.118954</timestamp>
			</report>
			<report>
				<misses>315700000</misses>
				<total>0</total>
				<timestamp>3347.217652</timestamp>
			</report>
			<report>
				<misses>315800000</misses>
				<total>0</total>
				<timestamp>3348.277600</timestamp>
			</report>
			<report>
				<misses>315900000</misses>
				<total>0</total>
				<timestamp>3349.346641</timestamp>
			</report>
			<report>
				<misses>316000000</misses>
				<total>0</total>
				<timestamp>3350.410909</timestamp>
			</report>
			<report>
				<misses>316100000</misses>
				<total>0</total>
				<timestamp>3351.483122</timestamp>
			</report>
			<report>
				<misses>316200000</misses>
				<total>0</total>
				<timestamp>3352.547504</timestamp>
			</report>
			<report>
				<misses>316300000</misses>
				<total>0</total>
				<timestamp>3353.628320</timestamp>
			</report>
			<report>
				<misses>316400000</misses>
				<total>0</total>
				<timestamp>3354.694656</timestamp>
			</report>
			<report>
				<misses>316500000</misses>
				<total>0</total>
				<timestamp>3355.746724</timestamp>
			</report>
			<report>
				<misses>316600000</misses>
				<total>0</total>
				<timestamp>3356.819363</timestamp>
			</report>
			<report>
				<misses>316700000</misses>
				<total>0</total>
				<timestamp>3357.880110</timestamp>
			</report>
			<report>
				<misses>316800000</misses>
				<total>0</total>
				<timestamp>3358.961207</timestamp>
			</report>
			<report>
				<misses>316900000</misses>
				<total>0</total>
				<timestamp>3360.007440</timestamp>
			</report>
			<report>
				<misses>317000000</misses>
				<total>0</total>
				<timestamp>3361.062129</timestamp>
			</report>
			<report>
				<misses>317100000</misses>
				<total>0</total>
				<timestamp>3362.120026</timestamp>
			</report>
			<report>
				<misses>317200000</misses>
				<total>0</total>
				<timestamp>3363.156263</timestamp>
			</report>
			<report>
				<misses>317300000</misses>
				<total>0</total>
				<timestamp>3364.209499</timestamp>
			</report>
			<report>
				<misses>317400000</misses>
				<total>0</total>
				<timestamp>3365.266929</timestamp>
			</report>
			<report>
				<misses>317500000</misses>
				<total>0</total>
				<timestamp>3366.327894</timestamp>
			</report>
			<report>
				<misses>317600000</misses>
				<total>0</total>
				<timestamp>3367.400117</timestamp>
			</report>
			<report>
				<misses>317700000</misses>
				<total>0</total>
				<timestamp>3368.481041</timestamp>
			</report>
			<report>
				<misses>317800000</misses>
				<total>0</total>
				<timestamp>3369.533241</timestamp>
			</report>
			<report>
				<misses>317900000</misses>
				<total>0</total>
				<timestamp>3370.589778</timestamp>
			</report>
			<report>
				<misses>318000000</misses>
				<total>0</total>
				<timestamp>3371.685547</timestamp>
			</report>
			<report>
				<misses>318100000</misses>
				<total>0</total>
				<timestamp>3372.731437</timestamp>
			</report>
			<report>
				<misses>318200000</misses>
				<total>0</total>
				<timestamp>3373.795372</timestamp>
			</report>
			<report>
				<misses>318300000</misses>
				<total>0</total>
				<timestamp>3374.835764</timestamp>
			</report>
			<report>
				<misses>318400000</misses>
				<total>0</total>
				<timestamp>3375.887043</timestamp>
			</report>
			<report>
				<misses>318500000</misses>
				<total>0</total>
				<timestamp>3376.926701</timestamp>
			</report>
			<report>
				<misses>318600000</misses>
				<total>0</total>
				<timestamp>3377.968463</timestamp>
			</report>
			<report>
				<misses>318700000</misses>
				<total>0</total>
				<timestamp>3379.023593</timestamp>
			</report>
			<report>
				<misses>318800000</misses>
				<total>0</total>
				<timestamp>3380.062893</timestamp>
			</report>
			<report>
				<misses>318900000</misses>
				<total>0</total>
				<timestamp>3381.127652</timestamp>
			</report>
			<report>
				<misses>319000000</misses>
				<total>0</total>
				<timestamp>3382.190084</timestamp>
			</report>
			<report>
				<misses>319100000</misses>
				<total>0</total>
				<timestamp>3383.249695</timestamp>
			</report>
			<report>
				<misses>319200000</misses>
				<total>0</total>
				<timestamp>3384.315773</timestamp>
			</report>
			<report>
				<misses>319300000</misses>
				<total>0</total>
				<timestamp>3385.379166</timestamp>
			</report>
			<report>
				<misses>319400000</misses>
				<total>0</total>
				<timestamp>3386.465258</timestamp>
			</report>
			<report>
				<misses>319500000</misses>
				<total>0</total>
				<timestamp>3387.515640</timestamp>
			</report>
			<report>
				<misses>319600000</misses>
				<total>0</total>
				<timestamp>3388.569691</timestamp>
			</report>
			<report>
				<misses>319700000</misses>
				<total>0</total>
				<timestamp>3389.626893</timestamp>
			</report>
			<report>
				<misses>319800000</misses>
				<total>0</total>
				<timestamp>3390.693950</timestamp>
			</report>
			<report>
				<misses>319900000</misses>
				<total>0</total>
				<timestamp>3391.753096</timestamp>
			</report>
			<report>
				<misses>320000000</misses>
				<total>0</total>
				<timestamp>3392.839122</timestamp>
			</report>
			<report>
				<misses>320100000</misses>
				<total>0</total>
				<timestamp>3393.895519</timestamp>
			</report>
			<report>
				<misses>320200000</misses>
				<total>0</total>
				<timestamp>3394.932668</timestamp>
			</report>
			<report>
				<misses>320300000</misses>
				<total>0</total>
				<timestamp>3396.012430</timestamp>
			</report>
			<report>
				<misses>320400000</misses>
				<total>0</total>
				<timestamp>3397.064833</timestamp>
			</report>
			<report>
				<misses>320500000</misses>
				<total>0</total>
				<timestamp>3398.108336</timestamp>
			</report>
			<report>
				<misses>320600000</misses>
				<total>0</total>
				<timestamp>3399.159979</timestamp>
			</report>
			<report>
				<misses>320700000</misses>
				<total>0</total>
				<timestamp>3400.227920</timestamp>
			</report>
			<report>
				<misses>320800000</misses>
				<total>0</total>
				<timestamp>3401.290810</timestamp>
			</report>
			<report>
				<misses>320900000</misses>
				<total>0</total>
				<timestamp>3402.334661</timestamp>
			</report>
			<report>
				<misses>321000000</misses>
				<total>0</total>
				<timestamp>3403.405505</timestamp>
			</report>
			<report>
				<misses>321100000</misses>
				<total>0</total>
				<timestamp>3404.465220</timestamp>
			</report>
			<report>
				<misses>321200000</misses>
				<total>0</total>
				<timestamp>3405.545974</timestamp>
			</report>
			<report>
				<misses>321300000</misses>
				<total>0</total>
				<timestamp>3406.597870</timestamp>
			</report>
			<report>
				<misses>321400000</misses>
				<total>0</total>
				<timestamp>3407.653519</timestamp>
			</report>
			<report>
				<misses>321500000</misses>
				<total>0</total>
				<timestamp>3408.732572</timestamp>
			</report>
			<report>
				<misses>321600000</misses>
				<total>0</total>
				<timestamp>3409.809022</timestamp>
			</report>
			<report>
				<misses>321700000</misses>
				<total>0</total>
				<timestamp>3410.881311</timestamp>
			</report>
			<report>
				<misses>321800000</misses>
				<total>0</total>
				<timestamp>3411.945572</timestamp>
			</report>
			<report>
				<misses>321900000</misses>
				<total>0</total>
				<timestamp>3413.003902</timestamp>
			</report>
			<report>
				<misses>322000000</misses>
				<total>0</total>
				<timestamp>3414.047787</timestamp>
			</report>
			<report>
				<misses>322100000</misses>
				<total>0</total>
				<timestamp>3415.091264</timestamp>
			</report>
			<report>
				<misses>322200000</misses>
				<total>0</total>
				<timestamp>3416.163695</timestamp>
			</report>
			<report>
				<misses>322300000</misses>
				<total>0</total>
				<timestamp>3417.210323</timestamp>
			</report>
			<report>
				<misses>322400000</misses>
				<total>0</total>
				<timestamp>3418.274171</timestamp>
			</report>
			<report>
				<misses>322500000</misses>
				<total>0</total>
				<timestamp>3419.313408</timestamp>
			</report>
			<report>
				<misses>322600000</misses>
				<total>0</total>
				<timestamp>3420.358741</timestamp>
			</report>
			<report>
				<misses>322700000</misses>
				<total>0</total>
				<timestamp>3421.421530</timestamp>
			</report>
			<report>
				<misses>322800000</misses>
				<total>0</total>
				<timestamp>3422.465668</timestamp>
			</report>
			<report>
				<misses>322900000</misses>
				<total>0</total>
				<timestamp>3423.526843</timestamp>
			</report>
			<report>
				<misses>323000000</misses>
				<total>0</total>
				<timestamp>3424.573458</timestamp>
			</report>
			<report>
				<misses>323100000</misses>
				<total>0</total>
				<timestamp>3425.645126</timestamp>
			</report>
			<report>
				<misses>323200000</misses>
				<total>0</total>
				<timestamp>3426.714251</timestamp>
			</report>
			<report>
				<misses>323300000</misses>
				<total>0</total>
				<timestamp>3427.756883</timestamp>
			</report>
			<report>
				<misses>323400000</misses>
				<total>0</total>
				<timestamp>3428.823049</timestamp>
			</report>
			<report>
				<misses>323500000</misses>
				<total>0</total>
				<timestamp>3429.854196</timestamp>
			</report>
			<report>
				<misses>323600000</misses>
				<total>0</total>
				<timestamp>3430.914382</timestamp>
			</report>
			<report>
				<misses>323700000</misses>
				<total>0</total>
				<timestamp>3431.977476</timestamp>
			</report>
			<report>
				<misses>323800000</misses>
				<total>0</total>
				<timestamp>3433.071003</timestamp>
			</report>
			<report>
				<misses>323900000</misses>
				<total>0</total>
				<timestamp>3434.129737</timestamp>
			</report>
			<report>
				<misses>324000000</misses>
				<total>0</total>
				<timestamp>3435.219434</timestamp>
			</report>
			<report>
				<misses>324100000</misses>
				<total>0</total>
				<timestamp>3436.277665</timestamp>
			</report>
			<report>
				<misses>324200000</misses>
				<total>0</total>
				<timestamp>3437.342611</timestamp>
			</report>
			<report>
				<misses>324300000</misses>
				<total>0</total>
				<timestamp>3438.402938</timestamp>
			</report>
			<report>
				<misses>324400000</misses>
				<total>0</total>
				<timestamp>3439.444912</timestamp>
			</report>
			<report>
				<misses>324500000</misses>
				<total>0</total>
				<timestamp>3440.539087</timestamp>
			</report>
			<report>
				<misses>324600000</misses>
				<total>0</total>
				<timestamp>3441.595853</timestamp>
			</report>
			<report>
				<misses>324700000</misses>
				<total>0</total>
				<timestamp>3442.669164</timestamp>
			</report>
			<report>
				<misses>324800000</misses>
				<total>0</total>
				<timestamp>3443.752439</timestamp>
			</report>
			<report>
				<misses>324900000</misses>
				<total>0</total>
				<timestamp>3444.790677</timestamp>
			</report>
			<report>
				<misses>325000000</misses>
				<total>0</total>
				<timestamp>3445.833895</timestamp>
			</report>
			<report>
				<misses>325100000</misses>
				<total>0</total>
				<timestamp>3446.889717</timestamp>
			</report>
			<report>
				<misses>325200000</misses>
				<total>0</total>
				<timestamp>3447.937893</timestamp>
			</report>
			<report>
				<misses>325300000</misses>
				<total>0</total>
				<timestamp>3448.983261</timestamp>
			</report>
			<report>
				<misses>325400000</misses>
				<total>0</total>
				<timestamp>3450.032391</timestamp>
			</report>
			<report>
				<misses>325500000</misses>
				<total>0</total>
				<timestamp>3451.088796</timestamp>
			</report>
			<report>
				<misses>325600000</misses>
				<total>0</total>
				<timestamp>3452.153191</timestamp>
			</report>
			<report>
				<misses>325700000</misses>
				<total>0</total>
				<timestamp>3453.242780</timestamp>
			</report>
			<report>
				<misses>325800000</misses>
				<total>0</total>
				<timestamp>3454.311543</timestamp>
			</report>
			<report>
				<misses>325900000</misses>
				<total>0</total>
				<timestamp>3455.396386</timestamp>
			</report>
			<report>
				<misses>326000000</misses>
				<total>0</total>
				<timestamp>3456.454761</timestamp>
			</report>
			<report>
				<misses>326100000</misses>
				<total>0</total>
				<timestamp>3457.545016</timestamp>
			</report>
			<report>
				<misses>326200000</misses>
				<total>0</total>
				<timestamp>3458.590975</timestamp>
			</report>
			<report>
				<misses>326300000</misses>
				<total>0</total>
				<timestamp>3459.639504</timestamp>
			</report>
			<report>
				<misses>326400000</misses>
				<total>0</total>
				<timestamp>3460.683463</timestamp>
			</report>
			<report>
				<misses>326500000</misses>
				<total>0</total>
				<timestamp>3461.736461</timestamp>
			</report>
			<report>
				<misses>326600000</misses>
				<total>0</total>
				<timestamp>3462.776797</timestamp>
			</report>
			<report>
				<misses>326700000</misses>
				<total>0</total>
				<timestamp>3463.813405</timestamp>
			</report>
			<report>
				<misses>326800000</misses>
				<total>0</total>
				<timestamp>3464.871759</timestamp>
			</report>
			<report>
				<misses>326900000</misses>
				<total>0</total>
				<timestamp>3465.910915</timestamp>
			</report>
			<report>
				<misses>327000000</misses>
				<total>0</total>
				<timestamp>3466.960944</timestamp>
			</report>
			<report>
				<misses>327100000</misses>
				<total>0</total>
				<timestamp>3468.029424</timestamp>
			</report>
			<report>
				<misses>327200000</misses>
				<total>0</total>
				<timestamp>3469.078307</timestamp>
			</report>
			<report>
				<misses>327300000</misses>
				<total>0</total>
				<timestamp>3470.137790</timestamp>
			</report>
			<report>
				<misses>327400000</misses>
				<total>0</total>
				<timestamp>3471.185898</timestamp>
			</report>
			<report>
				<misses>327500000</misses>
				<total>0</total>
				<timestamp>3472.248013</timestamp>
			</report>
			<report>
				<misses>327600000</misses>
				<total>0</total>
				<timestamp>3473.304095</timestamp>
			</report>
			<report>
				<misses>327700000</misses>
				<total>0</total>
				<timestamp>3474.365625</timestamp>
			</report>
			<report>
				<misses>327800000</misses>
				<total>0</total>
				<timestamp>3475.437051</timestamp>
			</report>
			<report>
				<misses>327900000</misses>
				<total>0</total>
				<timestamp>3476.491132</timestamp>
			</report>
			<report>
				<misses>328000000</misses>
				<total>0</total>
				<timestamp>3477.530180</timestamp>
			</report>
			<report>
				<misses>328100000</misses>
				<total>0</total>
				<timestamp>3478.577789</timestamp>
			</report>
			<report>
				<misses>328200000</misses>
				<total>0</total>
				<timestamp>3479.635189</timestamp>
			</report>
			<report>
				<misses>328300000</misses>
				<total>0</total>
				<timestamp>3480.667902</timestamp>
			</report>
			<report>
				<misses>328400000</misses>
				<total>0</total>
				<timestamp>3481.707113</timestamp>
			</report>
			<report>
				<misses>328500000</misses>
				<total>0</total>
				<timestamp>3482.757929</timestamp>
			</report>
			<report>
				<misses>328600000</misses>
				<total>0</total>
				<timestamp>3483.814133</timestamp>
			</report>
			<report>
				<misses>328700000</misses>
				<total>0</total>
				<timestamp>3484.897965</timestamp>
			</report>
			<report>
				<misses>328800000</misses>
				<total>0</total>
				<timestamp>3485.972064</timestamp>
			</report>
			<report>
				<misses>328900000</misses>
				<total>0</total>
				<timestamp>3487.073164</timestamp>
			</report>
			<report>
				<misses>329000000</misses>
				<total>0</total>
				<timestamp>3488.142107</timestamp>
			</report>
			<report>
				<misses>329100000</misses>
				<total>0</total>
				<timestamp>3489.216028</timestamp>
			</report>
			<report>
				<misses>329200000</misses>
				<total>0</total>
				<timestamp>3490.295773</timestamp>
			</report>
			<report>
				<misses>329300000</misses>
				<total>0</total>
				<timestamp>3491.352293</timestamp>
			</report>
			<report>
				<misses>329400000</misses>
				<total>0</total>
				<timestamp>3492.406281</timestamp>
			</report>
			<report>
				<misses>329500000</misses>
				<total>0</total>
				<timestamp>3493.456426</timestamp>
			</report>
			<report>
				<misses>329600000</misses>
				<total>0</total>
				<timestamp>3494.508151</timestamp>
			</report>
			<report>
				<misses>329700000</misses>
				<total>0</total>
				<timestamp>3495.566912</timestamp>
			</report>
			<report>
				<misses>329800000</misses>
				<total>0</total>
				<timestamp>3496.616137</timestamp>
			</report>
			<report>
				<misses>329900000</misses>
				<total>0</total>
				<timestamp>3497.671425</timestamp>
			</report>
			<report>
				<misses>330000000</misses>
				<total>0</total>
				<timestamp>3498.715744</timestamp>
			</report>
			<report>
				<misses>330100000</misses>
				<total>0</total>
				<timestamp>3499.799319</timestamp>
			</report>
			<report>
				<misses>330200000</misses>
				<total>0</total>
				<timestamp>3500.880534</timestamp>
			</report>
			<report>
				<misses>330300000</misses>
				<total>0</total>
				<timestamp>3501.944357</timestamp>
			</report>
			<report>
				<misses>330400000</misses>
				<total>0</total>
				<timestamp>3503.012025</timestamp>
			</report>
			<report>
				<misses>330500000</misses>
				<total>0</total>
				<timestamp>3504.083532</timestamp>
			</report>
			<report>
				<misses>330600000</misses>
				<total>0</total>
				<timestamp>3505.131874</timestamp>
			</report>
			<report>
				<misses>330700000</misses>
				<total>0</total>
				<timestamp>3506.198546</timestamp>
			</report>
			<report>
				<misses>330800000</misses>
				<total>0</total>
				<timestamp>3507.239503</timestamp>
			</report>
			<report>
				<misses>330900000</misses>
				<total>0</total>
				<timestamp>3508.312618</timestamp>
			</report>
			<report>
				<misses>331000000</misses>
				<total>0</total>
				<timestamp>3509.395283</timestamp>
			</report>
			<report>
				<misses>331100000</misses>
				<total>0</total>
				<timestamp>3510.452374</timestamp>
			</report>
			<report>
				<misses>331200000</misses>
				<total>0</total>
				<timestamp>3511.497415</timestamp>
			</report>
			<report>
				<misses>331300000</misses>
				<total>0</total>
				<timestamp>3512.549168</timestamp>
			</report>
			<report>
				<misses>331400000</misses>
				<total>0</total>
				<timestamp>3513.591111</timestamp>
			</report>
			<report>
				<misses>331500000</misses>
				<total>0</total>
				<timestamp>3514.640889</timestamp>
			</report>
			<report>
				<misses>331600000</misses>
				<total>0</total>
				<timestamp>3515.676171</timestamp>
			</report>
			<report>
				<misses>331700000</misses>
				<total>0</total>
				<timestamp>3516.744460</timestamp>
			</report>
			<report>
				<misses>331800000</misses>
				<total>0</total>
				<timestamp>3517.808625</timestamp>
			</report>
			<report>
				<misses>331900000</misses>
				<total>0</total>
				<timestamp>3518.873826</timestamp>
			</report>
			<report>
				<misses>332000000</misses>
				<total>0</total>
				<timestamp>3519.933423</timestamp>
			</report>
			<report>
				<misses>332100000</misses>
				<total>0</total>
				<timestamp>3521.006049</timestamp>
			</report>
			<report>
				<misses>332200000</misses>
				<total>0</total>
				<timestamp>3522.068699</timestamp>
			</report>
			<report>
				<misses>332300000</misses>
				<total>0</total>
				<timestamp>3523.143858</timestamp>
			</report>
			<report>
				<misses>332400000</misses>
				<total>0</total>
				<timestamp>3524.212547</timestamp>
			</report>
			<report>
				<misses>332500000</misses>
				<total>0</total>
				<timestamp>3525.274448</timestamp>
			</report>
			<report>
				<misses>332600000</misses>
				<total>0</total>
				<timestamp>3526.331980</timestamp>
			</report>
			<report>
				<misses>332700000</misses>
				<total>0</total>
				<timestamp>3527.412070</timestamp>
			</report>
			<report>
				<misses>332800000</misses>
				<total>0</total>
				<timestamp>3528.481082</timestamp>
			</report>
			<report>
				<misses>332900000</misses>
				<total>0</total>
				<timestamp>3529.564573</timestamp>
			</report>
			<report>
				<misses>333000000</misses>
				<total>0</total>
				<timestamp>3530.623576</timestamp>
			</report>
			<report>
				<misses>333100000</misses>
				<total>0</total>
				<timestamp>3531.690190</timestamp>
			</report>
			<report>
				<misses>333200000</misses>
				<total>0</total>
				<timestamp>3532.728949</timestamp>
			</report>
			<report>
				<misses>333300000</misses>
				<total>0</total>
				<timestamp>3533.777739</timestamp>
			</report>
			<report>
				<misses>333400000</misses>
				<total>0</total>
				<timestamp>3534.816715</timestamp>
			</report>
			<report>
				<misses>333500000</misses>
				<total>0</total>
				<timestamp>3535.866908</timestamp>
			</report>
			<report>
				<misses>333600000</misses>
				<total>0</total>
				<timestamp>3536.912728</timestamp>
			</report>
			<report>
				<misses>333700000</misses>
				<total>0</total>
				<timestamp>3537.952592</timestamp>
			</report>
			<report>
				<misses>333800000</misses>
				<total>0</total>
				<timestamp>3539.016176</timestamp>
			</report>
			<report>
				<misses>333900000</misses>
				<total>0</total>
				<timestamp>3540.061961</timestamp>
			</report>
			<report>
				<misses>334000000</misses>
				<total>0</total>
				<timestamp>3541.150011</timestamp>
			</report>
			<report>
				<misses>334100000</misses>
				<total>0</total>
				<timestamp>3542.192556</timestamp>
			</report>
			<report>
				<misses>334200000</misses>
				<total>0</total>
				<timestamp>3543.278072</timestamp>
			</report>
			<report>
				<misses>334300000</misses>
				<total>0</total>
				<timestamp>3544.336124</timestamp>
			</report>
			<report>
				<misses>334400000</misses>
				<total>0</total>
				<timestamp>3545.409471</timestamp>
			</report>
			<report>
				<misses>334500000</misses>
				<total>0</total>
				<timestamp>3546.465883</timestamp>
			</report>
			<report>
				<misses>334600000</misses>
				<total>0</total>
				<timestamp>3547.535132</timestamp>
			</report>
			<report>
				<misses>334700000</misses>
				<total>0</total>
				<timestamp>3548.587854</timestamp>
			</report>
			<report>
				<misses>334800000</misses>
				<total>0</total>
				<timestamp>3549.643681</timestamp>
			</report>
			<report>
				<misses>334900000</misses>
				<total>0</total>
				<timestamp>3550.691315</timestamp>
			</report>
			<report>
				<misses>335000000</misses>
				<total>0</total>
				<timestamp>3551.758982</timestamp>
			</report>
			<report>
				<misses>335100000</misses>
				<total>0</total>
				<timestamp>3552.828625</timestamp>
			</report>
			<report>
				<misses>335200000</misses>
				<total>0</total>
				<timestamp>3553.881280</timestamp>
			</report>
			<report>
				<misses>335300000</misses>
				<total>0</total>
				<timestamp>3554.915479</timestamp>
			</report>
			<report>
				<misses>335400000</misses>
				<total>0</total>
				<timestamp>3555.959466</timestamp>
			</report>
			<report>
				<misses>335500000</misses>
				<total>0</total>
				<timestamp>3556.998043</timestamp>
			</report>
			<report>
				<misses>335600000</misses>
				<total>0</total>
				<timestamp>3558.047031</timestamp>
			</report>
			<report>
				<misses>335700000</misses>
				<total>0</total>
				<timestamp>3559.098734</timestamp>
			</report>
			<report>
				<misses>335800000</misses>
				<total>0</total>
				<timestamp>3560.166101</timestamp>
			</report>
			<report>
				<misses>335900000</misses>
				<total>0</total>
				<timestamp>3561.258892</timestamp>
			</report>
			<report>
				<misses>336000000</misses>
				<total>0</total>
				<timestamp>3562.301555</timestamp>
			</report>
			<report>
				<misses>336100000</misses>
				<total>0</total>
				<timestamp>3563.362049</timestamp>
			</report>
			<report>
				<misses>336200000</misses>
				<total>0</total>
				<timestamp>3564.444505</timestamp>
			</report>
			<report>
				<misses>336300000</misses>
				<total>0</total>
				<timestamp>3565.497990</timestamp>
			</report>
			<report>
				<misses>336400000</misses>
				<total>0</total>
				<timestamp>3566.555192</timestamp>
			</report>
			<report>
				<misses>336500000</misses>
				<total>0</total>
				<timestamp>3567.615175</timestamp>
			</report>
			<report>
				<misses>336600000</misses>
				<total>0</total>
				<timestamp>3568.679674</timestamp>
			</report>
			<report>
				<misses>336700000</misses>
				<total>0</total>
				<timestamp>3569.730231</timestamp>
			</report>
			<report>
				<misses>336800000</misses>
				<total>0</total>
				<timestamp>3570.821176</timestamp>
			</report>
			<report>
				<misses>336900000</misses>
				<total>0</total>
				<timestamp>3571.871449</timestamp>
			</report>
			<report>
				<misses>337000000</misses>
				<total>0</total>
				<timestamp>3572.931845</timestamp>
			</report>
			<report>
				<misses>337100000</misses>
				<total>0</total>
				<timestamp>3574.019801</timestamp>
			</report>
			<report>
				<misses>337200000</misses>
				<total>0</total>
				<timestamp>3575.077516</timestamp>
			</report>
			<report>
				<misses>337300000</misses>
				<total>0</total>
				<timestamp>3576.150757</timestamp>
			</report>
			<report>
				<misses>337400000</misses>
				<total>0</total>
				<timestamp>3577.204409</timestamp>
			</report>
			<report>
				<misses>337500000</misses>
				<total>0</total>
				<timestamp>3578.251350</timestamp>
			</report>
			<report>
				<misses>337600000</misses>
				<total>0</total>
				<timestamp>3579.291027</timestamp>
			</report>
			<report>
				<misses>337700000</misses>
				<total>0</total>
				<timestamp>3580.342937</timestamp>
			</report>
			<report>
				<misses>337800000</misses>
				<total>0</total>
				<timestamp>3581.380407</timestamp>
			</report>
			<report>
				<misses>337900000</misses>
				<total>0</total>
				<timestamp>3582.439559</timestamp>
			</report>
			<report>
				<misses>338000000</misses>
				<total>0</total>
				<timestamp>3583.489175</timestamp>
			</report>
			<report>
				<misses>338100000</misses>
				<total>0</total>
				<timestamp>3584.541097</timestamp>
			</report>
			<report>
				<misses>338200000</misses>
				<total>0</total>
				<timestamp>3585.610129</timestamp>
			</report>
			<report>
				<misses>338300000</misses>
				<total>0</total>
				<timestamp>3586.672884</timestamp>
			</report>
			<report>
				<misses>338400000</misses>
				<total>0</total>
				<timestamp>3587.714861</timestamp>
			</report>
			<report>
				<misses>338500000</misses>
				<total>0</total>
				<timestamp>3588.781747</timestamp>
			</report>
			<report>
				<misses>338600000</misses>
				<total>0</total>
				<timestamp>3589.826788</timestamp>
			</report>
			<report>
				<misses>338700000</misses>
				<total>0</total>
				<timestamp>3590.869881</timestamp>
			</report>
			<report>
				<misses>338800000</misses>
				<total>0</total>
				<timestamp>3591.945417</timestamp>
			</report>
			<report>
				<misses>338900000</misses>
				<total>0</total>
				<timestamp>3593.012395</timestamp>
			</report>
			<report>
				<misses>339000000</misses>
				<total>0</total>
				<timestamp>3594.073214</timestamp>
			</report>
			<report>
				<misses>339100000</misses>
				<total>0</total>
				<timestamp>3595.115834</timestamp>
			</report>
			<report>
				<misses>339200000</misses>
				<total>0</total>
				<timestamp>3596.179259</timestamp>
			</report>
			<report>
				<misses>339300000</misses>
				<total>0</total>
				<timestamp>3597.223940</timestamp>
			</report>
			<report>
				<misses>339400000</misses>
				<total>0</total>
				<timestamp>3598.276705</timestamp>
			</report>
			<report>
				<misses>339500000</misses>
				<total>0</total>
				<timestamp>3599.323328</timestamp>
			</report>
			<report>
				<misses>339600000</misses>
				<total>0</total>
				<timestamp>3600.413598</timestamp>
			</report>
			<report>
				<misses>339700000</misses>
				<total>0</total>
				<timestamp>3601.479346</timestamp>
			</report>
			<report>
				<misses>339800000</misses>
				<total>0</total>
				<timestamp>3602.555770</timestamp>
			</report>
			<report>
				<misses>339900000</misses>
				<total>0</total>
				<timestamp>3603.612876</timestamp>
			</report>
			<report>
				<misses>340000000</misses>
				<total>0</total>
				<timestamp>3604.687108</timestamp>
			</report>
			<report>
				<misses>340100000</misses>
				<total>0</total>
				<timestamp>3605.740478</timestamp>
			</report>
			<report>
				<misses>340200000</misses>
				<total>0</total>
				<timestamp>3606.805759</timestamp>
			</report>
			<report>
				<misses>340300000</misses>
				<total>0</total>
				<timestamp>3607.885827</timestamp>
			</report>
			<report>
				<misses>340400000</misses>
				<total>0</total>
				<timestamp>3608.961550</timestamp>
			</report>
			<report>
				<misses>340500000</misses>
				<total>0</total>
				<timestamp>3610.070797</timestamp>
			</report>
			<report>
				<misses>340600000</misses>
				<total>0</total>
				<timestamp>3611.143201</timestamp>
			</report>
			<report>
				<misses>340700000</misses>
				<total>0</total>
				<timestamp>3612.226652</timestamp>
			</report>
			<report>
				<misses>340800000</misses>
				<total>0</total>
				<timestamp>3613.281903</timestamp>
			</report>
			<report>
				<misses>340900000</misses>
				<total>0</total>
				<timestamp>3614.354719</timestamp>
			</report>
			<report>
				<misses>341000000</misses>
				<total>0</total>
				<timestamp>3615.426275</timestamp>
			</report>
			<report>
				<misses>341100000</misses>
				<total>0</total>
				<timestamp>3616.499429</timestamp>
			</report>
			<report>
				<misses>341200000</misses>
				<total>0</total>
				<timestamp>3617.585216</timestamp>
			</report>
			<report>
				<misses>341300000</misses>
				<total>0</total>
				<timestamp>3618.626111</timestamp>
			</report>
			<report>
				<misses>341400000</misses>
				<total>0</total>
				<timestamp>3619.683301</timestamp>
			</report>
			<report>
				<misses>341500000</misses>
				<total>0</total>
				<timestamp>3620.728232</timestamp>
			</report>
			<report>
				<misses>341600000</misses>
				<total>0</total>
				<timestamp>3621.799084</timestamp>
			</report>
			<report>
				<misses>341700000</misses>
				<total>0</total>
				<timestamp>3622.878686</timestamp>
			</report>
			<report>
				<misses>341800000</misses>
				<total>0</total>
				<timestamp>3623.938454</timestamp>
			</report>
			<report>
				<misses>341900000</misses>
				<total>0</total>
				<timestamp>3625.006275</timestamp>
			</report>
			<report>
				<misses>342000000</misses>
				<total>0</total>
				<timestamp>3626.066625</timestamp>
			</report>
			<report>
				<misses>342100000</misses>
				<total>0</total>
				<timestamp>3627.119320</timestamp>
			</report>
			<report>
				<misses>342200000</misses>
				<total>0</total>
				<timestamp>3628.171393</timestamp>
			</report>
			<report>
				<misses>342300000</misses>
				<total>0</total>
				<timestamp>3629.207162</timestamp>
			</report>
			<report>
				<misses>342400000</misses>
				<total>0</total>
				<timestamp>3630.262132</timestamp>
			</report>
			<report>
				<misses>342500000</misses>
				<total>0</total>
				<timestamp>3631.313428</timestamp>
			</report>
			<report>
				<misses>342600000</misses>
				<total>0</total>
				<timestamp>3632.368421</timestamp>
			</report>
			<report>
				<misses>342700000</misses>
				<total>0</total>
				<timestamp>3633.413821</timestamp>
			</report>
			<report>
				<misses>342800000</misses>
				<total>0</total>
				<timestamp>3634.500195</timestamp>
			</report>
			<report>
				<misses>342900000</misses>
				<total>0</total>
				<timestamp>3635.571103</timestamp>
			</report>
			<report>
				<misses>343000000</misses>
				<total>0</total>
				<timestamp>3636.642761</timestamp>
			</report>
			<report>
				<misses>343100000</misses>
				<total>0</total>
				<timestamp>3637.715216</timestamp>
			</report>
			<report>
				<misses>343200000</misses>
				<total>0</total>
				<timestamp>3638.770499</timestamp>
			</report>
			<report>
				<misses>343300000</misses>
				<total>0</total>
				<timestamp>3639.850655</timestamp>
			</report>
			<report>
				<misses>343400000</misses>
				<total>0</total>
				<timestamp>3640.914591</timestamp>
			</report>
			<report>
				<misses>343500000</misses>
				<total>0</total>
				<timestamp>3641.963583</timestamp>
			</report>
			<report>
				<misses>343600000</misses>
				<total>0</total>
				<timestamp>3643.013549</timestamp>
			</report>
			<report>
				<misses>343700000</misses>
				<total>0</total>
				<timestamp>3644.077789</timestamp>
			</report>
			<report>
				<misses>343800000</misses>
				<total>0</total>
				<timestamp>3645.119324</timestamp>
			</report>
			<report>
				<misses>343900000</misses>
				<total>0</total>
				<timestamp>3646.164871</timestamp>
			</report>
			<report>
				<misses>344000000</misses>
				<total>0</total>
				<timestamp>3647.223085</timestamp>
			</report>
			<report>
				<misses>344100000</misses>
				<total>0</total>
				<timestamp>3648.274025</timestamp>
			</report>
			<report>
				<misses>344200000</misses>
				<total>0</total>
				<timestamp>3649.313758</timestamp>
			</report>
			<report>
				<misses>344300000</misses>
				<total>0</total>
				<timestamp>3650.377583</timestamp>
			</report>
			<report>
				<misses>344400000</misses>
				<total>0</total>
				<timestamp>3651.452613</timestamp>
			</report>
			<report>
				<misses>344500000</misses>
				<total>0</total>
				<timestamp>3652.526377</timestamp>
			</report>
			<report>
				<misses>344600000</misses>
				<total>0</total>
				<timestamp>3653.582023</timestamp>
			</report>
			<report>
				<misses>344700000</misses>
				<total>0</total>
				<timestamp>3654.692806</timestamp>
			</report>
			<report>
				<misses>344800000</misses>
				<total>0</total>
				<timestamp>3655.748302</timestamp>
			</report>
			<report>
				<misses>344900000</misses>
				<total>0</total>
				<timestamp>3656.785658</timestamp>
			</report>
			<report>
				<misses>345000000</misses>
				<total>0</total>
				<timestamp>3657.840775</timestamp>
			</report>
			<report>
				<misses>345100000</misses>
				<total>0</total>
				<timestamp>3658.894228</timestamp>
			</report>
			<report>
				<misses>345200000</misses>
				<total>0</total>
				<timestamp>3659.938668</timestamp>
			</report>
			<report>
				<misses>345300000</misses>
				<total>0</total>
				<timestamp>3660.983262</timestamp>
			</report>
			<report>
				<misses>345400000</misses>
				<total>0</total>
				<timestamp>3662.028428</timestamp>
			</report>
			<report>
				<misses>345500000</misses>
				<total>0</total>
				<timestamp>3663.072066</timestamp>
			</report>
			<report>
				<misses>345600000</misses>
				<total>0</total>
				<timestamp>3664.128238</timestamp>
			</report>
			<report>
				<misses>345700000</misses>
				<total>0</total>
				<timestamp>3665.206018</timestamp>
			</report>
			<report>
				<misses>345800000</misses>
				<total>0</total>
				<timestamp>3666.272337</timestamp>
			</report>
			<report>
				<misses>345900000</misses>
				<total>0</total>
				<timestamp>3667.322216</timestamp>
			</report>
			<report>
				<misses>346000000</misses>
				<total>0</total>
				<timestamp>3668.379390</timestamp>
			</report>
			<report>
				<misses>346100000</misses>
				<total>0</total>
				<timestamp>3669.431242</timestamp>
			</report>
			<report>
				<misses>346200000</misses>
				<total>0</total>
				<timestamp>3670.475830</timestamp>
			</report>
			<report>
				<misses>346300000</misses>
				<total>0</total>
				<timestamp>3671.553709</timestamp>
			</report>
			<report>
				<misses>346400000</misses>
				<total>0</total>
				<timestamp>3672.610264</timestamp>
			</report>
			<report>
				<misses>346500000</misses>
				<total>0</total>
				<timestamp>3673.687821</timestamp>
			</report>
			<report>
				<misses>346600000</misses>
				<total>0</total>
				<timestamp>3674.761320</timestamp>
			</report>
			<report>
				<misses>346700000</misses>
				<total>0</total>
				<timestamp>3675.828482</timestamp>
			</report>
			<report>
				<misses>346800000</misses>
				<total>0</total>
				<timestamp>3676.901996</timestamp>
			</report>
			<report>
				<misses>346900000</misses>
				<total>0</total>
				<timestamp>3677.959218</timestamp>
			</report>
			<report>
				<misses>347000000</misses>
				<total>0</total>
				<timestamp>3679.015250</timestamp>
			</report>
			<report>
				<misses>347100000</misses>
				<total>0</total>
				<timestamp>3680.072459</timestamp>
			</report>
			<report>
				<misses>347200000</misses>
				<total>0</total>
				<timestamp>3681.126579</timestamp>
			</report>
			<report>
				<misses>347300000</misses>
				<total>0</total>
				<timestamp>3682.186216</timestamp>
			</report>
			<report>
				<misses>347400000</misses>
				<total>0</total>
				<timestamp>3683.283487</timestamp>
			</report>
			<report>
				<misses>347500000</misses>
				<total>0</total>
				<timestamp>3684.353255</timestamp>
			</report>
			<report>
				<misses>347600000</misses>
				<total>0</total>
				<timestamp>3685.409526</timestamp>
			</report>
			<report>
				<misses>347700000</misses>
				<total>0</total>
				<timestamp>3686.465394</timestamp>
			</report>
			<report>
				<misses>347800000</misses>
				<total>0</total>
				<timestamp>3687.519593</timestamp>
			</report>
			<report>
				<misses>347900000</misses>
				<total>0</total>
				<timestamp>3688.568337</timestamp>
			</report>
			<report>
				<misses>348000000</misses>
				<total>0</total>
				<timestamp>3689.621015</timestamp>
			</report>
			<report>
				<misses>348100000</misses>
				<total>0</total>
				<timestamp>3690.664650</timestamp>
			</report>
			<report>
				<misses>348200000</misses>
				<total>0</total>
				<timestamp>3691.723690</timestamp>
			</report>
			<report>
				<misses>348300000</misses>
				<total>0</total>
				<timestamp>3692.802728</timestamp>
			</report>
			<report>
				<misses>348400000</misses>
				<total>0</total>
				<timestamp>3693.877661</timestamp>
			</report>
			<report>
				<misses>348500000</misses>
				<total>0</total>
				<timestamp>3694.955116</timestamp>
			</report>
			<report>
				<misses>348600000</misses>
				<total>0</total>
				<timestamp>3696.032211</timestamp>
			</report>
			<report>
				<misses>348700000</misses>
				<total>0</total>
				<timestamp>3697.092727</timestamp>
			</report>
			<report>
				<misses>348800000</misses>
				<total>0</total>
				<timestamp>3698.157803</timestamp>
			</report>
			<report>
				<misses>348900000</misses>
				<total>0</total>
				<timestamp>3699.227161</timestamp>
			</report>
			<report>
				<misses>349000000</misses>
				<total>0</total>
				<timestamp>3700.289840</timestamp>
			</report>
			<report>
				<misses>349100000</misses>
				<total>0</total>
				<timestamp>3701.359532</timestamp>
			</report>
			<report>
				<misses>349200000</misses>
				<total>0</total>
				<timestamp>3702.416953</timestamp>
			</report>
			<report>
				<misses>349300000</misses>
				<total>0</total>
				<timestamp>3703.454165</timestamp>
			</report>
			<report>
				<misses>349400000</misses>
				<total>0</total>
				<timestamp>3704.486233</timestamp>
			</report>
			<report>
				<misses>349500000</misses>
				<total>0</total>
				<timestamp>3705.518670</timestamp>
			</report>
			<report>
				<misses>349600000</misses>
				<total>0</total>
				<timestamp>3706.583806</timestamp>
			</report>
			<report>
				<misses>349700000</misses>
				<total>0</total>
				<timestamp>3707.633514</timestamp>
			</report>
			<report>
				<misses>349800000</misses>
				<total>0</total>
				<timestamp>3708.705900</timestamp>
			</report>
			<report>
				<misses>349900000</misses>
				<total>0</total>
				<timestamp>3709.763945</timestamp>
			</report>
			<report>
				<misses>350000000</misses>
				<total>0</total>
				<timestamp>3710.820898</timestamp>
			</report>
			<report>
				<misses>350100000</misses>
				<total>0</total>
				<timestamp>3711.867318</timestamp>
			</report>
			<report>
				<misses>350200000</misses>
				<total>0</total>
				<timestamp>3712.932789</timestamp>
			</report>
			<report>
				<misses>350300000</misses>
				<total>0</total>
				<timestamp>3713.983706</timestamp>
			</report>
			<report>
				<misses>350400000</misses>
				<total>0</total>
				<timestamp>3715.043293</timestamp>
			</report>
			<report>
				<misses>350500000</misses>
				<total>0</total>
				<timestamp>3716.088613</timestamp>
			</report>
			<report>
				<misses>350600000</misses>
				<total>0</total>
				<timestamp>3717.118858</timestamp>
			</report>
			<report>
				<misses>350700000</misses>
				<total>0</total>
				<timestamp>3718.187676</timestamp>
			</report>
			<report>
				<misses>350800000</misses>
				<total>0</total>
				<timestamp>3719.217650</timestamp>
			</report>
			<report>
				<misses>350900000</misses>
				<total>0</total>
				<timestamp>3720.265543</timestamp>
			</report>
			<report>
				<misses>351000000</misses>
				<total>0</total>
				<timestamp>3721.315050</timestamp>
			</report>
			<report>
				<misses>351100000</misses>
				<total>0</total>
				<timestamp>3722.388951</timestamp>
			</report>
			<report>
				<misses>351200000</misses>
				<total>0</total>
				<timestamp>3723.438191</timestamp>
			</report>
			<report>
				<misses>351300000</misses>
				<total>0</total>
				<timestamp>3724.479899</timestamp>
			</report>
			<report>
				<misses>351400000</misses>
				<total>0</total>
				<timestamp>3725.580216</timestamp>
			</report>
			<report>
				<misses>351500000</misses>
				<total>0</total>
				<timestamp>3726.650013</timestamp>
			</report>
			<report>
				<misses>351600000</misses>
				<total>0</total>
				<timestamp>3727.713162</timestamp>
			</report>
			<report>
				<misses>351700000</misses>
				<total>0</total>
				<timestamp>3728.760527</timestamp>
			</report>
			<report>
				<misses>351800000</misses>
				<total>0</total>
				<timestamp>3729.844962</timestamp>
			</report>
			<report>
				<misses>351900000</misses>
				<total>0</total>
				<timestamp>3730.914058</timestamp>
			</report>
			<report>
				<misses>352000000</misses>
				<total>0</total>
				<timestamp>3731.968549</timestamp>
			</report>
			<report>
				<misses>352100000</misses>
				<total>0</total>
				<timestamp>3733.038284</timestamp>
			</report>
			<report>
				<misses>352200000</misses>
				<total>0</total>
				<timestamp>3734.092743</timestamp>
			</report>
			<report>
				<misses>352300000</misses>
				<total>0</total>
				<timestamp>3735.186460</timestamp>
			</report>
			<report>
				<misses>352400000</misses>
				<total>0</total>
				<timestamp>3736.242044</timestamp>
			</report>
			<report>
				<misses>352500000</misses>
				<total>0</total>
				<timestamp>3737.344108</timestamp>
			</report>
			<report>
				<misses>352600000</misses>
				<total>0</total>
				<timestamp>3738.431273</timestamp>
			</report>
			<report>
				<misses>352700000</misses>
				<total>0</total>
				<timestamp>3739.487546</timestamp>
			</report>
			<report>
				<misses>352800000</misses>
				<total>0</total>
				<timestamp>3740.558087</timestamp>
			</report>
			<report>
				<misses>352900000</misses>
				<total>0</total>
				<timestamp>3741.593487</timestamp>
			</report>
			<report>
				<misses>353000000</misses>
				<total>0</total>
				<timestamp>3742.634632</timestamp>
			</report>
			<report>
				<misses>353100000</misses>
				<total>0</total>
				<timestamp>3743.675559</timestamp>
			</report>
			<report>
				<misses>353200000</misses>
				<total>0</total>
				<timestamp>3744.738294</timestamp>
			</report>
			<report>
				<misses>353300000</misses>
				<total>0</total>
				<timestamp>3745.779442</timestamp>
			</report>
			<report>
				<misses>353400000</misses>
				<total>0</total>
				<timestamp>3746.857466</timestamp>
			</report>
			<report>
				<misses>353500000</misses>
				<total>0</total>
				<timestamp>3747.931293</timestamp>
			</report>
			<report>
				<misses>353600000</misses>
				<total>0</total>
				<timestamp>3748.988615</timestamp>
			</report>
			<report>
				<misses>353700000</misses>
				<total>0</total>
				<timestamp>3750.075805</timestamp>
			</report>
			<report>
				<misses>353800000</misses>
				<total>0</total>
				<timestamp>3751.159856</timestamp>
			</report>
			<report>
				<misses>353900000</misses>
				<total>0</total>
				<timestamp>3752.208668</timestamp>
			</report>
			<report>
				<misses>354000000</misses>
				<total>0</total>
				<timestamp>3753.272027</timestamp>
			</report>
			<report>
				<misses>354100000</misses>
				<total>0</total>
				<timestamp>3754.316243</timestamp>
			</report>
			<report>
				<misses>354200000</misses>
				<total>0</total>
				<timestamp>3755.358896</timestamp>
			</report>
			<report>
				<misses>354300000</misses>
				<total>0</total>
				<timestamp>3756.403201</timestamp>
			</report>
			<report>
				<misses>354400000</misses>
				<total>0</total>
				<timestamp>3757.451060</timestamp>
			</report>
			<report>
				<misses>354500000</misses>
				<total>0</total>
				<timestamp>3758.493819</timestamp>
			</report>
			<report>
				<misses>354600000</misses>
				<total>0</total>
				<timestamp>3759.535114</timestamp>
			</report>
			<report>
				<misses>354700000</misses>
				<total>0</total>
				<timestamp>3760.598825</timestamp>
			</report>
			<report>
				<misses>354800000</misses>
				<total>0</total>
				<timestamp>3761.683693</timestamp>
			</report>
			<report>
				<misses>354900000</misses>
				<total>0</total>
				<timestamp>3762.758876</timestamp>
			</report>
			<report>
				<misses>355000000</misses>
				<total>0</total>
				<timestamp>3763.811303</timestamp>
			</report>
			<report>
				<misses>355100000</misses>
				<total>0</total>
				<timestamp>3764.854720</timestamp>
			</report>
			<report>
				<misses>355200000</misses>
				<total>0</total>
				<timestamp>3765.926360</timestamp>
			</report>
			<report>
				<misses>355300000</misses>
				<total>0</total>
				<timestamp>3766.974709</timestamp>
			</report>
			<report>
				<misses>355400000</misses>
				<total>0</total>
				<timestamp>3768.057648</timestamp>
			</report>
			<report>
				<misses>355500000</misses>
				<total>0</total>
				<timestamp>3769.131118</timestamp>
			</report>
			<report>
				<misses>355600000</misses>
				<total>0</total>
				<timestamp>3770.208678</timestamp>
			</report>
			<report>
				<misses>355700000</misses>
				<total>0</total>
				<timestamp>3771.285922</timestamp>
			</report>
			<report>
				<misses>355800000</misses>
				<total>0</total>
				<timestamp>3772.354271</timestamp>
			</report>
			<report>
				<misses>355900000</misses>
				<total>0</total>
				<timestamp>3773.420465</timestamp>
			</report>
			<report>
				<misses>356000000</misses>
				<total>0</total>
				<timestamp>3774.496253</timestamp>
			</report>
			<report>
				<misses>356100000</misses>
				<total>0</total>
				<timestamp>3775.560120</timestamp>
			</report>
			<report>
				<misses>356200000</misses>
				<total>0</total>
				<timestamp>3776.610503</timestamp>
			</report>
			<report>
				<misses>356300000</misses>
				<total>0</total>
				<timestamp>3777.663577</timestamp>
			</report>
			<report>
				<misses>356400000</misses>
				<total>0</total>
				<timestamp>3778.722510</timestamp>
			</report>
			<report>
				<misses>356500000</misses>
				<total>0</total>
				<timestamp>3779.787931</timestamp>
			</report>
			<report>
				<misses>356600000</misses>
				<total>0</total>
				<timestamp>3780.838996</timestamp>
			</report>
			<report>
				<misses>356700000</misses>
				<total>0</total>
				<timestamp>3781.876735</timestamp>
			</report>
			<report>
				<misses>356800000</misses>
				<total>0</total>
				<timestamp>3782.922243</timestamp>
			</report>
			<report>
				<misses>356900000</misses>
				<total>0</total>
				<timestamp>3783.984921</timestamp>
			</report>
			<report>
				<misses>357000000</misses>
				<total>0</total>
				<timestamp>3785.070261</timestamp>
			</report>
			<report>
				<misses>357100000</misses>
				<total>0</total>
				<timestamp>3786.149043</timestamp>
			</report>
			<report>
				<misses>357200000</misses>
				<total>0</total>
				<timestamp>3787.234318</timestamp>
			</report>
			<report>
				<misses>357300000</misses>
				<total>0</total>
				<timestamp>3788.307701</timestamp>
			</report>
			<report>
				<misses>357400000</misses>
				<total>0</total>
				<timestamp>3789.372318</timestamp>
			</report>
			<report>
				<misses>357500000</misses>
				<total>0</total>
				<timestamp>3790.441899</timestamp>
			</report>
			<report>
				<misses>357600000</misses>
				<total>0</total>
				<timestamp>3791.501033</timestamp>
			</report>
			<report>
				<misses>357700000</misses>
				<total>0</total>
				<timestamp>3792.577502</timestamp>
			</report>
			<report>
				<misses>357800000</misses>
				<total>0</total>
				<timestamp>3793.645386</timestamp>
			</report>
			<report>
				<misses>357900000</misses>
				<total>0</total>
				<timestamp>3794.727085</timestamp>
			</report>
			<report>
				<misses>358000000</misses>
				<total>0</total>
				<timestamp>3795.782585</timestamp>
			</report>
			<report>
				<misses>358100000</misses>
				<total>0</total>
				<timestamp>3796.849185</timestamp>
			</report>
			<report>
				<misses>358200000</misses>
				<total>0</total>
				<timestamp>3797.895589</timestamp>
			</report>
			<report>
				<misses>358300000</misses>
				<total>0</total>
				<timestamp>3798.937100</timestamp>
			</report>
			<report>
				<misses>358400000</misses>
				<total>0</total>
				<timestamp>3799.980275</timestamp>
			</report>
			<report>
				<misses>358500000</misses>
				<total>0</total>
				<timestamp>3801.018137</timestamp>
			</report>
			<report>
				<misses>358600000</misses>
				<total>0</total>
				<timestamp>3802.062223</timestamp>
			</report>
			<report>
				<misses>358700000</misses>
				<total>0</total>
				<timestamp>3803.114101</timestamp>
			</report>
			<report>
				<misses>358800000</misses>
				<total>0</total>
				<timestamp>3804.147993</timestamp>
			</report>
			<report>
				<misses>358900000</misses>
				<total>0</total>
				<timestamp>3805.191882</timestamp>
			</report>
			<report>
				<misses>359000000</misses>
				<total>0</total>
				<timestamp>3806.270310</timestamp>
			</report>
			<report>
				<misses>359100000</misses>
				<total>0</total>
				<timestamp>3807.328059</timestamp>
			</report>
			<report>
				<misses>359200000</misses>
				<total>0</total>
				<timestamp>3808.393911</timestamp>
			</report>
			<report>
				<misses>359300000</misses>
				<total>0</total>
				<timestamp>3809.463466</timestamp>
			</report>
			<report>
				<misses>359400000</misses>
				<total>0</total>
				<timestamp>3810.540221</timestamp>
			</report>
			<report>
				<misses>359500000</misses>
				<total>0</total>
				<timestamp>3811.594802</timestamp>
			</report>
			<report>
				<misses>359600000</misses>
				<total>0</total>
				<timestamp>3812.675348</timestamp>
			</report>
			<report>
				<misses>359700000</misses>
				<total>0</total>
				<timestamp>3813.737101</timestamp>
			</report>
			<report>
				<misses>359800000</misses>
				<total>0</total>
				<timestamp>3814.804773</timestamp>
			</report>
			<report>
				<misses>359900000</misses>
				<total>0</total>
				<timestamp>3815.892448</timestamp>
			</report>
			<report>
				<misses>360000000</misses>
				<total>0</total>
				<timestamp>3816.958862</timestamp>
			</report>
			<report>
				<misses>360100000</misses>
				<total>0</total>
				<timestamp>3818.006702</timestamp>
			</report>
			<report>
				<misses>360200000</misses>
				<total>0</total>
				<timestamp>3819.068677</timestamp>
			</report>
			<report>
				<misses>360300000</misses>
				<total>0</total>
				<timestamp>3820.112092</timestamp>
			</report>
			<report>
				<misses>360400000</misses>
				<total>0</total>
				<timestamp>3821.154043</timestamp>
			</report>
			<report>
				<misses>360500000</misses>
				<total>0</total>
				<timestamp>3822.197449</timestamp>
			</report>
			<report>
				<misses>360600000</misses>
				<total>0</total>
				<timestamp>3823.243418</timestamp>
			</report>
			<report>
				<misses>360700000</misses>
				<total>0</total>
				<timestamp>3824.297466</timestamp>
			</report>
			<report>
				<misses>360800000</misses>
				<total>0</total>
				<timestamp>3825.363665</timestamp>
			</report>
			<report>
				<misses>360900000</misses>
				<total>0</total>
				<timestamp>3826.433754</timestamp>
			</report>
			<report>
				<misses>361000000</misses>
				<total>0</total>
				<timestamp>3827.481942</timestamp>
			</report>
			<report>
				<misses>361100000</misses>
				<total>0</total>
				<timestamp>3828.541056</timestamp>
			</report>
			<report>
				<misses>361200000</misses>
				<total>0</total>
				<timestamp>3829.611846</timestamp>
			</report>
			<report>
				<misses>361300000</misses>
				<total>0</total>
				<timestamp>3830.664016</timestamp>
			</report>
			<report>
				<misses>361400000</misses>
				<total>0</total>
				<timestamp>3831.734212</timestamp>
			</report>
			<report>
				<misses>361500000</misses>
				<total>0</total>
				<timestamp>3832.821411</timestamp>
			</report>
			<report>
				<misses>361600000</misses>
				<total>0</total>
				<timestamp>3833.910904</timestamp>
			</report>
			<report>
				<misses>361700000</misses>
				<total>0</total>
				<timestamp>3834.967576</timestamp>
			</report>
			<report>
				<misses>361800000</misses>
				<total>0</total>
				<timestamp>3836.022114</timestamp>
			</report>
			<report>
				<misses>361900000</misses>
				<total>0</total>
				<timestamp>3837.067582</timestamp>
			</report>
			<report>
				<misses>362000000</misses>
				<total>0</total>
				<timestamp>3838.145531</timestamp>
			</report>
			<report>
				<misses>362100000</misses>
				<total>0</total>
				<timestamp>3839.219001</timestamp>
			</report>
			<report>
				<misses>362200000</misses>
				<total>0</total>
				<timestamp>3840.262269</timestamp>
			</report>
			<report>
				<misses>362300000</misses>
				<total>0</total>
				<timestamp>3841.305800</timestamp>
			</report>
			<report>
				<misses>362400000</misses>
				<total>0</total>
				<timestamp>3842.377455</timestamp>
			</report>
			<report>
				<misses>362500000</misses>
				<total>0</total>
				<timestamp>3843.440921</timestamp>
			</report>
			<report>
				<misses>362600000</misses>
				<total>0</total>
				<timestamp>3844.480584</timestamp>
			</report>
			<report>
				<misses>362700000</misses>
				<total>0</total>
				<timestamp>3845.532017</timestamp>
			</report>
			<report>
				<misses>362800000</misses>
				<total>0</total>
				<timestamp>3846.587417</timestamp>
			</report>
			<report>
				<misses>362900000</misses>
				<total>0</total>
				<timestamp>3847.642746</timestamp>
			</report>
			<report>
				<misses>363000000</misses>
				<total>0</total>
				<timestamp>3848.704890</timestamp>
			</report>
			<report>
				<misses>363100000</misses>
				<total>0</total>
				<timestamp>3849.796456</timestamp>
			</report>
			<report>
				<misses>363200000</misses>
				<total>0</total>
				<timestamp>3850.842488</timestamp>
			</report>
			<report>
				<misses>363300000</misses>
				<total>0</total>
				<timestamp>3851.899919</timestamp>
			</report>
			<report>
				<misses>363400000</misses>
				<total>0</total>
				<timestamp>3852.944936</timestamp>
			</report>
			<report>
				<misses>363500000</misses>
				<total>0</total>
				<timestamp>3854.012168</timestamp>
			</report>
			<report>
				<misses>363600000</misses>
				<total>0</total>
				<timestamp>3855.079114</timestamp>
			</report>
			<report>
				<misses>363700000</misses>
				<total>0</total>
				<timestamp>3856.131664</timestamp>
			</report>
			<report>
				<misses>363800000</misses>
				<total>0</total>
				<timestamp>3857.188032</timestamp>
			</report>
			<report>
				<misses>363900000</misses>
				<total>0</total>
				<timestamp>3858.248278</timestamp>
			</report>
			<report>
				<misses>364000000</misses>
				<total>0</total>
				<timestamp>3859.301707</timestamp>
			</report>
			<report>
				<misses>364100000</misses>
				<total>0</total>
				<timestamp>3860.341948</timestamp>
			</report>
			<report>
				<misses>364200000</misses>
				<total>0</total>
				<timestamp>3861.385166</timestamp>
			</report>
			<report>
				<misses>364300000</misses>
				<total>0</total>
				<timestamp>3862.436531</timestamp>
			</report>
			<report>
				<misses>364400000</misses>
				<total>0</total>
				<timestamp>3863.477115</timestamp>
			</report>
			<report>
				<misses>364500000</misses>
				<total>0</total>
				<timestamp>3864.531371</timestamp>
			</report>
			<report>
				<misses>364600000</misses>
				<total>0</total>
				<timestamp>3865.596642</timestamp>
			</report>
			<report>
				<misses>364700000</misses>
				<total>0</total>
				<timestamp>3866.678099</timestamp>
			</report>
			<report>
				<misses>364800000</misses>
				<total>0</total>
				<timestamp>3867.751102</timestamp>
			</report>
			<report>
				<misses>364900000</misses>
				<total>0</total>
				<timestamp>3868.833215</timestamp>
			</report>
			<report>
				<misses>365000000</misses>
				<total>0</total>
				<timestamp>3869.918089</timestamp>
			</report>
			<report>
				<misses>365100000</misses>
				<total>0</total>
				<timestamp>3870.981131</timestamp>
			</report>
			<report>
				<misses>365200000</misses>
				<total>0</total>
				<timestamp>3872.054833</timestamp>
			</report>
			<report>
				<misses>365300000</misses>
				<total>0</total>
				<timestamp>3873.124413</timestamp>
			</report>
			<report>
				<misses>365400000</misses>
				<total>0</total>
				<timestamp>3874.177394</timestamp>
			</report>
			<report>
				<misses>365500000</misses>
				<total>0</total>
				<timestamp>3875.237976</timestamp>
			</report>
			<report>
				<misses>365600000</misses>
				<total>0</total>
				<timestamp>3876.293355</timestamp>
			</report>
			<report>
				<misses>365700000</misses>
				<total>0</total>
				<timestamp>3877.351332</timestamp>
			</report>
			<report>
				<misses>365800000</misses>
				<total>0</total>
				<timestamp>3878.402280</timestamp>
			</report>
			<report>
				<misses>365900000</misses>
				<total>0</total>
				<timestamp>3879.479163</timestamp>
			</report>
			<report>
				<misses>366000000</misses>
				<total>0</total>
				<timestamp>3880.531987</timestamp>
			</report>
			<report>
				<misses>366100000</misses>
				<total>0</total>
				<timestamp>3881.596026</timestamp>
			</report>
			<report>
				<misses>366200000</misses>
				<total>0</total>
				<timestamp>3882.703603</timestamp>
			</report>
			<report>
				<misses>366300000</misses>
				<total>0</total>
				<timestamp>3883.776090</timestamp>
			</report>
			<report>
				<misses>366400000</misses>
				<total>0</total>
				<timestamp>3884.879737</timestamp>
			</report>
			<report>
				<misses>366500000</misses>
				<total>0</total>
				<timestamp>3885.904469</timestamp>
			</report>
			<report>
				<misses>366600000</misses>
				<total>0</total>
				<timestamp>3886.982934</timestamp>
			</report>
			<report>
				<misses>366700000</misses>
				<total>0</total>
				<timestamp>3888.017712</timestamp>
			</report>
			<report>
				<misses>366800000</misses>
				<total>0</total>
				<timestamp>3889.064650</timestamp>
			</report>
			<report>
				<misses>366900000</misses>
				<total>0</total>
				<timestamp>3890.124995</timestamp>
			</report>
			<report>
				<misses>367000000</misses>
				<total>0</total>
				<timestamp>3891.196040</timestamp>
			</report>
			<report>
				<misses>367100000</misses>
				<total>0</total>
				<timestamp>3892.259126</timestamp>
			</report>
			<report>
				<misses>367200000</misses>
				<total>0</total>
				<timestamp>3893.303208</timestamp>
			</report>
			<report>
				<misses>367300000</misses>
				<total>0</total>
				<timestamp>3894.385827</timestamp>
			</report>
			<report>
				<misses>367400000</misses>
				<total>0</total>
				<timestamp>3895.442922</timestamp>
			</report>
			<report>
				<misses>367500000</misses>
				<total>0</total>
				<timestamp>3896.496749</timestamp>
			</report>
			<report>
				<misses>367600000</misses>
				<total>0</total>
				<timestamp>3897.551887</timestamp>
			</report>
			<report>
				<misses>367700000</misses>
				<total>0</total>
				<timestamp>3898.599442</timestamp>
			</report>
			<report>
				<misses>367800000</misses>
				<total>0</total>
				<timestamp>3899.651505</timestamp>
			</report>
			<report>
				<misses>367900000</misses>
				<total>0</total>
				<timestamp>3900.690680</timestamp>
			</report>
			<report>
				<misses>368000000</misses>
				<total>0</total>
				<timestamp>3901.750258</timestamp>
			</report>
			<report>
				<misses>368100000</misses>
				<total>0</total>
				<timestamp>3902.831263</timestamp>
			</report>
			<report>
				<misses>368200000</misses>
				<total>0</total>
				<timestamp>3903.884783</timestamp>
			</report>
			<report>
				<misses>368300000</misses>
				<total>0</total>
				<timestamp>3904.944950</timestamp>
			</report>
			<report>
				<misses>368400000</misses>
				<total>0</total>
				<timestamp>3906.016435</timestamp>
			</report>
			<report>
				<misses>368500000</misses>
				<total>0</total>
				<timestamp>3907.077862</timestamp>
			</report>
			<report>
				<misses>368600000</misses>
				<total>0</total>
				<timestamp>3908.139056</timestamp>
			</report>
			<report>
				<misses>368700000</misses>
				<total>0</total>
				<timestamp>3909.221102</timestamp>
			</report>
			<report>
				<misses>368800000</misses>
				<total>0</total>
				<timestamp>3910.297381</timestamp>
			</report>
			<report>
				<misses>368900000</misses>
				<total>0</total>
				<timestamp>3911.352412</timestamp>
			</report>
			<report>
				<misses>369000000</misses>
				<total>0</total>
				<timestamp>3912.407105</timestamp>
			</report>
			<report>
				<misses>369100000</misses>
				<total>0</total>
				<timestamp>3913.480516</timestamp>
			</report>
			<report>
				<misses>369200000</misses>
				<total>0</total>
				<timestamp>3914.537626</timestamp>
			</report>
			<report>
				<misses>369300000</misses>
				<total>0</total>
				<timestamp>3915.610257</timestamp>
			</report>
			<report>
				<misses>369400000</misses>
				<total>0</total>
				<timestamp>3916.673748</timestamp>
			</report>
			<report>
				<misses>369500000</misses>
				<total>0</total>
				<timestamp>3917.723989</timestamp>
			</report>
			<report>
				<misses>369600000</misses>
				<total>0</total>
				<timestamp>3918.765356</timestamp>
			</report>
			<report>
				<misses>369700000</misses>
				<total>0</total>
				<timestamp>3919.829074</timestamp>
			</report>
			<report>
				<misses>369800000</misses>
				<total>0</total>
				<timestamp>3920.880278</timestamp>
			</report>
			<report>
				<misses>369900000</misses>
				<total>0</total>
				<timestamp>3921.954978</timestamp>
			</report>
			<report>
				<misses>370000000</misses>
				<total>0</total>
				<timestamp>3923.027420</timestamp>
			</report>
			<report>
				<misses>370100000</misses>
				<total>0</total>
				<timestamp>3924.081503</timestamp>
			</report>
			<report>
				<misses>370200000</misses>
				<total>0</total>
				<timestamp>3925.126694</timestamp>
			</report>
			<report>
				<misses>370300000</misses>
				<total>0</total>
				<timestamp>3926.167592</timestamp>
			</report>
			<report>
				<misses>370400000</misses>
				<total>0</total>
				<timestamp>3927.215331</timestamp>
			</report>
			<report>
				<misses>370500000</misses>
				<total>0</total>
				<timestamp>3928.259889</timestamp>
			</report>
			<report>
				<misses>370600000</misses>
				<total>0</total>
				<timestamp>3929.302538</timestamp>
			</report>
			<report>
				<misses>370700000</misses>
				<total>0</total>
				<timestamp>3930.342662</timestamp>
			</report>
			<report>
				<misses>370800000</misses>
				<total>0</total>
				<timestamp>3931.409638</timestamp>
			</report>
			<report>
				<misses>370900000</misses>
				<total>0</total>
				<timestamp>3932.470865</timestamp>
			</report>
			<report>
				<misses>371000000</misses>
				<total>0</total>
				<timestamp>3933.524160</timestamp>
			</report>
			<report>
				<misses>371100000</misses>
				<total>0</total>
				<timestamp>3934.583312</timestamp>
			</report>
			<report>
				<misses>371200000</misses>
				<total>0</total>
				<timestamp>3935.657591</timestamp>
			</report>
			<report>
				<misses>371300000</misses>
				<total>0</total>
				<timestamp>3936.733559</timestamp>
			</report>
			<report>
				<misses>371400000</misses>
				<total>0</total>
				<timestamp>3937.784853</timestamp>
			</report>
			<report>
				<misses>371500000</misses>
				<total>0</total>
				<timestamp>3938.851343</timestamp>
			</report>
			<report>
				<misses>371600000</misses>
				<total>0</total>
				<timestamp>3939.910694</timestamp>
			</report>
			<report>
				<misses>371700000</misses>
				<total>0</total>
				<timestamp>3940.979338</timestamp>
			</report>
			<report>
				<misses>371800000</misses>
				<total>0</total>
				<timestamp>3942.045216</timestamp>
			</report>
			<report>
				<misses>371900000</misses>
				<total>0</total>
				<timestamp>3943.096643</timestamp>
			</report>
			<report>
				<misses>372000000</misses>
				<total>0</total>
				<timestamp>3944.143724</timestamp>
			</report>
			<report>
				<misses>372100000</misses>
				<total>0</total>
				<timestamp>3945.206611</timestamp>
			</report>
			<report>
				<misses>372200000</misses>
				<total>0</total>
				<timestamp>3946.252284</timestamp>
			</report>
			<report>
				<misses>372300000</misses>
				<total>0</total>
				<timestamp>3947.289884</timestamp>
			</report>
			<report>
				<misses>372400000</misses>
				<total>0</total>
				<timestamp>3948.340325</timestamp>
			</report>
			<report>
				<misses>372500000</misses>
				<total>0</total>
				<timestamp>3949.400390</timestamp>
			</report>
			<report>
				<misses>372600000</misses>
				<total>0</total>
				<timestamp>3950.450870</timestamp>
			</report>
			<report>
				<misses>372700000</misses>
				<total>0</total>
				<timestamp>3951.530950</timestamp>
			</report>
			<report>
				<misses>372800000</misses>
				<total>0</total>
				<timestamp>3952.579036</timestamp>
			</report>
			<report>
				<misses>372900000</misses>
				<total>0</total>
				<timestamp>3953.668482</timestamp>
			</report>
			<report>
				<misses>373000000</misses>
				<total>0</total>
				<timestamp>3954.719347</timestamp>
			</report>
			<report>
				<misses>373100000</misses>
				<total>0</total>
				<timestamp>3955.780777</timestamp>
			</report>
			<report>
				<misses>373200000</misses>
				<total>0</total>
				<timestamp>3956.843764</timestamp>
			</report>
			<report>
				<misses>373300000</misses>
				<total>0</total>
				<timestamp>3957.900825</timestamp>
			</report>
			<report>
				<misses>373400000</misses>
				<total>0</total>
				<timestamp>3958.959266</timestamp>
			</report>
			<report>
				<misses>373500000</misses>
				<total>0</total>
				<timestamp>3960.004896</timestamp>
			</report>
			<report>
				<misses>373600000</misses>
				<total>0</total>
				<timestamp>3961.071545</timestamp>
			</report>
			<report>
				<misses>373700000</misses>
				<total>0</total>
				<timestamp>3962.101633</timestamp>
			</report>
			<report>
				<misses>373800000</misses>
				<total>0</total>
				<timestamp>3963.166465</timestamp>
			</report>
			<report>
				<misses>373900000</misses>
				<total>0</total>
				<timestamp>3964.204162</timestamp>
			</report>
			<report>
				<misses>374000000</misses>
				<total>0</total>
				<timestamp>3965.276375</timestamp>
			</report>
			<report>
				<misses>374100000</misses>
				<total>0</total>
				<timestamp>3966.354864</timestamp>
			</report>
			<report>
				<misses>374200000</misses>
				<total>0</total>
				<timestamp>3967.425609</timestamp>
			</report>
			<report>
				<misses>374300000</misses>
				<total>0</total>
				<timestamp>3968.521319</timestamp>
			</report>
			<report>
				<misses>374400000</misses>
				<total>0</total>
				<timestamp>3969.563024</timestamp>
			</report>
			<report>
				<misses>374500000</misses>
				<total>0</total>
				<timestamp>3970.651127</timestamp>
			</report>
			<report>
				<misses>374600000</misses>
				<total>0</total>
				<timestamp>3971.730307</timestamp>
			</report>
			<report>
				<misses>374700000</misses>
				<total>0</total>
				<timestamp>3972.789707</timestamp>
			</report>
			<report>
				<misses>374800000</misses>
				<total>0</total>
				<timestamp>3973.859310</timestamp>
			</report>
			<report>
				<misses>374900000</misses>
				<total>0</total>
				<timestamp>3974.908704</timestamp>
			</report>
			<report>
				<misses>375000000</misses>
				<total>0</total>
				<timestamp>3975.947039</timestamp>
			</report>
			<report>
				<misses>375100000</misses>
				<total>0</total>
				<timestamp>3976.995506</timestamp>
			</report>
			<report>
				<misses>375200000</misses>
				<total>0</total>
				<timestamp>3978.041797</timestamp>
			</report>
			<report>
				<misses>375300000</misses>
				<total>0</total>
				<timestamp>3979.087625</timestamp>
			</report>
			<report>
				<misses>375400000</misses>
				<total>0</total>
				<timestamp>3980.132614</timestamp>
			</report>
			<report>
				<misses>375500000</misses>
				<total>0</total>
				<timestamp>3981.189594</timestamp>
			</report>
			<report>
				<misses>375600000</misses>
				<total>0</total>
				<timestamp>3982.253131</timestamp>
			</report>
			<report>
				<misses>375700000</misses>
				<total>0</total>
				<timestamp>3983.326488</timestamp>
			</report>
			<report>
				<misses>375800000</misses>
				<total>0</total>
				<timestamp>3984.372785</timestamp>
			</report>
			<report>
				<misses>375900000</misses>
				<total>0</total>
				<timestamp>3985.440519</timestamp>
			</report>
			<report>
				<misses>376000000</misses>
				<total>0</total>
				<timestamp>3986.514215</timestamp>
			</report>
			<report>
				<misses>376100000</misses>
				<total>0</total>
				<timestamp>3987.593375</timestamp>
			</report>
			<report>
				<misses>376200000</misses>
				<total>0</total>
				<timestamp>3988.641520</timestamp>
			</report>
			<report>
				<misses>376300000</misses>
				<total>0</total>
				<timestamp>3989.699540</timestamp>
			</report>
			<report>
				<misses>376400000</misses>
				<total>0</total>
				<timestamp>3990.751501</timestamp>
			</report>
			<report>
				<misses>376500000</misses>
				<total>0</total>
				<timestamp>3991.822809</timestamp>
			</report>
			<report>
				<misses>376600000</misses>
				<total>0</total>
				<timestamp>3992.867372</timestamp>
			</report>
			<report>
				<misses>376700000</misses>
				<total>0</total>
				<timestamp>3993.910204</timestamp>
			</report>
			<report>
				<misses>376800000</misses>
				<total>0</total>
				<timestamp>3994.967244</timestamp>
			</report>
			<report>
				<misses>376900000</misses>
				<total>0</total>
				<timestamp>3996.026401</timestamp>
			</report>
			<report>
				<misses>377000000</misses>
				<total>0</total>
				<timestamp>3997.065378</timestamp>
			</report>
			<report>
				<misses>377100000</misses>
				<total>0</total>
				<timestamp>3998.114692</timestamp>
			</report>
			<report>
				<misses>377200000</misses>
				<total>0</total>
				<timestamp>3999.166199</timestamp>
			</report>
			<report>
				<misses>377300000</misses>
				<total>0</total>
				<timestamp>4000.253354</timestamp>
			</report>
			<report>
				<misses>377400000</misses>
				<total>0</total>
				<timestamp>4001.333129</timestamp>
			</report>
			<report>
				<misses>377500000</misses>
				<total>0</total>
				<timestamp>4002.380659</timestamp>
			</report>
			<report>
				<misses>377600000</misses>
				<total>0</total>
				<timestamp>4003.450011</timestamp>
			</report>
			<report>
				<misses>377700000</misses>
				<total>0</total>
				<timestamp>4004.497503</timestamp>
			</report>
			<report>
				<misses>377800000</misses>
				<total>0</total>
				<timestamp>4005.551420</timestamp>
			</report>
			<report>
				<misses>377900000</misses>
				<total>0</total>
				<timestamp>4006.620423</timestamp>
			</report>
			<report>
				<misses>378000000</misses>
				<total>0</total>
				<timestamp>4007.689711</timestamp>
			</report>
			<report>
				<misses>378100000</misses>
				<total>0</total>
				<timestamp>4008.735611</timestamp>
			</report>
			<report>
				<misses>378200000</misses>
				<total>0</total>
				<timestamp>4009.781093</timestamp>
			</report>
			<report>
				<misses>378300000</misses>
				<total>0</total>
				<timestamp>4010.822265</timestamp>
			</report>
			<report>
				<misses>378400000</misses>
				<total>0</total>
				<timestamp>4011.859262</timestamp>
			</report>
			<report>
				<misses>378500000</misses>
				<total>0</total>
				<timestamp>4012.904038</timestamp>
			</report>
			<report>
				<misses>378600000</misses>
				<total>0</total>
				<timestamp>4013.947759</timestamp>
			</report>
			<report>
				<misses>378700000</misses>
				<total>0</total>
				<timestamp>4015.007334</timestamp>
			</report>
			<report>
				<misses>378800000</misses>
				<total>0</total>
				<timestamp>4016.084783</timestamp>
			</report>
			<report>
				<misses>378900000</misses>
				<total>0</total>
				<timestamp>4017.146998</timestamp>
			</report>
			<report>
				<misses>379000000</misses>
				<total>0</total>
				<timestamp>4018.190078</timestamp>
			</report>
			<report>
				<misses>379100000</misses>
				<total>0</total>
				<timestamp>4019.267494</timestamp>
			</report>
			<report>
				<misses>379200000</misses>
				<total>0</total>
				<timestamp>4020.320962</timestamp>
			</report>
			<report>
				<misses>379300000</misses>
				<total>0</total>
				<timestamp>4021.362871</timestamp>
			</report>
			<report>
				<misses>379400000</misses>
				<total>0</total>
				<timestamp>4022.435243</timestamp>
			</report>
			<report>
				<misses>379500000</misses>
				<total>0</total>
				<timestamp>4023.480020</timestamp>
			</report>
			<report>
				<misses>379600000</misses>
				<total>0</total>
				<timestamp>4024.536675</timestamp>
			</report>
			<report>
				<misses>379700000</misses>
				<total>0</total>
				<timestamp>4025.580005</timestamp>
			</report>
			<report>
				<misses>379800000</misses>
				<total>0</total>
				<timestamp>4026.641309</timestamp>
			</report>
			<report>
				<misses>379900000</misses>
				<total>0</total>
				<timestamp>4027.678084</timestamp>
			</report>
			<report>
				<misses>380000000</misses>
				<total>0</total>
				<timestamp>4028.729358</timestamp>
			</report>
			<report>
				<misses>380100000</misses>
				<total>0</total>
				<timestamp>4029.783387</timestamp>
			</report>
			<report>
				<misses>380200000</misses>
				<total>0</total>
				<timestamp>4030.854712</timestamp>
			</report>
			<report>
				<misses>380300000</misses>
				<total>0</total>
				<timestamp>4031.930668</timestamp>
			</report>
			<report>
				<misses>380400000</misses>
				<total>0</total>
				<timestamp>4032.994905</timestamp>
			</report>
			<report>
				<misses>380500000</misses>
				<total>0</total>
				<timestamp>4034.047980</timestamp>
			</report>
			<report>
				<misses>380600000</misses>
				<total>0</total>
				<timestamp>4035.126137</timestamp>
			</report>
			<report>
				<misses>380700000</misses>
				<total>0</total>
				<timestamp>4036.186486</timestamp>
			</report>
			<report>
				<misses>380800000</misses>
				<total>0</total>
				<timestamp>4037.251234</timestamp>
			</report>
			<report>
				<misses>380900000</misses>
				<total>0</total>
				<timestamp>4038.298715</timestamp>
			</report>
			<report>
				<misses>381000000</misses>
				<total>0</total>
				<timestamp>4039.357414</timestamp>
			</report>
			<report>
				<misses>381100000</misses>
				<total>0</total>
				<timestamp>4040.413266</timestamp>
			</report>
			<report>
				<misses>381200000</misses>
				<total>0</total>
				<timestamp>4041.455019</timestamp>
			</report>
			<report>
				<misses>381300000</misses>
				<total>0</total>
				<timestamp>4042.506691</timestamp>
			</report>
			<report>
				<misses>381400000</misses>
				<total>0</total>
				<timestamp>4043.553534</timestamp>
			</report>
			<report>
				<misses>381500000</misses>
				<total>0</total>
				<timestamp>4044.616080</timestamp>
			</report>
			<report>
				<misses>381600000</misses>
				<total>0</total>
				<timestamp>4045.655063</timestamp>
			</report>
			<report>
				<misses>381700000</misses>
				<total>0</total>
				<timestamp>4046.689639</timestamp>
			</report>
			<report>
				<misses>381800000</misses>
				<total>0</total>
				<timestamp>4047.780491</timestamp>
			</report>
			<report>
				<misses>381900000</misses>
				<total>0</total>
				<timestamp>4048.819086</timestamp>
			</report>
			<report>
				<misses>382000000</misses>
				<total>0</total>
				<timestamp>4049.898914</timestamp>
			</report>
			<report>
				<misses>382100000</misses>
				<total>0</total>
				<timestamp>4050.966234</timestamp>
			</report>
			<report>
				<misses>382200000</misses>
				<total>0</total>
				<timestamp>4052.046982</timestamp>
			</report>
			<report>
				<misses>382300000</misses>
				<total>0</total>
				<timestamp>4053.095904</timestamp>
			</report>
			<report>
				<misses>382400000</misses>
				<total>0</total>
				<timestamp>4054.177515</timestamp>
			</report>
			<report>
				<misses>382500000</misses>
				<total>0</total>
				<timestamp>4055.225601</timestamp>
			</report>
			<report>
				<misses>382600000</misses>
				<total>0</total>
				<timestamp>4056.300737</timestamp>
			</report>
			<report>
				<misses>382700000</misses>
				<total>0</total>
				<timestamp>4057.378873</timestamp>
			</report>
			<report>
				<misses>382800000</misses>
				<total>0</total>
				<timestamp>4058.426908</timestamp>
			</report>
			<report>
				<misses>382900000</misses>
				<total>0</total>
				<timestamp>4059.497984</timestamp>
			</report>
			<report>
				<misses>383000000</misses>
				<total>0</total>
				<timestamp>4060.576845</timestamp>
			</report>
			<report>
				<misses>383100000</misses>
				<total>0</total>
				<timestamp>4061.650327</timestamp>
			</report>
			<report>
				<misses>383200000</misses>
				<total>0</total>
				<timestamp>4062.697184</timestamp>
			</report>
			<report>
				<misses>383300000</misses>
				<total>0</total>
				<timestamp>4063.736348</timestamp>
			</report>
			<report>
				<misses>383400000</misses>
				<total>0</total>
				<timestamp>4064.785225</timestamp>
			</report>
			<report>
				<misses>383500000</misses>
				<total>0</total>
				<timestamp>4065.823880</timestamp>
			</report>
			<report>
				<misses>383600000</misses>
				<total>0</total>
				<timestamp>4066.873231</timestamp>
			</report>
			<report>
				<misses>383700000</misses>
				<total>0</total>
				<timestamp>4067.913587</timestamp>
			</report>
			<report>
				<misses>383800000</misses>
				<total>0</total>
				<timestamp>4068.964506</timestamp>
			</report>
			<report>
				<misses>383900000</misses>
				<total>0</total>
				<timestamp>4070.024594</timestamp>
			</report>
			<report>
				<misses>384000000</misses>
				<total>0</total>
				<timestamp>4071.069613</timestamp>
			</report>
			<report>
				<misses>384100000</misses>
				<total>0</total>
				<timestamp>4072.156003</timestamp>
			</report>
			<report>
				<misses>384200000</misses>
				<total>0</total>
				<timestamp>4073.214947</timestamp>
			</report>
			<report>
				<misses>384300000</misses>
				<total>0</total>
				<timestamp>4074.291144</timestamp>
			</report>
			<report>
				<misses>384400000</misses>
				<total>0</total>
				<timestamp>4075.365006</timestamp>
			</report>
			<report>
				<misses>384500000</misses>
				<total>0</total>
				<timestamp>4076.444767</timestamp>
			</report>
			<report>
				<misses>384600000</misses>
				<total>0</total>
				<timestamp>4077.541216</timestamp>
			</report>
			<report>
				<misses>384700000</misses>
				<total>0</total>
				<timestamp>4078.606038</timestamp>
			</report>
			<report>
				<misses>384800000</misses>
				<total>0</total>
				<timestamp>4079.675748</timestamp>
			</report>
			<report>
				<misses>384900000</misses>
				<total>0</total>
				<timestamp>4080.770849</timestamp>
			</report>
			<report>
				<misses>385000000</misses>
				<total>0</total>
				<timestamp>4081.843254</timestamp>
			</report>
			<report>
				<misses>385100000</misses>
				<total>0</total>
				<timestamp>4082.931575</timestamp>
			</report>
			<report>
				<misses>385200000</misses>
				<total>0</total>
				<timestamp>4083.996266</timestamp>
			</report>
			<report>
				<misses>385300000</misses>
				<total>0</total>
				<timestamp>4085.058059</timestamp>
			</report>
			<report>
				<misses>385400000</misses>
				<total>0</total>
				<timestamp>4086.140406</timestamp>
			</report>
			<report>
				<misses>385500000</misses>
				<total>0</total>
				<timestamp>4087.204032</timestamp>
			</report>
			<report>
				<misses>385600000</misses>
				<total>0</total>
				<timestamp>4088.242931</timestamp>
			</report>
			<report>
				<misses>385700000</misses>
				<total>0</total>
				<timestamp>4089.306887</timestamp>
			</report>
			<report>
				<misses>385800000</misses>
				<total>0</total>
				<timestamp>4090.364661</timestamp>
			</report>
			<report>
				<misses>385900000</misses>
				<total>0</total>
				<timestamp>4091.413079</timestamp>
			</report>
			<report>
				<misses>386000000</misses>
				<total>0</total>
				<timestamp>4092.449937</timestamp>
			</report>
			<report>
				<misses>386100000</misses>
				<total>0</total>
				<timestamp>4093.521346</timestamp>
			</report>
			<report>
				<misses>386200000</misses>
				<total>0</total>
				<timestamp>4094.592888</timestamp>
			</report>
			<report>
				<misses>386300000</misses>
				<total>0</total>
				<timestamp>4095.684436</timestamp>
			</report>
			<report>
				<misses>386400000</misses>
				<total>0</total>
				<timestamp>4096.746006</timestamp>
			</report>
			<report>
				<misses>386500000</misses>
				<total>0</total>
				<timestamp>4097.808380</timestamp>
			</report>
			<report>
				<misses>386600000</misses>
				<total>0</total>
				<timestamp>4098.873659</timestamp>
			</report>
			<report>
				<misses>386700000</misses>
				<total>0</total>
				<timestamp>4099.915927</timestamp>
			</report>
			<report>
				<misses>386800000</misses>
				<total>0</total>
				<timestamp>4100.983287</timestamp>
			</report>
			<report>
				<misses>386900000</misses>
				<total>0</total>
				<timestamp>4102.030583</timestamp>
			</report>
			<report>
				<misses>387000000</misses>
				<total>0</total>
				<timestamp>4103.104272</timestamp>
			</report>
			<report>
				<misses>387100000</misses>
				<total>0</total>
				<timestamp>4104.147243</timestamp>
			</report>
			<report>
				<misses>387200000</misses>
				<total>0</total>
				<timestamp>4105.195028</timestamp>
			</report>
			<report>
				<misses>387300000</misses>
				<total>0</total>
				<timestamp>4106.230383</timestamp>
			</report>
			<report>
				<misses>387400000</misses>
				<total>0</total>
				<timestamp>4107.280189</timestamp>
			</report>
			<report>
				<misses>387500000</misses>
				<total>0</total>
				<timestamp>4108.327178</timestamp>
			</report>
			<report>
				<misses>387600000</misses>
				<total>0</total>
				<timestamp>4109.394573</timestamp>
			</report>
			<report>
				<misses>387700000</misses>
				<total>0</total>
				<timestamp>4110.434495</timestamp>
			</report>
			<report>
				<misses>387800000</misses>
				<total>0</total>
				<timestamp>4111.491653</timestamp>
			</report>
			<report>
				<misses>387900000</misses>
				<total>0</total>
				<timestamp>4112.557736</timestamp>
			</report>
			<report>
				<misses>388000000</misses>
				<total>0</total>
				<timestamp>4113.616437</timestamp>
			</report>
			<report>
				<misses>388100000</misses>
				<total>0</total>
				<timestamp>4114.668822</timestamp>
			</report>
			<report>
				<misses>388200000</misses>
				<total>0</total>
				<timestamp>4115.730719</timestamp>
			</report>
			<report>
				<misses>388300000</misses>
				<total>0</total>
				<timestamp>4116.821932</timestamp>
			</report>
			<report>
				<misses>388400000</misses>
				<total>0</total>
				<timestamp>4117.887202</timestamp>
			</report>
			<report>
				<misses>388500000</misses>
				<total>0</total>
				<timestamp>4118.948496</timestamp>
			</report>
			<report>
				<misses>388600000</misses>
				<total>0</total>
				<timestamp>4119.982935</timestamp>
			</report>
			<report>
				<misses>388700000</misses>
				<total>0</total>
				<timestamp>4121.034769</timestamp>
			</report>
			<report>
				<misses>388800000</misses>
				<total>0</total>
				<timestamp>4122.076026</timestamp>
			</report>
			<report>
				<misses>388900000</misses>
				<total>0</total>
				<timestamp>4123.118456</timestamp>
			</report>
			<report>
				<misses>389000000</misses>
				<total>0</total>
				<timestamp>4124.183409</timestamp>
			</report>
			<report>
				<misses>389100000</misses>
				<total>0</total>
				<timestamp>4125.229894</timestamp>
			</report>
			<report>
				<misses>389200000</misses>
				<total>0</total>
				<timestamp>4126.274675</timestamp>
			</report>
			<report>
				<misses>389300000</misses>
				<total>0</total>
				<timestamp>4127.331001</timestamp>
			</report>
			<report>
				<misses>389400000</misses>
				<total>0</total>
				<timestamp>4128.401936</timestamp>
			</report>
			<report>
				<misses>389500000</misses>
				<total>0</total>
				<timestamp>4129.461299</timestamp>
			</report>
			<report>
				<misses>389600000</misses>
				<total>0</total>
				<timestamp>4130.519184</timestamp>
			</report>
			<report>
				<misses>389700000</misses>
				<total>0</total>
				<timestamp>4131.594577</timestamp>
			</report>
			<report>
				<misses>389800000</misses>
				<total>0</total>
				<timestamp>4132.652338</timestamp>
			</report>
			<report>
				<misses>389900000</misses>
				<total>0</total>
				<timestamp>4133.723170</timestamp>
			</report>
			<report>
				<misses>390000000</misses>
				<total>0</total>
				<timestamp>4134.771405</timestamp>
			</report>
			<report>
				<misses>390100000</misses>
				<total>0</total>
				<timestamp>4135.837812</timestamp>
			</report>
			<report>
				<misses>390200000</misses>
				<total>0</total>
				<timestamp>4136.901575</timestamp>
			</report>
			<report>
				<misses>390300000</misses>
				<total>0</total>
				<timestamp>4137.951341</timestamp>
			</report>
			<report>
				<misses>390400000</misses>
				<total>0</total>
				<timestamp>4138.998941</timestamp>
			</report>
			<report>
				<misses>390500000</misses>
				<total>0</total>
				<timestamp>4140.055381</timestamp>
			</report>
			<report>
				<misses>390600000</misses>
				<total>0</total>
				<timestamp>4141.107468</timestamp>
			</report>
			<report>
				<misses>390700000</misses>
				<total>0</total>
				<timestamp>4142.171627</timestamp>
			</report>
			<report>
				<misses>390800000</misses>
				<total>0</total>
				<timestamp>4143.215219</timestamp>
			</report>
			<report>
				<misses>390900000</misses>
				<total>0</total>
				<timestamp>4144.260460</timestamp>
			</report>
			<report>
				<misses>391000000</misses>
				<total>0</total>
				<timestamp>4145.309272</timestamp>
			</report>
			<report>
				<misses>391100000</misses>
				<total>0</total>
				<timestamp>4146.359737</timestamp>
			</report>
			<report>
				<misses>391200000</misses>
				<total>0</total>
				<timestamp>4147.414956</timestamp>
			</report>
			<report>
				<misses>391300000</misses>
				<total>0</total>
				<timestamp>4148.461057</timestamp>
			</report>
			<report>
				<misses>391400000</misses>
				<total>0</total>
				<timestamp>4149.504212</timestamp>
			</report>
			<report>
				<misses>391500000</misses>
				<total>0</total>
				<timestamp>4150.578161</timestamp>
			</report>
			<report>
				<misses>391600000</misses>
				<total>0</total>
				<timestamp>4151.635573</timestamp>
			</report>
			<report>
				<misses>391700000</misses>
				<total>0</total>
				<timestamp>4152.697696</timestamp>
			</report>
			<report>
				<misses>391800000</misses>
				<total>0</total>
				<timestamp>4153.757371</timestamp>
			</report>
			<report>
				<misses>391900000</misses>
				<total>0</total>
				<timestamp>4154.811535</timestamp>
			</report>
			<report>
				<misses>392000000</misses>
				<total>0</total>
				<timestamp>4155.861911</timestamp>
			</report>
			<report>
				<misses>392100000</misses>
				<total>0</total>
				<timestamp>4156.914689</timestamp>
			</report>
			<report>
				<misses>392200000</misses>
				<total>0</total>
				<timestamp>4157.987405</timestamp>
			</report>
			<report>
				<misses>392300000</misses>
				<total>0</total>
				<timestamp>4159.058621</timestamp>
			</report>
			<report>
				<misses>392400000</misses>
				<total>0</total>
				<timestamp>4160.102752</timestamp>
			</report>
			<report>
				<misses>392500000</misses>
				<total>0</total>
				<timestamp>4161.160324</timestamp>
			</report>
			<report>
				<misses>392600000</misses>
				<total>0</total>
				<timestamp>4162.215863</timestamp>
			</report>
			<report>
				<misses>392700000</misses>
				<total>0</total>
				<timestamp>4163.260567</timestamp>
			</report>
			<report>
				<misses>392800000</misses>
				<total>0</total>
				<timestamp>4164.308637</timestamp>
			</report>
			<report>
				<misses>392900000</misses>
				<total>0</total>
				<timestamp>4165.357784</timestamp>
			</report>
			<report>
				<misses>393000000</misses>
				<total>0</total>
				<timestamp>4166.421453</timestamp>
			</report>
			<report>
				<misses>393100000</misses>
				<total>0</total>
				<timestamp>4167.516635</timestamp>
			</report>
			<report>
				<misses>393200000</misses>
				<total>0</total>
				<timestamp>4168.575798</timestamp>
			</report>
			<report>
				<misses>393300000</misses>
				<total>0</total>
				<timestamp>4169.620682</timestamp>
			</report>
			<report>
				<misses>393400000</misses>
				<total>0</total>
				<timestamp>4170.678897</timestamp>
			</report>
			<report>
				<misses>393500000</misses>
				<total>0</total>
				<timestamp>4171.778906</timestamp>
			</report>
			<report>
				<misses>393600000</misses>
				<total>0</total>
				<timestamp>4172.819751</timestamp>
			</report>
			<report>
				<misses>393700000</misses>
				<total>0</total>
				<timestamp>4173.869786</timestamp>
			</report>
			<report>
				<misses>393800000</misses>
				<total>0</total>
				<timestamp>4174.929228</timestamp>
			</report>
			<report>
				<misses>393900000</misses>
				<total>0</total>
				<timestamp>4175.975298</timestamp>
			</report>
			<report>
				<misses>394000000</misses>
				<total>0</total>
				<timestamp>4177.018484</timestamp>
			</report>
			<report>
				<misses>394100000</misses>
				<total>0</total>
				<timestamp>4178.062500</timestamp>
			</report>
			<report>
				<misses>394200000</misses>
				<total>0</total>
				<timestamp>4179.107414</timestamp>
			</report>
			<report>
				<misses>394300000</misses>
				<total>0</total>
				<timestamp>4180.154612</timestamp>
			</report>
			<report>
				<misses>394400000</misses>
				<total>0</total>
				<timestamp>4181.216121</timestamp>
			</report>
			<report>
				<misses>394500000</misses>
				<total>0</total>
				<timestamp>4182.289356</timestamp>
			</report>
			<report>
				<misses>394600000</misses>
				<total>0</total>
				<timestamp>4183.366252</timestamp>
			</report>
			<report>
				<misses>394700000</misses>
				<total>0</total>
				<timestamp>4184.424171</timestamp>
			</report>
			<report>
				<misses>394800000</misses>
				<total>0</total>
				<timestamp>4185.491150</timestamp>
			</report>
			<report>
				<misses>394900000</misses>
				<total>0</total>
				<timestamp>4186.574654</timestamp>
			</report>
			<report>
				<misses>395000000</misses>
				<total>0</total>
				<timestamp>4187.624800</timestamp>
			</report>
			<report>
				<misses>395100000</misses>
				<total>0</total>
				<timestamp>4188.695142</timestamp>
			</report>
			<report>
				<misses>395200000</misses>
				<total>0</total>
				<timestamp>4189.747450</timestamp>
			</report>
			<report>
				<misses>395300000</misses>
				<total>0</total>
				<timestamp>4190.823182</timestamp>
			</report>
			<report>
				<misses>395400000</misses>
				<total>0</total>
				<timestamp>4191.880210</timestamp>
			</report>
			<report>
				<misses>395500000</misses>
				<total>0</total>
				<timestamp>4192.936389</timestamp>
			</report>
			<report>
				<misses>395600000</misses>
				<total>0</total>
				<timestamp>4193.988812</timestamp>
			</report>
			<report>
				<misses>395700000</misses>
				<total>0</total>
				<timestamp>4195.048560</timestamp>
			</report>
			<report>
				<misses>395800000</misses>
				<total>0</total>
				<timestamp>4196.100863</timestamp>
			</report>
			<report>
				<misses>395900000</misses>
				<total>0</total>
				<timestamp>4197.155347</timestamp>
			</report>
			<report>
				<misses>396000000</misses>
				<total>0</total>
				<timestamp>4198.205557</timestamp>
			</report>
			<report>
				<misses>396100000</misses>
				<total>0</total>
				<timestamp>4199.282531</timestamp>
			</report>
			<report>
				<misses>396200000</misses>
				<total>0</total>
				<timestamp>4200.350822</timestamp>
			</report>
			<report>
				<misses>396300000</misses>
				<total>0</total>
				<timestamp>4201.421459</timestamp>
			</report>
			<report>
				<misses>396400000</misses>
				<total>0</total>
				<timestamp>4202.483430</timestamp>
			</report>
			<report>
				<misses>396500000</misses>
				<total>0</total>
				<timestamp>4203.543266</timestamp>
			</report>
			<report>
				<misses>396600000</misses>
				<total>0</total>
				<timestamp>4204.605809</timestamp>
			</report>
			<report>
				<misses>396700000</misses>
				<total>0</total>
				<timestamp>4205.672561</timestamp>
			</report>
			<report>
				<misses>396800000</misses>
				<total>0</total>
				<timestamp>4206.731813</timestamp>
			</report>
			<report>
				<misses>396900000</misses>
				<total>0</total>
				<timestamp>4207.767841</timestamp>
			</report>
			<report>
				<misses>397000000</misses>
				<total>0</total>
				<timestamp>4208.810790</timestamp>
			</report>
			<report>
				<misses>397100000</misses>
				<total>0</total>
				<timestamp>4209.873351</timestamp>
			</report>
			<report>
				<misses>397200000</misses>
				<total>0</total>
				<timestamp>4210.932464</timestamp>
			</report>
			<report>
				<misses>397300000</misses>
				<total>0</total>
				<timestamp>4211.985792</timestamp>
			</report>
			<report>
				<misses>397400000</misses>
				<total>0</total>
				<timestamp>4213.033322</timestamp>
			</report>
			<report>
				<misses>397500000</misses>
				<total>0</total>
				<timestamp>4214.091673</timestamp>
			</report>
			<report>
				<misses>397600000</misses>
				<total>0</total>
				<timestamp>4215.161682</timestamp>
			</report>
			<report>
				<misses>397700000</misses>
				<total>0</total>
				<timestamp>4216.225065</timestamp>
			</report>
			<report>
				<misses>397800000</misses>
				<total>0</total>
				<timestamp>4217.301888</timestamp>
			</report>
			<report>
				<misses>397900000</misses>
				<total>0</total>
				<timestamp>4218.345874</timestamp>
			</report>
			<report>
				<misses>398000000</misses>
				<total>0</total>
				<timestamp>4219.420381</timestamp>
			</report>
			<report>
				<misses>398100000</misses>
				<total>0</total>
				<timestamp>4220.487747</timestamp>
			</report>
			<report>
				<misses>398200000</misses>
				<total>0</total>
				<timestamp>4221.568241</timestamp>
			</report>
			<report>
				<misses>398300000</misses>
				<total>0</total>
				<timestamp>4222.642064</timestamp>
			</report>
			<report>
				<misses>398400000</misses>
				<total>0</total>
				<timestamp>4223.695603</timestamp>
			</report>
			<report>
				<misses>398500000</misses>
				<total>0</total>
				<timestamp>4224.733121</timestamp>
			</report>
			<report>
				<misses>398600000</misses>
				<total>0</total>
				<timestamp>4225.802506</timestamp>
			</report>
			<report>
				<misses>398700000</misses>
				<total>0</total>
				<timestamp>4226.852444</timestamp>
			</report>
			<report>
				<misses>398800000</misses>
				<total>0</total>
				<timestamp>4227.917483</timestamp>
			</report>
			<report>
				<misses>398900000</misses>
				<total>0</total>
				<timestamp>4228.982047</timestamp>
			</report>
			<report>
				<misses>399000000</misses>
				<total>0</total>
				<timestamp>4230.040544</timestamp>
			</report>
			<report>
				<misses>399100000</misses>
				<total>0</total>
				<timestamp>4231.123528</timestamp>
			</report>
			<report>
				<misses>399200000</misses>
				<total>0</total>
				<timestamp>4232.170802</timestamp>
			</report>
			<report>
				<misses>399300000</misses>
				<total>0</total>
				<timestamp>4233.223153</timestamp>
			</report>
			<report>
				<misses>399400000</misses>
				<total>0</total>
				<timestamp>4234.313621</timestamp>
			</report>
			<report>
				<misses>399500000</misses>
				<total>0</total>
				<timestamp>4235.379808</timestamp>
			</report>
			<report>
				<misses>399600000</misses>
				<total>0</total>
				<timestamp>4236.450389</timestamp>
			</report>
			<report>
				<misses>399700000</misses>
				<total>0</total>
				<timestamp>4237.515447</timestamp>
			</report>
			<report>
				<misses>399800000</misses>
				<total>0</total>
				<timestamp>4238.585438</timestamp>
			</report>
			<report>
				<misses>399900000</misses>
				<total>0</total>
				<timestamp>4239.632402</timestamp>
			</report>
			<report>
				<misses>400000000</misses>
				<total>0</total>
				<timestamp>4240.690531</timestamp>
			</report>
			<report>
				<misses>400100000</misses>
				<total>0</total>
				<timestamp>4241.742640</timestamp>
			</report>
			<report>
				<misses>400200000</misses>
				<total>0</total>
				<timestamp>4242.807348</timestamp>
			</report>
			<report>
				<misses>400300000</misses>
				<total>0</total>
				<timestamp>4243.906895</timestamp>
			</report>
			<report>
				<misses>400400000</misses>
				<total>0</total>
				<timestamp>4244.954647</timestamp>
			</report>
			<report>
				<misses>400500000</misses>
				<total>0</total>
				<timestamp>4246.022988</timestamp>
			</report>
			<report>
				<misses>400600000</misses>
				<total>0</total>
				<timestamp>4247.093247</timestamp>
			</report>
			<report>
				<misses>400700000</misses>
				<total>0</total>
				<timestamp>4248.169383</timestamp>
			</report>
			<report>
				<misses>400800000</misses>
				<total>0</total>
				<timestamp>4249.281486</timestamp>
			</report>
			<report>
				<misses>400900000</misses>
				<total>0</total>
				<timestamp>4250.387618</timestamp>
			</report>
			<report>
				<misses>401000000</misses>
				<total>0</total>
				<timestamp>4251.445619</timestamp>
			</report>
			<report>
				<misses>401100000</misses>
				<total>0</total>
				<timestamp>4252.519141</timestamp>
			</report>
			<report>
				<misses>401200000</misses>
				<total>0</total>
				<timestamp>4253.569483</timestamp>
			</report>
			<report>
				<misses>401300000</misses>
				<total>0</total>
				<timestamp>4254.619067</timestamp>
			</report>
			<report>
				<misses>401400000</misses>
				<total>0</total>
				<timestamp>4255.660807</timestamp>
			</report>
			<report>
				<misses>401500000</misses>
				<total>0</total>
				<timestamp>4256.714551</timestamp>
			</report>
			<report>
				<misses>401600000</misses>
				<total>0</total>
				<timestamp>4257.752402</timestamp>
			</report>
			<report>
				<misses>401700000</misses>
				<total>0</total>
				<timestamp>4258.805972</timestamp>
			</report>
			<report>
				<misses>401800000</misses>
				<total>0</total>
				<timestamp>4259.892889</timestamp>
			</report>
			<report>
				<misses>401900000</misses>
				<total>0</total>
				<timestamp>4260.955205</timestamp>
			</report>
			<report>
				<misses>402000000</misses>
				<total>0</total>
				<timestamp>4262.013827</timestamp>
			</report>
			<report>
				<misses>402100000</misses>
				<total>0</total>
				<timestamp>4263.087547</timestamp>
			</report>
			<report>
				<misses>402200000</misses>
				<total>0</total>
				<timestamp>4264.154571</timestamp>
			</report>
			<report>
				<misses>402300000</misses>
				<total>0</total>
				<timestamp>4265.220286</timestamp>
			</report>
			<report>
				<misses>402400000</misses>
				<total>0</total>
				<timestamp>4266.295950</timestamp>
			</report>
			<report>
				<misses>402500000</misses>
				<total>0</total>
				<timestamp>4267.354013</timestamp>
			</report>
			<report>
				<misses>402600000</misses>
				<total>0</total>
				<timestamp>4268.408531</timestamp>
			</report>
			<report>
				<misses>402700000</misses>
				<total>0</total>
				<timestamp>4269.477746</timestamp>
			</report>
			<report>
				<misses>402800000</misses>
				<total>0</total>
				<timestamp>4270.528355</timestamp>
			</report>
			<report>
				<misses>402900000</misses>
				<total>0</total>
				<timestamp>4271.585900</timestamp>
			</report>
			<report>
				<misses>403000000</misses>
				<total>0</total>
				<timestamp>4272.624907</timestamp>
			</report>
			<report>
				<misses>403100000</misses>
				<total>0</total>
				<timestamp>4273.678259</timestamp>
			</report>
			<report>
				<misses>403200000</misses>
				<total>0</total>
				<timestamp>4274.718227</timestamp>
			</report>
			<report>
				<misses>403300000</misses>
				<total>0</total>
				<timestamp>4275.766561</timestamp>
			</report>
			<report>
				<misses>403400000</misses>
				<total>0</total>
				<timestamp>4276.875676</timestamp>
			</report>
			<report>
				<misses>403500000</misses>
				<total>0</total>
				<timestamp>4277.930233</timestamp>
			</report>
			<report>
				<misses>403600000</misses>
				<total>0</total>
				<timestamp>4278.980051</timestamp>
			</report>
			<report>
				<misses>403700000</misses>
				<total>0</total>
				<timestamp>4280.045681</timestamp>
			</report>
			<report>
				<misses>403800000</misses>
				<total>0</total>
				<timestamp>4281.122961</timestamp>
			</report>
			<report>
				<misses>403900000</misses>
				<total>0</total>
				<timestamp>4282.177767</timestamp>
			</report>
			<report>
				<misses>404000000</misses>
				<total>0</total>
				<timestamp>4283.253635</timestamp>
			</report>
			<report>
				<misses>404100000</misses>
				<total>0</total>
				<timestamp>4284.306846</timestamp>
			</report>
			<report>
				<misses>404200000</misses>
				<total>0</total>
				<timestamp>4285.374266</timestamp>
			</report>
			<report>
				<misses>404300000</misses>
				<total>0</total>
				<timestamp>4286.430910</timestamp>
			</report>
			<report>
				<misses>404400000</misses>
				<total>0</total>
				<timestamp>4287.474989</timestamp>
			</report>
			<report>
				<misses>404500000</misses>
				<total>0</total>
				<timestamp>4288.517404</timestamp>
			</report>
			<report>
				<misses>404600000</misses>
				<total>0</total>
				<timestamp>4289.559224</timestamp>
			</report>
			<report>
				<misses>404700000</misses>
				<total>0</total>
				<timestamp>4290.612448</timestamp>
			</report>
			<report>
				<misses>404800000</misses>
				<total>0</total>
				<timestamp>4291.661435</timestamp>
			</report>
			<report>
				<misses>404900000</misses>
				<total>0</total>
				<timestamp>4292.729702</timestamp>
			</report>
			<report>
				<misses>405000000</misses>
				<total>0</total>
				<timestamp>4293.804131</timestamp>
			</report>
			<report>
				<misses>405100000</misses>
				<total>0</total>
				<timestamp>4294.854179</timestamp>
			</report>
			<report>
				<misses>405200000</misses>
				<total>0</total>
				<timestamp>4295.915676</timestamp>
			</report>
			<report>
				<misses>405300000</misses>
				<total>0</total>
				<timestamp>4296.958101</timestamp>
			</report>
			<report>
				<misses>405400000</misses>
				<total>0</total>
				<timestamp>4298.005190</timestamp>
			</report>
			<report>
				<misses>405500000</misses>
				<total>0</total>
				<timestamp>4299.060106</timestamp>
			</report>
			<report>
				<misses>405600000</misses>
				<total>0</total>
				<timestamp>4300.125177</timestamp>
			</report>
			<report>
				<misses>405700000</misses>
				<total>0</total>
				<timestamp>4301.194093</timestamp>
			</report>
			<report>
				<misses>405800000</misses>
				<total>0</total>
				<timestamp>4302.253901</timestamp>
			</report>
			<report>
				<misses>405900000</misses>
				<total>0</total>
				<timestamp>4303.299128</timestamp>
			</report>
			<report>
				<misses>406000000</misses>
				<total>0</total>
				<timestamp>4304.335498</timestamp>
			</report>
			<report>
				<misses>406100000</misses>
				<total>0</total>
				<timestamp>4305.384414</timestamp>
			</report>
			<report>
				<misses>406200000</misses>
				<total>0</total>
				<timestamp>4306.439784</timestamp>
			</report>
			<report>
				<misses>406300000</misses>
				<total>0</total>
				<timestamp>4307.489116</timestamp>
			</report>
			<report>
				<misses>406400000</misses>
				<total>0</total>
				<timestamp>4308.536632</timestamp>
			</report>
			<report>
				<misses>406500000</misses>
				<total>0</total>
				<timestamp>4309.601914</timestamp>
			</report>
			<report>
				<misses>406600000</misses>
				<total>0</total>
				<timestamp>4310.669370</timestamp>
			</report>
			<report>
				<misses>406700000</misses>
				<total>0</total>
				<timestamp>4311.734964</timestamp>
			</report>
			<report>
				<misses>406800000</misses>
				<total>0</total>
				<timestamp>4312.792590</timestamp>
			</report>
			<report>
				<misses>406900000</misses>
				<total>0</total>
				<timestamp>4313.867823</timestamp>
			</report>
			<report>
				<misses>407000000</misses>
				<total>0</total>
				<timestamp>4314.942542</timestamp>
			</report>
			<report>
				<misses>407100000</misses>
				<total>0</total>
				<timestamp>4316.031714</timestamp>
			</report>
			<report>
				<misses>407200000</misses>
				<total>0</total>
				<timestamp>4317.079026</timestamp>
			</report>
			<report>
				<misses>407300000</misses>
				<total>0</total>
				<timestamp>4318.180473</timestamp>
			</report>
			<report>
				<misses>407400000</misses>
				<total>0</total>
				<timestamp>4319.235862</timestamp>
			</report>
			<report>
				<misses>407500000</misses>
				<total>0</total>
				<timestamp>4320.282098</timestamp>
			</report>
			<report>
				<misses>407600000</misses>
				<total>0</total>
				<timestamp>4321.324165</timestamp>
			</report>
			<report>
				<misses>407700000</misses>
				<total>0</total>
				<timestamp>4322.368650</timestamp>
			</report>
			<report>
				<misses>407800000</misses>
				<total>0</total>
				<timestamp>4323.429459</timestamp>
			</report>
			<report>
				<misses>407900000</misses>
				<total>0</total>
				<timestamp>4324.463457</timestamp>
			</report>
			<report>
				<misses>408000000</misses>
				<total>0</total>
				<timestamp>4325.555147</timestamp>
			</report>
			<report>
				<misses>408100000</misses>
				<total>0</total>
				<timestamp>4326.626743</timestamp>
			</report>
			<report>
				<misses>408200000</misses>
				<total>0</total>
				<timestamp>4327.690103</timestamp>
			</report>
			<report>
				<misses>408300000</misses>
				<total>0</total>
				<timestamp>4328.768317</timestamp>
			</report>
			<report>
				<misses>408400000</misses>
				<total>0</total>
				<timestamp>4329.863400</timestamp>
			</report>
			<report>
				<misses>408500000</misses>
				<total>0</total>
				<timestamp>4330.933236</timestamp>
			</report>
			<report>
				<misses>408600000</misses>
				<total>0</total>
				<timestamp>4331.984972</timestamp>
			</report>
			<report>
				<misses>408700000</misses>
				<total>0</total>
				<timestamp>4333.040445</timestamp>
			</report>
			<report>
				<misses>408800000</misses>
				<total>0</total>
				<timestamp>4334.135102</timestamp>
			</report>
			<report>
				<misses>408900000</misses>
				<total>0</total>
				<timestamp>4335.191716</timestamp>
			</report>
			<report>
				<misses>409000000</misses>
				<total>0</total>
				<timestamp>4336.238638</timestamp>
			</report>
			<report>
				<misses>409100000</misses>
				<total>0</total>
				<timestamp>4337.288227</timestamp>
			</report>
			<report>
				<misses>409200000</misses>
				<total>0</total>
				<timestamp>4338.355115</timestamp>
			</report>
			<report>
				<misses>409300000</misses>
				<total>0</total>
				<timestamp>4339.415744</timestamp>
			</report>
			<report>
				<misses>409400000</misses>
				<total>0</total>
				<timestamp>4340.459340</timestamp>
			</report>
			<report>
				<misses>409500000</misses>
				<total>0</total>
				<timestamp>4341.505036</timestamp>
			</report>
			<report>
				<misses>409600000</misses>
				<total>0</total>
				<timestamp>4342.538884</timestamp>
			</report>
			<report>
				<misses>409700000</misses>
				<total>0</total>
				<timestamp>4343.591063</timestamp>
			</report>
			<report>
				<misses>409800000</misses>
				<total>0</total>
				<timestamp>4344.640980</timestamp>
			</report>
			<report>
				<misses>409900000</misses>
				<total>0</total>
				<timestamp>4345.725946</timestamp>
			</report>
			<report>
				<misses>410000000</misses>
				<total>0</total>
				<timestamp>4346.781555</timestamp>
			</report>
			<report>
				<misses>410100000</misses>
				<total>0</total>
				<timestamp>4347.837679</timestamp>
			</report>
			<report>
				<misses>410200000</misses>
				<total>0</total>
				<timestamp>4348.920965</timestamp>
			</report>
			<report>
				<misses>410300000</misses>
				<total>0</total>
				<timestamp>4349.972028</timestamp>
			</report>
			<report>
				<misses>410400000</misses>
				<total>0</total>
				<timestamp>4351.063332</timestamp>
			</report>
			<report>
				<misses>410500000</misses>
				<total>0</total>
				<timestamp>4352.150420</timestamp>
			</report>
			<report>
				<misses>410600000</misses>
				<total>0</total>
				<timestamp>4353.219373</timestamp>
			</report>
			<report>
				<misses>410700000</misses>
				<total>0</total>
				<timestamp>4354.289924</timestamp>
			</report>
			<report>
				<misses>410800000</misses>
				<total>0</total>
				<timestamp>4355.361129</timestamp>
			</report>
			<report>
				<misses>410900000</misses>
				<total>0</total>
				<timestamp>4356.431321</timestamp>
			</report>
			<report>
				<misses>411000000</misses>
				<total>0</total>
				<timestamp>4357.530393</timestamp>
			</report>
			<report>
				<misses>411100000</misses>
				<total>0</total>
				<timestamp>4358.581115</timestamp>
			</report>
			<report>
				<misses>411200000</misses>
				<total>0</total>
				<timestamp>4359.640701</timestamp>
			</report>
			<report>
				<misses>411300000</misses>
				<total>0</total>
				<timestamp>4360.682213</timestamp>
			</report>
			<report>
				<misses>411400000</misses>
				<total>0</total>
				<timestamp>4361.744675</timestamp>
			</report>
			<report>
				<misses>411500000</misses>
				<total>0</total>
				<timestamp>4362.790225</timestamp>
			</report>
			<report>
				<misses>411600000</misses>
				<total>0</total>
				<timestamp>4363.850956</timestamp>
			</report>
			<report>
				<misses>411700000</misses>
				<total>0</total>
				<timestamp>4364.891444</timestamp>
			</report>
			<report>
				<misses>411800000</misses>
				<total>0</total>
				<timestamp>4365.967260</timestamp>
			</report>
			<report>
				<misses>411900000</misses>
				<total>0</total>
				<timestamp>4367.028893</timestamp>
			</report>
			<report>
				<misses>412000000</misses>
				<total>0</total>
				<timestamp>4368.087889</timestamp>
			</report>
			<report>
				<misses>412100000</misses>
				<total>0</total>
				<timestamp>4369.138505</timestamp>
			</report>
			<report>
				<misses>412200000</misses>
				<total>0</total>
				<timestamp>4370.202220</timestamp>
			</report>
			<report>
				<misses>412300000</misses>
				<total>0</total>
				<timestamp>4371.253603</timestamp>
			</report>
			<report>
				<misses>412400000</misses>
				<total>0</total>
				<timestamp>4372.330829</timestamp>
			</report>
			<report>
				<misses>412500000</misses>
				<total>0</total>
				<timestamp>4373.413508</timestamp>
			</report>
			<report>
				<misses>412600000</misses>
				<total>0</total>
				<timestamp>4374.479350</timestamp>
			</report>
			<report>
				<misses>412700000</misses>
				<total>0</total>
				<timestamp>4375.561926</timestamp>
			</report>
			<report>
				<misses>412800000</misses>
				<total>0</total>
				<timestamp>4376.624384</timestamp>
			</report>
			<report>
				<misses>412900000</misses>
				<total>0</total>
				<timestamp>4377.681172</timestamp>
			</report>
			<report>
				<misses>413000000</misses>
				<total>0</total>
				<timestamp>4378.767867</timestamp>
			</report>
			<report>
				<misses>413100000</misses>
				<total>0</total>
				<timestamp>4379.845782</timestamp>
			</report>
			<report>
				<misses>413200000</misses>
				<total>0</total>
				<timestamp>4380.916593</timestamp>
			</report>
			<report>
				<misses>413300000</misses>
				<total>0</total>
				<timestamp>4381.987639</timestamp>
			</report>
			<report>
				<misses>413400000</misses>
				<total>0</total>
				<timestamp>4383.046328</timestamp>
			</report>
			<report>
				<misses>413500000</misses>
				<total>0</total>
				<timestamp>4384.122980</timestamp>
			</report>
			<report>
				<misses>413600000</misses>
				<total>0</total>
				<timestamp>4385.194441</timestamp>
			</report>
			<report>
				<misses>413700000</misses>
				<total>0</total>
				<timestamp>4386.240589</timestamp>
			</report>
			<report>
				<misses>413800000</misses>
				<total>0</total>
				<timestamp>4387.304303</timestamp>
			</report>
			<report>
				<misses>413900000</misses>
				<total>0</total>
				<timestamp>4388.356156</timestamp>
			</report>
			<report>
				<misses>414000000</misses>
				<total>0</total>
				<timestamp>4389.396103</timestamp>
			</report>
			<report>
				<misses>414100000</misses>
				<total>0</total>
				<timestamp>4390.463129</timestamp>
			</report>
			<report>
				<misses>414200000</misses>
				<total>0</total>
				<timestamp>4391.515431</timestamp>
			</report>
			<report>
				<misses>414300000</misses>
				<total>0</total>
				<timestamp>4392.593012</timestamp>
			</report>
			<report>
				<misses>414400000</misses>
				<total>0</total>
				<timestamp>4393.670925</timestamp>
			</report>
			<report>
				<misses>414500000</misses>
				<total>0</total>
				<timestamp>4394.731483</timestamp>
			</report>
			<report>
				<misses>414600000</misses>
				<total>0</total>
				<timestamp>4395.796351</timestamp>
			</report>
			<report>
				<misses>414700000</misses>
				<total>0</total>
				<timestamp>4396.875486</timestamp>
			</report>
			<report>
				<misses>414800000</misses>
				<total>0</total>
				<timestamp>4397.939534</timestamp>
			</report>
			<report>
				<misses>414900000</misses>
				<total>0</total>
				<timestamp>4398.997525</timestamp>
			</report>
			<report>
				<misses>415000000</misses>
				<total>0</total>
				<timestamp>4400.053226</timestamp>
			</report>
			<report>
				<misses>415100000</misses>
				<total>0</total>
				<timestamp>4401.111278</timestamp>
			</report>
			<report>
				<misses>415200000</misses>
				<total>0</total>
				<timestamp>4402.143310</timestamp>
			</report>
			<report>
				<misses>415300000</misses>
				<total>0</total>
				<timestamp>4403.201040</timestamp>
			</report>
			<report>
				<misses>415400000</misses>
				<total>0</total>
				<timestamp>4404.258527</timestamp>
			</report>
			<report>
				<misses>415500000</misses>
				<total>0</total>
				<timestamp>4405.314318</timestamp>
			</report>
			<report>
				<misses>415600000</misses>
				<total>0</total>
				<timestamp>4406.349675</timestamp>
			</report>
			<report>
				<misses>415700000</misses>
				<total>0</total>
				<timestamp>4407.402552</timestamp>
			</report>
			<report>
				<misses>415800000</misses>
				<total>0</total>
				<timestamp>4408.464411</timestamp>
			</report>
			<report>
				<misses>415900000</misses>
				<total>0</total>
				<timestamp>4409.534129</timestamp>
			</report>
			<report>
				<misses>416000000</misses>
				<total>0</total>
				<timestamp>4410.575839</timestamp>
			</report>
			<report>
				<misses>416100000</misses>
				<total>0</total>
				<timestamp>4411.686093</timestamp>
			</report>
			<report>
				<misses>416200000</misses>
				<total>0</total>
				<timestamp>4412.743956</timestamp>
			</report>
			<report>
				<misses>416300000</misses>
				<total>0</total>
				<timestamp>4413.814987</timestamp>
			</report>
			<report>
				<misses>416400000</misses>
				<total>0</total>
				<timestamp>4414.868194</timestamp>
			</report>
			<report>
				<misses>416500000</misses>
				<total>0</total>
				<timestamp>4415.960878</timestamp>
			</report>
			<report>
				<misses>416600000</misses>
				<total>0</total>
				<timestamp>4417.039479</timestamp>
			</report>
			<report>
				<misses>416700000</misses>
				<total>0</total>
				<timestamp>4418.072520</timestamp>
			</report>
			<report>
				<misses>416800000</misses>
				<total>0</total>
				<timestamp>4419.157081</timestamp>
			</report>
			<report>
				<misses>416900000</misses>
				<total>0</total>
				<timestamp>4420.196284</timestamp>
			</report>
			<report>
				<misses>417000000</misses>
				<total>0</total>
				<timestamp>4421.235424</timestamp>
			</report>
			<report>
				<misses>417100000</misses>
				<total>0</total>
				<timestamp>4422.289461</timestamp>
			</report>
			<report>
				<misses>417200000</misses>
				<total>0</total>
				<timestamp>4423.346423</timestamp>
			</report>
			<report>
				<misses>417300000</misses>
				<total>0</total>
				<timestamp>4424.394552</timestamp>
			</report>
			<report>
				<misses>417400000</misses>
				<total>0</total>
				<timestamp>4425.451618</timestamp>
			</report>
			<report>
				<misses>417500000</misses>
				<total>0</total>
				<timestamp>4426.505961</timestamp>
			</report>
			<report>
				<misses>417600000</misses>
				<total>0</total>
				<timestamp>4427.562636</timestamp>
			</report>
			<report>
				<misses>417700000</misses>
				<total>0</total>
				<timestamp>4428.613757</timestamp>
			</report>
			<report>
				<misses>417800000</misses>
				<total>0</total>
				<timestamp>4429.687230</timestamp>
			</report>
			<report>
				<misses>417900000</misses>
				<total>0</total>
				<timestamp>4430.742250</timestamp>
			</report>
			<report>
				<misses>418000000</misses>
				<total>0</total>
				<timestamp>4431.810973</timestamp>
			</report>
			<report>
				<misses>418100000</misses>
				<total>0</total>
				<timestamp>4432.876835</timestamp>
			</report>
			<report>
				<misses>418200000</misses>
				<total>0</total>
				<timestamp>4433.956594</timestamp>
			</report>
			<report>
				<misses>418300000</misses>
				<total>0</total>
				<timestamp>4435.029368</timestamp>
			</report>
			<report>
				<misses>418400000</misses>
				<total>0</total>
				<timestamp>4436.084174</timestamp>
			</report>
			<report>
				<misses>418500000</misses>
				<total>0</total>
				<timestamp>4437.122299</timestamp>
			</report>
			<report>
				<misses>418600000</misses>
				<total>0</total>
				<timestamp>4438.220923</timestamp>
			</report>
			<report>
				<misses>418700000</misses>
				<total>0</total>
				<timestamp>4439.282218</timestamp>
			</report>
			<report>
				<misses>418800000</misses>
				<total>0</total>
				<timestamp>4440.365132</timestamp>
			</report>
			<report>
				<misses>418900000</misses>
				<total>0</total>
				<timestamp>4441.444195</timestamp>
			</report>
			<report>
				<misses>419000000</misses>
				<total>0</total>
				<timestamp>4442.493121</timestamp>
			</report>
			<report>
				<misses>419100000</misses>
				<total>0</total>
				<timestamp>4443.539937</timestamp>
			</report>
			<report>
				<misses>419200000</misses>
				<total>0</total>
				<timestamp>4444.584704</timestamp>
			</report>
			<report>
				<misses>419300000</misses>
				<total>0</total>
				<timestamp>4445.653024</timestamp>
			</report>
			<report>
				<misses>419400000</misses>
				<total>0</total>
				<timestamp>4446.709782</timestamp>
			</report>
			<report>
				<misses>419500000</misses>
				<total>0</total>
				<timestamp>4447.760922</timestamp>
			</report>
			<report>
				<misses>419600000</misses>
				<total>0</total>
				<timestamp>4448.843113</timestamp>
			</report>
			<report>
				<misses>419700000</misses>
				<total>0</total>
				<timestamp>4449.935597</timestamp>
			</report>
			<report>
				<misses>419800000</misses>
				<total>0</total>
				<timestamp>4451.008242</timestamp>
			</report>
			<report>
				<misses>419900000</misses>
				<total>0</total>
				<timestamp>4452.077388</timestamp>
			</report>
			<report>
				<misses>420000000</misses>
				<total>0</total>
				<timestamp>4453.135018</timestamp>
			</report>
			<report>
				<misses>420100000</misses>
				<total>0</total>
				<timestamp>4454.187903</timestamp>
			</report>
			<report>
				<misses>420200000</misses>
				<total>0</total>
				<timestamp>4455.248044</timestamp>
			</report>
			<report>
				<misses>420300000</misses>
				<total>0</total>
				<timestamp>4456.332920</timestamp>
			</report>
			<report>
				<misses>420400000</misses>
				<total>0</total>
				<timestamp>4457.388283</timestamp>
			</report>
			<report>
				<misses>420500000</misses>
				<total>0</total>
				<timestamp>4458.434191</timestamp>
			</report>
			<report>
				<misses>420600000</misses>
				<total>0</total>
				<timestamp>4459.512067</timestamp>
			</report>
			<report>
				<misses>420700000</misses>
				<total>0</total>
				<timestamp>4460.580319</timestamp>
			</report>
			<report>
				<misses>420800000</misses>
				<total>0</total>
				<timestamp>4461.648457</timestamp>
			</report>
			<report>
				<misses>420900000</misses>
				<total>0</total>
				<timestamp>4462.703494</timestamp>
			</report>
			<report>
				<misses>421000000</misses>
				<total>0</total>
				<timestamp>4463.767818</timestamp>
			</report>
			<report>
				<misses>421100000</misses>
				<total>0</total>
				<timestamp>4464.827050</timestamp>
			</report>
			<report>
				<misses>421200000</misses>
				<total>0</total>
				<timestamp>4465.882658</timestamp>
			</report>
			<report>
				<misses>421300000</misses>
				<total>0</total>
				<timestamp>4466.956594</timestamp>
			</report>
			<report>
				<misses>421400000</misses>
				<total>0</total>
				<timestamp>4468.023532</timestamp>
			</report>
			<report>
				<misses>421500000</misses>
				<total>0</total>
				<timestamp>4469.082795</timestamp>
			</report>
			<report>
				<misses>421600000</misses>
				<total>0</total>
				<timestamp>4470.130679</timestamp>
			</report>
			<report>
				<misses>421700000</misses>
				<total>0</total>
				<timestamp>4471.185477</timestamp>
			</report>
			<report>
				<misses>421800000</misses>
				<total>0</total>
				<timestamp>4472.246994</timestamp>
			</report>
			<report>
				<misses>421900000</misses>
				<total>0</total>
				<timestamp>4473.300769</timestamp>
			</report>
			<report>
				<misses>422000000</misses>
				<total>0</total>
				<timestamp>4474.354818</timestamp>
			</report>
			<report>
				<misses>422100000</misses>
				<total>0</total>
				<timestamp>4475.426402</timestamp>
			</report>
			<report>
				<misses>422200000</misses>
				<total>0</total>
				<timestamp>4476.485750</timestamp>
			</report>
			<report>
				<misses>422300000</misses>
				<total>0</total>
				<timestamp>4477.556161</timestamp>
			</report>
			<report>
				<misses>422400000</misses>
				<total>0</total>
				<timestamp>4478.597385</timestamp>
			</report>
			<report>
				<misses>422500000</misses>
				<total>0</total>
				<timestamp>4479.640245</timestamp>
			</report>
			<report>
				<misses>422600000</misses>
				<total>0</total>
				<timestamp>4480.683638</timestamp>
			</report>
			<report>
				<misses>422700000</misses>
				<total>0</total>
				<timestamp>4481.735298</timestamp>
			</report>
			<report>
				<misses>422800000</misses>
				<total>0</total>
				<timestamp>4482.785791</timestamp>
			</report>
			<report>
				<misses>422900000</misses>
				<total>0</total>
				<timestamp>4483.863754</timestamp>
			</report>
			<report>
				<misses>423000000</misses>
				<total>0</total>
				<timestamp>4484.925944</timestamp>
			</report>
			<report>
				<misses>423100000</misses>
				<total>0</total>
				<timestamp>4485.998566</timestamp>
			</report>
			<report>
				<misses>423200000</misses>
				<total>0</total>
				<timestamp>4487.087129</timestamp>
			</report>
			<report>
				<misses>423300000</misses>
				<total>0</total>
				<timestamp>4488.135119</timestamp>
			</report>
			<report>
				<misses>423400000</misses>
				<total>0</total>
				<timestamp>4489.196840</timestamp>
			</report>
			<report>
				<misses>423500000</misses>
				<total>0</total>
				<timestamp>4490.250118</timestamp>
			</report>
			<report>
				<misses>423600000</misses>
				<total>0</total>
				<timestamp>4491.324854</timestamp>
			</report>
			<report>
				<misses>423700000</misses>
				<total>0</total>
				<timestamp>4492.395426</timestamp>
			</report>
			<report>
				<misses>423800000</misses>
				<total>0</total>
				<timestamp>4493.471250</timestamp>
			</report>
			<report>
				<misses>423900000</misses>
				<total>0</total>
				<timestamp>4494.536780</timestamp>
			</report>
			<report>
				<misses>424000000</misses>
				<total>0</total>
				<timestamp>4495.620786</timestamp>
			</report>
			<report>
				<misses>424100000</misses>
				<total>0</total>
				<timestamp>4496.705738</timestamp>
			</report>
			<report>
				<misses>424200000</misses>
				<total>0</total>
				<timestamp>4497.768068</timestamp>
			</report>
			<report>
				<misses>424300000</misses>
				<total>0</total>
				<timestamp>4498.815353</timestamp>
			</report>
			<report>
				<misses>424400000</misses>
				<total>0</total>
				<timestamp>4499.866325</timestamp>
			</report>
			<report>
				<misses>424500000</misses>
				<total>0</total>
				<timestamp>4500.921080</timestamp>
			</report>
			<report>
				<misses>424600000</misses>
				<total>0</total>
				<timestamp>4501.978834</timestamp>
			</report>
			<report>
				<misses>424700000</misses>
				<total>0</total>
				<timestamp>4503.019723</timestamp>
			</report>
			<report>
				<misses>424800000</misses>
				<total>0</total>
				<timestamp>4504.064649</timestamp>
			</report>
			<report>
				<misses>424900000</misses>
				<total>0</total>
				<timestamp>4505.151907</timestamp>
			</report>
			<report>
				<misses>425000000</misses>
				<total>0</total>
				<timestamp>4506.225342</timestamp>
			</report>
			<report>
				<misses>425100000</misses>
				<total>0</total>
				<timestamp>4507.274348</timestamp>
			</report>
			<report>
				<misses>425200000</misses>
				<total>0</total>
				<timestamp>4508.338485</timestamp>
			</report>
			<report>
				<misses>425300000</misses>
				<total>0</total>
				<timestamp>4509.398800</timestamp>
			</report>
			<report>
				<misses>425400000</misses>
				<total>0</total>
				<timestamp>4510.461578</timestamp>
			</report>
			<report>
				<misses>425500000</misses>
				<total>0</total>
				<timestamp>4511.499225</timestamp>
			</report>
			<report>
				<misses>425600000</misses>
				<total>0</total>
				<timestamp>4512.559027</timestamp>
			</report>
			<report>
				<misses>425700000</misses>
				<total>0</total>
				<timestamp>4513.660745</timestamp>
			</report>
			<report>
				<misses>425800000</misses>
				<total>0</total>
				<timestamp>4514.706219</timestamp>
			</report>
			<report>
				<misses>425900000</misses>
				<total>0</total>
				<timestamp>4515.773662</timestamp>
			</report>
			<report>
				<misses>426000000</misses>
				<total>0</total>
				<timestamp>4516.824378</timestamp>
			</report>
			<report>
				<misses>426100000</misses>
				<total>0</total>
				<timestamp>4517.880758</timestamp>
			</report>
			<report>
				<misses>426200000</misses>
				<total>0</total>
				<timestamp>4518.922271</timestamp>
			</report>
			<report>
				<misses>426300000</misses>
				<total>0</total>
				<timestamp>4520.009606</timestamp>
			</report>
			<report>
				<misses>426400000</misses>
				<total>0</total>
				<timestamp>4521.056487</timestamp>
			</report>
			<report>
				<misses>426500000</misses>
				<total>0</total>
				<timestamp>4522.147546</timestamp>
			</report>
			<report>
				<misses>426600000</misses>
				<total>0</total>
				<timestamp>4523.223505</timestamp>
			</report>
			<report>
				<misses>426700000</misses>
				<total>0</total>
				<timestamp>4524.295743</timestamp>
			</report>
			<report>
				<misses>426800000</misses>
				<total>0</total>
				<timestamp>4525.347496</timestamp>
			</report>
			<report>
				<misses>426900000</misses>
				<total>0</total>
				<timestamp>4526.422642</timestamp>
			</report>
			<report>
				<misses>427000000</misses>
				<total>0</total>
				<timestamp>4527.509320</timestamp>
			</report>
			<report>
				<misses>427100000</misses>
				<total>0</total>
				<timestamp>4528.561289</timestamp>
			</report>
			<report>
				<misses>427200000</misses>
				<total>0</total>
				<timestamp>4529.620269</timestamp>
			</report>
			<report>
				<misses>427300000</misses>
				<total>0</total>
				<timestamp>4530.666338</timestamp>
			</report>
			<report>
				<misses>427400000</misses>
				<total>0</total>
				<timestamp>4531.727512</timestamp>
			</report>
			<report>
				<misses>427500000</misses>
				<total>0</total>
				<timestamp>4532.781615</timestamp>
			</report>
			<report>
				<misses>427600000</misses>
				<total>0</total>
				<timestamp>4533.837449</timestamp>
			</report>
			<report>
				<misses>427700000</misses>
				<total>0</total>
				<timestamp>4534.879278</timestamp>
			</report>
			<report>
				<misses>427800000</misses>
				<total>0</total>
				<timestamp>4535.919873</timestamp>
			</report>
			<report>
				<misses>427900000</misses>
				<total>0</total>
				<timestamp>4536.967522</timestamp>
			</report>
			<report>
				<misses>428000000</misses>
				<total>0</total>
				<timestamp>4538.002535</timestamp>
			</report>
			<report>
				<misses>428100000</misses>
				<total>0</total>
				<timestamp>4539.077597</timestamp>
			</report>
			<report>
				<misses>428200000</misses>
				<total>0</total>
				<timestamp>4540.121892</timestamp>
			</report>
			<report>
				<misses>428300000</misses>
				<total>0</total>
				<timestamp>4541.182835</timestamp>
			</report>
			<report>
				<misses>428400000</misses>
				<total>0</total>
				<timestamp>4542.245868</timestamp>
			</report>
			<report>
				<misses>428500000</misses>
				<total>0</total>
				<timestamp>4543.302758</timestamp>
			</report>
			<report>
				<misses>428600000</misses>
				<total>0</total>
				<timestamp>4544.392750</timestamp>
			</report>
			<report>
				<misses>428700000</misses>
				<total>0</total>
				<timestamp>4545.433142</timestamp>
			</report>
			<report>
				<misses>428800000</misses>
				<total>0</total>
				<timestamp>4546.508677</timestamp>
			</report>
			<report>
				<misses>428900000</misses>
				<total>0</total>
				<timestamp>4547.557413</timestamp>
			</report>
			<report>
				<misses>429000000</misses>
				<total>0</total>
				<timestamp>4548.626778</timestamp>
			</report>
			<report>
				<misses>429100000</misses>
				<total>0</total>
				<timestamp>4549.696741</timestamp>
			</report>
			<report>
				<misses>429200000</misses>
				<total>0</total>
				<timestamp>4550.771006</timestamp>
			</report>
			<report>
				<misses>429300000</misses>
				<total>0</total>
				<timestamp>4551.833799</timestamp>
			</report>
			<report>
				<misses>429400000</misses>
				<total>0</total>
				<timestamp>4552.884580</timestamp>
			</report>
			<report>
				<misses>429500000</misses>
				<total>0</total>
				<timestamp>4553.976272</timestamp>
			</report>
			<report>
				<misses>429600000</misses>
				<total>0</total>
				<timestamp>4555.035274</timestamp>
			</report>
			<report>
				<misses>429700000</misses>
				<total>0</total>
				<timestamp>4556.115211</timestamp>
			</report>
			<report>
				<misses>429800000</misses>
				<total>0</total>
				<timestamp>4557.190289</timestamp>
			</report>
			<report>
				<misses>429900000</misses>
				<total>0</total>
				<timestamp>4558.249876</timestamp>
			</report>
			<report>
				<misses>430000000</misses>
				<total>0</total>
				<timestamp>4559.299892</timestamp>
			</report>
			<report>
				<misses>430100000</misses>
				<total>0</total>
				<timestamp>4560.371796</timestamp>
			</report>
			<report>
				<misses>430200000</misses>
				<total>0</total>
				<timestamp>4561.425100</timestamp>
			</report>
			<report>
				<misses>430300000</misses>
				<total>0</total>
				<timestamp>4562.477373</timestamp>
			</report>
			<report>
				<misses>430400000</misses>
				<total>0</total>
				<timestamp>4563.516855</timestamp>
			</report>
			<report>
				<misses>430500000</misses>
				<total>0</total>
				<timestamp>4564.564017</timestamp>
			</report>
			<report>
				<misses>430600000</misses>
				<total>0</total>
				<timestamp>4565.648011</timestamp>
			</report>
			<report>
				<misses>430700000</misses>
				<total>0</total>
				<timestamp>4566.706000</timestamp>
			</report>
			<report>
				<misses>430800000</misses>
				<total>0</total>
				<timestamp>4567.779474</timestamp>
			</report>
			<report>
				<misses>430900000</misses>
				<total>0</total>
				<timestamp>4568.843628</timestamp>
			</report>
			<report>
				<misses>431000000</misses>
				<total>0</total>
				<timestamp>4569.910348</timestamp>
			</report>
			<report>
				<misses>431100000</misses>
				<total>0</total>
				<timestamp>4570.955005</timestamp>
			</report>
			<report>
				<misses>431200000</misses>
				<total>0</total>
				<timestamp>4572.035087</timestamp>
			</report>
			<report>
				<misses>431300000</misses>
				<total>0</total>
				<timestamp>4573.082506</timestamp>
			</report>
			<report>
				<misses>431400000</misses>
				<total>0</total>
				<timestamp>4574.158255</timestamp>
			</report>
			<report>
				<misses>431500000</misses>
				<total>0</total>
				<timestamp>4575.204484</timestamp>
			</report>
			<report>
				<misses>431600000</misses>
				<total>0</total>
				<timestamp>4576.248116</timestamp>
			</report>
			<report>
				<misses>431700000</misses>
				<total>0</total>
				<timestamp>4577.309069</timestamp>
			</report>
			<report>
				<misses>431800000</misses>
				<total>0</total>
				<timestamp>4578.353308</timestamp>
			</report>
			<report>
				<misses>431900000</misses>
				<total>0</total>
				<timestamp>4579.415527</timestamp>
			</report>
			<report>
				<misses>432000000</misses>
				<total>0</total>
				<timestamp>4580.453356</timestamp>
			</report>
			<report>
				<misses>432100000</misses>
				<total>0</total>
				<timestamp>4581.518632</timestamp>
			</report>
			<report>
				<misses>432200000</misses>
				<total>0</total>
				<timestamp>4582.578887</timestamp>
			</report>
			<report>
				<misses>432300000</misses>
				<total>0</total>
				<timestamp>4583.663023</timestamp>
			</report>
			<report>
				<misses>432400000</misses>
				<total>0</total>
				<timestamp>4584.719681</timestamp>
			</report>
			<report>
				<misses>432500000</misses>
				<total>0</total>
				<timestamp>4585.804880</timestamp>
			</report>
			<report>
				<misses>432600000</misses>
				<total>0</total>
				<timestamp>4586.874117</timestamp>
			</report>
			<report>
				<misses>432700000</misses>
				<total>0</total>
				<timestamp>4587.926857</timestamp>
			</report>
			<report>
				<misses>432800000</misses>
				<total>0</total>
				<timestamp>4588.987515</timestamp>
			</report>
			<report>
				<misses>432900000</misses>
				<total>0</total>
				<timestamp>4590.044538</timestamp>
			</report>
			<report>
				<misses>433000000</misses>
				<total>0</total>
				<timestamp>4591.149289</timestamp>
			</report>
			<report>
				<misses>433100000</misses>
				<total>0</total>
				<timestamp>4592.213419</timestamp>
			</report>
			<report>
				<misses>433200000</misses>
				<total>0</total>
				<timestamp>4593.291680</timestamp>
			</report>
			<report>
				<misses>433300000</misses>
				<total>0</total>
				<timestamp>4594.346871</timestamp>
			</report>
			<report>
				<misses>433400000</misses>
				<total>0</total>
				<timestamp>4595.402130</timestamp>
			</report>
			<report>
				<misses>433500000</misses>
				<total>0</total>
				<timestamp>4596.451266</timestamp>
			</report>
			<report>
				<misses>433600000</misses>
				<total>0</total>
				<timestamp>4597.506809</timestamp>
			</report>
			<report>
				<misses>433700000</misses>
				<total>0</total>
				<timestamp>4598.587589</timestamp>
			</report>
			<report>
				<misses>433800000</misses>
				<total>0</total>
				<timestamp>4599.653524</timestamp>
			</report>
			<report>
				<misses>433900000</misses>
				<total>0</total>
				<timestamp>4600.718456</timestamp>
			</report>
			<report>
				<misses>434000000</misses>
				<total>0</total>
				<timestamp>4601.774771</timestamp>
			</report>
			<report>
				<misses>434100000</misses>
				<total>0</total>
				<timestamp>4602.864831</timestamp>
			</report>
			<report>
				<misses>434200000</misses>
				<total>0</total>
				<timestamp>4603.906699</timestamp>
			</report>
			<report>
				<misses>434300000</misses>
				<total>0</total>
				<timestamp>4604.953401</timestamp>
			</report>
			<report>
				<misses>434400000</misses>
				<total>0</total>
				<timestamp>4605.999555</timestamp>
			</report>
			<report>
				<misses>434500000</misses>
				<total>0</total>
				<timestamp>4607.048574</timestamp>
			</report>
			<report>
				<misses>434600000</misses>
				<total>0</total>
				<timestamp>4608.103056</timestamp>
			</report>
			<report>
				<misses>434700000</misses>
				<total>0</total>
				<timestamp>4609.154204</timestamp>
			</report>
			<report>
				<misses>434800000</misses>
				<total>0</total>
				<timestamp>4610.192772</timestamp>
			</report>
			<report>
				<misses>434900000</misses>
				<total>0</total>
				<timestamp>4611.262528</timestamp>
			</report>
			<report>
				<misses>435000000</misses>
				<total>0</total>
				<timestamp>4612.326326</timestamp>
			</report>
			<report>
				<misses>435100000</misses>
				<total>0</total>
				<timestamp>4613.389475</timestamp>
			</report>
			<report>
				<misses>435200000</misses>
				<total>0</total>
				<timestamp>4614.460484</timestamp>
			</report>
			<report>
				<misses>435300000</misses>
				<total>0</total>
				<timestamp>4615.511516</timestamp>
			</report>
			<report>
				<misses>435400000</misses>
				<total>0</total>
				<timestamp>4616.595686</timestamp>
			</report>
			<report>
				<misses>435500000</misses>
				<total>0</total>
				<timestamp>4617.680644</timestamp>
			</report>
			<report>
				<misses>435600000</misses>
				<total>0</total>
				<timestamp>4618.746324</timestamp>
			</report>
			<report>
				<misses>435700000</misses>
				<total>0</total>
				<timestamp>4619.796267</timestamp>
			</report>
			<report>
				<misses>435800000</misses>
				<total>0</total>
				<timestamp>4620.848803</timestamp>
			</report>
			<report>
				<misses>435900000</misses>
				<total>0</total>
				<timestamp>4621.913177</timestamp>
			</report>
			<report>
				<misses>436000000</misses>
				<total>0</total>
				<timestamp>4622.960807</timestamp>
			</report>
			<report>
				<misses>436100000</misses>
				<total>0</total>
				<timestamp>4623.999596</timestamp>
			</report>
			<report>
				<misses>436200000</misses>
				<total>0</total>
				<timestamp>4625.042883</timestamp>
			</report>
			<report>
				<misses>436300000</misses>
				<total>0</total>
				<timestamp>4626.079255</timestamp>
			</report>
			<report>
				<misses>436400000</misses>
				<total>0</total>
				<timestamp>4627.119352</timestamp>
			</report>
			<report>
				<misses>436500000</misses>
				<total>0</total>
				<timestamp>4628.178101</timestamp>
			</report>
			<report>
				<misses>436600000</misses>
				<total>0</total>
				<timestamp>4629.273101</timestamp>
			</report>
			<report>
				<misses>436700000</misses>
				<total>0</total>
				<timestamp>4630.331429</timestamp>
			</report>
			<report>
				<misses>436800000</misses>
				<total>0</total>
				<timestamp>4631.402623</timestamp>
			</report>
			<report>
				<misses>436900000</misses>
				<total>0</total>
				<timestamp>4632.442126</timestamp>
			</report>
			<report>
				<misses>437000000</misses>
				<total>0</total>
				<timestamp>4633.518723</timestamp>
			</report>
			<report>
				<misses>437100000</misses>
				<total>0</total>
				<timestamp>4634.588926</timestamp>
			</report>
			<report>
				<misses>437200000</misses>
				<total>0</total>
				<timestamp>4635.629918</timestamp>
			</report>
			<report>
				<misses>437300000</misses>
				<total>0</total>
				<timestamp>4636.683391</timestamp>
			</report>
			<report>
				<misses>437400000</misses>
				<total>0</total>
				<timestamp>4637.744796</timestamp>
			</report>
			<report>
				<misses>437500000</misses>
				<total>0</total>
				<timestamp>4638.796094</timestamp>
			</report>
			<report>
				<misses>437600000</misses>
				<total>0</total>
				<timestamp>4639.848938</timestamp>
			</report>
			<report>
				<misses>437700000</misses>
				<total>0</total>
				<timestamp>4640.881561</timestamp>
			</report>
			<report>
				<misses>437800000</misses>
				<total>0</total>
				<timestamp>4641.944673</timestamp>
			</report>
			<report>
				<misses>437900000</misses>
				<total>0</total>
				<timestamp>4642.985044</timestamp>
			</report>
			<report>
				<misses>438000000</misses>
				<total>0</total>
				<timestamp>4644.043635</timestamp>
			</report>
			<report>
				<misses>438100000</misses>
				<total>0</total>
				<timestamp>4645.099740</timestamp>
			</report>
			<report>
				<misses>438200000</misses>
				<total>0</total>
				<timestamp>4646.176597</timestamp>
			</report>
			<report>
				<misses>438300000</misses>
				<total>0</total>
				<timestamp>4647.254763</timestamp>
			</report>
			<report>
				<misses>438400000</misses>
				<total>0</total>
				<timestamp>4648.322078</timestamp>
			</report>
			<report>
				<misses>438500000</misses>
				<total>0</total>
				<timestamp>4649.385933</timestamp>
			</report>
			<report>
				<misses>438600000</misses>
				<total>0</total>
				<timestamp>4650.456250</timestamp>
			</report>
			<report>
				<misses>438700000</misses>
				<total>0</total>
				<timestamp>4651.528787</timestamp>
			</report>
			<report>
				<misses>438800000</misses>
				<total>0</total>
				<timestamp>4652.590743</timestamp>
			</report>
			<report>
				<misses>438900000</misses>
				<total>0</total>
				<timestamp>4653.665393</timestamp>
			</report>
			<report>
				<misses>439000000</misses>
				<total>0</total>
				<timestamp>4654.734652</timestamp>
			</report>
			<report>
				<misses>439100000</misses>
				<total>0</total>
				<timestamp>4655.792302</timestamp>
			</report>
			<report>
				<misses>439200000</misses>
				<total>0</total>
				<timestamp>4656.842629</timestamp>
			</report>
			<report>
				<misses>439300000</misses>
				<total>0</total>
				<timestamp>4657.880019</timestamp>
			</report>
			<report>
				<misses>439400000</misses>
				<total>0</total>
				<timestamp>4658.918483</timestamp>
			</report>
			<report>
				<misses>439500000</misses>
				<total>0</total>
				<timestamp>4659.965342</timestamp>
			</report>
			<report>
				<misses>439600000</misses>
				<total>0</total>
				<timestamp>4661.006634</timestamp>
			</report>
			<report>
				<misses>439700000</misses>
				<total>0</total>
				<timestamp>4662.087949</timestamp>
			</report>
			<report>
				<misses>439800000</misses>
				<total>0</total>
				<timestamp>4663.168359</timestamp>
			</report>
			<report>
				<misses>439900000</misses>
				<total>0</total>
				<timestamp>4664.218832</timestamp>
			</report>
			<report>
				<misses>440000000</misses>
				<total>0</total>
				<timestamp>4665.302102</timestamp>
			</report>
			<report>
				<misses>440100000</misses>
				<total>0</total>
				<timestamp>4666.374197</timestamp>
			</report>
			<report>
				<misses>440200000</misses>
				<total>0</total>
				<timestamp>4667.437985</timestamp>
			</report>
			<report>
				<misses>440300000</misses>
				<total>0</total>
				<timestamp>4668.492718</timestamp>
			</report>
			<report>
				<misses>440400000</misses>
				<total>0</total>
				<timestamp>4669.551321</timestamp>
			</report>
			<report>
				<misses>440500000</misses>
				<total>0</total>
				<timestamp>4670.614760</timestamp>
			</report>
			<report>
				<misses>440600000</misses>
				<total>0</total>
				<timestamp>4671.673657</timestamp>
			</report>
			<report>
				<misses>440700000</misses>
				<total>0</total>
				<timestamp>4672.720039</timestamp>
			</report>
			<report>
				<misses>440800000</misses>
				<total>0</total>
				<timestamp>4673.760401</timestamp>
			</report>
			<report>
				<misses>440900000</misses>
				<total>0</total>
				<timestamp>4674.809976</timestamp>
			</report>
			<report>
				<misses>441000000</misses>
				<total>0</total>
				<timestamp>4675.855732</timestamp>
			</report>
			<report>
				<misses>441100000</misses>
				<total>0</total>
				<timestamp>4676.914940</timestamp>
			</report>
			<report>
				<misses>441200000</misses>
				<total>0</total>
				<timestamp>4678.002186</timestamp>
			</report>
			<report>
				<misses>441300000</misses>
				<total>0</total>
				<timestamp>4679.035569</timestamp>
			</report>
			<report>
				<misses>441400000</misses>
				<total>0</total>
				<timestamp>4680.096347</timestamp>
			</report>
			<report>
				<misses>441500000</misses>
				<total>0</total>
				<timestamp>4681.155636</timestamp>
			</report>
			<report>
				<misses>441600000</misses>
				<total>0</total>
				<timestamp>4682.217168</timestamp>
			</report>
			<report>
				<misses>441700000</misses>
				<total>0</total>
				<timestamp>4683.291008</timestamp>
			</report>
			<report>
				<misses>441800000</misses>
				<total>0</total>
				<timestamp>4684.375349</timestamp>
			</report>
			<report>
				<misses>441900000</misses>
				<total>0</total>
				<timestamp>4685.447361</timestamp>
			</report>
			<report>
				<misses>442000000</misses>
				<total>0</total>
				<timestamp>4686.509017</timestamp>
			</report>
			<report>
				<misses>442100000</misses>
				<total>0</total>
				<timestamp>4687.581563</timestamp>
			</report>
			<report>
				<misses>442200000</misses>
				<total>0</total>
				<timestamp>4688.638095</timestamp>
			</report>
			<report>
				<misses>442300000</misses>
				<total>0</total>
				<timestamp>4689.719136</timestamp>
			</report>
			<report>
				<misses>442400000</misses>
				<total>0</total>
				<timestamp>4690.766437</timestamp>
			</report>
			<report>
				<misses>442500000</misses>
				<total>0</total>
				<timestamp>4691.819648</timestamp>
			</report>
			<report>
				<misses>442600000</misses>
				<total>0</total>
				<timestamp>4692.882547</timestamp>
			</report>
			<report>
				<misses>442700000</misses>
				<total>0</total>
				<timestamp>4693.944607</timestamp>
			</report>
			<report>
				<misses>442800000</misses>
				<total>0</total>
				<timestamp>4695.006929</timestamp>
			</report>
			<report>
				<misses>442900000</misses>
				<total>0</total>
				<timestamp>4696.060986</timestamp>
			</report>
			<report>
				<misses>443000000</misses>
				<total>0</total>
				<timestamp>4697.119379</timestamp>
			</report>
			<report>
				<misses>443100000</misses>
				<total>0</total>
				<timestamp>4698.166678</timestamp>
			</report>
			<report>
				<misses>443200000</misses>
				<total>0</total>
				<timestamp>4699.237168</timestamp>
			</report>
			<report>
				<misses>443300000</misses>
				<total>0</total>
				<timestamp>4700.274815</timestamp>
			</report>
			<report>
				<misses>443400000</misses>
				<total>0</total>
				<timestamp>4701.340285</timestamp>
			</report>
			<report>
				<misses>443500000</misses>
				<total>0</total>
				<timestamp>4702.383477</timestamp>
			</report>
			<report>
				<misses>443600000</misses>
				<total>0</total>
				<timestamp>4703.444772</timestamp>
			</report>
			<report>
				<misses>443700000</misses>
				<total>0</total>
				<timestamp>4704.508796</timestamp>
			</report>
			<report>
				<misses>443800000</misses>
				<total>0</total>
				<timestamp>4705.564873</timestamp>
			</report>
			<report>
				<misses>443900000</misses>
				<total>0</total>
				<timestamp>4706.624930</timestamp>
			</report>
			<report>
				<misses>444000000</misses>
				<total>0</total>
				<timestamp>4707.697995</timestamp>
			</report>
			<report>
				<misses>444100000</misses>
				<total>0</total>
				<timestamp>4708.774304</timestamp>
			</report>
			<report>
				<misses>444200000</misses>
				<total>0</total>
				<timestamp>4709.844783</timestamp>
			</report>
			<report>
				<misses>444300000</misses>
				<total>0</total>
				<timestamp>4710.907430</timestamp>
			</report>
			<report>
				<misses>444400000</misses>
				<total>0</total>
				<timestamp>4711.962232</timestamp>
			</report>
			<report>
				<misses>444500000</misses>
				<total>0</total>
				<timestamp>4713.035814</timestamp>
			</report>
			<report>
				<misses>444600000</misses>
				<total>0</total>
				<timestamp>4714.072432</timestamp>
			</report>
			<report>
				<misses>444700000</misses>
				<total>0</total>
				<timestamp>4715.120593</timestamp>
			</report>
			<report>
				<misses>444800000</misses>
				<total>0</total>
				<timestamp>4716.160689</timestamp>
			</report>
			<report>
				<misses>444900000</misses>
				<total>0</total>
				<timestamp>4717.197426</timestamp>
			</report>
			<report>
				<misses>445000000</misses>
				<total>0</total>
				<timestamp>4718.263287</timestamp>
			</report>
			<report>
				<misses>445100000</misses>
				<total>0</total>
				<timestamp>4719.303103</timestamp>
			</report>
			<report>
				<misses>445200000</misses>
				<total>0</total>
				<timestamp>4720.365855</timestamp>
			</report>
			<report>
				<misses>445300000</misses>
				<total>0</total>
				<timestamp>4721.415871</timestamp>
			</report>
			<report>
				<misses>445400000</misses>
				<total>0</total>
				<timestamp>4722.494109</timestamp>
			</report>
			<report>
				<misses>445500000</misses>
				<total>0</total>
				<timestamp>4723.541943</timestamp>
			</report>
			<report>
				<misses>445600000</misses>
				<total>0</total>
				<timestamp>4724.617430</timestamp>
			</report>
			<report>
				<misses>445700000</misses>
				<total>0</total>
				<timestamp>4725.682962</timestamp>
			</report>
			<report>
				<misses>445800000</misses>
				<total>0</total>
				<timestamp>4726.758966</timestamp>
			</report>
			<report>
				<misses>445900000</misses>
				<total>0</total>
				<timestamp>4727.828999</timestamp>
			</report>
			<report>
				<misses>446000000</misses>
				<total>0</total>
				<timestamp>4728.903509</timestamp>
			</report>
			<report>
				<misses>446100000</misses>
				<total>0</total>
				<timestamp>4729.940759</timestamp>
			</report>
			<report>
				<misses>446200000</misses>
				<total>0</total>
				<timestamp>4730.983795</timestamp>
			</report>
			<report>
				<misses>446300000</misses>
				<total>0</total>
				<timestamp>4732.037368</timestamp>
			</report>
			<report>
				<misses>446400000</misses>
				<total>0</total>
				<timestamp>4733.080169</timestamp>
			</report>
			<report>
				<misses>446500000</misses>
				<total>0</total>
				<timestamp>4734.124904</timestamp>
			</report>
			<report>
				<misses>446600000</misses>
				<total>0</total>
				<timestamp>4735.174117</timestamp>
			</report>
			<report>
				<misses>446700000</misses>
				<total>0</total>
				<timestamp>4736.219586</timestamp>
			</report>
			<report>
				<misses>446800000</misses>
				<total>0</total>
				<timestamp>4737.291766</timestamp>
			</report>
			<report>
				<misses>446900000</misses>
				<total>0</total>
				<timestamp>4738.381196</timestamp>
			</report>
			<report>
				<misses>447000000</misses>
				<total>0</total>
				<timestamp>4739.415072</timestamp>
			</report>
			<report>
				<misses>447100000</misses>
				<total>0</total>
				<timestamp>4740.467762</timestamp>
			</report>
			<report>
				<misses>447200000</misses>
				<total>0</total>
				<timestamp>4741.537426</timestamp>
			</report>
			<report>
				<misses>447300000</misses>
				<total>0</total>
				<timestamp>4742.583438</timestamp>
			</report>
			<report>
				<misses>447400000</misses>
				<total>0</total>
				<timestamp>4743.658450</timestamp>
			</report>
			<report>
				<misses>447500000</misses>
				<total>0</total>
				<timestamp>4744.719844</timestamp>
			</report>
			<report>
				<misses>447600000</misses>
				<total>0</total>
				<timestamp>4745.813337</timestamp>
			</report>
			<report>
				<misses>447700000</misses>
				<total>0</total>
				<timestamp>4746.859249</timestamp>
			</report>
			<report>
				<misses>447800000</misses>
				<total>0</total>
				<timestamp>4747.912065</timestamp>
			</report>
			<report>
				<misses>447900000</misses>
				<total>0</total>
				<timestamp>4748.969252</timestamp>
			</report>
			<report>
				<misses>448000000</misses>
				<total>0</total>
				<timestamp>4750.038648</timestamp>
			</report>
			<report>
				<misses>448100000</misses>
				<total>0</total>
				<timestamp>4751.118853</timestamp>
			</report>
			<report>
				<misses>448200000</misses>
				<total>0</total>
				<timestamp>4752.159500</timestamp>
			</report>
			<report>
				<misses>448300000</misses>
				<total>0</total>
				<timestamp>4753.213271</timestamp>
			</report>
			<report>
				<misses>448400000</misses>
				<total>0</total>
				<timestamp>4754.257262</timestamp>
			</report>
			<report>
				<misses>448500000</misses>
				<total>0</total>
				<timestamp>4755.301143</timestamp>
			</report>
			<report>
				<misses>448600000</misses>
				<total>0</total>
				<timestamp>4756.363009</timestamp>
			</report>
			<report>
				<misses>448700000</misses>
				<total>0</total>
				<timestamp>4757.403093</timestamp>
			</report>
			<report>
				<misses>448800000</misses>
				<total>0</total>
				<timestamp>4758.450833</timestamp>
			</report>
			<report>
				<misses>448900000</misses>
				<total>0</total>
				<timestamp>4759.518629</timestamp>
			</report>
			<report>
				<misses>449000000</misses>
				<total>0</total>
				<timestamp>4760.586877</timestamp>
			</report>
			<report>
				<misses>449100000</misses>
				<total>0</total>
				<timestamp>4761.649114</timestamp>
			</report>
			<report>
				<misses>449200000</misses>
				<total>0</total>
				<timestamp>4762.712090</timestamp>
			</report>
			<report>
				<misses>449300000</misses>
				<total>0</total>
				<timestamp>4763.787276</timestamp>
			</report>
			<report>
				<misses>449400000</misses>
				<total>0</total>
				<timestamp>4764.842659</timestamp>
			</report>
			<report>
				<misses>449500000</misses>
				<total>0</total>
				<timestamp>4765.899943</timestamp>
			</report>
			<report>
				<misses>449600000</misses>
				<total>0</total>
				<timestamp>4766.976501</timestamp>
			</report>
			<report>
				<misses>449700000</misses>
				<total>0</total>
				<timestamp>4768.015668</timestamp>
			</report>
			<report>
				<misses>449800000</misses>
				<total>0</total>
				<timestamp>4769.067607</timestamp>
			</report>
			<report>
				<misses>449900000</misses>
				<total>0</total>
				<timestamp>4770.106281</timestamp>
			</report>
			<report>
				<misses>450000000</misses>
				<total>0</total>
				<timestamp>4771.157579</timestamp>
			</report>
			<report>
				<misses>450100000</misses>
				<total>0</total>
				<timestamp>4772.193939</timestamp>
			</report>
			<report>
				<misses>450200000</misses>
				<total>0</total>
				<timestamp>4773.249843</timestamp>
			</report>
			<report>
				<misses>450300000</misses>
				<total>0</total>
				<timestamp>4774.297604</timestamp>
			</report>
			<report>
				<misses>450400000</misses>
				<total>0</total>
				<timestamp>4775.325315</timestamp>
			</report>
			<report>
				<misses>450500000</misses>
				<total>0</total>
				<timestamp>4776.386760</timestamp>
			</report>
			<report>
				<misses>450600000</misses>
				<total>0</total>
				<timestamp>4777.467991</timestamp>
			</report>
			<report>
				<misses>450700000</misses>
				<total>0</total>
				<timestamp>4778.541294</timestamp>
			</report>
			<report>
				<misses>450800000</misses>
				<total>0</total>
				<timestamp>4779.624721</timestamp>
			</report>
			<report>
				<misses>450900000</misses>
				<total>0</total>
				<timestamp>4780.657740</timestamp>
			</report>
			<report>
				<misses>451000000</misses>
				<total>0</total>
				<timestamp>4781.755356</timestamp>
			</report>
			<report>
				<misses>451100000</misses>
				<total>0</total>
				<timestamp>4782.806042</timestamp>
			</report>
			<report>
				<misses>451200000</misses>
				<total>0</total>
				<timestamp>4783.870668</timestamp>
			</report>
			<report>
				<misses>451300000</misses>
				<total>0</total>
				<timestamp>4784.905184</timestamp>
			</report>
			<report>
				<misses>451400000</misses>
				<total>0</total>
				<timestamp>4785.966585</timestamp>
			</report>
			<report>
				<misses>451500000</misses>
				<total>0</total>
				<timestamp>4787.014541</timestamp>
			</report>
			<report>
				<misses>451600000</misses>
				<total>0</total>
				<timestamp>4788.057508</timestamp>
			</report>
			<report>
				<misses>451700000</misses>
				<total>0</total>
				<timestamp>4789.119147</timestamp>
			</report>
			<report>
				<misses>451800000</misses>
				<total>0</total>
				<timestamp>4790.176262</timestamp>
			</report>
			<report>
				<misses>451900000</misses>
				<total>0</total>
				<timestamp>4791.256703</timestamp>
			</report>
			<report>
				<misses>452000000</misses>
				<total>0</total>
				<timestamp>4792.294105</timestamp>
			</report>
			<report>
				<misses>452100000</misses>
				<total>0</total>
				<timestamp>4793.349148</timestamp>
			</report>
			<report>
				<misses>452200000</misses>
				<total>0</total>
				<timestamp>4794.409077</timestamp>
			</report>
			<report>
				<misses>452300000</misses>
				<total>0</total>
				<timestamp>4795.482236</timestamp>
			</report>
			<report>
				<misses>452400000</misses>
				<total>0</total>
				<timestamp>4796.544458</timestamp>
			</report>
			<report>
				<misses>452500000</misses>
				<total>0</total>
				<timestamp>4797.614131</timestamp>
			</report>
			<report>
				<misses>452600000</misses>
				<total>0</total>
				<timestamp>4798.678896</timestamp>
			</report>
			<report>
				<misses>452700000</misses>
				<total>0</total>
				<timestamp>4799.713692</timestamp>
			</report>
			<report>
				<misses>452800000</misses>
				<total>0</total>
				<timestamp>4800.766431</timestamp>
			</report>
			<report>
				<misses>452900000</misses>
				<total>0</total>
				<timestamp>4801.808492</timestamp>
			</report>
			<report>
				<misses>453000000</misses>
				<total>0</total>
				<timestamp>4802.867251</timestamp>
			</report>
			<report>
				<misses>453100000</misses>
				<total>0</total>
				<timestamp>4803.906726</timestamp>
			</report>
			<report>
				<misses>453200000</misses>
				<total>0</total>
				<timestamp>4804.948367</timestamp>
			</report>
			<report>
				<misses>453300000</misses>
				<total>0</total>
				<timestamp>4805.991842</timestamp>
			</report>
			<report>
				<misses>453400000</misses>
				<total>0</total>
				<timestamp>4807.061913</timestamp>
			</report>
			<report>
				<misses>453500000</misses>
				<total>0</total>
				<timestamp>4808.122775</timestamp>
			</report>
			<report>
				<misses>453600000</misses>
				<total>0</total>
				<timestamp>4809.166086</timestamp>
			</report>
			<report>
				<misses>453700000</misses>
				<total>0</total>
				<timestamp>4810.220271</timestamp>
			</report>
			<report>
				<misses>453800000</misses>
				<total>0</total>
				<timestamp>4811.286473</timestamp>
			</report>
			<report>
				<misses>453900000</misses>
				<total>0</total>
				<timestamp>4812.343102</timestamp>
			</report>
			<report>
				<misses>454000000</misses>
				<total>0</total>
				<timestamp>4813.429113</timestamp>
			</report>
			<report>
				<misses>454100000</misses>
				<total>0</total>
				<timestamp>4814.494488</timestamp>
			</report>
			<report>
				<misses>454200000</misses>
				<total>0</total>
				<timestamp>4815.553420</timestamp>
			</report>
			<report>
				<misses>454300000</misses>
				<total>0</total>
				<timestamp>4816.605330</timestamp>
			</report>
			<report>
				<misses>454400000</misses>
				<total>0</total>
				<timestamp>4817.645409</timestamp>
			</report>
			<report>
				<misses>454500000</misses>
				<total>0</total>
				<timestamp>4818.695175</timestamp>
			</report>
			<report>
				<misses>454600000</misses>
				<total>0</total>
				<timestamp>4819.740665</timestamp>
			</report>
			<report>
				<misses>454700000</misses>
				<total>0</total>
				<timestamp>4820.806305</timestamp>
			</report>
			<report>
				<misses>454800000</misses>
				<total>0</total>
				<timestamp>4821.869845</timestamp>
			</report>
			<report>
				<misses>454900000</misses>
				<total>0</total>
				<timestamp>4822.933448</timestamp>
			</report>
			<report>
				<misses>455000000</misses>
				<total>0</total>
				<timestamp>4823.977014</timestamp>
			</report>
			<report>
				<misses>455100000</misses>
				<total>0</total>
				<timestamp>4825.028738</timestamp>
			</report>
			<report>
				<misses>455200000</misses>
				<total>0</total>
				<timestamp>4826.089711</timestamp>
			</report>
			<report>
				<misses>455300000</misses>
				<total>0</total>
				<timestamp>4827.145191</timestamp>
			</report>
			<report>
				<misses>455400000</misses>
				<total>0</total>
				<timestamp>4828.195669</timestamp>
			</report>
			<report>
				<misses>455500000</misses>
				<total>0</total>
				<timestamp>4829.234627</timestamp>
			</report>
			<report>
				<misses>455600000</misses>
				<total>0</total>
				<timestamp>4830.299574</timestamp>
			</report>
			<report>
				<misses>455700000</misses>
				<total>0</total>
				<timestamp>4831.347008</timestamp>
			</report>
			<report>
				<misses>455800000</misses>
				<total>0</total>
				<timestamp>4832.390901</timestamp>
			</report>
			<report>
				<misses>455900000</misses>
				<total>0</total>
				<timestamp>4833.438420</timestamp>
			</report>
			<report>
				<misses>456000000</misses>
				<total>0</total>
				<timestamp>4834.501516</timestamp>
			</report>
			<report>
				<misses>456100000</misses>
				<total>0</total>
				<timestamp>4835.553383</timestamp>
			</report>
			<report>
				<misses>456200000</misses>
				<total>0</total>
				<timestamp>4836.603074</timestamp>
			</report>
			<report>
				<misses>456300000</misses>
				<total>0</total>
				<timestamp>4837.648151</timestamp>
			</report>
			<report>
				<misses>456400000</misses>
				<total>0</total>
				<timestamp>4838.706873</timestamp>
			</report>
			<report>
				<misses>456500000</misses>
				<total>0</total>
				<timestamp>4839.766492</timestamp>
			</report>
			<report>
				<misses>456600000</misses>
				<total>0</total>
				<timestamp>4840.837926</timestamp>
			</report>
			<report>
				<misses>456700000</misses>
				<total>0</total>
				<timestamp>4841.903329</timestamp>
			</report>
			<report>
				<misses>456800000</misses>
				<total>0</total>
				<timestamp>4842.973250</timestamp>
			</report>
			<report>
				<misses>456900000</misses>
				<total>0</total>
				<timestamp>4844.022104</timestamp>
			</report>
			<report>
				<misses>457000000</misses>
				<total>0</total>
				<timestamp>4845.078971</timestamp>
			</report>
			<report>
				<misses>457100000</misses>
				<total>0</total>
				<timestamp>4846.143063</timestamp>
			</report>
			<report>
				<misses>457200000</misses>
				<total>0</total>
				<timestamp>4847.198124</timestamp>
			</report>
			<report>
				<misses>457300000</misses>
				<total>0</total>
				<timestamp>4848.286991</timestamp>
			</report>
			<report>
				<misses>457400000</misses>
				<total>0</total>
				<timestamp>4849.381877</timestamp>
			</report>
			<report>
				<misses>457500000</misses>
				<total>0</total>
				<timestamp>4850.465191</timestamp>
			</report>
			<report>
				<misses>457600000</misses>
				<total>0</total>
				<timestamp>4851.525136</timestamp>
			</report>
			<report>
				<misses>457700000</misses>
				<total>0</total>
				<timestamp>4852.588157</timestamp>
			</report>
			<report>
				<misses>457800000</misses>
				<total>0</total>
				<timestamp>4853.656049</timestamp>
			</report>
			<report>
				<misses>457900000</misses>
				<total>0</total>
				<timestamp>4854.697947</timestamp>
			</report>
			<report>
				<misses>458000000</misses>
				<total>0</total>
				<timestamp>4855.771426</timestamp>
			</report>
			<report>
				<misses>458100000</misses>
				<total>0</total>
				<timestamp>4856.818973</timestamp>
			</report>
			<report>
				<misses>458200000</misses>
				<total>0</total>
				<timestamp>4857.872527</timestamp>
			</report>
			<report>
				<misses>458300000</misses>
				<total>0</total>
				<timestamp>4858.912780</timestamp>
			</report>
			<report>
				<misses>458400000</misses>
				<total>0</total>
				<timestamp>4859.963235</timestamp>
			</report>
			<report>
				<misses>458500000</misses>
				<total>0</total>
				<timestamp>4861.013302</timestamp>
			</report>
			<report>
				<misses>458600000</misses>
				<total>0</total>
				<timestamp>4862.059223</timestamp>
			</report>
			<report>
				<misses>458700000</misses>
				<total>0</total>
				<timestamp>4863.114676</timestamp>
			</report>
			<report>
				<misses>458800000</misses>
				<total>0</total>
				<timestamp>4864.211022</timestamp>
			</report>
			<report>
				<misses>458900000</misses>
				<total>0</total>
				<timestamp>4865.276411</timestamp>
			</report>
			<report>
				<misses>459000000</misses>
				<total>0</total>
				<timestamp>4866.358995</timestamp>
			</report>
			<report>
				<misses>459100000</misses>
				<total>0</total>
				<timestamp>4867.447995</timestamp>
			</report>
			<report>
				<misses>459200000</misses>
				<total>0</total>
				<timestamp>4868.518819</timestamp>
			</report>
			<report>
				<misses>459300000</misses>
				<total>0</total>
				<timestamp>4869.607434</timestamp>
			</report>
			<report>
				<misses>459400000</misses>
				<total>0</total>
				<timestamp>4870.658504</timestamp>
			</report>
			<report>
				<misses>459500000</misses>
				<total>0</total>
				<timestamp>4871.720088</timestamp>
			</report>
			<report>
				<misses>459600000</misses>
				<total>0</total>
				<timestamp>4872.793788</timestamp>
			</report>
			<report>
				<misses>459700000</misses>
				<total>0</total>
				<timestamp>4873.864313</timestamp>
			</report>
			<report>
				<misses>459800000</misses>
				<total>0</total>
				<timestamp>4874.938571</timestamp>
			</report>
			<report>
				<misses>459900000</misses>
				<total>0</total>
				<timestamp>4875.991102</timestamp>
			</report>
			<report>
				<misses>460000000</misses>
				<total>0</total>
				<timestamp>4877.039078</timestamp>
			</report>
			<report>
				<misses>460100000</misses>
				<total>0</total>
				<timestamp>4878.093772</timestamp>
			</report>
			<report>
				<misses>460200000</misses>
				<total>0</total>
				<timestamp>4879.141926</timestamp>
			</report>
			<report>
				<misses>460300000</misses>
				<total>0</total>
				<timestamp>4880.180833</timestamp>
			</report>
			<report>
				<misses>460400000</misses>
				<total>0</total>
				<timestamp>4881.223937</timestamp>
			</report>
			<report>
				<misses>460500000</misses>
				<total>0</total>
				<timestamp>4882.269450</timestamp>
			</report>
			<report>
				<misses>460600000</misses>
				<total>0</total>
				<timestamp>4883.370097</timestamp>
			</report>
			<report>
				<misses>460700000</misses>
				<total>0</total>
				<timestamp>4884.423433</timestamp>
			</report>
			<report>
				<misses>460800000</misses>
				<total>0</total>
				<timestamp>4885.484846</timestamp>
			</report>
			<report>
				<misses>460900000</misses>
				<total>0</total>
				<timestamp>4886.550896</timestamp>
			</report>
			<report>
				<misses>461000000</misses>
				<total>0</total>
				<timestamp>4887.636088</timestamp>
			</report>
			<report>
				<misses>461100000</misses>
				<total>0</total>
				<timestamp>4888.697300</timestamp>
			</report>
			<report>
				<misses>461200000</misses>
				<total>0</total>
				<timestamp>4889.757222</timestamp>
			</report>
			<report>
				<misses>461300000</misses>
				<total>0</total>
				<timestamp>4890.823403</timestamp>
			</report>
			<report>
				<misses>461400000</misses>
				<total>0</total>
				<timestamp>4891.867175</timestamp>
			</report>
			<report>
				<misses>461500000</misses>
				<total>0</total>
				<timestamp>4892.916197</timestamp>
			</report>
			<report>
				<misses>461600000</misses>
				<total>0</total>
				<timestamp>4893.982468</timestamp>
			</report>
			<report>
				<misses>461700000</misses>
				<total>0</total>
				<timestamp>4895.033612</timestamp>
			</report>
			<report>
				<misses>461800000</misses>
				<total>0</total>
				<timestamp>4896.085804</timestamp>
			</report>
			<report>
				<misses>461900000</misses>
				<total>0</total>
				<timestamp>4897.145191</timestamp>
			</report>
			<report>
				<misses>462000000</misses>
				<total>0</total>
				<timestamp>4898.209443</timestamp>
			</report>
			<report>
				<misses>462100000</misses>
				<total>0</total>
				<timestamp>4899.273481</timestamp>
			</report>
			<report>
				<misses>462200000</misses>
				<total>0</total>
				<timestamp>4900.342303</timestamp>
			</report>
			<report>
				<misses>462300000</misses>
				<total>0</total>
				<timestamp>4901.420661</timestamp>
			</report>
			<report>
				<misses>462400000</misses>
				<total>0</total>
				<timestamp>4902.533084</timestamp>
			</report>
			<report>
				<misses>462500000</misses>
				<total>0</total>
				<timestamp>4903.596327</timestamp>
			</report>
			<report>
				<misses>462600000</misses>
				<total>0</total>
				<timestamp>4904.675845</timestamp>
			</report>
			<report>
				<misses>462700000</misses>
				<total>0</total>
				<timestamp>4905.733365</timestamp>
			</report>
			<report>
				<misses>462800000</misses>
				<total>0</total>
				<timestamp>4906.802281</timestamp>
			</report>
			<report>
				<misses>462900000</misses>
				<total>0</total>
				<timestamp>4907.842677</timestamp>
			</report>
			<report>
				<misses>463000000</misses>
				<total>0</total>
				<timestamp>4908.901642</timestamp>
			</report>
			<report>
				<misses>463100000</misses>
				<total>0</total>
				<timestamp>4909.962010</timestamp>
			</report>
			<report>
				<misses>463200000</misses>
				<total>0</total>
				<timestamp>4911.003186</timestamp>
			</report>
			<report>
				<misses>463300000</misses>
				<total>0</total>
				<timestamp>4912.066051</timestamp>
			</report>
			<report>
				<misses>463400000</misses>
				<total>0</total>
				<timestamp>4913.128854</timestamp>
			</report>
			<report>
				<misses>463500000</misses>
				<total>0</total>
				<timestamp>4914.224854</timestamp>
			</report>
			<report>
				<misses>463600000</misses>
				<total>0</total>
				<timestamp>4915.303903</timestamp>
			</report>
			<report>
				<misses>463700000</misses>
				<total>0</total>
				<timestamp>4916.392253</timestamp>
			</report>
			<report>
				<misses>463800000</misses>
				<total>0</total>
				<timestamp>4917.452496</timestamp>
			</report>
			<report>
				<misses>463900000</misses>
				<total>0</total>
				<timestamp>4918.515261</timestamp>
			</report>
			<report>
				<misses>464000000</misses>
				<total>0</total>
				<timestamp>4919.584024</timestamp>
			</report>
			<report>
				<misses>464100000</misses>
				<total>0</total>
				<timestamp>4920.661983</timestamp>
			</report>
			<report>
				<misses>464200000</misses>
				<total>0</total>
				<timestamp>4921.718379</timestamp>
			</report>
			<report>
				<misses>464300000</misses>
				<total>0</total>
				<timestamp>4922.787426</timestamp>
			</report>
			<report>
				<misses>464400000</misses>
				<total>0</total>
				<timestamp>4923.843716</timestamp>
			</report>
			<report>
				<misses>464500000</misses>
				<total>0</total>
				<timestamp>4924.907158</timestamp>
			</report>
			<report>
				<misses>464600000</misses>
				<total>0</total>
				<timestamp>4925.947106</timestamp>
			</report>
			<report>
				<misses>464700000</misses>
				<total>0</total>
				<timestamp>4926.997355</timestamp>
			</report>
			<report>
				<misses>464800000</misses>
				<total>0</total>
				<timestamp>4928.054198</timestamp>
			</report>
			<report>
				<misses>464900000</misses>
				<total>0</total>
				<timestamp>4929.091033</timestamp>
			</report>
			<report>
				<misses>465000000</misses>
				<total>0</total>
				<timestamp>4930.155911</timestamp>
			</report>
			<report>
				<misses>465100000</misses>
				<total>0</total>
				<timestamp>4931.203285</timestamp>
			</report>
			<report>
				<misses>465200000</misses>
				<total>0</total>
				<timestamp>4932.293146</timestamp>
			</report>
			<report>
				<misses>465300000</misses>
				<total>0</total>
				<timestamp>4933.365661</timestamp>
			</report>
			<report>
				<misses>465400000</misses>
				<total>0</total>
				<timestamp>4934.429837</timestamp>
			</report>
			<report>
				<misses>465500000</misses>
				<total>0</total>
				<timestamp>4935.500152</timestamp>
			</report>
			<report>
				<misses>465600000</misses>
				<total>0</total>
				<timestamp>4936.570878</timestamp>
			</report>
			<report>
				<misses>465700000</misses>
				<total>0</total>
				<timestamp>4937.650005</timestamp>
			</report>
			<report>
				<misses>465800000</misses>
				<total>0</total>
				<timestamp>4938.712970</timestamp>
			</report>
			<report>
				<misses>465900000</misses>
				<total>0</total>
				<timestamp>4939.772928</timestamp>
			</report>
			<report>
				<misses>466000000</misses>
				<total>0</total>
				<timestamp>4940.812744</timestamp>
			</report>
			<report>
				<misses>466100000</misses>
				<total>0</total>
				<timestamp>4941.861312</timestamp>
			</report>
			<report>
				<misses>466200000</misses>
				<total>0</total>
				<timestamp>4942.904353</timestamp>
			</report>
			<report>
				<misses>466300000</misses>
				<total>0</total>
				<timestamp>4943.950539</timestamp>
			</report>
			<report>
				<misses>466400000</misses>
				<total>0</total>
				<timestamp>4944.988855</timestamp>
			</report>
			<report>
				<misses>466500000</misses>
				<total>0</total>
				<timestamp>4946.037851</timestamp>
			</report>
			<report>
				<misses>466600000</misses>
				<total>0</total>
				<timestamp>4947.132313</timestamp>
			</report>
			<report>
				<misses>466700000</misses>
				<total>0</total>
				<timestamp>4948.177203</timestamp>
			</report>
			<report>
				<misses>466800000</misses>
				<total>0</total>
				<timestamp>4949.274625</timestamp>
			</report>
			<report>
				<misses>466900000</misses>
				<total>0</total>
				<timestamp>4950.331122</timestamp>
			</report>
			<report>
				<misses>467000000</misses>
				<total>0</total>
				<timestamp>4951.389357</timestamp>
			</report>
			<report>
				<misses>467100000</misses>
				<total>0</total>
				<timestamp>4952.462358</timestamp>
			</report>
			<report>
				<misses>467200000</misses>
				<total>0</total>
				<timestamp>4953.532763</timestamp>
			</report>
			<report>
				<misses>467300000</misses>
				<total>0</total>
				<timestamp>4954.608369</timestamp>
			</report>
			<report>
				<misses>467400000</misses>
				<total>0</total>
				<timestamp>4955.682882</timestamp>
			</report>
			<report>
				<misses>467500000</misses>
				<total>0</total>
				<timestamp>4956.759519</timestamp>
			</report>
			<report>
				<misses>467600000</misses>
				<total>0</total>
				<timestamp>4957.828443</timestamp>
			</report>
			<report>
				<misses>467700000</misses>
				<total>0</total>
				<timestamp>4958.881460</timestamp>
			</report>
			<report>
				<misses>467800000</misses>
				<total>0</total>
				<timestamp>4959.922262</timestamp>
			</report>
			<report>
				<misses>467900000</misses>
				<total>0</total>
				<timestamp>4960.975593</timestamp>
			</report>
			<report>
				<misses>468000000</misses>
				<total>0</total>
				<timestamp>4962.028777</timestamp>
			</report>
			<report>
				<misses>468100000</misses>
				<total>0</total>
				<timestamp>4963.077909</timestamp>
			</report>
			<report>
				<misses>468200000</misses>
				<total>0</total>
				<timestamp>4964.140682</timestamp>
			</report>
			<report>
				<misses>468300000</misses>
				<total>0</total>
				<timestamp>4965.175701</timestamp>
			</report>
			<report>
				<misses>468400000</misses>
				<total>0</total>
				<timestamp>4966.233396</timestamp>
			</report>
			<report>
				<misses>468500000</misses>
				<total>0</total>
				<timestamp>4967.283013</timestamp>
			</report>
			<report>
				<misses>468600000</misses>
				<total>0</total>
				<timestamp>4968.348941</timestamp>
			</report>
			<report>
				<misses>468700000</misses>
				<total>0</total>
				<timestamp>4969.432454</timestamp>
			</report>
			<report>
				<misses>468800000</misses>
				<total>0</total>
				<timestamp>4970.506563</timestamp>
			</report>
			<report>
				<misses>468900000</misses>
				<total>0</total>
				<timestamp>4971.586179</timestamp>
			</report>
			<report>
				<misses>469000000</misses>
				<total>0</total>
				<timestamp>4972.638501</timestamp>
			</report>
			<report>
				<misses>469100000</misses>
				<total>0</total>
				<timestamp>4973.706429</timestamp>
			</report>
			<report>
				<misses>469200000</misses>
				<total>0</total>
				<timestamp>4974.791160</timestamp>
			</report>
			<report>
				<misses>469300000</misses>
				<total>0</total>
				<timestamp>4975.852218</timestamp>
			</report>
			<report>
				<misses>469400000</misses>
				<total>0</total>
				<timestamp>4976.933340</timestamp>
			</report>
			<report>
				<misses>469500000</misses>
				<total>0</total>
				<timestamp>4977.972648</timestamp>
			</report>
			<report>
				<misses>469600000</misses>
				<total>0</total>
				<timestamp>4979.024389</timestamp>
			</report>
			<report>
				<misses>469700000</misses>
				<total>0</total>
				<timestamp>4980.057667</timestamp>
			</report>
			<report>
				<misses>469800000</misses>
				<total>0</total>
				<timestamp>4981.123387</timestamp>
			</report>
			<report>
				<misses>469900000</misses>
				<total>0</total>
				<timestamp>4982.171358</timestamp>
			</report>
			<report>
				<misses>470000000</misses>
				<total>0</total>
				<timestamp>4983.208953</timestamp>
			</report>
			<report>
				<misses>470100000</misses>
				<total>0</total>
				<timestamp>4984.245104</timestamp>
			</report>
			<report>
				<misses>470200000</misses>
				<total>0</total>
				<timestamp>4985.272394</timestamp>
			</report>
			<report>
				<misses>470300000</misses>
				<total>0</total>
				<timestamp>4986.348380</timestamp>
			</report>
			<report>
				<misses>470400000</misses>
				<total>0</total>
				<timestamp>4987.408338</timestamp>
			</report>
			<report>
				<misses>470500000</misses>
				<total>0</total>
				<timestamp>4988.475565</timestamp>
			</report>
			<report>
				<misses>470600000</misses>
				<total>0</total>
				<timestamp>4989.546231</timestamp>
			</report>
			<report>
				<misses>470700000</misses>
				<total>0</total>
				<timestamp>4990.593936</timestamp>
			</report>
			<report>
				<misses>470800000</misses>
				<total>0</total>
				<timestamp>4991.657378</timestamp>
			</report>
			<report>
				<misses>470900000</misses>
				<total>0</total>
				<timestamp>4992.728194</timestamp>
			</report>
			<report>
				<misses>471000000</misses>
				<total>0</total>
				<timestamp>4993.831170</timestamp>
			</report>
			<report>
				<misses>471100000</misses>
				<total>0</total>
				<timestamp>4994.881512</timestamp>
			</report>
			<report>
				<misses>471200000</misses>
				<total>0</total>
				<timestamp>4995.948446</timestamp>
			</report>
			<report>
				<misses>471300000</misses>
				<total>0</total>
				<timestamp>4997.019373</timestamp>
			</report>
			<report>
				<misses>471400000</misses>
				<total>0</total>
				<timestamp>4998.097876</timestamp>
			</report>
			<report>
				<misses>471500000</misses>
				<total>0</total>
				<timestamp>4999.170335</timestamp>
			</report>
			<report>
				<misses>471600000</misses>
				<total>0</total>
				<timestamp>5000.243873</timestamp>
			</report>
			<report>
				<misses>471700000</misses>
				<total>0</total>
				<timestamp>5001.324731</timestamp>
			</report>
			<report>
				<misses>471800000</misses>
				<total>0</total>
				<timestamp>5002.385571</timestamp>
			</report>
			<report>
				<misses>471900000</misses>
				<total>0</total>
				<timestamp>5003.465266</timestamp>
			</report>
			<report>
				<misses>472000000</misses>
				<total>0</total>
				<timestamp>5004.512347</timestamp>
			</report>
			<report>
				<misses>472100000</misses>
				<total>0</total>
				<timestamp>5005.571513</timestamp>
			</report>
			<report>
				<misses>472200000</misses>
				<total>0</total>
				<timestamp>5006.628797</timestamp>
			</report>
			<report>
				<misses>472300000</misses>
				<total>0</total>
				<timestamp>5007.683769</timestamp>
			</report>
			<report>
				<misses>472400000</misses>
				<total>0</total>
				<timestamp>5008.721377</timestamp>
			</report>
			<report>
				<misses>472500000</misses>
				<total>0</total>
				<timestamp>5009.764562</timestamp>
			</report>
			<report>
				<misses>472600000</misses>
				<total>0</total>
				<timestamp>5010.807754</timestamp>
			</report>
			<report>
				<misses>472700000</misses>
				<total>0</total>
				<timestamp>5011.848250</timestamp>
			</report>
			<report>
				<misses>472800000</misses>
				<total>0</total>
				<timestamp>5012.893669</timestamp>
			</report>
			<report>
				<misses>472900000</misses>
				<total>0</total>
				<timestamp>5013.936331</timestamp>
			</report>
			<report>
				<misses>473000000</misses>
				<total>0</total>
				<timestamp>5014.991017</timestamp>
			</report>
			<report>
				<misses>473100000</misses>
				<total>0</total>
				<timestamp>5016.052106</timestamp>
			</report>
			<report>
				<misses>473200000</misses>
				<total>0</total>
				<timestamp>5017.094611</timestamp>
			</report>
			<report>
				<misses>473300000</misses>
				<total>0</total>
				<timestamp>5018.193696</timestamp>
			</report>
			<report>
				<misses>473400000</misses>
				<total>0</total>
				<timestamp>5019.257911</timestamp>
			</report>
			<report>
				<misses>473500000</misses>
				<total>0</total>
				<timestamp>5020.339558</timestamp>
			</report>
			<report>
				<misses>473600000</misses>
				<total>0</total>
				<timestamp>5021.406826</timestamp>
			</report>
			<report>
				<misses>473700000</misses>
				<total>0</total>
				<timestamp>5022.482009</timestamp>
			</report>
			<report>
				<misses>473800000</misses>
				<total>0</total>
				<timestamp>5023.546481</timestamp>
			</report>
			<report>
				<misses>473900000</misses>
				<total>0</total>
				<timestamp>5024.624076</timestamp>
			</report>
			<report>
				<misses>474000000</misses>
				<total>0</total>
				<timestamp>5025.698390</timestamp>
			</report>
			<report>
				<misses>474100000</misses>
				<total>0</total>
				<timestamp>5026.789562</timestamp>
			</report>
			<report>
				<misses>474200000</misses>
				<total>0</total>
				<timestamp>5027.891362</timestamp>
			</report>
			<report>
				<misses>474300000</misses>
				<total>0</total>
				<timestamp>5028.932151</timestamp>
			</report>
			<report>
				<misses>474400000</misses>
				<total>0</total>
				<timestamp>5029.989047</timestamp>
			</report>
			<report>
				<misses>474500000</misses>
				<total>0</total>
				<timestamp>5031.069264</timestamp>
			</report>
			<report>
				<misses>474600000</misses>
				<total>0</total>
				<timestamp>5032.124475</timestamp>
			</report>
			<report>
				<misses>474700000</misses>
				<total>0</total>
				<timestamp>5033.168578</timestamp>
			</report>
			<report>
				<misses>474800000</misses>
				<total>0</total>
				<timestamp>5034.205679</timestamp>
			</report>
			<report>
				<misses>474900000</misses>
				<total>0</total>
				<timestamp>5035.262344</timestamp>
			</report>
			<report>
				<misses>475000000</misses>
				<total>0</total>
				<timestamp>5036.291110</timestamp>
			</report>
			<report>
				<misses>475100000</misses>
				<total>0</total>
				<timestamp>5037.353337</timestamp>
			</report>
			<report>
				<misses>475200000</misses>
				<total>0</total>
				<timestamp>5038.397624</timestamp>
			</report>
			<report>
				<misses>475300000</misses>
				<total>0</total>
				<timestamp>5039.466118</timestamp>
			</report>
			<report>
				<misses>475400000</misses>
				<total>0</total>
				<timestamp>5040.505911</timestamp>
			</report>
			<report>
				<misses>475500000</misses>
				<total>0</total>
				<timestamp>5041.562636</timestamp>
			</report>
			<report>
				<misses>475600000</misses>
				<total>0</total>
				<timestamp>5042.628432</timestamp>
			</report>
			<report>
				<misses>475700000</misses>
				<total>0</total>
				<timestamp>5043.696455</timestamp>
			</report>
			<report>
				<misses>475800000</misses>
				<total>0</total>
				<timestamp>5044.781183</timestamp>
			</report>
			<report>
				<misses>475900000</misses>
				<total>0</total>
				<timestamp>5045.829058</timestamp>
			</report>
			<report>
				<misses>476000000</misses>
				<total>0</total>
				<timestamp>5046.894220</timestamp>
			</report>
			<report>
				<misses>476100000</misses>
				<total>0</total>
				<timestamp>5047.968074</timestamp>
			</report>
			<report>
				<misses>476200000</misses>
				<total>0</total>
				<timestamp>5049.040638</timestamp>
			</report>
			<report>
				<misses>476300000</misses>
				<total>0</total>
				<timestamp>5050.099239</timestamp>
			</report>
			<report>
				<misses>476400000</misses>
				<total>0</total>
				<timestamp>5051.164844</timestamp>
			</report>
			<report>
				<misses>476500000</misses>
				<total>0</total>
				<timestamp>5052.208862</timestamp>
			</report>
			<report>
				<misses>476600000</misses>
				<total>0</total>
				<timestamp>5053.260297</timestamp>
			</report>
			<report>
				<misses>476700000</misses>
				<total>0</total>
				<timestamp>5054.353554</timestamp>
			</report>
			<report>
				<misses>476800000</misses>
				<total>0</total>
				<timestamp>5055.388665</timestamp>
			</report>
			<report>
				<misses>476900000</misses>
				<total>0</total>
				<timestamp>5056.443407</timestamp>
			</report>
			<report>
				<misses>477000000</misses>
				<total>0</total>
				<timestamp>5057.486589</timestamp>
			</report>
			<report>
				<misses>477100000</misses>
				<total>0</total>
				<timestamp>5058.532636</timestamp>
			</report>
			<report>
				<misses>477200000</misses>
				<total>0</total>
				<timestamp>5059.594206</timestamp>
			</report>
			<report>
				<misses>477300000</misses>
				<total>0</total>
				<timestamp>5060.648081</timestamp>
			</report>
			<report>
				<misses>477400000</misses>
				<total>0</total>
				<timestamp>5061.736694</timestamp>
			</report>
			<report>
				<misses>477500000</misses>
				<total>0</total>
				<timestamp>5062.832464</timestamp>
			</report>
			<report>
				<misses>477600000</misses>
				<total>0</total>
				<timestamp>5063.908959</timestamp>
			</report>
			<report>
				<misses>477700000</misses>
				<total>0</total>
				<timestamp>5064.976576</timestamp>
			</report>
			<report>
				<misses>477800000</misses>
				<total>0</total>
				<timestamp>5066.066085</timestamp>
			</report>
			<report>
				<misses>477900000</misses>
				<total>0</total>
				<timestamp>5067.136665</timestamp>
			</report>
			<report>
				<misses>478000000</misses>
				<total>0</total>
				<timestamp>5068.210808</timestamp>
			</report>
			<report>
				<misses>478100000</misses>
				<total>0</total>
				<timestamp>5069.276184</timestamp>
			</report>
			<report>
				<misses>478200000</misses>
				<total>0</total>
				<timestamp>5070.356907</timestamp>
			</report>
			<report>
				<misses>478300000</misses>
				<total>0</total>
				<timestamp>5071.390619</timestamp>
			</report>
			<report>
				<misses>478400000</misses>
				<total>0</total>
				<timestamp>5072.474875</timestamp>
			</report>
			<report>
				<misses>478500000</misses>
				<total>0</total>
				<timestamp>5073.518625</timestamp>
			</report>
			<report>
				<misses>478600000</misses>
				<total>0</total>
				<timestamp>5074.562514</timestamp>
			</report>
			<report>
				<misses>478700000</misses>
				<total>0</total>
				<timestamp>5075.603661</timestamp>
			</report>
			<report>
				<misses>478800000</misses>
				<total>0</total>
				<timestamp>5076.641927</timestamp>
			</report>
			<report>
				<misses>478900000</misses>
				<total>0</total>
				<timestamp>5077.718572</timestamp>
			</report>
			<report>
				<misses>479000000</misses>
				<total>0</total>
				<timestamp>5078.771133</timestamp>
			</report>
			<report>
				<misses>479100000</misses>
				<total>0</total>
				<timestamp>5079.837566</timestamp>
			</report>
			<report>
				<misses>479200000</misses>
				<total>0</total>
				<timestamp>5080.869205</timestamp>
			</report>
			<report>
				<misses>479300000</misses>
				<total>0</total>
				<timestamp>5081.955629</timestamp>
			</report>
			<report>
				<misses>479400000</misses>
				<total>0</total>
				<timestamp>5083.001662</timestamp>
			</report>
			<report>
				<misses>479500000</misses>
				<total>0</total>
				<timestamp>5084.052131</timestamp>
			</report>
			<report>
				<misses>479600000</misses>
				<total>0</total>
				<timestamp>5085.135956</timestamp>
			</report>
			<report>
				<misses>479700000</misses>
				<total>0</total>
				<timestamp>5086.187820</timestamp>
			</report>
			<report>
				<misses>479800000</misses>
				<total>0</total>
				<timestamp>5087.261418</timestamp>
			</report>
			<report>
				<misses>479900000</misses>
				<total>0</total>
				<timestamp>5088.294114</timestamp>
			</report>
			<report>
				<misses>480000000</misses>
				<total>0</total>
				<timestamp>5089.343071</timestamp>
			</report>
			<report>
				<misses>480100000</misses>
				<total>0</total>
				<timestamp>5090.396464</timestamp>
			</report>
			<report>
				<misses>480200000</misses>
				<total>0</total>
				<timestamp>5091.454522</timestamp>
			</report>
			<report>
				<misses>480300000</misses>
				<total>0</total>
				<timestamp>5092.499628</timestamp>
			</report>
			<report>
				<misses>480400000</misses>
				<total>0</total>
				<timestamp>5093.543091</timestamp>
			</report>
			<report>
				<misses>480500000</misses>
				<total>0</total>
				<timestamp>5094.618152</timestamp>
			</report>
			<report>
				<misses>480600000</misses>
				<total>0</total>
				<timestamp>5095.670583</timestamp>
			</report>
			<report>
				<misses>480700000</misses>
				<total>0</total>
				<timestamp>5096.728041</timestamp>
			</report>
			<report>
				<misses>480800000</misses>
				<total>0</total>
				<timestamp>5097.802774</timestamp>
			</report>
			<report>
				<misses>480900000</misses>
				<total>0</total>
				<timestamp>5098.883297</timestamp>
			</report>
			<report>
				<misses>481000000</misses>
				<total>0</total>
				<timestamp>5099.939239</timestamp>
			</report>
			<report>
				<misses>481100000</misses>
				<total>0</total>
				<timestamp>5100.995775</timestamp>
			</report>
			<report>
				<misses>481200000</misses>
				<total>0</total>
				<timestamp>5102.070691</timestamp>
			</report>
			<report>
				<misses>481300000</misses>
				<total>0</total>
				<timestamp>5103.135852</timestamp>
			</report>
			<report>
				<misses>481400000</misses>
				<total>0</total>
				<timestamp>5104.188207</timestamp>
			</report>
			<report>
				<misses>481500000</misses>
				<total>0</total>
				<timestamp>5105.227857</timestamp>
			</report>
			<report>
				<misses>481600000</misses>
				<total>0</total>
				<timestamp>5106.270910</timestamp>
			</report>
			<report>
				<misses>481700000</misses>
				<total>0</total>
				<timestamp>5107.341750</timestamp>
			</report>
			<report>
				<misses>481800000</misses>
				<total>0</total>
				<timestamp>5108.386982</timestamp>
			</report>
			<report>
				<misses>481900000</misses>
				<total>0</total>
				<timestamp>5109.431193</timestamp>
			</report>
			<report>
				<misses>482000000</misses>
				<total>0</total>
				<timestamp>5110.484862</timestamp>
			</report>
			<report>
				<misses>482100000</misses>
				<total>0</total>
				<timestamp>5111.549476</timestamp>
			</report>
			<report>
				<misses>482200000</misses>
				<total>0</total>
				<timestamp>5112.618575</timestamp>
			</report>
			<report>
				<misses>482300000</misses>
				<total>0</total>
				<timestamp>5113.678712</timestamp>
			</report>
			<report>
				<misses>482400000</misses>
				<total>0</total>
				<timestamp>5114.730990</timestamp>
			</report>
			<report>
				<misses>482500000</misses>
				<total>0</total>
				<timestamp>5115.784316</timestamp>
			</report>
			<report>
				<misses>482600000</misses>
				<total>0</total>
				<timestamp>5116.827281</timestamp>
			</report>
			<report>
				<misses>482700000</misses>
				<total>0</total>
				<timestamp>5117.883692</timestamp>
			</report>
			<report>
				<misses>482800000</misses>
				<total>0</total>
				<timestamp>5118.945689</timestamp>
			</report>
			<report>
				<misses>482900000</misses>
				<total>0</total>
				<timestamp>5120.004612</timestamp>
			</report>
			<report>
				<misses>483000000</misses>
				<total>0</total>
				<timestamp>5121.043138</timestamp>
			</report>
			<report>
				<misses>483100000</misses>
				<total>0</total>
				<timestamp>5122.089425</timestamp>
			</report>
			<report>
				<misses>483200000</misses>
				<total>0</total>
				<timestamp>5123.160442</timestamp>
			</report>
			<report>
				<misses>483300000</misses>
				<total>0</total>
				<timestamp>5124.202950</timestamp>
			</report>
			<report>
				<misses>483400000</misses>
				<total>0</total>
				<timestamp>5125.247030</timestamp>
			</report>
			<report>
				<misses>483500000</misses>
				<total>0</total>
				<timestamp>5126.312982</timestamp>
			</report>
			<report>
				<misses>483600000</misses>
				<total>0</total>
				<timestamp>5127.402952</timestamp>
			</report>
			<report>
				<misses>483700000</misses>
				<total>0</total>
				<timestamp>5128.480704</timestamp>
			</report>
			<report>
				<misses>483800000</misses>
				<total>0</total>
				<timestamp>5129.553751</timestamp>
			</report>
			<report>
				<misses>483900000</misses>
				<total>0</total>
				<timestamp>5130.609482</timestamp>
			</report>
			<report>
				<misses>484000000</misses>
				<total>0</total>
				<timestamp>5131.685186</timestamp>
			</report>
			<report>
				<misses>484100000</misses>
				<total>0</total>
				<timestamp>5132.730816</timestamp>
			</report>
			<report>
				<misses>484200000</misses>
				<total>0</total>
				<timestamp>5133.799752</timestamp>
			</report>
			<report>
				<misses>484300000</misses>
				<total>0</total>
				<timestamp>5134.848707</timestamp>
			</report>
			<report>
				<misses>484400000</misses>
				<total>0</total>
				<timestamp>5135.920462</timestamp>
			</report>
			<report>
				<misses>484500000</misses>
				<total>0</total>
				<timestamp>5136.978340</timestamp>
			</report>
			<report>
				<misses>484600000</misses>
				<total>0</total>
				<timestamp>5138.038873</timestamp>
			</report>
			<report>
				<misses>484700000</misses>
				<total>0</total>
				<timestamp>5139.092587</timestamp>
			</report>
			<report>
				<misses>484800000</misses>
				<total>0</total>
				<timestamp>5140.147857</timestamp>
			</report>
			<report>
				<misses>484900000</misses>
				<total>0</total>
				<timestamp>5141.223127</timestamp>
			</report>
			<report>
				<misses>485000000</misses>
				<total>0</total>
				<timestamp>5142.299338</timestamp>
			</report>
			<report>
				<misses>485100000</misses>
				<total>0</total>
				<timestamp>5143.339647</timestamp>
			</report>
			<report>
				<misses>485200000</misses>
				<total>0</total>
				<timestamp>5144.385610</timestamp>
			</report>
			<report>
				<misses>485300000</misses>
				<total>0</total>
				<timestamp>5145.439955</timestamp>
			</report>
			<report>
				<misses>485400000</misses>
				<total>0</total>
				<timestamp>5146.486250</timestamp>
			</report>
			<report>
				<misses>485500000</misses>
				<total>0</total>
				<timestamp>5147.540179</timestamp>
			</report>
			<report>
				<misses>485600000</misses>
				<total>0</total>
				<timestamp>5148.598342</timestamp>
			</report>
			<report>
				<misses>485700000</misses>
				<total>0</total>
				<timestamp>5149.646192</timestamp>
			</report>
			<report>
				<misses>485800000</misses>
				<total>0</total>
				<timestamp>5150.688156</timestamp>
			</report>
			<report>
				<misses>485900000</misses>
				<total>0</total>
				<timestamp>5151.761126</timestamp>
			</report>
			<report>
				<misses>486000000</misses>
				<total>0</total>
				<timestamp>5152.820181</timestamp>
			</report>
			<report>
				<misses>486100000</misses>
				<total>0</total>
				<timestamp>5153.895838</timestamp>
			</report>
			<report>
				<misses>486200000</misses>
				<total>0</total>
				<timestamp>5154.956548</timestamp>
			</report>
			<report>
				<misses>486300000</misses>
				<total>0</total>
				<timestamp>5156.014725</timestamp>
			</report>
			<report>
				<misses>486400000</misses>
				<total>0</total>
				<timestamp>5157.070362</timestamp>
			</report>
			<report>
				<misses>486500000</misses>
				<total>0</total>
				<timestamp>5158.141372</timestamp>
			</report>
			<report>
				<misses>486600000</misses>
				<total>0</total>
				<timestamp>5159.194360</timestamp>
			</report>
			<report>
				<misses>486700000</misses>
				<total>0</total>
				<timestamp>5160.262917</timestamp>
			</report>
			<report>
				<misses>486800000</misses>
				<total>0</total>
				<timestamp>5161.301875</timestamp>
			</report>
			<report>
				<misses>486900000</misses>
				<total>0</total>
				<timestamp>5162.335922</timestamp>
			</report>
			<report>
				<misses>487000000</misses>
				<total>0</total>
				<timestamp>5163.386297</timestamp>
			</report>
			<report>
				<misses>487100000</misses>
				<total>0</total>
				<timestamp>5164.426435</timestamp>
			</report>
			<report>
				<misses>487200000</misses>
				<total>0</total>
				<timestamp>5165.475772</timestamp>
			</report>
			<report>
				<misses>487300000</misses>
				<total>0</total>
				<timestamp>5166.528170</timestamp>
			</report>
			<report>
				<misses>487400000</misses>
				<total>0</total>
				<timestamp>5167.607478</timestamp>
			</report>
			<report>
				<misses>487500000</misses>
				<total>0</total>
				<timestamp>5168.657068</timestamp>
			</report>
			<report>
				<misses>487600000</misses>
				<total>0</total>
				<timestamp>5169.737038</timestamp>
			</report>
			<report>
				<misses>487700000</misses>
				<total>0</total>
				<timestamp>5170.773573</timestamp>
			</report>
			<report>
				<misses>487800000</misses>
				<total>0</total>
				<timestamp>5171.823946</timestamp>
			</report>
			<report>
				<misses>487900000</misses>
				<total>0</total>
				<timestamp>5172.905723</timestamp>
			</report>
			<report>
				<misses>488000000</misses>
				<total>0</total>
				<timestamp>5173.991476</timestamp>
			</report>
			<report>
				<misses>488100000</misses>
				<total>0</total>
				<timestamp>5175.081473</timestamp>
			</report>
			<report>
				<misses>488200000</misses>
				<total>0</total>
				<timestamp>5176.153460</timestamp>
			</report>
			<report>
				<misses>488300000</misses>
				<total>0</total>
				<timestamp>5177.209136</timestamp>
			</report>
			<report>
				<misses>488400000</misses>
				<total>0</total>
				<timestamp>5178.257694</timestamp>
			</report>
			<report>
				<misses>488500000</misses>
				<total>0</total>
				<timestamp>5179.329951</timestamp>
			</report>
			<report>
				<misses>488600000</misses>
				<total>0</total>
				<timestamp>5180.373854</timestamp>
			</report>
			<report>
				<misses>488700000</misses>
				<total>0</total>
				<timestamp>5181.429474</timestamp>
			</report>
			<report>
				<misses>488800000</misses>
				<total>0</total>
				<timestamp>5182.480112</timestamp>
			</report>
			<report>
				<misses>488900000</misses>
				<total>0</total>
				<timestamp>5183.551113</timestamp>
			</report>
			<report>
				<misses>489000000</misses>
				<total>0</total>
				<timestamp>5184.626473</timestamp>
			</report>
			<report>
				<misses>489100000</misses>
				<total>0</total>
				<timestamp>5185.686416</timestamp>
			</report>
			<report>
				<misses>489200000</misses>
				<total>0</total>
				<timestamp>5186.772421</timestamp>
			</report>
			<report>
				<misses>489300000</misses>
				<total>0</total>
				<timestamp>5187.825367</timestamp>
			</report>
			<report>
				<misses>489400000</misses>
				<total>0</total>
				<timestamp>5188.891848</timestamp>
			</report>
			<report>
				<misses>489500000</misses>
				<total>0</total>
				<timestamp>5189.953394</timestamp>
			</report>
			<report>
				<misses>489600000</misses>
				<total>0</total>
				<timestamp>5191.013204</timestamp>
			</report>
			<report>
				<misses>489700000</misses>
				<total>0</total>
				<timestamp>5192.087820</timestamp>
			</report>
			<report>
				<misses>489800000</misses>
				<total>0</total>
				<timestamp>5193.134392</timestamp>
			</report>
			<report>
				<misses>489900000</misses>
				<total>0</total>
				<timestamp>5194.187735</timestamp>
			</report>
			<report>
				<misses>490000000</misses>
				<total>0</total>
				<timestamp>5195.240909</timestamp>
			</report>
			<report>
				<misses>490100000</misses>
				<total>0</total>
				<timestamp>5196.300960</timestamp>
			</report>
			<report>
				<misses>490200000</misses>
				<total>0</total>
				<timestamp>5197.342916</timestamp>
			</report>
			<report>
				<misses>490300000</misses>
				<total>0</total>
				<timestamp>5198.399781</timestamp>
			</report>
			<report>
				<misses>490400000</misses>
				<total>0</total>
				<timestamp>5199.444620</timestamp>
			</report>
			<report>
				<misses>490500000</misses>
				<total>0</total>
				<timestamp>5200.484930</timestamp>
			</report>
			<report>
				<misses>490600000</misses>
				<total>0</total>
				<timestamp>5201.523682</timestamp>
			</report>
			<report>
				<misses>490700000</misses>
				<total>0</total>
				<timestamp>5202.575458</timestamp>
			</report>
			<report>
				<misses>490800000</misses>
				<total>0</total>
				<timestamp>5203.642609</timestamp>
			</report>
			<report>
				<misses>490900000</misses>
				<total>0</total>
				<timestamp>5204.700731</timestamp>
			</report>
			<report>
				<misses>491000000</misses>
				<total>0</total>
				<timestamp>5205.764194</timestamp>
			</report>
			<report>
				<misses>491100000</misses>
				<total>0</total>
				<timestamp>5206.818866</timestamp>
			</report>
			<report>
				<misses>491200000</misses>
				<total>0</total>
				<timestamp>5207.874364</timestamp>
			</report>
			<report>
				<misses>491300000</misses>
				<total>0</total>
				<timestamp>5208.936915</timestamp>
			</report>
			<report>
				<misses>491400000</misses>
				<total>0</total>
				<timestamp>5209.998315</timestamp>
			</report>
			<report>
				<misses>491500000</misses>
				<total>0</total>
				<timestamp>5211.079674</timestamp>
			</report>
			<report>
				<misses>491600000</misses>
				<total>0</total>
				<timestamp>5212.174328</timestamp>
			</report>
			<report>
				<misses>491700000</misses>
				<total>0</total>
				<timestamp>5213.225718</timestamp>
			</report>
			<report>
				<misses>491800000</misses>
				<total>0</total>
				<timestamp>5214.307690</timestamp>
			</report>
			<report>
				<misses>491900000</misses>
				<total>0</total>
				<timestamp>5215.367936</timestamp>
			</report>
			<report>
				<misses>492000000</misses>
				<total>0</total>
				<timestamp>5216.425130</timestamp>
			</report>
			<report>
				<misses>492100000</misses>
				<total>0</total>
				<timestamp>5217.470616</timestamp>
			</report>
			<report>
				<misses>492200000</misses>
				<total>0</total>
				<timestamp>5218.529309</timestamp>
			</report>
			<report>
				<misses>492300000</misses>
				<total>0</total>
				<timestamp>5219.572196</timestamp>
			</report>
			<report>
				<misses>492400000</misses>
				<total>0</total>
				<timestamp>5220.612564</timestamp>
			</report>
			<report>
				<misses>492500000</misses>
				<total>0</total>
				<timestamp>5221.677920</timestamp>
			</report>
			<report>
				<misses>492600000</misses>
				<total>0</total>
				<timestamp>5222.749793</timestamp>
			</report>
			<report>
				<misses>492700000</misses>
				<total>0</total>
				<timestamp>5223.836129</timestamp>
			</report>
			<report>
				<misses>492800000</misses>
				<total>0</total>
				<timestamp>5224.890265</timestamp>
			</report>
			<report>
				<misses>492900000</misses>
				<total>0</total>
				<timestamp>5225.954041</timestamp>
			</report>
			<report>
				<misses>493000000</misses>
				<total>0</total>
				<timestamp>5227.043225</timestamp>
			</report>
			<report>
				<misses>493100000</misses>
				<total>0</total>
				<timestamp>5228.108416</timestamp>
			</report>
			<report>
				<misses>493200000</misses>
				<total>0</total>
				<timestamp>5229.189829</timestamp>
			</report>
			<report>
				<misses>493300000</misses>
				<total>0</total>
				<timestamp>5230.262762</timestamp>
			</report>
			<report>
				<misses>493400000</misses>
				<total>0</total>
				<timestamp>5231.350189</timestamp>
			</report>
			<report>
				<misses>493500000</misses>
				<total>0</total>
				<timestamp>5232.403858</timestamp>
			</report>
			<report>
				<misses>493600000</misses>
				<total>0</total>
				<timestamp>5233.443884</timestamp>
			</report>
			<report>
				<misses>493700000</misses>
				<total>0</total>
				<timestamp>5234.497489</timestamp>
			</report>
			<report>
				<misses>493800000</misses>
				<total>0</total>
				<timestamp>5235.566055</timestamp>
			</report>
			<report>
				<misses>493900000</misses>
				<total>0</total>
				<timestamp>5236.642828</timestamp>
			</report>
			<report>
				<misses>494000000</misses>
				<total>0</total>
				<timestamp>5237.694070</timestamp>
			</report>
			<report>
				<misses>494100000</misses>
				<total>0</total>
				<timestamp>5238.732351</timestamp>
			</report>
			<report>
				<misses>494200000</misses>
				<total>0</total>
				<timestamp>5239.803789</timestamp>
			</report>
			<report>
				<misses>494300000</misses>
				<total>0</total>
				<timestamp>5240.877367</timestamp>
			</report>
			<report>
				<misses>494400000</misses>
				<total>0</total>
				<timestamp>5241.949476</timestamp>
			</report>
			<report>
				<misses>494500000</misses>
				<total>0</total>
				<timestamp>5243.004495</timestamp>
			</report>
			<report>
				<misses>494600000</misses>
				<total>0</total>
				<timestamp>5244.074818</timestamp>
			</report>
			<report>
				<misses>494700000</misses>
				<total>0</total>
				<timestamp>5245.168004</timestamp>
			</report>
			<report>
				<misses>494800000</misses>
				<total>0</total>
				<timestamp>5246.222731</timestamp>
			</report>
			<report>
				<misses>494900000</misses>
				<total>0</total>
				<timestamp>5247.285200</timestamp>
			</report>
			<report>
				<misses>495000000</misses>
				<total>0</total>
				<timestamp>5248.344005</timestamp>
			</report>
			<report>
				<misses>495100000</misses>
				<total>0</total>
				<timestamp>5249.407912</timestamp>
			</report>
			<report>
				<misses>495200000</misses>
				<total>0</total>
				<timestamp>5250.478535</timestamp>
			</report>
			<report>
				<misses>495300000</misses>
				<total>0</total>
				<timestamp>5251.530284</timestamp>
			</report>
			<report>
				<misses>495400000</misses>
				<total>0</total>
				<timestamp>5252.571108</timestamp>
			</report>
			<report>
				<misses>495500000</misses>
				<total>0</total>
				<timestamp>5253.619880</timestamp>
			</report>
			<report>
				<misses>495600000</misses>
				<total>0</total>
				<timestamp>5254.664903</timestamp>
			</report>
			<report>
				<misses>495700000</misses>
				<total>0</total>
				<timestamp>5255.711934</timestamp>
			</report>
			<report>
				<misses>495800000</misses>
				<total>0</total>
				<timestamp>5256.779156</timestamp>
			</report>
			<report>
				<misses>495900000</misses>
				<total>0</total>
				<timestamp>5257.876089</timestamp>
			</report>
			<report>
				<misses>496000000</misses>
				<total>0</total>
				<timestamp>5258.954447</timestamp>
			</report>
			<report>
				<misses>496100000</misses>
				<total>0</total>
				<timestamp>5260.011025</timestamp>
			</report>
			<report>
				<misses>496200000</misses>
				<total>0</total>
				<timestamp>5261.066567</timestamp>
			</report>
			<report>
				<misses>496300000</misses>
				<total>0</total>
				<timestamp>5262.115247</timestamp>
			</report>
			<report>
				<misses>496400000</misses>
				<total>0</total>
				<timestamp>5263.151400</timestamp>
			</report>
			<report>
				<misses>496500000</misses>
				<total>0</total>
				<timestamp>5264.217932</timestamp>
			</report>
			<report>
				<misses>496600000</misses>
				<total>0</total>
				<timestamp>5265.273132</timestamp>
			</report>
			<report>
				<misses>496700000</misses>
				<total>0</total>
				<timestamp>5266.362635</timestamp>
			</report>
			<report>
				<misses>496800000</misses>
				<total>0</total>
				<timestamp>5267.399667</timestamp>
			</report>
			<report>
				<misses>496900000</misses>
				<total>0</total>
				<timestamp>5268.487213</timestamp>
			</report>
			<report>
				<misses>497000000</misses>
				<total>0</total>
				<timestamp>5269.561601</timestamp>
			</report>
			<report>
				<misses>497100000</misses>
				<total>0</total>
				<timestamp>5270.640332</timestamp>
			</report>
			<report>
				<misses>497200000</misses>
				<total>0</total>
				<timestamp>5271.702088</timestamp>
			</report>
			<report>
				<misses>497300000</misses>
				<total>0</total>
				<timestamp>5272.778070</timestamp>
			</report>
			<report>
				<misses>497400000</misses>
				<total>0</total>
				<timestamp>5273.847643</timestamp>
			</report>
			<report>
				<misses>497500000</misses>
				<total>0</total>
				<timestamp>5274.939194</timestamp>
			</report>
			<report>
				<misses>497600000</misses>
				<total>0</total>
				<timestamp>5276.007075</timestamp>
			</report>
			<report>
				<misses>497700000</misses>
				<total>0</total>
				<timestamp>5277.056894</timestamp>
			</report>
			<report>
				<misses>497800000</misses>
				<total>0</total>
				<timestamp>5278.106397</timestamp>
			</report>
			<report>
				<misses>497900000</misses>
				<total>0</total>
				<timestamp>5279.149175</timestamp>
			</report>
			<report>
				<misses>498000000</misses>
				<total>0</total>
				<timestamp>5280.190668</timestamp>
			</report>
			<report>
				<misses>498100000</misses>
				<total>0</total>
				<timestamp>5281.232055</timestamp>
			</report>
			<report>
				<misses>498200000</misses>
				<total>0</total>
				<timestamp>5282.282890</timestamp>
			</report>
			<report>
				<misses>498300000</misses>
				<total>0</total>
				<timestamp>5283.350341</timestamp>
			</report>
			<report>
				<misses>498400000</misses>
				<total>0</total>
				<timestamp>5284.415047</timestamp>
			</report>
			<report>
				<misses>498500000</misses>
				<total>0</total>
				<timestamp>5285.466000</timestamp>
			</report>
			<report>
				<misses>498600000</misses>
				<total>0</total>
				<timestamp>5286.552792</timestamp>
			</report>
			<report>
				<misses>498700000</misses>
				<total>0</total>
				<timestamp>5287.612319</timestamp>
			</report>
			<report>
				<misses>498800000</misses>
				<total>0</total>
				<timestamp>5288.681482</timestamp>
			</report>
			<report>
				<misses>498900000</misses>
				<total>0</total>
				<timestamp>5289.757053</timestamp>
			</report>
			<report>
				<misses>499000000</misses>
				<total>0</total>
				<timestamp>5290.815299</timestamp>
			</report>
			<report>
				<misses>499100000</misses>
				<total>0</total>
				<timestamp>5291.863378</timestamp>
			</report>
			<report>
				<misses>499200000</misses>
				<total>0</total>
				<timestamp>5292.914318</timestamp>
			</report>
			<report>
				<misses>499300000</misses>
				<total>0</total>
				<timestamp>5293.986267</timestamp>
			</report>
			<report>
				<misses>499400000</misses>
				<total>0</total>
				<timestamp>5295.042216</timestamp>
			</report>
			<report>
				<misses>499500000</misses>
				<total>0</total>
				<timestamp>5296.092233</timestamp>
			</report>
			<report>
				<misses>499600000</misses>
				<total>0</total>
				<timestamp>5297.155105</timestamp>
			</report>
			<report>
				<misses>499700000</misses>
				<total>0</total>
				<timestamp>5298.217642</timestamp>
			</report>
			<report>
				<misses>499800000</misses>
				<total>0</total>
				<timestamp>5299.283583</timestamp>
			</report>
			<report>
				<misses>499900000</misses>
				<total>0</total>
				<timestamp>5300.334860</timestamp>
			</report>
			<report>
				<misses>500000000</misses>
				<total>0</total>
				<timestamp>5301.369623</timestamp>
			</report>
			<report>
				<misses>500100000</misses>
				<total>0</total>
				<timestamp>5302.411252</timestamp>
			</report>
			<report>
				<misses>500200000</misses>
				<total>0</total>
				<timestamp>5303.474900</timestamp>
			</report>
			<report>
				<misses>500300000</misses>
				<total>0</total>
				<timestamp>5304.526593</timestamp>
			</report>
			<report>
				<misses>500400000</misses>
				<total>0</total>
				<timestamp>5305.617497</timestamp>
			</report>
			<report>
				<misses>500500000</misses>
				<total>0</total>
				<timestamp>5306.679491</timestamp>
			</report>
			<report>
				<misses>500600000</misses>
				<total>0</total>
				<timestamp>5307.778567</timestamp>
			</report>
			<report>
				<misses>500700000</misses>
				<total>0</total>
				<timestamp>5308.837533</timestamp>
			</report>
			<report>
				<misses>500800000</misses>
				<total>0</total>
				<timestamp>5309.920646</timestamp>
			</report>
			<report>
				<misses>500900000</misses>
				<total>0</total>
				<timestamp>5310.981325</timestamp>
			</report>
			<report>
				<misses>501000000</misses>
				<total>0</total>
				<timestamp>5312.050921</timestamp>
			</report>
			<report>
				<misses>501100000</misses>
				<total>0</total>
				<timestamp>5313.095803</timestamp>
			</report>
			<report>
				<misses>501200000</misses>
				<total>0</total>
				<timestamp>5314.151192</timestamp>
			</report>
			<report>
				<misses>501300000</misses>
				<total>0</total>
				<timestamp>5315.185915</timestamp>
			</report>
			<report>
				<misses>501400000</misses>
				<total>0</total>
				<timestamp>5316.225753</timestamp>
			</report>
			<report>
				<misses>501500000</misses>
				<total>0</total>
				<timestamp>5317.268782</timestamp>
			</report>
			<report>
				<misses>501600000</misses>
				<total>0</total>
				<timestamp>5318.324915</timestamp>
			</report>
			<report>
				<misses>501700000</misses>
				<total>0</total>
				<timestamp>5319.378592</timestamp>
			</report>
			<report>
				<misses>501800000</misses>
				<total>0</total>
				<timestamp>5320.434565</timestamp>
			</report>
			<report>
				<misses>501900000</misses>
				<total>0</total>
				<timestamp>5321.492202</timestamp>
			</report>
			<report>
				<misses>502000000</misses>
				<total>0</total>
				<timestamp>5322.561902</timestamp>
			</report>
			<report>
				<misses>502100000</misses>
				<total>0</total>
				<timestamp>5323.625572</timestamp>
			</report>
			<report>
				<misses>502200000</misses>
				<total>0</total>
				<timestamp>5324.706877</timestamp>
			</report>
			<report>
				<misses>502300000</misses>
				<total>0</total>
				<timestamp>5325.772637</timestamp>
			</report>
			<report>
				<misses>502400000</misses>
				<total>0</total>
				<timestamp>5326.840946</timestamp>
			</report>
			<report>
				<misses>502500000</misses>
				<total>0</total>
				<timestamp>5327.942080</timestamp>
			</report>
			<report>
				<misses>502600000</misses>
				<total>0</total>
				<timestamp>5328.996526</timestamp>
			</report>
			<report>
				<misses>502700000</misses>
				<total>0</total>
				<timestamp>5330.054050</timestamp>
			</report>
			<report>
				<misses>502800000</misses>
				<total>0</total>
				<timestamp>5331.110031</timestamp>
			</report>
			<report>
				<misses>502900000</misses>
				<total>0</total>
				<timestamp>5332.155963</timestamp>
			</report>
			<report>
				<misses>503000000</misses>
				<total>0</total>
				<timestamp>5333.210485</timestamp>
			</report>
			<report>
				<misses>503100000</misses>
				<total>0</total>
				<timestamp>5334.255281</timestamp>
			</report>
			<report>
				<misses>503200000</misses>
				<total>0</total>
				<timestamp>5335.304039</timestamp>
			</report>
			<report>
				<misses>503300000</misses>
				<total>0</total>
				<timestamp>5336.358394</timestamp>
			</report>
			<report>
				<misses>503400000</misses>
				<total>0</total>
				<timestamp>5337.434643</timestamp>
			</report>
			<report>
				<misses>503500000</misses>
				<total>0</total>
				<timestamp>5338.503778</timestamp>
			</report>
			<report>
				<misses>503600000</misses>
				<total>0</total>
				<timestamp>5339.549513</timestamp>
			</report>
			<report>
				<misses>503700000</misses>
				<total>0</total>
				<timestamp>5340.641063</timestamp>
			</report>
			<report>
				<misses>503800000</misses>
				<total>0</total>
				<timestamp>5341.724894</timestamp>
			</report>
			<report>
				<misses>503900000</misses>
				<total>0</total>
				<timestamp>5342.796538</timestamp>
			</report>
			<report>
				<misses>504000000</misses>
				<total>0</total>
				<timestamp>5343.863748</timestamp>
			</report>
			<report>
				<misses>504100000</misses>
				<total>0</total>
				<timestamp>5344.919122</timestamp>
			</report>
			<report>
				<misses>504200000</misses>
				<total>0</total>
				<timestamp>5345.971425</timestamp>
			</report>
			<report>
				<misses>504300000</misses>
				<total>0</total>
				<timestamp>5347.019396</timestamp>
			</report>
			<report>
				<misses>504400000</misses>
				<total>0</total>
				<timestamp>5348.078883</timestamp>
			</report>
			<report>
				<misses>504500000</misses>
				<total>0</total>
				<timestamp>5349.117205</timestamp>
			</report>
			<report>
				<misses>504600000</misses>
				<total>0</total>
				<timestamp>5350.156190</timestamp>
			</report>
			<report>
				<misses>504700000</misses>
				<total>0</total>
				<timestamp>5351.183557</timestamp>
			</report>
			<report>
				<misses>504800000</misses>
				<total>0</total>
				<timestamp>5352.228707</timestamp>
			</report>
			<report>
				<misses>504900000</misses>
				<total>0</total>
				<timestamp>5353.279231</timestamp>
			</report>
			<report>
				<misses>505000000</misses>
				<total>0</total>
				<timestamp>5354.351773</timestamp>
			</report>
			<report>
				<misses>505100000</misses>
				<total>0</total>
				<timestamp>5355.412621</timestamp>
			</report>
			<report>
				<misses>505200000</misses>
				<total>0</total>
				<timestamp>5356.497904</timestamp>
			</report>
			<report>
				<misses>505300000</misses>
				<total>0</total>
				<timestamp>5357.545326</timestamp>
			</report>
			<report>
				<misses>505400000</misses>
				<total>0</total>
				<timestamp>5358.607683</timestamp>
			</report>
			<report>
				<misses>505500000</misses>
				<total>0</total>
				<timestamp>5359.673429</timestamp>
			</report>
			<report>
				<misses>505600000</misses>
				<total>0</total>
				<timestamp>5360.734487</timestamp>
			</report>
			<report>
				<misses>505700000</misses>
				<total>0</total>
				<timestamp>5361.782479</timestamp>
			</report>
			<report>
				<misses>505800000</misses>
				<total>0</total>
				<timestamp>5362.829017</timestamp>
			</report>
			<report>
				<misses>505900000</misses>
				<total>0</total>
				<timestamp>5363.877934</timestamp>
			</report>
			<report>
				<misses>506000000</misses>
				<total>0</total>
				<timestamp>5364.922690</timestamp>
			</report>
			<report>
				<misses>506100000</misses>
				<total>0</total>
				<timestamp>5365.971878</timestamp>
			</report>
			<report>
				<misses>506200000</misses>
				<total>0</total>
				<timestamp>5367.029794</timestamp>
			</report>
			<report>
				<misses>506300000</misses>
				<total>0</total>
				<timestamp>5368.088874</timestamp>
			</report>
			<report>
				<misses>506400000</misses>
				<total>0</total>
				<timestamp>5369.150504</timestamp>
			</report>
			<report>
				<misses>506500000</misses>
				<total>0</total>
				<timestamp>5370.199383</timestamp>
			</report>
			<report>
				<misses>506600000</misses>
				<total>0</total>
				<timestamp>5371.277166</timestamp>
			</report>
			<report>
				<misses>506700000</misses>
				<total>0</total>
				<timestamp>5372.335028</timestamp>
			</report>
			<report>
				<misses>506800000</misses>
				<total>0</total>
				<timestamp>5373.402789</timestamp>
			</report>
			<report>
				<misses>506900000</misses>
				<total>0</total>
				<timestamp>5374.464196</timestamp>
			</report>
			<report>
				<misses>507000000</misses>
				<total>0</total>
				<timestamp>5375.548933</timestamp>
			</report>
			<report>
				<misses>507100000</misses>
				<total>0</total>
				<timestamp>5376.604547</timestamp>
			</report>
			<report>
				<misses>507200000</misses>
				<total>0</total>
				<timestamp>5377.687136</timestamp>
			</report>
			<report>
				<misses>507300000</misses>
				<total>0</total>
				<timestamp>5378.761981</timestamp>
			</report>
			<report>
				<misses>507400000</misses>
				<total>0</total>
				<timestamp>5379.822264</timestamp>
			</report>
			<report>
				<misses>507500000</misses>
				<total>0</total>
				<timestamp>5380.864439</timestamp>
			</report>
			<report>
				<misses>507600000</misses>
				<total>0</total>
				<timestamp>5381.903412</timestamp>
			</report>
			<report>
				<misses>507700000</misses>
				<total>0</total>
				<timestamp>5382.949880</timestamp>
			</report>
			<report>
				<misses>507800000</misses>
				<total>0</total>
				<timestamp>5384.004697</timestamp>
			</report>
			<report>
				<misses>507900000</misses>
				<total>0</total>
				<timestamp>5385.064286</timestamp>
			</report>
			<report>
				<misses>508000000</misses>
				<total>0</total>
				<timestamp>5386.109081</timestamp>
			</report>
			<report>
				<misses>508100000</misses>
				<total>0</total>
				<timestamp>5387.182998</timestamp>
			</report>
			<report>
				<misses>508200000</misses>
				<total>0</total>
				<timestamp>5388.260688</timestamp>
			</report>
			<report>
				<misses>508300000</misses>
				<total>0</total>
				<timestamp>5389.324219</timestamp>
			</report>
			<report>
				<misses>508400000</misses>
				<total>0</total>
				<timestamp>5390.378561</timestamp>
			</report>
			<report>
				<misses>508500000</misses>
				<total>0</total>
				<timestamp>5391.437026</timestamp>
			</report>
			<report>
				<misses>508600000</misses>
				<total>0</total>
				<timestamp>5392.508168</timestamp>
			</report>
			<report>
				<misses>508700000</misses>
				<total>0</total>
				<timestamp>5393.580627</timestamp>
			</report>
			<report>
				<misses>508800000</misses>
				<total>0</total>
				<timestamp>5394.651826</timestamp>
			</report>
			<report>
				<misses>508900000</misses>
				<total>0</total>
				<timestamp>5395.697167</timestamp>
			</report>
			<report>
				<misses>509000000</misses>
				<total>0</total>
				<timestamp>5396.805321</timestamp>
			</report>
			<report>
				<misses>509100000</misses>
				<total>0</total>
				<timestamp>5397.861299</timestamp>
			</report>
			<report>
				<misses>509200000</misses>
				<total>0</total>
				<timestamp>5398.940916</timestamp>
			</report>
			<report>
				<misses>509300000</misses>
				<total>0</total>
				<timestamp>5400.009056</timestamp>
			</report>
			<report>
				<misses>509400000</misses>
				<total>0</total>
				<timestamp>5401.066154</timestamp>
			</report>
			<report>
				<misses>509500000</misses>
				<total>0</total>
				<timestamp>5402.120794</timestamp>
			</report>
			<report>
				<misses>509600000</misses>
				<total>0</total>
				<timestamp>5403.171578</timestamp>
			</report>
			<report>
				<misses>509700000</misses>
				<total>0</total>
				<timestamp>5404.222181</timestamp>
			</report>
			<report>
				<misses>509800000</misses>
				<total>0</total>
				<timestamp>5405.271524</timestamp>
			</report>
			<report>
				<misses>509900000</misses>
				<total>0</total>
				<timestamp>5406.319860</timestamp>
			</report>
			<report>
				<misses>510000000</misses>
				<total>0</total>
				<timestamp>5407.355261</timestamp>
			</report>
			<report>
				<misses>510100000</misses>
				<total>0</total>
				<timestamp>5408.411415</timestamp>
			</report>
			<report>
				<misses>510200000</misses>
				<total>0</total>
				<timestamp>5409.474339</timestamp>
			</report>
			<report>
				<misses>510300000</misses>
				<total>0</total>
				<timestamp>5410.552378</timestamp>
			</report>
			<report>
				<misses>510400000</misses>
				<total>0</total>
				<timestamp>5411.619703</timestamp>
			</report>
			<report>
				<misses>510500000</misses>
				<total>0</total>
				<timestamp>5412.679663</timestamp>
			</report>
			<report>
				<misses>510600000</misses>
				<total>0</total>
				<timestamp>5413.793987</timestamp>
			</report>
			<report>
				<misses>510700000</misses>
				<total>0</total>
				<timestamp>5414.838092</timestamp>
			</report>
			<report>
				<misses>510800000</misses>
				<total>0</total>
				<timestamp>5415.912354</timestamp>
			</report>
			<report>
				<misses>510900000</misses>
				<total>0</total>
				<timestamp>5416.957262</timestamp>
			</report>
			<report>
				<misses>511000000</misses>
				<total>0</total>
				<timestamp>5417.994990</timestamp>
			</report>
			<report>
				<misses>511100000</misses>
				<total>0</total>
				<timestamp>5419.042128</timestamp>
			</report>
			<report>
				<misses>511200000</misses>
				<total>0</total>
				<timestamp>5420.084800</timestamp>
			</report>
			<report>
				<misses>511300000</misses>
				<total>0</total>
				<timestamp>5421.135410</timestamp>
			</report>
			<report>
				<misses>511400000</misses>
				<total>0</total>
				<timestamp>5422.175692</timestamp>
			</report>
			<report>
				<misses>511500000</misses>
				<total>0</total>
				<timestamp>5423.238035</timestamp>
			</report>
			<report>
				<misses>511600000</misses>
				<total>0</total>
				<timestamp>5424.320569</timestamp>
			</report>
			<report>
				<misses>511700000</misses>
				<total>0</total>
				<timestamp>5425.398099</timestamp>
			</report>
			<report>
				<misses>511800000</misses>
				<total>0</total>
				<timestamp>5426.450849</timestamp>
			</report>
			<report>
				<misses>511900000</misses>
				<total>0</total>
				<timestamp>5427.523313</timestamp>
			</report>
			<report>
				<misses>512000000</misses>
				<total>0</total>
				<timestamp>5428.614656</timestamp>
			</report>
			<report>
				<misses>512100000</misses>
				<total>0</total>
				<timestamp>5429.646830</timestamp>
			</report>
			<report>
				<misses>512200000</misses>
				<total>0</total>
				<timestamp>5430.714010</timestamp>
			</report>
			<report>
				<misses>512300000</misses>
				<total>0</total>
				<timestamp>5431.773266</timestamp>
			</report>
			<report>
				<misses>512400000</misses>
				<total>0</total>
				<timestamp>5432.821376</timestamp>
			</report>
			<report>
				<misses>512500000</misses>
				<total>0</total>
				<timestamp>5433.863062</timestamp>
			</report>
			<report>
				<misses>512600000</misses>
				<total>0</total>
				<timestamp>5434.909899</timestamp>
			</report>
			<report>
				<misses>512700000</misses>
				<total>0</total>
				<timestamp>5435.946637</timestamp>
			</report>
			<report>
				<misses>512800000</misses>
				<total>0</total>
				<timestamp>5436.993573</timestamp>
			</report>
			<report>
				<misses>512900000</misses>
				<total>0</total>
				<timestamp>5438.053680</timestamp>
			</report>
			<report>
				<misses>513000000</misses>
				<total>0</total>
				<timestamp>5439.090486</timestamp>
			</report>
			<report>
				<misses>513100000</misses>
				<total>0</total>
				<timestamp>5440.132252</timestamp>
			</report>
			<report>
				<misses>513200000</misses>
				<total>0</total>
				<timestamp>5441.197049</timestamp>
			</report>
			<report>
				<misses>513300000</misses>
				<total>0</total>
				<timestamp>5442.259977</timestamp>
			</report>
			<report>
				<misses>513400000</misses>
				<total>0</total>
				<timestamp>5443.321141</timestamp>
			</report>
			<report>
				<misses>513500000</misses>
				<total>0</total>
				<timestamp>5444.402704</timestamp>
			</report>
			<report>
				<misses>513600000</misses>
				<total>0</total>
				<timestamp>5445.455245</timestamp>
			</report>
			<report>
				<misses>513700000</misses>
				<total>0</total>
				<timestamp>5446.510399</timestamp>
			</report>
			<report>
				<misses>513800000</misses>
				<total>0</total>
				<timestamp>5447.575324</timestamp>
			</report>
			<report>
				<misses>513900000</misses>
				<total>0</total>
				<timestamp>5448.631197</timestamp>
			</report>
			<report>
				<misses>514000000</misses>
				<total>0</total>
				<timestamp>5449.688033</timestamp>
			</report>
			<report>
				<misses>514100000</misses>
				<total>0</total>
				<timestamp>5450.730796</timestamp>
			</report>
			<report>
				<misses>514200000</misses>
				<total>0</total>
				<timestamp>5451.795098</timestamp>
			</report>
			<report>
				<misses>514300000</misses>
				<total>0</total>
				<timestamp>5452.827707</timestamp>
			</report>
			<report>
				<misses>514400000</misses>
				<total>0</total>
				<timestamp>5453.875594</timestamp>
			</report>
			<report>
				<misses>514500000</misses>
				<total>0</total>
				<timestamp>5454.923041</timestamp>
			</report>
			<report>
				<misses>514600000</misses>
				<total>0</total>
				<timestamp>5455.983801</timestamp>
			</report>
			<report>
				<misses>514700000</misses>
				<total>0</total>
				<timestamp>5457.061301</timestamp>
			</report>
			<report>
				<misses>514800000</misses>
				<total>0</total>
				<timestamp>5458.126893</timestamp>
			</report>
			<report>
				<misses>514900000</misses>
				<total>0</total>
				<timestamp>5459.206872</timestamp>
			</report>
			<report>
				<misses>515000000</misses>
				<total>0</total>
				<timestamp>5460.270082</timestamp>
			</report>
			<report>
				<misses>515100000</misses>
				<total>0</total>
				<timestamp>5461.329232</timestamp>
			</report>
			<report>
				<misses>515200000</misses>
				<total>0</total>
				<timestamp>5462.398021</timestamp>
			</report>
			<report>
				<misses>515300000</misses>
				<total>0</total>
				<timestamp>5463.436522</timestamp>
			</report>
			<report>
				<misses>515400000</misses>
				<total>0</total>
				<timestamp>5464.479401</timestamp>
			</report>
			<report>
				<misses>515500000</misses>
				<total>0</total>
				<timestamp>5465.545458</timestamp>
			</report>
			<report>
				<misses>515600000</misses>
				<total>0</total>
				<timestamp>5466.619354</timestamp>
			</report>
			<report>
				<misses>515700000</misses>
				<total>0</total>
				<timestamp>5467.680290</timestamp>
			</report>
			<report>
				<misses>515800000</misses>
				<total>0</total>
				<timestamp>5468.748429</timestamp>
			</report>
			<report>
				<misses>515900000</misses>
				<total>0</total>
				<timestamp>5469.801186</timestamp>
			</report>
			<report>
				<misses>516000000</misses>
				<total>0</total>
				<timestamp>5470.853943</timestamp>
			</report>
			<report>
				<misses>516100000</misses>
				<total>0</total>
				<timestamp>5471.895830</timestamp>
			</report>
			<report>
				<misses>516200000</misses>
				<total>0</total>
				<timestamp>5472.950818</timestamp>
			</report>
			<report>
				<misses>516300000</misses>
				<total>0</total>
				<timestamp>5473.986643</timestamp>
			</report>
			<report>
				<misses>516400000</misses>
				<total>0</total>
				<timestamp>5475.041235</timestamp>
			</report>
			<report>
				<misses>516500000</misses>
				<total>0</total>
				<timestamp>5476.083087</timestamp>
			</report>
			<report>
				<misses>516600000</misses>
				<total>0</total>
				<timestamp>5477.131430</timestamp>
			</report>
			<report>
				<misses>516700000</misses>
				<total>0</total>
				<timestamp>5478.187568</timestamp>
			</report>
			<report>
				<misses>516800000</misses>
				<total>0</total>
				<timestamp>5479.235171</timestamp>
			</report>
			<report>
				<misses>516900000</misses>
				<total>0</total>
				<timestamp>5480.301679</timestamp>
			</report>
			<report>
				<misses>517000000</misses>
				<total>0</total>
				<timestamp>5481.371016</timestamp>
			</report>
			<report>
				<misses>517100000</misses>
				<total>0</total>
				<timestamp>5482.438410</timestamp>
			</report>
			<report>
				<misses>517200000</misses>
				<total>0</total>
				<timestamp>5483.507929</timestamp>
			</report>
			<report>
				<misses>517300000</misses>
				<total>0</total>
				<timestamp>5484.591514</timestamp>
			</report>
			<report>
				<misses>517400000</misses>
				<total>0</total>
				<timestamp>5485.667987</timestamp>
			</report>
			<report>
				<misses>517500000</misses>
				<total>0</total>
				<timestamp>5486.740059</timestamp>
			</report>
			<report>
				<misses>517600000</misses>
				<total>0</total>
				<timestamp>5487.785776</timestamp>
			</report>
			<report>
				<misses>517700000</misses>
				<total>0</total>
				<timestamp>5488.864700</timestamp>
			</report>
			<report>
				<misses>517800000</misses>
				<total>0</total>
				<timestamp>5489.914207</timestamp>
			</report>
			<report>
				<misses>517900000</misses>
				<total>0</total>
				<timestamp>5490.979189</timestamp>
			</report>
			<report>
				<misses>518000000</misses>
				<total>0</total>
				<timestamp>5492.017359</timestamp>
			</report>
			<report>
				<misses>518100000</misses>
				<total>0</total>
				<timestamp>5493.075669</timestamp>
			</report>
			<report>
				<misses>518200000</misses>
				<total>0</total>
				<timestamp>5494.120457</timestamp>
			</report>
			<report>
				<misses>518300000</misses>
				<total>0</total>
				<timestamp>5495.162652</timestamp>
			</report>
			<report>
				<misses>518400000</misses>
				<total>0</total>
				<timestamp>5496.213469</timestamp>
			</report>
			<report>
				<misses>518500000</misses>
				<total>0</total>
				<timestamp>5497.254223</timestamp>
			</report>
			<report>
				<misses>518600000</misses>
				<total>0</total>
				<timestamp>5498.307090</timestamp>
			</report>
			<report>
				<misses>518700000</misses>
				<total>0</total>
				<timestamp>5499.375789</timestamp>
			</report>
			<report>
				<misses>518800000</misses>
				<total>0</total>
				<timestamp>5500.432611</timestamp>
			</report>
			<report>
				<misses>518900000</misses>
				<total>0</total>
				<timestamp>5501.495619</timestamp>
			</report>
			<report>
				<misses>519000000</misses>
				<total>0</total>
				<timestamp>5502.554951</timestamp>
			</report>
			<report>
				<misses>519100000</misses>
				<total>0</total>
				<timestamp>5503.606801</timestamp>
			</report>
			<report>
				<misses>519200000</misses>
				<total>0</total>
				<timestamp>5504.653271</timestamp>
			</report>
			<report>
				<misses>519300000</misses>
				<total>0</total>
				<timestamp>5505.732380</timestamp>
			</report>
			<report>
				<misses>519400000</misses>
				<total>0</total>
				<timestamp>5506.799641</timestamp>
			</report>
			<report>
				<misses>519500000</misses>
				<total>0</total>
				<timestamp>5507.846590</timestamp>
			</report>
			<report>
				<misses>519600000</misses>
				<total>0</total>
				<timestamp>5508.901526</timestamp>
			</report>
			<report>
				<misses>519700000</misses>
				<total>0</total>
				<timestamp>5509.950944</timestamp>
			</report>
			<report>
				<misses>519800000</misses>
				<total>0</total>
				<timestamp>5511.003236</timestamp>
			</report>
			<report>
				<misses>519900000</misses>
				<total>0</total>
				<timestamp>5512.056561</timestamp>
			</report>
			<report>
				<misses>520000000</misses>
				<total>0</total>
				<timestamp>5513.098872</timestamp>
			</report>
			<report>
				<misses>520100000</misses>
				<total>0</total>
				<timestamp>5514.151595</timestamp>
			</report>
			<report>
				<misses>520200000</misses>
				<total>0</total>
				<timestamp>5515.196798</timestamp>
			</report>
			<report>
				<misses>520300000</misses>
				<total>0</total>
				<timestamp>5516.245693</timestamp>
			</report>
			<report>
				<misses>520400000</misses>
				<total>0</total>
				<timestamp>5517.291415</timestamp>
			</report>
			<report>
				<misses>520500000</misses>
				<total>0</total>
				<timestamp>5518.334643</timestamp>
			</report>
			<report>
				<misses>520600000</misses>
				<total>0</total>
				<timestamp>5519.393639</timestamp>
			</report>
			<report>
				<misses>520700000</misses>
				<total>0</total>
				<timestamp>5520.442517</timestamp>
			</report>
			<report>
				<misses>520800000</misses>
				<total>0</total>
				<timestamp>5521.508728</timestamp>
			</report>
			<report>
				<misses>520900000</misses>
				<total>0</total>
				<timestamp>5522.584666</timestamp>
			</report>
			<report>
				<misses>521000000</misses>
				<total>0</total>
				<timestamp>5523.639024</timestamp>
			</report>
			<report>
				<misses>521100000</misses>
				<total>0</total>
				<timestamp>5524.691846</timestamp>
			</report>
			<report>
				<misses>521200000</misses>
				<total>0</total>
				<timestamp>5525.746546</timestamp>
			</report>
			<report>
				<misses>521300000</misses>
				<total>0</total>
				<timestamp>5526.794434</timestamp>
			</report>
			<report>
				<misses>521400000</misses>
				<total>0</total>
				<timestamp>5527.832390</timestamp>
			</report>
			<report>
				<misses>521500000</misses>
				<total>0</total>
				<timestamp>5528.887446</timestamp>
			</report>
			<report>
				<misses>521600000</misses>
				<total>0</total>
				<timestamp>5529.942594</timestamp>
			</report>
			<report>
				<misses>521700000</misses>
				<total>0</total>
				<timestamp>5530.991878</timestamp>
			</report>
			<report>
				<misses>521800000</misses>
				<total>0</total>
				<timestamp>5532.077223</timestamp>
			</report>
			<report>
				<misses>521900000</misses>
				<total>0</total>
				<timestamp>5533.159134</timestamp>
			</report>
			<report>
				<misses>522000000</misses>
				<total>0</total>
				<timestamp>5534.237280</timestamp>
			</report>
			<report>
				<misses>522100000</misses>
				<total>0</total>
				<timestamp>5535.293345</timestamp>
			</report>
			<report>
				<misses>522200000</misses>
				<total>0</total>
				<timestamp>5536.330855</timestamp>
			</report>
			<report>
				<misses>522300000</misses>
				<total>0</total>
				<timestamp>5537.378846</timestamp>
			</report>
			<report>
				<misses>522400000</misses>
				<total>0</total>
				<timestamp>5538.459674</timestamp>
			</report>
			<report>
				<misses>522500000</misses>
				<total>0</total>
				<timestamp>5539.521510</timestamp>
			</report>
			<report>
				<misses>522600000</misses>
				<total>0</total>
				<timestamp>5540.590224</timestamp>
			</report>
			<report>
				<misses>522700000</misses>
				<total>0</total>
				<timestamp>5541.643208</timestamp>
			</report>
			<report>
				<misses>522800000</misses>
				<total>0</total>
				<timestamp>5542.707384</timestamp>
			</report>
			<report>
				<misses>522900000</misses>
				<total>0</total>
				<timestamp>5543.774708</timestamp>
			</report>
			<report>
				<misses>523000000</misses>
				<total>0</total>
				<timestamp>5544.832995</timestamp>
			</report>
			<report>
				<misses>523100000</misses>
				<total>0</total>
				<timestamp>5545.881989</timestamp>
			</report>
			<report>
				<misses>523200000</misses>
				<total>0</total>
				<timestamp>5546.936450</timestamp>
			</report>
			<report>
				<misses>523300000</misses>
				<total>0</total>
				<timestamp>5547.977168</timestamp>
			</report>
			<report>
				<misses>523400000</misses>
				<total>0</total>
				<timestamp>5549.021751</timestamp>
			</report>
			<report>
				<misses>523500000</misses>
				<total>0</total>
				<timestamp>5550.071781</timestamp>
			</report>
			<report>
				<misses>523600000</misses>
				<total>0</total>
				<timestamp>5551.117693</timestamp>
			</report>
			<report>
				<misses>523700000</misses>
				<total>0</total>
				<timestamp>5552.167700</timestamp>
			</report>
			<report>
				<misses>523800000</misses>
				<total>0</total>
				<timestamp>5553.213124</timestamp>
			</report>
			<report>
				<misses>523900000</misses>
				<total>0</total>
				<timestamp>5554.293754</timestamp>
			</report>
			<report>
				<misses>524000000</misses>
				<total>0</total>
				<timestamp>5555.372708</timestamp>
			</report>
			<report>
				<misses>524100000</misses>
				<total>0</total>
				<timestamp>5556.432540</timestamp>
			</report>
			<report>
				<misses>524200000</misses>
				<total>0</total>
				<timestamp>5557.499862</timestamp>
			</report>
			<report>
				<misses>524300000</misses>
				<total>0</total>
				<timestamp>5558.552646</timestamp>
			</report>
			<report>
				<misses>524400000</misses>
				<total>0</total>
				<timestamp>5559.626413</timestamp>
			</report>
			<report>
				<misses>524500000</misses>
				<total>0</total>
				<timestamp>5560.728806</timestamp>
			</report>
			<report>
				<misses>524600000</misses>
				<total>0</total>
				<timestamp>5561.800447</timestamp>
			</report>
			<report>
				<misses>524700000</misses>
				<total>0</total>
				<timestamp>5562.878217</timestamp>
			</report>
			<report>
				<misses>524800000</misses>
				<total>0</total>
				<timestamp>5563.914908</timestamp>
			</report>
			<report>
				<misses>524900000</misses>
				<total>0</total>
				<timestamp>5564.975235</timestamp>
			</report>
			<report>
				<misses>525000000</misses>
				<total>0</total>
				<timestamp>5566.036401</timestamp>
			</report>
			<report>
				<misses>525100000</misses>
				<total>0</total>
				<timestamp>5567.092421</timestamp>
			</report>
			<report>
				<misses>525200000</misses>
				<total>0</total>
				<timestamp>5568.152897</timestamp>
			</report>
			<report>
				<misses>525300000</misses>
				<total>0</total>
				<timestamp>5569.191909</timestamp>
			</report>
			<report>
				<misses>525400000</misses>
				<total>0</total>
				<timestamp>5570.248579</timestamp>
			</report>
			<report>
				<misses>525500000</misses>
				<total>0</total>
				<timestamp>5571.286674</timestamp>
			</report>
			<report>
				<misses>525600000</misses>
				<total>0</total>
				<timestamp>5572.359127</timestamp>
			</report>
			<report>
				<misses>525700000</misses>
				<total>0</total>
				<timestamp>5573.419279</timestamp>
			</report>
			<report>
				<misses>525800000</misses>
				<total>0</total>
				<timestamp>5574.484219</timestamp>
			</report>
			<report>
				<misses>525900000</misses>
				<total>0</total>
				<timestamp>5575.565552</timestamp>
			</report>
			<report>
				<misses>526000000</misses>
				<total>0</total>
				<timestamp>5576.614656</timestamp>
			</report>
			<report>
				<misses>526100000</misses>
				<total>0</total>
				<timestamp>5577.666982</timestamp>
			</report>
			<report>
				<misses>526200000</misses>
				<total>0</total>
				<timestamp>5578.723517</timestamp>
			</report>
			<report>
				<misses>526300000</misses>
				<total>0</total>
				<timestamp>5579.792659</timestamp>
			</report>
			<report>
				<misses>526400000</misses>
				<total>0</total>
				<timestamp>5580.843952</timestamp>
			</report>
			<report>
				<misses>526500000</misses>
				<total>0</total>
				<timestamp>5581.893974</timestamp>
			</report>
			<report>
				<misses>526600000</misses>
				<total>0</total>
				<timestamp>5582.946098</timestamp>
			</report>
			<report>
				<misses>526700000</misses>
				<total>0</total>
				<timestamp>5583.986923</timestamp>
			</report>
			<report>
				<misses>526800000</misses>
				<total>0</total>
				<timestamp>5585.039833</timestamp>
			</report>
			<report>
				<misses>526900000</misses>
				<total>0</total>
				<timestamp>5586.080719</timestamp>
			</report>
			<report>
				<misses>527000000</misses>
				<total>0</total>
				<timestamp>5587.144169</timestamp>
			</report>
			<report>
				<misses>527100000</misses>
				<total>0</total>
				<timestamp>5588.231179</timestamp>
			</report>
			<report>
				<misses>527200000</misses>
				<total>0</total>
				<timestamp>5589.301363</timestamp>
			</report>
			<report>
				<misses>527300000</misses>
				<total>0</total>
				<timestamp>5590.356465</timestamp>
			</report>
			<report>
				<misses>527400000</misses>
				<total>0</total>
				<timestamp>5591.421227</timestamp>
			</report>
			<report>
				<misses>527500000</misses>
				<total>0</total>
				<timestamp>5592.473743</timestamp>
			</report>
			<report>
				<misses>527600000</misses>
				<total>0</total>
				<timestamp>5593.520889</timestamp>
			</report>
			<report>
				<misses>527700000</misses>
				<total>0</total>
				<timestamp>5594.554303</timestamp>
			</report>
			<report>
				<misses>527800000</misses>
				<total>0</total>
				<timestamp>5595.619304</timestamp>
			</report>
			<report>
				<misses>527900000</misses>
				<total>0</total>
				<timestamp>5596.672589</timestamp>
			</report>
			<report>
				<misses>528000000</misses>
				<total>0</total>
				<timestamp>5597.722453</timestamp>
			</report>
			<report>
				<misses>528100000</misses>
				<total>0</total>
				<timestamp>5598.764979</timestamp>
			</report>
			<report>
				<misses>528200000</misses>
				<total>0</total>
				<timestamp>5599.812321</timestamp>
			</report>
			<report>
				<misses>528300000</misses>
				<total>0</total>
				<timestamp>5600.849727</timestamp>
			</report>
			<report>
				<misses>528400000</misses>
				<total>0</total>
				<timestamp>5601.897936</timestamp>
			</report>
			<report>
				<misses>528500000</misses>
				<total>0</total>
				<timestamp>5602.945350</timestamp>
			</report>
			<report>
				<misses>528600000</misses>
				<total>0</total>
				<timestamp>5603.987625</timestamp>
			</report>
			<report>
				<misses>528700000</misses>
				<total>0</total>
				<timestamp>5605.054166</timestamp>
			</report>
			<report>
				<misses>528800000</misses>
				<total>0</total>
				<timestamp>5606.135328</timestamp>
			</report>
			<report>
				<misses>528900000</misses>
				<total>0</total>
				<timestamp>5607.219923</timestamp>
			</report>
			<report>
				<misses>529000000</misses>
				<total>0</total>
				<timestamp>5608.274063</timestamp>
			</report>
			<report>
				<misses>529100000</misses>
				<total>0</total>
				<timestamp>5609.340963</timestamp>
			</report>
			<report>
				<misses>529200000</misses>
				<total>0</total>
				<timestamp>5610.402289</timestamp>
			</report>
			<report>
				<misses>529300000</misses>
				<total>0</total>
				<timestamp>5611.459548</timestamp>
			</report>
			<report>
				<misses>529400000</misses>
				<total>0</total>
				<timestamp>5612.528090</timestamp>
			</report>
			<report>
				<misses>529500000</misses>
				<total>0</total>
				<timestamp>5613.578114</timestamp>
			</report>
			<report>
				<misses>529600000</misses>
				<total>0</total>
				<timestamp>5614.631312</timestamp>
			</report>
			<report>
				<misses>529700000</misses>
				<total>0</total>
				<timestamp>5615.704341</timestamp>
			</report>
			<report>
				<misses>529800000</misses>
				<total>0</total>
				<timestamp>5616.760371</timestamp>
			</report>
			<report>
				<misses>529900000</misses>
				<total>0</total>
				<timestamp>5617.824847</timestamp>
			</report>
			<report>
				<misses>530000000</misses>
				<total>0</total>
				<timestamp>5618.875680</timestamp>
			</report>
			<report>
				<misses>530100000</misses>
				<total>0</total>
				<timestamp>5619.926187</timestamp>
			</report>
			<report>
				<misses>530200000</misses>
				<total>0</total>
				<timestamp>5620.970455</timestamp>
			</report>
			<report>
				<misses>530300000</misses>
				<total>0</total>
				<timestamp>5622.021011</timestamp>
			</report>
			<report>
				<misses>530400000</misses>
				<total>0</total>
				<timestamp>5623.081740</timestamp>
			</report>
			<report>
				<misses>530500000</misses>
				<total>0</total>
				<timestamp>5624.166395</timestamp>
			</report>
			<report>
				<misses>530600000</misses>
				<total>0</total>
				<timestamp>5625.229877</timestamp>
			</report>
			<report>
				<misses>530700000</misses>
				<total>0</total>
				<timestamp>5626.283646</timestamp>
			</report>
			<report>
				<misses>530800000</misses>
				<total>0</total>
				<timestamp>5627.324232</timestamp>
			</report>
			<report>
				<misses>530900000</misses>
				<total>0</total>
				<timestamp>5628.370730</timestamp>
			</report>
			<report>
				<misses>531000000</misses>
				<total>0</total>
				<timestamp>5629.420525</timestamp>
			</report>
			<report>
				<misses>531100000</misses>
				<total>0</total>
				<timestamp>5630.465552</timestamp>
			</report>
			<report>
				<misses>531200000</misses>
				<total>0</total>
				<timestamp>5631.517360</timestamp>
			</report>
			<report>
				<misses>531300000</misses>
				<total>0</total>
				<timestamp>5632.599927</timestamp>
			</report>
			<report>
				<misses>531400000</misses>
				<total>0</total>
				<timestamp>5633.648260</timestamp>
			</report>
			<report>
				<misses>531500000</misses>
				<total>0</total>
				<timestamp>5634.734382</timestamp>
			</report>
			<report>
				<misses>531600000</misses>
				<total>0</total>
				<timestamp>5635.784667</timestamp>
			</report>
			<report>
				<misses>531700000</misses>
				<total>0</total>
				<timestamp>5636.845411</timestamp>
			</report>
			<report>
				<misses>531800000</misses>
				<total>0</total>
				<timestamp>5637.883819</timestamp>
			</report>
			<report>
				<misses>531900000</misses>
				<total>0</total>
				<timestamp>5638.936466</timestamp>
			</report>
			<report>
				<misses>532000000</misses>
				<total>0</total>
				<timestamp>5640.000531</timestamp>
			</report>
			<report>
				<misses>532100000</misses>
				<total>0</total>
				<timestamp>5641.069472</timestamp>
			</report>
			<report>
				<misses>532200000</misses>
				<total>0</total>
				<timestamp>5642.136896</timestamp>
			</report>
			<report>
				<misses>532300000</misses>
				<total>0</total>
				<timestamp>5643.178001</timestamp>
			</report>
			<report>
				<misses>532400000</misses>
				<total>0</total>
				<timestamp>5644.229855</timestamp>
			</report>
			<report>
				<misses>532500000</misses>
				<total>0</total>
				<timestamp>5645.277044</timestamp>
			</report>
			<report>
				<misses>532600000</misses>
				<total>0</total>
				<timestamp>5646.399104</timestamp>
			</report>
			<report>
				<misses>532700000</misses>
				<total>0</total>
				<timestamp>5647.455626</timestamp>
			</report>
			<report>
				<misses>532800000</misses>
				<total>0</total>
				<timestamp>5648.511185</timestamp>
			</report>
			<report>
				<misses>532900000</misses>
				<total>0</total>
				<timestamp>5649.552461</timestamp>
			</report>
			<report>
				<misses>533000000</misses>
				<total>0</total>
				<timestamp>5650.616842</timestamp>
			</report>
			<report>
				<misses>533100000</misses>
				<total>0</total>
				<timestamp>5651.670107</timestamp>
			</report>
			<report>
				<misses>533200000</misses>
				<total>0</total>
				<timestamp>5652.745980</timestamp>
			</report>
			<report>
				<misses>533300000</misses>
				<total>0</total>
				<timestamp>5653.819260</timestamp>
			</report>
			<report>
				<misses>533400000</misses>
				<total>0</total>
				<timestamp>5654.904478</timestamp>
			</report>
			<report>
				<misses>533500000</misses>
				<total>0</total>
				<timestamp>5655.969840</timestamp>
			</report>
			<report>
				<misses>533600000</misses>
				<total>0</total>
				<timestamp>5657.038064</timestamp>
			</report>
			<report>
				<misses>533700000</misses>
				<total>0</total>
				<timestamp>5658.089358</timestamp>
			</report>
			<report>
				<misses>533800000</misses>
				<total>0</total>
				<timestamp>5659.143341</timestamp>
			</report>
			<report>
				<misses>533900000</misses>
				<total>0</total>
				<timestamp>5660.221595</timestamp>
			</report>
			<report>
				<misses>534000000</misses>
				<total>0</total>
				<timestamp>5661.269119</timestamp>
			</report>
			<report>
				<misses>534100000</misses>
				<total>0</total>
				<timestamp>5662.328444</timestamp>
			</report>
			<report>
				<misses>534200000</misses>
				<total>0</total>
				<timestamp>5663.393559</timestamp>
			</report>
			<report>
				<misses>534300000</misses>
				<total>0</total>
				<timestamp>5664.448204</timestamp>
			</report>
			<report>
				<misses>534400000</misses>
				<total>0</total>
				<timestamp>5665.485057</timestamp>
			</report>
			<report>
				<misses>534500000</misses>
				<total>0</total>
				<timestamp>5666.527444</timestamp>
			</report>
			<report>
				<misses>534600000</misses>
				<total>0</total>
				<timestamp>5667.577146</timestamp>
			</report>
			<report>
				<misses>534700000</misses>
				<total>0</total>
				<timestamp>5668.628755</timestamp>
			</report>
			<report>
				<misses>534800000</misses>
				<total>0</total>
				<timestamp>5669.678797</timestamp>
			</report>
			<report>
				<misses>534900000</misses>
				<total>0</total>
				<timestamp>5670.747749</timestamp>
			</report>
			<report>
				<misses>535000000</misses>
				<total>0</total>
				<timestamp>5671.822244</timestamp>
			</report>
			<report>
				<misses>535100000</misses>
				<total>0</total>
				<timestamp>5672.889172</timestamp>
			</report>
			<report>
				<misses>535200000</misses>
				<total>0</total>
				<timestamp>5673.955568</timestamp>
			</report>
			<report>
				<misses>535300000</misses>
				<total>0</total>
				<timestamp>5675.021786</timestamp>
			</report>
			<report>
				<misses>535400000</misses>
				<total>0</total>
				<timestamp>5676.087834</timestamp>
			</report>
			<report>
				<misses>535500000</misses>
				<total>0</total>
				<timestamp>5677.156828</timestamp>
			</report>
			<report>
				<misses>535600000</misses>
				<total>0</total>
				<timestamp>5678.224515</timestamp>
			</report>
			<report>
				<misses>535700000</misses>
				<total>0</total>
				<timestamp>5679.279397</timestamp>
			</report>
			<report>
				<misses>535800000</misses>
				<total>0</total>
				<timestamp>5680.354117</timestamp>
			</report>
			<report>
				<misses>535900000</misses>
				<total>0</total>
				<timestamp>5681.432451</timestamp>
			</report>
			<report>
				<misses>536000000</misses>
				<total>0</total>
				<timestamp>5682.492496</timestamp>
			</report>
			<report>
				<misses>536100000</misses>
				<total>0</total>
				<timestamp>5683.573145</timestamp>
			</report>
			<report>
				<misses>536200000</misses>
				<total>0</total>
				<timestamp>5684.633442</timestamp>
			</report>
			<report>
				<misses>536300000</misses>
				<total>0</total>
				<timestamp>5685.704879</timestamp>
			</report>
			<report>
				<misses>536400000</misses>
				<total>0</total>
				<timestamp>5686.755691</timestamp>
			</report>
			<report>
				<misses>536500000</misses>
				<total>0</total>
				<timestamp>5687.812408</timestamp>
			</report>
			<report>
				<misses>536600000</misses>
				<total>0</total>
				<timestamp>5688.856412</timestamp>
			</report>
			<report>
				<misses>536700000</misses>
				<total>0</total>
				<timestamp>5689.909620</timestamp>
			</report>
			<report>
				<misses>536800000</misses>
				<total>0</total>
				<timestamp>5690.946070</timestamp>
			</report>
			<report>
				<misses>536900000</misses>
				<total>0</total>
				<timestamp>5691.997704</timestamp>
			</report>
			<report>
				<misses>537000000</misses>
				<total>0</total>
				<timestamp>5693.034056</timestamp>
			</report>
			<report>
				<misses>537100000</misses>
				<total>0</total>
				<timestamp>5694.110951</timestamp>
			</report>
			<report>
				<misses>537200000</misses>
				<total>0</total>
				<timestamp>5695.180156</timestamp>
			</report>
			<report>
				<misses>537300000</misses>
				<total>0</total>
				<timestamp>5696.240226</timestamp>
			</report>
			<report>
				<misses>537400000</misses>
				<total>0</total>
				<timestamp>5697.348384</timestamp>
			</report>
			<report>
				<misses>537500000</misses>
				<total>0</total>
				<timestamp>5698.428990</timestamp>
			</report>
			<report>
				<misses>537600000</misses>
				<total>0</total>
				<timestamp>5699.485513</timestamp>
			</report>
			<report>
				<misses>537700000</misses>
				<total>0</total>
				<timestamp>5700.555453</timestamp>
			</report>
			<report>
				<misses>537800000</misses>
				<total>0</total>
				<timestamp>5701.601396</timestamp>
			</report>
			<report>
				<misses>537900000</misses>
				<total>0</total>
				<timestamp>5702.646990</timestamp>
			</report>
			<report>
				<misses>538000000</misses>
				<total>0</total>
				<timestamp>5703.703762</timestamp>
			</report>
			<report>
				<misses>538100000</misses>
				<total>0</total>
				<timestamp>5704.760542</timestamp>
			</report>
			<report>
				<misses>538200000</misses>
				<total>0</total>
				<timestamp>5705.820440</timestamp>
			</report>
			<report>
				<misses>538300000</misses>
				<total>0</total>
				<timestamp>5706.866629</timestamp>
			</report>
			<report>
				<misses>538400000</misses>
				<total>0</total>
				<timestamp>5707.906699</timestamp>
			</report>
			<report>
				<misses>538500000</misses>
				<total>0</total>
				<timestamp>5708.955242</timestamp>
			</report>
			<report>
				<misses>538600000</misses>
				<total>0</total>
				<timestamp>5710.007402</timestamp>
			</report>
			<report>
				<misses>538700000</misses>
				<total>0</total>
				<timestamp>5711.070247</timestamp>
			</report>
			<report>
				<misses>538800000</misses>
				<total>0</total>
				<timestamp>5712.133069</timestamp>
			</report>
			<report>
				<misses>538900000</misses>
				<total>0</total>
				<timestamp>5713.182669</timestamp>
			</report>
			<report>
				<misses>539000000</misses>
				<total>0</total>
				<timestamp>5714.250881</timestamp>
			</report>
			<report>
				<misses>539100000</misses>
				<total>0</total>
				<timestamp>5715.293455</timestamp>
			</report>
			<report>
				<misses>539200000</misses>
				<total>0</total>
				<timestamp>5716.350662</timestamp>
			</report>
			<report>
				<misses>539300000</misses>
				<total>0</total>
				<timestamp>5717.412786</timestamp>
			</report>
			<report>
				<misses>539400000</misses>
				<total>0</total>
				<timestamp>5718.471966</timestamp>
			</report>
			<report>
				<misses>539500000</misses>
				<total>0</total>
				<timestamp>5719.518564</timestamp>
			</report>
			<report>
				<misses>539600000</misses>
				<total>0</total>
				<timestamp>5720.556614</timestamp>
			</report>
			<report>
				<misses>539700000</misses>
				<total>0</total>
				<timestamp>5721.599587</timestamp>
			</report>
			<report>
				<misses>539800000</misses>
				<total>0</total>
				<timestamp>5722.674814</timestamp>
			</report>
			<report>
				<misses>539900000</misses>
				<total>0</total>
				<timestamp>5723.716694</timestamp>
			</report>
			<report>
				<misses>540000000</misses>
				<total>0</total>
				<timestamp>5724.761805</timestamp>
			</report>
			<report>
				<misses>540100000</misses>
				<total>0</total>
				<timestamp>5725.804097</timestamp>
			</report>
			<report>
				<misses>540200000</misses>
				<total>0</total>
				<timestamp>5726.867563</timestamp>
			</report>
			<report>
				<misses>540300000</misses>
				<total>0</total>
				<timestamp>5727.922449</timestamp>
			</report>
			<report>
				<misses>540400000</misses>
				<total>0</total>
				<timestamp>5728.974509</timestamp>
			</report>
			<report>
				<misses>540500000</misses>
				<total>0</total>
				<timestamp>5730.055840</timestamp>
			</report>
			<report>
				<misses>540600000</misses>
				<total>0</total>
				<timestamp>5731.110276</timestamp>
			</report>
			<report>
				<misses>540700000</misses>
				<total>0</total>
				<timestamp>5732.171091</timestamp>
			</report>
			<report>
				<misses>540800000</misses>
				<total>0</total>
				<timestamp>5733.229666</timestamp>
			</report>
			<report>
				<misses>540900000</misses>
				<total>0</total>
				<timestamp>5734.291543</timestamp>
			</report>
			<report>
				<misses>541000000</misses>
				<total>0</total>
				<timestamp>5735.342665</timestamp>
			</report>
			<report>
				<misses>541100000</misses>
				<total>0</total>
				<timestamp>5736.448337</timestamp>
			</report>
			<report>
				<misses>541200000</misses>
				<total>0</total>
				<timestamp>5737.537675</timestamp>
			</report>
			<report>
				<misses>541300000</misses>
				<total>0</total>
				<timestamp>5738.586902</timestamp>
			</report>
			<report>
				<misses>541400000</misses>
				<total>0</total>
				<timestamp>5739.652353</timestamp>
			</report>
			<report>
				<misses>541500000</misses>
				<total>0</total>
				<timestamp>5740.690287</timestamp>
			</report>
			<report>
				<misses>541600000</misses>
				<total>0</total>
				<timestamp>5741.723606</timestamp>
			</report>
			<report>
				<misses>541700000</misses>
				<total>0</total>
				<timestamp>5742.763817</timestamp>
			</report>
			<report>
				<misses>541800000</misses>
				<total>0</total>
				<timestamp>5743.800190</timestamp>
			</report>
			<report>
				<misses>541900000</misses>
				<total>0</total>
				<timestamp>5744.845474</timestamp>
			</report>
			<report>
				<misses>542000000</misses>
				<total>0</total>
				<timestamp>5745.894056</timestamp>
			</report>
			<report>
				<misses>542100000</misses>
				<total>0</total>
				<timestamp>5746.953664</timestamp>
			</report>
			<report>
				<misses>542200000</misses>
				<total>0</total>
				<timestamp>5748.032021</timestamp>
			</report>
			<report>
				<misses>542300000</misses>
				<total>0</total>
				<timestamp>5749.099701</timestamp>
			</report>
			<report>
				<misses>542400000</misses>
				<total>0</total>
				<timestamp>5750.181455</timestamp>
			</report>
			<report>
				<misses>542500000</misses>
				<total>0</total>
				<timestamp>5751.247434</timestamp>
			</report>
			<report>
				<misses>542600000</misses>
				<total>0</total>
				<timestamp>5752.306591</timestamp>
			</report>
			<report>
				<misses>542700000</misses>
				<total>0</total>
				<timestamp>5753.394504</timestamp>
			</report>
			<report>
				<misses>542800000</misses>
				<total>0</total>
				<timestamp>5754.474908</timestamp>
			</report>
			<report>
				<misses>542900000</misses>
				<total>0</total>
				<timestamp>5755.534721</timestamp>
			</report>
			<report>
				<misses>543000000</misses>
				<total>0</total>
				<timestamp>5756.602151</timestamp>
			</report>
			<report>
				<misses>543100000</misses>
				<total>0</total>
				<timestamp>5757.671535</timestamp>
			</report>
			<report>
				<misses>543200000</misses>
				<total>0</total>
				<timestamp>5758.716924</timestamp>
			</report>
			<report>
				<misses>543300000</misses>
				<total>0</total>
				<timestamp>5759.769429</timestamp>
			</report>
			<report>
				<misses>543400000</misses>
				<total>0</total>
				<timestamp>5760.830140</timestamp>
			</report>
			<report>
				<misses>543500000</misses>
				<total>0</total>
				<timestamp>5761.893391</timestamp>
			</report>
			<report>
				<misses>543600000</misses>
				<total>0</total>
				<timestamp>5762.946628</timestamp>
			</report>
			<report>
				<misses>543700000</misses>
				<total>0</total>
				<timestamp>5764.017789</timestamp>
			</report>
			<report>
				<misses>543800000</misses>
				<total>0</total>
				<timestamp>5765.064275</timestamp>
			</report>
			<report>
				<misses>543900000</misses>
				<total>0</total>
				<timestamp>5766.129328</timestamp>
			</report>
			<report>
				<misses>544000000</misses>
				<total>0</total>
				<timestamp>5767.173744</timestamp>
			</report>
			<report>
				<misses>544100000</misses>
				<total>0</total>
				<timestamp>5768.218515</timestamp>
			</report>
			<report>
				<misses>544200000</misses>
				<total>0</total>
				<timestamp>5769.290196</timestamp>
			</report>
			<report>
				<misses>544300000</misses>
				<total>0</total>
				<timestamp>5770.356389</timestamp>
			</report>
			<report>
				<misses>544400000</misses>
				<total>0</total>
				<timestamp>5771.425634</timestamp>
			</report>
			<report>
				<misses>544500000</misses>
				<total>0</total>
				<timestamp>5772.520358</timestamp>
			</report>
			<report>
				<misses>544600000</misses>
				<total>0</total>
				<timestamp>5773.596254</timestamp>
			</report>
			<report>
				<misses>544700000</misses>
				<total>0</total>
				<timestamp>5774.641909</timestamp>
			</report>
			<report>
				<misses>544800000</misses>
				<total>0</total>
				<timestamp>5775.713494</timestamp>
			</report>
			<report>
				<misses>544900000</misses>
				<total>0</total>
				<timestamp>5776.770558</timestamp>
			</report>
			<report>
				<misses>545000000</misses>
				<total>0</total>
				<timestamp>5777.853916</timestamp>
			</report>
			<report>
				<misses>545100000</misses>
				<total>0</total>
				<timestamp>5778.904209</timestamp>
			</report>
			<report>
				<misses>545200000</misses>
				<total>0</total>
				<timestamp>5779.960788</timestamp>
			</report>
			<report>
				<misses>545300000</misses>
				<total>0</total>
				<timestamp>5781.001629</timestamp>
			</report>
			<report>
				<misses>545400000</misses>
				<total>0</total>
				<timestamp>5782.044495</timestamp>
			</report>
			<report>
				<misses>545500000</misses>
				<total>0</total>
				<timestamp>5783.092139</timestamp>
			</report>
			<report>
				<misses>545600000</misses>
				<total>0</total>
				<timestamp>5784.150450</timestamp>
			</report>
			<report>
				<misses>545700000</misses>
				<total>0</total>
				<timestamp>5785.246834</timestamp>
			</report>
			<report>
				<misses>545800000</misses>
				<total>0</total>
				<timestamp>5786.303933</timestamp>
			</report>
			<report>
				<misses>545900000</misses>
				<total>0</total>
				<timestamp>5787.400957</timestamp>
			</report>
			<report>
				<misses>546000000</misses>
				<total>0</total>
				<timestamp>5788.487088</timestamp>
			</report>
			<report>
				<misses>546100000</misses>
				<total>0</total>
				<timestamp>5789.551434</timestamp>
			</report>
			<report>
				<misses>546200000</misses>
				<total>0</total>
				<timestamp>5790.586228</timestamp>
			</report>
			<report>
				<misses>546300000</misses>
				<total>0</total>
				<timestamp>5791.655235</timestamp>
			</report>
			<report>
				<misses>546400000</misses>
				<total>0</total>
				<timestamp>5792.718104</timestamp>
			</report>
			<report>
				<misses>546500000</misses>
				<total>0</total>
				<timestamp>5793.783794</timestamp>
			</report>
			<report>
				<misses>546600000</misses>
				<total>0</total>
				<timestamp>5794.847909</timestamp>
			</report>
			<report>
				<misses>546700000</misses>
				<total>0</total>
				<timestamp>5795.896680</timestamp>
			</report>
			<report>
				<misses>546800000</misses>
				<total>0</total>
				<timestamp>5796.938853</timestamp>
			</report>
			<report>
				<misses>546900000</misses>
				<total>0</total>
				<timestamp>5797.998942</timestamp>
			</report>
			<report>
				<misses>547000000</misses>
				<total>0</total>
				<timestamp>5799.059981</timestamp>
			</report>
			<report>
				<misses>547100000</misses>
				<total>0</total>
				<timestamp>5800.139289</timestamp>
			</report>
			<report>
				<misses>547200000</misses>
				<total>0</total>
				<timestamp>5801.195752</timestamp>
			</report>
			<report>
				<misses>547300000</misses>
				<total>0</total>
				<timestamp>5802.247182</timestamp>
			</report>
			<report>
				<misses>547400000</misses>
				<total>0</total>
				<timestamp>5803.350655</timestamp>
			</report>
			<report>
				<misses>547500000</misses>
				<total>0</total>
				<timestamp>5804.413617</timestamp>
			</report>
			<report>
				<misses>547600000</misses>
				<total>0</total>
				<timestamp>5805.510594</timestamp>
			</report>
			<report>
				<misses>547700000</misses>
				<total>0</total>
				<timestamp>5806.569053</timestamp>
			</report>
			<report>
				<misses>547800000</misses>
				<total>0</total>
				<timestamp>5807.635852</timestamp>
			</report>
			<report>
				<misses>547900000</misses>
				<total>0</total>
				<timestamp>5808.691911</timestamp>
			</report>
			<report>
				<misses>548000000</misses>
				<total>0</total>
				<timestamp>5809.737118</timestamp>
			</report>
			<report>
				<misses>548100000</misses>
				<total>0</total>
				<timestamp>5810.794699</timestamp>
			</report>
			<report>
				<misses>548200000</misses>
				<total>0</total>
				<timestamp>5811.857892</timestamp>
			</report>
			<report>
				<misses>548300000</misses>
				<total>0</total>
				<timestamp>5812.899165</timestamp>
			</report>
			<report>
				<misses>548400000</misses>
				<total>0</total>
				<timestamp>5813.936928</timestamp>
			</report>
			<report>
				<misses>548500000</misses>
				<total>0</total>
				<timestamp>5814.982091</timestamp>
			</report>
			<report>
				<misses>548600000</misses>
				<total>0</total>
				<timestamp>5816.016179</timestamp>
			</report>
			<report>
				<misses>548700000</misses>
				<total>0</total>
				<timestamp>5817.061562</timestamp>
			</report>
			<report>
				<misses>548800000</misses>
				<total>0</total>
				<timestamp>5818.110313</timestamp>
			</report>
			<report>
				<misses>548900000</misses>
				<total>0</total>
				<timestamp>5819.172526</timestamp>
			</report>
			<report>
				<misses>549000000</misses>
				<total>0</total>
				<timestamp>5820.231127</timestamp>
			</report>
			<report>
				<misses>549100000</misses>
				<total>0</total>
				<timestamp>5821.285747</timestamp>
			</report>
			<report>
				<misses>549200000</misses>
				<total>0</total>
				<timestamp>5822.367691</timestamp>
			</report>
			<report>
				<misses>549300000</misses>
				<total>0</total>
				<timestamp>5823.429472</timestamp>
			</report>
			<report>
				<misses>549400000</misses>
				<total>0</total>
				<timestamp>5824.506175</timestamp>
			</report>
			<report>
				<misses>549500000</misses>
				<total>0</total>
				<timestamp>5825.545193</timestamp>
			</report>
			<report>
				<misses>549600000</misses>
				<total>0</total>
				<timestamp>5826.616480</timestamp>
			</report>
			<report>
				<misses>549700000</misses>
				<total>0</total>
				<timestamp>5827.680757</timestamp>
			</report>
			<report>
				<misses>549800000</misses>
				<total>0</total>
				<timestamp>5828.760918</timestamp>
			</report>
			<report>
				<misses>549900000</misses>
				<total>0</total>
				<timestamp>5829.808740</timestamp>
			</report>
			<report>
				<misses>550000000</misses>
				<total>0</total>
				<timestamp>5830.849895</timestamp>
			</report>
			<report>
				<misses>550100000</misses>
				<total>0</total>
				<timestamp>5831.893906</timestamp>
			</report>
			<report>
				<misses>550200000</misses>
				<total>0</total>
				<timestamp>5832.942921</timestamp>
			</report>
			<report>
				<misses>550300000</misses>
				<total>0</total>
				<timestamp>5833.991693</timestamp>
			</report>
			<report>
				<misses>550400000</misses>
				<total>0</total>
				<timestamp>5835.029770</timestamp>
			</report>
			<report>
				<misses>550500000</misses>
				<total>0</total>
				<timestamp>5836.083548</timestamp>
			</report>
			<report>
				<misses>550600000</misses>
				<total>0</total>
				<timestamp>5837.137795</timestamp>
			</report>
			<report>
				<misses>550700000</misses>
				<total>0</total>
				<timestamp>5838.193654</timestamp>
			</report>
			<report>
				<misses>550800000</misses>
				<total>0</total>
				<timestamp>5839.266811</timestamp>
			</report>
			<report>
				<misses>550900000</misses>
				<total>0</total>
				<timestamp>5840.337595</timestamp>
			</report>
			<report>
				<misses>551000000</misses>
				<total>0</total>
				<timestamp>5841.413180</timestamp>
			</report>
			<report>
				<misses>551100000</misses>
				<total>0</total>
				<timestamp>5842.502936</timestamp>
			</report>
			<report>
				<misses>551200000</misses>
				<total>0</total>
				<timestamp>5843.565202</timestamp>
			</report>
			<report>
				<misses>551300000</misses>
				<total>0</total>
				<timestamp>5844.628976</timestamp>
			</report>
			<report>
				<misses>551400000</misses>
				<total>0</total>
				<timestamp>5845.675968</timestamp>
			</report>
			<report>
				<misses>551500000</misses>
				<total>0</total>
				<timestamp>5846.739779</timestamp>
			</report>
			<report>
				<misses>551600000</misses>
				<total>0</total>
				<timestamp>5847.808236</timestamp>
			</report>
			<report>
				<misses>551700000</misses>
				<total>0</total>
				<timestamp>5848.876397</timestamp>
			</report>
			<report>
				<misses>551800000</misses>
				<total>0</total>
				<timestamp>5849.937012</timestamp>
			</report>
			<report>
				<misses>551900000</misses>
				<total>0</total>
				<timestamp>5850.980611</timestamp>
			</report>
			<report>
				<misses>552000000</misses>
				<total>0</total>
				<timestamp>5852.036861</timestamp>
			</report>
			<report>
				<misses>552100000</misses>
				<total>0</total>
				<timestamp>5853.092040</timestamp>
			</report>
			<report>
				<misses>552200000</misses>
				<total>0</total>
				<timestamp>5854.164903</timestamp>
			</report>
			<report>
				<misses>552300000</misses>
				<total>0</total>
				<timestamp>5855.250824</timestamp>
			</report>
			<report>
				<misses>552400000</misses>
				<total>0</total>
				<timestamp>5856.314256</timestamp>
			</report>
			<report>
				<misses>552500000</misses>
				<total>0</total>
				<timestamp>5857.388648</timestamp>
			</report>
			<report>
				<misses>552600000</misses>
				<total>0</total>
				<timestamp>5858.453782</timestamp>
			</report>
			<report>
				<misses>552700000</misses>
				<total>0</total>
				<timestamp>5859.527849</timestamp>
			</report>
			<report>
				<misses>552800000</misses>
				<total>0</total>
				<timestamp>5860.597921</timestamp>
			</report>
			<report>
				<misses>552900000</misses>
				<total>0</total>
				<timestamp>5861.672125</timestamp>
			</report>
			<report>
				<misses>553000000</misses>
				<total>0</total>
				<timestamp>5862.721278</timestamp>
			</report>
			<report>
				<misses>553100000</misses>
				<total>0</total>
				<timestamp>5863.779044</timestamp>
			</report>
			<report>
				<misses>553200000</misses>
				<total>0</total>
				<timestamp>5864.820249</timestamp>
			</report>
			<report>
				<misses>553300000</misses>
				<total>0</total>
				<timestamp>5865.864613</timestamp>
			</report>
			<report>
				<misses>553400000</misses>
				<total>0</total>
				<timestamp>5866.908995</timestamp>
			</report>
			<report>
				<misses>553500000</misses>
				<total>0</total>
				<timestamp>5867.965751</timestamp>
			</report>
			<report>
				<misses>553600000</misses>
				<total>0</total>
				<timestamp>5869.018517</timestamp>
			</report>
			<report>
				<misses>553700000</misses>
				<total>0</total>
				<timestamp>5870.068157</timestamp>
			</report>
			<report>
				<misses>553800000</misses>
				<total>0</total>
				<timestamp>5871.121890</timestamp>
			</report>
			<report>
				<misses>553900000</misses>
				<total>0</total>
				<timestamp>5872.192515</timestamp>
			</report>
			<report>
				<misses>554000000</misses>
				<total>0</total>
				<timestamp>5873.257113</timestamp>
			</report>
			<report>
				<misses>554100000</misses>
				<total>0</total>
				<timestamp>5874.315712</timestamp>
			</report>
			<report>
				<misses>554200000</misses>
				<total>0</total>
				<timestamp>5875.380341</timestamp>
			</report>
			<report>
				<misses>554300000</misses>
				<total>0</total>
				<timestamp>5876.452105</timestamp>
			</report>
			<report>
				<misses>554400000</misses>
				<total>0</total>
				<timestamp>5877.514760</timestamp>
			</report>
			<report>
				<misses>554500000</misses>
				<total>0</total>
				<timestamp>5878.589147</timestamp>
			</report>
			<report>
				<misses>554600000</misses>
				<total>0</total>
				<timestamp>5879.649379</timestamp>
			</report>
			<report>
				<misses>554700000</misses>
				<total>0</total>
				<timestamp>5880.704244</timestamp>
			</report>
			<report>
				<misses>554800000</misses>
				<total>0</total>
				<timestamp>5881.755998</timestamp>
			</report>
			<report>
				<misses>554900000</misses>
				<total>0</total>
				<timestamp>5882.803242</timestamp>
			</report>
			<report>
				<misses>555000000</misses>
				<total>0</total>
				<timestamp>5883.851225</timestamp>
			</report>
			<report>
				<misses>555100000</misses>
				<total>0</total>
				<timestamp>5884.887463</timestamp>
			</report>
			<report>
				<misses>555200000</misses>
				<total>0</total>
				<timestamp>5885.938793</timestamp>
			</report>
			<report>
				<misses>555300000</misses>
				<total>0</total>
				<timestamp>5886.981240</timestamp>
			</report>
			<report>
				<misses>555400000</misses>
				<total>0</total>
				<timestamp>5888.078148</timestamp>
			</report>
			<report>
				<misses>555500000</misses>
				<total>0</total>
				<timestamp>5889.146421</timestamp>
			</report>
			<report>
				<misses>555600000</misses>
				<total>0</total>
				<timestamp>5890.215084</timestamp>
			</report>
			<report>
				<misses>555700000</misses>
				<total>0</total>
				<timestamp>5891.282530</timestamp>
			</report>
			<report>
				<misses>555800000</misses>
				<total>0</total>
				<timestamp>5892.339907</timestamp>
			</report>
			<report>
				<misses>555900000</misses>
				<total>0</total>
				<timestamp>5893.402878</timestamp>
			</report>
			<report>
				<misses>556000000</misses>
				<total>0</total>
				<timestamp>5894.462696</timestamp>
			</report>
			<report>
				<misses>556100000</misses>
				<total>0</total>
				<timestamp>5895.522718</timestamp>
			</report>
			<report>
				<misses>556200000</misses>
				<total>0</total>
				<timestamp>5896.574787</timestamp>
			</report>
			<report>
				<misses>556300000</misses>
				<total>0</total>
				<timestamp>5897.627085</timestamp>
			</report>
			<report>
				<misses>556400000</misses>
				<total>0</total>
				<timestamp>5898.671073</timestamp>
			</report>
			<report>
				<misses>556500000</misses>
				<total>0</total>
				<timestamp>5899.721572</timestamp>
			</report>
			<report>
				<misses>556600000</misses>
				<total>0</total>
				<timestamp>5900.774117</timestamp>
			</report>
			<report>
				<misses>556700000</misses>
				<total>0</total>
				<timestamp>5901.821523</timestamp>
			</report>
			<report>
				<misses>556800000</misses>
				<total>0</total>
				<timestamp>5902.866701</timestamp>
			</report>
			<report>
				<misses>556900000</misses>
				<total>0</total>
				<timestamp>5903.928658</timestamp>
			</report>
			<report>
				<misses>557000000</misses>
				<total>0</total>
				<timestamp>5904.988696</timestamp>
			</report>
			<report>
				<misses>557100000</misses>
				<total>0</total>
				<timestamp>5906.055967</timestamp>
			</report>
			<report>
				<misses>557200000</misses>
				<total>0</total>
				<timestamp>5907.135514</timestamp>
			</report>
			<report>
				<misses>557300000</misses>
				<total>0</total>
				<timestamp>5908.212177</timestamp>
			</report>
			<report>
				<misses>557400000</misses>
				<total>0</total>
				<timestamp>5909.289958</timestamp>
			</report>
			<report>
				<misses>557500000</misses>
				<total>0</total>
				<timestamp>5910.371064</timestamp>
			</report>
			<report>
				<misses>557600000</misses>
				<total>0</total>
				<timestamp>5911.466621</timestamp>
			</report>
			<report>
				<misses>557700000</misses>
				<total>0</total>
				<timestamp>5912.533478</timestamp>
			</report>
			<report>
				<misses>557800000</misses>
				<total>0</total>
				<timestamp>5913.591269</timestamp>
			</report>
			<report>
				<misses>557900000</misses>
				<total>0</total>
				<timestamp>5914.661898</timestamp>
			</report>
			<report>
				<misses>558000000</misses>
				<total>0</total>
				<timestamp>5915.722286</timestamp>
			</report>
			<report>
				<misses>558100000</misses>
				<total>0</total>
				<timestamp>5916.805197</timestamp>
			</report>
			<report>
				<misses>558200000</misses>
				<total>0</total>
				<timestamp>5917.860888</timestamp>
			</report>
			<report>
				<misses>558300000</misses>
				<total>0</total>
				<timestamp>5918.950496</timestamp>
			</report>
			<report>
				<misses>558400000</misses>
				<total>0</total>
				<timestamp>5920.007102</timestamp>
			</report>
			<report>
				<misses>558500000</misses>
				<total>0</total>
				<timestamp>5921.082531</timestamp>
			</report>
			<report>
				<misses>558600000</misses>
				<total>0</total>
				<timestamp>5922.147189</timestamp>
			</report>
			<report>
				<misses>558700000</misses>
				<total>0</total>
				<timestamp>5923.210192</timestamp>
			</report>
			<report>
				<misses>558800000</misses>
				<total>0</total>
				<timestamp>5924.278761</timestamp>
			</report>
			<report>
				<misses>558900000</misses>
				<total>0</total>
				<timestamp>5925.352234</timestamp>
			</report>
			<report>
				<misses>559000000</misses>
				<total>0</total>
				<timestamp>5926.418872</timestamp>
			</report>
			<report>
				<misses>559100000</misses>
				<total>0</total>
				<timestamp>5927.470055</timestamp>
			</report>
			<report>
				<misses>559200000</misses>
				<total>0</total>
				<timestamp>5928.543493</timestamp>
			</report>
			<report>
				<misses>559300000</misses>
				<total>0</total>
				<timestamp>5929.584555</timestamp>
			</report>
			<report>
				<misses>559400000</misses>
				<total>0</total>
				<timestamp>5930.633441</timestamp>
			</report>
			<report>
				<misses>559500000</misses>
				<total>0</total>
				<timestamp>5931.670596</timestamp>
			</report>
			<report>
				<misses>559600000</misses>
				<total>0</total>
				<timestamp>5932.717888</timestamp>
			</report>
			<report>
				<misses>559700000</misses>
				<total>0</total>
				<timestamp>5933.770878</timestamp>
			</report>
			<report>
				<misses>559800000</misses>
				<total>0</total>
				<timestamp>5934.852552</timestamp>
			</report>
			<report>
				<misses>559900000</misses>
				<total>0</total>
				<timestamp>5935.965271</timestamp>
			</report>
			<report>
				<misses>560000000</misses>
				<total>0</total>
				<timestamp>5937.043735</timestamp>
			</report>
			<report>
				<misses>560100000</misses>
				<total>0</total>
				<timestamp>5938.084763</timestamp>
			</report>
			<report>
				<misses>560200000</misses>
				<total>0</total>
				<timestamp>5939.155493</timestamp>
			</report>
			<report>
				<misses>560300000</misses>
				<total>0</total>
				<timestamp>5940.230161</timestamp>
			</report>
			<report>
				<misses>560400000</misses>
				<total>0</total>
				<timestamp>5941.277589</timestamp>
			</report>
			<report>
				<misses>560500000</misses>
				<total>0</total>
				<timestamp>5942.396235</timestamp>
			</report>
			<report>
				<misses>560600000</misses>
				<total>0</total>
				<timestamp>5943.447307</timestamp>
			</report>
			<report>
				<misses>560700000</misses>
				<total>0</total>
				<timestamp>5944.503496</timestamp>
			</report>
			<report>
				<misses>560800000</misses>
				<total>0</total>
				<timestamp>5945.550343</timestamp>
			</report>
			<report>
				<misses>560900000</misses>
				<total>0</total>
				<timestamp>5946.604148</timestamp>
			</report>
			<report>
				<misses>561000000</misses>
				<total>0</total>
				<timestamp>5947.655902</timestamp>
			</report>
			<report>
				<misses>561100000</misses>
				<total>0</total>
				<timestamp>5948.690992</timestamp>
			</report>
			<report>
				<misses>561200000</misses>
				<total>0</total>
				<timestamp>5949.747742</timestamp>
			</report>
			<report>
				<misses>561300000</misses>
				<total>0</total>
				<timestamp>5950.802790</timestamp>
			</report>
			<report>
				<misses>561400000</misses>
				<total>0</total>
				<timestamp>5951.884902</timestamp>
			</report>
			<report>
				<misses>561500000</misses>
				<total>0</total>
				<timestamp>5952.941435</timestamp>
			</report>
			<report>
				<misses>561600000</misses>
				<total>0</total>
				<timestamp>5954.004078</timestamp>
			</report>
			<report>
				<misses>561700000</misses>
				<total>0</total>
				<timestamp>5955.069718</timestamp>
			</report>
			<report>
				<misses>561800000</misses>
				<total>0</total>
				<timestamp>5956.134790</timestamp>
			</report>
			<report>
				<misses>561900000</misses>
				<total>0</total>
				<timestamp>5957.195397</timestamp>
			</report>
			<report>
				<misses>562000000</misses>
				<total>0</total>
				<timestamp>5958.272212</timestamp>
			</report>
			<report>
				<misses>562100000</misses>
				<total>0</total>
				<timestamp>5959.330524</timestamp>
			</report>
			<report>
				<misses>562200000</misses>
				<total>0</total>
				<timestamp>5960.375422</timestamp>
			</report>
			<report>
				<misses>562300000</misses>
				<total>0</total>
				<timestamp>5961.414437</timestamp>
			</report>
			<report>
				<misses>562400000</misses>
				<total>0</total>
				<timestamp>5962.451278</timestamp>
			</report>
			<report>
				<misses>562500000</misses>
				<total>0</total>
				<timestamp>5963.502144</timestamp>
			</report>
			<report>
				<misses>562600000</misses>
				<total>0</total>
				<timestamp>5964.539449</timestamp>
			</report>
			<report>
				<misses>562700000</misses>
				<total>0</total>
				<timestamp>5965.604620</timestamp>
			</report>
			<report>
				<misses>562800000</misses>
				<total>0</total>
				<timestamp>5966.648277</timestamp>
			</report>
			<report>
				<misses>562900000</misses>
				<total>0</total>
				<timestamp>5967.705667</timestamp>
			</report>
			<report>
				<misses>563000000</misses>
				<total>0</total>
				<timestamp>5968.767722</timestamp>
			</report>
			<report>
				<misses>563100000</misses>
				<total>0</total>
				<timestamp>5969.834369</timestamp>
			</report>
			<report>
				<misses>563200000</misses>
				<total>0</total>
				<timestamp>5970.898194</timestamp>
			</report>
			<report>
				<misses>563300000</misses>
				<total>0</total>
				<timestamp>5971.939475</timestamp>
			</report>
			<report>
				<misses>563400000</misses>
				<total>0</total>
				<timestamp>5973.017373</timestamp>
			</report>
			<report>
				<misses>563500000</misses>
				<total>0</total>
				<timestamp>5974.080854</timestamp>
			</report>
			<report>
				<misses>563600000</misses>
				<total>0</total>
				<timestamp>5975.132497</timestamp>
			</report>
			<report>
				<misses>563700000</misses>
				<total>0</total>
				<timestamp>5976.195824</timestamp>
			</report>
			<report>
				<misses>563800000</misses>
				<total>0</total>
				<timestamp>5977.253096</timestamp>
			</report>
			<report>
				<misses>563900000</misses>
				<total>0</total>
				<timestamp>5978.295260</timestamp>
			</report>
			<report>
				<misses>564000000</misses>
				<total>0</total>
				<timestamp>5979.344044</timestamp>
			</report>
			<report>
				<misses>564100000</misses>
				<total>0</total>
				<timestamp>5980.397603</timestamp>
			</report>
			<report>
				<misses>564200000</misses>
				<total>0</total>
				<timestamp>5981.451935</timestamp>
			</report>
			<report>
				<misses>564300000</misses>
				<total>0</total>
				<timestamp>5982.510620</timestamp>
			</report>
			<report>
				<misses>564400000</misses>
				<total>0</total>
				<timestamp>5983.555442</timestamp>
			</report>
			<report>
				<misses>564500000</misses>
				<total>0</total>
				<timestamp>5984.626148</timestamp>
			</report>
			<report>
				<misses>564600000</misses>
				<total>0</total>
				<timestamp>5985.675071</timestamp>
			</report>
			<report>
				<misses>564700000</misses>
				<total>0</total>
				<timestamp>5986.758322</timestamp>
			</report>
			<report>
				<misses>564800000</misses>
				<total>0</total>
				<timestamp>5987.834108</timestamp>
			</report>
			<report>
				<misses>564900000</misses>
				<total>0</total>
				<timestamp>5988.874689</timestamp>
			</report>
			<report>
				<misses>565000000</misses>
				<total>0</total>
				<timestamp>5989.923309</timestamp>
			</report>
			<report>
				<misses>565100000</misses>
				<total>0</total>
				<timestamp>5990.964319</timestamp>
			</report>
			<report>
				<misses>565200000</misses>
				<total>0</total>
				<timestamp>5992.019490</timestamp>
			</report>
			<report>
				<misses>565300000</misses>
				<total>0</total>
				<timestamp>5993.076224</timestamp>
			</report>
			<report>
				<misses>565400000</misses>
				<total>0</total>
				<timestamp>5994.155951</timestamp>
			</report>
			<report>
				<misses>565500000</misses>
				<total>0</total>
				<timestamp>5995.209738</timestamp>
			</report>
			<report>
				<misses>565600000</misses>
				<total>0</total>
				<timestamp>5996.281429</timestamp>
			</report>
			<report>
				<misses>565700000</misses>
				<total>0</total>
				<timestamp>5997.331117</timestamp>
			</report>
			<report>
				<misses>565800000</misses>
				<total>0</total>
				<timestamp>5998.370517</timestamp>
			</report>
			<report>
				<misses>565900000</misses>
				<total>0</total>
				<timestamp>5999.409043</timestamp>
			</report>
			<report>
				<misses>566000000</misses>
				<total>0</total>
				<timestamp>6000.464823</timestamp>
			</report>
			<report>
				<misses>566100000</misses>
				<total>0</total>
				<timestamp>6001.549050</timestamp>
			</report>
			<report>
				<misses>566200000</misses>
				<total>0</total>
				<timestamp>6002.618774</timestamp>
			</report>
			<report>
				<misses>566300000</misses>
				<total>0</total>
				<timestamp>6003.678581</timestamp>
			</report>
			<report>
				<misses>566400000</misses>
				<total>0</total>
				<timestamp>6004.763086</timestamp>
			</report>
			<report>
				<misses>566500000</misses>
				<total>0</total>
				<timestamp>6005.802244</timestamp>
			</report>
			<report>
				<misses>566600000</misses>
				<total>0</total>
				<timestamp>6006.874355</timestamp>
			</report>
			<report>
				<misses>566700000</misses>
				<total>0</total>
				<timestamp>6007.928024</timestamp>
			</report>
			<report>
				<misses>566800000</misses>
				<total>0</total>
				<timestamp>6009.001217</timestamp>
			</report>
			<report>
				<misses>566900000</misses>
				<total>0</total>
				<timestamp>6010.049474</timestamp>
			</report>
			<report>
				<misses>567000000</misses>
				<total>0</total>
				<timestamp>6011.093175</timestamp>
			</report>
			<report>
				<misses>567100000</misses>
				<total>0</total>
				<timestamp>6012.165860</timestamp>
			</report>
			<report>
				<misses>567200000</misses>
				<total>0</total>
				<timestamp>6013.221906</timestamp>
			</report>
			<report>
				<misses>567300000</misses>
				<total>0</total>
				<timestamp>6014.296555</timestamp>
			</report>
			<report>
				<misses>567400000</misses>
				<total>0</total>
				<timestamp>6015.336884</timestamp>
			</report>
			<report>
				<misses>567500000</misses>
				<total>0</total>
				<timestamp>6016.383064</timestamp>
			</report>
			<report>
				<misses>567600000</misses>
				<total>0</total>
				<timestamp>6017.433525</timestamp>
			</report>
			<report>
				<misses>567700000</misses>
				<total>0</total>
				<timestamp>6018.478112</timestamp>
			</report>
			<report>
				<misses>567800000</misses>
				<total>0</total>
				<timestamp>6019.529523</timestamp>
			</report>
			<report>
				<misses>567900000</misses>
				<total>0</total>
				<timestamp>6020.568045</timestamp>
			</report>
			<report>
				<misses>568000000</misses>
				<total>0</total>
				<timestamp>6021.614204</timestamp>
			</report>
			<report>
				<misses>568100000</misses>
				<total>0</total>
				<timestamp>6022.672098</timestamp>
			</report>
			<report>
				<misses>568200000</misses>
				<total>0</total>
				<timestamp>6023.762582</timestamp>
			</report>
			<report>
				<misses>568300000</misses>
				<total>0</total>
				<timestamp>6024.853830</timestamp>
			</report>
			<report>
				<misses>568400000</misses>
				<total>0</total>
				<timestamp>6025.897111</timestamp>
			</report>
			<report>
				<misses>568500000</misses>
				<total>0</total>
				<timestamp>6026.961093</timestamp>
			</report>
			<report>
				<misses>568600000</misses>
				<total>0</total>
				<timestamp>6028.048088</timestamp>
			</report>
			<report>
				<misses>568700000</misses>
				<total>0</total>
				<timestamp>6029.105178</timestamp>
			</report>
			<report>
				<misses>568800000</misses>
				<total>0</total>
				<timestamp>6030.147432</timestamp>
			</report>
			<report>
				<misses>568900000</misses>
				<total>0</total>
				<timestamp>6031.202620</timestamp>
			</report>
			<report>
				<misses>569000000</misses>
				<total>0</total>
				<timestamp>6032.274303</timestamp>
			</report>
			<report>
				<misses>569100000</misses>
				<total>0</total>
				<timestamp>6033.350260</timestamp>
			</report>
			<report>
				<misses>569200000</misses>
				<total>0</total>
				<timestamp>6034.399819</timestamp>
			</report>
			<report>
				<misses>569300000</misses>
				<total>0</total>
				<timestamp>6035.440950</timestamp>
			</report>
			<report>
				<misses>569400000</misses>
				<total>0</total>
				<timestamp>6036.489730</timestamp>
			</report>
			<report>
				<misses>569500000</misses>
				<total>0</total>
				<timestamp>6037.533724</timestamp>
			</report>
			<report>
				<misses>569600000</misses>
				<total>0</total>
				<timestamp>6038.584336</timestamp>
			</report>
			<report>
				<misses>569700000</misses>
				<total>0</total>
				<timestamp>6039.642461</timestamp>
			</report>
			<report>
				<misses>569800000</misses>
				<total>0</total>
				<timestamp>6040.699369</timestamp>
			</report>
			<report>
				<misses>569900000</misses>
				<total>0</total>
				<timestamp>6041.754034</timestamp>
			</report>
			<report>
				<misses>570000000</misses>
				<total>0</total>
				<timestamp>6042.797466</timestamp>
			</report>
			<report>
				<misses>570100000</misses>
				<total>0</total>
				<timestamp>6043.855960</timestamp>
			</report>
			<report>
				<misses>570200000</misses>
				<total>0</total>
				<timestamp>6044.915471</timestamp>
			</report>
			<report>
				<misses>570300000</misses>
				<total>0</total>
				<timestamp>6045.958175</timestamp>
			</report>
			<report>
				<misses>570400000</misses>
				<total>0</total>
				<timestamp>6047.031788</timestamp>
			</report>
			<report>
				<misses>570500000</misses>
				<total>0</total>
				<timestamp>6048.084758</timestamp>
			</report>
			<report>
				<misses>570600000</misses>
				<total>0</total>
				<timestamp>6049.170224</timestamp>
			</report>
			<report>
				<misses>570700000</misses>
				<total>0</total>
				<timestamp>6050.238824</timestamp>
			</report>
			<report>
				<misses>570800000</misses>
				<total>0</total>
				<timestamp>6051.298367</timestamp>
			</report>
			<report>
				<misses>570900000</misses>
				<total>0</total>
				<timestamp>6052.339715</timestamp>
			</report>
			<report>
				<misses>571000000</misses>
				<total>0</total>
				<timestamp>6053.383661</timestamp>
			</report>
			<report>
				<misses>571100000</misses>
				<total>0</total>
				<timestamp>6054.423573</timestamp>
			</report>
			<report>
				<misses>571200000</misses>
				<total>0</total>
				<timestamp>6055.487901</timestamp>
			</report>
			<report>
				<misses>571300000</misses>
				<total>0</total>
				<timestamp>6056.530623</timestamp>
			</report>
			<report>
				<misses>571400000</misses>
				<total>0</total>
				<timestamp>6057.605133</timestamp>
			</report>
			<report>
				<misses>571500000</misses>
				<total>0</total>
				<timestamp>6058.670737</timestamp>
			</report>
			<report>
				<misses>571600000</misses>
				<total>0</total>
				<timestamp>6059.722261</timestamp>
			</report>
			<report>
				<misses>571700000</misses>
				<total>0</total>
				<timestamp>6060.770206</timestamp>
			</report>
			<report>
				<misses>571800000</misses>
				<total>0</total>
				<timestamp>6061.823429</timestamp>
			</report>
			<report>
				<misses>571900000</misses>
				<total>0</total>
				<timestamp>6062.892105</timestamp>
			</report>
			<report>
				<misses>572000000</misses>
				<total>0</total>
				<timestamp>6063.977220</timestamp>
			</report>
			<report>
				<misses>572100000</misses>
				<total>0</total>
				<timestamp>6065.063420</timestamp>
			</report>
			<report>
				<misses>572200000</misses>
				<total>0</total>
				<timestamp>6066.101029</timestamp>
			</report>
			<report>
				<misses>572300000</misses>
				<total>0</total>
				<timestamp>6067.182563</timestamp>
			</report>
			<report>
				<misses>572400000</misses>
				<total>0</total>
				<timestamp>6068.257599</timestamp>
			</report>
			<report>
				<misses>572500000</misses>
				<total>0</total>
				<timestamp>6069.342406</timestamp>
			</report>
			<report>
				<misses>572600000</misses>
				<total>0</total>
				<timestamp>6070.379928</timestamp>
			</report>
			<report>
				<misses>572700000</misses>
				<total>0</total>
				<timestamp>6071.461338</timestamp>
			</report>
			<report>
				<misses>572800000</misses>
				<total>0</total>
				<timestamp>6072.506743</timestamp>
			</report>
			<report>
				<misses>572900000</misses>
				<total>0</total>
				<timestamp>6073.548340</timestamp>
			</report>
			<report>
				<misses>573000000</misses>
				<total>0</total>
				<timestamp>6074.596196</timestamp>
			</report>
			<report>
				<misses>573100000</misses>
				<total>0</total>
				<timestamp>6075.633378</timestamp>
			</report>
			<report>
				<misses>573200000</misses>
				<total>0</total>
				<timestamp>6076.684508</timestamp>
			</report>
			<report>
				<misses>573300000</misses>
				<total>0</total>
				<timestamp>6077.724240</timestamp>
			</report>
			<report>
				<misses>573400000</misses>
				<total>0</total>
				<timestamp>6078.775410</timestamp>
			</report>
			<report>
				<misses>573500000</misses>
				<total>0</total>
				<timestamp>6079.837724</timestamp>
			</report>
			<report>
				<misses>573600000</misses>
				<total>0</total>
				<timestamp>6080.912039</timestamp>
			</report>
			<report>
				<misses>573700000</misses>
				<total>0</total>
				<timestamp>6081.986316</timestamp>
			</report>
			<report>
				<misses>573800000</misses>
				<total>0</total>
				<timestamp>6083.048388</timestamp>
			</report>
			<report>
				<misses>573900000</misses>
				<total>0</total>
				<timestamp>6084.119937</timestamp>
			</report>
			<report>
				<misses>574000000</misses>
				<total>0</total>
				<timestamp>6085.199885</timestamp>
			</report>
			<report>
				<misses>574100000</misses>
				<total>0</total>
				<timestamp>6086.256077</timestamp>
			</report>
			<report>
				<misses>574200000</misses>
				<total>0</total>
				<timestamp>6087.315326</timestamp>
			</report>
			<report>
				<misses>574300000</misses>
				<total>0</total>
				<timestamp>6088.387315</timestamp>
			</report>
			<report>
				<misses>574400000</misses>
				<total>0</total>
				<timestamp>6089.476918</timestamp>
			</report>
			<report>
				<misses>574500000</misses>
				<total>0</total>
				<timestamp>6090.544804</timestamp>
			</report>
			<report>
				<misses>574600000</misses>
				<total>0</total>
				<timestamp>6091.615664</timestamp>
			</report>
			<report>
				<misses>574700000</misses>
				<total>0</total>
				<timestamp>6092.676490</timestamp>
			</report>
			<report>
				<misses>574800000</misses>
				<total>0</total>
				<timestamp>6093.775016</timestamp>
			</report>
			<report>
				<misses>574900000</misses>
				<total>0</total>
				<timestamp>6094.858594</timestamp>
			</report>
			<report>
				<misses>575000000</misses>
				<total>0</total>
				<timestamp>6095.912874</timestamp>
			</report>
			<report>
				<misses>575100000</misses>
				<total>0</total>
				<timestamp>6096.961566</timestamp>
			</report>
			<report>
				<misses>575200000</misses>
				<total>0</total>
				<timestamp>6098.008602</timestamp>
			</report>
			<report>
				<misses>575300000</misses>
				<total>0</total>
				<timestamp>6099.047612</timestamp>
			</report>
			<report>
				<misses>575400000</misses>
				<total>0</total>
				<timestamp>6100.098048</timestamp>
			</report>
			<report>
				<misses>575500000</misses>
				<total>0</total>
				<timestamp>6101.135597</timestamp>
			</report>
			<report>
				<misses>575600000</misses>
				<total>0</total>
				<timestamp>6102.187661</timestamp>
			</report>
			<report>
				<misses>575700000</misses>
				<total>0</total>
				<timestamp>6103.242938</timestamp>
			</report>
			<report>
				<misses>575800000</misses>
				<total>0</total>
				<timestamp>6104.301495</timestamp>
			</report>
			<report>
				<misses>575900000</misses>
				<total>0</total>
				<timestamp>6105.349466</timestamp>
			</report>
			<report>
				<misses>576000000</misses>
				<total>0</total>
				<timestamp>6106.413946</timestamp>
			</report>
			<report>
				<misses>576100000</misses>
				<total>0</total>
				<timestamp>6107.472011</timestamp>
			</report>
			<report>
				<misses>576200000</misses>
				<total>0</total>
				<timestamp>6108.528187</timestamp>
			</report>
			<report>
				<misses>576300000</misses>
				<total>0</total>
				<timestamp>6109.617347</timestamp>
			</report>
			<report>
				<misses>576400000</misses>
				<total>0</total>
				<timestamp>6110.664458</timestamp>
			</report>
			<report>
				<misses>576500000</misses>
				<total>0</total>
				<timestamp>6111.737400</timestamp>
			</report>
			<report>
				<misses>576600000</misses>
				<total>0</total>
				<timestamp>6112.798769</timestamp>
			</report>
			<report>
				<misses>576700000</misses>
				<total>0</total>
				<timestamp>6113.851494</timestamp>
			</report>
			<report>
				<misses>576800000</misses>
				<total>0</total>
				<timestamp>6114.915604</timestamp>
			</report>
			<report>
				<misses>576900000</misses>
				<total>0</total>
				<timestamp>6115.978877</timestamp>
			</report>
			<report>
				<misses>577000000</misses>
				<total>0</total>
				<timestamp>6117.062676</timestamp>
			</report>
			<report>
				<misses>577100000</misses>
				<total>0</total>
				<timestamp>6118.110929</timestamp>
			</report>
			<report>
				<misses>577200000</misses>
				<total>0</total>
				<timestamp>6119.174852</timestamp>
			</report>
			<report>
				<misses>577300000</misses>
				<total>0</total>
				<timestamp>6120.216121</timestamp>
			</report>
			<report>
				<misses>577400000</misses>
				<total>0</total>
				<timestamp>6121.291029</timestamp>
			</report>
			<report>
				<misses>577500000</misses>
				<total>0</total>
				<timestamp>6122.324769</timestamp>
			</report>
			<report>
				<misses>577600000</misses>
				<total>0</total>
				<timestamp>6123.375151</timestamp>
			</report>
			<report>
				<misses>577700000</misses>
				<total>0</total>
				<timestamp>6124.421168</timestamp>
			</report>
			<report>
				<misses>577800000</misses>
				<total>0</total>
				<timestamp>6125.486958</timestamp>
			</report>
			<report>
				<misses>577900000</misses>
				<total>0</total>
				<timestamp>6126.552015</timestamp>
			</report>
			<report>
				<misses>578000000</misses>
				<total>0</total>
				<timestamp>6127.596315</timestamp>
			</report>
			<report>
				<misses>578100000</misses>
				<total>0</total>
				<timestamp>6128.642340</timestamp>
			</report>
			<report>
				<misses>578200000</misses>
				<total>0</total>
				<timestamp>6129.692658</timestamp>
			</report>
			<report>
				<misses>578300000</misses>
				<total>0</total>
				<timestamp>6130.745953</timestamp>
			</report>
			<report>
				<misses>578400000</misses>
				<total>0</total>
				<timestamp>6131.787788</timestamp>
			</report>
			<report>
				<misses>578500000</misses>
				<total>0</total>
				<timestamp>6132.834179</timestamp>
			</report>
			<report>
				<misses>578600000</misses>
				<total>0</total>
				<timestamp>6133.902173</timestamp>
			</report>
			<report>
				<misses>578700000</misses>
				<total>0</total>
				<timestamp>6134.949810</timestamp>
			</report>
			<report>
				<misses>578800000</misses>
				<total>0</total>
				<timestamp>6135.995319</timestamp>
			</report>
			<report>
				<misses>578900000</misses>
				<total>0</total>
				<timestamp>6137.057551</timestamp>
			</report>
			<report>
				<misses>579000000</misses>
				<total>0</total>
				<timestamp>6138.104616</timestamp>
			</report>
			<report>
				<misses>579100000</misses>
				<total>0</total>
				<timestamp>6139.153574</timestamp>
			</report>
			<report>
				<misses>579200000</misses>
				<total>0</total>
				<timestamp>6140.207187</timestamp>
			</report>
			<report>
				<misses>579300000</misses>
				<total>0</total>
				<timestamp>6141.262795</timestamp>
			</report>
			<report>
				<misses>579400000</misses>
				<total>0</total>
				<timestamp>6142.323742</timestamp>
			</report>
			<report>
				<misses>579500000</misses>
				<total>0</total>
				<timestamp>6143.409402</timestamp>
			</report>
			<report>
				<misses>579600000</misses>
				<total>0</total>
				<timestamp>6144.459148</timestamp>
			</report>
			<report>
				<misses>579700000</misses>
				<total>0</total>
				<timestamp>6145.520962</timestamp>
			</report>
			<report>
				<misses>579800000</misses>
				<total>0</total>
				<timestamp>6146.553853</timestamp>
			</report>
			<report>
				<misses>579900000</misses>
				<total>0</total>
				<timestamp>6147.617985</timestamp>
			</report>
			<report>
				<misses>580000000</misses>
				<total>0</total>
				<timestamp>6148.668527</timestamp>
			</report>
			<report>
				<misses>580100000</misses>
				<total>0</total>
				<timestamp>6149.724275</timestamp>
			</report>
			<report>
				<misses>580200000</misses>
				<total>0</total>
				<timestamp>6150.764787</timestamp>
			</report>
			<report>
				<misses>580300000</misses>
				<total>0</total>
				<timestamp>6151.832235</timestamp>
			</report>
			<report>
				<misses>580400000</misses>
				<total>0</total>
				<timestamp>6152.892040</timestamp>
			</report>
			<report>
				<misses>580500000</misses>
				<total>0</total>
				<timestamp>6153.928656</timestamp>
			</report>
			<report>
				<misses>580600000</misses>
				<total>0</total>
				<timestamp>6154.992659</timestamp>
			</report>
			<report>
				<misses>580700000</misses>
				<total>0</total>
				<timestamp>6156.034584</timestamp>
			</report>
			<report>
				<misses>580800000</misses>
				<total>0</total>
				<timestamp>6157.081518</timestamp>
			</report>
			<report>
				<misses>580900000</misses>
				<total>0</total>
				<timestamp>6158.122002</timestamp>
			</report>
			<report>
				<misses>581000000</misses>
				<total>0</total>
				<timestamp>6159.187565</timestamp>
			</report>
			<report>
				<misses>581100000</misses>
				<total>0</total>
				<timestamp>6160.253610</timestamp>
			</report>
			<report>
				<misses>581200000</misses>
				<total>0</total>
				<timestamp>6161.321850</timestamp>
			</report>
			<report>
				<misses>581300000</misses>
				<total>0</total>
				<timestamp>6162.381895</timestamp>
			</report>
			<report>
				<misses>581400000</misses>
				<total>0</total>
				<timestamp>6163.455492</timestamp>
			</report>
			<report>
				<misses>581500000</misses>
				<total>0</total>
				<timestamp>6164.549887</timestamp>
			</report>
			<report>
				<misses>581600000</misses>
				<total>0</total>
				<timestamp>6165.613619</timestamp>
			</report>
			<report>
				<misses>581700000</misses>
				<total>0</total>
				<timestamp>6166.711111</timestamp>
			</report>
			<report>
				<misses>581800000</misses>
				<total>0</total>
				<timestamp>6167.783380</timestamp>
			</report>
			<report>
				<misses>581900000</misses>
				<total>0</total>
				<timestamp>6168.857069</timestamp>
			</report>
			<report>
				<misses>582000000</misses>
				<total>0</total>
				<timestamp>6169.916639</timestamp>
			</report>
			<report>
				<misses>582100000</misses>
				<total>0</total>
				<timestamp>6170.982696</timestamp>
			</report>
			<report>
				<misses>582200000</misses>
				<total>0</total>
				<timestamp>6172.033915</timestamp>
			</report>
			<report>
				<misses>582300000</misses>
				<total>0</total>
				<timestamp>6173.081152</timestamp>
			</report>
			<report>
				<misses>582400000</misses>
				<total>0</total>
				<timestamp>6174.129719</timestamp>
			</report>
			<report>
				<misses>582500000</misses>
				<total>0</total>
				<timestamp>6175.170947</timestamp>
			</report>
			<report>
				<misses>582600000</misses>
				<total>0</total>
				<timestamp>6176.212998</timestamp>
			</report>
			<report>
				<misses>582700000</misses>
				<total>0</total>
				<timestamp>6177.264633</timestamp>
			</report>
			<report>
				<misses>582800000</misses>
				<total>0</total>
				<timestamp>6178.326342</timestamp>
			</report>
			<report>
				<misses>582900000</misses>
				<total>0</total>
				<timestamp>6179.404216</timestamp>
			</report>
			<report>
				<misses>583000000</misses>
				<total>0</total>
				<timestamp>6180.447295</timestamp>
			</report>
			<report>
				<misses>583100000</misses>
				<total>0</total>
				<timestamp>6181.530193</timestamp>
			</report>
			<report>
				<misses>583200000</misses>
				<total>0</total>
				<timestamp>6182.578426</timestamp>
			</report>
			<report>
				<misses>583300000</misses>
				<total>0</total>
				<timestamp>6183.640251</timestamp>
			</report>
			<report>
				<misses>583400000</misses>
				<total>0</total>
				<timestamp>6184.686612</timestamp>
			</report>
			<report>
				<misses>583500000</misses>
				<total>0</total>
				<timestamp>6185.730993</timestamp>
			</report>
			<report>
				<misses>583600000</misses>
				<total>0</total>
				<timestamp>6186.799048</timestamp>
			</report>
			<report>
				<misses>583700000</misses>
				<total>0</total>
				<timestamp>6187.861612</timestamp>
			</report>
			<report>
				<misses>583800000</misses>
				<total>0</total>
				<timestamp>6188.911379</timestamp>
			</report>
			<report>
				<misses>583900000</misses>
				<total>0</total>
				<timestamp>6189.950043</timestamp>
			</report>
			<report>
				<misses>584000000</misses>
				<total>0</total>
				<timestamp>6191.014677</timestamp>
			</report>
			<report>
				<misses>584100000</misses>
				<total>0</total>
				<timestamp>6192.052530</timestamp>
			</report>
			<report>
				<misses>584200000</misses>
				<total>0</total>
				<timestamp>6193.104038</timestamp>
			</report>
			<report>
				<misses>584300000</misses>
				<total>0</total>
				<timestamp>6194.142769</timestamp>
			</report>
			<report>
				<misses>584400000</misses>
				<total>0</total>
				<timestamp>6195.200670</timestamp>
			</report>
			<report>
				<misses>584500000</misses>
				<total>0</total>
				<timestamp>6196.241319</timestamp>
			</report>
			<report>
				<misses>584600000</misses>
				<total>0</total>
				<timestamp>6197.282476</timestamp>
			</report>
			<report>
				<misses>584700000</misses>
				<total>0</total>
				<timestamp>6198.363464</timestamp>
			</report>
			<report>
				<misses>584800000</misses>
				<total>0</total>
				<timestamp>6199.416556</timestamp>
			</report>
			<report>
				<misses>584900000</misses>
				<total>0</total>
				<timestamp>6200.489548</timestamp>
			</report>
			<report>
				<misses>585000000</misses>
				<total>0</total>
				<timestamp>6201.533403</timestamp>
			</report>
			<report>
				<misses>585100000</misses>
				<total>0</total>
				<timestamp>6202.641701</timestamp>
			</report>
			<report>
				<misses>585200000</misses>
				<total>0</total>
				<timestamp>6203.711228</timestamp>
			</report>
			<report>
				<misses>585300000</misses>
				<total>0</total>
				<timestamp>6204.823274</timestamp>
			</report>
			<report>
				<misses>585400000</misses>
				<total>0</total>
				<timestamp>6205.929674</timestamp>
			</report>
			<report>
				<misses>585500000</misses>
				<total>0</total>
				<timestamp>6206.992332</timestamp>
			</report>
			<report>
				<misses>585600000</misses>
				<total>0</total>
				<timestamp>6208.053832</timestamp>
			</report>
			<report>
				<misses>585700000</misses>
				<total>0</total>
				<timestamp>6209.115118</timestamp>
			</report>
			<report>
				<misses>585800000</misses>
				<total>0</total>
				<timestamp>6210.173546</timestamp>
			</report>
			<report>
				<misses>585900000</misses>
				<total>0</total>
				<timestamp>6211.218124</timestamp>
			</report>
			<report>
				<misses>586000000</misses>
				<total>0</total>
				<timestamp>6212.272103</timestamp>
			</report>
			<report>
				<misses>586100000</misses>
				<total>0</total>
				<timestamp>6213.311332</timestamp>
			</report>
			<report>
				<misses>586200000</misses>
				<total>0</total>
				<timestamp>6214.357285</timestamp>
			</report>
			<report>
				<misses>586300000</misses>
				<total>0</total>
				<timestamp>6215.415057</timestamp>
			</report>
			<report>
				<misses>586400000</misses>
				<total>0</total>
				<timestamp>6216.461609</timestamp>
			</report>
			<report>
				<misses>586500000</misses>
				<total>0</total>
				<timestamp>6217.510586</timestamp>
			</report>
			<report>
				<misses>586600000</misses>
				<total>0</total>
				<timestamp>6218.555390</timestamp>
			</report>
			<report>
				<misses>586700000</misses>
				<total>0</total>
				<timestamp>6219.629882</timestamp>
			</report>
			<report>
				<misses>586800000</misses>
				<total>0</total>
				<timestamp>6220.671706</timestamp>
			</report>
			<report>
				<misses>586900000</misses>
				<total>0</total>
				<timestamp>6221.715892</timestamp>
			</report>
			<report>
				<misses>587000000</misses>
				<total>0</total>
				<timestamp>6222.779574</timestamp>
			</report>
			<report>
				<misses>587100000</misses>
				<total>0</total>
				<timestamp>6223.833829</timestamp>
			</report>
			<report>
				<misses>587200000</misses>
				<total>0</total>
				<timestamp>6224.885436</timestamp>
			</report>
			<report>
				<misses>587300000</misses>
				<total>0</total>
				<timestamp>6225.941823</timestamp>
			</report>
			<report>
				<misses>587400000</misses>
				<total>0</total>
				<timestamp>6227.019880</timestamp>
			</report>
			<report>
				<misses>587500000</misses>
				<total>0</total>
				<timestamp>6228.064190</timestamp>
			</report>
			<report>
				<misses>587600000</misses>
				<total>0</total>
				<timestamp>6229.111230</timestamp>
			</report>
			<report>
				<misses>587700000</misses>
				<total>0</total>
				<timestamp>6230.158250</timestamp>
			</report>
			<report>
				<misses>587800000</misses>
				<total>0</total>
				<timestamp>6231.220223</timestamp>
			</report>
			<report>
				<misses>587900000</misses>
				<total>0</total>
				<timestamp>6232.258397</timestamp>
			</report>
			<report>
				<misses>588000000</misses>
				<total>0</total>
				<timestamp>6233.301945</timestamp>
			</report>
			<report>
				<misses>588100000</misses>
				<total>0</total>
				<timestamp>6234.351698</timestamp>
			</report>
			<report>
				<misses>588200000</misses>
				<total>0</total>
				<timestamp>6235.405402</timestamp>
			</report>
			<report>
				<misses>588300000</misses>
				<total>0</total>
				<timestamp>6236.498826</timestamp>
			</report>
			<report>
				<misses>588400000</misses>
				<total>0</total>
				<timestamp>6237.563994</timestamp>
			</report>
			<report>
				<misses>588500000</misses>
				<total>0</total>
				<timestamp>6238.652136</timestamp>
			</report>
			<report>
				<misses>588600000</misses>
				<total>0</total>
				<timestamp>6239.731228</timestamp>
			</report>
			<report>
				<misses>588700000</misses>
				<total>0</total>
				<timestamp>6240.821871</timestamp>
			</report>
			<report>
				<misses>588800000</misses>
				<total>0</total>
				<timestamp>6241.885044</timestamp>
			</report>
			<report>
				<misses>588900000</misses>
				<total>0</total>
				<timestamp>6242.966275</timestamp>
			</report>
			<report>
				<misses>589000000</misses>
				<total>0</total>
				<timestamp>6244.036562</timestamp>
			</report>
			<report>
				<misses>589100000</misses>
				<total>0</total>
				<timestamp>6245.118389</timestamp>
			</report>
			<report>
				<misses>589200000</misses>
				<total>0</total>
				<timestamp>6246.173072</timestamp>
			</report>
			<report>
				<misses>589300000</misses>
				<total>0</total>
				<timestamp>6247.238941</timestamp>
			</report>
			<report>
				<misses>589400000</misses>
				<total>0</total>
				<timestamp>6248.321440</timestamp>
			</report>
			<report>
				<misses>589500000</misses>
				<total>0</total>
				<timestamp>6249.381200</timestamp>
			</report>
			<report>
				<misses>589600000</misses>
				<total>0</total>
				<timestamp>6250.460410</timestamp>
			</report>
			<report>
				<misses>589700000</misses>
				<total>0</total>
				<timestamp>6251.530013</timestamp>
			</report>
			<report>
				<misses>589800000</misses>
				<total>0</total>
				<timestamp>6252.597564</timestamp>
			</report>
			<report>
				<misses>589900000</misses>
				<total>0</total>
				<timestamp>6253.671384</timestamp>
			</report>
			<report>
				<misses>590000000</misses>
				<total>0</total>
				<timestamp>6254.756563</timestamp>
			</report>
			<report>
				<misses>590100000</misses>
				<total>0</total>
				<timestamp>6255.808386</timestamp>
			</report>
			<report>
				<misses>590200000</misses>
				<total>0</total>
				<timestamp>6256.867147</timestamp>
			</report>
			<report>
				<misses>590300000</misses>
				<total>0</total>
				<timestamp>6257.923565</timestamp>
			</report>
			<report>
				<misses>590400000</misses>
				<total>0</total>
				<timestamp>6258.973693</timestamp>
			</report>
			<report>
				<misses>590500000</misses>
				<total>0</total>
				<timestamp>6260.046585</timestamp>
			</report>
			<report>
				<misses>590600000</misses>
				<total>0</total>
				<timestamp>6261.089073</timestamp>
			</report>
			<report>
				<misses>590700000</misses>
				<total>0</total>
				<timestamp>6262.156443</timestamp>
			</report>
			<report>
				<misses>590800000</misses>
				<total>0</total>
				<timestamp>6263.214737</timestamp>
			</report>
			<report>
				<misses>590900000</misses>
				<total>0</total>
				<timestamp>6264.280628</timestamp>
			</report>
			<report>
				<misses>591000000</misses>
				<total>0</total>
				<timestamp>6265.390059</timestamp>
			</report>
			<report>
				<misses>591100000</misses>
				<total>0</total>
				<timestamp>6266.475166</timestamp>
			</report>
			<report>
				<misses>591200000</misses>
				<total>0</total>
				<timestamp>6267.551783</timestamp>
			</report>
			<report>
				<misses>591300000</misses>
				<total>0</total>
				<timestamp>6268.611950</timestamp>
			</report>
			<report>
				<misses>591400000</misses>
				<total>0</total>
				<timestamp>6269.681222</timestamp>
			</report>
			<report>
				<misses>591500000</misses>
				<total>0</total>
				<timestamp>6270.734432</timestamp>
			</report>
			<report>
				<misses>591600000</misses>
				<total>0</total>
				<timestamp>6271.793338</timestamp>
			</report>
			<report>
				<misses>591700000</misses>
				<total>0</total>
				<timestamp>6272.849166</timestamp>
			</report>
			<report>
				<misses>591800000</misses>
				<total>0</total>
				<timestamp>6273.905273</timestamp>
			</report>
			<report>
				<misses>591900000</misses>
				<total>0</total>
				<timestamp>6274.941425</timestamp>
			</report>
			<report>
				<misses>592000000</misses>
				<total>0</total>
				<timestamp>6275.985522</timestamp>
			</report>
			<report>
				<misses>592100000</misses>
				<total>0</total>
				<timestamp>6277.049716</timestamp>
			</report>
			<report>
				<misses>592200000</misses>
				<total>0</total>
				<timestamp>6278.084920</timestamp>
			</report>
			<report>
				<misses>592300000</misses>
				<total>0</total>
				<timestamp>6279.147023</timestamp>
			</report>
			<report>
				<misses>592400000</misses>
				<total>0</total>
				<timestamp>6280.197053</timestamp>
			</report>
			<report>
				<misses>592500000</misses>
				<total>0</total>
				<timestamp>6281.271481</timestamp>
			</report>
			<report>
				<misses>592600000</misses>
				<total>0</total>
				<timestamp>6282.313432</timestamp>
			</report>
			<report>
				<misses>592700000</misses>
				<total>0</total>
				<timestamp>6283.377410</timestamp>
			</report>
			<report>
				<misses>592800000</misses>
				<total>0</total>
				<timestamp>6284.434876</timestamp>
			</report>
			<report>
				<misses>592900000</misses>
				<total>0</total>
				<timestamp>6285.500614</timestamp>
			</report>
			<report>
				<misses>593000000</misses>
				<total>0</total>
				<timestamp>6286.574319</timestamp>
			</report>
			<report>
				<misses>593100000</misses>
				<total>0</total>
				<timestamp>6287.649004</timestamp>
			</report>
			<report>
				<misses>593200000</misses>
				<total>0</total>
				<timestamp>6288.695277</timestamp>
			</report>
			<report>
				<misses>593300000</misses>
				<total>0</total>
				<timestamp>6289.757935</timestamp>
			</report>
			<report>
				<misses>593400000</misses>
				<total>0</total>
				<timestamp>6290.826753</timestamp>
			</report>
			<report>
				<misses>593500000</misses>
				<total>0</total>
				<timestamp>6291.870825</timestamp>
			</report>
			<report>
				<misses>593600000</misses>
				<total>0</total>
				<timestamp>6292.912896</timestamp>
			</report>
			<report>
				<misses>593700000</misses>
				<total>0</total>
				<timestamp>6293.948169</timestamp>
			</report>
			<report>
				<misses>593800000</misses>
				<total>0</total>
				<timestamp>6294.991839</timestamp>
			</report>
			<report>
				<misses>593900000</misses>
				<total>0</total>
				<timestamp>6296.049600</timestamp>
			</report>
			<report>
				<misses>594000000</misses>
				<total>0</total>
				<timestamp>6297.116030</timestamp>
			</report>
			<report>
				<misses>594100000</misses>
				<total>0</total>
				<timestamp>6298.164656</timestamp>
			</report>
			<report>
				<misses>594200000</misses>
				<total>0</total>
				<timestamp>6299.200825</timestamp>
			</report>
			<report>
				<misses>594300000</misses>
				<total>0</total>
				<timestamp>6300.252530</timestamp>
			</report>
			<report>
				<misses>594400000</misses>
				<total>0</total>
				<timestamp>6301.319293</timestamp>
			</report>
			<report>
				<misses>594500000</misses>
				<total>0</total>
				<timestamp>6302.381729</timestamp>
			</report>
			<report>
				<misses>594600000</misses>
				<total>0</total>
				<timestamp>6303.434045</timestamp>
			</report>
			<report>
				<misses>594700000</misses>
				<total>0</total>
				<timestamp>6304.542983</timestamp>
			</report>
			<report>
				<misses>594800000</misses>
				<total>0</total>
				<timestamp>6305.604957</timestamp>
			</report>
			<report>
				<misses>594900000</misses>
				<total>0</total>
				<timestamp>6306.642921</timestamp>
			</report>
			<report>
				<misses>595000000</misses>
				<total>0</total>
				<timestamp>6307.709269</timestamp>
			</report>
			<report>
				<misses>595100000</misses>
				<total>0</total>
				<timestamp>6308.754442</timestamp>
			</report>
			<report>
				<misses>595200000</misses>
				<total>0</total>
				<timestamp>6309.793688</timestamp>
			</report>
			<report>
				<misses>595300000</misses>
				<total>0</total>
				<timestamp>6310.831433</timestamp>
			</report>
			<report>
				<misses>595400000</misses>
				<total>0</total>
				<timestamp>6311.895786</timestamp>
			</report>
			<report>
				<misses>595500000</misses>
				<total>0</total>
				<timestamp>6312.942500</timestamp>
			</report>
			<report>
				<misses>595600000</misses>
				<total>0</total>
				<timestamp>6314.012401</timestamp>
			</report>
			<report>
				<misses>595700000</misses>
				<total>0</total>
				<timestamp>6315.092626</timestamp>
			</report>
			<report>
				<misses>595800000</misses>
				<total>0</total>
				<timestamp>6316.142174</timestamp>
			</report>
			<report>
				<misses>595900000</misses>
				<total>0</total>
				<timestamp>6317.205079</timestamp>
			</report>
			<report>
				<misses>596000000</misses>
				<total>0</total>
				<timestamp>6318.261344</timestamp>
			</report>
			<report>
				<misses>596100000</misses>
				<total>0</total>
				<timestamp>6319.330824</timestamp>
			</report>
			<report>
				<misses>596200000</misses>
				<total>0</total>
				<timestamp>6320.399905</timestamp>
			</report>
			<report>
				<misses>596300000</misses>
				<total>0</total>
				<timestamp>6321.472893</timestamp>
			</report>
			<report>
				<misses>596400000</misses>
				<total>0</total>
				<timestamp>6322.545491</timestamp>
			</report>
			<report>
				<misses>596500000</misses>
				<total>0</total>
				<timestamp>6323.602853</timestamp>
			</report>
			<report>
				<misses>596600000</misses>
				<total>0</total>
				<timestamp>6324.660101</timestamp>
			</report>
			<report>
				<misses>596700000</misses>
				<total>0</total>
				<timestamp>6325.702621</timestamp>
			</report>
			<report>
				<misses>596800000</misses>
				<total>0</total>
				<timestamp>6326.748561</timestamp>
			</report>
			<report>
				<misses>596900000</misses>
				<total>0</total>
				<timestamp>6327.805323</timestamp>
			</report>
			<report>
				<misses>597000000</misses>
				<total>0</total>
				<timestamp>6328.855147</timestamp>
			</report>
			<report>
				<misses>597100000</misses>
				<total>0</total>
				<timestamp>6329.919834</timestamp>
			</report>
			<report>
				<misses>597200000</misses>
				<total>0</total>
				<timestamp>6330.988192</timestamp>
			</report>
			<report>
				<misses>597300000</misses>
				<total>0</total>
				<timestamp>6332.053089</timestamp>
			</report>
			<report>
				<misses>597400000</misses>
				<total>0</total>
				<timestamp>6333.117337</timestamp>
			</report>
			<report>
				<misses>597500000</misses>
				<total>0</total>
				<timestamp>6334.178374</timestamp>
			</report>
			<report>
				<misses>597600000</misses>
				<total>0</total>
				<timestamp>6335.230209</timestamp>
			</report>
			<report>
				<misses>597700000</misses>
				<total>0</total>
				<timestamp>6336.291982</timestamp>
			</report>
			<report>
				<misses>597800000</misses>
				<total>0</total>
				<timestamp>6337.378037</timestamp>
			</report>
			<report>
				<misses>597900000</misses>
				<total>0</total>
				<timestamp>6338.450067</timestamp>
			</report>
			<report>
				<misses>598000000</misses>
				<total>0</total>
				<timestamp>6339.496591</timestamp>
			</report>
			<report>
				<misses>598100000</misses>
				<total>0</total>
				<timestamp>6340.547277</timestamp>
			</report>
			<report>
				<misses>598200000</misses>
				<total>0</total>
				<timestamp>6341.621049</timestamp>
			</report>
			<report>
				<misses>598300000</misses>
				<total>0</total>
				<timestamp>6342.686752</timestamp>
			</report>
			<report>
				<misses>598400000</misses>
				<total>0</total>
				<timestamp>6343.741603</timestamp>
			</report>
			<report>
				<misses>598500000</misses>
				<total>0</total>
				<timestamp>6344.793366</timestamp>
			</report>
			<report>
				<misses>598600000</misses>
				<total>0</total>
				<timestamp>6345.833145</timestamp>
			</report>
			<report>
				<misses>598700000</misses>
				<total>0</total>
				<timestamp>6346.884232</timestamp>
			</report>
			<report>
				<misses>598800000</misses>
				<total>0</total>
				<timestamp>6347.922434</timestamp>
			</report>
			<report>
				<misses>598900000</misses>
				<total>0</total>
				<timestamp>6348.999505</timestamp>
			</report>
			<report>
				<misses>599000000</misses>
				<total>0</total>
				<timestamp>6350.045174</timestamp>
			</report>
			<report>
				<misses>599100000</misses>
				<total>0</total>
				<timestamp>6351.114723</timestamp>
			</report>
			<report>
				<misses>599200000</misses>
				<total>0</total>
				<timestamp>6352.194342</timestamp>
			</report>
			<report>
				<misses>599300000</misses>
				<total>0</total>
				<timestamp>6353.255175</timestamp>
			</report>
			<report>
				<misses>599400000</misses>
				<total>0</total>
				<timestamp>6354.348239</timestamp>
			</report>
			<report>
				<misses>599500000</misses>
				<total>0</total>
				<timestamp>6355.423668</timestamp>
			</report>
			<report>
				<misses>599600000</misses>
				<total>0</total>
				<timestamp>6356.503544</timestamp>
			</report>
			<report>
				<misses>599700000</misses>
				<total>0</total>
				<timestamp>6357.589664</timestamp>
			</report>
			<report>
				<misses>599800000</misses>
				<total>0</total>
				<timestamp>6358.655572</timestamp>
			</report>
			<report>
				<misses>599900000</misses>
				<total>0</total>
				<timestamp>6359.724859</timestamp>
			</report>
			<report>
				<misses>600000000</misses>
				<total>0</total>
				<timestamp>6360.778784</timestamp>
			</report>
			<report>
				<misses>600100000</misses>
				<total>0</total>
				<timestamp>6361.845156</timestamp>
			</report>
			<report>
				<misses>600200000</misses>
				<total>0</total>
				<timestamp>6362.926233</timestamp>
			</report>
			<report>
				<misses>600300000</misses>
				<total>0</total>
				<timestamp>6364.008314</timestamp>
			</report>
			<report>
				<misses>600400000</misses>
				<total>0</total>
				<timestamp>6365.056008</timestamp>
			</report>
			<report>
				<misses>600500000</misses>
				<total>0</total>
				<timestamp>6366.138498</timestamp>
			</report>
			<report>
				<misses>600600000</misses>
				<total>0</total>
				<timestamp>6367.187134</timestamp>
			</report>
			<report>
				<misses>600700000</misses>
				<total>0</total>
				<timestamp>6368.236694</timestamp>
			</report>
			<report>
				<misses>600800000</misses>
				<total>0</total>
				<timestamp>6369.313810</timestamp>
			</report>
			<report>
				<misses>600900000</misses>
				<total>0</total>
				<timestamp>6370.362365</timestamp>
			</report>
			<report>
				<misses>601000000</misses>
				<total>0</total>
				<timestamp>6371.408753</timestamp>
			</report>
			<report>
				<misses>601100000</misses>
				<total>0</total>
				<timestamp>6372.458750</timestamp>
			</report>
			<report>
				<misses>601200000</misses>
				<total>0</total>
				<timestamp>6373.510185</timestamp>
			</report>
			<report>
				<misses>601300000</misses>
				<total>0</total>
				<timestamp>6374.592987</timestamp>
			</report>
			<report>
				<misses>601400000</misses>
				<total>0</total>
				<timestamp>6375.643251</timestamp>
			</report>
			<report>
				<misses>601500000</misses>
				<total>0</total>
				<timestamp>6376.742910</timestamp>
			</report>
			<report>
				<misses>601600000</misses>
				<total>0</total>
				<timestamp>6377.815490</timestamp>
			</report>
			<report>
				<misses>601700000</misses>
				<total>0</total>
				<timestamp>6378.888827</timestamp>
			</report>
			<report>
				<misses>601800000</misses>
				<total>0</total>
				<timestamp>6379.956042</timestamp>
			</report>
			<report>
				<misses>601900000</misses>
				<total>0</total>
				<timestamp>6381.016956</timestamp>
			</report>
			<report>
				<misses>602000000</misses>
				<total>0</total>
				<timestamp>6382.081193</timestamp>
			</report>
			<report>
				<misses>602100000</misses>
				<total>0</total>
				<timestamp>6383.120855</timestamp>
			</report>
			<report>
				<misses>602200000</misses>
				<total>0</total>
				<timestamp>6384.168616</timestamp>
			</report>
			<report>
				<misses>602300000</misses>
				<total>0</total>
				<timestamp>6385.226921</timestamp>
			</report>
			<report>
				<misses>602400000</misses>
				<total>0</total>
				<timestamp>6386.269658</timestamp>
			</report>
			<report>
				<misses>602500000</misses>
				<total>0</total>
				<timestamp>6387.314024</timestamp>
			</report>
			<report>
				<misses>602600000</misses>
				<total>0</total>
				<timestamp>6388.356336</timestamp>
			</report>
			<report>
				<misses>602700000</misses>
				<total>0</total>
				<timestamp>6389.423001</timestamp>
			</report>
			<report>
				<misses>602800000</misses>
				<total>0</total>
				<timestamp>6390.471747</timestamp>
			</report>
			<report>
				<misses>602900000</misses>
				<total>0</total>
				<timestamp>6391.514736</timestamp>
			</report>
			<report>
				<misses>603000000</misses>
				<total>0</total>
				<timestamp>6392.577969</timestamp>
			</report>
			<report>
				<misses>603100000</misses>
				<total>0</total>
				<timestamp>6393.659745</timestamp>
			</report>
			<report>
				<misses>603200000</misses>
				<total>0</total>
				<timestamp>6394.710583</timestamp>
			</report>
			<report>
				<misses>603300000</misses>
				<total>0</total>
				<timestamp>6395.768014</timestamp>
			</report>
			<report>
				<misses>603400000</misses>
				<total>0</total>
				<timestamp>6396.872459</timestamp>
			</report>
			<report>
				<misses>603500000</misses>
				<total>0</total>
				<timestamp>6397.937638</timestamp>
			</report>
			<report>
				<misses>603600000</misses>
				<total>0</total>
				<timestamp>6398.997067</timestamp>
			</report>
			<report>
				<misses>603700000</misses>
				<total>0</total>
				<timestamp>6400.051640</timestamp>
			</report>
			<report>
				<misses>603800000</misses>
				<total>0</total>
				<timestamp>6401.091026</timestamp>
			</report>
			<report>
				<misses>603900000</misses>
				<total>0</total>
				<timestamp>6402.145492</timestamp>
			</report>
			<report>
				<misses>604000000</misses>
				<total>0</total>
				<timestamp>6403.183363</timestamp>
			</report>
			<report>
				<misses>604100000</misses>
				<total>0</total>
				<timestamp>6404.236629</timestamp>
			</report>
			<report>
				<misses>604200000</misses>
				<total>0</total>
				<timestamp>6405.284363</timestamp>
			</report>
			<report>
				<misses>604300000</misses>
				<total>0</total>
				<timestamp>6406.362625</timestamp>
			</report>
			<report>
				<misses>604400000</misses>
				<total>0</total>
				<timestamp>6407.434203</timestamp>
			</report>
			<report>
				<misses>604500000</misses>
				<total>0</total>
				<timestamp>6408.508244</timestamp>
			</report>
			<report>
				<misses>604600000</misses>
				<total>0</total>
				<timestamp>6409.597750</timestamp>
			</report>
			<report>
				<misses>604700000</misses>
				<total>0</total>
				<timestamp>6410.669952</timestamp>
			</report>
			<report>
				<misses>604800000</misses>
				<total>0</total>
				<timestamp>6411.735278</timestamp>
			</report>
			<report>
				<misses>604900000</misses>
				<total>0</total>
				<timestamp>6412.783118</timestamp>
			</report>
			<report>
				<misses>605000000</misses>
				<total>0</total>
				<timestamp>6413.829609</timestamp>
			</report>
			<report>
				<misses>605100000</misses>
				<total>0</total>
				<timestamp>6414.900369</timestamp>
			</report>
			<report>
				<misses>605200000</misses>
				<total>0</total>
				<timestamp>6415.952687</timestamp>
			</report>
			<report>
				<misses>605300000</misses>
				<total>0</total>
				<timestamp>6416.986374</timestamp>
			</report>
			<report>
				<misses>605400000</misses>
				<total>0</total>
				<timestamp>6418.034553</timestamp>
			</report>
			<report>
				<misses>605500000</misses>
				<total>0</total>
				<timestamp>6419.070252</timestamp>
			</report>
			<report>
				<misses>605600000</misses>
				<total>0</total>
				<timestamp>6420.115738</timestamp>
			</report>
			<report>
				<misses>605700000</misses>
				<total>0</total>
				<timestamp>6421.160114</timestamp>
			</report>
			<report>
				<misses>605800000</misses>
				<total>0</total>
				<timestamp>6422.201766</timestamp>
			</report>
			<report>
				<misses>605900000</misses>
				<total>0</total>
				<timestamp>6423.288779</timestamp>
			</report>
			<report>
				<misses>606000000</misses>
				<total>0</total>
				<timestamp>6424.349697</timestamp>
			</report>
			<report>
				<misses>606100000</misses>
				<total>0</total>
				<timestamp>6425.397989</timestamp>
			</report>
			<report>
				<misses>606200000</misses>
				<total>0</total>
				<timestamp>6426.452686</timestamp>
			</report>
			<report>
				<misses>606300000</misses>
				<total>0</total>
				<timestamp>6427.541394</timestamp>
			</report>
			<report>
				<misses>606400000</misses>
				<total>0</total>
				<timestamp>6428.596896</timestamp>
			</report>
			<report>
				<misses>606500000</misses>
				<total>0</total>
				<timestamp>6429.655713</timestamp>
			</report>
			<report>
				<misses>606600000</misses>
				<total>0</total>
				<timestamp>6430.705976</timestamp>
			</report>
			<report>
				<misses>606700000</misses>
				<total>0</total>
				<timestamp>6431.784010</timestamp>
			</report>
			<report>
				<misses>606800000</misses>
				<total>0</total>
				<timestamp>6432.844955</timestamp>
			</report>
			<report>
				<misses>606900000</misses>
				<total>0</total>
				<timestamp>6433.915203</timestamp>
			</report>
			<report>
				<misses>607000000</misses>
				<total>0</total>
				<timestamp>6434.962788</timestamp>
			</report>
			<report>
				<misses>607100000</misses>
				<total>0</total>
				<timestamp>6436.003012</timestamp>
			</report>
			<report>
				<misses>607200000</misses>
				<total>0</total>
				<timestamp>6437.065912</timestamp>
			</report>
			<report>
				<misses>607300000</misses>
				<total>0</total>
				<timestamp>6438.101023</timestamp>
			</report>
			<report>
				<misses>607400000</misses>
				<total>0</total>
				<timestamp>6439.145927</timestamp>
			</report>
			<report>
				<misses>607500000</misses>
				<total>0</total>
				<timestamp>6440.181892</timestamp>
			</report>
			<report>
				<misses>607600000</misses>
				<total>0</total>
				<timestamp>6441.237465</timestamp>
			</report>
			<report>
				<misses>607700000</misses>
				<total>0</total>
				<timestamp>6442.297057</timestamp>
			</report>
			<report>
				<misses>607800000</misses>
				<total>0</total>
				<timestamp>6443.360953</timestamp>
			</report>
			<report>
				<misses>607900000</misses>
				<total>0</total>
				<timestamp>6444.429057</timestamp>
			</report>
			<report>
				<misses>608000000</misses>
				<total>0</total>
				<timestamp>6445.508793</timestamp>
			</report>
			<report>
				<misses>608100000</misses>
				<total>0</total>
				<timestamp>6446.576798</timestamp>
			</report>
			<report>
				<misses>608200000</misses>
				<total>0</total>
				<timestamp>6447.641391</timestamp>
			</report>
			<report>
				<misses>608300000</misses>
				<total>0</total>
				<timestamp>6448.710179</timestamp>
			</report>
			<report>
				<misses>608400000</misses>
				<total>0</total>
				<timestamp>6449.752249</timestamp>
			</report>
			<report>
				<misses>608500000</misses>
				<total>0</total>
				<timestamp>6450.824166</timestamp>
			</report>
			<report>
				<misses>608600000</misses>
				<total>0</total>
				<timestamp>6451.868310</timestamp>
			</report>
			<report>
				<misses>608700000</misses>
				<total>0</total>
				<timestamp>6452.922176</timestamp>
			</report>
			<report>
				<misses>608800000</misses>
				<total>0</total>
				<timestamp>6453.962438</timestamp>
			</report>
			<report>
				<misses>608900000</misses>
				<total>0</total>
				<timestamp>6455.014614</timestamp>
			</report>
			<report>
				<misses>609000000</misses>
				<total>0</total>
				<timestamp>6456.061476</timestamp>
			</report>
			<report>
				<misses>609100000</misses>
				<total>0</total>
				<timestamp>6457.099202</timestamp>
			</report>
			<report>
				<misses>609200000</misses>
				<total>0</total>
				<timestamp>6458.143053</timestamp>
			</report>
			<report>
				<misses>609300000</misses>
				<total>0</total>
				<timestamp>6459.189866</timestamp>
			</report>
			<report>
				<misses>609400000</misses>
				<total>0</total>
				<timestamp>6460.260061</timestamp>
			</report>
			<report>
				<misses>609500000</misses>
				<total>0</total>
				<timestamp>6461.318382</timestamp>
			</report>
			<report>
				<misses>609600000</misses>
				<total>0</total>
				<timestamp>6462.372132</timestamp>
			</report>
			<report>
				<misses>609700000</misses>
				<total>0</total>
				<timestamp>6463.427515</timestamp>
			</report>
			<report>
				<misses>609800000</misses>
				<total>0</total>
				<timestamp>6464.472312</timestamp>
			</report>
			<report>
				<misses>609900000</misses>
				<total>0</total>
				<timestamp>6465.538455</timestamp>
			</report>
			<report>
				<misses>610000000</misses>
				<total>0</total>
				<timestamp>6466.588377</timestamp>
			</report>
			<report>
				<misses>610100000</misses>
				<total>0</total>
				<timestamp>6467.659542</timestamp>
			</report>
			<report>
				<misses>610200000</misses>
				<total>0</total>
				<timestamp>6468.714922</timestamp>
			</report>
			<report>
				<misses>610300000</misses>
				<total>0</total>
				<timestamp>6469.779647</timestamp>
			</report>
			<report>
				<misses>610400000</misses>
				<total>0</total>
				<timestamp>6470.821013</timestamp>
			</report>
			<report>
				<misses>610500000</misses>
				<total>0</total>
				<timestamp>6471.875352</timestamp>
			</report>
			<report>
				<misses>610600000</misses>
				<total>0</total>
				<timestamp>6472.912414</timestamp>
			</report>
			<report>
				<misses>610700000</misses>
				<total>0</total>
				<timestamp>6473.964046</timestamp>
			</report>
			<report>
				<misses>610800000</misses>
				<total>0</total>
				<timestamp>6475.007647</timestamp>
			</report>
			<report>
				<misses>610900000</misses>
				<total>0</total>
				<timestamp>6476.057209</timestamp>
			</report>
			<report>
				<misses>611000000</misses>
				<total>0</total>
				<timestamp>6477.112048</timestamp>
			</report>
			<report>
				<misses>611100000</misses>
				<total>0</total>
				<timestamp>6478.174436</timestamp>
			</report>
			<report>
				<misses>611200000</misses>
				<total>0</total>
				<timestamp>6479.247728</timestamp>
			</report>
			<report>
				<misses>611300000</misses>
				<total>0</total>
				<timestamp>6480.315143</timestamp>
			</report>
			<report>
				<misses>611400000</misses>
				<total>0</total>
				<timestamp>6481.416520</timestamp>
			</report>
			<report>
				<misses>611500000</misses>
				<total>0</total>
				<timestamp>6482.513198</timestamp>
			</report>
			<report>
				<misses>611600000</misses>
				<total>0</total>
				<timestamp>6483.569608</timestamp>
			</report>
			<report>
				<misses>611700000</misses>
				<total>0</total>
				<timestamp>6484.621292</timestamp>
			</report>
			<report>
				<misses>611800000</misses>
				<total>0</total>
				<timestamp>6485.689802</timestamp>
			</report>
			<report>
				<misses>611900000</misses>
				<total>0</total>
				<timestamp>6486.742191</timestamp>
			</report>
			<report>
				<misses>612000000</misses>
				<total>0</total>
				<timestamp>6487.805692</timestamp>
			</report>
			<report>
				<misses>612100000</misses>
				<total>0</total>
				<timestamp>6488.872847</timestamp>
			</report>
			<report>
				<misses>612200000</misses>
				<total>0</total>
				<timestamp>6489.925853</timestamp>
			</report>
			<report>
				<misses>612300000</misses>
				<total>0</total>
				<timestamp>6490.968382</timestamp>
			</report>
			<report>
				<misses>612400000</misses>
				<total>0</total>
				<timestamp>6492.013314</timestamp>
			</report>
			<report>
				<misses>612500000</misses>
				<total>0</total>
				<timestamp>6493.076390</timestamp>
			</report>
			<report>
				<misses>612600000</misses>
				<total>0</total>
				<timestamp>6494.143471</timestamp>
			</report>
			<report>
				<misses>612700000</misses>
				<total>0</total>
				<timestamp>6495.182053</timestamp>
			</report>
			<report>
				<misses>612800000</misses>
				<total>0</total>
				<timestamp>6496.214256</timestamp>
			</report>
			<report>
				<misses>612900000</misses>
				<total>0</total>
				<timestamp>6497.285255</timestamp>
			</report>
			<report>
				<misses>613000000</misses>
				<total>0</total>
				<timestamp>6498.348493</timestamp>
			</report>
			<report>
				<misses>613100000</misses>
				<total>0</total>
				<timestamp>6499.392935</timestamp>
			</report>
			<report>
				<misses>613200000</misses>
				<total>0</total>
				<timestamp>6500.459756</timestamp>
			</report>
			<report>
				<misses>613300000</misses>
				<total>0</total>
				<timestamp>6501.516821</timestamp>
			</report>
			<report>
				<misses>613400000</misses>
				<total>0</total>
				<timestamp>6502.607712</timestamp>
			</report>
			<report>
				<misses>613500000</misses>
				<total>0</total>
				<timestamp>6503.666281</timestamp>
			</report>
			<report>
				<misses>613600000</misses>
				<total>0</total>
				<timestamp>6504.743841</timestamp>
			</report>
			<report>
				<misses>613700000</misses>
				<total>0</total>
				<timestamp>6505.818098</timestamp>
			</report>
			<report>
				<misses>613800000</misses>
				<total>0</total>
				<timestamp>6506.880119</timestamp>
			</report>
			<report>
				<misses>613900000</misses>
				<total>0</total>
				<timestamp>6507.925550</timestamp>
			</report>
			<report>
				<misses>614000000</misses>
				<total>0</total>
				<timestamp>6508.967283</timestamp>
			</report>
			<report>
				<misses>614100000</misses>
				<total>0</total>
				<timestamp>6510.007749</timestamp>
			</report>
			<report>
				<misses>614200000</misses>
				<total>0</total>
				<timestamp>6511.046427</timestamp>
			</report>
			<report>
				<misses>614300000</misses>
				<total>0</total>
				<timestamp>6512.097808</timestamp>
			</report>
			<report>
				<misses>614400000</misses>
				<total>0</total>
				<timestamp>6513.173650</timestamp>
			</report>
			<report>
				<misses>614500000</misses>
				<total>0</total>
				<timestamp>6514.249634</timestamp>
			</report>
			<report>
				<misses>614600000</misses>
				<total>0</total>
				<timestamp>6515.322821</timestamp>
			</report>
			<report>
				<misses>614700000</misses>
				<total>0</total>
				<timestamp>6516.394768</timestamp>
			</report>
			<report>
				<misses>614800000</misses>
				<total>0</total>
				<timestamp>6517.463352</timestamp>
			</report>
			<report>
				<misses>614900000</misses>
				<total>0</total>
				<timestamp>6518.546585</timestamp>
			</report>
			<report>
				<misses>615000000</misses>
				<total>0</total>
				<timestamp>6519.629609</timestamp>
			</report>
			<report>
				<misses>615100000</misses>
				<total>0</total>
				<timestamp>6520.682473</timestamp>
			</report>
			<report>
				<misses>615200000</misses>
				<total>0</total>
				<timestamp>6521.731248</timestamp>
			</report>
			<report>
				<misses>615300000</misses>
				<total>0</total>
				<timestamp>6522.775608</timestamp>
			</report>
			<report>
				<misses>615400000</misses>
				<total>0</total>
				<timestamp>6523.814499</timestamp>
			</report>
			<report>
				<misses>615500000</misses>
				<total>0</total>
				<timestamp>6524.848021</timestamp>
			</report>
			<report>
				<misses>615600000</misses>
				<total>0</total>
				<timestamp>6525.894079</timestamp>
			</report>
			<report>
				<misses>615700000</misses>
				<total>0</total>
				<timestamp>6526.955634</timestamp>
			</report>
			<report>
				<misses>615800000</misses>
				<total>0</total>
				<timestamp>6528.014174</timestamp>
			</report>
			<report>
				<misses>615900000</misses>
				<total>0</total>
				<timestamp>6529.095060</timestamp>
			</report>
			<report>
				<misses>616000000</misses>
				<total>0</total>
				<timestamp>6530.167603</timestamp>
			</report>
			<report>
				<misses>616100000</misses>
				<total>0</total>
				<timestamp>6531.225281</timestamp>
			</report>
			<report>
				<misses>616200000</misses>
				<total>0</total>
				<timestamp>6532.298339</timestamp>
			</report>
			<report>
				<misses>616300000</misses>
				<total>0</total>
				<timestamp>6533.361580</timestamp>
			</report>
			<report>
				<misses>616400000</misses>
				<total>0</total>
				<timestamp>6534.428263</timestamp>
			</report>
			<report>
				<misses>616500000</misses>
				<total>0</total>
				<timestamp>6535.479325</timestamp>
			</report>
			<report>
				<misses>616600000</misses>
				<total>0</total>
				<timestamp>6536.569888</timestamp>
			</report>
			<report>
				<misses>616700000</misses>
				<total>0</total>
				<timestamp>6537.642581</timestamp>
			</report>
			<report>
				<misses>616800000</misses>
				<total>0</total>
				<timestamp>6538.708464</timestamp>
			</report>
			<report>
				<misses>616900000</misses>
				<total>0</total>
				<timestamp>6539.758153</timestamp>
			</report>
			<report>
				<misses>617000000</misses>
				<total>0</total>
				<timestamp>6540.845716</timestamp>
			</report>
			<report>
				<misses>617100000</misses>
				<total>0</total>
				<timestamp>6541.896580</timestamp>
			</report>
			<report>
				<misses>617200000</misses>
				<total>0</total>
				<timestamp>6542.942364</timestamp>
			</report>
			<report>
				<misses>617300000</misses>
				<total>0</total>
				<timestamp>6543.984361</timestamp>
			</report>
			<report>
				<misses>617400000</misses>
				<total>0</total>
				<timestamp>6545.025184</timestamp>
			</report>
			<report>
				<misses>617500000</misses>
				<total>0</total>
				<timestamp>6546.065319</timestamp>
			</report>
			<report>
				<misses>617600000</misses>
				<total>0</total>
				<timestamp>6547.104567</timestamp>
			</report>
			<report>
				<misses>617700000</misses>
				<total>0</total>
				<timestamp>6548.140741</timestamp>
			</report>
			<report>
				<misses>617800000</misses>
				<total>0</total>
				<timestamp>6549.182018</timestamp>
			</report>
			<report>
				<misses>617900000</misses>
				<total>0</total>
				<timestamp>6550.244304</timestamp>
			</report>
			<report>
				<misses>618000000</misses>
				<total>0</total>
				<timestamp>6551.323243</timestamp>
			</report>
			<report>
				<misses>618100000</misses>
				<total>0</total>
				<timestamp>6552.383742</timestamp>
			</report>
			<report>
				<misses>618200000</misses>
				<total>0</total>
				<timestamp>6553.435985</timestamp>
			</report>
			<report>
				<misses>618300000</misses>
				<total>0</total>
				<timestamp>6554.481600</timestamp>
			</report>
			<report>
				<misses>618400000</misses>
				<total>0</total>
				<timestamp>6555.552075</timestamp>
			</report>
			<report>
				<misses>618500000</misses>
				<total>0</total>
				<timestamp>6556.611670</timestamp>
			</report>
			<report>
				<misses>618600000</misses>
				<total>0</total>
				<timestamp>6557.695636</timestamp>
			</report>
			<report>
				<misses>618700000</misses>
				<total>0</total>
				<timestamp>6558.762488</timestamp>
			</report>
			<report>
				<misses>618800000</misses>
				<total>0</total>
				<timestamp>6559.814332</timestamp>
			</report>
			<report>
				<misses>618900000</misses>
				<total>0</total>
				<timestamp>6560.856762</timestamp>
			</report>
			<report>
				<misses>619000000</misses>
				<total>0</total>
				<timestamp>6561.906000</timestamp>
			</report>
			<report>
				<misses>619100000</misses>
				<total>0</total>
				<timestamp>6562.959894</timestamp>
			</report>
			<report>
				<misses>619200000</misses>
				<total>0</total>
				<timestamp>6564.009337</timestamp>
			</report>
			<report>
				<misses>619300000</misses>
				<total>0</total>
				<timestamp>6565.053456</timestamp>
			</report>
			<report>
				<misses>619400000</misses>
				<total>0</total>
				<timestamp>6566.104158</timestamp>
			</report>
			<report>
				<misses>619500000</misses>
				<total>0</total>
				<timestamp>6567.167590</timestamp>
			</report>
			<report>
				<misses>619600000</misses>
				<total>0</total>
				<timestamp>6568.214534</timestamp>
			</report>
			<report>
				<misses>619700000</misses>
				<total>0</total>
				<timestamp>6569.271900</timestamp>
			</report>
			<report>
				<misses>619800000</misses>
				<total>0</total>
				<timestamp>6570.321955</timestamp>
			</report>
			<report>
				<misses>619900000</misses>
				<total>0</total>
				<timestamp>6571.379503</timestamp>
			</report>
			<report>
				<misses>620000000</misses>
				<total>0</total>
				<timestamp>6572.457587</timestamp>
			</report>
			<report>
				<misses>620100000</misses>
				<total>0</total>
				<timestamp>6573.516724</timestamp>
			</report>
			<report>
				<misses>620200000</misses>
				<total>0</total>
				<timestamp>6574.576107</timestamp>
			</report>
			<report>
				<misses>620300000</misses>
				<total>0</total>
				<timestamp>6575.629175</timestamp>
			</report>
			<report>
				<misses>620400000</misses>
				<total>0</total>
				<timestamp>6576.693895</timestamp>
			</report>
			<report>
				<misses>620500000</misses>
				<total>0</total>
				<timestamp>6577.740753</timestamp>
			</report>
			<report>
				<misses>620600000</misses>
				<total>0</total>
				<timestamp>6578.787488</timestamp>
			</report>
			<report>
				<misses>620700000</misses>
				<total>0</total>
				<timestamp>6579.843643</timestamp>
			</report>
			<report>
				<misses>620800000</misses>
				<total>0</total>
				<timestamp>6580.880139</timestamp>
			</report>
			<report>
				<misses>620900000</misses>
				<total>0</total>
				<timestamp>6581.922522</timestamp>
			</report>
			<report>
				<misses>621000000</misses>
				<total>0</total>
				<timestamp>6582.976980</timestamp>
			</report>
			<report>
				<misses>621100000</misses>
				<total>0</total>
				<timestamp>6584.042261</timestamp>
			</report>
			<report>
				<misses>621200000</misses>
				<total>0</total>
				<timestamp>6585.102879</timestamp>
			</report>
			<report>
				<misses>621300000</misses>
				<total>0</total>
				<timestamp>6586.170690</timestamp>
			</report>
			<report>
				<misses>621400000</misses>
				<total>0</total>
				<timestamp>6587.244903</timestamp>
			</report>
			<report>
				<misses>621500000</misses>
				<total>0</total>
				<timestamp>6588.304474</timestamp>
			</report>
			<report>
				<misses>621600000</misses>
				<total>0</total>
				<timestamp>6589.389801</timestamp>
			</report>
			<report>
				<misses>621700000</misses>
				<total>0</total>
				<timestamp>6590.461600</timestamp>
			</report>
			<report>
				<misses>621800000</misses>
				<total>0</total>
				<timestamp>6591.518210</timestamp>
			</report>
			<report>
				<misses>621900000</misses>
				<total>0</total>
				<timestamp>6592.585524</timestamp>
			</report>
			<report>
				<misses>622000000</misses>
				<total>0</total>
				<timestamp>6593.699192</timestamp>
			</report>
			<report>
				<misses>622100000</misses>
				<total>0</total>
				<timestamp>6594.785397</timestamp>
			</report>
			<report>
				<misses>622200000</misses>
				<total>0</total>
				<timestamp>6595.872103</timestamp>
			</report>
			<report>
				<misses>622300000</misses>
				<total>0</total>
				<timestamp>6596.917060</timestamp>
			</report>
			<report>
				<misses>622400000</misses>
				<total>0</total>
				<timestamp>6597.949890</timestamp>
			</report>
			<report>
				<misses>622500000</misses>
				<total>0</total>
				<timestamp>6598.996936</timestamp>
			</report>
			<report>
				<misses>622600000</misses>
				<total>0</total>
				<timestamp>6600.036522</timestamp>
			</report>
			<report>
				<misses>622700000</misses>
				<total>0</total>
				<timestamp>6601.084566</timestamp>
			</report>
			<report>
				<misses>622800000</misses>
				<total>0</total>
				<timestamp>6602.145528</timestamp>
			</report>
			<report>
				<misses>622900000</misses>
				<total>0</total>
				<timestamp>6603.190133</timestamp>
			</report>
			<report>
				<misses>623000000</misses>
				<total>0</total>
				<timestamp>6604.242674</timestamp>
			</report>
			<report>
				<misses>623100000</misses>
				<total>0</total>
				<timestamp>6605.285967</timestamp>
			</report>
			<report>
				<misses>623200000</misses>
				<total>0</total>
				<timestamp>6606.349096</timestamp>
			</report>
			<report>
				<misses>623300000</misses>
				<total>0</total>
				<timestamp>6607.423639</timestamp>
			</report>
			<report>
				<misses>623400000</misses>
				<total>0</total>
				<timestamp>6608.454731</timestamp>
			</report>
			<report>
				<misses>623500000</misses>
				<total>0</total>
				<timestamp>6609.512575</timestamp>
			</report>
			<report>
				<misses>623600000</misses>
				<total>0</total>
				<timestamp>6610.569259</timestamp>
			</report>
			<report>
				<misses>623700000</misses>
				<total>0</total>
				<timestamp>6611.606765</timestamp>
			</report>
			<report>
				<misses>623800000</misses>
				<total>0</total>
				<timestamp>6612.668506</timestamp>
			</report>
			<report>
				<misses>623900000</misses>
				<total>0</total>
				<timestamp>6613.709081</timestamp>
			</report>
			<report>
				<misses>624000000</misses>
				<total>0</total>
				<timestamp>6614.804159</timestamp>
			</report>
			<report>
				<misses>624100000</misses>
				<total>0</total>
				<timestamp>6615.885355</timestamp>
			</report>
			<report>
				<misses>624200000</misses>
				<total>0</total>
				<timestamp>6616.951460</timestamp>
			</report>
			<report>
				<misses>624300000</misses>
				<total>0</total>
				<timestamp>6618.013207</timestamp>
			</report>
			<report>
				<misses>624400000</misses>
				<total>0</total>
				<timestamp>6619.074370</timestamp>
			</report>
			<report>
				<misses>624500000</misses>
				<total>0</total>
				<timestamp>6620.135339</timestamp>
			</report>
			<report>
				<misses>624600000</misses>
				<total>0</total>
				<timestamp>6621.209302</timestamp>
			</report>
			<report>
				<misses>624700000</misses>
				<total>0</total>
				<timestamp>6622.245954</timestamp>
			</report>
			<report>
				<misses>624800000</misses>
				<total>0</total>
				<timestamp>6623.297737</timestamp>
			</report>
			<report>
				<misses>624900000</misses>
				<total>0</total>
				<timestamp>6624.342421</timestamp>
			</report>
			<report>
				<misses>625000000</misses>
				<total>0</total>
				<timestamp>6625.391659</timestamp>
			</report>
			<report>
				<misses>625100000</misses>
				<total>0</total>
				<timestamp>6626.445118</timestamp>
			</report>
			<report>
				<misses>625200000</misses>
				<total>0</total>
				<timestamp>6627.482244</timestamp>
			</report>
			<report>
				<misses>625300000</misses>
				<total>0</total>
				<timestamp>6628.550855</timestamp>
			</report>
			<report>
				<misses>625400000</misses>
				<total>0</total>
				<timestamp>6629.629091</timestamp>
			</report>
			<report>
				<misses>625500000</misses>
				<total>0</total>
				<timestamp>6630.684736</timestamp>
			</report>
			<report>
				<misses>625600000</misses>
				<total>0</total>
				<timestamp>6631.737465</timestamp>
			</report>
			<report>
				<misses>625700000</misses>
				<total>0</total>
				<timestamp>6632.792706</timestamp>
			</report>
			<report>
				<misses>625800000</misses>
				<total>0</total>
				<timestamp>6633.846741</timestamp>
			</report>
			<report>
				<misses>625900000</misses>
				<total>0</total>
				<timestamp>6634.920522</timestamp>
			</report>
			<report>
				<misses>626000000</misses>
				<total>0</total>
				<timestamp>6635.981005</timestamp>
			</report>
			<report>
				<misses>626100000</misses>
				<total>0</total>
				<timestamp>6637.064087</timestamp>
			</report>
			<report>
				<misses>626200000</misses>
				<total>0</total>
				<timestamp>6638.129951</timestamp>
			</report>
			<report>
				<misses>626300000</misses>
				<total>0</total>
				<timestamp>6639.215386</timestamp>
			</report>
			<report>
				<misses>626400000</misses>
				<total>0</total>
				<timestamp>6640.315816</timestamp>
			</report>
			<report>
				<misses>626500000</misses>
				<total>0</total>
				<timestamp>6641.390266</timestamp>
			</report>
			<report>
				<misses>626600000</misses>
				<total>0</total>
				<timestamp>6642.449636</timestamp>
			</report>
			<report>
				<misses>626700000</misses>
				<total>0</total>
				<timestamp>6643.526951</timestamp>
			</report>
			<report>
				<misses>626800000</misses>
				<total>0</total>
				<timestamp>6644.590395</timestamp>
			</report>
			<report>
				<misses>626900000</misses>
				<total>0</total>
				<timestamp>6645.648567</timestamp>
			</report>
			<report>
				<misses>627000000</misses>
				<total>0</total>
				<timestamp>6646.686102</timestamp>
			</report>
			<report>
				<misses>627100000</misses>
				<total>0</total>
				<timestamp>6647.736210</timestamp>
			</report>
			<report>
				<misses>627200000</misses>
				<total>0</total>
				<timestamp>6648.776890</timestamp>
			</report>
			<report>
				<misses>627300000</misses>
				<total>0</total>
				<timestamp>6649.836694</timestamp>
			</report>
			<report>
				<misses>627400000</misses>
				<total>0</total>
				<timestamp>6650.871392</timestamp>
			</report>
			<report>
				<misses>627500000</misses>
				<total>0</total>
				<timestamp>6651.931510</timestamp>
			</report>
			<report>
				<misses>627600000</misses>
				<total>0</total>
				<timestamp>6652.973656</timestamp>
			</report>
			<report>
				<misses>627700000</misses>
				<total>0</total>
				<timestamp>6654.040890</timestamp>
			</report>
			<report>
				<misses>627800000</misses>
				<total>0</total>
				<timestamp>6655.089457</timestamp>
			</report>
			<report>
				<misses>627900000</misses>
				<total>0</total>
				<timestamp>6656.145765</timestamp>
			</report>
			<report>
				<misses>628000000</misses>
				<total>0</total>
				<timestamp>6657.207411</timestamp>
			</report>
			<report>
				<misses>628100000</misses>
				<total>0</total>
				<timestamp>6658.254502</timestamp>
			</report>
			<report>
				<misses>628200000</misses>
				<total>0</total>
				<timestamp>6659.302673</timestamp>
			</report>
			<report>
				<misses>628300000</misses>
				<total>0</total>
				<timestamp>6660.368931</timestamp>
			</report>
			<report>
				<misses>628400000</misses>
				<total>0</total>
				<timestamp>6661.426181</timestamp>
			</report>
			<report>
				<misses>628500000</misses>
				<total>0</total>
				<timestamp>6662.481676</timestamp>
			</report>
			<report>
				<misses>628600000</misses>
				<total>0</total>
				<timestamp>6663.549894</timestamp>
			</report>
			<report>
				<misses>628700000</misses>
				<total>0</total>
				<timestamp>6664.585588</timestamp>
			</report>
			<report>
				<misses>628800000</misses>
				<total>0</total>
				<timestamp>6665.633216</timestamp>
			</report>
			<report>
				<misses>628900000</misses>
				<total>0</total>
				<timestamp>6666.668252</timestamp>
			</report>
			<report>
				<misses>629000000</misses>
				<total>0</total>
				<timestamp>6667.717601</timestamp>
			</report>
			<report>
				<misses>629100000</misses>
				<total>0</total>
				<timestamp>6668.764217</timestamp>
			</report>
			<report>
				<misses>629200000</misses>
				<total>0</total>
				<timestamp>6669.849479</timestamp>
			</report>
			<report>
				<misses>629300000</misses>
				<total>0</total>
				<timestamp>6670.945163</timestamp>
			</report>
			<report>
				<misses>629400000</misses>
				<total>0</total>
				<timestamp>6671.999935</timestamp>
			</report>
			<report>
				<misses>629500000</misses>
				<total>0</total>
				<timestamp>6673.059157</timestamp>
			</report>
			<report>
				<misses>629600000</misses>
				<total>0</total>
				<timestamp>6674.101993</timestamp>
			</report>
			<report>
				<misses>629700000</misses>
				<total>0</total>
				<timestamp>6675.177653</timestamp>
			</report>
			<report>
				<misses>629800000</misses>
				<total>0</total>
				<timestamp>6676.224738</timestamp>
			</report>
			<report>
				<misses>629900000</misses>
				<total>0</total>
				<timestamp>6677.293469</timestamp>
			</report>
			<report>
				<misses>630000000</misses>
				<total>0</total>
				<timestamp>6678.347639</timestamp>
			</report>
			<report>
				<misses>630100000</misses>
				<total>0</total>
				<timestamp>6679.411408</timestamp>
			</report>
			<report>
				<misses>630200000</misses>
				<total>0</total>
				<timestamp>6680.491242</timestamp>
			</report>
			<report>
				<misses>630300000</misses>
				<total>0</total>
				<timestamp>6681.546376</timestamp>
			</report>
			<report>
				<misses>630400000</misses>
				<total>0</total>
				<timestamp>6682.625817</timestamp>
			</report>
			<report>
				<misses>630500000</misses>
				<total>0</total>
				<timestamp>6683.716806</timestamp>
			</report>
			<report>
				<misses>630600000</misses>
				<total>0</total>
				<timestamp>6684.766139</timestamp>
			</report>
			<report>
				<misses>630700000</misses>
				<total>0</total>
				<timestamp>6685.849271</timestamp>
			</report>
			<report>
				<misses>630800000</misses>
				<total>0</total>
				<timestamp>6686.931167</timestamp>
			</report>
			<report>
				<misses>630900000</misses>
				<total>0</total>
				<timestamp>6687.973996</timestamp>
			</report>
			<report>
				<misses>631000000</misses>
				<total>0</total>
				<timestamp>6689.055057</timestamp>
			</report>
			<report>
				<misses>631100000</misses>
				<total>0</total>
				<timestamp>6690.109101</timestamp>
			</report>
			<report>
				<misses>631200000</misses>
				<total>0</total>
				<timestamp>6691.202753</timestamp>
			</report>
			<report>
				<misses>631300000</misses>
				<total>0</total>
				<timestamp>6692.247320</timestamp>
			</report>
			<report>
				<misses>631400000</misses>
				<total>0</total>
				<timestamp>6693.294751</timestamp>
			</report>
			<report>
				<misses>631500000</misses>
				<total>0</total>
				<timestamp>6694.334902</timestamp>
			</report>
			<report>
				<misses>631600000</misses>
				<total>0</total>
				<timestamp>6695.385007</timestamp>
			</report>
			<report>
				<misses>631700000</misses>
				<total>0</total>
				<timestamp>6696.429014</timestamp>
			</report>
			<report>
				<misses>631800000</misses>
				<total>0</total>
				<timestamp>6697.452211</timestamp>
			</report>
			<report>
				<misses>631900000</misses>
				<total>0</total>
				<timestamp>6698.536105</timestamp>
			</report>
			<report>
				<misses>632000000</misses>
				<total>0</total>
				<timestamp>6699.599454</timestamp>
			</report>
			<report>
				<misses>632100000</misses>
				<total>0</total>
				<timestamp>6700.653217</timestamp>
			</report>
			<report>
				<misses>632200000</misses>
				<total>0</total>
				<timestamp>6701.705532</timestamp>
			</report>
			<report>
				<misses>632300000</misses>
				<total>0</total>
				<timestamp>6702.766720</timestamp>
			</report>
			<report>
				<misses>632400000</misses>
				<total>0</total>
				<timestamp>6703.824270</timestamp>
			</report>
			<report>
				<misses>632500000</misses>
				<total>0</total>
				<timestamp>6704.867091</timestamp>
			</report>
			<report>
				<misses>632600000</misses>
				<total>0</total>
				<timestamp>6705.937731</timestamp>
			</report>
			<report>
				<misses>632700000</misses>
				<total>0</total>
				<timestamp>6706.993601</timestamp>
			</report>
			<report>
				<misses>632800000</misses>
				<total>0</total>
				<timestamp>6708.059360</timestamp>
			</report>
			<report>
				<misses>632900000</misses>
				<total>0</total>
				<timestamp>6709.097052</timestamp>
			</report>
			<report>
				<misses>633000000</misses>
				<total>0</total>
				<timestamp>6710.146754</timestamp>
			</report>
			<report>
				<misses>633100000</misses>
				<total>0</total>
				<timestamp>6711.188483</timestamp>
			</report>
			<report>
				<misses>633200000</misses>
				<total>0</total>
				<timestamp>6712.224602</timestamp>
			</report>
			<report>
				<misses>633300000</misses>
				<total>0</total>
				<timestamp>6713.272587</timestamp>
			</report>
			<report>
				<misses>633400000</misses>
				<total>0</total>
				<timestamp>6714.314230</timestamp>
			</report>
			<report>
				<misses>633500000</misses>
				<total>0</total>
				<timestamp>6715.416056</timestamp>
			</report>
			<report>
				<misses>633600000</misses>
				<total>0</total>
				<timestamp>6716.454068</timestamp>
			</report>
			<report>
				<misses>633700000</misses>
				<total>0</total>
				<timestamp>6717.509452</timestamp>
			</report>
			<report>
				<misses>633800000</misses>
				<total>0</total>
				<timestamp>6718.544802</timestamp>
			</report>
			<report>
				<misses>633900000</misses>
				<total>0</total>
				<timestamp>6719.598566</timestamp>
			</report>
			<report>
				<misses>634000000</misses>
				<total>0</total>
				<timestamp>6720.665448</timestamp>
			</report>
			<report>
				<misses>634100000</misses>
				<total>0</total>
				<timestamp>6721.716973</timestamp>
			</report>
			<report>
				<misses>634200000</misses>
				<total>0</total>
				<timestamp>6722.788398</timestamp>
			</report>
			<report>
				<misses>634300000</misses>
				<total>0</total>
				<timestamp>6723.856972</timestamp>
			</report>
			<report>
				<misses>634400000</misses>
				<total>0</total>
				<timestamp>6724.925088</timestamp>
			</report>
			<report>
				<misses>634500000</misses>
				<total>0</total>
				<timestamp>6725.969775</timestamp>
			</report>
			<report>
				<misses>634600000</misses>
				<total>0</total>
				<timestamp>6727.024236</timestamp>
			</report>
			<report>
				<misses>634700000</misses>
				<total>0</total>
				<timestamp>6728.064709</timestamp>
			</report>
			<report>
				<misses>634800000</misses>
				<total>0</total>
				<timestamp>6729.107451</timestamp>
			</report>
			<report>
				<misses>634900000</misses>
				<total>0</total>
				<timestamp>6730.147570</timestamp>
			</report>
			<report>
				<misses>635000000</misses>
				<total>0</total>
				<timestamp>6731.189205</timestamp>
			</report>
			<report>
				<misses>635100000</misses>
				<total>0</total>
				<timestamp>6732.260965</timestamp>
			</report>
			<report>
				<misses>635200000</misses>
				<total>0</total>
				<timestamp>6733.342540</timestamp>
			</report>
			<report>
				<misses>635300000</misses>
				<total>0</total>
				<timestamp>6734.385629</timestamp>
			</report>
			<report>
				<misses>635400000</misses>
				<total>0</total>
				<timestamp>6735.415009</timestamp>
			</report>
			<report>
				<misses>635500000</misses>
				<total>0</total>
				<timestamp>6736.480555</timestamp>
			</report>
			<report>
				<misses>635600000</misses>
				<total>0</total>
				<timestamp>6737.534447</timestamp>
			</report>
			<report>
				<misses>635700000</misses>
				<total>0</total>
				<timestamp>6738.603455</timestamp>
			</report>
			<report>
				<misses>635800000</misses>
				<total>0</total>
				<timestamp>6739.667535</timestamp>
			</report>
			<report>
				<misses>635900000</misses>
				<total>0</total>
				<timestamp>6740.727007</timestamp>
			</report>
			<report>
				<misses>636000000</misses>
				<total>0</total>
				<timestamp>6741.822334</timestamp>
			</report>
			<report>
				<misses>636100000</misses>
				<total>0</total>
				<timestamp>6742.889532</timestamp>
			</report>
			<report>
				<misses>636200000</misses>
				<total>0</total>
				<timestamp>6743.953339</timestamp>
			</report>
			<report>
				<misses>636300000</misses>
				<total>0</total>
				<timestamp>6745.002575</timestamp>
			</report>
			<report>
				<misses>636400000</misses>
				<total>0</total>
				<timestamp>6746.053153</timestamp>
			</report>
			<report>
				<misses>636500000</misses>
				<total>0</total>
				<timestamp>6747.122994</timestamp>
			</report>
			<report>
				<misses>636600000</misses>
				<total>0</total>
				<timestamp>6748.162206</timestamp>
			</report>
			<report>
				<misses>636700000</misses>
				<total>0</total>
				<timestamp>6749.207745</timestamp>
			</report>
			<report>
				<misses>636800000</misses>
				<total>0</total>
				<timestamp>6750.257117</timestamp>
			</report>
			<report>
				<misses>636900000</misses>
				<total>0</total>
				<timestamp>6751.307556</timestamp>
			</report>
			<report>
				<misses>637000000</misses>
				<total>0</total>
				<timestamp>6752.395460</timestamp>
			</report>
			<report>
				<misses>637100000</misses>
				<total>0</total>
				<timestamp>6753.445145</timestamp>
			</report>
			<report>
				<misses>637200000</misses>
				<total>0</total>
				<timestamp>6754.491905</timestamp>
			</report>
			<report>
				<misses>637300000</misses>
				<total>0</total>
				<timestamp>6755.553730</timestamp>
			</report>
			<report>
				<misses>637400000</misses>
				<total>0</total>
				<timestamp>6756.613951</timestamp>
			</report>
			<report>
				<misses>637500000</misses>
				<total>0</total>
				<timestamp>6757.695553</timestamp>
			</report>
			<report>
				<misses>637600000</misses>
				<total>0</total>
				<timestamp>6758.748778</timestamp>
			</report>
			<report>
				<misses>637700000</misses>
				<total>0</total>
				<timestamp>6759.807348</timestamp>
			</report>
			<report>
				<misses>637800000</misses>
				<total>0</total>
				<timestamp>6760.897615</timestamp>
			</report>
			<report>
				<misses>637900000</misses>
				<total>0</total>
				<timestamp>6761.965398</timestamp>
			</report>
			<report>
				<misses>638000000</misses>
				<total>0</total>
				<timestamp>6763.025207</timestamp>
			</report>
			<report>
				<misses>638100000</misses>
				<total>0</total>
				<timestamp>6764.116328</timestamp>
			</report>
			<report>
				<misses>638200000</misses>
				<total>0</total>
				<timestamp>6765.178083</timestamp>
			</report>
			<report>
				<misses>638300000</misses>
				<total>0</total>
				<timestamp>6766.260259</timestamp>
			</report>
			<report>
				<misses>638400000</misses>
				<total>0</total>
				<timestamp>6767.337201</timestamp>
			</report>
			<report>
				<misses>638500000</misses>
				<total>0</total>
				<timestamp>6768.394005</timestamp>
			</report>
			<report>
				<misses>638600000</misses>
				<total>0</total>
				<timestamp>6769.481760</timestamp>
			</report>
			<report>
				<misses>638700000</misses>
				<total>0</total>
				<timestamp>6770.555365</timestamp>
			</report>
			<report>
				<misses>638800000</misses>
				<total>0</total>
				<timestamp>6771.606349</timestamp>
			</report>
			<report>
				<misses>638900000</misses>
				<total>0</total>
				<timestamp>6772.651453</timestamp>
			</report>
			<report>
				<misses>639000000</misses>
				<total>0</total>
				<timestamp>6773.682973</timestamp>
			</report>
			<report>
				<misses>639100000</misses>
				<total>0</total>
				<timestamp>6774.736523</timestamp>
			</report>
			<report>
				<misses>639200000</misses>
				<total>0</total>
				<timestamp>6775.809666</timestamp>
			</report>
			<report>
				<misses>639300000</misses>
				<total>0</total>
				<timestamp>6776.846293</timestamp>
			</report>
			<report>
				<misses>639400000</misses>
				<total>0</total>
				<timestamp>6777.910079</timestamp>
			</report>
			<report>
				<misses>639500000</misses>
				<total>0</total>
				<timestamp>6778.968296</timestamp>
			</report>
			<report>
				<misses>639600000</misses>
				<total>0</total>
				<timestamp>6780.041012</timestamp>
			</report>
			<report>
				<misses>639700000</misses>
				<total>0</total>
				<timestamp>6781.099904</timestamp>
			</report>
			<report>
				<misses>639800000</misses>
				<total>0</total>
				<timestamp>6782.191000</timestamp>
			</report>
			<report>
				<misses>639900000</misses>
				<total>0</total>
				<timestamp>6783.228629</timestamp>
			</report>
			<report>
				<misses>640000000</misses>
				<total>0</total>
				<timestamp>6784.308372</timestamp>
			</report>
			<report>
				<misses>640100000</misses>
				<total>0</total>
				<timestamp>6785.377402</timestamp>
			</report>
			<report>
				<misses>640200000</misses>
				<total>0</total>
				<timestamp>6786.465526</timestamp>
			</report>
			<report>
				<misses>640300000</misses>
				<total>0</total>
				<timestamp>6787.526744</timestamp>
			</report>
			<report>
				<misses>640400000</misses>
				<total>0</total>
				<timestamp>6788.583752</timestamp>
			</report>
			<report>
				<misses>640500000</misses>
				<total>0</total>
				<timestamp>6789.629003</timestamp>
			</report>
			<report>
				<misses>640600000</misses>
				<total>0</total>
				<timestamp>6790.681398</timestamp>
			</report>
			<report>
				<misses>640700000</misses>
				<total>0</total>
				<timestamp>6791.729387</timestamp>
			</report>
			<report>
				<misses>640800000</misses>
				<total>0</total>
				<timestamp>6792.779617</timestamp>
			</report>
			<report>
				<misses>640900000</misses>
				<total>0</total>
				<timestamp>6793.829386</timestamp>
			</report>
			<report>
				<misses>641000000</misses>
				<total>0</total>
				<timestamp>6794.884920</timestamp>
			</report>
			<report>
				<misses>641100000</misses>
				<total>0</total>
				<timestamp>6795.935188</timestamp>
			</report>
			<report>
				<misses>641200000</misses>
				<total>0</total>
				<timestamp>6796.985869</timestamp>
			</report>
			<report>
				<misses>641300000</misses>
				<total>0</total>
				<timestamp>6798.060180</timestamp>
			</report>
			<report>
				<misses>641400000</misses>
				<total>0</total>
				<timestamp>6799.101629</timestamp>
			</report>
			<report>
				<misses>641500000</misses>
				<total>0</total>
				<timestamp>6800.156824</timestamp>
			</report>
			<report>
				<misses>641600000</misses>
				<total>0</total>
				<timestamp>6801.227073</timestamp>
			</report>
			<report>
				<misses>641700000</misses>
				<total>0</total>
				<timestamp>6802.280521</timestamp>
			</report>
			<report>
				<misses>641800000</misses>
				<total>0</total>
				<timestamp>6803.334678</timestamp>
			</report>
			<report>
				<misses>641900000</misses>
				<total>0</total>
				<timestamp>6804.367551</timestamp>
			</report>
			<report>
				<misses>642000000</misses>
				<total>0</total>
				<timestamp>6805.432369</timestamp>
			</report>
			<report>
				<misses>642100000</misses>
				<total>0</total>
				<timestamp>6806.472134</timestamp>
			</report>
			<report>
				<misses>642200000</misses>
				<total>0</total>
				<timestamp>6807.531637</timestamp>
			</report>
			<report>
				<misses>642300000</misses>
				<total>0</total>
				<timestamp>6808.575409</timestamp>
			</report>
			<report>
				<misses>642400000</misses>
				<total>0</total>
				<timestamp>6809.641809</timestamp>
			</report>
			<report>
				<misses>642500000</misses>
				<total>0</total>
				<timestamp>6810.696893</timestamp>
			</report>
			<report>
				<misses>642600000</misses>
				<total>0</total>
				<timestamp>6811.755103</timestamp>
			</report>
			<report>
				<misses>642700000</misses>
				<total>0</total>
				<timestamp>6812.822852</timestamp>
			</report>
			<report>
				<misses>642800000</misses>
				<total>0</total>
				<timestamp>6813.888667</timestamp>
			</report>
			<report>
				<misses>642900000</misses>
				<total>0</total>
				<timestamp>6814.953050</timestamp>
			</report>
			<report>
				<misses>643000000</misses>
				<total>0</total>
				<timestamp>6816.018444</timestamp>
			</report>
			<report>
				<misses>643100000</misses>
				<total>0</total>
				<timestamp>6817.075739</timestamp>
			</report>
			<report>
				<misses>643200000</misses>
				<total>0</total>
				<timestamp>6818.130361</timestamp>
			</report>
			<report>
				<misses>643300000</misses>
				<total>0</total>
				<timestamp>6819.191131</timestamp>
			</report>
			<report>
				<misses>643400000</misses>
				<total>0</total>
				<timestamp>6820.285766</timestamp>
			</report>
			<report>
				<misses>643500000</misses>
				<total>0</total>
				<timestamp>6821.328065</timestamp>
			</report>
			<report>
				<misses>643600000</misses>
				<total>0</total>
				<timestamp>6822.375073</timestamp>
			</report>
			<report>
				<misses>643700000</misses>
				<total>0</total>
				<timestamp>6823.426566</timestamp>
			</report>
			<report>
				<misses>643800000</misses>
				<total>0</total>
				<timestamp>6824.515522</timestamp>
			</report>
			<report>
				<misses>643900000</misses>
				<total>0</total>
				<timestamp>6825.566288</timestamp>
			</report>
			<report>
				<misses>644000000</misses>
				<total>0</total>
				<timestamp>6826.621752</timestamp>
			</report>
			<report>
				<misses>644100000</misses>
				<total>0</total>
				<timestamp>6827.666863</timestamp>
			</report>
			<report>
				<misses>644200000</misses>
				<total>0</total>
				<timestamp>6828.715436</timestamp>
			</report>
			<report>
				<misses>644300000</misses>
				<total>0</total>
				<timestamp>6829.763948</timestamp>
			</report>
			<report>
				<misses>644400000</misses>
				<total>0</total>
				<timestamp>6830.810600</timestamp>
			</report>
			<report>
				<misses>644500000</misses>
				<total>0</total>
				<timestamp>6831.858330</timestamp>
			</report>
			<report>
				<misses>644600000</misses>
				<total>0</total>
				<timestamp>6832.897902</timestamp>
			</report>
			<report>
				<misses>644700000</misses>
				<total>0</total>
				<timestamp>6833.960555</timestamp>
			</report>
			<report>
				<misses>644800000</misses>
				<total>0</total>
				<timestamp>6835.045611</timestamp>
			</report>
			<report>
				<misses>644900000</misses>
				<total>0</total>
				<timestamp>6836.128365</timestamp>
			</report>
			<report>
				<misses>645000000</misses>
				<total>0</total>
				<timestamp>6837.191236</timestamp>
			</report>
			<report>
				<misses>645100000</misses>
				<total>0</total>
				<timestamp>6838.251595</timestamp>
			</report>
			<report>
				<misses>645200000</misses>
				<total>0</total>
				<timestamp>6839.314774</timestamp>
			</report>
			<report>
				<misses>645300000</misses>
				<total>0</total>
				<timestamp>6840.412147</timestamp>
			</report>
			<report>
				<misses>645400000</misses>
				<total>0</total>
				<timestamp>6841.470418</timestamp>
			</report>
			<report>
				<misses>645500000</misses>
				<total>0</total>
				<timestamp>6842.560056</timestamp>
			</report>
			<report>
				<misses>645600000</misses>
				<total>0</total>
				<timestamp>6843.610669</timestamp>
			</report>
			<report>
				<misses>645700000</misses>
				<total>0</total>
				<timestamp>6844.662734</timestamp>
			</report>
			<report>
				<misses>645800000</misses>
				<total>0</total>
				<timestamp>6845.761479</timestamp>
			</report>
			<report>
				<misses>645900000</misses>
				<total>0</total>
				<timestamp>6846.811787</timestamp>
			</report>
			<report>
				<misses>646000000</misses>
				<total>0</total>
				<timestamp>6847.860182</timestamp>
			</report>
			<report>
				<misses>646100000</misses>
				<total>0</total>
				<timestamp>6848.889895</timestamp>
			</report>
			<report>
				<misses>646200000</misses>
				<total>0</total>
				<timestamp>6849.947195</timestamp>
			</report>
			<report>
				<misses>646300000</misses>
				<total>0</total>
				<timestamp>6851.007247</timestamp>
			</report>
			<report>
				<misses>646400000</misses>
				<total>0</total>
				<timestamp>6852.055318</timestamp>
			</report>
			<report>
				<misses>646500000</misses>
				<total>0</total>
				<timestamp>6853.102969</timestamp>
			</report>
			<report>
				<misses>646600000</misses>
				<total>0</total>
				<timestamp>6854.145948</timestamp>
			</report>
			<report>
				<misses>646700000</misses>
				<total>0</total>
				<timestamp>6855.208309</timestamp>
			</report>
			<report>
				<misses>646800000</misses>
				<total>0</total>
				<timestamp>6856.266278</timestamp>
			</report>
			<report>
				<misses>646900000</misses>
				<total>0</total>
				<timestamp>6857.310611</timestamp>
			</report>
			<report>
				<misses>647000000</misses>
				<total>0</total>
				<timestamp>6858.372023</timestamp>
			</report>
			<report>
				<misses>647100000</misses>
				<total>0</total>
				<timestamp>6859.430011</timestamp>
			</report>
			<report>
				<misses>647200000</misses>
				<total>0</total>
				<timestamp>6860.486307</timestamp>
			</report>
			<report>
				<misses>647300000</misses>
				<total>0</total>
				<timestamp>6861.566501</timestamp>
			</report>
			<report>
				<misses>647400000</misses>
				<total>0</total>
				<timestamp>6862.656109</timestamp>
			</report>
			<report>
				<misses>647500000</misses>
				<total>0</total>
				<timestamp>6863.755073</timestamp>
			</report>
			<report>
				<misses>647600000</misses>
				<total>0</total>
				<timestamp>6864.822048</timestamp>
			</report>
			<report>
				<misses>647700000</misses>
				<total>0</total>
				<timestamp>6865.882537</timestamp>
			</report>
			<report>
				<misses>647800000</misses>
				<total>0</total>
				<timestamp>6866.976517</timestamp>
			</report>
			<report>
				<misses>647900000</misses>
				<total>0</total>
				<timestamp>6868.065965</timestamp>
			</report>
			<report>
				<misses>648000000</misses>
				<total>0</total>
				<timestamp>6869.147468</timestamp>
			</report>
			<report>
				<misses>648100000</misses>
				<total>0</total>
				<timestamp>6870.186986</timestamp>
			</report>
			<report>
				<misses>648200000</misses>
				<total>0</total>
				<timestamp>6871.225293</timestamp>
			</report>
			<report>
				<misses>648300000</misses>
				<total>0</total>
				<timestamp>6872.287828</timestamp>
			</report>
			<report>
				<misses>648400000</misses>
				<total>0</total>
				<timestamp>6873.331379</timestamp>
			</report>
			<report>
				<misses>648500000</misses>
				<total>0</total>
				<timestamp>6874.392096</timestamp>
			</report>
			<report>
				<misses>648600000</misses>
				<total>0</total>
				<timestamp>6875.435765</timestamp>
			</report>
			<report>
				<misses>648700000</misses>
				<total>0</total>
				<timestamp>6876.524843</timestamp>
			</report>
			<report>
				<misses>648800000</misses>
				<total>0</total>
				<timestamp>6877.569393</timestamp>
			</report>
			<report>
				<misses>648900000</misses>
				<total>0</total>
				<timestamp>6878.650839</timestamp>
			</report>
			<report>
				<misses>649000000</misses>
				<total>0</total>
				<timestamp>6879.699713</timestamp>
			</report>
			<report>
				<misses>649100000</misses>
				<total>0</total>
				<timestamp>6880.767395</timestamp>
			</report>
			<report>
				<misses>649200000</misses>
				<total>0</total>
				<timestamp>6881.832086</timestamp>
			</report>
			<report>
				<misses>649300000</misses>
				<total>0</total>
				<timestamp>6882.884630</timestamp>
			</report>
			<report>
				<misses>649400000</misses>
				<total>0</total>
				<timestamp>6883.927604</timestamp>
			</report>
			<report>
				<misses>649500000</misses>
				<total>0</total>
				<timestamp>6884.960174</timestamp>
			</report>
			<report>
				<misses>649600000</misses>
				<total>0</total>
				<timestamp>6886.013734</timestamp>
			</report>
			<report>
				<misses>649700000</misses>
				<total>0</total>
				<timestamp>6887.063254</timestamp>
			</report>
			<report>
				<misses>649800000</misses>
				<total>0</total>
				<timestamp>6888.108272</timestamp>
			</report>
			<report>
				<misses>649900000</misses>
				<total>0</total>
				<timestamp>6889.151778</timestamp>
			</report>
			<report>
				<misses>650000000</misses>
				<total>0</total>
				<timestamp>6890.220629</timestamp>
			</report>
			<report>
				<misses>650100000</misses>
				<total>0</total>
				<timestamp>6891.302984</timestamp>
			</report>
			<report>
				<misses>650200000</misses>
				<total>0</total>
				<timestamp>6892.364568</timestamp>
			</report>
			<report>
				<misses>650300000</misses>
				<total>0</total>
				<timestamp>6893.424729</timestamp>
			</report>
			<report>
				<misses>650400000</misses>
				<total>0</total>
				<timestamp>6894.489903</timestamp>
			</report>
			<report>
				<misses>650500000</misses>
				<total>0</total>
				<timestamp>6895.567784</timestamp>
			</report>
			<report>
				<misses>650600000</misses>
				<total>0</total>
				<timestamp>6896.633296</timestamp>
			</report>
			<report>
				<misses>650700000</misses>
				<total>0</total>
				<timestamp>6897.698436</timestamp>
			</report>
			<report>
				<misses>650800000</misses>
				<total>0</total>
				<timestamp>6898.754535</timestamp>
			</report>
			<report>
				<misses>650900000</misses>
				<total>0</total>
				<timestamp>6899.830760</timestamp>
			</report>
			<report>
				<misses>651000000</misses>
				<total>0</total>
				<timestamp>6900.883041</timestamp>
			</report>
			<report>
				<misses>651100000</misses>
				<total>0</total>
				<timestamp>6901.952846</timestamp>
			</report>
			<report>
				<misses>651200000</misses>
				<total>0</total>
				<timestamp>6903.010726</timestamp>
			</report>
			<report>
				<misses>651300000</misses>
				<total>0</total>
				<timestamp>6904.065756</timestamp>
			</report>
			<report>
				<misses>651400000</misses>
				<total>0</total>
				<timestamp>6905.124535</timestamp>
			</report>
			<report>
				<misses>651500000</misses>
				<total>0</total>
				<timestamp>6906.196191</timestamp>
			</report>
			<report>
				<misses>651600000</misses>
				<total>0</total>
				<timestamp>6907.249059</timestamp>
			</report>
			<report>
				<misses>651700000</misses>
				<total>0</total>
				<timestamp>6908.297887</timestamp>
			</report>
			<report>
				<misses>651800000</misses>
				<total>0</total>
				<timestamp>6909.370258</timestamp>
			</report>
			<report>
				<misses>651900000</misses>
				<total>0</total>
				<timestamp>6910.418082</timestamp>
			</report>
			<report>
				<misses>652000000</misses>
				<total>0</total>
				<timestamp>6911.468688</timestamp>
			</report>
			<report>
				<misses>652100000</misses>
				<total>0</total>
				<timestamp>6912.511092</timestamp>
			</report>
			<report>
				<misses>652200000</misses>
				<total>0</total>
				<timestamp>6913.559525</timestamp>
			</report>
			<report>
				<misses>652300000</misses>
				<total>0</total>
				<timestamp>6914.611295</timestamp>
			</report>
			<report>
				<misses>652400000</misses>
				<total>0</total>
				<timestamp>6915.650950</timestamp>
			</report>
			<report>
				<misses>652500000</misses>
				<total>0</total>
				<timestamp>6916.730453</timestamp>
			</report>
			<report>
				<misses>652600000</misses>
				<total>0</total>
				<timestamp>6917.791193</timestamp>
			</report>
			<report>
				<misses>652700000</misses>
				<total>0</total>
				<timestamp>6918.861248</timestamp>
			</report>
			<report>
				<misses>652800000</misses>
				<total>0</total>
				<timestamp>6919.916527</timestamp>
			</report>
			<report>
				<misses>652900000</misses>
				<total>0</total>
				<timestamp>6920.993076</timestamp>
			</report>
			<report>
				<misses>653000000</misses>
				<total>0</total>
				<timestamp>6922.059488</timestamp>
			</report>
			<report>
				<misses>653100000</misses>
				<total>0</total>
				<timestamp>6923.125773</timestamp>
			</report>
			<report>
				<misses>653200000</misses>
				<total>0</total>
				<timestamp>6924.181324</timestamp>
			</report>
			<report>
				<misses>653300000</misses>
				<total>0</total>
				<timestamp>6925.235700</timestamp>
			</report>
			<report>
				<misses>653400000</misses>
				<total>0</total>
				<timestamp>6926.322002</timestamp>
			</report>
			<report>
				<misses>653500000</misses>
				<total>0</total>
				<timestamp>6927.390374</timestamp>
			</report>
			<report>
				<misses>653600000</misses>
				<total>0</total>
				<timestamp>6928.450394</timestamp>
			</report>
			<report>
				<misses>653700000</misses>
				<total>0</total>
				<timestamp>6929.507133</timestamp>
			</report>
			<report>
				<misses>653800000</misses>
				<total>0</total>
				<timestamp>6930.560516</timestamp>
			</report>
			<report>
				<misses>653900000</misses>
				<total>0</total>
				<timestamp>6931.632544</timestamp>
			</report>
			<report>
				<misses>654000000</misses>
				<total>0</total>
				<timestamp>6932.686789</timestamp>
			</report>
			<report>
				<misses>654100000</misses>
				<total>0</total>
				<timestamp>6933.743795</timestamp>
			</report>
			<report>
				<misses>654200000</misses>
				<total>0</total>
				<timestamp>6934.793677</timestamp>
			</report>
			<report>
				<misses>654300000</misses>
				<total>0</total>
				<timestamp>6935.865128</timestamp>
			</report>
			<report>
				<misses>654400000</misses>
				<total>0</total>
				<timestamp>6936.935491</timestamp>
			</report>
			<report>
				<misses>654500000</misses>
				<total>0</total>
				<timestamp>6938.011580</timestamp>
			</report>
			<report>
				<misses>654600000</misses>
				<total>0</total>
				<timestamp>6939.078241</timestamp>
			</report>
			<report>
				<misses>654700000</misses>
				<total>0</total>
				<timestamp>6940.117143</timestamp>
			</report>
			<report>
				<misses>654800000</misses>
				<total>0</total>
				<timestamp>6941.168049</timestamp>
			</report>
			<report>
				<misses>654900000</misses>
				<total>0</total>
				<timestamp>6942.209471</timestamp>
			</report>
			<report>
				<misses>655000000</misses>
				<total>0</total>
				<timestamp>6943.244405</timestamp>
			</report>
			<report>
				<misses>655100000</misses>
				<total>0</total>
				<timestamp>6944.308198</timestamp>
			</report>
			<report>
				<misses>655200000</misses>
				<total>0</total>
				<timestamp>6945.345173</timestamp>
			</report>
			<report>
				<misses>655300000</misses>
				<total>0</total>
				<timestamp>6946.412782</timestamp>
			</report>
			<report>
				<misses>655400000</misses>
				<total>0</total>
				<timestamp>6947.469764</timestamp>
			</report>
			<report>
				<misses>655500000</misses>
				<total>0</total>
				<timestamp>6948.523303</timestamp>
			</report>
			<report>
				<misses>655600000</misses>
				<total>0</total>
				<timestamp>6949.584382</timestamp>
			</report>
			<report>
				<misses>655700000</misses>
				<total>0</total>
				<timestamp>6950.632372</timestamp>
			</report>
			<report>
				<misses>655800000</misses>
				<total>0</total>
				<timestamp>6951.734635</timestamp>
			</report>
			<report>
				<misses>655900000</misses>
				<total>0</total>
				<timestamp>6952.778648</timestamp>
			</report>
			<report>
				<misses>656000000</misses>
				<total>0</total>
				<timestamp>6953.838482</timestamp>
			</report>
			<report>
				<misses>656100000</misses>
				<total>0</total>
				<timestamp>6954.915560</timestamp>
			</report>
			<report>
				<misses>656200000</misses>
				<total>0</total>
				<timestamp>6955.967079</timestamp>
			</report>
			<report>
				<misses>656300000</misses>
				<total>0</total>
				<timestamp>6957.008580</timestamp>
			</report>
			<report>
				<misses>656400000</misses>
				<total>0</total>
				<timestamp>6958.063102</timestamp>
			</report>
			<report>
				<misses>656500000</misses>
				<total>0</total>
				<timestamp>6959.110262</timestamp>
			</report>
			<report>
				<misses>656600000</misses>
				<total>0</total>
				<timestamp>6960.167904</timestamp>
			</report>
			<report>
				<misses>656700000</misses>
				<total>0</total>
				<timestamp>6961.222496</timestamp>
			</report>
			<report>
				<misses>656800000</misses>
				<total>0</total>
				<timestamp>6962.262685</timestamp>
			</report>
			<report>
				<misses>656900000</misses>
				<total>0</total>
				<timestamp>6963.305796</timestamp>
			</report>
			<report>
				<misses>657000000</misses>
				<total>0</total>
				<timestamp>6964.350541</timestamp>
			</report>
			<report>
				<misses>657100000</misses>
				<total>0</total>
				<timestamp>6965.404279</timestamp>
			</report>
			<report>
				<misses>657200000</misses>
				<total>0</total>
				<timestamp>6966.472570</timestamp>
			</report>
			<report>
				<misses>657300000</misses>
				<total>0</total>
				<timestamp>6967.518844</timestamp>
			</report>
			<report>
				<misses>657400000</misses>
				<total>0</total>
				<timestamp>6968.573138</timestamp>
			</report>
			<report>
				<misses>657500000</misses>
				<total>0</total>
				<timestamp>6969.634985</timestamp>
			</report>
			<report>
				<misses>657600000</misses>
				<total>0</total>
				<timestamp>6970.699349</timestamp>
			</report>
			<report>
				<misses>657700000</misses>
				<total>0</total>
				<timestamp>6971.739435</timestamp>
			</report>
			<report>
				<misses>657800000</misses>
				<total>0</total>
				<timestamp>6972.806131</timestamp>
			</report>
			<report>
				<misses>657900000</misses>
				<total>0</total>
				<timestamp>6973.871081</timestamp>
			</report>
			<report>
				<misses>658000000</misses>
				<total>0</total>
				<timestamp>6974.947490</timestamp>
			</report>
			<report>
				<misses>658100000</misses>
				<total>0</total>
				<timestamp>6976.017220</timestamp>
			</report>
			<report>
				<misses>658200000</misses>
				<total>0</total>
				<timestamp>6977.091687</timestamp>
			</report>
			<report>
				<misses>658300000</misses>
				<total>0</total>
				<timestamp>6978.141707</timestamp>
			</report>
			<report>
				<misses>658400000</misses>
				<total>0</total>
				<timestamp>6979.190253</timestamp>
			</report>
			<report>
				<misses>658500000</misses>
				<total>0</total>
				<timestamp>6980.234462</timestamp>
			</report>
			<report>
				<misses>658600000</misses>
				<total>0</total>
				<timestamp>6981.276659</timestamp>
			</report>
			<report>
				<misses>658700000</misses>
				<total>0</total>
				<timestamp>6982.317683</timestamp>
			</report>
			<report>
				<misses>658800000</misses>
				<total>0</total>
				<timestamp>6983.371374</timestamp>
			</report>
			<report>
				<misses>658900000</misses>
				<total>0</total>
				<timestamp>6984.408172</timestamp>
			</report>
			<report>
				<misses>659000000</misses>
				<total>0</total>
				<timestamp>6985.472087</timestamp>
			</report>
			<report>
				<misses>659100000</misses>
				<total>0</total>
				<timestamp>6986.529750</timestamp>
			</report>
			<report>
				<misses>659200000</misses>
				<total>0</total>
				<timestamp>6987.561011</timestamp>
			</report>
			<report>
				<misses>659300000</misses>
				<total>0</total>
				<timestamp>6988.616188</timestamp>
			</report>
			<report>
				<misses>659400000</misses>
				<total>0</total>
				<timestamp>6989.675308</timestamp>
			</report>
			<report>
				<misses>659500000</misses>
				<total>0</total>
				<timestamp>6990.734995</timestamp>
			</report>
			<report>
				<misses>659600000</misses>
				<total>0</total>
				<timestamp>6991.810427</timestamp>
			</report>
			<report>
				<misses>659700000</misses>
				<total>0</total>
				<timestamp>6992.886672</timestamp>
			</report>
			<report>
				<misses>659800000</misses>
				<total>0</total>
				<timestamp>6993.943745</timestamp>
			</report>
			<report>
				<misses>659900000</misses>
				<total>0</total>
				<timestamp>6994.987828</timestamp>
			</report>
			<report>
				<misses>660000000</misses>
				<total>0</total>
				<timestamp>6996.038394</timestamp>
			</report>
			<report>
				<misses>660100000</misses>
				<total>0</total>
				<timestamp>6997.076470</timestamp>
			</report>
			<report>
				<misses>660200000</misses>
				<total>0</total>
				<timestamp>6998.156443</timestamp>
			</report>
			<report>
				<misses>660300000</misses>
				<total>0</total>
				<timestamp>6999.197169</timestamp>
			</report>
			<report>
				<misses>660400000</misses>
				<total>0</total>
				<timestamp>7000.241970</timestamp>
			</report>
			<report>
				<misses>660500000</misses>
				<total>0</total>
				<timestamp>7001.308275</timestamp>
			</report>
			<report>
				<misses>660600000</misses>
				<total>0</total>
				<timestamp>7002.366118</timestamp>
			</report>
			<report>
				<misses>660700000</misses>
				<total>0</total>
				<timestamp>7003.435950</timestamp>
			</report>
			<report>
				<misses>660800000</misses>
				<total>0</total>
				<timestamp>7004.509889</timestamp>
			</report>
			<report>
				<misses>660900000</misses>
				<total>0</total>
				<timestamp>7005.588443</timestamp>
			</report>
			<report>
				<misses>661000000</misses>
				<total>0</total>
				<timestamp>7006.653352</timestamp>
			</report>
			<report>
				<misses>661100000</misses>
				<total>0</total>
				<timestamp>7007.743442</timestamp>
			</report>
			<report>
				<misses>661200000</misses>
				<total>0</total>
				<timestamp>7008.803825</timestamp>
			</report>
			<report>
				<misses>661300000</misses>
				<total>0</total>
				<timestamp>7009.862401</timestamp>
			</report>
			<report>
				<misses>661400000</misses>
				<total>0</total>
				<timestamp>7010.949729</timestamp>
			</report>
			<report>
				<misses>661500000</misses>
				<total>0</total>
				<timestamp>7012.013550</timestamp>
			</report>
			<report>
				<misses>661600000</misses>
				<total>0</total>
				<timestamp>7013.092179</timestamp>
			</report>
			<report>
				<misses>661700000</misses>
				<total>0</total>
				<timestamp>7014.169775</timestamp>
			</report>
			<report>
				<misses>661800000</misses>
				<total>0</total>
				<timestamp>7015.251991</timestamp>
			</report>
			<report>
				<misses>661900000</misses>
				<total>0</total>
				<timestamp>7016.317604</timestamp>
			</report>
			<report>
				<misses>662000000</misses>
				<total>0</total>
				<timestamp>7017.378698</timestamp>
			</report>
			<report>
				<misses>662100000</misses>
				<total>0</total>
				<timestamp>7018.418256</timestamp>
			</report>
			<report>
				<misses>662200000</misses>
				<total>0</total>
				<timestamp>7019.472516</timestamp>
			</report>
			<report>
				<misses>662300000</misses>
				<total>0</total>
				<timestamp>7020.554125</timestamp>
			</report>
			<report>
				<misses>662400000</misses>
				<total>0</total>
				<timestamp>7021.596524</timestamp>
			</report>
			<report>
				<misses>662500000</misses>
				<total>0</total>
				<timestamp>7022.638929</timestamp>
			</report>
			<report>
				<misses>662600000</misses>
				<total>0</total>
				<timestamp>7023.680090</timestamp>
			</report>
			<report>
				<misses>662700000</misses>
				<total>0</total>
				<timestamp>7024.730914</timestamp>
			</report>
			<report>
				<misses>662800000</misses>
				<total>0</total>
				<timestamp>7025.772537</timestamp>
			</report>
			<report>
				<misses>662900000</misses>
				<total>0</total>
				<timestamp>7026.829965</timestamp>
			</report>
			<report>
				<misses>663000000</misses>
				<total>0</total>
				<timestamp>7027.889605</timestamp>
			</report>
			<report>
				<misses>663100000</misses>
				<total>0</total>
				<timestamp>7028.953075</timestamp>
			</report>
			<report>
				<misses>663200000</misses>
				<total>0</total>
				<timestamp>7030.031180</timestamp>
			</report>
			<report>
				<misses>663300000</misses>
				<total>0</total>
				<timestamp>7031.145351</timestamp>
			</report>
			<report>
				<misses>663400000</misses>
				<total>0</total>
				<timestamp>7032.205058</timestamp>
			</report>
			<report>
				<misses>663500000</misses>
				<total>0</total>
				<timestamp>7033.258598</timestamp>
			</report>
			<report>
				<misses>663600000</misses>
				<total>0</total>
				<timestamp>7034.314668</timestamp>
			</report>
			<report>
				<misses>663700000</misses>
				<total>0</total>
				<timestamp>7035.375242</timestamp>
			</report>
			<report>
				<misses>663800000</misses>
				<total>0</total>
				<timestamp>7036.446500</timestamp>
			</report>
			<report>
				<misses>663900000</misses>
				<total>0</total>
				<timestamp>7037.496189</timestamp>
			</report>
			<report>
				<misses>664000000</misses>
				<total>0</total>
				<timestamp>7038.544283</timestamp>
			</report>
			<report>
				<misses>664100000</misses>
				<total>0</total>
				<timestamp>7039.578957</timestamp>
			</report>
			<report>
				<misses>664200000</misses>
				<total>0</total>
				<timestamp>7040.627970</timestamp>
			</report>
			<report>
				<misses>664300000</misses>
				<total>0</total>
				<timestamp>7041.671980</timestamp>
			</report>
			<report>
				<misses>664400000</misses>
				<total>0</total>
				<timestamp>7042.714408</timestamp>
			</report>
			<report>
				<misses>664500000</misses>
				<total>0</total>
				<timestamp>7043.778341</timestamp>
			</report>
			<report>
				<misses>664600000</misses>
				<total>0</total>
				<timestamp>7044.833965</timestamp>
			</report>
			<report>
				<misses>664700000</misses>
				<total>0</total>
				<timestamp>7045.900534</timestamp>
			</report>
			<report>
				<misses>664800000</misses>
				<total>0</total>
				<timestamp>7046.936197</timestamp>
			</report>
			<report>
				<misses>664900000</misses>
				<total>0</total>
				<timestamp>7047.979761</timestamp>
			</report>
			<report>
				<misses>665000000</misses>
				<total>0</total>
				<timestamp>7049.040608</timestamp>
			</report>
			<report>
				<misses>665100000</misses>
				<total>0</total>
				<timestamp>7050.103866</timestamp>
			</report>
			<report>
				<misses>665200000</misses>
				<total>0</total>
				<timestamp>7051.154255</timestamp>
			</report>
			<report>
				<misses>665300000</misses>
				<total>0</total>
				<timestamp>7052.214969</timestamp>
			</report>
			<report>
				<misses>665400000</misses>
				<total>0</total>
				<timestamp>7053.280504</timestamp>
			</report>
			<report>
				<misses>665500000</misses>
				<total>0</total>
				<timestamp>7054.329752</timestamp>
			</report>
			<report>
				<misses>665600000</misses>
				<total>0</total>
				<timestamp>7055.389093</timestamp>
			</report>
			<report>
				<misses>665700000</misses>
				<total>0</total>
				<timestamp>7056.447799</timestamp>
			</report>
			<report>
				<misses>665800000</misses>
				<total>0</total>
				<timestamp>7057.497227</timestamp>
			</report>
			<report>
				<misses>665900000</misses>
				<total>0</total>
				<timestamp>7058.566745</timestamp>
			</report>
			<report>
				<misses>666000000</misses>
				<total>0</total>
				<timestamp>7059.622234</timestamp>
			</report>
			<report>
				<misses>666100000</misses>
				<total>0</total>
				<timestamp>7060.684248</timestamp>
			</report>
			<report>
				<misses>666200000</misses>
				<total>0</total>
				<timestamp>7061.774980</timestamp>
			</report>
			<report>
				<misses>666300000</misses>
				<total>0</total>
				<timestamp>7062.837611</timestamp>
			</report>
			<report>
				<misses>666400000</misses>
				<total>0</total>
				<timestamp>7063.897575</timestamp>
			</report>
			<report>
				<misses>666500000</misses>
				<total>0</total>
				<timestamp>7064.969224</timestamp>
			</report>
			<report>
				<misses>666600000</misses>
				<total>0</total>
				<timestamp>7066.028531</timestamp>
			</report>
			<report>
				<misses>666700000</misses>
				<total>0</total>
				<timestamp>7067.097464</timestamp>
			</report>
			<report>
				<misses>666800000</misses>
				<total>0</total>
				<timestamp>7068.168885</timestamp>
			</report>
			<report>
				<misses>666900000</misses>
				<total>0</total>
				<timestamp>7069.219164</timestamp>
			</report>
			<report>
				<misses>667000000</misses>
				<total>0</total>
				<timestamp>7070.282834</timestamp>
			</report>
			<report>
				<misses>667100000</misses>
				<total>0</total>
				<timestamp>7071.323231</timestamp>
			</report>
			<report>
				<misses>667200000</misses>
				<total>0</total>
				<timestamp>7072.367265</timestamp>
			</report>
			<report>
				<misses>667300000</misses>
				<total>0</total>
				<timestamp>7073.418312</timestamp>
			</report>
			<report>
				<misses>667400000</misses>
				<total>0</total>
				<timestamp>7074.484989</timestamp>
			</report>
			<report>
				<misses>667500000</misses>
				<total>0</total>
				<timestamp>7075.568625</timestamp>
			</report>
			<report>
				<misses>667600000</misses>
				<total>0</total>
				<timestamp>7076.615014</timestamp>
			</report>
			<report>
				<misses>667700000</misses>
				<total>0</total>
				<timestamp>7077.685435</timestamp>
			</report>
			<report>
				<misses>667800000</misses>
				<total>0</total>
				<timestamp>7078.750332</timestamp>
			</report>
			<report>
				<misses>667900000</misses>
				<total>0</total>
				<timestamp>7079.815788</timestamp>
			</report>
			<report>
				<misses>668000000</misses>
				<total>0</total>
				<timestamp>7080.887345</timestamp>
			</report>
			<report>
				<misses>668100000</misses>
				<total>0</total>
				<timestamp>7081.966217</timestamp>
			</report>
			<report>
				<misses>668200000</misses>
				<total>0</total>
				<timestamp>7083.063077</timestamp>
			</report>
			<report>
				<misses>668300000</misses>
				<total>0</total>
				<timestamp>7084.135204</timestamp>
			</report>
			<report>
				<misses>668400000</misses>
				<total>0</total>
				<timestamp>7085.195649</timestamp>
			</report>
			<report>
				<misses>668500000</misses>
				<total>0</total>
				<timestamp>7086.267883</timestamp>
			</report>
			<report>
				<misses>668600000</misses>
				<total>0</total>
				<timestamp>7087.336011</timestamp>
			</report>
			<report>
				<misses>668700000</misses>
				<total>0</total>
				<timestamp>7088.376222</timestamp>
			</report>
			<report>
				<misses>668800000</misses>
				<total>0</total>
				<timestamp>7089.423744</timestamp>
			</report>
			<report>
				<misses>668900000</misses>
				<total>0</total>
				<timestamp>7090.463652</timestamp>
			</report>
			<report>
				<misses>669000000</misses>
				<total>0</total>
				<timestamp>7091.512089</timestamp>
			</report>
			<report>
				<misses>669100000</misses>
				<total>0</total>
				<timestamp>7092.577313</timestamp>
			</report>
			<report>
				<misses>669200000</misses>
				<total>0</total>
				<timestamp>7093.626436</timestamp>
			</report>
			<report>
				<misses>669300000</misses>
				<total>0</total>
				<timestamp>7094.677607</timestamp>
			</report>
			<report>
				<misses>669400000</misses>
				<total>0</total>
				<timestamp>7095.747853</timestamp>
			</report>
			<report>
				<misses>669500000</misses>
				<total>0</total>
				<timestamp>7096.792317</timestamp>
			</report>
			<report>
				<misses>669600000</misses>
				<total>0</total>
				<timestamp>7097.860585</timestamp>
			</report>
			<report>
				<misses>669700000</misses>
				<total>0</total>
				<timestamp>7098.932082</timestamp>
			</report>
			<report>
				<misses>669800000</misses>
				<total>0</total>
				<timestamp>7099.996338</timestamp>
			</report>
			<report>
				<misses>669900000</misses>
				<total>0</total>
				<timestamp>7101.081777</timestamp>
			</report>
			<report>
				<misses>670000000</misses>
				<total>0</total>
				<timestamp>7102.130425</timestamp>
			</report>
			<report>
				<misses>670100000</misses>
				<total>0</total>
				<timestamp>7103.218720</timestamp>
			</report>
			<report>
				<misses>670200000</misses>
				<total>0</total>
				<timestamp>7104.325197</timestamp>
			</report>
			<report>
				<misses>670300000</misses>
				<total>0</total>
				<timestamp>7105.367185</timestamp>
			</report>
			<report>
				<misses>670400000</misses>
				<total>0</total>
				<timestamp>7106.417608</timestamp>
			</report>
			<report>
				<misses>670500000</misses>
				<total>0</total>
				<timestamp>7107.457396</timestamp>
			</report>
			<report>
				<misses>670600000</misses>
				<total>0</total>
				<timestamp>7108.494148</timestamp>
			</report>
			<report>
				<misses>670700000</misses>
				<total>0</total>
				<timestamp>7109.544715</timestamp>
			</report>
			<report>
				<misses>670800000</misses>
				<total>0</total>
				<timestamp>7110.626169</timestamp>
			</report>
			<report>
				<misses>670900000</misses>
				<total>0</total>
				<timestamp>7111.684786</timestamp>
			</report>
			<report>
				<misses>671000000</misses>
				<total>0</total>
				<timestamp>7112.743840</timestamp>
			</report>
			<report>
				<misses>671100000</misses>
				<total>0</total>
				<timestamp>7113.803960</timestamp>
			</report>
			<report>
				<misses>671200000</misses>
				<total>0</total>
				<timestamp>7114.859704</timestamp>
			</report>
			<report>
				<misses>671300000</misses>
				<total>0</total>
				<timestamp>7115.906171</timestamp>
			</report>
			<report>
				<misses>671400000</misses>
				<total>0</total>
				<timestamp>7116.954466</timestamp>
			</report>
			<report>
				<misses>671500000</misses>
				<total>0</total>
				<timestamp>7118.020102</timestamp>
			</report>
			<report>
				<misses>671600000</misses>
				<total>0</total>
				<timestamp>7119.073951</timestamp>
			</report>
			<report>
				<misses>671700000</misses>
				<total>0</total>
				<timestamp>7120.112283</timestamp>
			</report>
			<report>
				<misses>671800000</misses>
				<total>0</total>
				<timestamp>7121.159934</timestamp>
			</report>
			<report>
				<misses>671900000</misses>
				<total>0</total>
				<timestamp>7122.214746</timestamp>
			</report>
			<report>
				<misses>672000000</misses>
				<total>0</total>
				<timestamp>7123.260937</timestamp>
			</report>
			<report>
				<misses>672100000</misses>
				<total>0</total>
				<timestamp>7124.322994</timestamp>
			</report>
			<report>
				<misses>672200000</misses>
				<total>0</total>
				<timestamp>7125.370109</timestamp>
			</report>
			<report>
				<misses>672300000</misses>
				<total>0</total>
				<timestamp>7126.408046</timestamp>
			</report>
			<report>
				<misses>672400000</misses>
				<total>0</total>
				<timestamp>7127.481832</timestamp>
			</report>
			<report>
				<misses>672500000</misses>
				<total>0</total>
				<timestamp>7128.560393</timestamp>
			</report>
			<report>
				<misses>672600000</misses>
				<total>0</total>
				<timestamp>7129.648638</timestamp>
			</report>
			<report>
				<misses>672700000</misses>
				<total>0</total>
				<timestamp>7130.690902</timestamp>
			</report>
			<report>
				<misses>672800000</misses>
				<total>0</total>
				<timestamp>7131.790904</timestamp>
			</report>
			<report>
				<misses>672900000</misses>
				<total>0</total>
				<timestamp>7132.846003</timestamp>
			</report>
			<report>
				<misses>673000000</misses>
				<total>0</total>
				<timestamp>7133.929278</timestamp>
			</report>
			<report>
				<misses>673100000</misses>
				<total>0</total>
				<timestamp>7134.987106</timestamp>
			</report>
			<report>
				<misses>673200000</misses>
				<total>0</total>
				<timestamp>7136.041555</timestamp>
			</report>
			<report>
				<misses>673300000</misses>
				<total>0</total>
				<timestamp>7137.126143</timestamp>
			</report>
			<report>
				<misses>673400000</misses>
				<total>0</total>
				<timestamp>7138.187078</timestamp>
			</report>
			<report>
				<misses>673500000</misses>
				<total>0</total>
				<timestamp>7139.295259</timestamp>
			</report>
			<report>
				<misses>673600000</misses>
				<total>0</total>
				<timestamp>7140.346889</timestamp>
			</report>
			<report>
				<misses>673700000</misses>
				<total>0</total>
				<timestamp>7141.415422</timestamp>
			</report>
			<report>
				<misses>673800000</misses>
				<total>0</total>
				<timestamp>7142.455674</timestamp>
			</report>
			<report>
				<misses>673900000</misses>
				<total>0</total>
				<timestamp>7143.505939</timestamp>
			</report>
			<report>
				<misses>674000000</misses>
				<total>0</total>
				<timestamp>7144.559521</timestamp>
			</report>
			<report>
				<misses>674100000</misses>
				<total>0</total>
				<timestamp>7145.600081</timestamp>
			</report>
			<report>
				<misses>674200000</misses>
				<total>0</total>
				<timestamp>7146.651528</timestamp>
			</report>
			<report>
				<misses>674300000</misses>
				<total>0</total>
				<timestamp>7147.682439</timestamp>
			</report>
			<report>
				<misses>674400000</misses>
				<total>0</total>
				<timestamp>7148.763199</timestamp>
			</report>
			<report>
				<misses>674500000</misses>
				<total>0</total>
				<timestamp>7149.837574</timestamp>
			</report>
			<report>
				<misses>674600000</misses>
				<total>0</total>
				<timestamp>7150.908308</timestamp>
			</report>
			<report>
				<misses>674700000</misses>
				<total>0</total>
				<timestamp>7152.012057</timestamp>
			</report>
			<report>
				<misses>674800000</misses>
				<total>0</total>
				<timestamp>7153.097186</timestamp>
			</report>
			<report>
				<misses>674900000</misses>
				<total>0</total>
				<timestamp>7154.173461</timestamp>
			</report>
			<report>
				<misses>675000000</misses>
				<total>0</total>
				<timestamp>7155.224599</timestamp>
			</report>
			<report>
				<misses>675100000</misses>
				<total>0</total>
				<timestamp>7156.299455</timestamp>
			</report>
			<report>
				<misses>675200000</misses>
				<total>0</total>
				<timestamp>7157.373981</timestamp>
			</report>
			<report>
				<misses>675300000</misses>
				<total>0</total>
				<timestamp>7158.448705</timestamp>
			</report>
			<report>
				<misses>675400000</misses>
				<total>0</total>
				<timestamp>7159.492045</timestamp>
			</report>
			<report>
				<misses>675500000</misses>
				<total>0</total>
				<timestamp>7160.542423</timestamp>
			</report>
			<report>
				<misses>675600000</misses>
				<total>0</total>
				<timestamp>7161.576607</timestamp>
			</report>
			<report>
				<misses>675700000</misses>
				<total>0</total>
				<timestamp>7162.616407</timestamp>
			</report>
			<report>
				<misses>675800000</misses>
				<total>0</total>
				<timestamp>7163.685573</timestamp>
			</report>
			<report>
				<misses>675900000</misses>
				<total>0</total>
				<timestamp>7164.734920</timestamp>
			</report>
			<report>
				<misses>676000000</misses>
				<total>0</total>
				<timestamp>7165.794957</timestamp>
			</report>
			<report>
				<misses>676100000</misses>
				<total>0</total>
				<timestamp>7166.855685</timestamp>
			</report>
			<report>
				<misses>676200000</misses>
				<total>0</total>
				<timestamp>7167.917788</timestamp>
			</report>
			<report>
				<misses>676300000</misses>
				<total>0</total>
				<timestamp>7168.987597</timestamp>
			</report>
			<report>
				<misses>676400000</misses>
				<total>0</total>
				<timestamp>7170.065867</timestamp>
			</report>
			<report>
				<misses>676500000</misses>
				<total>0</total>
				<timestamp>7171.112359</timestamp>
			</report>
			<report>
				<misses>676600000</misses>
				<total>0</total>
				<timestamp>7172.163258</timestamp>
			</report>
			<report>
				<misses>676700000</misses>
				<total>0</total>
				<timestamp>7173.224049</timestamp>
			</report>
			<report>
				<misses>676800000</misses>
				<total>0</total>
				<timestamp>7174.293017</timestamp>
			</report>
			<report>
				<misses>676900000</misses>
				<total>0</total>
				<timestamp>7175.341844</timestamp>
			</report>
			<report>
				<misses>677000000</misses>
				<total>0</total>
				<timestamp>7176.411609</timestamp>
			</report>
			<report>
				<misses>677100000</misses>
				<total>0</total>
				<timestamp>7177.445103</timestamp>
			</report>
			<report>
				<misses>677200000</misses>
				<total>0</total>
				<timestamp>7178.489546</timestamp>
			</report>
			<report>
				<misses>677300000</misses>
				<total>0</total>
				<timestamp>7179.535042</timestamp>
			</report>
			<report>
				<misses>677400000</misses>
				<total>0</total>
				<timestamp>7180.581374</timestamp>
			</report>
			<report>
				<misses>677500000</misses>
				<total>0</total>
				<timestamp>7181.625738</timestamp>
			</report>
			<report>
				<misses>677600000</misses>
				<total>0</total>
				<timestamp>7182.681167</timestamp>
			</report>
			<report>
				<misses>677700000</misses>
				<total>0</total>
				<timestamp>7183.768188</timestamp>
			</report>
			<report>
				<misses>677800000</misses>
				<total>0</total>
				<timestamp>7184.819506</timestamp>
			</report>
			<report>
				<misses>677900000</misses>
				<total>0</total>
				<timestamp>7185.889773</timestamp>
			</report>
			<report>
				<misses>678000000</misses>
				<total>0</total>
				<timestamp>7186.939813</timestamp>
			</report>
			<report>
				<misses>678100000</misses>
				<total>0</total>
				<timestamp>7188.036377</timestamp>
			</report>
			<report>
				<misses>678200000</misses>
				<total>0</total>
				<timestamp>7189.099263</timestamp>
			</report>
			<report>
				<misses>678300000</misses>
				<total>0</total>
				<timestamp>7190.161110</timestamp>
			</report>
			<report>
				<misses>678400000</misses>
				<total>0</total>
				<timestamp>7191.242816</timestamp>
			</report>
			<report>
				<misses>678500000</misses>
				<total>0</total>
				<timestamp>7192.286660</timestamp>
			</report>
			<report>
				<misses>678600000</misses>
				<total>0</total>
				<timestamp>7193.331346</timestamp>
			</report>
			<report>
				<misses>678700000</misses>
				<total>0</total>
				<timestamp>7194.383312</timestamp>
			</report>
			<report>
				<misses>678800000</misses>
				<total>0</total>
				<timestamp>7195.420860</timestamp>
			</report>
			<report>
				<misses>678900000</misses>
				<total>0</total>
				<timestamp>7196.463812</timestamp>
			</report>
			<report>
				<misses>679000000</misses>
				<total>0</total>
				<timestamp>7197.504053</timestamp>
			</report>
			<report>
				<misses>679100000</misses>
				<total>0</total>
				<timestamp>7198.550971</timestamp>
			</report>
		</query>
	</custom>
	<ethtool_statistic>
		<rx_packets>
			<start>432847726</start>
			<end>781369103</end>
		</rx_packets>
		<tx_packets>
			<start>1237680417</start>
			<end>2119219199</end>
		</tx_packets>
		<rx_dropped>
			<start>0</start>
			<end>0</end>
		</rx_dropped>
		<tx_dropped>
			<start>0</start>
			<end>0</end>
		</tx_dropped>
		<collisions>
			<start>0</start>
			<end>0</end>
		</collisions>
		<port_tx_errors>
			<start>0</start>
			<end>0</end>
		</port_tx_errors>
		<port_rx_dropped>
			<start>0</start>
			<end>0</end>
		</port_rx_dropped>
		<port_tx_dropped_link_down>
			<start>0</start>
			<end>0</end>
		</port_tx_dropped_link_down>
	</ethtool_statistic>
	<ip_statistic>
		<mtu>
			<start>9000</start>
			<end>9000</end>
		</mtu>
		<rx_bytes>
			<start>3580922461539</start>
			<end>6697320573851</end>
		</rx_bytes>
		<rx_packets>
			<start>432847804</start>
			<end>781369172</end>
		</rx_packets>
		<rx_errors>
			<start>0</start>
			<end>0</end>
		</rx_errors>
		<rx_dropped>
			<start>0</start>
			<end>0</end>
		</rx_dropped>
		<rx_missed>
			<start>0</start>
			<end>0</end>
		</rx_missed>
		<rx_mcast>
			<start>674</start>
			<end>809</end>
		</rx_mcast>
		<tx_bytes>
			<start>2779249900070</start>
			<end>10661897324348</end>
		</tx_bytes>
		<tx_packets>
			<start>1237680468</start>
			<end>2119219249</end>
		</tx_packets>
		<tx_errors>
			<start>0</start>
			<end>0</end>
		</tx_errors>
		<tx_dropped>
			<start>0</start>
			<end>0</end>
		</tx_dropped>
		<tx_carrier>
			<start>0</start>
			<end>0</end>
		</tx_carrier>
		<tx_collisions>
			<start>0</start>
			<end>0</end>
		</tx_collisions>
	</ip_statistic>
	<netstat_statistic>
		<udp_pkg_rec>
			<start>872236846</start>
			<end>1220757146</end>
		</udp_pkg_rec>
		<udp_pkg_snt>
			<start>2387344020</start>
			<end>3268882505</end>
		</udp_pkg_snt>
		<udp_rec_err>
			<start>9640275</start>
			<end>9640275</end>
		</udp_rec_err>
		<udp_rec_buf_err>
			<start>9640275</start>
			<end>9640275</end>
		</udp_rec_buf_err>
		<udp_snt_buf_err>
			<start>0</start>
			<end>0</end>
		</udp_snt_buf_err>
	</netstat_statistic>
</test_results>
