<?xml version="1.0"?>
<test_results>
	<status>STATUS_SUCCESS</status>
	<custom>
		<num_loss>-1</num_loss>
		<num_total>-1</num_total>
		<num_misses>-1</num_misses>
		<elapsed_time>-1.000000</elapsed_time>
		<query />
	</custom>
	<ethtool_statistic>
		<rx_packets>
			<start>7006642926</start>
			<end>7104407923</end>
		</rx_packets>
		<tx_packets>
			<start>5171906297</start>
			<end>5258560470</end>
		</tx_packets>
		<rx_dropped>
			<start>71</start>
			<end>71</end>
		</rx_dropped>
		<tx_dropped>
			<start>0</start>
			<end>0</end>
		</tx_dropped>
		<collisions>
			<start>0</start>
			<end>0</end>
		</collisions>
		<port_tx_errors>
			<start>0</start>
			<end>0</end>
		</port_tx_errors>
		<port_rx_dropped>
			<start>0</start>
			<end>0</end>
		</port_rx_dropped>
		<port_tx_dropped_link_down>
			<start>0</start>
			<end>0</end>
		</port_tx_dropped_link_down>
	</ethtool_statistic>
	<ip_statistic>
		<mtu>
			<start>9000</start>
			<end>9000</end>
		</mtu>
		<rx_bytes>
			<start>49432661942254</start>
			<end>50278365037587</end>
		</rx_bytes>
		<rx_packets>
			<start>7006642982</start>
			<end>7104407937</end>
		</rx_packets>
		<rx_errors>
			<start>0</start>
			<end>0</end>
		</rx_errors>
		<rx_dropped>
			<start>71</start>
			<end>71</end>
		</rx_dropped>
		<rx_missed>
			<start>0</start>
			<end>0</end>
		</rx_missed>
		<rx_mcast>
			<start>1679</start>
			<end>1712</end>
		</rx_mcast>
		<tx_bytes>
			<start>46494996576700</start>
			<end>47274013310939</end>
		</tx_bytes>
		<tx_packets>
			<start>5171906394</start>
			<end>5258560525</end>
		</tx_packets>
		<tx_errors>
			<start>0</start>
			<end>0</end>
		</tx_errors>
		<tx_dropped>
			<start>0</start>
			<end>0</end>
		</tx_dropped>
		<tx_carrier>
			<start>0</start>
			<end>0</end>
		</tx_carrier>
		<tx_collisions>
			<start>0</start>
			<end>0</end>
		</tx_collisions>
	</ip_statistic>
	<netstat_statistic>
		<udp_pkg_rec>
			<start>5050931054</start>
			<end>5112966372</end>
		</udp_pkg_rec>
		<udp_pkg_snt>
			<start>5171890400</start>
			<end>5258544260</end>
		</udp_pkg_snt>
		<udp_rec_err>
			<start>76519715</start>
			<end>77249650</end>
		</udp_rec_err>
		<udp_rec_buf_err>
			<start>76519715</start>
			<end>77249650</end>
		</udp_rec_buf_err>
		<udp_snt_buf_err>
			<start>0</start>
			<end>0</end>
		</udp_snt_buf_err>
	</netstat_statistic>
</test_results>
