<?xml version="1.0"?>
<test_results>
	<status>STATUS_SUCCESS</status>
	<custom>
		<num_loss>578</num_loss>
		<num_total>30493623</num_total>
		<num_misses>89495123</num_misses>
		<elapsed_time>299.971105</elapsed_time>
		<query>
			<report>
				<misses>100001</misses>
				<total>0</total>
				<timestamp>0.859887</timestamp>
			</report>
			<report>
				<misses>200001</misses>
				<total>0</total>
				<timestamp>1.733991</timestamp>
			</report>
			<report>
				<misses>300001</misses>
				<total>0</total>
				<timestamp>2.678653</timestamp>
			</report>
			<report>
				<misses>400001</misses>
				<total>0</total>
				<timestamp>3.660970</timestamp>
			</report>
			<report>
				<misses>500001</misses>
				<total>0</total>
				<timestamp>4.649453</timestamp>
			</report>
			<report>
				<misses>600001</misses>
				<total>0</total>
				<timestamp>5.614855</timestamp>
			</report>
			<report>
				<misses>700001</misses>
				<total>0</total>
				<timestamp>6.604996</timestamp>
			</report>
			<report>
				<misses>800001</misses>
				<total>0</total>
				<timestamp>7.581260</timestamp>
			</report>
			<report>
				<misses>900001</misses>
				<total>0</total>
				<timestamp>8.558200</timestamp>
			</report>
			<report>
				<misses>1000001</misses>
				<total>0</total>
				<timestamp>9.575339</timestamp>
			</report>
			<report>
				<misses>1100001</misses>
				<total>0</total>
				<timestamp>10.622959</timestamp>
			</report>
			<report>
				<misses>1200001</misses>
				<total>0</total>
				<timestamp>11.703129</timestamp>
			</report>
			<report>
				<misses>1300001</misses>
				<total>0</total>
				<timestamp>12.791474</timestamp>
			</report>
			<report>
				<misses>1400001</misses>
				<total>75</total>
				<timestamp>13.870997</timestamp>
			</report>
			<report>
				<misses>1500001</misses>
				<total>75</total>
				<timestamp>14.996012</timestamp>
			</report>
			<report>
				<misses>1600001</misses>
				<total>75</total>
				<timestamp>16.104366</timestamp>
			</report>
			<report>
				<misses>1700001</misses>
				<total>75</total>
				<timestamp>17.214815</timestamp>
			</report>
			<report>
				<misses>1800001</misses>
				<total>75</total>
				<timestamp>18.283664</timestamp>
			</report>
			<report>
				<misses>1900001</misses>
				<total>75</total>
				<timestamp>19.353443</timestamp>
			</report>
			<report>
				<misses>2000001</misses>
				<total>75</total>
				<timestamp>20.385317</timestamp>
			</report>
			<report>
				<misses>2100001</misses>
				<total>75</total>
				<timestamp>21.370954</timestamp>
			</report>
			<report>
				<misses>2200001</misses>
				<total>75</total>
				<timestamp>22.344174</timestamp>
			</report>
			<report>
				<misses>2300001</misses>
				<total>75</total>
				<timestamp>23.304924</timestamp>
			</report>
			<report>
				<misses>2400001</misses>
				<total>75</total>
				<timestamp>24.265921</timestamp>
			</report>
			<report>
				<misses>2500001</misses>
				<total>75</total>
				<timestamp>25.244344</timestamp>
			</report>
			<report>
				<misses>2600001</misses>
				<total>75</total>
				<timestamp>26.201459</timestamp>
			</report>
			<report>
				<misses>2700001</misses>
				<total>75</total>
				<timestamp>27.147891</timestamp>
			</report>
			<report>
				<misses>2800001</misses>
				<total>75</total>
				<timestamp>28.099895</timestamp>
			</report>
			<report>
				<misses>2900001</misses>
				<total>75</total>
				<timestamp>29.056288</timestamp>
			</report>
			<report>
				<misses>3000001</misses>
				<total>75</total>
				<timestamp>30.027271</timestamp>
			</report>
			<report>
				<misses>3100001</misses>
				<total>75</total>
				<timestamp>30.996861</timestamp>
			</report>
			<report>
				<misses>3200001</misses>
				<total>75</total>
				<timestamp>31.965141</timestamp>
			</report>
			<report>
				<misses>3300001</misses>
				<total>75</total>
				<timestamp>32.931763</timestamp>
			</report>
			<report>
				<misses>3400001</misses>
				<total>75</total>
				<timestamp>33.918706</timestamp>
			</report>
			<report>
				<misses>3500001</misses>
				<total>75</total>
				<timestamp>34.906400</timestamp>
			</report>
			<report>
				<misses>3600001</misses>
				<total>75</total>
				<timestamp>35.859277</timestamp>
			</report>
			<report>
				<misses>3700001</misses>
				<total>75</total>
				<timestamp>36.807004</timestamp>
			</report>
			<report>
				<misses>3800001</misses>
				<total>75</total>
				<timestamp>37.748999</timestamp>
			</report>
			<report>
				<misses>3900001</misses>
				<total>75</total>
				<timestamp>38.705439</timestamp>
			</report>
			<report>
				<misses>4000001</misses>
				<total>75</total>
				<timestamp>39.669047</timestamp>
			</report>
			<report>
				<misses>4100001</misses>
				<total>75</total>
				<timestamp>40.634600</timestamp>
			</report>
			<report>
				<misses>4200001</misses>
				<total>75</total>
				<timestamp>41.599983</timestamp>
			</report>
			<report>
				<misses>4300001</misses>
				<total>75</total>
				<timestamp>42.553181</timestamp>
			</report>
			<report>
				<misses>4400001</misses>
				<total>75</total>
				<timestamp>43.530545</timestamp>
			</report>
			<report>
				<misses>4500001</misses>
				<total>75</total>
				<timestamp>44.486675</timestamp>
			</report>
			<report>
				<misses>4600001</misses>
				<total>75</total>
				<timestamp>45.449645</timestamp>
			</report>
			<report>
				<misses>4700001</misses>
				<total>75</total>
				<timestamp>46.416576</timestamp>
			</report>
			<report>
				<misses>4800001</misses>
				<total>75</total>
				<timestamp>47.382915</timestamp>
			</report>
			<report>
				<misses>4900001</misses>
				<total>75</total>
				<timestamp>48.340903</timestamp>
			</report>
			<report>
				<misses>5000001</misses>
				<total>75</total>
				<timestamp>49.289212</timestamp>
			</report>
			<report>
				<misses>5100001</misses>
				<total>75</total>
				<timestamp>50.239698</timestamp>
			</report>
			<report>
				<misses>5200001</misses>
				<total>75</total>
				<timestamp>51.234437</timestamp>
			</report>
			<report>
				<misses>5300001</misses>
				<total>75</total>
				<timestamp>52.193075</timestamp>
			</report>
			<report>
				<misses>5400001</misses>
				<total>75</total>
				<timestamp>53.129537</timestamp>
			</report>
			<report>
				<misses>5500001</misses>
				<total>75</total>
				<timestamp>54.090927</timestamp>
			</report>
			<report>
				<misses>5600001</misses>
				<total>75</total>
				<timestamp>55.052916</timestamp>
			</report>
			<report>
				<misses>5700001</misses>
				<total>75</total>
				<timestamp>56.008973</timestamp>
			</report>
			<report>
				<misses>5800001</misses>
				<total>75</total>
				<timestamp>56.958257</timestamp>
			</report>
			<report>
				<misses>5900001</misses>
				<total>75</total>
				<timestamp>57.916277</timestamp>
			</report>
			<report>
				<misses>6000001</misses>
				<total>75</total>
				<timestamp>58.878847</timestamp>
			</report>
			<report>
				<misses>6100001</misses>
				<total>75</total>
				<timestamp>59.839031</timestamp>
			</report>
			<report>
				<misses>6200001</misses>
				<total>75</total>
				<timestamp>60.798383</timestamp>
			</report>
			<report>
				<misses>6300001</misses>
				<total>75</total>
				<timestamp>61.773769</timestamp>
			</report>
			<report>
				<misses>6400001</misses>
				<total>75</total>
				<timestamp>62.740568</timestamp>
			</report>
			<report>
				<misses>6500001</misses>
				<total>75</total>
				<timestamp>63.693101</timestamp>
			</report>
			<report>
				<misses>6600001</misses>
				<total>75</total>
				<timestamp>64.661889</timestamp>
			</report>
			<report>
				<misses>6700001</misses>
				<total>75</total>
				<timestamp>65.623665</timestamp>
			</report>
			<report>
				<misses>6800001</misses>
				<total>75</total>
				<timestamp>66.593832</timestamp>
			</report>
			<report>
				<misses>6900001</misses>
				<total>75</total>
				<timestamp>67.547303</timestamp>
			</report>
			<report>
				<misses>7000001</misses>
				<total>75</total>
				<timestamp>68.493109</timestamp>
			</report>
			<report>
				<misses>7100001</misses>
				<total>75</total>
				<timestamp>69.455422</timestamp>
			</report>
			<report>
				<misses>7200001</misses>
				<total>75</total>
				<timestamp>70.411031</timestamp>
			</report>
			<report>
				<misses>7300001</misses>
				<total>75</total>
				<timestamp>71.364239</timestamp>
			</report>
			<report>
				<misses>7400001</misses>
				<total>75</total>
				<timestamp>72.335826</timestamp>
			</report>
			<report>
				<misses>7500001</misses>
				<total>236</total>
				<timestamp>73.272856</timestamp>
			</report>
			<report>
				<misses>7600001</misses>
				<total>236</total>
				<timestamp>74.234398</timestamp>
			</report>
			<report>
				<misses>7700001</misses>
				<total>236</total>
				<timestamp>75.188385</timestamp>
			</report>
			<report>
				<misses>7800001</misses>
				<total>236</total>
				<timestamp>76.167239</timestamp>
			</report>
			<report>
				<misses>7900001</misses>
				<total>236</total>
				<timestamp>77.145852</timestamp>
			</report>
			<report>
				<misses>8000001</misses>
				<total>236</total>
				<timestamp>78.119250</timestamp>
			</report>
			<report>
				<misses>8100001</misses>
				<total>236</total>
				<timestamp>79.096910</timestamp>
			</report>
			<report>
				<misses>8200001</misses>
				<total>236</total>
				<timestamp>80.068095</timestamp>
			</report>
			<report>
				<misses>8300001</misses>
				<total>236</total>
				<timestamp>81.040491</timestamp>
			</report>
			<report>
				<misses>8400001</misses>
				<total>236</total>
				<timestamp>82.014429</timestamp>
			</report>
			<report>
				<misses>8500001</misses>
				<total>236</total>
				<timestamp>82.985567</timestamp>
			</report>
			<report>
				<misses>8600001</misses>
				<total>236</total>
				<timestamp>83.946669</timestamp>
			</report>
			<report>
				<misses>8700001</misses>
				<total>236</total>
				<timestamp>84.908769</timestamp>
			</report>
			<report>
				<misses>8800001</misses>
				<total>236</total>
				<timestamp>85.878675</timestamp>
			</report>
			<report>
				<misses>8900001</misses>
				<total>236</total>
				<timestamp>86.846334</timestamp>
			</report>
			<report>
				<misses>9000001</misses>
				<total>236</total>
				<timestamp>87.820013</timestamp>
			</report>
			<report>
				<misses>9100001</misses>
				<total>236</total>
				<timestamp>88.797469</timestamp>
			</report>
			<report>
				<misses>9200001</misses>
				<total>236</total>
				<timestamp>89.788351</timestamp>
			</report>
			<report>
				<misses>9300001</misses>
				<total>236</total>
				<timestamp>90.767121</timestamp>
			</report>
			<report>
				<misses>9400001</misses>
				<total>236</total>
				<timestamp>91.743617</timestamp>
			</report>
			<report>
				<misses>9500001</misses>
				<total>236</total>
				<timestamp>92.725132</timestamp>
			</report>
			<report>
				<misses>9600001</misses>
				<total>236</total>
				<timestamp>93.689770</timestamp>
			</report>
			<report>
				<misses>9700001</misses>
				<total>236</total>
				<timestamp>94.658194</timestamp>
			</report>
			<report>
				<misses>9800001</misses>
				<total>236</total>
				<timestamp>95.644493</timestamp>
			</report>
			<report>
				<misses>9900001</misses>
				<total>236</total>
				<timestamp>96.630266</timestamp>
			</report>
			<report>
				<misses>10000001</misses>
				<total>236</total>
				<timestamp>97.606762</timestamp>
			</report>
			<report>
				<misses>10100001</misses>
				<total>236</total>
				<timestamp>98.573774</timestamp>
			</report>
			<report>
				<misses>10200001</misses>
				<total>236</total>
				<timestamp>99.558651</timestamp>
			</report>
			<report>
				<misses>10300001</misses>
				<total>236</total>
				<timestamp>100.532065</timestamp>
			</report>
			<report>
				<misses>10400001</misses>
				<total>236</total>
				<timestamp>101.497044</timestamp>
			</report>
			<report>
				<misses>10500001</misses>
				<total>236</total>
				<timestamp>102.468873</timestamp>
			</report>
			<report>
				<misses>10600001</misses>
				<total>236</total>
				<timestamp>103.431917</timestamp>
			</report>
			<report>
				<misses>10700001</misses>
				<total>236</total>
				<timestamp>104.413553</timestamp>
			</report>
			<report>
				<misses>10800001</misses>
				<total>236</total>
				<timestamp>105.389462</timestamp>
			</report>
			<report>
				<misses>10900001</misses>
				<total>236</total>
				<timestamp>106.375166</timestamp>
			</report>
			<report>
				<misses>11000001</misses>
				<total>236</total>
				<timestamp>107.365191</timestamp>
			</report>
			<report>
				<misses>11100001</misses>
				<total>236</total>
				<timestamp>108.352176</timestamp>
			</report>
			<report>
				<misses>11200001</misses>
				<total>236</total>
				<timestamp>109.338366</timestamp>
			</report>
			<report>
				<misses>11300001</misses>
				<total>236</total>
				<timestamp>110.329156</timestamp>
			</report>
			<report>
				<misses>11400001</misses>
				<total>236</total>
				<timestamp>111.309096</timestamp>
			</report>
			<report>
				<misses>11500001</misses>
				<total>236</total>
				<timestamp>112.304571</timestamp>
			</report>
			<report>
				<misses>11600001</misses>
				<total>236</total>
				<timestamp>113.293482</timestamp>
			</report>
			<report>
				<misses>11700001</misses>
				<total>236</total>
				<timestamp>114.261980</timestamp>
			</report>
			<report>
				<misses>11800001</misses>
				<total>236</total>
				<timestamp>115.245444</timestamp>
			</report>
			<report>
				<misses>11900001</misses>
				<total>236</total>
				<timestamp>116.252695</timestamp>
			</report>
			<report>
				<misses>12000001</misses>
				<total>236</total>
				<timestamp>117.236748</timestamp>
			</report>
			<report>
				<misses>12100001</misses>
				<total>236</total>
				<timestamp>118.220922</timestamp>
			</report>
			<report>
				<misses>12200001</misses>
				<total>236</total>
				<timestamp>119.216215</timestamp>
			</report>
			<report>
				<misses>12300001</misses>
				<total>236</total>
				<timestamp>120.195097</timestamp>
			</report>
			<report>
				<misses>12400001</misses>
				<total>236</total>
				<timestamp>121.175596</timestamp>
			</report>
			<report>
				<misses>12500001</misses>
				<total>236</total>
				<timestamp>122.156269</timestamp>
			</report>
			<report>
				<misses>12600001</misses>
				<total>236</total>
				<timestamp>123.145833</timestamp>
			</report>
			<report>
				<misses>12700001</misses>
				<total>236</total>
				<timestamp>124.136516</timestamp>
			</report>
			<report>
				<misses>12800001</misses>
				<total>236</total>
				<timestamp>125.141390</timestamp>
			</report>
			<report>
				<misses>12900001</misses>
				<total>236</total>
				<timestamp>126.117813</timestamp>
			</report>
			<report>
				<misses>13000001</misses>
				<total>236</total>
				<timestamp>127.126145</timestamp>
			</report>
			<report>
				<misses>13100001</misses>
				<total>236</total>
				<timestamp>128.119429</timestamp>
			</report>
			<report>
				<misses>13200001</misses>
				<total>236</total>
				<timestamp>129.128309</timestamp>
			</report>
			<report>
				<misses>13300001</misses>
				<total>236</total>
				<timestamp>130.105915</timestamp>
			</report>
			<report>
				<misses>13400001</misses>
				<total>236</total>
				<timestamp>131.113865</timestamp>
			</report>
			<report>
				<misses>13500001</misses>
				<total>236</total>
				<timestamp>132.095356</timestamp>
			</report>
			<report>
				<misses>13600001</misses>
				<total>236</total>
				<timestamp>133.111792</timestamp>
			</report>
			<report>
				<misses>13700001</misses>
				<total>383</total>
				<timestamp>134.097003</timestamp>
			</report>
			<report>
				<misses>13800001</misses>
				<total>383</total>
				<timestamp>135.093402</timestamp>
			</report>
			<report>
				<misses>13900001</misses>
				<total>383</total>
				<timestamp>136.098981</timestamp>
			</report>
			<report>
				<misses>14000001</misses>
				<total>383</total>
				<timestamp>137.076013</timestamp>
			</report>
			<report>
				<misses>14100001</misses>
				<total>383</total>
				<timestamp>138.055631</timestamp>
			</report>
			<report>
				<misses>14200001</misses>
				<total>383</total>
				<timestamp>139.038501</timestamp>
			</report>
			<report>
				<misses>14300001</misses>
				<total>383</total>
				<timestamp>140.013393</timestamp>
			</report>
			<report>
				<misses>14400001</misses>
				<total>383</total>
				<timestamp>140.989011</timestamp>
			</report>
			<report>
				<misses>14500001</misses>
				<total>383</total>
				<timestamp>141.990317</timestamp>
			</report>
			<report>
				<misses>14600001</misses>
				<total>383</total>
				<timestamp>142.983316</timestamp>
			</report>
			<report>
				<misses>14700001</misses>
				<total>383</total>
				<timestamp>143.960891</timestamp>
			</report>
			<report>
				<misses>14800001</misses>
				<total>383</total>
				<timestamp>144.946525</timestamp>
			</report>
			<report>
				<misses>14900001</misses>
				<total>383</total>
				<timestamp>145.932942</timestamp>
			</report>
			<report>
				<misses>15000001</misses>
				<total>383</total>
				<timestamp>146.927380</timestamp>
			</report>
			<report>
				<misses>15100001</misses>
				<total>383</total>
				<timestamp>147.923317</timestamp>
			</report>
			<report>
				<misses>15200001</misses>
				<total>383</total>
				<timestamp>148.880762</timestamp>
			</report>
			<report>
				<misses>15300001</misses>
				<total>383</total>
				<timestamp>149.866026</timestamp>
			</report>
			<report>
				<misses>15400001</misses>
				<total>383</total>
				<timestamp>150.857849</timestamp>
			</report>
			<report>
				<misses>15500001</misses>
				<total>383</total>
				<timestamp>151.829091</timestamp>
			</report>
			<report>
				<misses>15600001</misses>
				<total>383</total>
				<timestamp>152.817173</timestamp>
			</report>
			<report>
				<misses>15700001</misses>
				<total>383</total>
				<timestamp>153.799916</timestamp>
			</report>
			<report>
				<misses>15800001</misses>
				<total>383</total>
				<timestamp>154.780362</timestamp>
			</report>
			<report>
				<misses>15900001</misses>
				<total>383</total>
				<timestamp>155.752497</timestamp>
			</report>
			<report>
				<misses>16000001</misses>
				<total>383</total>
				<timestamp>156.722190</timestamp>
			</report>
			<report>
				<misses>16100001</misses>
				<total>383</total>
				<timestamp>157.702613</timestamp>
			</report>
			<report>
				<misses>16200001</misses>
				<total>383</total>
				<timestamp>158.697925</timestamp>
			</report>
			<report>
				<misses>16300001</misses>
				<total>383</total>
				<timestamp>159.693218</timestamp>
			</report>
			<report>
				<misses>16400001</misses>
				<total>383</total>
				<timestamp>160.686088</timestamp>
			</report>
			<report>
				<misses>16500001</misses>
				<total>383</total>
				<timestamp>161.672151</timestamp>
			</report>
			<report>
				<misses>16600001</misses>
				<total>383</total>
				<timestamp>162.641306</timestamp>
			</report>
			<report>
				<misses>16700001</misses>
				<total>383</total>
				<timestamp>163.623388</timestamp>
			</report>
			<report>
				<misses>16800001</misses>
				<total>383</total>
				<timestamp>164.625269</timestamp>
			</report>
			<report>
				<misses>16900001</misses>
				<total>383</total>
				<timestamp>165.605575</timestamp>
			</report>
			<report>
				<misses>17000001</misses>
				<total>383</total>
				<timestamp>166.596451</timestamp>
			</report>
			<report>
				<misses>17100001</misses>
				<total>383</total>
				<timestamp>167.589805</timestamp>
			</report>
			<report>
				<misses>17200001</misses>
				<total>383</total>
				<timestamp>168.583696</timestamp>
			</report>
			<report>
				<misses>17300001</misses>
				<total>383</total>
				<timestamp>169.578480</timestamp>
			</report>
			<report>
				<misses>17400001</misses>
				<total>383</total>
				<timestamp>170.564405</timestamp>
			</report>
			<report>
				<misses>17500001</misses>
				<total>383</total>
				<timestamp>171.541792</timestamp>
			</report>
			<report>
				<misses>17600001</misses>
				<total>383</total>
				<timestamp>172.530195</timestamp>
			</report>
			<report>
				<misses>17700001</misses>
				<total>383</total>
				<timestamp>173.511705</timestamp>
			</report>
			<report>
				<misses>17800001</misses>
				<total>383</total>
				<timestamp>174.503306</timestamp>
			</report>
			<report>
				<misses>17900001</misses>
				<total>383</total>
				<timestamp>175.486425</timestamp>
			</report>
			<report>
				<misses>18000001</misses>
				<total>383</total>
				<timestamp>176.465827</timestamp>
			</report>
			<report>
				<misses>18100001</misses>
				<total>383</total>
				<timestamp>177.444396</timestamp>
			</report>
			<report>
				<misses>18200001</misses>
				<total>383</total>
				<timestamp>178.427982</timestamp>
			</report>
			<report>
				<misses>18300001</misses>
				<total>383</total>
				<timestamp>179.405503</timestamp>
			</report>
			<report>
				<misses>18400001</misses>
				<total>383</total>
				<timestamp>180.385929</timestamp>
			</report>
			<report>
				<misses>18500001</misses>
				<total>383</total>
				<timestamp>181.381116</timestamp>
			</report>
			<report>
				<misses>18600001</misses>
				<total>383</total>
				<timestamp>182.373675</timestamp>
			</report>
			<report>
				<misses>18700001</misses>
				<total>383</total>
				<timestamp>183.367463</timestamp>
			</report>
			<report>
				<misses>18800001</misses>
				<total>383</total>
				<timestamp>184.340622</timestamp>
			</report>
			<report>
				<misses>18900001</misses>
				<total>383</total>
				<timestamp>185.320005</timestamp>
			</report>
			<report>
				<misses>19000001</misses>
				<total>383</total>
				<timestamp>186.315756</timestamp>
			</report>
			<report>
				<misses>19100001</misses>
				<total>383</total>
				<timestamp>187.286685</timestamp>
			</report>
			<report>
				<misses>19200001</misses>
				<total>383</total>
				<timestamp>188.251511</timestamp>
			</report>
			<report>
				<misses>19300001</misses>
				<total>383</total>
				<timestamp>189.249955</timestamp>
			</report>
			<report>
				<misses>19400001</misses>
				<total>383</total>
				<timestamp>190.242021</timestamp>
			</report>
			<report>
				<misses>19500001</misses>
				<total>383</total>
				<timestamp>191.239593</timestamp>
			</report>
			<report>
				<misses>19600001</misses>
				<total>383</total>
				<timestamp>192.219340</timestamp>
			</report>
			<report>
				<misses>19700001</misses>
				<total>473</total>
				<timestamp>193.195757</timestamp>
			</report>
			<report>
				<misses>19800001</misses>
				<total>473</total>
				<timestamp>194.196091</timestamp>
			</report>
			<report>
				<misses>19900001</misses>
				<total>473</total>
				<timestamp>195.205102</timestamp>
			</report>
			<report>
				<misses>20000001</misses>
				<total>473</total>
				<timestamp>196.193990</timestamp>
			</report>
			<report>
				<misses>20100001</misses>
				<total>473</total>
				<timestamp>197.168307</timestamp>
			</report>
			<report>
				<misses>20200001</misses>
				<total>473</total>
				<timestamp>198.154532</timestamp>
			</report>
			<report>
				<misses>20300001</misses>
				<total>473</total>
				<timestamp>199.151549</timestamp>
			</report>
			<report>
				<misses>20400001</misses>
				<total>473</total>
				<timestamp>200.147007</timestamp>
			</report>
			<report>
				<misses>20500001</misses>
				<total>473</total>
				<timestamp>201.145044</timestamp>
			</report>
			<report>
				<misses>20600001</misses>
				<total>473</total>
				<timestamp>202.127301</timestamp>
			</report>
			<report>
				<misses>20700001</misses>
				<total>473</total>
				<timestamp>203.117162</timestamp>
			</report>
			<report>
				<misses>20800001</misses>
				<total>473</total>
				<timestamp>204.087141</timestamp>
			</report>
			<report>
				<misses>20900001</misses>
				<total>473</total>
				<timestamp>205.068749</timestamp>
			</report>
			<report>
				<misses>21000001</misses>
				<total>473</total>
				<timestamp>206.064391</timestamp>
			</report>
			<report>
				<misses>21100001</misses>
				<total>473</total>
				<timestamp>207.058078</timestamp>
			</report>
			<report>
				<misses>21200001</misses>
				<total>473</total>
				<timestamp>208.061064</timestamp>
			</report>
			<report>
				<misses>21300001</misses>
				<total>473</total>
				<timestamp>209.064221</timestamp>
			</report>
			<report>
				<misses>21400001</misses>
				<total>473</total>
				<timestamp>210.067045</timestamp>
			</report>
			<report>
				<misses>21500001</misses>
				<total>473</total>
				<timestamp>211.053662</timestamp>
			</report>
			<report>
				<misses>21600001</misses>
				<total>473</total>
				<timestamp>212.044438</timestamp>
			</report>
			<report>
				<misses>21700001</misses>
				<total>473</total>
				<timestamp>213.032297</timestamp>
			</report>
			<report>
				<misses>21800001</misses>
				<total>473</total>
				<timestamp>214.001304</timestamp>
			</report>
			<report>
				<misses>21900001</misses>
				<total>473</total>
				<timestamp>214.994120</timestamp>
			</report>
			<report>
				<misses>22000001</misses>
				<total>473</total>
				<timestamp>215.998040</timestamp>
			</report>
			<report>
				<misses>22100001</misses>
				<total>473</total>
				<timestamp>216.995969</timestamp>
			</report>
			<report>
				<misses>22200001</misses>
				<total>473</total>
				<timestamp>218.017385</timestamp>
			</report>
			<report>
				<misses>22300001</misses>
				<total>473</total>
				<timestamp>219.035055</timestamp>
			</report>
			<report>
				<misses>22400001</misses>
				<total>473</total>
				<timestamp>220.052870</timestamp>
			</report>
			<report>
				<misses>22500001</misses>
				<total>473</total>
				<timestamp>221.034666</timestamp>
			</report>
			<report>
				<misses>22600001</misses>
				<total>473</total>
				<timestamp>222.061106</timestamp>
			</report>
			<report>
				<misses>22700001</misses>
				<total>473</total>
				<timestamp>223.059978</timestamp>
			</report>
			<report>
				<misses>22800001</misses>
				<total>473</total>
				<timestamp>224.062454</timestamp>
			</report>
			<report>
				<misses>22900001</misses>
				<total>473</total>
				<timestamp>225.045484</timestamp>
			</report>
			<report>
				<misses>23000001</misses>
				<total>473</total>
				<timestamp>226.023601</timestamp>
			</report>
			<report>
				<misses>23100001</misses>
				<total>473</total>
				<timestamp>226.985823</timestamp>
			</report>
			<report>
				<misses>23200001</misses>
				<total>473</total>
				<timestamp>227.969131</timestamp>
			</report>
			<report>
				<misses>23300001</misses>
				<total>473</total>
				<timestamp>228.937724</timestamp>
			</report>
			<report>
				<misses>23400001</misses>
				<total>473</total>
				<timestamp>229.920871</timestamp>
			</report>
			<report>
				<misses>23500001</misses>
				<total>473</total>
				<timestamp>230.886655</timestamp>
			</report>
			<report>
				<misses>23600001</misses>
				<total>473</total>
				<timestamp>231.866177</timestamp>
			</report>
			<report>
				<misses>23700001</misses>
				<total>473</total>
				<timestamp>232.863805</timestamp>
			</report>
			<report>
				<misses>23800001</misses>
				<total>473</total>
				<timestamp>233.834287</timestamp>
			</report>
			<report>
				<misses>23900001</misses>
				<total>473</total>
				<timestamp>234.810240</timestamp>
			</report>
			<report>
				<misses>24000001</misses>
				<total>473</total>
				<timestamp>235.786235</timestamp>
			</report>
			<report>
				<misses>24100001</misses>
				<total>473</total>
				<timestamp>236.760386</timestamp>
			</report>
			<report>
				<misses>24200001</misses>
				<total>473</total>
				<timestamp>237.744900</timestamp>
			</report>
			<report>
				<misses>24300001</misses>
				<total>473</total>
				<timestamp>238.748474</timestamp>
			</report>
			<report>
				<misses>24400001</misses>
				<total>473</total>
				<timestamp>239.732466</timestamp>
			</report>
			<report>
				<misses>24500001</misses>
				<total>473</total>
				<timestamp>240.711313</timestamp>
			</report>
			<report>
				<misses>24600001</misses>
				<total>473</total>
				<timestamp>241.699029</timestamp>
			</report>
			<report>
				<misses>24700001</misses>
				<total>473</total>
				<timestamp>242.675420</timestamp>
			</report>
			<report>
				<misses>24800001</misses>
				<total>473</total>
				<timestamp>243.655679</timestamp>
			</report>
			<report>
				<misses>24900001</misses>
				<total>473</total>
				<timestamp>244.652825</timestamp>
			</report>
			<report>
				<misses>25000001</misses>
				<total>473</total>
				<timestamp>245.623713</timestamp>
			</report>
			<report>
				<misses>25100001</misses>
				<total>473</total>
				<timestamp>246.618181</timestamp>
			</report>
			<report>
				<misses>25200001</misses>
				<total>473</total>
				<timestamp>247.606532</timestamp>
			</report>
			<report>
				<misses>25300001</misses>
				<total>473</total>
				<timestamp>248.603704</timestamp>
			</report>
			<report>
				<misses>25400001</misses>
				<total>473</total>
				<timestamp>249.595428</timestamp>
			</report>
			<report>
				<misses>25500001</misses>
				<total>473</total>
				<timestamp>250.601533</timestamp>
			</report>
			<report>
				<misses>25600001</misses>
				<total>473</total>
				<timestamp>251.595255</timestamp>
			</report>
			<report>
				<misses>25700001</misses>
				<total>473</total>
				<timestamp>252.595038</timestamp>
			</report>
			<report>
				<misses>25800001</misses>
				<total>578</total>
				<timestamp>253.586998</timestamp>
			</report>
			<report>
				<misses>25900001</misses>
				<total>578</total>
				<timestamp>254.566674</timestamp>
			</report>
			<report>
				<misses>26000001</misses>
				<total>578</total>
				<timestamp>255.540899</timestamp>
			</report>
			<report>
				<misses>26100001</misses>
				<total>578</total>
				<timestamp>256.537828</timestamp>
			</report>
			<report>
				<misses>26200001</misses>
				<total>578</total>
				<timestamp>257.540121</timestamp>
			</report>
			<report>
				<misses>26300001</misses>
				<total>578</total>
				<timestamp>258.527891</timestamp>
			</report>
			<report>
				<misses>26400001</misses>
				<total>578</total>
				<timestamp>259.527587</timestamp>
			</report>
			<report>
				<misses>26500001</misses>
				<total>578</total>
				<timestamp>260.515452</timestamp>
			</report>
			<report>
				<misses>26600001</misses>
				<total>578</total>
				<timestamp>261.489955</timestamp>
			</report>
			<report>
				<misses>26700001</misses>
				<total>578</total>
				<timestamp>262.472399</timestamp>
			</report>
			<report>
				<misses>26800001</misses>
				<total>578</total>
				<timestamp>263.481276</timestamp>
			</report>
			<report>
				<misses>26900001</misses>
				<total>578</total>
				<timestamp>264.473175</timestamp>
			</report>
			<report>
				<misses>27000001</misses>
				<total>578</total>
				<timestamp>265.451834</timestamp>
			</report>
			<report>
				<misses>27100001</misses>
				<total>578</total>
				<timestamp>266.435576</timestamp>
			</report>
			<report>
				<misses>27200001</misses>
				<total>578</total>
				<timestamp>267.408482</timestamp>
			</report>
			<report>
				<misses>27300001</misses>
				<total>578</total>
				<timestamp>268.384345</timestamp>
			</report>
			<report>
				<misses>27400001</misses>
				<total>578</total>
				<timestamp>269.368575</timestamp>
			</report>
			<report>
				<misses>27500001</misses>
				<total>578</total>
				<timestamp>270.363440</timestamp>
			</report>
			<report>
				<misses>27600001</misses>
				<total>578</total>
				<timestamp>271.368537</timestamp>
			</report>
			<report>
				<misses>27700001</misses>
				<total>578</total>
				<timestamp>272.344172</timestamp>
			</report>
			<report>
				<misses>27800001</misses>
				<total>578</total>
				<timestamp>273.341343</timestamp>
			</report>
			<report>
				<misses>27900001</misses>
				<total>578</total>
				<timestamp>274.328386</timestamp>
			</report>
			<report>
				<misses>28000001</misses>
				<total>578</total>
				<timestamp>275.329623</timestamp>
			</report>
			<report>
				<misses>28100001</misses>
				<total>578</total>
				<timestamp>276.327843</timestamp>
			</report>
			<report>
				<misses>28200001</misses>
				<total>578</total>
				<timestamp>277.306919</timestamp>
			</report>
			<report>
				<misses>28300001</misses>
				<total>578</total>
				<timestamp>278.305326</timestamp>
			</report>
			<report>
				<misses>28400001</misses>
				<total>578</total>
				<timestamp>279.277421</timestamp>
			</report>
			<report>
				<misses>28500001</misses>
				<total>578</total>
				<timestamp>280.261534</timestamp>
			</report>
			<report>
				<misses>28600001</misses>
				<total>578</total>
				<timestamp>281.261461</timestamp>
			</report>
			<report>
				<misses>28700001</misses>
				<total>578</total>
				<timestamp>282.244881</timestamp>
			</report>
			<report>
				<misses>28800001</misses>
				<total>578</total>
				<timestamp>283.236424</timestamp>
			</report>
			<report>
				<misses>28900001</misses>
				<total>578</total>
				<timestamp>284.226833</timestamp>
			</report>
			<report>
				<misses>29000001</misses>
				<total>578</total>
				<timestamp>285.233182</timestamp>
			</report>
			<report>
				<misses>29100001</misses>
				<total>578</total>
				<timestamp>286.214384</timestamp>
			</report>
			<report>
				<misses>29200001</misses>
				<total>578</total>
				<timestamp>287.222595</timestamp>
			</report>
			<report>
				<misses>29300001</misses>
				<total>578</total>
				<timestamp>288.219073</timestamp>
			</report>
			<report>
				<misses>29400001</misses>
				<total>578</total>
				<timestamp>289.214629</timestamp>
			</report>
			<report>
				<misses>29500001</misses>
				<total>578</total>
				<timestamp>290.196948</timestamp>
			</report>
			<report>
				<misses>29600001</misses>
				<total>578</total>
				<timestamp>291.189109</timestamp>
			</report>
			<report>
				<misses>29700001</misses>
				<total>578</total>
				<timestamp>292.168359</timestamp>
			</report>
			<report>
				<misses>29800001</misses>
				<total>578</total>
				<timestamp>293.163968</timestamp>
			</report>
			<report>
				<misses>29900001</misses>
				<total>578</total>
				<timestamp>294.146848</timestamp>
			</report>
			<report>
				<misses>30000001</misses>
				<total>578</total>
				<timestamp>295.134338</timestamp>
			</report>
			<report>
				<misses>30100001</misses>
				<total>578</total>
				<timestamp>296.117379</timestamp>
			</report>
			<report>
				<misses>30200001</misses>
				<total>578</total>
				<timestamp>297.110215</timestamp>
			</report>
			<report>
				<misses>30300001</misses>
				<total>578</total>
				<timestamp>298.092051</timestamp>
			</report>
			<report>
				<misses>30400001</misses>
				<total>578</total>
				<timestamp>299.054319</timestamp>
			</report>
		</query>
	</custom>
	<ethtool_statistic>
		<rx_packets>
			<start>125006138</start>
			<end>147858065</end>
		</rx_packets>
		<tx_packets>
			<start>146732170</start>
			<end>177226041</end>
		</tx_packets>
		<rx_dropped>
			<start>0</start>
			<end>0</end>
		</rx_dropped>
		<tx_dropped>
			<start>0</start>
			<end>0</end>
		</tx_dropped>
		<collisions>
			<start>0</start>
			<end>0</end>
		</collisions>
		<port_tx_errors>
			<start>0</start>
			<end>0</end>
		</port_tx_errors>
		<port_rx_dropped>
			<start>0</start>
			<end>0</end>
		</port_rx_dropped>
		<port_tx_dropped_link_down>
			<start>0</start>
			<end>0</end>
		</port_tx_dropped_link_down>
	</ethtool_statistic>
	<ip_statistic>
		<mtu>
			<start>9000</start>
			<end>9000</end>
		</mtu>
		<rx_bytes>
			<start>587038707162</start>
			<end>791375726828</end>
		</rx_bytes>
		<rx_packets>
			<start>125006138</start>
			<end>147858065</end>
		</rx_packets>
		<rx_errors>
			<start>0</start>
			<end>0</end>
		</rx_errors>
		<rx_dropped>
			<start>0</start>
			<end>0</end>
		</rx_dropped>
		<rx_missed>
			<start>0</start>
			<end>0</end>
		</rx_missed>
		<rx_mcast>
			<start>4</start>
			<end>4</end>
		</rx_mcast>
		<tx_bytes>
			<start>575939767037</start>
			<end>848611053587</end>
		</tx_bytes>
		<tx_packets>
			<start>146732170</start>
			<end>177226041</end>
		</tx_packets>
		<tx_errors>
			<start>0</start>
			<end>0</end>
		</tx_errors>
		<tx_dropped>
			<start>0</start>
			<end>0</end>
		</tx_dropped>
		<tx_carrier>
			<start>0</start>
			<end>0</end>
		</tx_carrier>
		<tx_collisions>
			<start>0</start>
			<end>0</end>
		</tx_collisions>
	</ip_statistic>
	<netstat_statistic>
		<udp_pkg_rec>
			<start>871953132</start>
			<end>1096410044</end>
		</udp_pkg_rec>
		<udp_pkg_snt>
			<start>911438984</start>
			<end>1157183575</end>
		</udp_pkg_snt>
		<udp_rec_err>
			<start>0</start>
			<end>0</end>
		</udp_rec_err>
		<udp_rec_buf_err>
			<start>0</start>
			<end>0</end>
		</udp_rec_buf_err>
		<udp_snt_buf_err>
			<start>0</start>
			<end>0</end>
		</udp_snt_buf_err>
	</netstat_statistic>
</test_results>
