<?xml version="1.0"?>
<test_results>
	<status>STATUS_SUCCESS</status>
	<custom>
		<num_loss>1448868</num_loss>
		<num_total>2000001</num_total>
		<num_misses>21</num_misses>
		<elapsed_time>259.976945</elapsed_time>
		<query>
			<report>
				<misses>10000</misses>
				<total>10000</total>
			</report>
			<report>
				<misses>20000</misses>
				<total>19999</total>
			</report>
			<report>
				<misses>30000</misses>
				<total>29998</total>
			</report>
			<report>
				<misses>40000</misses>
				<total>39997</total>
			</report>
			<report>
				<misses>50000</misses>
				<total>49996</total>
			</report>
			<report>
				<misses>60000</misses>
				<total>59995</total>
			</report>
			<report>
				<misses>70000</misses>
				<total>69994</total>
			</report>
			<report>
				<misses>80000</misses>
				<total>79993</total>
			</report>
			<report>
				<misses>90000</misses>
				<total>84034</total>
			</report>
			<report>
				<misses>100000</misses>
				<total>84287</total>
			</report>
			<report>
				<misses>110000</misses>
				<total>84288</total>
			</report>
			<report>
				<misses>120000</misses>
				<total>84304</total>
			</report>
			<report>
				<misses>130000</misses>
				<total>93801</total>
			</report>
			<report>
				<misses>140000</misses>
				<total>103800</total>
			</report>
			<report>
				<misses>150000</misses>
				<total>113799</total>
			</report>
			<report>
				<misses>160000</misses>
				<total>123798</total>
			</report>
			<report>
				<misses>170000</misses>
				<total>133797</total>
			</report>
			<report>
				<misses>180000</misses>
				<total>143796</total>
			</report>
			<report>
				<misses>190000</misses>
				<total>153795</total>
			</report>
			<report>
				<misses>200000</misses>
				<total>163794</total>
			</report>
			<report>
				<misses>210000</misses>
				<total>173793</total>
			</report>
			<report>
				<misses>220000</misses>
				<total>183792</total>
			</report>
			<report>
				<misses>230000</misses>
				<total>193791</total>
			</report>
			<report>
				<misses>240000</misses>
				<total>203790</total>
			</report>
			<report>
				<misses>250000</misses>
				<total>213789</total>
			</report>
			<report>
				<misses>260000</misses>
				<total>223788</total>
			</report>
			<report>
				<misses>270000</misses>
				<total>233787</total>
			</report>
			<report>
				<misses>280000</misses>
				<total>243786</total>
			</report>
			<report>
				<misses>290000</misses>
				<total>253785</total>
			</report>
			<report>
				<misses>300000</misses>
				<total>263784</total>
			</report>
			<report>
				<misses>310000</misses>
				<total>264073</total>
			</report>
			<report>
				<misses>320000</misses>
				<total>264078</total>
			</report>
			<report>
				<misses>330000</misses>
				<total>264108</total>
			</report>
			<report>
				<misses>340000</misses>
				<total>264115</total>
			</report>
			<report>
				<misses>350000</misses>
				<total>273103</total>
			</report>
			<report>
				<misses>360000</misses>
				<total>283102</total>
			</report>
			<report>
				<misses>370000</misses>
				<total>293101</total>
			</report>
			<report>
				<misses>380000</misses>
				<total>303100</total>
			</report>
			<report>
				<misses>390000</misses>
				<total>313099</total>
			</report>
			<report>
				<misses>400000</misses>
				<total>323098</total>
			</report>
			<report>
				<misses>410000</misses>
				<total>333097</total>
			</report>
			<report>
				<misses>420000</misses>
				<total>343096</total>
			</report>
			<report>
				<misses>430000</misses>
				<total>353095</total>
			</report>
			<report>
				<misses>440000</misses>
				<total>363094</total>
			</report>
			<report>
				<misses>450000</misses>
				<total>373093</total>
			</report>
			<report>
				<misses>460000</misses>
				<total>383092</total>
			</report>
			<report>
				<misses>470000</misses>
				<total>393091</total>
			</report>
			<report>
				<misses>480000</misses>
				<total>403090</total>
			</report>
			<report>
				<misses>490000</misses>
				<total>413089</total>
			</report>
			<report>
				<misses>500000</misses>
				<total>423088</total>
			</report>
			<report>
				<misses>510000</misses>
				<total>433087</total>
			</report>
			<report>
				<misses>520000</misses>
				<total>442100</total>
			</report>
			<report>
				<misses>530000</misses>
				<total>442176</total>
			</report>
			<report>
				<misses>540000</misses>
				<total>442188</total>
			</report>
			<report>
				<misses>550000</misses>
				<total>442647</total>
			</report>
			<report>
				<misses>560000</misses>
				<total>452646</total>
			</report>
			<report>
				<misses>570000</misses>
				<total>462645</total>
			</report>
			<report>
				<misses>580000</misses>
				<total>472644</total>
			</report>
			<report>
				<misses>590000</misses>
				<total>482643</total>
			</report>
			<report>
				<misses>600000</misses>
				<total>492642</total>
			</report>
			<report>
				<misses>610000</misses>
				<total>502641</total>
			</report>
			<report>
				<misses>620000</misses>
				<total>512640</total>
			</report>
			<report>
				<misses>630000</misses>
				<total>522639</total>
			</report>
			<report>
				<misses>640000</misses>
				<total>532638</total>
			</report>
			<report>
				<misses>650000</misses>
				<total>542637</total>
			</report>
			<report>
				<misses>660000</misses>
				<total>552636</total>
			</report>
			<report>
				<misses>670000</misses>
				<total>562635</total>
			</report>
			<report>
				<misses>680000</misses>
				<total>572634</total>
			</report>
			<report>
				<misses>690000</misses>
				<total>582633</total>
			</report>
			<report>
				<misses>700000</misses>
				<total>592632</total>
			</report>
			<report>
				<misses>710000</misses>
				<total>602631</total>
			</report>
			<report>
				<misses>720000</misses>
				<total>612630</total>
			</report>
			<report>
				<misses>730000</misses>
				<total>619744</total>
			</report>
			<report>
				<misses>740000</misses>
				<total>622507</total>
			</report>
			<report>
				<misses>750000</misses>
				<total>622507</total>
			</report>
			<report>
				<misses>760000</misses>
				<total>622512</total>
			</report>
			<report>
				<misses>770000</misses>
				<total>622531</total>
			</report>
			<report>
				<misses>780000</misses>
				<total>622541</total>
			</report>
			<report>
				<misses>790000</misses>
				<total>622548</total>
			</report>
			<report>
				<misses>800000</misses>
				<total>622549</total>
			</report>
			<report>
				<misses>810000</misses>
				<total>625818</total>
			</report>
			<report>
				<misses>820000</misses>
				<total>635817</total>
			</report>
			<report>
				<misses>830000</misses>
				<total>645816</total>
			</report>
			<report>
				<misses>840000</misses>
				<total>655815</total>
			</report>
			<report>
				<misses>850000</misses>
				<total>665814</total>
			</report>
			<report>
				<misses>860000</misses>
				<total>675813</total>
			</report>
			<report>
				<misses>870000</misses>
				<total>685812</total>
			</report>
			<report>
				<misses>880000</misses>
				<total>695811</total>
			</report>
			<report>
				<misses>890000</misses>
				<total>705810</total>
			</report>
			<report>
				<misses>900000</misses>
				<total>715809</total>
			</report>
			<report>
				<misses>910000</misses>
				<total>725808</total>
			</report>
			<report>
				<misses>920000</misses>
				<total>735807</total>
			</report>
			<report>
				<misses>930000</misses>
				<total>745806</total>
			</report>
			<report>
				<misses>940000</misses>
				<total>755805</total>
			</report>
			<report>
				<misses>950000</misses>
				<total>765804</total>
			</report>
			<report>
				<misses>960000</misses>
				<total>775803</total>
			</report>
			<report>
				<misses>970000</misses>
				<total>785802</total>
			</report>
			<report>
				<misses>980000</misses>
				<total>786090</total>
			</report>
			<report>
				<misses>990000</misses>
				<total>786091</total>
			</report>
			<report>
				<misses>1000000</misses>
				<total>786094</total>
			</report>
			<report>
				<misses>1010000</misses>
				<total>786099</total>
			</report>
			<report>
				<misses>1020000</misses>
				<total>786110</total>
			</report>
			<report>
				<misses>1030000</misses>
				<total>786120</total>
			</report>
			<report>
				<misses>1040000</misses>
				<total>786121</total>
			</report>
			<report>
				<misses>1050000</misses>
				<total>786123</total>
			</report>
			<report>
				<misses>1060000</misses>
				<total>786127</total>
			</report>
			<report>
				<misses>1070000</misses>
				<total>786129</total>
			</report>
			<report>
				<misses>1080000</misses>
				<total>786152</total>
			</report>
			<report>
				<misses>1090000</misses>
				<total>795514</total>
			</report>
			<report>
				<misses>1100000</misses>
				<total>805513</total>
			</report>
			<report>
				<misses>1110000</misses>
				<total>815512</total>
			</report>
			<report>
				<misses>1120000</misses>
				<total>825511</total>
			</report>
			<report>
				<misses>1130000</misses>
				<total>835510</total>
			</report>
			<report>
				<misses>1140000</misses>
				<total>845509</total>
			</report>
			<report>
				<misses>1150000</misses>
				<total>855508</total>
			</report>
			<report>
				<misses>1160000</misses>
				<total>865507</total>
			</report>
			<report>
				<misses>1170000</misses>
				<total>875506</total>
			</report>
			<report>
				<misses>1180000</misses>
				<total>885505</total>
			</report>
			<report>
				<misses>1190000</misses>
				<total>895504</total>
			</report>
			<report>
				<misses>1200000</misses>
				<total>905503</total>
			</report>
			<report>
				<misses>1210000</misses>
				<total>915502</total>
			</report>
			<report>
				<misses>1220000</misses>
				<total>925501</total>
			</report>
			<report>
				<misses>1230000</misses>
				<total>931004</total>
			</report>
			<report>
				<misses>1240000</misses>
				<total>931005</total>
			</report>
			<report>
				<misses>1250000</misses>
				<total>931016</total>
			</report>
			<report>
				<misses>1260000</misses>
				<total>931017</total>
			</report>
			<report>
				<misses>1270000</misses>
				<total>931018</total>
			</report>
			<report>
				<misses>1280000</misses>
				<total>931028</total>
			</report>
			<report>
				<misses>1290000</misses>
				<total>931033</total>
			</report>
			<report>
				<misses>1300000</misses>
				<total>931034</total>
			</report>
			<report>
				<misses>1310000</misses>
				<total>931048</total>
			</report>
			<report>
				<misses>1320000</misses>
				<total>931058</total>
			</report>
			<report>
				<misses>1330000</misses>
				<total>931058</total>
			</report>
			<report>
				<misses>1340000</misses>
				<total>931061</total>
			</report>
			<report>
				<misses>1350000</misses>
				<total>937341</total>
			</report>
			<report>
				<misses>1360000</misses>
				<total>947340</total>
			</report>
			<report>
				<misses>1370000</misses>
				<total>957339</total>
			</report>
			<report>
				<misses>1380000</misses>
				<total>967338</total>
			</report>
			<report>
				<misses>1390000</misses>
				<total>977337</total>
			</report>
			<report>
				<misses>1400000</misses>
				<total>987336</total>
			</report>
			<report>
				<misses>1410000</misses>
				<total>997335</total>
			</report>
			<report>
				<misses>1420000</misses>
				<total>1007334</total>
			</report>
			<report>
				<misses>1430000</misses>
				<total>1017333</total>
			</report>
			<report>
				<misses>1440000</misses>
				<total>1027332</total>
			</report>
			<report>
				<misses>1450000</misses>
				<total>1037331</total>
			</report>
			<report>
				<misses>1460000</misses>
				<total>1047330</total>
			</report>
			<report>
				<misses>1470000</misses>
				<total>1057329</total>
			</report>
			<report>
				<misses>1480000</misses>
				<total>1067328</total>
			</report>
			<report>
				<misses>1490000</misses>
				<total>1075150</total>
			</report>
			<report>
				<misses>1500000</misses>
				<total>1075152</total>
			</report>
			<report>
				<misses>1510000</misses>
				<total>1083920</total>
			</report>
			<report>
				<misses>1520000</misses>
				<total>1090108</total>
			</report>
			<report>
				<misses>1530000</misses>
				<total>1090119</total>
			</report>
			<report>
				<misses>1540000</misses>
				<total>1090125</total>
			</report>
			<report>
				<misses>1550000</misses>
				<total>1090126</total>
			</report>
			<report>
				<misses>1560000</misses>
				<total>1090141</total>
			</report>
			<report>
				<misses>1570000</misses>
				<total>1096759</total>
			</report>
			<report>
				<misses>1580000</misses>
				<total>1106758</total>
			</report>
			<report>
				<misses>1590000</misses>
				<total>1116757</total>
			</report>
			<report>
				<misses>1600000</misses>
				<total>1126756</total>
			</report>
			<report>
				<misses>1610000</misses>
				<total>1136755</total>
			</report>
			<report>
				<misses>1620000</misses>
				<total>1146754</total>
			</report>
			<report>
				<misses>1630000</misses>
				<total>1156753</total>
			</report>
			<report>
				<misses>1640000</misses>
				<total>1166752</total>
			</report>
			<report>
				<misses>1650000</misses>
				<total>1176751</total>
			</report>
			<report>
				<misses>1660000</misses>
				<total>1186750</total>
			</report>
			<report>
				<misses>1670000</misses>
				<total>1196749</total>
			</report>
			<report>
				<misses>1680000</misses>
				<total>1206748</total>
			</report>
			<report>
				<misses>1690000</misses>
				<total>1216747</total>
			</report>
			<report>
				<misses>1700000</misses>
				<total>1226746</total>
			</report>
			<report>
				<misses>1710000</misses>
				<total>1236745</total>
			</report>
			<report>
				<misses>1720000</misses>
				<total>1244896</total>
			</report>
			<report>
				<misses>1730000</misses>
				<total>1254895</total>
			</report>
			<report>
				<misses>1740000</misses>
				<total>1264410</total>
			</report>
			<report>
				<misses>1750000</misses>
				<total>1266979</total>
			</report>
			<report>
				<misses>1760000</misses>
				<total>1266989</total>
			</report>
			<report>
				<misses>1770000</misses>
				<total>1266990</total>
			</report>
			<report>
				<misses>1780000</misses>
				<total>1266996</total>
			</report>
			<report>
				<misses>1790000</misses>
				<total>1266997</total>
			</report>
			<report>
				<misses>1800000</misses>
				<total>1267002</total>
			</report>
			<report>
				<misses>1810000</misses>
				<total>1271886</total>
			</report>
			<report>
				<misses>1820000</misses>
				<total>1281885</total>
			</report>
			<report>
				<misses>1830000</misses>
				<total>1291884</total>
			</report>
			<report>
				<misses>1840000</misses>
				<total>1301883</total>
			</report>
			<report>
				<misses>1850000</misses>
				<total>1311882</total>
			</report>
			<report>
				<misses>1860000</misses>
				<total>1321881</total>
			</report>
			<report>
				<misses>1870000</misses>
				<total>1331880</total>
			</report>
			<report>
				<misses>1880000</misses>
				<total>1341879</total>
			</report>
			<report>
				<misses>1890000</misses>
				<total>1351878</total>
			</report>
			<report>
				<misses>1900000</misses>
				<total>1361877</total>
			</report>
			<report>
				<misses>1910000</misses>
				<total>1371876</total>
			</report>
			<report>
				<misses>1920000</misses>
				<total>1381875</total>
			</report>
			<report>
				<misses>1930000</misses>
				<total>1391874</total>
			</report>
			<report>
				<misses>1940000</misses>
				<total>1401873</total>
			</report>
			<report>
				<misses>1950000</misses>
				<total>1410535</total>
			</report>
			<report>
				<misses>1960000</misses>
				<total>1412828</total>
			</report>
			<report>
				<misses>1970000</misses>
				<total>1422827</total>
			</report>
			<report>
				<misses>1980000</misses>
				<total>1432826</total>
			</report>
			<report>
				<misses>1990000</misses>
				<total>1438869</total>
			</report>
			<report>
				<misses>2000000</misses>
				<total>1448868</total>
			</report>
		</query>
	</custom>
	<ethtool_statistic>
		<rx_packets>
			<start>17213993863</start>
			<end>17226328169</end>
		</rx_packets>
		<tx_packets>
			<start>20247721347</start>
			<end>20271120702</end>
		</tx_packets>
		<rx_dropped>
			<start>267</start>
			<end>267</end>
		</rx_dropped>
		<tx_dropped>
			<start>0</start>
			<end>0</end>
		</tx_dropped>
		<collisions>
			<start>0</start>
			<end>0</end>
		</collisions>
		<port_tx_errors>
			<start>0</start>
			<end>0</end>
		</port_tx_errors>
		<port_rx_dropped>
			<start>0</start>
			<end>0</end>
		</port_rx_dropped>
		<port_tx_dropped_link_down>
			<start>0</start>
			<end>0</end>
		</port_tx_dropped_link_down>
	</ethtool_statistic>
	<ip_statistic>
		<mtu>
			<start>9000</start>
			<end>9000</end>
		</mtu>
		<rx_bytes>
			<start>154740649618529</start>
			<end>154851531314124</end>
		</rx_bytes>
		<rx_packets>
			<start>17213993915</start>
			<end>17226328237</end>
		</rx_packets>
		<rx_errors>
			<start>0</start>
			<end>0</end>
		</rx_errors>
		<rx_dropped>
			<start>273</start>
			<end>273</end>
		</rx_dropped>
		<rx_missed>
			<start>0</start>
			<end>0</end>
		</rx_missed>
		<rx_mcast>
			<start>12408</start>
			<end>12412</end>
		</rx_mcast>
		<tx_bytes>
			<start>138090090219709</start>
			<end>138287169060951</end>
		</tx_bytes>
		<tx_packets>
			<start>20247721389</start>
			<end>20271120758</end>
		</tx_packets>
		<tx_errors>
			<start>0</start>
			<end>0</end>
		</tx_errors>
		<tx_dropped>
			<start>0</start>
			<end>0</end>
		</tx_dropped>
		<tx_carrier>
			<start>0</start>
			<end>0</end>
		</tx_carrier>
		<tx_collisions>
			<start>0</start>
			<end>0</end>
		</tx_collisions>
	</ip_statistic>
	<netstat_statistic>
		<udp_pkg_rec>
			<start>16930561525</start>
			<end>16942223473</end>
		</udp_pkg_rec>
		<udp_pkg_snt>
			<start>16875955247</start>
			<end>16885356684</end>
		</udp_pkg_snt>
		<udp_rec_err>
			<start>285427774</start>
			<end>286100069</end>
		</udp_rec_err>
		<udp_rec_buf_err>
			<start>285427774</start>
			<end>286100069</end>
		</udp_rec_buf_err>
		<udp_snt_buf_err>
			<start>28</start>
			<end>28</end>
		</udp_snt_buf_err>
	</netstat_statistic>
</test_results>
