<?xml version="1.0"?>
<test_results>
	<status>STATUS_SUCCESS</status>
	<custom>
		<num_loss>85</num_loss>
		<num_total>2229759</num_total>
		<num_misses>45758647</num_misses>
		<elapsed_time>119.970961</elapsed_time>
		<query>
			<report>
				<misses>100001</misses>
				<total>0</total>
				<timestamp>5.244521</timestamp>
			</report>
			<report>
				<misses>200001</misses>
				<total>0</total>
				<timestamp>10.499921</timestamp>
			</report>
			<report>
				<misses>300001</misses>
				<total>0</total>
				<timestamp>15.759123</timestamp>
			</report>
			<report>
				<misses>400001</misses>
				<total>0</total>
				<timestamp>21.008562</timestamp>
			</report>
			<report>
				<misses>500001</misses>
				<total>0</total>
				<timestamp>26.259445</timestamp>
			</report>
			<report>
				<misses>600001</misses>
				<total>0</total>
				<timestamp>31.509429</timestamp>
			</report>
			<report>
				<misses>700001</misses>
				<total>0</total>
				<timestamp>36.763657</timestamp>
			</report>
			<report>
				<misses>800001</misses>
				<total>0</total>
				<timestamp>42.011506</timestamp>
			</report>
			<report>
				<misses>900001</misses>
				<total>0</total>
				<timestamp>47.262127</timestamp>
			</report>
			<report>
				<misses>1000001</misses>
				<total>0</total>
				<timestamp>52.592060</timestamp>
			</report>
			<report>
				<misses>1100001</misses>
				<total>0</total>
				<timestamp>58.031002</timestamp>
			</report>
			<report>
				<misses>1200001</misses>
				<total>42</total>
				<timestamp>63.514268</timestamp>
			</report>
			<report>
				<misses>1300001</misses>
				<total>42</total>
				<timestamp>68.999068</timestamp>
			</report>
			<report>
				<misses>1400001</misses>
				<total>42</total>
				<timestamp>74.492856</timestamp>
			</report>
			<report>
				<misses>1500001</misses>
				<total>42</total>
				<timestamp>79.983131</timestamp>
			</report>
			<report>
				<misses>1600001</misses>
				<total>42</total>
				<timestamp>85.399883</timestamp>
			</report>
			<report>
				<misses>1700001</misses>
				<total>42</total>
				<timestamp>90.823509</timestamp>
			</report>
			<report>
				<misses>1800001</misses>
				<total>42</total>
				<timestamp>96.284974</timestamp>
			</report>
			<report>
				<misses>1900001</misses>
				<total>42</total>
				<timestamp>101.744044</timestamp>
			</report>
			<report>
				<misses>2000001</misses>
				<total>42</total>
				<timestamp>107.190397</timestamp>
			</report>
			<report>
				<misses>2100001</misses>
				<total>42</total>
				<timestamp>112.686087</timestamp>
			</report>
			<report>
				<misses>2200001</misses>
				<total>42</total>
				<timestamp>118.293571</timestamp>
			</report>
		</query>
	</custom>
	<ethtool_statistic>
		<rx_packets>
			<start>409509803</start>
			<end>427832565</end>
		</rx_packets>
		<tx_packets>
			<start>459672314</start>
			<end>477510265</end>
		</tx_packets>
		<rx_dropped>
			<start>0</start>
			<end>0</end>
		</rx_dropped>
		<tx_dropped>
			<start>0</start>
			<end>0</end>
		</tx_dropped>
		<collisions>
			<start>0</start>
			<end>0</end>
		</collisions>
		<port_tx_errors>
			<start>0</start>
			<end>0</end>
		</port_tx_errors>
		<port_rx_dropped>
			<start>0</start>
			<end>0</end>
		</port_rx_dropped>
		<port_tx_dropped_link_down>
			<start>0</start>
			<end>0</end>
		</port_tx_dropped_link_down>
	</ethtool_statistic>
	<ip_statistic>
		<mtu>
			<start>9000</start>
			<end>9000</end>
		</mtu>
		<rx_bytes>
			<start>2419413124762</start>
			<end>2568926393326</end>
		</rx_bytes>
		<rx_packets>
			<start>409509803</start>
			<end>427832565</end>
		</rx_packets>
		<rx_errors>
			<start>0</start>
			<end>0</end>
		</rx_errors>
		<rx_dropped>
			<start>0</start>
			<end>0</end>
		</rx_dropped>
		<rx_missed>
			<start>0</start>
			<end>0</end>
		</rx_missed>
		<rx_mcast>
			<start>6</start>
			<end>8</end>
		</rx_mcast>
		<tx_bytes>
			<start>2523289057529</start>
			<end>2668846291643</end>
		</tx_bytes>
		<tx_packets>
			<start>459672314</start>
			<end>477510265</end>
		</tx_packets>
		<tx_errors>
			<start>0</start>
			<end>0</end>
		</tx_errors>
		<tx_dropped>
			<start>0</start>
			<end>0</end>
		</tx_dropped>
		<tx_carrier>
			<start>0</start>
			<end>0</end>
		</tx_carrier>
		<tx_collisions>
			<start>0</start>
			<end>0</end>
		</tx_collisions>
	</ip_statistic>
	<netstat_statistic>
		<udp_pkg_rec>
			<start>2486400844</start>
			<end>2502470791</end>
		</udp_pkg_rec>
		<udp_pkg_snt>
			<start>2487630505</start>
			<end>2505484281</end>
		</udp_pkg_snt>
		<udp_rec_err>
			<start>0</start>
			<end>0</end>
		</udp_rec_err>
		<udp_rec_buf_err>
			<start>0</start>
			<end>0</end>
		</udp_rec_buf_err>
		<udp_snt_buf_err>
			<start>0</start>
			<end>0</end>
		</udp_snt_buf_err>
	</netstat_statistic>
</test_results>
