<?xml version="1.0"?>
<test_results>
	<status>STATUS_SUCCESS</status>
	<custom>
		<num_loss>0</num_loss>
		<num_total>56914291</num_total>
		<num_misses>1383072742</num_misses>
		<elapsed_time>3599.966161</elapsed_time>
		<query>
			<report>
				<misses>100001</misses>
				<total>1</total>
				<timestamp>6.320750</timestamp>
			</report>
			<report>
				<misses>200001</misses>
				<total>0</total>
				<timestamp>12.639686</timestamp>
			</report>
			<report>
				<misses>300001</misses>
				<total>1</total>
				<timestamp>18.951546</timestamp>
			</report>
			<report>
				<misses>400001</misses>
				<total>1</total>
				<timestamp>25.266140</timestamp>
			</report>
			<report>
				<misses>500001</misses>
				<total>0</total>
				<timestamp>31.577561</timestamp>
			</report>
			<report>
				<misses>600001</misses>
				<total>1</total>
				<timestamp>37.887198</timestamp>
			</report>
			<report>
				<misses>700001</misses>
				<total>2</total>
				<timestamp>44.199596</timestamp>
			</report>
			<report>
				<misses>800001</misses>
				<total>1</total>
				<timestamp>50.519525</timestamp>
			</report>
			<report>
				<misses>900001</misses>
				<total>1</total>
				<timestamp>56.848859</timestamp>
			</report>
			<report>
				<misses>1000001</misses>
				<total>2</total>
				<timestamp>63.183865</timestamp>
			</report>
			<report>
				<misses>1100001</misses>
				<total>1</total>
				<timestamp>69.508340</timestamp>
			</report>
			<report>
				<misses>1200001</misses>
				<total>0</total>
				<timestamp>75.834927</timestamp>
			</report>
			<report>
				<misses>1300001</misses>
				<total>1</total>
				<timestamp>82.161401</timestamp>
			</report>
			<report>
				<misses>1400001</misses>
				<total>1</total>
				<timestamp>88.489386</timestamp>
			</report>
			<report>
				<misses>1500001</misses>
				<total>2</total>
				<timestamp>94.811953</timestamp>
			</report>
			<report>
				<misses>1600001</misses>
				<total>1</total>
				<timestamp>101.131512</timestamp>
			</report>
			<report>
				<misses>1700001</misses>
				<total>0</total>
				<timestamp>107.455512</timestamp>
			</report>
			<report>
				<misses>1800001</misses>
				<total>1</total>
				<timestamp>113.780231</timestamp>
			</report>
			<report>
				<misses>1900001</misses>
				<total>0</total>
				<timestamp>120.112768</timestamp>
			</report>
			<report>
				<misses>2000001</misses>
				<total>0</total>
				<timestamp>126.436741</timestamp>
			</report>
			<report>
				<misses>2100001</misses>
				<total>1</total>
				<timestamp>132.754438</timestamp>
			</report>
			<report>
				<misses>2200001</misses>
				<total>0</total>
				<timestamp>139.076282</timestamp>
			</report>
			<report>
				<misses>2300001</misses>
				<total>2</total>
				<timestamp>145.406938</timestamp>
			</report>
			<report>
				<misses>2400001</misses>
				<total>2</total>
				<timestamp>151.734757</timestamp>
			</report>
			<report>
				<misses>2500001</misses>
				<total>2</total>
				<timestamp>158.063385</timestamp>
			</report>
			<report>
				<misses>2600001</misses>
				<total>1</total>
				<timestamp>164.388257</timestamp>
			</report>
			<report>
				<misses>2700001</misses>
				<total>1</total>
				<timestamp>170.712914</timestamp>
			</report>
			<report>
				<misses>2800001</misses>
				<total>2</total>
				<timestamp>177.033487</timestamp>
			</report>
			<report>
				<misses>2900001</misses>
				<total>1</total>
				<timestamp>183.355602</timestamp>
			</report>
			<report>
				<misses>3000001</misses>
				<total>2</total>
				<timestamp>189.677946</timestamp>
			</report>
			<report>
				<misses>3100001</misses>
				<total>0</total>
				<timestamp>195.994927</timestamp>
			</report>
			<report>
				<misses>3200001</misses>
				<total>1</total>
				<timestamp>202.301108</timestamp>
			</report>
			<report>
				<misses>3300001</misses>
				<total>1</total>
				<timestamp>208.620502</timestamp>
			</report>
			<report>
				<misses>3400001</misses>
				<total>0</total>
				<timestamp>214.942433</timestamp>
			</report>
			<report>
				<misses>3500001</misses>
				<total>1</total>
				<timestamp>221.262127</timestamp>
			</report>
			<report>
				<misses>3600001</misses>
				<total>0</total>
				<timestamp>227.587777</timestamp>
			</report>
			<report>
				<misses>3700001</misses>
				<total>2</total>
				<timestamp>233.907846</timestamp>
			</report>
			<report>
				<misses>3800001</misses>
				<total>1</total>
				<timestamp>240.229435</timestamp>
			</report>
			<report>
				<misses>3900001</misses>
				<total>0</total>
				<timestamp>246.564217</timestamp>
			</report>
			<report>
				<misses>4000001</misses>
				<total>1</total>
				<timestamp>252.898634</timestamp>
			</report>
			<report>
				<misses>4100001</misses>
				<total>1</total>
				<timestamp>259.232497</timestamp>
			</report>
			<report>
				<misses>4200001</misses>
				<total>1</total>
				<timestamp>265.572147</timestamp>
			</report>
			<report>
				<misses>4300001</misses>
				<total>0</total>
				<timestamp>271.907107</timestamp>
			</report>
			<report>
				<misses>4400001</misses>
				<total>1</total>
				<timestamp>278.231311</timestamp>
			</report>
			<report>
				<misses>4500001</misses>
				<total>2</total>
				<timestamp>284.558086</timestamp>
			</report>
			<report>
				<misses>4600001</misses>
				<total>1</total>
				<timestamp>290.882303</timestamp>
			</report>
			<report>
				<misses>4700001</misses>
				<total>1</total>
				<timestamp>297.204949</timestamp>
			</report>
			<report>
				<misses>4800001</misses>
				<total>0</total>
				<timestamp>303.525528</timestamp>
			</report>
			<report>
				<misses>4900001</misses>
				<total>1</total>
				<timestamp>309.840253</timestamp>
			</report>
			<report>
				<misses>5000001</misses>
				<total>0</total>
				<timestamp>316.157494</timestamp>
			</report>
			<report>
				<misses>5100001</misses>
				<total>2</total>
				<timestamp>322.475681</timestamp>
			</report>
			<report>
				<misses>5200001</misses>
				<total>0</total>
				<timestamp>328.792356</timestamp>
			</report>
			<report>
				<misses>5300001</misses>
				<total>0</total>
				<timestamp>335.116709</timestamp>
			</report>
			<report>
				<misses>5400001</misses>
				<total>1</total>
				<timestamp>341.445351</timestamp>
			</report>
			<report>
				<misses>5500001</misses>
				<total>0</total>
				<timestamp>347.777843</timestamp>
			</report>
			<report>
				<misses>5600001</misses>
				<total>1</total>
				<timestamp>354.107475</timestamp>
			</report>
			<report>
				<misses>5700001</misses>
				<total>1</total>
				<timestamp>360.434127</timestamp>
			</report>
			<report>
				<misses>5800001</misses>
				<total>1</total>
				<timestamp>366.758232</timestamp>
			</report>
			<report>
				<misses>5900001</misses>
				<total>0</total>
				<timestamp>373.078398</timestamp>
			</report>
			<report>
				<misses>6000001</misses>
				<total>0</total>
				<timestamp>379.400636</timestamp>
			</report>
			<report>
				<misses>6100001</misses>
				<total>1</total>
				<timestamp>385.725751</timestamp>
			</report>
			<report>
				<misses>6200001</misses>
				<total>1</total>
				<timestamp>392.046849</timestamp>
			</report>
			<report>
				<misses>6300001</misses>
				<total>0</total>
				<timestamp>398.373344</timestamp>
			</report>
			<report>
				<misses>6400001</misses>
				<total>0</total>
				<timestamp>404.703213</timestamp>
			</report>
			<report>
				<misses>6500001</misses>
				<total>1</total>
				<timestamp>411.029993</timestamp>
			</report>
			<report>
				<misses>6600001</misses>
				<total>1</total>
				<timestamp>417.358377</timestamp>
			</report>
			<report>
				<misses>6700001</misses>
				<total>1</total>
				<timestamp>423.677564</timestamp>
			</report>
			<report>
				<misses>6800001</misses>
				<total>0</total>
				<timestamp>429.993094</timestamp>
			</report>
			<report>
				<misses>6900001</misses>
				<total>0</total>
				<timestamp>436.314848</timestamp>
			</report>
			<report>
				<misses>7000001</misses>
				<total>0</total>
				<timestamp>442.635216</timestamp>
			</report>
			<report>
				<misses>7100001</misses>
				<total>1</total>
				<timestamp>448.949320</timestamp>
			</report>
			<report>
				<misses>7200001</misses>
				<total>2</total>
				<timestamp>455.268496</timestamp>
			</report>
			<report>
				<misses>7300001</misses>
				<total>0</total>
				<timestamp>461.597225</timestamp>
			</report>
			<report>
				<misses>7400001</misses>
				<total>1</total>
				<timestamp>467.931194</timestamp>
			</report>
			<report>
				<misses>7500001</misses>
				<total>1</total>
				<timestamp>474.259226</timestamp>
			</report>
			<report>
				<misses>7600001</misses>
				<total>0</total>
				<timestamp>480.588169</timestamp>
			</report>
			<report>
				<misses>7700001</misses>
				<total>1</total>
				<timestamp>486.915940</timestamp>
			</report>
			<report>
				<misses>7800001</misses>
				<total>1</total>
				<timestamp>493.251276</timestamp>
			</report>
			<report>
				<misses>7900001</misses>
				<total>1</total>
				<timestamp>499.594012</timestamp>
			</report>
			<report>
				<misses>8000001</misses>
				<total>0</total>
				<timestamp>505.929650</timestamp>
			</report>
			<report>
				<misses>8100001</misses>
				<total>1</total>
				<timestamp>512.268302</timestamp>
			</report>
			<report>
				<misses>8200001</misses>
				<total>1</total>
				<timestamp>518.609121</timestamp>
			</report>
			<report>
				<misses>8300001</misses>
				<total>1</total>
				<timestamp>524.934127</timestamp>
			</report>
			<report>
				<misses>8400001</misses>
				<total>0</total>
				<timestamp>531.259152</timestamp>
			</report>
			<report>
				<misses>8500001</misses>
				<total>1</total>
				<timestamp>537.589744</timestamp>
			</report>
			<report>
				<misses>8600001</misses>
				<total>0</total>
				<timestamp>543.917818</timestamp>
			</report>
			<report>
				<misses>8700001</misses>
				<total>0</total>
				<timestamp>550.244971</timestamp>
			</report>
			<report>
				<misses>8800001</misses>
				<total>1</total>
				<timestamp>556.576374</timestamp>
			</report>
			<report>
				<misses>8900001</misses>
				<total>1</total>
				<timestamp>562.894289</timestamp>
			</report>
			<report>
				<misses>9000001</misses>
				<total>1</total>
				<timestamp>569.210450</timestamp>
			</report>
			<report>
				<misses>9100001</misses>
				<total>1</total>
				<timestamp>575.532316</timestamp>
			</report>
			<report>
				<misses>9200001</misses>
				<total>1</total>
				<timestamp>581.851482</timestamp>
			</report>
			<report>
				<misses>9300001</misses>
				<total>0</total>
				<timestamp>588.160853</timestamp>
			</report>
			<report>
				<misses>9400001</misses>
				<total>1</total>
				<timestamp>594.482700</timestamp>
			</report>
			<report>
				<misses>9500001</misses>
				<total>1</total>
				<timestamp>600.812760</timestamp>
			</report>
			<report>
				<misses>9600001</misses>
				<total>1</total>
				<timestamp>607.144966</timestamp>
			</report>
			<report>
				<misses>9700001</misses>
				<total>1</total>
				<timestamp>613.472720</timestamp>
			</report>
			<report>
				<misses>9800001</misses>
				<total>0</total>
				<timestamp>619.798720</timestamp>
			</report>
			<report>
				<misses>9900001</misses>
				<total>0</total>
				<timestamp>626.118673</timestamp>
			</report>
			<report>
				<misses>10000001</misses>
				<total>1</total>
				<timestamp>632.436496</timestamp>
			</report>
			<report>
				<misses>10100001</misses>
				<total>1</total>
				<timestamp>638.759772</timestamp>
			</report>
			<report>
				<misses>10200001</misses>
				<total>0</total>
				<timestamp>645.075979</timestamp>
			</report>
			<report>
				<misses>10300001</misses>
				<total>0</total>
				<timestamp>651.387619</timestamp>
			</report>
			<report>
				<misses>10400001</misses>
				<total>1</total>
				<timestamp>657.693189</timestamp>
			</report>
			<report>
				<misses>10500001</misses>
				<total>0</total>
				<timestamp>664.004713</timestamp>
			</report>
			<report>
				<misses>10600001</misses>
				<total>1</total>
				<timestamp>670.321217</timestamp>
			</report>
			<report>
				<misses>10700001</misses>
				<total>1</total>
				<timestamp>676.645876</timestamp>
			</report>
			<report>
				<misses>10800001</misses>
				<total>0</total>
				<timestamp>682.971013</timestamp>
			</report>
			<report>
				<misses>10900001</misses>
				<total>1</total>
				<timestamp>689.299300</timestamp>
			</report>
			<report>
				<misses>11000001</misses>
				<total>0</total>
				<timestamp>695.624345</timestamp>
			</report>
			<report>
				<misses>11100001</misses>
				<total>1</total>
				<timestamp>701.951705</timestamp>
			</report>
			<report>
				<misses>11200001</misses>
				<total>2</total>
				<timestamp>708.287652</timestamp>
			</report>
			<report>
				<misses>11300001</misses>
				<total>0</total>
				<timestamp>714.624125</timestamp>
			</report>
			<report>
				<misses>11400001</misses>
				<total>1</total>
				<timestamp>720.963307</timestamp>
			</report>
			<report>
				<misses>11500001</misses>
				<total>2</total>
				<timestamp>727.293659</timestamp>
			</report>
			<report>
				<misses>11600001</misses>
				<total>1</total>
				<timestamp>733.637939</timestamp>
			</report>
			<report>
				<misses>11700001</misses>
				<total>1</total>
				<timestamp>739.962492</timestamp>
			</report>
			<report>
				<misses>11800001</misses>
				<total>0</total>
				<timestamp>746.286616</timestamp>
			</report>
			<report>
				<misses>11900001</misses>
				<total>1</total>
				<timestamp>752.608421</timestamp>
			</report>
			<report>
				<misses>12000001</misses>
				<total>1</total>
				<timestamp>758.929385</timestamp>
			</report>
			<report>
				<misses>12100001</misses>
				<total>2</total>
				<timestamp>765.253568</timestamp>
			</report>
			<report>
				<misses>12200001</misses>
				<total>1</total>
				<timestamp>771.573329</timestamp>
			</report>
			<report>
				<misses>12300001</misses>
				<total>0</total>
				<timestamp>777.899454</timestamp>
			</report>
			<report>
				<misses>12400001</misses>
				<total>2</total>
				<timestamp>784.226782</timestamp>
			</report>
			<report>
				<misses>12500001</misses>
				<total>0</total>
				<timestamp>790.556093</timestamp>
			</report>
			<report>
				<misses>12600001</misses>
				<total>0</total>
				<timestamp>796.890364</timestamp>
			</report>
			<report>
				<misses>12700001</misses>
				<total>0</total>
				<timestamp>803.222025</timestamp>
			</report>
			<report>
				<misses>12800001</misses>
				<total>2</total>
				<timestamp>809.554997</timestamp>
			</report>
			<report>
				<misses>12900001</misses>
				<total>1</total>
				<timestamp>815.890139</timestamp>
			</report>
			<report>
				<misses>13000001</misses>
				<total>0</total>
				<timestamp>822.217579</timestamp>
			</report>
			<report>
				<misses>13100001</misses>
				<total>2</total>
				<timestamp>828.544342</timestamp>
			</report>
			<report>
				<misses>13200001</misses>
				<total>1</total>
				<timestamp>834.864536</timestamp>
			</report>
			<report>
				<misses>13300001</misses>
				<total>2</total>
				<timestamp>841.188788</timestamp>
			</report>
			<report>
				<misses>13400001</misses>
				<total>1</total>
				<timestamp>847.515023</timestamp>
			</report>
			<report>
				<misses>13500001</misses>
				<total>0</total>
				<timestamp>853.839198</timestamp>
			</report>
			<report>
				<misses>13600001</misses>
				<total>0</total>
				<timestamp>860.152067</timestamp>
			</report>
			<report>
				<misses>13700001</misses>
				<total>1</total>
				<timestamp>866.475610</timestamp>
			</report>
			<report>
				<misses>13800001</misses>
				<total>1</total>
				<timestamp>872.803827</timestamp>
			</report>
			<report>
				<misses>13900001</misses>
				<total>1</total>
				<timestamp>879.131232</timestamp>
			</report>
			<report>
				<misses>14000001</misses>
				<total>1</total>
				<timestamp>885.453998</timestamp>
			</report>
			<report>
				<misses>14100001</misses>
				<total>1</total>
				<timestamp>891.786837</timestamp>
			</report>
			<report>
				<misses>14200001</misses>
				<total>2</total>
				<timestamp>898.124466</timestamp>
			</report>
			<report>
				<misses>14300001</misses>
				<total>0</total>
				<timestamp>904.460271</timestamp>
			</report>
			<report>
				<misses>14400001</misses>
				<total>1</total>
				<timestamp>910.789924</timestamp>
			</report>
			<report>
				<misses>14500001</misses>
				<total>1</total>
				<timestamp>917.118834</timestamp>
			</report>
			<report>
				<misses>14600001</misses>
				<total>1</total>
				<timestamp>923.443228</timestamp>
			</report>
			<report>
				<misses>14700001</misses>
				<total>1</total>
				<timestamp>929.771141</timestamp>
			</report>
			<report>
				<misses>14800001</misses>
				<total>2</total>
				<timestamp>936.096369</timestamp>
			</report>
			<report>
				<misses>14900001</misses>
				<total>1</total>
				<timestamp>942.429343</timestamp>
			</report>
			<report>
				<misses>15000001</misses>
				<total>1</total>
				<timestamp>948.759329</timestamp>
			</report>
			<report>
				<misses>15100001</misses>
				<total>2</total>
				<timestamp>955.097843</timestamp>
			</report>
			<report>
				<misses>15200001</misses>
				<total>2</total>
				<timestamp>961.431077</timestamp>
			</report>
			<report>
				<misses>15300001</misses>
				<total>1</total>
				<timestamp>967.760332</timestamp>
			</report>
			<report>
				<misses>15400001</misses>
				<total>0</total>
				<timestamp>974.092267</timestamp>
			</report>
			<report>
				<misses>15500001</misses>
				<total>1</total>
				<timestamp>980.429999</timestamp>
			</report>
			<report>
				<misses>15600001</misses>
				<total>1</total>
				<timestamp>986.767381</timestamp>
			</report>
			<report>
				<misses>15700001</misses>
				<total>1</total>
				<timestamp>993.099588</timestamp>
			</report>
			<report>
				<misses>15800001</misses>
				<total>0</total>
				<timestamp>999.438490</timestamp>
			</report>
			<report>
				<misses>15900001</misses>
				<total>1</total>
				<timestamp>1005.774077</timestamp>
			</report>
			<report>
				<misses>16000001</misses>
				<total>2</total>
				<timestamp>1012.102663</timestamp>
			</report>
			<report>
				<misses>16100001</misses>
				<total>1</total>
				<timestamp>1018.433848</timestamp>
			</report>
			<report>
				<misses>16200001</misses>
				<total>0</total>
				<timestamp>1024.769020</timestamp>
			</report>
			<report>
				<misses>16300001</misses>
				<total>0</total>
				<timestamp>1031.095000</timestamp>
			</report>
			<report>
				<misses>16400001</misses>
				<total>0</total>
				<timestamp>1037.429024</timestamp>
			</report>
			<report>
				<misses>16500001</misses>
				<total>0</total>
				<timestamp>1043.757807</timestamp>
			</report>
			<report>
				<misses>16600001</misses>
				<total>1</total>
				<timestamp>1050.085800</timestamp>
			</report>
			<report>
				<misses>16700001</misses>
				<total>1</total>
				<timestamp>1056.411115</timestamp>
			</report>
			<report>
				<misses>16800001</misses>
				<total>1</total>
				<timestamp>1062.732688</timestamp>
			</report>
			<report>
				<misses>16900001</misses>
				<total>1</total>
				<timestamp>1069.062743</timestamp>
			</report>
			<report>
				<misses>17000001</misses>
				<total>0</total>
				<timestamp>1075.397033</timestamp>
			</report>
			<report>
				<misses>17100001</misses>
				<total>2</total>
				<timestamp>1081.736438</timestamp>
			</report>
			<report>
				<misses>17200001</misses>
				<total>0</total>
				<timestamp>1088.069820</timestamp>
			</report>
			<report>
				<misses>17300001</misses>
				<total>1</total>
				<timestamp>1094.402555</timestamp>
			</report>
			<report>
				<misses>17400001</misses>
				<total>0</total>
				<timestamp>1100.728898</timestamp>
			</report>
			<report>
				<misses>17500001</misses>
				<total>0</total>
				<timestamp>1107.053431</timestamp>
			</report>
			<report>
				<misses>17600001</misses>
				<total>1</total>
				<timestamp>1113.387693</timestamp>
			</report>
			<report>
				<misses>17700001</misses>
				<total>1</total>
				<timestamp>1119.710439</timestamp>
			</report>
			<report>
				<misses>17800001</misses>
				<total>0</total>
				<timestamp>1126.038431</timestamp>
			</report>
			<report>
				<misses>17900001</misses>
				<total>1</total>
				<timestamp>1132.365236</timestamp>
			</report>
			<report>
				<misses>18000001</misses>
				<total>0</total>
				<timestamp>1138.698448</timestamp>
			</report>
			<report>
				<misses>18100001</misses>
				<total>1</total>
				<timestamp>1145.025613</timestamp>
			</report>
			<report>
				<misses>18200001</misses>
				<total>0</total>
				<timestamp>1151.349910</timestamp>
			</report>
			<report>
				<misses>18300001</misses>
				<total>1</total>
				<timestamp>1157.671572</timestamp>
			</report>
			<report>
				<misses>18400001</misses>
				<total>1</total>
				<timestamp>1163.991580</timestamp>
			</report>
			<report>
				<misses>18500001</misses>
				<total>1</total>
				<timestamp>1170.311585</timestamp>
			</report>
			<report>
				<misses>18600001</misses>
				<total>0</total>
				<timestamp>1176.647064</timestamp>
			</report>
			<report>
				<misses>18700001</misses>
				<total>0</total>
				<timestamp>1182.976497</timestamp>
			</report>
			<report>
				<misses>18800001</misses>
				<total>0</total>
				<timestamp>1189.305298</timestamp>
			</report>
			<report>
				<misses>18900001</misses>
				<total>1</total>
				<timestamp>1195.630924</timestamp>
			</report>
			<report>
				<misses>19000001</misses>
				<total>1</total>
				<timestamp>1201.952074</timestamp>
			</report>
			<report>
				<misses>19100001</misses>
				<total>1</total>
				<timestamp>1208.279667</timestamp>
			</report>
			<report>
				<misses>19200001</misses>
				<total>0</total>
				<timestamp>1214.610737</timestamp>
			</report>
			<report>
				<misses>19300001</misses>
				<total>0</total>
				<timestamp>1220.950101</timestamp>
			</report>
			<report>
				<misses>19400001</misses>
				<total>1</total>
				<timestamp>1227.279362</timestamp>
			</report>
			<report>
				<misses>19500001</misses>
				<total>0</total>
				<timestamp>1233.604522</timestamp>
			</report>
			<report>
				<misses>19600001</misses>
				<total>1</total>
				<timestamp>1239.928211</timestamp>
			</report>
			<report>
				<misses>19700001</misses>
				<total>1</total>
				<timestamp>1246.255291</timestamp>
			</report>
			<report>
				<misses>19800001</misses>
				<total>0</total>
				<timestamp>1252.585048</timestamp>
			</report>
			<report>
				<misses>19900001</misses>
				<total>1</total>
				<timestamp>1258.926228</timestamp>
			</report>
			<report>
				<misses>20000001</misses>
				<total>0</total>
				<timestamp>1265.264927</timestamp>
			</report>
			<report>
				<misses>20100001</misses>
				<total>1</total>
				<timestamp>1271.598089</timestamp>
			</report>
			<report>
				<misses>20200001</misses>
				<total>1</total>
				<timestamp>1277.931934</timestamp>
			</report>
			<report>
				<misses>20300001</misses>
				<total>1</total>
				<timestamp>1284.262228</timestamp>
			</report>
			<report>
				<misses>20400001</misses>
				<total>0</total>
				<timestamp>1290.600674</timestamp>
			</report>
			<report>
				<misses>20500001</misses>
				<total>0</total>
				<timestamp>1296.933943</timestamp>
			</report>
			<report>
				<misses>20600001</misses>
				<total>2</total>
				<timestamp>1303.264374</timestamp>
			</report>
			<report>
				<misses>20700001</misses>
				<total>1</total>
				<timestamp>1309.593172</timestamp>
			</report>
			<report>
				<misses>20800001</misses>
				<total>0</total>
				<timestamp>1315.936006</timestamp>
			</report>
			<report>
				<misses>20900001</misses>
				<total>0</total>
				<timestamp>1322.269785</timestamp>
			</report>
			<report>
				<misses>21000001</misses>
				<total>1</total>
				<timestamp>1328.598425</timestamp>
			</report>
			<report>
				<misses>21100001</misses>
				<total>0</total>
				<timestamp>1334.935033</timestamp>
			</report>
			<report>
				<misses>21200001</misses>
				<total>1</total>
				<timestamp>1341.261760</timestamp>
			</report>
			<report>
				<misses>21300001</misses>
				<total>1</total>
				<timestamp>1347.583213</timestamp>
			</report>
			<report>
				<misses>21400001</misses>
				<total>1</total>
				<timestamp>1353.901271</timestamp>
			</report>
			<report>
				<misses>21500001</misses>
				<total>0</total>
				<timestamp>1360.212913</timestamp>
			</report>
			<report>
				<misses>21600001</misses>
				<total>0</total>
				<timestamp>1366.534669</timestamp>
			</report>
			<report>
				<misses>21700001</misses>
				<total>0</total>
				<timestamp>1372.845294</timestamp>
			</report>
			<report>
				<misses>21800001</misses>
				<total>0</total>
				<timestamp>1379.158526</timestamp>
			</report>
			<report>
				<misses>21900001</misses>
				<total>1</total>
				<timestamp>1385.476334</timestamp>
			</report>
			<report>
				<misses>22000001</misses>
				<total>2</total>
				<timestamp>1391.789272</timestamp>
			</report>
			<report>
				<misses>22100001</misses>
				<total>2</total>
				<timestamp>1398.100989</timestamp>
			</report>
			<report>
				<misses>22200001</misses>
				<total>1</total>
				<timestamp>1404.402319</timestamp>
			</report>
			<report>
				<misses>22300001</misses>
				<total>2</total>
				<timestamp>1410.715812</timestamp>
			</report>
			<report>
				<misses>22400001</misses>
				<total>1</total>
				<timestamp>1417.032979</timestamp>
			</report>
			<report>
				<misses>22500001</misses>
				<total>2</total>
				<timestamp>1423.358649</timestamp>
			</report>
			<report>
				<misses>22600001</misses>
				<total>1</total>
				<timestamp>1429.677248</timestamp>
			</report>
			<report>
				<misses>22700001</misses>
				<total>1</total>
				<timestamp>1436.000464</timestamp>
			</report>
			<report>
				<misses>22800001</misses>
				<total>0</total>
				<timestamp>1442.322997</timestamp>
			</report>
			<report>
				<misses>22900001</misses>
				<total>2</total>
				<timestamp>1448.647609</timestamp>
			</report>
			<report>
				<misses>23000001</misses>
				<total>2</total>
				<timestamp>1454.966623</timestamp>
			</report>
			<report>
				<misses>23100001</misses>
				<total>1</total>
				<timestamp>1461.290944</timestamp>
			</report>
			<report>
				<misses>23200001</misses>
				<total>2</total>
				<timestamp>1467.619416</timestamp>
			</report>
			<report>
				<misses>23300001</misses>
				<total>2</total>
				<timestamp>1473.945407</timestamp>
			</report>
			<report>
				<misses>23400001</misses>
				<total>2</total>
				<timestamp>1480.269983</timestamp>
			</report>
			<report>
				<misses>23500001</misses>
				<total>2</total>
				<timestamp>1486.589837</timestamp>
			</report>
			<report>
				<misses>23600001</misses>
				<total>1</total>
				<timestamp>1492.915175</timestamp>
			</report>
			<report>
				<misses>23700001</misses>
				<total>2</total>
				<timestamp>1499.236010</timestamp>
			</report>
			<report>
				<misses>23800001</misses>
				<total>1</total>
				<timestamp>1505.557967</timestamp>
			</report>
			<report>
				<misses>23900001</misses>
				<total>0</total>
				<timestamp>1511.878677</timestamp>
			</report>
			<report>
				<misses>24000001</misses>
				<total>0</total>
				<timestamp>1518.198922</timestamp>
			</report>
			<report>
				<misses>24100001</misses>
				<total>2</total>
				<timestamp>1524.526141</timestamp>
			</report>
			<report>
				<misses>24200001</misses>
				<total>1</total>
				<timestamp>1530.854373</timestamp>
			</report>
			<report>
				<misses>24300001</misses>
				<total>1</total>
				<timestamp>1537.182441</timestamp>
			</report>
			<report>
				<misses>24400001</misses>
				<total>1</total>
				<timestamp>1543.511823</timestamp>
			</report>
			<report>
				<misses>24500001</misses>
				<total>2</total>
				<timestamp>1549.843044</timestamp>
			</report>
			<report>
				<misses>24600001</misses>
				<total>2</total>
				<timestamp>1556.170291</timestamp>
			</report>
			<report>
				<misses>24700001</misses>
				<total>1</total>
				<timestamp>1562.500581</timestamp>
			</report>
			<report>
				<misses>24800001</misses>
				<total>1</total>
				<timestamp>1568.839625</timestamp>
			</report>
			<report>
				<misses>24900001</misses>
				<total>1</total>
				<timestamp>1575.178304</timestamp>
			</report>
			<report>
				<misses>25000001</misses>
				<total>1</total>
				<timestamp>1581.520240</timestamp>
			</report>
			<report>
				<misses>25100001</misses>
				<total>2</total>
				<timestamp>1587.851565</timestamp>
			</report>
			<report>
				<misses>25200001</misses>
				<total>1</total>
				<timestamp>1594.190636</timestamp>
			</report>
			<report>
				<misses>25300001</misses>
				<total>1</total>
				<timestamp>1600.535057</timestamp>
			</report>
			<report>
				<misses>25400001</misses>
				<total>2</total>
				<timestamp>1606.869910</timestamp>
			</report>
			<report>
				<misses>25500001</misses>
				<total>1</total>
				<timestamp>1613.207321</timestamp>
			</report>
			<report>
				<misses>25600001</misses>
				<total>1</total>
				<timestamp>1619.538283</timestamp>
			</report>
			<report>
				<misses>25700001</misses>
				<total>1</total>
				<timestamp>1625.874049</timestamp>
			</report>
			<report>
				<misses>25800001</misses>
				<total>2</total>
				<timestamp>1632.201236</timestamp>
			</report>
			<report>
				<misses>25900001</misses>
				<total>1</total>
				<timestamp>1638.523197</timestamp>
			</report>
			<report>
				<misses>26000001</misses>
				<total>1</total>
				<timestamp>1644.835183</timestamp>
			</report>
			<report>
				<misses>26100001</misses>
				<total>1</total>
				<timestamp>1651.146079</timestamp>
			</report>
			<report>
				<misses>26200001</misses>
				<total>1</total>
				<timestamp>1657.461417</timestamp>
			</report>
			<report>
				<misses>26300001</misses>
				<total>1</total>
				<timestamp>1663.779977</timestamp>
			</report>
			<report>
				<misses>26400001</misses>
				<total>2</total>
				<timestamp>1670.101232</timestamp>
			</report>
			<report>
				<misses>26500001</misses>
				<total>2</total>
				<timestamp>1676.422476</timestamp>
			</report>
			<report>
				<misses>26600001</misses>
				<total>1</total>
				<timestamp>1682.743010</timestamp>
			</report>
			<report>
				<misses>26700001</misses>
				<total>1</total>
				<timestamp>1689.066470</timestamp>
			</report>
			<report>
				<misses>26800001</misses>
				<total>1</total>
				<timestamp>1695.395786</timestamp>
			</report>
			<report>
				<misses>26900001</misses>
				<total>1</total>
				<timestamp>1701.728386</timestamp>
			</report>
			<report>
				<misses>27000001</misses>
				<total>2</total>
				<timestamp>1708.060443</timestamp>
			</report>
			<report>
				<misses>27100001</misses>
				<total>1</total>
				<timestamp>1714.397197</timestamp>
			</report>
			<report>
				<misses>27200001</misses>
				<total>1</total>
				<timestamp>1720.737150</timestamp>
			</report>
			<report>
				<misses>27300001</misses>
				<total>2</total>
				<timestamp>1727.069111</timestamp>
			</report>
			<report>
				<misses>27400001</misses>
				<total>2</total>
				<timestamp>1733.405494</timestamp>
			</report>
			<report>
				<misses>27500001</misses>
				<total>1</total>
				<timestamp>1739.741946</timestamp>
			</report>
			<report>
				<misses>27600001</misses>
				<total>1</total>
				<timestamp>1746.073751</timestamp>
			</report>
			<report>
				<misses>27700001</misses>
				<total>1</total>
				<timestamp>1752.410878</timestamp>
			</report>
			<report>
				<misses>27800001</misses>
				<total>2</total>
				<timestamp>1758.757219</timestamp>
			</report>
			<report>
				<misses>27900001</misses>
				<total>2</total>
				<timestamp>1765.091657</timestamp>
			</report>
			<report>
				<misses>28000001</misses>
				<total>2</total>
				<timestamp>1771.427831</timestamp>
			</report>
			<report>
				<misses>28100001</misses>
				<total>2</total>
				<timestamp>1777.760580</timestamp>
			</report>
			<report>
				<misses>28200001</misses>
				<total>2</total>
				<timestamp>1784.091130</timestamp>
			</report>
			<report>
				<misses>28300001</misses>
				<total>0</total>
				<timestamp>1790.420509</timestamp>
			</report>
			<report>
				<misses>28400001</misses>
				<total>2</total>
				<timestamp>1796.748245</timestamp>
			</report>
			<report>
				<misses>28500001</misses>
				<total>2</total>
				<timestamp>1803.073000</timestamp>
			</report>
			<report>
				<misses>28600001</misses>
				<total>1</total>
				<timestamp>1809.387952</timestamp>
			</report>
			<report>
				<misses>28700001</misses>
				<total>1</total>
				<timestamp>1815.689280</timestamp>
			</report>
			<report>
				<misses>28800001</misses>
				<total>1</total>
				<timestamp>1822.002921</timestamp>
			</report>
			<report>
				<misses>28900001</misses>
				<total>1</total>
				<timestamp>1828.314053</timestamp>
			</report>
			<report>
				<misses>29000001</misses>
				<total>1</total>
				<timestamp>1834.628178</timestamp>
			</report>
			<report>
				<misses>29100001</misses>
				<total>1</total>
				<timestamp>1840.936882</timestamp>
			</report>
			<report>
				<misses>29200001</misses>
				<total>2</total>
				<timestamp>1847.245696</timestamp>
			</report>
			<report>
				<misses>29300001</misses>
				<total>2</total>
				<timestamp>1853.561894</timestamp>
			</report>
			<report>
				<misses>29400001</misses>
				<total>2</total>
				<timestamp>1859.877080</timestamp>
			</report>
			<report>
				<misses>29500001</misses>
				<total>2</total>
				<timestamp>1866.194652</timestamp>
			</report>
			<report>
				<misses>29600001</misses>
				<total>2</total>
				<timestamp>1872.507340</timestamp>
			</report>
			<report>
				<misses>29700001</misses>
				<total>1</total>
				<timestamp>1878.825010</timestamp>
			</report>
			<report>
				<misses>29800001</misses>
				<total>1</total>
				<timestamp>1885.148427</timestamp>
			</report>
			<report>
				<misses>29900001</misses>
				<total>0</total>
				<timestamp>1891.474968</timestamp>
			</report>
			<report>
				<misses>30000001</misses>
				<total>1</total>
				<timestamp>1897.798589</timestamp>
			</report>
			<report>
				<misses>30100001</misses>
				<total>2</total>
				<timestamp>1904.126760</timestamp>
			</report>
			<report>
				<misses>30200001</misses>
				<total>1</total>
				<timestamp>1910.453307</timestamp>
			</report>
			<report>
				<misses>30300001</misses>
				<total>2</total>
				<timestamp>1916.777092</timestamp>
			</report>
			<report>
				<misses>30400001</misses>
				<total>2</total>
				<timestamp>1923.092731</timestamp>
			</report>
			<report>
				<misses>30500001</misses>
				<total>0</total>
				<timestamp>1929.398218</timestamp>
			</report>
			<report>
				<misses>30600001</misses>
				<total>1</total>
				<timestamp>1935.714364</timestamp>
			</report>
			<report>
				<misses>30700001</misses>
				<total>2</total>
				<timestamp>1942.033747</timestamp>
			</report>
			<report>
				<misses>30800001</misses>
				<total>0</total>
				<timestamp>1948.354541</timestamp>
			</report>
			<report>
				<misses>30900001</misses>
				<total>2</total>
				<timestamp>1954.675345</timestamp>
			</report>
			<report>
				<misses>31000001</misses>
				<total>1</total>
				<timestamp>1960.998913</timestamp>
			</report>
			<report>
				<misses>31100001</misses>
				<total>2</total>
				<timestamp>1967.315175</timestamp>
			</report>
			<report>
				<misses>31200001</misses>
				<total>1</total>
				<timestamp>1973.638419</timestamp>
			</report>
			<report>
				<misses>31300001</misses>
				<total>2</total>
				<timestamp>1979.957360</timestamp>
			</report>
			<report>
				<misses>31400001</misses>
				<total>1</total>
				<timestamp>1986.274380</timestamp>
			</report>
			<report>
				<misses>31500001</misses>
				<total>1</total>
				<timestamp>1992.587893</timestamp>
			</report>
			<report>
				<misses>31600001</misses>
				<total>2</total>
				<timestamp>1998.896132</timestamp>
			</report>
			<report>
				<misses>31700001</misses>
				<total>1</total>
				<timestamp>2005.218685</timestamp>
			</report>
			<report>
				<misses>31800001</misses>
				<total>2</total>
				<timestamp>2011.529954</timestamp>
			</report>
			<report>
				<misses>31900001</misses>
				<total>1</total>
				<timestamp>2017.850646</timestamp>
			</report>
			<report>
				<misses>32000001</misses>
				<total>1</total>
				<timestamp>2024.161216</timestamp>
			</report>
			<report>
				<misses>32100001</misses>
				<total>1</total>
				<timestamp>2030.471126</timestamp>
			</report>
			<report>
				<misses>32200001</misses>
				<total>1</total>
				<timestamp>2036.793015</timestamp>
			</report>
			<report>
				<misses>32300001</misses>
				<total>1</total>
				<timestamp>2043.116687</timestamp>
			</report>
			<report>
				<misses>32400001</misses>
				<total>2</total>
				<timestamp>2049.443194</timestamp>
			</report>
			<report>
				<misses>32500001</misses>
				<total>1</total>
				<timestamp>2055.775755</timestamp>
			</report>
			<report>
				<misses>32600001</misses>
				<total>2</total>
				<timestamp>2062.097797</timestamp>
			</report>
			<report>
				<misses>32700001</misses>
				<total>1</total>
				<timestamp>2068.422948</timestamp>
			</report>
			<report>
				<misses>32800001</misses>
				<total>1</total>
				<timestamp>2074.755395</timestamp>
			</report>
			<report>
				<misses>32900001</misses>
				<total>1</total>
				<timestamp>2081.080609</timestamp>
			</report>
			<report>
				<misses>33000001</misses>
				<total>1</total>
				<timestamp>2087.411768</timestamp>
			</report>
			<report>
				<misses>33100001</misses>
				<total>2</total>
				<timestamp>2093.733437</timestamp>
			</report>
			<report>
				<misses>33200001</misses>
				<total>1</total>
				<timestamp>2100.061393</timestamp>
			</report>
			<report>
				<misses>33300001</misses>
				<total>2</total>
				<timestamp>2106.395197</timestamp>
			</report>
			<report>
				<misses>33400001</misses>
				<total>1</total>
				<timestamp>2112.726206</timestamp>
			</report>
			<report>
				<misses>33500001</misses>
				<total>2</total>
				<timestamp>2119.058055</timestamp>
			</report>
			<report>
				<misses>33600001</misses>
				<total>1</total>
				<timestamp>2125.393405</timestamp>
			</report>
			<report>
				<misses>33700001</misses>
				<total>1</total>
				<timestamp>2131.724107</timestamp>
			</report>
			<report>
				<misses>33800001</misses>
				<total>2</total>
				<timestamp>2138.054102</timestamp>
			</report>
			<report>
				<misses>33900001</misses>
				<total>0</total>
				<timestamp>2144.384886</timestamp>
			</report>
			<report>
				<misses>34000001</misses>
				<total>2</total>
				<timestamp>2150.712332</timestamp>
			</report>
			<report>
				<misses>34100001</misses>
				<total>1</total>
				<timestamp>2157.031831</timestamp>
			</report>
			<report>
				<misses>34200001</misses>
				<total>2</total>
				<timestamp>2163.349202</timestamp>
			</report>
			<report>
				<misses>34300001</misses>
				<total>2</total>
				<timestamp>2169.667882</timestamp>
			</report>
			<report>
				<misses>34400001</misses>
				<total>2</total>
				<timestamp>2175.986607</timestamp>
			</report>
			<report>
				<misses>34500001</misses>
				<total>1</total>
				<timestamp>2182.308714</timestamp>
			</report>
			<report>
				<misses>34600001</misses>
				<total>2</total>
				<timestamp>2188.632912</timestamp>
			</report>
			<report>
				<misses>34700001</misses>
				<total>2</total>
				<timestamp>2194.953376</timestamp>
			</report>
			<report>
				<misses>34800001</misses>
				<total>1</total>
				<timestamp>2201.269199</timestamp>
			</report>
			<report>
				<misses>34900001</misses>
				<total>2</total>
				<timestamp>2207.593164</timestamp>
			</report>
			<report>
				<misses>35000001</misses>
				<total>1</total>
				<timestamp>2213.910870</timestamp>
			</report>
			<report>
				<misses>35100001</misses>
				<total>2</total>
				<timestamp>2220.227009</timestamp>
			</report>
			<report>
				<misses>35200001</misses>
				<total>2</total>
				<timestamp>2226.539626</timestamp>
			</report>
			<report>
				<misses>35300001</misses>
				<total>2</total>
				<timestamp>2232.852060</timestamp>
			</report>
			<report>
				<misses>35400001</misses>
				<total>1</total>
				<timestamp>2239.170201</timestamp>
			</report>
			<report>
				<misses>35500001</misses>
				<total>2</total>
				<timestamp>2245.495014</timestamp>
			</report>
			<report>
				<misses>35600001</misses>
				<total>1</total>
				<timestamp>2251.820728</timestamp>
			</report>
			<report>
				<misses>35700001</misses>
				<total>1</total>
				<timestamp>2258.143201</timestamp>
			</report>
			<report>
				<misses>35800001</misses>
				<total>1</total>
				<timestamp>2264.465706</timestamp>
			</report>
			<report>
				<misses>35900001</misses>
				<total>1</total>
				<timestamp>2270.787744</timestamp>
			</report>
			<report>
				<misses>36000001</misses>
				<total>1</total>
				<timestamp>2277.119737</timestamp>
			</report>
			<report>
				<misses>36100001</misses>
				<total>2</total>
				<timestamp>2283.446934</timestamp>
			</report>
			<report>
				<misses>36200001</misses>
				<total>1</total>
				<timestamp>2289.764413</timestamp>
			</report>
			<report>
				<misses>36300001</misses>
				<total>2</total>
				<timestamp>2296.091678</timestamp>
			</report>
			<report>
				<misses>36400001</misses>
				<total>1</total>
				<timestamp>2302.416622</timestamp>
			</report>
			<report>
				<misses>36500001</misses>
				<total>2</total>
				<timestamp>2308.738994</timestamp>
			</report>
			<report>
				<misses>36600001</misses>
				<total>1</total>
				<timestamp>2315.050661</timestamp>
			</report>
			<report>
				<misses>36700001</misses>
				<total>1</total>
				<timestamp>2321.369737</timestamp>
			</report>
			<report>
				<misses>36800001</misses>
				<total>2</total>
				<timestamp>2327.686614</timestamp>
			</report>
			<report>
				<misses>36900001</misses>
				<total>2</total>
				<timestamp>2333.997857</timestamp>
			</report>
			<report>
				<misses>37000001</misses>
				<total>2</total>
				<timestamp>2340.313836</timestamp>
			</report>
			<report>
				<misses>37100001</misses>
				<total>2</total>
				<timestamp>2346.634029</timestamp>
			</report>
			<report>
				<misses>37200001</misses>
				<total>2</total>
				<timestamp>2352.958763</timestamp>
			</report>
			<report>
				<misses>37300001</misses>
				<total>1</total>
				<timestamp>2359.282699</timestamp>
			</report>
			<report>
				<misses>37400001</misses>
				<total>1</total>
				<timestamp>2365.611684</timestamp>
			</report>
			<report>
				<misses>37500001</misses>
				<total>1</total>
				<timestamp>2371.945403</timestamp>
			</report>
			<report>
				<misses>37600001</misses>
				<total>2</total>
				<timestamp>2378.285737</timestamp>
			</report>
			<report>
				<misses>37700001</misses>
				<total>2</total>
				<timestamp>2384.620279</timestamp>
			</report>
			<report>
				<misses>37800001</misses>
				<total>2</total>
				<timestamp>2390.951726</timestamp>
			</report>
			<report>
				<misses>37900001</misses>
				<total>1</total>
				<timestamp>2397.281003</timestamp>
			</report>
			<report>
				<misses>38000001</misses>
				<total>2</total>
				<timestamp>2403.607440</timestamp>
			</report>
			<report>
				<misses>38100001</misses>
				<total>1</total>
				<timestamp>2409.935350</timestamp>
			</report>
			<report>
				<misses>38200001</misses>
				<total>2</total>
				<timestamp>2416.256898</timestamp>
			</report>
			<report>
				<misses>38300001</misses>
				<total>1</total>
				<timestamp>2422.575859</timestamp>
			</report>
			<report>
				<misses>38400001</misses>
				<total>1</total>
				<timestamp>2428.894323</timestamp>
			</report>
			<report>
				<misses>38500001</misses>
				<total>2</total>
				<timestamp>2435.227332</timestamp>
			</report>
			<report>
				<misses>38600001</misses>
				<total>1</total>
				<timestamp>2441.558050</timestamp>
			</report>
			<report>
				<misses>38700001</misses>
				<total>2</total>
				<timestamp>2447.889889</timestamp>
			</report>
			<report>
				<misses>38800001</misses>
				<total>1</total>
				<timestamp>2454.219823</timestamp>
			</report>
			<report>
				<misses>38900001</misses>
				<total>1</total>
				<timestamp>2460.548890</timestamp>
			</report>
			<report>
				<misses>39000001</misses>
				<total>1</total>
				<timestamp>2466.873979</timestamp>
			</report>
			<report>
				<misses>39100001</misses>
				<total>1</total>
				<timestamp>2473.195003</timestamp>
			</report>
			<report>
				<misses>39200001</misses>
				<total>2</total>
				<timestamp>2479.524544</timestamp>
			</report>
			<report>
				<misses>39300001</misses>
				<total>2</total>
				<timestamp>2485.852451</timestamp>
			</report>
			<report>
				<misses>39400001</misses>
				<total>1</total>
				<timestamp>2492.177850</timestamp>
			</report>
			<report>
				<misses>39500001</misses>
				<total>2</total>
				<timestamp>2498.499872</timestamp>
			</report>
			<report>
				<misses>39600001</misses>
				<total>2</total>
				<timestamp>2504.819440</timestamp>
			</report>
			<report>
				<misses>39700001</misses>
				<total>1</total>
				<timestamp>2511.140379</timestamp>
			</report>
			<report>
				<misses>39800001</misses>
				<total>1</total>
				<timestamp>2517.456862</timestamp>
			</report>
			<report>
				<misses>39900001</misses>
				<total>1</total>
				<timestamp>2523.777028</timestamp>
			</report>
			<report>
				<misses>40000001</misses>
				<total>2</total>
				<timestamp>2530.090679</timestamp>
			</report>
			<report>
				<misses>40100001</misses>
				<total>1</total>
				<timestamp>2536.402695</timestamp>
			</report>
			<report>
				<misses>40200001</misses>
				<total>1</total>
				<timestamp>2542.717116</timestamp>
			</report>
			<report>
				<misses>40300001</misses>
				<total>2</total>
				<timestamp>2549.033947</timestamp>
			</report>
			<report>
				<misses>40400001</misses>
				<total>2</total>
				<timestamp>2555.352295</timestamp>
			</report>
			<report>
				<misses>40500001</misses>
				<total>2</total>
				<timestamp>2561.675474</timestamp>
			</report>
			<report>
				<misses>40600001</misses>
				<total>1</total>
				<timestamp>2567.999084</timestamp>
			</report>
			<report>
				<misses>40700001</misses>
				<total>0</total>
				<timestamp>2574.327731</timestamp>
			</report>
			<report>
				<misses>40800001</misses>
				<total>2</total>
				<timestamp>2580.661006</timestamp>
			</report>
			<report>
				<misses>40900001</misses>
				<total>1</total>
				<timestamp>2586.991785</timestamp>
			</report>
			<report>
				<misses>41000001</misses>
				<total>1</total>
				<timestamp>2593.321097</timestamp>
			</report>
			<report>
				<misses>41100001</misses>
				<total>0</total>
				<timestamp>2599.646830</timestamp>
			</report>
			<report>
				<misses>41200001</misses>
				<total>2</total>
				<timestamp>2605.975991</timestamp>
			</report>
			<report>
				<misses>41300001</misses>
				<total>2</total>
				<timestamp>2612.308925</timestamp>
			</report>
			<report>
				<misses>41400001</misses>
				<total>2</total>
				<timestamp>2618.638290</timestamp>
			</report>
			<report>
				<misses>41500001</misses>
				<total>0</total>
				<timestamp>2624.969623</timestamp>
			</report>
			<report>
				<misses>41600001</misses>
				<total>2</total>
				<timestamp>2631.310894</timestamp>
			</report>
			<report>
				<misses>41700001</misses>
				<total>1</total>
				<timestamp>2637.646361</timestamp>
			</report>
			<report>
				<misses>41800001</misses>
				<total>1</total>
				<timestamp>2643.983684</timestamp>
			</report>
			<report>
				<misses>41900001</misses>
				<total>2</total>
				<timestamp>2650.312028</timestamp>
			</report>
			<report>
				<misses>42000001</misses>
				<total>1</total>
				<timestamp>2656.636730</timestamp>
			</report>
			<report>
				<misses>42100001</misses>
				<total>1</total>
				<timestamp>2662.954451</timestamp>
			</report>
			<report>
				<misses>42200001</misses>
				<total>2</total>
				<timestamp>2669.266001</timestamp>
			</report>
			<report>
				<misses>42300001</misses>
				<total>0</total>
				<timestamp>2675.566031</timestamp>
			</report>
			<report>
				<misses>42400001</misses>
				<total>1</total>
				<timestamp>2681.878994</timestamp>
			</report>
			<report>
				<misses>42500001</misses>
				<total>1</total>
				<timestamp>2688.190106</timestamp>
			</report>
			<report>
				<misses>42600001</misses>
				<total>2</total>
				<timestamp>2694.500544</timestamp>
			</report>
			<report>
				<misses>42700001</misses>
				<total>2</total>
				<timestamp>2700.816530</timestamp>
			</report>
			<report>
				<misses>42800001</misses>
				<total>1</total>
				<timestamp>2707.134217</timestamp>
			</report>
			<report>
				<misses>42900001</misses>
				<total>1</total>
				<timestamp>2713.441077</timestamp>
			</report>
			<report>
				<misses>43000001</misses>
				<total>1</total>
				<timestamp>2719.747172</timestamp>
			</report>
			<report>
				<misses>43100001</misses>
				<total>1</total>
				<timestamp>2726.057645</timestamp>
			</report>
			<report>
				<misses>43200001</misses>
				<total>1</total>
				<timestamp>2732.367507</timestamp>
			</report>
			<report>
				<misses>43300001</misses>
				<total>2</total>
				<timestamp>2738.672964</timestamp>
			</report>
			<report>
				<misses>43400001</misses>
				<total>1</total>
				<timestamp>2744.979391</timestamp>
			</report>
			<report>
				<misses>43500001</misses>
				<total>2</total>
				<timestamp>2751.292076</timestamp>
			</report>
			<report>
				<misses>43600001</misses>
				<total>2</total>
				<timestamp>2757.602606</timestamp>
			</report>
			<report>
				<misses>43700001</misses>
				<total>1</total>
				<timestamp>2763.915181</timestamp>
			</report>
			<report>
				<misses>43800001</misses>
				<total>2</total>
				<timestamp>2770.215879</timestamp>
			</report>
			<report>
				<misses>43900001</misses>
				<total>1</total>
				<timestamp>2776.521261</timestamp>
			</report>
			<report>
				<misses>44000001</misses>
				<total>1</total>
				<timestamp>2782.839849</timestamp>
			</report>
			<report>
				<misses>44100001</misses>
				<total>2</total>
				<timestamp>2789.159269</timestamp>
			</report>
			<report>
				<misses>44200001</misses>
				<total>1</total>
				<timestamp>2795.471998</timestamp>
			</report>
			<report>
				<misses>44300001</misses>
				<total>2</total>
				<timestamp>2801.785670</timestamp>
			</report>
			<report>
				<misses>44400001</misses>
				<total>1</total>
				<timestamp>2808.104722</timestamp>
			</report>
			<report>
				<misses>44500001</misses>
				<total>1</total>
				<timestamp>2814.426484</timestamp>
			</report>
			<report>
				<misses>44600001</misses>
				<total>2</total>
				<timestamp>2820.748178</timestamp>
			</report>
			<report>
				<misses>44700001</misses>
				<total>2</total>
				<timestamp>2827.072742</timestamp>
			</report>
			<report>
				<misses>44800001</misses>
				<total>2</total>
				<timestamp>2833.396754</timestamp>
			</report>
			<report>
				<misses>44900001</misses>
				<total>2</total>
				<timestamp>2839.716959</timestamp>
			</report>
			<report>
				<misses>45000001</misses>
				<total>1</total>
				<timestamp>2846.050817</timestamp>
			</report>
			<report>
				<misses>45100001</misses>
				<total>0</total>
				<timestamp>2852.380080</timestamp>
			</report>
			<report>
				<misses>45200001</misses>
				<total>2</total>
				<timestamp>2858.710736</timestamp>
			</report>
			<report>
				<misses>45300001</misses>
				<total>2</total>
				<timestamp>2865.038759</timestamp>
			</report>
			<report>
				<misses>45400001</misses>
				<total>1</total>
				<timestamp>2871.371537</timestamp>
			</report>
			<report>
				<misses>45500001</misses>
				<total>1</total>
				<timestamp>2877.702257</timestamp>
			</report>
			<report>
				<misses>45600001</misses>
				<total>2</total>
				<timestamp>2884.044294</timestamp>
			</report>
			<report>
				<misses>45700001</misses>
				<total>1</total>
				<timestamp>2890.385188</timestamp>
			</report>
			<report>
				<misses>45800001</misses>
				<total>2</total>
				<timestamp>2896.714140</timestamp>
			</report>
			<report>
				<misses>45900001</misses>
				<total>2</total>
				<timestamp>2903.035819</timestamp>
			</report>
			<report>
				<misses>46000001</misses>
				<total>2</total>
				<timestamp>2909.359546</timestamp>
			</report>
			<report>
				<misses>46100001</misses>
				<total>1</total>
				<timestamp>2915.695538</timestamp>
			</report>
			<report>
				<misses>46200001</misses>
				<total>2</total>
				<timestamp>2922.024166</timestamp>
			</report>
			<report>
				<misses>46300001</misses>
				<total>0</total>
				<timestamp>2928.355263</timestamp>
			</report>
			<report>
				<misses>46400001</misses>
				<total>1</total>
				<timestamp>2934.679232</timestamp>
			</report>
			<report>
				<misses>46500001</misses>
				<total>2</total>
				<timestamp>2941.002961</timestamp>
			</report>
			<report>
				<misses>46600001</misses>
				<total>2</total>
				<timestamp>2947.331828</timestamp>
			</report>
			<report>
				<misses>46700001</misses>
				<total>1</total>
				<timestamp>2953.656043</timestamp>
			</report>
			<report>
				<misses>46800001</misses>
				<total>1</total>
				<timestamp>2959.979590</timestamp>
			</report>
			<report>
				<misses>46900001</misses>
				<total>1</total>
				<timestamp>2966.304181</timestamp>
			</report>
			<report>
				<misses>47000001</misses>
				<total>1</total>
				<timestamp>2972.622675</timestamp>
			</report>
			<report>
				<misses>47100001</misses>
				<total>1</total>
				<timestamp>2978.952827</timestamp>
			</report>
			<report>
				<misses>47200001</misses>
				<total>2</total>
				<timestamp>2985.292598</timestamp>
			</report>
			<report>
				<misses>47300001</misses>
				<total>2</total>
				<timestamp>2991.626303</timestamp>
			</report>
			<report>
				<misses>47400001</misses>
				<total>1</total>
				<timestamp>2997.956294</timestamp>
			</report>
			<report>
				<misses>47500001</misses>
				<total>1</total>
				<timestamp>3004.285139</timestamp>
			</report>
			<report>
				<misses>47600001</misses>
				<total>1</total>
				<timestamp>3010.614717</timestamp>
			</report>
			<report>
				<misses>47700001</misses>
				<total>2</total>
				<timestamp>3016.938929</timestamp>
			</report>
			<report>
				<misses>47800001</misses>
				<total>1</total>
				<timestamp>3023.259740</timestamp>
			</report>
			<report>
				<misses>47900001</misses>
				<total>2</total>
				<timestamp>3029.583748</timestamp>
			</report>
			<report>
				<misses>48000001</misses>
				<total>1</total>
				<timestamp>3035.911138</timestamp>
			</report>
			<report>
				<misses>48100001</misses>
				<total>2</total>
				<timestamp>3042.244536</timestamp>
			</report>
			<report>
				<misses>48200001</misses>
				<total>1</total>
				<timestamp>3048.581491</timestamp>
			</report>
			<report>
				<misses>48300001</misses>
				<total>2</total>
				<timestamp>3054.914011</timestamp>
			</report>
			<report>
				<misses>48400001</misses>
				<total>2</total>
				<timestamp>3061.239356</timestamp>
			</report>
			<report>
				<misses>48500001</misses>
				<total>1</total>
				<timestamp>3067.570918</timestamp>
			</report>
			<report>
				<misses>48600001</misses>
				<total>1</total>
				<timestamp>3073.894810</timestamp>
			</report>
			<report>
				<misses>48700001</misses>
				<total>2</total>
				<timestamp>3080.227320</timestamp>
			</report>
			<report>
				<misses>48800001</misses>
				<total>2</total>
				<timestamp>3086.566901</timestamp>
			</report>
			<report>
				<misses>48900001</misses>
				<total>1</total>
				<timestamp>3092.900711</timestamp>
			</report>
			<report>
				<misses>49000001</misses>
				<total>2</total>
				<timestamp>3099.240669</timestamp>
			</report>
			<report>
				<misses>49100001</misses>
				<total>2</total>
				<timestamp>3105.576146</timestamp>
			</report>
			<report>
				<misses>49200001</misses>
				<total>1</total>
				<timestamp>3111.918056</timestamp>
			</report>
			<report>
				<misses>49300001</misses>
				<total>1</total>
				<timestamp>3118.262237</timestamp>
			</report>
			<report>
				<misses>49400001</misses>
				<total>2</total>
				<timestamp>3124.599493</timestamp>
			</report>
			<report>
				<misses>49500001</misses>
				<total>1</total>
				<timestamp>3130.936351</timestamp>
			</report>
			<report>
				<misses>49600001</misses>
				<total>1</total>
				<timestamp>3137.272223</timestamp>
			</report>
			<report>
				<misses>49700001</misses>
				<total>2</total>
				<timestamp>3143.599309</timestamp>
			</report>
			<report>
				<misses>49800001</misses>
				<total>1</total>
				<timestamp>3149.934011</timestamp>
			</report>
			<report>
				<misses>49900001</misses>
				<total>1</total>
				<timestamp>3156.265441</timestamp>
			</report>
			<report>
				<misses>50000001</misses>
				<total>1</total>
				<timestamp>3162.593323</timestamp>
			</report>
			<report>
				<misses>50100001</misses>
				<total>1</total>
				<timestamp>3168.924682</timestamp>
			</report>
			<report>
				<misses>50200001</misses>
				<total>1</total>
				<timestamp>3175.257160</timestamp>
			</report>
			<report>
				<misses>50300001</misses>
				<total>2</total>
				<timestamp>3181.590260</timestamp>
			</report>
			<report>
				<misses>50400001</misses>
				<total>2</total>
				<timestamp>3187.928751</timestamp>
			</report>
			<report>
				<misses>50500001</misses>
				<total>1</total>
				<timestamp>3194.267584</timestamp>
			</report>
			<report>
				<misses>50600001</misses>
				<total>1</total>
				<timestamp>3200.600676</timestamp>
			</report>
			<report>
				<misses>50700001</misses>
				<total>1</total>
				<timestamp>3206.931766</timestamp>
			</report>
			<report>
				<misses>50800001</misses>
				<total>1</total>
				<timestamp>3213.261564</timestamp>
			</report>
			<report>
				<misses>50900001</misses>
				<total>1</total>
				<timestamp>3219.590920</timestamp>
			</report>
			<report>
				<misses>51000001</misses>
				<total>1</total>
				<timestamp>3225.911341</timestamp>
			</report>
			<report>
				<misses>51100001</misses>
				<total>2</total>
				<timestamp>3232.233369</timestamp>
			</report>
			<report>
				<misses>51200001</misses>
				<total>2</total>
				<timestamp>3238.555323</timestamp>
			</report>
			<report>
				<misses>51300001</misses>
				<total>1</total>
				<timestamp>3244.876373</timestamp>
			</report>
			<report>
				<misses>51400001</misses>
				<total>1</total>
				<timestamp>3251.194073</timestamp>
			</report>
			<report>
				<misses>51500001</misses>
				<total>2</total>
				<timestamp>3257.515273</timestamp>
			</report>
			<report>
				<misses>51600001</misses>
				<total>1</total>
				<timestamp>3263.847358</timestamp>
			</report>
			<report>
				<misses>51700001</misses>
				<total>1</total>
				<timestamp>3270.180297</timestamp>
			</report>
			<report>
				<misses>51800001</misses>
				<total>1</total>
				<timestamp>3276.512648</timestamp>
			</report>
			<report>
				<misses>51900001</misses>
				<total>2</total>
				<timestamp>3282.848567</timestamp>
			</report>
			<report>
				<misses>52000001</misses>
				<total>2</total>
				<timestamp>3289.180801</timestamp>
			</report>
			<report>
				<misses>52100001</misses>
				<total>2</total>
				<timestamp>3295.519598</timestamp>
			</report>
			<report>
				<misses>52200001</misses>
				<total>1</total>
				<timestamp>3301.866176</timestamp>
			</report>
			<report>
				<misses>52300001</misses>
				<total>0</total>
				<timestamp>3308.205641</timestamp>
			</report>
			<report>
				<misses>52400001</misses>
				<total>1</total>
				<timestamp>3314.542698</timestamp>
			</report>
			<report>
				<misses>52500001</misses>
				<total>1</total>
				<timestamp>3320.880024</timestamp>
			</report>
			<report>
				<misses>52600001</misses>
				<total>1</total>
				<timestamp>3327.211460</timestamp>
			</report>
			<report>
				<misses>52700001</misses>
				<total>2</total>
				<timestamp>3333.550207</timestamp>
			</report>
			<report>
				<misses>52800001</misses>
				<total>2</total>
				<timestamp>3339.886678</timestamp>
			</report>
			<report>
				<misses>52900001</misses>
				<total>1</total>
				<timestamp>3346.215549</timestamp>
			</report>
			<report>
				<misses>53000001</misses>
				<total>1</total>
				<timestamp>3352.539457</timestamp>
			</report>
			<report>
				<misses>53100001</misses>
				<total>1</total>
				<timestamp>3358.861728</timestamp>
			</report>
			<report>
				<misses>53200001</misses>
				<total>2</total>
				<timestamp>3365.184321</timestamp>
			</report>
			<report>
				<misses>53300001</misses>
				<total>2</total>
				<timestamp>3371.512490</timestamp>
			</report>
			<report>
				<misses>53400001</misses>
				<total>3</total>
				<timestamp>3377.837881</timestamp>
			</report>
			<report>
				<misses>53500001</misses>
				<total>1</total>
				<timestamp>3384.174514</timestamp>
			</report>
			<report>
				<misses>53600001</misses>
				<total>1</total>
				<timestamp>3390.495344</timestamp>
			</report>
			<report>
				<misses>53700001</misses>
				<total>2</total>
				<timestamp>3396.817053</timestamp>
			</report>
			<report>
				<misses>53800001</misses>
				<total>1</total>
				<timestamp>3403.145780</timestamp>
			</report>
			<report>
				<misses>53900001</misses>
				<total>2</total>
				<timestamp>3409.480881</timestamp>
			</report>
			<report>
				<misses>54000001</misses>
				<total>2</total>
				<timestamp>3415.809836</timestamp>
			</report>
			<report>
				<misses>54100001</misses>
				<total>2</total>
				<timestamp>3422.144372</timestamp>
			</report>
			<report>
				<misses>54200001</misses>
				<total>1</total>
				<timestamp>3428.475889</timestamp>
			</report>
			<report>
				<misses>54300001</misses>
				<total>2</total>
				<timestamp>3434.802631</timestamp>
			</report>
			<report>
				<misses>54400001</misses>
				<total>1</total>
				<timestamp>3441.123792</timestamp>
			</report>
			<report>
				<misses>54500001</misses>
				<total>1</total>
				<timestamp>3447.441471</timestamp>
			</report>
			<report>
				<misses>54600001</misses>
				<total>1</total>
				<timestamp>3453.751147</timestamp>
			</report>
			<report>
				<misses>54700001</misses>
				<total>2</total>
				<timestamp>3460.065059</timestamp>
			</report>
			<report>
				<misses>54800001</misses>
				<total>1</total>
				<timestamp>3466.374448</timestamp>
			</report>
			<report>
				<misses>54900001</misses>
				<total>1</total>
				<timestamp>3472.683804</timestamp>
			</report>
			<report>
				<misses>55000001</misses>
				<total>2</total>
				<timestamp>3478.991690</timestamp>
			</report>
			<report>
				<misses>55100001</misses>
				<total>2</total>
				<timestamp>3485.298250</timestamp>
			</report>
			<report>
				<misses>55200001</misses>
				<total>1</total>
				<timestamp>3491.605938</timestamp>
			</report>
			<report>
				<misses>55300001</misses>
				<total>1</total>
				<timestamp>3497.919370</timestamp>
			</report>
			<report>
				<misses>55400001</misses>
				<total>1</total>
				<timestamp>3504.236988</timestamp>
			</report>
			<report>
				<misses>55500001</misses>
				<total>0</total>
				<timestamp>3510.563951</timestamp>
			</report>
			<report>
				<misses>55600001</misses>
				<total>1</total>
				<timestamp>3516.887071</timestamp>
			</report>
			<report>
				<misses>55700001</misses>
				<total>2</total>
				<timestamp>3523.205014</timestamp>
			</report>
			<report>
				<misses>55800001</misses>
				<total>1</total>
				<timestamp>3529.534022</timestamp>
			</report>
			<report>
				<misses>55900001</misses>
				<total>1</total>
				<timestamp>3535.857120</timestamp>
			</report>
			<report>
				<misses>56000001</misses>
				<total>2</total>
				<timestamp>3542.180155</timestamp>
			</report>
			<report>
				<misses>56100001</misses>
				<total>2</total>
				<timestamp>3548.501026</timestamp>
			</report>
			<report>
				<misses>56200001</misses>
				<total>2</total>
				<timestamp>3554.823088</timestamp>
			</report>
			<report>
				<misses>56300001</misses>
				<total>1</total>
				<timestamp>3561.144348</timestamp>
			</report>
			<report>
				<misses>56400001</misses>
				<total>1</total>
				<timestamp>3567.460142</timestamp>
			</report>
			<report>
				<misses>56500001</misses>
				<total>2</total>
				<timestamp>3573.780280</timestamp>
			</report>
			<report>
				<misses>56600001</misses>
				<total>1</total>
				<timestamp>3580.096385</timestamp>
			</report>
			<report>
				<misses>56700001</misses>
				<total>1</total>
				<timestamp>3586.411620</timestamp>
			</report>
			<report>
				<misses>56800001</misses>
				<total>2</total>
				<timestamp>3592.736185</timestamp>
			</report>
			<report>
				<misses>56900001</misses>
				<total>1</total>
				<timestamp>3599.063336</timestamp>
			</report>
		</query>
	</custom>
	<ethtool_statistic>
		<rx_packets>
			<start>-1</start>
			<end>-1</end>
		</rx_packets>
		<tx_packets>
			<start>-1</start>
			<end>-1</end>
		</tx_packets>
		<rx_dropped>
			<start>-1</start>
			<end>-1</end>
		</rx_dropped>
		<tx_dropped>
			<start>-1</start>
			<end>-1</end>
		</tx_dropped>
		<collisions>
			<start>-1</start>
			<end>-1</end>
		</collisions>
		<port_tx_errors>
			<start>-1</start>
			<end>-1</end>
		</port_tx_errors>
		<port_rx_dropped>
			<start>-1</start>
			<end>-1</end>
		</port_rx_dropped>
		<port_tx_dropped_link_down>
			<start>-1</start>
			<end>-1</end>
		</port_tx_dropped_link_down>
	</ethtool_statistic>
	<ip_statistic>
		<mtu>
			<start>-1</start>
			<end>-1</end>
		</mtu>
		<rx_bytes>
			<start>-1</start>
			<end>-1</end>
		</rx_bytes>
		<rx_packets>
			<start>-1</start>
			<end>-1</end>
		</rx_packets>
		<rx_errors>
			<start>-1</start>
			<end>-1</end>
		</rx_errors>
		<rx_dropped>
			<start>-1</start>
			<end>-1</end>
		</rx_dropped>
		<rx_missed>
			<start>-1</start>
			<end>-1</end>
		</rx_missed>
		<rx_mcast>
			<start>-1</start>
			<end>-1</end>
		</rx_mcast>
		<tx_bytes>
			<start>-1</start>
			<end>-1</end>
		</tx_bytes>
		<tx_packets>
			<start>-1</start>
			<end>-1</end>
		</tx_packets>
		<tx_errors>
			<start>-1</start>
			<end>-1</end>
		</tx_errors>
		<tx_dropped>
			<start>-1</start>
			<end>-1</end>
		</tx_dropped>
		<tx_carrier>
			<start>-1</start>
			<end>-1</end>
		</tx_carrier>
		<tx_collisions>
			<start>-1</start>
			<end>-1</end>
		</tx_collisions>
	</ip_statistic>
	<netstat_statistic>
		<udp_pkg_rec>
			<start>5729941501</start>
			<end>5965242986</end>
		</udp_pkg_rec>
		<udp_pkg_snt>
			<start>6371910809</start>
			<end>6600978273</end>
		</udp_pkg_snt>
		<udp_rec_err>
			<start>1007</start>
			<end>1045</end>
		</udp_rec_err>
		<udp_rec_buf_err>
			<start>1007</start>
			<end>1045</end>
		</udp_rec_buf_err>
		<udp_snt_buf_err>
			<start>2</start>
			<end>2</end>
		</udp_snt_buf_err>
	</netstat_statistic>
</test_results>
