<?xml version="1.0"?>
<test_results>
	<status>STATUS_SUCCESS</status>
	<custom>
		<num_loss>739558</num_loss>
		<num_total>1000001</num_total>
		<num_misses>10</num_misses>
		<elapsed_time>120.001331</elapsed_time>
		<query />
	</custom>
	<ethtool_statistic>
		<rx_packets>
			<start>3754475394</start>
			<end>3764759104</end>
		</rx_packets>
		<tx_packets>
			<start>6182210947</start>
			<end>6203316065</end>
		</tx_packets>
		<rx_dropped>
			<start>0</start>
			<end>0</end>
		</rx_dropped>
		<tx_dropped>
			<start>0</start>
			<end>0</end>
		</tx_dropped>
		<collisions>
			<start>0</start>
			<end>0</end>
		</collisions>
		<port_tx_errors>
			<start>0</start>
			<end>0</end>
		</port_tx_errors>
		<port_rx_dropped>
			<start>0</start>
			<end>0</end>
		</port_rx_dropped>
		<port_tx_dropped_link_down>
			<start>0</start>
			<end>0</end>
		</port_tx_dropped_link_down>
	</ethtool_statistic>
	<ip_statistic>
		<mtu>
			<start>9000</start>
			<end>9000</end>
		</mtu>
		<rx_bytes>
			<start>15350119298257</start>
			<end>15391635827830</end>
		</rx_bytes>
		<rx_packets>
			<start>3754475697</start>
			<end>3764759178</end>
		</rx_packets>
		<rx_errors>
			<start>0</start>
			<end>0</end>
		</rx_errors>
		<rx_dropped>
			<start>0</start>
			<end>0</end>
		</rx_dropped>
		<rx_missed>
			<start>0</start>
			<end>0</end>
		</rx_missed>
		<rx_mcast>
			<start>2242</start>
			<end>2243</end>
		</rx_mcast>
		<tx_bytes>
			<start>17776749475275</start>
			<end>17874653603671</end>
		</tx_bytes>
		<tx_packets>
			<start>6182211009</start>
			<end>6203316255</end>
		</tx_packets>
		<tx_errors>
			<start>0</start>
			<end>0</end>
		</tx_errors>
		<tx_dropped>
			<start>0</start>
			<end>0</end>
		</tx_dropped>
		<tx_carrier>
			<start>0</start>
			<end>0</end>
		</tx_carrier>
		<tx_collisions>
			<start>0</start>
			<end>0</end>
		</tx_collisions>
	</ip_statistic>
	<netstat_statistic>
		<udp_pkg_rec>
			<start>3152337743</start>
			<end>3160913055</end>
		</udp_pkg_rec>
		<udp_pkg_snt>
			<start>6133714264</start>
			<end>6147820279</end>
		</udp_pkg_snt>
		<udp_rec_err>
			<start>602823629</start>
			<end>604532149</end>
		</udp_rec_err>
		<udp_rec_buf_err>
			<start>602823629</start>
			<end>604532149</end>
		</udp_rec_buf_err>
		<udp_snt_buf_err>
			<start>0</start>
			<end>0</end>
		</udp_snt_buf_err>
	</netstat_statistic>
</test_results>
