<?xml version="1.0"?>
<test_results>
	<status>STATUS_SUCCESS</status>
	<custom>
		<num_loss>4685237</num_loss>
		<num_total>5000001</num_total>
		<num_misses>83</num_misses>
		<elapsed_time>600.004191</elapsed_time>
		<query>
			<report>
				<misses>100000</misses>
				<total>95332</total>
				<timestamp>12.001282</timestamp>
			</report>
			<report>
				<misses>200000</misses>
				<total>189247</total>
				<timestamp>24.002336</timestamp>
			</report>
			<report>
				<misses>300000</misses>
				<total>285942</total>
				<timestamp>36.002972</timestamp>
			</report>
			<report>
				<misses>400000</misses>
				<total>381024</total>
				<timestamp>48.003301</timestamp>
			</report>
			<report>
				<misses>500000</misses>
				<total>463746</total>
				<timestamp>60.003232</timestamp>
			</report>
			<report>
				<misses>600000</misses>
				<total>563745</total>
				<timestamp>72.003186</timestamp>
			</report>
			<report>
				<misses>700000</misses>
				<total>662734</total>
				<timestamp>84.003177</timestamp>
			</report>
			<report>
				<misses>800000</misses>
				<total>750963</total>
				<timestamp>96.003047</timestamp>
			</report>
			<report>
				<misses>900000</misses>
				<total>850962</total>
				<timestamp>108.002962</timestamp>
			</report>
			<report>
				<misses>1000000</misses>
				<total>936485</total>
				<timestamp>120.002816</timestamp>
			</report>
			<report>
				<misses>1100000</misses>
				<total>1036484</total>
				<timestamp>132.002723</timestamp>
			</report>
			<report>
				<misses>1200000</misses>
				<total>1116869</total>
				<timestamp>144.002579</timestamp>
			</report>
			<report>
				<misses>1300000</misses>
				<total>1216868</total>
				<timestamp>156.002458</timestamp>
			</report>
			<report>
				<misses>1400000</misses>
				<total>1302273</total>
				<timestamp>168.002604</timestamp>
			</report>
			<report>
				<misses>1500000</misses>
				<total>1402272</total>
				<timestamp>180.002578</timestamp>
			</report>
			<report>
				<misses>1600000</misses>
				<total>1495718</total>
				<timestamp>192.002437</timestamp>
			</report>
			<report>
				<misses>1700000</misses>
				<total>1580548</total>
				<timestamp>204.002508</timestamp>
			</report>
			<report>
				<misses>1800000</misses>
				<total>1680547</total>
				<timestamp>216.002539</timestamp>
			</report>
			<report>
				<misses>1900000</misses>
				<total>1765923</total>
				<timestamp>228.002618</timestamp>
			</report>
			<report>
				<misses>2000000</misses>
				<total>1865922</total>
				<timestamp>240.002563</timestamp>
			</report>
			<report>
				<misses>2100000</misses>
				<total>1940679</total>
				<timestamp>252.002629</timestamp>
			</report>
			<report>
				<misses>2200000</misses>
				<total>2040678</total>
				<timestamp>264.003354</timestamp>
			</report>
			<report>
				<misses>2300000</misses>
				<total>2127978</total>
				<timestamp>276.003322</timestamp>
			</report>
			<report>
				<misses>2400000</misses>
				<total>2221732</total>
				<timestamp>288.003406</timestamp>
			</report>
			<report>
				<misses>2500000</misses>
				<total>2321731</total>
				<timestamp>300.003355</timestamp>
			</report>
			<report>
				<misses>2600000</misses>
				<total>2413647</total>
				<timestamp>312.003377</timestamp>
			</report>
			<report>
				<misses>2700000</misses>
				<total>2513646</total>
				<timestamp>324.003336</timestamp>
			</report>
			<report>
				<misses>2800000</misses>
				<total>2603082</total>
				<timestamp>336.003240</timestamp>
			</report>
			<report>
				<misses>2900000</misses>
				<total>2703081</total>
				<timestamp>348.003351</timestamp>
			</report>
			<report>
				<misses>3000000</misses>
				<total>2787462</total>
				<timestamp>360.003526</timestamp>
			</report>
			<report>
				<misses>3100000</misses>
				<total>2887461</total>
				<timestamp>372.003629</timestamp>
			</report>
			<report>
				<misses>3200000</misses>
				<total>2986562</total>
				<timestamp>384.003698</timestamp>
			</report>
			<report>
				<misses>3300000</misses>
				<total>3085517</total>
				<timestamp>396.003563</timestamp>
			</report>
			<report>
				<misses>3400000</misses>
				<total>3185516</total>
				<timestamp>408.003533</timestamp>
			</report>
			<report>
				<misses>3500000</misses>
				<total>3283266</total>
				<timestamp>420.003911</timestamp>
			</report>
			<report>
				<misses>3600000</misses>
				<total>3383265</total>
				<timestamp>432.004071</timestamp>
			</report>
			<report>
				<misses>3700000</misses>
				<total>3467139</total>
				<timestamp>444.004369</timestamp>
			</report>
			<report>
				<misses>3800000</misses>
				<total>3567138</total>
				<timestamp>456.004406</timestamp>
			</report>
			<report>
				<misses>3900000</misses>
				<total>3657317</total>
				<timestamp>468.004545</timestamp>
			</report>
			<report>
				<misses>4000000</misses>
				<total>3755389</total>
				<timestamp>480.004377</timestamp>
			</report>
			<report>
				<misses>4100000</misses>
				<total>3852916</total>
				<timestamp>492.004622</timestamp>
			</report>
			<report>
				<misses>4200000</misses>
				<total>3939843</total>
				<timestamp>504.004722</timestamp>
			</report>
			<report>
				<misses>4300000</misses>
				<total>4039842</total>
				<timestamp>516.004810</timestamp>
			</report>
			<report>
				<misses>4400000</misses>
				<total>4126416</total>
				<timestamp>528.004761</timestamp>
			</report>
			<report>
				<misses>4500000</misses>
				<total>4226415</total>
				<timestamp>540.004612</timestamp>
			</report>
			<report>
				<misses>4600000</misses>
				<total>4307314</total>
				<timestamp>552.004549</timestamp>
			</report>
			<report>
				<misses>4700000</misses>
				<total>4407313</total>
				<timestamp>564.004429</timestamp>
			</report>
			<report>
				<misses>4800000</misses>
				<total>4492183</total>
				<timestamp>576.004249</timestamp>
			</report>
			<report>
				<misses>4900000</misses>
				<total>4585238</total>
				<timestamp>588.004153</timestamp>
			</report>
			<report>
				<misses>5000000</misses>
				<total>4685237</total>
				<timestamp>600.004157</timestamp>
			</report>
		</query>
	</custom>
	<ethtool_statistic>
		<rx_packets>
			<start>3758854285</start>
			<end>3787020215</end>
		</rx_packets>
		<tx_packets>
			<start>4830796597</start>
			<end>4887697248</end>
		</tx_packets>
		<rx_dropped>
			<start>0</start>
			<end>0</end>
		</rx_dropped>
		<tx_dropped>
			<start>0</start>
			<end>0</end>
		</tx_dropped>
		<collisions>
			<start>0</start>
			<end>0</end>
		</collisions>
		<port_tx_errors>
			<start>0</start>
			<end>0</end>
		</port_tx_errors>
		<port_rx_dropped>
			<start>0</start>
			<end>0</end>
		</port_rx_dropped>
		<port_tx_dropped_link_down>
			<start>0</start>
			<end>0</end>
		</port_tx_dropped_link_down>
	</ethtool_statistic>
	<ip_statistic>
		<mtu>
			<start>9000</start>
			<end>9000</end>
		</mtu>
		<rx_bytes>
			<start>33790775267190</start>
			<end>34043981987831</end>
		</rx_bytes>
		<rx_packets>
			<start>3758854353</start>
			<end>3787020333</end>
		</rx_packets>
		<rx_errors>
			<start>0</start>
			<end>0</end>
		</rx_errors>
		<rx_dropped>
			<start>0</start>
			<end>0</end>
		</rx_dropped>
		<rx_missed>
			<start>0</start>
			<end>0</end>
		</rx_missed>
		<rx_mcast>
			<start>1061</start>
			<end>1069</end>
		</rx_mcast>
		<tx_bytes>
			<start>30693968603134</start>
			<end>31172303215976</end>
		</tx_bytes>
		<tx_packets>
			<start>4830796666</start>
			<end>4887697311</end>
		</tx_packets>
		<tx_errors>
			<start>0</start>
			<end>0</end>
		</tx_errors>
		<tx_dropped>
			<start>0</start>
			<end>0</end>
		</tx_dropped>
		<tx_carrier>
			<start>0</start>
			<end>0</end>
		</tx_carrier>
		<tx_collisions>
			<start>0</start>
			<end>0</end>
		</tx_collisions>
	</ip_statistic>
	<netstat_statistic>
		<udp_pkg_rec>
			<start>3551085375</start>
			<end>3577356434</end>
		</udp_pkg_rec>
		<udp_pkg_snt>
			<start>3936780181</start>
			<end>3958685690</end>
		</udp_pkg_snt>
		<udp_rec_err>
			<start>208170786</start>
			<end>210068405</end>
		</udp_rec_err>
		<udp_rec_buf_err>
			<start>208170786</start>
			<end>210068405</end>
		</udp_rec_buf_err>
		<udp_snt_buf_err>
			<start>0</start>
			<end>0</end>
		</udp_snt_buf_err>
	</netstat_statistic>
</test_results>
