<?xml version="1.0"?>
<test_results>
	<status>STATUS_SUCCESS</status>
	<custom>
		<num_loss>4248221</num_loss>
		<num_total>5000001</num_total>
		<num_misses>36</num_misses>
		<elapsed_time>699.998253</elapsed_time>
		<query>
			<report>
				<misses>100000</misses>
				<total>62675</total>
				<timestamp>14.000871</timestamp>
			</report>
			<report>
				<misses>200000</misses>
				<total>162651</total>
				<timestamp>28.001042</timestamp>
			</report>
			<report>
				<misses>300000</misses>
				<total>238703</total>
				<timestamp>42.001290</timestamp>
			</report>
			<report>
				<misses>400000</misses>
				<total>334592</total>
				<timestamp>56.001437</timestamp>
			</report>
			<report>
				<misses>500000</misses>
				<total>401099</total>
				<timestamp>70.001454</timestamp>
			</report>
			<report>
				<misses>600000</misses>
				<total>497084</total>
				<timestamp>84.001289</timestamp>
			</report>
			<report>
				<misses>700000</misses>
				<total>563904</total>
				<timestamp>98.001179</timestamp>
			</report>
			<report>
				<misses>800000</misses>
				<total>661637</total>
				<timestamp>112.001017</timestamp>
			</report>
			<report>
				<misses>900000</misses>
				<total>738114</total>
				<timestamp>126.000864</timestamp>
			</report>
			<report>
				<misses>1000000</misses>
				<total>832764</total>
				<timestamp>140.000737</timestamp>
			</report>
			<report>
				<misses>1100000</misses>
				<total>919262</total>
				<timestamp>154.000567</timestamp>
			</report>
			<report>
				<misses>1200000</misses>
				<total>1009064</total>
				<timestamp>168.000468</timestamp>
			</report>
			<report>
				<misses>1300000</misses>
				<total>1093887</total>
				<timestamp>182.000347</timestamp>
			</report>
			<report>
				<misses>1400000</misses>
				<total>1185097</total>
				<timestamp>196.000489</timestamp>
			</report>
			<report>
				<misses>1500000</misses>
				<total>1262707</total>
				<timestamp>210.000492</timestamp>
			</report>
			<report>
				<misses>1600000</misses>
				<total>1358975</total>
				<timestamp>224.000305</timestamp>
			</report>
			<report>
				<misses>1700000</misses>
				<total>1447703</total>
				<timestamp>238.000585</timestamp>
			</report>
			<report>
				<misses>1800000</misses>
				<total>1532002</total>
				<timestamp>252.000491</timestamp>
			</report>
			<report>
				<misses>1900000</misses>
				<total>1608281</total>
				<timestamp>266.000318</timestamp>
			</report>
			<report>
				<misses>2000000</misses>
				<total>1701588</total>
				<timestamp>280.000173</timestamp>
			</report>
			<report>
				<misses>2100000</misses>
				<total>1779808</total>
				<timestamp>294.000062</timestamp>
			</report>
			<report>
				<misses>2200000</misses>
				<total>1868911</total>
				<timestamp>308.000042</timestamp>
			</report>
			<report>
				<misses>2300000</misses>
				<total>1958835</total>
				<timestamp>322.000069</timestamp>
			</report>
			<report>
				<misses>2400000</misses>
				<total>2050509</total>
				<timestamp>335.999881</timestamp>
			</report>
			<report>
				<misses>2500000</misses>
				<total>2126477</total>
				<timestamp>349.999886</timestamp>
			</report>
			<report>
				<misses>2600000</misses>
				<total>2224995</total>
				<timestamp>363.999792</timestamp>
			</report>
			<report>
				<misses>2700000</misses>
				<total>2311811</total>
				<timestamp>377.999607</timestamp>
			</report>
			<report>
				<misses>2800000</misses>
				<total>2393425</total>
				<timestamp>391.999457</timestamp>
			</report>
			<report>
				<misses>2900000</misses>
				<total>2480292</total>
				<timestamp>405.999370</timestamp>
			</report>
			<report>
				<misses>3000000</misses>
				<total>2562892</total>
				<timestamp>419.999362</timestamp>
			</report>
			<report>
				<misses>3100000</misses>
				<total>2651445</total>
				<timestamp>433.999185</timestamp>
			</report>
			<report>
				<misses>3200000</misses>
				<total>2733358</total>
				<timestamp>447.999048</timestamp>
			</report>
			<report>
				<misses>3300000</misses>
				<total>2823161</total>
				<timestamp>461.998912</timestamp>
			</report>
			<report>
				<misses>3400000</misses>
				<total>2900839</total>
				<timestamp>475.998755</timestamp>
			</report>
			<report>
				<misses>3500000</misses>
				<total>2983480</total>
				<timestamp>489.998802</timestamp>
			</report>
			<report>
				<misses>3600000</misses>
				<total>3064009</total>
				<timestamp>503.998611</timestamp>
			</report>
			<report>
				<misses>3700000</misses>
				<total>3158505</total>
				<timestamp>517.998655</timestamp>
			</report>
			<report>
				<misses>3800000</misses>
				<total>3241662</total>
				<timestamp>531.999262</timestamp>
			</report>
			<report>
				<misses>3900000</misses>
				<total>3336593</total>
				<timestamp>545.999109</timestamp>
			</report>
			<report>
				<misses>4000000</misses>
				<total>3402574</total>
				<timestamp>559.998884</timestamp>
			</report>
			<report>
				<misses>4100000</misses>
				<total>3477788</total>
				<timestamp>573.998765</timestamp>
			</report>
			<report>
				<misses>4200000</misses>
				<total>3563962</total>
				<timestamp>587.998611</timestamp>
			</report>
			<report>
				<misses>4300000</misses>
				<total>3654791</total>
				<timestamp>601.998769</timestamp>
			</report>
			<report>
				<misses>4400000</misses>
				<total>3744233</total>
				<timestamp>615.998807</timestamp>
			</report>
			<report>
				<misses>4500000</misses>
				<total>3819032</total>
				<timestamp>629.998631</timestamp>
			</report>
			<report>
				<misses>4600000</misses>
				<total>3908535</total>
				<timestamp>643.998517</timestamp>
			</report>
			<report>
				<misses>4700000</misses>
				<total>3998871</total>
				<timestamp>657.998354</timestamp>
			</report>
			<report>
				<misses>4800000</misses>
				<total>4087316</total>
				<timestamp>671.998240</timestamp>
			</report>
			<report>
				<misses>4900000</misses>
				<total>4179427</total>
				<timestamp>685.998224</timestamp>
			</report>
			<report>
				<misses>5000000</misses>
				<total>4248222</total>
				<timestamp>699.998232</timestamp>
			</report>
		</query>
	</custom>
	<ethtool_statistic>
		<rx_packets>
			<start>3818264580</start>
			<end>3851088052</end>
		</rx_packets>
		<tx_packets>
			<start>4946444803</start>
			<end>5006139132</end>
		</tx_packets>
		<rx_dropped>
			<start>0</start>
			<end>0</end>
		</rx_dropped>
		<tx_dropped>
			<start>0</start>
			<end>0</end>
		</tx_dropped>
		<collisions>
			<start>0</start>
			<end>0</end>
		</collisions>
		<port_tx_errors>
			<start>0</start>
			<end>0</end>
		</port_tx_errors>
		<port_rx_dropped>
			<start>0</start>
			<end>0</end>
		</port_rx_dropped>
		<port_tx_dropped_link_down>
			<start>0</start>
			<end>0</end>
		</port_tx_dropped_link_down>
	</ethtool_statistic>
	<ip_statistic>
		<mtu>
			<start>9000</start>
			<end>9000</end>
		</mtu>
		<rx_bytes>
			<start>34324863407282</start>
			<end>34619939127807</end>
		</rx_bytes>
		<rx_packets>
			<start>3818264725</start>
			<end>3851088122</end>
		</rx_packets>
		<rx_errors>
			<start>0</start>
			<end>0</end>
		</rx_errors>
		<rx_dropped>
			<start>0</start>
			<end>0</end>
		</rx_dropped>
		<rx_missed>
			<start>0</start>
			<end>0</end>
		</rx_missed>
		<rx_mcast>
			<start>1074</start>
			<end>1092</end>
		</rx_mcast>
		<tx_bytes>
			<start>31667241235978</start>
			<end>32170691519826</end>
		</tx_bytes>
		<tx_packets>
			<start>4946444848</start>
			<end>5006139262</end>
		</tx_packets>
		<tx_errors>
			<start>0</start>
			<end>0</end>
		</tx_errors>
		<tx_dropped>
			<start>0</start>
			<end>0</end>
		</tx_dropped>
		<tx_carrier>
			<start>0</start>
			<end>0</end>
		</tx_carrier>
		<tx_collisions>
			<start>0</start>
			<end>0</end>
		</tx_collisions>
	</ip_statistic>
	<netstat_statistic>
		<udp_pkg_rec>
			<start>3606980933</start>
			<end>3637812154</end>
		</udp_pkg_rec>
		<udp_pkg_snt>
			<start>3982438663</start>
			<end>4007138682</end>
		</udp_pkg_snt>
		<udp_rec_err>
			<start>211691370</start>
			<end>213686571</end>
		</udp_rec_err>
		<udp_rec_buf_err>
			<start>211691370</start>
			<end>213686571</end>
		</udp_rec_buf_err>
		<udp_snt_buf_err>
			<start>0</start>
			<end>0</end>
		</udp_snt_buf_err>
	</netstat_statistic>
</test_results>
