<?xml version="1.0"?>
<test_results>
	<status>STATUS_SUCCESS</status>
	<custom>
		<num_loss>-1</num_loss>
		<num_total>-1</num_total>
		<num_misses>-1</num_misses>
		<elapsed_time>-1.000000</elapsed_time>
		<query />
	</custom>
	<ethtool_statistic>
		<rx_packets>
			<start>5166026659</start>
			<end>7212006977</end>
		</rx_packets>
		<tx_packets>
			<start>17206</start>
			<end>17951</end>
		</tx_packets>
		<rx_dropped>
			<start>1148</start>
			<end>1148</end>
		</rx_dropped>
		<tx_dropped>
			<start>0</start>
			<end>0</end>
		</tx_dropped>
		<collisions>
			<start>0</start>
			<end>0</end>
		</collisions>
		<port_tx_errors>
			<start>0</start>
			<end>0</end>
		</port_tx_errors>
		<port_rx_dropped>
			<start>0</start>
			<end>0</end>
		</port_rx_dropped>
		<port_tx_dropped_link_down>
			<start>0</start>
			<end>0</end>
		</port_tx_dropped_link_down>
	</ethtool_statistic>
	<ip_statistic>
		<mtu>
			<start>1500</start>
			<end>1500</end>
		</mtu>
		<rx_bytes>
			<start>5914419585700</start>
			<end>9006824772150</end>
		</rx_bytes>
		<rx_packets>
			<start>5166026659</start>
			<end>7212006977</end>
		</rx_packets>
		<rx_errors>
			<start>0</start>
			<end>0</end>
		</rx_errors>
		<rx_dropped>
			<start>1148</start>
			<end>1148</end>
		</rx_dropped>
		<rx_missed>
			<start>0</start>
			<end>0</end>
		</rx_missed>
		<rx_mcast>
			<start>5481</start>
			<end>5483</end>
		</rx_mcast>
		<tx_bytes>
			<start>1055183</start>
			<end>1095023</end>
		</tx_bytes>
		<tx_packets>
			<start>17206</start>
			<end>17951</end>
		</tx_packets>
		<tx_errors>
			<start>0</start>
			<end>0</end>
		</tx_errors>
		<tx_dropped>
			<start>0</start>
			<end>0</end>
		</tx_dropped>
		<tx_carrier>
			<start>0</start>
			<end>0</end>
		</tx_carrier>
		<tx_collisions>
			<start>0</start>
			<end>0</end>
		</tx_collisions>
	</ip_statistic>
	<netstat_statistic>
		<udp_pkg_rec>
			<start>2505454236</start>
			<end>2806261385</end>
		</udp_pkg_rec>
		<udp_pkg_snt>
			<start>1212769582</start>
			<end>1486235288</end>
		</udp_pkg_snt>
		<udp_rec_err>
			<start>102463234</start>
			<end>138797925</end>
		</udp_rec_err>
		<udp_rec_buf_err>
			<start>102463234</start>
			<end>138797925</end>
		</udp_rec_buf_err>
		<udp_snt_buf_err>
			<start>0</start>
			<end>0</end>
		</udp_snt_buf_err>
	</netstat_statistic>
</test_results>
