<?xml version="1.0"?>
<test_results>
	<status>STATUS_SUCCESS</status>
	<custom>
		<num_loss>450</num_loss>
		<num_total>28838655</num_total>
		<num_misses>91139526</num_misses>
		<elapsed_time>299.944734</elapsed_time>
		<query>
			<report>
				<misses>100001</misses>
				<total>0</total>
				<timestamp>0.984634</timestamp>
			</report>
			<report>
				<misses>200001</misses>
				<total>0</total>
				<timestamp>1.981262</timestamp>
			</report>
			<report>
				<misses>300001</misses>
				<total>0</total>
				<timestamp>3.039134</timestamp>
			</report>
			<report>
				<misses>400001</misses>
				<total>0</total>
				<timestamp>4.119682</timestamp>
			</report>
			<report>
				<misses>500001</misses>
				<total>0</total>
				<timestamp>5.180066</timestamp>
			</report>
			<report>
				<misses>600001</misses>
				<total>0</total>
				<timestamp>6.254370</timestamp>
			</report>
			<report>
				<misses>700001</misses>
				<total>0</total>
				<timestamp>7.336714</timestamp>
			</report>
			<report>
				<misses>800001</misses>
				<total>0</total>
				<timestamp>8.397907</timestamp>
			</report>
			<report>
				<misses>900001</misses>
				<total>0</total>
				<timestamp>9.462236</timestamp>
			</report>
			<report>
				<misses>1000001</misses>
				<total>0</total>
				<timestamp>10.548127</timestamp>
			</report>
			<report>
				<misses>1100001</misses>
				<total>0</total>
				<timestamp>11.628585</timestamp>
			</report>
			<report>
				<misses>1200001</misses>
				<total>0</total>
				<timestamp>12.735743</timestamp>
			</report>
			<report>
				<misses>1300001</misses>
				<total>0</total>
				<timestamp>13.835449</timestamp>
			</report>
			<report>
				<misses>1400001</misses>
				<total>0</total>
				<timestamp>14.960212</timestamp>
			</report>
			<report>
				<misses>1500001</misses>
				<total>0</total>
				<timestamp>16.070454</timestamp>
			</report>
			<report>
				<misses>1600001</misses>
				<total>0</total>
				<timestamp>17.185455</timestamp>
			</report>
			<report>
				<misses>1700001</misses>
				<total>0</total>
				<timestamp>18.281520</timestamp>
			</report>
			<report>
				<misses>1800001</misses>
				<total>0</total>
				<timestamp>19.349817</timestamp>
			</report>
			<report>
				<misses>1900001</misses>
				<total>0</total>
				<timestamp>20.404599</timestamp>
			</report>
			<report>
				<misses>2000001</misses>
				<total>0</total>
				<timestamp>21.455631</timestamp>
			</report>
			<report>
				<misses>2100001</misses>
				<total>0</total>
				<timestamp>22.493873</timestamp>
			</report>
			<report>
				<misses>2200001</misses>
				<total>0</total>
				<timestamp>23.531432</timestamp>
			</report>
			<report>
				<misses>2300001</misses>
				<total>0</total>
				<timestamp>24.551561</timestamp>
			</report>
			<report>
				<misses>2400001</misses>
				<total>0</total>
				<timestamp>25.579912</timestamp>
			</report>
			<report>
				<misses>2500001</misses>
				<total>0</total>
				<timestamp>26.604365</timestamp>
			</report>
			<report>
				<misses>2600001</misses>
				<total>0</total>
				<timestamp>27.636020</timestamp>
			</report>
			<report>
				<misses>2700001</misses>
				<total>0</total>
				<timestamp>28.673399</timestamp>
			</report>
			<report>
				<misses>2800001</misses>
				<total>0</total>
				<timestamp>29.709735</timestamp>
			</report>
			<report>
				<misses>2900001</misses>
				<total>0</total>
				<timestamp>30.751134</timestamp>
			</report>
			<report>
				<misses>3000001</misses>
				<total>0</total>
				<timestamp>31.798483</timestamp>
			</report>
			<report>
				<misses>3100001</misses>
				<total>0</total>
				<timestamp>32.828920</timestamp>
			</report>
			<report>
				<misses>3200001</misses>
				<total>0</total>
				<timestamp>33.862103</timestamp>
			</report>
			<report>
				<misses>3300001</misses>
				<total>0</total>
				<timestamp>34.898839</timestamp>
			</report>
			<report>
				<misses>3400001</misses>
				<total>0</total>
				<timestamp>35.927187</timestamp>
			</report>
			<report>
				<misses>3500001</misses>
				<total>0</total>
				<timestamp>36.949012</timestamp>
			</report>
			<report>
				<misses>3600001</misses>
				<total>0</total>
				<timestamp>37.988702</timestamp>
			</report>
			<report>
				<misses>3700001</misses>
				<total>0</total>
				<timestamp>39.028289</timestamp>
			</report>
			<report>
				<misses>3800001</misses>
				<total>0</total>
				<timestamp>40.056282</timestamp>
			</report>
			<report>
				<misses>3900001</misses>
				<total>0</total>
				<timestamp>41.079751</timestamp>
			</report>
			<report>
				<misses>4000001</misses>
				<total>0</total>
				<timestamp>42.103335</timestamp>
			</report>
			<report>
				<misses>4100001</misses>
				<total>0</total>
				<timestamp>43.142699</timestamp>
			</report>
			<report>
				<misses>4200001</misses>
				<total>0</total>
				<timestamp>44.184842</timestamp>
			</report>
			<report>
				<misses>4300001</misses>
				<total>0</total>
				<timestamp>45.215460</timestamp>
			</report>
			<report>
				<misses>4400001</misses>
				<total>0</total>
				<timestamp>46.246652</timestamp>
			</report>
			<report>
				<misses>4500001</misses>
				<total>0</total>
				<timestamp>47.275004</timestamp>
			</report>
			<report>
				<misses>4600001</misses>
				<total>0</total>
				<timestamp>48.321499</timestamp>
			</report>
			<report>
				<misses>4700001</misses>
				<total>0</total>
				<timestamp>49.359967</timestamp>
			</report>
			<report>
				<misses>4800001</misses>
				<total>0</total>
				<timestamp>50.398919</timestamp>
			</report>
			<report>
				<misses>4900001</misses>
				<total>0</total>
				<timestamp>51.412634</timestamp>
			</report>
			<report>
				<misses>5000001</misses>
				<total>0</total>
				<timestamp>52.450842</timestamp>
			</report>
			<report>
				<misses>5100001</misses>
				<total>0</total>
				<timestamp>53.475409</timestamp>
			</report>
			<report>
				<misses>5200001</misses>
				<total>0</total>
				<timestamp>54.486305</timestamp>
			</report>
			<report>
				<misses>5300001</misses>
				<total>0</total>
				<timestamp>55.522016</timestamp>
			</report>
			<report>
				<misses>5400001</misses>
				<total>0</total>
				<timestamp>56.548328</timestamp>
			</report>
			<report>
				<misses>5500001</misses>
				<total>0</total>
				<timestamp>57.592731</timestamp>
			</report>
			<report>
				<misses>5600001</misses>
				<total>0</total>
				<timestamp>58.645355</timestamp>
			</report>
			<report>
				<misses>5700001</misses>
				<total>0</total>
				<timestamp>59.688036</timestamp>
			</report>
			<report>
				<misses>5800001</misses>
				<total>132</total>
				<timestamp>60.723803</timestamp>
			</report>
			<report>
				<misses>5900001</misses>
				<total>132</total>
				<timestamp>61.747711</timestamp>
			</report>
			<report>
				<misses>6000001</misses>
				<total>132</total>
				<timestamp>62.783464</timestamp>
			</report>
			<report>
				<misses>6100001</misses>
				<total>132</total>
				<timestamp>63.813773</timestamp>
			</report>
			<report>
				<misses>6200001</misses>
				<total>132</total>
				<timestamp>64.865600</timestamp>
			</report>
			<report>
				<misses>6300001</misses>
				<total>132</total>
				<timestamp>65.904602</timestamp>
			</report>
			<report>
				<misses>6400001</misses>
				<total>132</total>
				<timestamp>66.930068</timestamp>
			</report>
			<report>
				<misses>6500001</misses>
				<total>132</total>
				<timestamp>67.984625</timestamp>
			</report>
			<report>
				<misses>6600001</misses>
				<total>132</total>
				<timestamp>69.029969</timestamp>
			</report>
			<report>
				<misses>6700001</misses>
				<total>132</total>
				<timestamp>70.077056</timestamp>
			</report>
			<report>
				<misses>6800001</misses>
				<total>132</total>
				<timestamp>71.112124</timestamp>
			</report>
			<report>
				<misses>6900001</misses>
				<total>132</total>
				<timestamp>72.152083</timestamp>
			</report>
			<report>
				<misses>7000001</misses>
				<total>132</total>
				<timestamp>73.201462</timestamp>
			</report>
			<report>
				<misses>7100001</misses>
				<total>132</total>
				<timestamp>74.236534</timestamp>
			</report>
			<report>
				<misses>7200001</misses>
				<total>132</total>
				<timestamp>75.285653</timestamp>
			</report>
			<report>
				<misses>7300001</misses>
				<total>132</total>
				<timestamp>76.315557</timestamp>
			</report>
			<report>
				<misses>7400001</misses>
				<total>132</total>
				<timestamp>77.362357</timestamp>
			</report>
			<report>
				<misses>7500001</misses>
				<total>132</total>
				<timestamp>78.402277</timestamp>
			</report>
			<report>
				<misses>7600001</misses>
				<total>132</total>
				<timestamp>79.450186</timestamp>
			</report>
			<report>
				<misses>7700001</misses>
				<total>132</total>
				<timestamp>80.499009</timestamp>
			</report>
			<report>
				<misses>7800001</misses>
				<total>132</total>
				<timestamp>81.530312</timestamp>
			</report>
			<report>
				<misses>7900001</misses>
				<total>132</total>
				<timestamp>82.567504</timestamp>
			</report>
			<report>
				<misses>8000001</misses>
				<total>132</total>
				<timestamp>83.607852</timestamp>
			</report>
			<report>
				<misses>8100001</misses>
				<total>132</total>
				<timestamp>84.649029</timestamp>
			</report>
			<report>
				<misses>8200001</misses>
				<total>132</total>
				<timestamp>85.693993</timestamp>
			</report>
			<report>
				<misses>8300001</misses>
				<total>132</total>
				<timestamp>86.746598</timestamp>
			</report>
			<report>
				<misses>8400001</misses>
				<total>132</total>
				<timestamp>87.781832</timestamp>
			</report>
			<report>
				<misses>8500001</misses>
				<total>132</total>
				<timestamp>88.820906</timestamp>
			</report>
			<report>
				<misses>8600001</misses>
				<total>132</total>
				<timestamp>89.861784</timestamp>
			</report>
			<report>
				<misses>8700001</misses>
				<total>132</total>
				<timestamp>90.900129</timestamp>
			</report>
			<report>
				<misses>8800001</misses>
				<total>132</total>
				<timestamp>91.946818</timestamp>
			</report>
			<report>
				<misses>8900001</misses>
				<total>132</total>
				<timestamp>92.980491</timestamp>
			</report>
			<report>
				<misses>9000001</misses>
				<total>132</total>
				<timestamp>94.023193</timestamp>
			</report>
			<report>
				<misses>9100001</misses>
				<total>132</total>
				<timestamp>95.072156</timestamp>
			</report>
			<report>
				<misses>9200001</misses>
				<total>132</total>
				<timestamp>96.101725</timestamp>
			</report>
			<report>
				<misses>9300001</misses>
				<total>132</total>
				<timestamp>97.148129</timestamp>
			</report>
			<report>
				<misses>9400001</misses>
				<total>132</total>
				<timestamp>98.189472</timestamp>
			</report>
			<report>
				<misses>9500001</misses>
				<total>132</total>
				<timestamp>99.224936</timestamp>
			</report>
			<report>
				<misses>9600001</misses>
				<total>132</total>
				<timestamp>100.280365</timestamp>
			</report>
			<report>
				<misses>9700001</misses>
				<total>132</total>
				<timestamp>101.322561</timestamp>
			</report>
			<report>
				<misses>9800001</misses>
				<total>132</total>
				<timestamp>102.358571</timestamp>
			</report>
			<report>
				<misses>9900001</misses>
				<total>132</total>
				<timestamp>103.396073</timestamp>
			</report>
			<report>
				<misses>10000001</misses>
				<total>132</total>
				<timestamp>104.428803</timestamp>
			</report>
			<report>
				<misses>10100001</misses>
				<total>132</total>
				<timestamp>105.481910</timestamp>
			</report>
			<report>
				<misses>10200001</misses>
				<total>132</total>
				<timestamp>106.537427</timestamp>
			</report>
			<report>
				<misses>10300001</misses>
				<total>132</total>
				<timestamp>107.592976</timestamp>
			</report>
			<report>
				<misses>10400001</misses>
				<total>132</total>
				<timestamp>108.631690</timestamp>
			</report>
			<report>
				<misses>10500001</misses>
				<total>132</total>
				<timestamp>109.682045</timestamp>
			</report>
			<report>
				<misses>10600001</misses>
				<total>132</total>
				<timestamp>110.704619</timestamp>
			</report>
			<report>
				<misses>10700001</misses>
				<total>132</total>
				<timestamp>111.753746</timestamp>
			</report>
			<report>
				<misses>10800001</misses>
				<total>132</total>
				<timestamp>112.819198</timestamp>
			</report>
			<report>
				<misses>10900001</misses>
				<total>132</total>
				<timestamp>113.874190</timestamp>
			</report>
			<report>
				<misses>11000001</misses>
				<total>132</total>
				<timestamp>114.915996</timestamp>
			</report>
			<report>
				<misses>11100001</misses>
				<total>132</total>
				<timestamp>115.966301</timestamp>
			</report>
			<report>
				<misses>11200001</misses>
				<total>132</total>
				<timestamp>117.019165</timestamp>
			</report>
			<report>
				<misses>11300001</misses>
				<total>132</total>
				<timestamp>118.061907</timestamp>
			</report>
			<report>
				<misses>11400001</misses>
				<total>132</total>
				<timestamp>119.112096</timestamp>
			</report>
			<report>
				<misses>11500001</misses>
				<total>242</total>
				<timestamp>120.167551</timestamp>
			</report>
			<report>
				<misses>11600001</misses>
				<total>242</total>
				<timestamp>121.216864</timestamp>
			</report>
			<report>
				<misses>11700001</misses>
				<total>242</total>
				<timestamp>122.252674</timestamp>
			</report>
			<report>
				<misses>11800001</misses>
				<total>242</total>
				<timestamp>123.285200</timestamp>
			</report>
			<report>
				<misses>11900001</misses>
				<total>242</total>
				<timestamp>124.325670</timestamp>
			</report>
			<report>
				<misses>12000001</misses>
				<total>242</total>
				<timestamp>125.375952</timestamp>
			</report>
			<report>
				<misses>12100001</misses>
				<total>242</total>
				<timestamp>126.419933</timestamp>
			</report>
			<report>
				<misses>12200001</misses>
				<total>242</total>
				<timestamp>127.466835</timestamp>
			</report>
			<report>
				<misses>12300001</misses>
				<total>242</total>
				<timestamp>128.514719</timestamp>
			</report>
			<report>
				<misses>12400001</misses>
				<total>242</total>
				<timestamp>129.564160</timestamp>
			</report>
			<report>
				<misses>12500001</misses>
				<total>242</total>
				<timestamp>130.606194</timestamp>
			</report>
			<report>
				<misses>12600001</misses>
				<total>242</total>
				<timestamp>131.644705</timestamp>
			</report>
			<report>
				<misses>12700001</misses>
				<total>242</total>
				<timestamp>132.699731</timestamp>
			</report>
			<report>
				<misses>12800001</misses>
				<total>242</total>
				<timestamp>133.734064</timestamp>
			</report>
			<report>
				<misses>12900001</misses>
				<total>242</total>
				<timestamp>134.787709</timestamp>
			</report>
			<report>
				<misses>13000001</misses>
				<total>242</total>
				<timestamp>135.837189</timestamp>
			</report>
			<report>
				<misses>13100001</misses>
				<total>242</total>
				<timestamp>136.903332</timestamp>
			</report>
			<report>
				<misses>13200001</misses>
				<total>242</total>
				<timestamp>137.954410</timestamp>
			</report>
			<report>
				<misses>13300001</misses>
				<total>242</total>
				<timestamp>139.006721</timestamp>
			</report>
			<report>
				<misses>13400001</misses>
				<total>242</total>
				<timestamp>140.069531</timestamp>
			</report>
			<report>
				<misses>13500001</misses>
				<total>242</total>
				<timestamp>141.111074</timestamp>
			</report>
			<report>
				<misses>13600001</misses>
				<total>242</total>
				<timestamp>142.152407</timestamp>
			</report>
			<report>
				<misses>13700001</misses>
				<total>242</total>
				<timestamp>143.199123</timestamp>
			</report>
			<report>
				<misses>13800001</misses>
				<total>242</total>
				<timestamp>144.234527</timestamp>
			</report>
			<report>
				<misses>13900001</misses>
				<total>242</total>
				<timestamp>145.279440</timestamp>
			</report>
			<report>
				<misses>14000001</misses>
				<total>242</total>
				<timestamp>146.331893</timestamp>
			</report>
			<report>
				<misses>14100001</misses>
				<total>242</total>
				<timestamp>147.368848</timestamp>
			</report>
			<report>
				<misses>14200001</misses>
				<total>242</total>
				<timestamp>148.399214</timestamp>
			</report>
			<report>
				<misses>14300001</misses>
				<total>242</total>
				<timestamp>149.453849</timestamp>
			</report>
			<report>
				<misses>14400001</misses>
				<total>242</total>
				<timestamp>150.503152</timestamp>
			</report>
			<report>
				<misses>14500001</misses>
				<total>242</total>
				<timestamp>151.530548</timestamp>
			</report>
			<report>
				<misses>14600001</misses>
				<total>242</total>
				<timestamp>152.569877</timestamp>
			</report>
			<report>
				<misses>14700001</misses>
				<total>242</total>
				<timestamp>153.616077</timestamp>
			</report>
			<report>
				<misses>14800001</misses>
				<total>242</total>
				<timestamp>154.664005</timestamp>
			</report>
			<report>
				<misses>14900001</misses>
				<total>242</total>
				<timestamp>155.726604</timestamp>
			</report>
			<report>
				<misses>15000001</misses>
				<total>242</total>
				<timestamp>156.760492</timestamp>
			</report>
			<report>
				<misses>15100001</misses>
				<total>242</total>
				<timestamp>157.815106</timestamp>
			</report>
			<report>
				<misses>15200001</misses>
				<total>242</total>
				<timestamp>158.868093</timestamp>
			</report>
			<report>
				<misses>15300001</misses>
				<total>242</total>
				<timestamp>159.919567</timestamp>
			</report>
			<report>
				<misses>15400001</misses>
				<total>242</total>
				<timestamp>160.962994</timestamp>
			</report>
			<report>
				<misses>15500001</misses>
				<total>242</total>
				<timestamp>162.006540</timestamp>
			</report>
			<report>
				<misses>15600001</misses>
				<total>242</total>
				<timestamp>163.056654</timestamp>
			</report>
			<report>
				<misses>15700001</misses>
				<total>242</total>
				<timestamp>164.107422</timestamp>
			</report>
			<report>
				<misses>15800001</misses>
				<total>242</total>
				<timestamp>165.153485</timestamp>
			</report>
			<report>
				<misses>15900001</misses>
				<total>242</total>
				<timestamp>166.190691</timestamp>
			</report>
			<report>
				<misses>16000001</misses>
				<total>242</total>
				<timestamp>167.235272</timestamp>
			</report>
			<report>
				<misses>16100001</misses>
				<total>242</total>
				<timestamp>168.266914</timestamp>
			</report>
			<report>
				<misses>16200001</misses>
				<total>242</total>
				<timestamp>169.292741</timestamp>
			</report>
			<report>
				<misses>16300001</misses>
				<total>242</total>
				<timestamp>170.318646</timestamp>
			</report>
			<report>
				<misses>16400001</misses>
				<total>242</total>
				<timestamp>171.351113</timestamp>
			</report>
			<report>
				<misses>16500001</misses>
				<total>242</total>
				<timestamp>172.377342</timestamp>
			</report>
			<report>
				<misses>16600001</misses>
				<total>242</total>
				<timestamp>173.399334</timestamp>
			</report>
			<report>
				<misses>16700001</misses>
				<total>242</total>
				<timestamp>174.422083</timestamp>
			</report>
			<report>
				<misses>16800001</misses>
				<total>242</total>
				<timestamp>175.449345</timestamp>
			</report>
			<report>
				<misses>16900001</misses>
				<total>242</total>
				<timestamp>176.468736</timestamp>
			</report>
			<report>
				<misses>17000001</misses>
				<total>242</total>
				<timestamp>177.498649</timestamp>
			</report>
			<report>
				<misses>17100001</misses>
				<total>242</total>
				<timestamp>178.524123</timestamp>
			</report>
			<report>
				<misses>17200001</misses>
				<total>242</total>
				<timestamp>179.542833</timestamp>
			</report>
			<report>
				<misses>17300001</misses>
				<total>327</total>
				<timestamp>180.572760</timestamp>
			</report>
			<report>
				<misses>17400001</misses>
				<total>327</total>
				<timestamp>181.591747</timestamp>
			</report>
			<report>
				<misses>17500001</misses>
				<total>327</total>
				<timestamp>182.617748</timestamp>
			</report>
			<report>
				<misses>17600001</misses>
				<total>327</total>
				<timestamp>183.643254</timestamp>
			</report>
			<report>
				<misses>17700001</misses>
				<total>327</total>
				<timestamp>184.673811</timestamp>
			</report>
			<report>
				<misses>17800001</misses>
				<total>327</total>
				<timestamp>185.710684</timestamp>
			</report>
			<report>
				<misses>17900001</misses>
				<total>327</total>
				<timestamp>186.747907</timestamp>
			</report>
			<report>
				<misses>18000001</misses>
				<total>327</total>
				<timestamp>187.772992</timestamp>
			</report>
			<report>
				<misses>18100001</misses>
				<total>327</total>
				<timestamp>188.792049</timestamp>
			</report>
			<report>
				<misses>18200001</misses>
				<total>327</total>
				<timestamp>189.817475</timestamp>
			</report>
			<report>
				<misses>18300001</misses>
				<total>327</total>
				<timestamp>190.848782</timestamp>
			</report>
			<report>
				<misses>18400001</misses>
				<total>327</total>
				<timestamp>191.872250</timestamp>
			</report>
			<report>
				<misses>18500001</misses>
				<total>327</total>
				<timestamp>192.892488</timestamp>
			</report>
			<report>
				<misses>18600001</misses>
				<total>327</total>
				<timestamp>193.917365</timestamp>
			</report>
			<report>
				<misses>18700001</misses>
				<total>327</total>
				<timestamp>194.951243</timestamp>
			</report>
			<report>
				<misses>18800001</misses>
				<total>327</total>
				<timestamp>195.975009</timestamp>
			</report>
			<report>
				<misses>18900001</misses>
				<total>327</total>
				<timestamp>197.007435</timestamp>
			</report>
			<report>
				<misses>19000001</misses>
				<total>327</total>
				<timestamp>198.049277</timestamp>
			</report>
			<report>
				<misses>19100001</misses>
				<total>327</total>
				<timestamp>199.076888</timestamp>
			</report>
			<report>
				<misses>19200001</misses>
				<total>327</total>
				<timestamp>200.099656</timestamp>
			</report>
			<report>
				<misses>19300001</misses>
				<total>327</total>
				<timestamp>201.110441</timestamp>
			</report>
			<report>
				<misses>19400001</misses>
				<total>327</total>
				<timestamp>202.133977</timestamp>
			</report>
			<report>
				<misses>19500001</misses>
				<total>327</total>
				<timestamp>203.157730</timestamp>
			</report>
			<report>
				<misses>19600001</misses>
				<total>327</total>
				<timestamp>204.188508</timestamp>
			</report>
			<report>
				<misses>19700001</misses>
				<total>327</total>
				<timestamp>205.218301</timestamp>
			</report>
			<report>
				<misses>19800001</misses>
				<total>327</total>
				<timestamp>206.244566</timestamp>
			</report>
			<report>
				<misses>19900001</misses>
				<total>327</total>
				<timestamp>207.267812</timestamp>
			</report>
			<report>
				<misses>20000001</misses>
				<total>327</total>
				<timestamp>208.296375</timestamp>
			</report>
			<report>
				<misses>20100001</misses>
				<total>327</total>
				<timestamp>209.320532</timestamp>
			</report>
			<report>
				<misses>20200001</misses>
				<total>327</total>
				<timestamp>210.340239</timestamp>
			</report>
			<report>
				<misses>20300001</misses>
				<total>327</total>
				<timestamp>211.372782</timestamp>
			</report>
			<report>
				<misses>20400001</misses>
				<total>327</total>
				<timestamp>212.379934</timestamp>
			</report>
			<report>
				<misses>20500001</misses>
				<total>327</total>
				<timestamp>213.407399</timestamp>
			</report>
			<report>
				<misses>20600001</misses>
				<total>327</total>
				<timestamp>214.444436</timestamp>
			</report>
			<report>
				<misses>20700001</misses>
				<total>327</total>
				<timestamp>215.467213</timestamp>
			</report>
			<report>
				<misses>20800001</misses>
				<total>327</total>
				<timestamp>216.504105</timestamp>
			</report>
			<report>
				<misses>20900001</misses>
				<total>327</total>
				<timestamp>217.537388</timestamp>
			</report>
			<report>
				<misses>21000001</misses>
				<total>327</total>
				<timestamp>218.569371</timestamp>
			</report>
			<report>
				<misses>21100001</misses>
				<total>327</total>
				<timestamp>219.604111</timestamp>
			</report>
			<report>
				<misses>21200001</misses>
				<total>327</total>
				<timestamp>220.627030</timestamp>
			</report>
			<report>
				<misses>21300001</misses>
				<total>327</total>
				<timestamp>221.658878</timestamp>
			</report>
			<report>
				<misses>21400001</misses>
				<total>327</total>
				<timestamp>222.691560</timestamp>
			</report>
			<report>
				<misses>21500001</misses>
				<total>327</total>
				<timestamp>223.728835</timestamp>
			</report>
			<report>
				<misses>21600001</misses>
				<total>327</total>
				<timestamp>224.773701</timestamp>
			</report>
			<report>
				<misses>21700001</misses>
				<total>327</total>
				<timestamp>225.806687</timestamp>
			</report>
			<report>
				<misses>21800001</misses>
				<total>327</total>
				<timestamp>226.835680</timestamp>
			</report>
			<report>
				<misses>21900001</misses>
				<total>327</total>
				<timestamp>227.861414</timestamp>
			</report>
			<report>
				<misses>22000001</misses>
				<total>327</total>
				<timestamp>228.883260</timestamp>
			</report>
			<report>
				<misses>22100001</misses>
				<total>327</total>
				<timestamp>229.916541</timestamp>
			</report>
			<report>
				<misses>22200001</misses>
				<total>327</total>
				<timestamp>230.951346</timestamp>
			</report>
			<report>
				<misses>22300001</misses>
				<total>327</total>
				<timestamp>231.977146</timestamp>
			</report>
			<report>
				<misses>22400001</misses>
				<total>327</total>
				<timestamp>233.013015</timestamp>
			</report>
			<report>
				<misses>22500001</misses>
				<total>327</total>
				<timestamp>234.046278</timestamp>
			</report>
			<report>
				<misses>22600001</misses>
				<total>327</total>
				<timestamp>235.065367</timestamp>
			</report>
			<report>
				<misses>22700001</misses>
				<total>327</total>
				<timestamp>236.103298</timestamp>
			</report>
			<report>
				<misses>22800001</misses>
				<total>327</total>
				<timestamp>237.133060</timestamp>
			</report>
			<report>
				<misses>22900001</misses>
				<total>327</total>
				<timestamp>238.174298</timestamp>
			</report>
			<report>
				<misses>23000001</misses>
				<total>327</total>
				<timestamp>239.216140</timestamp>
			</report>
			<report>
				<misses>23100001</misses>
				<total>450</total>
				<timestamp>240.250731</timestamp>
			</report>
			<report>
				<misses>23200001</misses>
				<total>450</total>
				<timestamp>241.290163</timestamp>
			</report>
			<report>
				<misses>23300001</misses>
				<total>450</total>
				<timestamp>242.332522</timestamp>
			</report>
			<report>
				<misses>23400001</misses>
				<total>450</total>
				<timestamp>243.366648</timestamp>
			</report>
			<report>
				<misses>23500001</misses>
				<total>450</total>
				<timestamp>244.413738</timestamp>
			</report>
			<report>
				<misses>23600001</misses>
				<total>450</total>
				<timestamp>245.451788</timestamp>
			</report>
			<report>
				<misses>23700001</misses>
				<total>450</total>
				<timestamp>246.489216</timestamp>
			</report>
			<report>
				<misses>23800001</misses>
				<total>450</total>
				<timestamp>247.539273</timestamp>
			</report>
			<report>
				<misses>23900001</misses>
				<total>450</total>
				<timestamp>248.572168</timestamp>
			</report>
			<report>
				<misses>24000001</misses>
				<total>450</total>
				<timestamp>249.645005</timestamp>
			</report>
			<report>
				<misses>24100001</misses>
				<total>450</total>
				<timestamp>250.689650</timestamp>
			</report>
			<report>
				<misses>24200001</misses>
				<total>450</total>
				<timestamp>251.728574</timestamp>
			</report>
			<report>
				<misses>24300001</misses>
				<total>450</total>
				<timestamp>252.764435</timestamp>
			</report>
			<report>
				<misses>24400001</misses>
				<total>450</total>
				<timestamp>253.813551</timestamp>
			</report>
			<report>
				<misses>24500001</misses>
				<total>450</total>
				<timestamp>254.854104</timestamp>
			</report>
			<report>
				<misses>24600001</misses>
				<total>450</total>
				<timestamp>255.886485</timestamp>
			</report>
			<report>
				<misses>24700001</misses>
				<total>450</total>
				<timestamp>256.953972</timestamp>
			</report>
			<report>
				<misses>24800001</misses>
				<total>450</total>
				<timestamp>258.000608</timestamp>
			</report>
			<report>
				<misses>24900001</misses>
				<total>450</total>
				<timestamp>259.039354</timestamp>
			</report>
			<report>
				<misses>25000001</misses>
				<total>450</total>
				<timestamp>260.079256</timestamp>
			</report>
			<report>
				<misses>25100001</misses>
				<total>450</total>
				<timestamp>261.121759</timestamp>
			</report>
			<report>
				<misses>25200001</misses>
				<total>450</total>
				<timestamp>262.154267</timestamp>
			</report>
			<report>
				<misses>25300001</misses>
				<total>450</total>
				<timestamp>263.192968</timestamp>
			</report>
			<report>
				<misses>25400001</misses>
				<total>450</total>
				<timestamp>264.235097</timestamp>
			</report>
			<report>
				<misses>25500001</misses>
				<total>450</total>
				<timestamp>265.293328</timestamp>
			</report>
			<report>
				<misses>25600001</misses>
				<total>450</total>
				<timestamp>266.325205</timestamp>
			</report>
			<report>
				<misses>25700001</misses>
				<total>450</total>
				<timestamp>267.357047</timestamp>
			</report>
			<report>
				<misses>25800001</misses>
				<total>450</total>
				<timestamp>268.403810</timestamp>
			</report>
			<report>
				<misses>25900001</misses>
				<total>450</total>
				<timestamp>269.424763</timestamp>
			</report>
			<report>
				<misses>26000001</misses>
				<total>450</total>
				<timestamp>270.474981</timestamp>
			</report>
			<report>
				<misses>26100001</misses>
				<total>450</total>
				<timestamp>271.504646</timestamp>
			</report>
			<report>
				<misses>26200001</misses>
				<total>450</total>
				<timestamp>272.538580</timestamp>
			</report>
			<report>
				<misses>26300001</misses>
				<total>450</total>
				<timestamp>273.569990</timestamp>
			</report>
			<report>
				<misses>26400001</misses>
				<total>450</total>
				<timestamp>274.604006</timestamp>
			</report>
			<report>
				<misses>26500001</misses>
				<total>450</total>
				<timestamp>275.629845</timestamp>
			</report>
			<report>
				<misses>26600001</misses>
				<total>450</total>
				<timestamp>276.669223</timestamp>
			</report>
			<report>
				<misses>26700001</misses>
				<total>450</total>
				<timestamp>277.703014</timestamp>
			</report>
			<report>
				<misses>26800001</misses>
				<total>450</total>
				<timestamp>278.738183</timestamp>
			</report>
			<report>
				<misses>26900001</misses>
				<total>450</total>
				<timestamp>279.796640</timestamp>
			</report>
			<report>
				<misses>27000001</misses>
				<total>450</total>
				<timestamp>280.829241</timestamp>
			</report>
			<report>
				<misses>27100001</misses>
				<total>450</total>
				<timestamp>281.871023</timestamp>
			</report>
			<report>
				<misses>27200001</misses>
				<total>450</total>
				<timestamp>282.902889</timestamp>
			</report>
			<report>
				<misses>27300001</misses>
				<total>450</total>
				<timestamp>283.951925</timestamp>
			</report>
			<report>
				<misses>27400001</misses>
				<total>450</total>
				<timestamp>284.989930</timestamp>
			</report>
			<report>
				<misses>27500001</misses>
				<total>450</total>
				<timestamp>286.021712</timestamp>
			</report>
			<report>
				<misses>27600001</misses>
				<total>450</total>
				<timestamp>287.062372</timestamp>
			</report>
			<report>
				<misses>27700001</misses>
				<total>450</total>
				<timestamp>288.103519</timestamp>
			</report>
			<report>
				<misses>27800001</misses>
				<total>450</total>
				<timestamp>289.139901</timestamp>
			</report>
			<report>
				<misses>27900001</misses>
				<total>450</total>
				<timestamp>290.193927</timestamp>
			</report>
			<report>
				<misses>28000001</misses>
				<total>450</total>
				<timestamp>291.245216</timestamp>
			</report>
			<report>
				<misses>28100001</misses>
				<total>450</total>
				<timestamp>292.288865</timestamp>
			</report>
			<report>
				<misses>28200001</misses>
				<total>450</total>
				<timestamp>293.323716</timestamp>
			</report>
			<report>
				<misses>28300001</misses>
				<total>450</total>
				<timestamp>294.339376</timestamp>
			</report>
			<report>
				<misses>28400001</misses>
				<total>450</total>
				<timestamp>295.384756</timestamp>
			</report>
			<report>
				<misses>28500001</misses>
				<total>450</total>
				<timestamp>296.423616</timestamp>
			</report>
			<report>
				<misses>28600001</misses>
				<total>450</total>
				<timestamp>297.444910</timestamp>
			</report>
			<report>
				<misses>28700001</misses>
				<total>450</total>
				<timestamp>298.494526</timestamp>
			</report>
			<report>
				<misses>28800001</misses>
				<total>450</total>
				<timestamp>299.542844</timestamp>
			</report>
		</query>
	</custom>
	<ethtool_statistic>
		<rx_packets>
			<start>28305928</start>
			<end>51382289</end>
		</rx_packets>
		<tx_packets>
			<start>36620439</start>
			<end>65459349</end>
		</tx_packets>
		<rx_dropped>
			<start>0</start>
			<end>0</end>
		</rx_dropped>
		<tx_dropped>
			<start>0</start>
			<end>0</end>
		</tx_dropped>
		<collisions>
			<start>0</start>
			<end>0</end>
		</collisions>
		<port_tx_errors>
			<start>0</start>
			<end>0</end>
		</port_tx_errors>
		<port_rx_dropped>
			<start>0</start>
			<end>0</end>
		</port_rx_dropped>
		<port_tx_dropped_link_down>
			<start>0</start>
			<end>0</end>
		</port_tx_dropped_link_down>
	</ethtool_statistic>
	<ip_statistic>
		<mtu>
			<start>9000</start>
			<end>9000</end>
		</mtu>
		<rx_bytes>
			<start>3453282138</start>
			<end>209797288334</end>
		</rx_bytes>
		<rx_packets>
			<start>28305928</start>
			<end>51382289</end>
		</rx_packets>
		<rx_errors>
			<start>0</start>
			<end>0</end>
		</rx_errors>
		<rx_dropped>
			<start>0</start>
			<end>0</end>
		</rx_dropped>
		<rx_missed>
			<start>0</start>
			<end>0</end>
		</rx_missed>
		<rx_mcast>
			<start>4</start>
			<end>4</end>
		</rx_mcast>
		<tx_bytes>
			<start>4467646217</start>
			<end>262340351683</end>
		</tx_bytes>
		<tx_packets>
			<start>36620439</start>
			<end>65459349</end>
		</tx_packets>
		<tx_errors>
			<start>0</start>
			<end>0</end>
		</tx_errors>
		<tx_dropped>
			<start>0</start>
			<end>0</end>
		</tx_dropped>
		<tx_carrier>
			<start>0</start>
			<end>0</end>
		</tx_carrier>
		<tx_collisions>
			<start>0</start>
			<end>0</end>
		</tx_collisions>
	</ip_statistic>
	<netstat_statistic>
		<udp_pkg_rec>
			<start>303891193</start>
			<end>528686442</end>
		</udp_pkg_rec>
		<udp_pkg_snt>
			<start>291893613</start>
			<end>522372047</end>
		</udp_pkg_snt>
		<udp_rec_err>
			<start>0</start>
			<end>0</end>
		</udp_rec_err>
		<udp_rec_buf_err>
			<start>0</start>
			<end>0</end>
		</udp_rec_buf_err>
		<udp_snt_buf_err>
			<start>0</start>
			<end>0</end>
		</udp_snt_buf_err>
	</netstat_statistic>
</test_results>
