<?xml version="1.0"?>
<test_results>
	<status>STATUS_SUCCESS</status>
	<custom>
		<num_loss>0</num_loss>
		<num_total>18676093</num_total>
		<num_misses>29048337</num_misses>
		<elapsed_time>119.310611</elapsed_time>
		<query>
			<report>
				<misses>100001</misses>
				<total>0</total>
				<timestamp>0.692942</timestamp>
			</report>
			<report>
				<misses>200001</misses>
				<total>0</total>
				<timestamp>1.367241</timestamp>
			</report>
			<report>
				<misses>300001</misses>
				<total>0</total>
				<timestamp>2.041923</timestamp>
			</report>
			<report>
				<misses>400001</misses>
				<total>0</total>
				<timestamp>2.712570</timestamp>
			</report>
			<report>
				<misses>500001</misses>
				<total>0</total>
				<timestamp>3.373183</timestamp>
			</report>
			<report>
				<misses>600001</misses>
				<total>0</total>
				<timestamp>4.033578</timestamp>
			</report>
			<report>
				<misses>700001</misses>
				<total>0</total>
				<timestamp>4.694623</timestamp>
			</report>
			<report>
				<misses>800001</misses>
				<total>0</total>
				<timestamp>5.362297</timestamp>
			</report>
			<report>
				<misses>900001</misses>
				<total>0</total>
				<timestamp>6.020774</timestamp>
			</report>
			<report>
				<misses>1000001</misses>
				<total>0</total>
				<timestamp>6.657488</timestamp>
			</report>
			<report>
				<misses>1100001</misses>
				<total>0</total>
				<timestamp>7.298848</timestamp>
			</report>
			<report>
				<misses>1200001</misses>
				<total>0</total>
				<timestamp>7.942556</timestamp>
			</report>
			<report>
				<misses>1300001</misses>
				<total>0</total>
				<timestamp>8.579637</timestamp>
			</report>
			<report>
				<misses>1400001</misses>
				<total>0</total>
				<timestamp>9.209158</timestamp>
			</report>
			<report>
				<misses>1500001</misses>
				<total>0</total>
				<timestamp>9.838694</timestamp>
			</report>
			<report>
				<misses>1600001</misses>
				<total>0</total>
				<timestamp>10.468530</timestamp>
			</report>
			<report>
				<misses>1700001</misses>
				<total>0</total>
				<timestamp>11.098051</timestamp>
			</report>
			<report>
				<misses>1800001</misses>
				<total>0</total>
				<timestamp>11.727197</timestamp>
			</report>
			<report>
				<misses>1900001</misses>
				<total>0</total>
				<timestamp>12.356418</timestamp>
			</report>
			<report>
				<misses>2000001</misses>
				<total>0</total>
				<timestamp>12.985443</timestamp>
			</report>
			<report>
				<misses>2100001</misses>
				<total>0</total>
				<timestamp>13.615732</timestamp>
			</report>
			<report>
				<misses>2200001</misses>
				<total>0</total>
				<timestamp>14.244643</timestamp>
			</report>
			<report>
				<misses>2300001</misses>
				<total>0</total>
				<timestamp>14.873995</timestamp>
			</report>
			<report>
				<misses>2400001</misses>
				<total>0</total>
				<timestamp>15.503626</timestamp>
			</report>
			<report>
				<misses>2500001</misses>
				<total>0</total>
				<timestamp>16.134304</timestamp>
			</report>
			<report>
				<misses>2600001</misses>
				<total>0</total>
				<timestamp>16.763426</timestamp>
			</report>
			<report>
				<misses>2700001</misses>
				<total>0</total>
				<timestamp>17.419567</timestamp>
			</report>
			<report>
				<misses>2800001</misses>
				<total>0</total>
				<timestamp>18.071141</timestamp>
			</report>
			<report>
				<misses>2900001</misses>
				<total>0</total>
				<timestamp>18.713107</timestamp>
			</report>
			<report>
				<misses>3000001</misses>
				<total>0</total>
				<timestamp>19.371090</timestamp>
			</report>
			<report>
				<misses>3100001</misses>
				<total>0</total>
				<timestamp>19.999109</timestamp>
			</report>
			<report>
				<misses>3200001</misses>
				<total>0</total>
				<timestamp>20.642424</timestamp>
			</report>
			<report>
				<misses>3300001</misses>
				<total>0</total>
				<timestamp>21.271420</timestamp>
			</report>
			<report>
				<misses>3400001</misses>
				<total>0</total>
				<timestamp>21.899068</timestamp>
			</report>
			<report>
				<misses>3500001</misses>
				<total>0</total>
				<timestamp>22.527470</timestamp>
			</report>
			<report>
				<misses>3600001</misses>
				<total>0</total>
				<timestamp>23.155452</timestamp>
			</report>
			<report>
				<misses>3700001</misses>
				<total>0</total>
				<timestamp>23.784516</timestamp>
			</report>
			<report>
				<misses>3800001</misses>
				<total>0</total>
				<timestamp>24.424792</timestamp>
			</report>
			<report>
				<misses>3900001</misses>
				<total>0</total>
				<timestamp>25.064879</timestamp>
			</report>
			<report>
				<misses>4000001</misses>
				<total>0</total>
				<timestamp>25.704928</timestamp>
			</report>
			<report>
				<misses>4100001</misses>
				<total>0</total>
				<timestamp>26.344261</timestamp>
			</report>
			<report>
				<misses>4200001</misses>
				<total>0</total>
				<timestamp>26.984078</timestamp>
			</report>
			<report>
				<misses>4300001</misses>
				<total>0</total>
				<timestamp>27.623907</timestamp>
			</report>
			<report>
				<misses>4400001</misses>
				<total>0</total>
				<timestamp>28.263651</timestamp>
			</report>
			<report>
				<misses>4500001</misses>
				<total>0</total>
				<timestamp>28.902886</timestamp>
			</report>
			<report>
				<misses>4600001</misses>
				<total>0</total>
				<timestamp>29.542096</timestamp>
			</report>
			<report>
				<misses>4700001</misses>
				<total>0</total>
				<timestamp>30.181281</timestamp>
			</report>
			<report>
				<misses>4800001</misses>
				<total>0</total>
				<timestamp>30.827019</timestamp>
			</report>
			<report>
				<misses>4900001</misses>
				<total>0</total>
				<timestamp>31.468328</timestamp>
			</report>
			<report>
				<misses>5000001</misses>
				<total>0</total>
				<timestamp>32.108455</timestamp>
			</report>
			<report>
				<misses>5100001</misses>
				<total>0</total>
				<timestamp>32.748447</timestamp>
			</report>
			<report>
				<misses>5200001</misses>
				<total>0</total>
				<timestamp>33.389643</timestamp>
			</report>
			<report>
				<misses>5300001</misses>
				<total>0</total>
				<timestamp>34.030870</timestamp>
			</report>
			<report>
				<misses>5400001</misses>
				<total>0</total>
				<timestamp>34.672469</timestamp>
			</report>
			<report>
				<misses>5500001</misses>
				<total>0</total>
				<timestamp>35.313870</timestamp>
			</report>
			<report>
				<misses>5600001</misses>
				<total>0</total>
				<timestamp>35.955046</timestamp>
			</report>
			<report>
				<misses>5700001</misses>
				<total>0</total>
				<timestamp>36.595995</timestamp>
			</report>
			<report>
				<misses>5800001</misses>
				<total>0</total>
				<timestamp>37.236809</timestamp>
			</report>
			<report>
				<misses>5900001</misses>
				<total>0</total>
				<timestamp>37.876500</timestamp>
			</report>
			<report>
				<misses>6000001</misses>
				<total>0</total>
				<timestamp>38.516908</timestamp>
			</report>
			<report>
				<misses>6100001</misses>
				<total>0</total>
				<timestamp>39.159217</timestamp>
			</report>
			<report>
				<misses>6200001</misses>
				<total>0</total>
				<timestamp>39.800461</timestamp>
			</report>
			<report>
				<misses>6300001</misses>
				<total>0</total>
				<timestamp>40.442819</timestamp>
			</report>
			<report>
				<misses>6400001</misses>
				<total>0</total>
				<timestamp>41.084700</timestamp>
			</report>
			<report>
				<misses>6500001</misses>
				<total>0</total>
				<timestamp>41.727365</timestamp>
			</report>
			<report>
				<misses>6600001</misses>
				<total>0</total>
				<timestamp>42.372630</timestamp>
			</report>
			<report>
				<misses>6700001</misses>
				<total>0</total>
				<timestamp>43.015069</timestamp>
			</report>
			<report>
				<misses>6800001</misses>
				<total>0</total>
				<timestamp>43.657098</timestamp>
			</report>
			<report>
				<misses>6900001</misses>
				<total>0</total>
				<timestamp>44.301632</timestamp>
			</report>
			<report>
				<misses>7000001</misses>
				<total>0</total>
				<timestamp>44.942543</timestamp>
			</report>
			<report>
				<misses>7100001</misses>
				<total>0</total>
				<timestamp>45.581843</timestamp>
			</report>
			<report>
				<misses>7200001</misses>
				<total>0</total>
				<timestamp>46.221763</timestamp>
			</report>
			<report>
				<misses>7300001</misses>
				<total>0</total>
				<timestamp>46.862303</timestamp>
			</report>
			<report>
				<misses>7400001</misses>
				<total>0</total>
				<timestamp>47.505019</timestamp>
			</report>
			<report>
				<misses>7500001</misses>
				<total>0</total>
				<timestamp>48.147667</timestamp>
			</report>
			<report>
				<misses>7600001</misses>
				<total>0</total>
				<timestamp>48.790162</timestamp>
			</report>
			<report>
				<misses>7700001</misses>
				<total>0</total>
				<timestamp>49.431584</timestamp>
			</report>
			<report>
				<misses>7800001</misses>
				<total>0</total>
				<timestamp>50.072984</timestamp>
			</report>
			<report>
				<misses>7900001</misses>
				<total>0</total>
				<timestamp>50.713514</timestamp>
			</report>
			<report>
				<misses>8000001</misses>
				<total>0</total>
				<timestamp>51.354555</timestamp>
			</report>
			<report>
				<misses>8100001</misses>
				<total>0</total>
				<timestamp>51.994329</timestamp>
			</report>
			<report>
				<misses>8200001</misses>
				<total>0</total>
				<timestamp>52.635078</timestamp>
			</report>
			<report>
				<misses>8300001</misses>
				<total>0</total>
				<timestamp>53.275305</timestamp>
			</report>
			<report>
				<misses>8400001</misses>
				<total>0</total>
				<timestamp>53.916038</timestamp>
			</report>
			<report>
				<misses>8500001</misses>
				<total>0</total>
				<timestamp>54.556443</timestamp>
			</report>
			<report>
				<misses>8600001</misses>
				<total>0</total>
				<timestamp>55.198379</timestamp>
			</report>
			<report>
				<misses>8700001</misses>
				<total>0</total>
				<timestamp>55.839937</timestamp>
			</report>
			<report>
				<misses>8800001</misses>
				<total>0</total>
				<timestamp>56.481041</timestamp>
			</report>
			<report>
				<misses>8900001</misses>
				<total>0</total>
				<timestamp>57.122089</timestamp>
			</report>
			<report>
				<misses>9000001</misses>
				<total>0</total>
				<timestamp>57.762919</timestamp>
			</report>
			<report>
				<misses>9100001</misses>
				<total>0</total>
				<timestamp>58.403752</timestamp>
			</report>
			<report>
				<misses>9200001</misses>
				<total>0</total>
				<timestamp>59.044885</timestamp>
			</report>
			<report>
				<misses>9300001</misses>
				<total>0</total>
				<timestamp>59.685202</timestamp>
			</report>
			<report>
				<misses>9400001</misses>
				<total>0</total>
				<timestamp>60.325743</timestamp>
			</report>
			<report>
				<misses>9500001</misses>
				<total>0</total>
				<timestamp>60.966878</timestamp>
			</report>
			<report>
				<misses>9600001</misses>
				<total>0</total>
				<timestamp>61.611797</timestamp>
			</report>
			<report>
				<misses>9700001</misses>
				<total>0</total>
				<timestamp>62.251942</timestamp>
			</report>
			<report>
				<misses>9800001</misses>
				<total>0</total>
				<timestamp>62.892037</timestamp>
			</report>
			<report>
				<misses>9900001</misses>
				<total>0</total>
				<timestamp>63.532014</timestamp>
			</report>
			<report>
				<misses>10000001</misses>
				<total>0</total>
				<timestamp>64.172055</timestamp>
			</report>
			<report>
				<misses>10100001</misses>
				<total>0</total>
				<timestamp>64.812242</timestamp>
			</report>
			<report>
				<misses>10200001</misses>
				<total>0</total>
				<timestamp>65.453772</timestamp>
			</report>
			<report>
				<misses>10300001</misses>
				<total>0</total>
				<timestamp>66.095446</timestamp>
			</report>
			<report>
				<misses>10400001</misses>
				<total>0</total>
				<timestamp>66.737305</timestamp>
			</report>
			<report>
				<misses>10500001</misses>
				<total>0</total>
				<timestamp>67.378124</timestamp>
			</report>
			<report>
				<misses>10600001</misses>
				<total>0</total>
				<timestamp>68.018973</timestamp>
			</report>
			<report>
				<misses>10700001</misses>
				<total>0</total>
				<timestamp>68.659509</timestamp>
			</report>
			<report>
				<misses>10800001</misses>
				<total>0</total>
				<timestamp>69.301741</timestamp>
			</report>
			<report>
				<misses>10900001</misses>
				<total>0</total>
				<timestamp>69.949781</timestamp>
			</report>
			<report>
				<misses>11000001</misses>
				<total>0</total>
				<timestamp>70.592300</timestamp>
			</report>
			<report>
				<misses>11100001</misses>
				<total>0</total>
				<timestamp>71.227880</timestamp>
			</report>
			<report>
				<misses>11200001</misses>
				<total>0</total>
				<timestamp>71.855724</timestamp>
			</report>
			<report>
				<misses>11300001</misses>
				<total>0</total>
				<timestamp>72.483172</timestamp>
			</report>
			<report>
				<misses>11400001</misses>
				<total>0</total>
				<timestamp>73.115946</timestamp>
			</report>
			<report>
				<misses>11500001</misses>
				<total>0</total>
				<timestamp>73.743713</timestamp>
			</report>
			<report>
				<misses>11600001</misses>
				<total>0</total>
				<timestamp>74.370886</timestamp>
			</report>
			<report>
				<misses>11700001</misses>
				<total>0</total>
				<timestamp>74.999049</timestamp>
			</report>
			<report>
				<misses>11800001</misses>
				<total>0</total>
				<timestamp>75.626548</timestamp>
			</report>
			<report>
				<misses>11900001</misses>
				<total>0</total>
				<timestamp>76.259250</timestamp>
			</report>
			<report>
				<misses>12000001</misses>
				<total>0</total>
				<timestamp>76.887090</timestamp>
			</report>
			<report>
				<misses>12100001</misses>
				<total>0</total>
				<timestamp>77.514502</timestamp>
			</report>
			<report>
				<misses>12200001</misses>
				<total>0</total>
				<timestamp>78.142041</timestamp>
			</report>
			<report>
				<misses>12300001</misses>
				<total>0</total>
				<timestamp>78.769461</timestamp>
			</report>
			<report>
				<misses>12400001</misses>
				<total>0</total>
				<timestamp>79.396192</timestamp>
			</report>
			<report>
				<misses>12500001</misses>
				<total>0</total>
				<timestamp>80.022739</timestamp>
			</report>
			<report>
				<misses>12600001</misses>
				<total>0</total>
				<timestamp>80.651635</timestamp>
			</report>
			<report>
				<misses>12700001</misses>
				<total>0</total>
				<timestamp>81.280067</timestamp>
			</report>
			<report>
				<misses>12800001</misses>
				<total>0</total>
				<timestamp>81.908561</timestamp>
			</report>
			<report>
				<misses>12900001</misses>
				<total>0</total>
				<timestamp>82.536837</timestamp>
			</report>
			<report>
				<misses>13000001</misses>
				<total>0</total>
				<timestamp>83.165519</timestamp>
			</report>
			<report>
				<misses>13100001</misses>
				<total>0</total>
				<timestamp>83.797307</timestamp>
			</report>
			<report>
				<misses>13200001</misses>
				<total>0</total>
				<timestamp>84.425068</timestamp>
			</report>
			<report>
				<misses>13300001</misses>
				<total>0</total>
				<timestamp>85.054807</timestamp>
			</report>
			<report>
				<misses>13400001</misses>
				<total>0</total>
				<timestamp>85.688979</timestamp>
			</report>
			<report>
				<misses>13500001</misses>
				<total>0</total>
				<timestamp>86.323380</timestamp>
			</report>
			<report>
				<misses>13600001</misses>
				<total>0</total>
				<timestamp>86.950155</timestamp>
			</report>
			<report>
				<misses>13700001</misses>
				<total>0</total>
				<timestamp>87.575077</timestamp>
			</report>
			<report>
				<misses>13800001</misses>
				<total>0</total>
				<timestamp>88.200882</timestamp>
			</report>
			<report>
				<misses>13900001</misses>
				<total>0</total>
				<timestamp>88.821848</timestamp>
			</report>
			<report>
				<misses>14000001</misses>
				<total>0</total>
				<timestamp>89.443252</timestamp>
			</report>
			<report>
				<misses>14100001</misses>
				<total>0</total>
				<timestamp>90.064511</timestamp>
			</report>
			<report>
				<misses>14200001</misses>
				<total>0</total>
				<timestamp>90.688283</timestamp>
			</report>
			<report>
				<misses>14300001</misses>
				<total>0</total>
				<timestamp>91.311525</timestamp>
			</report>
			<report>
				<misses>14400001</misses>
				<total>0</total>
				<timestamp>91.932931</timestamp>
			</report>
			<report>
				<misses>14500001</misses>
				<total>0</total>
				<timestamp>92.553612</timestamp>
			</report>
			<report>
				<misses>14600001</misses>
				<total>0</total>
				<timestamp>93.174903</timestamp>
			</report>
			<report>
				<misses>14700001</misses>
				<total>0</total>
				<timestamp>93.796239</timestamp>
			</report>
			<report>
				<misses>14800001</misses>
				<total>0</total>
				<timestamp>94.424303</timestamp>
			</report>
			<report>
				<misses>14900001</misses>
				<total>0</total>
				<timestamp>95.078398</timestamp>
			</report>
			<report>
				<misses>15000001</misses>
				<total>0</total>
				<timestamp>95.726960</timestamp>
			</report>
			<report>
				<misses>15100001</misses>
				<total>0</total>
				<timestamp>96.365489</timestamp>
			</report>
			<report>
				<misses>15200001</misses>
				<total>0</total>
				<timestamp>97.003990</timestamp>
			</report>
			<report>
				<misses>15300001</misses>
				<total>0</total>
				<timestamp>97.693567</timestamp>
			</report>
			<report>
				<misses>15400001</misses>
				<total>0</total>
				<timestamp>98.339735</timestamp>
			</report>
			<report>
				<misses>15500001</misses>
				<total>0</total>
				<timestamp>98.978275</timestamp>
			</report>
			<report>
				<misses>15600001</misses>
				<total>0</total>
				<timestamp>99.618609</timestamp>
			</report>
			<report>
				<misses>15700001</misses>
				<total>0</total>
				<timestamp>100.257216</timestamp>
			</report>
			<report>
				<misses>15800001</misses>
				<total>0</total>
				<timestamp>100.897790</timestamp>
			</report>
			<report>
				<misses>15900001</misses>
				<total>0</total>
				<timestamp>101.552670</timestamp>
			</report>
			<report>
				<misses>16000001</misses>
				<total>0</total>
				<timestamp>102.226880</timestamp>
			</report>
			<report>
				<misses>16100001</misses>
				<total>0</total>
				<timestamp>102.893215</timestamp>
			</report>
			<report>
				<misses>16200001</misses>
				<total>0</total>
				<timestamp>103.541007</timestamp>
			</report>
			<report>
				<misses>16300001</misses>
				<total>0</total>
				<timestamp>104.200128</timestamp>
			</report>
			<report>
				<misses>16400001</misses>
				<total>0</total>
				<timestamp>104.836230</timestamp>
			</report>
			<report>
				<misses>16500001</misses>
				<total>0</total>
				<timestamp>105.477873</timestamp>
			</report>
			<report>
				<misses>16600001</misses>
				<total>0</total>
				<timestamp>106.112466</timestamp>
			</report>
			<report>
				<misses>16700001</misses>
				<total>0</total>
				<timestamp>106.748489</timestamp>
			</report>
			<report>
				<misses>16800001</misses>
				<total>0</total>
				<timestamp>107.389608</timestamp>
			</report>
			<report>
				<misses>16900001</misses>
				<total>0</total>
				<timestamp>108.046827</timestamp>
			</report>
			<report>
				<misses>17000001</misses>
				<total>0</total>
				<timestamp>108.704834</timestamp>
			</report>
			<report>
				<misses>17100001</misses>
				<total>0</total>
				<timestamp>109.355449</timestamp>
			</report>
			<report>
				<misses>17200001</misses>
				<total>0</total>
				<timestamp>109.990163</timestamp>
			</report>
			<report>
				<misses>17300001</misses>
				<total>0</total>
				<timestamp>110.627869</timestamp>
			</report>
			<report>
				<misses>17400001</misses>
				<total>0</total>
				<timestamp>111.266686</timestamp>
			</report>
			<report>
				<misses>17500001</misses>
				<total>0</total>
				<timestamp>111.920829</timestamp>
			</report>
			<report>
				<misses>17600001</misses>
				<total>0</total>
				<timestamp>112.576446</timestamp>
			</report>
			<report>
				<misses>17700001</misses>
				<total>0</total>
				<timestamp>113.205963</timestamp>
			</report>
			<report>
				<misses>17800001</misses>
				<total>0</total>
				<timestamp>113.827488</timestamp>
			</report>
			<report>
				<misses>17900001</misses>
				<total>0</total>
				<timestamp>114.448598</timestamp>
			</report>
			<report>
				<misses>18000001</misses>
				<total>0</total>
				<timestamp>115.069098</timestamp>
			</report>
			<report>
				<misses>18100001</misses>
				<total>0</total>
				<timestamp>115.692593</timestamp>
			</report>
			<report>
				<misses>18200001</misses>
				<total>0</total>
				<timestamp>116.346245</timestamp>
			</report>
			<report>
				<misses>18300001</misses>
				<total>0</total>
				<timestamp>116.986989</timestamp>
			</report>
			<report>
				<misses>18400001</misses>
				<total>0</total>
				<timestamp>117.605593</timestamp>
			</report>
			<report>
				<misses>18500001</misses>
				<total>0</total>
				<timestamp>118.223386</timestamp>
			</report>
			<report>
				<misses>18600001</misses>
				<total>0</total>
				<timestamp>118.840607</timestamp>
			</report>
		</query>
	</custom>
	<ethtool_statistic>
		<rx_packets>
			<start>3824217885</start>
			<end>3834880732</end>
		</rx_packets>
		<tx_packets>
			<start>6930517812</start>
			<end>6949194020</end>
		</tx_packets>
		<rx_dropped>
			<start>0</start>
			<end>0</end>
		</rx_dropped>
		<tx_dropped>
			<start>0</start>
			<end>0</end>
		</tx_dropped>
		<collisions>
			<start>0</start>
			<end>0</end>
		</collisions>
		<port_tx_errors>
			<start>0</start>
			<end>0</end>
		</port_tx_errors>
		<port_rx_dropped>
			<start>0</start>
			<end>0</end>
		</port_rx_dropped>
		<port_tx_dropped_link_down>
			<start>0</start>
			<end>0</end>
		</port_tx_dropped_link_down>
	</ethtool_statistic>
	<ip_statistic>
		<mtu>
			<start>9000</start>
			<end>9000</end>
		</mtu>
		<rx_bytes>
			<start>23151490661838</start>
			<end>23152791483182</end>
		</rx_bytes>
		<rx_packets>
			<start>3824218109</start>
			<end>3834880732</end>
		</rx_packets>
		<rx_errors>
			<start>0</start>
			<end>0</end>
		</rx_errors>
		<rx_dropped>
			<start>0</start>
			<end>0</end>
		</rx_dropped>
		<rx_missed>
			<start>0</start>
			<end>0</end>
		</rx_missed>
		<rx_mcast>
			<start>346</start>
			<end>346</end>
		</rx_mcast>
		<tx_bytes>
			<start>31795248478364</start>
			<end>31797526954136</end>
		</tx_bytes>
		<tx_packets>
			<start>6930517812</start>
			<end>6949194020</end>
		</tx_packets>
		<tx_errors>
			<start>0</start>
			<end>0</end>
		</tx_errors>
		<tx_dropped>
			<start>0</start>
			<end>0</end>
		</tx_dropped>
		<tx_carrier>
			<start>0</start>
			<end>0</end>
		</tx_carrier>
		<tx_collisions>
			<start>0</start>
			<end>0</end>
		</tx_collisions>
	</ip_statistic>
	<netstat_statistic>
		<udp_pkg_rec>
			<start>5765428523</start>
			<end>5786754078</end>
		</udp_pkg_rec>
		<udp_pkg_snt>
			<start>11953311669</start>
			<end>11990721899</end>
		</udp_pkg_snt>
		<udp_rec_err>
			<start>0</start>
			<end>0</end>
		</udp_rec_err>
		<udp_rec_buf_err>
			<start>0</start>
			<end>0</end>
		</udp_rec_buf_err>
		<udp_snt_buf_err>
			<start>0</start>
			<end>0</end>
		</udp_snt_buf_err>
	</netstat_statistic>
</test_results>
