<?xml version="1.0"?>
<test_results>
	<status>STATUS_UNKNOWN</status>
	<iperf>
		<interval></interval>
		<transfer></transfer>
		<bandwidth></bandwidth>
		<jitter></jitter>
		<num_loss>-1</num_loss>
		<num_total>-1</num_total>
		<startup_message>Client connecting to 10.0.0.2, UDP port 5001
Sending 80 byte datagrams, IPG target: 0.06 us (kalman adjust)
UDP buffer size:  208 KByte (default)</startup_message>
	</iperf>
	<ethtool_statistic>
		<rx_packets>
			<start>48971</start>
			<end>49381</end>
		</rx_packets>
		<tx_packets>
			<start>1627217222</start>
			<end>1794007578</end>
		</tx_packets>
		<rx_dropped>
			<start>0</start>
			<end>0</end>
		</rx_dropped>
		<tx_dropped>
			<start>0</start>
			<end>0</end>
		</tx_dropped>
		<collisions>
			<start>0</start>
			<end>0</end>
		</collisions>
		<port_tx_errors>
			<start>0</start>
			<end>0</end>
		</port_tx_errors>
		<port_rx_dropped>
			<start>0</start>
			<end>0</end>
		</port_rx_dropped>
		<port_tx_dropped_link_down>
			<start>0</start>
			<end>0</end>
		</port_tx_dropped_link_down>
	</ethtool_statistic>
	<ip_statistic>
		<mtu>
			<start>9000</start>
			<end>9000</end>
		</mtu>
		<rx_bytes>
			<start>5552429</start>
			<end>5611416</end>
		</rx_bytes>
		<rx_packets>
			<start>48971</start>
			<end>49381</end>
		</rx_packets>
		<rx_errors>
			<start>0</start>
			<end>0</end>
		</rx_errors>
		<rx_dropped>
			<start>0</start>
			<end>0</end>
		</rx_dropped>
		<rx_missed>
			<start>0</start>
			<end>0</end>
		</rx_missed>
		<rx_mcast>
			<start>7510</start>
			<end>7523</end>
		</rx_mcast>
		<tx_bytes>
			<start>1324973044213</start>
			<end>1345321465863</end>
		</tx_bytes>
		<tx_packets>
			<start>1627217222</start>
			<end>1794007578</end>
		</tx_packets>
		<tx_errors>
			<start>0</start>
			<end>0</end>
		</tx_errors>
		<tx_dropped>
			<start>0</start>
			<end>0</end>
		</tx_dropped>
		<tx_carrier>
			<start>0</start>
			<end>0</end>
		</tx_carrier>
		<tx_collisions>
			<start>0</start>
			<end>0</end>
		</tx_collisions>
	</ip_statistic>
</test_results>
