<?xml version="1.0"?>
<test_results>
	<status>STATUS_SUCCESS</status>
	<custom>
		<num_loss>1533165</num_loss>
		<num_total>5000001</num_total>
		<num_misses>1072</num_misses>
		<elapsed_time>649.489586</elapsed_time>
		<query>
			<report>
				<misses>1001</misses>
				<total>1</total>
				<timestamp>0.130030</timestamp>
			</report>
			<report>
				<misses>2001</misses>
				<total>3</total>
				<timestamp>0.259933</timestamp>
			</report>
			<report>
				<misses>3001</misses>
				<total>3</total>
				<timestamp>0.389773</timestamp>
			</report>
			<report>
				<misses>4001</misses>
				<total>3</total>
				<timestamp>0.519661</timestamp>
			</report>
			<report>
				<misses>5001</misses>
				<total>3</total>
				<timestamp>0.649574</timestamp>
			</report>
			<report>
				<misses>6001</misses>
				<total>3</total>
				<timestamp>0.779430</timestamp>
			</report>
			<report>
				<misses>7001</misses>
				<total>3</total>
				<timestamp>0.909278</timestamp>
			</report>
			<report>
				<misses>8001</misses>
				<total>3</total>
				<timestamp>1.039161</timestamp>
			</report>
			<report>
				<misses>9001</misses>
				<total>4</total>
				<timestamp>1.168987</timestamp>
			</report>
			<report>
				<misses>10001</misses>
				<total>2</total>
				<timestamp>1.298907</timestamp>
			</report>
			<report>
				<misses>11001</misses>
				<total>4</total>
				<timestamp>1.428734</timestamp>
			</report>
			<report>
				<misses>12001</misses>
				<total>3</total>
				<timestamp>1.558616</timestamp>
			</report>
			<report>
				<misses>13001</misses>
				<total>3</total>
				<timestamp>1.688521</timestamp>
			</report>
			<report>
				<misses>14001</misses>
				<total>3</total>
				<timestamp>1.818388</timestamp>
			</report>
			<report>
				<misses>15001</misses>
				<total>3</total>
				<timestamp>1.948220</timestamp>
			</report>
			<report>
				<misses>16001</misses>
				<total>2</total>
				<timestamp>2.078165</timestamp>
			</report>
			<report>
				<misses>17001</misses>
				<total>3</total>
				<timestamp>2.207982</timestamp>
			</report>
			<report>
				<misses>18001</misses>
				<total>3</total>
				<timestamp>2.337830</timestamp>
			</report>
			<report>
				<misses>19001</misses>
				<total>3</total>
				<timestamp>2.467749</timestamp>
			</report>
			<report>
				<misses>20001</misses>
				<total>3</total>
				<timestamp>2.597609</timestamp>
			</report>
			<report>
				<misses>21001</misses>
				<total>3</total>
				<timestamp>2.727538</timestamp>
			</report>
			<report>
				<misses>22001</misses>
				<total>3</total>
				<timestamp>2.857516</timestamp>
			</report>
			<report>
				<misses>23001</misses>
				<total>3</total>
				<timestamp>2.987368</timestamp>
			</report>
			<report>
				<misses>24001</misses>
				<total>3</total>
				<timestamp>3.117194</timestamp>
			</report>
			<report>
				<misses>25001</misses>
				<total>6</total>
				<timestamp>3.247105</timestamp>
			</report>
			<report>
				<misses>26001</misses>
				<total>6</total>
				<timestamp>3.376924</timestamp>
			</report>
			<report>
				<misses>27001</misses>
				<total>6</total>
				<timestamp>3.506834</timestamp>
			</report>
			<report>
				<misses>28001</misses>
				<total>6</total>
				<timestamp>3.636708</timestamp>
			</report>
			<report>
				<misses>29001</misses>
				<total>6</total>
				<timestamp>3.766541</timestamp>
			</report>
			<report>
				<misses>30001</misses>
				<total>6</total>
				<timestamp>3.896456</timestamp>
			</report>
			<report>
				<misses>31001</misses>
				<total>6</total>
				<timestamp>4.026292</timestamp>
			</report>
			<report>
				<misses>32001</misses>
				<total>6</total>
				<timestamp>4.156150</timestamp>
			</report>
			<report>
				<misses>33001</misses>
				<total>6</total>
				<timestamp>4.286014</timestamp>
			</report>
			<report>
				<misses>34001</misses>
				<total>724</total>
				<timestamp>4.415924</timestamp>
			</report>
			<report>
				<misses>35001</misses>
				<total>1723</total>
				<timestamp>4.545826</timestamp>
			</report>
			<report>
				<misses>36001</misses>
				<total>2722</total>
				<timestamp>4.675624</timestamp>
			</report>
			<report>
				<misses>37001</misses>
				<total>3721</total>
				<timestamp>4.805550</timestamp>
			</report>
			<report>
				<misses>38001</misses>
				<total>4720</total>
				<timestamp>4.935427</timestamp>
			</report>
			<report>
				<misses>39001</misses>
				<total>5719</total>
				<timestamp>5.065239</timestamp>
			</report>
			<report>
				<misses>40001</misses>
				<total>6718</total>
				<timestamp>5.195110</timestamp>
			</report>
			<report>
				<misses>41001</misses>
				<total>7717</total>
				<timestamp>5.324982</timestamp>
			</report>
			<report>
				<misses>42001</misses>
				<total>8716</total>
				<timestamp>5.454884</timestamp>
			</report>
			<report>
				<misses>43001</misses>
				<total>9715</total>
				<timestamp>5.584764</timestamp>
			</report>
			<report>
				<misses>44001</misses>
				<total>10714</total>
				<timestamp>5.714697</timestamp>
			</report>
			<report>
				<misses>45001</misses>
				<total>11713</total>
				<timestamp>5.844615</timestamp>
			</report>
			<report>
				<misses>46001</misses>
				<total>12712</total>
				<timestamp>5.974499</timestamp>
			</report>
			<report>
				<misses>47001</misses>
				<total>13711</total>
				<timestamp>6.104420</timestamp>
			</report>
			<report>
				<misses>48001</misses>
				<total>14710</total>
				<timestamp>6.234361</timestamp>
			</report>
			<report>
				<misses>49001</misses>
				<total>15709</total>
				<timestamp>6.364205</timestamp>
			</report>
			<report>
				<misses>50001</misses>
				<total>16708</total>
				<timestamp>6.494066</timestamp>
			</report>
			<report>
				<misses>51001</misses>
				<total>17707</total>
				<timestamp>6.623966</timestamp>
			</report>
			<report>
				<misses>52001</misses>
				<total>18706</total>
				<timestamp>6.753804</timestamp>
			</report>
			<report>
				<misses>53001</misses>
				<total>19705</total>
				<timestamp>6.883757</timestamp>
			</report>
			<report>
				<misses>54001</misses>
				<total>20704</total>
				<timestamp>7.013707</timestamp>
			</report>
			<report>
				<misses>55001</misses>
				<total>21703</total>
				<timestamp>7.143676</timestamp>
			</report>
			<report>
				<misses>56001</misses>
				<total>22702</total>
				<timestamp>7.273569</timestamp>
			</report>
			<report>
				<misses>57001</misses>
				<total>23701</total>
				<timestamp>7.403484</timestamp>
			</report>
			<report>
				<misses>58001</misses>
				<total>24700</total>
				<timestamp>7.533338</timestamp>
			</report>
			<report>
				<misses>59001</misses>
				<total>25699</total>
				<timestamp>7.663181</timestamp>
			</report>
			<report>
				<misses>60001</misses>
				<total>26698</total>
				<timestamp>7.793030</timestamp>
			</report>
			<report>
				<misses>61001</misses>
				<total>27697</total>
				<timestamp>7.922922</timestamp>
			</report>
			<report>
				<misses>62001</misses>
				<total>28696</total>
				<timestamp>8.052766</timestamp>
			</report>
			<report>
				<misses>63001</misses>
				<total>29695</total>
				<timestamp>8.182674</timestamp>
			</report>
			<report>
				<misses>64001</misses>
				<total>30694</total>
				<timestamp>8.312507</timestamp>
			</report>
			<report>
				<misses>65001</misses>
				<total>31693</total>
				<timestamp>8.442472</timestamp>
			</report>
			<report>
				<misses>66001</misses>
				<total>32692</total>
				<timestamp>8.572486</timestamp>
			</report>
			<report>
				<misses>67001</misses>
				<total>33691</total>
				<timestamp>8.702479</timestamp>
			</report>
			<report>
				<misses>68001</misses>
				<total>34690</total>
				<timestamp>8.832388</timestamp>
			</report>
			<report>
				<misses>69001</misses>
				<total>35689</total>
				<timestamp>8.962346</timestamp>
			</report>
			<report>
				<misses>70001</misses>
				<total>36688</total>
				<timestamp>9.092332</timestamp>
			</report>
			<report>
				<misses>71001</misses>
				<total>37687</total>
				<timestamp>9.222435</timestamp>
			</report>
			<report>
				<misses>72001</misses>
				<total>38686</total>
				<timestamp>9.352340</timestamp>
			</report>
			<report>
				<misses>73001</misses>
				<total>39685</total>
				<timestamp>9.482357</timestamp>
			</report>
			<report>
				<misses>74001</misses>
				<total>40684</total>
				<timestamp>9.612345</timestamp>
			</report>
			<report>
				<misses>75001</misses>
				<total>41683</total>
				<timestamp>9.742395</timestamp>
			</report>
			<report>
				<misses>76001</misses>
				<total>42682</total>
				<timestamp>9.872378</timestamp>
			</report>
			<report>
				<misses>77001</misses>
				<total>43681</total>
				<timestamp>10.002314</timestamp>
			</report>
			<report>
				<misses>78001</misses>
				<total>44680</total>
				<timestamp>10.132182</timestamp>
			</report>
			<report>
				<misses>79001</misses>
				<total>45679</total>
				<timestamp>10.262004</timestamp>
			</report>
			<report>
				<misses>80001</misses>
				<total>46678</total>
				<timestamp>10.391873</timestamp>
			</report>
			<report>
				<misses>81001</misses>
				<total>47677</total>
				<timestamp>10.521776</timestamp>
			</report>
			<report>
				<misses>82001</misses>
				<total>48676</total>
				<timestamp>10.651666</timestamp>
			</report>
			<report>
				<misses>83001</misses>
				<total>49675</total>
				<timestamp>10.781549</timestamp>
			</report>
			<report>
				<misses>84001</misses>
				<total>50674</total>
				<timestamp>10.911526</timestamp>
			</report>
			<report>
				<misses>85001</misses>
				<total>51673</total>
				<timestamp>11.041337</timestamp>
			</report>
			<report>
				<misses>86001</misses>
				<total>52672</total>
				<timestamp>11.171244</timestamp>
			</report>
			<report>
				<misses>87001</misses>
				<total>53671</total>
				<timestamp>11.301087</timestamp>
			</report>
			<report>
				<misses>88001</misses>
				<total>54670</total>
				<timestamp>11.430979</timestamp>
			</report>
			<report>
				<misses>89001</misses>
				<total>55669</total>
				<timestamp>11.560818</timestamp>
			</report>
			<report>
				<misses>90001</misses>
				<total>56668</total>
				<timestamp>11.690708</timestamp>
			</report>
			<report>
				<misses>91001</misses>
				<total>57667</total>
				<timestamp>11.820586</timestamp>
			</report>
			<report>
				<misses>92001</misses>
				<total>58666</total>
				<timestamp>11.950492</timestamp>
			</report>
			<report>
				<misses>93001</misses>
				<total>59665</total>
				<timestamp>12.080367</timestamp>
			</report>
			<report>
				<misses>94001</misses>
				<total>60664</total>
				<timestamp>12.210181</timestamp>
			</report>
			<report>
				<misses>95001</misses>
				<total>61663</total>
				<timestamp>12.340042</timestamp>
			</report>
			<report>
				<misses>96001</misses>
				<total>62662</total>
				<timestamp>12.469904</timestamp>
			</report>
			<report>
				<misses>97001</misses>
				<total>63661</total>
				<timestamp>12.599827</timestamp>
			</report>
			<report>
				<misses>98001</misses>
				<total>64660</total>
				<timestamp>12.729743</timestamp>
			</report>
			<report>
				<misses>99001</misses>
				<total>65659</total>
				<timestamp>12.859667</timestamp>
			</report>
			<report>
				<misses>100001</misses>
				<total>66658</total>
				<timestamp>12.989529</timestamp>
			</report>
			<report>
				<misses>101001</misses>
				<total>67657</total>
				<timestamp>13.119441</timestamp>
			</report>
			<report>
				<misses>102001</misses>
				<total>68656</total>
				<timestamp>13.249310</timestamp>
			</report>
			<report>
				<misses>103001</misses>
				<total>69655</total>
				<timestamp>13.379128</timestamp>
			</report>
			<report>
				<misses>104001</misses>
				<total>70654</total>
				<timestamp>13.509023</timestamp>
			</report>
			<report>
				<misses>105001</misses>
				<total>71653</total>
				<timestamp>13.638918</timestamp>
			</report>
			<report>
				<misses>106001</misses>
				<total>72652</total>
				<timestamp>13.768736</timestamp>
			</report>
			<report>
				<misses>107001</misses>
				<total>73651</total>
				<timestamp>13.898661</timestamp>
			</report>
			<report>
				<misses>108001</misses>
				<total>74650</total>
				<timestamp>14.028486</timestamp>
			</report>
			<report>
				<misses>109001</misses>
				<total>75649</total>
				<timestamp>14.158377</timestamp>
			</report>
			<report>
				<misses>110001</misses>
				<total>76648</total>
				<timestamp>14.288289</timestamp>
			</report>
			<report>
				<misses>111001</misses>
				<total>77647</total>
				<timestamp>14.418105</timestamp>
			</report>
			<report>
				<misses>112001</misses>
				<total>78646</total>
				<timestamp>14.547964</timestamp>
			</report>
			<report>
				<misses>113001</misses>
				<total>79645</total>
				<timestamp>14.677836</timestamp>
			</report>
			<report>
				<misses>114001</misses>
				<total>80644</total>
				<timestamp>14.807751</timestamp>
			</report>
			<report>
				<misses>115001</misses>
				<total>80759</total>
				<timestamp>14.937639</timestamp>
			</report>
			<report>
				<misses>116001</misses>
				<total>80759</total>
				<timestamp>15.067537</timestamp>
			</report>
			<report>
				<misses>117001</misses>
				<total>80759</total>
				<timestamp>15.197480</timestamp>
			</report>
			<report>
				<misses>118001</misses>
				<total>80759</total>
				<timestamp>15.327367</timestamp>
			</report>
			<report>
				<misses>119001</misses>
				<total>80759</total>
				<timestamp>15.457185</timestamp>
			</report>
			<report>
				<misses>120001</misses>
				<total>80759</total>
				<timestamp>15.587060</timestamp>
			</report>
			<report>
				<misses>121001</misses>
				<total>80759</total>
				<timestamp>15.716909</timestamp>
			</report>
			<report>
				<misses>122001</misses>
				<total>80760</total>
				<timestamp>15.846792</timestamp>
			</report>
			<report>
				<misses>123001</misses>
				<total>80759</total>
				<timestamp>15.976693</timestamp>
			</report>
			<report>
				<misses>124001</misses>
				<total>80759</total>
				<timestamp>16.106535</timestamp>
			</report>
			<report>
				<misses>125001</misses>
				<total>80763</total>
				<timestamp>16.236448</timestamp>
			</report>
			<report>
				<misses>126001</misses>
				<total>80763</total>
				<timestamp>16.366338</timestamp>
			</report>
			<report>
				<misses>127001</misses>
				<total>80775</total>
				<timestamp>16.496128</timestamp>
			</report>
			<report>
				<misses>128001</misses>
				<total>80776</total>
				<timestamp>16.626059</timestamp>
			</report>
			<report>
				<misses>129001</misses>
				<total>80776</total>
				<timestamp>16.755873</timestamp>
			</report>
			<report>
				<misses>130001</misses>
				<total>80782</total>
				<timestamp>16.885728</timestamp>
			</report>
			<report>
				<misses>131001</misses>
				<total>80782</total>
				<timestamp>17.015632</timestamp>
			</report>
			<report>
				<misses>132001</misses>
				<total>80782</total>
				<timestamp>17.145519</timestamp>
			</report>
			<report>
				<misses>133001</misses>
				<total>80782</total>
				<timestamp>17.275395</timestamp>
			</report>
			<report>
				<misses>134001</misses>
				<total>80782</total>
				<timestamp>17.405285</timestamp>
			</report>
			<report>
				<misses>135001</misses>
				<total>80782</total>
				<timestamp>17.535083</timestamp>
			</report>
			<report>
				<misses>136001</misses>
				<total>80782</total>
				<timestamp>17.664970</timestamp>
			</report>
			<report>
				<misses>137001</misses>
				<total>80782</total>
				<timestamp>17.794832</timestamp>
			</report>
			<report>
				<misses>138001</misses>
				<total>80786</total>
				<timestamp>17.924755</timestamp>
			</report>
			<report>
				<misses>139001</misses>
				<total>80786</total>
				<timestamp>18.054633</timestamp>
			</report>
			<report>
				<misses>140001</misses>
				<total>80786</total>
				<timestamp>18.184464</timestamp>
			</report>
			<report>
				<misses>141001</misses>
				<total>80786</total>
				<timestamp>18.314325</timestamp>
			</report>
			<report>
				<misses>142001</misses>
				<total>80795</total>
				<timestamp>18.444275</timestamp>
			</report>
			<report>
				<misses>143001</misses>
				<total>80795</total>
				<timestamp>18.574282</timestamp>
			</report>
			<report>
				<misses>144001</misses>
				<total>80795</total>
				<timestamp>18.704206</timestamp>
			</report>
			<report>
				<misses>145001</misses>
				<total>80795</total>
				<timestamp>18.834049</timestamp>
			</report>
			<report>
				<misses>146001</misses>
				<total>80795</total>
				<timestamp>18.963915</timestamp>
			</report>
			<report>
				<misses>147001</misses>
				<total>80795</total>
				<timestamp>19.093820</timestamp>
			</report>
			<report>
				<misses>148001</misses>
				<total>80795</total>
				<timestamp>19.223689</timestamp>
			</report>
			<report>
				<misses>149001</misses>
				<total>80795</total>
				<timestamp>19.353569</timestamp>
			</report>
			<report>
				<misses>150001</misses>
				<total>80796</total>
				<timestamp>19.483518</timestamp>
			</report>
			<report>
				<misses>151001</misses>
				<total>80795</total>
				<timestamp>19.613495</timestamp>
			</report>
			<report>
				<misses>152001</misses>
				<total>80795</total>
				<timestamp>19.743460</timestamp>
			</report>
			<report>
				<misses>153001</misses>
				<total>80795</total>
				<timestamp>19.873300</timestamp>
			</report>
			<report>
				<misses>154001</misses>
				<total>80795</total>
				<timestamp>20.003152</timestamp>
			</report>
			<report>
				<misses>155001</misses>
				<total>80803</total>
				<timestamp>20.133011</timestamp>
			</report>
			<report>
				<misses>156001</misses>
				<total>80803</total>
				<timestamp>20.262881</timestamp>
			</report>
			<report>
				<misses>157001</misses>
				<total>80803</total>
				<timestamp>20.392745</timestamp>
			</report>
			<report>
				<misses>158001</misses>
				<total>80806</total>
				<timestamp>20.522647</timestamp>
			</report>
			<report>
				<misses>159001</misses>
				<total>80807</total>
				<timestamp>20.652487</timestamp>
			</report>
			<report>
				<misses>160001</misses>
				<total>80807</total>
				<timestamp>20.782401</timestamp>
			</report>
			<report>
				<misses>161001</misses>
				<total>80808</total>
				<timestamp>20.912278</timestamp>
			</report>
			<report>
				<misses>162001</misses>
				<total>80808</total>
				<timestamp>21.042109</timestamp>
			</report>
			<report>
				<misses>163001</misses>
				<total>80809</total>
				<timestamp>21.171975</timestamp>
			</report>
			<report>
				<misses>164001</misses>
				<total>80809</total>
				<timestamp>21.301856</timestamp>
			</report>
			<report>
				<misses>165001</misses>
				<total>80809</total>
				<timestamp>21.431781</timestamp>
			</report>
			<report>
				<misses>166001</misses>
				<total>80809</total>
				<timestamp>21.561617</timestamp>
			</report>
			<report>
				<misses>167001</misses>
				<total>80809</total>
				<timestamp>21.691514</timestamp>
			</report>
			<report>
				<misses>168001</misses>
				<total>80809</total>
				<timestamp>21.821418</timestamp>
			</report>
			<report>
				<misses>169001</misses>
				<total>80809</total>
				<timestamp>21.951408</timestamp>
			</report>
			<report>
				<misses>170001</misses>
				<total>80809</total>
				<timestamp>22.081412</timestamp>
			</report>
			<report>
				<misses>171001</misses>
				<total>80809</total>
				<timestamp>22.211412</timestamp>
			</report>
			<report>
				<misses>172001</misses>
				<total>80809</total>
				<timestamp>22.341416</timestamp>
			</report>
			<report>
				<misses>173001</misses>
				<total>80809</total>
				<timestamp>22.471455</timestamp>
			</report>
			<report>
				<misses>174001</misses>
				<total>80808</total>
				<timestamp>22.601376</timestamp>
			</report>
			<report>
				<misses>175001</misses>
				<total>80809</total>
				<timestamp>22.731250</timestamp>
			</report>
			<report>
				<misses>176001</misses>
				<total>80809</total>
				<timestamp>22.861058</timestamp>
			</report>
			<report>
				<misses>177001</misses>
				<total>80809</total>
				<timestamp>22.990956</timestamp>
			</report>
			<report>
				<misses>178001</misses>
				<total>80809</total>
				<timestamp>23.120858</timestamp>
			</report>
			<report>
				<misses>179001</misses>
				<total>80809</total>
				<timestamp>23.250671</timestamp>
			</report>
			<report>
				<misses>180001</misses>
				<total>80809</total>
				<timestamp>23.380554</timestamp>
			</report>
			<report>
				<misses>181001</misses>
				<total>80809</total>
				<timestamp>23.510413</timestamp>
			</report>
			<report>
				<misses>182001</misses>
				<total>80809</total>
				<timestamp>23.640388</timestamp>
			</report>
			<report>
				<misses>183001</misses>
				<total>80809</total>
				<timestamp>23.770358</timestamp>
			</report>
			<report>
				<misses>184001</misses>
				<total>80810</total>
				<timestamp>23.900318</timestamp>
			</report>
			<report>
				<misses>185001</misses>
				<total>80810</total>
				<timestamp>24.030174</timestamp>
			</report>
			<report>
				<misses>186001</misses>
				<total>80810</total>
				<timestamp>24.160029</timestamp>
			</report>
			<report>
				<misses>187001</misses>
				<total>80810</total>
				<timestamp>24.289907</timestamp>
			</report>
			<report>
				<misses>188001</misses>
				<total>80810</total>
				<timestamp>24.419782</timestamp>
			</report>
			<report>
				<misses>189001</misses>
				<total>80810</total>
				<timestamp>24.549648</timestamp>
			</report>
			<report>
				<misses>190001</misses>
				<total>80810</total>
				<timestamp>24.679581</timestamp>
			</report>
			<report>
				<misses>191001</misses>
				<total>80810</total>
				<timestamp>24.809414</timestamp>
			</report>
			<report>
				<misses>192001</misses>
				<total>80810</total>
				<timestamp>24.939264</timestamp>
			</report>
			<report>
				<misses>193001</misses>
				<total>80812</total>
				<timestamp>25.069138</timestamp>
			</report>
			<report>
				<misses>194001</misses>
				<total>80812</total>
				<timestamp>25.198987</timestamp>
			</report>
			<report>
				<misses>195001</misses>
				<total>80813</total>
				<timestamp>25.328854</timestamp>
			</report>
			<report>
				<misses>196001</misses>
				<total>80812</total>
				<timestamp>25.458790</timestamp>
			</report>
			<report>
				<misses>197001</misses>
				<total>80812</total>
				<timestamp>25.588638</timestamp>
			</report>
			<report>
				<misses>198001</misses>
				<total>80812</total>
				<timestamp>25.718489</timestamp>
			</report>
			<report>
				<misses>199001</misses>
				<total>80812</total>
				<timestamp>25.848412</timestamp>
			</report>
			<report>
				<misses>200001</misses>
				<total>80821</total>
				<timestamp>25.978400</timestamp>
			</report>
			<report>
				<misses>201001</misses>
				<total>80822</total>
				<timestamp>26.108287</timestamp>
			</report>
			<report>
				<misses>202001</misses>
				<total>80822</total>
				<timestamp>26.238222</timestamp>
			</report>
			<report>
				<misses>203001</misses>
				<total>80823</total>
				<timestamp>26.368068</timestamp>
			</report>
			<report>
				<misses>204001</misses>
				<total>80823</total>
				<timestamp>26.497941</timestamp>
			</report>
			<report>
				<misses>205001</misses>
				<total>80823</total>
				<timestamp>26.627812</timestamp>
			</report>
			<report>
				<misses>206001</misses>
				<total>80822</total>
				<timestamp>26.757761</timestamp>
			</report>
			<report>
				<misses>207001</misses>
				<total>80823</total>
				<timestamp>26.887646</timestamp>
			</report>
			<report>
				<misses>208001</misses>
				<total>80823</total>
				<timestamp>27.017608</timestamp>
			</report>
			<report>
				<misses>209001</misses>
				<total>80823</total>
				<timestamp>27.147457</timestamp>
			</report>
			<report>
				<misses>210001</misses>
				<total>80823</total>
				<timestamp>27.277374</timestamp>
			</report>
			<report>
				<misses>211001</misses>
				<total>80826</total>
				<timestamp>27.407335</timestamp>
			</report>
			<report>
				<misses>212001</misses>
				<total>80830</total>
				<timestamp>27.537291</timestamp>
			</report>
			<report>
				<misses>213001</misses>
				<total>80830</total>
				<timestamp>27.667164</timestamp>
			</report>
			<report>
				<misses>214001</misses>
				<total>80830</total>
				<timestamp>27.797031</timestamp>
			</report>
			<report>
				<misses>215001</misses>
				<total>80830</total>
				<timestamp>27.926907</timestamp>
			</report>
			<report>
				<misses>216001</misses>
				<total>80830</total>
				<timestamp>28.056838</timestamp>
			</report>
			<report>
				<misses>217001</misses>
				<total>80830</total>
				<timestamp>28.186697</timestamp>
			</report>
			<report>
				<misses>218001</misses>
				<total>80830</total>
				<timestamp>28.316537</timestamp>
			</report>
			<report>
				<misses>219001</misses>
				<total>80830</total>
				<timestamp>28.446422</timestamp>
			</report>
			<report>
				<misses>220001</misses>
				<total>80830</total>
				<timestamp>28.576284</timestamp>
			</report>
			<report>
				<misses>221001</misses>
				<total>80830</total>
				<timestamp>28.706188</timestamp>
			</report>
			<report>
				<misses>222001</misses>
				<total>80830</total>
				<timestamp>28.835984</timestamp>
			</report>
			<report>
				<misses>223001</misses>
				<total>80830</total>
				<timestamp>28.965877</timestamp>
			</report>
			<report>
				<misses>224001</misses>
				<total>80830</total>
				<timestamp>29.095774</timestamp>
			</report>
			<report>
				<misses>225001</misses>
				<total>80861</total>
				<timestamp>29.225667</timestamp>
			</report>
			<report>
				<misses>226001</misses>
				<total>80861</total>
				<timestamp>29.355531</timestamp>
			</report>
			<report>
				<misses>227001</misses>
				<total>80861</total>
				<timestamp>29.485393</timestamp>
			</report>
			<report>
				<misses>228001</misses>
				<total>80861</total>
				<timestamp>29.615306</timestamp>
			</report>
			<report>
				<misses>229001</misses>
				<total>80861</total>
				<timestamp>29.745209</timestamp>
			</report>
			<report>
				<misses>230001</misses>
				<total>80861</total>
				<timestamp>29.875090</timestamp>
			</report>
			<report>
				<misses>231001</misses>
				<total>80864</total>
				<timestamp>30.004980</timestamp>
			</report>
			<report>
				<misses>232001</misses>
				<total>80864</total>
				<timestamp>30.134820</timestamp>
			</report>
			<report>
				<misses>233001</misses>
				<total>80864</total>
				<timestamp>30.264705</timestamp>
			</report>
			<report>
				<misses>234001</misses>
				<total>80864</total>
				<timestamp>30.394655</timestamp>
			</report>
			<report>
				<misses>235001</misses>
				<total>80864</total>
				<timestamp>30.524608</timestamp>
			</report>
			<report>
				<misses>236001</misses>
				<total>80864</total>
				<timestamp>30.654434</timestamp>
			</report>
			<report>
				<misses>237001</misses>
				<total>80864</total>
				<timestamp>30.784345</timestamp>
			</report>
			<report>
				<misses>238001</misses>
				<total>80864</total>
				<timestamp>30.914269</timestamp>
			</report>
			<report>
				<misses>239001</misses>
				<total>81117</total>
				<timestamp>31.044244</timestamp>
			</report>
			<report>
				<misses>240001</misses>
				<total>82116</total>
				<timestamp>31.174074</timestamp>
			</report>
			<report>
				<misses>241001</misses>
				<total>83115</total>
				<timestamp>31.303905</timestamp>
			</report>
			<report>
				<misses>242001</misses>
				<total>84114</total>
				<timestamp>31.433790</timestamp>
			</report>
			<report>
				<misses>243001</misses>
				<total>85113</total>
				<timestamp>31.563709</timestamp>
			</report>
			<report>
				<misses>244001</misses>
				<total>86112</total>
				<timestamp>31.693569</timestamp>
			</report>
			<report>
				<misses>245001</misses>
				<total>87111</total>
				<timestamp>31.823442</timestamp>
			</report>
			<report>
				<misses>246001</misses>
				<total>88110</total>
				<timestamp>31.953317</timestamp>
			</report>
			<report>
				<misses>247001</misses>
				<total>89109</total>
				<timestamp>32.083245</timestamp>
			</report>
			<report>
				<misses>248001</misses>
				<total>90108</total>
				<timestamp>32.213250</timestamp>
			</report>
			<report>
				<misses>249001</misses>
				<total>91107</total>
				<timestamp>32.343220</timestamp>
			</report>
			<report>
				<misses>250001</misses>
				<total>92106</total>
				<timestamp>32.473213</timestamp>
			</report>
			<report>
				<misses>251001</misses>
				<total>93105</total>
				<timestamp>32.603223</timestamp>
			</report>
			<report>
				<misses>252001</misses>
				<total>94104</total>
				<timestamp>32.733180</timestamp>
			</report>
			<report>
				<misses>253001</misses>
				<total>95103</total>
				<timestamp>32.863005</timestamp>
			</report>
			<report>
				<misses>254001</misses>
				<total>96102</total>
				<timestamp>32.992880</timestamp>
			</report>
			<report>
				<misses>255001</misses>
				<total>97101</total>
				<timestamp>33.122781</timestamp>
			</report>
			<report>
				<misses>256001</misses>
				<total>98100</total>
				<timestamp>33.252698</timestamp>
			</report>
			<report>
				<misses>257001</misses>
				<total>99099</total>
				<timestamp>33.382625</timestamp>
			</report>
			<report>
				<misses>258001</misses>
				<total>100098</total>
				<timestamp>33.512592</timestamp>
			</report>
			<report>
				<misses>259001</misses>
				<total>101097</total>
				<timestamp>33.642511</timestamp>
			</report>
			<report>
				<misses>260001</misses>
				<total>102096</total>
				<timestamp>33.772393</timestamp>
			</report>
			<report>
				<misses>261001</misses>
				<total>103095</total>
				<timestamp>33.902261</timestamp>
			</report>
			<report>
				<misses>262001</misses>
				<total>104094</total>
				<timestamp>34.032179</timestamp>
			</report>
			<report>
				<misses>263001</misses>
				<total>105093</total>
				<timestamp>34.162188</timestamp>
			</report>
			<report>
				<misses>264001</misses>
				<total>106092</total>
				<timestamp>34.292126</timestamp>
			</report>
			<report>
				<misses>265001</misses>
				<total>107091</total>
				<timestamp>34.421986</timestamp>
			</report>
			<report>
				<misses>266001</misses>
				<total>108090</total>
				<timestamp>34.551867</timestamp>
			</report>
			<report>
				<misses>267001</misses>
				<total>109089</total>
				<timestamp>34.681725</timestamp>
			</report>
			<report>
				<misses>268001</misses>
				<total>110088</total>
				<timestamp>34.811619</timestamp>
			</report>
			<report>
				<misses>269001</misses>
				<total>111087</total>
				<timestamp>34.941499</timestamp>
			</report>
			<report>
				<misses>270001</misses>
				<total>112086</total>
				<timestamp>35.071322</timestamp>
			</report>
			<report>
				<misses>271001</misses>
				<total>113085</total>
				<timestamp>35.201244</timestamp>
			</report>
			<report>
				<misses>272001</misses>
				<total>114084</total>
				<timestamp>35.331066</timestamp>
			</report>
			<report>
				<misses>273001</misses>
				<total>115083</total>
				<timestamp>35.460926</timestamp>
			</report>
			<report>
				<misses>274001</misses>
				<total>116082</total>
				<timestamp>35.590830</timestamp>
			</report>
			<report>
				<misses>275001</misses>
				<total>117081</total>
				<timestamp>35.720676</timestamp>
			</report>
			<report>
				<misses>276001</misses>
				<total>118080</total>
				<timestamp>35.850563</timestamp>
			</report>
			<report>
				<misses>277001</misses>
				<total>119079</total>
				<timestamp>35.980410</timestamp>
			</report>
			<report>
				<misses>278001</misses>
				<total>120078</total>
				<timestamp>36.110301</timestamp>
			</report>
			<report>
				<misses>279001</misses>
				<total>121077</total>
				<timestamp>36.240235</timestamp>
			</report>
			<report>
				<misses>280001</misses>
				<total>122076</total>
				<timestamp>36.370235</timestamp>
			</report>
			<report>
				<misses>281001</misses>
				<total>123075</total>
				<timestamp>36.500223</timestamp>
			</report>
			<report>
				<misses>282001</misses>
				<total>124074</total>
				<timestamp>36.630018</timestamp>
			</report>
			<report>
				<misses>283001</misses>
				<total>125073</total>
				<timestamp>36.759876</timestamp>
			</report>
			<report>
				<misses>284001</misses>
				<total>126072</total>
				<timestamp>36.889761</timestamp>
			</report>
			<report>
				<misses>285001</misses>
				<total>127071</total>
				<timestamp>37.019659</timestamp>
			</report>
			<report>
				<misses>286001</misses>
				<total>128070</total>
				<timestamp>37.149525</timestamp>
			</report>
			<report>
				<misses>287001</misses>
				<total>129069</total>
				<timestamp>37.279430</timestamp>
			</report>
			<report>
				<misses>288001</misses>
				<total>130068</total>
				<timestamp>37.409298</timestamp>
			</report>
			<report>
				<misses>289001</misses>
				<total>131067</total>
				<timestamp>37.539217</timestamp>
			</report>
			<report>
				<misses>290001</misses>
				<total>132066</total>
				<timestamp>37.669235</timestamp>
			</report>
			<report>
				<misses>291001</misses>
				<total>133065</total>
				<timestamp>37.799214</timestamp>
			</report>
			<report>
				<misses>292001</misses>
				<total>134064</total>
				<timestamp>37.929224</timestamp>
			</report>
			<report>
				<misses>293001</misses>
				<total>135063</total>
				<timestamp>38.059112</timestamp>
			</report>
			<report>
				<misses>294001</misses>
				<total>136062</total>
				<timestamp>38.188980</timestamp>
			</report>
			<report>
				<misses>295001</misses>
				<total>137061</total>
				<timestamp>38.318858</timestamp>
			</report>
			<report>
				<misses>296001</misses>
				<total>138060</total>
				<timestamp>38.448742</timestamp>
			</report>
			<report>
				<misses>297001</misses>
				<total>139059</total>
				<timestamp>38.578619</timestamp>
			</report>
			<report>
				<misses>298001</misses>
				<total>140058</total>
				<timestamp>38.708503</timestamp>
			</report>
			<report>
				<misses>299001</misses>
				<total>141057</total>
				<timestamp>38.838327</timestamp>
			</report>
			<report>
				<misses>300001</misses>
				<total>142056</total>
				<timestamp>38.968213</timestamp>
			</report>
			<report>
				<misses>301001</misses>
				<total>143055</total>
				<timestamp>39.098210</timestamp>
			</report>
			<report>
				<misses>302001</misses>
				<total>144054</total>
				<timestamp>39.228157</timestamp>
			</report>
			<report>
				<misses>303001</misses>
				<total>145053</total>
				<timestamp>39.358128</timestamp>
			</report>
			<report>
				<misses>304001</misses>
				<total>146052</total>
				<timestamp>39.487995</timestamp>
			</report>
			<report>
				<misses>305001</misses>
				<total>147051</total>
				<timestamp>39.617834</timestamp>
			</report>
			<report>
				<misses>306001</misses>
				<total>148050</total>
				<timestamp>39.747679</timestamp>
			</report>
			<report>
				<misses>307001</misses>
				<total>149049</total>
				<timestamp>39.877641</timestamp>
			</report>
			<report>
				<misses>308001</misses>
				<total>150048</total>
				<timestamp>40.007613</timestamp>
			</report>
			<report>
				<misses>309001</misses>
				<total>151047</total>
				<timestamp>40.137493</timestamp>
			</report>
			<report>
				<misses>310001</misses>
				<total>152046</total>
				<timestamp>40.267507</timestamp>
			</report>
			<report>
				<misses>311001</misses>
				<total>153045</total>
				<timestamp>40.397480</timestamp>
			</report>
			<report>
				<misses>312001</misses>
				<total>154044</total>
				<timestamp>40.527292</timestamp>
			</report>
			<report>
				<misses>313001</misses>
				<total>155043</total>
				<timestamp>40.657211</timestamp>
			</report>
			<report>
				<misses>314001</misses>
				<total>156042</total>
				<timestamp>40.787030</timestamp>
			</report>
			<report>
				<misses>315001</misses>
				<total>157041</total>
				<timestamp>40.916889</timestamp>
			</report>
			<report>
				<misses>316001</misses>
				<total>158040</total>
				<timestamp>41.046766</timestamp>
			</report>
			<report>
				<misses>317001</misses>
				<total>159039</total>
				<timestamp>41.176667</timestamp>
			</report>
			<report>
				<misses>318001</misses>
				<total>160038</total>
				<timestamp>41.306525</timestamp>
			</report>
			<report>
				<misses>319001</misses>
				<total>161037</total>
				<timestamp>41.436367</timestamp>
			</report>
			<report>
				<misses>320001</misses>
				<total>162036</total>
				<timestamp>41.566277</timestamp>
			</report>
			<report>
				<misses>321001</misses>
				<total>163035</total>
				<timestamp>41.696180</timestamp>
			</report>
			<report>
				<misses>322001</misses>
				<total>164034</total>
				<timestamp>41.826001</timestamp>
			</report>
			<report>
				<misses>323001</misses>
				<total>165033</total>
				<timestamp>41.955855</timestamp>
			</report>
			<report>
				<misses>324001</misses>
				<total>166032</total>
				<timestamp>42.085739</timestamp>
			</report>
			<report>
				<misses>325001</misses>
				<total>167031</total>
				<timestamp>42.215636</timestamp>
			</report>
			<report>
				<misses>326001</misses>
				<total>168030</total>
				<timestamp>42.345504</timestamp>
			</report>
			<report>
				<misses>327001</misses>
				<total>169029</total>
				<timestamp>42.475323</timestamp>
			</report>
			<report>
				<misses>328001</misses>
				<total>170028</total>
				<timestamp>42.605234</timestamp>
			</report>
			<report>
				<misses>329001</misses>
				<total>171027</total>
				<timestamp>42.735152</timestamp>
			</report>
			<report>
				<misses>330001</misses>
				<total>172026</total>
				<timestamp>42.865203</timestamp>
			</report>
			<report>
				<misses>331001</misses>
				<total>173025</total>
				<timestamp>42.995183</timestamp>
			</report>
			<report>
				<misses>332001</misses>
				<total>174024</total>
				<timestamp>43.125186</timestamp>
			</report>
			<report>
				<misses>333001</misses>
				<total>175023</total>
				<timestamp>43.255175</timestamp>
			</report>
			<report>
				<misses>334001</misses>
				<total>176022</total>
				<timestamp>43.385180</timestamp>
			</report>
			<report>
				<misses>335001</misses>
				<total>177021</total>
				<timestamp>43.515124</timestamp>
			</report>
			<report>
				<misses>336001</misses>
				<total>178020</total>
				<timestamp>43.644967</timestamp>
			</report>
			<report>
				<misses>337001</misses>
				<total>179019</total>
				<timestamp>43.774839</timestamp>
			</report>
			<report>
				<misses>338001</misses>
				<total>180018</total>
				<timestamp>43.904745</timestamp>
			</report>
			<report>
				<misses>339001</misses>
				<total>181017</total>
				<timestamp>44.034582</timestamp>
			</report>
			<report>
				<misses>340001</misses>
				<total>182016</total>
				<timestamp>44.164501</timestamp>
			</report>
			<report>
				<misses>341001</misses>
				<total>183015</total>
				<timestamp>44.294486</timestamp>
			</report>
			<report>
				<misses>342001</misses>
				<total>184014</total>
				<timestamp>44.424366</timestamp>
			</report>
			<report>
				<misses>343001</misses>
				<total>185013</total>
				<timestamp>44.554214</timestamp>
			</report>
			<report>
				<misses>344001</misses>
				<total>186012</total>
				<timestamp>44.684127</timestamp>
			</report>
			<report>
				<misses>345001</misses>
				<total>187011</total>
				<timestamp>44.814061</timestamp>
			</report>
			<report>
				<misses>346001</misses>
				<total>188010</total>
				<timestamp>44.943893</timestamp>
			</report>
			<report>
				<misses>347001</misses>
				<total>189009</total>
				<timestamp>45.073793</timestamp>
			</report>
			<report>
				<misses>348001</misses>
				<total>190008</total>
				<timestamp>45.203645</timestamp>
			</report>
			<report>
				<misses>349001</misses>
				<total>191007</total>
				<timestamp>45.333529</timestamp>
			</report>
			<report>
				<misses>350001</misses>
				<total>192006</total>
				<timestamp>45.463398</timestamp>
			</report>
			<report>
				<misses>351001</misses>
				<total>193005</total>
				<timestamp>45.593266</timestamp>
			</report>
			<report>
				<misses>352001</misses>
				<total>194004</total>
				<timestamp>45.723186</timestamp>
			</report>
			<report>
				<misses>353001</misses>
				<total>195003</total>
				<timestamp>45.852987</timestamp>
			</report>
			<report>
				<misses>354001</misses>
				<total>196002</total>
				<timestamp>45.982923</timestamp>
			</report>
			<report>
				<misses>355001</misses>
				<total>197001</total>
				<timestamp>46.112746</timestamp>
			</report>
			<report>
				<misses>356001</misses>
				<total>198000</total>
				<timestamp>46.242611</timestamp>
			</report>
			<report>
				<misses>357001</misses>
				<total>198999</total>
				<timestamp>46.372537</timestamp>
			</report>
			<report>
				<misses>358001</misses>
				<total>199998</total>
				<timestamp>46.502337</timestamp>
			</report>
			<report>
				<misses>359001</misses>
				<total>200997</total>
				<timestamp>46.632248</timestamp>
			</report>
			<report>
				<misses>360001</misses>
				<total>201996</total>
				<timestamp>46.762176</timestamp>
			</report>
			<report>
				<misses>361001</misses>
				<total>202995</total>
				<timestamp>46.892108</timestamp>
			</report>
			<report>
				<misses>362001</misses>
				<total>203994</total>
				<timestamp>47.021980</timestamp>
			</report>
			<report>
				<misses>363001</misses>
				<total>204993</total>
				<timestamp>47.151830</timestamp>
			</report>
			<report>
				<misses>364001</misses>
				<total>205992</total>
				<timestamp>47.281735</timestamp>
			</report>
			<report>
				<misses>365001</misses>
				<total>206991</total>
				<timestamp>47.411609</timestamp>
			</report>
			<report>
				<misses>366001</misses>
				<total>207990</total>
				<timestamp>47.541486</timestamp>
			</report>
			<report>
				<misses>367001</misses>
				<total>208989</total>
				<timestamp>47.671323</timestamp>
			</report>
			<report>
				<misses>368001</misses>
				<total>209988</total>
				<timestamp>47.801222</timestamp>
			</report>
			<report>
				<misses>369001</misses>
				<total>210987</total>
				<timestamp>47.931088</timestamp>
			</report>
			<report>
				<misses>370001</misses>
				<total>211986</total>
				<timestamp>48.060918</timestamp>
			</report>
			<report>
				<misses>371001</misses>
				<total>212985</total>
				<timestamp>48.190783</timestamp>
			</report>
			<report>
				<misses>372001</misses>
				<total>213984</total>
				<timestamp>48.320715</timestamp>
			</report>
			<report>
				<misses>373001</misses>
				<total>214983</total>
				<timestamp>48.450626</timestamp>
			</report>
			<report>
				<misses>374001</misses>
				<total>215982</total>
				<timestamp>48.580617</timestamp>
			</report>
			<report>
				<misses>375001</misses>
				<total>216981</total>
				<timestamp>48.710568</timestamp>
			</report>
			<report>
				<misses>376001</misses>
				<total>217980</total>
				<timestamp>48.840381</timestamp>
			</report>
			<report>
				<misses>377001</misses>
				<total>218979</total>
				<timestamp>48.970352</timestamp>
			</report>
			<report>
				<misses>378001</misses>
				<total>219978</total>
				<timestamp>49.100291</timestamp>
			</report>
			<report>
				<misses>379001</misses>
				<total>220977</total>
				<timestamp>49.230211</timestamp>
			</report>
			<report>
				<misses>380001</misses>
				<total>221976</total>
				<timestamp>49.360149</timestamp>
			</report>
			<report>
				<misses>381001</misses>
				<total>222975</total>
				<timestamp>49.490136</timestamp>
			</report>
			<report>
				<misses>382001</misses>
				<total>223974</total>
				<timestamp>49.620073</timestamp>
			</report>
			<report>
				<misses>383001</misses>
				<total>224973</total>
				<timestamp>49.749860</timestamp>
			</report>
			<report>
				<misses>384001</misses>
				<total>225972</total>
				<timestamp>49.879737</timestamp>
			</report>
			<report>
				<misses>385001</misses>
				<total>226971</total>
				<timestamp>50.009655</timestamp>
			</report>
			<report>
				<misses>386001</misses>
				<total>227970</total>
				<timestamp>50.139503</timestamp>
			</report>
			<report>
				<misses>387001</misses>
				<total>228969</total>
				<timestamp>50.269350</timestamp>
			</report>
			<report>
				<misses>388001</misses>
				<total>229968</total>
				<timestamp>50.399262</timestamp>
			</report>
			<report>
				<misses>389001</misses>
				<total>230967</total>
				<timestamp>50.529126</timestamp>
			</report>
			<report>
				<misses>390001</misses>
				<total>231966</total>
				<timestamp>50.658987</timestamp>
			</report>
			<report>
				<misses>391001</misses>
				<total>232965</total>
				<timestamp>50.788833</timestamp>
			</report>
			<report>
				<misses>392001</misses>
				<total>233964</total>
				<timestamp>50.918731</timestamp>
			</report>
			<report>
				<misses>393001</misses>
				<total>234963</total>
				<timestamp>51.048589</timestamp>
			</report>
			<report>
				<misses>394001</misses>
				<total>235962</total>
				<timestamp>51.178510</timestamp>
			</report>
			<report>
				<misses>395001</misses>
				<total>236961</total>
				<timestamp>51.308346</timestamp>
			</report>
			<report>
				<misses>396001</misses>
				<total>237960</total>
				<timestamp>51.438243</timestamp>
			</report>
			<report>
				<misses>397001</misses>
				<total>238959</total>
				<timestamp>51.568114</timestamp>
			</report>
			<report>
				<misses>398001</misses>
				<total>239958</total>
				<timestamp>51.697915</timestamp>
			</report>
			<report>
				<misses>399001</misses>
				<total>240957</total>
				<timestamp>51.827850</timestamp>
			</report>
			<report>
				<misses>400001</misses>
				<total>241956</total>
				<timestamp>51.957671</timestamp>
			</report>
			<report>
				<misses>401001</misses>
				<total>242955</total>
				<timestamp>52.087553</timestamp>
			</report>
			<report>
				<misses>402001</misses>
				<total>243954</total>
				<timestamp>52.217410</timestamp>
			</report>
			<report>
				<misses>403001</misses>
				<total>244953</total>
				<timestamp>52.347308</timestamp>
			</report>
			<report>
				<misses>404001</misses>
				<total>245952</total>
				<timestamp>52.477200</timestamp>
			</report>
			<report>
				<misses>405001</misses>
				<total>246951</total>
				<timestamp>52.607143</timestamp>
			</report>
			<report>
				<misses>406001</misses>
				<total>247950</total>
				<timestamp>52.737046</timestamp>
			</report>
			<report>
				<misses>407001</misses>
				<total>248949</total>
				<timestamp>52.866963</timestamp>
			</report>
			<report>
				<misses>408001</misses>
				<total>249948</total>
				<timestamp>52.996760</timestamp>
			</report>
			<report>
				<misses>409001</misses>
				<total>250947</total>
				<timestamp>53.126663</timestamp>
			</report>
			<report>
				<misses>410001</misses>
				<total>251946</total>
				<timestamp>53.256507</timestamp>
			</report>
			<report>
				<misses>411001</misses>
				<total>252945</total>
				<timestamp>53.386499</timestamp>
			</report>
			<report>
				<misses>412001</misses>
				<total>253944</total>
				<timestamp>53.516354</timestamp>
			</report>
			<report>
				<misses>413001</misses>
				<total>254943</total>
				<timestamp>53.646254</timestamp>
			</report>
			<report>
				<misses>414001</misses>
				<total>255942</total>
				<timestamp>53.776204</timestamp>
			</report>
			<report>
				<misses>415001</misses>
				<total>256941</total>
				<timestamp>53.906109</timestamp>
			</report>
			<report>
				<misses>416001</misses>
				<total>257940</total>
				<timestamp>54.036078</timestamp>
			</report>
			<report>
				<misses>417001</misses>
				<total>258939</total>
				<timestamp>54.165975</timestamp>
			</report>
			<report>
				<misses>418001</misses>
				<total>259938</total>
				<timestamp>54.295884</timestamp>
			</report>
			<report>
				<misses>419001</misses>
				<total>260937</total>
				<timestamp>54.425717</timestamp>
			</report>
			<report>
				<misses>420001</misses>
				<total>261936</total>
				<timestamp>54.555640</timestamp>
			</report>
			<report>
				<misses>421001</misses>
				<total>262935</total>
				<timestamp>54.685472</timestamp>
			</report>
			<report>
				<misses>422001</misses>
				<total>263934</total>
				<timestamp>54.815363</timestamp>
			</report>
			<report>
				<misses>423001</misses>
				<total>264933</total>
				<timestamp>54.945311</timestamp>
			</report>
			<report>
				<misses>424001</misses>
				<total>265932</total>
				<timestamp>55.075253</timestamp>
			</report>
			<report>
				<misses>425001</misses>
				<total>266931</total>
				<timestamp>55.205148</timestamp>
			</report>
			<report>
				<misses>426001</misses>
				<total>267433</total>
				<timestamp>55.335097</timestamp>
			</report>
			<report>
				<misses>427001</misses>
				<total>267433</total>
				<timestamp>55.465050</timestamp>
			</report>
			<report>
				<misses>428001</misses>
				<total>267892</total>
				<timestamp>55.594944</timestamp>
			</report>
			<report>
				<misses>429001</misses>
				<total>268891</total>
				<timestamp>55.724823</timestamp>
			</report>
			<report>
				<misses>430001</misses>
				<total>269890</total>
				<timestamp>55.854783</timestamp>
			</report>
			<report>
				<misses>431001</misses>
				<total>270889</total>
				<timestamp>55.984743</timestamp>
			</report>
			<report>
				<misses>432001</misses>
				<total>271888</total>
				<timestamp>56.114556</timestamp>
			</report>
			<report>
				<misses>433001</misses>
				<total>272887</total>
				<timestamp>56.244414</timestamp>
			</report>
			<report>
				<misses>434001</misses>
				<total>273272</total>
				<timestamp>56.374299</timestamp>
			</report>
			<report>
				<misses>435001</misses>
				<total>273272</total>
				<timestamp>56.504195</timestamp>
			</report>
			<report>
				<misses>436001</misses>
				<total>273272</total>
				<timestamp>56.634123</timestamp>
			</report>
			<report>
				<misses>437001</misses>
				<total>273272</total>
				<timestamp>56.764047</timestamp>
			</report>
			<report>
				<misses>438001</misses>
				<total>273272</total>
				<timestamp>56.893906</timestamp>
			</report>
			<report>
				<misses>439001</misses>
				<total>273272</total>
				<timestamp>57.023782</timestamp>
			</report>
			<report>
				<misses>440001</misses>
				<total>273272</total>
				<timestamp>57.153661</timestamp>
			</report>
			<report>
				<misses>441001</misses>
				<total>273278</total>
				<timestamp>57.283546</timestamp>
			</report>
			<report>
				<misses>442001</misses>
				<total>273278</total>
				<timestamp>57.413386</timestamp>
			</report>
			<report>
				<misses>443001</misses>
				<total>273278</total>
				<timestamp>57.543254</timestamp>
			</report>
			<report>
				<misses>444001</misses>
				<total>273278</total>
				<timestamp>57.673155</timestamp>
			</report>
			<report>
				<misses>445001</misses>
				<total>273278</total>
				<timestamp>57.803096</timestamp>
			</report>
			<report>
				<misses>446001</misses>
				<total>273278</total>
				<timestamp>57.933047</timestamp>
			</report>
			<report>
				<misses>447001</misses>
				<total>273278</total>
				<timestamp>58.062861</timestamp>
			</report>
			<report>
				<misses>448001</misses>
				<total>273278</total>
				<timestamp>58.192753</timestamp>
			</report>
			<report>
				<misses>449001</misses>
				<total>273284</total>
				<timestamp>58.322632</timestamp>
			</report>
			<report>
				<misses>450001</misses>
				<total>273284</total>
				<timestamp>58.452519</timestamp>
			</report>
			<report>
				<misses>451001</misses>
				<total>273284</total>
				<timestamp>58.582328</timestamp>
			</report>
			<report>
				<misses>452001</misses>
				<total>273284</total>
				<timestamp>58.712206</timestamp>
			</report>
			<report>
				<misses>453001</misses>
				<total>273284</total>
				<timestamp>58.842154</timestamp>
			</report>
			<report>
				<misses>454001</misses>
				<total>273284</total>
				<timestamp>58.972084</timestamp>
			</report>
			<report>
				<misses>455001</misses>
				<total>273284</total>
				<timestamp>59.102081</timestamp>
			</report>
			<report>
				<misses>456001</misses>
				<total>273284</total>
				<timestamp>59.232054</timestamp>
			</report>
			<report>
				<misses>457001</misses>
				<total>273284</total>
				<timestamp>59.362016</timestamp>
			</report>
			<report>
				<misses>458001</misses>
				<total>273284</total>
				<timestamp>59.491817</timestamp>
			</report>
			<report>
				<misses>459001</misses>
				<total>273284</total>
				<timestamp>59.621752</timestamp>
			</report>
			<report>
				<misses>460001</misses>
				<total>273284</total>
				<timestamp>59.751624</timestamp>
			</report>
			<report>
				<misses>461001</misses>
				<total>273285</total>
				<timestamp>59.881432</timestamp>
			</report>
			<report>
				<misses>462001</misses>
				<total>273285</total>
				<timestamp>60.011292</timestamp>
			</report>
			<report>
				<misses>463001</misses>
				<total>273285</total>
				<timestamp>60.141192</timestamp>
			</report>
			<report>
				<misses>464001</misses>
				<total>273285</total>
				<timestamp>60.271081</timestamp>
			</report>
			<report>
				<misses>465001</misses>
				<total>273285</total>
				<timestamp>60.400987</timestamp>
			</report>
			<report>
				<misses>466001</misses>
				<total>273285</total>
				<timestamp>60.530943</timestamp>
			</report>
			<report>
				<misses>467001</misses>
				<total>273285</total>
				<timestamp>60.660780</timestamp>
			</report>
			<report>
				<misses>468001</misses>
				<total>273285</total>
				<timestamp>60.790663</timestamp>
			</report>
			<report>
				<misses>469001</misses>
				<total>273285</total>
				<timestamp>60.920523</timestamp>
			</report>
			<report>
				<misses>470001</misses>
				<total>273285</total>
				<timestamp>61.050367</timestamp>
			</report>
			<report>
				<misses>471001</misses>
				<total>273285</total>
				<timestamp>61.180301</timestamp>
			</report>
			<report>
				<misses>472001</misses>
				<total>273285</total>
				<timestamp>61.310160</timestamp>
			</report>
			<report>
				<misses>473001</misses>
				<total>273285</total>
				<timestamp>61.440071</timestamp>
			</report>
			<report>
				<misses>474001</misses>
				<total>273285</total>
				<timestamp>61.570025</timestamp>
			</report>
			<report>
				<misses>475001</misses>
				<total>273285</total>
				<timestamp>61.699853</timestamp>
			</report>
			<report>
				<misses>476001</misses>
				<total>273285</total>
				<timestamp>61.829748</timestamp>
			</report>
			<report>
				<misses>477001</misses>
				<total>273285</total>
				<timestamp>61.959651</timestamp>
			</report>
			<report>
				<misses>478001</misses>
				<total>273285</total>
				<timestamp>62.089497</timestamp>
			</report>
			<report>
				<misses>479001</misses>
				<total>273285</total>
				<timestamp>62.219344</timestamp>
			</report>
			<report>
				<misses>480001</misses>
				<total>273285</total>
				<timestamp>62.349282</timestamp>
			</report>
			<report>
				<misses>481001</misses>
				<total>273285</total>
				<timestamp>62.479132</timestamp>
			</report>
			<report>
				<misses>482001</misses>
				<total>273285</total>
				<timestamp>62.609085</timestamp>
			</report>
			<report>
				<misses>483001</misses>
				<total>273285</total>
				<timestamp>62.738986</timestamp>
			</report>
			<report>
				<misses>484001</misses>
				<total>273285</total>
				<timestamp>62.868824</timestamp>
			</report>
			<report>
				<misses>485001</misses>
				<total>273285</total>
				<timestamp>62.998775</timestamp>
			</report>
			<report>
				<misses>486001</misses>
				<total>273285</total>
				<timestamp>63.128707</timestamp>
			</report>
			<report>
				<misses>487001</misses>
				<total>273285</total>
				<timestamp>63.258600</timestamp>
			</report>
			<report>
				<misses>488001</misses>
				<total>273285</total>
				<timestamp>63.388495</timestamp>
			</report>
			<report>
				<misses>489001</misses>
				<total>273285</total>
				<timestamp>63.518300</timestamp>
			</report>
			<report>
				<misses>490001</misses>
				<total>273285</total>
				<timestamp>63.648171</timestamp>
			</report>
			<report>
				<misses>491001</misses>
				<total>273285</total>
				<timestamp>63.778111</timestamp>
			</report>
			<report>
				<misses>492001</misses>
				<total>273285</total>
				<timestamp>63.908018</timestamp>
			</report>
			<report>
				<misses>493001</misses>
				<total>273285</total>
				<timestamp>64.037997</timestamp>
			</report>
			<report>
				<misses>494001</misses>
				<total>273285</total>
				<timestamp>64.167981</timestamp>
			</report>
			<report>
				<misses>495001</misses>
				<total>273285</total>
				<timestamp>64.297811</timestamp>
			</report>
			<report>
				<misses>496001</misses>
				<total>273285</total>
				<timestamp>64.427655</timestamp>
			</report>
			<report>
				<misses>497001</misses>
				<total>273285</total>
				<timestamp>64.557529</timestamp>
			</report>
			<report>
				<misses>498001</misses>
				<total>273285</total>
				<timestamp>64.687388</timestamp>
			</report>
			<report>
				<misses>499001</misses>
				<total>273285</total>
				<timestamp>64.817269</timestamp>
			</report>
			<report>
				<misses>500001</misses>
				<total>273285</total>
				<timestamp>64.947191</timestamp>
			</report>
			<report>
				<misses>501001</misses>
				<total>273285</total>
				<timestamp>65.077059</timestamp>
			</report>
			<report>
				<misses>502001</misses>
				<total>273285</total>
				<timestamp>65.206886</timestamp>
			</report>
			<report>
				<misses>503001</misses>
				<total>273285</total>
				<timestamp>65.336742</timestamp>
			</report>
			<report>
				<misses>504001</misses>
				<total>273285</total>
				<timestamp>65.466631</timestamp>
			</report>
			<report>
				<misses>505001</misses>
				<total>273285</total>
				<timestamp>65.596508</timestamp>
			</report>
			<report>
				<misses>506001</misses>
				<total>273285</total>
				<timestamp>65.726358</timestamp>
			</report>
			<report>
				<misses>507001</misses>
				<total>273285</total>
				<timestamp>65.856256</timestamp>
			</report>
			<report>
				<misses>508001</misses>
				<total>273293</total>
				<timestamp>65.986130</timestamp>
			</report>
			<report>
				<misses>509001</misses>
				<total>273293</total>
				<timestamp>66.116049</timestamp>
			</report>
			<report>
				<misses>510001</misses>
				<total>273295</total>
				<timestamp>66.246149</timestamp>
			</report>
			<report>
				<misses>511001</misses>
				<total>273295</total>
				<timestamp>66.376042</timestamp>
			</report>
			<report>
				<misses>512001</misses>
				<total>273305</total>
				<timestamp>66.506005</timestamp>
			</report>
			<report>
				<misses>513001</misses>
				<total>273305</total>
				<timestamp>66.635844</timestamp>
			</report>
			<report>
				<misses>514001</misses>
				<total>273305</total>
				<timestamp>66.765740</timestamp>
			</report>
			<report>
				<misses>515001</misses>
				<total>273305</total>
				<timestamp>66.895604</timestamp>
			</report>
			<report>
				<misses>516001</misses>
				<total>273305</total>
				<timestamp>67.025495</timestamp>
			</report>
			<report>
				<misses>517001</misses>
				<total>273305</total>
				<timestamp>67.155317</timestamp>
			</report>
			<report>
				<misses>518001</misses>
				<total>273305</total>
				<timestamp>67.285201</timestamp>
			</report>
			<report>
				<misses>519001</misses>
				<total>273305</total>
				<timestamp>67.415126</timestamp>
			</report>
			<report>
				<misses>520001</misses>
				<total>273315</total>
				<timestamp>67.544974</timestamp>
			</report>
			<report>
				<misses>521001</misses>
				<total>273315</total>
				<timestamp>67.674780</timestamp>
			</report>
			<report>
				<misses>522001</misses>
				<total>273315</total>
				<timestamp>67.804726</timestamp>
			</report>
			<report>
				<misses>523001</misses>
				<total>273315</total>
				<timestamp>67.934544</timestamp>
			</report>
			<report>
				<misses>524001</misses>
				<total>273317</total>
				<timestamp>68.064420</timestamp>
			</report>
			<report>
				<misses>525001</misses>
				<total>273317</total>
				<timestamp>68.194269</timestamp>
			</report>
			<report>
				<misses>526001</misses>
				<total>273317</total>
				<timestamp>68.324242</timestamp>
			</report>
			<report>
				<misses>527001</misses>
				<total>273317</total>
				<timestamp>68.454137</timestamp>
			</report>
			<report>
				<misses>528001</misses>
				<total>273317</total>
				<timestamp>68.584055</timestamp>
			</report>
			<report>
				<misses>529001</misses>
				<total>273317</total>
				<timestamp>68.713981</timestamp>
			</report>
			<report>
				<misses>530001</misses>
				<total>273317</total>
				<timestamp>68.843968</timestamp>
			</report>
			<report>
				<misses>531001</misses>
				<total>273317</total>
				<timestamp>68.973968</timestamp>
			</report>
			<report>
				<misses>532001</misses>
				<total>273317</total>
				<timestamp>69.103991</timestamp>
			</report>
			<report>
				<misses>533001</misses>
				<total>273317</total>
				<timestamp>69.233982</timestamp>
			</report>
			<report>
				<misses>534001</misses>
				<total>273317</total>
				<timestamp>69.363960</timestamp>
			</report>
			<report>
				<misses>535001</misses>
				<total>273322</total>
				<timestamp>69.493765</timestamp>
			</report>
			<report>
				<misses>536001</misses>
				<total>273322</total>
				<timestamp>69.623630</timestamp>
			</report>
			<report>
				<misses>537001</misses>
				<total>273323</total>
				<timestamp>69.753510</timestamp>
			</report>
			<report>
				<misses>538001</misses>
				<total>273324</total>
				<timestamp>69.883488</timestamp>
			</report>
			<report>
				<misses>539001</misses>
				<total>273324</total>
				<timestamp>70.013358</timestamp>
			</report>
			<report>
				<misses>540001</misses>
				<total>273324</total>
				<timestamp>70.143246</timestamp>
			</report>
			<report>
				<misses>541001</misses>
				<total>273324</total>
				<timestamp>70.273141</timestamp>
			</report>
			<report>
				<misses>542001</misses>
				<total>273324</total>
				<timestamp>70.403034</timestamp>
			</report>
			<report>
				<misses>543001</misses>
				<total>273324</total>
				<timestamp>70.532863</timestamp>
			</report>
			<report>
				<misses>544001</misses>
				<total>273324</total>
				<timestamp>70.662773</timestamp>
			</report>
			<report>
				<misses>545001</misses>
				<total>273324</total>
				<timestamp>70.792630</timestamp>
			</report>
			<report>
				<misses>546001</misses>
				<total>273324</total>
				<timestamp>70.922522</timestamp>
			</report>
			<report>
				<misses>547001</misses>
				<total>273333</total>
				<timestamp>71.052312</timestamp>
			</report>
			<report>
				<misses>548001</misses>
				<total>273334</total>
				<timestamp>71.182187</timestamp>
			</report>
			<report>
				<misses>549001</misses>
				<total>273334</total>
				<timestamp>71.312148</timestamp>
			</report>
			<report>
				<misses>550001</misses>
				<total>273334</total>
				<timestamp>71.442148</timestamp>
			</report>
			<report>
				<misses>551001</misses>
				<total>273334</total>
				<timestamp>71.572124</timestamp>
			</report>
			<report>
				<misses>552001</misses>
				<total>273334</total>
				<timestamp>71.701972</timestamp>
			</report>
			<report>
				<misses>553001</misses>
				<total>273334</total>
				<timestamp>71.831819</timestamp>
			</report>
			<report>
				<misses>554001</misses>
				<total>273333</total>
				<timestamp>71.961742</timestamp>
			</report>
			<report>
				<misses>555001</misses>
				<total>273334</total>
				<timestamp>72.091664</timestamp>
			</report>
			<report>
				<misses>556001</misses>
				<total>273335</total>
				<timestamp>72.221622</timestamp>
			</report>
			<report>
				<misses>557001</misses>
				<total>273341</total>
				<timestamp>72.351572</timestamp>
			</report>
			<report>
				<misses>558001</misses>
				<total>273341</total>
				<timestamp>72.481435</timestamp>
			</report>
			<report>
				<misses>559001</misses>
				<total>273758</total>
				<timestamp>72.611292</timestamp>
			</report>
			<report>
				<misses>560001</misses>
				<total>274757</total>
				<timestamp>72.741154</timestamp>
			</report>
			<report>
				<misses>561001</misses>
				<total>275756</total>
				<timestamp>72.871087</timestamp>
			</report>
			<report>
				<misses>562001</misses>
				<total>276755</total>
				<timestamp>73.000980</timestamp>
			</report>
			<report>
				<misses>563001</misses>
				<total>277754</total>
				<timestamp>73.130982</timestamp>
			</report>
			<report>
				<misses>564001</misses>
				<total>278753</total>
				<timestamp>73.260995</timestamp>
			</report>
			<report>
				<misses>565001</misses>
				<total>279752</total>
				<timestamp>73.391008</timestamp>
			</report>
			<report>
				<misses>566001</misses>
				<total>280751</total>
				<timestamp>73.520919</timestamp>
			</report>
			<report>
				<misses>567001</misses>
				<total>281750</total>
				<timestamp>73.650772</timestamp>
			</report>
			<report>
				<misses>568001</misses>
				<total>282749</total>
				<timestamp>73.780664</timestamp>
			</report>
			<report>
				<misses>569001</misses>
				<total>283748</total>
				<timestamp>73.910500</timestamp>
			</report>
			<report>
				<misses>570001</misses>
				<total>284747</total>
				<timestamp>74.040385</timestamp>
			</report>
			<report>
				<misses>571001</misses>
				<total>285746</total>
				<timestamp>74.170237</timestamp>
			</report>
			<report>
				<misses>572001</misses>
				<total>286745</total>
				<timestamp>74.300115</timestamp>
			</report>
			<report>
				<misses>573001</misses>
				<total>287744</total>
				<timestamp>74.430150</timestamp>
			</report>
			<report>
				<misses>574001</misses>
				<total>288743</total>
				<timestamp>74.560008</timestamp>
			</report>
			<report>
				<misses>575001</misses>
				<total>289742</total>
				<timestamp>74.689935</timestamp>
			</report>
			<report>
				<misses>576001</misses>
				<total>290741</total>
				<timestamp>74.819954</timestamp>
			</report>
			<report>
				<misses>577001</misses>
				<total>291740</total>
				<timestamp>74.949999</timestamp>
			</report>
			<report>
				<misses>578001</misses>
				<total>292739</total>
				<timestamp>75.079927</timestamp>
			</report>
			<report>
				<misses>579001</misses>
				<total>293738</total>
				<timestamp>75.209772</timestamp>
			</report>
			<report>
				<misses>580001</misses>
				<total>294737</total>
				<timestamp>75.339606</timestamp>
			</report>
			<report>
				<misses>581001</misses>
				<total>295736</total>
				<timestamp>75.469504</timestamp>
			</report>
			<report>
				<misses>582001</misses>
				<total>296735</total>
				<timestamp>75.599348</timestamp>
			</report>
			<report>
				<misses>583001</misses>
				<total>297734</total>
				<timestamp>75.729195</timestamp>
			</report>
			<report>
				<misses>584001</misses>
				<total>298733</total>
				<timestamp>75.859170</timestamp>
			</report>
			<report>
				<misses>585001</misses>
				<total>299732</total>
				<timestamp>75.989131</timestamp>
			</report>
			<report>
				<misses>586001</misses>
				<total>300731</total>
				<timestamp>76.118992</timestamp>
			</report>
			<report>
				<misses>587001</misses>
				<total>301730</total>
				<timestamp>76.248891</timestamp>
			</report>
			<report>
				<misses>588001</misses>
				<total>302729</total>
				<timestamp>76.378986</timestamp>
			</report>
			<report>
				<misses>589001</misses>
				<total>303728</total>
				<timestamp>76.508898</timestamp>
			</report>
			<report>
				<misses>590001</misses>
				<total>304727</total>
				<timestamp>76.638966</timestamp>
			</report>
			<report>
				<misses>591001</misses>
				<total>305726</total>
				<timestamp>76.768910</timestamp>
			</report>
			<report>
				<misses>592001</misses>
				<total>306725</total>
				<timestamp>76.898897</timestamp>
			</report>
			<report>
				<misses>593001</misses>
				<total>307724</total>
				<timestamp>77.028902</timestamp>
			</report>
			<report>
				<misses>594001</misses>
				<total>308723</total>
				<timestamp>77.158975</timestamp>
			</report>
			<report>
				<misses>595001</misses>
				<total>309722</total>
				<timestamp>77.288903</timestamp>
			</report>
			<report>
				<misses>596001</misses>
				<total>310721</total>
				<timestamp>77.418830</timestamp>
			</report>
			<report>
				<misses>597001</misses>
				<total>311720</total>
				<timestamp>77.548765</timestamp>
			</report>
			<report>
				<misses>598001</misses>
				<total>312719</total>
				<timestamp>77.678785</timestamp>
			</report>
			<report>
				<misses>599001</misses>
				<total>313718</total>
				<timestamp>77.808764</timestamp>
			</report>
			<report>
				<misses>600001</misses>
				<total>314717</total>
				<timestamp>77.938727</timestamp>
			</report>
			<report>
				<misses>601001</misses>
				<total>315716</total>
				<timestamp>78.068623</timestamp>
			</report>
			<report>
				<misses>602001</misses>
				<total>316715</total>
				<timestamp>78.198515</timestamp>
			</report>
			<report>
				<misses>603001</misses>
				<total>317714</total>
				<timestamp>78.328414</timestamp>
			</report>
			<report>
				<misses>604001</misses>
				<total>318713</total>
				<timestamp>78.458288</timestamp>
			</report>
			<report>
				<misses>605001</misses>
				<total>319712</total>
				<timestamp>78.588164</timestamp>
			</report>
			<report>
				<misses>606001</misses>
				<total>320711</total>
				<timestamp>78.718049</timestamp>
			</report>
			<report>
				<misses>607001</misses>
				<total>321710</total>
				<timestamp>78.848015</timestamp>
			</report>
			<report>
				<misses>608001</misses>
				<total>322709</total>
				<timestamp>78.977966</timestamp>
			</report>
			<report>
				<misses>609001</misses>
				<total>323708</total>
				<timestamp>79.107775</timestamp>
			</report>
			<report>
				<misses>610001</misses>
				<total>324707</total>
				<timestamp>79.237655</timestamp>
			</report>
			<report>
				<misses>611001</misses>
				<total>325706</total>
				<timestamp>79.367610</timestamp>
			</report>
			<report>
				<misses>612001</misses>
				<total>326705</total>
				<timestamp>79.497560</timestamp>
			</report>
			<report>
				<misses>613001</misses>
				<total>327704</total>
				<timestamp>79.627497</timestamp>
			</report>
			<report>
				<misses>614001</misses>
				<total>328703</total>
				<timestamp>79.757382</timestamp>
			</report>
			<report>
				<misses>615001</misses>
				<total>329702</total>
				<timestamp>79.887247</timestamp>
			</report>
			<report>
				<misses>616001</misses>
				<total>330701</total>
				<timestamp>80.017139</timestamp>
			</report>
			<report>
				<misses>617001</misses>
				<total>331700</total>
				<timestamp>80.147036</timestamp>
			</report>
			<report>
				<misses>618001</misses>
				<total>332699</total>
				<timestamp>80.276902</timestamp>
			</report>
			<report>
				<misses>619001</misses>
				<total>333698</total>
				<timestamp>80.406783</timestamp>
			</report>
			<report>
				<misses>620001</misses>
				<total>334697</total>
				<timestamp>80.536648</timestamp>
			</report>
			<report>
				<misses>621001</misses>
				<total>335696</total>
				<timestamp>80.666526</timestamp>
			</report>
			<report>
				<misses>622001</misses>
				<total>336695</total>
				<timestamp>80.796355</timestamp>
			</report>
			<report>
				<misses>623001</misses>
				<total>337694</total>
				<timestamp>80.926265</timestamp>
			</report>
			<report>
				<misses>624001</misses>
				<total>338693</total>
				<timestamp>81.056096</timestamp>
			</report>
			<report>
				<misses>625001</misses>
				<total>339692</total>
				<timestamp>81.186031</timestamp>
			</report>
			<report>
				<misses>626001</misses>
				<total>340691</total>
				<timestamp>81.315936</timestamp>
			</report>
			<report>
				<misses>627001</misses>
				<total>341690</total>
				<timestamp>81.445887</timestamp>
			</report>
			<report>
				<misses>628001</misses>
				<total>342689</total>
				<timestamp>81.575740</timestamp>
			</report>
			<report>
				<misses>629001</misses>
				<total>343688</total>
				<timestamp>81.705677</timestamp>
			</report>
			<report>
				<misses>630001</misses>
				<total>344687</total>
				<timestamp>81.835604</timestamp>
			</report>
			<report>
				<misses>631001</misses>
				<total>345686</total>
				<timestamp>81.965506</timestamp>
			</report>
			<report>
				<misses>632001</misses>
				<total>346685</total>
				<timestamp>82.095302</timestamp>
			</report>
			<report>
				<misses>633001</misses>
				<total>347684</total>
				<timestamp>82.225191</timestamp>
			</report>
			<report>
				<misses>634001</misses>
				<total>348683</total>
				<timestamp>82.355038</timestamp>
			</report>
			<report>
				<misses>635001</misses>
				<total>349682</total>
				<timestamp>82.484945</timestamp>
			</report>
			<report>
				<misses>636001</misses>
				<total>350681</total>
				<timestamp>82.614790</timestamp>
			</report>
			<report>
				<misses>637001</misses>
				<total>351680</total>
				<timestamp>82.744734</timestamp>
			</report>
			<report>
				<misses>638001</misses>
				<total>352679</total>
				<timestamp>82.874742</timestamp>
			</report>
			<report>
				<misses>639001</misses>
				<total>353678</total>
				<timestamp>83.004787</timestamp>
			</report>
			<report>
				<misses>640001</misses>
				<total>354677</total>
				<timestamp>83.134722</timestamp>
			</report>
			<report>
				<misses>641001</misses>
				<total>355676</total>
				<timestamp>83.264622</timestamp>
			</report>
			<report>
				<misses>642001</misses>
				<total>356675</total>
				<timestamp>83.394551</timestamp>
			</report>
			<report>
				<misses>643001</misses>
				<total>357674</total>
				<timestamp>83.524406</timestamp>
			</report>
			<report>
				<misses>644001</misses>
				<total>358673</total>
				<timestamp>83.654265</timestamp>
			</report>
			<report>
				<misses>645001</misses>
				<total>359672</total>
				<timestamp>83.784183</timestamp>
			</report>
			<report>
				<misses>646001</misses>
				<total>360671</total>
				<timestamp>83.914013</timestamp>
			</report>
			<report>
				<misses>647001</misses>
				<total>361670</total>
				<timestamp>84.043936</timestamp>
			</report>
			<report>
				<misses>648001</misses>
				<total>362669</total>
				<timestamp>84.173844</timestamp>
			</report>
			<report>
				<misses>649001</misses>
				<total>363668</total>
				<timestamp>84.303792</timestamp>
			</report>
			<report>
				<misses>650001</misses>
				<total>364667</total>
				<timestamp>84.433619</timestamp>
			</report>
			<report>
				<misses>651001</misses>
				<total>365666</total>
				<timestamp>84.563473</timestamp>
			</report>
			<report>
				<misses>652001</misses>
				<total>366665</total>
				<timestamp>84.693405</timestamp>
			</report>
			<report>
				<misses>653001</misses>
				<total>367664</total>
				<timestamp>84.823274</timestamp>
			</report>
			<report>
				<misses>654001</misses>
				<total>368663</total>
				<timestamp>84.953156</timestamp>
			</report>
			<report>
				<misses>655001</misses>
				<total>369662</total>
				<timestamp>85.083024</timestamp>
			</report>
			<report>
				<misses>656001</misses>
				<total>370661</total>
				<timestamp>85.212916</timestamp>
			</report>
			<report>
				<misses>657001</misses>
				<total>371660</total>
				<timestamp>85.342943</timestamp>
			</report>
			<report>
				<misses>658001</misses>
				<total>372659</total>
				<timestamp>85.472958</timestamp>
			</report>
			<report>
				<misses>659001</misses>
				<total>373658</total>
				<timestamp>85.602924</timestamp>
			</report>
			<report>
				<misses>660001</misses>
				<total>374657</total>
				<timestamp>85.732945</timestamp>
			</report>
			<report>
				<misses>661001</misses>
				<total>375656</total>
				<timestamp>85.862918</timestamp>
			</report>
			<report>
				<misses>662001</misses>
				<total>376655</total>
				<timestamp>85.992949</timestamp>
			</report>
			<report>
				<misses>663001</misses>
				<total>377654</total>
				<timestamp>86.122946</timestamp>
			</report>
			<report>
				<misses>664001</misses>
				<total>378653</total>
				<timestamp>86.252916</timestamp>
			</report>
			<report>
				<misses>665001</misses>
				<total>379652</total>
				<timestamp>86.382884</timestamp>
			</report>
			<report>
				<misses>666001</misses>
				<total>380651</total>
				<timestamp>86.512754</timestamp>
			</report>
			<report>
				<misses>667001</misses>
				<total>381650</total>
				<timestamp>86.642642</timestamp>
			</report>
			<report>
				<misses>668001</misses>
				<total>382649</total>
				<timestamp>86.772492</timestamp>
			</report>
			<report>
				<misses>669001</misses>
				<total>383648</total>
				<timestamp>86.902332</timestamp>
			</report>
			<report>
				<misses>670001</misses>
				<total>384647</total>
				<timestamp>87.032199</timestamp>
			</report>
			<report>
				<misses>671001</misses>
				<total>385646</total>
				<timestamp>87.162071</timestamp>
			</report>
			<report>
				<misses>672001</misses>
				<total>386645</total>
				<timestamp>87.292049</timestamp>
			</report>
			<report>
				<misses>673001</misses>
				<total>387644</total>
				<timestamp>87.422032</timestamp>
			</report>
			<report>
				<misses>674001</misses>
				<total>388643</total>
				<timestamp>87.551970</timestamp>
			</report>
			<report>
				<misses>675001</misses>
				<total>389642</total>
				<timestamp>87.681912</timestamp>
			</report>
			<report>
				<misses>676001</misses>
				<total>390641</total>
				<timestamp>87.811926</timestamp>
			</report>
			<report>
				<misses>677001</misses>
				<total>391640</total>
				<timestamp>87.941919</timestamp>
			</report>
			<report>
				<misses>678001</misses>
				<total>392639</total>
				<timestamp>88.071863</timestamp>
			</report>
			<report>
				<misses>679001</misses>
				<total>393638</total>
				<timestamp>88.201662</timestamp>
			</report>
			<report>
				<misses>680001</misses>
				<total>394637</total>
				<timestamp>88.331554</timestamp>
			</report>
			<report>
				<misses>681001</misses>
				<total>395636</total>
				<timestamp>88.461489</timestamp>
			</report>
			<report>
				<misses>682001</misses>
				<total>396635</total>
				<timestamp>88.591400</timestamp>
			</report>
			<report>
				<misses>683001</misses>
				<total>397634</total>
				<timestamp>88.721275</timestamp>
			</report>
			<report>
				<misses>684001</misses>
				<total>398633</total>
				<timestamp>88.851337</timestamp>
			</report>
			<report>
				<misses>685001</misses>
				<total>399632</total>
				<timestamp>88.981143</timestamp>
			</report>
			<report>
				<misses>686001</misses>
				<total>400631</total>
				<timestamp>89.111030</timestamp>
			</report>
			<report>
				<misses>687001</misses>
				<total>401630</total>
				<timestamp>89.240917</timestamp>
			</report>
			<report>
				<misses>688001</misses>
				<total>402629</total>
				<timestamp>89.370853</timestamp>
			</report>
			<report>
				<misses>689001</misses>
				<total>403628</total>
				<timestamp>89.500841</timestamp>
			</report>
			<report>
				<misses>690001</misses>
				<total>404627</total>
				<timestamp>89.630796</timestamp>
			</report>
			<report>
				<misses>691001</misses>
				<total>405626</total>
				<timestamp>89.760675</timestamp>
			</report>
			<report>
				<misses>692001</misses>
				<total>406625</total>
				<timestamp>89.890542</timestamp>
			</report>
			<report>
				<misses>693001</misses>
				<total>407624</total>
				<timestamp>90.020394</timestamp>
			</report>
			<report>
				<misses>694001</misses>
				<total>408623</total>
				<timestamp>90.150229</timestamp>
			</report>
			<report>
				<misses>695001</misses>
				<total>409622</total>
				<timestamp>90.280117</timestamp>
			</report>
			<report>
				<misses>696001</misses>
				<total>410621</total>
				<timestamp>90.410019</timestamp>
			</report>
			<report>
				<misses>697001</misses>
				<total>411620</total>
				<timestamp>90.539857</timestamp>
			</report>
			<report>
				<misses>698001</misses>
				<total>412619</total>
				<timestamp>90.669762</timestamp>
			</report>
			<report>
				<misses>699001</misses>
				<total>413618</total>
				<timestamp>90.799680</timestamp>
			</report>
			<report>
				<misses>700001</misses>
				<total>414617</total>
				<timestamp>90.929628</timestamp>
			</report>
			<report>
				<misses>701001</misses>
				<total>415616</total>
				<timestamp>91.059535</timestamp>
			</report>
			<report>
				<misses>702001</misses>
				<total>416615</total>
				<timestamp>91.189570</timestamp>
			</report>
			<report>
				<misses>703001</misses>
				<total>417614</total>
				<timestamp>91.319503</timestamp>
			</report>
			<report>
				<misses>704001</misses>
				<total>418613</total>
				<timestamp>91.449349</timestamp>
			</report>
			<report>
				<misses>705001</misses>
				<total>419612</total>
				<timestamp>91.579189</timestamp>
			</report>
			<report>
				<misses>706001</misses>
				<total>420611</total>
				<timestamp>91.709068</timestamp>
			</report>
			<report>
				<misses>707001</misses>
				<total>421610</total>
				<timestamp>91.839047</timestamp>
			</report>
			<report>
				<misses>708001</misses>
				<total>422609</total>
				<timestamp>91.968981</timestamp>
			</report>
			<report>
				<misses>709001</misses>
				<total>423608</total>
				<timestamp>92.098935</timestamp>
			</report>
			<report>
				<misses>710001</misses>
				<total>424607</total>
				<timestamp>92.228912</timestamp>
			</report>
			<report>
				<misses>711001</misses>
				<total>425606</total>
				<timestamp>92.358884</timestamp>
			</report>
			<report>
				<misses>712001</misses>
				<total>426605</total>
				<timestamp>92.488813</timestamp>
			</report>
			<report>
				<misses>713001</misses>
				<total>427604</total>
				<timestamp>92.618707</timestamp>
			</report>
			<report>
				<misses>714001</misses>
				<total>428603</total>
				<timestamp>92.748567</timestamp>
			</report>
			<report>
				<misses>715001</misses>
				<total>429602</total>
				<timestamp>92.878547</timestamp>
			</report>
			<report>
				<misses>716001</misses>
				<total>430601</total>
				<timestamp>93.008413</timestamp>
			</report>
			<report>
				<misses>717001</misses>
				<total>431600</total>
				<timestamp>93.138268</timestamp>
			</report>
			<report>
				<misses>718001</misses>
				<total>432599</total>
				<timestamp>93.268171</timestamp>
			</report>
			<report>
				<misses>719001</misses>
				<total>433598</total>
				<timestamp>93.398068</timestamp>
			</report>
			<report>
				<misses>720001</misses>
				<total>434597</total>
				<timestamp>93.528058</timestamp>
			</report>
			<report>
				<misses>721001</misses>
				<total>435596</total>
				<timestamp>93.657955</timestamp>
			</report>
			<report>
				<misses>722001</misses>
				<total>436595</total>
				<timestamp>93.787811</timestamp>
			</report>
			<report>
				<misses>723001</misses>
				<total>437594</total>
				<timestamp>93.917643</timestamp>
			</report>
			<report>
				<misses>724001</misses>
				<total>438593</total>
				<timestamp>94.047527</timestamp>
			</report>
			<report>
				<misses>725001</misses>
				<total>439592</total>
				<timestamp>94.177364</timestamp>
			</report>
			<report>
				<misses>726001</misses>
				<total>440591</total>
				<timestamp>94.307253</timestamp>
			</report>
			<report>
				<misses>727001</misses>
				<total>441590</total>
				<timestamp>94.437109</timestamp>
			</report>
			<report>
				<misses>728001</misses>
				<total>442589</total>
				<timestamp>94.567010</timestamp>
			</report>
			<report>
				<misses>729001</misses>
				<total>443588</total>
				<timestamp>94.696991</timestamp>
			</report>
			<report>
				<misses>730001</misses>
				<total>444587</total>
				<timestamp>94.826927</timestamp>
			</report>
			<report>
				<misses>731001</misses>
				<total>445586</total>
				<timestamp>94.956828</timestamp>
			</report>
			<report>
				<misses>732001</misses>
				<total>446585</total>
				<timestamp>95.086802</timestamp>
			</report>
			<report>
				<misses>733001</misses>
				<total>447584</total>
				<timestamp>95.216853</timestamp>
			</report>
			<report>
				<misses>734001</misses>
				<total>448583</total>
				<timestamp>95.346823</timestamp>
			</report>
			<report>
				<misses>735001</misses>
				<total>449582</total>
				<timestamp>95.476795</timestamp>
			</report>
			<report>
				<misses>736001</misses>
				<total>450581</total>
				<timestamp>95.606607</timestamp>
			</report>
			<report>
				<misses>737001</misses>
				<total>451580</total>
				<timestamp>95.736492</timestamp>
			</report>
			<report>
				<misses>738001</misses>
				<total>452579</total>
				<timestamp>95.866373</timestamp>
			</report>
			<report>
				<misses>739001</misses>
				<total>453578</total>
				<timestamp>95.996213</timestamp>
			</report>
			<report>
				<misses>740001</misses>
				<total>454577</total>
				<timestamp>96.126098</timestamp>
			</report>
			<report>
				<misses>741001</misses>
				<total>455378</total>
				<timestamp>96.256051</timestamp>
			</report>
			<report>
				<misses>742001</misses>
				<total>455382</total>
				<timestamp>96.386040</timestamp>
			</report>
			<report>
				<misses>743001</misses>
				<total>455382</total>
				<timestamp>96.515963</timestamp>
			</report>
			<report>
				<misses>744001</misses>
				<total>455382</total>
				<timestamp>96.645847</timestamp>
			</report>
			<report>
				<misses>745001</misses>
				<total>455385</total>
				<timestamp>96.775772</timestamp>
			</report>
			<report>
				<misses>746001</misses>
				<total>455385</total>
				<timestamp>96.905766</timestamp>
			</report>
			<report>
				<misses>747001</misses>
				<total>455385</total>
				<timestamp>97.035843</timestamp>
			</report>
			<report>
				<misses>748001</misses>
				<total>455386</total>
				<timestamp>97.165807</timestamp>
			</report>
			<report>
				<misses>749001</misses>
				<total>455581</total>
				<timestamp>97.295805</timestamp>
			</report>
			<report>
				<misses>750001</misses>
				<total>456580</total>
				<timestamp>97.425793</timestamp>
			</report>
			<report>
				<misses>751001</misses>
				<total>457579</total>
				<timestamp>97.555842</timestamp>
			</report>
			<report>
				<misses>752001</misses>
				<total>458578</total>
				<timestamp>97.685767</timestamp>
			</report>
			<report>
				<misses>753001</misses>
				<total>459196</total>
				<timestamp>97.815775</timestamp>
			</report>
			<report>
				<misses>754001</misses>
				<total>459196</total>
				<timestamp>97.945784</timestamp>
			</report>
			<report>
				<misses>755001</misses>
				<total>459198</total>
				<timestamp>98.075780</timestamp>
			</report>
			<report>
				<misses>756001</misses>
				<total>459198</total>
				<timestamp>98.205820</timestamp>
			</report>
			<report>
				<misses>757001</misses>
				<total>459198</total>
				<timestamp>98.335805</timestamp>
			</report>
			<report>
				<misses>758001</misses>
				<total>459198</total>
				<timestamp>98.465806</timestamp>
			</report>
			<report>
				<misses>759001</misses>
				<total>459198</total>
				<timestamp>98.595758</timestamp>
			</report>
			<report>
				<misses>760001</misses>
				<total>459198</total>
				<timestamp>98.725619</timestamp>
			</report>
			<report>
				<misses>761001</misses>
				<total>459198</total>
				<timestamp>98.855475</timestamp>
			</report>
			<report>
				<misses>762001</misses>
				<total>459198</total>
				<timestamp>98.985320</timestamp>
			</report>
			<report>
				<misses>763001</misses>
				<total>459198</total>
				<timestamp>99.115185</timestamp>
			</report>
			<report>
				<misses>764001</misses>
				<total>459198</total>
				<timestamp>99.245056</timestamp>
			</report>
			<report>
				<misses>765001</misses>
				<total>459198</total>
				<timestamp>99.374950</timestamp>
			</report>
			<report>
				<misses>766001</misses>
				<total>459201</total>
				<timestamp>99.504789</timestamp>
			</report>
			<report>
				<misses>767001</misses>
				<total>459206</total>
				<timestamp>99.634813</timestamp>
			</report>
			<report>
				<misses>768001</misses>
				<total>459206</total>
				<timestamp>99.764747</timestamp>
			</report>
			<report>
				<misses>769001</misses>
				<total>459207</total>
				<timestamp>99.894733</timestamp>
			</report>
			<report>
				<misses>770001</misses>
				<total>459207</total>
				<timestamp>100.024810</timestamp>
			</report>
			<report>
				<misses>771001</misses>
				<total>459207</total>
				<timestamp>100.154671</timestamp>
			</report>
			<report>
				<misses>772001</misses>
				<total>459207</total>
				<timestamp>100.284561</timestamp>
			</report>
			<report>
				<misses>773001</misses>
				<total>459207</total>
				<timestamp>100.414387</timestamp>
			</report>
			<report>
				<misses>774001</misses>
				<total>459207</total>
				<timestamp>100.544247</timestamp>
			</report>
			<report>
				<misses>775001</misses>
				<total>459207</total>
				<timestamp>100.674109</timestamp>
			</report>
			<report>
				<misses>776001</misses>
				<total>459207</total>
				<timestamp>100.804053</timestamp>
			</report>
			<report>
				<misses>777001</misses>
				<total>459207</total>
				<timestamp>100.933987</timestamp>
			</report>
			<report>
				<misses>778001</misses>
				<total>459207</total>
				<timestamp>101.063944</timestamp>
			</report>
			<report>
				<misses>779001</misses>
				<total>459207</total>
				<timestamp>101.193821</timestamp>
			</report>
			<report>
				<misses>780001</misses>
				<total>459207</total>
				<timestamp>101.323829</timestamp>
			</report>
			<report>
				<misses>781001</misses>
				<total>459207</total>
				<timestamp>101.453753</timestamp>
			</report>
			<report>
				<misses>782001</misses>
				<total>459207</total>
				<timestamp>101.583656</timestamp>
			</report>
			<report>
				<misses>783001</misses>
				<total>459207</total>
				<timestamp>101.713557</timestamp>
			</report>
			<report>
				<misses>784001</misses>
				<total>459207</total>
				<timestamp>101.843506</timestamp>
			</report>
			<report>
				<misses>785001</misses>
				<total>459207</total>
				<timestamp>101.973347</timestamp>
			</report>
			<report>
				<misses>786001</misses>
				<total>459216</total>
				<timestamp>102.103209</timestamp>
			</report>
			<report>
				<misses>787001</misses>
				<total>459216</total>
				<timestamp>102.233075</timestamp>
			</report>
			<report>
				<misses>788001</misses>
				<total>459216</total>
				<timestamp>102.362952</timestamp>
			</report>
			<report>
				<misses>789001</misses>
				<total>459221</total>
				<timestamp>102.492911</timestamp>
			</report>
			<report>
				<misses>790001</misses>
				<total>459221</total>
				<timestamp>102.622884</timestamp>
			</report>
			<report>
				<misses>791001</misses>
				<total>459221</total>
				<timestamp>102.752777</timestamp>
			</report>
			<report>
				<misses>792001</misses>
				<total>459221</total>
				<timestamp>102.882747</timestamp>
			</report>
			<report>
				<misses>793001</misses>
				<total>459220</total>
				<timestamp>103.012738</timestamp>
			</report>
			<report>
				<misses>794001</misses>
				<total>459221</total>
				<timestamp>103.142574</timestamp>
			</report>
			<report>
				<misses>795001</misses>
				<total>459221</total>
				<timestamp>103.272492</timestamp>
			</report>
			<report>
				<misses>796001</misses>
				<total>459221</total>
				<timestamp>103.402305</timestamp>
			</report>
			<report>
				<misses>797001</misses>
				<total>459221</total>
				<timestamp>103.532192</timestamp>
			</report>
			<report>
				<misses>798001</misses>
				<total>459224</total>
				<timestamp>103.662034</timestamp>
			</report>
			<report>
				<misses>799001</misses>
				<total>459224</total>
				<timestamp>103.791978</timestamp>
			</report>
			<report>
				<misses>800001</misses>
				<total>459224</total>
				<timestamp>103.921832</timestamp>
			</report>
			<report>
				<misses>801001</misses>
				<total>459848</total>
				<timestamp>104.051751</timestamp>
			</report>
			<report>
				<misses>802001</misses>
				<total>460847</total>
				<timestamp>104.181674</timestamp>
			</report>
			<report>
				<misses>803001</misses>
				<total>461846</total>
				<timestamp>104.311592</timestamp>
			</report>
			<report>
				<misses>804001</misses>
				<total>462845</total>
				<timestamp>104.441414</timestamp>
			</report>
			<report>
				<misses>805001</misses>
				<total>463844</total>
				<timestamp>104.571321</timestamp>
			</report>
			<report>
				<misses>806001</misses>
				<total>464843</total>
				<timestamp>104.701169</timestamp>
			</report>
			<report>
				<misses>807001</misses>
				<total>465842</total>
				<timestamp>104.831042</timestamp>
			</report>
			<report>
				<misses>808001</misses>
				<total>466841</total>
				<timestamp>104.960944</timestamp>
			</report>
			<report>
				<misses>809001</misses>
				<total>467840</total>
				<timestamp>105.090823</timestamp>
			</report>
			<report>
				<misses>810001</misses>
				<total>468839</total>
				<timestamp>105.220869</timestamp>
			</report>
			<report>
				<misses>811001</misses>
				<total>469838</total>
				<timestamp>105.350825</timestamp>
			</report>
			<report>
				<misses>812001</misses>
				<total>470837</total>
				<timestamp>105.480798</timestamp>
			</report>
			<report>
				<misses>813001</misses>
				<total>471836</total>
				<timestamp>105.610738</timestamp>
			</report>
			<report>
				<misses>814001</misses>
				<total>472835</total>
				<timestamp>105.740736</timestamp>
			</report>
			<report>
				<misses>815001</misses>
				<total>473834</total>
				<timestamp>105.870627</timestamp>
			</report>
			<report>
				<misses>816001</misses>
				<total>474833</total>
				<timestamp>106.000528</timestamp>
			</report>
			<report>
				<misses>817001</misses>
				<total>475832</total>
				<timestamp>106.130363</timestamp>
			</report>
			<report>
				<misses>818001</misses>
				<total>476831</total>
				<timestamp>106.260232</timestamp>
			</report>
			<report>
				<misses>819001</misses>
				<total>477830</total>
				<timestamp>106.390097</timestamp>
			</report>
			<report>
				<misses>820001</misses>
				<total>478829</total>
				<timestamp>106.519990</timestamp>
			</report>
			<report>
				<misses>821001</misses>
				<total>479828</total>
				<timestamp>106.649854</timestamp>
			</report>
			<report>
				<misses>822001</misses>
				<total>480827</total>
				<timestamp>106.779777</timestamp>
			</report>
			<report>
				<misses>823001</misses>
				<total>481826</total>
				<timestamp>106.909678</timestamp>
			</report>
			<report>
				<misses>824001</misses>
				<total>482825</total>
				<timestamp>107.039684</timestamp>
			</report>
			<report>
				<misses>825001</misses>
				<total>483824</total>
				<timestamp>107.169620</timestamp>
			</report>
			<report>
				<misses>826001</misses>
				<total>484823</total>
				<timestamp>107.299448</timestamp>
			</report>
			<report>
				<misses>827001</misses>
				<total>485822</total>
				<timestamp>107.429333</timestamp>
			</report>
			<report>
				<misses>828001</misses>
				<total>486821</total>
				<timestamp>107.559193</timestamp>
			</report>
			<report>
				<misses>829001</misses>
				<total>487820</total>
				<timestamp>107.689056</timestamp>
			</report>
			<report>
				<misses>830001</misses>
				<total>488819</total>
				<timestamp>107.818985</timestamp>
			</report>
			<report>
				<misses>831001</misses>
				<total>489818</total>
				<timestamp>107.948922</timestamp>
			</report>
			<report>
				<misses>832001</misses>
				<total>490817</total>
				<timestamp>108.078871</timestamp>
			</report>
			<report>
				<misses>833001</misses>
				<total>491816</total>
				<timestamp>108.208917</timestamp>
			</report>
			<report>
				<misses>834001</misses>
				<total>492815</total>
				<timestamp>108.338802</timestamp>
			</report>
			<report>
				<misses>835001</misses>
				<total>493814</total>
				<timestamp>108.468806</timestamp>
			</report>
			<report>
				<misses>836001</misses>
				<total>494813</total>
				<timestamp>108.598695</timestamp>
			</report>
			<report>
				<misses>837001</misses>
				<total>495812</total>
				<timestamp>108.728601</timestamp>
			</report>
			<report>
				<misses>838001</misses>
				<total>496811</total>
				<timestamp>108.858413</timestamp>
			</report>
			<report>
				<misses>839001</misses>
				<total>497810</total>
				<timestamp>108.988282</timestamp>
			</report>
			<report>
				<misses>840001</misses>
				<total>498809</total>
				<timestamp>109.118169</timestamp>
			</report>
			<report>
				<misses>841001</misses>
				<total>499808</total>
				<timestamp>109.248036</timestamp>
			</report>
			<report>
				<misses>842001</misses>
				<total>500807</total>
				<timestamp>109.377898</timestamp>
			</report>
			<report>
				<misses>843001</misses>
				<total>501806</total>
				<timestamp>109.507861</timestamp>
			</report>
			<report>
				<misses>844001</misses>
				<total>502805</total>
				<timestamp>109.637857</timestamp>
			</report>
			<report>
				<misses>845001</misses>
				<total>503804</total>
				<timestamp>109.767896</timestamp>
			</report>
			<report>
				<misses>846001</misses>
				<total>504803</total>
				<timestamp>109.897891</timestamp>
			</report>
			<report>
				<misses>847001</misses>
				<total>505802</total>
				<timestamp>110.027845</timestamp>
			</report>
			<report>
				<misses>848001</misses>
				<total>506801</total>
				<timestamp>110.157851</timestamp>
			</report>
			<report>
				<misses>849001</misses>
				<total>507800</total>
				<timestamp>110.287833</timestamp>
			</report>
			<report>
				<misses>850001</misses>
				<total>508799</total>
				<timestamp>110.417853</timestamp>
			</report>
			<report>
				<misses>851001</misses>
				<total>509798</total>
				<timestamp>110.547810</timestamp>
			</report>
			<report>
				<misses>852001</misses>
				<total>510797</total>
				<timestamp>110.677722</timestamp>
			</report>
			<report>
				<misses>853001</misses>
				<total>511796</total>
				<timestamp>110.807681</timestamp>
			</report>
			<report>
				<misses>854001</misses>
				<total>512795</total>
				<timestamp>110.937521</timestamp>
			</report>
			<report>
				<misses>855001</misses>
				<total>513794</total>
				<timestamp>111.067377</timestamp>
			</report>
			<report>
				<misses>856001</misses>
				<total>514793</total>
				<timestamp>111.197259</timestamp>
			</report>
			<report>
				<misses>857001</misses>
				<total>515792</total>
				<timestamp>111.327139</timestamp>
			</report>
			<report>
				<misses>858001</misses>
				<total>516791</total>
				<timestamp>111.456986</timestamp>
			</report>
			<report>
				<misses>859001</misses>
				<total>517790</total>
				<timestamp>111.586892</timestamp>
			</report>
			<report>
				<misses>860001</misses>
				<total>518789</total>
				<timestamp>111.716721</timestamp>
			</report>
			<report>
				<misses>861001</misses>
				<total>519788</total>
				<timestamp>111.846637</timestamp>
			</report>
			<report>
				<misses>862001</misses>
				<total>520787</total>
				<timestamp>111.976514</timestamp>
			</report>
			<report>
				<misses>863001</misses>
				<total>521786</total>
				<timestamp>112.106326</timestamp>
			</report>
			<report>
				<misses>864001</misses>
				<total>522785</total>
				<timestamp>112.236215</timestamp>
			</report>
			<report>
				<misses>865001</misses>
				<total>523784</total>
				<timestamp>112.366074</timestamp>
			</report>
			<report>
				<misses>866001</misses>
				<total>524783</total>
				<timestamp>112.495932</timestamp>
			</report>
			<report>
				<misses>867001</misses>
				<total>525782</total>
				<timestamp>112.625899</timestamp>
			</report>
			<report>
				<misses>868001</misses>
				<total>526781</total>
				<timestamp>112.755883</timestamp>
			</report>
			<report>
				<misses>869001</misses>
				<total>527780</total>
				<timestamp>112.885925</timestamp>
			</report>
			<report>
				<misses>870001</misses>
				<total>528779</total>
				<timestamp>113.015873</timestamp>
			</report>
			<report>
				<misses>871001</misses>
				<total>529778</total>
				<timestamp>113.145728</timestamp>
			</report>
			<report>
				<misses>872001</misses>
				<total>530777</total>
				<timestamp>113.275632</timestamp>
			</report>
			<report>
				<misses>873001</misses>
				<total>531776</total>
				<timestamp>113.405682</timestamp>
			</report>
			<report>
				<misses>874001</misses>
				<total>532775</total>
				<timestamp>113.535701</timestamp>
			</report>
			<report>
				<misses>875001</misses>
				<total>533774</total>
				<timestamp>113.665566</timestamp>
			</report>
			<report>
				<misses>876001</misses>
				<total>534773</total>
				<timestamp>113.795419</timestamp>
			</report>
			<report>
				<misses>877001</misses>
				<total>535772</total>
				<timestamp>113.925298</timestamp>
			</report>
			<report>
				<misses>878001</misses>
				<total>536771</total>
				<timestamp>114.055168</timestamp>
			</report>
			<report>
				<misses>879001</misses>
				<total>537770</total>
				<timestamp>114.185037</timestamp>
			</report>
			<report>
				<misses>880001</misses>
				<total>538769</total>
				<timestamp>114.314892</timestamp>
			</report>
			<report>
				<misses>881001</misses>
				<total>539768</total>
				<timestamp>114.444811</timestamp>
			</report>
			<report>
				<misses>882001</misses>
				<total>540767</total>
				<timestamp>114.574743</timestamp>
			</report>
			<report>
				<misses>883001</misses>
				<total>541766</total>
				<timestamp>114.704679</timestamp>
			</report>
			<report>
				<misses>884001</misses>
				<total>542765</total>
				<timestamp>114.834518</timestamp>
			</report>
			<report>
				<misses>885001</misses>
				<total>543764</total>
				<timestamp>114.964433</timestamp>
			</report>
			<report>
				<misses>886001</misses>
				<total>544763</total>
				<timestamp>115.094299</timestamp>
			</report>
			<report>
				<misses>887001</misses>
				<total>545762</total>
				<timestamp>115.224116</timestamp>
			</report>
			<report>
				<misses>888001</misses>
				<total>546761</total>
				<timestamp>115.353987</timestamp>
			</report>
			<report>
				<misses>889001</misses>
				<total>547760</total>
				<timestamp>115.483857</timestamp>
			</report>
			<report>
				<misses>890001</misses>
				<total>548759</total>
				<timestamp>115.613756</timestamp>
			</report>
			<report>
				<misses>891001</misses>
				<total>549758</total>
				<timestamp>115.743692</timestamp>
			</report>
			<report>
				<misses>892001</misses>
				<total>550757</total>
				<timestamp>115.873685</timestamp>
			</report>
			<report>
				<misses>893001</misses>
				<total>551756</total>
				<timestamp>116.003692</timestamp>
			</report>
			<report>
				<misses>894001</misses>
				<total>552755</total>
				<timestamp>116.133719</timestamp>
			</report>
			<report>
				<misses>895001</misses>
				<total>553754</total>
				<timestamp>116.263661</timestamp>
			</report>
			<report>
				<misses>896001</misses>
				<total>554753</total>
				<timestamp>116.393503</timestamp>
			</report>
			<report>
				<misses>897001</misses>
				<total>555752</total>
				<timestamp>116.523346</timestamp>
			</report>
			<report>
				<misses>898001</misses>
				<total>556751</total>
				<timestamp>116.653206</timestamp>
			</report>
			<report>
				<misses>899001</misses>
				<total>557750</total>
				<timestamp>116.783073</timestamp>
			</report>
			<report>
				<misses>900001</misses>
				<total>558749</total>
				<timestamp>116.912990</timestamp>
			</report>
			<report>
				<misses>901001</misses>
				<total>559748</total>
				<timestamp>117.042843</timestamp>
			</report>
			<report>
				<misses>902001</misses>
				<total>560747</total>
				<timestamp>117.172809</timestamp>
			</report>
			<report>
				<misses>903001</misses>
				<total>561746</total>
				<timestamp>117.302719</timestamp>
			</report>
			<report>
				<misses>904001</misses>
				<total>562745</total>
				<timestamp>117.432684</timestamp>
			</report>
			<report>
				<misses>905001</misses>
				<total>563744</total>
				<timestamp>117.562651</timestamp>
			</report>
			<report>
				<misses>906001</misses>
				<total>564743</total>
				<timestamp>117.692691</timestamp>
			</report>
			<report>
				<misses>907001</misses>
				<total>565742</total>
				<timestamp>117.822708</timestamp>
			</report>
			<report>
				<misses>908001</misses>
				<total>566741</total>
				<timestamp>117.952674</timestamp>
			</report>
			<report>
				<misses>909001</misses>
				<total>567740</total>
				<timestamp>118.082659</timestamp>
			</report>
			<report>
				<misses>910001</misses>
				<total>568739</total>
				<timestamp>118.212594</timestamp>
			</report>
			<report>
				<misses>911001</misses>
				<total>569738</total>
				<timestamp>118.342431</timestamp>
			</report>
			<report>
				<misses>912001</misses>
				<total>570737</total>
				<timestamp>118.472318</timestamp>
			</report>
			<report>
				<misses>913001</misses>
				<total>571736</total>
				<timestamp>118.602165</timestamp>
			</report>
			<report>
				<misses>914001</misses>
				<total>572735</total>
				<timestamp>118.732031</timestamp>
			</report>
			<report>
				<misses>915001</misses>
				<total>573734</total>
				<timestamp>118.861892</timestamp>
			</report>
			<report>
				<misses>916001</misses>
				<total>574733</total>
				<timestamp>118.991859</timestamp>
			</report>
			<report>
				<misses>917001</misses>
				<total>575732</total>
				<timestamp>119.121811</timestamp>
			</report>
			<report>
				<misses>918001</misses>
				<total>576731</total>
				<timestamp>119.251785</timestamp>
			</report>
			<report>
				<misses>919001</misses>
				<total>577730</total>
				<timestamp>119.381708</timestamp>
			</report>
			<report>
				<misses>920001</misses>
				<total>578729</total>
				<timestamp>119.511581</timestamp>
			</report>
			<report>
				<misses>921001</misses>
				<total>579728</total>
				<timestamp>119.641402</timestamp>
			</report>
			<report>
				<misses>922001</misses>
				<total>580727</total>
				<timestamp>119.771295</timestamp>
			</report>
			<report>
				<misses>923001</misses>
				<total>581726</total>
				<timestamp>119.901132</timestamp>
			</report>
			<report>
				<misses>924001</misses>
				<total>582725</total>
				<timestamp>120.031000</timestamp>
			</report>
			<report>
				<misses>925001</misses>
				<total>583724</total>
				<timestamp>120.160872</timestamp>
			</report>
			<report>
				<misses>926001</misses>
				<total>584723</total>
				<timestamp>120.290779</timestamp>
			</report>
			<report>
				<misses>927001</misses>
				<total>585722</total>
				<timestamp>120.420675</timestamp>
			</report>
			<report>
				<misses>928001</misses>
				<total>586721</total>
				<timestamp>120.550627</timestamp>
			</report>
			<report>
				<misses>929001</misses>
				<total>587720</total>
				<timestamp>120.680537</timestamp>
			</report>
			<report>
				<misses>930001</misses>
				<total>588719</total>
				<timestamp>120.810356</timestamp>
			</report>
			<report>
				<misses>931001</misses>
				<total>589718</total>
				<timestamp>120.940207</timestamp>
			</report>
			<report>
				<misses>932001</misses>
				<total>590717</total>
				<timestamp>121.070084</timestamp>
			</report>
			<report>
				<misses>933001</misses>
				<total>591716</total>
				<timestamp>121.199955</timestamp>
			</report>
			<report>
				<misses>934001</misses>
				<total>592715</total>
				<timestamp>121.329886</timestamp>
			</report>
			<report>
				<misses>935001</misses>
				<total>593714</total>
				<timestamp>121.459795</timestamp>
			</report>
			<report>
				<misses>936001</misses>
				<total>594713</total>
				<timestamp>121.589779</timestamp>
			</report>
			<report>
				<misses>937001</misses>
				<total>595712</total>
				<timestamp>121.719738</timestamp>
			</report>
			<report>
				<misses>938001</misses>
				<total>596711</total>
				<timestamp>121.849668</timestamp>
			</report>
			<report>
				<misses>939001</misses>
				<total>597710</total>
				<timestamp>121.979630</timestamp>
			</report>
			<report>
				<misses>940001</misses>
				<total>598709</total>
				<timestamp>122.109498</timestamp>
			</report>
			<report>
				<misses>941001</misses>
				<total>599708</total>
				<timestamp>122.239329</timestamp>
			</report>
			<report>
				<misses>942001</misses>
				<total>600707</total>
				<timestamp>122.369215</timestamp>
			</report>
			<report>
				<misses>943001</misses>
				<total>601706</total>
				<timestamp>122.499087</timestamp>
			</report>
			<report>
				<misses>944001</misses>
				<total>602705</total>
				<timestamp>122.628913</timestamp>
			</report>
			<report>
				<misses>945001</misses>
				<total>603704</total>
				<timestamp>122.758820</timestamp>
			</report>
			<report>
				<misses>946001</misses>
				<total>604703</total>
				<timestamp>122.888685</timestamp>
			</report>
			<report>
				<misses>947001</misses>
				<total>605702</total>
				<timestamp>123.018610</timestamp>
			</report>
			<report>
				<misses>948001</misses>
				<total>606701</total>
				<timestamp>123.148606</timestamp>
			</report>
			<report>
				<misses>949001</misses>
				<total>607700</total>
				<timestamp>123.278601</timestamp>
			</report>
			<report>
				<misses>950001</misses>
				<total>608699</total>
				<timestamp>123.408415</timestamp>
			</report>
			<report>
				<misses>951001</misses>
				<total>609698</total>
				<timestamp>123.538265</timestamp>
			</report>
			<report>
				<misses>952001</misses>
				<total>610697</total>
				<timestamp>123.668195</timestamp>
			</report>
			<report>
				<misses>953001</misses>
				<total>611696</total>
				<timestamp>123.797990</timestamp>
			</report>
			<report>
				<misses>954001</misses>
				<total>612695</total>
				<timestamp>123.927878</timestamp>
			</report>
			<report>
				<misses>955001</misses>
				<total>613694</total>
				<timestamp>124.057820</timestamp>
			</report>
			<report>
				<misses>956001</misses>
				<total>614693</total>
				<timestamp>124.187671</timestamp>
			</report>
			<report>
				<misses>957001</misses>
				<total>615692</total>
				<timestamp>124.317504</timestamp>
			</report>
			<report>
				<misses>958001</misses>
				<total>616691</total>
				<timestamp>124.447412</timestamp>
			</report>
			<report>
				<misses>959001</misses>
				<total>617690</total>
				<timestamp>124.577272</timestamp>
			</report>
			<report>
				<misses>960001</misses>
				<total>618689</total>
				<timestamp>124.707092</timestamp>
			</report>
			<report>
				<misses>961001</misses>
				<total>619688</total>
				<timestamp>124.836965</timestamp>
			</report>
			<report>
				<misses>962001</misses>
				<total>620687</total>
				<timestamp>124.966836</timestamp>
			</report>
			<report>
				<misses>963001</misses>
				<total>621686</total>
				<timestamp>125.096799</timestamp>
			</report>
			<report>
				<misses>964001</misses>
				<total>622685</total>
				<timestamp>125.226792</timestamp>
			</report>
			<report>
				<misses>965001</misses>
				<total>623684</total>
				<timestamp>125.356742</timestamp>
			</report>
			<report>
				<misses>966001</misses>
				<total>624683</total>
				<timestamp>125.486636</timestamp>
			</report>
			<report>
				<misses>967001</misses>
				<total>625682</total>
				<timestamp>125.616483</timestamp>
			</report>
			<report>
				<misses>968001</misses>
				<total>626681</total>
				<timestamp>125.746318</timestamp>
			</report>
			<report>
				<misses>969001</misses>
				<total>627680</total>
				<timestamp>125.876198</timestamp>
			</report>
			<report>
				<misses>970001</misses>
				<total>628679</total>
				<timestamp>126.006104</timestamp>
			</report>
			<report>
				<misses>971001</misses>
				<total>629678</total>
				<timestamp>126.135942</timestamp>
			</report>
			<report>
				<misses>972001</misses>
				<total>630677</total>
				<timestamp>126.265799</timestamp>
			</report>
			<report>
				<misses>973001</misses>
				<total>631676</total>
				<timestamp>126.395742</timestamp>
			</report>
			<report>
				<misses>974001</misses>
				<total>632004</total>
				<timestamp>126.525597</timestamp>
			</report>
			<report>
				<misses>975001</misses>
				<total>632004</total>
				<timestamp>126.655407</timestamp>
			</report>
			<report>
				<misses>976001</misses>
				<total>632004</total>
				<timestamp>126.785359</timestamp>
			</report>
			<report>
				<misses>977001</misses>
				<total>632004</total>
				<timestamp>126.915272</timestamp>
			</report>
			<report>
				<misses>978001</misses>
				<total>632005</total>
				<timestamp>127.045176</timestamp>
			</report>
			<report>
				<misses>979001</misses>
				<total>632005</total>
				<timestamp>127.175004</timestamp>
			</report>
			<report>
				<misses>980001</misses>
				<total>632005</total>
				<timestamp>127.304890</timestamp>
			</report>
			<report>
				<misses>981001</misses>
				<total>632039</total>
				<timestamp>127.434794</timestamp>
			</report>
			<report>
				<misses>982001</misses>
				<total>632260</total>
				<timestamp>127.564660</timestamp>
			</report>
			<report>
				<misses>983001</misses>
				<total>632260</total>
				<timestamp>127.694558</timestamp>
			</report>
			<report>
				<misses>984001</misses>
				<total>632260</total>
				<timestamp>127.824385</timestamp>
			</report>
			<report>
				<misses>985001</misses>
				<total>632260</total>
				<timestamp>127.954230</timestamp>
			</report>
			<report>
				<misses>986001</misses>
				<total>632260</total>
				<timestamp>128.084122</timestamp>
			</report>
			<report>
				<misses>987001</misses>
				<total>632260</total>
				<timestamp>128.214005</timestamp>
			</report>
			<report>
				<misses>988001</misses>
				<total>632260</total>
				<timestamp>128.343833</timestamp>
			</report>
			<report>
				<misses>989001</misses>
				<total>632260</total>
				<timestamp>128.473737</timestamp>
			</report>
			<report>
				<misses>990001</misses>
				<total>632260</total>
				<timestamp>128.603660</timestamp>
			</report>
			<report>
				<misses>991001</misses>
				<total>632260</total>
				<timestamp>128.733502</timestamp>
			</report>
			<report>
				<misses>992001</misses>
				<total>632260</total>
				<timestamp>128.863336</timestamp>
			</report>
			<report>
				<misses>993001</misses>
				<total>632260</total>
				<timestamp>128.993206</timestamp>
			</report>
			<report>
				<misses>994001</misses>
				<total>632260</total>
				<timestamp>129.123050</timestamp>
			</report>
			<report>
				<misses>995001</misses>
				<total>632260</total>
				<timestamp>129.252925</timestamp>
			</report>
			<report>
				<misses>996001</misses>
				<total>632260</total>
				<timestamp>129.382799</timestamp>
			</report>
			<report>
				<misses>997001</misses>
				<total>632260</total>
				<timestamp>129.512791</timestamp>
			</report>
			<report>
				<misses>998001</misses>
				<total>632260</total>
				<timestamp>129.642811</timestamp>
			</report>
			<report>
				<misses>999001</misses>
				<total>632260</total>
				<timestamp>129.772781</timestamp>
			</report>
			<report>
				<misses>1000001</misses>
				<total>632260</total>
				<timestamp>129.902784</timestamp>
			</report>
			<report>
				<misses>1001001</misses>
				<total>632260</total>
				<timestamp>130.032727</timestamp>
			</report>
			<report>
				<misses>1002001</misses>
				<total>632260</total>
				<timestamp>130.162642</timestamp>
			</report>
			<report>
				<misses>1003001</misses>
				<total>632260</total>
				<timestamp>130.292590</timestamp>
			</report>
			<report>
				<misses>1004001</misses>
				<total>632260</total>
				<timestamp>130.422419</timestamp>
			</report>
			<report>
				<misses>1005001</misses>
				<total>632260</total>
				<timestamp>130.552294</timestamp>
			</report>
			<report>
				<misses>1006001</misses>
				<total>632260</total>
				<timestamp>130.682185</timestamp>
			</report>
			<report>
				<misses>1007001</misses>
				<total>632262</total>
				<timestamp>130.812042</timestamp>
			</report>
			<report>
				<misses>1008001</misses>
				<total>632262</total>
				<timestamp>130.941881</timestamp>
			</report>
			<report>
				<misses>1009001</misses>
				<total>632262</total>
				<timestamp>131.071771</timestamp>
			</report>
			<report>
				<misses>1010001</misses>
				<total>632262</total>
				<timestamp>131.201705</timestamp>
			</report>
			<report>
				<misses>1011001</misses>
				<total>632262</total>
				<timestamp>131.331578</timestamp>
			</report>
			<report>
				<misses>1012001</misses>
				<total>632262</total>
				<timestamp>131.461368</timestamp>
			</report>
			<report>
				<misses>1013001</misses>
				<total>632262</total>
				<timestamp>131.591236</timestamp>
			</report>
			<report>
				<misses>1014001</misses>
				<total>632262</total>
				<timestamp>131.721114</timestamp>
			</report>
			<report>
				<misses>1015001</misses>
				<total>632262</total>
				<timestamp>131.850981</timestamp>
			</report>
			<report>
				<misses>1016001</misses>
				<total>632262</total>
				<timestamp>131.980885</timestamp>
			</report>
			<report>
				<misses>1017001</misses>
				<total>632265</total>
				<timestamp>132.110867</timestamp>
			</report>
			<report>
				<misses>1018001</misses>
				<total>632265</total>
				<timestamp>132.240772</timestamp>
			</report>
			<report>
				<misses>1019001</misses>
				<total>632265</total>
				<timestamp>132.370599</timestamp>
			</report>
			<report>
				<misses>1020001</misses>
				<total>632265</total>
				<timestamp>132.500530</timestamp>
			</report>
			<report>
				<misses>1021001</misses>
				<total>632265</total>
				<timestamp>132.630407</timestamp>
			</report>
			<report>
				<misses>1022001</misses>
				<total>632265</total>
				<timestamp>132.760335</timestamp>
			</report>
			<report>
				<misses>1023001</misses>
				<total>632265</total>
				<timestamp>132.890218</timestamp>
			</report>
			<report>
				<misses>1024001</misses>
				<total>632265</total>
				<timestamp>133.020094</timestamp>
			</report>
			<report>
				<misses>1025001</misses>
				<total>632265</total>
				<timestamp>133.149929</timestamp>
			</report>
			<report>
				<misses>1026001</misses>
				<total>632265</total>
				<timestamp>133.279835</timestamp>
			</report>
			<report>
				<misses>1027001</misses>
				<total>632265</total>
				<timestamp>133.409791</timestamp>
			</report>
			<report>
				<misses>1028001</misses>
				<total>632265</total>
				<timestamp>133.539725</timestamp>
			</report>
			<report>
				<misses>1029001</misses>
				<total>632265</total>
				<timestamp>133.669639</timestamp>
			</report>
			<report>
				<misses>1030001</misses>
				<total>632265</total>
				<timestamp>133.799627</timestamp>
			</report>
			<report>
				<misses>1031001</misses>
				<total>632265</total>
				<timestamp>133.929501</timestamp>
			</report>
			<report>
				<misses>1032001</misses>
				<total>632265</total>
				<timestamp>134.059481</timestamp>
			</report>
			<report>
				<misses>1033001</misses>
				<total>632265</total>
				<timestamp>134.189298</timestamp>
			</report>
			<report>
				<misses>1034001</misses>
				<total>632265</total>
				<timestamp>134.319167</timestamp>
			</report>
			<report>
				<misses>1035001</misses>
				<total>632265</total>
				<timestamp>134.449044</timestamp>
			</report>
			<report>
				<misses>1036001</misses>
				<total>632265</total>
				<timestamp>134.578906</timestamp>
			</report>
			<report>
				<misses>1037001</misses>
				<total>632266</total>
				<timestamp>134.708770</timestamp>
			</report>
			<report>
				<misses>1038001</misses>
				<total>632265</total>
				<timestamp>134.838711</timestamp>
			</report>
			<report>
				<misses>1039001</misses>
				<total>632265</total>
				<timestamp>134.968558</timestamp>
			</report>
			<report>
				<misses>1040001</misses>
				<total>632265</total>
				<timestamp>135.098377</timestamp>
			</report>
			<report>
				<misses>1041001</misses>
				<total>632265</total>
				<timestamp>135.228255</timestamp>
			</report>
			<report>
				<misses>1042001</misses>
				<total>632265</total>
				<timestamp>135.358123</timestamp>
			</report>
			<report>
				<misses>1043001</misses>
				<total>632265</total>
				<timestamp>135.487992</timestamp>
			</report>
			<report>
				<misses>1044001</misses>
				<total>632265</total>
				<timestamp>135.617879</timestamp>
			</report>
			<report>
				<misses>1045001</misses>
				<total>632265</total>
				<timestamp>135.747754</timestamp>
			</report>
			<report>
				<misses>1046001</misses>
				<total>632268</total>
				<timestamp>135.877687</timestamp>
			</report>
			<report>
				<misses>1047001</misses>
				<total>632268</total>
				<timestamp>136.007668</timestamp>
			</report>
			<report>
				<misses>1048001</misses>
				<total>632268</total>
				<timestamp>136.137553</timestamp>
			</report>
			<report>
				<misses>1049001</misses>
				<total>632271</total>
				<timestamp>136.267546</timestamp>
			</report>
			<report>
				<misses>1050001</misses>
				<total>632271</total>
				<timestamp>136.397331</timestamp>
			</report>
			<report>
				<misses>1051001</misses>
				<total>632271</total>
				<timestamp>136.527220</timestamp>
			</report>
			<report>
				<misses>1052001</misses>
				<total>632271</total>
				<timestamp>136.657089</timestamp>
			</report>
			<report>
				<misses>1053001</misses>
				<total>632271</total>
				<timestamp>136.786954</timestamp>
			</report>
			<report>
				<misses>1054001</misses>
				<total>632271</total>
				<timestamp>136.916803</timestamp>
			</report>
			<report>
				<misses>1055001</misses>
				<total>632271</total>
				<timestamp>137.046707</timestamp>
			</report>
			<report>
				<misses>1056001</misses>
				<total>632271</total>
				<timestamp>137.176615</timestamp>
			</report>
			<report>
				<misses>1057001</misses>
				<total>632271</total>
				<timestamp>137.306507</timestamp>
			</report>
			<report>
				<misses>1058001</misses>
				<total>632271</total>
				<timestamp>137.436312</timestamp>
			</report>
			<report>
				<misses>1059001</misses>
				<total>632271</total>
				<timestamp>137.566174</timestamp>
			</report>
			<report>
				<misses>1060001</misses>
				<total>632271</total>
				<timestamp>137.696039</timestamp>
			</report>
			<report>
				<misses>1061001</misses>
				<total>632271</total>
				<timestamp>137.825902</timestamp>
			</report>
			<report>
				<misses>1062001</misses>
				<total>632272</total>
				<timestamp>137.955813</timestamp>
			</report>
			<report>
				<misses>1063001</misses>
				<total>632271</total>
				<timestamp>138.085720</timestamp>
			</report>
			<report>
				<misses>1064001</misses>
				<total>632271</total>
				<timestamp>138.215575</timestamp>
			</report>
			<report>
				<misses>1065001</misses>
				<total>632271</total>
				<timestamp>138.345387</timestamp>
			</report>
			<report>
				<misses>1066001</misses>
				<total>632271</total>
				<timestamp>138.475288</timestamp>
			</report>
			<report>
				<misses>1067001</misses>
				<total>632271</total>
				<timestamp>138.605214</timestamp>
			</report>
			<report>
				<misses>1068001</misses>
				<total>632271</total>
				<timestamp>138.735119</timestamp>
			</report>
			<report>
				<misses>1069001</misses>
				<total>632271</total>
				<timestamp>138.864999</timestamp>
			</report>
			<report>
				<misses>1070001</misses>
				<total>632271</total>
				<timestamp>138.994855</timestamp>
			</report>
			<report>
				<misses>1071001</misses>
				<total>632271</total>
				<timestamp>139.124741</timestamp>
			</report>
			<report>
				<misses>1072001</misses>
				<total>632271</total>
				<timestamp>139.254689</timestamp>
			</report>
			<report>
				<misses>1073001</misses>
				<total>632271</total>
				<timestamp>139.384563</timestamp>
			</report>
			<report>
				<misses>1074001</misses>
				<total>632271</total>
				<timestamp>139.514542</timestamp>
			</report>
			<report>
				<misses>1075001</misses>
				<total>632271</total>
				<timestamp>139.644343</timestamp>
			</report>
			<report>
				<misses>1076001</misses>
				<total>632276</total>
				<timestamp>139.774218</timestamp>
			</report>
			<report>
				<misses>1077001</misses>
				<total>632275</total>
				<timestamp>139.904164</timestamp>
			</report>
			<report>
				<misses>1078001</misses>
				<total>632276</total>
				<timestamp>140.033962</timestamp>
			</report>
			<report>
				<misses>1079001</misses>
				<total>632276</total>
				<timestamp>140.163851</timestamp>
			</report>
			<report>
				<misses>1080001</misses>
				<total>632276</total>
				<timestamp>140.293715</timestamp>
			</report>
			<report>
				<misses>1081001</misses>
				<total>632275</total>
				<timestamp>140.423709</timestamp>
			</report>
			<report>
				<misses>1082001</misses>
				<total>632276</total>
				<timestamp>140.553678</timestamp>
			</report>
			<report>
				<misses>1083001</misses>
				<total>632276</total>
				<timestamp>140.683658</timestamp>
			</report>
			<report>
				<misses>1084001</misses>
				<total>632276</total>
				<timestamp>140.813698</timestamp>
			</report>
			<report>
				<misses>1085001</misses>
				<total>632276</total>
				<timestamp>140.943659</timestamp>
			</report>
			<report>
				<misses>1086001</misses>
				<total>632277</total>
				<timestamp>141.073647</timestamp>
			</report>
			<report>
				<misses>1087001</misses>
				<total>632277</total>
				<timestamp>141.203535</timestamp>
			</report>
			<report>
				<misses>1088001</misses>
				<total>632277</total>
				<timestamp>141.333494</timestamp>
			</report>
			<report>
				<misses>1089001</misses>
				<total>632277</total>
				<timestamp>141.463314</timestamp>
			</report>
			<report>
				<misses>1090001</misses>
				<total>632277</total>
				<timestamp>141.593168</timestamp>
			</report>
			<report>
				<misses>1091001</misses>
				<total>632277</total>
				<timestamp>141.723051</timestamp>
			</report>
			<report>
				<misses>1092001</misses>
				<total>632277</total>
				<timestamp>141.852915</timestamp>
			</report>
			<report>
				<misses>1093001</misses>
				<total>632278</total>
				<timestamp>141.982806</timestamp>
			</report>
			<report>
				<misses>1094001</misses>
				<total>632307</total>
				<timestamp>142.112706</timestamp>
			</report>
			<report>
				<misses>1095001</misses>
				<total>632989</total>
				<timestamp>142.242695</timestamp>
			</report>
			<report>
				<misses>1096001</misses>
				<total>633988</total>
				<timestamp>142.372626</timestamp>
			</report>
			<report>
				<misses>1097001</misses>
				<total>634987</total>
				<timestamp>142.502577</timestamp>
			</report>
			<report>
				<misses>1098001</misses>
				<total>635986</total>
				<timestamp>142.632515</timestamp>
			</report>
			<report>
				<misses>1099001</misses>
				<total>636985</total>
				<timestamp>142.762488</timestamp>
			</report>
			<report>
				<misses>1100001</misses>
				<total>637984</total>
				<timestamp>142.892510</timestamp>
			</report>
			<report>
				<misses>1101001</misses>
				<total>638983</total>
				<timestamp>143.022549</timestamp>
			</report>
			<report>
				<misses>1102001</misses>
				<total>639982</total>
				<timestamp>143.152494</timestamp>
			</report>
			<report>
				<misses>1103001</misses>
				<total>640981</total>
				<timestamp>143.282491</timestamp>
			</report>
			<report>
				<misses>1104001</misses>
				<total>641980</total>
				<timestamp>143.412484</timestamp>
			</report>
			<report>
				<misses>1105001</misses>
				<total>642979</total>
				<timestamp>143.542498</timestamp>
			</report>
			<report>
				<misses>1106001</misses>
				<total>643978</total>
				<timestamp>143.672535</timestamp>
			</report>
			<report>
				<misses>1107001</misses>
				<total>644977</total>
				<timestamp>143.802486</timestamp>
			</report>
			<report>
				<misses>1108001</misses>
				<total>645976</total>
				<timestamp>143.932491</timestamp>
			</report>
			<report>
				<misses>1109001</misses>
				<total>646975</total>
				<timestamp>144.062487</timestamp>
			</report>
			<report>
				<misses>1110001</misses>
				<total>647974</total>
				<timestamp>144.192479</timestamp>
			</report>
			<report>
				<misses>1111001</misses>
				<total>648973</total>
				<timestamp>144.322316</timestamp>
			</report>
			<report>
				<misses>1112001</misses>
				<total>649972</total>
				<timestamp>144.452179</timestamp>
			</report>
			<report>
				<misses>1113001</misses>
				<total>650971</total>
				<timestamp>144.582008</timestamp>
			</report>
			<report>
				<misses>1114001</misses>
				<total>651970</total>
				<timestamp>144.711887</timestamp>
			</report>
			<report>
				<misses>1115001</misses>
				<total>652969</total>
				<timestamp>144.841771</timestamp>
			</report>
			<report>
				<misses>1116001</misses>
				<total>653968</total>
				<timestamp>144.971650</timestamp>
			</report>
			<report>
				<misses>1117001</misses>
				<total>654967</total>
				<timestamp>145.101519</timestamp>
			</report>
			<report>
				<misses>1118001</misses>
				<total>655966</total>
				<timestamp>145.231395</timestamp>
			</report>
			<report>
				<misses>1119001</misses>
				<total>656965</total>
				<timestamp>145.361284</timestamp>
			</report>
			<report>
				<misses>1120001</misses>
				<total>657964</total>
				<timestamp>145.491138</timestamp>
			</report>
			<report>
				<misses>1121001</misses>
				<total>658963</total>
				<timestamp>145.620977</timestamp>
			</report>
			<report>
				<misses>1122001</misses>
				<total>659962</total>
				<timestamp>145.750826</timestamp>
			</report>
			<report>
				<misses>1123001</misses>
				<total>660961</total>
				<timestamp>145.880705</timestamp>
			</report>
			<report>
				<misses>1124001</misses>
				<total>661960</total>
				<timestamp>146.010660</timestamp>
			</report>
			<report>
				<misses>1125001</misses>
				<total>662959</total>
				<timestamp>146.140476</timestamp>
			</report>
			<report>
				<misses>1126001</misses>
				<total>663958</total>
				<timestamp>146.270467</timestamp>
			</report>
			<report>
				<misses>1127001</misses>
				<total>664957</total>
				<timestamp>146.400330</timestamp>
			</report>
			<report>
				<misses>1128001</misses>
				<total>665956</total>
				<timestamp>146.530199</timestamp>
			</report>
			<report>
				<misses>1129001</misses>
				<total>666955</total>
				<timestamp>146.660055</timestamp>
			</report>
			<report>
				<misses>1130001</misses>
				<total>667954</total>
				<timestamp>146.789935</timestamp>
			</report>
			<report>
				<misses>1131001</misses>
				<total>668953</total>
				<timestamp>146.919795</timestamp>
			</report>
			<report>
				<misses>1132001</misses>
				<total>669952</total>
				<timestamp>147.049699</timestamp>
			</report>
			<report>
				<misses>1133001</misses>
				<total>670951</total>
				<timestamp>147.179627</timestamp>
			</report>
			<report>
				<misses>1134001</misses>
				<total>671950</total>
				<timestamp>147.309682</timestamp>
			</report>
			<report>
				<misses>1135001</misses>
				<total>672949</total>
				<timestamp>147.439624</timestamp>
			</report>
			<report>
				<misses>1136001</misses>
				<total>673948</total>
				<timestamp>147.569628</timestamp>
			</report>
			<report>
				<misses>1137001</misses>
				<total>674947</total>
				<timestamp>147.699636</timestamp>
			</report>
			<report>
				<misses>1138001</misses>
				<total>675946</total>
				<timestamp>147.829651</timestamp>
			</report>
			<report>
				<misses>1139001</misses>
				<total>676945</total>
				<timestamp>147.959624</timestamp>
			</report>
			<report>
				<misses>1140001</misses>
				<total>677944</total>
				<timestamp>148.089632</timestamp>
			</report>
			<report>
				<misses>1141001</misses>
				<total>678943</total>
				<timestamp>148.219637</timestamp>
			</report>
			<report>
				<misses>1142001</misses>
				<total>679942</total>
				<timestamp>148.349663</timestamp>
			</report>
			<report>
				<misses>1143001</misses>
				<total>680941</total>
				<timestamp>148.479616</timestamp>
			</report>
			<report>
				<misses>1144001</misses>
				<total>681940</total>
				<timestamp>148.609483</timestamp>
			</report>
			<report>
				<misses>1145001</misses>
				<total>682939</total>
				<timestamp>148.739303</timestamp>
			</report>
			<report>
				<misses>1146001</misses>
				<total>683938</total>
				<timestamp>148.869181</timestamp>
			</report>
			<report>
				<misses>1147001</misses>
				<total>684937</total>
				<timestamp>148.999032</timestamp>
			</report>
			<report>
				<misses>1148001</misses>
				<total>685936</total>
				<timestamp>149.128896</timestamp>
			</report>
			<report>
				<misses>1149001</misses>
				<total>686935</total>
				<timestamp>149.258785</timestamp>
			</report>
			<report>
				<misses>1150001</misses>
				<total>687934</total>
				<timestamp>149.388685</timestamp>
			</report>
			<report>
				<misses>1151001</misses>
				<total>688933</total>
				<timestamp>149.518638</timestamp>
			</report>
			<report>
				<misses>1152001</misses>
				<total>689932</total>
				<timestamp>149.648548</timestamp>
			</report>
			<report>
				<misses>1153001</misses>
				<total>690931</total>
				<timestamp>149.778475</timestamp>
			</report>
			<report>
				<misses>1154001</misses>
				<total>691930</total>
				<timestamp>149.908490</timestamp>
			</report>
			<report>
				<misses>1155001</misses>
				<total>692929</total>
				<timestamp>150.038437</timestamp>
			</report>
			<report>
				<misses>1156001</misses>
				<total>693928</total>
				<timestamp>150.168346</timestamp>
			</report>
			<report>
				<misses>1157001</misses>
				<total>694927</total>
				<timestamp>150.298261</timestamp>
			</report>
			<report>
				<misses>1158001</misses>
				<total>695926</total>
				<timestamp>150.428111</timestamp>
			</report>
			<report>
				<misses>1159001</misses>
				<total>696925</total>
				<timestamp>150.558036</timestamp>
			</report>
			<report>
				<misses>1160001</misses>
				<total>697924</total>
				<timestamp>150.687887</timestamp>
			</report>
			<report>
				<misses>1161001</misses>
				<total>698923</total>
				<timestamp>150.817733</timestamp>
			</report>
			<report>
				<misses>1162001</misses>
				<total>699922</total>
				<timestamp>150.947658</timestamp>
			</report>
			<report>
				<misses>1163001</misses>
				<total>700921</total>
				<timestamp>151.077528</timestamp>
			</report>
			<report>
				<misses>1164001</misses>
				<total>701920</total>
				<timestamp>151.207374</timestamp>
			</report>
			<report>
				<misses>1165001</misses>
				<total>702919</total>
				<timestamp>151.337198</timestamp>
			</report>
			<report>
				<misses>1166001</misses>
				<total>703918</total>
				<timestamp>151.467123</timestamp>
			</report>
			<report>
				<misses>1167001</misses>
				<total>704917</total>
				<timestamp>151.596933</timestamp>
			</report>
			<report>
				<misses>1168001</misses>
				<total>705916</total>
				<timestamp>151.726827</timestamp>
			</report>
			<report>
				<misses>1169001</misses>
				<total>706915</total>
				<timestamp>151.856730</timestamp>
			</report>
			<report>
				<misses>1170001</misses>
				<total>707914</total>
				<timestamp>151.986613</timestamp>
			</report>
			<report>
				<misses>1171001</misses>
				<total>708913</total>
				<timestamp>152.116476</timestamp>
			</report>
			<report>
				<misses>1172001</misses>
				<total>709912</total>
				<timestamp>152.246399</timestamp>
			</report>
			<report>
				<misses>1173001</misses>
				<total>710911</total>
				<timestamp>152.376317</timestamp>
			</report>
			<report>
				<misses>1174001</misses>
				<total>711910</total>
				<timestamp>152.506174</timestamp>
			</report>
			<report>
				<misses>1175001</misses>
				<total>712909</total>
				<timestamp>152.636182</timestamp>
			</report>
			<report>
				<misses>1176001</misses>
				<total>713908</total>
				<timestamp>152.766046</timestamp>
			</report>
			<report>
				<misses>1177001</misses>
				<total>714907</total>
				<timestamp>152.895906</timestamp>
			</report>
			<report>
				<misses>1178001</misses>
				<total>715906</total>
				<timestamp>153.025811</timestamp>
			</report>
			<report>
				<misses>1179001</misses>
				<total>716905</total>
				<timestamp>153.155691</timestamp>
			</report>
			<report>
				<misses>1180001</misses>
				<total>717904</total>
				<timestamp>153.285582</timestamp>
			</report>
			<report>
				<misses>1181001</misses>
				<total>718903</total>
				<timestamp>153.415429</timestamp>
			</report>
			<report>
				<misses>1182001</misses>
				<total>719902</total>
				<timestamp>153.545281</timestamp>
			</report>
			<report>
				<misses>1183001</misses>
				<total>720901</total>
				<timestamp>153.675138</timestamp>
			</report>
			<report>
				<misses>1184001</misses>
				<total>721900</total>
				<timestamp>153.805001</timestamp>
			</report>
			<report>
				<misses>1185001</misses>
				<total>722899</total>
				<timestamp>153.934864</timestamp>
			</report>
			<report>
				<misses>1186001</misses>
				<total>723898</total>
				<timestamp>154.064758</timestamp>
			</report>
			<report>
				<misses>1187001</misses>
				<total>724897</total>
				<timestamp>154.194628</timestamp>
			</report>
			<report>
				<misses>1188001</misses>
				<total>725896</total>
				<timestamp>154.324550</timestamp>
			</report>
			<report>
				<misses>1189001</misses>
				<total>726895</total>
				<timestamp>154.454357</timestamp>
			</report>
			<report>
				<misses>1190001</misses>
				<total>727894</total>
				<timestamp>154.584274</timestamp>
			</report>
			<report>
				<misses>1191001</misses>
				<total>728893</total>
				<timestamp>154.714083</timestamp>
			</report>
			<report>
				<misses>1192001</misses>
				<total>729892</total>
				<timestamp>154.844017</timestamp>
			</report>
			<report>
				<misses>1193001</misses>
				<total>730891</total>
				<timestamp>154.973847</timestamp>
			</report>
			<report>
				<misses>1194001</misses>
				<total>731890</total>
				<timestamp>155.103699</timestamp>
			</report>
			<report>
				<misses>1195001</misses>
				<total>732889</total>
				<timestamp>155.233641</timestamp>
			</report>
			<report>
				<misses>1196001</misses>
				<total>733888</total>
				<timestamp>155.363444</timestamp>
			</report>
			<report>
				<misses>1197001</misses>
				<total>734887</total>
				<timestamp>155.493318</timestamp>
			</report>
			<report>
				<misses>1198001</misses>
				<total>735886</total>
				<timestamp>155.623199</timestamp>
			</report>
			<report>
				<misses>1199001</misses>
				<total>736885</total>
				<timestamp>155.753064</timestamp>
			</report>
			<report>
				<misses>1200001</misses>
				<total>737884</total>
				<timestamp>155.882927</timestamp>
			</report>
			<report>
				<misses>1201001</misses>
				<total>738883</total>
				<timestamp>156.012797</timestamp>
			</report>
			<report>
				<misses>1202001</misses>
				<total>739882</total>
				<timestamp>156.142656</timestamp>
			</report>
			<report>
				<misses>1203001</misses>
				<total>740881</total>
				<timestamp>156.272568</timestamp>
			</report>
			<report>
				<misses>1204001</misses>
				<total>741880</total>
				<timestamp>156.402410</timestamp>
			</report>
			<report>
				<misses>1205001</misses>
				<total>742879</total>
				<timestamp>156.532285</timestamp>
			</report>
			<report>
				<misses>1206001</misses>
				<total>743878</total>
				<timestamp>156.662165</timestamp>
			</report>
			<report>
				<misses>1207001</misses>
				<total>744877</total>
				<timestamp>156.791999</timestamp>
			</report>
			<report>
				<misses>1208001</misses>
				<total>745876</total>
				<timestamp>156.921877</timestamp>
			</report>
			<report>
				<misses>1209001</misses>
				<total>746875</total>
				<timestamp>157.051742</timestamp>
			</report>
			<report>
				<misses>1210001</misses>
				<total>747874</total>
				<timestamp>157.181635</timestamp>
			</report>
			<report>
				<misses>1211001</misses>
				<total>748873</total>
				<timestamp>157.311562</timestamp>
			</report>
			<report>
				<misses>1212001</misses>
				<total>749872</total>
				<timestamp>157.441408</timestamp>
			</report>
			<report>
				<misses>1213001</misses>
				<total>750871</total>
				<timestamp>157.571220</timestamp>
			</report>
			<report>
				<misses>1214001</misses>
				<total>751870</total>
				<timestamp>157.701121</timestamp>
			</report>
			<report>
				<misses>1215001</misses>
				<total>752869</total>
				<timestamp>157.831002</timestamp>
			</report>
			<report>
				<misses>1216001</misses>
				<total>753868</total>
				<timestamp>157.960836</timestamp>
			</report>
			<report>
				<misses>1217001</misses>
				<total>754867</total>
				<timestamp>158.090746</timestamp>
			</report>
			<report>
				<misses>1218001</misses>
				<total>755866</total>
				<timestamp>158.220684</timestamp>
			</report>
			<report>
				<misses>1219001</misses>
				<total>756865</total>
				<timestamp>158.350618</timestamp>
			</report>
			<report>
				<misses>1220001</misses>
				<total>757864</total>
				<timestamp>158.480539</timestamp>
			</report>
			<report>
				<misses>1221001</misses>
				<total>758863</total>
				<timestamp>158.610555</timestamp>
			</report>
			<report>
				<misses>1222001</misses>
				<total>759862</total>
				<timestamp>158.740453</timestamp>
			</report>
			<report>
				<misses>1223001</misses>
				<total>760861</total>
				<timestamp>158.870374</timestamp>
			</report>
			<report>
				<misses>1224001</misses>
				<total>761860</total>
				<timestamp>159.000226</timestamp>
			</report>
			<report>
				<misses>1225001</misses>
				<total>762859</total>
				<timestamp>159.130054</timestamp>
			</report>
			<report>
				<misses>1226001</misses>
				<total>763858</total>
				<timestamp>159.259912</timestamp>
			</report>
			<report>
				<misses>1227001</misses>
				<total>764857</total>
				<timestamp>159.389833</timestamp>
			</report>
			<report>
				<misses>1228001</misses>
				<total>765856</total>
				<timestamp>159.519683</timestamp>
			</report>
			<report>
				<misses>1229001</misses>
				<total>766855</total>
				<timestamp>159.649574</timestamp>
			</report>
			<report>
				<misses>1230001</misses>
				<total>767854</total>
				<timestamp>159.779480</timestamp>
			</report>
			<report>
				<misses>1231001</misses>
				<total>768853</total>
				<timestamp>159.909397</timestamp>
			</report>
			<report>
				<misses>1232001</misses>
				<total>769852</total>
				<timestamp>160.039280</timestamp>
			</report>
			<report>
				<misses>1233001</misses>
				<total>770851</total>
				<timestamp>160.169149</timestamp>
			</report>
			<report>
				<misses>1234001</misses>
				<total>771850</total>
				<timestamp>160.299007</timestamp>
			</report>
			<report>
				<misses>1235001</misses>
				<total>772849</total>
				<timestamp>160.428884</timestamp>
			</report>
			<report>
				<misses>1236001</misses>
				<total>773848</total>
				<timestamp>160.558775</timestamp>
			</report>
			<report>
				<misses>1237001</misses>
				<total>774847</total>
				<timestamp>160.688713</timestamp>
			</report>
			<report>
				<misses>1238001</misses>
				<total>775846</total>
				<timestamp>160.818631</timestamp>
			</report>
			<report>
				<misses>1239001</misses>
				<total>776845</total>
				<timestamp>160.948568</timestamp>
			</report>
			<report>
				<misses>1240001</misses>
				<total>777844</total>
				<timestamp>161.078372</timestamp>
			</report>
			<report>
				<misses>1241001</misses>
				<total>778843</total>
				<timestamp>161.208236</timestamp>
			</report>
			<report>
				<misses>1242001</misses>
				<total>779842</total>
				<timestamp>161.338136</timestamp>
			</report>
			<report>
				<misses>1243001</misses>
				<total>780841</total>
				<timestamp>161.467992</timestamp>
			</report>
			<report>
				<misses>1244001</misses>
				<total>781840</total>
				<timestamp>161.597847</timestamp>
			</report>
			<report>
				<misses>1245001</misses>
				<total>782839</total>
				<timestamp>161.727808</timestamp>
			</report>
			<report>
				<misses>1246001</misses>
				<total>783838</total>
				<timestamp>161.857725</timestamp>
			</report>
			<report>
				<misses>1247001</misses>
				<total>784837</total>
				<timestamp>161.987610</timestamp>
			</report>
			<report>
				<misses>1248001</misses>
				<total>785836</total>
				<timestamp>162.117484</timestamp>
			</report>
			<report>
				<misses>1249001</misses>
				<total>786835</total>
				<timestamp>162.247357</timestamp>
			</report>
			<report>
				<misses>1250001</misses>
				<total>787834</total>
				<timestamp>162.377229</timestamp>
			</report>
			<report>
				<misses>1251001</misses>
				<total>788833</total>
				<timestamp>162.507076</timestamp>
			</report>
			<report>
				<misses>1252001</misses>
				<total>789832</total>
				<timestamp>162.636927</timestamp>
			</report>
			<report>
				<misses>1253001</misses>
				<total>790831</total>
				<timestamp>162.766799</timestamp>
			</report>
			<report>
				<misses>1254001</misses>
				<total>791830</total>
				<timestamp>162.896695</timestamp>
			</report>
			<report>
				<misses>1255001</misses>
				<total>792829</total>
				<timestamp>163.026582</timestamp>
			</report>
			<report>
				<misses>1256001</misses>
				<total>793828</total>
				<timestamp>163.156461</timestamp>
			</report>
			<report>
				<misses>1257001</misses>
				<total>794827</total>
				<timestamp>163.286278</timestamp>
			</report>
			<report>
				<misses>1258001</misses>
				<total>795826</total>
				<timestamp>163.416202</timestamp>
			</report>
			<report>
				<misses>1259001</misses>
				<total>796825</total>
				<timestamp>163.546044</timestamp>
			</report>
			<report>
				<misses>1260001</misses>
				<total>797824</total>
				<timestamp>163.675901</timestamp>
			</report>
			<report>
				<misses>1261001</misses>
				<total>798823</total>
				<timestamp>163.805770</timestamp>
			</report>
			<report>
				<misses>1262001</misses>
				<total>799822</total>
				<timestamp>163.935680</timestamp>
			</report>
			<report>
				<misses>1263001</misses>
				<total>800821</total>
				<timestamp>164.065525</timestamp>
			</report>
			<report>
				<misses>1264001</misses>
				<total>801820</total>
				<timestamp>164.195421</timestamp>
			</report>
			<report>
				<misses>1265001</misses>
				<total>802819</total>
				<timestamp>164.325255</timestamp>
			</report>
			<report>
				<misses>1266001</misses>
				<total>803818</total>
				<timestamp>164.455133</timestamp>
			</report>
			<report>
				<misses>1267001</misses>
				<total>804817</total>
				<timestamp>164.585007</timestamp>
			</report>
			<report>
				<misses>1268001</misses>
				<total>805816</total>
				<timestamp>164.714848</timestamp>
			</report>
			<report>
				<misses>1269001</misses>
				<total>806815</total>
				<timestamp>164.844727</timestamp>
			</report>
			<report>
				<misses>1270001</misses>
				<total>807814</total>
				<timestamp>164.974654</timestamp>
			</report>
			<report>
				<misses>1271001</misses>
				<total>808813</total>
				<timestamp>165.104514</timestamp>
			</report>
			<report>
				<misses>1272001</misses>
				<total>809812</total>
				<timestamp>165.234374</timestamp>
			</report>
			<report>
				<misses>1273001</misses>
				<total>810811</total>
				<timestamp>165.364212</timestamp>
			</report>
			<report>
				<misses>1274001</misses>
				<total>811810</total>
				<timestamp>165.494068</timestamp>
			</report>
			<report>
				<misses>1275001</misses>
				<total>812809</total>
				<timestamp>165.623958</timestamp>
			</report>
			<report>
				<misses>1276001</misses>
				<total>813808</total>
				<timestamp>165.753819</timestamp>
			</report>
			<report>
				<misses>1277001</misses>
				<total>814638</total>
				<timestamp>165.883721</timestamp>
			</report>
			<report>
				<misses>1278001</misses>
				<total>814638</total>
				<timestamp>166.013569</timestamp>
			</report>
			<report>
				<misses>1279001</misses>
				<total>814638</total>
				<timestamp>166.143485</timestamp>
			</report>
			<report>
				<misses>1280001</misses>
				<total>814638</total>
				<timestamp>166.273399</timestamp>
			</report>
			<report>
				<misses>1281001</misses>
				<total>814638</total>
				<timestamp>166.403401</timestamp>
			</report>
			<report>
				<misses>1282001</misses>
				<total>814637</total>
				<timestamp>166.533330</timestamp>
			</report>
			<report>
				<misses>1283001</misses>
				<total>814638</total>
				<timestamp>166.663164</timestamp>
			</report>
			<report>
				<misses>1284001</misses>
				<total>814638</total>
				<timestamp>166.793065</timestamp>
			</report>
			<report>
				<misses>1285001</misses>
				<total>814638</total>
				<timestamp>166.922898</timestamp>
			</report>
			<report>
				<misses>1286001</misses>
				<total>814638</total>
				<timestamp>167.052775</timestamp>
			</report>
			<report>
				<misses>1287001</misses>
				<total>814638</total>
				<timestamp>167.182660</timestamp>
			</report>
			<report>
				<misses>1288001</misses>
				<total>814638</total>
				<timestamp>167.312502</timestamp>
			</report>
			<report>
				<misses>1289001</misses>
				<total>814639</total>
				<timestamp>167.442417</timestamp>
			</report>
			<report>
				<misses>1290001</misses>
				<total>814639</total>
				<timestamp>167.572310</timestamp>
			</report>
			<report>
				<misses>1291001</misses>
				<total>814639</total>
				<timestamp>167.702109</timestamp>
			</report>
			<report>
				<misses>1292001</misses>
				<total>814639</total>
				<timestamp>167.831988</timestamp>
			</report>
			<report>
				<misses>1293001</misses>
				<total>814639</total>
				<timestamp>167.961902</timestamp>
			</report>
			<report>
				<misses>1294001</misses>
				<total>814639</total>
				<timestamp>168.091740</timestamp>
			</report>
			<report>
				<misses>1295001</misses>
				<total>814639</total>
				<timestamp>168.221644</timestamp>
			</report>
			<report>
				<misses>1296001</misses>
				<total>814639</total>
				<timestamp>168.351490</timestamp>
			</report>
			<report>
				<misses>1297001</misses>
				<total>814639</total>
				<timestamp>168.481414</timestamp>
			</report>
			<report>
				<misses>1298001</misses>
				<total>814639</total>
				<timestamp>168.611233</timestamp>
			</report>
			<report>
				<misses>1299001</misses>
				<total>814639</total>
				<timestamp>168.741084</timestamp>
			</report>
			<report>
				<misses>1300001</misses>
				<total>814639</total>
				<timestamp>168.870938</timestamp>
			</report>
			<report>
				<misses>1301001</misses>
				<total>814638</total>
				<timestamp>169.000817</timestamp>
			</report>
			<report>
				<misses>1302001</misses>
				<total>814644</total>
				<timestamp>169.130682</timestamp>
			</report>
			<report>
				<misses>1303001</misses>
				<total>814644</total>
				<timestamp>169.260571</timestamp>
			</report>
			<report>
				<misses>1304001</misses>
				<total>814648</total>
				<timestamp>169.390529</timestamp>
			</report>
			<report>
				<misses>1305001</misses>
				<total>814648</total>
				<timestamp>169.520486</timestamp>
			</report>
			<report>
				<misses>1306001</misses>
				<total>814657</total>
				<timestamp>169.650360</timestamp>
			</report>
			<report>
				<misses>1307001</misses>
				<total>814657</total>
				<timestamp>169.780205</timestamp>
			</report>
			<report>
				<misses>1308001</misses>
				<total>814657</total>
				<timestamp>169.910059</timestamp>
			</report>
			<report>
				<misses>1309001</misses>
				<total>814657</total>
				<timestamp>170.039902</timestamp>
			</report>
			<report>
				<misses>1310001</misses>
				<total>814657</total>
				<timestamp>170.169791</timestamp>
			</report>
			<report>
				<misses>1311001</misses>
				<total>814657</total>
				<timestamp>170.299682</timestamp>
			</report>
			<report>
				<misses>1312001</misses>
				<total>814657</total>
				<timestamp>170.429518</timestamp>
			</report>
			<report>
				<misses>1313001</misses>
				<total>814657</total>
				<timestamp>170.559445</timestamp>
			</report>
			<report>
				<misses>1314001</misses>
				<total>814657</total>
				<timestamp>170.689302</timestamp>
			</report>
			<report>
				<misses>1315001</misses>
				<total>814657</total>
				<timestamp>170.819130</timestamp>
			</report>
			<report>
				<misses>1316001</misses>
				<total>814657</total>
				<timestamp>170.948993</timestamp>
			</report>
			<report>
				<misses>1317001</misses>
				<total>814657</total>
				<timestamp>171.078855</timestamp>
			</report>
			<report>
				<misses>1318001</misses>
				<total>814657</total>
				<timestamp>171.208754</timestamp>
			</report>
			<report>
				<misses>1319001</misses>
				<total>814657</total>
				<timestamp>171.338652</timestamp>
			</report>
			<report>
				<misses>1320001</misses>
				<total>814657</total>
				<timestamp>171.468510</timestamp>
			</report>
			<report>
				<misses>1321001</misses>
				<total>814657</total>
				<timestamp>171.598373</timestamp>
			</report>
			<report>
				<misses>1322001</misses>
				<total>814657</total>
				<timestamp>171.728310</timestamp>
			</report>
			<report>
				<misses>1323001</misses>
				<total>814657</total>
				<timestamp>171.858313</timestamp>
			</report>
			<report>
				<misses>1324001</misses>
				<total>814657</total>
				<timestamp>171.988326</timestamp>
			</report>
			<report>
				<misses>1325001</misses>
				<total>814657</total>
				<timestamp>172.118309</timestamp>
			</report>
			<report>
				<misses>1326001</misses>
				<total>814657</total>
				<timestamp>172.248226</timestamp>
			</report>
			<report>
				<misses>1327001</misses>
				<total>814657</total>
				<timestamp>172.378082</timestamp>
			</report>
			<report>
				<misses>1328001</misses>
				<total>814657</total>
				<timestamp>172.507995</timestamp>
			</report>
			<report>
				<misses>1329001</misses>
				<total>814657</total>
				<timestamp>172.637862</timestamp>
			</report>
			<report>
				<misses>1330001</misses>
				<total>814657</total>
				<timestamp>172.767788</timestamp>
			</report>
			<report>
				<misses>1331001</misses>
				<total>814657</total>
				<timestamp>172.897746</timestamp>
			</report>
			<report>
				<misses>1332001</misses>
				<total>814657</total>
				<timestamp>173.027708</timestamp>
			</report>
			<report>
				<misses>1333001</misses>
				<total>814657</total>
				<timestamp>173.157627</timestamp>
			</report>
			<report>
				<misses>1334001</misses>
				<total>814657</total>
				<timestamp>173.287468</timestamp>
			</report>
			<report>
				<misses>1335001</misses>
				<total>814657</total>
				<timestamp>173.417365</timestamp>
			</report>
			<report>
				<misses>1336001</misses>
				<total>814664</total>
				<timestamp>173.547213</timestamp>
			</report>
			<report>
				<misses>1337001</misses>
				<total>814664</total>
				<timestamp>173.677050</timestamp>
			</report>
			<report>
				<misses>1338001</misses>
				<total>814664</total>
				<timestamp>173.806916</timestamp>
			</report>
			<report>
				<misses>1339001</misses>
				<total>814664</total>
				<timestamp>173.936795</timestamp>
			</report>
			<report>
				<misses>1340001</misses>
				<total>814664</total>
				<timestamp>174.066660</timestamp>
			</report>
			<report>
				<misses>1341001</misses>
				<total>814664</total>
				<timestamp>174.196550</timestamp>
			</report>
			<report>
				<misses>1342001</misses>
				<total>814664</total>
				<timestamp>174.326455</timestamp>
			</report>
			<report>
				<misses>1343001</misses>
				<total>814666</total>
				<timestamp>174.456365</timestamp>
			</report>
			<report>
				<misses>1344001</misses>
				<total>814666</total>
				<timestamp>174.586344</timestamp>
			</report>
			<report>
				<misses>1345001</misses>
				<total>814667</total>
				<timestamp>174.716296</timestamp>
			</report>
			<report>
				<misses>1346001</misses>
				<total>814668</total>
				<timestamp>174.846180</timestamp>
			</report>
			<report>
				<misses>1347001</misses>
				<total>814668</total>
				<timestamp>174.976046</timestamp>
			</report>
			<report>
				<misses>1348001</misses>
				<total>814668</total>
				<timestamp>175.105875</timestamp>
			</report>
			<report>
				<misses>1349001</misses>
				<total>814668</total>
				<timestamp>175.235752</timestamp>
			</report>
			<report>
				<misses>1350001</misses>
				<total>814668</total>
				<timestamp>175.365648</timestamp>
			</report>
			<report>
				<misses>1351001</misses>
				<total>814668</total>
				<timestamp>175.495482</timestamp>
			</report>
			<report>
				<misses>1352001</misses>
				<total>814668</total>
				<timestamp>175.625428</timestamp>
			</report>
			<report>
				<misses>1353001</misses>
				<total>814668</total>
				<timestamp>175.755279</timestamp>
			</report>
			<report>
				<misses>1354001</misses>
				<total>814669</total>
				<timestamp>175.885093</timestamp>
			</report>
			<report>
				<misses>1355001</misses>
				<total>814677</total>
				<timestamp>176.015005</timestamp>
			</report>
			<report>
				<misses>1356001</misses>
				<total>814677</total>
				<timestamp>176.144853</timestamp>
			</report>
			<report>
				<misses>1357001</misses>
				<total>814677</total>
				<timestamp>176.274708</timestamp>
			</report>
			<report>
				<misses>1358001</misses>
				<total>814677</total>
				<timestamp>176.404597</timestamp>
			</report>
			<report>
				<misses>1359001</misses>
				<total>814677</total>
				<timestamp>176.534445</timestamp>
			</report>
			<report>
				<misses>1360001</misses>
				<total>814677</total>
				<timestamp>176.664411</timestamp>
			</report>
			<report>
				<misses>1361001</misses>
				<total>814677</total>
				<timestamp>176.794353</timestamp>
			</report>
			<report>
				<misses>1362001</misses>
				<total>814677</total>
				<timestamp>176.924243</timestamp>
			</report>
			<report>
				<misses>1363001</misses>
				<total>814677</total>
				<timestamp>177.054072</timestamp>
			</report>
			<report>
				<misses>1364001</misses>
				<total>814677</total>
				<timestamp>177.183926</timestamp>
			</report>
			<report>
				<misses>1365001</misses>
				<total>814677</total>
				<timestamp>177.313790</timestamp>
			</report>
			<report>
				<misses>1366001</misses>
				<total>814677</total>
				<timestamp>177.443697</timestamp>
			</report>
			<report>
				<misses>1367001</misses>
				<total>814677</total>
				<timestamp>177.573582</timestamp>
			</report>
			<report>
				<misses>1368001</misses>
				<total>814677</total>
				<timestamp>177.703473</timestamp>
			</report>
			<report>
				<misses>1369001</misses>
				<total>814677</total>
				<timestamp>177.833381</timestamp>
			</report>
			<report>
				<misses>1370001</misses>
				<total>814677</total>
				<timestamp>177.963297</timestamp>
			</report>
			<report>
				<misses>1371001</misses>
				<total>814680</total>
				<timestamp>178.093171</timestamp>
			</report>
			<report>
				<misses>1372001</misses>
				<total>814680</total>
				<timestamp>178.223015</timestamp>
			</report>
			<report>
				<misses>1373001</misses>
				<total>814680</total>
				<timestamp>178.352893</timestamp>
			</report>
			<report>
				<misses>1374001</misses>
				<total>814680</total>
				<timestamp>178.482747</timestamp>
			</report>
			<report>
				<misses>1375001</misses>
				<total>814680</total>
				<timestamp>178.612671</timestamp>
			</report>
			<report>
				<misses>1376001</misses>
				<total>814680</total>
				<timestamp>178.742503</timestamp>
			</report>
			<report>
				<misses>1377001</misses>
				<total>814680</total>
				<timestamp>178.872414</timestamp>
			</report>
			<report>
				<misses>1378001</misses>
				<total>814680</total>
				<timestamp>179.002258</timestamp>
			</report>
			<report>
				<misses>1379001</misses>
				<total>814680</total>
				<timestamp>179.132108</timestamp>
			</report>
			<report>
				<misses>1380001</misses>
				<total>814681</total>
				<timestamp>179.261989</timestamp>
			</report>
			<report>
				<misses>1381001</misses>
				<total>814681</total>
				<timestamp>179.391856</timestamp>
			</report>
			<report>
				<misses>1382001</misses>
				<total>814681</total>
				<timestamp>179.521746</timestamp>
			</report>
			<report>
				<misses>1383001</misses>
				<total>814681</total>
				<timestamp>179.651594</timestamp>
			</report>
			<report>
				<misses>1384001</misses>
				<total>814681</total>
				<timestamp>179.781488</timestamp>
			</report>
			<report>
				<misses>1385001</misses>
				<total>814681</total>
				<timestamp>179.911415</timestamp>
			</report>
			<report>
				<misses>1386001</misses>
				<total>814681</total>
				<timestamp>180.041350</timestamp>
			</report>
			<report>
				<misses>1387001</misses>
				<total>814681</total>
				<timestamp>180.171258</timestamp>
			</report>
			<report>
				<misses>1388001</misses>
				<total>814681</total>
				<timestamp>180.301121</timestamp>
			</report>
			<report>
				<misses>1389001</misses>
				<total>814681</total>
				<timestamp>180.430926</timestamp>
			</report>
			<report>
				<misses>1390001</misses>
				<total>814681</total>
				<timestamp>180.560811</timestamp>
			</report>
			<report>
				<misses>1391001</misses>
				<total>814681</total>
				<timestamp>180.690734</timestamp>
			</report>
			<report>
				<misses>1392001</misses>
				<total>814681</total>
				<timestamp>180.820629</timestamp>
			</report>
			<report>
				<misses>1393001</misses>
				<total>814681</total>
				<timestamp>180.950480</timestamp>
			</report>
			<report>
				<misses>1394001</misses>
				<total>814681</total>
				<timestamp>181.080298</timestamp>
			</report>
			<report>
				<misses>1395001</misses>
				<total>814682</total>
				<timestamp>181.210241</timestamp>
			</report>
			<report>
				<misses>1396001</misses>
				<total>814687</total>
				<timestamp>181.340059</timestamp>
			</report>
			<report>
				<misses>1397001</misses>
				<total>814687</total>
				<timestamp>181.469932</timestamp>
			</report>
			<report>
				<misses>1398001</misses>
				<total>814687</total>
				<timestamp>181.599768</timestamp>
			</report>
			<report>
				<misses>1399001</misses>
				<total>814687</total>
				<timestamp>181.729636</timestamp>
			</report>
			<report>
				<misses>1400001</misses>
				<total>814687</total>
				<timestamp>181.859528</timestamp>
			</report>
			<report>
				<misses>1401001</misses>
				<total>814687</total>
				<timestamp>181.989447</timestamp>
			</report>
			<report>
				<misses>1402001</misses>
				<total>814687</total>
				<timestamp>182.119357</timestamp>
			</report>
			<report>
				<misses>1403001</misses>
				<total>814687</total>
				<timestamp>182.249274</timestamp>
			</report>
			<report>
				<misses>1404001</misses>
				<total>814687</total>
				<timestamp>182.379147</timestamp>
			</report>
			<report>
				<misses>1405001</misses>
				<total>814687</total>
				<timestamp>182.509003</timestamp>
			</report>
			<report>
				<misses>1406001</misses>
				<total>814687</total>
				<timestamp>182.638872</timestamp>
			</report>
			<report>
				<misses>1407001</misses>
				<total>814687</total>
				<timestamp>182.768769</timestamp>
			</report>
			<report>
				<misses>1408001</misses>
				<total>814687</total>
				<timestamp>182.898617</timestamp>
			</report>
			<report>
				<misses>1409001</misses>
				<total>814687</total>
				<timestamp>183.028498</timestamp>
			</report>
			<report>
				<misses>1410001</misses>
				<total>814687</total>
				<timestamp>183.158381</timestamp>
			</report>
			<report>
				<misses>1411001</misses>
				<total>814687</total>
				<timestamp>183.288308</timestamp>
			</report>
			<report>
				<misses>1412001</misses>
				<total>814687</total>
				<timestamp>183.418235</timestamp>
			</report>
			<report>
				<misses>1413001</misses>
				<total>814687</total>
				<timestamp>183.548120</timestamp>
			</report>
			<report>
				<misses>1414001</misses>
				<total>814687</total>
				<timestamp>183.677951</timestamp>
			</report>
			<report>
				<misses>1415001</misses>
				<total>814687</total>
				<timestamp>183.807854</timestamp>
			</report>
			<report>
				<misses>1416001</misses>
				<total>814687</total>
				<timestamp>183.937704</timestamp>
			</report>
			<report>
				<misses>1417001</misses>
				<total>814687</total>
				<timestamp>184.067594</timestamp>
			</report>
			<report>
				<misses>1418001</misses>
				<total>814687</total>
				<timestamp>184.197443</timestamp>
			</report>
			<report>
				<misses>1419001</misses>
				<total>814686</total>
				<timestamp>184.327404</timestamp>
			</report>
			<report>
				<misses>1420001</misses>
				<total>814688</total>
				<timestamp>184.457303</timestamp>
			</report>
			<report>
				<misses>1421001</misses>
				<total>814709</total>
				<timestamp>184.587275</timestamp>
			</report>
			<report>
				<misses>1422001</misses>
				<total>814710</total>
				<timestamp>184.717260</timestamp>
			</report>
			<report>
				<misses>1423001</misses>
				<total>814710</total>
				<timestamp>184.847246</timestamp>
			</report>
			<report>
				<misses>1424001</misses>
				<total>814710</total>
				<timestamp>184.977043</timestamp>
			</report>
			<report>
				<misses>1425001</misses>
				<total>814710</total>
				<timestamp>185.106943</timestamp>
			</report>
			<report>
				<misses>1426001</misses>
				<total>814710</total>
				<timestamp>185.236792</timestamp>
			</report>
			<report>
				<misses>1427001</misses>
				<total>814710</total>
				<timestamp>185.366712</timestamp>
			</report>
			<report>
				<misses>1428001</misses>
				<total>814710</total>
				<timestamp>185.496537</timestamp>
			</report>
			<report>
				<misses>1429001</misses>
				<total>814710</total>
				<timestamp>185.626426</timestamp>
			</report>
			<report>
				<misses>1430001</misses>
				<total>814710</total>
				<timestamp>185.756339</timestamp>
			</report>
			<report>
				<misses>1431001</misses>
				<total>814710</total>
				<timestamp>185.886207</timestamp>
			</report>
			<report>
				<misses>1432001</misses>
				<total>814710</total>
				<timestamp>186.016009</timestamp>
			</report>
			<report>
				<misses>1433001</misses>
				<total>814710</total>
				<timestamp>186.145894</timestamp>
			</report>
			<report>
				<misses>1434001</misses>
				<total>814710</total>
				<timestamp>186.275744</timestamp>
			</report>
			<report>
				<misses>1435001</misses>
				<total>814710</total>
				<timestamp>186.405624</timestamp>
			</report>
			<report>
				<misses>1436001</misses>
				<total>814710</total>
				<timestamp>186.535487</timestamp>
			</report>
			<report>
				<misses>1437001</misses>
				<total>814710</total>
				<timestamp>186.665448</timestamp>
			</report>
			<report>
				<misses>1438001</misses>
				<total>814710</total>
				<timestamp>186.795409</timestamp>
			</report>
			<report>
				<misses>1439001</misses>
				<total>814710</total>
				<timestamp>186.925353</timestamp>
			</report>
			<report>
				<misses>1440001</misses>
				<total>814710</total>
				<timestamp>187.055223</timestamp>
			</report>
			<report>
				<misses>1441001</misses>
				<total>814710</total>
				<timestamp>187.185116</timestamp>
			</report>
			<report>
				<misses>1442001</misses>
				<total>814710</total>
				<timestamp>187.314961</timestamp>
			</report>
			<report>
				<misses>1443001</misses>
				<total>814710</total>
				<timestamp>187.444843</timestamp>
			</report>
			<report>
				<misses>1444001</misses>
				<total>814710</total>
				<timestamp>187.574720</timestamp>
			</report>
			<report>
				<misses>1445001</misses>
				<total>814710</total>
				<timestamp>187.704576</timestamp>
			</report>
			<report>
				<misses>1446001</misses>
				<total>814710</total>
				<timestamp>187.834453</timestamp>
			</report>
			<report>
				<misses>1447001</misses>
				<total>814710</total>
				<timestamp>187.964343</timestamp>
			</report>
			<report>
				<misses>1448001</misses>
				<total>814710</total>
				<timestamp>188.094218</timestamp>
			</report>
			<report>
				<misses>1449001</misses>
				<total>814710</total>
				<timestamp>188.224088</timestamp>
			</report>
			<report>
				<misses>1450001</misses>
				<total>814710</total>
				<timestamp>188.353914</timestamp>
			</report>
			<report>
				<misses>1451001</misses>
				<total>814711</total>
				<timestamp>188.483843</timestamp>
			</report>
			<report>
				<misses>1452001</misses>
				<total>814710</total>
				<timestamp>188.613743</timestamp>
			</report>
			<report>
				<misses>1453001</misses>
				<total>814710</total>
				<timestamp>188.743719</timestamp>
			</report>
			<report>
				<misses>1454001</misses>
				<total>814710</total>
				<timestamp>188.873615</timestamp>
			</report>
			<report>
				<misses>1455001</misses>
				<total>814710</total>
				<timestamp>189.003560</timestamp>
			</report>
			<report>
				<misses>1456001</misses>
				<total>814712</total>
				<timestamp>189.133454</timestamp>
			</report>
			<report>
				<misses>1457001</misses>
				<total>814712</total>
				<timestamp>189.263335</timestamp>
			</report>
			<report>
				<misses>1458001</misses>
				<total>814723</total>
				<timestamp>189.393250</timestamp>
			</report>
			<report>
				<misses>1459001</misses>
				<total>814723</total>
				<timestamp>189.523153</timestamp>
			</report>
			<report>
				<misses>1460001</misses>
				<total>814723</total>
				<timestamp>189.653007</timestamp>
			</report>
			<report>
				<misses>1461001</misses>
				<total>814725</total>
				<timestamp>189.782905</timestamp>
			</report>
			<report>
				<misses>1462001</misses>
				<total>814726</total>
				<timestamp>189.912798</timestamp>
			</report>
			<report>
				<misses>1463001</misses>
				<total>814730</total>
				<timestamp>190.042632</timestamp>
			</report>
			<report>
				<misses>1464001</misses>
				<total>814730</total>
				<timestamp>190.172490</timestamp>
			</report>
			<report>
				<misses>1465001</misses>
				<total>814730</total>
				<timestamp>190.302365</timestamp>
			</report>
			<report>
				<misses>1466001</misses>
				<total>814730</total>
				<timestamp>190.432253</timestamp>
			</report>
			<report>
				<misses>1467001</misses>
				<total>814730</total>
				<timestamp>190.562196</timestamp>
			</report>
			<report>
				<misses>1468001</misses>
				<total>814730</total>
				<timestamp>190.692125</timestamp>
			</report>
			<report>
				<misses>1469001</misses>
				<total>814729</total>
				<timestamp>190.821978</timestamp>
			</report>
			<report>
				<misses>1470001</misses>
				<total>814730</total>
				<timestamp>190.951843</timestamp>
			</report>
			<report>
				<misses>1471001</misses>
				<total>814730</total>
				<timestamp>191.081768</timestamp>
			</report>
			<report>
				<misses>1472001</misses>
				<total>814730</total>
				<timestamp>191.211630</timestamp>
			</report>
			<report>
				<misses>1473001</misses>
				<total>814730</total>
				<timestamp>191.341440</timestamp>
			</report>
			<report>
				<misses>1474001</misses>
				<total>814730</total>
				<timestamp>191.471393</timestamp>
			</report>
			<report>
				<misses>1475001</misses>
				<total>814730</total>
				<timestamp>191.601205</timestamp>
			</report>
			<report>
				<misses>1476001</misses>
				<total>814730</total>
				<timestamp>191.731077</timestamp>
			</report>
			<report>
				<misses>1477001</misses>
				<total>814730</total>
				<timestamp>191.860917</timestamp>
			</report>
			<report>
				<misses>1478001</misses>
				<total>814730</total>
				<timestamp>191.990816</timestamp>
			</report>
			<report>
				<misses>1479001</misses>
				<total>814730</total>
				<timestamp>192.120715</timestamp>
			</report>
			<report>
				<misses>1480001</misses>
				<total>814730</total>
				<timestamp>192.250552</timestamp>
			</report>
			<report>
				<misses>1481001</misses>
				<total>814730</total>
				<timestamp>192.380440</timestamp>
			</report>
			<report>
				<misses>1482001</misses>
				<total>814730</total>
				<timestamp>192.510310</timestamp>
			</report>
			<report>
				<misses>1483001</misses>
				<total>814730</total>
				<timestamp>192.640228</timestamp>
			</report>
			<report>
				<misses>1484001</misses>
				<total>814730</total>
				<timestamp>192.770046</timestamp>
			</report>
			<report>
				<misses>1485001</misses>
				<total>814730</total>
				<timestamp>192.899903</timestamp>
			</report>
			<report>
				<misses>1486001</misses>
				<total>814730</total>
				<timestamp>193.029768</timestamp>
			</report>
			<report>
				<misses>1487001</misses>
				<total>814730</total>
				<timestamp>193.159647</timestamp>
			</report>
			<report>
				<misses>1488001</misses>
				<total>814730</total>
				<timestamp>193.289553</timestamp>
			</report>
			<report>
				<misses>1489001</misses>
				<total>814730</total>
				<timestamp>193.419394</timestamp>
			</report>
			<report>
				<misses>1490001</misses>
				<total>814730</total>
				<timestamp>193.549287</timestamp>
			</report>
			<report>
				<misses>1491001</misses>
				<total>814730</total>
				<timestamp>193.679188</timestamp>
			</report>
			<report>
				<misses>1492001</misses>
				<total>814730</total>
				<timestamp>193.808992</timestamp>
			</report>
			<report>
				<misses>1493001</misses>
				<total>814730</total>
				<timestamp>193.938890</timestamp>
			</report>
			<report>
				<misses>1494001</misses>
				<total>814730</total>
				<timestamp>194.068763</timestamp>
			</report>
			<report>
				<misses>1495001</misses>
				<total>814730</total>
				<timestamp>194.198596</timestamp>
			</report>
			<report>
				<misses>1496001</misses>
				<total>814730</total>
				<timestamp>194.328503</timestamp>
			</report>
			<report>
				<misses>1497001</misses>
				<total>814730</total>
				<timestamp>194.458351</timestamp>
			</report>
			<report>
				<misses>1498001</misses>
				<total>814730</total>
				<timestamp>194.588321</timestamp>
			</report>
			<report>
				<misses>1499001</misses>
				<total>814729</total>
				<timestamp>194.718233</timestamp>
			</report>
			<report>
				<misses>1500001</misses>
				<total>814731</total>
				<timestamp>194.848096</timestamp>
			</report>
			<report>
				<misses>1501001</misses>
				<total>814730</total>
				<timestamp>194.977982</timestamp>
			</report>
			<report>
				<misses>1502001</misses>
				<total>814730</total>
				<timestamp>195.107827</timestamp>
			</report>
			<report>
				<misses>1503001</misses>
				<total>814731</total>
				<timestamp>195.237790</timestamp>
			</report>
			<report>
				<misses>1504001</misses>
				<total>814731</total>
				<timestamp>195.367748</timestamp>
			</report>
			<report>
				<misses>1505001</misses>
				<total>814731</total>
				<timestamp>195.497570</timestamp>
			</report>
			<report>
				<misses>1506001</misses>
				<total>814731</total>
				<timestamp>195.627434</timestamp>
			</report>
			<report>
				<misses>1507001</misses>
				<total>814731</total>
				<timestamp>195.757331</timestamp>
			</report>
			<report>
				<misses>1508001</misses>
				<total>814731</total>
				<timestamp>195.887284</timestamp>
			</report>
			<report>
				<misses>1509001</misses>
				<total>814731</total>
				<timestamp>196.017227</timestamp>
			</report>
			<report>
				<misses>1510001</misses>
				<total>814731</total>
				<timestamp>196.147066</timestamp>
			</report>
			<report>
				<misses>1511001</misses>
				<total>814731</total>
				<timestamp>196.276937</timestamp>
			</report>
			<report>
				<misses>1512001</misses>
				<total>814731</total>
				<timestamp>196.406820</timestamp>
			</report>
			<report>
				<misses>1513001</misses>
				<total>814731</total>
				<timestamp>196.536642</timestamp>
			</report>
			<report>
				<misses>1514001</misses>
				<total>814731</total>
				<timestamp>196.666521</timestamp>
			</report>
			<report>
				<misses>1515001</misses>
				<total>814731</total>
				<timestamp>196.796501</timestamp>
			</report>
			<report>
				<misses>1516001</misses>
				<total>814731</total>
				<timestamp>196.926379</timestamp>
			</report>
			<report>
				<misses>1517001</misses>
				<total>814731</total>
				<timestamp>197.056295</timestamp>
			</report>
			<report>
				<misses>1518001</misses>
				<total>814731</total>
				<timestamp>197.186141</timestamp>
			</report>
			<report>
				<misses>1519001</misses>
				<total>814732</total>
				<timestamp>197.316004</timestamp>
			</report>
			<report>
				<misses>1520001</misses>
				<total>814731</total>
				<timestamp>197.445890</timestamp>
			</report>
			<report>
				<misses>1521001</misses>
				<total>814731</total>
				<timestamp>197.575741</timestamp>
			</report>
			<report>
				<misses>1522001</misses>
				<total>814731</total>
				<timestamp>197.705619</timestamp>
			</report>
			<report>
				<misses>1523001</misses>
				<total>814731</total>
				<timestamp>197.835497</timestamp>
			</report>
			<report>
				<misses>1524001</misses>
				<total>814731</total>
				<timestamp>197.965342</timestamp>
			</report>
			<report>
				<misses>1525001</misses>
				<total>814731</total>
				<timestamp>198.095310</timestamp>
			</report>
			<report>
				<misses>1526001</misses>
				<total>814731</total>
				<timestamp>198.225278</timestamp>
			</report>
			<report>
				<misses>1527001</misses>
				<total>814731</total>
				<timestamp>198.355157</timestamp>
			</report>
			<report>
				<misses>1528001</misses>
				<total>814731</total>
				<timestamp>198.484950</timestamp>
			</report>
			<report>
				<misses>1529001</misses>
				<total>814731</total>
				<timestamp>198.614814</timestamp>
			</report>
			<report>
				<misses>1530001</misses>
				<total>814731</total>
				<timestamp>198.744689</timestamp>
			</report>
			<report>
				<misses>1531001</misses>
				<total>814734</total>
				<timestamp>198.874614</timestamp>
			</report>
			<report>
				<misses>1532001</misses>
				<total>814734</total>
				<timestamp>199.004518</timestamp>
			</report>
			<report>
				<misses>1533001</misses>
				<total>814734</total>
				<timestamp>199.134479</timestamp>
			</report>
			<report>
				<misses>1534001</misses>
				<total>814734</total>
				<timestamp>199.264326</timestamp>
			</report>
			<report>
				<misses>1535001</misses>
				<total>814734</total>
				<timestamp>199.394288</timestamp>
			</report>
			<report>
				<misses>1536001</misses>
				<total>814734</total>
				<timestamp>199.524263</timestamp>
			</report>
			<report>
				<misses>1537001</misses>
				<total>814734</total>
				<timestamp>199.654228</timestamp>
			</report>
			<report>
				<misses>1538001</misses>
				<total>814734</total>
				<timestamp>199.784049</timestamp>
			</report>
			<report>
				<misses>1539001</misses>
				<total>814734</total>
				<timestamp>199.913907</timestamp>
			</report>
			<report>
				<misses>1540001</misses>
				<total>814735</total>
				<timestamp>200.043787</timestamp>
			</report>
			<report>
				<misses>1541001</misses>
				<total>814735</total>
				<timestamp>200.173654</timestamp>
			</report>
			<report>
				<misses>1542001</misses>
				<total>814735</total>
				<timestamp>200.303530</timestamp>
			</report>
			<report>
				<misses>1543001</misses>
				<total>814740</total>
				<timestamp>200.433430</timestamp>
			</report>
			<report>
				<misses>1544001</misses>
				<total>814740</total>
				<timestamp>200.563256</timestamp>
			</report>
			<report>
				<misses>1545001</misses>
				<total>814740</total>
				<timestamp>200.693169</timestamp>
			</report>
			<report>
				<misses>1546001</misses>
				<total>814740</total>
				<timestamp>200.822994</timestamp>
			</report>
			<report>
				<misses>1547001</misses>
				<total>814741</total>
				<timestamp>200.952910</timestamp>
			</report>
			<report>
				<misses>1548001</misses>
				<total>814741</total>
				<timestamp>201.082781</timestamp>
			</report>
			<report>
				<misses>1549001</misses>
				<total>814741</total>
				<timestamp>201.212628</timestamp>
			</report>
			<report>
				<misses>1550001</misses>
				<total>814741</total>
				<timestamp>201.342484</timestamp>
			</report>
			<report>
				<misses>1551001</misses>
				<total>814741</total>
				<timestamp>201.472358</timestamp>
			</report>
			<report>
				<misses>1552001</misses>
				<total>814741</total>
				<timestamp>201.602271</timestamp>
			</report>
			<report>
				<misses>1553001</misses>
				<total>814741</total>
				<timestamp>201.732109</timestamp>
			</report>
			<report>
				<misses>1554001</misses>
				<total>814752</total>
				<timestamp>201.861989</timestamp>
			</report>
			<report>
				<misses>1555001</misses>
				<total>814752</total>
				<timestamp>201.991845</timestamp>
			</report>
			<report>
				<misses>1556001</misses>
				<total>814752</total>
				<timestamp>202.121721</timestamp>
			</report>
			<report>
				<misses>1557001</misses>
				<total>814752</total>
				<timestamp>202.251615</timestamp>
			</report>
			<report>
				<misses>1558001</misses>
				<total>814752</total>
				<timestamp>202.381502</timestamp>
			</report>
			<report>
				<misses>1559001</misses>
				<total>814752</total>
				<timestamp>202.511328</timestamp>
			</report>
			<report>
				<misses>1560001</misses>
				<total>814751</total>
				<timestamp>202.641244</timestamp>
			</report>
			<report>
				<misses>1561001</misses>
				<total>814752</total>
				<timestamp>202.771113</timestamp>
			</report>
			<report>
				<misses>1562001</misses>
				<total>814752</total>
				<timestamp>202.900927</timestamp>
			</report>
			<report>
				<misses>1563001</misses>
				<total>814752</total>
				<timestamp>203.030815</timestamp>
			</report>
			<report>
				<misses>1564001</misses>
				<total>814752</total>
				<timestamp>203.160667</timestamp>
			</report>
			<report>
				<misses>1565001</misses>
				<total>814752</total>
				<timestamp>203.290565</timestamp>
			</report>
			<report>
				<misses>1566001</misses>
				<total>814751</total>
				<timestamp>203.420424</timestamp>
			</report>
			<report>
				<misses>1567001</misses>
				<total>814752</total>
				<timestamp>203.550276</timestamp>
			</report>
			<report>
				<misses>1568001</misses>
				<total>814752</total>
				<timestamp>203.680178</timestamp>
			</report>
			<report>
				<misses>1569001</misses>
				<total>814754</total>
				<timestamp>203.810080</timestamp>
			</report>
			<report>
				<misses>1570001</misses>
				<total>814754</total>
				<timestamp>203.939895</timestamp>
			</report>
			<report>
				<misses>1571001</misses>
				<total>814754</total>
				<timestamp>204.069756</timestamp>
			</report>
			<report>
				<misses>1572001</misses>
				<total>814754</total>
				<timestamp>204.199630</timestamp>
			</report>
			<report>
				<misses>1573001</misses>
				<total>814755</total>
				<timestamp>204.329495</timestamp>
			</report>
			<report>
				<misses>1574001</misses>
				<total>814755</total>
				<timestamp>204.459455</timestamp>
			</report>
			<report>
				<misses>1575001</misses>
				<total>814755</total>
				<timestamp>204.589386</timestamp>
			</report>
			<report>
				<misses>1576001</misses>
				<total>814755</total>
				<timestamp>204.719247</timestamp>
			</report>
			<report>
				<misses>1577001</misses>
				<total>814755</total>
				<timestamp>204.849167</timestamp>
			</report>
			<report>
				<misses>1578001</misses>
				<total>814755</total>
				<timestamp>204.978979</timestamp>
			</report>
			<report>
				<misses>1579001</misses>
				<total>814755</total>
				<timestamp>205.108885</timestamp>
			</report>
			<report>
				<misses>1580001</misses>
				<total>814755</total>
				<timestamp>205.238765</timestamp>
			</report>
			<report>
				<misses>1581001</misses>
				<total>814755</total>
				<timestamp>205.368595</timestamp>
			</report>
			<report>
				<misses>1582001</misses>
				<total>814755</total>
				<timestamp>205.498505</timestamp>
			</report>
			<report>
				<misses>1583001</misses>
				<total>814755</total>
				<timestamp>205.628337</timestamp>
			</report>
			<report>
				<misses>1584001</misses>
				<total>814755</total>
				<timestamp>205.758227</timestamp>
			</report>
			<report>
				<misses>1585001</misses>
				<total>814755</total>
				<timestamp>205.888108</timestamp>
			</report>
			<report>
				<misses>1586001</misses>
				<total>814755</total>
				<timestamp>206.017945</timestamp>
			</report>
			<report>
				<misses>1587001</misses>
				<total>814754</total>
				<timestamp>206.147852</timestamp>
			</report>
			<report>
				<misses>1588001</misses>
				<total>814755</total>
				<timestamp>206.277672</timestamp>
			</report>
			<report>
				<misses>1589001</misses>
				<total>814755</total>
				<timestamp>206.407617</timestamp>
			</report>
			<report>
				<misses>1590001</misses>
				<total>814755</total>
				<timestamp>206.537407</timestamp>
			</report>
			<report>
				<misses>1591001</misses>
				<total>814755</total>
				<timestamp>206.667283</timestamp>
			</report>
			<report>
				<misses>1592001</misses>
				<total>814758</total>
				<timestamp>206.797219</timestamp>
			</report>
			<report>
				<misses>1593001</misses>
				<total>814758</total>
				<timestamp>206.927093</timestamp>
			</report>
			<report>
				<misses>1594001</misses>
				<total>814759</total>
				<timestamp>207.056903</timestamp>
			</report>
			<report>
				<misses>1595001</misses>
				<total>814759</total>
				<timestamp>207.186764</timestamp>
			</report>
			<report>
				<misses>1596001</misses>
				<total>814759</total>
				<timestamp>207.316624</timestamp>
			</report>
			<report>
				<misses>1597001</misses>
				<total>814759</total>
				<timestamp>207.446519</timestamp>
			</report>
			<report>
				<misses>1598001</misses>
				<total>814760</total>
				<timestamp>207.576365</timestamp>
			</report>
			<report>
				<misses>1599001</misses>
				<total>814760</total>
				<timestamp>207.706267</timestamp>
			</report>
			<report>
				<misses>1600001</misses>
				<total>814760</total>
				<timestamp>207.836234</timestamp>
			</report>
			<report>
				<misses>1601001</misses>
				<total>814761</total>
				<timestamp>207.966143</timestamp>
			</report>
			<report>
				<misses>1602001</misses>
				<total>814761</total>
				<timestamp>208.095991</timestamp>
			</report>
			<report>
				<misses>1603001</misses>
				<total>814761</total>
				<timestamp>208.225847</timestamp>
			</report>
			<report>
				<misses>1604001</misses>
				<total>814761</total>
				<timestamp>208.355751</timestamp>
			</report>
			<report>
				<misses>1605001</misses>
				<total>814772</total>
				<timestamp>208.485629</timestamp>
			</report>
			<report>
				<misses>1606001</misses>
				<total>814772</total>
				<timestamp>208.615507</timestamp>
			</report>
			<report>
				<misses>1607001</misses>
				<total>814773</total>
				<timestamp>208.745315</timestamp>
			</report>
			<report>
				<misses>1608001</misses>
				<total>814773</total>
				<timestamp>208.875224</timestamp>
			</report>
			<report>
				<misses>1609001</misses>
				<total>814773</total>
				<timestamp>209.005119</timestamp>
			</report>
			<report>
				<misses>1610001</misses>
				<total>814773</total>
				<timestamp>209.135002</timestamp>
			</report>
			<report>
				<misses>1611001</misses>
				<total>814773</total>
				<timestamp>209.264810</timestamp>
			</report>
			<report>
				<misses>1612001</misses>
				<total>814777</total>
				<timestamp>209.394684</timestamp>
			</report>
			<report>
				<misses>1613001</misses>
				<total>814777</total>
				<timestamp>209.524567</timestamp>
			</report>
			<report>
				<misses>1614001</misses>
				<total>814779</total>
				<timestamp>209.654420</timestamp>
			</report>
			<report>
				<misses>1615001</misses>
				<total>814782</total>
				<timestamp>209.784297</timestamp>
			</report>
			<report>
				<misses>1616001</misses>
				<total>814782</total>
				<timestamp>209.914227</timestamp>
			</report>
			<report>
				<misses>1617001</misses>
				<total>814782</total>
				<timestamp>210.044060</timestamp>
			</report>
			<report>
				<misses>1618001</misses>
				<total>814781</total>
				<timestamp>210.173991</timestamp>
			</report>
			<report>
				<misses>1619001</misses>
				<total>814782</total>
				<timestamp>210.303936</timestamp>
			</report>
			<report>
				<misses>1620001</misses>
				<total>814781</total>
				<timestamp>210.433844</timestamp>
			</report>
			<report>
				<misses>1621001</misses>
				<total>814782</total>
				<timestamp>210.563680</timestamp>
			</report>
			<report>
				<misses>1622001</misses>
				<total>814782</total>
				<timestamp>210.693531</timestamp>
			</report>
			<report>
				<misses>1623001</misses>
				<total>814790</total>
				<timestamp>210.823387</timestamp>
			</report>
			<report>
				<misses>1624001</misses>
				<total>814790</total>
				<timestamp>210.953257</timestamp>
			</report>
			<report>
				<misses>1625001</misses>
				<total>814790</total>
				<timestamp>211.083247</timestamp>
			</report>
			<report>
				<misses>1626001</misses>
				<total>814790</total>
				<timestamp>211.213114</timestamp>
			</report>
			<report>
				<misses>1627001</misses>
				<total>814800</total>
				<timestamp>211.343084</timestamp>
			</report>
			<report>
				<misses>1628001</misses>
				<total>814800</total>
				<timestamp>211.473064</timestamp>
			</report>
			<report>
				<misses>1629001</misses>
				<total>814800</total>
				<timestamp>211.602875</timestamp>
			</report>
			<report>
				<misses>1630001</misses>
				<total>814800</total>
				<timestamp>211.732762</timestamp>
			</report>
			<report>
				<misses>1631001</misses>
				<total>814800</total>
				<timestamp>211.862614</timestamp>
			</report>
			<report>
				<misses>1632001</misses>
				<total>814800</total>
				<timestamp>211.992500</timestamp>
			</report>
			<report>
				<misses>1633001</misses>
				<total>814800</total>
				<timestamp>212.122344</timestamp>
			</report>
			<report>
				<misses>1634001</misses>
				<total>814802</total>
				<timestamp>212.252262</timestamp>
			</report>
			<report>
				<misses>1635001</misses>
				<total>814802</total>
				<timestamp>212.382091</timestamp>
			</report>
			<report>
				<misses>1636001</misses>
				<total>814802</total>
				<timestamp>212.512110</timestamp>
			</report>
			<report>
				<misses>1637001</misses>
				<total>814803</total>
				<timestamp>212.641967</timestamp>
			</report>
			<report>
				<misses>1638001</misses>
				<total>814801</total>
				<timestamp>212.771837</timestamp>
			</report>
			<report>
				<misses>1639001</misses>
				<total>814801</total>
				<timestamp>212.901750</timestamp>
			</report>
			<report>
				<misses>1640001</misses>
				<total>814802</total>
				<timestamp>213.031602</timestamp>
			</report>
			<report>
				<misses>1641001</misses>
				<total>814802</total>
				<timestamp>213.161485</timestamp>
			</report>
			<report>
				<misses>1642001</misses>
				<total>814802</total>
				<timestamp>213.291318</timestamp>
			</report>
			<report>
				<misses>1643001</misses>
				<total>814802</total>
				<timestamp>213.421258</timestamp>
			</report>
			<report>
				<misses>1644001</misses>
				<total>814802</total>
				<timestamp>213.551189</timestamp>
			</report>
			<report>
				<misses>1645001</misses>
				<total>814805</total>
				<timestamp>213.681127</timestamp>
			</report>
			<report>
				<misses>1646001</misses>
				<total>814806</total>
				<timestamp>213.811081</timestamp>
			</report>
			<report>
				<misses>1647001</misses>
				<total>814806</total>
				<timestamp>213.940931</timestamp>
			</report>
			<report>
				<misses>1648001</misses>
				<total>814806</total>
				<timestamp>214.070797</timestamp>
			</report>
			<report>
				<misses>1649001</misses>
				<total>814806</total>
				<timestamp>214.200649</timestamp>
			</report>
			<report>
				<misses>1650001</misses>
				<total>814810</total>
				<timestamp>214.330527</timestamp>
			</report>
			<report>
				<misses>1651001</misses>
				<total>814810</total>
				<timestamp>214.460385</timestamp>
			</report>
			<report>
				<misses>1652001</misses>
				<total>814810</total>
				<timestamp>214.590264</timestamp>
			</report>
			<report>
				<misses>1653001</misses>
				<total>814810</total>
				<timestamp>214.720183</timestamp>
			</report>
			<report>
				<misses>1654001</misses>
				<total>814810</total>
				<timestamp>214.850039</timestamp>
			</report>
			<report>
				<misses>1655001</misses>
				<total>814810</total>
				<timestamp>214.979901</timestamp>
			</report>
			<report>
				<misses>1656001</misses>
				<total>814810</total>
				<timestamp>215.109760</timestamp>
			</report>
			<report>
				<misses>1657001</misses>
				<total>814810</total>
				<timestamp>215.239623</timestamp>
			</report>
			<report>
				<misses>1658001</misses>
				<total>814810</total>
				<timestamp>215.369541</timestamp>
			</report>
			<report>
				<misses>1659001</misses>
				<total>814810</total>
				<timestamp>215.499357</timestamp>
			</report>
			<report>
				<misses>1660001</misses>
				<total>814810</total>
				<timestamp>215.629261</timestamp>
			</report>
			<report>
				<misses>1661001</misses>
				<total>814810</total>
				<timestamp>215.759155</timestamp>
			</report>
			<report>
				<misses>1662001</misses>
				<total>814810</total>
				<timestamp>215.889028</timestamp>
			</report>
			<report>
				<misses>1663001</misses>
				<total>814810</total>
				<timestamp>216.018870</timestamp>
			</report>
			<report>
				<misses>1664001</misses>
				<total>814809</total>
				<timestamp>216.148789</timestamp>
			</report>
			<report>
				<misses>1665001</misses>
				<total>814810</total>
				<timestamp>216.278750</timestamp>
			</report>
			<report>
				<misses>1666001</misses>
				<total>814810</total>
				<timestamp>216.408621</timestamp>
			</report>
			<report>
				<misses>1667001</misses>
				<total>814810</total>
				<timestamp>216.538490</timestamp>
			</report>
			<report>
				<misses>1668001</misses>
				<total>814810</total>
				<timestamp>216.668314</timestamp>
			</report>
			<report>
				<misses>1669001</misses>
				<total>814810</total>
				<timestamp>216.798268</timestamp>
			</report>
			<report>
				<misses>1670001</misses>
				<total>814810</total>
				<timestamp>216.928185</timestamp>
			</report>
			<report>
				<misses>1671001</misses>
				<total>814810</total>
				<timestamp>217.058087</timestamp>
			</report>
			<report>
				<misses>1672001</misses>
				<total>814810</total>
				<timestamp>217.188028</timestamp>
			</report>
			<report>
				<misses>1673001</misses>
				<total>814810</total>
				<timestamp>217.317941</timestamp>
			</report>
			<report>
				<misses>1674001</misses>
				<total>814810</total>
				<timestamp>217.447807</timestamp>
			</report>
			<report>
				<misses>1675001</misses>
				<total>814813</total>
				<timestamp>217.577665</timestamp>
			</report>
			<report>
				<misses>1676001</misses>
				<total>814813</total>
				<timestamp>217.707541</timestamp>
			</report>
			<report>
				<misses>1677001</misses>
				<total>814813</total>
				<timestamp>217.837436</timestamp>
			</report>
			<report>
				<misses>1678001</misses>
				<total>814813</total>
				<timestamp>217.967273</timestamp>
			</report>
			<report>
				<misses>1679001</misses>
				<total>814813</total>
				<timestamp>218.097172</timestamp>
			</report>
			<report>
				<misses>1680001</misses>
				<total>814826</total>
				<timestamp>218.227048</timestamp>
			</report>
			<report>
				<misses>1681001</misses>
				<total>814826</total>
				<timestamp>218.356879</timestamp>
			</report>
			<report>
				<misses>1682001</misses>
				<total>814826</total>
				<timestamp>218.486836</timestamp>
			</report>
			<report>
				<misses>1683001</misses>
				<total>814826</total>
				<timestamp>218.616810</timestamp>
			</report>
			<report>
				<misses>1684001</misses>
				<total>814826</total>
				<timestamp>218.746661</timestamp>
			</report>
			<report>
				<misses>1685001</misses>
				<total>814826</total>
				<timestamp>218.876520</timestamp>
			</report>
			<report>
				<misses>1686001</misses>
				<total>814826</total>
				<timestamp>219.006356</timestamp>
			</report>
			<report>
				<misses>1687001</misses>
				<total>814826</total>
				<timestamp>219.136233</timestamp>
			</report>
			<report>
				<misses>1688001</misses>
				<total>814826</total>
				<timestamp>219.266180</timestamp>
			</report>
			<report>
				<misses>1689001</misses>
				<total>814826</total>
				<timestamp>219.396014</timestamp>
			</report>
			<report>
				<misses>1690001</misses>
				<total>814826</total>
				<timestamp>219.525879</timestamp>
			</report>
			<report>
				<misses>1691001</misses>
				<total>814826</total>
				<timestamp>219.655746</timestamp>
			</report>
			<report>
				<misses>1692001</misses>
				<total>814826</total>
				<timestamp>219.785619</timestamp>
			</report>
			<report>
				<misses>1693001</misses>
				<total>814826</total>
				<timestamp>219.915484</timestamp>
			</report>
			<report>
				<misses>1694001</misses>
				<total>814826</total>
				<timestamp>220.045320</timestamp>
			</report>
			<report>
				<misses>1695001</misses>
				<total>814826</total>
				<timestamp>220.175199</timestamp>
			</report>
			<report>
				<misses>1696001</misses>
				<total>814826</total>
				<timestamp>220.305071</timestamp>
			</report>
			<report>
				<misses>1697001</misses>
				<total>814825</total>
				<timestamp>220.435013</timestamp>
			</report>
			<report>
				<misses>1698001</misses>
				<total>814826</total>
				<timestamp>220.564982</timestamp>
			</report>
			<report>
				<misses>1699001</misses>
				<total>814826</total>
				<timestamp>220.694852</timestamp>
			</report>
			<report>
				<misses>1700001</misses>
				<total>814826</total>
				<timestamp>220.824778</timestamp>
			</report>
			<report>
				<misses>1701001</misses>
				<total>814826</total>
				<timestamp>220.954750</timestamp>
			</report>
			<report>
				<misses>1702001</misses>
				<total>814826</total>
				<timestamp>221.084553</timestamp>
			</report>
			<report>
				<misses>1703001</misses>
				<total>814829</total>
				<timestamp>221.214419</timestamp>
			</report>
			<report>
				<misses>1704001</misses>
				<total>814829</total>
				<timestamp>221.344289</timestamp>
			</report>
			<report>
				<misses>1705001</misses>
				<total>814830</total>
				<timestamp>221.474194</timestamp>
			</report>
			<report>
				<misses>1706001</misses>
				<total>814830</total>
				<timestamp>221.604045</timestamp>
			</report>
			<report>
				<misses>1707001</misses>
				<total>814830</total>
				<timestamp>221.733936</timestamp>
			</report>
			<report>
				<misses>1708001</misses>
				<total>814830</total>
				<timestamp>221.863775</timestamp>
			</report>
			<report>
				<misses>1709001</misses>
				<total>814830</total>
				<timestamp>221.993663</timestamp>
			</report>
			<report>
				<misses>1710001</misses>
				<total>814830</total>
				<timestamp>222.123544</timestamp>
			</report>
			<report>
				<misses>1711001</misses>
				<total>814830</total>
				<timestamp>222.253373</timestamp>
			</report>
			<report>
				<misses>1712001</misses>
				<total>814830</total>
				<timestamp>222.383274</timestamp>
			</report>
			<report>
				<misses>1713001</misses>
				<total>814830</total>
				<timestamp>222.513148</timestamp>
			</report>
			<report>
				<misses>1714001</misses>
				<total>814830</total>
				<timestamp>222.643011</timestamp>
			</report>
			<report>
				<misses>1715001</misses>
				<total>814830</total>
				<timestamp>222.772887</timestamp>
			</report>
			<report>
				<misses>1716001</misses>
				<total>814830</total>
				<timestamp>222.902758</timestamp>
			</report>
			<report>
				<misses>1717001</misses>
				<total>814830</total>
				<timestamp>223.032634</timestamp>
			</report>
			<report>
				<misses>1718001</misses>
				<total>814830</total>
				<timestamp>223.162515</timestamp>
			</report>
			<report>
				<misses>1719001</misses>
				<total>814830</total>
				<timestamp>223.292340</timestamp>
			</report>
			<report>
				<misses>1720001</misses>
				<total>814830</total>
				<timestamp>223.422216</timestamp>
			</report>
			<report>
				<misses>1721001</misses>
				<total>814830</total>
				<timestamp>223.552070</timestamp>
			</report>
			<report>
				<misses>1722001</misses>
				<total>814830</total>
				<timestamp>223.682042</timestamp>
			</report>
			<report>
				<misses>1723001</misses>
				<total>814830</total>
				<timestamp>223.811970</timestamp>
			</report>
			<report>
				<misses>1724001</misses>
				<total>814830</total>
				<timestamp>223.941869</timestamp>
			</report>
			<report>
				<misses>1725001</misses>
				<total>814830</total>
				<timestamp>224.071688</timestamp>
			</report>
			<report>
				<misses>1726001</misses>
				<total>814830</total>
				<timestamp>224.201618</timestamp>
			</report>
			<report>
				<misses>1727001</misses>
				<total>814830</total>
				<timestamp>224.331488</timestamp>
			</report>
			<report>
				<misses>1728001</misses>
				<total>814830</total>
				<timestamp>224.461293</timestamp>
			</report>
			<report>
				<misses>1729001</misses>
				<total>814830</total>
				<timestamp>224.591187</timestamp>
			</report>
			<report>
				<misses>1730001</misses>
				<total>814830</total>
				<timestamp>224.721053</timestamp>
			</report>
			<report>
				<misses>1731001</misses>
				<total>814830</total>
				<timestamp>224.850956</timestamp>
			</report>
			<report>
				<misses>1732001</misses>
				<total>814830</total>
				<timestamp>224.980760</timestamp>
			</report>
			<report>
				<misses>1733001</misses>
				<total>814830</total>
				<timestamp>225.110651</timestamp>
			</report>
			<report>
				<misses>1734001</misses>
				<total>814830</total>
				<timestamp>225.240511</timestamp>
			</report>
			<report>
				<misses>1735001</misses>
				<total>814830</total>
				<timestamp>225.370402</timestamp>
			</report>
			<report>
				<misses>1736001</misses>
				<total>814830</total>
				<timestamp>225.500239</timestamp>
			</report>
			<report>
				<misses>1737001</misses>
				<total>814830</total>
				<timestamp>225.630166</timestamp>
			</report>
			<report>
				<misses>1738001</misses>
				<total>814831</total>
				<timestamp>225.760048</timestamp>
			</report>
			<report>
				<misses>1739001</misses>
				<total>814831</total>
				<timestamp>225.890056</timestamp>
			</report>
			<report>
				<misses>1740001</misses>
				<total>814831</total>
				<timestamp>226.019921</timestamp>
			</report>
			<report>
				<misses>1741001</misses>
				<total>814831</total>
				<timestamp>226.149775</timestamp>
			</report>
			<report>
				<misses>1742001</misses>
				<total>814833</total>
				<timestamp>226.279612</timestamp>
			</report>
			<report>
				<misses>1743001</misses>
				<total>814834</total>
				<timestamp>226.409471</timestamp>
			</report>
			<report>
				<misses>1744001</misses>
				<total>814834</total>
				<timestamp>226.539372</timestamp>
			</report>
			<report>
				<misses>1745001</misses>
				<total>814834</total>
				<timestamp>226.669339</timestamp>
			</report>
			<report>
				<misses>1746001</misses>
				<total>814834</total>
				<timestamp>226.799211</timestamp>
			</report>
			<report>
				<misses>1747001</misses>
				<total>814834</total>
				<timestamp>226.929088</timestamp>
			</report>
			<report>
				<misses>1748001</misses>
				<total>814834</total>
				<timestamp>227.058965</timestamp>
			</report>
			<report>
				<misses>1749001</misses>
				<total>814834</total>
				<timestamp>227.188869</timestamp>
			</report>
			<report>
				<misses>1750001</misses>
				<total>814834</total>
				<timestamp>227.318739</timestamp>
			</report>
			<report>
				<misses>1751001</misses>
				<total>814834</total>
				<timestamp>227.448578</timestamp>
			</report>
			<report>
				<misses>1752001</misses>
				<total>814834</total>
				<timestamp>227.578438</timestamp>
			</report>
			<report>
				<misses>1753001</misses>
				<total>814834</total>
				<timestamp>227.708300</timestamp>
			</report>
			<report>
				<misses>1754001</misses>
				<total>814833</total>
				<timestamp>227.838248</timestamp>
			</report>
			<report>
				<misses>1755001</misses>
				<total>814834</total>
				<timestamp>227.968186</timestamp>
			</report>
			<report>
				<misses>1756001</misses>
				<total>814834</total>
				<timestamp>228.098101</timestamp>
			</report>
			<report>
				<misses>1757001</misses>
				<total>814834</total>
				<timestamp>228.227985</timestamp>
			</report>
			<report>
				<misses>1758001</misses>
				<total>814834</total>
				<timestamp>228.357809</timestamp>
			</report>
			<report>
				<misses>1759001</misses>
				<total>814839</total>
				<timestamp>228.487743</timestamp>
			</report>
			<report>
				<misses>1760001</misses>
				<total>814839</total>
				<timestamp>228.617641</timestamp>
			</report>
			<report>
				<misses>1761001</misses>
				<total>814839</total>
				<timestamp>228.747518</timestamp>
			</report>
			<report>
				<misses>1762001</misses>
				<total>814839</total>
				<timestamp>228.877390</timestamp>
			</report>
			<report>
				<misses>1763001</misses>
				<total>814839</total>
				<timestamp>229.007262</timestamp>
			</report>
			<report>
				<misses>1764001</misses>
				<total>814839</total>
				<timestamp>229.137170</timestamp>
			</report>
			<report>
				<misses>1765001</misses>
				<total>814851</total>
				<timestamp>229.267049</timestamp>
			</report>
			<report>
				<misses>1766001</misses>
				<total>814851</total>
				<timestamp>229.396951</timestamp>
			</report>
			<report>
				<misses>1767001</misses>
				<total>814851</total>
				<timestamp>229.526774</timestamp>
			</report>
			<report>
				<misses>1768001</misses>
				<total>814851</total>
				<timestamp>229.656642</timestamp>
			</report>
			<report>
				<misses>1769001</misses>
				<total>814851</total>
				<timestamp>229.786499</timestamp>
			</report>
			<report>
				<misses>1770001</misses>
				<total>814851</total>
				<timestamp>229.916358</timestamp>
			</report>
			<report>
				<misses>1771001</misses>
				<total>814851</total>
				<timestamp>230.046228</timestamp>
			</report>
			<report>
				<misses>1772001</misses>
				<total>814851</total>
				<timestamp>230.176162</timestamp>
			</report>
			<report>
				<misses>1773001</misses>
				<total>814851</total>
				<timestamp>230.306017</timestamp>
			</report>
			<report>
				<misses>1774001</misses>
				<total>814851</total>
				<timestamp>230.435854</timestamp>
			</report>
			<report>
				<misses>1775001</misses>
				<total>814851</total>
				<timestamp>230.565760</timestamp>
			</report>
			<report>
				<misses>1776001</misses>
				<total>814851</total>
				<timestamp>230.695589</timestamp>
			</report>
			<report>
				<misses>1777001</misses>
				<total>814851</total>
				<timestamp>230.825440</timestamp>
			</report>
			<report>
				<misses>1778001</misses>
				<total>814852</total>
				<timestamp>230.955315</timestamp>
			</report>
			<report>
				<misses>1779001</misses>
				<total>814852</total>
				<timestamp>231.085185</timestamp>
			</report>
			<report>
				<misses>1780001</misses>
				<total>814852</total>
				<timestamp>231.215125</timestamp>
			</report>
			<report>
				<misses>1781001</misses>
				<total>814852</total>
				<timestamp>231.344987</timestamp>
			</report>
			<report>
				<misses>1782001</misses>
				<total>814852</total>
				<timestamp>231.474817</timestamp>
			</report>
			<report>
				<misses>1783001</misses>
				<total>814852</total>
				<timestamp>231.604673</timestamp>
			</report>
			<report>
				<misses>1784001</misses>
				<total>814852</total>
				<timestamp>231.734553</timestamp>
			</report>
			<report>
				<misses>1785001</misses>
				<total>814852</total>
				<timestamp>231.864491</timestamp>
			</report>
			<report>
				<misses>1786001</misses>
				<total>814852</total>
				<timestamp>231.994484</timestamp>
			</report>
			<report>
				<misses>1787001</misses>
				<total>814852</total>
				<timestamp>232.124408</timestamp>
			</report>
			<report>
				<misses>1788001</misses>
				<total>814852</total>
				<timestamp>232.254267</timestamp>
			</report>
			<report>
				<misses>1789001</misses>
				<total>814852</total>
				<timestamp>232.384149</timestamp>
			</report>
			<report>
				<misses>1790001</misses>
				<total>814852</total>
				<timestamp>232.514083</timestamp>
			</report>
			<report>
				<misses>1791001</misses>
				<total>814852</total>
				<timestamp>232.643926</timestamp>
			</report>
			<report>
				<misses>1792001</misses>
				<total>814861</total>
				<timestamp>232.773753</timestamp>
			</report>
			<report>
				<misses>1793001</misses>
				<total>814861</total>
				<timestamp>232.903650</timestamp>
			</report>
			<report>
				<misses>1794001</misses>
				<total>814861</total>
				<timestamp>233.033509</timestamp>
			</report>
			<report>
				<misses>1795001</misses>
				<total>814861</total>
				<timestamp>233.163372</timestamp>
			</report>
			<report>
				<misses>1796001</misses>
				<total>814861</total>
				<timestamp>233.293274</timestamp>
			</report>
			<report>
				<misses>1797001</misses>
				<total>814863</total>
				<timestamp>233.423096</timestamp>
			</report>
			<report>
				<misses>1798001</misses>
				<total>814864</total>
				<timestamp>233.553056</timestamp>
			</report>
			<report>
				<misses>1799001</misses>
				<total>814864</total>
				<timestamp>233.682983</timestamp>
			</report>
			<report>
				<misses>1800001</misses>
				<total>814864</total>
				<timestamp>233.813224</timestamp>
			</report>
			<report>
				<misses>1801001</misses>
				<total>814864</total>
				<timestamp>233.943130</timestamp>
			</report>
			<report>
				<misses>1802001</misses>
				<total>814864</total>
				<timestamp>234.072993</timestamp>
			</report>
			<report>
				<misses>1803001</misses>
				<total>814864</total>
				<timestamp>234.203500</timestamp>
			</report>
			<report>
				<misses>1804001</misses>
				<total>814864</total>
				<timestamp>234.333367</timestamp>
			</report>
			<report>
				<misses>1805001</misses>
				<total>814865</total>
				<timestamp>234.463250</timestamp>
			</report>
			<report>
				<misses>1806001</misses>
				<total>814866</total>
				<timestamp>234.593638</timestamp>
			</report>
			<report>
				<misses>1807001</misses>
				<total>814866</total>
				<timestamp>234.723631</timestamp>
			</report>
			<report>
				<misses>1808001</misses>
				<total>814866</total>
				<timestamp>234.853537</timestamp>
			</report>
			<report>
				<misses>1809001</misses>
				<total>814866</total>
				<timestamp>234.983654</timestamp>
			</report>
			<report>
				<misses>1810001</misses>
				<total>814866</total>
				<timestamp>235.113507</timestamp>
			</report>
			<report>
				<misses>1811001</misses>
				<total>814866</total>
				<timestamp>235.243353</timestamp>
			</report>
			<report>
				<misses>1812001</misses>
				<total>814866</total>
				<timestamp>235.373253</timestamp>
			</report>
			<report>
				<misses>1813001</misses>
				<total>814868</total>
				<timestamp>235.503509</timestamp>
			</report>
			<report>
				<misses>1814001</misses>
				<total>814868</total>
				<timestamp>235.633366</timestamp>
			</report>
			<report>
				<misses>1815001</misses>
				<total>814868</total>
				<timestamp>235.763320</timestamp>
			</report>
			<report>
				<misses>1816001</misses>
				<total>814868</total>
				<timestamp>235.893621</timestamp>
			</report>
			<report>
				<misses>1817001</misses>
				<total>814868</total>
				<timestamp>236.023499</timestamp>
			</report>
			<report>
				<misses>1818001</misses>
				<total>814868</total>
				<timestamp>236.153373</timestamp>
			</report>
			<report>
				<misses>1819001</misses>
				<total>814868</total>
				<timestamp>236.283504</timestamp>
			</report>
			<report>
				<misses>1820001</misses>
				<total>814870</total>
				<timestamp>236.413770</timestamp>
			</report>
			<report>
				<misses>1821001</misses>
				<total>814872</total>
				<timestamp>236.543648</timestamp>
			</report>
			<report>
				<misses>1822001</misses>
				<total>814872</total>
				<timestamp>236.673769</timestamp>
			</report>
			<report>
				<misses>1823001</misses>
				<total>814872</total>
				<timestamp>236.803673</timestamp>
			</report>
			<report>
				<misses>1824001</misses>
				<total>814872</total>
				<timestamp>236.933505</timestamp>
			</report>
			<report>
				<misses>1825001</misses>
				<total>814872</total>
				<timestamp>237.063365</timestamp>
			</report>
			<report>
				<misses>1826001</misses>
				<total>814872</total>
				<timestamp>237.193240</timestamp>
			</report>
			<report>
				<misses>1827001</misses>
				<total>814872</total>
				<timestamp>237.323123</timestamp>
			</report>
			<report>
				<misses>1828001</misses>
				<total>814872</total>
				<timestamp>237.452985</timestamp>
			</report>
			<report>
				<misses>1829001</misses>
				<total>814872</total>
				<timestamp>237.582928</timestamp>
			</report>
			<report>
				<misses>1830001</misses>
				<total>814872</total>
				<timestamp>237.712880</timestamp>
			</report>
			<report>
				<misses>1831001</misses>
				<total>814872</total>
				<timestamp>237.842743</timestamp>
			</report>
			<report>
				<misses>1832001</misses>
				<total>814872</total>
				<timestamp>237.972628</timestamp>
			</report>
			<report>
				<misses>1833001</misses>
				<total>814872</total>
				<timestamp>238.102509</timestamp>
			</report>
			<report>
				<misses>1834001</misses>
				<total>814872</total>
				<timestamp>238.232321</timestamp>
			</report>
			<report>
				<misses>1835001</misses>
				<total>814872</total>
				<timestamp>238.362195</timestamp>
			</report>
			<report>
				<misses>1836001</misses>
				<total>814872</total>
				<timestamp>238.492072</timestamp>
			</report>
			<report>
				<misses>1837001</misses>
				<total>814872</total>
				<timestamp>238.621988</timestamp>
			</report>
			<report>
				<misses>1838001</misses>
				<total>814872</total>
				<timestamp>238.751883</timestamp>
			</report>
			<report>
				<misses>1839001</misses>
				<total>814872</total>
				<timestamp>238.881886</timestamp>
			</report>
			<report>
				<misses>1840001</misses>
				<total>814872</total>
				<timestamp>239.011868</timestamp>
			</report>
			<report>
				<misses>1841001</misses>
				<total>814872</total>
				<timestamp>239.141754</timestamp>
			</report>
			<report>
				<misses>1842001</misses>
				<total>814876</total>
				<timestamp>239.271776</timestamp>
			</report>
			<report>
				<misses>1843001</misses>
				<total>814879</total>
				<timestamp>239.401766</timestamp>
			</report>
			<report>
				<misses>1844001</misses>
				<total>814879</total>
				<timestamp>239.531726</timestamp>
			</report>
			<report>
				<misses>1845001</misses>
				<total>814879</total>
				<timestamp>239.661625</timestamp>
			</report>
			<report>
				<misses>1846001</misses>
				<total>814879</total>
				<timestamp>239.791574</timestamp>
			</report>
			<report>
				<misses>1847001</misses>
				<total>814884</total>
				<timestamp>239.921422</timestamp>
			</report>
			<report>
				<misses>1848001</misses>
				<total>814884</total>
				<timestamp>240.051288</timestamp>
			</report>
			<report>
				<misses>1849001</misses>
				<total>814883</total>
				<timestamp>240.181201</timestamp>
			</report>
			<report>
				<misses>1850001</misses>
				<total>814884</total>
				<timestamp>240.311069</timestamp>
			</report>
			<report>
				<misses>1851001</misses>
				<total>814884</total>
				<timestamp>240.440932</timestamp>
			</report>
			<report>
				<misses>1852001</misses>
				<total>814884</total>
				<timestamp>240.570949</timestamp>
			</report>
			<report>
				<misses>1853001</misses>
				<total>814884</total>
				<timestamp>240.700855</timestamp>
			</report>
			<report>
				<misses>1854001</misses>
				<total>814884</total>
				<timestamp>240.830764</timestamp>
			</report>
			<report>
				<misses>1855001</misses>
				<total>814884</total>
				<timestamp>240.960639</timestamp>
			</report>
			<report>
				<misses>1856001</misses>
				<total>814884</total>
				<timestamp>241.090566</timestamp>
			</report>
			<report>
				<misses>1857001</misses>
				<total>814884</total>
				<timestamp>241.220377</timestamp>
			</report>
			<report>
				<misses>1858001</misses>
				<total>814884</total>
				<timestamp>241.350233</timestamp>
			</report>
			<report>
				<misses>1859001</misses>
				<total>814885</total>
				<timestamp>241.480120</timestamp>
			</report>
			<report>
				<misses>1860001</misses>
				<total>814885</total>
				<timestamp>241.610027</timestamp>
			</report>
			<report>
				<misses>1861001</misses>
				<total>814885</total>
				<timestamp>241.739905</timestamp>
			</report>
			<report>
				<misses>1862001</misses>
				<total>814885</total>
				<timestamp>241.869761</timestamp>
			</report>
			<report>
				<misses>1863001</misses>
				<total>814885</total>
				<timestamp>241.999609</timestamp>
			</report>
			<report>
				<misses>1864001</misses>
				<total>814885</total>
				<timestamp>242.129487</timestamp>
			</report>
			<report>
				<misses>1865001</misses>
				<total>814885</total>
				<timestamp>242.259330</timestamp>
			</report>
			<report>
				<misses>1866001</misses>
				<total>814885</total>
				<timestamp>242.389208</timestamp>
			</report>
			<report>
				<misses>1867001</misses>
				<total>814885</total>
				<timestamp>242.519088</timestamp>
			</report>
			<report>
				<misses>1868001</misses>
				<total>814886</total>
				<timestamp>242.649022</timestamp>
			</report>
			<report>
				<misses>1869001</misses>
				<total>814886</total>
				<timestamp>242.778903</timestamp>
			</report>
			<report>
				<misses>1870001</misses>
				<total>814886</total>
				<timestamp>242.908924</timestamp>
			</report>
			<report>
				<misses>1871001</misses>
				<total>814886</total>
				<timestamp>243.038852</timestamp>
			</report>
			<report>
				<misses>1872001</misses>
				<total>814886</total>
				<timestamp>243.168720</timestamp>
			</report>
			<report>
				<misses>1873001</misses>
				<total>814886</total>
				<timestamp>243.298558</timestamp>
			</report>
			<report>
				<misses>1874001</misses>
				<total>814886</total>
				<timestamp>243.428418</timestamp>
			</report>
			<report>
				<misses>1875001</misses>
				<total>814886</total>
				<timestamp>243.558311</timestamp>
			</report>
			<report>
				<misses>1876001</misses>
				<total>814886</total>
				<timestamp>243.688154</timestamp>
			</report>
			<report>
				<misses>1877001</misses>
				<total>814886</total>
				<timestamp>243.818039</timestamp>
			</report>
			<report>
				<misses>1878001</misses>
				<total>814886</total>
				<timestamp>243.948088</timestamp>
			</report>
			<report>
				<misses>1879001</misses>
				<total>814886</total>
				<timestamp>244.077919</timestamp>
			</report>
			<report>
				<misses>1880001</misses>
				<total>814886</total>
				<timestamp>244.207787</timestamp>
			</report>
			<report>
				<misses>1881001</misses>
				<total>814886</total>
				<timestamp>244.337641</timestamp>
			</report>
			<report>
				<misses>1882001</misses>
				<total>814886</total>
				<timestamp>244.467522</timestamp>
			</report>
			<report>
				<misses>1883001</misses>
				<total>814886</total>
				<timestamp>244.597367</timestamp>
			</report>
			<report>
				<misses>1884001</misses>
				<total>814886</total>
				<timestamp>244.727260</timestamp>
			</report>
			<report>
				<misses>1885001</misses>
				<total>814886</total>
				<timestamp>244.857123</timestamp>
			</report>
			<report>
				<misses>1886001</misses>
				<total>814888</total>
				<timestamp>244.987013</timestamp>
			</report>
			<report>
				<misses>1887001</misses>
				<total>814888</total>
				<timestamp>245.116910</timestamp>
			</report>
			<report>
				<misses>1888001</misses>
				<total>814887</total>
				<timestamp>245.246844</timestamp>
			</report>
			<report>
				<misses>1889001</misses>
				<total>814888</total>
				<timestamp>245.376822</timestamp>
			</report>
			<report>
				<misses>1890001</misses>
				<total>814888</total>
				<timestamp>245.506828</timestamp>
			</report>
			<report>
				<misses>1891001</misses>
				<total>814888</total>
				<timestamp>245.636766</timestamp>
			</report>
			<report>
				<misses>1892001</misses>
				<total>814888</total>
				<timestamp>245.766642</timestamp>
			</report>
			<report>
				<misses>1893001</misses>
				<total>814888</total>
				<timestamp>245.896499</timestamp>
			</report>
			<report>
				<misses>1894001</misses>
				<total>814888</total>
				<timestamp>246.026340</timestamp>
			</report>
			<report>
				<misses>1895001</misses>
				<total>814888</total>
				<timestamp>246.156221</timestamp>
			</report>
			<report>
				<misses>1896001</misses>
				<total>814888</total>
				<timestamp>246.286082</timestamp>
			</report>
			<report>
				<misses>1897001</misses>
				<total>814888</total>
				<timestamp>246.415992</timestamp>
			</report>
			<report>
				<misses>1898001</misses>
				<total>814889</total>
				<timestamp>246.545950</timestamp>
			</report>
			<report>
				<misses>1899001</misses>
				<total>814889</total>
				<timestamp>246.675885</timestamp>
			</report>
			<report>
				<misses>1900001</misses>
				<total>814889</total>
				<timestamp>246.805767</timestamp>
			</report>
			<report>
				<misses>1901001</misses>
				<total>814889</total>
				<timestamp>246.935627</timestamp>
			</report>
			<report>
				<misses>1902001</misses>
				<total>814889</total>
				<timestamp>247.065430</timestamp>
			</report>
			<report>
				<misses>1903001</misses>
				<total>814889</total>
				<timestamp>247.195285</timestamp>
			</report>
			<report>
				<misses>1904001</misses>
				<total>814889</total>
				<timestamp>247.325172</timestamp>
			</report>
			<report>
				<misses>1905001</misses>
				<total>814889</total>
				<timestamp>247.455048</timestamp>
			</report>
			<report>
				<misses>1906001</misses>
				<total>814889</total>
				<timestamp>247.584956</timestamp>
			</report>
			<report>
				<misses>1907001</misses>
				<total>814889</total>
				<timestamp>247.714866</timestamp>
			</report>
			<report>
				<misses>1908001</misses>
				<total>814889</total>
				<timestamp>247.844890</timestamp>
			</report>
			<report>
				<misses>1909001</misses>
				<total>814889</total>
				<timestamp>247.974844</timestamp>
			</report>
			<report>
				<misses>1910001</misses>
				<total>814889</total>
				<timestamp>248.104670</timestamp>
			</report>
			<report>
				<misses>1911001</misses>
				<total>814888</total>
				<timestamp>248.234525</timestamp>
			</report>
			<report>
				<misses>1912001</misses>
				<total>814889</total>
				<timestamp>248.364392</timestamp>
			</report>
			<report>
				<misses>1913001</misses>
				<total>814889</total>
				<timestamp>248.494285</timestamp>
			</report>
			<report>
				<misses>1914001</misses>
				<total>814889</total>
				<timestamp>248.624139</timestamp>
			</report>
			<report>
				<misses>1915001</misses>
				<total>814889</total>
				<timestamp>248.754047</timestamp>
			</report>
			<report>
				<misses>1916001</misses>
				<total>814889</total>
				<timestamp>248.883921</timestamp>
			</report>
			<report>
				<misses>1917001</misses>
				<total>814889</total>
				<timestamp>249.013829</timestamp>
			</report>
			<report>
				<misses>1918001</misses>
				<total>814891</total>
				<timestamp>249.143816</timestamp>
			</report>
			<report>
				<misses>1919001</misses>
				<total>814891</total>
				<timestamp>249.273639</timestamp>
			</report>
			<report>
				<misses>1920001</misses>
				<total>814891</total>
				<timestamp>249.403494</timestamp>
			</report>
			<report>
				<misses>1921001</misses>
				<total>814891</total>
				<timestamp>249.533354</timestamp>
			</report>
			<report>
				<misses>1922001</misses>
				<total>814891</total>
				<timestamp>249.663217</timestamp>
			</report>
			<report>
				<misses>1923001</misses>
				<total>814891</total>
				<timestamp>249.793084</timestamp>
			</report>
			<report>
				<misses>1924001</misses>
				<total>814891</total>
				<timestamp>249.923009</timestamp>
			</report>
			<report>
				<misses>1925001</misses>
				<total>814891</total>
				<timestamp>250.052871</timestamp>
			</report>
			<report>
				<misses>1926001</misses>
				<total>814891</total>
				<timestamp>250.182718</timestamp>
			</report>
			<report>
				<misses>1927001</misses>
				<total>814891</total>
				<timestamp>250.312646</timestamp>
			</report>
			<report>
				<misses>1928001</misses>
				<total>814891</total>
				<timestamp>250.442475</timestamp>
			</report>
			<report>
				<misses>1929001</misses>
				<total>814891</total>
				<timestamp>250.572316</timestamp>
			</report>
			<report>
				<misses>1930001</misses>
				<total>814893</total>
				<timestamp>250.702178</timestamp>
			</report>
			<report>
				<misses>1931001</misses>
				<total>814892</total>
				<timestamp>250.832074</timestamp>
			</report>
			<report>
				<misses>1932001</misses>
				<total>814893</total>
				<timestamp>250.961975</timestamp>
			</report>
			<report>
				<misses>1933001</misses>
				<total>814893</total>
				<timestamp>251.091867</timestamp>
			</report>
			<report>
				<misses>1934001</misses>
				<total>814893</total>
				<timestamp>251.221791</timestamp>
			</report>
			<report>
				<misses>1935001</misses>
				<total>814893</total>
				<timestamp>251.351743</timestamp>
			</report>
			<report>
				<misses>1936001</misses>
				<total>814896</total>
				<timestamp>251.481658</timestamp>
			</report>
			<report>
				<misses>1937001</misses>
				<total>814896</total>
				<timestamp>251.611549</timestamp>
			</report>
			<report>
				<misses>1938001</misses>
				<total>814896</total>
				<timestamp>251.741392</timestamp>
			</report>
			<report>
				<misses>1939001</misses>
				<total>814895</total>
				<timestamp>251.871328</timestamp>
			</report>
			<report>
				<misses>1940001</misses>
				<total>814896</total>
				<timestamp>252.001142</timestamp>
			</report>
			<report>
				<misses>1941001</misses>
				<total>814895</total>
				<timestamp>252.131043</timestamp>
			</report>
			<report>
				<misses>1942001</misses>
				<total>814897</total>
				<timestamp>252.260943</timestamp>
			</report>
			<report>
				<misses>1943001</misses>
				<total>814895</total>
				<timestamp>252.390818</timestamp>
			</report>
			<report>
				<misses>1944001</misses>
				<total>814897</total>
				<timestamp>252.520637</timestamp>
			</report>
			<report>
				<misses>1945001</misses>
				<total>814897</total>
				<timestamp>252.650480</timestamp>
			</report>
			<report>
				<misses>1946001</misses>
				<total>814897</total>
				<timestamp>252.780345</timestamp>
			</report>
			<report>
				<misses>1947001</misses>
				<total>814898</total>
				<timestamp>252.910303</timestamp>
			</report>
			<report>
				<misses>1948001</misses>
				<total>814897</total>
				<timestamp>253.040096</timestamp>
			</report>
			<report>
				<misses>1949001</misses>
				<total>814913</total>
				<timestamp>253.170006</timestamp>
			</report>
			<report>
				<misses>1950001</misses>
				<total>814914</total>
				<timestamp>253.299965</timestamp>
			</report>
			<report>
				<misses>1951001</misses>
				<total>814913</total>
				<timestamp>253.429915</timestamp>
			</report>
			<report>
				<misses>1952001</misses>
				<total>814913</total>
				<timestamp>253.559882</timestamp>
			</report>
			<report>
				<misses>1953001</misses>
				<total>814916</total>
				<timestamp>253.689766</timestamp>
			</report>
			<report>
				<misses>1954001</misses>
				<total>814916</total>
				<timestamp>253.819628</timestamp>
			</report>
			<report>
				<misses>1955001</misses>
				<total>814916</total>
				<timestamp>253.949513</timestamp>
			</report>
			<report>
				<misses>1956001</misses>
				<total>814916</total>
				<timestamp>254.079322</timestamp>
			</report>
			<report>
				<misses>1957001</misses>
				<total>814916</total>
				<timestamp>254.209185</timestamp>
			</report>
			<report>
				<misses>1958001</misses>
				<total>814917</total>
				<timestamp>254.339086</timestamp>
			</report>
			<report>
				<misses>1959001</misses>
				<total>814917</total>
				<timestamp>254.468963</timestamp>
			</report>
			<report>
				<misses>1960001</misses>
				<total>814917</total>
				<timestamp>254.598882</timestamp>
			</report>
			<report>
				<misses>1961001</misses>
				<total>814917</total>
				<timestamp>254.728784</timestamp>
			</report>
			<report>
				<misses>1962001</misses>
				<total>814917</total>
				<timestamp>254.858808</timestamp>
			</report>
			<report>
				<misses>1963001</misses>
				<total>814917</total>
				<timestamp>254.988813</timestamp>
			</report>
			<report>
				<misses>1964001</misses>
				<total>814917</total>
				<timestamp>255.118815</timestamp>
			</report>
			<report>
				<misses>1965001</misses>
				<total>814917</total>
				<timestamp>255.248735</timestamp>
			</report>
			<report>
				<misses>1966001</misses>
				<total>814917</total>
				<timestamp>255.378663</timestamp>
			</report>
			<report>
				<misses>1967001</misses>
				<total>814917</total>
				<timestamp>255.508656</timestamp>
			</report>
			<report>
				<misses>1968001</misses>
				<total>814918</total>
				<timestamp>255.638682</timestamp>
			</report>
			<report>
				<misses>1969001</misses>
				<total>814918</total>
				<timestamp>255.768573</timestamp>
			</report>
			<report>
				<misses>1970001</misses>
				<total>814920</total>
				<timestamp>255.898431</timestamp>
			</report>
			<report>
				<misses>1971001</misses>
				<total>814920</total>
				<timestamp>256.028288</timestamp>
			</report>
			<report>
				<misses>1972001</misses>
				<total>814920</total>
				<timestamp>256.158165</timestamp>
			</report>
			<report>
				<misses>1973001</misses>
				<total>814920</total>
				<timestamp>256.288040</timestamp>
			</report>
			<report>
				<misses>1974001</misses>
				<total>814920</total>
				<timestamp>256.417920</timestamp>
			</report>
			<report>
				<misses>1975001</misses>
				<total>814920</total>
				<timestamp>256.547812</timestamp>
			</report>
			<report>
				<misses>1976001</misses>
				<total>814919</total>
				<timestamp>256.677767</timestamp>
			</report>
			<report>
				<misses>1977001</misses>
				<total>814921</total>
				<timestamp>256.807758</timestamp>
			</report>
			<report>
				<misses>1978001</misses>
				<total>814921</total>
				<timestamp>256.937741</timestamp>
			</report>
			<report>
				<misses>1979001</misses>
				<total>814921</total>
				<timestamp>257.067982</timestamp>
			</report>
			<report>
				<misses>1980001</misses>
				<total>814921</total>
				<timestamp>257.197902</timestamp>
			</report>
			<report>
				<misses>1981001</misses>
				<total>814921</total>
				<timestamp>257.327811</timestamp>
			</report>
			<report>
				<misses>1982001</misses>
				<total>814921</total>
				<timestamp>257.457762</timestamp>
			</report>
			<report>
				<misses>1983001</misses>
				<total>814921</total>
				<timestamp>257.587665</timestamp>
			</report>
			<report>
				<misses>1984001</misses>
				<total>814921</total>
				<timestamp>257.717503</timestamp>
			</report>
			<report>
				<misses>1985001</misses>
				<total>814921</total>
				<timestamp>257.847377</timestamp>
			</report>
			<report>
				<misses>1986001</misses>
				<total>814921</total>
				<timestamp>257.977250</timestamp>
			</report>
			<report>
				<misses>1987001</misses>
				<total>814921</total>
				<timestamp>258.107112</timestamp>
			</report>
			<report>
				<misses>1988001</misses>
				<total>814921</total>
				<timestamp>258.237089</timestamp>
			</report>
			<report>
				<misses>1989001</misses>
				<total>814921</total>
				<timestamp>258.366975</timestamp>
			</report>
			<report>
				<misses>1990001</misses>
				<total>814921</total>
				<timestamp>258.496925</timestamp>
			</report>
			<report>
				<misses>1991001</misses>
				<total>814921</total>
				<timestamp>258.626794</timestamp>
			</report>
			<report>
				<misses>1992001</misses>
				<total>814921</total>
				<timestamp>258.756645</timestamp>
			</report>
			<report>
				<misses>1993001</misses>
				<total>814921</total>
				<timestamp>258.886491</timestamp>
			</report>
			<report>
				<misses>1994001</misses>
				<total>814921</total>
				<timestamp>259.016342</timestamp>
			</report>
			<report>
				<misses>1995001</misses>
				<total>814921</total>
				<timestamp>259.146199</timestamp>
			</report>
			<report>
				<misses>1996001</misses>
				<total>814921</total>
				<timestamp>259.276076</timestamp>
			</report>
			<report>
				<misses>1997001</misses>
				<total>814921</total>
				<timestamp>259.405958</timestamp>
			</report>
			<report>
				<misses>1998001</misses>
				<total>814921</total>
				<timestamp>259.535847</timestamp>
			</report>
			<report>
				<misses>1999001</misses>
				<total>814921</total>
				<timestamp>259.665764</timestamp>
			</report>
			<report>
				<misses>2000001</misses>
				<total>814922</total>
				<timestamp>259.795748</timestamp>
			</report>
			<report>
				<misses>2001001</misses>
				<total>814922</total>
				<timestamp>259.925624</timestamp>
			</report>
			<report>
				<misses>2002001</misses>
				<total>814922</total>
				<timestamp>260.055487</timestamp>
			</report>
			<report>
				<misses>2003001</misses>
				<total>814926</total>
				<timestamp>260.185356</timestamp>
			</report>
			<report>
				<misses>2004001</misses>
				<total>814926</total>
				<timestamp>260.315203</timestamp>
			</report>
			<report>
				<misses>2005001</misses>
				<total>814926</total>
				<timestamp>260.445022</timestamp>
			</report>
			<report>
				<misses>2006001</misses>
				<total>814926</total>
				<timestamp>260.575009</timestamp>
			</report>
			<report>
				<misses>2007001</misses>
				<total>814926</total>
				<timestamp>260.704947</timestamp>
			</report>
			<report>
				<misses>2008001</misses>
				<total>814926</total>
				<timestamp>260.834816</timestamp>
			</report>
			<report>
				<misses>2009001</misses>
				<total>814926</total>
				<timestamp>260.964760</timestamp>
			</report>
			<report>
				<misses>2010001</misses>
				<total>814926</total>
				<timestamp>261.094728</timestamp>
			</report>
			<report>
				<misses>2011001</misses>
				<total>814926</total>
				<timestamp>261.224785</timestamp>
			</report>
			<report>
				<misses>2012001</misses>
				<total>814926</total>
				<timestamp>261.354798</timestamp>
			</report>
			<report>
				<misses>2013001</misses>
				<total>814926</total>
				<timestamp>261.484735</timestamp>
			</report>
			<report>
				<misses>2014001</misses>
				<total>814926</total>
				<timestamp>261.614742</timestamp>
			</report>
			<report>
				<misses>2015001</misses>
				<total>814926</total>
				<timestamp>261.744701</timestamp>
			</report>
			<report>
				<misses>2016001</misses>
				<total>814926</total>
				<timestamp>261.874511</timestamp>
			</report>
			<report>
				<misses>2017001</misses>
				<total>814926</total>
				<timestamp>262.004506</timestamp>
			</report>
			<report>
				<misses>2018001</misses>
				<total>814931</total>
				<timestamp>262.134408</timestamp>
			</report>
			<report>
				<misses>2019001</misses>
				<total>814931</total>
				<timestamp>262.264301</timestamp>
			</report>
			<report>
				<misses>2020001</misses>
				<total>814931</total>
				<timestamp>262.394201</timestamp>
			</report>
			<report>
				<misses>2021001</misses>
				<total>814931</total>
				<timestamp>262.524020</timestamp>
			</report>
			<report>
				<misses>2022001</misses>
				<total>814931</total>
				<timestamp>262.653869</timestamp>
			</report>
			<report>
				<misses>2023001</misses>
				<total>814931</total>
				<timestamp>262.783833</timestamp>
			</report>
			<report>
				<misses>2024001</misses>
				<total>814931</total>
				<timestamp>262.913792</timestamp>
			</report>
			<report>
				<misses>2025001</misses>
				<total>814931</total>
				<timestamp>263.043618</timestamp>
			</report>
			<report>
				<misses>2026001</misses>
				<total>814931</total>
				<timestamp>263.173476</timestamp>
			</report>
			<report>
				<misses>2027001</misses>
				<total>814931</total>
				<timestamp>263.303373</timestamp>
			</report>
			<report>
				<misses>2028001</misses>
				<total>814931</total>
				<timestamp>263.433212</timestamp>
			</report>
			<report>
				<misses>2029001</misses>
				<total>814931</total>
				<timestamp>263.563134</timestamp>
			</report>
			<report>
				<misses>2030001</misses>
				<total>814931</total>
				<timestamp>263.692962</timestamp>
			</report>
			<report>
				<misses>2031001</misses>
				<total>814931</total>
				<timestamp>263.822877</timestamp>
			</report>
			<report>
				<misses>2032001</misses>
				<total>814930</total>
				<timestamp>263.952831</timestamp>
			</report>
			<report>
				<misses>2033001</misses>
				<total>814931</total>
				<timestamp>264.082816</timestamp>
			</report>
			<report>
				<misses>2034001</misses>
				<total>814931</total>
				<timestamp>264.212759</timestamp>
			</report>
			<report>
				<misses>2035001</misses>
				<total>814931</total>
				<timestamp>264.342953</timestamp>
			</report>
			<report>
				<misses>2036001</misses>
				<total>814931</total>
				<timestamp>264.472859</timestamp>
			</report>
			<report>
				<misses>2037001</misses>
				<total>814932</total>
				<timestamp>264.602718</timestamp>
			</report>
			<report>
				<misses>2038001</misses>
				<total>814932</total>
				<timestamp>264.732626</timestamp>
			</report>
			<report>
				<misses>2039001</misses>
				<total>814933</total>
				<timestamp>264.862480</timestamp>
			</report>
			<report>
				<misses>2040001</misses>
				<total>814933</total>
				<timestamp>264.992291</timestamp>
			</report>
			<report>
				<misses>2041001</misses>
				<total>814933</total>
				<timestamp>265.122168</timestamp>
			</report>
			<report>
				<misses>2042001</misses>
				<total>814932</total>
				<timestamp>265.252056</timestamp>
			</report>
			<report>
				<misses>2043001</misses>
				<total>814934</total>
				<timestamp>265.381961</timestamp>
			</report>
			<report>
				<misses>2044001</misses>
				<total>814933</total>
				<timestamp>265.511869</timestamp>
			</report>
			<report>
				<misses>2045001</misses>
				<total>814933</total>
				<timestamp>265.641919</timestamp>
			</report>
			<report>
				<misses>2046001</misses>
				<total>814933</total>
				<timestamp>265.771931</timestamp>
			</report>
			<report>
				<misses>2047001</misses>
				<total>814934</total>
				<timestamp>265.901826</timestamp>
			</report>
			<report>
				<misses>2048001</misses>
				<total>814933</total>
				<timestamp>266.031736</timestamp>
			</report>
			<report>
				<misses>2049001</misses>
				<total>814938</total>
				<timestamp>266.161814</timestamp>
			</report>
			<report>
				<misses>2050001</misses>
				<total>814938</total>
				<timestamp>266.291934</timestamp>
			</report>
			<report>
				<misses>2051001</misses>
				<total>814937</total>
				<timestamp>266.421861</timestamp>
			</report>
			<report>
				<misses>2052001</misses>
				<total>814938</total>
				<timestamp>266.551731</timestamp>
			</report>
			<report>
				<misses>2053001</misses>
				<total>814938</total>
				<timestamp>266.681931</timestamp>
			</report>
			<report>
				<misses>2054001</misses>
				<total>814939</total>
				<timestamp>266.811863</timestamp>
			</report>
			<report>
				<misses>2055001</misses>
				<total>814939</total>
				<timestamp>266.941895</timestamp>
			</report>
			<report>
				<misses>2056001</misses>
				<total>814939</total>
				<timestamp>267.071812</timestamp>
			</report>
			<report>
				<misses>2057001</misses>
				<total>814939</total>
				<timestamp>267.201757</timestamp>
			</report>
			<report>
				<misses>2058001</misses>
				<total>814939</total>
				<timestamp>267.331727</timestamp>
			</report>
			<report>
				<misses>2059001</misses>
				<total>814939</total>
				<timestamp>267.461667</timestamp>
			</report>
			<report>
				<misses>2060001</misses>
				<total>814939</total>
				<timestamp>267.591551</timestamp>
			</report>
			<report>
				<misses>2061001</misses>
				<total>814939</total>
				<timestamp>267.721373</timestamp>
			</report>
			<report>
				<misses>2062001</misses>
				<total>814939</total>
				<timestamp>267.851265</timestamp>
			</report>
			<report>
				<misses>2063001</misses>
				<total>814939</total>
				<timestamp>267.981136</timestamp>
			</report>
			<report>
				<misses>2064001</misses>
				<total>814945</total>
				<timestamp>268.111008</timestamp>
			</report>
			<report>
				<misses>2065001</misses>
				<total>814945</total>
				<timestamp>268.240928</timestamp>
			</report>
			<report>
				<misses>2066001</misses>
				<total>814945</total>
				<timestamp>268.370858</timestamp>
			</report>
			<report>
				<misses>2067001</misses>
				<total>814945</total>
				<timestamp>268.500857</timestamp>
			</report>
			<report>
				<misses>2068001</misses>
				<total>814945</total>
				<timestamp>268.630796</timestamp>
			</report>
			<report>
				<misses>2069001</misses>
				<total>814945</total>
				<timestamp>268.760632</timestamp>
			</report>
			<report>
				<misses>2070001</misses>
				<total>814945</total>
				<timestamp>268.890532</timestamp>
			</report>
			<report>
				<misses>2071001</misses>
				<total>814945</total>
				<timestamp>269.020392</timestamp>
			</report>
			<report>
				<misses>2072001</misses>
				<total>814945</total>
				<timestamp>269.150212</timestamp>
			</report>
			<report>
				<misses>2073001</misses>
				<total>814945</total>
				<timestamp>269.280078</timestamp>
			</report>
			<report>
				<misses>2074001</misses>
				<total>814945</total>
				<timestamp>269.410047</timestamp>
			</report>
			<report>
				<misses>2075001</misses>
				<total>814945</total>
				<timestamp>269.539987</timestamp>
			</report>
			<report>
				<misses>2076001</misses>
				<total>814945</total>
				<timestamp>269.669910</timestamp>
			</report>
			<report>
				<misses>2077001</misses>
				<total>814945</total>
				<timestamp>269.799875</timestamp>
			</report>
			<report>
				<misses>2078001</misses>
				<total>814945</total>
				<timestamp>269.929740</timestamp>
			</report>
			<report>
				<misses>2079001</misses>
				<total>814945</total>
				<timestamp>270.059579</timestamp>
			</report>
			<report>
				<misses>2080001</misses>
				<total>814945</total>
				<timestamp>270.189534</timestamp>
			</report>
			<report>
				<misses>2081001</misses>
				<total>814945</total>
				<timestamp>270.319537</timestamp>
			</report>
			<report>
				<misses>2082001</misses>
				<total>814945</total>
				<timestamp>270.449499</timestamp>
			</report>
			<report>
				<misses>2083001</misses>
				<total>814945</total>
				<timestamp>270.579306</timestamp>
			</report>
			<report>
				<misses>2084001</misses>
				<total>814945</total>
				<timestamp>270.709188</timestamp>
			</report>
			<report>
				<misses>2085001</misses>
				<total>814945</total>
				<timestamp>270.839069</timestamp>
			</report>
			<report>
				<misses>2086001</misses>
				<total>814945</total>
				<timestamp>270.968937</timestamp>
			</report>
			<report>
				<misses>2087001</misses>
				<total>814946</total>
				<timestamp>271.098809</timestamp>
			</report>
			<report>
				<misses>2088001</misses>
				<total>814945</total>
				<timestamp>271.228764</timestamp>
			</report>
			<report>
				<misses>2089001</misses>
				<total>814945</total>
				<timestamp>271.358729</timestamp>
			</report>
			<report>
				<misses>2090001</misses>
				<total>814945</total>
				<timestamp>271.488637</timestamp>
			</report>
			<report>
				<misses>2091001</misses>
				<total>814945</total>
				<timestamp>271.618588</timestamp>
			</report>
			<report>
				<misses>2092001</misses>
				<total>814945</total>
				<timestamp>271.748390</timestamp>
			</report>
			<report>
				<misses>2093001</misses>
				<total>814945</total>
				<timestamp>271.878262</timestamp>
			</report>
			<report>
				<misses>2094001</misses>
				<total>814945</total>
				<timestamp>272.008166</timestamp>
			</report>
			<report>
				<misses>2095001</misses>
				<total>814945</total>
				<timestamp>272.138025</timestamp>
			</report>
			<report>
				<misses>2096001</misses>
				<total>814945</total>
				<timestamp>272.267895</timestamp>
			</report>
			<report>
				<misses>2097001</misses>
				<total>814945</total>
				<timestamp>272.397867</timestamp>
			</report>
			<report>
				<misses>2098001</misses>
				<total>814945</total>
				<timestamp>272.527863</timestamp>
			</report>
			<report>
				<misses>2099001</misses>
				<total>814945</total>
				<timestamp>272.657792</timestamp>
			</report>
			<report>
				<misses>2100001</misses>
				<total>814945</total>
				<timestamp>272.787747</timestamp>
			</report>
			<report>
				<misses>2101001</misses>
				<total>814945</total>
				<timestamp>272.917694</timestamp>
			</report>
			<report>
				<misses>2102001</misses>
				<total>814945</total>
				<timestamp>273.047531</timestamp>
			</report>
			<report>
				<misses>2103001</misses>
				<total>814945</total>
				<timestamp>273.177365</timestamp>
			</report>
			<report>
				<misses>2104001</misses>
				<total>814945</total>
				<timestamp>273.307251</timestamp>
			</report>
			<report>
				<misses>2105001</misses>
				<total>814945</total>
				<timestamp>273.437106</timestamp>
			</report>
			<report>
				<misses>2106001</misses>
				<total>814945</total>
				<timestamp>273.566975</timestamp>
			</report>
			<report>
				<misses>2107001</misses>
				<total>814945</total>
				<timestamp>273.696868</timestamp>
			</report>
			<report>
				<misses>2108001</misses>
				<total>814945</total>
				<timestamp>273.826845</timestamp>
			</report>
			<report>
				<misses>2109001</misses>
				<total>814944</total>
				<timestamp>273.956842</timestamp>
			</report>
			<report>
				<misses>2110001</misses>
				<total>814945</total>
				<timestamp>274.086823</timestamp>
			</report>
			<report>
				<misses>2111001</misses>
				<total>814950</total>
				<timestamp>274.216787</timestamp>
			</report>
			<report>
				<misses>2112001</misses>
				<total>814950</total>
				<timestamp>274.346680</timestamp>
			</report>
			<report>
				<misses>2113001</misses>
				<total>814950</total>
				<timestamp>274.476688</timestamp>
			</report>
			<report>
				<misses>2114001</misses>
				<total>814950</total>
				<timestamp>274.606706</timestamp>
			</report>
			<report>
				<misses>2115001</misses>
				<total>814950</total>
				<timestamp>274.736727</timestamp>
			</report>
			<report>
				<misses>2116001</misses>
				<total>814952</total>
				<timestamp>274.866676</timestamp>
			</report>
			<report>
				<misses>2117001</misses>
				<total>814954</total>
				<timestamp>274.996679</timestamp>
			</report>
			<report>
				<misses>2118001</misses>
				<total>814954</total>
				<timestamp>275.126675</timestamp>
			</report>
			<report>
				<misses>2119001</misses>
				<total>814954</total>
				<timestamp>275.256660</timestamp>
			</report>
			<report>
				<misses>2120001</misses>
				<total>814954</total>
				<timestamp>275.386701</timestamp>
			</report>
			<report>
				<misses>2121001</misses>
				<total>814954</total>
				<timestamp>275.516637</timestamp>
			</report>
			<report>
				<misses>2122001</misses>
				<total>814954</total>
				<timestamp>275.646450</timestamp>
			</report>
			<report>
				<misses>2123001</misses>
				<total>814954</total>
				<timestamp>275.776330</timestamp>
			</report>
			<report>
				<misses>2124001</misses>
				<total>814954</total>
				<timestamp>275.906198</timestamp>
			</report>
			<report>
				<misses>2125001</misses>
				<total>814954</total>
				<timestamp>276.036066</timestamp>
			</report>
			<report>
				<misses>2126001</misses>
				<total>814954</total>
				<timestamp>276.165948</timestamp>
			</report>
			<report>
				<misses>2127001</misses>
				<total>814954</total>
				<timestamp>276.295817</timestamp>
			</report>
			<report>
				<misses>2128001</misses>
				<total>814954</total>
				<timestamp>276.425724</timestamp>
			</report>
			<report>
				<misses>2129001</misses>
				<total>814954</total>
				<timestamp>276.555659</timestamp>
			</report>
			<report>
				<misses>2130001</misses>
				<total>814954</total>
				<timestamp>276.685632</timestamp>
			</report>
			<report>
				<misses>2131001</misses>
				<total>814954</total>
				<timestamp>276.815662</timestamp>
			</report>
			<report>
				<misses>2132001</misses>
				<total>814954</total>
				<timestamp>276.945615</timestamp>
			</report>
			<report>
				<misses>2133001</misses>
				<total>814954</total>
				<timestamp>277.075512</timestamp>
			</report>
			<report>
				<misses>2134001</misses>
				<total>814954</total>
				<timestamp>277.205411</timestamp>
			</report>
			<report>
				<misses>2135001</misses>
				<total>814954</total>
				<timestamp>277.335283</timestamp>
			</report>
			<report>
				<misses>2136001</misses>
				<total>814954</total>
				<timestamp>277.465257</timestamp>
			</report>
			<report>
				<misses>2137001</misses>
				<total>814954</total>
				<timestamp>277.595225</timestamp>
			</report>
			<report>
				<misses>2138001</misses>
				<total>814954</total>
				<timestamp>277.725019</timestamp>
			</report>
			<report>
				<misses>2139001</misses>
				<total>814954</total>
				<timestamp>277.854909</timestamp>
			</report>
			<report>
				<misses>2140001</misses>
				<total>814953</total>
				<timestamp>277.984841</timestamp>
			</report>
			<report>
				<misses>2141001</misses>
				<total>814954</total>
				<timestamp>278.114888</timestamp>
			</report>
			<report>
				<misses>2142001</misses>
				<total>814954</total>
				<timestamp>278.244849</timestamp>
			</report>
			<report>
				<misses>2143001</misses>
				<total>814954</total>
				<timestamp>278.374803</timestamp>
			</report>
			<report>
				<misses>2144001</misses>
				<total>814954</total>
				<timestamp>278.504703</timestamp>
			</report>
			<report>
				<misses>2145001</misses>
				<total>814954</total>
				<timestamp>278.634525</timestamp>
			</report>
			<report>
				<misses>2146001</misses>
				<total>814954</total>
				<timestamp>278.764369</timestamp>
			</report>
			<report>
				<misses>2147001</misses>
				<total>814954</total>
				<timestamp>278.894236</timestamp>
			</report>
			<report>
				<misses>2148001</misses>
				<total>814954</total>
				<timestamp>279.024115</timestamp>
			</report>
			<report>
				<misses>2149001</misses>
				<total>814954</total>
				<timestamp>279.154016</timestamp>
			</report>
			<report>
				<misses>2150001</misses>
				<total>814956</total>
				<timestamp>279.283843</timestamp>
			</report>
			<report>
				<misses>2151001</misses>
				<total>814956</total>
				<timestamp>279.413793</timestamp>
			</report>
			<report>
				<misses>2152001</misses>
				<total>814956</total>
				<timestamp>279.543687</timestamp>
			</report>
			<report>
				<misses>2153001</misses>
				<total>814957</total>
				<timestamp>279.673686</timestamp>
			</report>
			<report>
				<misses>2154001</misses>
				<total>814957</total>
				<timestamp>279.803682</timestamp>
			</report>
			<report>
				<misses>2155001</misses>
				<total>814957</total>
				<timestamp>279.933634</timestamp>
			</report>
			<report>
				<misses>2156001</misses>
				<total>814957</total>
				<timestamp>280.063492</timestamp>
			</report>
			<report>
				<misses>2157001</misses>
				<total>814957</total>
				<timestamp>280.193348</timestamp>
			</report>
			<report>
				<misses>2158001</misses>
				<total>814957</total>
				<timestamp>280.323204</timestamp>
			</report>
			<report>
				<misses>2159001</misses>
				<total>814957</total>
				<timestamp>280.453083</timestamp>
			</report>
			<report>
				<misses>2160001</misses>
				<total>814957</total>
				<timestamp>280.582956</timestamp>
			</report>
			<report>
				<misses>2161001</misses>
				<total>814956</total>
				<timestamp>280.712848</timestamp>
			</report>
			<report>
				<misses>2162001</misses>
				<total>814956</total>
				<timestamp>280.842739</timestamp>
			</report>
			<report>
				<misses>2163001</misses>
				<total>814957</total>
				<timestamp>280.972633</timestamp>
			</report>
			<report>
				<misses>2164001</misses>
				<total>814959</total>
				<timestamp>281.102640</timestamp>
			</report>
			<report>
				<misses>2165001</misses>
				<total>814959</total>
				<timestamp>281.232625</timestamp>
			</report>
			<report>
				<misses>2166001</misses>
				<total>814959</total>
				<timestamp>281.362479</timestamp>
			</report>
			<report>
				<misses>2167001</misses>
				<total>814959</total>
				<timestamp>281.492292</timestamp>
			</report>
			<report>
				<misses>2168001</misses>
				<total>814959</total>
				<timestamp>281.622165</timestamp>
			</report>
			<report>
				<misses>2169001</misses>
				<total>814959</total>
				<timestamp>281.752046</timestamp>
			</report>
			<report>
				<misses>2170001</misses>
				<total>814959</total>
				<timestamp>281.881912</timestamp>
			</report>
			<report>
				<misses>2171001</misses>
				<total>814959</total>
				<timestamp>282.011826</timestamp>
			</report>
			<report>
				<misses>2172001</misses>
				<total>814959</total>
				<timestamp>282.141691</timestamp>
			</report>
			<report>
				<misses>2173001</misses>
				<total>814959</total>
				<timestamp>282.271601</timestamp>
			</report>
			<report>
				<misses>2174001</misses>
				<total>814959</total>
				<timestamp>282.401614</timestamp>
			</report>
			<report>
				<misses>2175001</misses>
				<total>814959</total>
				<timestamp>282.531620</timestamp>
			</report>
			<report>
				<misses>2176001</misses>
				<total>814959</total>
				<timestamp>282.661534</timestamp>
			</report>
			<report>
				<misses>2177001</misses>
				<total>814959</total>
				<timestamp>282.791426</timestamp>
			</report>
			<report>
				<misses>2178001</misses>
				<total>814959</total>
				<timestamp>282.921252</timestamp>
			</report>
			<report>
				<misses>2179001</misses>
				<total>814959</total>
				<timestamp>283.051143</timestamp>
			</report>
			<report>
				<misses>2180001</misses>
				<total>814959</total>
				<timestamp>283.180999</timestamp>
			</report>
			<report>
				<misses>2181001</misses>
				<total>814959</total>
				<timestamp>283.310908</timestamp>
			</report>
			<report>
				<misses>2182001</misses>
				<total>814960</total>
				<timestamp>283.440742</timestamp>
			</report>
			<report>
				<misses>2183001</misses>
				<total>814959</total>
				<timestamp>283.570862</timestamp>
			</report>
			<report>
				<misses>2184001</misses>
				<total>814959</total>
				<timestamp>283.700763</timestamp>
			</report>
			<report>
				<misses>2185001</misses>
				<total>814959</total>
				<timestamp>283.830657</timestamp>
			</report>
			<report>
				<misses>2186001</misses>
				<total>814959</total>
				<timestamp>283.960501</timestamp>
			</report>
			<report>
				<misses>2187001</misses>
				<total>814962</total>
				<timestamp>284.090338</timestamp>
			</report>
			<report>
				<misses>2188001</misses>
				<total>814962</total>
				<timestamp>284.220210</timestamp>
			</report>
			<report>
				<misses>2189001</misses>
				<total>814962</total>
				<timestamp>284.350080</timestamp>
			</report>
			<report>
				<misses>2190001</misses>
				<total>814964</total>
				<timestamp>284.479957</timestamp>
			</report>
			<report>
				<misses>2191001</misses>
				<total>814964</total>
				<timestamp>284.609814</timestamp>
			</report>
			<report>
				<misses>2192001</misses>
				<total>814964</total>
				<timestamp>284.739748</timestamp>
			</report>
			<report>
				<misses>2193001</misses>
				<total>814964</total>
				<timestamp>284.869630</timestamp>
			</report>
			<report>
				<misses>2194001</misses>
				<total>814965</total>
				<timestamp>284.999648</timestamp>
			</report>
			<report>
				<misses>2195001</misses>
				<total>814965</total>
				<timestamp>285.129619</timestamp>
			</report>
			<report>
				<misses>2196001</misses>
				<total>814965</total>
				<timestamp>285.259495</timestamp>
			</report>
			<report>
				<misses>2197001</misses>
				<total>814965</total>
				<timestamp>285.389751</timestamp>
			</report>
			<report>
				<misses>2198001</misses>
				<total>814965</total>
				<timestamp>285.519612</timestamp>
			</report>
			<report>
				<misses>2199001</misses>
				<total>814967</total>
				<timestamp>285.649437</timestamp>
			</report>
			<report>
				<misses>2200001</misses>
				<total>814967</total>
				<timestamp>285.779316</timestamp>
			</report>
			<report>
				<misses>2201001</misses>
				<total>814967</total>
				<timestamp>285.909485</timestamp>
			</report>
			<report>
				<misses>2202001</misses>
				<total>814967</total>
				<timestamp>286.039313</timestamp>
			</report>
			<report>
				<misses>2203001</misses>
				<total>814967</total>
				<timestamp>286.169191</timestamp>
			</report>
			<report>
				<misses>2204001</misses>
				<total>814967</total>
				<timestamp>286.299059</timestamp>
			</report>
			<report>
				<misses>2205001</misses>
				<total>814967</total>
				<timestamp>286.428944</timestamp>
			</report>
			<report>
				<misses>2206001</misses>
				<total>814967</total>
				<timestamp>286.558811</timestamp>
			</report>
			<report>
				<misses>2207001</misses>
				<total>814967</total>
				<timestamp>286.688716</timestamp>
			</report>
			<report>
				<misses>2208001</misses>
				<total>814967</total>
				<timestamp>286.818615</timestamp>
			</report>
			<report>
				<misses>2209001</misses>
				<total>814967</total>
				<timestamp>286.948575</timestamp>
			</report>
			<report>
				<misses>2210001</misses>
				<total>814967</total>
				<timestamp>287.078397</timestamp>
			</report>
			<report>
				<misses>2211001</misses>
				<total>814967</total>
				<timestamp>287.208270</timestamp>
			</report>
			<report>
				<misses>2212001</misses>
				<total>814967</total>
				<timestamp>287.338129</timestamp>
			</report>
			<report>
				<misses>2213001</misses>
				<total>814967</total>
				<timestamp>287.467999</timestamp>
			</report>
			<report>
				<misses>2214001</misses>
				<total>814969</total>
				<timestamp>287.597873</timestamp>
			</report>
			<report>
				<misses>2215001</misses>
				<total>814969</total>
				<timestamp>287.727814</timestamp>
			</report>
			<report>
				<misses>2216001</misses>
				<total>814968</total>
				<timestamp>287.857638</timestamp>
			</report>
			<report>
				<misses>2217001</misses>
				<total>814969</total>
				<timestamp>287.987584</timestamp>
			</report>
			<report>
				<misses>2218001</misses>
				<total>814969</total>
				<timestamp>288.117538</timestamp>
			</report>
			<report>
				<misses>2219001</misses>
				<total>814971</total>
				<timestamp>288.247353</timestamp>
			</report>
			<report>
				<misses>2220001</misses>
				<total>814971</total>
				<timestamp>288.377219</timestamp>
			</report>
			<report>
				<misses>2221001</misses>
				<total>814971</total>
				<timestamp>288.507094</timestamp>
			</report>
			<report>
				<misses>2222001</misses>
				<total>814971</total>
				<timestamp>288.636957</timestamp>
			</report>
			<report>
				<misses>2223001</misses>
				<total>814971</total>
				<timestamp>288.766830</timestamp>
			</report>
			<report>
				<misses>2224001</misses>
				<total>814971</total>
				<timestamp>288.896736</timestamp>
			</report>
			<report>
				<misses>2225001</misses>
				<total>814971</total>
				<timestamp>289.026694</timestamp>
			</report>
			<report>
				<misses>2226001</misses>
				<total>814971</total>
				<timestamp>289.156650</timestamp>
			</report>
			<report>
				<misses>2227001</misses>
				<total>814971</total>
				<timestamp>289.286478</timestamp>
			</report>
			<report>
				<misses>2228001</misses>
				<total>814971</total>
				<timestamp>289.416314</timestamp>
			</report>
			<report>
				<misses>2229001</misses>
				<total>814971</total>
				<timestamp>289.546187</timestamp>
			</report>
			<report>
				<misses>2230001</misses>
				<total>814971</total>
				<timestamp>289.676053</timestamp>
			</report>
			<report>
				<misses>2231001</misses>
				<total>814971</total>
				<timestamp>289.805929</timestamp>
			</report>
			<report>
				<misses>2232001</misses>
				<total>814971</total>
				<timestamp>289.935828</timestamp>
			</report>
			<report>
				<misses>2233001</misses>
				<total>814971</total>
				<timestamp>290.065780</timestamp>
			</report>
			<report>
				<misses>2234001</misses>
				<total>814971</total>
				<timestamp>290.195766</timestamp>
			</report>
			<report>
				<misses>2235001</misses>
				<total>814971</total>
				<timestamp>290.325785</timestamp>
			</report>
			<report>
				<misses>2236001</misses>
				<total>814971</total>
				<timestamp>290.455724</timestamp>
			</report>
			<report>
				<misses>2237001</misses>
				<total>814971</total>
				<timestamp>290.585579</timestamp>
			</report>
			<report>
				<misses>2238001</misses>
				<total>814971</total>
				<timestamp>290.715401</timestamp>
			</report>
			<report>
				<misses>2239001</misses>
				<total>814971</total>
				<timestamp>290.845276</timestamp>
			</report>
			<report>
				<misses>2240001</misses>
				<total>814971</total>
				<timestamp>290.975140</timestamp>
			</report>
			<report>
				<misses>2241001</misses>
				<total>814971</total>
				<timestamp>291.105012</timestamp>
			</report>
			<report>
				<misses>2242001</misses>
				<total>814971</total>
				<timestamp>291.234876</timestamp>
			</report>
			<report>
				<misses>2243001</misses>
				<total>814971</total>
				<timestamp>291.364795</timestamp>
			</report>
			<report>
				<misses>2244001</misses>
				<total>814970</total>
				<timestamp>291.494692</timestamp>
			</report>
			<report>
				<misses>2245001</misses>
				<total>814971</total>
				<timestamp>291.624613</timestamp>
			</report>
			<report>
				<misses>2246001</misses>
				<total>814971</total>
				<timestamp>291.754574</timestamp>
			</report>
			<report>
				<misses>2247001</misses>
				<total>814972</total>
				<timestamp>291.884595</timestamp>
			</report>
			<report>
				<misses>2248001</misses>
				<total>814972</total>
				<timestamp>292.014569</timestamp>
			</report>
			<report>
				<misses>2249001</misses>
				<total>814975</total>
				<timestamp>292.144367</timestamp>
			</report>
			<report>
				<misses>2250001</misses>
				<total>814981</total>
				<timestamp>292.274237</timestamp>
			</report>
			<report>
				<misses>2251001</misses>
				<total>814981</total>
				<timestamp>292.404096</timestamp>
			</report>
			<report>
				<misses>2252001</misses>
				<total>814981</total>
				<timestamp>292.534036</timestamp>
			</report>
			<report>
				<misses>2253001</misses>
				<total>814981</total>
				<timestamp>292.663828</timestamp>
			</report>
			<report>
				<misses>2254001</misses>
				<total>814981</total>
				<timestamp>292.793723</timestamp>
			</report>
			<report>
				<misses>2255001</misses>
				<total>814981</total>
				<timestamp>292.923624</timestamp>
			</report>
			<report>
				<misses>2256001</misses>
				<total>814981</total>
				<timestamp>293.053486</timestamp>
			</report>
			<report>
				<misses>2257001</misses>
				<total>814981</total>
				<timestamp>293.183322</timestamp>
			</report>
			<report>
				<misses>2258001</misses>
				<total>814981</total>
				<timestamp>293.313228</timestamp>
			</report>
			<report>
				<misses>2259001</misses>
				<total>814981</total>
				<timestamp>293.443059</timestamp>
			</report>
			<report>
				<misses>2260001</misses>
				<total>814981</total>
				<timestamp>293.572937</timestamp>
			</report>
			<report>
				<misses>2261001</misses>
				<total>814981</total>
				<timestamp>293.702798</timestamp>
			</report>
			<report>
				<misses>2262001</misses>
				<total>814981</total>
				<timestamp>293.832764</timestamp>
			</report>
			<report>
				<misses>2263001</misses>
				<total>814981</total>
				<timestamp>293.962746</timestamp>
			</report>
			<report>
				<misses>2264001</misses>
				<total>814981</total>
				<timestamp>294.092655</timestamp>
			</report>
			<report>
				<misses>2265001</misses>
				<total>814994</total>
				<timestamp>294.222617</timestamp>
			</report>
			<report>
				<misses>2266001</misses>
				<total>814994</total>
				<timestamp>294.352418</timestamp>
			</report>
			<report>
				<misses>2267001</misses>
				<total>814994</total>
				<timestamp>294.482277</timestamp>
			</report>
			<report>
				<misses>2268001</misses>
				<total>814994</total>
				<timestamp>294.612149</timestamp>
			</report>
			<report>
				<misses>2269001</misses>
				<total>814994</total>
				<timestamp>294.742018</timestamp>
			</report>
			<report>
				<misses>2270001</misses>
				<total>814995</total>
				<timestamp>294.871890</timestamp>
			</report>
			<report>
				<misses>2271001</misses>
				<total>814995</total>
				<timestamp>295.001772</timestamp>
			</report>
			<report>
				<misses>2272001</misses>
				<total>814995</total>
				<timestamp>295.131752</timestamp>
			</report>
			<report>
				<misses>2273001</misses>
				<total>814995</total>
				<timestamp>295.261735</timestamp>
			</report>
			<report>
				<misses>2274001</misses>
				<total>814995</total>
				<timestamp>295.391672</timestamp>
			</report>
			<report>
				<misses>2275001</misses>
				<total>814995</total>
				<timestamp>295.521578</timestamp>
			</report>
			<report>
				<misses>2276001</misses>
				<total>814995</total>
				<timestamp>295.651367</timestamp>
			</report>
			<report>
				<misses>2277001</misses>
				<total>814995</total>
				<timestamp>295.781248</timestamp>
			</report>
			<report>
				<misses>2278001</misses>
				<total>814995</total>
				<timestamp>295.911136</timestamp>
			</report>
			<report>
				<misses>2279001</misses>
				<total>814995</total>
				<timestamp>296.040976</timestamp>
			</report>
			<report>
				<misses>2280001</misses>
				<total>814995</total>
				<timestamp>296.170855</timestamp>
			</report>
			<report>
				<misses>2281001</misses>
				<total>814995</total>
				<timestamp>296.300742</timestamp>
			</report>
			<report>
				<misses>2282001</misses>
				<total>814994</total>
				<timestamp>296.430689</timestamp>
			</report>
			<report>
				<misses>2283001</misses>
				<total>814995</total>
				<timestamp>296.560658</timestamp>
			</report>
			<report>
				<misses>2284001</misses>
				<total>814995</total>
				<timestamp>296.690539</timestamp>
			</report>
			<report>
				<misses>2285001</misses>
				<total>814995</total>
				<timestamp>296.820331</timestamp>
			</report>
			<report>
				<misses>2286001</misses>
				<total>814995</total>
				<timestamp>296.950205</timestamp>
			</report>
			<report>
				<misses>2287001</misses>
				<total>814995</total>
				<timestamp>297.080085</timestamp>
			</report>
			<report>
				<misses>2288001</misses>
				<total>814995</total>
				<timestamp>297.209945</timestamp>
			</report>
			<report>
				<misses>2289001</misses>
				<total>814995</total>
				<timestamp>297.339833</timestamp>
			</report>
			<report>
				<misses>2290001</misses>
				<total>814995</total>
				<timestamp>297.469701</timestamp>
			</report>
			<report>
				<misses>2291001</misses>
				<total>814995</total>
				<timestamp>297.599573</timestamp>
			</report>
			<report>
				<misses>2292001</misses>
				<total>814995</total>
				<timestamp>297.729524</timestamp>
			</report>
			<report>
				<misses>2293001</misses>
				<total>814995</total>
				<timestamp>297.859502</timestamp>
			</report>
			<report>
				<misses>2294001</misses>
				<total>814995</total>
				<timestamp>297.989281</timestamp>
			</report>
			<report>
				<misses>2295001</misses>
				<total>814995</total>
				<timestamp>298.119168</timestamp>
			</report>
			<report>
				<misses>2296001</misses>
				<total>814995</total>
				<timestamp>298.249049</timestamp>
			</report>
			<report>
				<misses>2297001</misses>
				<total>814995</total>
				<timestamp>298.378933</timestamp>
			</report>
			<report>
				<misses>2298001</misses>
				<total>814995</total>
				<timestamp>298.508772</timestamp>
			</report>
			<report>
				<misses>2299001</misses>
				<total>815002</total>
				<timestamp>298.638667</timestamp>
			</report>
			<report>
				<misses>2300001</misses>
				<total>815002</total>
				<timestamp>298.768563</timestamp>
			</report>
			<report>
				<misses>2301001</misses>
				<total>815003</total>
				<timestamp>298.898383</timestamp>
			</report>
			<report>
				<misses>2302001</misses>
				<total>815003</total>
				<timestamp>299.028254</timestamp>
			</report>
			<report>
				<misses>2303001</misses>
				<total>815003</total>
				<timestamp>299.158118</timestamp>
			</report>
			<report>
				<misses>2304001</misses>
				<total>815003</total>
				<timestamp>299.287985</timestamp>
			</report>
			<report>
				<misses>2305001</misses>
				<total>815003</total>
				<timestamp>299.417850</timestamp>
			</report>
			<report>
				<misses>2306001</misses>
				<total>815004</total>
				<timestamp>299.547823</timestamp>
			</report>
			<report>
				<misses>2307001</misses>
				<total>815004</total>
				<timestamp>299.677806</timestamp>
			</report>
			<report>
				<misses>2308001</misses>
				<total>815004</total>
				<timestamp>299.807637</timestamp>
			</report>
			<report>
				<misses>2309001</misses>
				<total>815004</total>
				<timestamp>299.937524</timestamp>
			</report>
			<report>
				<misses>2310001</misses>
				<total>815005</total>
				<timestamp>300.067343</timestamp>
			</report>
			<report>
				<misses>2311001</misses>
				<total>815005</total>
				<timestamp>300.197237</timestamp>
			</report>
			<report>
				<misses>2312001</misses>
				<total>815007</total>
				<timestamp>300.327077</timestamp>
			</report>
			<report>
				<misses>2313001</misses>
				<total>815006</total>
				<timestamp>300.456987</timestamp>
			</report>
			<report>
				<misses>2314001</misses>
				<total>815007</total>
				<timestamp>300.586805</timestamp>
			</report>
			<report>
				<misses>2315001</misses>
				<total>815008</total>
				<timestamp>300.716695</timestamp>
			</report>
			<report>
				<misses>2316001</misses>
				<total>815007</total>
				<timestamp>300.846725</timestamp>
			</report>
			<report>
				<misses>2317001</misses>
				<total>815007</total>
				<timestamp>300.976641</timestamp>
			</report>
			<report>
				<misses>2318001</misses>
				<total>815008</total>
				<timestamp>301.106632</timestamp>
			</report>
			<report>
				<misses>2319001</misses>
				<total>815008</total>
				<timestamp>301.236527</timestamp>
			</report>
			<report>
				<misses>2320001</misses>
				<total>815014</total>
				<timestamp>301.366557</timestamp>
			</report>
			<report>
				<misses>2321001</misses>
				<total>815014</total>
				<timestamp>301.496518</timestamp>
			</report>
			<report>
				<misses>2322001</misses>
				<total>815014</total>
				<timestamp>301.626500</timestamp>
			</report>
			<report>
				<misses>2323001</misses>
				<total>815014</total>
				<timestamp>301.756296</timestamp>
			</report>
			<report>
				<misses>2324001</misses>
				<total>815014</total>
				<timestamp>301.886183</timestamp>
			</report>
			<report>
				<misses>2325001</misses>
				<total>815017</total>
				<timestamp>302.016039</timestamp>
			</report>
			<report>
				<misses>2326001</misses>
				<total>815017</total>
				<timestamp>302.145909</timestamp>
			</report>
			<report>
				<misses>2327001</misses>
				<total>815018</total>
				<timestamp>302.275767</timestamp>
			</report>
			<report>
				<misses>2328001</misses>
				<total>815018</total>
				<timestamp>302.405677</timestamp>
			</report>
			<report>
				<misses>2329001</misses>
				<total>815018</total>
				<timestamp>302.535539</timestamp>
			</report>
			<report>
				<misses>2330001</misses>
				<total>815017</total>
				<timestamp>302.665530</timestamp>
			</report>
			<report>
				<misses>2331001</misses>
				<total>815018</total>
				<timestamp>302.795500</timestamp>
			</report>
			<report>
				<misses>2332001</misses>
				<total>815018</total>
				<timestamp>302.925480</timestamp>
			</report>
			<report>
				<misses>2333001</misses>
				<total>815018</total>
				<timestamp>303.055531</timestamp>
			</report>
			<report>
				<misses>2334001</misses>
				<total>815018</total>
				<timestamp>303.185527</timestamp>
			</report>
			<report>
				<misses>2335001</misses>
				<total>815018</total>
				<timestamp>303.315482</timestamp>
			</report>
			<report>
				<misses>2336001</misses>
				<total>815018</total>
				<timestamp>303.445479</timestamp>
			</report>
			<report>
				<misses>2337001</misses>
				<total>815018</total>
				<timestamp>303.575593</timestamp>
			</report>
			<report>
				<misses>2338001</misses>
				<total>815018</total>
				<timestamp>303.705420</timestamp>
			</report>
			<report>
				<misses>2339001</misses>
				<total>815018</total>
				<timestamp>303.835251</timestamp>
			</report>
			<report>
				<misses>2340001</misses>
				<total>815018</total>
				<timestamp>303.965137</timestamp>
			</report>
			<report>
				<misses>2341001</misses>
				<total>815024</total>
				<timestamp>304.095005</timestamp>
			</report>
			<report>
				<misses>2342001</misses>
				<total>815024</total>
				<timestamp>304.224909</timestamp>
			</report>
			<report>
				<misses>2343001</misses>
				<total>815024</total>
				<timestamp>304.354745</timestamp>
			</report>
			<report>
				<misses>2344001</misses>
				<total>815024</total>
				<timestamp>304.484680</timestamp>
			</report>
			<report>
				<misses>2345001</misses>
				<total>815025</total>
				<timestamp>304.614496</timestamp>
			</report>
			<report>
				<misses>2346001</misses>
				<total>815025</total>
				<timestamp>304.744355</timestamp>
			</report>
			<report>
				<misses>2347001</misses>
				<total>815025</total>
				<timestamp>304.874209</timestamp>
			</report>
			<report>
				<misses>2348001</misses>
				<total>815025</total>
				<timestamp>305.004088</timestamp>
			</report>
			<report>
				<misses>2349001</misses>
				<total>815025</total>
				<timestamp>305.133975</timestamp>
			</report>
			<report>
				<misses>2350001</misses>
				<total>815025</total>
				<timestamp>305.263827</timestamp>
			</report>
			<report>
				<misses>2351001</misses>
				<total>815025</total>
				<timestamp>305.393726</timestamp>
			</report>
			<report>
				<misses>2352001</misses>
				<total>815026</total>
				<timestamp>305.523659</timestamp>
			</report>
			<report>
				<misses>2353001</misses>
				<total>815026</total>
				<timestamp>305.653632</timestamp>
			</report>
			<report>
				<misses>2354001</misses>
				<total>815026</total>
				<timestamp>305.783517</timestamp>
			</report>
			<report>
				<misses>2355001</misses>
				<total>815026</total>
				<timestamp>305.913490</timestamp>
			</report>
			<report>
				<misses>2356001</misses>
				<total>815026</total>
				<timestamp>306.043322</timestamp>
			</report>
			<report>
				<misses>2357001</misses>
				<total>815026</total>
				<timestamp>306.173268</timestamp>
			</report>
			<report>
				<misses>2358001</misses>
				<total>815026</total>
				<timestamp>306.303177</timestamp>
			</report>
			<report>
				<misses>2359001</misses>
				<total>815026</total>
				<timestamp>306.433050</timestamp>
			</report>
			<report>
				<misses>2360001</misses>
				<total>815026</total>
				<timestamp>306.562932</timestamp>
			</report>
			<report>
				<misses>2361001</misses>
				<total>815027</total>
				<timestamp>306.692801</timestamp>
			</report>
			<report>
				<misses>2362001</misses>
				<total>815026</total>
				<timestamp>306.822691</timestamp>
			</report>
			<report>
				<misses>2363001</misses>
				<total>815026</total>
				<timestamp>306.952601</timestamp>
			</report>
			<report>
				<misses>2364001</misses>
				<total>815026</total>
				<timestamp>307.082495</timestamp>
			</report>
			<report>
				<misses>2365001</misses>
				<total>815026</total>
				<timestamp>307.212513</timestamp>
			</report>
			<report>
				<misses>2366001</misses>
				<total>815026</total>
				<timestamp>307.342458</timestamp>
			</report>
			<report>
				<misses>2367001</misses>
				<total>815026</total>
				<timestamp>307.472263</timestamp>
			</report>
			<report>
				<misses>2368001</misses>
				<total>815026</total>
				<timestamp>307.602132</timestamp>
			</report>
			<report>
				<misses>2369001</misses>
				<total>815026</total>
				<timestamp>307.731999</timestamp>
			</report>
			<report>
				<misses>2370001</misses>
				<total>815026</total>
				<timestamp>307.861880</timestamp>
			</report>
			<report>
				<misses>2371001</misses>
				<total>815027</total>
				<timestamp>307.991759</timestamp>
			</report>
			<report>
				<misses>2372001</misses>
				<total>815026</total>
				<timestamp>308.121671</timestamp>
			</report>
			<report>
				<misses>2373001</misses>
				<total>815027</total>
				<timestamp>308.251584</timestamp>
			</report>
			<report>
				<misses>2374001</misses>
				<total>815027</total>
				<timestamp>308.381518</timestamp>
			</report>
			<report>
				<misses>2375001</misses>
				<total>815027</total>
				<timestamp>308.511445</timestamp>
			</report>
			<report>
				<misses>2376001</misses>
				<total>815027</total>
				<timestamp>308.641485</timestamp>
			</report>
			<report>
				<misses>2377001</misses>
				<total>815027</total>
				<timestamp>308.771444</timestamp>
			</report>
			<report>
				<misses>2378001</misses>
				<total>815027</total>
				<timestamp>308.901377</timestamp>
			</report>
			<report>
				<misses>2379001</misses>
				<total>815027</total>
				<timestamp>309.031232</timestamp>
			</report>
			<report>
				<misses>2380001</misses>
				<total>815027</total>
				<timestamp>309.161106</timestamp>
			</report>
			<report>
				<misses>2381001</misses>
				<total>815027</total>
				<timestamp>309.290961</timestamp>
			</report>
			<report>
				<misses>2382001</misses>
				<total>815027</total>
				<timestamp>309.420851</timestamp>
			</report>
			<report>
				<misses>2383001</misses>
				<total>815027</total>
				<timestamp>309.550733</timestamp>
			</report>
			<report>
				<misses>2384001</misses>
				<total>815027</total>
				<timestamp>309.680592</timestamp>
			</report>
			<report>
				<misses>2385001</misses>
				<total>815028</total>
				<timestamp>309.810502</timestamp>
			</report>
			<report>
				<misses>2386001</misses>
				<total>815028</total>
				<timestamp>309.940332</timestamp>
			</report>
			<report>
				<misses>2387001</misses>
				<total>815028</total>
				<timestamp>310.070197</timestamp>
			</report>
			<report>
				<misses>2388001</misses>
				<total>815028</total>
				<timestamp>310.200059</timestamp>
			</report>
			<report>
				<misses>2389001</misses>
				<total>815028</total>
				<timestamp>310.329932</timestamp>
			</report>
			<report>
				<misses>2390001</misses>
				<total>815028</total>
				<timestamp>310.459801</timestamp>
			</report>
			<report>
				<misses>2391001</misses>
				<total>815028</total>
				<timestamp>310.589696</timestamp>
			</report>
			<report>
				<misses>2392001</misses>
				<total>815028</total>
				<timestamp>310.719596</timestamp>
			</report>
			<report>
				<misses>2393001</misses>
				<total>815028</total>
				<timestamp>310.849520</timestamp>
			</report>
			<report>
				<misses>2394001</misses>
				<total>815028</total>
				<timestamp>310.979498</timestamp>
			</report>
			<report>
				<misses>2395001</misses>
				<total>815028</total>
				<timestamp>311.109450</timestamp>
			</report>
			<report>
				<misses>2396001</misses>
				<total>815028</total>
				<timestamp>311.239276</timestamp>
			</report>
			<report>
				<misses>2397001</misses>
				<total>815028</total>
				<timestamp>311.369147</timestamp>
			</report>
			<report>
				<misses>2398001</misses>
				<total>815028</total>
				<timestamp>311.499013</timestamp>
			</report>
			<report>
				<misses>2399001</misses>
				<total>815028</total>
				<timestamp>311.628911</timestamp>
			</report>
			<report>
				<misses>2400001</misses>
				<total>815028</total>
				<timestamp>311.758769</timestamp>
			</report>
			<report>
				<misses>2401001</misses>
				<total>815027</total>
				<timestamp>311.888655</timestamp>
			</report>
			<report>
				<misses>2402001</misses>
				<total>815028</total>
				<timestamp>312.018782</timestamp>
			</report>
			<report>
				<misses>2403001</misses>
				<total>815029</total>
				<timestamp>312.148750</timestamp>
			</report>
			<report>
				<misses>2404001</misses>
				<total>815032</total>
				<timestamp>312.278631</timestamp>
			</report>
			<report>
				<misses>2405001</misses>
				<total>815032</total>
				<timestamp>312.408567</timestamp>
			</report>
			<report>
				<misses>2406001</misses>
				<total>815032</total>
				<timestamp>312.538504</timestamp>
			</report>
			<report>
				<misses>2407001</misses>
				<total>815032</total>
				<timestamp>312.668421</timestamp>
			</report>
			<report>
				<misses>2408001</misses>
				<total>815032</total>
				<timestamp>312.798270</timestamp>
			</report>
			<report>
				<misses>2409001</misses>
				<total>815032</total>
				<timestamp>312.928107</timestamp>
			</report>
			<report>
				<misses>2410001</misses>
				<total>815032</total>
				<timestamp>313.058015</timestamp>
			</report>
			<report>
				<misses>2411001</misses>
				<total>815032</total>
				<timestamp>313.187856</timestamp>
			</report>
			<report>
				<misses>2412001</misses>
				<total>815032</total>
				<timestamp>313.317727</timestamp>
			</report>
			<report>
				<misses>2413001</misses>
				<total>815032</total>
				<timestamp>313.447610</timestamp>
			</report>
			<report>
				<misses>2414001</misses>
				<total>815033</total>
				<timestamp>313.577560</timestamp>
			</report>
			<report>
				<misses>2415001</misses>
				<total>815033</total>
				<timestamp>313.707504</timestamp>
			</report>
			<report>
				<misses>2416001</misses>
				<total>815033</total>
				<timestamp>313.837412</timestamp>
			</report>
			<report>
				<misses>2417001</misses>
				<total>815035</total>
				<timestamp>313.967467</timestamp>
			</report>
			<report>
				<misses>2418001</misses>
				<total>815037</total>
				<timestamp>314.097417</timestamp>
			</report>
			<report>
				<misses>2419001</misses>
				<total>815037</total>
				<timestamp>314.227412</timestamp>
			</report>
			<report>
				<misses>2420001</misses>
				<total>815037</total>
				<timestamp>314.357353</timestamp>
			</report>
			<report>
				<misses>2421001</misses>
				<total>815037</total>
				<timestamp>314.487204</timestamp>
			</report>
			<report>
				<misses>2422001</misses>
				<total>815037</total>
				<timestamp>314.617066</timestamp>
			</report>
			<report>
				<misses>2423001</misses>
				<total>815037</total>
				<timestamp>314.746930</timestamp>
			</report>
			<report>
				<misses>2424001</misses>
				<total>815037</total>
				<timestamp>314.876847</timestamp>
			</report>
			<report>
				<misses>2425001</misses>
				<total>815037</total>
				<timestamp>315.006682</timestamp>
			</report>
			<report>
				<misses>2426001</misses>
				<total>815037</total>
				<timestamp>315.136589</timestamp>
			</report>
			<report>
				<misses>2427001</misses>
				<total>815037</total>
				<timestamp>315.266462</timestamp>
			</report>
			<report>
				<misses>2428001</misses>
				<total>815037</total>
				<timestamp>315.396297</timestamp>
			</report>
			<report>
				<misses>2429001</misses>
				<total>815037</total>
				<timestamp>315.526154</timestamp>
			</report>
			<report>
				<misses>2430001</misses>
				<total>815037</total>
				<timestamp>315.656030</timestamp>
			</report>
			<report>
				<misses>2431001</misses>
				<total>815037</total>
				<timestamp>315.785898</timestamp>
			</report>
			<report>
				<misses>2432001</misses>
				<total>815039</total>
				<timestamp>315.915757</timestamp>
			</report>
			<report>
				<misses>2433001</misses>
				<total>815045</total>
				<timestamp>316.045706</timestamp>
			</report>
			<report>
				<misses>2434001</misses>
				<total>815045</total>
				<timestamp>316.175555</timestamp>
			</report>
			<report>
				<misses>2435001</misses>
				<total>815045</total>
				<timestamp>316.305483</timestamp>
			</report>
			<report>
				<misses>2436001</misses>
				<total>815045</total>
				<timestamp>316.435404</timestamp>
			</report>
			<report>
				<misses>2437001</misses>
				<total>815045</total>
				<timestamp>316.565254</timestamp>
			</report>
			<report>
				<misses>2438001</misses>
				<total>815045</total>
				<timestamp>316.695127</timestamp>
			</report>
			<report>
				<misses>2439001</misses>
				<total>815045</total>
				<timestamp>316.824982</timestamp>
			</report>
			<report>
				<misses>2440001</misses>
				<total>815046</total>
				<timestamp>316.954851</timestamp>
			</report>
			<report>
				<misses>2441001</misses>
				<total>815045</total>
				<timestamp>317.084736</timestamp>
			</report>
			<report>
				<misses>2442001</misses>
				<total>815045</total>
				<timestamp>317.214722</timestamp>
			</report>
			<report>
				<misses>2443001</misses>
				<total>815045</total>
				<timestamp>317.344632</timestamp>
			</report>
			<report>
				<misses>2444001</misses>
				<total>815045</total>
				<timestamp>317.474540</timestamp>
			</report>
			<report>
				<misses>2445001</misses>
				<total>815045</total>
				<timestamp>317.604409</timestamp>
			</report>
			<report>
				<misses>2446001</misses>
				<total>815045</total>
				<timestamp>317.734210</timestamp>
			</report>
			<report>
				<misses>2447001</misses>
				<total>815045</total>
				<timestamp>317.864080</timestamp>
			</report>
			<report>
				<misses>2448001</misses>
				<total>815045</total>
				<timestamp>317.993951</timestamp>
			</report>
			<report>
				<misses>2449001</misses>
				<total>815046</total>
				<timestamp>318.123861</timestamp>
			</report>
			<report>
				<misses>2450001</misses>
				<total>815045</total>
				<timestamp>318.253679</timestamp>
			</report>
			<report>
				<misses>2451001</misses>
				<total>815045</total>
				<timestamp>318.383587</timestamp>
			</report>
			<report>
				<misses>2452001</misses>
				<total>815044</total>
				<timestamp>318.513516</timestamp>
			</report>
			<report>
				<misses>2453001</misses>
				<total>815045</total>
				<timestamp>318.643447</timestamp>
			</report>
			<report>
				<misses>2454001</misses>
				<total>815045</total>
				<timestamp>318.773385</timestamp>
			</report>
			<report>
				<misses>2455001</misses>
				<total>815045</total>
				<timestamp>318.903393</timestamp>
			</report>
			<report>
				<misses>2456001</misses>
				<total>815046</total>
				<timestamp>319.033389</timestamp>
			</report>
			<report>
				<misses>2457001</misses>
				<total>815046</total>
				<timestamp>319.163367</timestamp>
			</report>
			<report>
				<misses>2458001</misses>
				<total>815046</total>
				<timestamp>319.293156</timestamp>
			</report>
			<report>
				<misses>2459001</misses>
				<total>815046</total>
				<timestamp>319.423063</timestamp>
			</report>
			<report>
				<misses>2460001</misses>
				<total>815046</total>
				<timestamp>319.552914</timestamp>
			</report>
			<report>
				<misses>2461001</misses>
				<total>815046</total>
				<timestamp>319.682790</timestamp>
			</report>
			<report>
				<misses>2462001</misses>
				<total>815046</total>
				<timestamp>319.812705</timestamp>
			</report>
			<report>
				<misses>2463001</misses>
				<total>815046</total>
				<timestamp>319.942558</timestamp>
			</report>
			<report>
				<misses>2464001</misses>
				<total>815046</total>
				<timestamp>320.072441</timestamp>
			</report>
			<report>
				<misses>2465001</misses>
				<total>815046</total>
				<timestamp>320.202280</timestamp>
			</report>
			<report>
				<misses>2466001</misses>
				<total>815046</total>
				<timestamp>320.332134</timestamp>
			</report>
			<report>
				<misses>2467001</misses>
				<total>815046</total>
				<timestamp>320.461994</timestamp>
			</report>
			<report>
				<misses>2468001</misses>
				<total>815046</total>
				<timestamp>320.591892</timestamp>
			</report>
			<report>
				<misses>2469001</misses>
				<total>815046</total>
				<timestamp>320.721749</timestamp>
			</report>
			<report>
				<misses>2470001</misses>
				<total>815046</total>
				<timestamp>320.851684</timestamp>
			</report>
			<report>
				<misses>2471001</misses>
				<total>815046</total>
				<timestamp>320.981517</timestamp>
			</report>
			<report>
				<misses>2472001</misses>
				<total>815046</total>
				<timestamp>321.111435</timestamp>
			</report>
			<report>
				<misses>2473001</misses>
				<total>815046</total>
				<timestamp>321.241453</timestamp>
			</report>
			<report>
				<misses>2474001</misses>
				<total>815046</total>
				<timestamp>321.371473</timestamp>
			</report>
			<report>
				<misses>2475001</misses>
				<total>815050</total>
				<timestamp>321.501436</timestamp>
			</report>
			<report>
				<misses>2476001</misses>
				<total>815050</total>
				<timestamp>321.631355</timestamp>
			</report>
			<report>
				<misses>2477001</misses>
				<total>815050</total>
				<timestamp>321.761242</timestamp>
			</report>
			<report>
				<misses>2478001</misses>
				<total>815050</total>
				<timestamp>321.891091</timestamp>
			</report>
			<report>
				<misses>2479001</misses>
				<total>815050</total>
				<timestamp>322.020959</timestamp>
			</report>
			<report>
				<misses>2480001</misses>
				<total>815050</total>
				<timestamp>322.150825</timestamp>
			</report>
			<report>
				<misses>2481001</misses>
				<total>815050</total>
				<timestamp>322.280725</timestamp>
			</report>
			<report>
				<misses>2482001</misses>
				<total>815050</total>
				<timestamp>322.410635</timestamp>
			</report>
			<report>
				<misses>2483001</misses>
				<total>815065</total>
				<timestamp>322.540506</timestamp>
			</report>
			<report>
				<misses>2484001</misses>
				<total>815065</total>
				<timestamp>322.670358</timestamp>
			</report>
			<report>
				<misses>2485001</misses>
				<total>815065</total>
				<timestamp>322.800185</timestamp>
			</report>
			<report>
				<misses>2486001</misses>
				<total>815065</total>
				<timestamp>322.930038</timestamp>
			</report>
			<report>
				<misses>2487001</misses>
				<total>815065</total>
				<timestamp>323.059912</timestamp>
			</report>
			<report>
				<misses>2488001</misses>
				<total>815065</total>
				<timestamp>323.189779</timestamp>
			</report>
			<report>
				<misses>2489001</misses>
				<total>815065</total>
				<timestamp>323.319695</timestamp>
			</report>
			<report>
				<misses>2490001</misses>
				<total>815065</total>
				<timestamp>323.449576</timestamp>
			</report>
			<report>
				<misses>2491001</misses>
				<total>815065</total>
				<timestamp>323.579442</timestamp>
			</report>
			<report>
				<misses>2492001</misses>
				<total>815065</total>
				<timestamp>323.709335</timestamp>
			</report>
			<report>
				<misses>2493001</misses>
				<total>815065</total>
				<timestamp>323.839152</timestamp>
			</report>
			<report>
				<misses>2494001</misses>
				<total>815065</total>
				<timestamp>323.969003</timestamp>
			</report>
			<report>
				<misses>2495001</misses>
				<total>815065</total>
				<timestamp>324.098892</timestamp>
			</report>
			<report>
				<misses>2496001</misses>
				<total>815066</total>
				<timestamp>324.228800</timestamp>
			</report>
			<report>
				<misses>2497001</misses>
				<total>815064</total>
				<timestamp>324.358682</timestamp>
			</report>
			<report>
				<misses>2498001</misses>
				<total>815065</total>
				<timestamp>324.488527</timestamp>
			</report>
			<report>
				<misses>2499001</misses>
				<total>815065</total>
				<timestamp>324.618428</timestamp>
			</report>
			<report>
				<misses>2500001</misses>
				<total>815065</total>
				<timestamp>324.748270</timestamp>
			</report>
			<report>
				<misses>2501001</misses>
				<total>815065</total>
				<timestamp>324.878100</timestamp>
			</report>
			<report>
				<misses>2502001</misses>
				<total>815065</total>
				<timestamp>325.007978</timestamp>
			</report>
			<report>
				<misses>2503001</misses>
				<total>815065</total>
				<timestamp>325.137888</timestamp>
			</report>
			<report>
				<misses>2504001</misses>
				<total>815065</total>
				<timestamp>325.267716</timestamp>
			</report>
			<report>
				<misses>2505001</misses>
				<total>815066</total>
				<timestamp>325.397596</timestamp>
			</report>
			<report>
				<misses>2506001</misses>
				<total>815065</total>
				<timestamp>325.527504</timestamp>
			</report>
			<report>
				<misses>2507001</misses>
				<total>815066</total>
				<timestamp>325.657326</timestamp>
			</report>
			<report>
				<misses>2508001</misses>
				<total>815066</total>
				<timestamp>325.787193</timestamp>
			</report>
			<report>
				<misses>2509001</misses>
				<total>815066</total>
				<timestamp>325.917075</timestamp>
			</report>
			<report>
				<misses>2510001</misses>
				<total>815066</total>
				<timestamp>326.046959</timestamp>
			</report>
			<report>
				<misses>2511001</misses>
				<total>815067</total>
				<timestamp>326.176803</timestamp>
			</report>
			<report>
				<misses>2512001</misses>
				<total>815066</total>
				<timestamp>326.306754</timestamp>
			</report>
			<report>
				<misses>2513001</misses>
				<total>815067</total>
				<timestamp>326.436672</timestamp>
			</report>
			<report>
				<misses>2514001</misses>
				<total>815067</total>
				<timestamp>326.566564</timestamp>
			</report>
			<report>
				<misses>2515001</misses>
				<total>815067</total>
				<timestamp>326.696488</timestamp>
			</report>
			<report>
				<misses>2516001</misses>
				<total>815067</total>
				<timestamp>326.826357</timestamp>
			</report>
			<report>
				<misses>2517001</misses>
				<total>815067</total>
				<timestamp>326.956155</timestamp>
			</report>
			<report>
				<misses>2518001</misses>
				<total>815067</total>
				<timestamp>327.086051</timestamp>
			</report>
			<report>
				<misses>2519001</misses>
				<total>815067</total>
				<timestamp>327.215892</timestamp>
			</report>
			<report>
				<misses>2520001</misses>
				<total>815068</total>
				<timestamp>327.345770</timestamp>
			</report>
			<report>
				<misses>2521001</misses>
				<total>815068</total>
				<timestamp>327.475703</timestamp>
			</report>
			<report>
				<misses>2522001</misses>
				<total>815068</total>
				<timestamp>327.605524</timestamp>
			</report>
			<report>
				<misses>2523001</misses>
				<total>815068</total>
				<timestamp>327.735424</timestamp>
			</report>
			<report>
				<misses>2524001</misses>
				<total>815068</total>
				<timestamp>327.865345</timestamp>
			</report>
			<report>
				<misses>2525001</misses>
				<total>815068</total>
				<timestamp>327.995320</timestamp>
			</report>
			<report>
				<misses>2526001</misses>
				<total>815068</total>
				<timestamp>328.125259</timestamp>
			</report>
			<report>
				<misses>2527001</misses>
				<total>815069</total>
				<timestamp>328.255123</timestamp>
			</report>
			<report>
				<misses>2528001</misses>
				<total>815069</total>
				<timestamp>328.384972</timestamp>
			</report>
			<report>
				<misses>2529001</misses>
				<total>815069</total>
				<timestamp>328.514852</timestamp>
			</report>
			<report>
				<misses>2530001</misses>
				<total>815069</total>
				<timestamp>328.644784</timestamp>
			</report>
			<report>
				<misses>2531001</misses>
				<total>815069</total>
				<timestamp>328.774618</timestamp>
			</report>
			<report>
				<misses>2532001</misses>
				<total>815069</total>
				<timestamp>328.904473</timestamp>
			</report>
			<report>
				<misses>2533001</misses>
				<total>815069</total>
				<timestamp>329.034408</timestamp>
			</report>
			<report>
				<misses>2534001</misses>
				<total>815069</total>
				<timestamp>329.164206</timestamp>
			</report>
			<report>
				<misses>2535001</misses>
				<total>815069</total>
				<timestamp>329.294064</timestamp>
			</report>
			<report>
				<misses>2536001</misses>
				<total>815069</total>
				<timestamp>329.424017</timestamp>
			</report>
			<report>
				<misses>2537001</misses>
				<total>815070</total>
				<timestamp>329.553908</timestamp>
			</report>
			<report>
				<misses>2538001</misses>
				<total>815069</total>
				<timestamp>329.683810</timestamp>
			</report>
			<report>
				<misses>2539001</misses>
				<total>815069</total>
				<timestamp>329.813743</timestamp>
			</report>
			<report>
				<misses>2540001</misses>
				<total>815069</total>
				<timestamp>329.943667</timestamp>
			</report>
			<report>
				<misses>2541001</misses>
				<total>815074</total>
				<timestamp>330.073570</timestamp>
			</report>
			<report>
				<misses>2542001</misses>
				<total>815074</total>
				<timestamp>330.203545</timestamp>
			</report>
			<report>
				<misses>2543001</misses>
				<total>815076</total>
				<timestamp>330.333528</timestamp>
			</report>
			<report>
				<misses>2544001</misses>
				<total>815076</total>
				<timestamp>330.463531</timestamp>
			</report>
			<report>
				<misses>2545001</misses>
				<total>815076</total>
				<timestamp>330.593476</timestamp>
			</report>
			<report>
				<misses>2546001</misses>
				<total>815076</total>
				<timestamp>330.723299</timestamp>
			</report>
			<report>
				<misses>2547001</misses>
				<total>815076</total>
				<timestamp>330.853170</timestamp>
			</report>
			<report>
				<misses>2548001</misses>
				<total>815076</total>
				<timestamp>330.983036</timestamp>
			</report>
			<report>
				<misses>2549001</misses>
				<total>815076</total>
				<timestamp>331.112910</timestamp>
			</report>
			<report>
				<misses>2550001</misses>
				<total>815076</total>
				<timestamp>331.242796</timestamp>
			</report>
			<report>
				<misses>2551001</misses>
				<total>815076</total>
				<timestamp>331.372674</timestamp>
			</report>
			<report>
				<misses>2552001</misses>
				<total>815076</total>
				<timestamp>331.502514</timestamp>
			</report>
			<report>
				<misses>2553001</misses>
				<total>815076</total>
				<timestamp>331.632446</timestamp>
			</report>
			<report>
				<misses>2554001</misses>
				<total>815076</total>
				<timestamp>331.762305</timestamp>
			</report>
			<report>
				<misses>2555001</misses>
				<total>815076</total>
				<timestamp>331.892112</timestamp>
			</report>
			<report>
				<misses>2556001</misses>
				<total>815076</total>
				<timestamp>332.021987</timestamp>
			</report>
			<report>
				<misses>2557001</misses>
				<total>815076</total>
				<timestamp>332.151861</timestamp>
			</report>
			<report>
				<misses>2558001</misses>
				<total>815080</total>
				<timestamp>332.281788</timestamp>
			</report>
			<report>
				<misses>2559001</misses>
				<total>815080</total>
				<timestamp>332.411643</timestamp>
			</report>
			<report>
				<misses>2560001</misses>
				<total>815080</total>
				<timestamp>332.541561</timestamp>
			</report>
			<report>
				<misses>2561001</misses>
				<total>815080</total>
				<timestamp>332.671517</timestamp>
			</report>
			<report>
				<misses>2562001</misses>
				<total>815080</total>
				<timestamp>332.801384</timestamp>
			</report>
			<report>
				<misses>2563001</misses>
				<total>815080</total>
				<timestamp>332.931289</timestamp>
			</report>
			<report>
				<misses>2564001</misses>
				<total>815080</total>
				<timestamp>333.061079</timestamp>
			</report>
			<report>
				<misses>2565001</misses>
				<total>815080</total>
				<timestamp>333.190945</timestamp>
			</report>
			<report>
				<misses>2566001</misses>
				<total>815080</total>
				<timestamp>333.320888</timestamp>
			</report>
			<report>
				<misses>2567001</misses>
				<total>815081</total>
				<timestamp>333.450699</timestamp>
			</report>
			<report>
				<misses>2568001</misses>
				<total>815080</total>
				<timestamp>333.580611</timestamp>
			</report>
			<report>
				<misses>2569001</misses>
				<total>815080</total>
				<timestamp>333.710466</timestamp>
			</report>
			<report>
				<misses>2570001</misses>
				<total>815080</total>
				<timestamp>333.840342</timestamp>
			</report>
			<report>
				<misses>2571001</misses>
				<total>815080</total>
				<timestamp>333.970197</timestamp>
			</report>
			<report>
				<misses>2572001</misses>
				<total>815080</total>
				<timestamp>334.100050</timestamp>
			</report>
			<report>
				<misses>2573001</misses>
				<total>815080</total>
				<timestamp>334.229921</timestamp>
			</report>
			<report>
				<misses>2574001</misses>
				<total>815080</total>
				<timestamp>334.359799</timestamp>
			</report>
			<report>
				<misses>2575001</misses>
				<total>815082</total>
				<timestamp>334.489671</timestamp>
			</report>
			<report>
				<misses>2576001</misses>
				<total>815082</total>
				<timestamp>334.619606</timestamp>
			</report>
			<report>
				<misses>2577001</misses>
				<total>815082</total>
				<timestamp>334.749529</timestamp>
			</report>
			<report>
				<misses>2578001</misses>
				<total>815082</total>
				<timestamp>334.879455</timestamp>
			</report>
			<report>
				<misses>2579001</misses>
				<total>815082</total>
				<timestamp>335.009332</timestamp>
			</report>
			<report>
				<misses>2580001</misses>
				<total>815082</total>
				<timestamp>335.139166</timestamp>
			</report>
			<report>
				<misses>2581001</misses>
				<total>815082</total>
				<timestamp>335.268996</timestamp>
			</report>
			<report>
				<misses>2582001</misses>
				<total>815082</total>
				<timestamp>335.398880</timestamp>
			</report>
			<report>
				<misses>2583001</misses>
				<total>815082</total>
				<timestamp>335.528769</timestamp>
			</report>
			<report>
				<misses>2584001</misses>
				<total>815083</total>
				<timestamp>335.658622</timestamp>
			</report>
			<report>
				<misses>2585001</misses>
				<total>815082</total>
				<timestamp>335.788559</timestamp>
			</report>
			<report>
				<misses>2586001</misses>
				<total>815083</total>
				<timestamp>335.918414</timestamp>
			</report>
			<report>
				<misses>2587001</misses>
				<total>815083</total>
				<timestamp>336.048264</timestamp>
			</report>
			<report>
				<misses>2588001</misses>
				<total>815083</total>
				<timestamp>336.178108</timestamp>
			</report>
			<report>
				<misses>2589001</misses>
				<total>815083</total>
				<timestamp>336.307979</timestamp>
			</report>
			<report>
				<misses>2590001</misses>
				<total>815083</total>
				<timestamp>336.437872</timestamp>
			</report>
			<report>
				<misses>2591001</misses>
				<total>815085</total>
				<timestamp>336.567751</timestamp>
			</report>
			<report>
				<misses>2592001</misses>
				<total>815085</total>
				<timestamp>336.697595</timestamp>
			</report>
			<report>
				<misses>2593001</misses>
				<total>815088</total>
				<timestamp>336.827476</timestamp>
			</report>
			<report>
				<misses>2594001</misses>
				<total>815087</total>
				<timestamp>336.957465</timestamp>
			</report>
			<report>
				<misses>2595001</misses>
				<total>815087</total>
				<timestamp>337.087402</timestamp>
			</report>
			<report>
				<misses>2596001</misses>
				<total>815088</total>
				<timestamp>337.217341</timestamp>
			</report>
			<report>
				<misses>2597001</misses>
				<total>815088</total>
				<timestamp>337.347175</timestamp>
			</report>
			<report>
				<misses>2598001</misses>
				<total>815089</total>
				<timestamp>337.477067</timestamp>
			</report>
			<report>
				<misses>2599001</misses>
				<total>815089</total>
				<timestamp>337.606941</timestamp>
			</report>
			<report>
				<misses>2600001</misses>
				<total>815102</total>
				<timestamp>337.736791</timestamp>
			</report>
			<report>
				<misses>2601001</misses>
				<total>815102</total>
				<timestamp>337.866732</timestamp>
			</report>
			<report>
				<misses>2602001</misses>
				<total>815102</total>
				<timestamp>337.996615</timestamp>
			</report>
			<report>
				<misses>2603001</misses>
				<total>815102</total>
				<timestamp>338.126808</timestamp>
			</report>
			<report>
				<misses>2604001</misses>
				<total>815102</total>
				<timestamp>338.256692</timestamp>
			</report>
			<report>
				<misses>2605001</misses>
				<total>815102</total>
				<timestamp>338.386586</timestamp>
			</report>
			<report>
				<misses>2606001</misses>
				<total>815102</total>
				<timestamp>338.516429</timestamp>
			</report>
			<report>
				<misses>2607001</misses>
				<total>815102</total>
				<timestamp>338.646391</timestamp>
			</report>
			<report>
				<misses>2608001</misses>
				<total>815102</total>
				<timestamp>338.776361</timestamp>
			</report>
			<report>
				<misses>2609001</misses>
				<total>815102</total>
				<timestamp>338.906273</timestamp>
			</report>
			<report>
				<misses>2610001</misses>
				<total>815102</total>
				<timestamp>339.036166</timestamp>
			</report>
			<report>
				<misses>2611001</misses>
				<total>815102</total>
				<timestamp>339.166038</timestamp>
			</report>
			<report>
				<misses>2612001</misses>
				<total>815102</total>
				<timestamp>339.295878</timestamp>
			</report>
			<report>
				<misses>2613001</misses>
				<total>815102</total>
				<timestamp>339.425749</timestamp>
			</report>
			<report>
				<misses>2614001</misses>
				<total>815102</total>
				<timestamp>339.555630</timestamp>
			</report>
			<report>
				<misses>2615001</misses>
				<total>815101</total>
				<timestamp>339.685602</timestamp>
			</report>
			<report>
				<misses>2616001</misses>
				<total>815102</total>
				<timestamp>339.815490</timestamp>
			</report>
			<report>
				<misses>2617001</misses>
				<total>815102</total>
				<timestamp>339.945399</timestamp>
			</report>
			<report>
				<misses>2618001</misses>
				<total>815102</total>
				<timestamp>340.075273</timestamp>
			</report>
			<report>
				<misses>2619001</misses>
				<total>815102</total>
				<timestamp>340.205098</timestamp>
			</report>
			<report>
				<misses>2620001</misses>
				<total>815102</total>
				<timestamp>340.334981</timestamp>
			</report>
			<report>
				<misses>2621001</misses>
				<total>815102</total>
				<timestamp>340.464851</timestamp>
			</report>
			<report>
				<misses>2622001</misses>
				<total>815101</total>
				<timestamp>340.594748</timestamp>
			</report>
			<report>
				<misses>2623001</misses>
				<total>815102</total>
				<timestamp>340.724651</timestamp>
			</report>
			<report>
				<misses>2624001</misses>
				<total>815102</total>
				<timestamp>340.854495</timestamp>
			</report>
			<report>
				<misses>2625001</misses>
				<total>815102</total>
				<timestamp>340.984409</timestamp>
			</report>
			<report>
				<misses>2626001</misses>
				<total>815102</total>
				<timestamp>341.114376</timestamp>
			</report>
			<report>
				<misses>2627001</misses>
				<total>815102</total>
				<timestamp>341.244293</timestamp>
			</report>
			<report>
				<misses>2628001</misses>
				<total>815102</total>
				<timestamp>341.374266</timestamp>
			</report>
			<report>
				<misses>2629001</misses>
				<total>815102</total>
				<timestamp>341.504109</timestamp>
			</report>
			<report>
				<misses>2630001</misses>
				<total>815102</total>
				<timestamp>341.633935</timestamp>
			</report>
			<report>
				<misses>2631001</misses>
				<total>815102</total>
				<timestamp>341.763820</timestamp>
			</report>
			<report>
				<misses>2632001</misses>
				<total>815102</total>
				<timestamp>341.893704</timestamp>
			</report>
			<report>
				<misses>2633001</misses>
				<total>815103</total>
				<timestamp>342.023634</timestamp>
			</report>
			<report>
				<misses>2634001</misses>
				<total>815102</total>
				<timestamp>342.153592</timestamp>
			</report>
			<report>
				<misses>2635001</misses>
				<total>815102</total>
				<timestamp>342.283461</timestamp>
			</report>
			<report>
				<misses>2636001</misses>
				<total>815102</total>
				<timestamp>342.413421</timestamp>
			</report>
			<report>
				<misses>2637001</misses>
				<total>815101</total>
				<timestamp>342.543368</timestamp>
			</report>
			<report>
				<misses>2638001</misses>
				<total>815102</total>
				<timestamp>342.673338</timestamp>
			</report>
			<report>
				<misses>2639001</misses>
				<total>815102</total>
				<timestamp>342.803171</timestamp>
			</report>
			<report>
				<misses>2640001</misses>
				<total>815102</total>
				<timestamp>342.933019</timestamp>
			</report>
			<report>
				<misses>2641001</misses>
				<total>815102</total>
				<timestamp>343.062891</timestamp>
			</report>
			<report>
				<misses>2642001</misses>
				<total>815102</total>
				<timestamp>343.192770</timestamp>
			</report>
			<report>
				<misses>2643001</misses>
				<total>815102</total>
				<timestamp>343.322644</timestamp>
			</report>
			<report>
				<misses>2644001</misses>
				<total>815101</total>
				<timestamp>343.452567</timestamp>
			</report>
			<report>
				<misses>2645001</misses>
				<total>815102</total>
				<timestamp>343.582398</timestamp>
			</report>
			<report>
				<misses>2646001</misses>
				<total>815102</total>
				<timestamp>343.712350</timestamp>
			</report>
			<report>
				<misses>2647001</misses>
				<total>815102</total>
				<timestamp>343.842270</timestamp>
			</report>
			<report>
				<misses>2648001</misses>
				<total>815102</total>
				<timestamp>343.972147</timestamp>
			</report>
			<report>
				<misses>2649001</misses>
				<total>815102</total>
				<timestamp>344.102004</timestamp>
			</report>
			<report>
				<misses>2650001</misses>
				<total>815106</total>
				<timestamp>344.231891</timestamp>
			</report>
			<report>
				<misses>2651001</misses>
				<total>815106</total>
				<timestamp>344.361716</timestamp>
			</report>
			<report>
				<misses>2652001</misses>
				<total>815106</total>
				<timestamp>344.491594</timestamp>
			</report>
			<report>
				<misses>2653001</misses>
				<total>815106</total>
				<timestamp>344.621487</timestamp>
			</report>
			<report>
				<misses>2654001</misses>
				<total>815106</total>
				<timestamp>344.751357</timestamp>
			</report>
			<report>
				<misses>2655001</misses>
				<total>815106</total>
				<timestamp>344.881288</timestamp>
			</report>
			<report>
				<misses>2656001</misses>
				<total>815106</total>
				<timestamp>345.011295</timestamp>
			</report>
			<report>
				<misses>2657001</misses>
				<total>815106</total>
				<timestamp>345.141290</timestamp>
			</report>
			<report>
				<misses>2658001</misses>
				<total>815106</total>
				<timestamp>345.271264</timestamp>
			</report>
			<report>
				<misses>2659001</misses>
				<total>815106</total>
				<timestamp>345.401080</timestamp>
			</report>
			<report>
				<misses>2660001</misses>
				<total>815106</total>
				<timestamp>345.530928</timestamp>
			</report>
			<report>
				<misses>2661001</misses>
				<total>815106</total>
				<timestamp>345.660801</timestamp>
			</report>
			<report>
				<misses>2662001</misses>
				<total>815111</total>
				<timestamp>345.790676</timestamp>
			</report>
			<report>
				<misses>2663001</misses>
				<total>815115</total>
				<timestamp>345.920560</timestamp>
			</report>
			<report>
				<misses>2664001</misses>
				<total>815115</total>
				<timestamp>346.050469</timestamp>
			</report>
			<report>
				<misses>2665001</misses>
				<total>815115</total>
				<timestamp>346.180385</timestamp>
			</report>
			<report>
				<misses>2666001</misses>
				<total>815115</total>
				<timestamp>346.310358</timestamp>
			</report>
			<report>
				<misses>2667001</misses>
				<total>815115</total>
				<timestamp>346.440220</timestamp>
			</report>
			<report>
				<misses>2668001</misses>
				<total>815115</total>
				<timestamp>346.570027</timestamp>
			</report>
			<report>
				<misses>2669001</misses>
				<total>815115</total>
				<timestamp>346.699904</timestamp>
			</report>
			<report>
				<misses>2670001</misses>
				<total>815115</total>
				<timestamp>346.829784</timestamp>
			</report>
			<report>
				<misses>2671001</misses>
				<total>815115</total>
				<timestamp>346.959672</timestamp>
			</report>
			<report>
				<misses>2672001</misses>
				<total>815115</total>
				<timestamp>347.089564</timestamp>
			</report>
			<report>
				<misses>2673001</misses>
				<total>815117</total>
				<timestamp>347.219474</timestamp>
			</report>
			<report>
				<misses>2674001</misses>
				<total>815120</total>
				<timestamp>347.349401</timestamp>
			</report>
			<report>
				<misses>2675001</misses>
				<total>815120</total>
				<timestamp>347.479332</timestamp>
			</report>
			<report>
				<misses>2676001</misses>
				<total>815120</total>
				<timestamp>347.609325</timestamp>
			</report>
			<report>
				<misses>2677001</misses>
				<total>815120</total>
				<timestamp>347.739241</timestamp>
			</report>
			<report>
				<misses>2678001</misses>
				<total>815119</total>
				<timestamp>347.869185</timestamp>
			</report>
			<report>
				<misses>2679001</misses>
				<total>815120</total>
				<timestamp>347.998987</timestamp>
			</report>
			<report>
				<misses>2680001</misses>
				<total>815120</total>
				<timestamp>348.128863</timestamp>
			</report>
			<report>
				<misses>2681001</misses>
				<total>815120</total>
				<timestamp>348.258740</timestamp>
			</report>
			<report>
				<misses>2682001</misses>
				<total>815120</total>
				<timestamp>348.388617</timestamp>
			</report>
			<report>
				<misses>2683001</misses>
				<total>815120</total>
				<timestamp>348.518535</timestamp>
			</report>
			<report>
				<misses>2684001</misses>
				<total>815120</total>
				<timestamp>348.648391</timestamp>
			</report>
			<report>
				<misses>2685001</misses>
				<total>815120</total>
				<timestamp>348.778266</timestamp>
			</report>
			<report>
				<misses>2686001</misses>
				<total>815120</total>
				<timestamp>348.908180</timestamp>
			</report>
			<report>
				<misses>2687001</misses>
				<total>815120</total>
				<timestamp>349.038092</timestamp>
			</report>
			<report>
				<misses>2688001</misses>
				<total>815120</total>
				<timestamp>349.167943</timestamp>
			</report>
			<report>
				<misses>2689001</misses>
				<total>815120</total>
				<timestamp>349.297824</timestamp>
			</report>
			<report>
				<misses>2690001</misses>
				<total>815120</total>
				<timestamp>349.427695</timestamp>
			</report>
			<report>
				<misses>2691001</misses>
				<total>815120</total>
				<timestamp>349.557604</timestamp>
			</report>
			<report>
				<misses>2692001</misses>
				<total>815120</total>
				<timestamp>349.687429</timestamp>
			</report>
			<report>
				<misses>2693001</misses>
				<total>815121</total>
				<timestamp>349.817337</timestamp>
			</report>
			<report>
				<misses>2694001</misses>
				<total>815120</total>
				<timestamp>349.947285</timestamp>
			</report>
			<report>
				<misses>2695001</misses>
				<total>815120</total>
				<timestamp>350.077245</timestamp>
			</report>
			<report>
				<misses>2696001</misses>
				<total>815120</total>
				<timestamp>350.207043</timestamp>
			</report>
			<report>
				<misses>2697001</misses>
				<total>815120</total>
				<timestamp>350.336933</timestamp>
			</report>
			<report>
				<misses>2698001</misses>
				<total>815120</total>
				<timestamp>350.466787</timestamp>
			</report>
			<report>
				<misses>2699001</misses>
				<total>815121</total>
				<timestamp>350.596684</timestamp>
			</report>
			<report>
				<misses>2700001</misses>
				<total>815121</total>
				<timestamp>350.726549</timestamp>
			</report>
			<report>
				<misses>2701001</misses>
				<total>815121</total>
				<timestamp>350.856381</timestamp>
			</report>
			<report>
				<misses>2702001</misses>
				<total>815121</total>
				<timestamp>350.986372</timestamp>
			</report>
			<report>
				<misses>2703001</misses>
				<total>815121</total>
				<timestamp>351.116299</timestamp>
			</report>
			<report>
				<misses>2704001</misses>
				<total>815121</total>
				<timestamp>351.246190</timestamp>
			</report>
			<report>
				<misses>2705001</misses>
				<total>815121</total>
				<timestamp>351.376005</timestamp>
			</report>
			<report>
				<misses>2706001</misses>
				<total>815121</total>
				<timestamp>351.505868</timestamp>
			</report>
			<report>
				<misses>2707001</misses>
				<total>815121</total>
				<timestamp>351.635763</timestamp>
			</report>
			<report>
				<misses>2708001</misses>
				<total>815121</total>
				<timestamp>351.765646</timestamp>
			</report>
			<report>
				<misses>2709001</misses>
				<total>815121</total>
				<timestamp>351.895523</timestamp>
			</report>
			<report>
				<misses>2710001</misses>
				<total>815121</total>
				<timestamp>352.025361</timestamp>
			</report>
			<report>
				<misses>2711001</misses>
				<total>815120</total>
				<timestamp>352.155258</timestamp>
			</report>
			<report>
				<misses>2712001</misses>
				<total>815121</total>
				<timestamp>352.285175</timestamp>
			</report>
			<report>
				<misses>2713001</misses>
				<total>815121</total>
				<timestamp>352.415119</timestamp>
			</report>
			<report>
				<misses>2714001</misses>
				<total>815121</total>
				<timestamp>352.545000</timestamp>
			</report>
			<report>
				<misses>2715001</misses>
				<total>815121</total>
				<timestamp>352.674833</timestamp>
			</report>
			<report>
				<misses>2716001</misses>
				<total>815121</total>
				<timestamp>352.804718</timestamp>
			</report>
			<report>
				<misses>2717001</misses>
				<total>815121</total>
				<timestamp>352.934578</timestamp>
			</report>
			<report>
				<misses>2718001</misses>
				<total>815121</total>
				<timestamp>353.064502</timestamp>
			</report>
			<report>
				<misses>2719001</misses>
				<total>815121</total>
				<timestamp>353.194377</timestamp>
			</report>
			<report>
				<misses>2720001</misses>
				<total>815121</total>
				<timestamp>353.324227</timestamp>
			</report>
			<report>
				<misses>2721001</misses>
				<total>815121</total>
				<timestamp>353.454053</timestamp>
			</report>
			<report>
				<misses>2722001</misses>
				<total>815121</total>
				<timestamp>353.583925</timestamp>
			</report>
			<report>
				<misses>2723001</misses>
				<total>815121</total>
				<timestamp>353.713814</timestamp>
			</report>
			<report>
				<misses>2724001</misses>
				<total>815121</total>
				<timestamp>353.843666</timestamp>
			</report>
			<report>
				<misses>2725001</misses>
				<total>815121</total>
				<timestamp>353.973538</timestamp>
			</report>
			<report>
				<misses>2726001</misses>
				<total>815120</total>
				<timestamp>354.103500</timestamp>
			</report>
			<report>
				<misses>2727001</misses>
				<total>815121</total>
				<timestamp>354.233393</timestamp>
			</report>
			<report>
				<misses>2728001</misses>
				<total>815143</total>
				<timestamp>354.363291</timestamp>
			</report>
			<report>
				<misses>2729001</misses>
				<total>815143</total>
				<timestamp>354.493174</timestamp>
			</report>
			<report>
				<misses>2730001</misses>
				<total>815143</total>
				<timestamp>354.623055</timestamp>
			</report>
			<report>
				<misses>2731001</misses>
				<total>815143</total>
				<timestamp>354.752895</timestamp>
			</report>
			<report>
				<misses>2732001</misses>
				<total>815143</total>
				<timestamp>354.882754</timestamp>
			</report>
			<report>
				<misses>2733001</misses>
				<total>815158</total>
				<timestamp>355.012618</timestamp>
			</report>
			<report>
				<misses>2734001</misses>
				<total>815158</total>
				<timestamp>355.142568</timestamp>
			</report>
			<report>
				<misses>2735001</misses>
				<total>815158</total>
				<timestamp>355.272419</timestamp>
			</report>
			<report>
				<misses>2736001</misses>
				<total>815158</total>
				<timestamp>355.402330</timestamp>
			</report>
			<report>
				<misses>2737001</misses>
				<total>815158</total>
				<timestamp>355.532306</timestamp>
			</report>
			<report>
				<misses>2738001</misses>
				<total>815158</total>
				<timestamp>355.662152</timestamp>
			</report>
			<report>
				<misses>2739001</misses>
				<total>815158</total>
				<timestamp>355.791967</timestamp>
			</report>
			<report>
				<misses>2740001</misses>
				<total>815158</total>
				<timestamp>355.921850</timestamp>
			</report>
			<report>
				<misses>2741001</misses>
				<total>815160</total>
				<timestamp>356.051735</timestamp>
			</report>
			<report>
				<misses>2742001</misses>
				<total>815160</total>
				<timestamp>356.181632</timestamp>
			</report>
			<report>
				<misses>2743001</misses>
				<total>815160</total>
				<timestamp>356.311496</timestamp>
			</report>
			<report>
				<misses>2744001</misses>
				<total>815161</total>
				<timestamp>356.441339</timestamp>
			</report>
			<report>
				<misses>2745001</misses>
				<total>815161</total>
				<timestamp>356.571299</timestamp>
			</report>
			<report>
				<misses>2746001</misses>
				<total>815162</total>
				<timestamp>356.701191</timestamp>
			</report>
			<report>
				<misses>2747001</misses>
				<total>815162</total>
				<timestamp>356.831179</timestamp>
			</report>
			<report>
				<misses>2748001</misses>
				<total>815162</total>
				<timestamp>356.961126</timestamp>
			</report>
			<report>
				<misses>2749001</misses>
				<total>815162</total>
				<timestamp>357.090966</timestamp>
			</report>
			<report>
				<misses>2750001</misses>
				<total>815162</total>
				<timestamp>357.220810</timestamp>
			</report>
			<report>
				<misses>2751001</misses>
				<total>815162</total>
				<timestamp>357.350683</timestamp>
			</report>
			<report>
				<misses>2752001</misses>
				<total>815165</total>
				<timestamp>357.480558</timestamp>
			</report>
			<report>
				<misses>2753001</misses>
				<total>815165</total>
				<timestamp>357.610405</timestamp>
			</report>
			<report>
				<misses>2754001</misses>
				<total>815165</total>
				<timestamp>357.740298</timestamp>
			</report>
			<report>
				<misses>2755001</misses>
				<total>815165</total>
				<timestamp>357.870249</timestamp>
			</report>
			<report>
				<misses>2756001</misses>
				<total>815167</total>
				<timestamp>358.000216</timestamp>
			</report>
			<report>
				<misses>2757001</misses>
				<total>815167</total>
				<timestamp>358.130017</timestamp>
			</report>
			<report>
				<misses>2758001</misses>
				<total>815167</total>
				<timestamp>358.259896</timestamp>
			</report>
			<report>
				<misses>2759001</misses>
				<total>815167</total>
				<timestamp>358.389775</timestamp>
			</report>
			<report>
				<misses>2760001</misses>
				<total>815167</total>
				<timestamp>358.519637</timestamp>
			</report>
			<report>
				<misses>2761001</misses>
				<total>815167</total>
				<timestamp>358.649517</timestamp>
			</report>
			<report>
				<misses>2762001</misses>
				<total>815168</total>
				<timestamp>358.779360</timestamp>
			</report>
			<report>
				<misses>2763001</misses>
				<total>815168</total>
				<timestamp>358.909290</timestamp>
			</report>
			<report>
				<misses>2764001</misses>
				<total>815168</total>
				<timestamp>359.039133</timestamp>
			</report>
			<report>
				<misses>2765001</misses>
				<total>815168</total>
				<timestamp>359.168978</timestamp>
			</report>
			<report>
				<misses>2766001</misses>
				<total>815167</total>
				<timestamp>359.298864</timestamp>
			</report>
			<report>
				<misses>2767001</misses>
				<total>815168</total>
				<timestamp>359.428752</timestamp>
			</report>
			<report>
				<misses>2768001</misses>
				<total>815168</total>
				<timestamp>359.558613</timestamp>
			</report>
			<report>
				<misses>2769001</misses>
				<total>815178</total>
				<timestamp>359.688494</timestamp>
			</report>
			<report>
				<misses>2770001</misses>
				<total>815178</total>
				<timestamp>359.818342</timestamp>
			</report>
			<report>
				<misses>2771001</misses>
				<total>815178</total>
				<timestamp>359.948220</timestamp>
			</report>
			<report>
				<misses>2772001</misses>
				<total>816040</total>
				<timestamp>360.078087</timestamp>
			</report>
			<report>
				<misses>2773001</misses>
				<total>817039</total>
				<timestamp>360.207949</timestamp>
			</report>
			<report>
				<misses>2774001</misses>
				<total>818038</total>
				<timestamp>360.337812</timestamp>
			</report>
			<report>
				<misses>2775001</misses>
				<total>819037</total>
				<timestamp>360.467669</timestamp>
			</report>
			<report>
				<misses>2776001</misses>
				<total>820036</total>
				<timestamp>360.597628</timestamp>
			</report>
			<report>
				<misses>2777001</misses>
				<total>821035</total>
				<timestamp>360.727481</timestamp>
			</report>
			<report>
				<misses>2778001</misses>
				<total>822034</total>
				<timestamp>360.857313</timestamp>
			</report>
			<report>
				<misses>2779001</misses>
				<total>823033</total>
				<timestamp>360.987176</timestamp>
			</report>
			<report>
				<misses>2780001</misses>
				<total>824032</total>
				<timestamp>361.117044</timestamp>
			</report>
			<report>
				<misses>2781001</misses>
				<total>825031</total>
				<timestamp>361.246913</timestamp>
			</report>
			<report>
				<misses>2782001</misses>
				<total>826030</total>
				<timestamp>361.376776</timestamp>
			</report>
			<report>
				<misses>2783001</misses>
				<total>827029</total>
				<timestamp>361.506655</timestamp>
			</report>
			<report>
				<misses>2784001</misses>
				<total>828028</total>
				<timestamp>361.636604</timestamp>
			</report>
			<report>
				<misses>2785001</misses>
				<total>829027</total>
				<timestamp>361.766614</timestamp>
			</report>
			<report>
				<misses>2786001</misses>
				<total>830026</total>
				<timestamp>361.896515</timestamp>
			</report>
			<report>
				<misses>2787001</misses>
				<total>831025</total>
				<timestamp>362.026389</timestamp>
			</report>
			<report>
				<misses>2788001</misses>
				<total>832024</total>
				<timestamp>362.156253</timestamp>
			</report>
			<report>
				<misses>2789001</misses>
				<total>833023</total>
				<timestamp>362.286176</timestamp>
			</report>
			<report>
				<misses>2790001</misses>
				<total>834022</total>
				<timestamp>362.415993</timestamp>
			</report>
			<report>
				<misses>2791001</misses>
				<total>835021</total>
				<timestamp>362.545861</timestamp>
			</report>
			<report>
				<misses>2792001</misses>
				<total>836020</total>
				<timestamp>362.675773</timestamp>
			</report>
			<report>
				<misses>2793001</misses>
				<total>837019</total>
				<timestamp>362.805619</timestamp>
			</report>
			<report>
				<misses>2794001</misses>
				<total>838018</total>
				<timestamp>362.935533</timestamp>
			</report>
			<report>
				<misses>2795001</misses>
				<total>839017</total>
				<timestamp>363.065349</timestamp>
			</report>
			<report>
				<misses>2796001</misses>
				<total>840016</total>
				<timestamp>363.195238</timestamp>
			</report>
			<report>
				<misses>2797001</misses>
				<total>841015</total>
				<timestamp>363.325169</timestamp>
			</report>
			<report>
				<misses>2798001</misses>
				<total>842014</total>
				<timestamp>363.455133</timestamp>
			</report>
			<report>
				<misses>2799001</misses>
				<total>843013</total>
				<timestamp>363.584967</timestamp>
			</report>
			<report>
				<misses>2800001</misses>
				<total>844012</total>
				<timestamp>363.714826</timestamp>
			</report>
			<report>
				<misses>2801001</misses>
				<total>845011</total>
				<timestamp>363.844726</timestamp>
			</report>
			<report>
				<misses>2802001</misses>
				<total>846010</total>
				<timestamp>363.974604</timestamp>
			</report>
			<report>
				<misses>2803001</misses>
				<total>847009</total>
				<timestamp>364.104479</timestamp>
			</report>
			<report>
				<misses>2804001</misses>
				<total>848008</total>
				<timestamp>364.234307</timestamp>
			</report>
			<report>
				<misses>2805001</misses>
				<total>849007</total>
				<timestamp>364.364244</timestamp>
			</report>
			<report>
				<misses>2806001</misses>
				<total>850006</total>
				<timestamp>364.494099</timestamp>
			</report>
			<report>
				<misses>2807001</misses>
				<total>851005</total>
				<timestamp>364.623921</timestamp>
			</report>
			<report>
				<misses>2808001</misses>
				<total>852004</total>
				<timestamp>364.753788</timestamp>
			</report>
			<report>
				<misses>2809001</misses>
				<total>853003</total>
				<timestamp>364.883654</timestamp>
			</report>
			<report>
				<misses>2810001</misses>
				<total>854002</total>
				<timestamp>365.013578</timestamp>
			</report>
			<report>
				<misses>2811001</misses>
				<total>855001</total>
				<timestamp>365.143392</timestamp>
			</report>
			<report>
				<misses>2812001</misses>
				<total>856000</total>
				<timestamp>365.273313</timestamp>
			</report>
			<report>
				<misses>2813001</misses>
				<total>856999</total>
				<timestamp>365.403150</timestamp>
			</report>
			<report>
				<misses>2814001</misses>
				<total>857998</total>
				<timestamp>365.532998</timestamp>
			</report>
			<report>
				<misses>2815001</misses>
				<total>858997</total>
				<timestamp>365.662879</timestamp>
			</report>
			<report>
				<misses>2816001</misses>
				<total>859996</total>
				<timestamp>365.792757</timestamp>
			</report>
			<report>
				<misses>2817001</misses>
				<total>860995</total>
				<timestamp>365.922634</timestamp>
			</report>
			<report>
				<misses>2818001</misses>
				<total>861994</total>
				<timestamp>366.052505</timestamp>
			</report>
			<report>
				<misses>2819001</misses>
				<total>862993</total>
				<timestamp>366.182343</timestamp>
			</report>
			<report>
				<misses>2820001</misses>
				<total>863992</total>
				<timestamp>366.312246</timestamp>
			</report>
			<report>
				<misses>2821001</misses>
				<total>864991</total>
				<timestamp>366.442173</timestamp>
			</report>
			<report>
				<misses>2822001</misses>
				<total>865990</total>
				<timestamp>366.572144</timestamp>
			</report>
			<report>
				<misses>2823001</misses>
				<total>866989</total>
				<timestamp>366.702070</timestamp>
			</report>
			<report>
				<misses>2824001</misses>
				<total>867988</total>
				<timestamp>366.831967</timestamp>
			</report>
			<report>
				<misses>2825001</misses>
				<total>868987</total>
				<timestamp>366.961836</timestamp>
			</report>
			<report>
				<misses>2826001</misses>
				<total>869986</total>
				<timestamp>367.091739</timestamp>
			</report>
			<report>
				<misses>2827001</misses>
				<total>870985</total>
				<timestamp>367.221582</timestamp>
			</report>
			<report>
				<misses>2828001</misses>
				<total>871984</total>
				<timestamp>367.351489</timestamp>
			</report>
			<report>
				<misses>2829001</misses>
				<total>872983</total>
				<timestamp>367.481340</timestamp>
			</report>
			<report>
				<misses>2830001</misses>
				<total>873982</total>
				<timestamp>367.611255</timestamp>
			</report>
			<report>
				<misses>2831001</misses>
				<total>874981</total>
				<timestamp>367.741122</timestamp>
			</report>
			<report>
				<misses>2832001</misses>
				<total>875980</total>
				<timestamp>367.870932</timestamp>
			</report>
			<report>
				<misses>2833001</misses>
				<total>876979</total>
				<timestamp>368.000803</timestamp>
			</report>
			<report>
				<misses>2834001</misses>
				<total>877978</total>
				<timestamp>368.130669</timestamp>
			</report>
			<report>
				<misses>2835001</misses>
				<total>878977</total>
				<timestamp>368.260529</timestamp>
			</report>
			<report>
				<misses>2836001</misses>
				<total>879976</total>
				<timestamp>368.390400</timestamp>
			</report>
			<report>
				<misses>2837001</misses>
				<total>880975</total>
				<timestamp>368.520305</timestamp>
			</report>
			<report>
				<misses>2838001</misses>
				<total>881974</total>
				<timestamp>368.650276</timestamp>
			</report>
			<report>
				<misses>2839001</misses>
				<total>882973</total>
				<timestamp>368.780199</timestamp>
			</report>
			<report>
				<misses>2840001</misses>
				<total>883972</total>
				<timestamp>368.910115</timestamp>
			</report>
			<report>
				<misses>2841001</misses>
				<total>884971</total>
				<timestamp>369.040118</timestamp>
			</report>
			<report>
				<misses>2842001</misses>
				<total>885970</total>
				<timestamp>369.170047</timestamp>
			</report>
			<report>
				<misses>2843001</misses>
				<total>886969</total>
				<timestamp>369.299878</timestamp>
			</report>
			<report>
				<misses>2844001</misses>
				<total>887968</total>
				<timestamp>369.429812</timestamp>
			</report>
			<report>
				<misses>2845001</misses>
				<total>888967</total>
				<timestamp>369.559648</timestamp>
			</report>
			<report>
				<misses>2846001</misses>
				<total>889966</total>
				<timestamp>369.689544</timestamp>
			</report>
			<report>
				<misses>2847001</misses>
				<total>890965</total>
				<timestamp>369.819482</timestamp>
			</report>
			<report>
				<misses>2848001</misses>
				<total>891964</total>
				<timestamp>369.949377</timestamp>
			</report>
			<report>
				<misses>2849001</misses>
				<total>892963</total>
				<timestamp>370.079268</timestamp>
			</report>
			<report>
				<misses>2850001</misses>
				<total>893962</total>
				<timestamp>370.209256</timestamp>
			</report>
			<report>
				<misses>2851001</misses>
				<total>894961</total>
				<timestamp>370.339181</timestamp>
			</report>
			<report>
				<misses>2852001</misses>
				<total>895960</total>
				<timestamp>370.469142</timestamp>
			</report>
			<report>
				<misses>2853001</misses>
				<total>896959</total>
				<timestamp>370.599032</timestamp>
			</report>
			<report>
				<misses>2854001</misses>
				<total>897958</total>
				<timestamp>370.728896</timestamp>
			</report>
			<report>
				<misses>2855001</misses>
				<total>898957</total>
				<timestamp>370.858740</timestamp>
			</report>
			<report>
				<misses>2856001</misses>
				<total>899956</total>
				<timestamp>370.988630</timestamp>
			</report>
			<report>
				<misses>2857001</misses>
				<total>900955</total>
				<timestamp>371.118509</timestamp>
			</report>
			<report>
				<misses>2858001</misses>
				<total>901954</total>
				<timestamp>371.248335</timestamp>
			</report>
			<report>
				<misses>2859001</misses>
				<total>902953</total>
				<timestamp>371.378282</timestamp>
			</report>
			<report>
				<misses>2860001</misses>
				<total>903952</total>
				<timestamp>371.508234</timestamp>
			</report>
			<report>
				<misses>2861001</misses>
				<total>904951</total>
				<timestamp>371.638137</timestamp>
			</report>
			<report>
				<misses>2862001</misses>
				<total>905950</total>
				<timestamp>371.767983</timestamp>
			</report>
			<report>
				<misses>2863001</misses>
				<total>906949</total>
				<timestamp>371.897813</timestamp>
			</report>
			<report>
				<misses>2864001</misses>
				<total>907948</total>
				<timestamp>372.027744</timestamp>
			</report>
			<report>
				<misses>2865001</misses>
				<total>908947</total>
				<timestamp>372.157646</timestamp>
			</report>
			<report>
				<misses>2866001</misses>
				<total>909946</total>
				<timestamp>372.287564</timestamp>
			</report>
			<report>
				<misses>2867001</misses>
				<total>910945</total>
				<timestamp>372.417422</timestamp>
			</report>
			<report>
				<misses>2868001</misses>
				<total>911944</total>
				<timestamp>372.547305</timestamp>
			</report>
			<report>
				<misses>2869001</misses>
				<total>912943</total>
				<timestamp>372.677171</timestamp>
			</report>
			<report>
				<misses>2870001</misses>
				<total>913942</total>
				<timestamp>372.807076</timestamp>
			</report>
			<report>
				<misses>2871001</misses>
				<total>914941</total>
				<timestamp>372.936894</timestamp>
			</report>
			<report>
				<misses>2872001</misses>
				<total>915940</total>
				<timestamp>373.066772</timestamp>
			</report>
			<report>
				<misses>2873001</misses>
				<total>916939</total>
				<timestamp>373.196674</timestamp>
			</report>
			<report>
				<misses>2874001</misses>
				<total>917938</total>
				<timestamp>373.326589</timestamp>
			</report>
			<report>
				<misses>2875001</misses>
				<total>918937</total>
				<timestamp>373.456518</timestamp>
			</report>
			<report>
				<misses>2876001</misses>
				<total>919936</total>
				<timestamp>373.586417</timestamp>
			</report>
			<report>
				<misses>2877001</misses>
				<total>920935</total>
				<timestamp>373.716265</timestamp>
			</report>
			<report>
				<misses>2878001</misses>
				<total>921934</total>
				<timestamp>373.846181</timestamp>
			</report>
			<report>
				<misses>2879001</misses>
				<total>922933</total>
				<timestamp>373.976106</timestamp>
			</report>
			<report>
				<misses>2880001</misses>
				<total>923932</total>
				<timestamp>374.106080</timestamp>
			</report>
			<report>
				<misses>2881001</misses>
				<total>924931</total>
				<timestamp>374.236074</timestamp>
			</report>
			<report>
				<misses>2882001</misses>
				<total>925930</total>
				<timestamp>374.366077</timestamp>
			</report>
			<report>
				<misses>2883001</misses>
				<total>926929</total>
				<timestamp>374.496013</timestamp>
			</report>
			<report>
				<misses>2884001</misses>
				<total>927928</total>
				<timestamp>374.625863</timestamp>
			</report>
			<report>
				<misses>2885001</misses>
				<total>928927</total>
				<timestamp>374.755756</timestamp>
			</report>
			<report>
				<misses>2886001</misses>
				<total>929926</total>
				<timestamp>374.885617</timestamp>
			</report>
			<report>
				<misses>2887001</misses>
				<total>930925</total>
				<timestamp>375.015519</timestamp>
			</report>
			<report>
				<misses>2888001</misses>
				<total>931924</total>
				<timestamp>375.145356</timestamp>
			</report>
			<report>
				<misses>2889001</misses>
				<total>932923</total>
				<timestamp>375.275231</timestamp>
			</report>
			<report>
				<misses>2890001</misses>
				<total>933922</total>
				<timestamp>375.405168</timestamp>
			</report>
			<report>
				<misses>2891001</misses>
				<total>934921</total>
				<timestamp>375.535141</timestamp>
			</report>
			<report>
				<misses>2892001</misses>
				<total>935920</total>
				<timestamp>375.664999</timestamp>
			</report>
			<report>
				<misses>2893001</misses>
				<total>936919</total>
				<timestamp>375.794841</timestamp>
			</report>
			<report>
				<misses>2894001</misses>
				<total>937918</total>
				<timestamp>375.924774</timestamp>
			</report>
			<report>
				<misses>2895001</misses>
				<total>938917</total>
				<timestamp>376.054745</timestamp>
			</report>
			<report>
				<misses>2896001</misses>
				<total>939916</total>
				<timestamp>376.184610</timestamp>
			</report>
			<report>
				<misses>2897001</misses>
				<total>940915</total>
				<timestamp>376.314489</timestamp>
			</report>
			<report>
				<misses>2898001</misses>
				<total>941914</total>
				<timestamp>376.444296</timestamp>
			</report>
			<report>
				<misses>2899001</misses>
				<total>942913</total>
				<timestamp>376.574180</timestamp>
			</report>
			<report>
				<misses>2900001</misses>
				<total>943912</total>
				<timestamp>376.704054</timestamp>
			</report>
			<report>
				<misses>2901001</misses>
				<total>944911</total>
				<timestamp>376.834028</timestamp>
			</report>
			<report>
				<misses>2902001</misses>
				<total>945910</total>
				<timestamp>376.963935</timestamp>
			</report>
			<report>
				<misses>2903001</misses>
				<total>946909</total>
				<timestamp>377.093777</timestamp>
			</report>
			<report>
				<misses>2904001</misses>
				<total>947908</total>
				<timestamp>377.223675</timestamp>
			</report>
			<report>
				<misses>2905001</misses>
				<total>948907</total>
				<timestamp>377.353529</timestamp>
			</report>
			<report>
				<misses>2906001</misses>
				<total>949906</total>
				<timestamp>377.483381</timestamp>
			</report>
			<report>
				<misses>2907001</misses>
				<total>950905</total>
				<timestamp>377.613299</timestamp>
			</report>
			<report>
				<misses>2908001</misses>
				<total>951904</total>
				<timestamp>377.743147</timestamp>
			</report>
			<report>
				<misses>2909001</misses>
				<total>952903</total>
				<timestamp>377.873078</timestamp>
			</report>
			<report>
				<misses>2910001</misses>
				<total>953902</total>
				<timestamp>378.003008</timestamp>
			</report>
			<report>
				<misses>2911001</misses>
				<total>954901</total>
				<timestamp>378.132990</timestamp>
			</report>
			<report>
				<misses>2912001</misses>
				<total>955900</total>
				<timestamp>378.262862</timestamp>
			</report>
			<report>
				<misses>2913001</misses>
				<total>956899</total>
				<timestamp>378.392740</timestamp>
			</report>
			<report>
				<misses>2914001</misses>
				<total>957898</total>
				<timestamp>378.522627</timestamp>
			</report>
			<report>
				<misses>2915001</misses>
				<total>958897</total>
				<timestamp>378.652503</timestamp>
			</report>
			<report>
				<misses>2916001</misses>
				<total>959896</total>
				<timestamp>378.782344</timestamp>
			</report>
			<report>
				<misses>2917001</misses>
				<total>960895</total>
				<timestamp>378.912219</timestamp>
			</report>
			<report>
				<misses>2918001</misses>
				<total>961894</total>
				<timestamp>379.042176</timestamp>
			</report>
			<report>
				<misses>2919001</misses>
				<total>962893</total>
				<timestamp>379.172138</timestamp>
			</report>
			<report>
				<misses>2920001</misses>
				<total>963892</total>
				<timestamp>379.302062</timestamp>
			</report>
			<report>
				<misses>2921001</misses>
				<total>964891</total>
				<timestamp>379.432010</timestamp>
			</report>
			<report>
				<misses>2922001</misses>
				<total>965890</total>
				<timestamp>379.561807</timestamp>
			</report>
			<report>
				<misses>2923001</misses>
				<total>966889</total>
				<timestamp>379.691681</timestamp>
			</report>
			<report>
				<misses>2924001</misses>
				<total>967888</total>
				<timestamp>379.821623</timestamp>
			</report>
			<report>
				<misses>2925001</misses>
				<total>968887</total>
				<timestamp>379.951483</timestamp>
			</report>
			<report>
				<misses>2926001</misses>
				<total>969886</total>
				<timestamp>380.081310</timestamp>
			</report>
			<report>
				<misses>2927001</misses>
				<total>970885</total>
				<timestamp>380.211195</timestamp>
			</report>
			<report>
				<misses>2928001</misses>
				<total>971884</total>
				<timestamp>380.341114</timestamp>
			</report>
			<report>
				<misses>2929001</misses>
				<total>972883</total>
				<timestamp>380.471008</timestamp>
			</report>
			<report>
				<misses>2930001</misses>
				<total>973882</total>
				<timestamp>380.601010</timestamp>
			</report>
			<report>
				<misses>2931001</misses>
				<total>974881</total>
				<timestamp>380.731026</timestamp>
			</report>
			<report>
				<misses>2932001</misses>
				<total>975880</total>
				<timestamp>380.860987</timestamp>
			</report>
			<report>
				<misses>2933001</misses>
				<total>976879</total>
				<timestamp>380.990779</timestamp>
			</report>
			<report>
				<misses>2934001</misses>
				<total>977878</total>
				<timestamp>381.120766</timestamp>
			</report>
			<report>
				<misses>2935001</misses>
				<total>978877</total>
				<timestamp>381.250665</timestamp>
			</report>
			<report>
				<misses>2936001</misses>
				<total>979876</total>
				<timestamp>381.380548</timestamp>
			</report>
			<report>
				<misses>2937001</misses>
				<total>980875</total>
				<timestamp>381.510472</timestamp>
			</report>
			<report>
				<misses>2938001</misses>
				<total>981874</total>
				<timestamp>381.640449</timestamp>
			</report>
			<report>
				<misses>2939001</misses>
				<total>982873</total>
				<timestamp>381.770355</timestamp>
			</report>
			<report>
				<misses>2940001</misses>
				<total>983872</total>
				<timestamp>381.900317</timestamp>
			</report>
			<report>
				<misses>2941001</misses>
				<total>984871</total>
				<timestamp>382.030173</timestamp>
			</report>
			<report>
				<misses>2942001</misses>
				<total>985870</total>
				<timestamp>382.160083</timestamp>
			</report>
			<report>
				<misses>2943001</misses>
				<total>986869</total>
				<timestamp>382.289963</timestamp>
			</report>
			<report>
				<misses>2944001</misses>
				<total>987868</total>
				<timestamp>382.419952</timestamp>
			</report>
			<report>
				<misses>2945001</misses>
				<total>988867</total>
				<timestamp>382.549851</timestamp>
			</report>
			<report>
				<misses>2946001</misses>
				<total>989866</total>
				<timestamp>382.679742</timestamp>
			</report>
			<report>
				<misses>2947001</misses>
				<total>990865</total>
				<timestamp>382.809687</timestamp>
			</report>
			<report>
				<misses>2948001</misses>
				<total>991864</total>
				<timestamp>382.939501</timestamp>
			</report>
			<report>
				<misses>2949001</misses>
				<total>992863</total>
				<timestamp>383.069352</timestamp>
			</report>
			<report>
				<misses>2950001</misses>
				<total>993862</total>
				<timestamp>383.199235</timestamp>
			</report>
			<report>
				<misses>2951001</misses>
				<total>994861</total>
				<timestamp>383.329129</timestamp>
			</report>
			<report>
				<misses>2952001</misses>
				<total>995860</total>
				<timestamp>383.459050</timestamp>
			</report>
			<report>
				<misses>2953001</misses>
				<total>996859</total>
				<timestamp>383.589038</timestamp>
			</report>
			<report>
				<misses>2954001</misses>
				<total>997858</total>
				<timestamp>383.718868</timestamp>
			</report>
			<report>
				<misses>2955001</misses>
				<total>998857</total>
				<timestamp>383.848733</timestamp>
			</report>
			<report>
				<misses>2956001</misses>
				<total>999856</total>
				<timestamp>383.978585</timestamp>
			</report>
			<report>
				<misses>2957001</misses>
				<total>1000855</total>
				<timestamp>384.108451</timestamp>
			</report>
			<report>
				<misses>2958001</misses>
				<total>1001854</total>
				<timestamp>384.238309</timestamp>
			</report>
			<report>
				<misses>2959001</misses>
				<total>1002853</total>
				<timestamp>384.368178</timestamp>
			</report>
			<report>
				<misses>2960001</misses>
				<total>1003747</total>
				<timestamp>384.498087</timestamp>
			</report>
			<report>
				<misses>2961001</misses>
				<total>1003747</total>
				<timestamp>384.628017</timestamp>
			</report>
			<report>
				<misses>2962001</misses>
				<total>1003754</total>
				<timestamp>384.758049</timestamp>
			</report>
			<report>
				<misses>2963001</misses>
				<total>1003754</total>
				<timestamp>384.888003</timestamp>
			</report>
			<report>
				<misses>2964001</misses>
				<total>1003754</total>
				<timestamp>385.017994</timestamp>
			</report>
			<report>
				<misses>2965001</misses>
				<total>1003754</total>
				<timestamp>385.147787</timestamp>
			</report>
			<report>
				<misses>2966001</misses>
				<total>1003754</total>
				<timestamp>385.277676</timestamp>
			</report>
			<report>
				<misses>2967001</misses>
				<total>1003754</total>
				<timestamp>385.407537</timestamp>
			</report>
			<report>
				<misses>2968001</misses>
				<total>1003754</total>
				<timestamp>385.537503</timestamp>
			</report>
			<report>
				<misses>2969001</misses>
				<total>1003754</total>
				<timestamp>385.667432</timestamp>
			</report>
			<report>
				<misses>2970001</misses>
				<total>1003754</total>
				<timestamp>385.797318</timestamp>
			</report>
			<report>
				<misses>2971001</misses>
				<total>1003754</total>
				<timestamp>385.927168</timestamp>
			</report>
			<report>
				<misses>2972001</misses>
				<total>1003754</total>
				<timestamp>386.057112</timestamp>
			</report>
			<report>
				<misses>2973001</misses>
				<total>1003754</total>
				<timestamp>386.187093</timestamp>
			</report>
			<report>
				<misses>2974001</misses>
				<total>1003754</total>
				<timestamp>386.317044</timestamp>
			</report>
			<report>
				<misses>2975001</misses>
				<total>1003754</total>
				<timestamp>386.446985</timestamp>
			</report>
			<report>
				<misses>2976001</misses>
				<total>1003754</total>
				<timestamp>386.576944</timestamp>
			</report>
			<report>
				<misses>2977001</misses>
				<total>1003754</total>
				<timestamp>386.706749</timestamp>
			</report>
			<report>
				<misses>2978001</misses>
				<total>1003754</total>
				<timestamp>386.836643</timestamp>
			</report>
			<report>
				<misses>2979001</misses>
				<total>1003754</total>
				<timestamp>386.966504</timestamp>
			</report>
			<report>
				<misses>2980001</misses>
				<total>1003754</total>
				<timestamp>387.096389</timestamp>
			</report>
			<report>
				<misses>2981001</misses>
				<total>1003754</total>
				<timestamp>387.226231</timestamp>
			</report>
			<report>
				<misses>2982001</misses>
				<total>1003754</total>
				<timestamp>387.356102</timestamp>
			</report>
			<report>
				<misses>2983001</misses>
				<total>1003754</total>
				<timestamp>387.486031</timestamp>
			</report>
			<report>
				<misses>2984001</misses>
				<total>1003754</total>
				<timestamp>387.615862</timestamp>
			</report>
			<report>
				<misses>2985001</misses>
				<total>1003754</total>
				<timestamp>387.745714</timestamp>
			</report>
			<report>
				<misses>2986001</misses>
				<total>1003754</total>
				<timestamp>387.875593</timestamp>
			</report>
			<report>
				<misses>2987001</misses>
				<total>1003754</total>
				<timestamp>388.005516</timestamp>
			</report>
			<report>
				<misses>2988001</misses>
				<total>1003754</total>
				<timestamp>388.135416</timestamp>
			</report>
			<report>
				<misses>2989001</misses>
				<total>1003755</total>
				<timestamp>388.265308</timestamp>
			</report>
			<report>
				<misses>2990001</misses>
				<total>1003754</total>
				<timestamp>388.395196</timestamp>
			</report>
			<report>
				<misses>2991001</misses>
				<total>1003756</total>
				<timestamp>388.525099</timestamp>
			</report>
			<report>
				<misses>2992001</misses>
				<total>1003756</total>
				<timestamp>388.654943</timestamp>
			</report>
			<report>
				<misses>2993001</misses>
				<total>1003756</total>
				<timestamp>388.784819</timestamp>
			</report>
			<report>
				<misses>2994001</misses>
				<total>1003756</total>
				<timestamp>388.914758</timestamp>
			</report>
			<report>
				<misses>2995001</misses>
				<total>1003756</total>
				<timestamp>389.044664</timestamp>
			</report>
			<report>
				<misses>2996001</misses>
				<total>1003756</total>
				<timestamp>389.174612</timestamp>
			</report>
			<report>
				<misses>2997001</misses>
				<total>1003756</total>
				<timestamp>389.304400</timestamp>
			</report>
			<report>
				<misses>2998001</misses>
				<total>1003756</total>
				<timestamp>389.434279</timestamp>
			</report>
			<report>
				<misses>2999001</misses>
				<total>1003760</total>
				<timestamp>389.564227</timestamp>
			</report>
			<report>
				<misses>3000001</misses>
				<total>1003761</total>
				<timestamp>389.694060</timestamp>
			</report>
			<report>
				<misses>3001001</misses>
				<total>1003761</total>
				<timestamp>389.823925</timestamp>
			</report>
			<report>
				<misses>3002001</misses>
				<total>1003761</total>
				<timestamp>389.953759</timestamp>
			</report>
			<report>
				<misses>3003001</misses>
				<total>1003761</total>
				<timestamp>390.083633</timestamp>
			</report>
			<report>
				<misses>3004001</misses>
				<total>1003761</total>
				<timestamp>390.213504</timestamp>
			</report>
			<report>
				<misses>3005001</misses>
				<total>1003761</total>
				<timestamp>390.343362</timestamp>
			</report>
			<report>
				<misses>3006001</misses>
				<total>1003767</total>
				<timestamp>390.473358</timestamp>
			</report>
			<report>
				<misses>3007001</misses>
				<total>1003768</total>
				<timestamp>390.603237</timestamp>
			</report>
			<report>
				<misses>3008001</misses>
				<total>1003768</total>
				<timestamp>390.733162</timestamp>
			</report>
			<report>
				<misses>3009001</misses>
				<total>1003768</total>
				<timestamp>390.863042</timestamp>
			</report>
			<report>
				<misses>3010001</misses>
				<total>1003768</total>
				<timestamp>390.992978</timestamp>
			</report>
			<report>
				<misses>3011001</misses>
				<total>1003778</total>
				<timestamp>391.122893</timestamp>
			</report>
			<report>
				<misses>3012001</misses>
				<total>1003784</total>
				<timestamp>391.252721</timestamp>
			</report>
			<report>
				<misses>3013001</misses>
				<total>1003788</total>
				<timestamp>391.382605</timestamp>
			</report>
			<report>
				<misses>3014001</misses>
				<total>1003788</total>
				<timestamp>391.512507</timestamp>
			</report>
			<report>
				<misses>3015001</misses>
				<total>1003788</total>
				<timestamp>391.642322</timestamp>
			</report>
			<report>
				<misses>3016001</misses>
				<total>1003788</total>
				<timestamp>391.772217</timestamp>
			</report>
			<report>
				<misses>3017001</misses>
				<total>1003787</total>
				<timestamp>391.902131</timestamp>
			</report>
			<report>
				<misses>3018001</misses>
				<total>1003788</total>
				<timestamp>392.031976</timestamp>
			</report>
			<report>
				<misses>3019001</misses>
				<total>1003788</total>
				<timestamp>392.161945</timestamp>
			</report>
			<report>
				<misses>3020001</misses>
				<total>1003788</total>
				<timestamp>392.291903</timestamp>
			</report>
			<report>
				<misses>3021001</misses>
				<total>1003788</total>
				<timestamp>392.421901</timestamp>
			</report>
			<report>
				<misses>3022001</misses>
				<total>1003788</total>
				<timestamp>392.551817</timestamp>
			</report>
			<report>
				<misses>3023001</misses>
				<total>1003788</total>
				<timestamp>392.681733</timestamp>
			</report>
			<report>
				<misses>3024001</misses>
				<total>1003788</total>
				<timestamp>392.811609</timestamp>
			</report>
			<report>
				<misses>3025001</misses>
				<total>1003788</total>
				<timestamp>392.941477</timestamp>
			</report>
			<report>
				<misses>3026001</misses>
				<total>1003788</total>
				<timestamp>393.071298</timestamp>
			</report>
			<report>
				<misses>3027001</misses>
				<total>1003789</total>
				<timestamp>393.201162</timestamp>
			</report>
			<report>
				<misses>3028001</misses>
				<total>1003789</total>
				<timestamp>393.331060</timestamp>
			</report>
			<report>
				<misses>3029001</misses>
				<total>1003796</total>
				<timestamp>393.460953</timestamp>
			</report>
			<report>
				<misses>3030001</misses>
				<total>1003803</total>
				<timestamp>393.590775</timestamp>
			</report>
			<report>
				<misses>3031001</misses>
				<total>1003803</total>
				<timestamp>393.720644</timestamp>
			</report>
			<report>
				<misses>3032001</misses>
				<total>1003803</total>
				<timestamp>393.850525</timestamp>
			</report>
			<report>
				<misses>3033001</misses>
				<total>1003803</total>
				<timestamp>393.980413</timestamp>
			</report>
			<report>
				<misses>3034001</misses>
				<total>1003803</total>
				<timestamp>394.110257</timestamp>
			</report>
			<report>
				<misses>3035001</misses>
				<total>1003803</total>
				<timestamp>394.240141</timestamp>
			</report>
			<report>
				<misses>3036001</misses>
				<total>1003803</total>
				<timestamp>394.370054</timestamp>
			</report>
			<report>
				<misses>3037001</misses>
				<total>1003803</total>
				<timestamp>394.499933</timestamp>
			</report>
			<report>
				<misses>3038001</misses>
				<total>1003803</total>
				<timestamp>394.629739</timestamp>
			</report>
			<report>
				<misses>3039001</misses>
				<total>1003802</total>
				<timestamp>394.759668</timestamp>
			</report>
			<report>
				<misses>3040001</misses>
				<total>1003803</total>
				<timestamp>394.889490</timestamp>
			</report>
			<report>
				<misses>3041001</misses>
				<total>1003803</total>
				<timestamp>395.019339</timestamp>
			</report>
			<report>
				<misses>3042001</misses>
				<total>1003803</total>
				<timestamp>395.149223</timestamp>
			</report>
			<report>
				<misses>3043001</misses>
				<total>1003803</total>
				<timestamp>395.279065</timestamp>
			</report>
			<report>
				<misses>3044001</misses>
				<total>1003802</total>
				<timestamp>395.408988</timestamp>
			</report>
			<report>
				<misses>3045001</misses>
				<total>1003803</total>
				<timestamp>395.538890</timestamp>
			</report>
			<report>
				<misses>3046001</misses>
				<total>1003803</total>
				<timestamp>395.668747</timestamp>
			</report>
			<report>
				<misses>3047001</misses>
				<total>1003805</total>
				<timestamp>395.798618</timestamp>
			</report>
			<report>
				<misses>3048001</misses>
				<total>1003805</total>
				<timestamp>395.928433</timestamp>
			</report>
			<report>
				<misses>3049001</misses>
				<total>1003805</total>
				<timestamp>396.058325</timestamp>
			</report>
			<report>
				<misses>3050001</misses>
				<total>1003804</total>
				<timestamp>396.188221</timestamp>
			</report>
			<report>
				<misses>3051001</misses>
				<total>1003805</total>
				<timestamp>396.318094</timestamp>
			</report>
			<report>
				<misses>3052001</misses>
				<total>1003805</total>
				<timestamp>396.447950</timestamp>
			</report>
			<report>
				<misses>3053001</misses>
				<total>1003904</total>
				<timestamp>396.577888</timestamp>
			</report>
			<report>
				<misses>3054001</misses>
				<total>1004903</total>
				<timestamp>396.707787</timestamp>
			</report>
			<report>
				<misses>3055001</misses>
				<total>1005902</total>
				<timestamp>396.837766</timestamp>
			</report>
			<report>
				<misses>3056001</misses>
				<total>1006901</total>
				<timestamp>396.967718</timestamp>
			</report>
			<report>
				<misses>3057001</misses>
				<total>1007900</total>
				<timestamp>397.097538</timestamp>
			</report>
			<report>
				<misses>3058001</misses>
				<total>1008899</total>
				<timestamp>397.227399</timestamp>
			</report>
			<report>
				<misses>3059001</misses>
				<total>1009898</total>
				<timestamp>397.357278</timestamp>
			</report>
			<report>
				<misses>3060001</misses>
				<total>1010897</total>
				<timestamp>397.487148</timestamp>
			</report>
			<report>
				<misses>3061001</misses>
				<total>1011896</total>
				<timestamp>397.617030</timestamp>
			</report>
			<report>
				<misses>3062001</misses>
				<total>1012895</total>
				<timestamp>397.746945</timestamp>
			</report>
			<report>
				<misses>3063001</misses>
				<total>1013894</total>
				<timestamp>397.876770</timestamp>
			</report>
			<report>
				<misses>3064001</misses>
				<total>1014893</total>
				<timestamp>398.006618</timestamp>
			</report>
			<report>
				<misses>3065001</misses>
				<total>1015892</total>
				<timestamp>398.136501</timestamp>
			</report>
			<report>
				<misses>3066001</misses>
				<total>1016891</total>
				<timestamp>398.266359</timestamp>
			</report>
			<report>
				<misses>3067001</misses>
				<total>1017890</total>
				<timestamp>398.396241</timestamp>
			</report>
			<report>
				<misses>3068001</misses>
				<total>1018889</total>
				<timestamp>398.526172</timestamp>
			</report>
			<report>
				<misses>3069001</misses>
				<total>1019888</total>
				<timestamp>398.656131</timestamp>
			</report>
			<report>
				<misses>3070001</misses>
				<total>1020887</total>
				<timestamp>398.786001</timestamp>
			</report>
			<report>
				<misses>3071001</misses>
				<total>1021886</total>
				<timestamp>398.915936</timestamp>
			</report>
			<report>
				<misses>3072001</misses>
				<total>1022885</total>
				<timestamp>399.045897</timestamp>
			</report>
			<report>
				<misses>3073001</misses>
				<total>1023884</total>
				<timestamp>399.175755</timestamp>
			</report>
			<report>
				<misses>3074001</misses>
				<total>1024883</total>
				<timestamp>399.305608</timestamp>
			</report>
			<report>
				<misses>3075001</misses>
				<total>1025882</total>
				<timestamp>399.435499</timestamp>
			</report>
			<report>
				<misses>3076001</misses>
				<total>1026881</total>
				<timestamp>399.565328</timestamp>
			</report>
			<report>
				<misses>3077001</misses>
				<total>1027880</total>
				<timestamp>399.695208</timestamp>
			</report>
			<report>
				<misses>3078001</misses>
				<total>1028879</total>
				<timestamp>399.825109</timestamp>
			</report>
			<report>
				<misses>3079001</misses>
				<total>1029878</total>
				<timestamp>399.954999</timestamp>
			</report>
			<report>
				<misses>3080001</misses>
				<total>1030877</total>
				<timestamp>400.084926</timestamp>
			</report>
			<report>
				<misses>3081001</misses>
				<total>1031876</total>
				<timestamp>400.214879</timestamp>
			</report>
			<report>
				<misses>3082001</misses>
				<total>1032875</total>
				<timestamp>400.344874</timestamp>
			</report>
			<report>
				<misses>3083001</misses>
				<total>1033874</total>
				<timestamp>400.474875</timestamp>
			</report>
			<report>
				<misses>3084001</misses>
				<total>1034873</total>
				<timestamp>400.604892</timestamp>
			</report>
			<report>
				<misses>3085001</misses>
				<total>1035872</total>
				<timestamp>400.734917</timestamp>
			</report>
			<report>
				<misses>3086001</misses>
				<total>1036871</total>
				<timestamp>400.864871</timestamp>
			</report>
			<report>
				<misses>3087001</misses>
				<total>1037870</total>
				<timestamp>400.994889</timestamp>
			</report>
			<report>
				<misses>3088001</misses>
				<total>1038869</total>
				<timestamp>401.124863</timestamp>
			</report>
			<report>
				<misses>3089001</misses>
				<total>1039868</total>
				<timestamp>401.254674</timestamp>
			</report>
			<report>
				<misses>3090001</misses>
				<total>1040867</total>
				<timestamp>401.384567</timestamp>
			</report>
			<report>
				<misses>3091001</misses>
				<total>1041866</total>
				<timestamp>401.514407</timestamp>
			</report>
			<report>
				<misses>3092001</misses>
				<total>1042865</total>
				<timestamp>401.644290</timestamp>
			</report>
			<report>
				<misses>3093001</misses>
				<total>1043864</total>
				<timestamp>401.774147</timestamp>
			</report>
			<report>
				<misses>3094001</misses>
				<total>1044863</total>
				<timestamp>401.904017</timestamp>
			</report>
			<report>
				<misses>3095001</misses>
				<total>1045862</total>
				<timestamp>402.033918</timestamp>
			</report>
			<report>
				<misses>3096001</misses>
				<total>1046861</total>
				<timestamp>402.163837</timestamp>
			</report>
			<report>
				<misses>3097001</misses>
				<total>1047860</total>
				<timestamp>402.293842</timestamp>
			</report>
			<report>
				<misses>3098001</misses>
				<total>1048859</total>
				<timestamp>402.423888</timestamp>
			</report>
			<report>
				<misses>3099001</misses>
				<total>1049858</total>
				<timestamp>402.553780</timestamp>
			</report>
			<report>
				<misses>3100001</misses>
				<total>1050857</total>
				<timestamp>402.683654</timestamp>
			</report>
			<report>
				<misses>3101001</misses>
				<total>1051856</total>
				<timestamp>402.813505</timestamp>
			</report>
			<report>
				<misses>3102001</misses>
				<total>1052855</total>
				<timestamp>402.943372</timestamp>
			</report>
			<report>
				<misses>3103001</misses>
				<total>1053854</total>
				<timestamp>403.073224</timestamp>
			</report>
			<report>
				<misses>3104001</misses>
				<total>1054853</total>
				<timestamp>403.203189</timestamp>
			</report>
			<report>
				<misses>3105001</misses>
				<total>1055852</total>
				<timestamp>403.333141</timestamp>
			</report>
			<report>
				<misses>3106001</misses>
				<total>1056851</total>
				<timestamp>403.462995</timestamp>
			</report>
			<report>
				<misses>3107001</misses>
				<total>1057850</total>
				<timestamp>403.592903</timestamp>
			</report>
			<report>
				<misses>3108001</misses>
				<total>1058849</total>
				<timestamp>403.722796</timestamp>
			</report>
			<report>
				<misses>3109001</misses>
				<total>1059848</total>
				<timestamp>403.852765</timestamp>
			</report>
			<report>
				<misses>3110001</misses>
				<total>1060847</total>
				<timestamp>403.982610</timestamp>
			</report>
			<report>
				<misses>3111001</misses>
				<total>1061846</total>
				<timestamp>404.112491</timestamp>
			</report>
			<report>
				<misses>3112001</misses>
				<total>1062845</total>
				<timestamp>404.242340</timestamp>
			</report>
			<report>
				<misses>3113001</misses>
				<total>1063844</total>
				<timestamp>404.372187</timestamp>
			</report>
			<report>
				<misses>3114001</misses>
				<total>1064843</total>
				<timestamp>404.502064</timestamp>
			</report>
			<report>
				<misses>3115001</misses>
				<total>1065842</total>
				<timestamp>404.632006</timestamp>
			</report>
			<report>
				<misses>3116001</misses>
				<total>1066841</total>
				<timestamp>404.761889</timestamp>
			</report>
			<report>
				<misses>3117001</misses>
				<total>1067840</total>
				<timestamp>404.891895</timestamp>
			</report>
			<report>
				<misses>3118001</misses>
				<total>1068839</total>
				<timestamp>405.021945</timestamp>
			</report>
			<report>
				<misses>3119001</misses>
				<total>1069838</total>
				<timestamp>405.151844</timestamp>
			</report>
			<report>
				<misses>3120001</misses>
				<total>1070837</total>
				<timestamp>405.281683</timestamp>
			</report>
			<report>
				<misses>3121001</misses>
				<total>1071836</total>
				<timestamp>405.411654</timestamp>
			</report>
			<report>
				<misses>3122001</misses>
				<total>1072835</total>
				<timestamp>405.541814</timestamp>
			</report>
			<report>
				<misses>3123001</misses>
				<total>1073834</total>
				<timestamp>405.671697</timestamp>
			</report>
			<report>
				<misses>3124001</misses>
				<total>1074833</total>
				<timestamp>405.801544</timestamp>
			</report>
			<report>
				<misses>3125001</misses>
				<total>1075832</total>
				<timestamp>405.931475</timestamp>
			</report>
			<report>
				<misses>3126001</misses>
				<total>1076831</total>
				<timestamp>406.061307</timestamp>
			</report>
			<report>
				<misses>3127001</misses>
				<total>1077830</total>
				<timestamp>406.191147</timestamp>
			</report>
			<report>
				<misses>3128001</misses>
				<total>1078829</total>
				<timestamp>406.321032</timestamp>
			</report>
			<report>
				<misses>3129001</misses>
				<total>1079828</total>
				<timestamp>406.451014</timestamp>
			</report>
			<report>
				<misses>3130001</misses>
				<total>1080827</total>
				<timestamp>406.580963</timestamp>
			</report>
			<report>
				<misses>3131001</misses>
				<total>1081826</total>
				<timestamp>406.710844</timestamp>
			</report>
			<report>
				<misses>3132001</misses>
				<total>1082825</total>
				<timestamp>406.840723</timestamp>
			</report>
			<report>
				<misses>3133001</misses>
				<total>1083824</total>
				<timestamp>406.970659</timestamp>
			</report>
			<report>
				<misses>3134001</misses>
				<total>1084823</total>
				<timestamp>407.100501</timestamp>
			</report>
			<report>
				<misses>3135001</misses>
				<total>1085822</total>
				<timestamp>407.230376</timestamp>
			</report>
			<report>
				<misses>3136001</misses>
				<total>1086821</total>
				<timestamp>407.360244</timestamp>
			</report>
			<report>
				<misses>3137001</misses>
				<total>1087820</total>
				<timestamp>407.490100</timestamp>
			</report>
			<report>
				<misses>3138001</misses>
				<total>1088819</total>
				<timestamp>407.620054</timestamp>
			</report>
			<report>
				<misses>3139001</misses>
				<total>1089818</total>
				<timestamp>407.749905</timestamp>
			</report>
			<report>
				<misses>3140001</misses>
				<total>1090817</total>
				<timestamp>407.879808</timestamp>
			</report>
			<report>
				<misses>3141001</misses>
				<total>1091816</total>
				<timestamp>408.009834</timestamp>
			</report>
			<report>
				<misses>3142001</misses>
				<total>1092815</total>
				<timestamp>408.139824</timestamp>
			</report>
			<report>
				<misses>3143001</misses>
				<total>1093814</total>
				<timestamp>408.269731</timestamp>
			</report>
			<report>
				<misses>3144001</misses>
				<total>1094813</total>
				<timestamp>408.399611</timestamp>
			</report>
			<report>
				<misses>3145001</misses>
				<total>1095812</total>
				<timestamp>408.529484</timestamp>
			</report>
			<report>
				<misses>3146001</misses>
				<total>1096811</total>
				<timestamp>408.659318</timestamp>
			</report>
			<report>
				<misses>3147001</misses>
				<total>1097810</total>
				<timestamp>408.789207</timestamp>
			</report>
			<report>
				<misses>3148001</misses>
				<total>1098809</total>
				<timestamp>408.919091</timestamp>
			</report>
			<report>
				<misses>3149001</misses>
				<total>1099808</total>
				<timestamp>409.049049</timestamp>
			</report>
			<report>
				<misses>3150001</misses>
				<total>1100807</total>
				<timestamp>409.178946</timestamp>
			</report>
			<report>
				<misses>3151001</misses>
				<total>1101806</total>
				<timestamp>409.308829</timestamp>
			</report>
			<report>
				<misses>3152001</misses>
				<total>1102805</total>
				<timestamp>409.438767</timestamp>
			</report>
			<report>
				<misses>3153001</misses>
				<total>1103804</total>
				<timestamp>409.568802</timestamp>
			</report>
			<report>
				<misses>3154001</misses>
				<total>1104803</total>
				<timestamp>409.698800</timestamp>
			</report>
			<report>
				<misses>3155001</misses>
				<total>1105802</total>
				<timestamp>409.828725</timestamp>
			</report>
			<report>
				<misses>3156001</misses>
				<total>1106801</total>
				<timestamp>409.958658</timestamp>
			</report>
			<report>
				<misses>3157001</misses>
				<total>1107800</total>
				<timestamp>410.088584</timestamp>
			</report>
			<report>
				<misses>3158001</misses>
				<total>1108799</total>
				<timestamp>410.218441</timestamp>
			</report>
			<report>
				<misses>3159001</misses>
				<total>1109798</total>
				<timestamp>410.348287</timestamp>
			</report>
			<report>
				<misses>3160001</misses>
				<total>1110797</total>
				<timestamp>410.478164</timestamp>
			</report>
			<report>
				<misses>3161001</misses>
				<total>1111796</total>
				<timestamp>410.608055</timestamp>
			</report>
			<report>
				<misses>3162001</misses>
				<total>1112795</total>
				<timestamp>410.737952</timestamp>
			</report>
			<report>
				<misses>3163001</misses>
				<total>1113794</total>
				<timestamp>410.867823</timestamp>
			</report>
			<report>
				<misses>3164001</misses>
				<total>1114793</total>
				<timestamp>410.997645</timestamp>
			</report>
			<report>
				<misses>3165001</misses>
				<total>1115792</total>
				<timestamp>411.127579</timestamp>
			</report>
			<report>
				<misses>3166001</misses>
				<total>1116791</total>
				<timestamp>411.257407</timestamp>
			</report>
			<report>
				<misses>3167001</misses>
				<total>1117790</total>
				<timestamp>411.387261</timestamp>
			</report>
			<report>
				<misses>3168001</misses>
				<total>1118789</total>
				<timestamp>411.517143</timestamp>
			</report>
			<report>
				<misses>3169001</misses>
				<total>1119788</total>
				<timestamp>411.647122</timestamp>
			</report>
			<report>
				<misses>3170001</misses>
				<total>1120787</total>
				<timestamp>411.777085</timestamp>
			</report>
			<report>
				<misses>3171001</misses>
				<total>1121786</total>
				<timestamp>411.907010</timestamp>
			</report>
			<report>
				<misses>3172001</misses>
				<total>1122785</total>
				<timestamp>412.036982</timestamp>
			</report>
			<report>
				<misses>3173001</misses>
				<total>1123784</total>
				<timestamp>412.166976</timestamp>
			</report>
			<report>
				<misses>3174001</misses>
				<total>1124783</total>
				<timestamp>412.296964</timestamp>
			</report>
			<report>
				<misses>3175001</misses>
				<total>1125782</total>
				<timestamp>412.426884</timestamp>
			</report>
			<report>
				<misses>3176001</misses>
				<total>1126781</total>
				<timestamp>412.556786</timestamp>
			</report>
			<report>
				<misses>3177001</misses>
				<total>1127780</total>
				<timestamp>412.686636</timestamp>
			</report>
			<report>
				<misses>3178001</misses>
				<total>1128779</total>
				<timestamp>412.816540</timestamp>
			</report>
			<report>
				<misses>3179001</misses>
				<total>1129778</total>
				<timestamp>412.946347</timestamp>
			</report>
			<report>
				<misses>3180001</misses>
				<total>1130777</total>
				<timestamp>413.076212</timestamp>
			</report>
			<report>
				<misses>3181001</misses>
				<total>1131776</total>
				<timestamp>413.206089</timestamp>
			</report>
			<report>
				<misses>3182001</misses>
				<total>1132775</total>
				<timestamp>413.335978</timestamp>
			</report>
			<report>
				<misses>3183001</misses>
				<total>1133774</total>
				<timestamp>413.465873</timestamp>
			</report>
			<report>
				<misses>3184001</misses>
				<total>1134773</total>
				<timestamp>413.595763</timestamp>
			</report>
			<report>
				<misses>3185001</misses>
				<total>1135772</total>
				<timestamp>413.725572</timestamp>
			</report>
			<report>
				<misses>3186001</misses>
				<total>1136771</total>
				<timestamp>413.855564</timestamp>
			</report>
			<report>
				<misses>3187001</misses>
				<total>1137770</total>
				<timestamp>413.985536</timestamp>
			</report>
			<report>
				<misses>3188001</misses>
				<total>1138769</total>
				<timestamp>414.115545</timestamp>
			</report>
			<report>
				<misses>3189001</misses>
				<total>1139768</total>
				<timestamp>414.245483</timestamp>
			</report>
			<report>
				<misses>3190001</misses>
				<total>1140767</total>
				<timestamp>414.375310</timestamp>
			</report>
			<report>
				<misses>3191001</misses>
				<total>1141766</total>
				<timestamp>414.505175</timestamp>
			</report>
			<report>
				<misses>3192001</misses>
				<total>1142765</total>
				<timestamp>414.635057</timestamp>
			</report>
			<report>
				<misses>3193001</misses>
				<total>1143764</total>
				<timestamp>414.764989</timestamp>
			</report>
			<report>
				<misses>3194001</misses>
				<total>1144763</total>
				<timestamp>414.894938</timestamp>
			</report>
			<report>
				<misses>3195001</misses>
				<total>1145762</total>
				<timestamp>415.024823</timestamp>
			</report>
			<report>
				<misses>3196001</misses>
				<total>1146761</total>
				<timestamp>415.154754</timestamp>
			</report>
			<report>
				<misses>3197001</misses>
				<total>1147760</total>
				<timestamp>415.284682</timestamp>
			</report>
			<report>
				<misses>3198001</misses>
				<total>1148759</total>
				<timestamp>415.414529</timestamp>
			</report>
			<report>
				<misses>3199001</misses>
				<total>1149758</total>
				<timestamp>415.544410</timestamp>
			</report>
			<report>
				<misses>3200001</misses>
				<total>1150757</total>
				<timestamp>415.674276</timestamp>
			</report>
			<report>
				<misses>3201001</misses>
				<total>1151756</total>
				<timestamp>415.804131</timestamp>
			</report>
			<report>
				<misses>3202001</misses>
				<total>1152755</total>
				<timestamp>415.934001</timestamp>
			</report>
			<report>
				<misses>3203001</misses>
				<total>1153754</total>
				<timestamp>416.063907</timestamp>
			</report>
			<report>
				<misses>3204001</misses>
				<total>1154753</total>
				<timestamp>416.193793</timestamp>
			</report>
			<report>
				<misses>3205001</misses>
				<total>1155752</total>
				<timestamp>416.323685</timestamp>
			</report>
			<report>
				<misses>3206001</misses>
				<total>1156751</total>
				<timestamp>416.453502</timestamp>
			</report>
			<report>
				<misses>3207001</misses>
				<total>1157750</total>
				<timestamp>416.583375</timestamp>
			</report>
			<report>
				<misses>3208001</misses>
				<total>1158749</total>
				<timestamp>416.713261</timestamp>
			</report>
			<report>
				<misses>3209001</misses>
				<total>1159748</total>
				<timestamp>416.843101</timestamp>
			</report>
			<report>
				<misses>3210001</misses>
				<total>1160747</total>
				<timestamp>416.972975</timestamp>
			</report>
			<report>
				<misses>3211001</misses>
				<total>1161746</total>
				<timestamp>417.102900</timestamp>
			</report>
			<report>
				<misses>3212001</misses>
				<total>1162745</total>
				<timestamp>417.232811</timestamp>
			</report>
			<report>
				<misses>3213001</misses>
				<total>1163744</total>
				<timestamp>417.362937</timestamp>
			</report>
			<report>
				<misses>3214001</misses>
				<total>1164743</total>
				<timestamp>417.492900</timestamp>
			</report>
			<report>
				<misses>3215001</misses>
				<total>1165742</total>
				<timestamp>417.622788</timestamp>
			</report>
			<report>
				<misses>3216001</misses>
				<total>1166741</total>
				<timestamp>417.752800</timestamp>
			</report>
			<report>
				<misses>3217001</misses>
				<total>1167740</total>
				<timestamp>417.882856</timestamp>
			</report>
			<report>
				<misses>3218001</misses>
				<total>1168739</total>
				<timestamp>418.012821</timestamp>
			</report>
			<report>
				<misses>3219001</misses>
				<total>1169738</total>
				<timestamp>418.142760</timestamp>
			</report>
			<report>
				<misses>3220001</misses>
				<total>1170737</total>
				<timestamp>418.272607</timestamp>
			</report>
			<report>
				<misses>3221001</misses>
				<total>1171736</total>
				<timestamp>418.402561</timestamp>
			</report>
			<report>
				<misses>3222001</misses>
				<total>1172735</total>
				<timestamp>418.532525</timestamp>
			</report>
			<report>
				<misses>3223001</misses>
				<total>1173734</total>
				<timestamp>418.662453</timestamp>
			</report>
			<report>
				<misses>3224001</misses>
				<total>1174701</total>
				<timestamp>418.792312</timestamp>
			</report>
			<report>
				<misses>3225001</misses>
				<total>1175585</total>
				<timestamp>418.922205</timestamp>
			</report>
			<report>
				<misses>3226001</misses>
				<total>1176584</total>
				<timestamp>419.052061</timestamp>
			</report>
			<report>
				<misses>3227001</misses>
				<total>1177583</total>
				<timestamp>419.181997</timestamp>
			</report>
			<report>
				<misses>3228001</misses>
				<total>1178582</total>
				<timestamp>419.311874</timestamp>
			</report>
			<report>
				<misses>3229001</misses>
				<total>1179581</total>
				<timestamp>419.441880</timestamp>
			</report>
			<report>
				<misses>3230001</misses>
				<total>1180580</total>
				<timestamp>419.571860</timestamp>
			</report>
			<report>
				<misses>3231001</misses>
				<total>1181579</total>
				<timestamp>419.701735</timestamp>
			</report>
			<report>
				<misses>3232001</misses>
				<total>1182429</total>
				<timestamp>419.831563</timestamp>
			</report>
			<report>
				<misses>3233001</misses>
				<total>1182429</total>
				<timestamp>419.961404</timestamp>
			</report>
			<report>
				<misses>3234001</misses>
				<total>1183280</total>
				<timestamp>420.091267</timestamp>
			</report>
			<report>
				<misses>3235001</misses>
				<total>1184279</total>
				<timestamp>420.221160</timestamp>
			</report>
			<report>
				<misses>3236001</misses>
				<total>1185278</total>
				<timestamp>420.351030</timestamp>
			</report>
			<report>
				<misses>3237001</misses>
				<total>1186277</total>
				<timestamp>420.480929</timestamp>
			</report>
			<report>
				<misses>3238001</misses>
				<total>1187276</total>
				<timestamp>420.610799</timestamp>
			</report>
			<report>
				<misses>3239001</misses>
				<total>1188275</total>
				<timestamp>420.740750</timestamp>
			</report>
			<report>
				<misses>3240001</misses>
				<total>1189009</total>
				<timestamp>420.870635</timestamp>
			</report>
			<report>
				<misses>3241001</misses>
				<total>1189011</total>
				<timestamp>421.000547</timestamp>
			</report>
			<report>
				<misses>3242001</misses>
				<total>1189011</total>
				<timestamp>421.130374</timestamp>
			</report>
			<report>
				<misses>3243001</misses>
				<total>1189011</total>
				<timestamp>421.260226</timestamp>
			</report>
			<report>
				<misses>3244001</misses>
				<total>1189011</total>
				<timestamp>421.390099</timestamp>
			</report>
			<report>
				<misses>3245001</misses>
				<total>1189011</total>
				<timestamp>421.519979</timestamp>
			</report>
			<report>
				<misses>3246001</misses>
				<total>1189011</total>
				<timestamp>421.649887</timestamp>
			</report>
			<report>
				<misses>3247001</misses>
				<total>1189011</total>
				<timestamp>421.779813</timestamp>
			</report>
			<report>
				<misses>3248001</misses>
				<total>1189011</total>
				<timestamp>421.909798</timestamp>
			</report>
			<report>
				<misses>3249001</misses>
				<total>1189015</total>
				<timestamp>422.039816</timestamp>
			</report>
			<report>
				<misses>3250001</misses>
				<total>1189015</total>
				<timestamp>422.169813</timestamp>
			</report>
			<report>
				<misses>3251001</misses>
				<total>1189015</total>
				<timestamp>422.299804</timestamp>
			</report>
			<report>
				<misses>3252001</misses>
				<total>1189015</total>
				<timestamp>422.429780</timestamp>
			</report>
			<report>
				<misses>3253001</misses>
				<total>1189015</total>
				<timestamp>422.559689</timestamp>
			</report>
			<report>
				<misses>3254001</misses>
				<total>1189015</total>
				<timestamp>422.689631</timestamp>
			</report>
			<report>
				<misses>3255001</misses>
				<total>1189015</total>
				<timestamp>422.819508</timestamp>
			</report>
			<report>
				<misses>3256001</misses>
				<total>1189015</total>
				<timestamp>422.949331</timestamp>
			</report>
			<report>
				<misses>3257001</misses>
				<total>1189015</total>
				<timestamp>423.079265</timestamp>
			</report>
			<report>
				<misses>3258001</misses>
				<total>1189015</total>
				<timestamp>423.209062</timestamp>
			</report>
			<report>
				<misses>3259001</misses>
				<total>1189015</total>
				<timestamp>423.339000</timestamp>
			</report>
			<report>
				<misses>3260001</misses>
				<total>1189015</total>
				<timestamp>423.468879</timestamp>
			</report>
			<report>
				<misses>3261001</misses>
				<total>1189015</total>
				<timestamp>423.598739</timestamp>
			</report>
			<report>
				<misses>3262001</misses>
				<total>1189015</total>
				<timestamp>423.728636</timestamp>
			</report>
			<report>
				<misses>3263001</misses>
				<total>1189015</total>
				<timestamp>423.858577</timestamp>
			</report>
			<report>
				<misses>3264001</misses>
				<total>1189015</total>
				<timestamp>423.988407</timestamp>
			</report>
			<report>
				<misses>3265001</misses>
				<total>1189015</total>
				<timestamp>424.118280</timestamp>
			</report>
			<report>
				<misses>3266001</misses>
				<total>1189015</total>
				<timestamp>424.248192</timestamp>
			</report>
			<report>
				<misses>3267001</misses>
				<total>1189015</total>
				<timestamp>424.378033</timestamp>
			</report>
			<report>
				<misses>3268001</misses>
				<total>1189015</total>
				<timestamp>424.507892</timestamp>
			</report>
			<report>
				<misses>3269001</misses>
				<total>1189015</total>
				<timestamp>424.637791</timestamp>
			</report>
			<report>
				<misses>3270001</misses>
				<total>1189015</total>
				<timestamp>424.767799</timestamp>
			</report>
			<report>
				<misses>3271001</misses>
				<total>1189016</total>
				<timestamp>424.897741</timestamp>
			</report>
			<report>
				<misses>3272001</misses>
				<total>1189016</total>
				<timestamp>425.027770</timestamp>
			</report>
			<report>
				<misses>3273001</misses>
				<total>1189016</total>
				<timestamp>425.157805</timestamp>
			</report>
			<report>
				<misses>3274001</misses>
				<total>1189015</total>
				<timestamp>425.287763</timestamp>
			</report>
			<report>
				<misses>3275001</misses>
				<total>1189016</total>
				<timestamp>425.417717</timestamp>
			</report>
			<report>
				<misses>3276001</misses>
				<total>1189019</total>
				<timestamp>425.547680</timestamp>
			</report>
			<report>
				<misses>3277001</misses>
				<total>1189019</total>
				<timestamp>425.677514</timestamp>
			</report>
			<report>
				<misses>3278001</misses>
				<total>1189019</total>
				<timestamp>425.807364</timestamp>
			</report>
			<report>
				<misses>3279001</misses>
				<total>1189019</total>
				<timestamp>425.937275</timestamp>
			</report>
			<report>
				<misses>3280001</misses>
				<total>1189019</total>
				<timestamp>426.067109</timestamp>
			</report>
			<report>
				<misses>3281001</misses>
				<total>1189020</total>
				<timestamp>426.196977</timestamp>
			</report>
			<report>
				<misses>3282001</misses>
				<total>1189022</total>
				<timestamp>426.326937</timestamp>
			</report>
			<report>
				<misses>3283001</misses>
				<total>1189021</total>
				<timestamp>426.456942</timestamp>
			</report>
			<report>
				<misses>3284001</misses>
				<total>1189021</total>
				<timestamp>426.586921</timestamp>
			</report>
			<report>
				<misses>3285001</misses>
				<total>1189022</total>
				<timestamp>426.716815</timestamp>
			</report>
			<report>
				<misses>3286001</misses>
				<total>1189022</total>
				<timestamp>426.846913</timestamp>
			</report>
			<report>
				<misses>3287001</misses>
				<total>1189022</total>
				<timestamp>426.976808</timestamp>
			</report>
			<report>
				<misses>3288001</misses>
				<total>1189022</total>
				<timestamp>427.106837</timestamp>
			</report>
			<report>
				<misses>3289001</misses>
				<total>1189022</total>
				<timestamp>427.236798</timestamp>
			</report>
			<report>
				<misses>3290001</misses>
				<total>1189022</total>
				<timestamp>427.366716</timestamp>
			</report>
			<report>
				<misses>3291001</misses>
				<total>1189022</total>
				<timestamp>427.496699</timestamp>
			</report>
			<report>
				<misses>3292001</misses>
				<total>1189022</total>
				<timestamp>427.626714</timestamp>
			</report>
			<report>
				<misses>3293001</misses>
				<total>1189022</total>
				<timestamp>427.756690</timestamp>
			</report>
			<report>
				<misses>3294001</misses>
				<total>1189032</total>
				<timestamp>427.886737</timestamp>
			</report>
			<report>
				<misses>3295001</misses>
				<total>1189032</total>
				<timestamp>428.016710</timestamp>
			</report>
			<report>
				<misses>3296001</misses>
				<total>1189036</total>
				<timestamp>428.146615</timestamp>
			</report>
			<report>
				<misses>3297001</misses>
				<total>1189036</total>
				<timestamp>428.276550</timestamp>
			</report>
			<report>
				<misses>3298001</misses>
				<total>1189043</total>
				<timestamp>428.406482</timestamp>
			</report>
			<report>
				<misses>3299001</misses>
				<total>1189043</total>
				<timestamp>428.536333</timestamp>
			</report>
			<report>
				<misses>3300001</misses>
				<total>1189045</total>
				<timestamp>428.666210</timestamp>
			</report>
			<report>
				<misses>3301001</misses>
				<total>1189045</total>
				<timestamp>428.796079</timestamp>
			</report>
			<report>
				<misses>3302001</misses>
				<total>1189052</total>
				<timestamp>428.925966</timestamp>
			</report>
			<report>
				<misses>3303001</misses>
				<total>1189052</total>
				<timestamp>429.055871</timestamp>
			</report>
			<report>
				<misses>3304001</misses>
				<total>1189052</total>
				<timestamp>429.185822</timestamp>
			</report>
			<report>
				<misses>3305001</misses>
				<total>1189052</total>
				<timestamp>429.315762</timestamp>
			</report>
			<report>
				<misses>3306001</misses>
				<total>1189052</total>
				<timestamp>429.445800</timestamp>
			</report>
			<report>
				<misses>3307001</misses>
				<total>1189052</total>
				<timestamp>429.575750</timestamp>
			</report>
			<report>
				<misses>3308001</misses>
				<total>1189052</total>
				<timestamp>429.705639</timestamp>
			</report>
			<report>
				<misses>3309001</misses>
				<total>1189052</total>
				<timestamp>429.835648</timestamp>
			</report>
			<report>
				<misses>3310001</misses>
				<total>1189052</total>
				<timestamp>429.965593</timestamp>
			</report>
			<report>
				<misses>3311001</misses>
				<total>1189052</total>
				<timestamp>430.095488</timestamp>
			</report>
			<report>
				<misses>3312001</misses>
				<total>1189052</total>
				<timestamp>430.225298</timestamp>
			</report>
			<report>
				<misses>3313001</misses>
				<total>1189052</total>
				<timestamp>430.355150</timestamp>
			</report>
			<report>
				<misses>3314001</misses>
				<total>1189052</total>
				<timestamp>430.485058</timestamp>
			</report>
			<report>
				<misses>3315001</misses>
				<total>1189052</total>
				<timestamp>430.614938</timestamp>
			</report>
			<report>
				<misses>3316001</misses>
				<total>1189052</total>
				<timestamp>430.744874</timestamp>
			</report>
			<report>
				<misses>3317001</misses>
				<total>1189052</total>
				<timestamp>430.874818</timestamp>
			</report>
			<report>
				<misses>3318001</misses>
				<total>1189052</total>
				<timestamp>431.004676</timestamp>
			</report>
			<report>
				<misses>3319001</misses>
				<total>1189052</total>
				<timestamp>431.134526</timestamp>
			</report>
			<report>
				<misses>3320001</misses>
				<total>1189052</total>
				<timestamp>431.264393</timestamp>
			</report>
			<report>
				<misses>3321001</misses>
				<total>1189052</total>
				<timestamp>431.394262</timestamp>
			</report>
			<report>
				<misses>3322001</misses>
				<total>1189052</total>
				<timestamp>431.524120</timestamp>
			</report>
			<report>
				<misses>3323001</misses>
				<total>1189052</total>
				<timestamp>431.653983</timestamp>
			</report>
			<report>
				<misses>3324001</misses>
				<total>1189052</total>
				<timestamp>431.783869</timestamp>
			</report>
			<report>
				<misses>3325001</misses>
				<total>1189052</total>
				<timestamp>431.913797</timestamp>
			</report>
			<report>
				<misses>3326001</misses>
				<total>1189052</total>
				<timestamp>432.043702</timestamp>
			</report>
			<report>
				<misses>3327001</misses>
				<total>1189052</total>
				<timestamp>432.173700</timestamp>
			</report>
			<report>
				<misses>3328001</misses>
				<total>1189058</total>
				<timestamp>432.303708</timestamp>
			</report>
			<report>
				<misses>3329001</misses>
				<total>1189070</total>
				<timestamp>432.433690</timestamp>
			</report>
			<report>
				<misses>3330001</misses>
				<total>1189070</total>
				<timestamp>432.563679</timestamp>
			</report>
			<report>
				<misses>3331001</misses>
				<total>1189070</total>
				<timestamp>432.693522</timestamp>
			</report>
			<report>
				<misses>3332001</misses>
				<total>1189070</total>
				<timestamp>432.823337</timestamp>
			</report>
			<report>
				<misses>3333001</misses>
				<total>1189070</total>
				<timestamp>432.953198</timestamp>
			</report>
			<report>
				<misses>3334001</misses>
				<total>1189070</total>
				<timestamp>433.083140</timestamp>
			</report>
			<report>
				<misses>3335001</misses>
				<total>1189072</total>
				<timestamp>433.212945</timestamp>
			</report>
			<report>
				<misses>3336001</misses>
				<total>1189071</total>
				<timestamp>433.342845</timestamp>
			</report>
			<report>
				<misses>3337001</misses>
				<total>1189071</total>
				<timestamp>433.472776</timestamp>
			</report>
			<report>
				<misses>3338001</misses>
				<total>1189071</total>
				<timestamp>433.602734</timestamp>
			</report>
			<report>
				<misses>3339001</misses>
				<total>1189071</total>
				<timestamp>433.732671</timestamp>
			</report>
			<report>
				<misses>3340001</misses>
				<total>1189071</total>
				<timestamp>433.862671</timestamp>
			</report>
			<report>
				<misses>3341001</misses>
				<total>1189071</total>
				<timestamp>433.992649</timestamp>
			</report>
			<report>
				<misses>3342001</misses>
				<total>1189071</total>
				<timestamp>434.122694</timestamp>
			</report>
			<report>
				<misses>3343001</misses>
				<total>1189071</total>
				<timestamp>434.252578</timestamp>
			</report>
			<report>
				<misses>3344001</misses>
				<total>1189071</total>
				<timestamp>434.382508</timestamp>
			</report>
			<report>
				<misses>3345001</misses>
				<total>1189071</total>
				<timestamp>434.512309</timestamp>
			</report>
			<report>
				<misses>3346001</misses>
				<total>1189071</total>
				<timestamp>434.642168</timestamp>
			</report>
			<report>
				<misses>3347001</misses>
				<total>1189071</total>
				<timestamp>434.772043</timestamp>
			</report>
			<report>
				<misses>3348001</misses>
				<total>1189071</total>
				<timestamp>434.901904</timestamp>
			</report>
			<report>
				<misses>3349001</misses>
				<total>1189071</total>
				<timestamp>435.031815</timestamp>
			</report>
			<report>
				<misses>3350001</misses>
				<total>1189071</total>
				<timestamp>435.161729</timestamp>
			</report>
			<report>
				<misses>3351001</misses>
				<total>1189071</total>
				<timestamp>435.291528</timestamp>
			</report>
			<report>
				<misses>3352001</misses>
				<total>1189071</total>
				<timestamp>435.421402</timestamp>
			</report>
			<report>
				<misses>3353001</misses>
				<total>1189071</total>
				<timestamp>435.551264</timestamp>
			</report>
			<report>
				<misses>3354001</misses>
				<total>1189071</total>
				<timestamp>435.681135</timestamp>
			</report>
			<report>
				<misses>3355001</misses>
				<total>1189073</total>
				<timestamp>435.811047</timestamp>
			</report>
			<report>
				<misses>3356001</misses>
				<total>1189073</total>
				<timestamp>435.940880</timestamp>
			</report>
			<report>
				<misses>3357001</misses>
				<total>1189073</total>
				<timestamp>436.070819</timestamp>
			</report>
			<report>
				<misses>3358001</misses>
				<total>1189073</total>
				<timestamp>436.200692</timestamp>
			</report>
			<report>
				<misses>3359001</misses>
				<total>1189073</total>
				<timestamp>436.330699</timestamp>
			</report>
			<report>
				<misses>3360001</misses>
				<total>1189073</total>
				<timestamp>436.460680</timestamp>
			</report>
			<report>
				<misses>3361001</misses>
				<total>1189073</total>
				<timestamp>436.590509</timestamp>
			</report>
			<report>
				<misses>3362001</misses>
				<total>1189073</total>
				<timestamp>436.720380</timestamp>
			</report>
			<report>
				<misses>3363001</misses>
				<total>1189076</total>
				<timestamp>436.850232</timestamp>
			</report>
			<report>
				<misses>3364001</misses>
				<total>1189076</total>
				<timestamp>436.980100</timestamp>
			</report>
			<report>
				<misses>3365001</misses>
				<total>1189076</total>
				<timestamp>437.109966</timestamp>
			</report>
			<report>
				<misses>3366001</misses>
				<total>1189076</total>
				<timestamp>437.239872</timestamp>
			</report>
			<report>
				<misses>3367001</misses>
				<total>1189076</total>
				<timestamp>437.369769</timestamp>
			</report>
			<report>
				<misses>3368001</misses>
				<total>1189076</total>
				<timestamp>437.499635</timestamp>
			</report>
			<report>
				<misses>3369001</misses>
				<total>1189076</total>
				<timestamp>437.629439</timestamp>
			</report>
			<report>
				<misses>3370001</misses>
				<total>1189076</total>
				<timestamp>437.759319</timestamp>
			</report>
			<report>
				<misses>3371001</misses>
				<total>1189076</total>
				<timestamp>437.889190</timestamp>
			</report>
			<report>
				<misses>3372001</misses>
				<total>1189077</total>
				<timestamp>438.019059</timestamp>
			</report>
			<report>
				<misses>3373001</misses>
				<total>1189077</total>
				<timestamp>438.148935</timestamp>
			</report>
			<report>
				<misses>3374001</misses>
				<total>1189077</total>
				<timestamp>438.278830</timestamp>
			</report>
			<report>
				<misses>3375001</misses>
				<total>1189077</total>
				<timestamp>438.408695</timestamp>
			</report>
			<report>
				<misses>3376001</misses>
				<total>1189077</total>
				<timestamp>438.538546</timestamp>
			</report>
			<report>
				<misses>3377001</misses>
				<total>1189077</total>
				<timestamp>438.668410</timestamp>
			</report>
			<report>
				<misses>3378001</misses>
				<total>1189077</total>
				<timestamp>438.798291</timestamp>
			</report>
			<report>
				<misses>3379001</misses>
				<total>1189077</total>
				<timestamp>438.928165</timestamp>
			</report>
			<report>
				<misses>3380001</misses>
				<total>1189080</total>
				<timestamp>439.058031</timestamp>
			</report>
			<report>
				<misses>3381001</misses>
				<total>1189078</total>
				<timestamp>439.187923</timestamp>
			</report>
			<report>
				<misses>3382001</misses>
				<total>1189079</total>
				<timestamp>439.317842</timestamp>
			</report>
			<report>
				<misses>3383001</misses>
				<total>1189079</total>
				<timestamp>439.447781</timestamp>
			</report>
			<report>
				<misses>3384001</misses>
				<total>1189079</total>
				<timestamp>439.577715</timestamp>
			</report>
			<report>
				<misses>3385001</misses>
				<total>1189079</total>
				<timestamp>439.707612</timestamp>
			</report>
			<report>
				<misses>3386001</misses>
				<total>1189079</total>
				<timestamp>439.837539</timestamp>
			</report>
			<report>
				<misses>3387001</misses>
				<total>1189079</total>
				<timestamp>439.967393</timestamp>
			</report>
			<report>
				<misses>3388001</misses>
				<total>1189079</total>
				<timestamp>440.097243</timestamp>
			</report>
			<report>
				<misses>3389001</misses>
				<total>1189079</total>
				<timestamp>440.227098</timestamp>
			</report>
			<report>
				<misses>3390001</misses>
				<total>1189086</total>
				<timestamp>440.357000</timestamp>
			</report>
			<report>
				<misses>3391001</misses>
				<total>1189086</total>
				<timestamp>440.486857</timestamp>
			</report>
			<report>
				<misses>3392001</misses>
				<total>1189086</total>
				<timestamp>440.616787</timestamp>
			</report>
			<report>
				<misses>3393001</misses>
				<total>1189086</total>
				<timestamp>440.746612</timestamp>
			</report>
			<report>
				<misses>3394001</misses>
				<total>1189086</total>
				<timestamp>440.876514</timestamp>
			</report>
			<report>
				<misses>3395001</misses>
				<total>1189088</total>
				<timestamp>441.006318</timestamp>
			</report>
			<report>
				<misses>3396001</misses>
				<total>1189090</total>
				<timestamp>441.136204</timestamp>
			</report>
			<report>
				<misses>3397001</misses>
				<total>1189090</total>
				<timestamp>441.266059</timestamp>
			</report>
			<report>
				<misses>3398001</misses>
				<total>1189090</total>
				<timestamp>441.395966</timestamp>
			</report>
			<report>
				<misses>3399001</misses>
				<total>1189090</total>
				<timestamp>441.525866</timestamp>
			</report>
			<report>
				<misses>3400001</misses>
				<total>1189090</total>
				<timestamp>441.655749</timestamp>
			</report>
			<report>
				<misses>3401001</misses>
				<total>1189090</total>
				<timestamp>441.785613</timestamp>
			</report>
			<report>
				<misses>3402001</misses>
				<total>1189095</total>
				<timestamp>441.915415</timestamp>
			</report>
			<report>
				<misses>3403001</misses>
				<total>1189095</total>
				<timestamp>442.045273</timestamp>
			</report>
			<report>
				<misses>3404001</misses>
				<total>1189094</total>
				<timestamp>442.175231</timestamp>
			</report>
			<report>
				<misses>3405001</misses>
				<total>1189096</total>
				<timestamp>442.305017</timestamp>
			</report>
			<report>
				<misses>3406001</misses>
				<total>1189096</total>
				<timestamp>442.434934</timestamp>
			</report>
			<report>
				<misses>3407001</misses>
				<total>1189096</total>
				<timestamp>442.564794</timestamp>
			</report>
			<report>
				<misses>3408001</misses>
				<total>1189096</total>
				<timestamp>442.694731</timestamp>
			</report>
			<report>
				<misses>3409001</misses>
				<total>1189096</total>
				<timestamp>442.824765</timestamp>
			</report>
			<report>
				<misses>3410001</misses>
				<total>1189096</total>
				<timestamp>442.954736</timestamp>
			</report>
			<report>
				<misses>3411001</misses>
				<total>1189096</total>
				<timestamp>443.084643</timestamp>
			</report>
			<report>
				<misses>3412001</misses>
				<total>1189104</total>
				<timestamp>443.214585</timestamp>
			</report>
			<report>
				<misses>3413001</misses>
				<total>1189104</total>
				<timestamp>443.344606</timestamp>
			</report>
			<report>
				<misses>3414001</misses>
				<total>1189104</total>
				<timestamp>443.474529</timestamp>
			</report>
			<report>
				<misses>3415001</misses>
				<total>1189104</total>
				<timestamp>443.604379</timestamp>
			</report>
			<report>
				<misses>3416001</misses>
				<total>1189104</total>
				<timestamp>443.734243</timestamp>
			</report>
			<report>
				<misses>3417001</misses>
				<total>1189104</total>
				<timestamp>443.864109</timestamp>
			</report>
			<report>
				<misses>3418001</misses>
				<total>1189104</total>
				<timestamp>443.994014</timestamp>
			</report>
			<report>
				<misses>3419001</misses>
				<total>1189104</total>
				<timestamp>444.123848</timestamp>
			</report>
			<report>
				<misses>3420001</misses>
				<total>1189104</total>
				<timestamp>444.253769</timestamp>
			</report>
			<report>
				<misses>3421001</misses>
				<total>1189104</total>
				<timestamp>444.383653</timestamp>
			</report>
			<report>
				<misses>3422001</misses>
				<total>1189104</total>
				<timestamp>444.513478</timestamp>
			</report>
			<report>
				<misses>3423001</misses>
				<total>1189113</total>
				<timestamp>444.643324</timestamp>
			</report>
			<report>
				<misses>3424001</misses>
				<total>1189113</total>
				<timestamp>444.773195</timestamp>
			</report>
			<report>
				<misses>3425001</misses>
				<total>1189113</total>
				<timestamp>444.903068</timestamp>
			</report>
			<report>
				<misses>3426001</misses>
				<total>1189115</total>
				<timestamp>445.032945</timestamp>
			</report>
			<report>
				<misses>3427001</misses>
				<total>1189115</total>
				<timestamp>445.162936</timestamp>
			</report>
			<report>
				<misses>3428001</misses>
				<total>1189115</total>
				<timestamp>445.292804</timestamp>
			</report>
			<report>
				<misses>3429001</misses>
				<total>1189115</total>
				<timestamp>445.422731</timestamp>
			</report>
			<report>
				<misses>3430001</misses>
				<total>1189115</total>
				<timestamp>445.552631</timestamp>
			</report>
			<report>
				<misses>3431001</misses>
				<total>1189115</total>
				<timestamp>445.682411</timestamp>
			</report>
			<report>
				<misses>3432001</misses>
				<total>1189115</total>
				<timestamp>445.812290</timestamp>
			</report>
			<report>
				<misses>3433001</misses>
				<total>1189116</total>
				<timestamp>445.942157</timestamp>
			</report>
			<report>
				<misses>3434001</misses>
				<total>1189116</total>
				<timestamp>446.072023</timestamp>
			</report>
			<report>
				<misses>3435001</misses>
				<total>1189116</total>
				<timestamp>446.201934</timestamp>
			</report>
			<report>
				<misses>3436001</misses>
				<total>1189116</total>
				<timestamp>446.331822</timestamp>
			</report>
			<report>
				<misses>3437001</misses>
				<total>1189120</total>
				<timestamp>446.461726</timestamp>
			</report>
			<report>
				<misses>3438001</misses>
				<total>1189120</total>
				<timestamp>446.591724</timestamp>
			</report>
			<report>
				<misses>3439001</misses>
				<total>1189120</total>
				<timestamp>446.721562</timestamp>
			</report>
			<report>
				<misses>3440001</misses>
				<total>1189120</total>
				<timestamp>446.851382</timestamp>
			</report>
			<report>
				<misses>3441001</misses>
				<total>1189399</total>
				<timestamp>446.981269</timestamp>
			</report>
			<report>
				<misses>3442001</misses>
				<total>1190398</total>
				<timestamp>447.111131</timestamp>
			</report>
			<report>
				<misses>3443001</misses>
				<total>1191397</total>
				<timestamp>447.241001</timestamp>
			</report>
			<report>
				<misses>3444001</misses>
				<total>1192396</total>
				<timestamp>447.370900</timestamp>
			</report>
			<report>
				<misses>3445001</misses>
				<total>1193395</total>
				<timestamp>447.500810</timestamp>
			</report>
			<report>
				<misses>3446001</misses>
				<total>1194394</total>
				<timestamp>447.630622</timestamp>
			</report>
			<report>
				<misses>3447001</misses>
				<total>1195393</total>
				<timestamp>447.760571</timestamp>
			</report>
			<report>
				<misses>3448001</misses>
				<total>1196392</total>
				<timestamp>447.890481</timestamp>
			</report>
			<report>
				<misses>3449001</misses>
				<total>1197391</total>
				<timestamp>448.020355</timestamp>
			</report>
			<report>
				<misses>3450001</misses>
				<total>1198390</total>
				<timestamp>448.150208</timestamp>
			</report>
			<report>
				<misses>3451001</misses>
				<total>1199389</total>
				<timestamp>448.280099</timestamp>
			</report>
			<report>
				<misses>3452001</misses>
				<total>1200388</total>
				<timestamp>448.409952</timestamp>
			</report>
			<report>
				<misses>3453001</misses>
				<total>1201387</total>
				<timestamp>448.539847</timestamp>
			</report>
			<report>
				<misses>3454001</misses>
				<total>1202386</total>
				<timestamp>448.669719</timestamp>
			</report>
			<report>
				<misses>3455001</misses>
				<total>1203385</total>
				<timestamp>448.799713</timestamp>
			</report>
			<report>
				<misses>3456001</misses>
				<total>1204384</total>
				<timestamp>448.929623</timestamp>
			</report>
			<report>
				<misses>3457001</misses>
				<total>1205383</total>
				<timestamp>449.059477</timestamp>
			</report>
			<report>
				<misses>3458001</misses>
				<total>1206382</total>
				<timestamp>449.189320</timestamp>
			</report>
			<report>
				<misses>3459001</misses>
				<total>1207381</total>
				<timestamp>449.319186</timestamp>
			</report>
			<report>
				<misses>3460001</misses>
				<total>1208380</total>
				<timestamp>449.449062</timestamp>
			</report>
			<report>
				<misses>3461001</misses>
				<total>1209379</total>
				<timestamp>449.578965</timestamp>
			</report>
			<report>
				<misses>3462001</misses>
				<total>1210378</total>
				<timestamp>449.708826</timestamp>
			</report>
			<report>
				<misses>3463001</misses>
				<total>1211377</total>
				<timestamp>449.838753</timestamp>
			</report>
			<report>
				<misses>3464001</misses>
				<total>1212376</total>
				<timestamp>449.968735</timestamp>
			</report>
			<report>
				<misses>3465001</misses>
				<total>1213375</total>
				<timestamp>450.098770</timestamp>
			</report>
			<report>
				<misses>3466001</misses>
				<total>1214374</total>
				<timestamp>450.228678</timestamp>
			</report>
			<report>
				<misses>3467001</misses>
				<total>1215373</total>
				<timestamp>450.358600</timestamp>
			</report>
			<report>
				<misses>3468001</misses>
				<total>1216372</total>
				<timestamp>450.488381</timestamp>
			</report>
			<report>
				<misses>3469001</misses>
				<total>1217371</total>
				<timestamp>450.618265</timestamp>
			</report>
			<report>
				<misses>3470001</misses>
				<total>1218370</total>
				<timestamp>450.748149</timestamp>
			</report>
			<report>
				<misses>3471001</misses>
				<total>1219369</total>
				<timestamp>450.878027</timestamp>
			</report>
			<report>
				<misses>3472001</misses>
				<total>1220368</total>
				<timestamp>451.007928</timestamp>
			</report>
			<report>
				<misses>3473001</misses>
				<total>1221367</total>
				<timestamp>451.137775</timestamp>
			</report>
			<report>
				<misses>3474001</misses>
				<total>1222366</total>
				<timestamp>451.267682</timestamp>
			</report>
			<report>
				<misses>3475001</misses>
				<total>1223365</total>
				<timestamp>451.397537</timestamp>
			</report>
			<report>
				<misses>3476001</misses>
				<total>1224364</total>
				<timestamp>451.527421</timestamp>
			</report>
			<report>
				<misses>3477001</misses>
				<total>1225363</total>
				<timestamp>451.657246</timestamp>
			</report>
			<report>
				<misses>3478001</misses>
				<total>1226362</total>
				<timestamp>451.787134</timestamp>
			</report>
			<report>
				<misses>3479001</misses>
				<total>1227361</total>
				<timestamp>451.916958</timestamp>
			</report>
			<report>
				<misses>3480001</misses>
				<total>1228360</total>
				<timestamp>452.046864</timestamp>
			</report>
			<report>
				<misses>3481001</misses>
				<total>1229359</total>
				<timestamp>452.176715</timestamp>
			</report>
			<report>
				<misses>3482001</misses>
				<total>1230358</total>
				<timestamp>452.306706</timestamp>
			</report>
			<report>
				<misses>3483001</misses>
				<total>1231357</total>
				<timestamp>452.436736</timestamp>
			</report>
			<report>
				<misses>3484001</misses>
				<total>1232356</total>
				<timestamp>452.566663</timestamp>
			</report>
			<report>
				<misses>3485001</misses>
				<total>1233355</total>
				<timestamp>452.696609</timestamp>
			</report>
			<report>
				<misses>3486001</misses>
				<total>1234354</total>
				<timestamp>452.826514</timestamp>
			</report>
			<report>
				<misses>3487001</misses>
				<total>1235353</total>
				<timestamp>452.956303</timestamp>
			</report>
			<report>
				<misses>3488001</misses>
				<total>1236352</total>
				<timestamp>453.086176</timestamp>
			</report>
			<report>
				<misses>3489001</misses>
				<total>1237351</total>
				<timestamp>453.216093</timestamp>
			</report>
			<report>
				<misses>3490001</misses>
				<total>1238350</total>
				<timestamp>453.345922</timestamp>
			</report>
			<report>
				<misses>3491001</misses>
				<total>1239349</total>
				<timestamp>453.475809</timestamp>
			</report>
			<report>
				<misses>3492001</misses>
				<total>1240348</total>
				<timestamp>453.605722</timestamp>
			</report>
			<report>
				<misses>3493001</misses>
				<total>1241347</total>
				<timestamp>453.735594</timestamp>
			</report>
			<report>
				<misses>3494001</misses>
				<total>1242346</total>
				<timestamp>453.865416</timestamp>
			</report>
			<report>
				<misses>3495001</misses>
				<total>1243345</total>
				<timestamp>453.995274</timestamp>
			</report>
			<report>
				<misses>3496001</misses>
				<total>1244344</total>
				<timestamp>454.125150</timestamp>
			</report>
			<report>
				<misses>3497001</misses>
				<total>1245343</total>
				<timestamp>454.255012</timestamp>
			</report>
			<report>
				<misses>3498001</misses>
				<total>1246342</total>
				<timestamp>454.384930</timestamp>
			</report>
			<report>
				<misses>3499001</misses>
				<total>1247341</total>
				<timestamp>454.514757</timestamp>
			</report>
			<report>
				<misses>3500001</misses>
				<total>1248340</total>
				<timestamp>454.644682</timestamp>
			</report>
			<report>
				<misses>3501001</misses>
				<total>1249339</total>
				<timestamp>454.774575</timestamp>
			</report>
			<report>
				<misses>3502001</misses>
				<total>1250338</total>
				<timestamp>454.904570</timestamp>
			</report>
			<report>
				<misses>3503001</misses>
				<total>1251337</total>
				<timestamp>455.034370</timestamp>
			</report>
			<report>
				<misses>3504001</misses>
				<total>1252336</total>
				<timestamp>455.164240</timestamp>
			</report>
			<report>
				<misses>3505001</misses>
				<total>1253335</total>
				<timestamp>455.294122</timestamp>
			</report>
			<report>
				<misses>3506001</misses>
				<total>1254334</total>
				<timestamp>455.423981</timestamp>
			</report>
			<report>
				<misses>3507001</misses>
				<total>1255333</total>
				<timestamp>455.553875</timestamp>
			</report>
			<report>
				<misses>3508001</misses>
				<total>1256332</total>
				<timestamp>455.683738</timestamp>
			</report>
			<report>
				<misses>3509001</misses>
				<total>1257331</total>
				<timestamp>455.813693</timestamp>
			</report>
			<report>
				<misses>3510001</misses>
				<total>1258330</total>
				<timestamp>455.943691</timestamp>
			</report>
			<report>
				<misses>3511001</misses>
				<total>1259329</total>
				<timestamp>456.073693</timestamp>
			</report>
			<report>
				<misses>3512001</misses>
				<total>1260328</total>
				<timestamp>456.203674</timestamp>
			</report>
			<report>
				<misses>3513001</misses>
				<total>1261327</total>
				<timestamp>456.333674</timestamp>
			</report>
			<report>
				<misses>3514001</misses>
				<total>1262326</total>
				<timestamp>456.463642</timestamp>
			</report>
			<report>
				<misses>3515001</misses>
				<total>1263325</total>
				<timestamp>456.593555</timestamp>
			</report>
			<report>
				<misses>3516001</misses>
				<total>1264324</total>
				<timestamp>456.723572</timestamp>
			</report>
			<report>
				<misses>3517001</misses>
				<total>1265323</total>
				<timestamp>456.853536</timestamp>
			</report>
			<report>
				<misses>3518001</misses>
				<total>1266322</total>
				<timestamp>456.983506</timestamp>
			</report>
			<report>
				<misses>3519001</misses>
				<total>1267321</total>
				<timestamp>457.113340</timestamp>
			</report>
			<report>
				<misses>3520001</misses>
				<total>1268320</total>
				<timestamp>457.243209</timestamp>
			</report>
			<report>
				<misses>3521001</misses>
				<total>1269319</total>
				<timestamp>457.373056</timestamp>
			</report>
			<report>
				<misses>3522001</misses>
				<total>1270318</total>
				<timestamp>457.502946</timestamp>
			</report>
			<report>
				<misses>3523001</misses>
				<total>1271317</total>
				<timestamp>457.632831</timestamp>
			</report>
			<report>
				<misses>3524001</misses>
				<total>1272316</total>
				<timestamp>457.762797</timestamp>
			</report>
			<report>
				<misses>3525001</misses>
				<total>1273315</total>
				<timestamp>457.892784</timestamp>
			</report>
			<report>
				<misses>3526001</misses>
				<total>1274314</total>
				<timestamp>458.022714</timestamp>
			</report>
			<report>
				<misses>3527001</misses>
				<total>1275313</total>
				<timestamp>458.152690</timestamp>
			</report>
			<report>
				<misses>3528001</misses>
				<total>1276312</total>
				<timestamp>458.282585</timestamp>
			</report>
			<report>
				<misses>3529001</misses>
				<total>1277311</total>
				<timestamp>458.412506</timestamp>
			</report>
			<report>
				<misses>3530001</misses>
				<total>1278310</total>
				<timestamp>458.542509</timestamp>
			</report>
			<report>
				<misses>3531001</misses>
				<total>1279309</total>
				<timestamp>458.672530</timestamp>
			</report>
			<report>
				<misses>3532001</misses>
				<total>1280308</total>
				<timestamp>458.802484</timestamp>
			</report>
			<report>
				<misses>3533001</misses>
				<total>1281307</total>
				<timestamp>458.932307</timestamp>
			</report>
			<report>
				<misses>3534001</misses>
				<total>1282306</total>
				<timestamp>459.062166</timestamp>
			</report>
			<report>
				<misses>3535001</misses>
				<total>1283305</total>
				<timestamp>459.192031</timestamp>
			</report>
			<report>
				<misses>3536001</misses>
				<total>1284304</total>
				<timestamp>459.321937</timestamp>
			</report>
			<report>
				<misses>3537001</misses>
				<total>1285303</total>
				<timestamp>459.451773</timestamp>
			</report>
			<report>
				<misses>3538001</misses>
				<total>1286302</total>
				<timestamp>459.581685</timestamp>
			</report>
			<report>
				<misses>3539001</misses>
				<total>1287301</total>
				<timestamp>459.711551</timestamp>
			</report>
			<report>
				<misses>3540001</misses>
				<total>1288300</total>
				<timestamp>459.841491</timestamp>
			</report>
			<report>
				<misses>3541001</misses>
				<total>1289299</total>
				<timestamp>459.971384</timestamp>
			</report>
			<report>
				<misses>3542001</misses>
				<total>1290298</total>
				<timestamp>460.101232</timestamp>
			</report>
			<report>
				<misses>3543001</misses>
				<total>1291297</total>
				<timestamp>460.231139</timestamp>
			</report>
			<report>
				<misses>3544001</misses>
				<total>1292296</total>
				<timestamp>460.360985</timestamp>
			</report>
			<report>
				<misses>3545001</misses>
				<total>1293295</total>
				<timestamp>460.490862</timestamp>
			</report>
			<report>
				<misses>3546001</misses>
				<total>1294294</total>
				<timestamp>460.620803</timestamp>
			</report>
			<report>
				<misses>3547001</misses>
				<total>1295293</total>
				<timestamp>460.750718</timestamp>
			</report>
			<report>
				<misses>3548001</misses>
				<total>1296292</total>
				<timestamp>460.880700</timestamp>
			</report>
			<report>
				<misses>3549001</misses>
				<total>1297291</total>
				<timestamp>461.010713</timestamp>
			</report>
			<report>
				<misses>3550001</misses>
				<total>1298290</total>
				<timestamp>461.140638</timestamp>
			</report>
			<report>
				<misses>3551001</misses>
				<total>1299289</total>
				<timestamp>461.270527</timestamp>
			</report>
			<report>
				<misses>3552001</misses>
				<total>1300288</total>
				<timestamp>461.400343</timestamp>
			</report>
			<report>
				<misses>3553001</misses>
				<total>1301287</total>
				<timestamp>461.530210</timestamp>
			</report>
			<report>
				<misses>3554001</misses>
				<total>1302286</total>
				<timestamp>461.660078</timestamp>
			</report>
			<report>
				<misses>3555001</misses>
				<total>1303285</total>
				<timestamp>461.789975</timestamp>
			</report>
			<report>
				<misses>3556001</misses>
				<total>1304284</total>
				<timestamp>461.919868</timestamp>
			</report>
			<report>
				<misses>3557001</misses>
				<total>1305283</total>
				<timestamp>462.049725</timestamp>
			</report>
			<report>
				<misses>3558001</misses>
				<total>1306282</total>
				<timestamp>462.179636</timestamp>
			</report>
			<report>
				<misses>3559001</misses>
				<total>1307281</total>
				<timestamp>462.309632</timestamp>
			</report>
			<report>
				<misses>3560001</misses>
				<total>1308280</total>
				<timestamp>462.439674</timestamp>
			</report>
			<report>
				<misses>3561001</misses>
				<total>1309279</total>
				<timestamp>462.569617</timestamp>
			</report>
			<report>
				<misses>3562001</misses>
				<total>1310278</total>
				<timestamp>462.699507</timestamp>
			</report>
			<report>
				<misses>3563001</misses>
				<total>1311277</total>
				<timestamp>462.829485</timestamp>
			</report>
			<report>
				<misses>3564001</misses>
				<total>1312276</total>
				<timestamp>462.959313</timestamp>
			</report>
			<report>
				<misses>3565001</misses>
				<total>1313275</total>
				<timestamp>463.089181</timestamp>
			</report>
			<report>
				<misses>3566001</misses>
				<total>1314274</total>
				<timestamp>463.219026</timestamp>
			</report>
			<report>
				<misses>3567001</misses>
				<total>1315273</total>
				<timestamp>463.349049</timestamp>
			</report>
			<report>
				<misses>3568001</misses>
				<total>1316272</total>
				<timestamp>463.478902</timestamp>
			</report>
			<report>
				<misses>3569001</misses>
				<total>1317271</total>
				<timestamp>463.608789</timestamp>
			</report>
			<report>
				<misses>3570001</misses>
				<total>1318270</total>
				<timestamp>463.738729</timestamp>
			</report>
			<report>
				<misses>3571001</misses>
				<total>1319269</total>
				<timestamp>463.868693</timestamp>
			</report>
			<report>
				<misses>3572001</misses>
				<total>1320268</total>
				<timestamp>463.998614</timestamp>
			</report>
			<report>
				<misses>3573001</misses>
				<total>1321267</total>
				<timestamp>464.128609</timestamp>
			</report>
			<report>
				<misses>3574001</misses>
				<total>1322266</total>
				<timestamp>464.258581</timestamp>
			</report>
			<report>
				<misses>3575001</misses>
				<total>1323265</total>
				<timestamp>464.388451</timestamp>
			</report>
			<report>
				<misses>3576001</misses>
				<total>1324264</total>
				<timestamp>464.518257</timestamp>
			</report>
			<report>
				<misses>3577001</misses>
				<total>1325263</total>
				<timestamp>464.648118</timestamp>
			</report>
			<report>
				<misses>3578001</misses>
				<total>1326262</total>
				<timestamp>464.778030</timestamp>
			</report>
			<report>
				<misses>3579001</misses>
				<total>1327261</total>
				<timestamp>464.907880</timestamp>
			</report>
			<report>
				<misses>3580001</misses>
				<total>1328260</total>
				<timestamp>465.037764</timestamp>
			</report>
			<report>
				<misses>3581001</misses>
				<total>1329259</total>
				<timestamp>465.167671</timestamp>
			</report>
			<report>
				<misses>3582001</misses>
				<total>1330258</total>
				<timestamp>465.297493</timestamp>
			</report>
			<report>
				<misses>3583001</misses>
				<total>1331257</total>
				<timestamp>465.427358</timestamp>
			</report>
			<report>
				<misses>3584001</misses>
				<total>1332256</total>
				<timestamp>465.557209</timestamp>
			</report>
			<report>
				<misses>3585001</misses>
				<total>1333255</total>
				<timestamp>465.687111</timestamp>
			</report>
			<report>
				<misses>3586001</misses>
				<total>1334254</total>
				<timestamp>465.816950</timestamp>
			</report>
			<report>
				<misses>3587001</misses>
				<total>1335253</total>
				<timestamp>465.946838</timestamp>
			</report>
			<report>
				<misses>3588001</misses>
				<total>1336252</total>
				<timestamp>466.076741</timestamp>
			</report>
			<report>
				<misses>3589001</misses>
				<total>1337251</total>
				<timestamp>466.206606</timestamp>
			</report>
			<report>
				<misses>3590001</misses>
				<total>1338250</total>
				<timestamp>466.336486</timestamp>
			</report>
			<report>
				<misses>3591001</misses>
				<total>1339249</total>
				<timestamp>466.466364</timestamp>
			</report>
			<report>
				<misses>3592001</misses>
				<total>1340248</total>
				<timestamp>466.596186</timestamp>
			</report>
			<report>
				<misses>3593001</misses>
				<total>1341247</total>
				<timestamp>466.726053</timestamp>
			</report>
			<report>
				<misses>3594001</misses>
				<total>1342246</total>
				<timestamp>466.855906</timestamp>
			</report>
			<report>
				<misses>3595001</misses>
				<total>1343245</total>
				<timestamp>466.985820</timestamp>
			</report>
			<report>
				<misses>3596001</misses>
				<total>1344244</total>
				<timestamp>467.115695</timestamp>
			</report>
			<report>
				<misses>3597001</misses>
				<total>1345243</total>
				<timestamp>467.245596</timestamp>
			</report>
			<report>
				<misses>3598001</misses>
				<total>1346242</total>
				<timestamp>467.375482</timestamp>
			</report>
			<report>
				<misses>3599001</misses>
				<total>1347241</total>
				<timestamp>467.505501</timestamp>
			</report>
			<report>
				<misses>3600001</misses>
				<total>1348240</total>
				<timestamp>467.635509</timestamp>
			</report>
			<report>
				<misses>3601001</misses>
				<total>1349239</total>
				<timestamp>467.765524</timestamp>
			</report>
			<report>
				<misses>3602001</misses>
				<total>1350238</total>
				<timestamp>467.895439</timestamp>
			</report>
			<report>
				<misses>3603001</misses>
				<total>1351237</total>
				<timestamp>468.025275</timestamp>
			</report>
			<report>
				<misses>3604001</misses>
				<total>1352236</total>
				<timestamp>468.155135</timestamp>
			</report>
			<report>
				<misses>3605001</misses>
				<total>1353235</total>
				<timestamp>468.285009</timestamp>
			</report>
			<report>
				<misses>3606001</misses>
				<total>1354234</total>
				<timestamp>468.414861</timestamp>
			</report>
			<report>
				<misses>3607001</misses>
				<total>1355233</total>
				<timestamp>468.544771</timestamp>
			</report>
			<report>
				<misses>3608001</misses>
				<total>1356232</total>
				<timestamp>468.674632</timestamp>
			</report>
			<report>
				<misses>3609001</misses>
				<total>1357231</total>
				<timestamp>468.804567</timestamp>
			</report>
			<report>
				<misses>3610001</misses>
				<total>1358230</total>
				<timestamp>468.934551</timestamp>
			</report>
			<report>
				<misses>3611001</misses>
				<total>1358456</total>
				<timestamp>469.064372</timestamp>
			</report>
			<report>
				<misses>3612001</misses>
				<total>1358456</total>
				<timestamp>469.194219</timestamp>
			</report>
			<report>
				<misses>3613001</misses>
				<total>1358456</total>
				<timestamp>469.324108</timestamp>
			</report>
			<report>
				<misses>3614001</misses>
				<total>1358456</total>
				<timestamp>469.453949</timestamp>
			</report>
			<report>
				<misses>3615001</misses>
				<total>1358456</total>
				<timestamp>469.583872</timestamp>
			</report>
			<report>
				<misses>3616001</misses>
				<total>1359296</total>
				<timestamp>469.713748</timestamp>
			</report>
			<report>
				<misses>3617001</misses>
				<total>1360295</total>
				<timestamp>469.843599</timestamp>
			</report>
			<report>
				<misses>3618001</misses>
				<total>1361294</total>
				<timestamp>469.973486</timestamp>
			</report>
			<report>
				<misses>3619001</misses>
				<total>1362293</total>
				<timestamp>470.103345</timestamp>
			</report>
			<report>
				<misses>3620001</misses>
				<total>1363292</total>
				<timestamp>470.233192</timestamp>
			</report>
			<report>
				<misses>3621001</misses>
				<total>1364291</total>
				<timestamp>470.363080</timestamp>
			</report>
			<report>
				<misses>3622001</misses>
				<total>1365290</total>
				<timestamp>470.492930</timestamp>
			</report>
			<report>
				<misses>3623001</misses>
				<total>1365343</total>
				<timestamp>470.622831</timestamp>
			</report>
			<report>
				<misses>3624001</misses>
				<total>1365343</total>
				<timestamp>470.752702</timestamp>
			</report>
			<report>
				<misses>3625001</misses>
				<total>1365343</total>
				<timestamp>470.882575</timestamp>
			</report>
			<report>
				<misses>3626001</misses>
				<total>1365343</total>
				<timestamp>471.012452</timestamp>
			</report>
			<report>
				<misses>3627001</misses>
				<total>1365343</total>
				<timestamp>471.142260</timestamp>
			</report>
			<report>
				<misses>3628001</misses>
				<total>1365343</total>
				<timestamp>471.272135</timestamp>
			</report>
			<report>
				<misses>3629001</misses>
				<total>1365344</total>
				<timestamp>471.401999</timestamp>
			</report>
			<report>
				<misses>3630001</misses>
				<total>1365344</total>
				<timestamp>471.531869</timestamp>
			</report>
			<report>
				<misses>3631001</misses>
				<total>1365343</total>
				<timestamp>471.661731</timestamp>
			</report>
			<report>
				<misses>3632001</misses>
				<total>1365343</total>
				<timestamp>471.791630</timestamp>
			</report>
			<report>
				<misses>3633001</misses>
				<total>1365343</total>
				<timestamp>471.921507</timestamp>
			</report>
			<report>
				<misses>3634001</misses>
				<total>1365343</total>
				<timestamp>472.051411</timestamp>
			</report>
			<report>
				<misses>3635001</misses>
				<total>1365343</total>
				<timestamp>472.181221</timestamp>
			</report>
			<report>
				<misses>3636001</misses>
				<total>1365343</total>
				<timestamp>472.311095</timestamp>
			</report>
			<report>
				<misses>3637001</misses>
				<total>1365343</total>
				<timestamp>472.440962</timestamp>
			</report>
			<report>
				<misses>3638001</misses>
				<total>1365343</total>
				<timestamp>472.570845</timestamp>
			</report>
			<report>
				<misses>3639001</misses>
				<total>1365343</total>
				<timestamp>472.700729</timestamp>
			</report>
			<report>
				<misses>3640001</misses>
				<total>1365343</total>
				<timestamp>472.830639</timestamp>
			</report>
			<report>
				<misses>3641001</misses>
				<total>1365343</total>
				<timestamp>472.960468</timestamp>
			</report>
			<report>
				<misses>3642001</misses>
				<total>1365343</total>
				<timestamp>473.090355</timestamp>
			</report>
			<report>
				<misses>3643001</misses>
				<total>1365343</total>
				<timestamp>473.220193</timestamp>
			</report>
			<report>
				<misses>3644001</misses>
				<total>1365343</total>
				<timestamp>473.350094</timestamp>
			</report>
			<report>
				<misses>3645001</misses>
				<total>1365343</total>
				<timestamp>473.479928</timestamp>
			</report>
			<report>
				<misses>3646001</misses>
				<total>1365343</total>
				<timestamp>473.609831</timestamp>
			</report>
			<report>
				<misses>3647001</misses>
				<total>1365343</total>
				<timestamp>473.739749</timestamp>
			</report>
			<report>
				<misses>3648001</misses>
				<total>1365343</total>
				<timestamp>473.869613</timestamp>
			</report>
			<report>
				<misses>3649001</misses>
				<total>1365343</total>
				<timestamp>473.999477</timestamp>
			</report>
			<report>
				<misses>3650001</misses>
				<total>1365343</total>
				<timestamp>474.129283</timestamp>
			</report>
			<report>
				<misses>3651001</misses>
				<total>1365343</total>
				<timestamp>474.259155</timestamp>
			</report>
			<report>
				<misses>3652001</misses>
				<total>1365343</total>
				<timestamp>474.389069</timestamp>
			</report>
			<report>
				<misses>3653001</misses>
				<total>1365343</total>
				<timestamp>474.518920</timestamp>
			</report>
			<report>
				<misses>3654001</misses>
				<total>1365343</total>
				<timestamp>474.648782</timestamp>
			</report>
			<report>
				<misses>3655001</misses>
				<total>1365343</total>
				<timestamp>474.778712</timestamp>
			</report>
			<report>
				<misses>3656001</misses>
				<total>1365343</total>
				<timestamp>474.908540</timestamp>
			</report>
			<report>
				<misses>3657001</misses>
				<total>1365343</total>
				<timestamp>475.038415</timestamp>
			</report>
			<report>
				<misses>3658001</misses>
				<total>1365343</total>
				<timestamp>475.168271</timestamp>
			</report>
			<report>
				<misses>3659001</misses>
				<total>1365343</total>
				<timestamp>475.298161</timestamp>
			</report>
			<report>
				<misses>3660001</misses>
				<total>1365343</total>
				<timestamp>475.427969</timestamp>
			</report>
			<report>
				<misses>3661001</misses>
				<total>1365343</total>
				<timestamp>475.557838</timestamp>
			</report>
			<report>
				<misses>3662001</misses>
				<total>1365343</total>
				<timestamp>475.687715</timestamp>
			</report>
			<report>
				<misses>3663001</misses>
				<total>1365352</total>
				<timestamp>475.817599</timestamp>
			</report>
			<report>
				<misses>3664001</misses>
				<total>1365353</total>
				<timestamp>475.947465</timestamp>
			</report>
			<report>
				<misses>3665001</misses>
				<total>1365353</total>
				<timestamp>476.077401</timestamp>
			</report>
			<report>
				<misses>3666001</misses>
				<total>1365353</total>
				<timestamp>476.207211</timestamp>
			</report>
			<report>
				<misses>3667001</misses>
				<total>1365353</total>
				<timestamp>476.337076</timestamp>
			</report>
			<report>
				<misses>3668001</misses>
				<total>1365352</total>
				<timestamp>476.466993</timestamp>
			</report>
			<report>
				<misses>3669001</misses>
				<total>1365357</total>
				<timestamp>476.596860</timestamp>
			</report>
			<report>
				<misses>3670001</misses>
				<total>1365358</total>
				<timestamp>476.726740</timestamp>
			</report>
			<report>
				<misses>3671001</misses>
				<total>1365360</total>
				<timestamp>476.856627</timestamp>
			</report>
			<report>
				<misses>3672001</misses>
				<total>1365360</total>
				<timestamp>476.986456</timestamp>
			</report>
			<report>
				<misses>3673001</misses>
				<total>1365360</total>
				<timestamp>477.116284</timestamp>
			</report>
			<report>
				<misses>3674001</misses>
				<total>1365360</total>
				<timestamp>477.246162</timestamp>
			</report>
			<report>
				<misses>3675001</misses>
				<total>1365360</total>
				<timestamp>477.376026</timestamp>
			</report>
			<report>
				<misses>3676001</misses>
				<total>1365360</total>
				<timestamp>477.505892</timestamp>
			</report>
			<report>
				<misses>3677001</misses>
				<total>1365360</total>
				<timestamp>477.635780</timestamp>
			</report>
			<report>
				<misses>3678001</misses>
				<total>1365360</total>
				<timestamp>477.765721</timestamp>
			</report>
			<report>
				<misses>3679001</misses>
				<total>1365368</total>
				<timestamp>477.895701</timestamp>
			</report>
			<report>
				<misses>3680001</misses>
				<total>1365368</total>
				<timestamp>478.025546</timestamp>
			</report>
			<report>
				<misses>3681001</misses>
				<total>1365368</total>
				<timestamp>478.155442</timestamp>
			</report>
			<report>
				<misses>3682001</misses>
				<total>1365368</total>
				<timestamp>478.285281</timestamp>
			</report>
			<report>
				<misses>3683001</misses>
				<total>1365368</total>
				<timestamp>478.415155</timestamp>
			</report>
			<report>
				<misses>3684001</misses>
				<total>1365368</total>
				<timestamp>478.545008</timestamp>
			</report>
			<report>
				<misses>3685001</misses>
				<total>1365368</total>
				<timestamp>478.674876</timestamp>
			</report>
			<report>
				<misses>3686001</misses>
				<total>1365368</total>
				<timestamp>478.804747</timestamp>
			</report>
			<report>
				<misses>3687001</misses>
				<total>1365368</total>
				<timestamp>478.934648</timestamp>
			</report>
			<report>
				<misses>3688001</misses>
				<total>1365381</total>
				<timestamp>479.064517</timestamp>
			</report>
			<report>
				<misses>3689001</misses>
				<total>1365381</total>
				<timestamp>479.194414</timestamp>
			</report>
			<report>
				<misses>3690001</misses>
				<total>1365381</total>
				<timestamp>479.324211</timestamp>
			</report>
			<report>
				<misses>3691001</misses>
				<total>1365381</total>
				<timestamp>479.454092</timestamp>
			</report>
			<report>
				<misses>3692001</misses>
				<total>1365380</total>
				<timestamp>479.583958</timestamp>
			</report>
			<report>
				<misses>3693001</misses>
				<total>1365381</total>
				<timestamp>479.713828</timestamp>
			</report>
			<report>
				<misses>3694001</misses>
				<total>1365380</total>
				<timestamp>479.843695</timestamp>
			</report>
			<report>
				<misses>3695001</misses>
				<total>1365381</total>
				<timestamp>479.973601</timestamp>
			</report>
			<report>
				<misses>3696001</misses>
				<total>1365387</total>
				<timestamp>480.103530</timestamp>
			</report>
			<report>
				<misses>3697001</misses>
				<total>1365387</total>
				<timestamp>480.233518</timestamp>
			</report>
			<report>
				<misses>3698001</misses>
				<total>1365393</total>
				<timestamp>480.363508</timestamp>
			</report>
			<report>
				<misses>3699001</misses>
				<total>1365393</total>
				<timestamp>480.493426</timestamp>
			</report>
			<report>
				<misses>3700001</misses>
				<total>1365392</total>
				<timestamp>480.623312</timestamp>
			</report>
			<report>
				<misses>3701001</misses>
				<total>1365393</total>
				<timestamp>480.753188</timestamp>
			</report>
			<report>
				<misses>3702001</misses>
				<total>1365393</total>
				<timestamp>480.883051</timestamp>
			</report>
			<report>
				<misses>3703001</misses>
				<total>1365393</total>
				<timestamp>481.012950</timestamp>
			</report>
			<report>
				<misses>3704001</misses>
				<total>1365396</total>
				<timestamp>481.142815</timestamp>
			</report>
			<report>
				<misses>3705001</misses>
				<total>1365396</total>
				<timestamp>481.272700</timestamp>
			</report>
			<report>
				<misses>3706001</misses>
				<total>1365396</total>
				<timestamp>481.402526</timestamp>
			</report>
			<report>
				<misses>3707001</misses>
				<total>1365396</total>
				<timestamp>481.532423</timestamp>
			</report>
			<report>
				<misses>3708001</misses>
				<total>1365396</total>
				<timestamp>481.662341</timestamp>
			</report>
			<report>
				<misses>3709001</misses>
				<total>1365396</total>
				<timestamp>481.792358</timestamp>
			</report>
			<report>
				<misses>3710001</misses>
				<total>1365400</total>
				<timestamp>481.922338</timestamp>
			</report>
			<report>
				<misses>3711001</misses>
				<total>1365400</total>
				<timestamp>482.052127</timestamp>
			</report>
			<report>
				<misses>3712001</misses>
				<total>1365400</total>
				<timestamp>482.181990</timestamp>
			</report>
			<report>
				<misses>3713001</misses>
				<total>1365399</total>
				<timestamp>482.311914</timestamp>
			</report>
			<report>
				<misses>3714001</misses>
				<total>1365400</total>
				<timestamp>482.441810</timestamp>
			</report>
			<report>
				<misses>3715001</misses>
				<total>1365400</total>
				<timestamp>482.571611</timestamp>
			</report>
			<report>
				<misses>3716001</misses>
				<total>1365400</total>
				<timestamp>482.701550</timestamp>
			</report>
			<report>
				<misses>3717001</misses>
				<total>1365400</total>
				<timestamp>482.831436</timestamp>
			</report>
			<report>
				<misses>3718001</misses>
				<total>1365400</total>
				<timestamp>482.961395</timestamp>
			</report>
			<report>
				<misses>3719001</misses>
				<total>1365400</total>
				<timestamp>483.091236</timestamp>
			</report>
			<report>
				<misses>3720001</misses>
				<total>1365400</total>
				<timestamp>483.221111</timestamp>
			</report>
			<report>
				<misses>3721001</misses>
				<total>1365400</total>
				<timestamp>483.350967</timestamp>
			</report>
			<report>
				<misses>3722001</misses>
				<total>1365400</total>
				<timestamp>483.480832</timestamp>
			</report>
			<report>
				<misses>3723001</misses>
				<total>1365400</total>
				<timestamp>483.610728</timestamp>
			</report>
			<report>
				<misses>3724001</misses>
				<total>1365400</total>
				<timestamp>483.740576</timestamp>
			</report>
			<report>
				<misses>3725001</misses>
				<total>1365399</total>
				<timestamp>483.870477</timestamp>
			</report>
			<report>
				<misses>3726001</misses>
				<total>1365400</total>
				<timestamp>484.000342</timestamp>
			</report>
			<report>
				<misses>3727001</misses>
				<total>1365400</total>
				<timestamp>484.130212</timestamp>
			</report>
			<report>
				<misses>3728001</misses>
				<total>1365400</total>
				<timestamp>484.260048</timestamp>
			</report>
			<report>
				<misses>3729001</misses>
				<total>1365400</total>
				<timestamp>484.389932</timestamp>
			</report>
			<report>
				<misses>3730001</misses>
				<total>1365400</total>
				<timestamp>484.519819</timestamp>
			</report>
			<report>
				<misses>3731001</misses>
				<total>1365400</total>
				<timestamp>484.649802</timestamp>
			</report>
			<report>
				<misses>3732001</misses>
				<total>1365400</total>
				<timestamp>484.779706</timestamp>
			</report>
			<report>
				<misses>3733001</misses>
				<total>1365400</total>
				<timestamp>484.909556</timestamp>
			</report>
			<report>
				<misses>3734001</misses>
				<total>1365400</total>
				<timestamp>485.039490</timestamp>
			</report>
			<report>
				<misses>3735001</misses>
				<total>1365400</total>
				<timestamp>485.169489</timestamp>
			</report>
			<report>
				<misses>3736001</misses>
				<total>1365400</total>
				<timestamp>485.299478</timestamp>
			</report>
			<report>
				<misses>3737001</misses>
				<total>1365400</total>
				<timestamp>485.429432</timestamp>
			</report>
			<report>
				<misses>3738001</misses>
				<total>1365400</total>
				<timestamp>485.559398</timestamp>
			</report>
			<report>
				<misses>3739001</misses>
				<total>1365400</total>
				<timestamp>485.689316</timestamp>
			</report>
			<report>
				<misses>3740001</misses>
				<total>1365400</total>
				<timestamp>485.819156</timestamp>
			</report>
			<report>
				<misses>3741001</misses>
				<total>1365400</total>
				<timestamp>485.949009</timestamp>
			</report>
			<report>
				<misses>3742001</misses>
				<total>1365400</total>
				<timestamp>486.078899</timestamp>
			</report>
			<report>
				<misses>3743001</misses>
				<total>1365402</total>
				<timestamp>486.208782</timestamp>
			</report>
			<report>
				<misses>3744001</misses>
				<total>1365402</total>
				<timestamp>486.338670</timestamp>
			</report>
			<report>
				<misses>3745001</misses>
				<total>1365402</total>
				<timestamp>486.468507</timestamp>
			</report>
			<report>
				<misses>3746001</misses>
				<total>1365404</total>
				<timestamp>486.598377</timestamp>
			</report>
			<report>
				<misses>3747001</misses>
				<total>1365404</total>
				<timestamp>486.728230</timestamp>
			</report>
			<report>
				<misses>3748001</misses>
				<total>1365403</total>
				<timestamp>486.858129</timestamp>
			</report>
			<report>
				<misses>3749001</misses>
				<total>1365404</total>
				<timestamp>486.987960</timestamp>
			</report>
			<report>
				<misses>3750001</misses>
				<total>1365404</total>
				<timestamp>487.117846</timestamp>
			</report>
			<report>
				<misses>3751001</misses>
				<total>1365404</total>
				<timestamp>487.247788</timestamp>
			</report>
			<report>
				<misses>3752001</misses>
				<total>1365404</total>
				<timestamp>487.377721</timestamp>
			</report>
			<report>
				<misses>3753001</misses>
				<total>1365404</total>
				<timestamp>487.507661</timestamp>
			</report>
			<report>
				<misses>3754001</misses>
				<total>1365404</total>
				<timestamp>487.637667</timestamp>
			</report>
			<report>
				<misses>3755001</misses>
				<total>1365406</total>
				<timestamp>487.767646</timestamp>
			</report>
			<report>
				<misses>3756001</misses>
				<total>1365406</total>
				<timestamp>487.897515</timestamp>
			</report>
			<report>
				<misses>3757001</misses>
				<total>1365406</total>
				<timestamp>488.027383</timestamp>
			</report>
			<report>
				<misses>3758001</misses>
				<total>1365407</total>
				<timestamp>488.157200</timestamp>
			</report>
			<report>
				<misses>3759001</misses>
				<total>1365407</total>
				<timestamp>488.287069</timestamp>
			</report>
			<report>
				<misses>3760001</misses>
				<total>1365407</total>
				<timestamp>488.416935</timestamp>
			</report>
			<report>
				<misses>3761001</misses>
				<total>1365407</total>
				<timestamp>488.546816</timestamp>
			</report>
			<report>
				<misses>3762001</misses>
				<total>1365407</total>
				<timestamp>488.676720</timestamp>
			</report>
			<report>
				<misses>3763001</misses>
				<total>1365407</total>
				<timestamp>488.806558</timestamp>
			</report>
			<report>
				<misses>3764001</misses>
				<total>1365407</total>
				<timestamp>488.936448</timestamp>
			</report>
			<report>
				<misses>3765001</misses>
				<total>1365407</total>
				<timestamp>489.066339</timestamp>
			</report>
			<report>
				<misses>3766001</misses>
				<total>1365407</total>
				<timestamp>489.196141</timestamp>
			</report>
			<report>
				<misses>3767001</misses>
				<total>1365407</total>
				<timestamp>489.326017</timestamp>
			</report>
			<report>
				<misses>3768001</misses>
				<total>1365407</total>
				<timestamp>489.455912</timestamp>
			</report>
			<report>
				<misses>3769001</misses>
				<total>1365407</total>
				<timestamp>489.585784</timestamp>
			</report>
			<report>
				<misses>3770001</misses>
				<total>1365408</total>
				<timestamp>489.715671</timestamp>
			</report>
			<report>
				<misses>3771001</misses>
				<total>1365408</total>
				<timestamp>489.845541</timestamp>
			</report>
			<report>
				<misses>3772001</misses>
				<total>1365408</total>
				<timestamp>489.975499</timestamp>
			</report>
			<report>
				<misses>3773001</misses>
				<total>1365407</total>
				<timestamp>490.105372</timestamp>
			</report>
			<report>
				<misses>3774001</misses>
				<total>1365408</total>
				<timestamp>490.235297</timestamp>
			</report>
			<report>
				<misses>3775001</misses>
				<total>1365408</total>
				<timestamp>490.365144</timestamp>
			</report>
			<report>
				<misses>3776001</misses>
				<total>1365408</total>
				<timestamp>490.494985</timestamp>
			</report>
			<report>
				<misses>3777001</misses>
				<total>1365408</total>
				<timestamp>490.624859</timestamp>
			</report>
			<report>
				<misses>3778001</misses>
				<total>1365408</total>
				<timestamp>490.754746</timestamp>
			</report>
			<report>
				<misses>3779001</misses>
				<total>1365408</total>
				<timestamp>490.884672</timestamp>
			</report>
			<report>
				<misses>3780001</misses>
				<total>1365408</total>
				<timestamp>491.014630</timestamp>
			</report>
			<report>
				<misses>3781001</misses>
				<total>1365408</total>
				<timestamp>491.144481</timestamp>
			</report>
			<report>
				<misses>3782001</misses>
				<total>1365408</total>
				<timestamp>491.274465</timestamp>
			</report>
			<report>
				<misses>3783001</misses>
				<total>1365414</total>
				<timestamp>491.404370</timestamp>
			</report>
			<report>
				<misses>3784001</misses>
				<total>1365414</total>
				<timestamp>491.534275</timestamp>
			</report>
			<report>
				<misses>3785001</misses>
				<total>1365414</total>
				<timestamp>491.664083</timestamp>
			</report>
			<report>
				<misses>3786001</misses>
				<total>1365414</total>
				<timestamp>491.793938</timestamp>
			</report>
			<report>
				<misses>3787001</misses>
				<total>1365414</total>
				<timestamp>491.923811</timestamp>
			</report>
			<report>
				<misses>3788001</misses>
				<total>1365414</total>
				<timestamp>492.053745</timestamp>
			</report>
			<report>
				<misses>3789001</misses>
				<total>1365414</total>
				<timestamp>492.183636</timestamp>
			</report>
			<report>
				<misses>3790001</misses>
				<total>1365414</total>
				<timestamp>492.313569</timestamp>
			</report>
			<report>
				<misses>3791001</misses>
				<total>1365414</total>
				<timestamp>492.443459</timestamp>
			</report>
			<report>
				<misses>3792001</misses>
				<total>1365414</total>
				<timestamp>492.573444</timestamp>
			</report>
			<report>
				<misses>3793001</misses>
				<total>1365414</total>
				<timestamp>492.703306</timestamp>
			</report>
			<report>
				<misses>3794001</misses>
				<total>1365414</total>
				<timestamp>492.833185</timestamp>
			</report>
			<report>
				<misses>3795001</misses>
				<total>1365415</total>
				<timestamp>492.963045</timestamp>
			</report>
			<report>
				<misses>3796001</misses>
				<total>1365414</total>
				<timestamp>493.092906</timestamp>
			</report>
			<report>
				<misses>3797001</misses>
				<total>1365414</total>
				<timestamp>493.222770</timestamp>
			</report>
			<report>
				<misses>3798001</misses>
				<total>1365414</total>
				<timestamp>493.352659</timestamp>
			</report>
			<report>
				<misses>3799001</misses>
				<total>1365414</total>
				<timestamp>493.482511</timestamp>
			</report>
			<report>
				<misses>3800001</misses>
				<total>1365414</total>
				<timestamp>493.612425</timestamp>
			</report>
			<report>
				<misses>3801001</misses>
				<total>1365414</total>
				<timestamp>493.742291</timestamp>
			</report>
			<report>
				<misses>3802001</misses>
				<total>1365414</total>
				<timestamp>493.872126</timestamp>
			</report>
			<report>
				<misses>3803001</misses>
				<total>1365414</total>
				<timestamp>494.001986</timestamp>
			</report>
			<report>
				<misses>3804001</misses>
				<total>1365414</total>
				<timestamp>494.131864</timestamp>
			</report>
			<report>
				<misses>3805001</misses>
				<total>1365417</total>
				<timestamp>494.261724</timestamp>
			</report>
			<report>
				<misses>3806001</misses>
				<total>1365419</total>
				<timestamp>494.391604</timestamp>
			</report>
			<report>
				<misses>3807001</misses>
				<total>1365419</total>
				<timestamp>494.521526</timestamp>
			</report>
			<report>
				<misses>3808001</misses>
				<total>1365419</total>
				<timestamp>494.651399</timestamp>
			</report>
			<report>
				<misses>3809001</misses>
				<total>1365419</total>
				<timestamp>494.781284</timestamp>
			</report>
			<report>
				<misses>3810001</misses>
				<total>1365419</total>
				<timestamp>494.911082</timestamp>
			</report>
			<report>
				<misses>3811001</misses>
				<total>1365419</total>
				<timestamp>495.041004</timestamp>
			</report>
			<report>
				<misses>3812001</misses>
				<total>1365419</total>
				<timestamp>495.170823</timestamp>
			</report>
			<report>
				<misses>3813001</misses>
				<total>1365419</total>
				<timestamp>495.300778</timestamp>
			</report>
			<report>
				<misses>3814001</misses>
				<total>1365419</total>
				<timestamp>495.430719</timestamp>
			</report>
			<report>
				<misses>3815001</misses>
				<total>1365419</total>
				<timestamp>495.560655</timestamp>
			</report>
			<report>
				<misses>3816001</misses>
				<total>1365419</total>
				<timestamp>495.690588</timestamp>
			</report>
			<report>
				<misses>3817001</misses>
				<total>1365419</total>
				<timestamp>495.820465</timestamp>
			</report>
			<report>
				<misses>3818001</misses>
				<total>1365419</total>
				<timestamp>495.950312</timestamp>
			</report>
			<report>
				<misses>3819001</misses>
				<total>1365419</total>
				<timestamp>496.080294</timestamp>
			</report>
			<report>
				<misses>3820001</misses>
				<total>1365419</total>
				<timestamp>496.210280</timestamp>
			</report>
			<report>
				<misses>3821001</misses>
				<total>1365422</total>
				<timestamp>496.340258</timestamp>
			</report>
			<report>
				<misses>3822001</misses>
				<total>1365422</total>
				<timestamp>496.470268</timestamp>
			</report>
			<report>
				<misses>3823001</misses>
				<total>1365422</total>
				<timestamp>496.600272</timestamp>
			</report>
			<report>
				<misses>3824001</misses>
				<total>1365422</total>
				<timestamp>496.730181</timestamp>
			</report>
			<report>
				<misses>3825001</misses>
				<total>1365422</total>
				<timestamp>496.860102</timestamp>
			</report>
			<report>
				<misses>3826001</misses>
				<total>1365422</total>
				<timestamp>496.989915</timestamp>
			</report>
			<report>
				<misses>3827001</misses>
				<total>1365422</total>
				<timestamp>497.119811</timestamp>
			</report>
			<report>
				<misses>3828001</misses>
				<total>1365422</total>
				<timestamp>497.249711</timestamp>
			</report>
			<report>
				<misses>3829001</misses>
				<total>1365422</total>
				<timestamp>497.379561</timestamp>
			</report>
			<report>
				<misses>3830001</misses>
				<total>1365422</total>
				<timestamp>497.509448</timestamp>
			</report>
			<report>
				<misses>3831001</misses>
				<total>1365422</total>
				<timestamp>497.639307</timestamp>
			</report>
			<report>
				<misses>3832001</misses>
				<total>1365422</total>
				<timestamp>497.769165</timestamp>
			</report>
			<report>
				<misses>3833001</misses>
				<total>1365422</total>
				<timestamp>497.898999</timestamp>
			</report>
			<report>
				<misses>3834001</misses>
				<total>1365426</total>
				<timestamp>498.028871</timestamp>
			</report>
			<report>
				<misses>3835001</misses>
				<total>1365426</total>
				<timestamp>498.158729</timestamp>
			</report>
			<report>
				<misses>3836001</misses>
				<total>1365426</total>
				<timestamp>498.288694</timestamp>
			</report>
			<report>
				<misses>3837001</misses>
				<total>1365426</total>
				<timestamp>498.418619</timestamp>
			</report>
			<report>
				<misses>3838001</misses>
				<total>1365427</total>
				<timestamp>498.548491</timestamp>
			</report>
			<report>
				<misses>3839001</misses>
				<total>1365427</total>
				<timestamp>498.678401</timestamp>
			</report>
			<report>
				<misses>3840001</misses>
				<total>1365430</total>
				<timestamp>498.808324</timestamp>
			</report>
			<report>
				<misses>3841001</misses>
				<total>1365430</total>
				<timestamp>498.938261</timestamp>
			</report>
			<report>
				<misses>3842001</misses>
				<total>1365430</total>
				<timestamp>499.068085</timestamp>
			</report>
			<report>
				<misses>3843001</misses>
				<total>1365430</total>
				<timestamp>499.198008</timestamp>
			</report>
			<report>
				<misses>3844001</misses>
				<total>1365430</total>
				<timestamp>499.327843</timestamp>
			</report>
			<report>
				<misses>3845001</misses>
				<total>1365430</total>
				<timestamp>499.457719</timestamp>
			</report>
			<report>
				<misses>3846001</misses>
				<total>1365430</total>
				<timestamp>499.587658</timestamp>
			</report>
			<report>
				<misses>3847001</misses>
				<total>1365430</total>
				<timestamp>499.717620</timestamp>
			</report>
			<report>
				<misses>3848001</misses>
				<total>1365430</total>
				<timestamp>499.847479</timestamp>
			</report>
			<report>
				<misses>3849001</misses>
				<total>1365430</total>
				<timestamp>499.977375</timestamp>
			</report>
			<report>
				<misses>3850001</misses>
				<total>1365430</total>
				<timestamp>500.107242</timestamp>
			</report>
			<report>
				<misses>3851001</misses>
				<total>1365430</total>
				<timestamp>500.237070</timestamp>
			</report>
			<report>
				<misses>3852001</misses>
				<total>1365430</total>
				<timestamp>500.366982</timestamp>
			</report>
			<report>
				<misses>3853001</misses>
				<total>1365430</total>
				<timestamp>500.496792</timestamp>
			</report>
			<report>
				<misses>3854001</misses>
				<total>1365430</total>
				<timestamp>500.626677</timestamp>
			</report>
			<report>
				<misses>3855001</misses>
				<total>1365430</total>
				<timestamp>500.756642</timestamp>
			</report>
			<report>
				<misses>3856001</misses>
				<total>1365430</total>
				<timestamp>500.886520</timestamp>
			</report>
			<report>
				<misses>3857001</misses>
				<total>1365430</total>
				<timestamp>501.016446</timestamp>
			</report>
			<report>
				<misses>3858001</misses>
				<total>1365430</total>
				<timestamp>501.146287</timestamp>
			</report>
			<report>
				<misses>3859001</misses>
				<total>1365430</total>
				<timestamp>501.276285</timestamp>
			</report>
			<report>
				<misses>3860001</misses>
				<total>1365429</total>
				<timestamp>501.406152</timestamp>
			</report>
			<report>
				<misses>3861001</misses>
				<total>1365430</total>
				<timestamp>501.536036</timestamp>
			</report>
			<report>
				<misses>3862001</misses>
				<total>1365430</total>
				<timestamp>501.665879</timestamp>
			</report>
			<report>
				<misses>3863001</misses>
				<total>1365430</total>
				<timestamp>501.795748</timestamp>
			</report>
			<report>
				<misses>3864001</misses>
				<total>1365430</total>
				<timestamp>501.925628</timestamp>
			</report>
			<report>
				<misses>3865001</misses>
				<total>1365430</total>
				<timestamp>502.055558</timestamp>
			</report>
			<report>
				<misses>3866001</misses>
				<total>1365430</total>
				<timestamp>502.185396</timestamp>
			</report>
			<report>
				<misses>3867001</misses>
				<total>1365430</total>
				<timestamp>502.315257</timestamp>
			</report>
			<report>
				<misses>3868001</misses>
				<total>1365430</total>
				<timestamp>502.445142</timestamp>
			</report>
			<report>
				<misses>3869001</misses>
				<total>1365430</total>
				<timestamp>502.574988</timestamp>
			</report>
			<report>
				<misses>3870001</misses>
				<total>1365430</total>
				<timestamp>502.704842</timestamp>
			</report>
			<report>
				<misses>3871001</misses>
				<total>1365432</total>
				<timestamp>502.834724</timestamp>
			</report>
			<report>
				<misses>3872001</misses>
				<total>1365431</total>
				<timestamp>502.964605</timestamp>
			</report>
			<report>
				<misses>3873001</misses>
				<total>1365432</total>
				<timestamp>503.094507</timestamp>
			</report>
			<report>
				<misses>3874001</misses>
				<total>1365432</total>
				<timestamp>503.224425</timestamp>
			</report>
			<report>
				<misses>3875001</misses>
				<total>1365432</total>
				<timestamp>503.354365</timestamp>
			</report>
			<report>
				<misses>3876001</misses>
				<total>1365432</total>
				<timestamp>503.484253</timestamp>
			</report>
			<report>
				<misses>3877001</misses>
				<total>1365432</total>
				<timestamp>503.614068</timestamp>
			</report>
			<report>
				<misses>3878001</misses>
				<total>1365432</total>
				<timestamp>503.743930</timestamp>
			</report>
			<report>
				<misses>3879001</misses>
				<total>1365432</total>
				<timestamp>503.873786</timestamp>
			</report>
			<report>
				<misses>3880001</misses>
				<total>1365432</total>
				<timestamp>504.003729</timestamp>
			</report>
			<report>
				<misses>3881001</misses>
				<total>1365435</total>
				<timestamp>504.133628</timestamp>
			</report>
			<report>
				<misses>3882001</misses>
				<total>1365435</total>
				<timestamp>504.263543</timestamp>
			</report>
			<report>
				<misses>3883001</misses>
				<total>1365435</total>
				<timestamp>504.393436</timestamp>
			</report>
			<report>
				<misses>3884001</misses>
				<total>1365437</total>
				<timestamp>504.523274</timestamp>
			</report>
			<report>
				<misses>3885001</misses>
				<total>1365438</total>
				<timestamp>504.653213</timestamp>
			</report>
			<report>
				<misses>3886001</misses>
				<total>1365438</total>
				<timestamp>504.783021</timestamp>
			</report>
			<report>
				<misses>3887001</misses>
				<total>1365438</total>
				<timestamp>504.912884</timestamp>
			</report>
			<report>
				<misses>3888001</misses>
				<total>1365438</total>
				<timestamp>505.042748</timestamp>
			</report>
			<report>
				<misses>3889001</misses>
				<total>1365438</total>
				<timestamp>505.172670</timestamp>
			</report>
			<report>
				<misses>3890001</misses>
				<total>1365437</total>
				<timestamp>505.302551</timestamp>
			</report>
			<report>
				<misses>3891001</misses>
				<total>1365438</total>
				<timestamp>505.432467</timestamp>
			</report>
			<report>
				<misses>3892001</misses>
				<total>1365438</total>
				<timestamp>505.562390</timestamp>
			</report>
			<report>
				<misses>3893001</misses>
				<total>1365438</total>
				<timestamp>505.692252</timestamp>
			</report>
			<report>
				<misses>3894001</misses>
				<total>1365438</total>
				<timestamp>505.822218</timestamp>
			</report>
			<report>
				<misses>3895001</misses>
				<total>1365438</total>
				<timestamp>505.952206</timestamp>
			</report>
			<report>
				<misses>3896001</misses>
				<total>1365438</total>
				<timestamp>506.082109</timestamp>
			</report>
			<report>
				<misses>3897001</misses>
				<total>1365438</total>
				<timestamp>506.211985</timestamp>
			</report>
			<report>
				<misses>3898001</misses>
				<total>1365438</total>
				<timestamp>506.341897</timestamp>
			</report>
			<report>
				<misses>3899001</misses>
				<total>1365438</total>
				<timestamp>506.471781</timestamp>
			</report>
			<report>
				<misses>3900001</misses>
				<total>1365438</total>
				<timestamp>506.601651</timestamp>
			</report>
			<report>
				<misses>3901001</misses>
				<total>1365438</total>
				<timestamp>506.731451</timestamp>
			</report>
			<report>
				<misses>3902001</misses>
				<total>1365438</total>
				<timestamp>506.861374</timestamp>
			</report>
			<report>
				<misses>3903001</misses>
				<total>1365438</total>
				<timestamp>506.991249</timestamp>
			</report>
			<report>
				<misses>3904001</misses>
				<total>1365438</total>
				<timestamp>507.121102</timestamp>
			</report>
			<report>
				<misses>3905001</misses>
				<total>1365438</total>
				<timestamp>507.250951</timestamp>
			</report>
			<report>
				<misses>3906001</misses>
				<total>1365438</total>
				<timestamp>507.380802</timestamp>
			</report>
			<report>
				<misses>3907001</misses>
				<total>1365438</total>
				<timestamp>507.510711</timestamp>
			</report>
			<report>
				<misses>3908001</misses>
				<total>1365438</total>
				<timestamp>507.640622</timestamp>
			</report>
			<report>
				<misses>3909001</misses>
				<total>1365438</total>
				<timestamp>507.770416</timestamp>
			</report>
			<report>
				<misses>3910001</misses>
				<total>1365438</total>
				<timestamp>507.900346</timestamp>
			</report>
			<report>
				<misses>3911001</misses>
				<total>1365438</total>
				<timestamp>508.030233</timestamp>
			</report>
			<report>
				<misses>3912001</misses>
				<total>1365438</total>
				<timestamp>508.160068</timestamp>
			</report>
			<report>
				<misses>3913001</misses>
				<total>1365438</total>
				<timestamp>508.289905</timestamp>
			</report>
			<report>
				<misses>3914001</misses>
				<total>1365438</total>
				<timestamp>508.419776</timestamp>
			</report>
			<report>
				<misses>3915001</misses>
				<total>1365444</total>
				<timestamp>508.549664</timestamp>
			</report>
			<report>
				<misses>3916001</misses>
				<total>1365444</total>
				<timestamp>508.679545</timestamp>
			</report>
			<report>
				<misses>3917001</misses>
				<total>1365449</total>
				<timestamp>508.809380</timestamp>
			</report>
			<report>
				<misses>3918001</misses>
				<total>1365449</total>
				<timestamp>508.939273</timestamp>
			</report>
			<report>
				<misses>3919001</misses>
				<total>1365449</total>
				<timestamp>509.069181</timestamp>
			</report>
			<report>
				<misses>3920001</misses>
				<total>1365449</total>
				<timestamp>509.199017</timestamp>
			</report>
			<report>
				<misses>3921001</misses>
				<total>1365449</total>
				<timestamp>509.328896</timestamp>
			</report>
			<report>
				<misses>3922001</misses>
				<total>1365449</total>
				<timestamp>509.458806</timestamp>
			</report>
			<report>
				<misses>3923001</misses>
				<total>1365449</total>
				<timestamp>509.588635</timestamp>
			</report>
			<report>
				<misses>3924001</misses>
				<total>1365449</total>
				<timestamp>509.718523</timestamp>
			</report>
			<report>
				<misses>3925001</misses>
				<total>1365451</total>
				<timestamp>509.848323</timestamp>
			</report>
			<report>
				<misses>3926001</misses>
				<total>1365451</total>
				<timestamp>509.978273</timestamp>
			</report>
			<report>
				<misses>3927001</misses>
				<total>1365451</total>
				<timestamp>510.108174</timestamp>
			</report>
			<report>
				<misses>3928001</misses>
				<total>1365451</total>
				<timestamp>510.238108</timestamp>
			</report>
			<report>
				<misses>3929001</misses>
				<total>1365451</total>
				<timestamp>510.368031</timestamp>
			</report>
			<report>
				<misses>3930001</misses>
				<total>1365451</total>
				<timestamp>510.497843</timestamp>
			</report>
			<report>
				<misses>3931001</misses>
				<total>1365451</total>
				<timestamp>510.627770</timestamp>
			</report>
			<report>
				<misses>3932001</misses>
				<total>1365451</total>
				<timestamp>510.757573</timestamp>
			</report>
			<report>
				<misses>3933001</misses>
				<total>1365451</total>
				<timestamp>510.887536</timestamp>
			</report>
			<report>
				<misses>3934001</misses>
				<total>1365451</total>
				<timestamp>511.017433</timestamp>
			</report>
			<report>
				<misses>3935001</misses>
				<total>1365451</total>
				<timestamp>511.147415</timestamp>
			</report>
			<report>
				<misses>3936001</misses>
				<total>1365451</total>
				<timestamp>511.277315</timestamp>
			</report>
			<report>
				<misses>3937001</misses>
				<total>1365451</total>
				<timestamp>511.407249</timestamp>
			</report>
			<report>
				<misses>3938001</misses>
				<total>1365452</total>
				<timestamp>511.537043</timestamp>
			</report>
			<report>
				<misses>3939001</misses>
				<total>1365453</total>
				<timestamp>511.666905</timestamp>
			</report>
			<report>
				<misses>3940001</misses>
				<total>1365453</total>
				<timestamp>511.796767</timestamp>
			</report>
			<report>
				<misses>3941001</misses>
				<total>1365453</total>
				<timestamp>511.926668</timestamp>
			</report>
			<report>
				<misses>3942001</misses>
				<total>1365453</total>
				<timestamp>512.056575</timestamp>
			</report>
			<report>
				<misses>3943001</misses>
				<total>1365453</total>
				<timestamp>512.186391</timestamp>
			</report>
			<report>
				<misses>3944001</misses>
				<total>1365453</total>
				<timestamp>512.316373</timestamp>
			</report>
			<report>
				<misses>3945001</misses>
				<total>1365453</total>
				<timestamp>512.446297</timestamp>
			</report>
			<report>
				<misses>3946001</misses>
				<total>1365453</total>
				<timestamp>512.576175</timestamp>
			</report>
			<report>
				<misses>3947001</misses>
				<total>1365453</total>
				<timestamp>512.705994</timestamp>
			</report>
			<report>
				<misses>3948001</misses>
				<total>1365453</total>
				<timestamp>512.835858</timestamp>
			</report>
			<report>
				<misses>3949001</misses>
				<total>1365453</total>
				<timestamp>512.965735</timestamp>
			</report>
			<report>
				<misses>3950001</misses>
				<total>1365453</total>
				<timestamp>513.095631</timestamp>
			</report>
			<report>
				<misses>3951001</misses>
				<total>1365453</total>
				<timestamp>513.225478</timestamp>
			</report>
			<report>
				<misses>3952001</misses>
				<total>1365453</total>
				<timestamp>513.355352</timestamp>
			</report>
			<report>
				<misses>3953001</misses>
				<total>1365454</total>
				<timestamp>513.485329</timestamp>
			</report>
			<report>
				<misses>3954001</misses>
				<total>1365453</total>
				<timestamp>513.615328</timestamp>
			</report>
			<report>
				<misses>3955001</misses>
				<total>1365453</total>
				<timestamp>513.745285</timestamp>
			</report>
			<report>
				<misses>3956001</misses>
				<total>1365453</total>
				<timestamp>513.875167</timestamp>
			</report>
			<report>
				<misses>3957001</misses>
				<total>1365453</total>
				<timestamp>514.004954</timestamp>
			</report>
			<report>
				<misses>3958001</misses>
				<total>1365453</total>
				<timestamp>514.134928</timestamp>
			</report>
			<report>
				<misses>3959001</misses>
				<total>1365453</total>
				<timestamp>514.264833</timestamp>
			</report>
			<report>
				<misses>3960001</misses>
				<total>1365453</total>
				<timestamp>514.394748</timestamp>
			</report>
			<report>
				<misses>3961001</misses>
				<total>1365453</total>
				<timestamp>514.524621</timestamp>
			</report>
			<report>
				<misses>3962001</misses>
				<total>1365453</total>
				<timestamp>514.654510</timestamp>
			</report>
			<report>
				<misses>3963001</misses>
				<total>1365453</total>
				<timestamp>514.784353</timestamp>
			</report>
			<report>
				<misses>3964001</misses>
				<total>1365453</total>
				<timestamp>514.914214</timestamp>
			</report>
			<report>
				<misses>3965001</misses>
				<total>1365453</total>
				<timestamp>515.044054</timestamp>
			</report>
			<report>
				<misses>3966001</misses>
				<total>1365453</total>
				<timestamp>515.173919</timestamp>
			</report>
			<report>
				<misses>3967001</misses>
				<total>1365453</total>
				<timestamp>515.303807</timestamp>
			</report>
			<report>
				<misses>3968001</misses>
				<total>1365453</total>
				<timestamp>515.433658</timestamp>
			</report>
			<report>
				<misses>3969001</misses>
				<total>1365453</total>
				<timestamp>515.563596</timestamp>
			</report>
			<report>
				<misses>3970001</misses>
				<total>1365453</total>
				<timestamp>515.693388</timestamp>
			</report>
			<report>
				<misses>3971001</misses>
				<total>1365453</total>
				<timestamp>515.823272</timestamp>
			</report>
			<report>
				<misses>3972001</misses>
				<total>1365453</total>
				<timestamp>515.953159</timestamp>
			</report>
			<report>
				<misses>3973001</misses>
				<total>1365454</total>
				<timestamp>516.083007</timestamp>
			</report>
			<report>
				<misses>3974001</misses>
				<total>1365454</total>
				<timestamp>516.212921</timestamp>
			</report>
			<report>
				<misses>3975001</misses>
				<total>1365454</total>
				<timestamp>516.342752</timestamp>
			</report>
			<report>
				<misses>3976001</misses>
				<total>1365454</total>
				<timestamp>516.472617</timestamp>
			</report>
			<report>
				<misses>3977001</misses>
				<total>1365454</total>
				<timestamp>516.602524</timestamp>
			</report>
			<report>
				<misses>3978001</misses>
				<total>1365454</total>
				<timestamp>516.732384</timestamp>
			</report>
			<report>
				<misses>3979001</misses>
				<total>1365454</total>
				<timestamp>516.862284</timestamp>
			</report>
			<report>
				<misses>3980001</misses>
				<total>1365454</total>
				<timestamp>516.992122</timestamp>
			</report>
			<report>
				<misses>3981001</misses>
				<total>1365454</total>
				<timestamp>517.122035</timestamp>
			</report>
			<report>
				<misses>3982001</misses>
				<total>1365454</total>
				<timestamp>517.251837</timestamp>
			</report>
			<report>
				<misses>3983001</misses>
				<total>1365454</total>
				<timestamp>517.381726</timestamp>
			</report>
			<report>
				<misses>3984001</misses>
				<total>1365454</total>
				<timestamp>517.511623</timestamp>
			</report>
			<report>
				<misses>3985001</misses>
				<total>1365454</total>
				<timestamp>517.641496</timestamp>
			</report>
			<report>
				<misses>3986001</misses>
				<total>1365454</total>
				<timestamp>517.771334</timestamp>
			</report>
			<report>
				<misses>3987001</misses>
				<total>1365454</total>
				<timestamp>517.901264</timestamp>
			</report>
			<report>
				<misses>3988001</misses>
				<total>1365454</total>
				<timestamp>518.031128</timestamp>
			</report>
			<report>
				<misses>3989001</misses>
				<total>1365454</total>
				<timestamp>518.160928</timestamp>
			</report>
			<report>
				<misses>3990001</misses>
				<total>1365454</total>
				<timestamp>518.290792</timestamp>
			</report>
			<report>
				<misses>3991001</misses>
				<total>1365454</total>
				<timestamp>518.420718</timestamp>
			</report>
			<report>
				<misses>3992001</misses>
				<total>1365462</total>
				<timestamp>518.550597</timestamp>
			</report>
			<report>
				<misses>3993001</misses>
				<total>1365464</total>
				<timestamp>518.680405</timestamp>
			</report>
			<report>
				<misses>3994001</misses>
				<total>1365464</total>
				<timestamp>518.810346</timestamp>
			</report>
			<report>
				<misses>3995001</misses>
				<total>1365464</total>
				<timestamp>518.940175</timestamp>
			</report>
			<report>
				<misses>3996001</misses>
				<total>1365464</total>
				<timestamp>519.070054</timestamp>
			</report>
			<report>
				<misses>3997001</misses>
				<total>1365464</total>
				<timestamp>519.199898</timestamp>
			</report>
			<report>
				<misses>3998001</misses>
				<total>1365464</total>
				<timestamp>519.329753</timestamp>
			</report>
			<report>
				<misses>3999001</misses>
				<total>1365464</total>
				<timestamp>519.459671</timestamp>
			</report>
			<report>
				<misses>4000001</misses>
				<total>1365463</total>
				<timestamp>519.589550</timestamp>
			</report>
			<report>
				<misses>4001001</misses>
				<total>1365464</total>
				<timestamp>519.719383</timestamp>
			</report>
			<report>
				<misses>4002001</misses>
				<total>1365468</total>
				<timestamp>519.849286</timestamp>
			</report>
			<report>
				<misses>4003001</misses>
				<total>1365468</total>
				<timestamp>519.979201</timestamp>
			</report>
			<report>
				<misses>4004001</misses>
				<total>1365468</total>
				<timestamp>520.109156</timestamp>
			</report>
			<report>
				<misses>4005001</misses>
				<total>1365468</total>
				<timestamp>520.238990</timestamp>
			</report>
			<report>
				<misses>4006001</misses>
				<total>1365468</total>
				<timestamp>520.368847</timestamp>
			</report>
			<report>
				<misses>4007001</misses>
				<total>1365468</total>
				<timestamp>520.498739</timestamp>
			</report>
			<report>
				<misses>4008001</misses>
				<total>1365468</total>
				<timestamp>520.628620</timestamp>
			</report>
			<report>
				<misses>4009001</misses>
				<total>1365468</total>
				<timestamp>520.758513</timestamp>
			</report>
			<report>
				<misses>4010001</misses>
				<total>1365468</total>
				<timestamp>520.888335</timestamp>
			</report>
			<report>
				<misses>4011001</misses>
				<total>1365468</total>
				<timestamp>521.018254</timestamp>
			</report>
			<report>
				<misses>4012001</misses>
				<total>1365469</total>
				<timestamp>521.148119</timestamp>
			</report>
			<report>
				<misses>4013001</misses>
				<total>1365469</total>
				<timestamp>521.277959</timestamp>
			</report>
			<report>
				<misses>4014001</misses>
				<total>1365470</total>
				<timestamp>521.407838</timestamp>
			</report>
			<report>
				<misses>4015001</misses>
				<total>1365469</total>
				<timestamp>521.537672</timestamp>
			</report>
			<report>
				<misses>4016001</misses>
				<total>1365468</total>
				<timestamp>521.667575</timestamp>
			</report>
			<report>
				<misses>4017001</misses>
				<total>1365469</total>
				<timestamp>521.797493</timestamp>
			</report>
			<report>
				<misses>4018001</misses>
				<total>1365483</total>
				<timestamp>521.927358</timestamp>
			</report>
			<report>
				<misses>4019001</misses>
				<total>1365483</total>
				<timestamp>522.057181</timestamp>
			</report>
			<report>
				<misses>4020001</misses>
				<total>1365483</total>
				<timestamp>522.187080</timestamp>
			</report>
			<report>
				<misses>4021001</misses>
				<total>1365483</total>
				<timestamp>522.316892</timestamp>
			</report>
			<report>
				<misses>4022001</misses>
				<total>1365483</total>
				<timestamp>522.446774</timestamp>
			</report>
			<report>
				<misses>4023001</misses>
				<total>1365483</total>
				<timestamp>522.576667</timestamp>
			</report>
			<report>
				<misses>4024001</misses>
				<total>1365483</total>
				<timestamp>522.706530</timestamp>
			</report>
			<report>
				<misses>4025001</misses>
				<total>1365483</total>
				<timestamp>522.836376</timestamp>
			</report>
			<report>
				<misses>4026001</misses>
				<total>1365483</total>
				<timestamp>522.966262</timestamp>
			</report>
			<report>
				<misses>4027001</misses>
				<total>1365483</total>
				<timestamp>523.096149</timestamp>
			</report>
			<report>
				<misses>4028001</misses>
				<total>1365483</total>
				<timestamp>523.226002</timestamp>
			</report>
			<report>
				<misses>4029001</misses>
				<total>1365483</total>
				<timestamp>523.355899</timestamp>
			</report>
			<report>
				<misses>4030001</misses>
				<total>1365483</total>
				<timestamp>523.485733</timestamp>
			</report>
			<report>
				<misses>4031001</misses>
				<total>1365483</total>
				<timestamp>523.615634</timestamp>
			</report>
			<report>
				<misses>4032001</misses>
				<total>1365483</total>
				<timestamp>523.745478</timestamp>
			</report>
			<report>
				<misses>4033001</misses>
				<total>1365484</total>
				<timestamp>523.875394</timestamp>
			</report>
			<report>
				<misses>4034001</misses>
				<total>1365484</total>
				<timestamp>524.005202</timestamp>
			</report>
			<report>
				<misses>4035001</misses>
				<total>1365484</total>
				<timestamp>524.135142</timestamp>
			</report>
			<report>
				<misses>4036001</misses>
				<total>1365484</total>
				<timestamp>524.264965</timestamp>
			</report>
			<report>
				<misses>4037001</misses>
				<total>1365484</total>
				<timestamp>524.394813</timestamp>
			</report>
			<report>
				<misses>4038001</misses>
				<total>1365484</total>
				<timestamp>524.524730</timestamp>
			</report>
			<report>
				<misses>4039001</misses>
				<total>1365484</total>
				<timestamp>524.654610</timestamp>
			</report>
			<report>
				<misses>4040001</misses>
				<total>1365483</total>
				<timestamp>524.784490</timestamp>
			</report>
			<report>
				<misses>4041001</misses>
				<total>1365484</total>
				<timestamp>524.914389</timestamp>
			</report>
			<report>
				<misses>4042001</misses>
				<total>1365484</total>
				<timestamp>525.044310</timestamp>
			</report>
			<report>
				<misses>4043001</misses>
				<total>1365484</total>
				<timestamp>525.174264</timestamp>
			</report>
			<report>
				<misses>4044001</misses>
				<total>1365484</total>
				<timestamp>525.304238</timestamp>
			</report>
			<report>
				<misses>4045001</misses>
				<total>1365484</total>
				<timestamp>525.434120</timestamp>
			</report>
			<report>
				<misses>4046001</misses>
				<total>1365484</total>
				<timestamp>525.563923</timestamp>
			</report>
			<report>
				<misses>4047001</misses>
				<total>1365484</total>
				<timestamp>525.693801</timestamp>
			</report>
			<report>
				<misses>4048001</misses>
				<total>1365484</total>
				<timestamp>525.823662</timestamp>
			</report>
			<report>
				<misses>4049001</misses>
				<total>1365484</total>
				<timestamp>525.953547</timestamp>
			</report>
			<report>
				<misses>4050001</misses>
				<total>1365484</total>
				<timestamp>526.083395</timestamp>
			</report>
			<report>
				<misses>4051001</misses>
				<total>1365484</total>
				<timestamp>526.213256</timestamp>
			</report>
			<report>
				<misses>4052001</misses>
				<total>1365484</total>
				<timestamp>526.343209</timestamp>
			</report>
			<report>
				<misses>4053001</misses>
				<total>1365484</total>
				<timestamp>526.473077</timestamp>
			</report>
			<report>
				<misses>4054001</misses>
				<total>1365484</total>
				<timestamp>526.602879</timestamp>
			</report>
			<report>
				<misses>4055001</misses>
				<total>1365484</total>
				<timestamp>526.732742</timestamp>
			</report>
			<report>
				<misses>4056001</misses>
				<total>1365489</total>
				<timestamp>526.862620</timestamp>
			</report>
			<report>
				<misses>4057001</misses>
				<total>1365489</total>
				<timestamp>526.992520</timestamp>
			</report>
			<report>
				<misses>4058001</misses>
				<total>1365489</total>
				<timestamp>527.122345</timestamp>
			</report>
			<report>
				<misses>4059001</misses>
				<total>1365489</total>
				<timestamp>527.252253</timestamp>
			</report>
			<report>
				<misses>4060001</misses>
				<total>1365489</total>
				<timestamp>527.382172</timestamp>
			</report>
			<report>
				<misses>4061001</misses>
				<total>1365489</total>
				<timestamp>527.512140</timestamp>
			</report>
			<report>
				<misses>4062001</misses>
				<total>1365489</total>
				<timestamp>527.642064</timestamp>
			</report>
			<report>
				<misses>4063001</misses>
				<total>1365489</total>
				<timestamp>527.771958</timestamp>
			</report>
			<report>
				<misses>4064001</misses>
				<total>1365489</total>
				<timestamp>527.901842</timestamp>
			</report>
			<report>
				<misses>4065001</misses>
				<total>1365489</total>
				<timestamp>528.031759</timestamp>
			</report>
			<report>
				<misses>4066001</misses>
				<total>1365489</total>
				<timestamp>528.161618</timestamp>
			</report>
			<report>
				<misses>4067001</misses>
				<total>1365489</total>
				<timestamp>528.291527</timestamp>
			</report>
			<report>
				<misses>4068001</misses>
				<total>1365489</total>
				<timestamp>528.421497</timestamp>
			</report>
			<report>
				<misses>4069001</misses>
				<total>1365489</total>
				<timestamp>528.551311</timestamp>
			</report>
			<report>
				<misses>4070001</misses>
				<total>1365489</total>
				<timestamp>528.681254</timestamp>
			</report>
			<report>
				<misses>4071001</misses>
				<total>1365496</total>
				<timestamp>528.811131</timestamp>
			</report>
			<report>
				<misses>4072001</misses>
				<total>1365496</total>
				<timestamp>528.940958</timestamp>
			</report>
			<report>
				<misses>4073001</misses>
				<total>1365496</total>
				<timestamp>529.070796</timestamp>
			</report>
			<report>
				<misses>4074001</misses>
				<total>1365496</total>
				<timestamp>529.200680</timestamp>
			</report>
			<report>
				<misses>4075001</misses>
				<total>1365496</total>
				<timestamp>529.330541</timestamp>
			</report>
			<report>
				<misses>4076001</misses>
				<total>1365496</total>
				<timestamp>529.460410</timestamp>
			</report>
			<report>
				<misses>4077001</misses>
				<total>1365495</total>
				<timestamp>529.590284</timestamp>
			</report>
			<report>
				<misses>4078001</misses>
				<total>1365496</total>
				<timestamp>529.720212</timestamp>
			</report>
			<report>
				<misses>4079001</misses>
				<total>1365496</total>
				<timestamp>529.850057</timestamp>
			</report>
			<report>
				<misses>4080001</misses>
				<total>1365496</total>
				<timestamp>529.979905</timestamp>
			</report>
			<report>
				<misses>4081001</misses>
				<total>1365496</total>
				<timestamp>530.109740</timestamp>
			</report>
			<report>
				<misses>4082001</misses>
				<total>1365496</total>
				<timestamp>530.239640</timestamp>
			</report>
			<report>
				<misses>4083001</misses>
				<total>1365498</total>
				<timestamp>530.369509</timestamp>
			</report>
			<report>
				<misses>4084001</misses>
				<total>1365498</total>
				<timestamp>530.499366</timestamp>
			</report>
			<report>
				<misses>4085001</misses>
				<total>1365498</total>
				<timestamp>530.629247</timestamp>
			</report>
			<report>
				<misses>4086001</misses>
				<total>1365498</total>
				<timestamp>530.759178</timestamp>
			</report>
			<report>
				<misses>4087001</misses>
				<total>1365498</total>
				<timestamp>530.888979</timestamp>
			</report>
			<report>
				<misses>4088001</misses>
				<total>1365499</total>
				<timestamp>531.018839</timestamp>
			</report>
			<report>
				<misses>4089001</misses>
				<total>1365499</total>
				<timestamp>531.148802</timestamp>
			</report>
			<report>
				<misses>4090001</misses>
				<total>1365499</total>
				<timestamp>531.278811</timestamp>
			</report>
			<report>
				<misses>4091001</misses>
				<total>1365499</total>
				<timestamp>531.408723</timestamp>
			</report>
			<report>
				<misses>4092001</misses>
				<total>1365502</total>
				<timestamp>531.538627</timestamp>
			</report>
			<report>
				<misses>4093001</misses>
				<total>1365501</total>
				<timestamp>531.668509</timestamp>
			</report>
			<report>
				<misses>4094001</misses>
				<total>1365502</total>
				<timestamp>531.798326</timestamp>
			</report>
			<report>
				<misses>4095001</misses>
				<total>1365502</total>
				<timestamp>531.928181</timestamp>
			</report>
			<report>
				<misses>4096001</misses>
				<total>1365502</total>
				<timestamp>532.058105</timestamp>
			</report>
			<report>
				<misses>4097001</misses>
				<total>1365502</total>
				<timestamp>532.188028</timestamp>
			</report>
			<report>
				<misses>4098001</misses>
				<total>1365502</total>
				<timestamp>532.317932</timestamp>
			</report>
			<report>
				<misses>4099001</misses>
				<total>1365501</total>
				<timestamp>532.447834</timestamp>
			</report>
			<report>
				<misses>4100001</misses>
				<total>1365503</total>
				<timestamp>532.577661</timestamp>
			</report>
			<report>
				<misses>4101001</misses>
				<total>1365503</total>
				<timestamp>532.707561</timestamp>
			</report>
			<report>
				<misses>4102001</misses>
				<total>1365505</total>
				<timestamp>532.837491</timestamp>
			</report>
			<report>
				<misses>4103001</misses>
				<total>1365508</total>
				<timestamp>532.967345</timestamp>
			</report>
			<report>
				<misses>4104001</misses>
				<total>1365508</total>
				<timestamp>533.097197</timestamp>
			</report>
			<report>
				<misses>4105001</misses>
				<total>1365508</total>
				<timestamp>533.227106</timestamp>
			</report>
			<report>
				<misses>4106001</misses>
				<total>1365514</total>
				<timestamp>533.357072</timestamp>
			</report>
			<report>
				<misses>4107001</misses>
				<total>1365514</total>
				<timestamp>533.486894</timestamp>
			</report>
			<report>
				<misses>4108001</misses>
				<total>1365514</total>
				<timestamp>533.616781</timestamp>
			</report>
			<report>
				<misses>4109001</misses>
				<total>1365514</total>
				<timestamp>533.746652</timestamp>
			</report>
			<report>
				<misses>4110001</misses>
				<total>1365514</total>
				<timestamp>533.876495</timestamp>
			</report>
			<report>
				<misses>4111001</misses>
				<total>1365514</total>
				<timestamp>534.006392</timestamp>
			</report>
			<report>
				<misses>4112001</misses>
				<total>1365514</total>
				<timestamp>534.136231</timestamp>
			</report>
			<report>
				<misses>4113001</misses>
				<total>1365514</total>
				<timestamp>534.266200</timestamp>
			</report>
			<report>
				<misses>4114001</misses>
				<total>1365514</total>
				<timestamp>534.396217</timestamp>
			</report>
			<report>
				<misses>4115001</misses>
				<total>1365514</total>
				<timestamp>534.526187</timestamp>
			</report>
			<report>
				<misses>4116001</misses>
				<total>1365514</total>
				<timestamp>534.656120</timestamp>
			</report>
			<report>
				<misses>4117001</misses>
				<total>1365514</total>
				<timestamp>534.786064</timestamp>
			</report>
			<report>
				<misses>4118001</misses>
				<total>1365514</total>
				<timestamp>534.916021</timestamp>
			</report>
			<report>
				<misses>4119001</misses>
				<total>1365514</total>
				<timestamp>535.045848</timestamp>
			</report>
			<report>
				<misses>4120001</misses>
				<total>1365514</total>
				<timestamp>535.175741</timestamp>
			</report>
			<report>
				<misses>4121001</misses>
				<total>1365514</total>
				<timestamp>535.305607</timestamp>
			</report>
			<report>
				<misses>4122001</misses>
				<total>1365514</total>
				<timestamp>535.435457</timestamp>
			</report>
			<report>
				<misses>4123001</misses>
				<total>1365514</total>
				<timestamp>535.565317</timestamp>
			</report>
			<report>
				<misses>4124001</misses>
				<total>1365514</total>
				<timestamp>535.695213</timestamp>
			</report>
			<report>
				<misses>4125001</misses>
				<total>1365514</total>
				<timestamp>535.825092</timestamp>
			</report>
			<report>
				<misses>4126001</misses>
				<total>1365514</total>
				<timestamp>535.954997</timestamp>
			</report>
			<report>
				<misses>4127001</misses>
				<total>1365514</total>
				<timestamp>536.084827</timestamp>
			</report>
			<report>
				<misses>4128001</misses>
				<total>1365514</total>
				<timestamp>536.214686</timestamp>
			</report>
			<report>
				<misses>4129001</misses>
				<total>1365513</total>
				<timestamp>536.344629</timestamp>
			</report>
			<report>
				<misses>4130001</misses>
				<total>1365513</total>
				<timestamp>536.474486</timestamp>
			</report>
			<report>
				<misses>4131001</misses>
				<total>1365515</total>
				<timestamp>536.604345</timestamp>
			</report>
			<report>
				<misses>4132001</misses>
				<total>1365516</total>
				<timestamp>536.734159</timestamp>
			</report>
			<report>
				<misses>4133001</misses>
				<total>1365516</total>
				<timestamp>536.864105</timestamp>
			</report>
			<report>
				<misses>4134001</misses>
				<total>1365516</total>
				<timestamp>536.993899</timestamp>
			</report>
			<report>
				<misses>4135001</misses>
				<total>1365516</total>
				<timestamp>537.123826</timestamp>
			</report>
			<report>
				<misses>4136001</misses>
				<total>1365516</total>
				<timestamp>537.253657</timestamp>
			</report>
			<report>
				<misses>4137001</misses>
				<total>1365516</total>
				<timestamp>537.383521</timestamp>
			</report>
			<report>
				<misses>4138001</misses>
				<total>1365516</total>
				<timestamp>537.513382</timestamp>
			</report>
			<report>
				<misses>4139001</misses>
				<total>1365516</total>
				<timestamp>537.643263</timestamp>
			</report>
			<report>
				<misses>4140001</misses>
				<total>1365516</total>
				<timestamp>537.773175</timestamp>
			</report>
			<report>
				<misses>4141001</misses>
				<total>1365516</total>
				<timestamp>537.903010</timestamp>
			</report>
			<report>
				<misses>4142001</misses>
				<total>1365516</total>
				<timestamp>538.032905</timestamp>
			</report>
			<report>
				<misses>4143001</misses>
				<total>1365516</total>
				<timestamp>538.162753</timestamp>
			</report>
			<report>
				<misses>4144001</misses>
				<total>1365519</total>
				<timestamp>538.292636</timestamp>
			</report>
			<report>
				<misses>4145001</misses>
				<total>1365519</total>
				<timestamp>538.422486</timestamp>
			</report>
			<report>
				<misses>4146001</misses>
				<total>1365519</total>
				<timestamp>538.552344</timestamp>
			</report>
			<report>
				<misses>4147001</misses>
				<total>1365519</total>
				<timestamp>538.682259</timestamp>
			</report>
			<report>
				<misses>4148001</misses>
				<total>1365519</total>
				<timestamp>538.812150</timestamp>
			</report>
			<report>
				<misses>4149001</misses>
				<total>1365519</total>
				<timestamp>538.942061</timestamp>
			</report>
			<report>
				<misses>4150001</misses>
				<total>1365519</total>
				<timestamp>539.072031</timestamp>
			</report>
			<report>
				<misses>4151001</misses>
				<total>1365519</total>
				<timestamp>539.201834</timestamp>
			</report>
			<report>
				<misses>4152001</misses>
				<total>1365519</total>
				<timestamp>539.331749</timestamp>
			</report>
			<report>
				<misses>4153001</misses>
				<total>1365519</total>
				<timestamp>539.461650</timestamp>
			</report>
			<report>
				<misses>4154001</misses>
				<total>1365520</total>
				<timestamp>539.591604</timestamp>
			</report>
			<report>
				<misses>4155001</misses>
				<total>1365520</total>
				<timestamp>539.721498</timestamp>
			</report>
			<report>
				<misses>4156001</misses>
				<total>1365520</total>
				<timestamp>539.851298</timestamp>
			</report>
			<report>
				<misses>4157001</misses>
				<total>1365520</total>
				<timestamp>539.981165</timestamp>
			</report>
			<report>
				<misses>4158001</misses>
				<total>1365520</total>
				<timestamp>540.111068</timestamp>
			</report>
			<report>
				<misses>4159001</misses>
				<total>1365520</total>
				<timestamp>540.241060</timestamp>
			</report>
			<report>
				<misses>4160001</misses>
				<total>1365520</total>
				<timestamp>540.370974</timestamp>
			</report>
			<report>
				<misses>4161001</misses>
				<total>1365520</total>
				<timestamp>540.500792</timestamp>
			</report>
			<report>
				<misses>4162001</misses>
				<total>1365520</total>
				<timestamp>540.630655</timestamp>
			</report>
			<report>
				<misses>4163001</misses>
				<total>1365520</total>
				<timestamp>540.760515</timestamp>
			</report>
			<report>
				<misses>4164001</misses>
				<total>1365520</total>
				<timestamp>540.890387</timestamp>
			</report>
			<report>
				<misses>4165001</misses>
				<total>1365520</total>
				<timestamp>541.020255</timestamp>
			</report>
			<report>
				<misses>4166001</misses>
				<total>1365519</total>
				<timestamp>541.150188</timestamp>
			</report>
			<report>
				<misses>4167001</misses>
				<total>1365520</total>
				<timestamp>541.280089</timestamp>
			</report>
			<report>
				<misses>4168001</misses>
				<total>1365520</total>
				<timestamp>541.410028</timestamp>
			</report>
			<report>
				<misses>4169001</misses>
				<total>1365520</total>
				<timestamp>541.539927</timestamp>
			</report>
			<report>
				<misses>4170001</misses>
				<total>1365525</total>
				<timestamp>541.669750</timestamp>
			</report>
			<report>
				<misses>4171001</misses>
				<total>1365525</total>
				<timestamp>541.799621</timestamp>
			</report>
			<report>
				<misses>4172001</misses>
				<total>1365525</total>
				<timestamp>541.929512</timestamp>
			</report>
			<report>
				<misses>4173001</misses>
				<total>1365525</total>
				<timestamp>542.059343</timestamp>
			</report>
			<report>
				<misses>4174001</misses>
				<total>1365525</total>
				<timestamp>542.189221</timestamp>
			</report>
			<report>
				<misses>4175001</misses>
				<total>1365525</total>
				<timestamp>542.319119</timestamp>
			</report>
			<report>
				<misses>4176001</misses>
				<total>1365526</total>
				<timestamp>542.449048</timestamp>
			</report>
			<report>
				<misses>4177001</misses>
				<total>1365526</total>
				<timestamp>542.579029</timestamp>
			</report>
			<report>
				<misses>4178001</misses>
				<total>1365526</total>
				<timestamp>542.708849</timestamp>
			</report>
			<report>
				<misses>4179001</misses>
				<total>1365526</total>
				<timestamp>542.838734</timestamp>
			</report>
			<report>
				<misses>4180001</misses>
				<total>1365526</total>
				<timestamp>542.968630</timestamp>
			</report>
			<report>
				<misses>4181001</misses>
				<total>1365526</total>
				<timestamp>543.098479</timestamp>
			</report>
			<report>
				<misses>4182001</misses>
				<total>1365526</total>
				<timestamp>543.228310</timestamp>
			</report>
			<report>
				<misses>4183001</misses>
				<total>1365526</total>
				<timestamp>543.358169</timestamp>
			</report>
			<report>
				<misses>4184001</misses>
				<total>1365525</total>
				<timestamp>543.488100</timestamp>
			</report>
			<report>
				<misses>4185001</misses>
				<total>1365526</total>
				<timestamp>543.618025</timestamp>
			</report>
			<report>
				<misses>4186001</misses>
				<total>1365526</total>
				<timestamp>543.747959</timestamp>
			</report>
			<report>
				<misses>4187001</misses>
				<total>1365526</total>
				<timestamp>543.877791</timestamp>
			</report>
			<report>
				<misses>4188001</misses>
				<total>1365526</total>
				<timestamp>544.007683</timestamp>
			</report>
			<report>
				<misses>4189001</misses>
				<total>1365526</total>
				<timestamp>544.137593</timestamp>
			</report>
			<report>
				<misses>4190001</misses>
				<total>1365526</total>
				<timestamp>544.267431</timestamp>
			</report>
			<report>
				<misses>4191001</misses>
				<total>1365526</total>
				<timestamp>544.397270</timestamp>
			</report>
			<report>
				<misses>4192001</misses>
				<total>1365526</total>
				<timestamp>544.527137</timestamp>
			</report>
			<report>
				<misses>4193001</misses>
				<total>1365526</total>
				<timestamp>544.657117</timestamp>
			</report>
			<report>
				<misses>4194001</misses>
				<total>1365526</total>
				<timestamp>544.787042</timestamp>
			</report>
			<report>
				<misses>4195001</misses>
				<total>1365526</total>
				<timestamp>544.916982</timestamp>
			</report>
			<report>
				<misses>4196001</misses>
				<total>1365526</total>
				<timestamp>545.046966</timestamp>
			</report>
			<report>
				<misses>4197001</misses>
				<total>1365526</total>
				<timestamp>545.176964</timestamp>
			</report>
			<report>
				<misses>4198001</misses>
				<total>1365526</total>
				<timestamp>545.306915</timestamp>
			</report>
			<report>
				<misses>4199001</misses>
				<total>1365526</total>
				<timestamp>545.436774</timestamp>
			</report>
			<report>
				<misses>4200001</misses>
				<total>1365526</total>
				<timestamp>545.566793</timestamp>
			</report>
			<report>
				<misses>4201001</misses>
				<total>1365526</total>
				<timestamp>545.696740</timestamp>
			</report>
			<report>
				<misses>4202001</misses>
				<total>1365527</total>
				<timestamp>545.826653</timestamp>
			</report>
			<report>
				<misses>4203001</misses>
				<total>1365528</total>
				<timestamp>545.956524</timestamp>
			</report>
			<report>
				<misses>4204001</misses>
				<total>1365528</total>
				<timestamp>546.086391</timestamp>
			</report>
			<report>
				<misses>4205001</misses>
				<total>1365545</total>
				<timestamp>546.216225</timestamp>
			</report>
			<report>
				<misses>4206001</misses>
				<total>1365547</total>
				<timestamp>546.346102</timestamp>
			</report>
			<report>
				<misses>4207001</misses>
				<total>1365548</total>
				<timestamp>546.475979</timestamp>
			</report>
			<report>
				<misses>4208001</misses>
				<total>1365548</total>
				<timestamp>546.605869</timestamp>
			</report>
			<report>
				<misses>4209001</misses>
				<total>1365548</total>
				<timestamp>546.735735</timestamp>
			</report>
			<report>
				<misses>4210001</misses>
				<total>1365548</total>
				<timestamp>546.865621</timestamp>
			</report>
			<report>
				<misses>4211001</misses>
				<total>1365548</total>
				<timestamp>546.995497</timestamp>
			</report>
			<report>
				<misses>4212001</misses>
				<total>1365548</total>
				<timestamp>547.125327</timestamp>
			</report>
			<report>
				<misses>4213001</misses>
				<total>1365548</total>
				<timestamp>547.255204</timestamp>
			</report>
			<report>
				<misses>4214001</misses>
				<total>1365548</total>
				<timestamp>547.385098</timestamp>
			</report>
			<report>
				<misses>4215001</misses>
				<total>1365548</total>
				<timestamp>547.515079</timestamp>
			</report>
			<report>
				<misses>4216001</misses>
				<total>1365548</total>
				<timestamp>547.644999</timestamp>
			</report>
			<report>
				<misses>4217001</misses>
				<total>1365548</total>
				<timestamp>547.774833</timestamp>
			</report>
			<report>
				<misses>4218001</misses>
				<total>1365548</total>
				<timestamp>547.904733</timestamp>
			</report>
			<report>
				<misses>4219001</misses>
				<total>1365548</total>
				<timestamp>548.034597</timestamp>
			</report>
			<report>
				<misses>4220001</misses>
				<total>1365548</total>
				<timestamp>548.164491</timestamp>
			</report>
			<report>
				<misses>4221001</misses>
				<total>1365548</total>
				<timestamp>548.294412</timestamp>
			</report>
			<report>
				<misses>4222001</misses>
				<total>1365548</total>
				<timestamp>548.424276</timestamp>
			</report>
			<report>
				<misses>4223001</misses>
				<total>1365548</total>
				<timestamp>548.554195</timestamp>
			</report>
			<report>
				<misses>4224001</misses>
				<total>1365548</total>
				<timestamp>548.684062</timestamp>
			</report>
			<report>
				<misses>4225001</misses>
				<total>1365548</total>
				<timestamp>548.814025</timestamp>
			</report>
			<report>
				<misses>4226001</misses>
				<total>1365548</total>
				<timestamp>548.944016</timestamp>
			</report>
			<report>
				<misses>4227001</misses>
				<total>1365548</total>
				<timestamp>549.073987</timestamp>
			</report>
			<report>
				<misses>4228001</misses>
				<total>1365548</total>
				<timestamp>549.203960</timestamp>
			</report>
			<report>
				<misses>4229001</misses>
				<total>1365548</total>
				<timestamp>549.333768</timestamp>
			</report>
			<report>
				<misses>4230001</misses>
				<total>1365558</total>
				<timestamp>549.463751</timestamp>
			</report>
			<report>
				<misses>4231001</misses>
				<total>1365558</total>
				<timestamp>549.593641</timestamp>
			</report>
			<report>
				<misses>4232001</misses>
				<total>1365558</total>
				<timestamp>549.723524</timestamp>
			</report>
			<report>
				<misses>4233001</misses>
				<total>1365558</total>
				<timestamp>549.853382</timestamp>
			</report>
			<report>
				<misses>4234001</misses>
				<total>1365558</total>
				<timestamp>549.983257</timestamp>
			</report>
			<report>
				<misses>4235001</misses>
				<total>1365558</total>
				<timestamp>550.113155</timestamp>
			</report>
			<report>
				<misses>4236001</misses>
				<total>1365558</total>
				<timestamp>550.243070</timestamp>
			</report>
			<report>
				<misses>4237001</misses>
				<total>1365558</total>
				<timestamp>550.373057</timestamp>
			</report>
			<report>
				<misses>4238001</misses>
				<total>1365558</total>
				<timestamp>550.502971</timestamp>
			</report>
			<report>
				<misses>4239001</misses>
				<total>1365558</total>
				<timestamp>550.632919</timestamp>
			</report>
			<report>
				<misses>4240001</misses>
				<total>1365558</total>
				<timestamp>550.762740</timestamp>
			</report>
			<report>
				<misses>4241001</misses>
				<total>1365558</total>
				<timestamp>550.892598</timestamp>
			</report>
			<report>
				<misses>4242001</misses>
				<total>1365558</total>
				<timestamp>551.022489</timestamp>
			</report>
			<report>
				<misses>4243001</misses>
				<total>1365564</total>
				<timestamp>551.152364</timestamp>
			</report>
			<report>
				<misses>4244001</misses>
				<total>1365564</total>
				<timestamp>551.282199</timestamp>
			</report>
			<report>
				<misses>4245001</misses>
				<total>1365564</total>
				<timestamp>551.412071</timestamp>
			</report>
			<report>
				<misses>4246001</misses>
				<total>1365564</total>
				<timestamp>551.542004</timestamp>
			</report>
			<report>
				<misses>4247001</misses>
				<total>1365564</total>
				<timestamp>551.671825</timestamp>
			</report>
			<report>
				<misses>4248001</misses>
				<total>1365564</total>
				<timestamp>551.801679</timestamp>
			</report>
			<report>
				<misses>4249001</misses>
				<total>1365563</total>
				<timestamp>551.931614</timestamp>
			</report>
			<report>
				<misses>4250001</misses>
				<total>1365564</total>
				<timestamp>552.061490</timestamp>
			</report>
			<report>
				<misses>4251001</misses>
				<total>1365564</total>
				<timestamp>552.191290</timestamp>
			</report>
			<report>
				<misses>4252001</misses>
				<total>1365568</total>
				<timestamp>552.321166</timestamp>
			</report>
			<report>
				<misses>4253001</misses>
				<total>1365568</total>
				<timestamp>552.451055</timestamp>
			</report>
			<report>
				<misses>4254001</misses>
				<total>1365568</total>
				<timestamp>552.580953</timestamp>
			</report>
			<report>
				<misses>4255001</misses>
				<total>1365568</total>
				<timestamp>552.710835</timestamp>
			</report>
			<report>
				<misses>4256001</misses>
				<total>1365568</total>
				<timestamp>552.840657</timestamp>
			</report>
			<report>
				<misses>4257001</misses>
				<total>1365568</total>
				<timestamp>552.970533</timestamp>
			</report>
			<report>
				<misses>4258001</misses>
				<total>1365568</total>
				<timestamp>553.100391</timestamp>
			</report>
			<report>
				<misses>4259001</misses>
				<total>1365567</total>
				<timestamp>553.230273</timestamp>
			</report>
			<report>
				<misses>4260001</misses>
				<total>1365568</total>
				<timestamp>553.360122</timestamp>
			</report>
			<report>
				<misses>4261001</misses>
				<total>1365572</total>
				<timestamp>553.490057</timestamp>
			</report>
			<report>
				<misses>4262001</misses>
				<total>1365572</total>
				<timestamp>553.619979</timestamp>
			</report>
			<report>
				<misses>4263001</misses>
				<total>1365572</total>
				<timestamp>553.749955</timestamp>
			</report>
			<report>
				<misses>4264001</misses>
				<total>1365572</total>
				<timestamp>553.879968</timestamp>
			</report>
			<report>
				<misses>4265001</misses>
				<total>1365572</total>
				<timestamp>554.009942</timestamp>
			</report>
			<report>
				<misses>4266001</misses>
				<total>1365572</total>
				<timestamp>554.139719</timestamp>
			</report>
			<report>
				<misses>4267001</misses>
				<total>1365572</total>
				<timestamp>554.269773</timestamp>
			</report>
			<report>
				<misses>4268001</misses>
				<total>1365572</total>
				<timestamp>554.399598</timestamp>
			</report>
			<report>
				<misses>4269001</misses>
				<total>1365572</total>
				<timestamp>554.529549</timestamp>
			</report>
			<report>
				<misses>4270001</misses>
				<total>1365572</total>
				<timestamp>554.659364</timestamp>
			</report>
			<report>
				<misses>4271001</misses>
				<total>1365572</total>
				<timestamp>554.789212</timestamp>
			</report>
			<report>
				<misses>4272001</misses>
				<total>1365572</total>
				<timestamp>554.919076</timestamp>
			</report>
			<report>
				<misses>4273001</misses>
				<total>1365571</total>
				<timestamp>555.049045</timestamp>
			</report>
			<report>
				<misses>4274001</misses>
				<total>1365572</total>
				<timestamp>555.179062</timestamp>
			</report>
			<report>
				<misses>4275001</misses>
				<total>1365572</total>
				<timestamp>555.309011</timestamp>
			</report>
			<report>
				<misses>4276001</misses>
				<total>1365572</total>
				<timestamp>555.438953</timestamp>
			</report>
			<report>
				<misses>4277001</misses>
				<total>1365572</total>
				<timestamp>555.568969</timestamp>
			</report>
			<report>
				<misses>4278001</misses>
				<total>1365572</total>
				<timestamp>555.698997</timestamp>
			</report>
			<report>
				<misses>4279001</misses>
				<total>1365572</total>
				<timestamp>555.828839</timestamp>
			</report>
			<report>
				<misses>4280001</misses>
				<total>1365573</total>
				<timestamp>555.958751</timestamp>
			</report>
			<report>
				<misses>4281001</misses>
				<total>1365577</total>
				<timestamp>556.088631</timestamp>
			</report>
			<report>
				<misses>4282001</misses>
				<total>1365579</total>
				<timestamp>556.218529</timestamp>
			</report>
			<report>
				<misses>4283001</misses>
				<total>1365579</total>
				<timestamp>556.348420</timestamp>
			</report>
			<report>
				<misses>4284001</misses>
				<total>1365579</total>
				<timestamp>556.478306</timestamp>
			</report>
			<report>
				<misses>4285001</misses>
				<total>1365579</total>
				<timestamp>556.608159</timestamp>
			</report>
			<report>
				<misses>4286001</misses>
				<total>1365579</total>
				<timestamp>556.738046</timestamp>
			</report>
			<report>
				<misses>4287001</misses>
				<total>1365585</total>
				<timestamp>556.867979</timestamp>
			</report>
			<report>
				<misses>4288001</misses>
				<total>1365585</total>
				<timestamp>556.997881</timestamp>
			</report>
			<report>
				<misses>4289001</misses>
				<total>1365590</total>
				<timestamp>557.127865</timestamp>
			</report>
			<report>
				<misses>4290001</misses>
				<total>1365590</total>
				<timestamp>557.257799</timestamp>
			</report>
			<report>
				<misses>4291001</misses>
				<total>1365590</total>
				<timestamp>557.387667</timestamp>
			</report>
			<report>
				<misses>4292001</misses>
				<total>1365590</total>
				<timestamp>557.517530</timestamp>
			</report>
			<report>
				<misses>4293001</misses>
				<total>1365590</total>
				<timestamp>557.647408</timestamp>
			</report>
			<report>
				<misses>4294001</misses>
				<total>1365593</total>
				<timestamp>557.777260</timestamp>
			</report>
			<report>
				<misses>4295001</misses>
				<total>1365593</total>
				<timestamp>557.907136</timestamp>
			</report>
			<report>
				<misses>4296001</misses>
				<total>1365592</total>
				<timestamp>558.037008</timestamp>
			</report>
			<report>
				<misses>4297001</misses>
				<total>1365593</total>
				<timestamp>558.166918</timestamp>
			</report>
			<report>
				<misses>4298001</misses>
				<total>1365593</total>
				<timestamp>558.296764</timestamp>
			</report>
			<report>
				<misses>4299001</misses>
				<total>1365593</total>
				<timestamp>558.426630</timestamp>
			</report>
			<report>
				<misses>4300001</misses>
				<total>1365593</total>
				<timestamp>558.556471</timestamp>
			</report>
			<report>
				<misses>4301001</misses>
				<total>1365593</total>
				<timestamp>558.686345</timestamp>
			</report>
			<report>
				<misses>4302001</misses>
				<total>1365593</total>
				<timestamp>558.816216</timestamp>
			</report>
			<report>
				<misses>4303001</misses>
				<total>1365593</total>
				<timestamp>558.946099</timestamp>
			</report>
			<report>
				<misses>4304001</misses>
				<total>1365593</total>
				<timestamp>559.076080</timestamp>
			</report>
			<report>
				<misses>4305001</misses>
				<total>1365603</total>
				<timestamp>559.206015</timestamp>
			</report>
			<report>
				<misses>4306001</misses>
				<total>1365612</total>
				<timestamp>559.335882</timestamp>
			</report>
			<report>
				<misses>4307001</misses>
				<total>1365612</total>
				<timestamp>559.465744</timestamp>
			</report>
			<report>
				<misses>4308001</misses>
				<total>1365612</total>
				<timestamp>559.595595</timestamp>
			</report>
			<report>
				<misses>4309001</misses>
				<total>1365612</total>
				<timestamp>559.725496</timestamp>
			</report>
			<report>
				<misses>4310001</misses>
				<total>1365612</total>
				<timestamp>559.855317</timestamp>
			</report>
			<report>
				<misses>4311001</misses>
				<total>1365612</total>
				<timestamp>559.985176</timestamp>
			</report>
			<report>
				<misses>4312001</misses>
				<total>1365612</total>
				<timestamp>560.115062</timestamp>
			</report>
			<report>
				<misses>4313001</misses>
				<total>1365612</total>
				<timestamp>560.244955</timestamp>
			</report>
			<report>
				<misses>4314001</misses>
				<total>1365612</total>
				<timestamp>560.374927</timestamp>
			</report>
			<report>
				<misses>4315001</misses>
				<total>1365612</total>
				<timestamp>560.504956</timestamp>
			</report>
			<report>
				<misses>4316001</misses>
				<total>1365612</total>
				<timestamp>560.634914</timestamp>
			</report>
			<report>
				<misses>4317001</misses>
				<total>1365612</total>
				<timestamp>560.764942</timestamp>
			</report>
			<report>
				<misses>4318001</misses>
				<total>1365612</total>
				<timestamp>560.894930</timestamp>
			</report>
			<report>
				<misses>4319001</misses>
				<total>1365612</total>
				<timestamp>561.024863</timestamp>
			</report>
			<report>
				<misses>4320001</misses>
				<total>1365612</total>
				<timestamp>561.154677</timestamp>
			</report>
			<report>
				<misses>4321001</misses>
				<total>1365613</total>
				<timestamp>561.284547</timestamp>
			</report>
			<report>
				<misses>4322001</misses>
				<total>1365613</total>
				<timestamp>561.414392</timestamp>
			</report>
			<report>
				<misses>4323001</misses>
				<total>1365613</total>
				<timestamp>561.544313</timestamp>
			</report>
			<report>
				<misses>4324001</misses>
				<total>1365613</total>
				<timestamp>561.674134</timestamp>
			</report>
			<report>
				<misses>4325001</misses>
				<total>1365615</total>
				<timestamp>561.804061</timestamp>
			</report>
			<report>
				<misses>4326001</misses>
				<total>1365614</total>
				<timestamp>561.933997</timestamp>
			</report>
			<report>
				<misses>4327001</misses>
				<total>1365616</total>
				<timestamp>562.063907</timestamp>
			</report>
			<report>
				<misses>4328001</misses>
				<total>1365615</total>
				<timestamp>562.193756</timestamp>
			</report>
			<report>
				<misses>4329001</misses>
				<total>1365615</total>
				<timestamp>562.323653</timestamp>
			</report>
			<report>
				<misses>4330001</misses>
				<total>1365615</total>
				<timestamp>562.453533</timestamp>
			</report>
			<report>
				<misses>4331001</misses>
				<total>1365615</total>
				<timestamp>562.583399</timestamp>
			</report>
			<report>
				<misses>4332001</misses>
				<total>1365615</total>
				<timestamp>562.713231</timestamp>
			</report>
			<report>
				<misses>4333001</misses>
				<total>1365615</total>
				<timestamp>562.843169</timestamp>
			</report>
			<report>
				<misses>4334001</misses>
				<total>1365615</total>
				<timestamp>562.973055</timestamp>
			</report>
			<report>
				<misses>4335001</misses>
				<total>1365615</total>
				<timestamp>563.102985</timestamp>
			</report>
			<report>
				<misses>4336001</misses>
				<total>1365616</total>
				<timestamp>563.232910</timestamp>
			</report>
			<report>
				<misses>4337001</misses>
				<total>1365615</total>
				<timestamp>563.362765</timestamp>
			</report>
			<report>
				<misses>4338001</misses>
				<total>1365615</total>
				<timestamp>563.492582</timestamp>
			</report>
			<report>
				<misses>4339001</misses>
				<total>1365615</total>
				<timestamp>563.622563</timestamp>
			</report>
			<report>
				<misses>4340001</misses>
				<total>1365615</total>
				<timestamp>563.752498</timestamp>
			</report>
			<report>
				<misses>4341001</misses>
				<total>1365615</total>
				<timestamp>563.882351</timestamp>
			</report>
			<report>
				<misses>4342001</misses>
				<total>1365615</total>
				<timestamp>564.012184</timestamp>
			</report>
			<report>
				<misses>4343001</misses>
				<total>1365615</total>
				<timestamp>564.142190</timestamp>
			</report>
			<report>
				<misses>4344001</misses>
				<total>1365615</total>
				<timestamp>564.272062</timestamp>
			</report>
			<report>
				<misses>4345001</misses>
				<total>1365615</total>
				<timestamp>564.401943</timestamp>
			</report>
			<report>
				<misses>4346001</misses>
				<total>1365615</total>
				<timestamp>564.531844</timestamp>
			</report>
			<report>
				<misses>4347001</misses>
				<total>1365615</total>
				<timestamp>564.661673</timestamp>
			</report>
			<report>
				<misses>4348001</misses>
				<total>1365615</total>
				<timestamp>564.791550</timestamp>
			</report>
			<report>
				<misses>4349001</misses>
				<total>1365615</total>
				<timestamp>564.921530</timestamp>
			</report>
			<report>
				<misses>4350001</misses>
				<total>1365620</total>
				<timestamp>565.051503</timestamp>
			</report>
			<report>
				<misses>4351001</misses>
				<total>1365620</total>
				<timestamp>565.181404</timestamp>
			</report>
			<report>
				<misses>4352001</misses>
				<total>1365620</total>
				<timestamp>565.311311</timestamp>
			</report>
			<report>
				<misses>4353001</misses>
				<total>1365620</total>
				<timestamp>565.441154</timestamp>
			</report>
			<report>
				<misses>4354001</misses>
				<total>1365620</total>
				<timestamp>565.571064</timestamp>
			</report>
			<report>
				<misses>4355001</misses>
				<total>1365620</total>
				<timestamp>565.701054</timestamp>
			</report>
			<report>
				<misses>4356001</misses>
				<total>1365620</total>
				<timestamp>565.830963</timestamp>
			</report>
			<report>
				<misses>4357001</misses>
				<total>1365620</total>
				<timestamp>565.960829</timestamp>
			</report>
			<report>
				<misses>4358001</misses>
				<total>1365621</total>
				<timestamp>566.090652</timestamp>
			</report>
			<report>
				<misses>4359001</misses>
				<total>1365621</total>
				<timestamp>566.220522</timestamp>
			</report>
			<report>
				<misses>4360001</misses>
				<total>1365621</total>
				<timestamp>566.350372</timestamp>
			</report>
			<report>
				<misses>4361001</misses>
				<total>1365620</total>
				<timestamp>566.480286</timestamp>
			</report>
			<report>
				<misses>4362001</misses>
				<total>1365621</total>
				<timestamp>566.610101</timestamp>
			</report>
			<report>
				<misses>4363001</misses>
				<total>1365621</total>
				<timestamp>566.740045</timestamp>
			</report>
			<report>
				<misses>4364001</misses>
				<total>1365621</total>
				<timestamp>566.869895</timestamp>
			</report>
			<report>
				<misses>4365001</misses>
				<total>1365621</total>
				<timestamp>566.999809</timestamp>
			</report>
			<report>
				<misses>4366001</misses>
				<total>1365621</total>
				<timestamp>567.129803</timestamp>
			</report>
			<report>
				<misses>4367001</misses>
				<total>1365621</total>
				<timestamp>567.259736</timestamp>
			</report>
			<report>
				<misses>4368001</misses>
				<total>1365621</total>
				<timestamp>567.389634</timestamp>
			</report>
			<report>
				<misses>4369001</misses>
				<total>1365621</total>
				<timestamp>567.519530</timestamp>
			</report>
			<report>
				<misses>4370001</misses>
				<total>1365621</total>
				<timestamp>567.649325</timestamp>
			</report>
			<report>
				<misses>4371001</misses>
				<total>1365621</total>
				<timestamp>567.779198</timestamp>
			</report>
			<report>
				<misses>4372001</misses>
				<total>1365621</total>
				<timestamp>567.909100</timestamp>
			</report>
			<report>
				<misses>4373001</misses>
				<total>1365621</total>
				<timestamp>568.039052</timestamp>
			</report>
			<report>
				<misses>4374001</misses>
				<total>1365621</total>
				<timestamp>568.169040</timestamp>
			</report>
			<report>
				<misses>4375001</misses>
				<total>1365621</total>
				<timestamp>568.298986</timestamp>
			</report>
			<report>
				<misses>4376001</misses>
				<total>1365621</total>
				<timestamp>568.428898</timestamp>
			</report>
			<report>
				<misses>4377001</misses>
				<total>1365621</total>
				<timestamp>568.558899</timestamp>
			</report>
			<report>
				<misses>4378001</misses>
				<total>1365621</total>
				<timestamp>568.688938</timestamp>
			</report>
			<report>
				<misses>4379001</misses>
				<total>1365621</total>
				<timestamp>568.818889</timestamp>
			</report>
			<report>
				<misses>4380001</misses>
				<total>1365621</total>
				<timestamp>568.948751</timestamp>
			</report>
			<report>
				<misses>4381001</misses>
				<total>1365621</total>
				<timestamp>569.078667</timestamp>
			</report>
			<report>
				<misses>4382001</misses>
				<total>1365621</total>
				<timestamp>569.208559</timestamp>
			</report>
			<report>
				<misses>4383001</misses>
				<total>1365621</total>
				<timestamp>569.338416</timestamp>
			</report>
			<report>
				<misses>4384001</misses>
				<total>1365624</total>
				<timestamp>569.468294</timestamp>
			</report>
			<report>
				<misses>4385001</misses>
				<total>1365638</total>
				<timestamp>569.598162</timestamp>
			</report>
			<report>
				<misses>4386001</misses>
				<total>1365638</total>
				<timestamp>569.728033</timestamp>
			</report>
			<report>
				<misses>4387001</misses>
				<total>1365638</total>
				<timestamp>569.857940</timestamp>
			</report>
			<report>
				<misses>4388001</misses>
				<total>1365637</total>
				<timestamp>569.987944</timestamp>
			</report>
			<report>
				<misses>4389001</misses>
				<total>1365638</total>
				<timestamp>570.117865</timestamp>
			</report>
			<report>
				<misses>4390001</misses>
				<total>1365638</total>
				<timestamp>570.247818</timestamp>
			</report>
			<report>
				<misses>4391001</misses>
				<total>1365638</total>
				<timestamp>570.377674</timestamp>
			</report>
			<report>
				<misses>4392001</misses>
				<total>1365638</total>
				<timestamp>570.507518</timestamp>
			</report>
			<report>
				<misses>4393001</misses>
				<total>1365638</total>
				<timestamp>570.637384</timestamp>
			</report>
			<report>
				<misses>4394001</misses>
				<total>1365638</total>
				<timestamp>570.767256</timestamp>
			</report>
			<report>
				<misses>4395001</misses>
				<total>1365646</total>
				<timestamp>570.897115</timestamp>
			</report>
			<report>
				<misses>4396001</misses>
				<total>1365646</total>
				<timestamp>571.027090</timestamp>
			</report>
			<report>
				<misses>4397001</misses>
				<total>1365646</total>
				<timestamp>571.156990</timestamp>
			</report>
			<report>
				<misses>4398001</misses>
				<total>1365646</total>
				<timestamp>571.286938</timestamp>
			</report>
			<report>
				<misses>4399001</misses>
				<total>1365646</total>
				<timestamp>571.416946</timestamp>
			</report>
			<report>
				<misses>4400001</misses>
				<total>1365646</total>
				<timestamp>571.546943</timestamp>
			</report>
			<report>
				<misses>4401001</misses>
				<total>1365646</total>
				<timestamp>571.676938</timestamp>
			</report>
			<report>
				<misses>4402001</misses>
				<total>1365660</total>
				<timestamp>571.806868</timestamp>
			</report>
			<report>
				<misses>4403001</misses>
				<total>1365660</total>
				<timestamp>571.936833</timestamp>
			</report>
			<report>
				<misses>4404001</misses>
				<total>1365660</total>
				<timestamp>572.066871</timestamp>
			</report>
			<report>
				<misses>4405001</misses>
				<total>1365660</total>
				<timestamp>572.196785</timestamp>
			</report>
			<report>
				<misses>4406001</misses>
				<total>1365660</total>
				<timestamp>572.326683</timestamp>
			</report>
			<report>
				<misses>4407001</misses>
				<total>1365660</total>
				<timestamp>572.456684</timestamp>
			</report>
			<report>
				<misses>4408001</misses>
				<total>1365660</total>
				<timestamp>572.586610</timestamp>
			</report>
			<report>
				<misses>4409001</misses>
				<total>1365660</total>
				<timestamp>572.716527</timestamp>
			</report>
			<report>
				<misses>4410001</misses>
				<total>1365660</total>
				<timestamp>572.846333</timestamp>
			</report>
			<report>
				<misses>4411001</misses>
				<total>1365661</total>
				<timestamp>572.976222</timestamp>
			</report>
			<report>
				<misses>4412001</misses>
				<total>1365661</total>
				<timestamp>573.106071</timestamp>
			</report>
			<report>
				<misses>4413001</misses>
				<total>1365661</total>
				<timestamp>573.235988</timestamp>
			</report>
			<report>
				<misses>4414001</misses>
				<total>1365661</total>
				<timestamp>573.365929</timestamp>
			</report>
			<report>
				<misses>4415001</misses>
				<total>1365661</total>
				<timestamp>573.495920</timestamp>
			</report>
			<report>
				<misses>4416001</misses>
				<total>1365661</total>
				<timestamp>573.625835</timestamp>
			</report>
			<report>
				<misses>4417001</misses>
				<total>1365661</total>
				<timestamp>573.755816</timestamp>
			</report>
			<report>
				<misses>4418001</misses>
				<total>1365661</total>
				<timestamp>573.885791</timestamp>
			</report>
			<report>
				<misses>4419001</misses>
				<total>1365661</total>
				<timestamp>574.015825</timestamp>
			</report>
			<report>
				<misses>4420001</misses>
				<total>1365661</total>
				<timestamp>574.145816</timestamp>
			</report>
			<report>
				<misses>4421001</misses>
				<total>1365661</total>
				<timestamp>574.275808</timestamp>
			</report>
			<report>
				<misses>4422001</misses>
				<total>1365661</total>
				<timestamp>574.405836</timestamp>
			</report>
			<report>
				<misses>4423001</misses>
				<total>1365661</total>
				<timestamp>574.535791</timestamp>
			</report>
			<report>
				<misses>4424001</misses>
				<total>1365660</total>
				<timestamp>574.665756</timestamp>
			</report>
			<report>
				<misses>4425001</misses>
				<total>1365663</total>
				<timestamp>574.795686</timestamp>
			</report>
			<report>
				<misses>4426001</misses>
				<total>1365668</total>
				<timestamp>574.925629</timestamp>
			</report>
			<report>
				<misses>4427001</misses>
				<total>1365668</total>
				<timestamp>575.055512</timestamp>
			</report>
			<report>
				<misses>4428001</misses>
				<total>1365668</total>
				<timestamp>575.185485</timestamp>
			</report>
			<report>
				<misses>4429001</misses>
				<total>1365668</total>
				<timestamp>575.315318</timestamp>
			</report>
			<report>
				<misses>4430001</misses>
				<total>1365668</total>
				<timestamp>575.445165</timestamp>
			</report>
			<report>
				<misses>4431001</misses>
				<total>1365668</total>
				<timestamp>575.575048</timestamp>
			</report>
			<report>
				<misses>4432001</misses>
				<total>1365668</total>
				<timestamp>575.704919</timestamp>
			</report>
			<report>
				<misses>4433001</misses>
				<total>1365668</total>
				<timestamp>575.834794</timestamp>
			</report>
			<report>
				<misses>4434001</misses>
				<total>1365667</total>
				<timestamp>575.964769</timestamp>
			</report>
			<report>
				<misses>4435001</misses>
				<total>1365668</total>
				<timestamp>576.094792</timestamp>
			</report>
			<report>
				<misses>4436001</misses>
				<total>1365668</total>
				<timestamp>576.224745</timestamp>
			</report>
			<report>
				<misses>4437001</misses>
				<total>1365668</total>
				<timestamp>576.354652</timestamp>
			</report>
			<report>
				<misses>4438001</misses>
				<total>1365668</total>
				<timestamp>576.484599</timestamp>
			</report>
			<report>
				<misses>4439001</misses>
				<total>1365668</total>
				<timestamp>576.614520</timestamp>
			</report>
			<report>
				<misses>4440001</misses>
				<total>1365668</total>
				<timestamp>576.744382</timestamp>
			</report>
			<report>
				<misses>4441001</misses>
				<total>1365668</total>
				<timestamp>576.874271</timestamp>
			</report>
			<report>
				<misses>4442001</misses>
				<total>1365668</total>
				<timestamp>577.004142</timestamp>
			</report>
			<report>
				<misses>4443001</misses>
				<total>1365668</total>
				<timestamp>577.134003</timestamp>
			</report>
			<report>
				<misses>4444001</misses>
				<total>1365668</total>
				<timestamp>577.263894</timestamp>
			</report>
			<report>
				<misses>4445001</misses>
				<total>1365668</total>
				<timestamp>577.393784</timestamp>
			</report>
			<report>
				<misses>4446001</misses>
				<total>1365668</total>
				<timestamp>577.523649</timestamp>
			</report>
			<report>
				<misses>4447001</misses>
				<total>1365669</total>
				<timestamp>577.653495</timestamp>
			</report>
			<report>
				<misses>4448001</misses>
				<total>1365669</total>
				<timestamp>577.783356</timestamp>
			</report>
			<report>
				<misses>4449001</misses>
				<total>1365669</total>
				<timestamp>577.913264</timestamp>
			</report>
			<report>
				<misses>4450001</misses>
				<total>1365669</total>
				<timestamp>578.043105</timestamp>
			</report>
			<report>
				<misses>4451001</misses>
				<total>1365669</total>
				<timestamp>578.173002</timestamp>
			</report>
			<report>
				<misses>4452001</misses>
				<total>1365669</total>
				<timestamp>578.302922</timestamp>
			</report>
			<report>
				<misses>4453001</misses>
				<total>1365669</total>
				<timestamp>578.432963</timestamp>
			</report>
			<report>
				<misses>4454001</misses>
				<total>1365669</total>
				<timestamp>578.562877</timestamp>
			</report>
			<report>
				<misses>4455001</misses>
				<total>1365669</total>
				<timestamp>578.692824</timestamp>
			</report>
			<report>
				<misses>4456001</misses>
				<total>1365669</total>
				<timestamp>578.822800</timestamp>
			</report>
			<report>
				<misses>4457001</misses>
				<total>1365686</total>
				<timestamp>578.952824</timestamp>
			</report>
			<report>
				<misses>4458001</misses>
				<total>1365686</total>
				<timestamp>579.082774</timestamp>
			</report>
			<report>
				<misses>4459001</misses>
				<total>1365686</total>
				<timestamp>579.212616</timestamp>
			</report>
			<report>
				<misses>4460001</misses>
				<total>1365686</total>
				<timestamp>579.342441</timestamp>
			</report>
			<report>
				<misses>4461001</misses>
				<total>1365686</total>
				<timestamp>579.472429</timestamp>
			</report>
			<report>
				<misses>4462001</misses>
				<total>1365686</total>
				<timestamp>579.602313</timestamp>
			</report>
			<report>
				<misses>4463001</misses>
				<total>1365686</total>
				<timestamp>579.732204</timestamp>
			</report>
			<report>
				<misses>4464001</misses>
				<total>1365686</total>
				<timestamp>579.862051</timestamp>
			</report>
			<report>
				<misses>4465001</misses>
				<total>1365686</total>
				<timestamp>579.991963</timestamp>
			</report>
			<report>
				<misses>4466001</misses>
				<total>1365686</total>
				<timestamp>580.121875</timestamp>
			</report>
			<report>
				<misses>4467001</misses>
				<total>1365686</total>
				<timestamp>580.251825</timestamp>
			</report>
			<report>
				<misses>4468001</misses>
				<total>1365686</total>
				<timestamp>580.381721</timestamp>
			</report>
			<report>
				<misses>4469001</misses>
				<total>1365686</total>
				<timestamp>580.511546</timestamp>
			</report>
			<report>
				<misses>4470001</misses>
				<total>1365693</total>
				<timestamp>580.641399</timestamp>
			</report>
			<report>
				<misses>4471001</misses>
				<total>1365692</total>
				<timestamp>580.771290</timestamp>
			</report>
			<report>
				<misses>4472001</misses>
				<total>1365693</total>
				<timestamp>580.901142</timestamp>
			</report>
			<report>
				<misses>4473001</misses>
				<total>1365693</total>
				<timestamp>581.031011</timestamp>
			</report>
			<report>
				<misses>4474001</misses>
				<total>1365693</total>
				<timestamp>581.160915</timestamp>
			</report>
			<report>
				<misses>4475001</misses>
				<total>1365693</total>
				<timestamp>581.290822</timestamp>
			</report>
			<report>
				<misses>4476001</misses>
				<total>1365693</total>
				<timestamp>581.420623</timestamp>
			</report>
			<report>
				<misses>4477001</misses>
				<total>1365693</total>
				<timestamp>581.550525</timestamp>
			</report>
			<report>
				<misses>4478001</misses>
				<total>1365693</total>
				<timestamp>581.680516</timestamp>
			</report>
			<report>
				<misses>4479001</misses>
				<total>1365693</total>
				<timestamp>581.810345</timestamp>
			</report>
			<report>
				<misses>4480001</misses>
				<total>1365693</total>
				<timestamp>581.940223</timestamp>
			</report>
			<report>
				<misses>4481001</misses>
				<total>1365693</total>
				<timestamp>582.070167</timestamp>
			</report>
			<report>
				<misses>4482001</misses>
				<total>1365693</total>
				<timestamp>582.199989</timestamp>
			</report>
			<report>
				<misses>4483001</misses>
				<total>1365703</total>
				<timestamp>582.329940</timestamp>
			</report>
			<report>
				<misses>4484001</misses>
				<total>1365703</total>
				<timestamp>582.459919</timestamp>
			</report>
			<report>
				<misses>4485001</misses>
				<total>1365703</total>
				<timestamp>582.589721</timestamp>
			</report>
			<report>
				<misses>4486001</misses>
				<total>1365703</total>
				<timestamp>582.719610</timestamp>
			</report>
			<report>
				<misses>4487001</misses>
				<total>1365703</total>
				<timestamp>582.849504</timestamp>
			</report>
			<report>
				<misses>4488001</misses>
				<total>1365703</total>
				<timestamp>582.979336</timestamp>
			</report>
			<report>
				<misses>4489001</misses>
				<total>1365703</total>
				<timestamp>583.109231</timestamp>
			</report>
			<report>
				<misses>4490001</misses>
				<total>1365703</total>
				<timestamp>583.239054</timestamp>
			</report>
			<report>
				<misses>4491001</misses>
				<total>1365702</total>
				<timestamp>583.368949</timestamp>
			</report>
			<report>
				<misses>4492001</misses>
				<total>1365705</total>
				<timestamp>583.498963</timestamp>
			</report>
			<report>
				<misses>4493001</misses>
				<total>1365706</total>
				<timestamp>583.628920</timestamp>
			</report>
			<report>
				<misses>4494001</misses>
				<total>1365706</total>
				<timestamp>583.758877</timestamp>
			</report>
			<report>
				<misses>4495001</misses>
				<total>1365706</total>
				<timestamp>583.888776</timestamp>
			</report>
			<report>
				<misses>4496001</misses>
				<total>1365706</total>
				<timestamp>584.018797</timestamp>
			</report>
			<report>
				<misses>4497001</misses>
				<total>1365706</total>
				<timestamp>584.148780</timestamp>
			</report>
			<report>
				<misses>4498001</misses>
				<total>1365706</total>
				<timestamp>584.278797</timestamp>
			</report>
			<report>
				<misses>4499001</misses>
				<total>1365706</total>
				<timestamp>584.408808</timestamp>
			</report>
			<report>
				<misses>4500001</misses>
				<total>1365705</total>
				<timestamp>584.538747</timestamp>
			</report>
			<report>
				<misses>4501001</misses>
				<total>1365706</total>
				<timestamp>584.668657</timestamp>
			</report>
			<report>
				<misses>4502001</misses>
				<total>1365706</total>
				<timestamp>584.798555</timestamp>
			</report>
			<report>
				<misses>4503001</misses>
				<total>1365707</total>
				<timestamp>584.928503</timestamp>
			</report>
			<report>
				<misses>4504001</misses>
				<total>1365706</total>
				<timestamp>585.058543</timestamp>
			</report>
			<report>
				<misses>4505001</misses>
				<total>1365706</total>
				<timestamp>585.188533</timestamp>
			</report>
			<report>
				<misses>4506001</misses>
				<total>1365706</total>
				<timestamp>585.318410</timestamp>
			</report>
			<report>
				<misses>4507001</misses>
				<total>1365711</total>
				<timestamp>585.448348</timestamp>
			</report>
			<report>
				<misses>4508001</misses>
				<total>1365711</total>
				<timestamp>585.578158</timestamp>
			</report>
			<report>
				<misses>4509001</misses>
				<total>1365711</total>
				<timestamp>585.708051</timestamp>
			</report>
			<report>
				<misses>4510001</misses>
				<total>1365711</total>
				<timestamp>585.837942</timestamp>
			</report>
			<report>
				<misses>4511001</misses>
				<total>1365711</total>
				<timestamp>585.967838</timestamp>
			</report>
			<report>
				<misses>4512001</misses>
				<total>1365711</total>
				<timestamp>586.097776</timestamp>
			</report>
			<report>
				<misses>4513001</misses>
				<total>1365711</total>
				<timestamp>586.227770</timestamp>
			</report>
			<report>
				<misses>4514001</misses>
				<total>1365711</total>
				<timestamp>586.357686</timestamp>
			</report>
			<report>
				<misses>4515001</misses>
				<total>1365711</total>
				<timestamp>586.487547</timestamp>
			</report>
			<report>
				<misses>4516001</misses>
				<total>1365711</total>
				<timestamp>586.617508</timestamp>
			</report>
			<report>
				<misses>4517001</misses>
				<total>1365711</total>
				<timestamp>586.747368</timestamp>
			</report>
			<report>
				<misses>4518001</misses>
				<total>1365711</total>
				<timestamp>586.877269</timestamp>
			</report>
			<report>
				<misses>4519001</misses>
				<total>1365711</total>
				<timestamp>587.007124</timestamp>
			</report>
			<report>
				<misses>4520001</misses>
				<total>1365715</total>
				<timestamp>587.137031</timestamp>
			</report>
			<report>
				<misses>4521001</misses>
				<total>1365715</total>
				<timestamp>587.266865</timestamp>
			</report>
			<report>
				<misses>4522001</misses>
				<total>1365715</total>
				<timestamp>587.396840</timestamp>
			</report>
			<report>
				<misses>4523001</misses>
				<total>1365715</total>
				<timestamp>587.526847</timestamp>
			</report>
			<report>
				<misses>4524001</misses>
				<total>1365715</total>
				<timestamp>587.656853</timestamp>
			</report>
			<report>
				<misses>4525001</misses>
				<total>1365715</total>
				<timestamp>587.786815</timestamp>
			</report>
			<report>
				<misses>4526001</misses>
				<total>1365716</total>
				<timestamp>587.916871</timestamp>
			</report>
			<report>
				<misses>4527001</misses>
				<total>1365716</total>
				<timestamp>588.046757</timestamp>
			</report>
			<report>
				<misses>4528001</misses>
				<total>1365716</total>
				<timestamp>588.176649</timestamp>
			</report>
			<report>
				<misses>4529001</misses>
				<total>1365716</total>
				<timestamp>588.306522</timestamp>
			</report>
			<report>
				<misses>4530001</misses>
				<total>1365719</total>
				<timestamp>588.436377</timestamp>
			</report>
			<report>
				<misses>4531001</misses>
				<total>1365734</total>
				<timestamp>588.566205</timestamp>
			</report>
			<report>
				<misses>4532001</misses>
				<total>1365738</total>
				<timestamp>588.696089</timestamp>
			</report>
			<report>
				<misses>4533001</misses>
				<total>1365738</total>
				<timestamp>588.825965</timestamp>
			</report>
			<report>
				<misses>4534001</misses>
				<total>1365738</total>
				<timestamp>588.955894</timestamp>
			</report>
			<report>
				<misses>4535001</misses>
				<total>1366172</total>
				<timestamp>589.085851</timestamp>
			</report>
			<report>
				<misses>4536001</misses>
				<total>1367171</total>
				<timestamp>589.215794</timestamp>
			</report>
			<report>
				<misses>4537001</misses>
				<total>1368170</total>
				<timestamp>589.345761</timestamp>
			</report>
			<report>
				<misses>4538001</misses>
				<total>1369169</total>
				<timestamp>589.475785</timestamp>
			</report>
			<report>
				<misses>4539001</misses>
				<total>1370168</total>
				<timestamp>589.605807</timestamp>
			</report>
			<report>
				<misses>4540001</misses>
				<total>1371167</total>
				<timestamp>589.735736</timestamp>
			</report>
			<report>
				<misses>4541001</misses>
				<total>1372166</total>
				<timestamp>589.865626</timestamp>
			</report>
			<report>
				<misses>4542001</misses>
				<total>1373165</total>
				<timestamp>589.995429</timestamp>
			</report>
			<report>
				<misses>4543001</misses>
				<total>1374164</total>
				<timestamp>590.125294</timestamp>
			</report>
			<report>
				<misses>4544001</misses>
				<total>1375163</total>
				<timestamp>590.255228</timestamp>
			</report>
			<report>
				<misses>4545001</misses>
				<total>1376162</total>
				<timestamp>590.385054</timestamp>
			</report>
			<report>
				<misses>4546001</misses>
				<total>1377161</total>
				<timestamp>590.514895</timestamp>
			</report>
			<report>
				<misses>4547001</misses>
				<total>1378160</total>
				<timestamp>590.644856</timestamp>
			</report>
			<report>
				<misses>4548001</misses>
				<total>1379159</total>
				<timestamp>590.774837</timestamp>
			</report>
			<report>
				<misses>4549001</misses>
				<total>1380158</total>
				<timestamp>590.904738</timestamp>
			</report>
			<report>
				<misses>4550001</misses>
				<total>1381157</total>
				<timestamp>591.034756</timestamp>
			</report>
			<report>
				<misses>4551001</misses>
				<total>1382156</total>
				<timestamp>591.164724</timestamp>
			</report>
			<report>
				<misses>4552001</misses>
				<total>1383155</total>
				<timestamp>591.294754</timestamp>
			</report>
			<report>
				<misses>4553001</misses>
				<total>1384154</total>
				<timestamp>591.424709</timestamp>
			</report>
			<report>
				<misses>4554001</misses>
				<total>1385153</total>
				<timestamp>591.554538</timestamp>
			</report>
			<report>
				<misses>4555001</misses>
				<total>1386152</total>
				<timestamp>591.684383</timestamp>
			</report>
			<report>
				<misses>4556001</misses>
				<total>1387151</total>
				<timestamp>591.814261</timestamp>
			</report>
			<report>
				<misses>4557001</misses>
				<total>1388150</total>
				<timestamp>591.944142</timestamp>
			</report>
			<report>
				<misses>4558001</misses>
				<total>1389149</total>
				<timestamp>592.073996</timestamp>
			</report>
			<report>
				<misses>4559001</misses>
				<total>1390148</total>
				<timestamp>592.203887</timestamp>
			</report>
			<report>
				<misses>4560001</misses>
				<total>1391147</total>
				<timestamp>592.333765</timestamp>
			</report>
			<report>
				<misses>4561001</misses>
				<total>1392146</total>
				<timestamp>592.463691</timestamp>
			</report>
			<report>
				<misses>4562001</misses>
				<total>1393145</total>
				<timestamp>592.593686</timestamp>
			</report>
			<report>
				<misses>4563001</misses>
				<total>1394144</total>
				<timestamp>592.723707</timestamp>
			</report>
			<report>
				<misses>4564001</misses>
				<total>1395143</total>
				<timestamp>592.853685</timestamp>
			</report>
			<report>
				<misses>4565001</misses>
				<total>1396142</total>
				<timestamp>592.983682</timestamp>
			</report>
			<report>
				<misses>4566001</misses>
				<total>1397141</total>
				<timestamp>593.113510</timestamp>
			</report>
			<report>
				<misses>4567001</misses>
				<total>1398140</total>
				<timestamp>593.243359</timestamp>
			</report>
			<report>
				<misses>4568001</misses>
				<total>1399139</total>
				<timestamp>593.373216</timestamp>
			</report>
			<report>
				<misses>4569001</misses>
				<total>1400138</total>
				<timestamp>593.503078</timestamp>
			</report>
			<report>
				<misses>4570001</misses>
				<total>1401137</total>
				<timestamp>593.632950</timestamp>
			</report>
			<report>
				<misses>4571001</misses>
				<total>1402136</total>
				<timestamp>593.762864</timestamp>
			</report>
			<report>
				<misses>4572001</misses>
				<total>1403135</total>
				<timestamp>593.892791</timestamp>
			</report>
			<report>
				<misses>4573001</misses>
				<total>1404134</total>
				<timestamp>594.022765</timestamp>
			</report>
			<report>
				<misses>4574001</misses>
				<total>1405133</total>
				<timestamp>594.152752</timestamp>
			</report>
			<report>
				<misses>4575001</misses>
				<total>1406132</total>
				<timestamp>594.282666</timestamp>
			</report>
			<report>
				<misses>4576001</misses>
				<total>1407131</total>
				<timestamp>594.412689</timestamp>
			</report>
			<report>
				<misses>4577001</misses>
				<total>1408130</total>
				<timestamp>594.542655</timestamp>
			</report>
			<report>
				<misses>4578001</misses>
				<total>1409129</total>
				<timestamp>594.672636</timestamp>
			</report>
			<report>
				<misses>4579001</misses>
				<total>1410128</total>
				<timestamp>594.802475</timestamp>
			</report>
			<report>
				<misses>4580001</misses>
				<total>1411127</total>
				<timestamp>594.932299</timestamp>
			</report>
			<report>
				<misses>4581001</misses>
				<total>1412126</total>
				<timestamp>595.062204</timestamp>
			</report>
			<report>
				<misses>4582001</misses>
				<total>1413125</total>
				<timestamp>595.192045</timestamp>
			</report>
			<report>
				<misses>4583001</misses>
				<total>1414124</total>
				<timestamp>595.321909</timestamp>
			</report>
			<report>
				<misses>4584001</misses>
				<total>1415123</total>
				<timestamp>595.451788</timestamp>
			</report>
			<report>
				<misses>4585001</misses>
				<total>1416122</total>
				<timestamp>595.581725</timestamp>
			</report>
			<report>
				<misses>4586001</misses>
				<total>1417121</total>
				<timestamp>595.711551</timestamp>
			</report>
			<report>
				<misses>4587001</misses>
				<total>1418120</total>
				<timestamp>595.841403</timestamp>
			</report>
			<report>
				<misses>4588001</misses>
				<total>1419119</total>
				<timestamp>595.971298</timestamp>
			</report>
			<report>
				<misses>4589001</misses>
				<total>1420118</total>
				<timestamp>596.101124</timestamp>
			</report>
			<report>
				<misses>4590001</misses>
				<total>1421117</total>
				<timestamp>596.231005</timestamp>
			</report>
			<report>
				<misses>4591001</misses>
				<total>1422116</total>
				<timestamp>596.360877</timestamp>
			</report>
			<report>
				<misses>4592001</misses>
				<total>1423115</total>
				<timestamp>596.490835</timestamp>
			</report>
			<report>
				<misses>4593001</misses>
				<total>1424114</total>
				<timestamp>596.620795</timestamp>
			</report>
			<report>
				<misses>4594001</misses>
				<total>1425113</total>
				<timestamp>596.750757</timestamp>
			</report>
			<report>
				<misses>4595001</misses>
				<total>1426112</total>
				<timestamp>596.880661</timestamp>
			</report>
			<report>
				<misses>4596001</misses>
				<total>1427111</total>
				<timestamp>597.010486</timestamp>
			</report>
			<report>
				<misses>4597001</misses>
				<total>1428110</total>
				<timestamp>597.140355</timestamp>
			</report>
			<report>
				<misses>4598001</misses>
				<total>1429109</total>
				<timestamp>597.270291</timestamp>
			</report>
			<report>
				<misses>4599001</misses>
				<total>1430108</total>
				<timestamp>597.400125</timestamp>
			</report>
			<report>
				<misses>4600001</misses>
				<total>1431107</total>
				<timestamp>597.529968</timestamp>
			</report>
			<report>
				<misses>4601001</misses>
				<total>1432106</total>
				<timestamp>597.659860</timestamp>
			</report>
			<report>
				<misses>4602001</misses>
				<total>1433105</total>
				<timestamp>597.789759</timestamp>
			</report>
			<report>
				<misses>4603001</misses>
				<total>1434104</total>
				<timestamp>597.919678</timestamp>
			</report>
			<report>
				<misses>4604001</misses>
				<total>1435103</total>
				<timestamp>598.049671</timestamp>
			</report>
			<report>
				<misses>4605001</misses>
				<total>1436102</total>
				<timestamp>598.179763</timestamp>
			</report>
			<report>
				<misses>4606001</misses>
				<total>1437101</total>
				<timestamp>598.309679</timestamp>
			</report>
			<report>
				<misses>4607001</misses>
				<total>1438100</total>
				<timestamp>598.439684</timestamp>
			</report>
			<report>
				<misses>4608001</misses>
				<total>1439099</total>
				<timestamp>598.569695</timestamp>
			</report>
			<report>
				<misses>4609001</misses>
				<total>1440098</total>
				<timestamp>598.699657</timestamp>
			</report>
			<report>
				<misses>4610001</misses>
				<total>1441097</total>
				<timestamp>598.829680</timestamp>
			</report>
			<report>
				<misses>4611001</misses>
				<total>1442096</total>
				<timestamp>598.959623</timestamp>
			</report>
			<report>
				<misses>4612001</misses>
				<total>1443095</total>
				<timestamp>599.089464</timestamp>
			</report>
			<report>
				<misses>4613001</misses>
				<total>1444094</total>
				<timestamp>599.219321</timestamp>
			</report>
			<report>
				<misses>4614001</misses>
				<total>1445093</total>
				<timestamp>599.349201</timestamp>
			</report>
			<report>
				<misses>4615001</misses>
				<total>1446092</total>
				<timestamp>599.479068</timestamp>
			</report>
			<report>
				<misses>4616001</misses>
				<total>1447091</total>
				<timestamp>599.608922</timestamp>
			</report>
			<report>
				<misses>4617001</misses>
				<total>1448090</total>
				<timestamp>599.738829</timestamp>
			</report>
			<report>
				<misses>4618001</misses>
				<total>1449089</total>
				<timestamp>599.868748</timestamp>
			</report>
			<report>
				<misses>4619001</misses>
				<total>1450088</total>
				<timestamp>599.998761</timestamp>
			</report>
			<report>
				<misses>4620001</misses>
				<total>1451087</total>
				<timestamp>600.128693</timestamp>
			</report>
			<report>
				<misses>4621001</misses>
				<total>1452086</total>
				<timestamp>600.258652</timestamp>
			</report>
			<report>
				<misses>4622001</misses>
				<total>1453085</total>
				<timestamp>600.388667</timestamp>
			</report>
			<report>
				<misses>4623001</misses>
				<total>1454084</total>
				<timestamp>600.518628</timestamp>
			</report>
			<report>
				<misses>4624001</misses>
				<total>1455083</total>
				<timestamp>600.648744</timestamp>
			</report>
			<report>
				<misses>4625001</misses>
				<total>1456082</total>
				<timestamp>600.778674</timestamp>
			</report>
			<report>
				<misses>4626001</misses>
				<total>1457081</total>
				<timestamp>600.908610</timestamp>
			</report>
			<report>
				<misses>4627001</misses>
				<total>1458080</total>
				<timestamp>601.038486</timestamp>
			</report>
			<report>
				<misses>4628001</misses>
				<total>1459079</total>
				<timestamp>601.168422</timestamp>
			</report>
			<report>
				<misses>4629001</misses>
				<total>1460078</total>
				<timestamp>601.298306</timestamp>
			</report>
			<report>
				<misses>4630001</misses>
				<total>1461077</total>
				<timestamp>601.428177</timestamp>
			</report>
			<report>
				<misses>4631001</misses>
				<total>1462076</total>
				<timestamp>601.558019</timestamp>
			</report>
			<report>
				<misses>4632001</misses>
				<total>1463075</total>
				<timestamp>601.687887</timestamp>
			</report>
			<report>
				<misses>4633001</misses>
				<total>1464074</total>
				<timestamp>601.817847</timestamp>
			</report>
			<report>
				<misses>4634001</misses>
				<total>1465073</total>
				<timestamp>601.947798</timestamp>
			</report>
			<report>
				<misses>4635001</misses>
				<total>1466072</total>
				<timestamp>602.077669</timestamp>
			</report>
			<report>
				<misses>4636001</misses>
				<total>1467071</total>
				<timestamp>602.207586</timestamp>
			</report>
			<report>
				<misses>4637001</misses>
				<total>1468070</total>
				<timestamp>602.337588</timestamp>
			</report>
			<report>
				<misses>4638001</misses>
				<total>1469069</total>
				<timestamp>602.467501</timestamp>
			</report>
			<report>
				<misses>4639001</misses>
				<total>1470068</total>
				<timestamp>602.597367</timestamp>
			</report>
			<report>
				<misses>4640001</misses>
				<total>1471067</total>
				<timestamp>602.727258</timestamp>
			</report>
			<report>
				<misses>4641001</misses>
				<total>1472066</total>
				<timestamp>602.857145</timestamp>
			</report>
			<report>
				<misses>4642001</misses>
				<total>1473065</total>
				<timestamp>602.987015</timestamp>
			</report>
			<report>
				<misses>4643001</misses>
				<total>1474064</total>
				<timestamp>603.116836</timestamp>
			</report>
			<report>
				<misses>4644001</misses>
				<total>1475063</total>
				<timestamp>603.246756</timestamp>
			</report>
			<report>
				<misses>4645001</misses>
				<total>1476062</total>
				<timestamp>603.376764</timestamp>
			</report>
			<report>
				<misses>4646001</misses>
				<total>1477061</total>
				<timestamp>603.506647</timestamp>
			</report>
			<report>
				<misses>4647001</misses>
				<total>1478060</total>
				<timestamp>603.636474</timestamp>
			</report>
			<report>
				<misses>4648001</misses>
				<total>1479059</total>
				<timestamp>603.766331</timestamp>
			</report>
			<report>
				<misses>4649001</misses>
				<total>1480058</total>
				<timestamp>603.896213</timestamp>
			</report>
			<report>
				<misses>4650001</misses>
				<total>1481057</total>
				<timestamp>604.026063</timestamp>
			</report>
			<report>
				<misses>4651001</misses>
				<total>1482056</total>
				<timestamp>604.155947</timestamp>
			</report>
			<report>
				<misses>4652001</misses>
				<total>1483055</total>
				<timestamp>604.285824</timestamp>
			</report>
			<report>
				<misses>4653001</misses>
				<total>1484054</total>
				<timestamp>604.415745</timestamp>
			</report>
			<report>
				<misses>4654001</misses>
				<total>1485053</total>
				<timestamp>604.545650</timestamp>
			</report>
			<report>
				<misses>4655001</misses>
				<total>1486052</total>
				<timestamp>604.675648</timestamp>
			</report>
			<report>
				<misses>4656001</misses>
				<total>1487051</total>
				<timestamp>604.805721</timestamp>
			</report>
			<report>
				<misses>4657001</misses>
				<total>1488050</total>
				<timestamp>604.935628</timestamp>
			</report>
			<report>
				<misses>4658001</misses>
				<total>1489049</total>
				<timestamp>605.065649</timestamp>
			</report>
			<report>
				<misses>4659001</misses>
				<total>1490048</total>
				<timestamp>605.195654</timestamp>
			</report>
			<report>
				<misses>4660001</misses>
				<total>1491047</total>
				<timestamp>605.325655</timestamp>
			</report>
			<report>
				<misses>4661001</misses>
				<total>1492046</total>
				<timestamp>605.455617</timestamp>
			</report>
			<report>
				<misses>4662001</misses>
				<total>1493045</total>
				<timestamp>605.585451</timestamp>
			</report>
			<report>
				<misses>4663001</misses>
				<total>1494044</total>
				<timestamp>605.715292</timestamp>
			</report>
			<report>
				<misses>4664001</misses>
				<total>1495043</total>
				<timestamp>605.845162</timestamp>
			</report>
			<report>
				<misses>4665001</misses>
				<total>1496042</total>
				<timestamp>605.975043</timestamp>
			</report>
			<report>
				<misses>4666001</misses>
				<total>1497041</total>
				<timestamp>606.104915</timestamp>
			</report>
			<report>
				<misses>4667001</misses>
				<total>1498040</total>
				<timestamp>606.234818</timestamp>
			</report>
			<report>
				<misses>4668001</misses>
				<total>1499039</total>
				<timestamp>606.364717</timestamp>
			</report>
			<report>
				<misses>4669001</misses>
				<total>1500038</total>
				<timestamp>606.494736</timestamp>
			</report>
			<report>
				<misses>4670001</misses>
				<total>1501037</total>
				<timestamp>606.624738</timestamp>
			</report>
			<report>
				<misses>4671001</misses>
				<total>1502036</total>
				<timestamp>606.754651</timestamp>
			</report>
			<report>
				<misses>4672001</misses>
				<total>1503035</total>
				<timestamp>606.884571</timestamp>
			</report>
			<report>
				<misses>4673001</misses>
				<total>1504034</total>
				<timestamp>607.014387</timestamp>
			</report>
			<report>
				<misses>4674001</misses>
				<total>1505033</total>
				<timestamp>607.144250</timestamp>
			</report>
			<report>
				<misses>4675001</misses>
				<total>1506032</total>
				<timestamp>607.274114</timestamp>
			</report>
			<report>
				<misses>4676001</misses>
				<total>1507031</total>
				<timestamp>607.403984</timestamp>
			</report>
			<report>
				<misses>4677001</misses>
				<total>1508030</total>
				<timestamp>607.533867</timestamp>
			</report>
			<report>
				<misses>4678001</misses>
				<total>1509029</total>
				<timestamp>607.663740</timestamp>
			</report>
			<report>
				<misses>4679001</misses>
				<total>1510028</total>
				<timestamp>607.793665</timestamp>
			</report>
			<report>
				<misses>4680001</misses>
				<total>1511027</total>
				<timestamp>607.923479</timestamp>
			</report>
			<report>
				<misses>4681001</misses>
				<total>1512026</total>
				<timestamp>608.053338</timestamp>
			</report>
			<report>
				<misses>4682001</misses>
				<total>1513025</total>
				<timestamp>608.183241</timestamp>
			</report>
			<report>
				<misses>4683001</misses>
				<total>1514024</total>
				<timestamp>608.313118</timestamp>
			</report>
			<report>
				<misses>4684001</misses>
				<total>1515023</total>
				<timestamp>608.442967</timestamp>
			</report>
			<report>
				<misses>4685001</misses>
				<total>1516022</total>
				<timestamp>608.572817</timestamp>
			</report>
			<report>
				<misses>4686001</misses>
				<total>1517021</total>
				<timestamp>608.702774</timestamp>
			</report>
			<report>
				<misses>4687001</misses>
				<total>1518020</total>
				<timestamp>608.832727</timestamp>
			</report>
			<report>
				<misses>4688001</misses>
				<total>1519019</total>
				<timestamp>608.962650</timestamp>
			</report>
			<report>
				<misses>4689001</misses>
				<total>1520018</total>
				<timestamp>609.092708</timestamp>
			</report>
			<report>
				<misses>4690001</misses>
				<total>1521017</total>
				<timestamp>609.222619</timestamp>
			</report>
			<report>
				<misses>4691001</misses>
				<total>1522016</total>
				<timestamp>609.352444</timestamp>
			</report>
			<report>
				<misses>4692001</misses>
				<total>1523015</total>
				<timestamp>609.482298</timestamp>
			</report>
			<report>
				<misses>4693001</misses>
				<total>1524014</total>
				<timestamp>609.612203</timestamp>
			</report>
			<report>
				<misses>4694001</misses>
				<total>1525013</total>
				<timestamp>609.742041</timestamp>
			</report>
			<report>
				<misses>4695001</misses>
				<total>1526012</total>
				<timestamp>609.871913</timestamp>
			</report>
			<report>
				<misses>4696001</misses>
				<total>1527011</total>
				<timestamp>610.001779</timestamp>
			</report>
			<report>
				<misses>4697001</misses>
				<total>1528010</total>
				<timestamp>610.131727</timestamp>
			</report>
			<report>
				<misses>4698001</misses>
				<total>1529009</total>
				<timestamp>610.261746</timestamp>
			</report>
			<report>
				<misses>4699001</misses>
				<total>1530008</total>
				<timestamp>610.391693</timestamp>
			</report>
			<report>
				<misses>4700001</misses>
				<total>1531007</total>
				<timestamp>610.521590</timestamp>
			</report>
			<report>
				<misses>4701001</misses>
				<total>1532006</total>
				<timestamp>610.651381</timestamp>
			</report>
			<report>
				<misses>4702001</misses>
				<total>1533005</total>
				<timestamp>610.781246</timestamp>
			</report>
			<report>
				<misses>4703001</misses>
				<total>1533051</total>
				<timestamp>610.911135</timestamp>
			</report>
			<report>
				<misses>4704001</misses>
				<total>1533051</total>
				<timestamp>611.041003</timestamp>
			</report>
			<report>
				<misses>4705001</misses>
				<total>1533052</total>
				<timestamp>611.170862</timestamp>
			</report>
			<report>
				<misses>4706001</misses>
				<total>1533051</total>
				<timestamp>611.300750</timestamp>
			</report>
			<report>
				<misses>4707001</misses>
				<total>1533051</total>
				<timestamp>611.430692</timestamp>
			</report>
			<report>
				<misses>4708001</misses>
				<total>1533051</total>
				<timestamp>611.560707</timestamp>
			</report>
			<report>
				<misses>4709001</misses>
				<total>1533051</total>
				<timestamp>611.690659</timestamp>
			</report>
			<report>
				<misses>4710001</misses>
				<total>1533051</total>
				<timestamp>611.820548</timestamp>
			</report>
			<report>
				<misses>4711001</misses>
				<total>1533051</total>
				<timestamp>611.950344</timestamp>
			</report>
			<report>
				<misses>4712001</misses>
				<total>1533051</total>
				<timestamp>612.080216</timestamp>
			</report>
			<report>
				<misses>4713001</misses>
				<total>1533051</total>
				<timestamp>612.210105</timestamp>
			</report>
			<report>
				<misses>4714001</misses>
				<total>1533051</total>
				<timestamp>612.339970</timestamp>
			</report>
			<report>
				<misses>4715001</misses>
				<total>1533051</total>
				<timestamp>612.469812</timestamp>
			</report>
			<report>
				<misses>4716001</misses>
				<total>1533051</total>
				<timestamp>612.599729</timestamp>
			</report>
			<report>
				<misses>4717001</misses>
				<total>1533051</total>
				<timestamp>612.729629</timestamp>
			</report>
			<report>
				<misses>4718001</misses>
				<total>1533051</total>
				<timestamp>612.859538</timestamp>
			</report>
			<report>
				<misses>4719001</misses>
				<total>1533061</total>
				<timestamp>612.989556</timestamp>
			</report>
			<report>
				<misses>4720001</misses>
				<total>1533061</total>
				<timestamp>613.119493</timestamp>
			</report>
			<report>
				<misses>4721001</misses>
				<total>1533061</total>
				<timestamp>613.249298</timestamp>
			</report>
			<report>
				<misses>4722001</misses>
				<total>1533061</total>
				<timestamp>613.379173</timestamp>
			</report>
			<report>
				<misses>4723001</misses>
				<total>1533061</total>
				<timestamp>613.509062</timestamp>
			</report>
			<report>
				<misses>4724001</misses>
				<total>1533066</total>
				<timestamp>613.638914</timestamp>
			</report>
			<report>
				<misses>4725001</misses>
				<total>1533066</total>
				<timestamp>613.768811</timestamp>
			</report>
			<report>
				<misses>4726001</misses>
				<total>1533069</total>
				<timestamp>613.898739</timestamp>
			</report>
			<report>
				<misses>4727001</misses>
				<total>1533069</total>
				<timestamp>614.028682</timestamp>
			</report>
			<report>
				<misses>4728001</misses>
				<total>1533069</total>
				<timestamp>614.158645</timestamp>
			</report>
			<report>
				<misses>4729001</misses>
				<total>1533077</total>
				<timestamp>614.288545</timestamp>
			</report>
			<report>
				<misses>4730001</misses>
				<total>1533077</total>
				<timestamp>614.418419</timestamp>
			</report>
			<report>
				<misses>4731001</misses>
				<total>1533077</total>
				<timestamp>614.548275</timestamp>
			</report>
			<report>
				<misses>4732001</misses>
				<total>1533077</total>
				<timestamp>614.678138</timestamp>
			</report>
			<report>
				<misses>4733001</misses>
				<total>1533077</total>
				<timestamp>614.808013</timestamp>
			</report>
			<report>
				<misses>4734001</misses>
				<total>1533077</total>
				<timestamp>614.937876</timestamp>
			</report>
			<report>
				<misses>4735001</misses>
				<total>1533078</total>
				<timestamp>615.067741</timestamp>
			</report>
			<report>
				<misses>4736001</misses>
				<total>1533083</total>
				<timestamp>615.197653</timestamp>
			</report>
			<report>
				<misses>4737001</misses>
				<total>1533083</total>
				<timestamp>615.327582</timestamp>
			</report>
			<report>
				<misses>4738001</misses>
				<total>1533086</total>
				<timestamp>615.457508</timestamp>
			</report>
			<report>
				<misses>4739001</misses>
				<total>1533086</total>
				<timestamp>615.587354</timestamp>
			</report>
			<report>
				<misses>4740001</misses>
				<total>1533086</total>
				<timestamp>615.717241</timestamp>
			</report>
			<report>
				<misses>4741001</misses>
				<total>1533086</total>
				<timestamp>615.847104</timestamp>
			</report>
			<report>
				<misses>4742001</misses>
				<total>1533086</total>
				<timestamp>615.976952</timestamp>
			</report>
			<report>
				<misses>4743001</misses>
				<total>1533086</total>
				<timestamp>616.106832</timestamp>
			</report>
			<report>
				<misses>4744001</misses>
				<total>1533086</total>
				<timestamp>616.236712</timestamp>
			</report>
			<report>
				<misses>4745001</misses>
				<total>1533086</total>
				<timestamp>616.366667</timestamp>
			</report>
			<report>
				<misses>4746001</misses>
				<total>1533086</total>
				<timestamp>616.496678</timestamp>
			</report>
			<report>
				<misses>4747001</misses>
				<total>1533086</total>
				<timestamp>616.626611</timestamp>
			</report>
			<report>
				<misses>4748001</misses>
				<total>1533086</total>
				<timestamp>616.756584</timestamp>
			</report>
			<report>
				<misses>4749001</misses>
				<total>1533086</total>
				<timestamp>616.886533</timestamp>
			</report>
			<report>
				<misses>4750001</misses>
				<total>1533086</total>
				<timestamp>617.016574</timestamp>
			</report>
			<report>
				<misses>4751001</misses>
				<total>1533086</total>
				<timestamp>617.146558</timestamp>
			</report>
			<report>
				<misses>4752001</misses>
				<total>1533102</total>
				<timestamp>617.276552</timestamp>
			</report>
			<report>
				<misses>4753001</misses>
				<total>1533102</total>
				<timestamp>617.406507</timestamp>
			</report>
			<report>
				<misses>4754001</misses>
				<total>1533102</total>
				<timestamp>617.536321</timestamp>
			</report>
			<report>
				<misses>4755001</misses>
				<total>1533102</total>
				<timestamp>617.666180</timestamp>
			</report>
			<report>
				<misses>4756001</misses>
				<total>1533102</total>
				<timestamp>617.796063</timestamp>
			</report>
			<report>
				<misses>4757001</misses>
				<total>1533102</total>
				<timestamp>617.925926</timestamp>
			</report>
			<report>
				<misses>4758001</misses>
				<total>1533103</total>
				<timestamp>618.055803</timestamp>
			</report>
			<report>
				<misses>4759001</misses>
				<total>1533102</total>
				<timestamp>618.185714</timestamp>
			</report>
			<report>
				<misses>4760001</misses>
				<total>1533102</total>
				<timestamp>618.315621</timestamp>
			</report>
			<report>
				<misses>4761001</misses>
				<total>1533102</total>
				<timestamp>618.445540</timestamp>
			</report>
			<report>
				<misses>4762001</misses>
				<total>1533102</total>
				<timestamp>618.575412</timestamp>
			</report>
			<report>
				<misses>4763001</misses>
				<total>1533102</total>
				<timestamp>618.705282</timestamp>
			</report>
			<report>
				<misses>4764001</misses>
				<total>1533103</total>
				<timestamp>618.835155</timestamp>
			</report>
			<report>
				<misses>4765001</misses>
				<total>1533103</total>
				<timestamp>618.965035</timestamp>
			</report>
			<report>
				<misses>4766001</misses>
				<total>1533103</total>
				<timestamp>619.094890</timestamp>
			</report>
			<report>
				<misses>4767001</misses>
				<total>1533103</total>
				<timestamp>619.224757</timestamp>
			</report>
			<report>
				<misses>4768001</misses>
				<total>1533103</total>
				<timestamp>619.354653</timestamp>
			</report>
			<report>
				<misses>4769001</misses>
				<total>1533106</total>
				<timestamp>619.484569</timestamp>
			</report>
			<report>
				<misses>4770001</misses>
				<total>1533106</total>
				<timestamp>619.614361</timestamp>
			</report>
			<report>
				<misses>4771001</misses>
				<total>1533106</total>
				<timestamp>619.744231</timestamp>
			</report>
			<report>
				<misses>4772001</misses>
				<total>1533106</total>
				<timestamp>619.874180</timestamp>
			</report>
			<report>
				<misses>4773001</misses>
				<total>1533106</total>
				<timestamp>620.004022</timestamp>
			</report>
			<report>
				<misses>4774001</misses>
				<total>1533106</total>
				<timestamp>620.133833</timestamp>
			</report>
			<report>
				<misses>4775001</misses>
				<total>1533106</total>
				<timestamp>620.263715</timestamp>
			</report>
			<report>
				<misses>4776001</misses>
				<total>1533106</total>
				<timestamp>620.393683</timestamp>
			</report>
			<report>
				<misses>4777001</misses>
				<total>1533106</total>
				<timestamp>620.523644</timestamp>
			</report>
			<report>
				<misses>4778001</misses>
				<total>1533106</total>
				<timestamp>620.653570</timestamp>
			</report>
			<report>
				<misses>4779001</misses>
				<total>1533106</total>
				<timestamp>620.783537</timestamp>
			</report>
			<report>
				<misses>4780001</misses>
				<total>1533105</total>
				<timestamp>620.913559</timestamp>
			</report>
			<report>
				<misses>4781001</misses>
				<total>1533106</total>
				<timestamp>621.043537</timestamp>
			</report>
			<report>
				<misses>4782001</misses>
				<total>1533106</total>
				<timestamp>621.173520</timestamp>
			</report>
			<report>
				<misses>4783001</misses>
				<total>1533106</total>
				<timestamp>621.303328</timestamp>
			</report>
			<report>
				<misses>4784001</misses>
				<total>1533106</total>
				<timestamp>621.433207</timestamp>
			</report>
			<report>
				<misses>4785001</misses>
				<total>1533106</total>
				<timestamp>621.563099</timestamp>
			</report>
			<report>
				<misses>4786001</misses>
				<total>1533106</total>
				<timestamp>621.692934</timestamp>
			</report>
			<report>
				<misses>4787001</misses>
				<total>1533106</total>
				<timestamp>621.822813</timestamp>
			</report>
			<report>
				<misses>4788001</misses>
				<total>1533106</total>
				<timestamp>621.952736</timestamp>
			</report>
			<report>
				<misses>4789001</misses>
				<total>1533106</total>
				<timestamp>622.082641</timestamp>
			</report>
			<report>
				<misses>4790001</misses>
				<total>1533106</total>
				<timestamp>622.212676</timestamp>
			</report>
			<report>
				<misses>4791001</misses>
				<total>1533106</total>
				<timestamp>622.342670</timestamp>
			</report>
			<report>
				<misses>4792001</misses>
				<total>1533106</total>
				<timestamp>622.472629</timestamp>
			</report>
			<report>
				<misses>4793001</misses>
				<total>1533110</total>
				<timestamp>622.602609</timestamp>
			</report>
			<report>
				<misses>4794001</misses>
				<total>1533110</total>
				<timestamp>622.732498</timestamp>
			</report>
			<report>
				<misses>4795001</misses>
				<total>1533110</total>
				<timestamp>622.862462</timestamp>
			</report>
			<report>
				<misses>4796001</misses>
				<total>1533123</total>
				<timestamp>622.992300</timestamp>
			</report>
			<report>
				<misses>4797001</misses>
				<total>1533123</total>
				<timestamp>623.122157</timestamp>
			</report>
			<report>
				<misses>4798001</misses>
				<total>1533123</total>
				<timestamp>623.252014</timestamp>
			</report>
			<report>
				<misses>4799001</misses>
				<total>1533123</total>
				<timestamp>623.381892</timestamp>
			</report>
			<report>
				<misses>4800001</misses>
				<total>1533123</total>
				<timestamp>623.511774</timestamp>
			</report>
			<report>
				<misses>4801001</misses>
				<total>1533123</total>
				<timestamp>623.641673</timestamp>
			</report>
			<report>
				<misses>4802001</misses>
				<total>1533123</total>
				<timestamp>623.771537</timestamp>
			</report>
			<report>
				<misses>4803001</misses>
				<total>1533123</total>
				<timestamp>623.901374</timestamp>
			</report>
			<report>
				<misses>4804001</misses>
				<total>1533123</total>
				<timestamp>624.031243</timestamp>
			</report>
			<report>
				<misses>4805001</misses>
				<total>1533123</total>
				<timestamp>624.161115</timestamp>
			</report>
			<report>
				<misses>4806001</misses>
				<total>1533123</total>
				<timestamp>624.291007</timestamp>
			</report>
			<report>
				<misses>4807001</misses>
				<total>1533123</total>
				<timestamp>624.420853</timestamp>
			</report>
			<report>
				<misses>4808001</misses>
				<total>1533123</total>
				<timestamp>624.550726</timestamp>
			</report>
			<report>
				<misses>4809001</misses>
				<total>1533123</total>
				<timestamp>624.680669</timestamp>
			</report>
			<report>
				<misses>4810001</misses>
				<total>1533123</total>
				<timestamp>624.810512</timestamp>
			</report>
			<report>
				<misses>4811001</misses>
				<total>1533123</total>
				<timestamp>624.940344</timestamp>
			</report>
			<report>
				<misses>4812001</misses>
				<total>1533123</total>
				<timestamp>625.070246</timestamp>
			</report>
			<report>
				<misses>4813001</misses>
				<total>1533125</total>
				<timestamp>625.200075</timestamp>
			</report>
			<report>
				<misses>4814001</misses>
				<total>1533125</total>
				<timestamp>625.329947</timestamp>
			</report>
			<report>
				<misses>4815001</misses>
				<total>1533125</total>
				<timestamp>625.459808</timestamp>
			</report>
			<report>
				<misses>4816001</misses>
				<total>1533125</total>
				<timestamp>625.589796</timestamp>
			</report>
			<report>
				<misses>4817001</misses>
				<total>1533125</total>
				<timestamp>625.719689</timestamp>
			</report>
			<report>
				<misses>4818001</misses>
				<total>1533125</total>
				<timestamp>625.849645</timestamp>
			</report>
			<report>
				<misses>4819001</misses>
				<total>1533125</total>
				<timestamp>625.979631</timestamp>
			</report>
			<report>
				<misses>4820001</misses>
				<total>1533125</total>
				<timestamp>626.109521</timestamp>
			</report>
			<report>
				<misses>4821001</misses>
				<total>1533125</total>
				<timestamp>626.239525</timestamp>
			</report>
			<report>
				<misses>4822001</misses>
				<total>1533125</total>
				<timestamp>626.369442</timestamp>
			</report>
			<report>
				<misses>4823001</misses>
				<total>1533125</total>
				<timestamp>626.499324</timestamp>
			</report>
			<report>
				<misses>4824001</misses>
				<total>1533125</total>
				<timestamp>626.629224</timestamp>
			</report>
			<report>
				<misses>4825001</misses>
				<total>1533125</total>
				<timestamp>626.759094</timestamp>
			</report>
			<report>
				<misses>4826001</misses>
				<total>1533125</total>
				<timestamp>626.888907</timestamp>
			</report>
			<report>
				<misses>4827001</misses>
				<total>1533125</total>
				<timestamp>627.018870</timestamp>
			</report>
			<report>
				<misses>4828001</misses>
				<total>1533125</total>
				<timestamp>627.148772</timestamp>
			</report>
			<report>
				<misses>4829001</misses>
				<total>1533125</total>
				<timestamp>627.278667</timestamp>
			</report>
			<report>
				<misses>4830001</misses>
				<total>1533125</total>
				<timestamp>627.408595</timestamp>
			</report>
			<report>
				<misses>4831001</misses>
				<total>1533125</total>
				<timestamp>627.538599</timestamp>
			</report>
			<report>
				<misses>4832001</misses>
				<total>1533125</total>
				<timestamp>627.668578</timestamp>
			</report>
			<report>
				<misses>4833001</misses>
				<total>1533125</total>
				<timestamp>627.798443</timestamp>
			</report>
			<report>
				<misses>4834001</misses>
				<total>1533125</total>
				<timestamp>627.928259</timestamp>
			</report>
			<report>
				<misses>4835001</misses>
				<total>1533126</total>
				<timestamp>628.058144</timestamp>
			</report>
			<report>
				<misses>4836001</misses>
				<total>1533125</total>
				<timestamp>628.188029</timestamp>
			</report>
			<report>
				<misses>4837001</misses>
				<total>1533125</total>
				<timestamp>628.317868</timestamp>
			</report>
			<report>
				<misses>4838001</misses>
				<total>1533125</total>
				<timestamp>628.447770</timestamp>
			</report>
			<report>
				<misses>4839001</misses>
				<total>1533125</total>
				<timestamp>628.577661</timestamp>
			</report>
			<report>
				<misses>4840001</misses>
				<total>1533125</total>
				<timestamp>628.707573</timestamp>
			</report>
			<report>
				<misses>4841001</misses>
				<total>1533125</total>
				<timestamp>628.837492</timestamp>
			</report>
			<report>
				<misses>4842001</misses>
				<total>1533125</total>
				<timestamp>628.967426</timestamp>
			</report>
			<report>
				<misses>4843001</misses>
				<total>1533125</total>
				<timestamp>629.097411</timestamp>
			</report>
			<report>
				<misses>4844001</misses>
				<total>1533125</total>
				<timestamp>629.227212</timestamp>
			</report>
			<report>
				<misses>4845001</misses>
				<total>1533125</total>
				<timestamp>629.357069</timestamp>
			</report>
			<report>
				<misses>4846001</misses>
				<total>1533125</total>
				<timestamp>629.486944</timestamp>
			</report>
			<report>
				<misses>4847001</misses>
				<total>1533128</total>
				<timestamp>629.616821</timestamp>
			</report>
			<report>
				<misses>4848001</misses>
				<total>1533128</total>
				<timestamp>629.746732</timestamp>
			</report>
			<report>
				<misses>4849001</misses>
				<total>1533128</total>
				<timestamp>629.876589</timestamp>
			</report>
			<report>
				<misses>4850001</misses>
				<total>1533127</total>
				<timestamp>630.006494</timestamp>
			</report>
			<report>
				<misses>4851001</misses>
				<total>1533128</total>
				<timestamp>630.136314</timestamp>
			</report>
			<report>
				<misses>4852001</misses>
				<total>1533128</total>
				<timestamp>630.266177</timestamp>
			</report>
			<report>
				<misses>4853001</misses>
				<total>1533128</total>
				<timestamp>630.396043</timestamp>
			</report>
			<report>
				<misses>4854001</misses>
				<total>1533128</total>
				<timestamp>630.525912</timestamp>
			</report>
			<report>
				<misses>4855001</misses>
				<total>1533128</total>
				<timestamp>630.655771</timestamp>
			</report>
			<report>
				<misses>4856001</misses>
				<total>1533128</total>
				<timestamp>630.785684</timestamp>
			</report>
			<report>
				<misses>4857001</misses>
				<total>1533128</total>
				<timestamp>630.915532</timestamp>
			</report>
			<report>
				<misses>4858001</misses>
				<total>1533128</total>
				<timestamp>631.045480</timestamp>
			</report>
			<report>
				<misses>4859001</misses>
				<total>1533128</total>
				<timestamp>631.175421</timestamp>
			</report>
			<report>
				<misses>4860001</misses>
				<total>1533128</total>
				<timestamp>631.305284</timestamp>
			</report>
			<report>
				<misses>4861001</misses>
				<total>1533131</total>
				<timestamp>631.435176</timestamp>
			</report>
			<report>
				<misses>4862001</misses>
				<total>1533131</total>
				<timestamp>631.565052</timestamp>
			</report>
			<report>
				<misses>4863001</misses>
				<total>1533131</total>
				<timestamp>631.694869</timestamp>
			</report>
			<report>
				<misses>4864001</misses>
				<total>1533131</total>
				<timestamp>631.824733</timestamp>
			</report>
			<report>
				<misses>4865001</misses>
				<total>1533131</total>
				<timestamp>631.954610</timestamp>
			</report>
			<report>
				<misses>4866001</misses>
				<total>1533131</total>
				<timestamp>632.084555</timestamp>
			</report>
			<report>
				<misses>4867001</misses>
				<total>1533131</total>
				<timestamp>632.214431</timestamp>
			</report>
			<report>
				<misses>4868001</misses>
				<total>1533131</total>
				<timestamp>632.344215</timestamp>
			</report>
			<report>
				<misses>4869001</misses>
				<total>1533131</total>
				<timestamp>632.474221</timestamp>
			</report>
			<report>
				<misses>4870001</misses>
				<total>1533131</total>
				<timestamp>632.604102</timestamp>
			</report>
			<report>
				<misses>4871001</misses>
				<total>1533131</total>
				<timestamp>632.733968</timestamp>
			</report>
			<report>
				<misses>4872001</misses>
				<total>1533131</total>
				<timestamp>632.863832</timestamp>
			</report>
			<report>
				<misses>4873001</misses>
				<total>1533131</total>
				<timestamp>632.993709</timestamp>
			</report>
			<report>
				<misses>4874001</misses>
				<total>1533131</total>
				<timestamp>633.123632</timestamp>
			</report>
			<report>
				<misses>4875001</misses>
				<total>1533131</total>
				<timestamp>633.253457</timestamp>
			</report>
			<report>
				<misses>4876001</misses>
				<total>1533131</total>
				<timestamp>633.383313</timestamp>
			</report>
			<report>
				<misses>4877001</misses>
				<total>1533131</total>
				<timestamp>633.513185</timestamp>
			</report>
			<report>
				<misses>4878001</misses>
				<total>1533131</total>
				<timestamp>633.643047</timestamp>
			</report>
			<report>
				<misses>4879001</misses>
				<total>1533131</total>
				<timestamp>633.772927</timestamp>
			</report>
			<report>
				<misses>4880001</misses>
				<total>1533131</total>
				<timestamp>633.902833</timestamp>
			</report>
			<report>
				<misses>4881001</misses>
				<total>1533133</total>
				<timestamp>634.032686</timestamp>
			</report>
			<report>
				<misses>4882001</misses>
				<total>1533132</total>
				<timestamp>634.162599</timestamp>
			</report>
			<report>
				<misses>4883001</misses>
				<total>1533133</total>
				<timestamp>634.292467</timestamp>
			</report>
			<report>
				<misses>4884001</misses>
				<total>1533133</total>
				<timestamp>634.422298</timestamp>
			</report>
			<report>
				<misses>4885001</misses>
				<total>1533133</total>
				<timestamp>634.552131</timestamp>
			</report>
			<report>
				<misses>4886001</misses>
				<total>1533133</total>
				<timestamp>634.682024</timestamp>
			</report>
			<report>
				<misses>4887001</misses>
				<total>1533133</total>
				<timestamp>634.811902</timestamp>
			</report>
			<report>
				<misses>4888001</misses>
				<total>1533133</total>
				<timestamp>634.941744</timestamp>
			</report>
			<report>
				<misses>4889001</misses>
				<total>1533133</total>
				<timestamp>635.071647</timestamp>
			</report>
			<report>
				<misses>4890001</misses>
				<total>1533133</total>
				<timestamp>635.201617</timestamp>
			</report>
			<report>
				<misses>4891001</misses>
				<total>1533133</total>
				<timestamp>635.331548</timestamp>
			</report>
			<report>
				<misses>4892001</misses>
				<total>1533133</total>
				<timestamp>635.461394</timestamp>
			</report>
			<report>
				<misses>4893001</misses>
				<total>1533133</total>
				<timestamp>635.591245</timestamp>
			</report>
			<report>
				<misses>4894001</misses>
				<total>1533133</total>
				<timestamp>635.721115</timestamp>
			</report>
			<report>
				<misses>4895001</misses>
				<total>1533134</total>
				<timestamp>635.850960</timestamp>
			</report>
			<report>
				<misses>4896001</misses>
				<total>1533133</total>
				<timestamp>635.980842</timestamp>
			</report>
			<report>
				<misses>4897001</misses>
				<total>1533133</total>
				<timestamp>636.110703</timestamp>
			</report>
			<report>
				<misses>4898001</misses>
				<total>1533133</total>
				<timestamp>636.240585</timestamp>
			</report>
			<report>
				<misses>4899001</misses>
				<total>1533133</total>
				<timestamp>636.370526</timestamp>
			</report>
			<report>
				<misses>4900001</misses>
				<total>1533133</total>
				<timestamp>636.500446</timestamp>
			</report>
			<report>
				<misses>4901001</misses>
				<total>1533133</total>
				<timestamp>636.630394</timestamp>
			</report>
			<report>
				<misses>4902001</misses>
				<total>1533133</total>
				<timestamp>636.760200</timestamp>
			</report>
			<report>
				<misses>4903001</misses>
				<total>1533133</total>
				<timestamp>636.890063</timestamp>
			</report>
			<report>
				<misses>4904001</misses>
				<total>1533133</total>
				<timestamp>637.019937</timestamp>
			</report>
			<report>
				<misses>4905001</misses>
				<total>1533133</total>
				<timestamp>637.149816</timestamp>
			</report>
			<report>
				<misses>4906001</misses>
				<total>1533136</total>
				<timestamp>637.279720</timestamp>
			</report>
			<report>
				<misses>4907001</misses>
				<total>1533136</total>
				<timestamp>637.409601</timestamp>
			</report>
			<report>
				<misses>4908001</misses>
				<total>1533147</total>
				<timestamp>637.539414</timestamp>
			</report>
			<report>
				<misses>4909001</misses>
				<total>1533147</total>
				<timestamp>637.669352</timestamp>
			</report>
			<report>
				<misses>4910001</misses>
				<total>1533147</total>
				<timestamp>637.799193</timestamp>
			</report>
			<report>
				<misses>4911001</misses>
				<total>1533147</total>
				<timestamp>637.929015</timestamp>
			</report>
			<report>
				<misses>4912001</misses>
				<total>1533147</total>
				<timestamp>638.058900</timestamp>
			</report>
			<report>
				<misses>4913001</misses>
				<total>1533147</total>
				<timestamp>638.188757</timestamp>
			</report>
			<report>
				<misses>4914001</misses>
				<total>1533147</total>
				<timestamp>638.318746</timestamp>
			</report>
			<report>
				<misses>4915001</misses>
				<total>1533147</total>
				<timestamp>638.448640</timestamp>
			</report>
			<report>
				<misses>4916001</misses>
				<total>1533147</total>
				<timestamp>638.578559</timestamp>
			</report>
			<report>
				<misses>4917001</misses>
				<total>1533149</total>
				<timestamp>638.708416</timestamp>
			</report>
			<report>
				<misses>4918001</misses>
				<total>1533149</total>
				<timestamp>638.838251</timestamp>
			</report>
			<report>
				<misses>4919001</misses>
				<total>1533149</total>
				<timestamp>638.968135</timestamp>
			</report>
			<report>
				<misses>4920001</misses>
				<total>1533149</total>
				<timestamp>639.097998</timestamp>
			</report>
			<report>
				<misses>4921001</misses>
				<total>1533149</total>
				<timestamp>639.227848</timestamp>
			</report>
			<report>
				<misses>4922001</misses>
				<total>1533149</total>
				<timestamp>639.357731</timestamp>
			</report>
			<report>
				<misses>4923001</misses>
				<total>1533149</total>
				<timestamp>639.487625</timestamp>
			</report>
			<report>
				<misses>4924001</misses>
				<total>1533149</total>
				<timestamp>639.617526</timestamp>
			</report>
			<report>
				<misses>4925001</misses>
				<total>1533149</total>
				<timestamp>639.747357</timestamp>
			</report>
			<report>
				<misses>4926001</misses>
				<total>1533149</total>
				<timestamp>639.877198</timestamp>
			</report>
			<report>
				<misses>4927001</misses>
				<total>1533149</total>
				<timestamp>640.007066</timestamp>
			</report>
			<report>
				<misses>4928001</misses>
				<total>1533149</total>
				<timestamp>640.136948</timestamp>
			</report>
			<report>
				<misses>4929001</misses>
				<total>1533149</total>
				<timestamp>640.266809</timestamp>
			</report>
			<report>
				<misses>4930001</misses>
				<total>1533149</total>
				<timestamp>640.396709</timestamp>
			</report>
			<report>
				<misses>4931001</misses>
				<total>1533149</total>
				<timestamp>640.526628</timestamp>
			</report>
			<report>
				<misses>4932001</misses>
				<total>1533149</total>
				<timestamp>640.656454</timestamp>
			</report>
			<report>
				<misses>4933001</misses>
				<total>1533149</total>
				<timestamp>640.786323</timestamp>
			</report>
			<report>
				<misses>4934001</misses>
				<total>1533149</total>
				<timestamp>640.916159</timestamp>
			</report>
			<report>
				<misses>4935001</misses>
				<total>1533149</total>
				<timestamp>641.046061</timestamp>
			</report>
			<report>
				<misses>4936001</misses>
				<total>1533149</total>
				<timestamp>641.175883</timestamp>
			</report>
			<report>
				<misses>4937001</misses>
				<total>1533149</total>
				<timestamp>641.305770</timestamp>
			</report>
			<report>
				<misses>4938001</misses>
				<total>1533149</total>
				<timestamp>641.435653</timestamp>
			</report>
			<report>
				<misses>4939001</misses>
				<total>1533150</total>
				<timestamp>641.565567</timestamp>
			</report>
			<report>
				<misses>4940001</misses>
				<total>1533158</total>
				<timestamp>641.695402</timestamp>
			</report>
			<report>
				<misses>4941001</misses>
				<total>1533158</total>
				<timestamp>641.825327</timestamp>
			</report>
			<report>
				<misses>4942001</misses>
				<total>1533158</total>
				<timestamp>641.955112</timestamp>
			</report>
			<report>
				<misses>4943001</misses>
				<total>1533160</total>
				<timestamp>642.085000</timestamp>
			</report>
			<report>
				<misses>4944001</misses>
				<total>1533160</total>
				<timestamp>642.214852</timestamp>
			</report>
			<report>
				<misses>4945001</misses>
				<total>1533160</total>
				<timestamp>642.344710</timestamp>
			</report>
			<report>
				<misses>4946001</misses>
				<total>1533160</total>
				<timestamp>642.474611</timestamp>
			</report>
			<report>
				<misses>4947001</misses>
				<total>1533160</total>
				<timestamp>642.604508</timestamp>
			</report>
			<report>
				<misses>4948001</misses>
				<total>1533161</total>
				<timestamp>642.734419</timestamp>
			</report>
			<report>
				<misses>4949001</misses>
				<total>1533161</total>
				<timestamp>642.864216</timestamp>
			</report>
			<report>
				<misses>4950001</misses>
				<total>1533161</total>
				<timestamp>642.994086</timestamp>
			</report>
			<report>
				<misses>4951001</misses>
				<total>1533161</total>
				<timestamp>643.123962</timestamp>
			</report>
			<report>
				<misses>4952001</misses>
				<total>1533161</total>
				<timestamp>643.253829</timestamp>
			</report>
			<report>
				<misses>4953001</misses>
				<total>1533161</total>
				<timestamp>643.383770</timestamp>
			</report>
			<report>
				<misses>4954001</misses>
				<total>1533161</total>
				<timestamp>643.513769</timestamp>
			</report>
			<report>
				<misses>4955001</misses>
				<total>1533161</total>
				<timestamp>643.643570</timestamp>
			</report>
			<report>
				<misses>4956001</misses>
				<total>1533161</total>
				<timestamp>643.773538</timestamp>
			</report>
			<report>
				<misses>4957001</misses>
				<total>1533161</total>
				<timestamp>643.903455</timestamp>
			</report>
			<report>
				<misses>4958001</misses>
				<total>1533161</total>
				<timestamp>644.033328</timestamp>
			</report>
			<report>
				<misses>4959001</misses>
				<total>1533161</total>
				<timestamp>644.163192</timestamp>
			</report>
			<report>
				<misses>4960001</misses>
				<total>1533161</total>
				<timestamp>644.293048</timestamp>
			</report>
			<report>
				<misses>4961001</misses>
				<total>1533163</total>
				<timestamp>644.422939</timestamp>
			</report>
			<report>
				<misses>4962001</misses>
				<total>1533162</total>
				<timestamp>644.552804</timestamp>
			</report>
			<report>
				<misses>4963001</misses>
				<total>1533163</total>
				<timestamp>644.682691</timestamp>
			</report>
			<report>
				<misses>4964001</misses>
				<total>1533163</total>
				<timestamp>644.812528</timestamp>
			</report>
			<report>
				<misses>4965001</misses>
				<total>1533165</total>
				<timestamp>644.942475</timestamp>
			</report>
			<report>
				<misses>4966001</misses>
				<total>1533165</total>
				<timestamp>645.072519</timestamp>
			</report>
			<report>
				<misses>4967001</misses>
				<total>1533165</total>
				<timestamp>645.202436</timestamp>
			</report>
			<report>
				<misses>4968001</misses>
				<total>1533164</total>
				<timestamp>645.332405</timestamp>
			</report>
			<report>
				<misses>4969001</misses>
				<total>1533164</total>
				<timestamp>645.462329</timestamp>
			</report>
			<report>
				<misses>4970001</misses>
				<total>1533165</total>
				<timestamp>645.592177</timestamp>
			</report>
			<report>
				<misses>4971001</misses>
				<total>1533165</total>
				<timestamp>645.722036</timestamp>
			</report>
			<report>
				<misses>4972001</misses>
				<total>1533165</total>
				<timestamp>645.851879</timestamp>
			</report>
			<report>
				<misses>4973001</misses>
				<total>1533165</total>
				<timestamp>645.981756</timestamp>
			</report>
			<report>
				<misses>4974001</misses>
				<total>1533164</total>
				<timestamp>646.111648</timestamp>
			</report>
			<report>
				<misses>4975001</misses>
				<total>1533165</total>
				<timestamp>646.241524</timestamp>
			</report>
			<report>
				<misses>4976001</misses>
				<total>1533165</total>
				<timestamp>646.371395</timestamp>
			</report>
			<report>
				<misses>4977001</misses>
				<total>1533165</total>
				<timestamp>646.501321</timestamp>
			</report>
			<report>
				<misses>4978001</misses>
				<total>1533165</total>
				<timestamp>646.631317</timestamp>
			</report>
			<report>
				<misses>4979001</misses>
				<total>1533165</total>
				<timestamp>646.761312</timestamp>
			</report>
			<report>
				<misses>4980001</misses>
				<total>1533165</total>
				<timestamp>646.891315</timestamp>
			</report>
			<report>
				<misses>4981001</misses>
				<total>1533165</total>
				<timestamp>647.021311</timestamp>
			</report>
			<report>
				<misses>4982001</misses>
				<total>1533165</total>
				<timestamp>647.151323</timestamp>
			</report>
			<report>
				<misses>4983001</misses>
				<total>1533165</total>
				<timestamp>647.281308</timestamp>
			</report>
			<report>
				<misses>4984001</misses>
				<total>1533165</total>
				<timestamp>647.411324</timestamp>
			</report>
			<report>
				<misses>4985001</misses>
				<total>1533165</total>
				<timestamp>647.541303</timestamp>
			</report>
			<report>
				<misses>4986001</misses>
				<total>1533165</total>
				<timestamp>647.671303</timestamp>
			</report>
			<report>
				<misses>4987001</misses>
				<total>1533165</total>
				<timestamp>647.801245</timestamp>
			</report>
			<report>
				<misses>4988001</misses>
				<total>1533165</total>
				<timestamp>647.931087</timestamp>
			</report>
			<report>
				<misses>4989001</misses>
				<total>1533165</total>
				<timestamp>648.060960</timestamp>
			</report>
			<report>
				<misses>4990001</misses>
				<total>1533165</total>
				<timestamp>648.190847</timestamp>
			</report>
			<report>
				<misses>4991001</misses>
				<total>1533165</total>
				<timestamp>648.320706</timestamp>
			</report>
			<report>
				<misses>4992001</misses>
				<total>1533164</total>
				<timestamp>648.450585</timestamp>
			</report>
			<report>
				<misses>4993001</misses>
				<total>1533165</total>
				<timestamp>648.580505</timestamp>
			</report>
			<report>
				<misses>4994001</misses>
				<total>1533165</total>
				<timestamp>648.710325</timestamp>
			</report>
			<report>
				<misses>4995001</misses>
				<total>1533165</total>
				<timestamp>648.840208</timestamp>
			</report>
			<report>
				<misses>4996001</misses>
				<total>1533166</total>
				<timestamp>648.970061</timestamp>
			</report>
			<report>
				<misses>4997001</misses>
				<total>1533166</total>
				<timestamp>649.099972</timestamp>
			</report>
			<report>
				<misses>4998001</misses>
				<total>1533167</total>
				<timestamp>649.229812</timestamp>
			</report>
			<report>
				<misses>4999001</misses>
				<total>1533166</total>
				<timestamp>649.359662</timestamp>
			</report>
			<report>
				<misses>5000001</misses>
				<total>1533166</total>
				<timestamp>649.489556</timestamp>
			</report>
		</query>
	</custom>
	<ethtool_statistic>
		<rx_packets>
			<start>7131062737</start>
			<end>7184383113</end>
		</rx_packets>
		<tx_packets>
			<start>11921711488</start>
			<end>12027563864</end>
		</tx_packets>
		<rx_dropped>
			<start>421</start>
			<end>421</end>
		</rx_dropped>
		<tx_dropped>
			<start>0</start>
			<end>0</end>
		</tx_dropped>
		<collisions>
			<start>0</start>
			<end>0</end>
		</collisions>
		<port_tx_errors>
			<start>0</start>
			<end>0</end>
		</port_tx_errors>
		<port_rx_dropped>
			<start>0</start>
			<end>0</end>
		</port_rx_dropped>
		<port_tx_dropped_link_down>
			<start>0</start>
			<end>0</end>
		</port_tx_dropped_link_down>
	</ethtool_statistic>
	<ip_statistic>
		<mtu>
			<start>9000</start>
			<end>9000</end>
		</mtu>
		<rx_bytes>
			<start>29342640701132</start>
			<end>29559227239253</end>
		</rx_bytes>
		<rx_packets>
			<start>7131062838</start>
			<end>7184383208</end>
		</rx_packets>
		<rx_errors>
			<start>0</start>
			<end>0</end>
		</rx_errors>
		<rx_dropped>
			<start>421</start>
			<end>421</end>
		</rx_dropped>
		<rx_missed>
			<start>0</start>
			<end>0</end>
		</rx_missed>
		<rx_mcast>
			<start>4922</start>
			<end>4927</end>
		</rx_mcast>
		<tx_bytes>
			<start>40454340063986</start>
			<end>40947158534186</end>
		</tx_bytes>
		<tx_packets>
			<start>11921711959</start>
			<end>12027564121</end>
		</tx_packets>
		<tx_errors>
			<start>0</start>
			<end>0</end>
		</tx_errors>
		<tx_dropped>
			<start>0</start>
			<end>0</end>
		</tx_dropped>
		<tx_carrier>
			<start>0</start>
			<end>0</end>
		</tx_carrier>
		<tx_collisions>
			<start>0</start>
			<end>0</end>
		</tx_collisions>
	</ip_statistic>
	<netstat_statistic>
		<udp_pkg_rec>
			<start>6089179890</start>
			<end>6135124672</end>
		</udp_pkg_rec>
		<udp_pkg_snt>
			<start>10609968177</start>
			<end>10680858621</end>
		</udp_pkg_snt>
		<udp_rec_err>
			<start>1043800987</start>
			<end>1051179740</end>
		</udp_rec_err>
		<udp_rec_buf_err>
			<start>1043800987</start>
			<end>1051179740</end>
		</udp_rec_buf_err>
		<udp_snt_buf_err>
			<start>0</start>
			<end>0</end>
		</udp_snt_buf_err>
	</netstat_statistic>
</test_results>
