<?xml version="1.0"?>
<test_results>
	<status>STATUS_SUCCESS</status>
	<custom>
		<num_loss>60</num_loss>
		<num_total>2000001</num_total>
		<num_misses>0</num_misses>
		<elapsed_time>479.999758</elapsed_time>
		<query />
	</custom>
	<ethtool_statistic>
		<rx_packets>
			<start>3988869563</start>
			<end>4027433647</end>
		</rx_packets>
		<tx_packets>
			<start>6595976569</start>
			<end>6660230881</end>
		</tx_packets>
		<rx_dropped>
			<start>0</start>
			<end>0</end>
		</rx_dropped>
		<tx_dropped>
			<start>0</start>
			<end>0</end>
		</tx_dropped>
		<collisions>
			<start>0</start>
			<end>0</end>
		</collisions>
		<port_tx_errors>
			<start>0</start>
			<end>0</end>
		</port_tx_errors>
		<port_rx_dropped>
			<start>0</start>
			<end>0</end>
		</port_rx_dropped>
		<port_tx_dropped_link_down>
			<start>0</start>
			<end>0</end>
		</port_tx_dropped_link_down>
	</ethtool_statistic>
	<ip_statistic>
		<mtu>
			<start>9000</start>
			<end>9000</end>
		</mtu>
		<rx_bytes>
			<start>16311553402009</start>
			<end>16470701686100</end>
		</rx_bytes>
		<rx_packets>
			<start>3988869792</start>
			<end>4027433720</end>
		</rx_packets>
		<rx_errors>
			<start>0</start>
			<end>0</end>
		</rx_errors>
		<rx_dropped>
			<start>0</start>
			<end>0</end>
		</rx_dropped>
		<rx_missed>
			<start>0</start>
			<end>0</end>
		</rx_missed>
		<rx_mcast>
			<start>2277</start>
			<end>2282</end>
		</rx_mcast>
		<tx_bytes>
			<start>19499783176207</start>
			<end>19753056798999</end>
		</tx_bytes>
		<tx_packets>
			<start>6595976723</start>
			<end>6660230909</end>
		</tx_packets>
		<tx_errors>
			<start>0</start>
			<end>0</end>
		</tx_errors>
		<tx_dropped>
			<start>0</start>
			<end>0</end>
		</tx_dropped>
		<tx_carrier>
			<start>0</start>
			<end>0</end>
		</tx_carrier>
		<tx_collisions>
			<start>0</start>
			<end>0</end>
		</tx_collisions>
	</ip_statistic>
	<netstat_statistic>
		<udp_pkg_rec>
			<start>3352971959</start>
			<end>3387021596</end>
		</udp_pkg_rec>
		<udp_pkg_snt>
			<start>6442495351</start>
			<end>6492751846</end>
		</udp_pkg_snt>
		<udp_rec_err>
			<start>636598229</start>
			<end>641114871</end>
		</udp_rec_err>
		<udp_rec_buf_err>
			<start>636598229</start>
			<end>641114871</end>
		</udp_rec_buf_err>
		<udp_snt_buf_err>
			<start>0</start>
			<end>0</end>
		</udp_snt_buf_err>
	</netstat_statistic>
</test_results>
