<?xml version="1.0"?>
<test_results>
	<status>STATUS_SUCCESS</status>
	<custom>
		<num_loss>583</num_loss>
		<num_total>2000001</num_total>
		<num_misses>5</num_misses>
		<elapsed_time>339.967133</elapsed_time>
		<query>
			<report>
				<misses>10000</misses>
				<total>4</total>
			</report>
			<report>
				<misses>20000</misses>
				<total>5</total>
			</report>
			<report>
				<misses>30000</misses>
				<total>5</total>
			</report>
			<report>
				<misses>40000</misses>
				<total>6</total>
			</report>
			<report>
				<misses>50000</misses>
				<total>6</total>
			</report>
			<report>
				<misses>60000</misses>
				<total>13</total>
			</report>
			<report>
				<misses>70000</misses>
				<total>14</total>
			</report>
			<report>
				<misses>80000</misses>
				<total>17</total>
			</report>
			<report>
				<misses>90000</misses>
				<total>18</total>
			</report>
			<report>
				<misses>100000</misses>
				<total>29</total>
			</report>
			<report>
				<misses>110000</misses>
				<total>30</total>
			</report>
			<report>
				<misses>120000</misses>
				<total>30</total>
			</report>
			<report>
				<misses>130000</misses>
				<total>33</total>
			</report>
			<report>
				<misses>140000</misses>
				<total>33</total>
			</report>
			<report>
				<misses>150000</misses>
				<total>36</total>
			</report>
			<report>
				<misses>160000</misses>
				<total>37</total>
			</report>
			<report>
				<misses>170000</misses>
				<total>40</total>
			</report>
			<report>
				<misses>180000</misses>
				<total>40</total>
			</report>
			<report>
				<misses>190000</misses>
				<total>44</total>
			</report>
			<report>
				<misses>200000</misses>
				<total>49</total>
			</report>
			<report>
				<misses>210000</misses>
				<total>51</total>
			</report>
			<report>
				<misses>220000</misses>
				<total>51</total>
			</report>
			<report>
				<misses>230000</misses>
				<total>57</total>
			</report>
			<report>
				<misses>240000</misses>
				<total>62</total>
			</report>
			<report>
				<misses>250000</misses>
				<total>62</total>
			</report>
			<report>
				<misses>260000</misses>
				<total>62</total>
			</report>
			<report>
				<misses>270000</misses>
				<total>70</total>
			</report>
			<report>
				<misses>280000</misses>
				<total>70</total>
			</report>
			<report>
				<misses>290000</misses>
				<total>73</total>
			</report>
			<report>
				<misses>300000</misses>
				<total>74</total>
			</report>
			<report>
				<misses>310000</misses>
				<total>76</total>
			</report>
			<report>
				<misses>320000</misses>
				<total>79</total>
			</report>
			<report>
				<misses>330000</misses>
				<total>86</total>
			</report>
			<report>
				<misses>340000</misses>
				<total>87</total>
			</report>
			<report>
				<misses>350000</misses>
				<total>87</total>
			</report>
			<report>
				<misses>360000</misses>
				<total>90</total>
			</report>
			<report>
				<misses>370000</misses>
				<total>101</total>
			</report>
			<report>
				<misses>380000</misses>
				<total>101</total>
			</report>
			<report>
				<misses>390000</misses>
				<total>104</total>
			</report>
			<report>
				<misses>400000</misses>
				<total>107</total>
			</report>
			<report>
				<misses>410000</misses>
				<total>107</total>
			</report>
			<report>
				<misses>420000</misses>
				<total>140</total>
			</report>
			<report>
				<misses>430000</misses>
				<total>139</total>
			</report>
			<report>
				<misses>440000</misses>
				<total>140</total>
			</report>
			<report>
				<misses>450000</misses>
				<total>140</total>
			</report>
			<report>
				<misses>460000</misses>
				<total>144</total>
			</report>
			<report>
				<misses>470000</misses>
				<total>144</total>
			</report>
			<report>
				<misses>480000</misses>
				<total>148</total>
			</report>
			<report>
				<misses>490000</misses>
				<total>152</total>
			</report>
			<report>
				<misses>500000</misses>
				<total>152</total>
			</report>
			<report>
				<misses>510000</misses>
				<total>156</total>
			</report>
			<report>
				<misses>520000</misses>
				<total>157</total>
			</report>
			<report>
				<misses>530000</misses>
				<total>160</total>
			</report>
			<report>
				<misses>540000</misses>
				<total>160</total>
			</report>
			<report>
				<misses>550000</misses>
				<total>163</total>
			</report>
			<report>
				<misses>560000</misses>
				<total>164</total>
			</report>
			<report>
				<misses>570000</misses>
				<total>169</total>
			</report>
			<report>
				<misses>580000</misses>
				<total>171</total>
			</report>
			<report>
				<misses>590000</misses>
				<total>177</total>
			</report>
			<report>
				<misses>600000</misses>
				<total>185</total>
			</report>
			<report>
				<misses>610000</misses>
				<total>185</total>
			</report>
			<report>
				<misses>620000</misses>
				<total>193</total>
			</report>
			<report>
				<misses>630000</misses>
				<total>198</total>
			</report>
			<report>
				<misses>640000</misses>
				<total>205</total>
			</report>
			<report>
				<misses>650000</misses>
				<total>207</total>
			</report>
			<report>
				<misses>660000</misses>
				<total>209</total>
			</report>
			<report>
				<misses>670000</misses>
				<total>212</total>
			</report>
			<report>
				<misses>680000</misses>
				<total>213</total>
			</report>
			<report>
				<misses>690000</misses>
				<total>213</total>
			</report>
			<report>
				<misses>700000</misses>
				<total>226</total>
			</report>
			<report>
				<misses>710000</misses>
				<total>226</total>
			</report>
			<report>
				<misses>720000</misses>
				<total>228</total>
			</report>
			<report>
				<misses>730000</misses>
				<total>234</total>
			</report>
			<report>
				<misses>740000</misses>
				<total>235</total>
			</report>
			<report>
				<misses>750000</misses>
				<total>238</total>
			</report>
			<report>
				<misses>760000</misses>
				<total>238</total>
			</report>
			<report>
				<misses>770000</misses>
				<total>242</total>
			</report>
			<report>
				<misses>780000</misses>
				<total>245</total>
			</report>
			<report>
				<misses>790000</misses>
				<total>248</total>
			</report>
			<report>
				<misses>800000</misses>
				<total>271</total>
			</report>
			<report>
				<misses>810000</misses>
				<total>277</total>
			</report>
			<report>
				<misses>820000</misses>
				<total>277</total>
			</report>
			<report>
				<misses>830000</misses>
				<total>278</total>
			</report>
			<report>
				<misses>840000</misses>
				<total>280</total>
			</report>
			<report>
				<misses>850000</misses>
				<total>298</total>
			</report>
			<report>
				<misses>860000</misses>
				<total>300</total>
			</report>
			<report>
				<misses>870000</misses>
				<total>305</total>
			</report>
			<report>
				<misses>880000</misses>
				<total>305</total>
			</report>
			<report>
				<misses>890000</misses>
				<total>305</total>
			</report>
			<report>
				<misses>900000</misses>
				<total>305</total>
			</report>
			<report>
				<misses>910000</misses>
				<total>305</total>
			</report>
			<report>
				<misses>920000</misses>
				<total>306</total>
			</report>
			<report>
				<misses>930000</misses>
				<total>306</total>
			</report>
			<report>
				<misses>940000</misses>
				<total>328</total>
			</report>
			<report>
				<misses>950000</misses>
				<total>328</total>
			</report>
			<report>
				<misses>960000</misses>
				<total>328</total>
			</report>
			<report>
				<misses>970000</misses>
				<total>328</total>
			</report>
			<report>
				<misses>980000</misses>
				<total>328</total>
			</report>
			<report>
				<misses>990000</misses>
				<total>327</total>
			</report>
			<report>
				<misses>1000000</misses>
				<total>329</total>
			</report>
			<report>
				<misses>1010000</misses>
				<total>339</total>
			</report>
			<report>
				<misses>1020000</misses>
				<total>340</total>
			</report>
			<report>
				<misses>1030000</misses>
				<total>344</total>
			</report>
			<report>
				<misses>1040000</misses>
				<total>344</total>
			</report>
			<report>
				<misses>1050000</misses>
				<total>345</total>
			</report>
			<report>
				<misses>1060000</misses>
				<total>347</total>
			</report>
			<report>
				<misses>1070000</misses>
				<total>347</total>
			</report>
			<report>
				<misses>1080000</misses>
				<total>355</total>
			</report>
			<report>
				<misses>1090000</misses>
				<total>355</total>
			</report>
			<report>
				<misses>1100000</misses>
				<total>375</total>
			</report>
			<report>
				<misses>1110000</misses>
				<total>375</total>
			</report>
			<report>
				<misses>1120000</misses>
				<total>375</total>
			</report>
			<report>
				<misses>1130000</misses>
				<total>376</total>
			</report>
			<report>
				<misses>1140000</misses>
				<total>376</total>
			</report>
			<report>
				<misses>1150000</misses>
				<total>397</total>
			</report>
			<report>
				<misses>1160000</misses>
				<total>399</total>
			</report>
			<report>
				<misses>1170000</misses>
				<total>402</total>
			</report>
			<report>
				<misses>1180000</misses>
				<total>407</total>
			</report>
			<report>
				<misses>1190000</misses>
				<total>407</total>
			</report>
			<report>
				<misses>1200000</misses>
				<total>413</total>
			</report>
			<report>
				<misses>1210000</misses>
				<total>414</total>
			</report>
			<report>
				<misses>1220000</misses>
				<total>415</total>
			</report>
			<report>
				<misses>1230000</misses>
				<total>415</total>
			</report>
			<report>
				<misses>1240000</misses>
				<total>417</total>
			</report>
			<report>
				<misses>1250000</misses>
				<total>417</total>
			</report>
			<report>
				<misses>1260000</misses>
				<total>417</total>
			</report>
			<report>
				<misses>1270000</misses>
				<total>423</total>
			</report>
			<report>
				<misses>1280000</misses>
				<total>425</total>
			</report>
			<report>
				<misses>1290000</misses>
				<total>426</total>
			</report>
			<report>
				<misses>1300000</misses>
				<total>426</total>
			</report>
			<report>
				<misses>1310000</misses>
				<total>426</total>
			</report>
			<report>
				<misses>1320000</misses>
				<total>430</total>
			</report>
			<report>
				<misses>1330000</misses>
				<total>430</total>
			</report>
			<report>
				<misses>1340000</misses>
				<total>433</total>
			</report>
			<report>
				<misses>1350000</misses>
				<total>435</total>
			</report>
			<report>
				<misses>1360000</misses>
				<total>446</total>
			</report>
			<report>
				<misses>1370000</misses>
				<total>447</total>
			</report>
			<report>
				<misses>1380000</misses>
				<total>447</total>
			</report>
			<report>
				<misses>1390000</misses>
				<total>449</total>
			</report>
			<report>
				<misses>1400000</misses>
				<total>450</total>
			</report>
			<report>
				<misses>1410000</misses>
				<total>451</total>
			</report>
			<report>
				<misses>1420000</misses>
				<total>451</total>
			</report>
			<report>
				<misses>1430000</misses>
				<total>451</total>
			</report>
			<report>
				<misses>1440000</misses>
				<total>457</total>
			</report>
			<report>
				<misses>1450000</misses>
				<total>458</total>
			</report>
			<report>
				<misses>1460000</misses>
				<total>460</total>
			</report>
			<report>
				<misses>1470000</misses>
				<total>460</total>
			</report>
			<report>
				<misses>1480000</misses>
				<total>461</total>
			</report>
			<report>
				<misses>1490000</misses>
				<total>461</total>
			</report>
			<report>
				<misses>1500000</misses>
				<total>461</total>
			</report>
			<report>
				<misses>1510000</misses>
				<total>462</total>
			</report>
			<report>
				<misses>1520000</misses>
				<total>462</total>
			</report>
			<report>
				<misses>1530000</misses>
				<total>466</total>
			</report>
			<report>
				<misses>1540000</misses>
				<total>473</total>
			</report>
			<report>
				<misses>1550000</misses>
				<total>473</total>
			</report>
			<report>
				<misses>1560000</misses>
				<total>473</total>
			</report>
			<report>
				<misses>1570000</misses>
				<total>473</total>
			</report>
			<report>
				<misses>1580000</misses>
				<total>474</total>
			</report>
			<report>
				<misses>1590000</misses>
				<total>475</total>
			</report>
			<report>
				<misses>1600000</misses>
				<total>483</total>
			</report>
			<report>
				<misses>1610000</misses>
				<total>496</total>
			</report>
			<report>
				<misses>1620000</misses>
				<total>496</total>
			</report>
			<report>
				<misses>1630000</misses>
				<total>500</total>
			</report>
			<report>
				<misses>1640000</misses>
				<total>503</total>
			</report>
			<report>
				<misses>1650000</misses>
				<total>506</total>
			</report>
			<report>
				<misses>1660000</misses>
				<total>507</total>
			</report>
			<report>
				<misses>1670000</misses>
				<total>508</total>
			</report>
			<report>
				<misses>1680000</misses>
				<total>509</total>
			</report>
			<report>
				<misses>1690000</misses>
				<total>515</total>
			</report>
			<report>
				<misses>1700000</misses>
				<total>516</total>
			</report>
			<report>
				<misses>1710000</misses>
				<total>516</total>
			</report>
			<report>
				<misses>1720000</misses>
				<total>517</total>
			</report>
			<report>
				<misses>1730000</misses>
				<total>517</total>
			</report>
			<report>
				<misses>1740000</misses>
				<total>518</total>
			</report>
			<report>
				<misses>1750000</misses>
				<total>519</total>
			</report>
			<report>
				<misses>1760000</misses>
				<total>520</total>
			</report>
			<report>
				<misses>1770000</misses>
				<total>523</total>
			</report>
			<report>
				<misses>1780000</misses>
				<total>530</total>
			</report>
			<report>
				<misses>1790000</misses>
				<total>531</total>
			</report>
			<report>
				<misses>1800000</misses>
				<total>531</total>
			</report>
			<report>
				<misses>1810000</misses>
				<total>532</total>
			</report>
			<report>
				<misses>1820000</misses>
				<total>539</total>
			</report>
			<report>
				<misses>1830000</misses>
				<total>541</total>
			</report>
			<report>
				<misses>1840000</misses>
				<total>541</total>
			</report>
			<report>
				<misses>1850000</misses>
				<total>553</total>
			</report>
			<report>
				<misses>1860000</misses>
				<total>554</total>
			</report>
			<report>
				<misses>1870000</misses>
				<total>555</total>
			</report>
			<report>
				<misses>1880000</misses>
				<total>559</total>
			</report>
			<report>
				<misses>1890000</misses>
				<total>559</total>
			</report>
			<report>
				<misses>1900000</misses>
				<total>559</total>
			</report>
			<report>
				<misses>1910000</misses>
				<total>559</total>
			</report>
			<report>
				<misses>1920000</misses>
				<total>564</total>
			</report>
			<report>
				<misses>1930000</misses>
				<total>566</total>
			</report>
			<report>
				<misses>1940000</misses>
				<total>575</total>
			</report>
			<report>
				<misses>1950000</misses>
				<total>579</total>
			</report>
			<report>
				<misses>1960000</misses>
				<total>580</total>
			</report>
			<report>
				<misses>1970000</misses>
				<total>581</total>
			</report>
			<report>
				<misses>1980000</misses>
				<total>582</total>
			</report>
			<report>
				<misses>1990000</misses>
				<total>582</total>
			</report>
			<report>
				<misses>2000000</misses>
				<total>584</total>
			</report>
		</query>
	</custom>
	<ethtool_statistic>
		<rx_packets>
			<start>17270511070</start>
			<end>17286570122</end>
		</rx_packets>
		<tx_packets>
			<start>20345628670</start>
			<end>20371262898</end>
		</tx_packets>
		<rx_dropped>
			<start>267</start>
			<end>267</end>
		</rx_dropped>
		<tx_dropped>
			<start>0</start>
			<end>0</end>
		</tx_dropped>
		<collisions>
			<start>0</start>
			<end>0</end>
		</collisions>
		<port_tx_errors>
			<start>0</start>
			<end>0</end>
		</port_tx_errors>
		<port_rx_dropped>
			<start>0</start>
			<end>0</end>
		</port_rx_dropped>
		<port_tx_dropped_link_down>
			<start>0</start>
			<end>0</end>
		</port_tx_dropped_link_down>
	</ethtool_statistic>
	<ip_statistic>
		<mtu>
			<start>9000</start>
			<end>9000</end>
		</mtu>
		<rx_bytes>
			<start>155248725155043</start>
			<end>155393092217160</end>
		</rx_bytes>
		<rx_packets>
			<start>17270511233</start>
			<end>17286570220</end>
		</rx_packets>
		<rx_errors>
			<start>0</start>
			<end>0</end>
		</rx_errors>
		<rx_dropped>
			<start>273</start>
			<end>273</end>
		</rx_dropped>
		<rx_missed>
			<start>0</start>
			<end>0</end>
		</rx_missed>
		<rx_mcast>
			<start>12432</start>
			<end>12433</end>
		</rx_mcast>
		<tx_bytes>
			<start>138917150895793</start>
			<end>139134320868799</end>
		</tx_bytes>
		<tx_packets>
			<start>20345628727</start>
			<end>20371262940</end>
		</tx_packets>
		<tx_errors>
			<start>0</start>
			<end>0</end>
		</tx_errors>
		<tx_dropped>
			<start>0</start>
			<end>0</end>
		</tx_dropped>
		<tx_carrier>
			<start>0</start>
			<end>0</end>
		</tx_carrier>
		<tx_collisions>
			<start>0</start>
			<end>0</end>
		</tx_collisions>
	</ip_statistic>
	<netstat_statistic>
		<udp_pkg_rec>
			<start>16984108671</start>
			<end>16999236011</end>
		</udp_pkg_rec>
		<udp_pkg_snt>
			<start>16917870918</start>
			<end>16929507381</end>
		</udp_pkg_snt>
		<udp_rec_err>
			<start>288397340</start>
			<end>289329008</end>
		</udp_rec_err>
		<udp_rec_buf_err>
			<start>288397340</start>
			<end>289329008</end>
		</udp_rec_buf_err>
		<udp_snt_buf_err>
			<start>28</start>
			<end>28</end>
		</udp_snt_buf_err>
	</netstat_statistic>
</test_results>
