<?xml version="1.0"?>
<test_results>
	<status>STATUS_SUCCESS</status>
	<custom>
		<num_loss>50</num_loss>
		<num_total>13000001</num_total>
		<num_misses>0</num_misses>
		<elapsed_time>4549.995672</elapsed_time>
		<query />
	</custom>
	<ethtool_statistic>
		<rx_packets>
			<start>5115407764</start>
			<end>5461646294</end>
		</rx_packets>
		<tx_packets>
			<start>8378517849</start>
			<end>8940032451</end>
		</tx_packets>
		<rx_dropped>
			<start>0</start>
			<end>0</end>
		</rx_dropped>
		<tx_dropped>
			<start>0</start>
			<end>0</end>
		</tx_dropped>
		<collisions>
			<start>0</start>
			<end>0</end>
		</collisions>
		<port_tx_errors>
			<start>0</start>
			<end>0</end>
		</port_tx_errors>
		<port_rx_dropped>
			<start>0</start>
			<end>0</end>
		</port_rx_dropped>
		<port_tx_dropped_link_down>
			<start>0</start>
			<end>0</end>
		</port_tx_dropped_link_down>
	</ethtool_statistic>
	<ip_statistic>
		<mtu>
			<start>9000</start>
			<end>9000</end>
		</mtu>
		<rx_bytes>
			<start>20946959720479</start>
			<end>22417318487791</end>
		</rx_bytes>
		<rx_packets>
			<start>5115407807</start>
			<end>5461646546</end>
		</rx_packets>
		<rx_errors>
			<start>0</start>
			<end>0</end>
		</rx_errors>
		<rx_dropped>
			<start>0</start>
			<end>0</end>
		</rx_dropped>
		<rx_missed>
			<start>0</start>
			<end>0</end>
		</rx_missed>
		<rx_mcast>
			<start>2453</start>
			<end>2506</end>
		</rx_mcast>
		<tx_bytes>
			<start>26088731603521</start>
			<end>28096302598903</end>
		</tx_bytes>
		<tx_packets>
			<start>8378518114</start>
			<end>8940032599</end>
		</tx_packets>
		<tx_errors>
			<start>0</start>
			<end>0</end>
		</tx_errors>
		<tx_dropped>
			<start>0</start>
			<end>0</end>
		</tx_dropped>
		<tx_carrier>
			<start>0</start>
			<end>0</end>
		</tx_carrier>
		<tx_collisions>
			<start>0</start>
			<end>0</end>
		</tx_collisions>
	</ip_statistic>
	<netstat_statistic>
		<udp_pkg_rec>
			<start>4332053560</start>
			<end>4641481619</end>
		</udp_pkg_rec>
		<udp_pkg_snt>
			<start>7903110547</start>
			<end>8373648672</end>
		</udp_pkg_snt>
		<udp_rec_err>
			<start>784126830</start>
			<end>820960749</end>
		</udp_rec_err>
		<udp_rec_buf_err>
			<start>784126830</start>
			<end>820960749</end>
		</udp_rec_buf_err>
		<udp_snt_buf_err>
			<start>0</start>
			<end>0</end>
		</udp_snt_buf_err>
	</netstat_statistic>
</test_results>
