<?xml version="1.0"?>
<test_results>
	<status>STATUS_SUCCESS</status>
	<custom>
		<num_loss>11</num_loss>
		<num_total>102844678</num_total>
		<num_misses>1099</num_misses>
		<elapsed_time>7199.197253</elapsed_time>
		<query />
	</custom>
	<ethtool_statistic>
		<rx_packets>
			<start>1950486018</start>
			<end>2529247613</end>
		</rx_packets>
		<tx_packets>
			<start>3614511376</start>
			<end>4440045565</end>
		</tx_packets>
		<rx_dropped>
			<start>0</start>
			<end>0</end>
		</rx_dropped>
		<tx_dropped>
			<start>0</start>
			<end>0</end>
		</tx_dropped>
		<collisions>
			<start>0</start>
			<end>0</end>
		</collisions>
		<port_tx_errors>
			<start>0</start>
			<end>0</end>
		</port_tx_errors>
		<port_rx_dropped>
			<start>0</start>
			<end>0</end>
		</port_rx_dropped>
		<port_tx_dropped_link_down>
			<start>0</start>
			<end>0</end>
		</port_tx_dropped_link_down>
	</ethtool_statistic>
	<ip_statistic>
		<mtu>
			<start>9000</start>
			<end>9000</end>
		</mtu>
		<rx_bytes>
			<start>7983760353467</start>
			<end>10355692312095</end>
		</rx_bytes>
		<rx_packets>
			<start>1950486073</start>
			<end>2529247869</end>
		</rx_packets>
		<rx_errors>
			<start>0</start>
			<end>0</end>
		</rx_errors>
		<rx_dropped>
			<start>0</start>
			<end>0</end>
		</rx_dropped>
		<rx_missed>
			<start>0</start>
			<end>0</end>
		</rx_missed>
		<rx_mcast>
			<start>1865</start>
			<end>1998</end>
		</rx_mcast>
		<tx_bytes>
			<start>9205026530819</start>
			<end>11956256865071</end>
		</tx_bytes>
		<tx_packets>
			<start>3614511519</start>
			<end>4440046073</end>
		</tx_packets>
		<tx_errors>
			<start>0</start>
			<end>0</end>
		</tx_errors>
		<tx_dropped>
			<start>0</start>
			<end>0</end>
		</tx_dropped>
		<tx_carrier>
			<start>0</start>
			<end>0</end>
		</tx_carrier>
		<tx_collisions>
			<start>0</start>
			<end>0</end>
		</tx_collisions>
	</ip_statistic>
	<netstat_statistic>
		<udp_pkg_rec>
			<start>1612883750</start>
			<end>2107339066</end>
		</udp_pkg_rec>
		<udp_pkg_snt>
			<start>3614898504</start>
			<end>4440470970</end>
		</udp_pkg_snt>
		<udp_rec_err>
			<start>338173387</start>
			<end>422517066</end>
		</udp_rec_err>
		<udp_rec_buf_err>
			<start>338173387</start>
			<end>422517066</end>
		</udp_rec_buf_err>
		<udp_snt_buf_err>
			<start>0</start>
			<end>0</end>
		</udp_snt_buf_err>
	</netstat_statistic>
</test_results>
