<?xml version="1.0"?>
<test_results>
	<status>STATUS_SUCCESS</status>
	<custom>
		<num_loss>4984358</num_loss>
		<num_total>5000001</num_total>
		<num_misses>253364</num_misses>
		<elapsed_time>315.199251</elapsed_time>
		<query>
			<report>
				<misses>100000</misses>
				<total>98723</total>
				<timestamp>6.281276</timestamp>
			</report>
			<report>
				<misses>200000</misses>
				<total>198722</total>
				<timestamp>12.561146</timestamp>
			</report>
			<report>
				<misses>300000</misses>
				<total>298721</total>
				<timestamp>18.851434</timestamp>
			</report>
			<report>
				<misses>400000</misses>
				<total>398720</total>
				<timestamp>25.133362</timestamp>
			</report>
			<report>
				<misses>500000</misses>
				<total>498116</total>
				<timestamp>31.438127</timestamp>
			</report>
			<report>
				<misses>600000</misses>
				<total>598115</total>
				<timestamp>37.728417</timestamp>
			</report>
			<report>
				<misses>700000</misses>
				<total>698114</total>
				<timestamp>44.026174</timestamp>
			</report>
			<report>
				<misses>800000</misses>
				<total>798113</total>
				<timestamp>50.329808</timestamp>
			</report>
			<report>
				<misses>900000</misses>
				<total>897734</total>
				<timestamp>56.674356</timestamp>
			</report>
			<report>
				<misses>1000000</misses>
				<total>997733</total>
				<timestamp>62.993407</timestamp>
			</report>
			<report>
				<misses>1100000</misses>
				<total>1097732</total>
				<timestamp>69.309980</timestamp>
			</report>
			<report>
				<misses>1200000</misses>
				<total>1197731</total>
				<timestamp>75.604172</timestamp>
			</report>
			<report>
				<misses>1300000</misses>
				<total>1297211</total>
				<timestamp>81.897417</timestamp>
			</report>
			<report>
				<misses>1400000</misses>
				<total>1397210</total>
				<timestamp>88.198358</timestamp>
			</report>
			<report>
				<misses>1500000</misses>
				<total>1497209</total>
				<timestamp>94.523420</timestamp>
			</report>
			<report>
				<misses>1600000</misses>
				<total>1597208</total>
				<timestamp>100.848580</timestamp>
			</report>
			<report>
				<misses>1700000</misses>
				<total>1697207</total>
				<timestamp>107.148862</timestamp>
			</report>
			<report>
				<misses>1800000</misses>
				<total>1796544</total>
				<timestamp>113.455965</timestamp>
			</report>
			<report>
				<misses>1900000</misses>
				<total>1896543</total>
				<timestamp>119.760832</timestamp>
			</report>
			<report>
				<misses>2000000</misses>
				<total>1996542</total>
				<timestamp>126.062619</timestamp>
			</report>
			<report>
				<misses>2100000</misses>
				<total>2096541</total>
				<timestamp>132.359046</timestamp>
			</report>
			<report>
				<misses>2200000</misses>
				<total>2195242</total>
				<timestamp>138.678985</timestamp>
			</report>
			<report>
				<misses>2300000</misses>
				<total>2295241</total>
				<timestamp>144.978078</timestamp>
			</report>
			<report>
				<misses>2400000</misses>
				<total>2395240</total>
				<timestamp>151.300421</timestamp>
			</report>
			<report>
				<misses>2500000</misses>
				<total>2495239</total>
				<timestamp>157.608270</timestamp>
			</report>
			<report>
				<misses>2600000</misses>
				<total>2592951</total>
				<timestamp>163.889297</timestamp>
			</report>
			<report>
				<misses>2700000</misses>
				<total>2692950</total>
				<timestamp>170.171492</timestamp>
			</report>
			<report>
				<misses>2800000</misses>
				<total>2792949</total>
				<timestamp>176.455931</timestamp>
			</report>
			<report>
				<misses>2900000</misses>
				<total>2892948</total>
				<timestamp>182.750318</timestamp>
			</report>
			<report>
				<misses>3000000</misses>
				<total>2992947</total>
				<timestamp>189.033972</timestamp>
			</report>
			<report>
				<misses>3100000</misses>
				<total>3092070</total>
				<timestamp>195.328117</timestamp>
			</report>
			<report>
				<misses>3200000</misses>
				<total>3192069</total>
				<timestamp>201.670771</timestamp>
			</report>
			<report>
				<misses>3300000</misses>
				<total>3292068</total>
				<timestamp>207.949876</timestamp>
			</report>
			<report>
				<misses>3400000</misses>
				<total>3392067</total>
				<timestamp>214.251699</timestamp>
			</report>
			<report>
				<misses>3500000</misses>
				<total>3488436</total>
				<timestamp>220.575720</timestamp>
			</report>
			<report>
				<misses>3600000</misses>
				<total>3588435</total>
				<timestamp>226.866057</timestamp>
			</report>
			<report>
				<misses>3700000</misses>
				<total>3688434</total>
				<timestamp>233.191816</timestamp>
			</report>
			<report>
				<misses>3800000</misses>
				<total>3788433</total>
				<timestamp>239.477846</timestamp>
			</report>
			<report>
				<misses>3900000</misses>
				<total>3887175</total>
				<timestamp>245.780828</timestamp>
			</report>
			<report>
				<misses>4000000</misses>
				<total>3987174</total>
				<timestamp>252.069917</timestamp>
			</report>
			<report>
				<misses>4100000</misses>
				<total>4087173</total>
				<timestamp>258.372699</timestamp>
			</report>
			<report>
				<misses>4200000</misses>
				<total>4187172</total>
				<timestamp>264.705017</timestamp>
			</report>
			<report>
				<misses>4300000</misses>
				<total>4287171</total>
				<timestamp>271.037178</timestamp>
			</report>
			<report>
				<misses>4400000</misses>
				<total>4386779</total>
				<timestamp>277.332717</timestamp>
			</report>
			<report>
				<misses>4500000</misses>
				<total>4486778</total>
				<timestamp>283.642684</timestamp>
			</report>
			<report>
				<misses>4600000</misses>
				<total>4586777</total>
				<timestamp>289.938336</timestamp>
			</report>
			<report>
				<misses>4700000</misses>
				<total>4686776</total>
				<timestamp>296.258667</timestamp>
			</report>
			<report>
				<misses>4800000</misses>
				<total>4784360</total>
				<timestamp>302.565046</timestamp>
			</report>
			<report>
				<misses>4900000</misses>
				<total>4884359</total>
				<timestamp>308.905200</timestamp>
			</report>
			<report>
				<misses>5000000</misses>
				<total>4984358</total>
				<timestamp>315.199225</timestamp>
			</report>
		</query>
	</custom>
	<ethtool_statistic>
		<rx_packets>
			<start>3485590753</start>
			<end>3500497077</end>
		</rx_packets>
		<tx_packets>
			<start>3663385905</start>
			<end>3712336385</end>
		</tx_packets>
		<rx_dropped>
			<start>0</start>
			<end>0</end>
		</rx_dropped>
		<tx_dropped>
			<start>0</start>
			<end>0</end>
		</tx_dropped>
		<collisions>
			<start>0</start>
			<end>0</end>
		</collisions>
		<port_tx_errors>
			<start>0</start>
			<end>0</end>
		</port_tx_errors>
		<port_rx_dropped>
			<start>0</start>
			<end>0</end>
		</port_rx_dropped>
		<port_tx_dropped_link_down>
			<start>0</start>
			<end>0</end>
		</port_tx_dropped_link_down>
	</ethtool_statistic>
	<ip_statistic>
		<mtu>
			<start>9000</start>
			<end>9000</end>
		</mtu>
		<rx_bytes>
			<start>31334298010107</start>
			<end>31468280553381</end>
		</rx_bytes>
		<rx_packets>
			<start>3485590836</start>
			<end>3500497161</end>
		</rx_packets>
		<rx_errors>
			<start>0</start>
			<end>0</end>
		</rx_errors>
		<rx_dropped>
			<start>0</start>
			<end>0</end>
		</rx_dropped>
		<rx_missed>
			<start>0</start>
			<end>0</end>
		</rx_missed>
		<rx_mcast>
			<start>757</start>
			<end>758</end>
		</rx_mcast>
		<tx_bytes>
			<start>21031832003356</start>
			<end>21438636969117</end>
		</tx_bytes>
		<tx_packets>
			<start>3663385954</start>
			<end>3712336429</end>
		</tx_packets>
		<tx_errors>
			<start>0</start>
			<end>0</end>
		</tx_errors>
		<tx_dropped>
			<start>0</start>
			<end>0</end>
		</tx_dropped>
		<tx_carrier>
			<start>0</start>
			<end>0</end>
		</tx_carrier>
		<tx_collisions>
			<start>0</start>
			<end>0</end>
		</tx_collisions>
	</ip_statistic>
	<netstat_statistic>
		<udp_pkg_rec>
			<start>3290813841</start>
			<end>3304816489</end>
		</udp_pkg_rec>
		<udp_pkg_snt>
			<start>3646893475</start>
			<end>3660839778</end>
		</udp_pkg_snt>
		<udp_rec_err>
			<start>195080957</start>
			<end>195983806</end>
		</udp_rec_err>
		<udp_rec_buf_err>
			<start>195080957</start>
			<end>195983806</end>
		</udp_rec_buf_err>
		<udp_snt_buf_err>
			<start>0</start>
			<end>0</end>
		</udp_snt_buf_err>
	</netstat_statistic>
</test_results>
