<?xml version="1.0"?>
<test_results>
	<status>STATUS_SUCCESS</status>
	<custom>
		<num_loss>94</num_loss>
		<num_total>5000001</num_total>
		<num_misses>41</num_misses>
		<elapsed_time>349.999494</elapsed_time>
		<query>
			<report>
				<misses>100000</misses>
				<total>0</total>
				<timestamp>7.000093</timestamp>
			</report>
			<report>
				<misses>200000</misses>
				<total>2</total>
				<timestamp>14.000027</timestamp>
			</report>
			<report>
				<misses>300000</misses>
				<total>4</total>
				<timestamp>20.999965</timestamp>
			</report>
			<report>
				<misses>400000</misses>
				<total>7</total>
				<timestamp>27.999921</timestamp>
			</report>
			<report>
				<misses>500000</misses>
				<total>10</total>
				<timestamp>34.999805</timestamp>
			</report>
			<report>
				<misses>600000</misses>
				<total>13</total>
				<timestamp>41.999745</timestamp>
			</report>
			<report>
				<misses>700000</misses>
				<total>13</total>
				<timestamp>48.999703</timestamp>
			</report>
			<report>
				<misses>800000</misses>
				<total>13</total>
				<timestamp>55.999621</timestamp>
			</report>
			<report>
				<misses>900000</misses>
				<total>14</total>
				<timestamp>62.999550</timestamp>
			</report>
			<report>
				<misses>1000000</misses>
				<total>15</total>
				<timestamp>69.999605</timestamp>
			</report>
			<report>
				<misses>1100000</misses>
				<total>16</total>
				<timestamp>76.999585</timestamp>
			</report>
			<report>
				<misses>1200000</misses>
				<total>17</total>
				<timestamp>83.999571</timestamp>
			</report>
			<report>
				<misses>1300000</misses>
				<total>17</total>
				<timestamp>90.999581</timestamp>
			</report>
			<report>
				<misses>1400000</misses>
				<total>19</total>
				<timestamp>97.999540</timestamp>
			</report>
			<report>
				<misses>1500000</misses>
				<total>19</total>
				<timestamp>104.999604</timestamp>
			</report>
			<report>
				<misses>1600000</misses>
				<total>20</total>
				<timestamp>111.999672</timestamp>
			</report>
			<report>
				<misses>1700000</misses>
				<total>20</total>
				<timestamp>118.999603</timestamp>
			</report>
			<report>
				<misses>1800000</misses>
				<total>20</total>
				<timestamp>125.999623</timestamp>
			</report>
			<report>
				<misses>1900000</misses>
				<total>21</total>
				<timestamp>132.999548</timestamp>
			</report>
			<report>
				<misses>2000000</misses>
				<total>28</total>
				<timestamp>139.999529</timestamp>
			</report>
			<report>
				<misses>2100000</misses>
				<total>28</total>
				<timestamp>146.999473</timestamp>
			</report>
			<report>
				<misses>2200000</misses>
				<total>30</total>
				<timestamp>153.999705</timestamp>
			</report>
			<report>
				<misses>2300000</misses>
				<total>30</total>
				<timestamp>160.999678</timestamp>
			</report>
			<report>
				<misses>2400000</misses>
				<total>32</total>
				<timestamp>168.000170</timestamp>
			</report>
			<report>
				<misses>2500000</misses>
				<total>37</total>
				<timestamp>175.000105</timestamp>
			</report>
			<report>
				<misses>2600000</misses>
				<total>40</total>
				<timestamp>182.000181</timestamp>
			</report>
			<report>
				<misses>2700000</misses>
				<total>46</total>
				<timestamp>189.000114</timestamp>
			</report>
			<report>
				<misses>2800000</misses>
				<total>46</total>
				<timestamp>196.000027</timestamp>
			</report>
			<report>
				<misses>2900000</misses>
				<total>52</total>
				<timestamp>203.000107</timestamp>
			</report>
			<report>
				<misses>3000000</misses>
				<total>55</total>
				<timestamp>210.000024</timestamp>
			</report>
			<report>
				<misses>3100000</misses>
				<total>55</total>
				<timestamp>216.999952</timestamp>
			</report>
			<report>
				<misses>3200000</misses>
				<total>60</total>
				<timestamp>224.000103</timestamp>
			</report>
			<report>
				<misses>3300000</misses>
				<total>60</total>
				<timestamp>231.000185</timestamp>
			</report>
			<report>
				<misses>3400000</misses>
				<total>61</total>
				<timestamp>238.000112</timestamp>
			</report>
			<report>
				<misses>3500000</misses>
				<total>61</total>
				<timestamp>245.000050</timestamp>
			</report>
			<report>
				<misses>3600000</misses>
				<total>62</total>
				<timestamp>251.999957</timestamp>
			</report>
			<report>
				<misses>3700000</misses>
				<total>65</total>
				<timestamp>258.999959</timestamp>
			</report>
			<report>
				<misses>3800000</misses>
				<total>65</total>
				<timestamp>265.999950</timestamp>
			</report>
			<report>
				<misses>3900000</misses>
				<total>70</total>
				<timestamp>272.999918</timestamp>
			</report>
			<report>
				<misses>4000000</misses>
				<total>71</total>
				<timestamp>279.999809</timestamp>
			</report>
			<report>
				<misses>4100000</misses>
				<total>75</total>
				<timestamp>286.999746</timestamp>
			</report>
			<report>
				<misses>4200000</misses>
				<total>77</total>
				<timestamp>293.999684</timestamp>
			</report>
			<report>
				<misses>4300000</misses>
				<total>77</total>
				<timestamp>300.999624</timestamp>
			</report>
			<report>
				<misses>4400000</misses>
				<total>79</total>
				<timestamp>307.999559</timestamp>
			</report>
			<report>
				<misses>4500000</misses>
				<total>85</total>
				<timestamp>314.999604</timestamp>
			</report>
			<report>
				<misses>4600000</misses>
				<total>85</total>
				<timestamp>321.999545</timestamp>
			</report>
			<report>
				<misses>4700000</misses>
				<total>87</total>
				<timestamp>328.999612</timestamp>
			</report>
			<report>
				<misses>4800000</misses>
				<total>93</total>
				<timestamp>335.999593</timestamp>
			</report>
			<report>
				<misses>4900000</misses>
				<total>93</total>
				<timestamp>342.999566</timestamp>
			</report>
			<report>
				<misses>5000000</misses>
				<total>94</total>
				<timestamp>349.999469</timestamp>
			</report>
		</query>
	</custom>
	<ethtool_statistic>
		<rx_packets>
			<start>2721383141</start>
			<end>2737903839</end>
		</rx_packets>
		<tx_packets>
			<start>3081033744</start>
			<end>3095949673</end>
		</tx_packets>
		<rx_dropped>
			<start>0</start>
			<end>0</end>
		</rx_dropped>
		<tx_dropped>
			<start>0</start>
			<end>0</end>
		</tx_dropped>
		<collisions>
			<start>0</start>
			<end>0</end>
		</collisions>
		<port_tx_errors>
			<start>0</start>
			<end>0</end>
		</port_tx_errors>
		<port_rx_dropped>
			<start>0</start>
			<end>0</end>
		</port_rx_dropped>
		<port_tx_dropped_link_down>
			<start>0</start>
			<end>0</end>
		</port_tx_dropped_link_down>
	</ethtool_statistic>
	<ip_statistic>
		<mtu>
			<start>9000</start>
			<end>9000</end>
		</mtu>
		<rx_bytes>
			<start>24464289218603</start>
			<end>24612808242231</end>
		</rx_bytes>
		<rx_packets>
			<start>2721383225</start>
			<end>2737903927</end>
		</rx_packets>
		<rx_errors>
			<start>0</start>
			<end>0</end>
		</rx_errors>
		<rx_dropped>
			<start>0</start>
			<end>0</end>
		</rx_dropped>
		<rx_missed>
			<start>0</start>
			<end>0</end>
		</rx_missed>
		<rx_mcast>
			<start>520</start>
			<end>527</end>
		</rx_mcast>
		<tx_bytes>
			<start>15817959279098</start>
			<end>15951811812440</end>
		</tx_bytes>
		<tx_packets>
			<start>3081033793</start>
			<end>3095949730</end>
		</tx_packets>
		<tx_errors>
			<start>0</start>
			<end>0</end>
		</tx_errors>
		<tx_dropped>
			<start>0</start>
			<end>0</end>
		</tx_dropped>
		<tx_carrier>
			<start>0</start>
			<end>0</end>
		</tx_carrier>
		<tx_collisions>
			<start>0</start>
			<end>0</end>
		</tx_collisions>
	</ip_statistic>
	<netstat_statistic>
		<udp_pkg_rec>
			<start>2564366632</start>
			<end>2580146680</end>
		</udp_pkg_rec>
		<udp_pkg_snt>
			<start>3081271679</start>
			<end>3096190275</end>
		</udp_pkg_snt>
		<udp_rec_err>
			<start>157251670</start>
			<end>157994070</end>
		</udp_rec_err>
		<udp_rec_buf_err>
			<start>157251670</start>
			<end>157994070</end>
		</udp_rec_buf_err>
		<udp_snt_buf_err>
			<start>0</start>
			<end>0</end>
		</udp_snt_buf_err>
	</netstat_statistic>
</test_results>
