<?xml version="1.0"?>
<test_results>
	<status>STATUS_SUCCESS</status>
	<custom>
		<num_loss>0</num_loss>
		<num_total>850283849</num_total>
		<num_misses>2029603381</num_misses>
		<elapsed_time>7199.715951</elapsed_time>
		<query />
	</custom>
	<ethtool_statistic>
		<rx_packets>
			<start>16374159</start>
			<end>597983539</end>
		</rx_packets>
		<tx_packets>
			<start>26746230</start>
			<end>1600358465</end>
		</tx_packets>
		<rx_dropped>
			<start>0</start>
			<end>0</end>
		</rx_dropped>
		<tx_dropped>
			<start>0</start>
			<end>0</end>
		</tx_dropped>
		<collisions>
			<start>0</start>
			<end>0</end>
		</collisions>
		<port_tx_errors>
			<start>0</start>
			<end>0</end>
		</port_tx_errors>
		<port_rx_dropped>
			<start>0</start>
			<end>0</end>
		</port_rx_dropped>
		<port_tx_dropped_link_down>
			<start>0</start>
			<end>0</end>
		</port_tx_dropped_link_down>
	</ethtool_statistic>
	<ip_statistic>
		<mtu>
			<start>9000</start>
			<end>9000</end>
		</mtu>
		<rx_bytes>
			<start>66774310411</start>
			<end>2443056051365</end>
		</rx_bytes>
		<rx_packets>
			<start>16374264</start>
			<end>597983681</end>
		</rx_packets>
		<rx_errors>
			<start>0</start>
			<end>0</end>
		</rx_errors>
		<rx_dropped>
			<start>0</start>
			<end>0</end>
		</rx_dropped>
		<rx_missed>
			<start>0</start>
			<end>0</end>
		</rx_missed>
		<rx_mcast>
			<start>1414</start>
			<end>1553</end>
		</rx_mcast>
		<tx_bytes>
			<start>68109103165</start>
			<end>2004451743748</end>
		</tx_bytes>
		<tx_packets>
			<start>26746264</start>
			<end>1600358490</end>
		</tx_packets>
		<tx_errors>
			<start>0</start>
			<end>0</end>
		</tx_errors>
		<tx_dropped>
			<start>0</start>
			<end>0</end>
		</tx_dropped>
		<tx_carrier>
			<start>0</start>
			<end>0</end>
		</tx_carrier>
		<tx_collisions>
			<start>0</start>
			<end>0</end>
		</tx_collisions>
	</ip_statistic>
	<netstat_statistic>
		<udp_pkg_rec>
			<start>15184737</start>
			<end>457071126</end>
		</udp_pkg_rec>
		<udp_pkg_snt>
			<start>27014398</start>
			<end>1600660374</end>
		</udp_pkg_snt>
		<udp_rec_err>
			<start>1640054</start>
			<end>141398188</end>
		</udp_rec_err>
		<udp_rec_buf_err>
			<start>1640054</start>
			<end>141398188</end>
		</udp_rec_buf_err>
		<udp_snt_buf_err>
			<start>0</start>
			<end>0</end>
		</udp_snt_buf_err>
	</netstat_statistic>
</test_results>
