<?xml version="1.0"?>
<test_results>
	<status>STATUS_SUCCESS</status>
	<custom>
		<num_loss>178</num_loss>
		<num_total>5000001</num_total>
		<num_misses>256</num_misses>
		<elapsed_time>250.010415</elapsed_time>
		<query>
			<report>
				<misses>100000</misses>
				<total>0</total>
				<timestamp>5.000115</timestamp>
			</report>
			<report>
				<misses>200000</misses>
				<total>5</total>
				<timestamp>10.000114</timestamp>
			</report>
			<report>
				<misses>300000</misses>
				<total>15</total>
				<timestamp>15.000172</timestamp>
			</report>
			<report>
				<misses>400000</misses>
				<total>23</total>
				<timestamp>20.000185</timestamp>
			</report>
			<report>
				<misses>500000</misses>
				<total>26</total>
				<timestamp>25.000195</timestamp>
			</report>
			<report>
				<misses>600000</misses>
				<total>33</total>
				<timestamp>30.000210</timestamp>
			</report>
			<report>
				<misses>700000</misses>
				<total>33</total>
				<timestamp>35.000195</timestamp>
			</report>
			<report>
				<misses>800000</misses>
				<total>33</total>
				<timestamp>40.000234</timestamp>
			</report>
			<report>
				<misses>900000</misses>
				<total>35</total>
				<timestamp>45.000764</timestamp>
			</report>
			<report>
				<misses>1000000</misses>
				<total>36</total>
				<timestamp>50.001196</timestamp>
			</report>
			<report>
				<misses>1100000</misses>
				<total>42</total>
				<timestamp>55.001500</timestamp>
			</report>
			<report>
				<misses>1200000</misses>
				<total>44</total>
				<timestamp>60.001700</timestamp>
			</report>
			<report>
				<misses>1300000</misses>
				<total>51</total>
				<timestamp>65.001747</timestamp>
			</report>
			<report>
				<misses>1400000</misses>
				<total>59</total>
				<timestamp>70.001782</timestamp>
			</report>
			<report>
				<misses>1500000</misses>
				<total>59</total>
				<timestamp>75.002242</timestamp>
			</report>
			<report>
				<misses>1600000</misses>
				<total>62</total>
				<timestamp>80.002595</timestamp>
			</report>
			<report>
				<misses>1700000</misses>
				<total>63</total>
				<timestamp>85.003125</timestamp>
			</report>
			<report>
				<misses>1800000</misses>
				<total>67</total>
				<timestamp>90.003237</timestamp>
			</report>
			<report>
				<misses>1900000</misses>
				<total>70</total>
				<timestamp>95.003270</timestamp>
			</report>
			<report>
				<misses>2000000</misses>
				<total>70</total>
				<timestamp>100.003729</timestamp>
			</report>
			<report>
				<misses>2100000</misses>
				<total>84</total>
				<timestamp>105.003872</timestamp>
			</report>
			<report>
				<misses>2200000</misses>
				<total>86</total>
				<timestamp>110.003886</timestamp>
			</report>
			<report>
				<misses>2300000</misses>
				<total>91</total>
				<timestamp>115.004275</timestamp>
			</report>
			<report>
				<misses>2400000</misses>
				<total>91</total>
				<timestamp>120.004380</timestamp>
			</report>
			<report>
				<misses>2500000</misses>
				<total>93</total>
				<timestamp>125.004725</timestamp>
			</report>
			<report>
				<misses>2600000</misses>
				<total>102</total>
				<timestamp>130.004853</timestamp>
			</report>
			<report>
				<misses>2700000</misses>
				<total>107</total>
				<timestamp>135.005050</timestamp>
			</report>
			<report>
				<misses>2800000</misses>
				<total>107</total>
				<timestamp>140.005332</timestamp>
			</report>
			<report>
				<misses>2900000</misses>
				<total>107</total>
				<timestamp>145.005360</timestamp>
			</report>
			<report>
				<misses>3000000</misses>
				<total>115</total>
				<timestamp>150.005386</timestamp>
			</report>
			<report>
				<misses>3100000</misses>
				<total>120</total>
				<timestamp>155.005418</timestamp>
			</report>
			<report>
				<misses>3200000</misses>
				<total>120</total>
				<timestamp>160.005760</timestamp>
			</report>
			<report>
				<misses>3300000</misses>
				<total>120</total>
				<timestamp>165.005815</timestamp>
			</report>
			<report>
				<misses>3400000</misses>
				<total>126</total>
				<timestamp>170.006444</timestamp>
			</report>
			<report>
				<misses>3500000</misses>
				<total>139</total>
				<timestamp>175.006801</timestamp>
			</report>
			<report>
				<misses>3600000</misses>
				<total>139</total>
				<timestamp>180.006918</timestamp>
			</report>
			<report>
				<misses>3700000</misses>
				<total>147</total>
				<timestamp>185.007128</timestamp>
			</report>
			<report>
				<misses>3800000</misses>
				<total>149</total>
				<timestamp>190.007108</timestamp>
			</report>
			<report>
				<misses>3900000</misses>
				<total>155</total>
				<timestamp>195.007618</timestamp>
			</report>
			<report>
				<misses>4000000</misses>
				<total>162</total>
				<timestamp>200.007760</timestamp>
			</report>
			<report>
				<misses>4100000</misses>
				<total>162</total>
				<timestamp>205.008202</timestamp>
			</report>
			<report>
				<misses>4200000</misses>
				<total>165</total>
				<timestamp>210.008414</timestamp>
			</report>
			<report>
				<misses>4300000</misses>
				<total>167</total>
				<timestamp>215.008412</timestamp>
			</report>
			<report>
				<misses>4400000</misses>
				<total>167</total>
				<timestamp>220.008699</timestamp>
			</report>
			<report>
				<misses>4500000</misses>
				<total>170</total>
				<timestamp>225.009098</timestamp>
			</report>
			<report>
				<misses>4600000</misses>
				<total>170</total>
				<timestamp>230.009198</timestamp>
			</report>
			<report>
				<misses>4700000</misses>
				<total>171</total>
				<timestamp>235.009287</timestamp>
			</report>
			<report>
				<misses>4800000</misses>
				<total>171</total>
				<timestamp>240.009297</timestamp>
			</report>
			<report>
				<misses>4900000</misses>
				<total>176</total>
				<timestamp>245.009683</timestamp>
			</report>
			<report>
				<misses>5000000</misses>
				<total>178</total>
				<timestamp>250.010392</timestamp>
			</report>
		</query>
	</custom>
	<ethtool_statistic>
		<rx_packets>
			<start>2694566381</start>
			<end>2706432437</end>
		</rx_packets>
		<tx_packets>
			<start>3054939165</start>
			<end>3067061437</end>
		</tx_packets>
		<rx_dropped>
			<start>0</start>
			<end>0</end>
		</rx_dropped>
		<tx_dropped>
			<start>0</start>
			<end>0</end>
		</tx_dropped>
		<collisions>
			<start>0</start>
			<end>0</end>
		</collisions>
		<port_tx_errors>
			<start>0</start>
			<end>0</end>
		</port_tx_errors>
		<port_rx_dropped>
			<start>0</start>
			<end>0</end>
		</port_rx_dropped>
		<port_tx_dropped_link_down>
			<start>0</start>
			<end>0</end>
		</port_tx_dropped_link_down>
	</ethtool_statistic>
	<ip_statistic>
		<mtu>
			<start>9000</start>
			<end>9000</end>
		</mtu>
		<rx_bytes>
			<start>24223209681272</start>
			<end>24329884282336</end>
		</rx_bytes>
		<rx_packets>
			<start>2694566424</start>
			<end>2706432521</end>
		</rx_packets>
		<rx_errors>
			<start>0</start>
			<end>0</end>
		</rx_errors>
		<rx_dropped>
			<start>0</start>
			<end>0</end>
		</rx_dropped>
		<rx_missed>
			<start>0</start>
			<end>0</end>
		</rx_missed>
		<rx_mcast>
			<start>512</start>
			<end>513</end>
		</rx_mcast>
		<tx_bytes>
			<start>15583851948912</start>
			<end>15692589881166</end>
		</tx_bytes>
		<tx_packets>
			<start>3054939210</start>
			<end>3067061493</end>
		</tx_packets>
		<tx_errors>
			<start>0</start>
			<end>0</end>
		</tx_errors>
		<tx_dropped>
			<start>0</start>
			<end>0</end>
		</tx_dropped>
		<tx_carrier>
			<start>0</start>
			<end>0</end>
		</tx_carrier>
		<tx_collisions>
			<start>0</start>
			<end>0</end>
		</tx_collisions>
	</ip_statistic>
	<netstat_statistic>
		<udp_pkg_rec>
			<start>2539161807</start>
			<end>2550346324</end>
		</udp_pkg_rec>
		<udp_pkg_snt>
			<start>3055172634</start>
			<end>3067296923</end>
		</udp_pkg_snt>
		<udp_rec_err>
			<start>155636711</start>
			<end>156319660</end>
		</udp_rec_err>
		<udp_rec_buf_err>
			<start>155636711</start>
			<end>156319660</end>
		</udp_rec_buf_err>
		<udp_snt_buf_err>
			<start>0</start>
			<end>0</end>
		</udp_snt_buf_err>
	</netstat_statistic>
</test_results>
