<?xml version="1.0"?>
<test_results>
	<status>STATUS_SUCCESS</status>
	<custom>
		<num_loss>343</num_loss>
		<num_total>23354210</num_total>
		<num_misses>96630026</num_misses>
		<elapsed_time>299.960010</elapsed_time>
		<query>
			<report>
				<misses>100001</misses>
				<total>0</total>
				<timestamp>0.961262</timestamp>
			</report>
			<report>
				<misses>200001</misses>
				<total>0</total>
				<timestamp>2.041948</timestamp>
			</report>
			<report>
				<misses>300001</misses>
				<total>0</total>
				<timestamp>3.275577</timestamp>
			</report>
			<report>
				<misses>400001</misses>
				<total>0</total>
				<timestamp>4.519259</timestamp>
			</report>
			<report>
				<misses>500001</misses>
				<total>0</total>
				<timestamp>5.767796</timestamp>
			</report>
			<report>
				<misses>600001</misses>
				<total>0</total>
				<timestamp>7.021136</timestamp>
			</report>
			<report>
				<misses>700001</misses>
				<total>0</total>
				<timestamp>8.289453</timestamp>
			</report>
			<report>
				<misses>800001</misses>
				<total>0</total>
				<timestamp>9.603361</timestamp>
			</report>
			<report>
				<misses>900001</misses>
				<total>0</total>
				<timestamp>10.927925</timestamp>
			</report>
			<report>
				<misses>1000001</misses>
				<total>0</total>
				<timestamp>12.255966</timestamp>
			</report>
			<report>
				<misses>1100001</misses>
				<total>67</total>
				<timestamp>13.573308</timestamp>
			</report>
			<report>
				<misses>1200001</misses>
				<total>67</total>
				<timestamp>14.866057</timestamp>
			</report>
			<report>
				<misses>1300001</misses>
				<total>67</total>
				<timestamp>16.182897</timestamp>
			</report>
			<report>
				<misses>1400001</misses>
				<total>67</total>
				<timestamp>17.482451</timestamp>
			</report>
			<report>
				<misses>1500001</misses>
				<total>67</total>
				<timestamp>18.788093</timestamp>
			</report>
			<report>
				<misses>1600001</misses>
				<total>67</total>
				<timestamp>20.105980</timestamp>
			</report>
			<report>
				<misses>1700001</misses>
				<total>67</total>
				<timestamp>21.435338</timestamp>
			</report>
			<report>
				<misses>1800001</misses>
				<total>67</total>
				<timestamp>22.766491</timestamp>
			</report>
			<report>
				<misses>1900001</misses>
				<total>67</total>
				<timestamp>24.082810</timestamp>
			</report>
			<report>
				<misses>2000001</misses>
				<total>67</total>
				<timestamp>25.413353</timestamp>
			</report>
			<report>
				<misses>2100001</misses>
				<total>67</total>
				<timestamp>26.732244</timestamp>
			</report>
			<report>
				<misses>2200001</misses>
				<total>67</total>
				<timestamp>28.038089</timestamp>
			</report>
			<report>
				<misses>2300001</misses>
				<total>67</total>
				<timestamp>29.346835</timestamp>
			</report>
			<report>
				<misses>2400001</misses>
				<total>67</total>
				<timestamp>30.651803</timestamp>
			</report>
			<report>
				<misses>2500001</misses>
				<total>67</total>
				<timestamp>31.977829</timestamp>
			</report>
			<report>
				<misses>2600001</misses>
				<total>67</total>
				<timestamp>33.287359</timestamp>
			</report>
			<report>
				<misses>2700001</misses>
				<total>67</total>
				<timestamp>34.596920</timestamp>
			</report>
			<report>
				<misses>2800001</misses>
				<total>67</total>
				<timestamp>35.883455</timestamp>
			</report>
			<report>
				<misses>2900001</misses>
				<total>67</total>
				<timestamp>37.183149</timestamp>
			</report>
			<report>
				<misses>3000001</misses>
				<total>67</total>
				<timestamp>38.507371</timestamp>
			</report>
			<report>
				<misses>3100001</misses>
				<total>67</total>
				<timestamp>39.781311</timestamp>
			</report>
			<report>
				<misses>3200001</misses>
				<total>67</total>
				<timestamp>41.065875</timestamp>
			</report>
			<report>
				<misses>3300001</misses>
				<total>67</total>
				<timestamp>42.360558</timestamp>
			</report>
			<report>
				<misses>3400001</misses>
				<total>67</total>
				<timestamp>43.649564</timestamp>
			</report>
			<report>
				<misses>3500001</misses>
				<total>67</total>
				<timestamp>44.947634</timestamp>
			</report>
			<report>
				<misses>3600001</misses>
				<total>67</total>
				<timestamp>46.229577</timestamp>
			</report>
			<report>
				<misses>3700001</misses>
				<total>67</total>
				<timestamp>47.517300</timestamp>
			</report>
			<report>
				<misses>3800001</misses>
				<total>67</total>
				<timestamp>48.812257</timestamp>
			</report>
			<report>
				<misses>3900001</misses>
				<total>67</total>
				<timestamp>50.091898</timestamp>
			</report>
			<report>
				<misses>4000001</misses>
				<total>67</total>
				<timestamp>51.373185</timestamp>
			</report>
			<report>
				<misses>4100001</misses>
				<total>67</total>
				<timestamp>52.656506</timestamp>
			</report>
			<report>
				<misses>4200001</misses>
				<total>67</total>
				<timestamp>53.929287</timestamp>
			</report>
			<report>
				<misses>4300001</misses>
				<total>67</total>
				<timestamp>55.198422</timestamp>
			</report>
			<report>
				<misses>4400001</misses>
				<total>67</total>
				<timestamp>56.472589</timestamp>
			</report>
			<report>
				<misses>4500001</misses>
				<total>67</total>
				<timestamp>57.753635</timestamp>
			</report>
			<report>
				<misses>4600001</misses>
				<total>67</total>
				<timestamp>59.036189</timestamp>
			</report>
			<report>
				<misses>4700001</misses>
				<total>67</total>
				<timestamp>60.318677</timestamp>
			</report>
			<report>
				<misses>4800001</misses>
				<total>67</total>
				<timestamp>61.603514</timestamp>
			</report>
			<report>
				<misses>4900001</misses>
				<total>67</total>
				<timestamp>62.872975</timestamp>
			</report>
			<report>
				<misses>5000001</misses>
				<total>67</total>
				<timestamp>64.137812</timestamp>
			</report>
			<report>
				<misses>5100001</misses>
				<total>67</total>
				<timestamp>65.415274</timestamp>
			</report>
			<report>
				<misses>5200001</misses>
				<total>67</total>
				<timestamp>66.684076</timestamp>
			</report>
			<report>
				<misses>5300001</misses>
				<total>67</total>
				<timestamp>67.977832</timestamp>
			</report>
			<report>
				<misses>5400001</misses>
				<total>67</total>
				<timestamp>69.253455</timestamp>
			</report>
			<report>
				<misses>5500001</misses>
				<total>67</total>
				<timestamp>70.529471</timestamp>
			</report>
			<report>
				<misses>5600001</misses>
				<total>67</total>
				<timestamp>71.815490</timestamp>
			</report>
			<report>
				<misses>5700001</misses>
				<total>67</total>
				<timestamp>73.081072</timestamp>
			</report>
			<report>
				<misses>5800001</misses>
				<total>98</total>
				<timestamp>74.356018</timestamp>
			</report>
			<report>
				<misses>5900001</misses>
				<total>98</total>
				<timestamp>75.631029</timestamp>
			</report>
			<report>
				<misses>6000001</misses>
				<total>98</total>
				<timestamp>76.906680</timestamp>
			</report>
			<report>
				<misses>6100001</misses>
				<total>98</total>
				<timestamp>78.180849</timestamp>
			</report>
			<report>
				<misses>6200001</misses>
				<total>98</total>
				<timestamp>79.462253</timestamp>
			</report>
			<report>
				<misses>6300001</misses>
				<total>98</total>
				<timestamp>80.736510</timestamp>
			</report>
			<report>
				<misses>6400001</misses>
				<total>98</total>
				<timestamp>82.018818</timestamp>
			</report>
			<report>
				<misses>6500001</misses>
				<total>98</total>
				<timestamp>83.296330</timestamp>
			</report>
			<report>
				<misses>6600001</misses>
				<total>98</total>
				<timestamp>84.579029</timestamp>
			</report>
			<report>
				<misses>6700001</misses>
				<total>98</total>
				<timestamp>85.871162</timestamp>
			</report>
			<report>
				<misses>6800001</misses>
				<total>98</total>
				<timestamp>87.145110</timestamp>
			</report>
			<report>
				<misses>6900001</misses>
				<total>98</total>
				<timestamp>88.425975</timestamp>
			</report>
			<report>
				<misses>7000001</misses>
				<total>98</total>
				<timestamp>89.717427</timestamp>
			</report>
			<report>
				<misses>7100001</misses>
				<total>98</total>
				<timestamp>91.004589</timestamp>
			</report>
			<report>
				<misses>7200001</misses>
				<total>98</total>
				<timestamp>92.298900</timestamp>
			</report>
			<report>
				<misses>7300001</misses>
				<total>98</total>
				<timestamp>93.573127</timestamp>
			</report>
			<report>
				<misses>7400001</misses>
				<total>98</total>
				<timestamp>94.844200</timestamp>
			</report>
			<report>
				<misses>7500001</misses>
				<total>98</total>
				<timestamp>96.123014</timestamp>
			</report>
			<report>
				<misses>7600001</misses>
				<total>98</total>
				<timestamp>97.388155</timestamp>
			</report>
			<report>
				<misses>7700001</misses>
				<total>98</total>
				<timestamp>98.662043</timestamp>
			</report>
			<report>
				<misses>7800001</misses>
				<total>98</total>
				<timestamp>99.943830</timestamp>
			</report>
			<report>
				<misses>7900001</misses>
				<total>98</total>
				<timestamp>101.222838</timestamp>
			</report>
			<report>
				<misses>8000001</misses>
				<total>98</total>
				<timestamp>102.498253</timestamp>
			</report>
			<report>
				<misses>8100001</misses>
				<total>98</total>
				<timestamp>103.775845</timestamp>
			</report>
			<report>
				<misses>8200001</misses>
				<total>98</total>
				<timestamp>105.067276</timestamp>
			</report>
			<report>
				<misses>8300001</misses>
				<total>98</total>
				<timestamp>106.340839</timestamp>
			</report>
			<report>
				<misses>8400001</misses>
				<total>98</total>
				<timestamp>107.634232</timestamp>
			</report>
			<report>
				<misses>8500001</misses>
				<total>98</total>
				<timestamp>108.913922</timestamp>
			</report>
			<report>
				<misses>8600001</misses>
				<total>98</total>
				<timestamp>110.205038</timestamp>
			</report>
			<report>
				<misses>8700001</misses>
				<total>98</total>
				<timestamp>111.476923</timestamp>
			</report>
			<report>
				<misses>8800001</misses>
				<total>98</total>
				<timestamp>112.751816</timestamp>
			</report>
			<report>
				<misses>8900001</misses>
				<total>98</total>
				<timestamp>114.039292</timestamp>
			</report>
			<report>
				<misses>9000001</misses>
				<total>98</total>
				<timestamp>115.333187</timestamp>
			</report>
			<report>
				<misses>9100001</misses>
				<total>98</total>
				<timestamp>116.621408</timestamp>
			</report>
			<report>
				<misses>9200001</misses>
				<total>98</total>
				<timestamp>117.898277</timestamp>
			</report>
			<report>
				<misses>9300001</misses>
				<total>98</total>
				<timestamp>119.177546</timestamp>
			</report>
			<report>
				<misses>9400001</misses>
				<total>98</total>
				<timestamp>120.478792</timestamp>
			</report>
			<report>
				<misses>9500001</misses>
				<total>98</total>
				<timestamp>121.762448</timestamp>
			</report>
			<report>
				<misses>9600001</misses>
				<total>98</total>
				<timestamp>123.049940</timestamp>
			</report>
			<report>
				<misses>9700001</misses>
				<total>98</total>
				<timestamp>124.347636</timestamp>
			</report>
			<report>
				<misses>9800001</misses>
				<total>98</total>
				<timestamp>125.644059</timestamp>
			</report>
			<report>
				<misses>9900001</misses>
				<total>98</total>
				<timestamp>126.925619</timestamp>
			</report>
			<report>
				<misses>10000001</misses>
				<total>98</total>
				<timestamp>128.202071</timestamp>
			</report>
			<report>
				<misses>10100001</misses>
				<total>98</total>
				<timestamp>129.489572</timestamp>
			</report>
			<report>
				<misses>10200001</misses>
				<total>98</total>
				<timestamp>130.756003</timestamp>
			</report>
			<report>
				<misses>10300001</misses>
				<total>98</total>
				<timestamp>132.030224</timestamp>
			</report>
			<report>
				<misses>10400001</misses>
				<total>141</total>
				<timestamp>133.314284</timestamp>
			</report>
			<report>
				<misses>10500001</misses>
				<total>141</total>
				<timestamp>134.603302</timestamp>
			</report>
			<report>
				<misses>10600001</misses>
				<total>141</total>
				<timestamp>135.886378</timestamp>
			</report>
			<report>
				<misses>10700001</misses>
				<total>141</total>
				<timestamp>137.164660</timestamp>
			</report>
			<report>
				<misses>10800001</misses>
				<total>141</total>
				<timestamp>138.440336</timestamp>
			</report>
			<report>
				<misses>10900001</misses>
				<total>141</total>
				<timestamp>139.723576</timestamp>
			</report>
			<report>
				<misses>11000001</misses>
				<total>141</total>
				<timestamp>140.998971</timestamp>
			</report>
			<report>
				<misses>11100001</misses>
				<total>141</total>
				<timestamp>142.277231</timestamp>
			</report>
			<report>
				<misses>11200001</misses>
				<total>141</total>
				<timestamp>143.550084</timestamp>
			</report>
			<report>
				<misses>11300001</misses>
				<total>141</total>
				<timestamp>144.842388</timestamp>
			</report>
			<report>
				<misses>11400001</misses>
				<total>141</total>
				<timestamp>146.124400</timestamp>
			</report>
			<report>
				<misses>11500001</misses>
				<total>141</total>
				<timestamp>147.410042</timestamp>
			</report>
			<report>
				<misses>11600001</misses>
				<total>141</total>
				<timestamp>148.694965</timestamp>
			</report>
			<report>
				<misses>11700001</misses>
				<total>141</total>
				<timestamp>149.978970</timestamp>
			</report>
			<report>
				<misses>11800001</misses>
				<total>141</total>
				<timestamp>151.266714</timestamp>
			</report>
			<report>
				<misses>11900001</misses>
				<total>141</total>
				<timestamp>152.548114</timestamp>
			</report>
			<report>
				<misses>12000001</misses>
				<total>141</total>
				<timestamp>153.824569</timestamp>
			</report>
			<report>
				<misses>12100001</misses>
				<total>141</total>
				<timestamp>155.094198</timestamp>
			</report>
			<report>
				<misses>12200001</misses>
				<total>141</total>
				<timestamp>156.394968</timestamp>
			</report>
			<report>
				<misses>12300001</misses>
				<total>141</total>
				<timestamp>157.674705</timestamp>
			</report>
			<report>
				<misses>12400001</misses>
				<total>141</total>
				<timestamp>158.962006</timestamp>
			</report>
			<report>
				<misses>12500001</misses>
				<total>141</total>
				<timestamp>160.258208</timestamp>
			</report>
			<report>
				<misses>12600001</misses>
				<total>141</total>
				<timestamp>161.544792</timestamp>
			</report>
			<report>
				<misses>12700001</misses>
				<total>141</total>
				<timestamp>162.830038</timestamp>
			</report>
			<report>
				<misses>12800001</misses>
				<total>141</total>
				<timestamp>164.123521</timestamp>
			</report>
			<report>
				<misses>12900001</misses>
				<total>141</total>
				<timestamp>165.404101</timestamp>
			</report>
			<report>
				<misses>13000001</misses>
				<total>141</total>
				<timestamp>166.687665</timestamp>
			</report>
			<report>
				<misses>13100001</misses>
				<total>141</total>
				<timestamp>167.970425</timestamp>
			</report>
			<report>
				<misses>13200001</misses>
				<total>141</total>
				<timestamp>169.251756</timestamp>
			</report>
			<report>
				<misses>13300001</misses>
				<total>141</total>
				<timestamp>170.543301</timestamp>
			</report>
			<report>
				<misses>13400001</misses>
				<total>141</total>
				<timestamp>171.825238</timestamp>
			</report>
			<report>
				<misses>13500001</misses>
				<total>141</total>
				<timestamp>173.107742</timestamp>
			</report>
			<report>
				<misses>13600001</misses>
				<total>141</total>
				<timestamp>174.390382</timestamp>
			</report>
			<report>
				<misses>13700001</misses>
				<total>141</total>
				<timestamp>175.669897</timestamp>
			</report>
			<report>
				<misses>13800001</misses>
				<total>141</total>
				<timestamp>176.970972</timestamp>
			</report>
			<report>
				<misses>13900001</misses>
				<total>141</total>
				<timestamp>178.272581</timestamp>
			</report>
			<report>
				<misses>14000001</misses>
				<total>141</total>
				<timestamp>179.562793</timestamp>
			</report>
			<report>
				<misses>14100001</misses>
				<total>141</total>
				<timestamp>180.859660</timestamp>
			</report>
			<report>
				<misses>14200001</misses>
				<total>141</total>
				<timestamp>182.148076</timestamp>
			</report>
			<report>
				<misses>14300001</misses>
				<total>141</total>
				<timestamp>183.428360</timestamp>
			</report>
			<report>
				<misses>14400001</misses>
				<total>141</total>
				<timestamp>184.715600</timestamp>
			</report>
			<report>
				<misses>14500001</misses>
				<total>141</total>
				<timestamp>186.010568</timestamp>
			</report>
			<report>
				<misses>14600001</misses>
				<total>141</total>
				<timestamp>187.295848</timestamp>
			</report>
			<report>
				<misses>14700001</misses>
				<total>141</total>
				<timestamp>188.568877</timestamp>
			</report>
			<report>
				<misses>14800001</misses>
				<total>141</total>
				<timestamp>189.841208</timestamp>
			</report>
			<report>
				<misses>14900001</misses>
				<total>141</total>
				<timestamp>191.123163</timestamp>
			</report>
			<report>
				<misses>15000001</misses>
				<total>141</total>
				<timestamp>192.410618</timestamp>
			</report>
			<report>
				<misses>15100001</misses>
				<total>276</total>
				<timestamp>193.703267</timestamp>
			</report>
			<report>
				<misses>15200001</misses>
				<total>276</total>
				<timestamp>194.993487</timestamp>
			</report>
			<report>
				<misses>15300001</misses>
				<total>276</total>
				<timestamp>196.292528</timestamp>
			</report>
			<report>
				<misses>15400001</misses>
				<total>276</total>
				<timestamp>197.592373</timestamp>
			</report>
			<report>
				<misses>15500001</misses>
				<total>276</total>
				<timestamp>198.893033</timestamp>
			</report>
			<report>
				<misses>15600001</misses>
				<total>276</total>
				<timestamp>200.177142</timestamp>
			</report>
			<report>
				<misses>15700001</misses>
				<total>276</total>
				<timestamp>201.473472</timestamp>
			</report>
			<report>
				<misses>15800001</misses>
				<total>276</total>
				<timestamp>202.765615</timestamp>
			</report>
			<report>
				<misses>15900001</misses>
				<total>276</total>
				<timestamp>204.049450</timestamp>
			</report>
			<report>
				<misses>16000001</misses>
				<total>276</total>
				<timestamp>205.344422</timestamp>
			</report>
			<report>
				<misses>16100001</misses>
				<total>276</total>
				<timestamp>206.631544</timestamp>
			</report>
			<report>
				<misses>16200001</misses>
				<total>276</total>
				<timestamp>207.931207</timestamp>
			</report>
			<report>
				<misses>16300001</misses>
				<total>276</total>
				<timestamp>209.221317</timestamp>
			</report>
			<report>
				<misses>16400001</misses>
				<total>276</total>
				<timestamp>210.510817</timestamp>
			</report>
			<report>
				<misses>16500001</misses>
				<total>276</total>
				<timestamp>211.782444</timestamp>
			</report>
			<report>
				<misses>16600001</misses>
				<total>276</total>
				<timestamp>213.057287</timestamp>
			</report>
			<report>
				<misses>16700001</misses>
				<total>276</total>
				<timestamp>214.332215</timestamp>
			</report>
			<report>
				<misses>16800001</misses>
				<total>276</total>
				<timestamp>215.607369</timestamp>
			</report>
			<report>
				<misses>16900001</misses>
				<total>276</total>
				<timestamp>216.881438</timestamp>
			</report>
			<report>
				<misses>17000001</misses>
				<total>276</total>
				<timestamp>218.169056</timestamp>
			</report>
			<report>
				<misses>17100001</misses>
				<total>276</total>
				<timestamp>219.452083</timestamp>
			</report>
			<report>
				<misses>17200001</misses>
				<total>276</total>
				<timestamp>220.744373</timestamp>
			</report>
			<report>
				<misses>17300001</misses>
				<total>276</total>
				<timestamp>222.028718</timestamp>
			</report>
			<report>
				<misses>17400001</misses>
				<total>276</total>
				<timestamp>223.321284</timestamp>
			</report>
			<report>
				<misses>17500001</misses>
				<total>276</total>
				<timestamp>224.604163</timestamp>
			</report>
			<report>
				<misses>17600001</misses>
				<total>276</total>
				<timestamp>225.877124</timestamp>
			</report>
			<report>
				<misses>17700001</misses>
				<total>276</total>
				<timestamp>227.177273</timestamp>
			</report>
			<report>
				<misses>17800001</misses>
				<total>276</total>
				<timestamp>228.458851</timestamp>
			</report>
			<report>
				<misses>17900001</misses>
				<total>276</total>
				<timestamp>229.752717</timestamp>
			</report>
			<report>
				<misses>18000001</misses>
				<total>276</total>
				<timestamp>231.039435</timestamp>
			</report>
			<report>
				<misses>18100001</misses>
				<total>276</total>
				<timestamp>232.328310</timestamp>
			</report>
			<report>
				<misses>18200001</misses>
				<total>276</total>
				<timestamp>233.635062</timestamp>
			</report>
			<report>
				<misses>18300001</misses>
				<total>276</total>
				<timestamp>234.957132</timestamp>
			</report>
			<report>
				<misses>18400001</misses>
				<total>276</total>
				<timestamp>236.247126</timestamp>
			</report>
			<report>
				<misses>18500001</misses>
				<total>276</total>
				<timestamp>237.528029</timestamp>
			</report>
			<report>
				<misses>18600001</misses>
				<total>276</total>
				<timestamp>238.816825</timestamp>
			</report>
			<report>
				<misses>18700001</misses>
				<total>276</total>
				<timestamp>240.101400</timestamp>
			</report>
			<report>
				<misses>18800001</misses>
				<total>276</total>
				<timestamp>241.390946</timestamp>
			</report>
			<report>
				<misses>18900001</misses>
				<total>276</total>
				<timestamp>242.682559</timestamp>
			</report>
			<report>
				<misses>19000001</misses>
				<total>276</total>
				<timestamp>243.968941</timestamp>
			</report>
			<report>
				<misses>19100001</misses>
				<total>276</total>
				<timestamp>245.253885</timestamp>
			</report>
			<report>
				<misses>19200001</misses>
				<total>276</total>
				<timestamp>246.538197</timestamp>
			</report>
			<report>
				<misses>19300001</misses>
				<total>276</total>
				<timestamp>247.825992</timestamp>
			</report>
			<report>
				<misses>19400001</misses>
				<total>276</total>
				<timestamp>249.107865</timestamp>
			</report>
			<report>
				<misses>19500001</misses>
				<total>276</total>
				<timestamp>250.397786</timestamp>
			</report>
			<report>
				<misses>19600001</misses>
				<total>276</total>
				<timestamp>251.676854</timestamp>
			</report>
			<report>
				<misses>19700001</misses>
				<total>276</total>
				<timestamp>252.960796</timestamp>
			</report>
			<report>
				<misses>19800001</misses>
				<total>343</total>
				<timestamp>254.244456</timestamp>
			</report>
			<report>
				<misses>19900001</misses>
				<total>343</total>
				<timestamp>255.537248</timestamp>
			</report>
			<report>
				<misses>20000001</misses>
				<total>343</total>
				<timestamp>256.824198</timestamp>
			</report>
			<report>
				<misses>20100001</misses>
				<total>343</total>
				<timestamp>258.111631</timestamp>
			</report>
			<report>
				<misses>20200001</misses>
				<total>343</total>
				<timestamp>259.433805</timestamp>
			</report>
			<report>
				<misses>20300001</misses>
				<total>343</total>
				<timestamp>260.730537</timestamp>
			</report>
			<report>
				<misses>20400001</misses>
				<total>343</total>
				<timestamp>262.033646</timestamp>
			</report>
			<report>
				<misses>20500001</misses>
				<total>343</total>
				<timestamp>263.334661</timestamp>
			</report>
			<report>
				<misses>20600001</misses>
				<total>343</total>
				<timestamp>264.616181</timestamp>
			</report>
			<report>
				<misses>20700001</misses>
				<total>343</total>
				<timestamp>265.901448</timestamp>
			</report>
			<report>
				<misses>20800001</misses>
				<total>343</total>
				<timestamp>267.180561</timestamp>
			</report>
			<report>
				<misses>20900001</misses>
				<total>343</total>
				<timestamp>268.469251</timestamp>
			</report>
			<report>
				<misses>21000001</misses>
				<total>343</total>
				<timestamp>269.746131</timestamp>
			</report>
			<report>
				<misses>21100001</misses>
				<total>343</total>
				<timestamp>271.029427</timestamp>
			</report>
			<report>
				<misses>21200001</misses>
				<total>343</total>
				<timestamp>272.332205</timestamp>
			</report>
			<report>
				<misses>21300001</misses>
				<total>343</total>
				<timestamp>273.624683</timestamp>
			</report>
			<report>
				<misses>21400001</misses>
				<total>343</total>
				<timestamp>274.908286</timestamp>
			</report>
			<report>
				<misses>21500001</misses>
				<total>343</total>
				<timestamp>276.199103</timestamp>
			</report>
			<report>
				<misses>21600001</misses>
				<total>343</total>
				<timestamp>277.478882</timestamp>
			</report>
			<report>
				<misses>21700001</misses>
				<total>343</total>
				<timestamp>278.763259</timestamp>
			</report>
			<report>
				<misses>21800001</misses>
				<total>343</total>
				<timestamp>280.037502</timestamp>
			</report>
			<report>
				<misses>21900001</misses>
				<total>343</total>
				<timestamp>281.334246</timestamp>
			</report>
			<report>
				<misses>22000001</misses>
				<total>343</total>
				<timestamp>282.634924</timestamp>
			</report>
			<report>
				<misses>22100001</misses>
				<total>343</total>
				<timestamp>283.922679</timestamp>
			</report>
			<report>
				<misses>22200001</misses>
				<total>343</total>
				<timestamp>285.214416</timestamp>
			</report>
			<report>
				<misses>22300001</misses>
				<total>343</total>
				<timestamp>286.482442</timestamp>
			</report>
			<report>
				<misses>22400001</misses>
				<total>343</total>
				<timestamp>287.760424</timestamp>
			</report>
			<report>
				<misses>22500001</misses>
				<total>343</total>
				<timestamp>289.050598</timestamp>
			</report>
			<report>
				<misses>22600001</misses>
				<total>343</total>
				<timestamp>290.321942</timestamp>
			</report>
			<report>
				<misses>22700001</misses>
				<total>343</total>
				<timestamp>291.596743</timestamp>
			</report>
			<report>
				<misses>22800001</misses>
				<total>343</total>
				<timestamp>292.874653</timestamp>
			</report>
			<report>
				<misses>22900001</misses>
				<total>343</total>
				<timestamp>294.155466</timestamp>
			</report>
			<report>
				<misses>23000001</misses>
				<total>343</total>
				<timestamp>295.440390</timestamp>
			</report>
			<report>
				<misses>23100001</misses>
				<total>343</total>
				<timestamp>296.714144</timestamp>
			</report>
			<report>
				<misses>23200001</misses>
				<total>343</total>
				<timestamp>297.983972</timestamp>
			</report>
			<report>
				<misses>23300001</misses>
				<total>343</total>
				<timestamp>299.269126</timestamp>
			</report>
		</query>
	</custom>
	<ethtool_statistic>
		<rx_packets>
			<start>319058139</start>
			<end>342622175</end>
		</rx_packets>
		<tx_packets>
			<start>369482623</start>
			<end>392837083</end>
		</tx_packets>
		<rx_dropped>
			<start>0</start>
			<end>0</end>
		</rx_dropped>
		<tx_dropped>
			<start>0</start>
			<end>0</end>
		</tx_dropped>
		<collisions>
			<start>0</start>
			<end>0</end>
		</collisions>
		<port_tx_errors>
			<start>0</start>
			<end>0</end>
		</port_tx_errors>
		<port_rx_dropped>
			<start>0</start>
			<end>0</end>
		</port_rx_dropped>
		<port_tx_dropped_link_down>
			<start>0</start>
			<end>0</end>
		</port_tx_dropped_link_down>
	</ethtool_statistic>
	<ip_statistic>
		<mtu>
			<start>9000</start>
			<end>9000</end>
		</mtu>
		<rx_bytes>
			<start>1748618723956</start>
			<end>1959324043862</end>
		</rx_bytes>
		<rx_packets>
			<start>319058139</start>
			<end>342622175</end>
		</rx_packets>
		<rx_errors>
			<start>0</start>
			<end>0</end>
		</rx_errors>
		<rx_dropped>
			<start>0</start>
			<end>0</end>
		</rx_dropped>
		<rx_missed>
			<start>0</start>
			<end>0</end>
		</rx_missed>
		<rx_mcast>
			<start>6</start>
			<end>6</end>
		</rx_mcast>
		<tx_bytes>
			<start>1856233331635</start>
			<end>2065064618951</end>
		</tx_bytes>
		<tx_packets>
			<start>369482623</start>
			<end>392837083</end>
		</tx_packets>
		<tx_errors>
			<start>0</start>
			<end>0</end>
		</tx_errors>
		<tx_dropped>
			<start>0</start>
			<end>0</end>
		</tx_dropped>
		<tx_carrier>
			<start>0</start>
			<end>0</end>
		</tx_carrier>
		<tx_collisions>
			<start>0</start>
			<end>0</end>
		</tx_collisions>
	</ip_statistic>
	<netstat_statistic>
		<udp_pkg_rec>
			<start>2008659394</start>
			<end>2234716222</end>
		</udp_pkg_rec>
		<udp_pkg_snt>
			<start>2080123415</start>
			<end>2272130831</end>
		</udp_pkg_snt>
		<udp_rec_err>
			<start>0</start>
			<end>0</end>
		</udp_rec_err>
		<udp_rec_buf_err>
			<start>0</start>
			<end>0</end>
		</udp_rec_buf_err>
		<udp_snt_buf_err>
			<start>0</start>
			<end>0</end>
		</udp_snt_buf_err>
	</netstat_statistic>
</test_results>
