<?xml version="1.0"?>
<test_results>
	<status>STATUS_SUCCESS</status>
	<custom>
		<num_loss>94450</num_loss>
		<num_total>109000001</num_total>
		<num_misses>313</num_misses>
		<elapsed_time>3270.006218</elapsed_time>
	</custom>
	<ethtool_statistic>
		<rx_packets>
			<start>762065180</start>
			<end>914438582</end>
		</rx_packets>
		<tx_packets>
			<start>1623366241</start>
			<end>1823865914</end>
		</tx_packets>
		<rx_dropped>
			<start>63</start>
			<end>63</end>
		</rx_dropped>
		<tx_dropped>
			<start>0</start>
			<end>0</end>
		</tx_dropped>
		<collisions>
			<start>0</start>
			<end>0</end>
		</collisions>
		<port_tx_errors>
			<start>0</start>
			<end>0</end>
		</port_tx_errors>
		<port_rx_dropped>
			<start>0</start>
			<end>0</end>
		</port_rx_dropped>
		<port_tx_dropped_link_down>
			<start>0</start>
			<end>0</end>
		</port_tx_dropped_link_down>
	</ethtool_statistic>
	<ip_statistic>
		<mtu>
			<start>9000</start>
			<end>9000</end>
		</mtu>
		<rx_bytes>
			<start>6843467559457</start>
			<end>8213291400454</end>
		</rx_bytes>
		<rx_packets>
			<start>762065275</start>
			<end>914438639</end>
		</rx_packets>
		<rx_errors>
			<start>0</start>
			<end>0</end>
		</rx_errors>
		<rx_dropped>
			<start>63</start>
			<end>63</end>
		</rx_dropped>
		<rx_missed>
			<start>0</start>
			<end>0</end>
		</rx_missed>
		<rx_mcast>
			<start>1916</start>
			<end>1940</end>
		</rx_mcast>
		<tx_bytes>
			<start>4297408171282</start>
			<end>5133276796618</end>
		</tx_bytes>
		<tx_packets>
			<start>1623366287</start>
			<end>1823865960</end>
		</tx_packets>
		<tx_errors>
			<start>0</start>
			<end>0</end>
		</tx_errors>
		<tx_dropped>
			<start>0</start>
			<end>0</end>
		</tx_dropped>
		<tx_carrier>
			<start>0</start>
			<end>0</end>
		</tx_carrier>
		<tx_collisions>
			<start>0</start>
			<end>0</end>
		</tx_collisions>
	</ip_statistic>
</test_results>
