<?xml version="1.0"?>
<test_results>
	<status>STATUS_SUCCESS</status>
	<custom>
		<num_loss>554</num_loss>
		<num_total>5000001</num_total>
		<num_misses>1</num_misses>
		<elapsed_time>1399.986526</elapsed_time>
		<query>
			<report>
				<misses>100000</misses>
				<total>17</total>
				<timestamp>28.000291</timestamp>
			</report>
			<report>
				<misses>200000</misses>
				<total>21</total>
				<timestamp>55.999937</timestamp>
			</report>
			<report>
				<misses>300000</misses>
				<total>36</total>
				<timestamp>83.999595</timestamp>
			</report>
			<report>
				<misses>400000</misses>
				<total>49</total>
				<timestamp>111.999404</timestamp>
			</report>
			<report>
				<misses>500000</misses>
				<total>55</total>
				<timestamp>139.999018</timestamp>
			</report>
			<report>
				<misses>600000</misses>
				<total>60</total>
				<timestamp>167.998761</timestamp>
			</report>
			<report>
				<misses>700000</misses>
				<total>83</total>
				<timestamp>195.998485</timestamp>
			</report>
			<report>
				<misses>800000</misses>
				<total>92</total>
				<timestamp>223.998262</timestamp>
			</report>
			<report>
				<misses>900000</misses>
				<total>97</total>
				<timestamp>251.997941</timestamp>
			</report>
			<report>
				<misses>1000000</misses>
				<total>105</total>
				<timestamp>279.997641</timestamp>
			</report>
			<report>
				<misses>1100000</misses>
				<total>130</total>
				<timestamp>307.997388</timestamp>
			</report>
			<report>
				<misses>1200000</misses>
				<total>137</total>
				<timestamp>335.997173</timestamp>
			</report>
			<report>
				<misses>1300000</misses>
				<total>168</total>
				<timestamp>363.996818</timestamp>
			</report>
			<report>
				<misses>1400000</misses>
				<total>185</total>
				<timestamp>391.996505</timestamp>
			</report>
			<report>
				<misses>1500000</misses>
				<total>195</total>
				<timestamp>419.996286</timestamp>
			</report>
			<report>
				<misses>1600000</misses>
				<total>198</total>
				<timestamp>447.995975</timestamp>
			</report>
			<report>
				<misses>1700000</misses>
				<total>202</total>
				<timestamp>475.995663</timestamp>
			</report>
			<report>
				<misses>1800000</misses>
				<total>216</total>
				<timestamp>503.995444</timestamp>
			</report>
			<report>
				<misses>1900000</misses>
				<total>221</total>
				<timestamp>531.995124</timestamp>
			</report>
			<report>
				<misses>2000000</misses>
				<total>222</total>
				<timestamp>559.994958</timestamp>
			</report>
			<report>
				<misses>2100000</misses>
				<total>250</total>
				<timestamp>587.994560</timestamp>
			</report>
			<report>
				<misses>2200000</misses>
				<total>263</total>
				<timestamp>615.994289</timestamp>
			</report>
			<report>
				<misses>2300000</misses>
				<total>271</total>
				<timestamp>643.994067</timestamp>
			</report>
			<report>
				<misses>2400000</misses>
				<total>284</total>
				<timestamp>671.993819</timestamp>
			</report>
			<report>
				<misses>2500000</misses>
				<total>288</total>
				<timestamp>699.993474</timestamp>
			</report>
			<report>
				<misses>2600000</misses>
				<total>310</total>
				<timestamp>727.993258</timestamp>
			</report>
			<report>
				<misses>2700000</misses>
				<total>313</total>
				<timestamp>755.993067</timestamp>
			</report>
			<report>
				<misses>2800000</misses>
				<total>328</total>
				<timestamp>783.992592</timestamp>
			</report>
			<report>
				<misses>2900000</misses>
				<total>346</total>
				<timestamp>811.992397</timestamp>
			</report>
			<report>
				<misses>3000000</misses>
				<total>366</total>
				<timestamp>839.992298</timestamp>
			</report>
			<report>
				<misses>3100000</misses>
				<total>372</total>
				<timestamp>867.992001</timestamp>
			</report>
			<report>
				<misses>3200000</misses>
				<total>379</total>
				<timestamp>895.991604</timestamp>
			</report>
			<report>
				<misses>3300000</misses>
				<total>400</total>
				<timestamp>923.991373</timestamp>
			</report>
			<report>
				<misses>3400000</misses>
				<total>411</total>
				<timestamp>951.990989</timestamp>
			</report>
			<report>
				<misses>3500000</misses>
				<total>417</total>
				<timestamp>979.990680</timestamp>
			</report>
			<report>
				<misses>3600000</misses>
				<total>428</total>
				<timestamp>1007.990421</timestamp>
			</report>
			<report>
				<misses>3700000</misses>
				<total>429</total>
				<timestamp>1035.990187</timestamp>
			</report>
			<report>
				<misses>3800000</misses>
				<total>434</total>
				<timestamp>1063.989944</timestamp>
			</report>
			<report>
				<misses>3900000</misses>
				<total>442</total>
				<timestamp>1091.989555</timestamp>
			</report>
			<report>
				<misses>4000000</misses>
				<total>459</total>
				<timestamp>1119.989399</timestamp>
			</report>
			<report>
				<misses>4100000</misses>
				<total>468</total>
				<timestamp>1147.989083</timestamp>
			</report>
			<report>
				<misses>4200000</misses>
				<total>479</total>
				<timestamp>1175.988801</timestamp>
			</report>
			<report>
				<misses>4300000</misses>
				<total>496</total>
				<timestamp>1203.988411</timestamp>
			</report>
			<report>
				<misses>4400000</misses>
				<total>516</total>
				<timestamp>1231.988199</timestamp>
			</report>
			<report>
				<misses>4500000</misses>
				<total>526</total>
				<timestamp>1259.987948</timestamp>
			</report>
			<report>
				<misses>4600000</misses>
				<total>535</total>
				<timestamp>1287.987621</timestamp>
			</report>
			<report>
				<misses>4700000</misses>
				<total>541</total>
				<timestamp>1315.987286</timestamp>
			</report>
			<report>
				<misses>4800000</misses>
				<total>543</total>
				<timestamp>1343.987050</timestamp>
			</report>
			<report>
				<misses>4900000</misses>
				<total>549</total>
				<timestamp>1371.986817</timestamp>
			</report>
			<report>
				<misses>5000000</misses>
				<total>554</total>
				<timestamp>1399.986505</timestamp>
			</report>
		</query>
	</custom>
	<ethtool_statistic>
		<rx_packets>
			<start>4494868771</start>
			<end>4560283962</end>
		</rx_packets>
		<tx_packets>
			<start>5912515953</start>
			<end>5991767741</end>
		</tx_packets>
		<rx_dropped>
			<start>250</start>
			<end>250</end>
		</rx_dropped>
		<tx_dropped>
			<start>0</start>
			<end>0</end>
		</tx_dropped>
		<collisions>
			<start>0</start>
			<end>0</end>
		</collisions>
		<port_tx_errors>
			<start>0</start>
			<end>0</end>
		</port_tx_errors>
		<port_rx_dropped>
			<start>0</start>
			<end>0</end>
		</port_rx_dropped>
		<port_tx_dropped_link_down>
			<start>0</start>
			<end>0</end>
		</port_tx_dropped_link_down>
	</ethtool_statistic>
	<ip_statistic>
		<mtu>
			<start>9000</start>
			<end>9000</end>
		</mtu>
		<rx_bytes>
			<start>40407414301284</start>
			<end>40995490039556</end>
		</rx_bytes>
		<rx_packets>
			<start>4494868826</start>
			<end>4560284017</end>
		</rx_packets>
		<rx_errors>
			<start>0</start>
			<end>0</end>
		</rx_errors>
		<rx_dropped>
			<start>250</start>
			<end>250</end>
		</rx_dropped>
		<rx_missed>
			<start>0</start>
			<end>0</end>
		</rx_missed>
		<rx_mcast>
			<start>1289</start>
			<end>1311</end>
		</rx_mcast>
		<tx_bytes>
			<start>39887369298562</start>
			<end>40566637792154</end>
		</tx_bytes>
		<tx_packets>
			<start>5912516000</start>
			<end>5991767783</end>
		</tx_packets>
		<tx_errors>
			<start>0</start>
			<end>0</end>
		</tx_errors>
		<tx_dropped>
			<start>0</start>
			<end>0</end>
		</tx_dropped>
		<tx_carrier>
			<start>0</start>
			<end>0</end>
		</tx_carrier>
		<tx_collisions>
			<start>0</start>
			<end>0</end>
		</tx_collisions>
	</ip_statistic>
	<netstat_statistic>
		<udp_pkg_rec>
			<start>4247322148</start>
			<end>4309728518</end>
		</udp_pkg_rec>
		<udp_pkg_snt>
			<start>4458624410</start>
			<end>4502887231</end>
		</udp_pkg_snt>
		<udp_rec_err>
			<start>248020318</start>
			<end>251036163</end>
		</udp_rec_err>
		<udp_rec_buf_err>
			<start>248020318</start>
			<end>251036163</end>
		</udp_rec_buf_err>
		<udp_snt_buf_err>
			<start>0</start>
			<end>0</end>
		</udp_snt_buf_err>
	</netstat_statistic>
</test_results>
