<?xml version="1.0"?>
<test_results>
	<status>STATUS_SUCCESS</status>
	<custom>
		<num_loss>1381364</num_loss>
		<num_total>2000001</num_total>
		<num_misses>10</num_misses>
		<elapsed_time>239.977419</elapsed_time>
		<query>
			<report>
				<misses>10000</misses>
				<total>10000</total>
			</report>
			<report>
				<misses>20000</misses>
				<total>19999</total>
			</report>
			<report>
				<misses>30000</misses>
				<total>29998</total>
			</report>
			<report>
				<misses>40000</misses>
				<total>34814</total>
			</report>
			<report>
				<misses>50000</misses>
				<total>34817</total>
			</report>
			<report>
				<misses>60000</misses>
				<total>34819</total>
			</report>
			<report>
				<misses>70000</misses>
				<total>34820</total>
			</report>
			<report>
				<misses>80000</misses>
				<total>34830</total>
			</report>
			<report>
				<misses>90000</misses>
				<total>34834</total>
			</report>
			<report>
				<misses>100000</misses>
				<total>34840</total>
			</report>
			<report>
				<misses>110000</misses>
				<total>34841</total>
			</report>
			<report>
				<misses>120000</misses>
				<total>34843</total>
			</report>
			<report>
				<misses>130000</misses>
				<total>34867</total>
			</report>
			<report>
				<misses>140000</misses>
				<total>34877</total>
			</report>
			<report>
				<misses>150000</misses>
				<total>34888</total>
			</report>
			<report>
				<misses>160000</misses>
				<total>44543</total>
			</report>
			<report>
				<misses>170000</misses>
				<total>54542</total>
			</report>
			<report>
				<misses>180000</misses>
				<total>64541</total>
			</report>
			<report>
				<misses>190000</misses>
				<total>74540</total>
			</report>
			<report>
				<misses>200000</misses>
				<total>84539</total>
			</report>
			<report>
				<misses>210000</misses>
				<total>94538</total>
			</report>
			<report>
				<misses>220000</misses>
				<total>104537</total>
			</report>
			<report>
				<misses>230000</misses>
				<total>114536</total>
			</report>
			<report>
				<misses>240000</misses>
				<total>124535</total>
			</report>
			<report>
				<misses>250000</misses>
				<total>134534</total>
			</report>
			<report>
				<misses>260000</misses>
				<total>144533</total>
			</report>
			<report>
				<misses>270000</misses>
				<total>154532</total>
			</report>
			<report>
				<misses>280000</misses>
				<total>164531</total>
			</report>
			<report>
				<misses>290000</misses>
				<total>174530</total>
			</report>
			<report>
				<misses>300000</misses>
				<total>184529</total>
			</report>
			<report>
				<misses>310000</misses>
				<total>194528</total>
			</report>
			<report>
				<misses>320000</misses>
				<total>204527</total>
			</report>
			<report>
				<misses>330000</misses>
				<total>207404</total>
			</report>
			<report>
				<misses>340000</misses>
				<total>207408</total>
			</report>
			<report>
				<misses>350000</misses>
				<total>207409</total>
			</report>
			<report>
				<misses>360000</misses>
				<total>207416</total>
			</report>
			<report>
				<misses>370000</misses>
				<total>207419</total>
			</report>
			<report>
				<misses>380000</misses>
				<total>207420</total>
			</report>
			<report>
				<misses>390000</misses>
				<total>207447</total>
			</report>
			<report>
				<misses>400000</misses>
				<total>207449</total>
			</report>
			<report>
				<misses>410000</misses>
				<total>207450</total>
			</report>
			<report>
				<misses>420000</misses>
				<total>207455</total>
			</report>
			<report>
				<misses>430000</misses>
				<total>207462</total>
			</report>
			<report>
				<misses>440000</misses>
				<total>207464</total>
			</report>
			<report>
				<misses>450000</misses>
				<total>213841</total>
			</report>
			<report>
				<misses>460000</misses>
				<total>223840</total>
			</report>
			<report>
				<misses>470000</misses>
				<total>233839</total>
			</report>
			<report>
				<misses>480000</misses>
				<total>243838</total>
			</report>
			<report>
				<misses>490000</misses>
				<total>253837</total>
			</report>
			<report>
				<misses>500000</misses>
				<total>263836</total>
			</report>
			<report>
				<misses>510000</misses>
				<total>273835</total>
			</report>
			<report>
				<misses>520000</misses>
				<total>283834</total>
			</report>
			<report>
				<misses>530000</misses>
				<total>293833</total>
			</report>
			<report>
				<misses>540000</misses>
				<total>303832</total>
			</report>
			<report>
				<misses>550000</misses>
				<total>313831</total>
			</report>
			<report>
				<misses>560000</misses>
				<total>323830</total>
			</report>
			<report>
				<misses>570000</misses>
				<total>333829</total>
			</report>
			<report>
				<misses>580000</misses>
				<total>343828</total>
			</report>
			<report>
				<misses>590000</misses>
				<total>353827</total>
			</report>
			<report>
				<misses>600000</misses>
				<total>363826</total>
			</report>
			<report>
				<misses>610000</misses>
				<total>373825</total>
			</report>
			<report>
				<misses>620000</misses>
				<total>378569</total>
			</report>
			<report>
				<misses>630000</misses>
				<total>378569</total>
			</report>
			<report>
				<misses>640000</misses>
				<total>378578</total>
			</report>
			<report>
				<misses>650000</misses>
				<total>378601</total>
			</report>
			<report>
				<misses>660000</misses>
				<total>378609</total>
			</report>
			<report>
				<misses>670000</misses>
				<total>378612</total>
			</report>
			<report>
				<misses>680000</misses>
				<total>383923</total>
			</report>
			<report>
				<misses>690000</misses>
				<total>393922</total>
			</report>
			<report>
				<misses>700000</misses>
				<total>403921</total>
			</report>
			<report>
				<misses>710000</misses>
				<total>413920</total>
			</report>
			<report>
				<misses>720000</misses>
				<total>423919</total>
			</report>
			<report>
				<misses>730000</misses>
				<total>433918</total>
			</report>
			<report>
				<misses>740000</misses>
				<total>443917</total>
			</report>
			<report>
				<misses>750000</misses>
				<total>453916</total>
			</report>
			<report>
				<misses>760000</misses>
				<total>463915</total>
			</report>
			<report>
				<misses>770000</misses>
				<total>473914</total>
			</report>
			<report>
				<misses>780000</misses>
				<total>483913</total>
			</report>
			<report>
				<misses>790000</misses>
				<total>493912</total>
			</report>
			<report>
				<misses>800000</misses>
				<total>503911</total>
			</report>
			<report>
				<misses>810000</misses>
				<total>513910</total>
			</report>
			<report>
				<misses>820000</misses>
				<total>523909</total>
			</report>
			<report>
				<misses>830000</misses>
				<total>533908</total>
			</report>
			<report>
				<misses>840000</misses>
				<total>543907</total>
			</report>
			<report>
				<misses>850000</misses>
				<total>550010</total>
			</report>
			<report>
				<misses>860000</misses>
				<total>560009</total>
			</report>
			<report>
				<misses>870000</misses>
				<total>564377</total>
			</report>
			<report>
				<misses>880000</misses>
				<total>564382</total>
			</report>
			<report>
				<misses>890000</misses>
				<total>564399</total>
			</report>
			<report>
				<misses>900000</misses>
				<total>564413</total>
			</report>
			<report>
				<misses>910000</misses>
				<total>564418</total>
			</report>
			<report>
				<misses>920000</misses>
				<total>564425</total>
			</report>
			<report>
				<misses>930000</misses>
				<total>573200</total>
			</report>
			<report>
				<misses>940000</misses>
				<total>583199</total>
			</report>
			<report>
				<misses>950000</misses>
				<total>593198</total>
			</report>
			<report>
				<misses>960000</misses>
				<total>603197</total>
			</report>
			<report>
				<misses>970000</misses>
				<total>613196</total>
			</report>
			<report>
				<misses>980000</misses>
				<total>623195</total>
			</report>
			<report>
				<misses>990000</misses>
				<total>633194</total>
			</report>
			<report>
				<misses>1000000</misses>
				<total>643193</total>
			</report>
			<report>
				<misses>1010000</misses>
				<total>653192</total>
			</report>
			<report>
				<misses>1020000</misses>
				<total>663191</total>
			</report>
			<report>
				<misses>1030000</misses>
				<total>673190</total>
			</report>
			<report>
				<misses>1040000</misses>
				<total>683189</total>
			</report>
			<report>
				<misses>1050000</misses>
				<total>693188</total>
			</report>
			<report>
				<misses>1060000</misses>
				<total>703187</total>
			</report>
			<report>
				<misses>1070000</misses>
				<total>713186</total>
			</report>
			<report>
				<misses>1080000</misses>
				<total>723185</total>
			</report>
			<report>
				<misses>1090000</misses>
				<total>733184</total>
			</report>
			<report>
				<misses>1100000</misses>
				<total>737971</total>
			</report>
			<report>
				<misses>1110000</misses>
				<total>737978</total>
			</report>
			<report>
				<misses>1120000</misses>
				<total>741083</total>
			</report>
			<report>
				<misses>1130000</misses>
				<total>744296</total>
			</report>
			<report>
				<misses>1140000</misses>
				<total>744797</total>
			</report>
			<report>
				<misses>1150000</misses>
				<total>753350</total>
			</report>
			<report>
				<misses>1160000</misses>
				<total>755252</total>
			</report>
			<report>
				<misses>1170000</misses>
				<total>765251</total>
			</report>
			<report>
				<misses>1180000</misses>
				<total>775250</total>
			</report>
			<report>
				<misses>1190000</misses>
				<total>785249</total>
			</report>
			<report>
				<misses>1200000</misses>
				<total>795248</total>
			</report>
			<report>
				<misses>1210000</misses>
				<total>805247</total>
			</report>
			<report>
				<misses>1220000</misses>
				<total>815246</total>
			</report>
			<report>
				<misses>1230000</misses>
				<total>825245</total>
			</report>
			<report>
				<misses>1240000</misses>
				<total>835244</total>
			</report>
			<report>
				<misses>1250000</misses>
				<total>845243</total>
			</report>
			<report>
				<misses>1260000</misses>
				<total>855242</total>
			</report>
			<report>
				<misses>1270000</misses>
				<total>865241</total>
			</report>
			<report>
				<misses>1280000</misses>
				<total>875240</total>
			</report>
			<report>
				<misses>1290000</misses>
				<total>885239</total>
			</report>
			<report>
				<misses>1300000</misses>
				<total>895238</total>
			</report>
			<report>
				<misses>1310000</misses>
				<total>905237</total>
			</report>
			<report>
				<misses>1320000</misses>
				<total>915236</total>
			</report>
			<report>
				<misses>1330000</misses>
				<total>920444</total>
			</report>
			<report>
				<misses>1340000</misses>
				<total>920444</total>
			</report>
			<report>
				<misses>1350000</misses>
				<total>920444</total>
			</report>
			<report>
				<misses>1360000</misses>
				<total>920481</total>
			</report>
			<report>
				<misses>1370000</misses>
				<total>920482</total>
			</report>
			<report>
				<misses>1380000</misses>
				<total>920482</total>
			</report>
			<report>
				<misses>1390000</misses>
				<total>920493</total>
			</report>
			<report>
				<misses>1400000</misses>
				<total>927985</total>
			</report>
			<report>
				<misses>1410000</misses>
				<total>937984</total>
			</report>
			<report>
				<misses>1420000</misses>
				<total>947983</total>
			</report>
			<report>
				<misses>1430000</misses>
				<total>957982</total>
			</report>
			<report>
				<misses>1440000</misses>
				<total>967981</total>
			</report>
			<report>
				<misses>1450000</misses>
				<total>977980</total>
			</report>
			<report>
				<misses>1460000</misses>
				<total>987979</total>
			</report>
			<report>
				<misses>1470000</misses>
				<total>997978</total>
			</report>
			<report>
				<misses>1480000</misses>
				<total>1007977</total>
			</report>
			<report>
				<misses>1490000</misses>
				<total>1017976</total>
			</report>
			<report>
				<misses>1500000</misses>
				<total>1027975</total>
			</report>
			<report>
				<misses>1510000</misses>
				<total>1037974</total>
			</report>
			<report>
				<misses>1520000</misses>
				<total>1047973</total>
			</report>
			<report>
				<misses>1530000</misses>
				<total>1057972</total>
			</report>
			<report>
				<misses>1540000</misses>
				<total>1067971</total>
			</report>
			<report>
				<misses>1550000</misses>
				<total>1077970</total>
			</report>
			<report>
				<misses>1560000</misses>
				<total>1087969</total>
			</report>
			<report>
				<misses>1570000</misses>
				<total>1097968</total>
			</report>
			<report>
				<misses>1580000</misses>
				<total>1106631</total>
			</report>
			<report>
				<misses>1590000</misses>
				<total>1106631</total>
			</report>
			<report>
				<misses>1600000</misses>
				<total>1106647</total>
			</report>
			<report>
				<misses>1610000</misses>
				<total>1106655</total>
			</report>
			<report>
				<misses>1620000</misses>
				<total>1106669</total>
			</report>
			<report>
				<misses>1630000</misses>
				<total>1106673</total>
			</report>
			<report>
				<misses>1640000</misses>
				<total>1106678</total>
			</report>
			<report>
				<misses>1650000</misses>
				<total>1114959</total>
			</report>
			<report>
				<misses>1660000</misses>
				<total>1124958</total>
			</report>
			<report>
				<misses>1670000</misses>
				<total>1134957</total>
			</report>
			<report>
				<misses>1680000</misses>
				<total>1144956</total>
			</report>
			<report>
				<misses>1690000</misses>
				<total>1154955</total>
			</report>
			<report>
				<misses>1700000</misses>
				<total>1164954</total>
			</report>
			<report>
				<misses>1710000</misses>
				<total>1174953</total>
			</report>
			<report>
				<misses>1720000</misses>
				<total>1184952</total>
			</report>
			<report>
				<misses>1730000</misses>
				<total>1194951</total>
			</report>
			<report>
				<misses>1740000</misses>
				<total>1204950</total>
			</report>
			<report>
				<misses>1750000</misses>
				<total>1214949</total>
			</report>
			<report>
				<misses>1760000</misses>
				<total>1224948</total>
			</report>
			<report>
				<misses>1770000</misses>
				<total>1234947</total>
			</report>
			<report>
				<misses>1780000</misses>
				<total>1244946</total>
			</report>
			<report>
				<misses>1790000</misses>
				<total>1254945</total>
			</report>
			<report>
				<misses>1800000</misses>
				<total>1264944</total>
			</report>
			<report>
				<misses>1810000</misses>
				<total>1274943</total>
			</report>
			<report>
				<misses>1820000</misses>
				<total>1281711</total>
			</report>
			<report>
				<misses>1830000</misses>
				<total>1284668</total>
			</report>
			<report>
				<misses>1840000</misses>
				<total>1284669</total>
			</report>
			<report>
				<misses>1850000</misses>
				<total>1284684</total>
			</report>
			<report>
				<misses>1860000</misses>
				<total>1284684</total>
			</report>
			<report>
				<misses>1870000</misses>
				<total>1284692</total>
			</report>
			<report>
				<misses>1880000</misses>
				<total>1284699</total>
			</report>
			<report>
				<misses>1890000</misses>
				<total>1284702</total>
			</report>
			<report>
				<misses>1900000</misses>
				<total>1284718</total>
			</report>
			<report>
				<misses>1910000</misses>
				<total>1291373</total>
			</report>
			<report>
				<misses>1920000</misses>
				<total>1301372</total>
			</report>
			<report>
				<misses>1930000</misses>
				<total>1311371</total>
			</report>
			<report>
				<misses>1940000</misses>
				<total>1321370</total>
			</report>
			<report>
				<misses>1950000</misses>
				<total>1331369</total>
			</report>
			<report>
				<misses>1960000</misses>
				<total>1341368</total>
			</report>
			<report>
				<misses>1970000</misses>
				<total>1351367</total>
			</report>
			<report>
				<misses>1980000</misses>
				<total>1361366</total>
			</report>
			<report>
				<misses>1990000</misses>
				<total>1371365</total>
			</report>
			<report>
				<misses>2000000</misses>
				<total>1381364</total>
			</report>
		</query>
	</custom>
	<ethtool_statistic>
		<rx_packets>
			<start>16984051348</start>
			<end>16995456572</end>
		</rx_packets>
		<tx_packets>
			<start>19837577962</start>
			<end>19860418534</end>
		</tx_packets>
		<rx_dropped>
			<start>63</start>
			<end>63</end>
		</rx_dropped>
		<tx_dropped>
			<start>0</start>
			<end>0</end>
		</tx_dropped>
		<collisions>
			<start>0</start>
			<end>0</end>
		</collisions>
		<port_tx_errors>
			<start>0</start>
			<end>0</end>
		</port_tx_errors>
		<port_rx_dropped>
			<start>0</start>
			<end>0</end>
		</port_rx_dropped>
		<port_tx_dropped_link_down>
			<start>0</start>
			<end>0</end>
		</port_tx_dropped_link_down>
	</ethtool_statistic>
	<ip_statistic>
		<mtu>
			<start>9000</start>
			<end>9000</end>
		</mtu>
		<rx_bytes>
			<start>152673526125723</start>
			<end>152776055666075</end>
		</rx_bytes>
		<rx_packets>
			<start>16984051469</start>
			<end>16995456706</end>
		</rx_packets>
		<rx_errors>
			<start>0</start>
			<end>0</end>
		</rx_errors>
		<rx_dropped>
			<start>69</start>
			<end>69</end>
		</rx_dropped>
		<rx_missed>
			<start>0</start>
			<end>0</end>
		</rx_missed>
		<rx_mcast>
			<start>12344</start>
			<end>12348</end>
		</rx_mcast>
		<tx_bytes>
			<start>134629283332144</start>
			<end>134821338712986</end>
		</tx_bytes>
		<tx_packets>
			<start>19837578031</start>
			<end>19860418590</end>
		</tx_packets>
		<tx_errors>
			<start>0</start>
			<end>0</end>
		</tx_errors>
		<tx_dropped>
			<start>0</start>
			<end>0</end>
		</tx_dropped>
		<tx_carrier>
			<start>0</start>
			<end>0</end>
		</tx_carrier>
		<tx_collisions>
			<start>0</start>
			<end>0</end>
		</tx_collisions>
	</ip_statistic>
	<netstat_statistic>
		<udp_pkg_rec>
			<start>16710364173</start>
			<end>16721258872</end>
		</udp_pkg_rec>
		<udp_pkg_snt>
			<start>16704403612</start>
			<end>16713246091</end>
		</udp_pkg_snt>
		<udp_rec_err>
			<start>275683935</start>
			<end>276194261</end>
		</udp_rec_err>
		<udp_rec_buf_err>
			<start>275683935</start>
			<end>276194261</end>
		</udp_rec_buf_err>
		<udp_snt_buf_err>
			<start>28</start>
			<end>28</end>
		</udp_snt_buf_err>
	</netstat_statistic>
</test_results>
