<?xml version="1.0"?>
<test_results>
	<status>STATUS_SUCCESS</status>
	<custom>
		<num_loss>2986921</num_loss>
		<num_total>5000001</num_total>
		<num_misses>7</num_misses>
		<elapsed_time>1099.990718</elapsed_time>
		<query>
			<report>
				<misses>100000</misses>
				<total>65842</total>
				<timestamp>22.000813</timestamp>
			</report>
			<report>
				<misses>200000</misses>
				<total>112883</total>
				<timestamp>44.001038</timestamp>
			</report>
			<report>
				<misses>300000</misses>
				<total>187477</total>
				<timestamp>66.000805</timestamp>
			</report>
			<report>
				<misses>400000</misses>
				<total>247741</total>
				<timestamp>88.000581</timestamp>
			</report>
			<report>
				<misses>500000</misses>
				<total>315808</total>
				<timestamp>110.000408</timestamp>
			</report>
			<report>
				<misses>600000</misses>
				<total>362422</total>
				<timestamp>132.000197</timestamp>
			</report>
			<report>
				<misses>700000</misses>
				<total>444186</total>
				<timestamp>153.999956</timestamp>
			</report>
			<report>
				<misses>800000</misses>
				<total>518386</total>
				<timestamp>175.999734</timestamp>
			</report>
			<report>
				<misses>900000</misses>
				<total>586292</total>
				<timestamp>197.999486</timestamp>
			</report>
			<report>
				<misses>1000000</misses>
				<total>653494</total>
				<timestamp>219.999343</timestamp>
			</report>
			<report>
				<misses>1100000</misses>
				<total>696093</total>
				<timestamp>241.999120</timestamp>
			</report>
			<report>
				<misses>1200000</misses>
				<total>755874</total>
				<timestamp>263.998853</timestamp>
			</report>
			<report>
				<misses>1300000</misses>
				<total>794682</total>
				<timestamp>285.998635</timestamp>
			</report>
			<report>
				<misses>1400000</misses>
				<total>843084</total>
				<timestamp>307.998432</timestamp>
			</report>
			<report>
				<misses>1500000</misses>
				<total>932017</total>
				<timestamp>329.998178</timestamp>
			</report>
			<report>
				<misses>1600000</misses>
				<total>977072</total>
				<timestamp>351.998012</timestamp>
			</report>
			<report>
				<misses>1700000</misses>
				<total>1036886</total>
				<timestamp>373.997721</timestamp>
			</report>
			<report>
				<misses>1800000</misses>
				<total>1104300</total>
				<timestamp>395.997519</timestamp>
			</report>
			<report>
				<misses>1900000</misses>
				<total>1166869</total>
				<timestamp>417.997310</timestamp>
			</report>
			<report>
				<misses>2000000</misses>
				<total>1219256</total>
				<timestamp>439.997081</timestamp>
			</report>
			<report>
				<misses>2100000</misses>
				<total>1277944</total>
				<timestamp>461.996929</timestamp>
			</report>
			<report>
				<misses>2200000</misses>
				<total>1297121</total>
				<timestamp>483.996674</timestamp>
			</report>
			<report>
				<misses>2300000</misses>
				<total>1374756</total>
				<timestamp>505.996422</timestamp>
			</report>
			<report>
				<misses>2400000</misses>
				<total>1409171</total>
				<timestamp>527.996192</timestamp>
			</report>
			<report>
				<misses>2500000</misses>
				<total>1478725</total>
				<timestamp>549.995963</timestamp>
			</report>
			<report>
				<misses>2600000</misses>
				<total>1536971</total>
				<timestamp>571.995795</timestamp>
			</report>
			<report>
				<misses>2700000</misses>
				<total>1607705</total>
				<timestamp>593.995563</timestamp>
			</report>
			<report>
				<misses>2800000</misses>
				<total>1643569</total>
				<timestamp>615.995406</timestamp>
			</report>
			<report>
				<misses>2900000</misses>
				<total>1702218</total>
				<timestamp>637.995087</timestamp>
			</report>
			<report>
				<misses>3000000</misses>
				<total>1781575</total>
				<timestamp>659.994988</timestamp>
			</report>
			<report>
				<misses>3100000</misses>
				<total>1823529</total>
				<timestamp>681.994700</timestamp>
			</report>
			<report>
				<misses>3200000</misses>
				<total>1871648</total>
				<timestamp>703.994444</timestamp>
			</report>
			<report>
				<misses>3300000</misses>
				<total>1933550</total>
				<timestamp>725.994211</timestamp>
			</report>
			<report>
				<misses>3400000</misses>
				<total>2005535</total>
				<timestamp>747.994013</timestamp>
			</report>
			<report>
				<misses>3500000</misses>
				<total>2070796</total>
				<timestamp>769.993810</timestamp>
			</report>
			<report>
				<misses>3600000</misses>
				<total>2125120</total>
				<timestamp>791.993567</timestamp>
			</report>
			<report>
				<misses>3700000</misses>
				<total>2180985</total>
				<timestamp>813.993456</timestamp>
			</report>
			<report>
				<misses>3800000</misses>
				<total>2253576</total>
				<timestamp>835.993112</timestamp>
			</report>
			<report>
				<misses>3900000</misses>
				<total>2310071</total>
				<timestamp>857.992899</timestamp>
			</report>
			<report>
				<misses>4000000</misses>
				<total>2358801</total>
				<timestamp>879.992899</timestamp>
			</report>
			<report>
				<misses>4100000</misses>
				<total>2399244</total>
				<timestamp>901.992823</timestamp>
			</report>
			<report>
				<misses>4200000</misses>
				<total>2459991</total>
				<timestamp>923.992515</timestamp>
			</report>
			<report>
				<misses>4300000</misses>
				<total>2542727</total>
				<timestamp>945.992267</timestamp>
			</report>
			<report>
				<misses>4400000</misses>
				<total>2602876</total>
				<timestamp>967.992056</timestamp>
			</report>
			<report>
				<misses>4500000</misses>
				<total>2656290</total>
				<timestamp>989.991799</timestamp>
			</report>
			<report>
				<misses>4600000</misses>
				<total>2723014</total>
				<timestamp>1011.991621</timestamp>
			</report>
			<report>
				<misses>4700000</misses>
				<total>2784277</total>
				<timestamp>1033.991351</timestamp>
			</report>
			<report>
				<misses>4800000</misses>
				<total>2852184</total>
				<timestamp>1055.991143</timestamp>
			</report>
			<report>
				<misses>4900000</misses>
				<total>2914734</total>
				<timestamp>1077.990926</timestamp>
			</report>
			<report>
				<misses>5000000</misses>
				<total>2986922</total>
				<timestamp>1099.990696</timestamp>
			</report>
		</query>
	</custom>
	<ethtool_statistic>
		<rx_packets>
			<start>4149113827</start>
			<end>4200562854</end>
		</rx_packets>
		<tx_packets>
			<start>5464965653</start>
			<end>5535835654</end>
		</tx_packets>
		<rx_dropped>
			<start>0</start>
			<end>0</end>
		</rx_dropped>
		<tx_dropped>
			<start>0</start>
			<end>0</end>
		</tx_dropped>
		<collisions>
			<start>0</start>
			<end>0</end>
		</collisions>
		<port_tx_errors>
			<start>0</start>
			<end>0</end>
		</port_tx_errors>
		<port_rx_dropped>
			<start>0</start>
			<end>0</end>
		</port_rx_dropped>
		<port_tx_dropped_link_down>
			<start>0</start>
			<end>0</end>
		</port_tx_dropped_link_down>
	</ethtool_statistic>
	<ip_statistic>
		<mtu>
			<start>9000</start>
			<end>9000</end>
		</mtu>
		<rx_bytes>
			<start>37299133825321</start>
			<end>37761649137536</end>
		</rx_bytes>
		<rx_packets>
			<start>4149113910</start>
			<end>4200562896</end>
		</rx_packets>
		<rx_errors>
			<start>0</start>
			<end>0</end>
		</rx_errors>
		<rx_dropped>
			<start>0</start>
			<end>0</end>
		</rx_dropped>
		<rx_missed>
			<start>0</start>
			<end>0</end>
		</rx_missed>
		<rx_mcast>
			<start>1182</start>
			<end>1203</end>
		</rx_mcast>
		<tx_bytes>
			<start>36063118340152</start>
			<end>36667035919408</end>
		</tx_bytes>
		<tx_packets>
			<start>5464965711</start>
			<end>5535835734</end>
		</tx_packets>
		<tx_errors>
			<start>0</start>
			<end>0</end>
		</tx_errors>
		<tx_dropped>
			<start>0</start>
			<end>0</end>
		</tx_dropped>
		<tx_carrier>
			<start>0</start>
			<end>0</end>
		</tx_carrier>
		<tx_collisions>
			<start>0</start>
			<end>0</end>
		</tx_collisions>
	</ip_statistic>
	<netstat_statistic>
		<udp_pkg_rec>
			<start>3921370921</start>
			<end>3969912105</end>
		</udp_pkg_rec>
		<udp_pkg_snt>
			<start>4221015998</start>
			<end>4256894672</end>
		</udp_pkg_snt>
		<udp_rec_err>
			<start>228182405</start>
			<end>231094938</end>
		</udp_rec_err>
		<udp_rec_buf_err>
			<start>228182405</start>
			<end>231094938</end>
		</udp_rec_buf_err>
		<udp_snt_buf_err>
			<start>0</start>
			<end>0</end>
		</udp_snt_buf_err>
	</netstat_statistic>
</test_results>
