<?xml version="1.0"?>
<test_results>
	<status>STATUS_SUCCESS</status>
	<custom>
		<num_loss>171</num_loss>
		<num_total>2000001</num_total>
		<num_misses>1</num_misses>
		<elapsed_time>499.950518</elapsed_time>
		<query>
			<report>
				<misses>10000</misses>
				<total>2</total>
			</report>
			<report>
				<misses>20000</misses>
				<total>3</total>
			</report>
			<report>
				<misses>30000</misses>
				<total>3</total>
			</report>
			<report>
				<misses>40000</misses>
				<total>3</total>
			</report>
			<report>
				<misses>50000</misses>
				<total>3</total>
			</report>
			<report>
				<misses>60000</misses>
				<total>4</total>
			</report>
			<report>
				<misses>70000</misses>
				<total>5</total>
			</report>
			<report>
				<misses>80000</misses>
				<total>8</total>
			</report>
			<report>
				<misses>90000</misses>
				<total>8</total>
			</report>
			<report>
				<misses>100000</misses>
				<total>12</total>
			</report>
			<report>
				<misses>110000</misses>
				<total>14</total>
			</report>
			<report>
				<misses>120000</misses>
				<total>14</total>
			</report>
			<report>
				<misses>130000</misses>
				<total>14</total>
			</report>
			<report>
				<misses>140000</misses>
				<total>14</total>
			</report>
			<report>
				<misses>150000</misses>
				<total>18</total>
			</report>
			<report>
				<misses>160000</misses>
				<total>18</total>
			</report>
			<report>
				<misses>170000</misses>
				<total>18</total>
			</report>
			<report>
				<misses>180000</misses>
				<total>19</total>
			</report>
			<report>
				<misses>190000</misses>
				<total>20</total>
			</report>
			<report>
				<misses>200000</misses>
				<total>25</total>
			</report>
			<report>
				<misses>210000</misses>
				<total>25</total>
			</report>
			<report>
				<misses>220000</misses>
				<total>25</total>
			</report>
			<report>
				<misses>230000</misses>
				<total>26</total>
			</report>
			<report>
				<misses>240000</misses>
				<total>26</total>
			</report>
			<report>
				<misses>250000</misses>
				<total>26</total>
			</report>
			<report>
				<misses>260000</misses>
				<total>28</total>
			</report>
			<report>
				<misses>270000</misses>
				<total>28</total>
			</report>
			<report>
				<misses>280000</misses>
				<total>28</total>
			</report>
			<report>
				<misses>290000</misses>
				<total>28</total>
			</report>
			<report>
				<misses>300000</misses>
				<total>28</total>
			</report>
			<report>
				<misses>310000</misses>
				<total>33</total>
			</report>
			<report>
				<misses>320000</misses>
				<total>33</total>
			</report>
			<report>
				<misses>330000</misses>
				<total>33</total>
			</report>
			<report>
				<misses>340000</misses>
				<total>33</total>
			</report>
			<report>
				<misses>350000</misses>
				<total>34</total>
			</report>
			<report>
				<misses>360000</misses>
				<total>34</total>
			</report>
			<report>
				<misses>370000</misses>
				<total>38</total>
			</report>
			<report>
				<misses>380000</misses>
				<total>39</total>
			</report>
			<report>
				<misses>390000</misses>
				<total>39</total>
			</report>
			<report>
				<misses>400000</misses>
				<total>39</total>
			</report>
			<report>
				<misses>410000</misses>
				<total>39</total>
			</report>
			<report>
				<misses>420000</misses>
				<total>39</total>
			</report>
			<report>
				<misses>430000</misses>
				<total>40</total>
			</report>
			<report>
				<misses>440000</misses>
				<total>40</total>
			</report>
			<report>
				<misses>450000</misses>
				<total>40</total>
			</report>
			<report>
				<misses>460000</misses>
				<total>42</total>
			</report>
			<report>
				<misses>470000</misses>
				<total>42</total>
			</report>
			<report>
				<misses>480000</misses>
				<total>42</total>
			</report>
			<report>
				<misses>490000</misses>
				<total>46</total>
			</report>
			<report>
				<misses>500000</misses>
				<total>46</total>
			</report>
			<report>
				<misses>510000</misses>
				<total>46</total>
			</report>
			<report>
				<misses>520000</misses>
				<total>46</total>
			</report>
			<report>
				<misses>530000</misses>
				<total>47</total>
			</report>
			<report>
				<misses>540000</misses>
				<total>47</total>
			</report>
			<report>
				<misses>550000</misses>
				<total>47</total>
			</report>
			<report>
				<misses>560000</misses>
				<total>47</total>
			</report>
			<report>
				<misses>570000</misses>
				<total>47</total>
			</report>
			<report>
				<misses>580000</misses>
				<total>46</total>
			</report>
			<report>
				<misses>590000</misses>
				<total>46</total>
			</report>
			<report>
				<misses>600000</misses>
				<total>47</total>
			</report>
			<report>
				<misses>610000</misses>
				<total>52</total>
			</report>
			<report>
				<misses>620000</misses>
				<total>52</total>
			</report>
			<report>
				<misses>630000</misses>
				<total>57</total>
			</report>
			<report>
				<misses>640000</misses>
				<total>58</total>
			</report>
			<report>
				<misses>650000</misses>
				<total>58</total>
			</report>
			<report>
				<misses>660000</misses>
				<total>60</total>
			</report>
			<report>
				<misses>670000</misses>
				<total>62</total>
			</report>
			<report>
				<misses>680000</misses>
				<total>65</total>
			</report>
			<report>
				<misses>690000</misses>
				<total>65</total>
			</report>
			<report>
				<misses>700000</misses>
				<total>65</total>
			</report>
			<report>
				<misses>710000</misses>
				<total>65</total>
			</report>
			<report>
				<misses>720000</misses>
				<total>68</total>
			</report>
			<report>
				<misses>730000</misses>
				<total>68</total>
			</report>
			<report>
				<misses>740000</misses>
				<total>71</total>
			</report>
			<report>
				<misses>750000</misses>
				<total>71</total>
			</report>
			<report>
				<misses>760000</misses>
				<total>72</total>
			</report>
			<report>
				<misses>770000</misses>
				<total>73</total>
			</report>
			<report>
				<misses>780000</misses>
				<total>74</total>
			</report>
			<report>
				<misses>790000</misses>
				<total>76</total>
			</report>
			<report>
				<misses>800000</misses>
				<total>76</total>
			</report>
			<report>
				<misses>810000</misses>
				<total>76</total>
			</report>
			<report>
				<misses>820000</misses>
				<total>80</total>
			</report>
			<report>
				<misses>830000</misses>
				<total>80</total>
			</report>
			<report>
				<misses>840000</misses>
				<total>80</total>
			</report>
			<report>
				<misses>850000</misses>
				<total>84</total>
			</report>
			<report>
				<misses>860000</misses>
				<total>85</total>
			</report>
			<report>
				<misses>870000</misses>
				<total>87</total>
			</report>
			<report>
				<misses>880000</misses>
				<total>95</total>
			</report>
			<report>
				<misses>890000</misses>
				<total>95</total>
			</report>
			<report>
				<misses>900000</misses>
				<total>95</total>
			</report>
			<report>
				<misses>910000</misses>
				<total>96</total>
			</report>
			<report>
				<misses>920000</misses>
				<total>96</total>
			</report>
			<report>
				<misses>930000</misses>
				<total>98</total>
			</report>
			<report>
				<misses>940000</misses>
				<total>98</total>
			</report>
			<report>
				<misses>950000</misses>
				<total>98</total>
			</report>
			<report>
				<misses>960000</misses>
				<total>98</total>
			</report>
			<report>
				<misses>970000</misses>
				<total>98</total>
			</report>
			<report>
				<misses>980000</misses>
				<total>99</total>
			</report>
			<report>
				<misses>990000</misses>
				<total>99</total>
			</report>
			<report>
				<misses>1000000</misses>
				<total>99</total>
			</report>
			<report>
				<misses>1010000</misses>
				<total>110</total>
			</report>
			<report>
				<misses>1020000</misses>
				<total>111</total>
			</report>
			<report>
				<misses>1030000</misses>
				<total>111</total>
			</report>
			<report>
				<misses>1040000</misses>
				<total>111</total>
			</report>
			<report>
				<misses>1050000</misses>
				<total>113</total>
			</report>
			<report>
				<misses>1060000</misses>
				<total>123</total>
			</report>
			<report>
				<misses>1070000</misses>
				<total>124</total>
			</report>
			<report>
				<misses>1080000</misses>
				<total>125</total>
			</report>
			<report>
				<misses>1090000</misses>
				<total>125</total>
			</report>
			<report>
				<misses>1100000</misses>
				<total>128</total>
			</report>
			<report>
				<misses>1110000</misses>
				<total>129</total>
			</report>
			<report>
				<misses>1120000</misses>
				<total>129</total>
			</report>
			<report>
				<misses>1130000</misses>
				<total>130</total>
			</report>
			<report>
				<misses>1140000</misses>
				<total>130</total>
			</report>
			<report>
				<misses>1150000</misses>
				<total>131</total>
			</report>
			<report>
				<misses>1160000</misses>
				<total>131</total>
			</report>
			<report>
				<misses>1170000</misses>
				<total>131</total>
			</report>
			<report>
				<misses>1180000</misses>
				<total>131</total>
			</report>
			<report>
				<misses>1190000</misses>
				<total>131</total>
			</report>
			<report>
				<misses>1200000</misses>
				<total>131</total>
			</report>
			<report>
				<misses>1210000</misses>
				<total>131</total>
			</report>
			<report>
				<misses>1220000</misses>
				<total>131</total>
			</report>
			<report>
				<misses>1230000</misses>
				<total>134</total>
			</report>
			<report>
				<misses>1240000</misses>
				<total>133</total>
			</report>
			<report>
				<misses>1250000</misses>
				<total>136</total>
			</report>
			<report>
				<misses>1260000</misses>
				<total>136</total>
			</report>
			<report>
				<misses>1270000</misses>
				<total>138</total>
			</report>
			<report>
				<misses>1280000</misses>
				<total>138</total>
			</report>
			<report>
				<misses>1290000</misses>
				<total>140</total>
			</report>
			<report>
				<misses>1300000</misses>
				<total>140</total>
			</report>
			<report>
				<misses>1310000</misses>
				<total>140</total>
			</report>
			<report>
				<misses>1320000</misses>
				<total>140</total>
			</report>
			<report>
				<misses>1330000</misses>
				<total>140</total>
			</report>
			<report>
				<misses>1340000</misses>
				<total>141</total>
			</report>
			<report>
				<misses>1350000</misses>
				<total>141</total>
			</report>
			<report>
				<misses>1360000</misses>
				<total>141</total>
			</report>
			<report>
				<misses>1370000</misses>
				<total>142</total>
			</report>
			<report>
				<misses>1380000</misses>
				<total>142</total>
			</report>
			<report>
				<misses>1390000</misses>
				<total>142</total>
			</report>
			<report>
				<misses>1400000</misses>
				<total>142</total>
			</report>
			<report>
				<misses>1410000</misses>
				<total>142</total>
			</report>
			<report>
				<misses>1420000</misses>
				<total>145</total>
			</report>
			<report>
				<misses>1430000</misses>
				<total>145</total>
			</report>
			<report>
				<misses>1440000</misses>
				<total>147</total>
			</report>
			<report>
				<misses>1450000</misses>
				<total>147</total>
			</report>
			<report>
				<misses>1460000</misses>
				<total>147</total>
			</report>
			<report>
				<misses>1470000</misses>
				<total>147</total>
			</report>
			<report>
				<misses>1480000</misses>
				<total>147</total>
			</report>
			<report>
				<misses>1490000</misses>
				<total>148</total>
			</report>
			<report>
				<misses>1500000</misses>
				<total>148</total>
			</report>
			<report>
				<misses>1510000</misses>
				<total>155</total>
			</report>
			<report>
				<misses>1520000</misses>
				<total>155</total>
			</report>
			<report>
				<misses>1530000</misses>
				<total>155</total>
			</report>
			<report>
				<misses>1540000</misses>
				<total>157</total>
			</report>
			<report>
				<misses>1550000</misses>
				<total>157</total>
			</report>
			<report>
				<misses>1560000</misses>
				<total>157</total>
			</report>
			<report>
				<misses>1570000</misses>
				<total>157</total>
			</report>
			<report>
				<misses>1580000</misses>
				<total>157</total>
			</report>
			<report>
				<misses>1590000</misses>
				<total>157</total>
			</report>
			<report>
				<misses>1600000</misses>
				<total>159</total>
			</report>
			<report>
				<misses>1610000</misses>
				<total>159</total>
			</report>
			<report>
				<misses>1620000</misses>
				<total>160</total>
			</report>
			<report>
				<misses>1630000</misses>
				<total>160</total>
			</report>
			<report>
				<misses>1640000</misses>
				<total>160</total>
			</report>
			<report>
				<misses>1650000</misses>
				<total>161</total>
			</report>
			<report>
				<misses>1660000</misses>
				<total>161</total>
			</report>
			<report>
				<misses>1670000</misses>
				<total>161</total>
			</report>
			<report>
				<misses>1680000</misses>
				<total>160</total>
			</report>
			<report>
				<misses>1690000</misses>
				<total>161</total>
			</report>
			<report>
				<misses>1700000</misses>
				<total>161</total>
			</report>
			<report>
				<misses>1710000</misses>
				<total>162</total>
			</report>
			<report>
				<misses>1720000</misses>
				<total>162</total>
			</report>
			<report>
				<misses>1730000</misses>
				<total>163</total>
			</report>
			<report>
				<misses>1740000</misses>
				<total>163</total>
			</report>
			<report>
				<misses>1750000</misses>
				<total>163</total>
			</report>
			<report>
				<misses>1760000</misses>
				<total>164</total>
			</report>
			<report>
				<misses>1770000</misses>
				<total>164</total>
			</report>
			<report>
				<misses>1780000</misses>
				<total>165</total>
			</report>
			<report>
				<misses>1790000</misses>
				<total>166</total>
			</report>
			<report>
				<misses>1800000</misses>
				<total>166</total>
			</report>
			<report>
				<misses>1810000</misses>
				<total>166</total>
			</report>
			<report>
				<misses>1820000</misses>
				<total>166</total>
			</report>
			<report>
				<misses>1830000</misses>
				<total>166</total>
			</report>
			<report>
				<misses>1840000</misses>
				<total>166</total>
			</report>
			<report>
				<misses>1850000</misses>
				<total>166</total>
			</report>
			<report>
				<misses>1860000</misses>
				<total>166</total>
			</report>
			<report>
				<misses>1870000</misses>
				<total>166</total>
			</report>
			<report>
				<misses>1880000</misses>
				<total>166</total>
			</report>
			<report>
				<misses>1890000</misses>
				<total>166</total>
			</report>
			<report>
				<misses>1900000</misses>
				<total>167</total>
			</report>
			<report>
				<misses>1910000</misses>
				<total>167</total>
			</report>
			<report>
				<misses>1920000</misses>
				<total>168</total>
			</report>
			<report>
				<misses>1930000</misses>
				<total>171</total>
			</report>
			<report>
				<misses>1940000</misses>
				<total>171</total>
			</report>
			<report>
				<misses>1950000</misses>
				<total>171</total>
			</report>
			<report>
				<misses>1960000</misses>
				<total>171</total>
			</report>
			<report>
				<misses>1970000</misses>
				<total>171</total>
			</report>
			<report>
				<misses>1980000</misses>
				<total>171</total>
			</report>
			<report>
				<misses>1990000</misses>
				<total>171</total>
			</report>
			<report>
				<misses>2000000</misses>
				<total>172</total>
			</report>
		</query>
	</custom>
	<ethtool_statistic>
		<rx_packets>
			<start>17428067135</start>
			<end>17451576408</end>
		</rx_packets>
		<tx_packets>
			<start>20568158579</start>
			<end>20598262655</end>
		</tx_packets>
		<rx_dropped>
			<start>267</start>
			<end>267</end>
		</rx_dropped>
		<tx_dropped>
			<start>0</start>
			<end>0</end>
		</tx_dropped>
		<collisions>
			<start>0</start>
			<end>0</end>
		</collisions>
		<port_tx_errors>
			<start>0</start>
			<end>0</end>
		</port_tx_errors>
		<port_rx_dropped>
			<start>0</start>
			<end>0</end>
		</port_rx_dropped>
		<port_tx_dropped_link_down>
			<start>0</start>
			<end>0</end>
		</port_tx_dropped_link_down>
	</ethtool_statistic>
	<ip_statistic>
		<mtu>
			<start>9000</start>
			<end>9000</end>
		</mtu>
		<rx_bytes>
			<start>156665123869694</start>
			<end>156876467963209</end>
		</rx_bytes>
		<rx_packets>
			<start>17428067195</start>
			<end>17451576428</end>
		</rx_packets>
		<rx_errors>
			<start>0</start>
			<end>0</end>
		</rx_errors>
		<rx_dropped>
			<start>273</start>
			<end>273</end>
		</rx_dropped>
		<rx_missed>
			<start>0</start>
			<end>0</end>
		</rx_missed>
		<rx_mcast>
			<start>12476</start>
			<end>12481</end>
		</rx_mcast>
		<tx_bytes>
			<start>140811439337351</start>
			<end>141068792986011</end>
		</tx_bytes>
		<tx_packets>
			<start>20568158627</start>
			<end>20598262713</end>
		</tx_packets>
		<tx_errors>
			<start>0</start>
			<end>0</end>
		</tx_errors>
		<tx_dropped>
			<start>0</start>
			<end>0</end>
		</tx_dropped>
		<tx_carrier>
			<start>0</start>
			<end>0</end>
		</tx_carrier>
		<tx_collisions>
			<start>0</start>
			<end>0</end>
		</tx_collisions>
	</ip_statistic>
	<netstat_statistic>
		<udp_pkg_rec>
			<start>17135125733</start>
			<end>17158104883</end>
		</udp_pkg_rec>
		<udp_pkg_snt>
			<start>17028419726</start>
			<end>17044526337</end>
		</udp_pkg_snt>
		<udp_rec_err>
			<start>294935098</start>
			<end>295465073</end>
		</udp_rec_err>
		<udp_rec_buf_err>
			<start>294935098</start>
			<end>295465073</end>
		</udp_rec_buf_err>
		<udp_snt_buf_err>
			<start>28</start>
			<end>28</end>
		</udp_snt_buf_err>
	</netstat_statistic>
</test_results>
