<?xml version="1.0"?>
<test_results>
	<status>STATUS_SUCCESS</status>
	<custom>
		<num_loss>37</num_loss>
		<num_total>7759035</num_total>
		<num_misses>40221054</num_misses>
		<elapsed_time>119.950032</elapsed_time>
		<query>
			<report>
				<misses>100001</misses>
				<total>0</total>
				<timestamp>1.161649</timestamp>
			</report>
			<report>
				<misses>200001</misses>
				<total>0</total>
				<timestamp>2.474410</timestamp>
			</report>
			<report>
				<misses>300001</misses>
				<total>0</total>
				<timestamp>3.972768</timestamp>
			</report>
			<report>
				<misses>400001</misses>
				<total>0</total>
				<timestamp>5.469939</timestamp>
			</report>
			<report>
				<misses>500001</misses>
				<total>0</total>
				<timestamp>6.981600</timestamp>
			</report>
			<report>
				<misses>600001</misses>
				<total>0</total>
				<timestamp>8.494985</timestamp>
			</report>
			<report>
				<misses>700001</misses>
				<total>0</total>
				<timestamp>10.015801</timestamp>
			</report>
			<report>
				<misses>800001</misses>
				<total>0</total>
				<timestamp>11.521608</timestamp>
			</report>
			<report>
				<misses>900001</misses>
				<total>0</total>
				<timestamp>13.024901</timestamp>
			</report>
			<report>
				<misses>1000001</misses>
				<total>0</total>
				<timestamp>14.548532</timestamp>
			</report>
			<report>
				<misses>1100001</misses>
				<total>0</total>
				<timestamp>16.074825</timestamp>
			</report>
			<report>
				<misses>1200001</misses>
				<total>0</total>
				<timestamp>17.610549</timestamp>
			</report>
			<report>
				<misses>1300001</misses>
				<total>0</total>
				<timestamp>19.151838</timestamp>
			</report>
			<report>
				<misses>1400001</misses>
				<total>0</total>
				<timestamp>20.702474</timestamp>
			</report>
			<report>
				<misses>1500001</misses>
				<total>0</total>
				<timestamp>22.245994</timestamp>
			</report>
			<report>
				<misses>1600001</misses>
				<total>0</total>
				<timestamp>23.768800</timestamp>
			</report>
			<report>
				<misses>1700001</misses>
				<total>0</total>
				<timestamp>25.267482</timestamp>
			</report>
			<report>
				<misses>1800001</misses>
				<total>0</total>
				<timestamp>26.769987</timestamp>
			</report>
			<report>
				<misses>1900001</misses>
				<total>0</total>
				<timestamp>28.261731</timestamp>
			</report>
			<report>
				<misses>2000001</misses>
				<total>0</total>
				<timestamp>29.756161</timestamp>
			</report>
			<report>
				<misses>2100001</misses>
				<total>0</total>
				<timestamp>31.249556</timestamp>
			</report>
			<report>
				<misses>2200001</misses>
				<total>0</total>
				<timestamp>32.750718</timestamp>
			</report>
			<report>
				<misses>2300001</misses>
				<total>0</total>
				<timestamp>34.259647</timestamp>
			</report>
			<report>
				<misses>2400001</misses>
				<total>0</total>
				<timestamp>35.761166</timestamp>
			</report>
			<report>
				<misses>2500001</misses>
				<total>0</total>
				<timestamp>37.257901</timestamp>
			</report>
			<report>
				<misses>2600001</misses>
				<total>0</total>
				<timestamp>38.764840</timestamp>
			</report>
			<report>
				<misses>2700001</misses>
				<total>8</total>
				<timestamp>40.277969</timestamp>
			</report>
			<report>
				<misses>2800001</misses>
				<total>8</total>
				<timestamp>41.783525</timestamp>
			</report>
			<report>
				<misses>2900001</misses>
				<total>8</total>
				<timestamp>43.282768</timestamp>
			</report>
			<report>
				<misses>3000001</misses>
				<total>8</total>
				<timestamp>44.787748</timestamp>
			</report>
			<report>
				<misses>3100001</misses>
				<total>8</total>
				<timestamp>46.295291</timestamp>
			</report>
			<report>
				<misses>3200001</misses>
				<total>8</total>
				<timestamp>47.820043</timestamp>
			</report>
			<report>
				<misses>3300001</misses>
				<total>8</total>
				<timestamp>49.340057</timestamp>
			</report>
			<report>
				<misses>3400001</misses>
				<total>8</total>
				<timestamp>50.866344</timestamp>
			</report>
			<report>
				<misses>3500001</misses>
				<total>8</total>
				<timestamp>52.392339</timestamp>
			</report>
			<report>
				<misses>3600001</misses>
				<total>8</total>
				<timestamp>53.923746</timestamp>
			</report>
			<report>
				<misses>3700001</misses>
				<total>8</total>
				<timestamp>55.462270</timestamp>
			</report>
			<report>
				<misses>3800001</misses>
				<total>8</total>
				<timestamp>57.001081</timestamp>
			</report>
			<report>
				<misses>3900001</misses>
				<total>8</total>
				<timestamp>58.543210</timestamp>
			</report>
			<report>
				<misses>4000001</misses>
				<total>8</total>
				<timestamp>60.090975</timestamp>
			</report>
			<report>
				<misses>4100001</misses>
				<total>8</total>
				<timestamp>61.633637</timestamp>
			</report>
			<report>
				<misses>4200001</misses>
				<total>8</total>
				<timestamp>63.192325</timestamp>
			</report>
			<report>
				<misses>4300001</misses>
				<total>8</total>
				<timestamp>64.762780</timestamp>
			</report>
			<report>
				<misses>4400001</misses>
				<total>8</total>
				<timestamp>66.327943</timestamp>
			</report>
			<report>
				<misses>4500001</misses>
				<total>8</total>
				<timestamp>67.894899</timestamp>
			</report>
			<report>
				<misses>4600001</misses>
				<total>8</total>
				<timestamp>69.455006</timestamp>
			</report>
			<report>
				<misses>4700001</misses>
				<total>8</total>
				<timestamp>71.023057</timestamp>
			</report>
			<report>
				<misses>4800001</misses>
				<total>8</total>
				<timestamp>72.599790</timestamp>
			</report>
			<report>
				<misses>4900001</misses>
				<total>8</total>
				<timestamp>74.173365</timestamp>
			</report>
			<report>
				<misses>5000001</misses>
				<total>8</total>
				<timestamp>75.750440</timestamp>
			</report>
			<report>
				<misses>5100001</misses>
				<total>8</total>
				<timestamp>77.316061</timestamp>
			</report>
			<report>
				<misses>5200001</misses>
				<total>8</total>
				<timestamp>78.885373</timestamp>
			</report>
			<report>
				<misses>5300001</misses>
				<total>8</total>
				<timestamp>80.457654</timestamp>
			</report>
			<report>
				<misses>5400001</misses>
				<total>8</total>
				<timestamp>82.030669</timestamp>
			</report>
			<report>
				<misses>5500001</misses>
				<total>8</total>
				<timestamp>83.610367</timestamp>
			</report>
			<report>
				<misses>5600001</misses>
				<total>8</total>
				<timestamp>85.192291</timestamp>
			</report>
			<report>
				<misses>5700001</misses>
				<total>8</total>
				<timestamp>86.770115</timestamp>
			</report>
			<report>
				<misses>5800001</misses>
				<total>8</total>
				<timestamp>88.354397</timestamp>
			</report>
			<report>
				<misses>5900001</misses>
				<total>8</total>
				<timestamp>89.935277</timestamp>
			</report>
			<report>
				<misses>6000001</misses>
				<total>8</total>
				<timestamp>91.510258</timestamp>
			</report>
			<report>
				<misses>6100001</misses>
				<total>8</total>
				<timestamp>93.099474</timestamp>
			</report>
			<report>
				<misses>6200001</misses>
				<total>8</total>
				<timestamp>94.689430</timestamp>
			</report>
			<report>
				<misses>6300001</misses>
				<total>8</total>
				<timestamp>96.276030</timestamp>
			</report>
			<report>
				<misses>6400001</misses>
				<total>8</total>
				<timestamp>97.877606</timestamp>
			</report>
			<report>
				<misses>6500001</misses>
				<total>8</total>
				<timestamp>99.493303</timestamp>
			</report>
			<report>
				<misses>6600001</misses>
				<total>37</total>
				<timestamp>101.110736</timestamp>
			</report>
			<report>
				<misses>6700001</misses>
				<total>37</total>
				<timestamp>102.723654</timestamp>
			</report>
			<report>
				<misses>6800001</misses>
				<total>37</total>
				<timestamp>104.341555</timestamp>
			</report>
			<report>
				<misses>6900001</misses>
				<total>37</total>
				<timestamp>105.945298</timestamp>
			</report>
			<report>
				<misses>7000001</misses>
				<total>37</total>
				<timestamp>107.546604</timestamp>
			</report>
			<report>
				<misses>7100001</misses>
				<total>37</total>
				<timestamp>109.164355</timestamp>
			</report>
			<report>
				<misses>7200001</misses>
				<total>37</total>
				<timestamp>110.789643</timestamp>
			</report>
			<report>
				<misses>7300001</misses>
				<total>37</total>
				<timestamp>112.418054</timestamp>
			</report>
			<report>
				<misses>7400001</misses>
				<total>37</total>
				<timestamp>114.051403</timestamp>
			</report>
			<report>
				<misses>7500001</misses>
				<total>37</total>
				<timestamp>115.688964</timestamp>
			</report>
			<report>
				<misses>7600001</misses>
				<total>37</total>
				<timestamp>117.333637</timestamp>
			</report>
			<report>
				<misses>7700001</misses>
				<total>37</total>
				<timestamp>118.978268</timestamp>
			</report>
		</query>
	</custom>
	<ethtool_statistic>
		<rx_packets>
			<start>439801262</start>
			<end>449551129</end>
		</rx_packets>
		<tx_packets>
			<start>486821568</start>
			<end>494580710</end>
		</tx_packets>
		<rx_dropped>
			<start>0</start>
			<end>0</end>
		</rx_dropped>
		<tx_dropped>
			<start>0</start>
			<end>0</end>
		</tx_dropped>
		<collisions>
			<start>0</start>
			<end>0</end>
		</collisions>
		<port_tx_errors>
			<start>0</start>
			<end>0</end>
		</port_tx_errors>
		<port_rx_dropped>
			<start>0</start>
			<end>0</end>
		</port_rx_dropped>
		<port_tx_dropped_link_down>
			<start>0</start>
			<end>0</end>
		</port_tx_dropped_link_down>
	</ethtool_statistic>
	<ip_statistic>
		<mtu>
			<start>9000</start>
			<end>9000</end>
		</mtu>
		<rx_bytes>
			<start>2570386563148</start>
			<end>2657568230870</end>
		</rx_bytes>
		<rx_packets>
			<start>439801262</start>
			<end>449551129</end>
		</rx_packets>
		<rx_errors>
			<start>0</start>
			<end>0</end>
		</rx_errors>
		<rx_dropped>
			<start>0</start>
			<end>0</end>
		</rx_dropped>
		<rx_missed>
			<start>0</start>
			<end>0</end>
		</rx_missed>
		<rx_mcast>
			<start>8</start>
			<end>8</end>
		</rx_mcast>
		<tx_bytes>
			<start>2669982254921</start>
			<end>2739362866949</end>
		</tx_bytes>
		<tx_packets>
			<start>486821568</start>
			<end>494580710</end>
		</tx_packets>
		<tx_errors>
			<start>0</start>
			<end>0</end>
		</tx_errors>
		<tx_dropped>
			<start>0</start>
			<end>0</end>
		</tx_dropped>
		<tx_carrier>
			<start>0</start>
			<end>0</end>
		</tx_carrier>
		<tx_collisions>
			<start>0</start>
			<end>0</end>
		</tx_collisions>
	</ip_statistic>
	<netstat_statistic>
		<udp_pkg_rec>
			<start>2623589991</start>
			<end>2714495532</end>
		</udp_pkg_rec>
		<udp_pkg_snt>
			<start>2586466165</start>
			<end>2651526245</end>
		</udp_pkg_snt>
		<udp_rec_err>
			<start>0</start>
			<end>0</end>
		</udp_rec_err>
		<udp_rec_buf_err>
			<start>0</start>
			<end>0</end>
		</udp_rec_buf_err>
		<udp_snt_buf_err>
			<start>0</start>
			<end>0</end>
		</udp_snt_buf_err>
	</netstat_statistic>
</test_results>
