<?xml version="1.0"?>
<test_results>
	<status>STATUS_SUCCESS</status>
	<custom>
		<num_loss>51</num_loss>
		<num_total>32500001</num_total>
		<num_misses>1487761</num_misses>
		<elapsed_time>339.874473</elapsed_time>
		<query>
			<report>
				<misses>100000</misses>
				<total>0</total>
				<timestamp>1.043643</timestamp>
			</report>
			<report>
				<misses>200000</misses>
				<total>0</total>
				<timestamp>2.089960</timestamp>
			</report>
			<report>
				<misses>300000</misses>
				<total>0</total>
				<timestamp>3.141124</timestamp>
			</report>
			<report>
				<misses>400000</misses>
				<total>0</total>
				<timestamp>4.184556</timestamp>
			</report>
			<report>
				<misses>500000</misses>
				<total>0</total>
				<timestamp>5.251048</timestamp>
			</report>
			<report>
				<misses>600000</misses>
				<total>0</total>
				<timestamp>6.286718</timestamp>
			</report>
			<report>
				<misses>700000</misses>
				<total>0</total>
				<timestamp>7.353136</timestamp>
			</report>
			<report>
				<misses>800000</misses>
				<total>0</total>
				<timestamp>8.408896</timestamp>
			</report>
			<report>
				<misses>900000</misses>
				<total>0</total>
				<timestamp>9.467949</timestamp>
			</report>
			<report>
				<misses>1000000</misses>
				<total>0</total>
				<timestamp>10.521020</timestamp>
			</report>
			<report>
				<misses>1100000</misses>
				<total>0</total>
				<timestamp>11.546008</timestamp>
			</report>
			<report>
				<misses>1200000</misses>
				<total>0</total>
				<timestamp>12.603646</timestamp>
			</report>
			<report>
				<misses>1300000</misses>
				<total>0</total>
				<timestamp>13.648154</timestamp>
			</report>
			<report>
				<misses>1400000</misses>
				<total>0</total>
				<timestamp>14.699910</timestamp>
			</report>
			<report>
				<misses>1500000</misses>
				<total>0</total>
				<timestamp>15.743901</timestamp>
			</report>
			<report>
				<misses>1600000</misses>
				<total>0</total>
				<timestamp>16.786139</timestamp>
			</report>
			<report>
				<misses>1700000</misses>
				<total>0</total>
				<timestamp>17.833315</timestamp>
			</report>
			<report>
				<misses>1800000</misses>
				<total>0</total>
				<timestamp>18.871588</timestamp>
			</report>
			<report>
				<misses>1900000</misses>
				<total>1</total>
				<timestamp>19.907033</timestamp>
			</report>
			<report>
				<misses>2000000</misses>
				<total>1</total>
				<timestamp>20.951020</timestamp>
			</report>
			<report>
				<misses>2100000</misses>
				<total>1</total>
				<timestamp>21.987230</timestamp>
			</report>
			<report>
				<misses>2200000</misses>
				<total>3</total>
				<timestamp>23.021234</timestamp>
			</report>
			<report>
				<misses>2300000</misses>
				<total>3</total>
				<timestamp>24.044801</timestamp>
			</report>
			<report>
				<misses>2400000</misses>
				<total>3</total>
				<timestamp>25.095080</timestamp>
			</report>
			<report>
				<misses>2500000</misses>
				<total>3</total>
				<timestamp>26.134423</timestamp>
			</report>
			<report>
				<misses>2600000</misses>
				<total>3</total>
				<timestamp>27.176121</timestamp>
			</report>
			<report>
				<misses>2700000</misses>
				<total>3</total>
				<timestamp>28.241448</timestamp>
			</report>
			<report>
				<misses>2800000</misses>
				<total>3</total>
				<timestamp>29.284586</timestamp>
			</report>
			<report>
				<misses>2900000</misses>
				<total>3</total>
				<timestamp>30.329796</timestamp>
			</report>
			<report>
				<misses>3000000</misses>
				<total>3</total>
				<timestamp>31.371065</timestamp>
			</report>
			<report>
				<misses>3100000</misses>
				<total>3</total>
				<timestamp>32.409970</timestamp>
			</report>
			<report>
				<misses>3200000</misses>
				<total>3</total>
				<timestamp>33.472607</timestamp>
			</report>
			<report>
				<misses>3300000</misses>
				<total>3</total>
				<timestamp>34.512806</timestamp>
			</report>
			<report>
				<misses>3400000</misses>
				<total>3</total>
				<timestamp>35.580152</timestamp>
			</report>
			<report>
				<misses>3500000</misses>
				<total>3</total>
				<timestamp>36.623440</timestamp>
			</report>
			<report>
				<misses>3600000</misses>
				<total>3</total>
				<timestamp>37.657458</timestamp>
			</report>
			<report>
				<misses>3700000</misses>
				<total>3</total>
				<timestamp>38.700073</timestamp>
			</report>
			<report>
				<misses>3800000</misses>
				<total>3</total>
				<timestamp>39.750555</timestamp>
			</report>
			<report>
				<misses>3900000</misses>
				<total>3</total>
				<timestamp>40.810078</timestamp>
			</report>
			<report>
				<misses>4000000</misses>
				<total>3</total>
				<timestamp>41.874663</timestamp>
			</report>
			<report>
				<misses>4100000</misses>
				<total>3</total>
				<timestamp>42.927555</timestamp>
			</report>
			<report>
				<misses>4200000</misses>
				<total>3</total>
				<timestamp>43.979755</timestamp>
			</report>
			<report>
				<misses>4300000</misses>
				<total>3</total>
				<timestamp>45.029581</timestamp>
			</report>
			<report>
				<misses>4400000</misses>
				<total>3</total>
				<timestamp>46.072932</timestamp>
			</report>
			<report>
				<misses>4500000</misses>
				<total>3</total>
				<timestamp>47.138827</timestamp>
			</report>
			<report>
				<misses>4600000</misses>
				<total>5</total>
				<timestamp>48.195828</timestamp>
			</report>
			<report>
				<misses>4700000</misses>
				<total>5</total>
				<timestamp>49.246720</timestamp>
			</report>
			<report>
				<misses>4800000</misses>
				<total>5</total>
				<timestamp>50.289595</timestamp>
			</report>
			<report>
				<misses>4900000</misses>
				<total>5</total>
				<timestamp>51.340618</timestamp>
			</report>
			<report>
				<misses>5000000</misses>
				<total>5</total>
				<timestamp>52.384776</timestamp>
			</report>
			<report>
				<misses>5100000</misses>
				<total>5</total>
				<timestamp>53.437100</timestamp>
			</report>
			<report>
				<misses>5200000</misses>
				<total>5</total>
				<timestamp>54.500853</timestamp>
			</report>
			<report>
				<misses>5300000</misses>
				<total>5</total>
				<timestamp>55.556738</timestamp>
			</report>
			<report>
				<misses>5400000</misses>
				<total>5</total>
				<timestamp>56.600926</timestamp>
			</report>
			<report>
				<misses>5500000</misses>
				<total>5</total>
				<timestamp>57.642857</timestamp>
			</report>
			<report>
				<misses>5600000</misses>
				<total>5</total>
				<timestamp>58.681133</timestamp>
			</report>
			<report>
				<misses>5700000</misses>
				<total>5</total>
				<timestamp>59.726955</timestamp>
			</report>
			<report>
				<misses>5800000</misses>
				<total>7</total>
				<timestamp>60.764082</timestamp>
			</report>
			<report>
				<misses>5900000</misses>
				<total>7</total>
				<timestamp>61.805041</timestamp>
			</report>
			<report>
				<misses>6000000</misses>
				<total>7</total>
				<timestamp>62.868331</timestamp>
			</report>
			<report>
				<misses>6100000</misses>
				<total>7</total>
				<timestamp>63.919010</timestamp>
			</report>
			<report>
				<misses>6200000</misses>
				<total>7</total>
				<timestamp>64.961016</timestamp>
			</report>
			<report>
				<misses>6300000</misses>
				<total>7</total>
				<timestamp>66.002745</timestamp>
			</report>
			<report>
				<misses>6400000</misses>
				<total>7</total>
				<timestamp>67.041266</timestamp>
			</report>
			<report>
				<misses>6500000</misses>
				<total>7</total>
				<timestamp>68.085702</timestamp>
			</report>
			<report>
				<misses>6600000</misses>
				<total>7</total>
				<timestamp>69.126353</timestamp>
			</report>
			<report>
				<misses>6700000</misses>
				<total>7</total>
				<timestamp>70.160018</timestamp>
			</report>
			<report>
				<misses>6800000</misses>
				<total>7</total>
				<timestamp>71.222013</timestamp>
			</report>
			<report>
				<misses>6900000</misses>
				<total>7</total>
				<timestamp>72.251278</timestamp>
			</report>
			<report>
				<misses>7000000</misses>
				<total>7</total>
				<timestamp>73.297167</timestamp>
			</report>
			<report>
				<misses>7100000</misses>
				<total>7</total>
				<timestamp>74.324371</timestamp>
			</report>
			<report>
				<misses>7200000</misses>
				<total>7</total>
				<timestamp>75.370440</timestamp>
			</report>
			<report>
				<misses>7300000</misses>
				<total>7</total>
				<timestamp>76.411965</timestamp>
			</report>
			<report>
				<misses>7400000</misses>
				<total>7</total>
				<timestamp>77.455506</timestamp>
			</report>
			<report>
				<misses>7500000</misses>
				<total>7</total>
				<timestamp>78.485906</timestamp>
			</report>
			<report>
				<misses>7600000</misses>
				<total>7</total>
				<timestamp>79.519333</timestamp>
			</report>
			<report>
				<misses>7700000</misses>
				<total>7</total>
				<timestamp>80.545580</timestamp>
			</report>
			<report>
				<misses>7800000</misses>
				<total>7</total>
				<timestamp>81.606993</timestamp>
			</report>
			<report>
				<misses>7900000</misses>
				<total>7</total>
				<timestamp>82.669396</timestamp>
			</report>
			<report>
				<misses>8000000</misses>
				<total>7</total>
				<timestamp>83.708333</timestamp>
			</report>
			<report>
				<misses>8100000</misses>
				<total>7</total>
				<timestamp>84.737785</timestamp>
			</report>
			<report>
				<misses>8200000</misses>
				<total>7</total>
				<timestamp>85.782462</timestamp>
			</report>
			<report>
				<misses>8300000</misses>
				<total>7</total>
				<timestamp>86.818320</timestamp>
			</report>
			<report>
				<misses>8400000</misses>
				<total>7</total>
				<timestamp>87.838389</timestamp>
			</report>
			<report>
				<misses>8500000</misses>
				<total>7</total>
				<timestamp>88.878972</timestamp>
			</report>
			<report>
				<misses>8600000</misses>
				<total>7</total>
				<timestamp>89.931426</timestamp>
			</report>
			<report>
				<misses>8700000</misses>
				<total>8</total>
				<timestamp>90.968568</timestamp>
			</report>
			<report>
				<misses>8800000</misses>
				<total>8</total>
				<timestamp>92.034069</timestamp>
			</report>
			<report>
				<misses>8900000</misses>
				<total>8</total>
				<timestamp>93.082019</timestamp>
			</report>
			<report>
				<misses>9000000</misses>
				<total>8</total>
				<timestamp>94.116132</timestamp>
			</report>
			<report>
				<misses>9100000</misses>
				<total>8</total>
				<timestamp>95.174908</timestamp>
			</report>
			<report>
				<misses>9200000</misses>
				<total>8</total>
				<timestamp>96.224651</timestamp>
			</report>
			<report>
				<misses>9300000</misses>
				<total>8</total>
				<timestamp>97.271252</timestamp>
			</report>
			<report>
				<misses>9400000</misses>
				<total>8</total>
				<timestamp>98.325884</timestamp>
			</report>
			<report>
				<misses>9500000</misses>
				<total>8</total>
				<timestamp>99.391455</timestamp>
			</report>
			<report>
				<misses>9600000</misses>
				<total>8</total>
				<timestamp>100.435831</timestamp>
			</report>
			<report>
				<misses>9700000</misses>
				<total>8</total>
				<timestamp>101.467586</timestamp>
			</report>
			<report>
				<misses>9800000</misses>
				<total>8</total>
				<timestamp>102.510235</timestamp>
			</report>
			<report>
				<misses>9900000</misses>
				<total>8</total>
				<timestamp>103.556534</timestamp>
			</report>
			<report>
				<misses>10000000</misses>
				<total>8</total>
				<timestamp>104.614936</timestamp>
			</report>
			<report>
				<misses>10100000</misses>
				<total>8</total>
				<timestamp>105.662814</timestamp>
			</report>
			<report>
				<misses>10200000</misses>
				<total>8</total>
				<timestamp>106.701130</timestamp>
			</report>
			<report>
				<misses>10300000</misses>
				<total>9</total>
				<timestamp>107.738368</timestamp>
			</report>
			<report>
				<misses>10400000</misses>
				<total>9</total>
				<timestamp>108.783345</timestamp>
			</report>
			<report>
				<misses>10500000</misses>
				<total>9</total>
				<timestamp>109.846995</timestamp>
			</report>
			<report>
				<misses>10600000</misses>
				<total>9</total>
				<timestamp>110.888569</timestamp>
			</report>
			<report>
				<misses>10700000</misses>
				<total>9</total>
				<timestamp>111.957462</timestamp>
			</report>
			<report>
				<misses>10800000</misses>
				<total>9</total>
				<timestamp>113.002048</timestamp>
			</report>
			<report>
				<misses>10900000</misses>
				<total>9</total>
				<timestamp>114.059171</timestamp>
			</report>
			<report>
				<misses>11000000</misses>
				<total>9</total>
				<timestamp>115.106806</timestamp>
			</report>
			<report>
				<misses>11100000</misses>
				<total>9</total>
				<timestamp>116.167815</timestamp>
			</report>
			<report>
				<misses>11200000</misses>
				<total>9</total>
				<timestamp>117.204902</timestamp>
			</report>
			<report>
				<misses>11300000</misses>
				<total>9</total>
				<timestamp>118.244268</timestamp>
			</report>
			<report>
				<misses>11400000</misses>
				<total>9</total>
				<timestamp>119.274897</timestamp>
			</report>
			<report>
				<misses>11500000</misses>
				<total>11</total>
				<timestamp>120.332216</timestamp>
			</report>
			<report>
				<misses>11600000</misses>
				<total>11</total>
				<timestamp>121.397342</timestamp>
			</report>
			<report>
				<misses>11700000</misses>
				<total>11</total>
				<timestamp>122.442700</timestamp>
			</report>
			<report>
				<misses>11800000</misses>
				<total>11</total>
				<timestamp>123.476796</timestamp>
			</report>
			<report>
				<misses>11900000</misses>
				<total>11</total>
				<timestamp>124.534637</timestamp>
			</report>
			<report>
				<misses>12000000</misses>
				<total>11</total>
				<timestamp>125.589303</timestamp>
			</report>
			<report>
				<misses>12100000</misses>
				<total>11</total>
				<timestamp>126.630597</timestamp>
			</report>
			<report>
				<misses>12200000</misses>
				<total>11</total>
				<timestamp>127.673872</timestamp>
			</report>
			<report>
				<misses>12300000</misses>
				<total>11</total>
				<timestamp>128.712984</timestamp>
			</report>
			<report>
				<misses>12400000</misses>
				<total>11</total>
				<timestamp>129.770257</timestamp>
			</report>
			<report>
				<misses>12500000</misses>
				<total>11</total>
				<timestamp>130.813436</timestamp>
			</report>
			<report>
				<misses>12600000</misses>
				<total>11</total>
				<timestamp>131.857709</timestamp>
			</report>
			<report>
				<misses>12700000</misses>
				<total>11</total>
				<timestamp>132.901322</timestamp>
			</report>
			<report>
				<misses>12800000</misses>
				<total>11</total>
				<timestamp>133.945160</timestamp>
			</report>
			<report>
				<misses>12900000</misses>
				<total>11</total>
				<timestamp>134.972047</timestamp>
			</report>
			<report>
				<misses>13000000</misses>
				<total>11</total>
				<timestamp>136.028942</timestamp>
			</report>
			<report>
				<misses>13100000</misses>
				<total>11</total>
				<timestamp>137.075423</timestamp>
			</report>
			<report>
				<misses>13200000</misses>
				<total>11</total>
				<timestamp>138.116627</timestamp>
			</report>
			<report>
				<misses>13300000</misses>
				<total>11</total>
				<timestamp>139.162438</timestamp>
			</report>
			<report>
				<misses>13400000</misses>
				<total>11</total>
				<timestamp>140.196113</timestamp>
			</report>
			<report>
				<misses>13500000</misses>
				<total>11</total>
				<timestamp>141.242585</timestamp>
			</report>
			<report>
				<misses>13600000</misses>
				<total>11</total>
				<timestamp>142.287514</timestamp>
			</report>
			<report>
				<misses>13700000</misses>
				<total>11</total>
				<timestamp>143.334924</timestamp>
			</report>
			<report>
				<misses>13800000</misses>
				<total>11</total>
				<timestamp>144.377258</timestamp>
			</report>
			<report>
				<misses>13900000</misses>
				<total>11</total>
				<timestamp>145.440086</timestamp>
			</report>
			<report>
				<misses>14000000</misses>
				<total>11</total>
				<timestamp>146.482223</timestamp>
			</report>
			<report>
				<misses>14100000</misses>
				<total>11</total>
				<timestamp>147.536698</timestamp>
			</report>
			<report>
				<misses>14200000</misses>
				<total>11</total>
				<timestamp>148.583568</timestamp>
			</report>
			<report>
				<misses>14300000</misses>
				<total>11</total>
				<timestamp>149.632269</timestamp>
			</report>
			<report>
				<misses>14400000</misses>
				<total>11</total>
				<timestamp>150.677327</timestamp>
			</report>
			<report>
				<misses>14500000</misses>
				<total>11</total>
				<timestamp>151.725944</timestamp>
			</report>
			<report>
				<misses>14600000</misses>
				<total>11</total>
				<timestamp>152.765763</timestamp>
			</report>
			<report>
				<misses>14700000</misses>
				<total>11</total>
				<timestamp>153.800304</timestamp>
			</report>
			<report>
				<misses>14800000</misses>
				<total>11</total>
				<timestamp>154.860044</timestamp>
			</report>
			<report>
				<misses>14900000</misses>
				<total>11</total>
				<timestamp>155.896425</timestamp>
			</report>
			<report>
				<misses>15000000</misses>
				<total>11</total>
				<timestamp>156.964621</timestamp>
			</report>
			<report>
				<misses>15100000</misses>
				<total>11</total>
				<timestamp>157.997193</timestamp>
			</report>
			<report>
				<misses>15200000</misses>
				<total>11</total>
				<timestamp>159.033947</timestamp>
			</report>
			<report>
				<misses>15300000</misses>
				<total>11</total>
				<timestamp>160.073026</timestamp>
			</report>
			<report>
				<misses>15400000</misses>
				<total>11</total>
				<timestamp>161.114808</timestamp>
			</report>
			<report>
				<misses>15500000</misses>
				<total>11</total>
				<timestamp>162.166402</timestamp>
			</report>
			<report>
				<misses>15600000</misses>
				<total>12</total>
				<timestamp>163.201396</timestamp>
			</report>
			<report>
				<misses>15700000</misses>
				<total>12</total>
				<timestamp>164.238583</timestamp>
			</report>
			<report>
				<misses>15800000</misses>
				<total>12</total>
				<timestamp>165.304410</timestamp>
			</report>
			<report>
				<misses>15900000</misses>
				<total>12</total>
				<timestamp>166.354255</timestamp>
			</report>
			<report>
				<misses>16000000</misses>
				<total>12</total>
				<timestamp>167.430636</timestamp>
			</report>
			<report>
				<misses>16100000</misses>
				<total>12</total>
				<timestamp>168.474741</timestamp>
			</report>
			<report>
				<misses>16200000</misses>
				<total>12</total>
				<timestamp>169.529933</timestamp>
			</report>
			<report>
				<misses>16300000</misses>
				<total>12</total>
				<timestamp>170.588589</timestamp>
			</report>
			<report>
				<misses>16400000</misses>
				<total>12</total>
				<timestamp>171.622265</timestamp>
			</report>
			<report>
				<misses>16500000</misses>
				<total>12</total>
				<timestamp>172.658619</timestamp>
			</report>
			<report>
				<misses>16600000</misses>
				<total>12</total>
				<timestamp>173.690735</timestamp>
			</report>
			<report>
				<misses>16700000</misses>
				<total>13</total>
				<timestamp>174.739641</timestamp>
			</report>
			<report>
				<misses>16800000</misses>
				<total>13</total>
				<timestamp>175.779492</timestamp>
			</report>
			<report>
				<misses>16900000</misses>
				<total>13</total>
				<timestamp>176.822452</timestamp>
			</report>
			<report>
				<misses>17000000</misses>
				<total>13</total>
				<timestamp>177.853317</timestamp>
			</report>
			<report>
				<misses>17100000</misses>
				<total>13</total>
				<timestamp>178.889697</timestamp>
			</report>
			<report>
				<misses>17200000</misses>
				<total>13</total>
				<timestamp>179.923285</timestamp>
			</report>
			<report>
				<misses>17300000</misses>
				<total>13</total>
				<timestamp>180.953714</timestamp>
			</report>
			<report>
				<misses>17400000</misses>
				<total>15</total>
				<timestamp>181.995949</timestamp>
			</report>
			<report>
				<misses>17500000</misses>
				<total>15</total>
				<timestamp>183.028790</timestamp>
			</report>
			<report>
				<misses>17600000</misses>
				<total>15</total>
				<timestamp>184.094886</timestamp>
			</report>
			<report>
				<misses>17700000</misses>
				<total>15</total>
				<timestamp>185.130191</timestamp>
			</report>
			<report>
				<misses>17800000</misses>
				<total>15</total>
				<timestamp>186.176690</timestamp>
			</report>
			<report>
				<misses>17900000</misses>
				<total>15</total>
				<timestamp>187.235930</timestamp>
			</report>
			<report>
				<misses>18000000</misses>
				<total>15</total>
				<timestamp>188.275195</timestamp>
			</report>
			<report>
				<misses>18100000</misses>
				<total>15</total>
				<timestamp>189.324637</timestamp>
			</report>
			<report>
				<misses>18200000</misses>
				<total>15</total>
				<timestamp>190.374650</timestamp>
			</report>
			<report>
				<misses>18300000</misses>
				<total>17</total>
				<timestamp>191.415007</timestamp>
			</report>
			<report>
				<misses>18400000</misses>
				<total>17</total>
				<timestamp>192.452003</timestamp>
			</report>
			<report>
				<misses>18500000</misses>
				<total>17</total>
				<timestamp>193.479632</timestamp>
			</report>
			<report>
				<misses>18600000</misses>
				<total>17</total>
				<timestamp>194.523676</timestamp>
			</report>
			<report>
				<misses>18700000</misses>
				<total>17</total>
				<timestamp>195.570136</timestamp>
			</report>
			<report>
				<misses>18800000</misses>
				<total>17</total>
				<timestamp>196.616289</timestamp>
			</report>
			<report>
				<misses>18900000</misses>
				<total>17</total>
				<timestamp>197.649925</timestamp>
			</report>
			<report>
				<misses>19000000</misses>
				<total>17</total>
				<timestamp>198.704909</timestamp>
			</report>
			<report>
				<misses>19100000</misses>
				<total>17</total>
				<timestamp>199.734317</timestamp>
			</report>
			<report>
				<misses>19200000</misses>
				<total>17</total>
				<timestamp>200.770874</timestamp>
			</report>
			<report>
				<misses>19300000</misses>
				<total>17</total>
				<timestamp>201.793775</timestamp>
			</report>
			<report>
				<misses>19400000</misses>
				<total>17</total>
				<timestamp>202.829745</timestamp>
			</report>
			<report>
				<misses>19500000</misses>
				<total>17</total>
				<timestamp>203.861228</timestamp>
			</report>
			<report>
				<misses>19600000</misses>
				<total>17</total>
				<timestamp>204.912728</timestamp>
			</report>
			<report>
				<misses>19700000</misses>
				<total>17</total>
				<timestamp>205.939468</timestamp>
			</report>
			<report>
				<misses>19800000</misses>
				<total>17</total>
				<timestamp>207.007842</timestamp>
			</report>
			<report>
				<misses>19900000</misses>
				<total>17</total>
				<timestamp>208.056454</timestamp>
			</report>
			<report>
				<misses>20000000</misses>
				<total>17</total>
				<timestamp>209.102751</timestamp>
			</report>
			<report>
				<misses>20100000</misses>
				<total>17</total>
				<timestamp>210.160745</timestamp>
			</report>
			<report>
				<misses>20200000</misses>
				<total>17</total>
				<timestamp>211.194218</timestamp>
			</report>
			<report>
				<misses>20300000</misses>
				<total>17</total>
				<timestamp>212.237437</timestamp>
			</report>
			<report>
				<misses>20400000</misses>
				<total>17</total>
				<timestamp>213.273751</timestamp>
			</report>
			<report>
				<misses>20500000</misses>
				<total>17</total>
				<timestamp>214.331143</timestamp>
			</report>
			<report>
				<misses>20600000</misses>
				<total>17</total>
				<timestamp>215.384975</timestamp>
			</report>
			<report>
				<misses>20700000</misses>
				<total>17</total>
				<timestamp>216.438580</timestamp>
			</report>
			<report>
				<misses>20800000</misses>
				<total>17</total>
				<timestamp>217.468949</timestamp>
			</report>
			<report>
				<misses>20900000</misses>
				<total>17</total>
				<timestamp>218.515054</timestamp>
			</report>
			<report>
				<misses>21000000</misses>
				<total>17</total>
				<timestamp>219.565809</timestamp>
			</report>
			<report>
				<misses>21100000</misses>
				<total>17</total>
				<timestamp>220.636636</timestamp>
			</report>
			<report>
				<misses>21200000</misses>
				<total>17</total>
				<timestamp>221.674648</timestamp>
			</report>
			<report>
				<misses>21300000</misses>
				<total>17</total>
				<timestamp>222.726447</timestamp>
			</report>
			<report>
				<misses>21400000</misses>
				<total>17</total>
				<timestamp>223.782033</timestamp>
			</report>
			<report>
				<misses>21500000</misses>
				<total>17</total>
				<timestamp>224.843218</timestamp>
			</report>
			<report>
				<misses>21600000</misses>
				<total>17</total>
				<timestamp>225.888785</timestamp>
			</report>
			<report>
				<misses>21700000</misses>
				<total>17</total>
				<timestamp>226.934166</timestamp>
			</report>
			<report>
				<misses>21800000</misses>
				<total>17</total>
				<timestamp>227.979643</timestamp>
			</report>
			<report>
				<misses>21900000</misses>
				<total>17</total>
				<timestamp>229.032078</timestamp>
			</report>
			<report>
				<misses>22000000</misses>
				<total>17</total>
				<timestamp>230.076537</timestamp>
			</report>
			<report>
				<misses>22100000</misses>
				<total>17</total>
				<timestamp>231.118111</timestamp>
			</report>
			<report>
				<misses>22200000</misses>
				<total>18</total>
				<timestamp>232.189332</timestamp>
			</report>
			<report>
				<misses>22300000</misses>
				<total>18</total>
				<timestamp>233.238005</timestamp>
			</report>
			<report>
				<misses>22400000</misses>
				<total>18</total>
				<timestamp>234.274751</timestamp>
			</report>
			<report>
				<misses>22500000</misses>
				<total>18</total>
				<timestamp>235.319823</timestamp>
			</report>
			<report>
				<misses>22600000</misses>
				<total>19</total>
				<timestamp>236.384059</timestamp>
			</report>
			<report>
				<misses>22700000</misses>
				<total>19</total>
				<timestamp>237.426366</timestamp>
			</report>
			<report>
				<misses>22800000</misses>
				<total>19</total>
				<timestamp>238.460836</timestamp>
			</report>
			<report>
				<misses>22900000</misses>
				<total>19</total>
				<timestamp>239.494558</timestamp>
			</report>
			<report>
				<misses>23000000</misses>
				<total>20</total>
				<timestamp>240.560951</timestamp>
			</report>
			<report>
				<misses>23100000</misses>
				<total>20</total>
				<timestamp>241.603031</timestamp>
			</report>
			<report>
				<misses>23200000</misses>
				<total>20</total>
				<timestamp>242.665888</timestamp>
			</report>
			<report>
				<misses>23300000</misses>
				<total>20</total>
				<timestamp>243.704155</timestamp>
			</report>
			<report>
				<misses>23400000</misses>
				<total>20</total>
				<timestamp>244.751398</timestamp>
			</report>
			<report>
				<misses>23500000</misses>
				<total>20</total>
				<timestamp>245.803474</timestamp>
			</report>
			<report>
				<misses>23600000</misses>
				<total>20</total>
				<timestamp>246.889561</timestamp>
			</report>
			<report>
				<misses>23700000</misses>
				<total>20</total>
				<timestamp>247.918344</timestamp>
			</report>
			<report>
				<misses>23800000</misses>
				<total>20</total>
				<timestamp>248.958658</timestamp>
			</report>
			<report>
				<misses>23900000</misses>
				<total>20</total>
				<timestamp>250.027140</timestamp>
			</report>
			<report>
				<misses>24000000</misses>
				<total>20</total>
				<timestamp>251.068821</timestamp>
			</report>
			<report>
				<misses>24100000</misses>
				<total>20</total>
				<timestamp>252.120682</timestamp>
			</report>
			<report>
				<misses>24200000</misses>
				<total>20</total>
				<timestamp>253.155204</timestamp>
			</report>
			<report>
				<misses>24300000</misses>
				<total>20</total>
				<timestamp>254.218727</timestamp>
			</report>
			<report>
				<misses>24400000</misses>
				<total>20</total>
				<timestamp>255.255096</timestamp>
			</report>
			<report>
				<misses>24500000</misses>
				<total>20</total>
				<timestamp>256.299301</timestamp>
			</report>
			<report>
				<misses>24600000</misses>
				<total>20</total>
				<timestamp>257.350972</timestamp>
			</report>
			<report>
				<misses>24700000</misses>
				<total>20</total>
				<timestamp>258.412921</timestamp>
			</report>
			<report>
				<misses>24800000</misses>
				<total>20</total>
				<timestamp>259.468437</timestamp>
			</report>
			<report>
				<misses>24900000</misses>
				<total>20</total>
				<timestamp>260.522435</timestamp>
			</report>
			<report>
				<misses>25000000</misses>
				<total>20</total>
				<timestamp>261.574281</timestamp>
			</report>
			<report>
				<misses>25100000</misses>
				<total>20</total>
				<timestamp>262.635743</timestamp>
			</report>
			<report>
				<misses>25200000</misses>
				<total>20</total>
				<timestamp>263.687846</timestamp>
			</report>
			<report>
				<misses>25300000</misses>
				<total>20</total>
				<timestamp>264.744190</timestamp>
			</report>
			<report>
				<misses>25400000</misses>
				<total>31</total>
				<timestamp>265.786567</timestamp>
			</report>
			<report>
				<misses>25500000</misses>
				<total>31</total>
				<timestamp>266.824275</timestamp>
			</report>
			<report>
				<misses>25600000</misses>
				<total>31</total>
				<timestamp>267.878127</timestamp>
			</report>
			<report>
				<misses>25700000</misses>
				<total>31</total>
				<timestamp>268.919650</timestamp>
			</report>
			<report>
				<misses>25800000</misses>
				<total>31</total>
				<timestamp>269.964085</timestamp>
			</report>
			<report>
				<misses>25900000</misses>
				<total>31</total>
				<timestamp>271.008490</timestamp>
			</report>
			<report>
				<misses>26000000</misses>
				<total>31</total>
				<timestamp>272.061841</timestamp>
			</report>
			<report>
				<misses>26100000</misses>
				<total>31</total>
				<timestamp>273.102350</timestamp>
			</report>
			<report>
				<misses>26200000</misses>
				<total>31</total>
				<timestamp>274.146678</timestamp>
			</report>
			<report>
				<misses>26300000</misses>
				<total>31</total>
				<timestamp>275.196910</timestamp>
			</report>
			<report>
				<misses>26400000</misses>
				<total>31</total>
				<timestamp>276.238548</timestamp>
			</report>
			<report>
				<misses>26500000</misses>
				<total>31</total>
				<timestamp>277.276883</timestamp>
			</report>
			<report>
				<misses>26600000</misses>
				<total>31</total>
				<timestamp>278.322427</timestamp>
			</report>
			<report>
				<misses>26700000</misses>
				<total>37</total>
				<timestamp>279.361844</timestamp>
			</report>
			<report>
				<misses>26800000</misses>
				<total>37</total>
				<timestamp>280.407131</timestamp>
			</report>
			<report>
				<misses>26900000</misses>
				<total>37</total>
				<timestamp>281.480374</timestamp>
			</report>
			<report>
				<misses>27000000</misses>
				<total>37</total>
				<timestamp>282.527327</timestamp>
			</report>
			<report>
				<misses>27100000</misses>
				<total>37</total>
				<timestamp>283.601602</timestamp>
			</report>
			<report>
				<misses>27200000</misses>
				<total>37</total>
				<timestamp>284.653346</timestamp>
			</report>
			<report>
				<misses>27300000</misses>
				<total>37</total>
				<timestamp>285.708936</timestamp>
			</report>
			<report>
				<misses>27400000</misses>
				<total>37</total>
				<timestamp>286.764919</timestamp>
			</report>
			<report>
				<misses>27500000</misses>
				<total>37</total>
				<timestamp>287.813119</timestamp>
			</report>
			<report>
				<misses>27600000</misses>
				<total>37</total>
				<timestamp>288.863122</timestamp>
			</report>
			<report>
				<misses>27700000</misses>
				<total>37</total>
				<timestamp>289.900051</timestamp>
			</report>
			<report>
				<misses>27800000</misses>
				<total>37</total>
				<timestamp>290.951155</timestamp>
			</report>
			<report>
				<misses>27900000</misses>
				<total>37</total>
				<timestamp>291.992840</timestamp>
			</report>
			<report>
				<misses>28000000</misses>
				<total>42</total>
				<timestamp>293.045490</timestamp>
			</report>
			<report>
				<misses>28100000</misses>
				<total>42</total>
				<timestamp>294.095106</timestamp>
			</report>
			<report>
				<misses>28200000</misses>
				<total>42</total>
				<timestamp>295.128912</timestamp>
			</report>
			<report>
				<misses>28300000</misses>
				<total>42</total>
				<timestamp>296.178397</timestamp>
			</report>
			<report>
				<misses>28400000</misses>
				<total>42</total>
				<timestamp>297.213743</timestamp>
			</report>
			<report>
				<misses>28500000</misses>
				<total>42</total>
				<timestamp>298.258071</timestamp>
			</report>
			<report>
				<misses>28600000</misses>
				<total>42</total>
				<timestamp>299.299156</timestamp>
			</report>
			<report>
				<misses>28700000</misses>
				<total>42</total>
				<timestamp>300.330486</timestamp>
			</report>
			<report>
				<misses>28800000</misses>
				<total>42</total>
				<timestamp>301.389243</timestamp>
			</report>
			<report>
				<misses>28900000</misses>
				<total>42</total>
				<timestamp>302.445846</timestamp>
			</report>
			<report>
				<misses>29000000</misses>
				<total>42</total>
				<timestamp>303.476760</timestamp>
			</report>
			<report>
				<misses>29100000</misses>
				<total>42</total>
				<timestamp>304.520655</timestamp>
			</report>
			<report>
				<misses>29200000</misses>
				<total>42</total>
				<timestamp>305.557606</timestamp>
			</report>
			<report>
				<misses>29300000</misses>
				<total>42</total>
				<timestamp>306.605014</timestamp>
			</report>
			<report>
				<misses>29400000</misses>
				<total>42</total>
				<timestamp>307.656840</timestamp>
			</report>
			<report>
				<misses>29500000</misses>
				<total>42</total>
				<timestamp>308.713822</timestamp>
			</report>
			<report>
				<misses>29600000</misses>
				<total>42</total>
				<timestamp>309.754754</timestamp>
			</report>
			<report>
				<misses>29700000</misses>
				<total>42</total>
				<timestamp>310.805431</timestamp>
			</report>
			<report>
				<misses>29800000</misses>
				<total>42</total>
				<timestamp>311.849057</timestamp>
			</report>
			<report>
				<misses>29900000</misses>
				<total>42</total>
				<timestamp>312.880634</timestamp>
			</report>
			<report>
				<misses>30000000</misses>
				<total>42</total>
				<timestamp>313.918464</timestamp>
			</report>
			<report>
				<misses>30100000</misses>
				<total>42</total>
				<timestamp>314.975889</timestamp>
			</report>
			<report>
				<misses>30200000</misses>
				<total>42</total>
				<timestamp>315.998177</timestamp>
			</report>
			<report>
				<misses>30300000</misses>
				<total>42</total>
				<timestamp>317.031093</timestamp>
			</report>
			<report>
				<misses>30400000</misses>
				<total>42</total>
				<timestamp>318.078953</timestamp>
			</report>
			<report>
				<misses>30500000</misses>
				<total>45</total>
				<timestamp>319.112128</timestamp>
			</report>
			<report>
				<misses>30600000</misses>
				<total>45</total>
				<timestamp>320.161775</timestamp>
			</report>
			<report>
				<misses>30700000</misses>
				<total>45</total>
				<timestamp>321.198675</timestamp>
			</report>
			<report>
				<misses>30800000</misses>
				<total>46</total>
				<timestamp>322.247139</timestamp>
			</report>
			<report>
				<misses>30900000</misses>
				<total>49</total>
				<timestamp>323.293086</timestamp>
			</report>
			<report>
				<misses>31000000</misses>
				<total>49</total>
				<timestamp>324.345755</timestamp>
			</report>
			<report>
				<misses>31100000</misses>
				<total>49</total>
				<timestamp>325.389717</timestamp>
			</report>
			<report>
				<misses>31200000</misses>
				<total>49</total>
				<timestamp>326.430474</timestamp>
			</report>
			<report>
				<misses>31300000</misses>
				<total>49</total>
				<timestamp>327.479771</timestamp>
			</report>
			<report>
				<misses>31400000</misses>
				<total>49</total>
				<timestamp>328.518329</timestamp>
			</report>
			<report>
				<misses>31500000</misses>
				<total>49</total>
				<timestamp>329.570209</timestamp>
			</report>
			<report>
				<misses>31600000</misses>
				<total>49</total>
				<timestamp>330.624542</timestamp>
			</report>
			<report>
				<misses>31700000</misses>
				<total>49</total>
				<timestamp>331.642963</timestamp>
			</report>
			<report>
				<misses>31800000</misses>
				<total>49</total>
				<timestamp>332.665553</timestamp>
			</report>
			<report>
				<misses>31900000</misses>
				<total>49</total>
				<timestamp>333.674777</timestamp>
			</report>
			<report>
				<misses>32000000</misses>
				<total>50</total>
				<timestamp>334.721199</timestamp>
			</report>
			<report>
				<misses>32100000</misses>
				<total>50</total>
				<timestamp>335.754746</timestamp>
			</report>
			<report>
				<misses>32200000</misses>
				<total>50</total>
				<timestamp>336.783570</timestamp>
			</report>
			<report>
				<misses>32300000</misses>
				<total>50</total>
				<timestamp>337.818334</timestamp>
			</report>
			<report>
				<misses>32400000</misses>
				<total>50</total>
				<timestamp>338.845640</timestamp>
			</report>
			<report>
				<misses>32500000</misses>
				<total>51</total>
				<timestamp>339.874451</timestamp>
			</report>
		</query>
	</custom>
	<ethtool_statistic>
		<rx_packets>
			<start>18061383</start>
			<end>32534426</end>
		</rx_packets>
		<tx_packets>
			<start>57102145</start>
			<end>99235193</end>
		</tx_packets>
		<rx_dropped>
			<start>0</start>
			<end>0</end>
		</rx_dropped>
		<tx_dropped>
			<start>0</start>
			<end>0</end>
		</tx_dropped>
		<collisions>
			<start>0</start>
			<end>0</end>
		</collisions>
		<port_tx_errors>
			<start>0</start>
			<end>0</end>
		</port_tx_errors>
		<port_rx_dropped>
			<start>0</start>
			<end>0</end>
		</port_rx_dropped>
		<port_tx_dropped_link_down>
			<start>0</start>
			<end>0</end>
		</port_tx_dropped_link_down>
	</ethtool_statistic>
	<ip_statistic>
		<mtu>
			<start>9000</start>
			<end>9000</end>
		</mtu>
		<rx_bytes>
			<start>162364330209</start>
			<end>292472174664</end>
		</rx_bytes>
		<rx_packets>
			<start>18061451</start>
			<end>32534473</end>
		</rx_packets>
		<rx_errors>
			<start>0</start>
			<end>0</end>
		</rx_errors>
		<rx_dropped>
			<start>0</start>
			<end>0</end>
		</rx_dropped>
		<rx_missed>
			<start>0</start>
			<end>0</end>
		</rx_missed>
		<rx_mcast>
			<start>32</start>
			<end>41</end>
		</rx_mcast>
		<tx_bytes>
			<start>114285165626</start>
			<end>204850098062</end>
		</tx_bytes>
		<tx_packets>
			<start>57102209</start>
			<end>99235243</end>
		</tx_packets>
		<tx_errors>
			<start>0</start>
			<end>0</end>
		</tx_errors>
		<tx_dropped>
			<start>0</start>
			<end>0</end>
		</tx_dropped>
		<tx_carrier>
			<start>0</start>
			<end>0</end>
		</tx_carrier>
		<tx_collisions>
			<start>0</start>
			<end>0</end>
		</tx_collisions>
	</ip_statistic>
	<netstat_statistic>
		<udp_pkg_rec>
			<start>16285829</start>
			<end>29792313</end>
		</udp_pkg_rec>
		<udp_pkg_snt>
			<start>57105300</start>
			<end>99240153</end>
		</udp_pkg_snt>
		<udp_rec_err>
			<start>1778647</start>
			<end>2746901</end>
		</udp_rec_err>
		<udp_rec_buf_err>
			<start>1778647</start>
			<end>2746901</end>
		</udp_rec_buf_err>
		<udp_snt_buf_err>
			<start>0</start>
			<end>0</end>
		</udp_snt_buf_err>
	</netstat_statistic>
</test_results>
