<?xml version="1.0"?>
<test_results>
	<status>STATUS_SUCCESS</status>
	<custom>
		<num_loss>0</num_loss>
		<num_total>4697421</num_total>
		<num_misses>115291276</num_misses>
		<elapsed_time>299.971628</elapsed_time>
		<query>
			<report>
				<misses>100001</misses>
				<total>1</total>
				<timestamp>6.291316</timestamp>
			</report>
			<report>
				<misses>200001</misses>
				<total>1</total>
				<timestamp>12.674879</timestamp>
			</report>
			<report>
				<misses>300001</misses>
				<total>1</total>
				<timestamp>19.065110</timestamp>
			</report>
			<report>
				<misses>400001</misses>
				<total>1</total>
				<timestamp>25.435345</timestamp>
			</report>
			<report>
				<misses>500001</misses>
				<total>1</total>
				<timestamp>31.825940</timestamp>
			</report>
			<report>
				<misses>600001</misses>
				<total>1</total>
				<timestamp>38.225281</timestamp>
			</report>
			<report>
				<misses>700001</misses>
				<total>1</total>
				<timestamp>44.587538</timestamp>
			</report>
			<report>
				<misses>800001</misses>
				<total>1</total>
				<timestamp>50.973449</timestamp>
			</report>
			<report>
				<misses>900001</misses>
				<total>1</total>
				<timestamp>57.371138</timestamp>
			</report>
			<report>
				<misses>1000001</misses>
				<total>0</total>
				<timestamp>63.757008</timestamp>
			</report>
			<report>
				<misses>1100001</misses>
				<total>0</total>
				<timestamp>70.156338</timestamp>
			</report>
			<report>
				<misses>1200001</misses>
				<total>1</total>
				<timestamp>76.549971</timestamp>
			</report>
			<report>
				<misses>1300001</misses>
				<total>1</total>
				<timestamp>82.942166</timestamp>
			</report>
			<report>
				<misses>1400001</misses>
				<total>2</total>
				<timestamp>89.350503</timestamp>
			</report>
			<report>
				<misses>1500001</misses>
				<total>1</total>
				<timestamp>95.739069</timestamp>
			</report>
			<report>
				<misses>1600001</misses>
				<total>1</total>
				<timestamp>102.142043</timestamp>
			</report>
			<report>
				<misses>1700001</misses>
				<total>0</total>
				<timestamp>108.530383</timestamp>
			</report>
			<report>
				<misses>1800001</misses>
				<total>1</total>
				<timestamp>114.928599</timestamp>
			</report>
			<report>
				<misses>1900001</misses>
				<total>1</total>
				<timestamp>121.313366</timestamp>
			</report>
			<report>
				<misses>2000001</misses>
				<total>1</total>
				<timestamp>127.684601</timestamp>
			</report>
			<report>
				<misses>2100001</misses>
				<total>1</total>
				<timestamp>134.070666</timestamp>
			</report>
			<report>
				<misses>2200001</misses>
				<total>1</total>
				<timestamp>140.464868</timestamp>
			</report>
			<report>
				<misses>2300001</misses>
				<total>1</total>
				<timestamp>146.880957</timestamp>
			</report>
			<report>
				<misses>2400001</misses>
				<total>1</total>
				<timestamp>153.273946</timestamp>
			</report>
			<report>
				<misses>2500001</misses>
				<total>2</total>
				<timestamp>159.662231</timestamp>
			</report>
			<report>
				<misses>2600001</misses>
				<total>1</total>
				<timestamp>166.071121</timestamp>
			</report>
			<report>
				<misses>2700001</misses>
				<total>1</total>
				<timestamp>172.467412</timestamp>
			</report>
			<report>
				<misses>2800001</misses>
				<total>1</total>
				<timestamp>178.854587</timestamp>
			</report>
			<report>
				<misses>2900001</misses>
				<total>1</total>
				<timestamp>185.244970</timestamp>
			</report>
			<report>
				<misses>3000001</misses>
				<total>2</total>
				<timestamp>191.631304</timestamp>
			</report>
			<report>
				<misses>3100001</misses>
				<total>1</total>
				<timestamp>198.021043</timestamp>
			</report>
			<report>
				<misses>3200001</misses>
				<total>1</total>
				<timestamp>204.383698</timestamp>
			</report>
			<report>
				<misses>3300001</misses>
				<total>2</total>
				<timestamp>210.768698</timestamp>
			</report>
			<report>
				<misses>3400001</misses>
				<total>1</total>
				<timestamp>217.153614</timestamp>
			</report>
			<report>
				<misses>3500001</misses>
				<total>0</total>
				<timestamp>223.557687</timestamp>
			</report>
			<report>
				<misses>3600001</misses>
				<total>0</total>
				<timestamp>229.954337</timestamp>
			</report>
			<report>
				<misses>3700001</misses>
				<total>1</total>
				<timestamp>236.365601</timestamp>
			</report>
			<report>
				<misses>3800001</misses>
				<total>1</total>
				<timestamp>242.732728</timestamp>
			</report>
			<report>
				<misses>3900001</misses>
				<total>1</total>
				<timestamp>249.117401</timestamp>
			</report>
			<report>
				<misses>4000001</misses>
				<total>1</total>
				<timestamp>255.504352</timestamp>
			</report>
			<report>
				<misses>4100001</misses>
				<total>1</total>
				<timestamp>261.880627</timestamp>
			</report>
			<report>
				<misses>4200001</misses>
				<total>2</total>
				<timestamp>268.251181</timestamp>
			</report>
			<report>
				<misses>4300001</misses>
				<total>1</total>
				<timestamp>274.629281</timestamp>
			</report>
			<report>
				<misses>4400001</misses>
				<total>1</total>
				<timestamp>281.000415</timestamp>
			</report>
			<report>
				<misses>4500001</misses>
				<total>1</total>
				<timestamp>287.366391</timestamp>
			</report>
			<report>
				<misses>4600001</misses>
				<total>1</total>
				<timestamp>293.749003</timestamp>
			</report>
		</query>
	</custom>
	<ethtool_statistic>
		<rx_packets>
			<start>399637181</start>
			<end>444653602</end>
		</rx_packets>
		<tx_packets>
			<start>322520220</start>
			<end>360099339</end>
		</tx_packets>
		<rx_dropped>
			<start>0</start>
			<end>0</end>
		</rx_dropped>
		<tx_dropped>
			<start>0</start>
			<end>0</end>
		</tx_dropped>
		<collisions>
			<start>0</start>
			<end>0</end>
		</collisions>
		<port_tx_errors>
			<start>-1</start>
			<end>-1</end>
		</port_tx_errors>
		<port_rx_dropped>
			<start>-1</start>
			<end>-1</end>
		</port_rx_dropped>
		<port_tx_dropped_link_down>
			<start>-1</start>
			<end>-1</end>
		</port_tx_dropped_link_down>
	</ethtool_statistic>
	<ip_statistic>
		<mtu>
			<start>9000</start>
			<end>9000</end>
		</mtu>
		<rx_bytes>
			<start>2063619973055</start>
			<end>2430949777065</end>
		</rx_bytes>
		<rx_packets>
			<start>399637576</start>
			<end>444653602</end>
		</rx_packets>
		<rx_errors>
			<start>0</start>
			<end>0</end>
		</rx_errors>
		<rx_dropped>
			<start>0</start>
			<end>0</end>
		</rx_dropped>
		<rx_missed>
			<start>0</start>
			<end>0</end>
		</rx_missed>
		<rx_mcast>
			<start>101</start>
			<end>101</end>
		</rx_mcast>
		<tx_bytes>
			<start>1849819633414</start>
			<end>2156464279512</end>
		</tx_bytes>
		<tx_packets>
			<start>322520220</start>
			<end>360099339</end>
		</tx_packets>
		<tx_errors>
			<start>0</start>
			<end>0</end>
		</tx_errors>
		<tx_dropped>
			<start>0</start>
			<end>0</end>
		</tx_dropped>
		<tx_carrier>
			<start>0</start>
			<end>0</end>
		</tx_carrier>
		<tx_collisions>
			<start>0</start>
			<end>0</end>
		</tx_collisions>
	</ip_statistic>
	<netstat_statistic>
		<udp_pkg_rec>
			<start>589045322</start>
			<end>600299584</end>
		</udp_pkg_rec>
		<udp_pkg_snt>
			<start>494139423</start>
			<end>503554025</end>
		</udp_pkg_snt>
		<udp_rec_err>
			<start>0</start>
			<end>0</end>
		</udp_rec_err>
		<udp_rec_buf_err>
			<start>0</start>
			<end>0</end>
		</udp_rec_buf_err>
		<udp_snt_buf_err>
			<start>0</start>
			<end>0</end>
		</udp_snt_buf_err>
	</netstat_statistic>
</test_results>
