<?xml version="1.0"?>
<test_results>
	<status>STATUS_SUCCESS</status>
	<custom>
		<num_loss>981402</num_loss>
		<num_total>1000001</num_total>
		<num_misses>53746</num_misses>
		<elapsed_time>73.762494</elapsed_time>
		<query />
	</custom>
	<ethtool_statistic>
		<rx_packets>
			<start>3711871207</start>
			<end>3718150968</end>
		</rx_packets>
		<tx_packets>
			<start>6090377750</start>
			<end>6106461161</end>
		</tx_packets>
		<rx_dropped>
			<start>0</start>
			<end>0</end>
		</rx_dropped>
		<tx_dropped>
			<start>0</start>
			<end>0</end>
		</tx_dropped>
		<collisions>
			<start>0</start>
			<end>0</end>
		</collisions>
		<port_tx_errors>
			<start>0</start>
			<end>0</end>
		</port_tx_errors>
		<port_rx_dropped>
			<start>0</start>
			<end>0</end>
		</port_rx_dropped>
		<port_tx_dropped_link_down>
			<start>0</start>
			<end>0</end>
		</port_tx_dropped_link_down>
	</ethtool_statistic>
	<ip_statistic>
		<mtu>
			<start>9000</start>
			<end>9000</end>
		</mtu>
		<rx_bytes>
			<start>15177233323393</start>
			<end>15203095991851</end>
		</rx_bytes>
		<rx_packets>
			<start>3711871299</start>
			<end>3718151068</end>
		</rx_packets>
		<rx_errors>
			<start>0</start>
			<end>0</end>
		</rx_errors>
		<rx_dropped>
			<start>0</start>
			<end>0</end>
		</rx_dropped>
		<rx_missed>
			<start>0</start>
			<end>0</end>
		</rx_missed>
		<rx_mcast>
			<start>2237</start>
			<end>2237</end>
		</rx_mcast>
		<tx_bytes>
			<start>17318415339897</start>
			<end>17403992499391</end>
		</tx_bytes>
		<tx_packets>
			<start>6090377786</start>
			<end>6106461189</end>
		</tx_packets>
		<tx_errors>
			<start>0</start>
			<end>0</end>
		</tx_errors>
		<tx_dropped>
			<start>0</start>
			<end>0</end>
		</tx_dropped>
		<tx_carrier>
			<start>0</start>
			<end>0</end>
		</tx_carrier>
		<tx_collisions>
			<start>0</start>
			<end>0</end>
		</tx_collisions>
	</ip_statistic>
	<netstat_statistic>
		<udp_pkg_rec>
			<start>3115677815</start>
			<end>3120995179</end>
		</udp_pkg_rec>
		<udp_pkg_snt>
			<start>6076878191</start>
			<end>6085962056</end>
		</udp_pkg_snt>
		<udp_rec_err>
			<start>596876400</start>
			<end>597839217</end>
		</udp_rec_err>
		<udp_rec_buf_err>
			<start>596876400</start>
			<end>597839217</end>
		</udp_rec_buf_err>
		<udp_snt_buf_err>
			<start>0</start>
			<end>0</end>
		</udp_snt_buf_err>
	</netstat_statistic>
</test_results>
