<?xml version="1.0"?>
<test_results>
	<status>STATUS_SUCCESS</status>
	<custom>
		<num_loss>263</num_loss>
		<num_total>5000001</num_total>
		<num_misses>292</num_misses>
		<elapsed_time>200.009887</elapsed_time>
		<query>
			<report>
				<misses>100000</misses>
				<total>2</total>
				<timestamp>4.000128</timestamp>
			</report>
			<report>
				<misses>200000</misses>
				<total>25</total>
				<timestamp>8.000544</timestamp>
			</report>
			<report>
				<misses>300000</misses>
				<total>41</total>
				<timestamp>12.001061</timestamp>
			</report>
			<report>
				<misses>400000</misses>
				<total>44</total>
				<timestamp>16.001206</timestamp>
			</report>
			<report>
				<misses>500000</misses>
				<total>44</total>
				<timestamp>20.001353</timestamp>
			</report>
			<report>
				<misses>600000</misses>
				<total>44</total>
				<timestamp>24.001422</timestamp>
			</report>
			<report>
				<misses>700000</misses>
				<total>64</total>
				<timestamp>28.001519</timestamp>
			</report>
			<report>
				<misses>800000</misses>
				<total>68</total>
				<timestamp>32.001595</timestamp>
			</report>
			<report>
				<misses>900000</misses>
				<total>75</total>
				<timestamp>36.002111</timestamp>
			</report>
			<report>
				<misses>1000000</misses>
				<total>81</total>
				<timestamp>40.002150</timestamp>
			</report>
			<report>
				<misses>1100000</misses>
				<total>83</total>
				<timestamp>44.002161</timestamp>
			</report>
			<report>
				<misses>1200000</misses>
				<total>89</total>
				<timestamp>48.002221</timestamp>
			</report>
			<report>
				<misses>1300000</misses>
				<total>98</total>
				<timestamp>52.002279</timestamp>
			</report>
			<report>
				<misses>1400000</misses>
				<total>98</total>
				<timestamp>56.002356</timestamp>
			</report>
			<report>
				<misses>1500000</misses>
				<total>99</total>
				<timestamp>60.002408</timestamp>
			</report>
			<report>
				<misses>1600000</misses>
				<total>106</total>
				<timestamp>64.002469</timestamp>
			</report>
			<report>
				<misses>1700000</misses>
				<total>106</total>
				<timestamp>68.002487</timestamp>
			</report>
			<report>
				<misses>1800000</misses>
				<total>110</total>
				<timestamp>72.002590</timestamp>
			</report>
			<report>
				<misses>1900000</misses>
				<total>110</total>
				<timestamp>76.002573</timestamp>
			</report>
			<report>
				<misses>2000000</misses>
				<total>115</total>
				<timestamp>80.002629</timestamp>
			</report>
			<report>
				<misses>2100000</misses>
				<total>126</total>
				<timestamp>84.002683</timestamp>
			</report>
			<report>
				<misses>2200000</misses>
				<total>127</total>
				<timestamp>88.002753</timestamp>
			</report>
			<report>
				<misses>2300000</misses>
				<total>143</total>
				<timestamp>92.003214</timestamp>
			</report>
			<report>
				<misses>2400000</misses>
				<total>147</total>
				<timestamp>96.003318</timestamp>
			</report>
			<report>
				<misses>2500000</misses>
				<total>149</total>
				<timestamp>100.003328</timestamp>
			</report>
			<report>
				<misses>2600000</misses>
				<total>163</total>
				<timestamp>104.003388</timestamp>
			</report>
			<report>
				<misses>2700000</misses>
				<total>177</total>
				<timestamp>108.003671</timestamp>
			</report>
			<report>
				<misses>2800000</misses>
				<total>182</total>
				<timestamp>112.003723</timestamp>
			</report>
			<report>
				<misses>2900000</misses>
				<total>182</total>
				<timestamp>116.003742</timestamp>
			</report>
			<report>
				<misses>3000000</misses>
				<total>184</total>
				<timestamp>120.003752</timestamp>
			</report>
			<report>
				<misses>3100000</misses>
				<total>184</total>
				<timestamp>124.003978</timestamp>
			</report>
			<report>
				<misses>3200000</misses>
				<total>187</total>
				<timestamp>128.004906</timestamp>
			</report>
			<report>
				<misses>3300000</misses>
				<total>205</total>
				<timestamp>132.005855</timestamp>
			</report>
			<report>
				<misses>3400000</misses>
				<total>210</total>
				<timestamp>136.006183</timestamp>
			</report>
			<report>
				<misses>3500000</misses>
				<total>210</total>
				<timestamp>140.006255</timestamp>
			</report>
			<report>
				<misses>3600000</misses>
				<total>216</total>
				<timestamp>144.006326</timestamp>
			</report>
			<report>
				<misses>3700000</misses>
				<total>217</total>
				<timestamp>148.006684</timestamp>
			</report>
			<report>
				<misses>3800000</misses>
				<total>220</total>
				<timestamp>152.006802</timestamp>
			</report>
			<report>
				<misses>3900000</misses>
				<total>221</total>
				<timestamp>156.006888</timestamp>
			</report>
			<report>
				<misses>4000000</misses>
				<total>227</total>
				<timestamp>160.007079</timestamp>
			</report>
			<report>
				<misses>4100000</misses>
				<total>229</total>
				<timestamp>164.007860</timestamp>
			</report>
			<report>
				<misses>4200000</misses>
				<total>248</total>
				<timestamp>168.008026</timestamp>
			</report>
			<report>
				<misses>4300000</misses>
				<total>253</total>
				<timestamp>172.008041</timestamp>
			</report>
			<report>
				<misses>4400000</misses>
				<total>253</total>
				<timestamp>176.008083</timestamp>
			</report>
			<report>
				<misses>4500000</misses>
				<total>255</total>
				<timestamp>180.008128</timestamp>
			</report>
			<report>
				<misses>4600000</misses>
				<total>257</total>
				<timestamp>184.008200</timestamp>
			</report>
			<report>
				<misses>4700000</misses>
				<total>258</total>
				<timestamp>188.008477</timestamp>
			</report>
			<report>
				<misses>4800000</misses>
				<total>259</total>
				<timestamp>192.009698</timestamp>
			</report>
			<report>
				<misses>4900000</misses>
				<total>260</total>
				<timestamp>196.009754</timestamp>
			</report>
			<report>
				<misses>5000000</misses>
				<total>263</total>
				<timestamp>200.009854</timestamp>
			</report>
		</query>
	</custom>
	<ethtool_statistic>
		<rx_packets>
			<start>2684638335</start>
			<end>2694177056</end>
		</rx_packets>
		<tx_packets>
			<start>3043980482</start>
			<end>3054705773</end>
		</tx_packets>
		<rx_dropped>
			<start>0</start>
			<end>0</end>
		</rx_dropped>
		<tx_dropped>
			<start>0</start>
			<end>0</end>
		</tx_dropped>
		<collisions>
			<start>0</start>
			<end>0</end>
		</collisions>
		<port_tx_errors>
			<start>0</start>
			<end>0</end>
		</port_tx_errors>
		<port_rx_dropped>
			<start>0</start>
			<end>0</end>
		</port_rx_dropped>
		<port_tx_dropped_link_down>
			<start>0</start>
			<end>0</end>
		</port_tx_dropped_link_down>
	</ethtool_statistic>
	<ip_statistic>
		<mtu>
			<start>9000</start>
			<end>9000</end>
		</mtu>
		<rx_bytes>
			<start>24133958430399</start>
			<end>24219710574534</end>
		</rx_bytes>
		<rx_packets>
			<start>2684638420</start>
			<end>2694177193</end>
		</rx_packets>
		<rx_errors>
			<start>0</start>
			<end>0</end>
		</rx_errors>
		<rx_dropped>
			<start>0</start>
			<end>0</end>
		</rx_dropped>
		<rx_missed>
			<start>0</start>
			<end>0</end>
		</rx_missed>
		<rx_mcast>
			<start>504</start>
			<end>508</end>
		</rx_mcast>
		<tx_bytes>
			<start>15485574583782</start>
			<end>15581753853680</end>
		</tx_bytes>
		<tx_packets>
			<start>3043980524</start>
			<end>3054705828</end>
		</tx_packets>
		<tx_errors>
			<start>0</start>
			<end>0</end>
		</tx_errors>
		<tx_dropped>
			<start>0</start>
			<end>0</end>
		</tx_dropped>
		<tx_carrier>
			<start>0</start>
			<end>0</end>
		</tx_carrier>
		<tx_collisions>
			<start>0</start>
			<end>0</end>
		</tx_collisions>
	</ip_statistic>
	<netstat_statistic>
		<udp_pkg_rec>
			<start>2529892429</start>
			<end>2538784042</end>
		</udp_pkg_rec>
		<udp_pkg_snt>
			<start>3044212385</start>
			<end>3054939217</end>
		</udp_pkg_snt>
		<udp_rec_err>
			<start>154977090</start>
			<end>155625310</end>
		</udp_rec_err>
		<udp_rec_buf_err>
			<start>154977090</start>
			<end>155625310</end>
		</udp_rec_buf_err>
		<udp_snt_buf_err>
			<start>0</start>
			<end>0</end>
		</udp_snt_buf_err>
	</netstat_statistic>
</test_results>
