<?xml version="1.0"?>
<test_results>
	<status>STATUS_SUCCESS</status>
	<custom>
		<num_loss>68</num_loss>
		<num_total>3000001</num_total>
		<num_misses>1</num_misses>
		<elapsed_time>809.999781</elapsed_time>
		<query />
	</custom>
	<ethtool_statistic>
		<rx_packets>
			<start>4151983256</start>
			<end>4217752736</end>
		</rx_packets>
		<tx_packets>
			<start>6866315747</start>
			<end>6971765434</end>
		</tx_packets>
		<rx_dropped>
			<start>0</start>
			<end>0</end>
		</rx_dropped>
		<tx_dropped>
			<start>0</start>
			<end>0</end>
		</tx_dropped>
		<collisions>
			<start>0</start>
			<end>0</end>
		</collisions>
		<port_tx_errors>
			<start>0</start>
			<end>0</end>
		</port_tx_errors>
		<port_rx_dropped>
			<start>0</start>
			<end>0</end>
		</port_rx_dropped>
		<port_tx_dropped_link_down>
			<start>0</start>
			<end>0</end>
		</port_tx_dropped_link_down>
	</ethtool_statistic>
	<ip_statistic>
		<mtu>
			<start>9000</start>
			<end>9000</end>
		</mtu>
		<rx_bytes>
			<start>16986321231399</start>
			<end>17255077305336</end>
		</rx_bytes>
		<rx_packets>
			<start>4151983294</start>
			<end>4217753051</end>
		</rx_packets>
		<rx_errors>
			<start>0</start>
			<end>0</end>
		</rx_errors>
		<rx_dropped>
			<start>0</start>
			<end>0</end>
		</rx_dropped>
		<rx_missed>
			<start>0</start>
			<end>0</end>
		</rx_missed>
		<rx_mcast>
			<start>2304</start>
			<end>2313</end>
		</rx_mcast>
		<tx_bytes>
			<start>20545305622159</start>
			<end>20947895197775</end>
		</tx_bytes>
		<tx_packets>
			<start>6866315778</start>
			<end>6971765476</end>
		</tx_packets>
		<tx_errors>
			<start>0</start>
			<end>0</end>
		</tx_errors>
		<tx_dropped>
			<start>0</start>
			<end>0</end>
		</tx_dropped>
		<tx_carrier>
			<start>0</start>
			<end>0</end>
		</tx_carrier>
		<tx_collisions>
			<start>0</start>
			<end>0</end>
		</tx_collisions>
	</ip_statistic>
	<netstat_statistic>
		<udp_pkg_rec>
			<start>3495917047</start>
			<end>3551993500</end>
		</udp_pkg_rec>
		<udp_pkg_snt>
			<start>6656844944</start>
			<end>6741298966</end>
		</udp_pkg_snt>
		<udp_rec_err>
			<start>656777041</start>
			<end>666474699</end>
		</udp_rec_err>
		<udp_rec_buf_err>
			<start>656777041</start>
			<end>666474699</end>
		</udp_rec_buf_err>
		<udp_snt_buf_err>
			<start>0</start>
			<end>0</end>
		</udp_snt_buf_err>
	</netstat_statistic>
</test_results>
