<?xml version="1.0"?>
<test_results>
	<status>STATUS_SUCCESS</status>
	<custom>
		<num_loss>50</num_loss>
		<num_total>17000001</num_total>
		<num_misses>0</num_misses>
		<elapsed_time>3059.997112</elapsed_time>
	</custom>
	<ethtool_statistic>
		<rx_packets>
			<start>3626914243</start>
			<end>3769531121</end>
		</rx_packets>
		<tx_packets>
			<start>4797686293</start>
			<end>5019318293</end>
		</tx_packets>
		<rx_dropped>
			<start>63</start>
			<end>63</end>
		</rx_dropped>
		<tx_dropped>
			<start>0</start>
			<end>0</end>
		</tx_dropped>
		<collisions>
			<start>0</start>
			<end>0</end>
		</collisions>
		<port_tx_errors>
			<start>0</start>
			<end>0</end>
		</port_tx_errors>
		<port_rx_dropped>
			<start>0</start>
			<end>0</end>
		</port_rx_dropped>
		<port_tx_dropped_link_down>
			<start>0</start>
			<end>0</end>
		</port_tx_dropped_link_down>
	</ethtool_statistic>
	<ip_statistic>
		<mtu>
			<start>9000</start>
			<end>9000</end>
		</mtu>
		<rx_bytes>
			<start>32597838028836</start>
			<end>33879951474901</end>
		</rx_bytes>
		<rx_packets>
			<start>3626914377</start>
			<end>3769531169</end>
		</rx_packets>
		<rx_errors>
			<start>0</start>
			<end>0</end>
		</rx_errors>
		<rx_dropped>
			<start>63</start>
			<end>63</end>
		</rx_dropped>
		<rx_missed>
			<start>0</start>
			<end>0</end>
		</rx_missed>
		<rx_mcast>
			<start>2557</start>
			<end>2609</end>
		</rx_mcast>
		<tx_bytes>
			<start>26553116103019</start>
			<end>28432696943965</end>
		</tx_bytes>
		<tx_packets>
			<start>4797686347</start>
			<end>5019318327</end>
		</tx_packets>
		<tx_errors>
			<start>0</start>
			<end>0</end>
		</tx_errors>
		<tx_dropped>
			<start>0</start>
			<end>0</end>
		</tx_dropped>
		<tx_carrier>
			<start>0</start>
			<end>0</end>
		</tx_carrier>
		<tx_collisions>
			<start>0</start>
			<end>0</end>
		</tx_collisions>
	</ip_statistic>
</test_results>
