<?xml version="1.0"?>
<test_results>
	<status>STATUS_SUCCESS</status>
	<custom>
		<num_loss>998437</num_loss>
		<num_total>1000001</num_total>
		<num_misses>24309157</num_misses>
		<elapsed_time>63.273169</elapsed_time>
	</custom>
	<ethtool_statistic>
		<rx_packets>
			<start>5972893561</start>
			<end>5976070564</end>
		</rx_packets>
		<tx_packets>
			<start>8052759592</start>
			<end>8062664476</end>
		</tx_packets>
		<rx_dropped>
			<start>63</start>
			<end>63</end>
		</rx_dropped>
		<tx_dropped>
			<start>0</start>
			<end>0</end>
		</tx_dropped>
		<collisions>
			<start>0</start>
			<end>0</end>
		</collisions>
		<port_tx_errors>
			<start>0</start>
			<end>0</end>
		</port_tx_errors>
		<port_rx_dropped>
			<start>0</start>
			<end>0</end>
		</port_rx_dropped>
		<port_tx_dropped_link_down>
			<start>0</start>
			<end>0</end>
		</port_tx_dropped_link_down>
	</ethtool_statistic>
	<ip_statistic>
		<mtu>
			<start>9000</start>
			<end>9000</end>
		</mtu>
		<rx_bytes>
			<start>53688004367824</start>
			<end>53716564668484</end>
		</rx_bytes>
		<rx_packets>
			<start>5972893692</start>
			<end>5976070642</end>
		</rx_packets>
		<rx_errors>
			<start>0</start>
			<end>0</end>
		</rx_errors>
		<rx_dropped>
			<start>63</start>
			<end>63</end>
		</rx_dropped>
		<rx_missed>
			<start>0</start>
			<end>0</end>
		</rx_missed>
		<rx_mcast>
			<start>3346</start>
			<end>3350</end>
		</rx_mcast>
		<tx_bytes>
			<start>54283636239771</start>
			<end>54366040735199</end>
		</tx_bytes>
		<tx_packets>
			<start>8052759660</start>
			<end>8062664530</end>
		</tx_packets>
		<tx_errors>
			<start>0</start>
			<end>0</end>
		</tx_errors>
		<tx_dropped>
			<start>0</start>
			<end>0</end>
		</tx_dropped>
		<tx_carrier>
			<start>0</start>
			<end>0</end>
		</tx_carrier>
		<tx_collisions>
			<start>0</start>
			<end>0</end>
		</tx_collisions>
	</ip_statistic>
</test_results>
