<?xml version="1.0"?>
<test_results>
	<status>STATUS_SUCCESS</status>
	<custom>
		<num_loss>4709</num_loss>
		<num_total>1000001</num_total>
		<num_misses>3561142</num_misses>
		<elapsed_time>11.403023</elapsed_time>
		<query />
	</custom>
	<ethtool_statistic>
		<rx_packets>
			<start>598644839</start>
			<end>599924106</end>
		</rx_packets>
		<tx_packets>
			<start>1601123310</start>
			<end>1603769394</end>
		</tx_packets>
		<rx_dropped>
			<start>0</start>
			<end>0</end>
		</rx_dropped>
		<tx_dropped>
			<start>0</start>
			<end>0</end>
		</tx_dropped>
		<collisions>
			<start>0</start>
			<end>0</end>
		</collisions>
		<port_tx_errors>
			<start>0</start>
			<end>0</end>
		</port_tx_errors>
		<port_rx_dropped>
			<start>0</start>
			<end>0</end>
		</port_rx_dropped>
		<port_tx_dropped_link_down>
			<start>0</start>
			<end>0</end>
		</port_tx_dropped_link_down>
	</ethtool_statistic>
	<ip_statistic>
		<mtu>
			<start>9000</start>
			<end>9000</end>
		</mtu>
		<rx_bytes>
			<start>2445729829215</start>
			<end>2451087965567</end>
		</rx_bytes>
		<rx_packets>
			<start>598644866</start>
			<end>599924151</end>
		</rx_packets>
		<rx_errors>
			<start>0</start>
			<end>0</end>
		</rx_errors>
		<rx_dropped>
			<start>0</start>
			<end>0</end>
		</rx_dropped>
		<rx_missed>
			<start>0</start>
			<end>0</end>
		</rx_missed>
		<rx_mcast>
			<start>1553</start>
			<end>1553</end>
		</rx_mcast>
		<tx_bytes>
			<start>2006442356458</start>
			<end>2019548669156</end>
		</tx_bytes>
		<tx_packets>
			<start>1601123337</start>
			<end>1603769394</end>
		</tx_packets>
		<tx_errors>
			<start>0</start>
			<end>0</end>
		</tx_errors>
		<tx_dropped>
			<start>0</start>
			<end>0</end>
		</tx_dropped>
		<tx_carrier>
			<start>0</start>
			<end>0</end>
		</tx_carrier>
		<tx_collisions>
			<start>0</start>
			<end>0</end>
		</tx_collisions>
	</ip_statistic>
	<netstat_statistic>
		<udp_pkg_rec>
			<start>457631437</start>
			<end>458696665</end>
		</udp_pkg_rec>
		<udp_pkg_snt>
			<start>1601425390</start>
			<end>1604071417</end>
		</udp_pkg_snt>
		<udp_rec_err>
			<start>141499121</start>
			<end>141713196</end>
		</udp_rec_err>
		<udp_rec_buf_err>
			<start>141499121</start>
			<end>141713196</end>
		</udp_rec_buf_err>
		<udp_snt_buf_err>
			<start>0</start>
			<end>0</end>
		</udp_snt_buf_err>
	</netstat_statistic>
</test_results>
