<?xml version="1.0"?>
<test_results>
	<status>STATUS_SUCCESS</status>
	<custom>
		<num_loss>0</num_loss>
		<num_total>2090754</num_total>
		<num_misses>45534234</num_misses>
		<elapsed_time>119.062423</elapsed_time>
		<query>
			<report>
				<misses>100000</misses>
				<total>2</total>
				<timestamp>5.694365</timestamp>
			</report>
			<report>
				<misses>200000</misses>
				<total>1</total>
				<timestamp>11.389917</timestamp>
			</report>
			<report>
				<misses>300000</misses>
				<total>0</total>
				<timestamp>17.082715</timestamp>
			</report>
			<report>
				<misses>400000</misses>
				<total>1</total>
				<timestamp>22.776928</timestamp>
			</report>
			<report>
				<misses>500000</misses>
				<total>1</total>
				<timestamp>28.470860</timestamp>
			</report>
			<report>
				<misses>600000</misses>
				<total>1</total>
				<timestamp>34.160830</timestamp>
			</report>
			<report>
				<misses>700000</misses>
				<total>2</total>
				<timestamp>39.855261</timestamp>
			</report>
			<report>
				<misses>800000</misses>
				<total>1</total>
				<timestamp>45.551615</timestamp>
			</report>
			<report>
				<misses>900000</misses>
				<total>1</total>
				<timestamp>51.243003</timestamp>
			</report>
			<report>
				<misses>1000000</misses>
				<total>1</total>
				<timestamp>56.936558</timestamp>
			</report>
			<report>
				<misses>1100000</misses>
				<total>2</total>
				<timestamp>62.632295</timestamp>
			</report>
			<report>
				<misses>1200000</misses>
				<total>1</total>
				<timestamp>68.325341</timestamp>
			</report>
			<report>
				<misses>1300000</misses>
				<total>1</total>
				<timestamp>74.017480</timestamp>
			</report>
			<report>
				<misses>1400000</misses>
				<total>2</total>
				<timestamp>79.707642</timestamp>
			</report>
			<report>
				<misses>1500000</misses>
				<total>1</total>
				<timestamp>85.402754</timestamp>
			</report>
			<report>
				<misses>1600000</misses>
				<total>2</total>
				<timestamp>91.104194</timestamp>
			</report>
			<report>
				<misses>1700000</misses>
				<total>1</total>
				<timestamp>96.802047</timestamp>
			</report>
			<report>
				<misses>1800000</misses>
				<total>2</total>
				<timestamp>102.499919</timestamp>
			</report>
			<report>
				<misses>1900000</misses>
				<total>1</total>
				<timestamp>108.196354</timestamp>
			</report>
			<report>
				<misses>2000000</misses>
				<total>2</total>
				<timestamp>113.892125</timestamp>
			</report>
		</query>
	</custom>
	<ethtool_statistic>
		<rx_packets>
			<start>5389026196</start>
			<end>5389026257</end>
		</rx_packets>
		<tx_packets>
			<start>6932501825</start>
			<end>6949227744</end>
		</tx_packets>
		<rx_dropped>
			<start>250</start>
			<end>250</end>
		</rx_dropped>
		<tx_dropped>
			<start>0</start>
			<end>0</end>
		</tx_dropped>
		<collisions>
			<start>0</start>
			<end>0</end>
		</collisions>
		<port_tx_errors>
			<start>0</start>
			<end>0</end>
		</port_tx_errors>
		<port_rx_dropped>
			<start>0</start>
			<end>0</end>
		</port_rx_dropped>
		<port_tx_dropped_link_down>
			<start>3877</start>
			<end>3877</end>
		</port_tx_dropped_link_down>
	</ethtool_statistic>
	<ip_statistic>
		<mtu>
			<start>9000</start>
			<end>9000</end>
		</mtu>
		<rx_bytes>
			<start>48445779059942</start>
			<end>48445779068549</end>
		</rx_bytes>
		<rx_packets>
			<start>5389026196</start>
			<end>5389026257</end>
		</rx_packets>
		<rx_errors>
			<start>0</start>
			<end>0</end>
		</rx_errors>
		<rx_dropped>
			<start>250</start>
			<end>250</end>
		</rx_dropped>
		<rx_missed>
			<start>0</start>
			<end>0</end>
		</rx_missed>
		<rx_mcast>
			<start>1721</start>
			<end>1721</end>
		</rx_mcast>
		<tx_bytes>
			<start>48655712443797</start>
			<end>48792195561663</end>
		</tx_bytes>
		<tx_packets>
			<start>6932501825</start>
			<end>6949227744</end>
		</tx_packets>
		<tx_errors>
			<start>0</start>
			<end>0</end>
		</tx_errors>
		<tx_dropped>
			<start>0</start>
			<end>0</end>
		</tx_dropped>
		<tx_carrier>
			<start>0</start>
			<end>0</end>
		</tx_carrier>
		<tx_collisions>
			<start>0</start>
			<end>0</end>
		</tx_collisions>
	</ip_statistic>
	<netstat_statistic>
		<udp_pkg_rec>
			<start>5104067859</start>
			<end>5104068856</end>
		</udp_pkg_rec>
		<udp_pkg_snt>
			<start>5055761746</start>
			<end>5057853787</end>
		</udp_pkg_snt>
		<udp_rec_err>
			<start>285540818</start>
			<end>285540818</end>
		</udp_rec_err>
		<udp_rec_buf_err>
			<start>285540818</start>
			<end>285540818</end>
		</udp_rec_buf_err>
		<udp_snt_buf_err>
			<start>0</start>
			<end>0</end>
		</udp_snt_buf_err>
	</netstat_statistic>
</test_results>
