<?xml version="1.0"?>
<test_results>
	<status>STATUS_SUCCESS</status>
	<custom>
		<num_loss>918166</num_loss>
		<num_total>1000001</num_total>
		<num_misses>41027</num_misses>
		<elapsed_time>72.872318</elapsed_time>
	</custom>
	<ethtool_statistic>
		<rx_packets>
			<start>13786178630</start>
			<end>13789333717</end>
		</rx_packets>
		<tx_packets>
			<start>18056113119</start>
			<end>18066287920</end>
		</tx_packets>
		<rx_dropped>
			<start>0</start>
			<end>0</end>
		</rx_dropped>
		<tx_dropped>
			<start>0</start>
			<end>0</end>
		</tx_dropped>
		<collisions>
			<start>0</start>
			<end>0</end>
		</collisions>
		<port_tx_errors>
			<start>-1</start>
			<end>-1</end>
		</port_tx_errors>
		<port_rx_dropped>
			<start>-1</start>
			<end>-1</end>
		</port_rx_dropped>
		<port_tx_dropped_link_down>
			<start>-1</start>
			<end>-1</end>
		</port_tx_dropped_link_down>
	</ethtool_statistic>
	<ip_statistic>
		<mtu>
			<start>9000</start>
			<end>9000</end>
		</mtu>
		<rx_bytes>
			<start>123892346986931</start>
			<end>123920709806367</end>
		</rx_bytes>
		<rx_packets>
			<start>13786178844</start>
			<end>13789333830</end>
		</rx_packets>
		<rx_errors>
			<start>0</start>
			<end>0</end>
		</rx_errors>
		<rx_dropped>
			<start>0</start>
			<end>0</end>
		</rx_dropped>
		<rx_missed>
			<start>1619</start>
			<end>1619</end>
		</rx_missed>
		<rx_mcast>
			<start>9251</start>
			<end>9254</end>
		</rx_mcast>
		<tx_bytes>
			<start>146021347689881</start>
			<end>146106178650335</end>
		</tx_bytes>
		<tx_packets>
			<start>18056113151</start>
			<end>18066287924</end>
		</tx_packets>
		<tx_errors>
			<start>0</start>
			<end>0</end>
		</tx_errors>
		<tx_dropped>
			<start>0</start>
			<end>0</end>
		</tx_dropped>
		<tx_carrier>
			<start>0</start>
			<end>0</end>
		</tx_carrier>
		<tx_collisions>
			<start>0</start>
			<end>0</end>
		</tx_collisions>
	</ip_statistic>
</test_results>
