<?xml version="1.0"?>
<test_results>
	<status>STATUS_SUCCESS</status>
	<custom>
		<num_loss>50</num_loss>
		<num_total>10765001</num_total>
		<num_misses>84</num_misses>
		<elapsed_time>3118.752720</elapsed_time>
		<query>
			<report>
				<misses>1001</misses>
				<total>1</total>
				<timestamp>0.289930</timestamp>
			</report>
			<report>
				<misses>2001</misses>
				<total>1</total>
				<timestamp>0.579635</timestamp>
			</report>
			<report>
				<misses>3001</misses>
				<total>1</total>
				<timestamp>0.869351</timestamp>
			</report>
			<report>
				<misses>4001</misses>
				<total>1</total>
				<timestamp>1.159012</timestamp>
			</report>
			<report>
				<misses>5001</misses>
				<total>1</total>
				<timestamp>1.448748</timestamp>
			</report>
			<report>
				<misses>6001</misses>
				<total>1</total>
				<timestamp>1.738440</timestamp>
			</report>
			<report>
				<misses>7001</misses>
				<total>1</total>
				<timestamp>2.028135</timestamp>
			</report>
			<report>
				<misses>8001</misses>
				<total>1</total>
				<timestamp>2.317869</timestamp>
			</report>
			<report>
				<misses>9001</misses>
				<total>1</total>
				<timestamp>2.607579</timestamp>
			</report>
			<report>
				<misses>10001</misses>
				<total>1</total>
				<timestamp>2.897274</timestamp>
			</report>
			<report>
				<misses>11001</misses>
				<total>1</total>
				<timestamp>3.187290</timestamp>
			</report>
			<report>
				<misses>12001</misses>
				<total>1</total>
				<timestamp>3.477000</timestamp>
			</report>
			<report>
				<misses>13001</misses>
				<total>1</total>
				<timestamp>3.766765</timestamp>
			</report>
			<report>
				<misses>14001</misses>
				<total>1</total>
				<timestamp>4.056400</timestamp>
			</report>
			<report>
				<misses>15001</misses>
				<total>1</total>
				<timestamp>4.346112</timestamp>
			</report>
			<report>
				<misses>16001</misses>
				<total>1</total>
				<timestamp>4.635824</timestamp>
			</report>
			<report>
				<misses>17001</misses>
				<total>1</total>
				<timestamp>4.925528</timestamp>
			</report>
			<report>
				<misses>18001</misses>
				<total>1</total>
				<timestamp>5.215329</timestamp>
			</report>
			<report>
				<misses>19001</misses>
				<total>1</total>
				<timestamp>5.505017</timestamp>
			</report>
			<report>
				<misses>20001</misses>
				<total>1</total>
				<timestamp>5.794717</timestamp>
			</report>
			<report>
				<misses>21001</misses>
				<total>1</total>
				<timestamp>6.084381</timestamp>
			</report>
			<report>
				<misses>22001</misses>
				<total>1</total>
				<timestamp>6.374090</timestamp>
			</report>
			<report>
				<misses>23001</misses>
				<total>1</total>
				<timestamp>6.664074</timestamp>
			</report>
			<report>
				<misses>24001</misses>
				<total>1</total>
				<timestamp>6.953841</timestamp>
			</report>
			<report>
				<misses>25001</misses>
				<total>1</total>
				<timestamp>7.243578</timestamp>
			</report>
			<report>
				<misses>26001</misses>
				<total>1</total>
				<timestamp>7.533217</timestamp>
			</report>
			<report>
				<misses>27001</misses>
				<total>1</total>
				<timestamp>7.822942</timestamp>
			</report>
			<report>
				<misses>28001</misses>
				<total>1</total>
				<timestamp>8.112678</timestamp>
			</report>
			<report>
				<misses>29001</misses>
				<total>1</total>
				<timestamp>8.402345</timestamp>
			</report>
			<report>
				<misses>30001</misses>
				<total>1</total>
				<timestamp>8.692064</timestamp>
			</report>
			<report>
				<misses>31001</misses>
				<total>1</total>
				<timestamp>8.981793</timestamp>
			</report>
			<report>
				<misses>32001</misses>
				<total>1</total>
				<timestamp>9.271470</timestamp>
			</report>
			<report>
				<misses>33001</misses>
				<total>1</total>
				<timestamp>9.561198</timestamp>
			</report>
			<report>
				<misses>34001</misses>
				<total>1</total>
				<timestamp>9.850905</timestamp>
			</report>
			<report>
				<misses>35001</misses>
				<total>1</total>
				<timestamp>10.140623</timestamp>
			</report>
			<report>
				<misses>36001</misses>
				<total>1</total>
				<timestamp>10.430685</timestamp>
			</report>
			<report>
				<misses>37001</misses>
				<total>1</total>
				<timestamp>10.720335</timestamp>
			</report>
			<report>
				<misses>38001</misses>
				<total>1</total>
				<timestamp>11.010061</timestamp>
			</report>
			<report>
				<misses>39001</misses>
				<total>1</total>
				<timestamp>11.299750</timestamp>
			</report>
			<report>
				<misses>40001</misses>
				<total>1</total>
				<timestamp>11.589594</timestamp>
			</report>
			<report>
				<misses>41001</misses>
				<total>1</total>
				<timestamp>11.879238</timestamp>
			</report>
			<report>
				<misses>42001</misses>
				<total>1</total>
				<timestamp>12.168958</timestamp>
			</report>
			<report>
				<misses>43001</misses>
				<total>1</total>
				<timestamp>12.458635</timestamp>
			</report>
			<report>
				<misses>44001</misses>
				<total>1</total>
				<timestamp>12.748400</timestamp>
			</report>
			<report>
				<misses>45001</misses>
				<total>1</total>
				<timestamp>13.038040</timestamp>
			</report>
			<report>
				<misses>46001</misses>
				<total>1</total>
				<timestamp>13.327799</timestamp>
			</report>
			<report>
				<misses>47001</misses>
				<total>1</total>
				<timestamp>13.617468</timestamp>
			</report>
			<report>
				<misses>48001</misses>
				<total>1</total>
				<timestamp>13.907252</timestamp>
			</report>
			<report>
				<misses>49001</misses>
				<total>1</total>
				<timestamp>14.196864</timestamp>
			</report>
			<report>
				<misses>50001</misses>
				<total>1</total>
				<timestamp>14.486583</timestamp>
			</report>
			<report>
				<misses>51001</misses>
				<total>1</total>
				<timestamp>14.776322</timestamp>
			</report>
			<report>
				<misses>52001</misses>
				<total>1</total>
				<timestamp>15.066080</timestamp>
			</report>
			<report>
				<misses>53001</misses>
				<total>1</total>
				<timestamp>15.355760</timestamp>
			</report>
			<report>
				<misses>54001</misses>
				<total>1</total>
				<timestamp>15.645450</timestamp>
			</report>
			<report>
				<misses>55001</misses>
				<total>1</total>
				<timestamp>15.935130</timestamp>
			</report>
			<report>
				<misses>56001</misses>
				<total>1</total>
				<timestamp>16.224927</timestamp>
			</report>
			<report>
				<misses>57001</misses>
				<total>1</total>
				<timestamp>16.514614</timestamp>
			</report>
			<report>
				<misses>58001</misses>
				<total>1</total>
				<timestamp>16.804285</timestamp>
			</report>
			<report>
				<misses>59001</misses>
				<total>1</total>
				<timestamp>17.093994</timestamp>
			</report>
			<report>
				<misses>60001</misses>
				<total>1</total>
				<timestamp>17.383768</timestamp>
			</report>
			<report>
				<misses>61001</misses>
				<total>1</total>
				<timestamp>17.673347</timestamp>
			</report>
			<report>
				<misses>62001</misses>
				<total>1</total>
				<timestamp>17.963064</timestamp>
			</report>
			<report>
				<misses>63001</misses>
				<total>1</total>
				<timestamp>18.252799</timestamp>
			</report>
			<report>
				<misses>64001</misses>
				<total>1</total>
				<timestamp>18.542575</timestamp>
			</report>
			<report>
				<misses>65001</misses>
				<total>1</total>
				<timestamp>18.832222</timestamp>
			</report>
			<report>
				<misses>66001</misses>
				<total>1</total>
				<timestamp>19.121951</timestamp>
			</report>
			<report>
				<misses>67001</misses>
				<total>1</total>
				<timestamp>19.411841</timestamp>
			</report>
			<report>
				<misses>68001</misses>
				<total>2</total>
				<timestamp>19.701369</timestamp>
			</report>
			<report>
				<misses>69001</misses>
				<total>2</total>
				<timestamp>19.991033</timestamp>
			</report>
			<report>
				<misses>70001</misses>
				<total>2</total>
				<timestamp>20.280793</timestamp>
			</report>
			<report>
				<misses>71001</misses>
				<total>2</total>
				<timestamp>20.570459</timestamp>
			</report>
			<report>
				<misses>72001</misses>
				<total>2</total>
				<timestamp>20.860186</timestamp>
			</report>
			<report>
				<misses>73001</misses>
				<total>2</total>
				<timestamp>21.149976</timestamp>
			</report>
			<report>
				<misses>74001</misses>
				<total>2</total>
				<timestamp>21.439754</timestamp>
			</report>
			<report>
				<misses>75001</misses>
				<total>2</total>
				<timestamp>21.729297</timestamp>
			</report>
			<report>
				<misses>76001</misses>
				<total>2</total>
				<timestamp>22.019107</timestamp>
			</report>
			<report>
				<misses>77001</misses>
				<total>2</total>
				<timestamp>22.308827</timestamp>
			</report>
			<report>
				<misses>78001</misses>
				<total>2</total>
				<timestamp>22.598468</timestamp>
			</report>
			<report>
				<misses>79001</misses>
				<total>2</total>
				<timestamp>22.888224</timestamp>
			</report>
			<report>
				<misses>80001</misses>
				<total>2</total>
				<timestamp>23.177891</timestamp>
			</report>
			<report>
				<misses>81001</misses>
				<total>2</total>
				<timestamp>23.467572</timestamp>
			</report>
			<report>
				<misses>82001</misses>
				<total>2</total>
				<timestamp>23.757318</timestamp>
			</report>
			<report>
				<misses>83001</misses>
				<total>2</total>
				<timestamp>24.047117</timestamp>
			</report>
			<report>
				<misses>84001</misses>
				<total>2</total>
				<timestamp>24.336809</timestamp>
			</report>
			<report>
				<misses>85001</misses>
				<total>2</total>
				<timestamp>24.626518</timestamp>
			</report>
			<report>
				<misses>86001</misses>
				<total>2</total>
				<timestamp>24.916202</timestamp>
			</report>
			<report>
				<misses>87001</misses>
				<total>2</total>
				<timestamp>25.205810</timestamp>
			</report>
			<report>
				<misses>88001</misses>
				<total>2</total>
				<timestamp>25.495823</timestamp>
			</report>
			<report>
				<misses>89001</misses>
				<total>2</total>
				<timestamp>25.785561</timestamp>
			</report>
			<report>
				<misses>90001</misses>
				<total>2</total>
				<timestamp>26.075241</timestamp>
			</report>
			<report>
				<misses>91001</misses>
				<total>2</total>
				<timestamp>26.365011</timestamp>
			</report>
			<report>
				<misses>92001</misses>
				<total>2</total>
				<timestamp>26.654674</timestamp>
			</report>
			<report>
				<misses>93001</misses>
				<total>2</total>
				<timestamp>26.944361</timestamp>
			</report>
			<report>
				<misses>94001</misses>
				<total>2</total>
				<timestamp>27.234097</timestamp>
			</report>
			<report>
				<misses>95001</misses>
				<total>2</total>
				<timestamp>27.523840</timestamp>
			</report>
			<report>
				<misses>96001</misses>
				<total>2</total>
				<timestamp>27.813576</timestamp>
			</report>
			<report>
				<misses>97001</misses>
				<total>2</total>
				<timestamp>28.103310</timestamp>
			</report>
			<report>
				<misses>98001</misses>
				<total>2</total>
				<timestamp>28.392999</timestamp>
			</report>
			<report>
				<misses>99001</misses>
				<total>2</total>
				<timestamp>28.682669</timestamp>
			</report>
			<report>
				<misses>100001</misses>
				<total>2</total>
				<timestamp>28.972375</timestamp>
			</report>
			<report>
				<misses>101001</misses>
				<total>2</total>
				<timestamp>29.262062</timestamp>
			</report>
			<report>
				<misses>102001</misses>
				<total>2</total>
				<timestamp>29.551861</timestamp>
			</report>
			<report>
				<misses>103001</misses>
				<total>2</total>
				<timestamp>29.841565</timestamp>
			</report>
			<report>
				<misses>104001</misses>
				<total>2</total>
				<timestamp>30.131226</timestamp>
			</report>
			<report>
				<misses>105001</misses>
				<total>2</total>
				<timestamp>30.420926</timestamp>
			</report>
			<report>
				<misses>106001</misses>
				<total>2</total>
				<timestamp>30.710700</timestamp>
			</report>
			<report>
				<misses>107001</misses>
				<total>2</total>
				<timestamp>31.000318</timestamp>
			</report>
			<report>
				<misses>108001</misses>
				<total>2</total>
				<timestamp>31.290009</timestamp>
			</report>
			<report>
				<misses>109001</misses>
				<total>2</total>
				<timestamp>31.579759</timestamp>
			</report>
			<report>
				<misses>110001</misses>
				<total>2</total>
				<timestamp>31.869472</timestamp>
			</report>
			<report>
				<misses>111001</misses>
				<total>2</total>
				<timestamp>32.159238</timestamp>
			</report>
			<report>
				<misses>112001</misses>
				<total>2</total>
				<timestamp>32.448975</timestamp>
			</report>
			<report>
				<misses>113001</misses>
				<total>2</total>
				<timestamp>32.738623</timestamp>
			</report>
			<report>
				<misses>114001</misses>
				<total>2</total>
				<timestamp>33.028274</timestamp>
			</report>
			<report>
				<misses>115001</misses>
				<total>2</total>
				<timestamp>33.318003</timestamp>
			</report>
			<report>
				<misses>116001</misses>
				<total>2</total>
				<timestamp>33.607693</timestamp>
			</report>
			<report>
				<misses>117001</misses>
				<total>2</total>
				<timestamp>33.897481</timestamp>
			</report>
			<report>
				<misses>118001</misses>
				<total>2</total>
				<timestamp>34.187139</timestamp>
			</report>
			<report>
				<misses>119001</misses>
				<total>2</total>
				<timestamp>34.476840</timestamp>
			</report>
			<report>
				<misses>120001</misses>
				<total>2</total>
				<timestamp>34.766579</timestamp>
			</report>
			<report>
				<misses>121001</misses>
				<total>2</total>
				<timestamp>35.056281</timestamp>
			</report>
			<report>
				<misses>122001</misses>
				<total>2</total>
				<timestamp>35.345980</timestamp>
			</report>
			<report>
				<misses>123001</misses>
				<total>2</total>
				<timestamp>35.635713</timestamp>
			</report>
			<report>
				<misses>124001</misses>
				<total>2</total>
				<timestamp>35.925374</timestamp>
			</report>
			<report>
				<misses>125001</misses>
				<total>2</total>
				<timestamp>36.215087</timestamp>
			</report>
			<report>
				<misses>126001</misses>
				<total>2</total>
				<timestamp>36.504821</timestamp>
			</report>
			<report>
				<misses>127001</misses>
				<total>2</total>
				<timestamp>36.794542</timestamp>
			</report>
			<report>
				<misses>128001</misses>
				<total>2</total>
				<timestamp>37.084239</timestamp>
			</report>
			<report>
				<misses>129001</misses>
				<total>2</total>
				<timestamp>37.373933</timestamp>
			</report>
			<report>
				<misses>130001</misses>
				<total>2</total>
				<timestamp>37.663685</timestamp>
			</report>
			<report>
				<misses>131001</misses>
				<total>2</total>
				<timestamp>37.953339</timestamp>
			</report>
			<report>
				<misses>132001</misses>
				<total>2</total>
				<timestamp>38.243066</timestamp>
			</report>
			<report>
				<misses>133001</misses>
				<total>2</total>
				<timestamp>38.532819</timestamp>
			</report>
			<report>
				<misses>134001</misses>
				<total>2</total>
				<timestamp>38.822524</timestamp>
			</report>
			<report>
				<misses>135001</misses>
				<total>2</total>
				<timestamp>39.112189</timestamp>
			</report>
			<report>
				<misses>136001</misses>
				<total>2</total>
				<timestamp>39.401891</timestamp>
			</report>
			<report>
				<misses>137001</misses>
				<total>2</total>
				<timestamp>39.691649</timestamp>
			</report>
			<report>
				<misses>138001</misses>
				<total>2</total>
				<timestamp>39.981315</timestamp>
			</report>
			<report>
				<misses>139001</misses>
				<total>2</total>
				<timestamp>40.271025</timestamp>
			</report>
			<report>
				<misses>140001</misses>
				<total>2</total>
				<timestamp>40.560742</timestamp>
			</report>
			<report>
				<misses>141001</misses>
				<total>2</total>
				<timestamp>40.850445</timestamp>
			</report>
			<report>
				<misses>142001</misses>
				<total>2</total>
				<timestamp>41.140164</timestamp>
			</report>
			<report>
				<misses>143001</misses>
				<total>2</total>
				<timestamp>41.429861</timestamp>
			</report>
			<report>
				<misses>144001</misses>
				<total>2</total>
				<timestamp>41.719647</timestamp>
			</report>
			<report>
				<misses>145001</misses>
				<total>2</total>
				<timestamp>42.009289</timestamp>
			</report>
			<report>
				<misses>146001</misses>
				<total>2</total>
				<timestamp>42.298988</timestamp>
			</report>
			<report>
				<misses>147001</misses>
				<total>2</total>
				<timestamp>42.588706</timestamp>
			</report>
			<report>
				<misses>148001</misses>
				<total>2</total>
				<timestamp>42.878442</timestamp>
			</report>
			<report>
				<misses>149001</misses>
				<total>2</total>
				<timestamp>43.168209</timestamp>
			</report>
			<report>
				<misses>150001</misses>
				<total>2</total>
				<timestamp>43.457858</timestamp>
			</report>
			<report>
				<misses>151001</misses>
				<total>2</total>
				<timestamp>43.747573</timestamp>
			</report>
			<report>
				<misses>152001</misses>
				<total>2</total>
				<timestamp>44.037335</timestamp>
			</report>
			<report>
				<misses>153001</misses>
				<total>2</total>
				<timestamp>44.327077</timestamp>
			</report>
			<report>
				<misses>154001</misses>
				<total>2</total>
				<timestamp>44.616759</timestamp>
			</report>
			<report>
				<misses>155001</misses>
				<total>2</total>
				<timestamp>44.906519</timestamp>
			</report>
			<report>
				<misses>156001</misses>
				<total>2</total>
				<timestamp>45.196159</timestamp>
			</report>
			<report>
				<misses>157001</misses>
				<total>2</total>
				<timestamp>45.485875</timestamp>
			</report>
			<report>
				<misses>158001</misses>
				<total>2</total>
				<timestamp>45.775663</timestamp>
			</report>
			<report>
				<misses>159001</misses>
				<total>2</total>
				<timestamp>46.065326</timestamp>
			</report>
			<report>
				<misses>160001</misses>
				<total>2</total>
				<timestamp>46.355028</timestamp>
			</report>
			<report>
				<misses>161001</misses>
				<total>2</total>
				<timestamp>46.644759</timestamp>
			</report>
			<report>
				<misses>162001</misses>
				<total>2</total>
				<timestamp>46.934537</timestamp>
			</report>
			<report>
				<misses>163001</misses>
				<total>2</total>
				<timestamp>47.224076</timestamp>
			</report>
			<report>
				<misses>164001</misses>
				<total>2</total>
				<timestamp>47.513825</timestamp>
			</report>
			<report>
				<misses>165001</misses>
				<total>2</total>
				<timestamp>47.803497</timestamp>
			</report>
			<report>
				<misses>166001</misses>
				<total>2</total>
				<timestamp>48.093192</timestamp>
			</report>
			<report>
				<misses>167001</misses>
				<total>2</total>
				<timestamp>48.382905</timestamp>
			</report>
			<report>
				<misses>168001</misses>
				<total>2</total>
				<timestamp>48.672617</timestamp>
			</report>
			<report>
				<misses>169001</misses>
				<total>2</total>
				<timestamp>48.962368</timestamp>
			</report>
			<report>
				<misses>170001</misses>
				<total>2</total>
				<timestamp>49.252031</timestamp>
			</report>
			<report>
				<misses>171001</misses>
				<total>2</total>
				<timestamp>49.541733</timestamp>
			</report>
			<report>
				<misses>172001</misses>
				<total>2</total>
				<timestamp>49.831489</timestamp>
			</report>
			<report>
				<misses>173001</misses>
				<total>2</total>
				<timestamp>50.121165</timestamp>
			</report>
			<report>
				<misses>174001</misses>
				<total>2</total>
				<timestamp>50.410875</timestamp>
			</report>
			<report>
				<misses>175001</misses>
				<total>2</total>
				<timestamp>50.700633</timestamp>
			</report>
			<report>
				<misses>176001</misses>
				<total>2</total>
				<timestamp>50.990304</timestamp>
			</report>
			<report>
				<misses>177001</misses>
				<total>2</total>
				<timestamp>51.280022</timestamp>
			</report>
			<report>
				<misses>178001</misses>
				<total>2</total>
				<timestamp>51.569731</timestamp>
			</report>
			<report>
				<misses>179001</misses>
				<total>2</total>
				<timestamp>51.859434</timestamp>
			</report>
			<report>
				<misses>180001</misses>
				<total>2</total>
				<timestamp>52.149130</timestamp>
			</report>
			<report>
				<misses>181001</misses>
				<total>2</total>
				<timestamp>52.438837</timestamp>
			</report>
			<report>
				<misses>182001</misses>
				<total>2</total>
				<timestamp>52.728567</timestamp>
			</report>
			<report>
				<misses>183001</misses>
				<total>2</total>
				<timestamp>53.018261</timestamp>
			</report>
			<report>
				<misses>184001</misses>
				<total>2</total>
				<timestamp>53.307980</timestamp>
			</report>
			<report>
				<misses>185001</misses>
				<total>2</total>
				<timestamp>53.597708</timestamp>
			</report>
			<report>
				<misses>186001</misses>
				<total>2</total>
				<timestamp>53.887442</timestamp>
			</report>
			<report>
				<misses>187001</misses>
				<total>2</total>
				<timestamp>54.177111</timestamp>
			</report>
			<report>
				<misses>188001</misses>
				<total>2</total>
				<timestamp>54.466807</timestamp>
			</report>
			<report>
				<misses>189001</misses>
				<total>2</total>
				<timestamp>54.756548</timestamp>
			</report>
			<report>
				<misses>190001</misses>
				<total>2</total>
				<timestamp>55.046238</timestamp>
			</report>
			<report>
				<misses>191001</misses>
				<total>2</total>
				<timestamp>55.335955</timestamp>
			</report>
			<report>
				<misses>192001</misses>
				<total>2</total>
				<timestamp>55.625648</timestamp>
			</report>
			<report>
				<misses>193001</misses>
				<total>2</total>
				<timestamp>55.915403</timestamp>
			</report>
			<report>
				<misses>194001</misses>
				<total>2</total>
				<timestamp>56.205084</timestamp>
			</report>
			<report>
				<misses>195001</misses>
				<total>2</total>
				<timestamp>56.494788</timestamp>
			</report>
			<report>
				<misses>196001</misses>
				<total>2</total>
				<timestamp>56.784522</timestamp>
			</report>
			<report>
				<misses>197001</misses>
				<total>2</total>
				<timestamp>57.074209</timestamp>
			</report>
			<report>
				<misses>198001</misses>
				<total>2</total>
				<timestamp>57.363948</timestamp>
			</report>
			<report>
				<misses>199001</misses>
				<total>2</total>
				<timestamp>57.653621</timestamp>
			</report>
			<report>
				<misses>200001</misses>
				<total>2</total>
				<timestamp>57.943361</timestamp>
			</report>
			<report>
				<misses>201001</misses>
				<total>2</total>
				<timestamp>58.233059</timestamp>
			</report>
			<report>
				<misses>202001</misses>
				<total>2</total>
				<timestamp>58.522754</timestamp>
			</report>
			<report>
				<misses>203001</misses>
				<total>2</total>
				<timestamp>58.812483</timestamp>
			</report>
			<report>
				<misses>204001</misses>
				<total>2</total>
				<timestamp>59.102171</timestamp>
			</report>
			<report>
				<misses>205001</misses>
				<total>2</total>
				<timestamp>59.392032</timestamp>
			</report>
			<report>
				<misses>206001</misses>
				<total>2</total>
				<timestamp>59.681750</timestamp>
			</report>
			<report>
				<misses>207001</misses>
				<total>2</total>
				<timestamp>59.971346</timestamp>
			</report>
			<report>
				<misses>208001</misses>
				<total>2</total>
				<timestamp>60.261039</timestamp>
			</report>
			<report>
				<misses>209001</misses>
				<total>2</total>
				<timestamp>60.550800</timestamp>
			</report>
			<report>
				<misses>210001</misses>
				<total>2</total>
				<timestamp>60.840516</timestamp>
			</report>
			<report>
				<misses>211001</misses>
				<total>2</total>
				<timestamp>61.130149</timestamp>
			</report>
			<report>
				<misses>212001</misses>
				<total>2</total>
				<timestamp>61.419873</timestamp>
			</report>
			<report>
				<misses>213001</misses>
				<total>2</total>
				<timestamp>61.709609</timestamp>
			</report>
			<report>
				<misses>214001</misses>
				<total>2</total>
				<timestamp>61.999321</timestamp>
			</report>
			<report>
				<misses>215001</misses>
				<total>2</total>
				<timestamp>62.289010</timestamp>
			</report>
			<report>
				<misses>216001</misses>
				<total>2</total>
				<timestamp>62.578720</timestamp>
			</report>
			<report>
				<misses>217001</misses>
				<total>2</total>
				<timestamp>62.868526</timestamp>
			</report>
			<report>
				<misses>218001</misses>
				<total>2</total>
				<timestamp>63.158159</timestamp>
			</report>
			<report>
				<misses>219001</misses>
				<total>2</total>
				<timestamp>63.447841</timestamp>
			</report>
			<report>
				<misses>220001</misses>
				<total>2</total>
				<timestamp>63.737653</timestamp>
			</report>
			<report>
				<misses>221001</misses>
				<total>2</total>
				<timestamp>64.027283</timestamp>
			</report>
			<report>
				<misses>222001</misses>
				<total>2</total>
				<timestamp>64.317083</timestamp>
			</report>
			<report>
				<misses>223001</misses>
				<total>2</total>
				<timestamp>64.606733</timestamp>
			</report>
			<report>
				<misses>224001</misses>
				<total>2</total>
				<timestamp>64.896470</timestamp>
			</report>
			<report>
				<misses>225001</misses>
				<total>2</total>
				<timestamp>65.186130</timestamp>
			</report>
			<report>
				<misses>226001</misses>
				<total>2</total>
				<timestamp>65.475846</timestamp>
			</report>
			<report>
				<misses>227001</misses>
				<total>2</total>
				<timestamp>65.765542</timestamp>
			</report>
			<report>
				<misses>228001</misses>
				<total>2</total>
				<timestamp>66.055351</timestamp>
			</report>
			<report>
				<misses>229001</misses>
				<total>2</total>
				<timestamp>66.344956</timestamp>
			</report>
			<report>
				<misses>230001</misses>
				<total>2</total>
				<timestamp>66.634746</timestamp>
			</report>
			<report>
				<misses>231001</misses>
				<total>2</total>
				<timestamp>66.924421</timestamp>
			</report>
			<report>
				<misses>232001</misses>
				<total>2</total>
				<timestamp>67.214117</timestamp>
			</report>
			<report>
				<misses>233001</misses>
				<total>2</total>
				<timestamp>67.503822</timestamp>
			</report>
			<report>
				<misses>234001</misses>
				<total>2</total>
				<timestamp>67.793552</timestamp>
			</report>
			<report>
				<misses>235001</misses>
				<total>2</total>
				<timestamp>68.083229</timestamp>
			</report>
			<report>
				<misses>236001</misses>
				<total>2</total>
				<timestamp>68.372894</timestamp>
			</report>
			<report>
				<misses>237001</misses>
				<total>2</total>
				<timestamp>68.662693</timestamp>
			</report>
			<report>
				<misses>238001</misses>
				<total>2</total>
				<timestamp>68.952327</timestamp>
			</report>
			<report>
				<misses>239001</misses>
				<total>2</total>
				<timestamp>69.242046</timestamp>
			</report>
			<report>
				<misses>240001</misses>
				<total>2</total>
				<timestamp>69.531863</timestamp>
			</report>
			<report>
				<misses>241001</misses>
				<total>2</total>
				<timestamp>69.821493</timestamp>
			</report>
			<report>
				<misses>242001</misses>
				<total>2</total>
				<timestamp>70.111237</timestamp>
			</report>
			<report>
				<misses>243001</misses>
				<total>2</total>
				<timestamp>70.400979</timestamp>
			</report>
			<report>
				<misses>244001</misses>
				<total>2</total>
				<timestamp>70.690621</timestamp>
			</report>
			<report>
				<misses>245001</misses>
				<total>2</total>
				<timestamp>70.980383</timestamp>
			</report>
			<report>
				<misses>246001</misses>
				<total>2</total>
				<timestamp>71.270026</timestamp>
			</report>
			<report>
				<misses>247001</misses>
				<total>2</total>
				<timestamp>71.559817</timestamp>
			</report>
			<report>
				<misses>248001</misses>
				<total>2</total>
				<timestamp>71.849422</timestamp>
			</report>
			<report>
				<misses>249001</misses>
				<total>2</total>
				<timestamp>72.139187</timestamp>
			</report>
			<report>
				<misses>250001</misses>
				<total>2</total>
				<timestamp>72.428826</timestamp>
			</report>
			<report>
				<misses>251001</misses>
				<total>2</total>
				<timestamp>72.718665</timestamp>
			</report>
			<report>
				<misses>252001</misses>
				<total>2</total>
				<timestamp>73.008423</timestamp>
			</report>
			<report>
				<misses>253001</misses>
				<total>2</total>
				<timestamp>73.298070</timestamp>
			</report>
			<report>
				<misses>254001</misses>
				<total>2</total>
				<timestamp>73.587727</timestamp>
			</report>
			<report>
				<misses>255001</misses>
				<total>2</total>
				<timestamp>73.877527</timestamp>
			</report>
			<report>
				<misses>256001</misses>
				<total>2</total>
				<timestamp>74.167153</timestamp>
			</report>
			<report>
				<misses>257001</misses>
				<total>2</total>
				<timestamp>74.456898</timestamp>
			</report>
			<report>
				<misses>258001</misses>
				<total>2</total>
				<timestamp>74.746609</timestamp>
			</report>
			<report>
				<misses>259001</misses>
				<total>2</total>
				<timestamp>75.036358</timestamp>
			</report>
			<report>
				<misses>260001</misses>
				<total>2</total>
				<timestamp>75.326028</timestamp>
			</report>
			<report>
				<misses>261001</misses>
				<total>2</total>
				<timestamp>75.615759</timestamp>
			</report>
			<report>
				<misses>262001</misses>
				<total>2</total>
				<timestamp>75.905412</timestamp>
			</report>
			<report>
				<misses>263001</misses>
				<total>2</total>
				<timestamp>76.195112</timestamp>
			</report>
			<report>
				<misses>264001</misses>
				<total>2</total>
				<timestamp>76.484861</timestamp>
			</report>
			<report>
				<misses>265001</misses>
				<total>2</total>
				<timestamp>76.774569</timestamp>
			</report>
			<report>
				<misses>266001</misses>
				<total>2</total>
				<timestamp>77.064301</timestamp>
			</report>
			<report>
				<misses>267001</misses>
				<total>2</total>
				<timestamp>77.353951</timestamp>
			</report>
			<report>
				<misses>268001</misses>
				<total>2</total>
				<timestamp>77.643677</timestamp>
			</report>
			<report>
				<misses>269001</misses>
				<total>2</total>
				<timestamp>77.933376</timestamp>
			</report>
			<report>
				<misses>270001</misses>
				<total>2</total>
				<timestamp>78.223089</timestamp>
			</report>
			<report>
				<misses>271001</misses>
				<total>2</total>
				<timestamp>78.512833</timestamp>
			</report>
			<report>
				<misses>272001</misses>
				<total>2</total>
				<timestamp>78.802500</timestamp>
			</report>
			<report>
				<misses>273001</misses>
				<total>2</total>
				<timestamp>79.092183</timestamp>
			</report>
			<report>
				<misses>274001</misses>
				<total>2</total>
				<timestamp>79.382024</timestamp>
			</report>
			<report>
				<misses>275001</misses>
				<total>2</total>
				<timestamp>79.671668</timestamp>
			</report>
			<report>
				<misses>276001</misses>
				<total>2</total>
				<timestamp>79.961382</timestamp>
			</report>
			<report>
				<misses>277001</misses>
				<total>2</total>
				<timestamp>80.251018</timestamp>
			</report>
			<report>
				<misses>278001</misses>
				<total>2</total>
				<timestamp>80.540759</timestamp>
			</report>
			<report>
				<misses>279001</misses>
				<total>2</total>
				<timestamp>80.830449</timestamp>
			</report>
			<report>
				<misses>280001</misses>
				<total>2</total>
				<timestamp>81.120136</timestamp>
			</report>
			<report>
				<misses>281001</misses>
				<total>2</total>
				<timestamp>81.409859</timestamp>
			</report>
			<report>
				<misses>282001</misses>
				<total>2</total>
				<timestamp>81.699581</timestamp>
			</report>
			<report>
				<misses>283001</misses>
				<total>2</total>
				<timestamp>81.989386</timestamp>
			</report>
			<report>
				<misses>284001</misses>
				<total>2</total>
				<timestamp>82.278993</timestamp>
			</report>
			<report>
				<misses>285001</misses>
				<total>2</total>
				<timestamp>82.568682</timestamp>
			</report>
			<report>
				<misses>286001</misses>
				<total>2</total>
				<timestamp>82.858570</timestamp>
			</report>
			<report>
				<misses>287001</misses>
				<total>2</total>
				<timestamp>83.148251</timestamp>
			</report>
			<report>
				<misses>288001</misses>
				<total>2</total>
				<timestamp>83.437902</timestamp>
			</report>
			<report>
				<misses>289001</misses>
				<total>2</total>
				<timestamp>83.727680</timestamp>
			</report>
			<report>
				<misses>290001</misses>
				<total>2</total>
				<timestamp>84.017376</timestamp>
			</report>
			<report>
				<misses>291001</misses>
				<total>2</total>
				<timestamp>84.306987</timestamp>
			</report>
			<report>
				<misses>292001</misses>
				<total>2</total>
				<timestamp>84.596663</timestamp>
			</report>
			<report>
				<misses>293001</misses>
				<total>2</total>
				<timestamp>84.886504</timestamp>
			</report>
			<report>
				<misses>294001</misses>
				<total>2</total>
				<timestamp>85.176166</timestamp>
			</report>
			<report>
				<misses>295001</misses>
				<total>2</total>
				<timestamp>85.465830</timestamp>
			</report>
			<report>
				<misses>296001</misses>
				<total>2</total>
				<timestamp>85.755561</timestamp>
			</report>
			<report>
				<misses>297001</misses>
				<total>2</total>
				<timestamp>86.045214</timestamp>
			</report>
			<report>
				<misses>298001</misses>
				<total>2</total>
				<timestamp>86.335032</timestamp>
			</report>
			<report>
				<misses>299001</misses>
				<total>2</total>
				<timestamp>86.624727</timestamp>
			</report>
			<report>
				<misses>300001</misses>
				<total>2</total>
				<timestamp>86.914392</timestamp>
			</report>
			<report>
				<misses>301001</misses>
				<total>2</total>
				<timestamp>87.204156</timestamp>
			</report>
			<report>
				<misses>302001</misses>
				<total>2</total>
				<timestamp>87.493840</timestamp>
			</report>
			<report>
				<misses>303001</misses>
				<total>2</total>
				<timestamp>87.783446</timestamp>
			</report>
			<report>
				<misses>304001</misses>
				<total>2</total>
				<timestamp>88.073263</timestamp>
			</report>
			<report>
				<misses>305001</misses>
				<total>2</total>
				<timestamp>88.363009</timestamp>
			</report>
			<report>
				<misses>306001</misses>
				<total>2</total>
				<timestamp>88.652635</timestamp>
			</report>
			<report>
				<misses>307001</misses>
				<total>2</total>
				<timestamp>88.942482</timestamp>
			</report>
			<report>
				<misses>308001</misses>
				<total>2</total>
				<timestamp>89.232109</timestamp>
			</report>
			<report>
				<misses>309001</misses>
				<total>2</total>
				<timestamp>89.521740</timestamp>
			</report>
			<report>
				<misses>310001</misses>
				<total>2</total>
				<timestamp>89.811573</timestamp>
			</report>
			<report>
				<misses>311001</misses>
				<total>2</total>
				<timestamp>90.101280</timestamp>
			</report>
			<report>
				<misses>312001</misses>
				<total>2</total>
				<timestamp>90.390973</timestamp>
			</report>
			<report>
				<misses>313001</misses>
				<total>2</total>
				<timestamp>90.680610</timestamp>
			</report>
			<report>
				<misses>314001</misses>
				<total>2</total>
				<timestamp>90.970395</timestamp>
			</report>
			<report>
				<misses>315001</misses>
				<total>2</total>
				<timestamp>91.260050</timestamp>
			</report>
			<report>
				<misses>316001</misses>
				<total>2</total>
				<timestamp>91.549802</timestamp>
			</report>
			<report>
				<misses>317001</misses>
				<total>2</total>
				<timestamp>91.839450</timestamp>
			</report>
			<report>
				<misses>318001</misses>
				<total>2</total>
				<timestamp>92.129218</timestamp>
			</report>
			<report>
				<misses>319001</misses>
				<total>2</total>
				<timestamp>92.418931</timestamp>
			</report>
			<report>
				<misses>320001</misses>
				<total>2</total>
				<timestamp>92.708672</timestamp>
			</report>
			<report>
				<misses>321001</misses>
				<total>2</total>
				<timestamp>92.998281</timestamp>
			</report>
			<report>
				<misses>322001</misses>
				<total>2</total>
				<timestamp>93.287960</timestamp>
			</report>
			<report>
				<misses>323001</misses>
				<total>2</total>
				<timestamp>93.577678</timestamp>
			</report>
			<report>
				<misses>324001</misses>
				<total>2</total>
				<timestamp>93.867388</timestamp>
			</report>
			<report>
				<misses>325001</misses>
				<total>2</total>
				<timestamp>94.157158</timestamp>
			</report>
			<report>
				<misses>326001</misses>
				<total>2</total>
				<timestamp>94.446803</timestamp>
			</report>
			<report>
				<misses>327001</misses>
				<total>2</total>
				<timestamp>94.736601</timestamp>
			</report>
			<report>
				<misses>328001</misses>
				<total>2</total>
				<timestamp>95.026345</timestamp>
			</report>
			<report>
				<misses>329001</misses>
				<total>2</total>
				<timestamp>95.315944</timestamp>
			</report>
			<report>
				<misses>330001</misses>
				<total>2</total>
				<timestamp>95.605673</timestamp>
			</report>
			<report>
				<misses>331001</misses>
				<total>2</total>
				<timestamp>95.895453</timestamp>
			</report>
			<report>
				<misses>332001</misses>
				<total>2</total>
				<timestamp>96.185186</timestamp>
			</report>
			<report>
				<misses>333001</misses>
				<total>2</total>
				<timestamp>96.474855</timestamp>
			</report>
			<report>
				<misses>334001</misses>
				<total>2</total>
				<timestamp>96.764600</timestamp>
			</report>
			<report>
				<misses>335001</misses>
				<total>2</total>
				<timestamp>97.054281</timestamp>
			</report>
			<report>
				<misses>336001</misses>
				<total>2</total>
				<timestamp>97.343969</timestamp>
			</report>
			<report>
				<misses>337001</misses>
				<total>2</total>
				<timestamp>97.633694</timestamp>
			</report>
			<report>
				<misses>338001</misses>
				<total>2</total>
				<timestamp>97.923370</timestamp>
			</report>
			<report>
				<misses>339001</misses>
				<total>2</total>
				<timestamp>98.213108</timestamp>
			</report>
			<report>
				<misses>340001</misses>
				<total>2</total>
				<timestamp>98.502801</timestamp>
			</report>
			<report>
				<misses>341001</misses>
				<total>2</total>
				<timestamp>98.792496</timestamp>
			</report>
			<report>
				<misses>342001</misses>
				<total>2</total>
				<timestamp>99.082173</timestamp>
			</report>
			<report>
				<misses>343001</misses>
				<total>2</total>
				<timestamp>99.371983</timestamp>
			</report>
			<report>
				<misses>344001</misses>
				<total>2</total>
				<timestamp>99.661593</timestamp>
			</report>
			<report>
				<misses>345001</misses>
				<total>2</total>
				<timestamp>99.951314</timestamp>
			</report>
			<report>
				<misses>346001</misses>
				<total>2</total>
				<timestamp>100.240987</timestamp>
			</report>
			<report>
				<misses>347001</misses>
				<total>2</total>
				<timestamp>100.530742</timestamp>
			</report>
			<report>
				<misses>348001</misses>
				<total>2</total>
				<timestamp>100.820463</timestamp>
			</report>
			<report>
				<misses>349001</misses>
				<total>2</total>
				<timestamp>101.110129</timestamp>
			</report>
			<report>
				<misses>350001</misses>
				<total>2</total>
				<timestamp>101.399828</timestamp>
			</report>
			<report>
				<misses>351001</misses>
				<total>2</total>
				<timestamp>101.689548</timestamp>
			</report>
			<report>
				<misses>352001</misses>
				<total>2</total>
				<timestamp>101.979252</timestamp>
			</report>
			<report>
				<misses>353001</misses>
				<total>2</total>
				<timestamp>102.268973</timestamp>
			</report>
			<report>
				<misses>354001</misses>
				<total>2</total>
				<timestamp>102.558664</timestamp>
			</report>
			<report>
				<misses>355001</misses>
				<total>2</total>
				<timestamp>102.848398</timestamp>
			</report>
			<report>
				<misses>356001</misses>
				<total>2</total>
				<timestamp>103.138115</timestamp>
			</report>
			<report>
				<misses>357001</misses>
				<total>2</total>
				<timestamp>103.427797</timestamp>
			</report>
			<report>
				<misses>358001</misses>
				<total>2</total>
				<timestamp>103.717502</timestamp>
			</report>
			<report>
				<misses>359001</misses>
				<total>2</total>
				<timestamp>104.007237</timestamp>
			</report>
			<report>
				<misses>360001</misses>
				<total>2</total>
				<timestamp>104.296971</timestamp>
			</report>
			<report>
				<misses>361001</misses>
				<total>2</total>
				<timestamp>104.586644</timestamp>
			</report>
			<report>
				<misses>362001</misses>
				<total>2</total>
				<timestamp>104.876382</timestamp>
			</report>
			<report>
				<misses>363001</misses>
				<total>2</total>
				<timestamp>105.166106</timestamp>
			</report>
			<report>
				<misses>364001</misses>
				<total>2</total>
				<timestamp>105.455792</timestamp>
			</report>
			<report>
				<misses>365001</misses>
				<total>2</total>
				<timestamp>105.745492</timestamp>
			</report>
			<report>
				<misses>366001</misses>
				<total>2</total>
				<timestamp>106.035266</timestamp>
			</report>
			<report>
				<misses>367001</misses>
				<total>2</total>
				<timestamp>106.324925</timestamp>
			</report>
			<report>
				<misses>368001</misses>
				<total>2</total>
				<timestamp>106.614653</timestamp>
			</report>
			<report>
				<misses>369001</misses>
				<total>2</total>
				<timestamp>106.904351</timestamp>
			</report>
			<report>
				<misses>370001</misses>
				<total>2</total>
				<timestamp>107.194053</timestamp>
			</report>
			<report>
				<misses>371001</misses>
				<total>2</total>
				<timestamp>107.483769</timestamp>
			</report>
			<report>
				<misses>372001</misses>
				<total>2</total>
				<timestamp>107.773460</timestamp>
			</report>
			<report>
				<misses>373001</misses>
				<total>2</total>
				<timestamp>108.063174</timestamp>
			</report>
			<report>
				<misses>374001</misses>
				<total>2</total>
				<timestamp>108.352878</timestamp>
			</report>
			<report>
				<misses>375001</misses>
				<total>2</total>
				<timestamp>108.642600</timestamp>
			</report>
			<report>
				<misses>376001</misses>
				<total>2</total>
				<timestamp>108.932292</timestamp>
			</report>
			<report>
				<misses>377001</misses>
				<total>2</total>
				<timestamp>109.222096</timestamp>
			</report>
			<report>
				<misses>378001</misses>
				<total>2</total>
				<timestamp>109.511823</timestamp>
			</report>
			<report>
				<misses>379001</misses>
				<total>2</total>
				<timestamp>109.801568</timestamp>
			</report>
			<report>
				<misses>380001</misses>
				<total>2</total>
				<timestamp>110.091256</timestamp>
			</report>
			<report>
				<misses>381001</misses>
				<total>2</total>
				<timestamp>110.380918</timestamp>
			</report>
			<report>
				<misses>382001</misses>
				<total>2</total>
				<timestamp>110.670585</timestamp>
			</report>
			<report>
				<misses>383001</misses>
				<total>2</total>
				<timestamp>110.960394</timestamp>
			</report>
			<report>
				<misses>384001</misses>
				<total>2</total>
				<timestamp>111.250058</timestamp>
			</report>
			<report>
				<misses>385001</misses>
				<total>2</total>
				<timestamp>111.539791</timestamp>
			</report>
			<report>
				<misses>386001</misses>
				<total>2</total>
				<timestamp>111.829466</timestamp>
			</report>
			<report>
				<misses>387001</misses>
				<total>2</total>
				<timestamp>112.119167</timestamp>
			</report>
			<report>
				<misses>388001</misses>
				<total>2</total>
				<timestamp>112.408833</timestamp>
			</report>
			<report>
				<misses>389001</misses>
				<total>2</total>
				<timestamp>112.698578</timestamp>
			</report>
			<report>
				<misses>390001</misses>
				<total>2</total>
				<timestamp>112.988345</timestamp>
			</report>
			<report>
				<misses>391001</misses>
				<total>2</total>
				<timestamp>113.278035</timestamp>
			</report>
			<report>
				<misses>392001</misses>
				<total>2</total>
				<timestamp>113.567748</timestamp>
			</report>
			<report>
				<misses>393001</misses>
				<total>2</total>
				<timestamp>113.857418</timestamp>
			</report>
			<report>
				<misses>394001</misses>
				<total>2</total>
				<timestamp>114.147128</timestamp>
			</report>
			<report>
				<misses>395001</misses>
				<total>2</total>
				<timestamp>114.436914</timestamp>
			</report>
			<report>
				<misses>396001</misses>
				<total>2</total>
				<timestamp>114.726607</timestamp>
			</report>
			<report>
				<misses>397001</misses>
				<total>2</total>
				<timestamp>115.016257</timestamp>
			</report>
			<report>
				<misses>398001</misses>
				<total>2</total>
				<timestamp>115.305930</timestamp>
			</report>
			<report>
				<misses>399001</misses>
				<total>2</total>
				<timestamp>115.595639</timestamp>
			</report>
			<report>
				<misses>400001</misses>
				<total>2</total>
				<timestamp>115.885351</timestamp>
			</report>
			<report>
				<misses>401001</misses>
				<total>2</total>
				<timestamp>116.175091</timestamp>
			</report>
			<report>
				<misses>402001</misses>
				<total>2</total>
				<timestamp>116.464763</timestamp>
			</report>
			<report>
				<misses>403001</misses>
				<total>2</total>
				<timestamp>116.754486</timestamp>
			</report>
			<report>
				<misses>404001</misses>
				<total>2</total>
				<timestamp>117.044201</timestamp>
			</report>
			<report>
				<misses>405001</misses>
				<total>2</total>
				<timestamp>117.333903</timestamp>
			</report>
			<report>
				<misses>406001</misses>
				<total>2</total>
				<timestamp>117.623607</timestamp>
			</report>
			<report>
				<misses>407001</misses>
				<total>2</total>
				<timestamp>117.913313</timestamp>
			</report>
			<report>
				<misses>408001</misses>
				<total>2</total>
				<timestamp>118.203027</timestamp>
			</report>
			<report>
				<misses>409001</misses>
				<total>2</total>
				<timestamp>118.492868</timestamp>
			</report>
			<report>
				<misses>410001</misses>
				<total>2</total>
				<timestamp>118.782487</timestamp>
			</report>
			<report>
				<misses>411001</misses>
				<total>2</total>
				<timestamp>119.072311</timestamp>
			</report>
			<report>
				<misses>412001</misses>
				<total>2</total>
				<timestamp>119.361987</timestamp>
			</report>
			<report>
				<misses>413001</misses>
				<total>2</total>
				<timestamp>119.651723</timestamp>
			</report>
			<report>
				<misses>414001</misses>
				<total>2</total>
				<timestamp>119.941287</timestamp>
			</report>
			<report>
				<misses>415001</misses>
				<total>2</total>
				<timestamp>120.231153</timestamp>
			</report>
			<report>
				<misses>416001</misses>
				<total>2</total>
				<timestamp>120.520815</timestamp>
			</report>
			<report>
				<misses>417001</misses>
				<total>2</total>
				<timestamp>120.810488</timestamp>
			</report>
			<report>
				<misses>418001</misses>
				<total>2</total>
				<timestamp>121.100279</timestamp>
			</report>
			<report>
				<misses>419001</misses>
				<total>2</total>
				<timestamp>121.389884</timestamp>
			</report>
			<report>
				<misses>420001</misses>
				<total>2</total>
				<timestamp>121.679570</timestamp>
			</report>
			<report>
				<misses>421001</misses>
				<total>2</total>
				<timestamp>121.969357</timestamp>
			</report>
			<report>
				<misses>422001</misses>
				<total>2</total>
				<timestamp>122.259075</timestamp>
			</report>
			<report>
				<misses>423001</misses>
				<total>2</total>
				<timestamp>122.548697</timestamp>
			</report>
			<report>
				<misses>424001</misses>
				<total>2</total>
				<timestamp>122.838388</timestamp>
			</report>
			<report>
				<misses>425001</misses>
				<total>2</total>
				<timestamp>123.128115</timestamp>
			</report>
			<report>
				<misses>426001</misses>
				<total>2</total>
				<timestamp>123.417807</timestamp>
			</report>
			<report>
				<misses>427001</misses>
				<total>2</total>
				<timestamp>123.707498</timestamp>
			</report>
			<report>
				<misses>428001</misses>
				<total>2</total>
				<timestamp>123.997254</timestamp>
			</report>
			<report>
				<misses>429001</misses>
				<total>2</total>
				<timestamp>124.286969</timestamp>
			</report>
			<report>
				<misses>430001</misses>
				<total>2</total>
				<timestamp>124.576639</timestamp>
			</report>
			<report>
				<misses>431001</misses>
				<total>2</total>
				<timestamp>124.866383</timestamp>
			</report>
			<report>
				<misses>432001</misses>
				<total>2</total>
				<timestamp>125.156140</timestamp>
			</report>
			<report>
				<misses>433001</misses>
				<total>2</total>
				<timestamp>125.445821</timestamp>
			</report>
			<report>
				<misses>434001</misses>
				<total>2</total>
				<timestamp>125.735469</timestamp>
			</report>
			<report>
				<misses>435001</misses>
				<total>2</total>
				<timestamp>126.025204</timestamp>
			</report>
			<report>
				<misses>436001</misses>
				<total>2</total>
				<timestamp>126.314916</timestamp>
			</report>
			<report>
				<misses>437001</misses>
				<total>2</total>
				<timestamp>126.604643</timestamp>
			</report>
			<report>
				<misses>438001</misses>
				<total>2</total>
				<timestamp>126.894350</timestamp>
			</report>
			<report>
				<misses>439001</misses>
				<total>2</total>
				<timestamp>127.184047</timestamp>
			</report>
			<report>
				<misses>440001</misses>
				<total>2</total>
				<timestamp>127.473773</timestamp>
			</report>
			<report>
				<misses>441001</misses>
				<total>2</total>
				<timestamp>127.763459</timestamp>
			</report>
			<report>
				<misses>442001</misses>
				<total>2</total>
				<timestamp>128.053174</timestamp>
			</report>
			<report>
				<misses>443001</misses>
				<total>2</total>
				<timestamp>128.342864</timestamp>
			</report>
			<report>
				<misses>444001</misses>
				<total>2</total>
				<timestamp>128.632579</timestamp>
			</report>
			<report>
				<misses>445001</misses>
				<total>2</total>
				<timestamp>128.922285</timestamp>
			</report>
			<report>
				<misses>446001</misses>
				<total>2</total>
				<timestamp>129.211992</timestamp>
			</report>
			<report>
				<misses>447001</misses>
				<total>2</total>
				<timestamp>129.501695</timestamp>
			</report>
			<report>
				<misses>448001</misses>
				<total>2</total>
				<timestamp>129.791417</timestamp>
			</report>
			<report>
				<misses>449001</misses>
				<total>2</total>
				<timestamp>130.081128</timestamp>
			</report>
			<report>
				<misses>450001</misses>
				<total>2</total>
				<timestamp>130.370876</timestamp>
			</report>
			<report>
				<misses>451001</misses>
				<total>2</total>
				<timestamp>130.660548</timestamp>
			</report>
			<report>
				<misses>452001</misses>
				<total>2</total>
				<timestamp>130.950274</timestamp>
			</report>
			<report>
				<misses>453001</misses>
				<total>2</total>
				<timestamp>131.239980</timestamp>
			</report>
			<report>
				<misses>454001</misses>
				<total>2</total>
				<timestamp>131.529677</timestamp>
			</report>
			<report>
				<misses>455001</misses>
				<total>2</total>
				<timestamp>131.819476</timestamp>
			</report>
			<report>
				<misses>456001</misses>
				<total>2</total>
				<timestamp>132.109161</timestamp>
			</report>
			<report>
				<misses>457001</misses>
				<total>2</total>
				<timestamp>132.398823</timestamp>
			</report>
			<report>
				<misses>458001</misses>
				<total>2</total>
				<timestamp>132.688528</timestamp>
			</report>
			<report>
				<misses>459001</misses>
				<total>2</total>
				<timestamp>132.978332</timestamp>
			</report>
			<report>
				<misses>460001</misses>
				<total>2</total>
				<timestamp>133.268068</timestamp>
			</report>
			<report>
				<misses>461001</misses>
				<total>2</total>
				<timestamp>133.557650</timestamp>
			</report>
			<report>
				<misses>462001</misses>
				<total>2</total>
				<timestamp>133.847378</timestamp>
			</report>
			<report>
				<misses>463001</misses>
				<total>2</total>
				<timestamp>134.137135</timestamp>
			</report>
			<report>
				<misses>464001</misses>
				<total>2</total>
				<timestamp>134.426770</timestamp>
			</report>
			<report>
				<misses>465001</misses>
				<total>2</total>
				<timestamp>134.716515</timestamp>
			</report>
			<report>
				<misses>466001</misses>
				<total>2</total>
				<timestamp>135.006211</timestamp>
			</report>
			<report>
				<misses>467001</misses>
				<total>2</total>
				<timestamp>135.296015</timestamp>
			</report>
			<report>
				<misses>468001</misses>
				<total>2</total>
				<timestamp>135.585740</timestamp>
			</report>
			<report>
				<misses>469001</misses>
				<total>2</total>
				<timestamp>135.875452</timestamp>
			</report>
			<report>
				<misses>470001</misses>
				<total>2</total>
				<timestamp>136.165119</timestamp>
			</report>
			<report>
				<misses>471001</misses>
				<total>2</total>
				<timestamp>136.454766</timestamp>
			</report>
			<report>
				<misses>472001</misses>
				<total>2</total>
				<timestamp>136.744526</timestamp>
			</report>
			<report>
				<misses>473001</misses>
				<total>2</total>
				<timestamp>137.034244</timestamp>
			</report>
			<report>
				<misses>474001</misses>
				<total>2</total>
				<timestamp>137.324024</timestamp>
			</report>
			<report>
				<misses>475001</misses>
				<total>2</total>
				<timestamp>137.613659</timestamp>
			</report>
			<report>
				<misses>476001</misses>
				<total>2</total>
				<timestamp>137.903405</timestamp>
			</report>
			<report>
				<misses>477001</misses>
				<total>2</total>
				<timestamp>138.193102</timestamp>
			</report>
			<report>
				<misses>478001</misses>
				<total>2</total>
				<timestamp>138.482841</timestamp>
			</report>
			<report>
				<misses>479001</misses>
				<total>2</total>
				<timestamp>138.772490</timestamp>
			</report>
			<report>
				<misses>480001</misses>
				<total>2</total>
				<timestamp>139.062211</timestamp>
			</report>
			<report>
				<misses>481001</misses>
				<total>2</total>
				<timestamp>139.351922</timestamp>
			</report>
			<report>
				<misses>482001</misses>
				<total>2</total>
				<timestamp>139.641655</timestamp>
			</report>
			<report>
				<misses>483001</misses>
				<total>2</total>
				<timestamp>139.931329</timestamp>
			</report>
			<report>
				<misses>484001</misses>
				<total>2</total>
				<timestamp>140.221079</timestamp>
			</report>
			<report>
				<misses>485001</misses>
				<total>2</total>
				<timestamp>140.510751</timestamp>
			</report>
			<report>
				<misses>486001</misses>
				<total>2</total>
				<timestamp>140.800499</timestamp>
			</report>
			<report>
				<misses>487001</misses>
				<total>2</total>
				<timestamp>141.090198</timestamp>
			</report>
			<report>
				<misses>488001</misses>
				<total>2</total>
				<timestamp>141.379849</timestamp>
			</report>
			<report>
				<misses>489001</misses>
				<total>2</total>
				<timestamp>141.669648</timestamp>
			</report>
			<report>
				<misses>490001</misses>
				<total>3</total>
				<timestamp>141.959395</timestamp>
			</report>
			<report>
				<misses>491001</misses>
				<total>3</total>
				<timestamp>142.249078</timestamp>
			</report>
			<report>
				<misses>492001</misses>
				<total>3</total>
				<timestamp>142.538713</timestamp>
			</report>
			<report>
				<misses>493001</misses>
				<total>3</total>
				<timestamp>142.828447</timestamp>
			</report>
			<report>
				<misses>494001</misses>
				<total>3</total>
				<timestamp>143.118202</timestamp>
			</report>
			<report>
				<misses>495001</misses>
				<total>3</total>
				<timestamp>143.407954</timestamp>
			</report>
			<report>
				<misses>496001</misses>
				<total>3</total>
				<timestamp>143.697601</timestamp>
			</report>
			<report>
				<misses>497001</misses>
				<total>3</total>
				<timestamp>143.987372</timestamp>
			</report>
			<report>
				<misses>498001</misses>
				<total>3</total>
				<timestamp>144.276957</timestamp>
			</report>
			<report>
				<misses>499001</misses>
				<total>3</total>
				<timestamp>144.566761</timestamp>
			</report>
			<report>
				<misses>500001</misses>
				<total>3</total>
				<timestamp>144.856338</timestamp>
			</report>
			<report>
				<misses>501001</misses>
				<total>3</total>
				<timestamp>145.146059</timestamp>
			</report>
			<report>
				<misses>502001</misses>
				<total>3</total>
				<timestamp>145.435862</timestamp>
			</report>
			<report>
				<misses>503001</misses>
				<total>3</total>
				<timestamp>145.725579</timestamp>
			</report>
			<report>
				<misses>504001</misses>
				<total>3</total>
				<timestamp>146.015323</timestamp>
			</report>
			<report>
				<misses>505001</misses>
				<total>3</total>
				<timestamp>146.304923</timestamp>
			</report>
			<report>
				<misses>506001</misses>
				<total>3</total>
				<timestamp>146.594689</timestamp>
			</report>
			<report>
				<misses>507001</misses>
				<total>3</total>
				<timestamp>146.884400</timestamp>
			</report>
			<report>
				<misses>508001</misses>
				<total>3</total>
				<timestamp>147.174072</timestamp>
			</report>
			<report>
				<misses>509001</misses>
				<total>3</total>
				<timestamp>147.463889</timestamp>
			</report>
			<report>
				<misses>510001</misses>
				<total>3</total>
				<timestamp>147.753463</timestamp>
			</report>
			<report>
				<misses>511001</misses>
				<total>3</total>
				<timestamp>148.043195</timestamp>
			</report>
			<report>
				<misses>512001</misses>
				<total>3</total>
				<timestamp>148.332972</timestamp>
			</report>
			<report>
				<misses>513001</misses>
				<total>3</total>
				<timestamp>148.622669</timestamp>
			</report>
			<report>
				<misses>514001</misses>
				<total>3</total>
				<timestamp>148.912286</timestamp>
			</report>
			<report>
				<misses>515001</misses>
				<total>3</total>
				<timestamp>149.201997</timestamp>
			</report>
			<report>
				<misses>516001</misses>
				<total>3</total>
				<timestamp>149.491773</timestamp>
			</report>
			<report>
				<misses>517001</misses>
				<total>3</total>
				<timestamp>149.781435</timestamp>
			</report>
			<report>
				<misses>518001</misses>
				<total>3</total>
				<timestamp>150.071108</timestamp>
			</report>
			<report>
				<misses>519001</misses>
				<total>3</total>
				<timestamp>150.360878</timestamp>
			</report>
			<report>
				<misses>520001</misses>
				<total>3</total>
				<timestamp>150.650564</timestamp>
			</report>
			<report>
				<misses>521001</misses>
				<total>3</total>
				<timestamp>150.940323</timestamp>
			</report>
			<report>
				<misses>522001</misses>
				<total>3</total>
				<timestamp>151.229953</timestamp>
			</report>
			<report>
				<misses>523001</misses>
				<total>3</total>
				<timestamp>151.519677</timestamp>
			</report>
			<report>
				<misses>524001</misses>
				<total>3</total>
				<timestamp>151.809374</timestamp>
			</report>
			<report>
				<misses>525001</misses>
				<total>3</total>
				<timestamp>152.099144</timestamp>
			</report>
			<report>
				<misses>526001</misses>
				<total>3</total>
				<timestamp>152.388933</timestamp>
			</report>
			<report>
				<misses>527001</misses>
				<total>3</total>
				<timestamp>152.678513</timestamp>
			</report>
			<report>
				<misses>528001</misses>
				<total>3</total>
				<timestamp>152.968252</timestamp>
			</report>
			<report>
				<misses>529001</misses>
				<total>3</total>
				<timestamp>153.257971</timestamp>
			</report>
			<report>
				<misses>530001</misses>
				<total>3</total>
				<timestamp>153.547646</timestamp>
			</report>
			<report>
				<misses>531001</misses>
				<total>3</total>
				<timestamp>153.837453</timestamp>
			</report>
			<report>
				<misses>532001</misses>
				<total>3</total>
				<timestamp>154.127053</timestamp>
			</report>
			<report>
				<misses>533001</misses>
				<total>3</total>
				<timestamp>154.416790</timestamp>
			</report>
			<report>
				<misses>534001</misses>
				<total>3</total>
				<timestamp>154.706615</timestamp>
			</report>
			<report>
				<misses>535001</misses>
				<total>3</total>
				<timestamp>154.996196</timestamp>
			</report>
			<report>
				<misses>536001</misses>
				<total>3</total>
				<timestamp>155.285963</timestamp>
			</report>
			<report>
				<misses>537001</misses>
				<total>3</total>
				<timestamp>155.575633</timestamp>
			</report>
			<report>
				<misses>538001</misses>
				<total>3</total>
				<timestamp>155.865322</timestamp>
			</report>
			<report>
				<misses>539001</misses>
				<total>3</total>
				<timestamp>156.155036</timestamp>
			</report>
			<report>
				<misses>540001</misses>
				<total>3</total>
				<timestamp>156.444760</timestamp>
			</report>
			<report>
				<misses>541001</misses>
				<total>3</total>
				<timestamp>156.734444</timestamp>
			</report>
			<report>
				<misses>542001</misses>
				<total>3</total>
				<timestamp>157.024284</timestamp>
			</report>
			<report>
				<misses>543001</misses>
				<total>3</total>
				<timestamp>157.313968</timestamp>
			</report>
			<report>
				<misses>544001</misses>
				<total>3</total>
				<timestamp>157.603686</timestamp>
			</report>
			<report>
				<misses>545001</misses>
				<total>3</total>
				<timestamp>157.893347</timestamp>
			</report>
			<report>
				<misses>546001</misses>
				<total>3</total>
				<timestamp>158.182997</timestamp>
			</report>
			<report>
				<misses>547001</misses>
				<total>3</total>
				<timestamp>158.472734</timestamp>
			</report>
			<report>
				<misses>548001</misses>
				<total>3</total>
				<timestamp>158.762436</timestamp>
			</report>
			<report>
				<misses>549001</misses>
				<total>3</total>
				<timestamp>159.052130</timestamp>
			</report>
			<report>
				<misses>550001</misses>
				<total>3</total>
				<timestamp>159.341842</timestamp>
			</report>
			<report>
				<misses>551001</misses>
				<total>3</total>
				<timestamp>159.631556</timestamp>
			</report>
			<report>
				<misses>552001</misses>
				<total>3</total>
				<timestamp>159.921251</timestamp>
			</report>
			<report>
				<misses>553001</misses>
				<total>3</total>
				<timestamp>160.211004</timestamp>
			</report>
			<report>
				<misses>554001</misses>
				<total>3</total>
				<timestamp>160.500690</timestamp>
			</report>
			<report>
				<misses>555001</misses>
				<total>3</total>
				<timestamp>160.790384</timestamp>
			</report>
			<report>
				<misses>556001</misses>
				<total>3</total>
				<timestamp>161.080134</timestamp>
			</report>
			<report>
				<misses>557001</misses>
				<total>3</total>
				<timestamp>161.369930</timestamp>
			</report>
			<report>
				<misses>558001</misses>
				<total>3</total>
				<timestamp>161.659532</timestamp>
			</report>
			<report>
				<misses>559001</misses>
				<total>3</total>
				<timestamp>161.949238</timestamp>
			</report>
			<report>
				<misses>560001</misses>
				<total>3</total>
				<timestamp>162.238932</timestamp>
			</report>
			<report>
				<misses>561001</misses>
				<total>3</total>
				<timestamp>162.528686</timestamp>
			</report>
			<report>
				<misses>562001</misses>
				<total>3</total>
				<timestamp>162.818360</timestamp>
			</report>
			<report>
				<misses>563001</misses>
				<total>3</total>
				<timestamp>163.108086</timestamp>
			</report>
			<report>
				<misses>564001</misses>
				<total>3</total>
				<timestamp>163.397893</timestamp>
			</report>
			<report>
				<misses>565001</misses>
				<total>3</total>
				<timestamp>163.687611</timestamp>
			</report>
			<report>
				<misses>566001</misses>
				<total>3</total>
				<timestamp>163.977299</timestamp>
			</report>
			<report>
				<misses>567001</misses>
				<total>3</total>
				<timestamp>164.267059</timestamp>
			</report>
			<report>
				<misses>568001</misses>
				<total>3</total>
				<timestamp>164.556663</timestamp>
			</report>
			<report>
				<misses>569001</misses>
				<total>3</total>
				<timestamp>164.846390</timestamp>
			</report>
			<report>
				<misses>570001</misses>
				<total>3</total>
				<timestamp>165.136212</timestamp>
			</report>
			<report>
				<misses>571001</misses>
				<total>3</total>
				<timestamp>165.425770</timestamp>
			</report>
			<report>
				<misses>572001</misses>
				<total>3</total>
				<timestamp>165.715464</timestamp>
			</report>
			<report>
				<misses>573001</misses>
				<total>3</total>
				<timestamp>166.005198</timestamp>
			</report>
			<report>
				<misses>574001</misses>
				<total>3</total>
				<timestamp>166.294879</timestamp>
			</report>
			<report>
				<misses>575001</misses>
				<total>3</total>
				<timestamp>166.584624</timestamp>
			</report>
			<report>
				<misses>576001</misses>
				<total>3</total>
				<timestamp>166.874309</timestamp>
			</report>
			<report>
				<misses>577001</misses>
				<total>3</total>
				<timestamp>167.164020</timestamp>
			</report>
			<report>
				<misses>578001</misses>
				<total>3</total>
				<timestamp>167.453804</timestamp>
			</report>
			<report>
				<misses>579001</misses>
				<total>3</total>
				<timestamp>167.743556</timestamp>
			</report>
			<report>
				<misses>580001</misses>
				<total>3</total>
				<timestamp>168.033196</timestamp>
			</report>
			<report>
				<misses>581001</misses>
				<total>3</total>
				<timestamp>168.322926</timestamp>
			</report>
			<report>
				<misses>582001</misses>
				<total>3</total>
				<timestamp>168.612578</timestamp>
			</report>
			<report>
				<misses>583001</misses>
				<total>3</total>
				<timestamp>168.902383</timestamp>
			</report>
			<report>
				<misses>584001</misses>
				<total>3</total>
				<timestamp>169.192009</timestamp>
			</report>
			<report>
				<misses>585001</misses>
				<total>3</total>
				<timestamp>169.481774</timestamp>
			</report>
			<report>
				<misses>586001</misses>
				<total>3</total>
				<timestamp>169.771421</timestamp>
			</report>
			<report>
				<misses>587001</misses>
				<total>3</total>
				<timestamp>170.061140</timestamp>
			</report>
			<report>
				<misses>588001</misses>
				<total>3</total>
				<timestamp>170.350832</timestamp>
			</report>
			<report>
				<misses>589001</misses>
				<total>3</total>
				<timestamp>170.640551</timestamp>
			</report>
			<report>
				<misses>590001</misses>
				<total>3</total>
				<timestamp>170.930232</timestamp>
			</report>
			<report>
				<misses>591001</misses>
				<total>3</total>
				<timestamp>171.219940</timestamp>
			</report>
			<report>
				<misses>592001</misses>
				<total>3</total>
				<timestamp>171.509687</timestamp>
			</report>
			<report>
				<misses>593001</misses>
				<total>3</total>
				<timestamp>171.799383</timestamp>
			</report>
			<report>
				<misses>594001</misses>
				<total>3</total>
				<timestamp>172.089066</timestamp>
			</report>
			<report>
				<misses>595001</misses>
				<total>3</total>
				<timestamp>172.378815</timestamp>
			</report>
			<report>
				<misses>596001</misses>
				<total>3</total>
				<timestamp>172.668523</timestamp>
			</report>
			<report>
				<misses>597001</misses>
				<total>3</total>
				<timestamp>172.958212</timestamp>
			</report>
			<report>
				<misses>598001</misses>
				<total>3</total>
				<timestamp>173.247925</timestamp>
			</report>
			<report>
				<misses>599001</misses>
				<total>3</total>
				<timestamp>173.537653</timestamp>
			</report>
			<report>
				<misses>600001</misses>
				<total>3</total>
				<timestamp>173.827342</timestamp>
			</report>
			<report>
				<misses>601001</misses>
				<total>3</total>
				<timestamp>174.117038</timestamp>
			</report>
			<report>
				<misses>602001</misses>
				<total>3</total>
				<timestamp>174.406814</timestamp>
			</report>
			<report>
				<misses>603001</misses>
				<total>3</total>
				<timestamp>174.696479</timestamp>
			</report>
			<report>
				<misses>604001</misses>
				<total>3</total>
				<timestamp>174.986185</timestamp>
			</report>
			<report>
				<misses>605001</misses>
				<total>3</total>
				<timestamp>175.275894</timestamp>
			</report>
			<report>
				<misses>606001</misses>
				<total>3</total>
				<timestamp>175.565633</timestamp>
			</report>
			<report>
				<misses>607001</misses>
				<total>3</total>
				<timestamp>175.855331</timestamp>
			</report>
			<report>
				<misses>608001</misses>
				<total>3</total>
				<timestamp>176.145029</timestamp>
			</report>
			<report>
				<misses>609001</misses>
				<total>3</total>
				<timestamp>176.434746</timestamp>
			</report>
			<report>
				<misses>610001</misses>
				<total>3</total>
				<timestamp>176.724448</timestamp>
			</report>
			<report>
				<misses>611001</misses>
				<total>3</total>
				<timestamp>177.014159</timestamp>
			</report>
			<report>
				<misses>612001</misses>
				<total>3</total>
				<timestamp>177.303844</timestamp>
			</report>
			<report>
				<misses>613001</misses>
				<total>3</total>
				<timestamp>177.593579</timestamp>
			</report>
			<report>
				<misses>614001</misses>
				<total>3</total>
				<timestamp>177.883280</timestamp>
			</report>
			<report>
				<misses>615001</misses>
				<total>3</total>
				<timestamp>178.172996</timestamp>
			</report>
			<report>
				<misses>616001</misses>
				<total>3</total>
				<timestamp>178.462870</timestamp>
			</report>
			<report>
				<misses>617001</misses>
				<total>3</total>
				<timestamp>178.752442</timestamp>
			</report>
			<report>
				<misses>618001</misses>
				<total>3</total>
				<timestamp>179.042153</timestamp>
			</report>
			<report>
				<misses>619001</misses>
				<total>3</total>
				<timestamp>179.331957</timestamp>
			</report>
			<report>
				<misses>620001</misses>
				<total>3</total>
				<timestamp>179.621587</timestamp>
			</report>
			<report>
				<misses>621001</misses>
				<total>3</total>
				<timestamp>179.911306</timestamp>
			</report>
			<report>
				<misses>622001</misses>
				<total>3</total>
				<timestamp>180.201018</timestamp>
			</report>
			<report>
				<misses>623001</misses>
				<total>3</total>
				<timestamp>180.490726</timestamp>
			</report>
			<report>
				<misses>624001</misses>
				<total>3</total>
				<timestamp>180.780480</timestamp>
			</report>
			<report>
				<misses>625001</misses>
				<total>3</total>
				<timestamp>181.070181</timestamp>
			</report>
			<report>
				<misses>626001</misses>
				<total>3</total>
				<timestamp>181.359900</timestamp>
			</report>
			<report>
				<misses>627001</misses>
				<total>3</total>
				<timestamp>181.649528</timestamp>
			</report>
			<report>
				<misses>628001</misses>
				<total>3</total>
				<timestamp>181.939269</timestamp>
			</report>
			<report>
				<misses>629001</misses>
				<total>3</total>
				<timestamp>182.228992</timestamp>
			</report>
			<report>
				<misses>630001</misses>
				<total>3</total>
				<timestamp>182.518625</timestamp>
			</report>
			<report>
				<misses>631001</misses>
				<total>3</total>
				<timestamp>182.808366</timestamp>
			</report>
			<report>
				<misses>632001</misses>
				<total>3</total>
				<timestamp>183.098131</timestamp>
			</report>
			<report>
				<misses>633001</misses>
				<total>3</total>
				<timestamp>183.387836</timestamp>
			</report>
			<report>
				<misses>634001</misses>
				<total>3</total>
				<timestamp>183.677531</timestamp>
			</report>
			<report>
				<misses>635001</misses>
				<total>3</total>
				<timestamp>183.967216</timestamp>
			</report>
			<report>
				<misses>636001</misses>
				<total>3</total>
				<timestamp>184.256941</timestamp>
			</report>
			<report>
				<misses>637001</misses>
				<total>3</total>
				<timestamp>184.546650</timestamp>
			</report>
			<report>
				<misses>638001</misses>
				<total>3</total>
				<timestamp>184.836377</timestamp>
			</report>
			<report>
				<misses>639001</misses>
				<total>3</total>
				<timestamp>185.126063</timestamp>
			</report>
			<report>
				<misses>640001</misses>
				<total>3</total>
				<timestamp>185.415739</timestamp>
			</report>
			<report>
				<misses>641001</misses>
				<total>3</total>
				<timestamp>185.705467</timestamp>
			</report>
			<report>
				<misses>642001</misses>
				<total>3</total>
				<timestamp>185.995162</timestamp>
			</report>
			<report>
				<misses>643001</misses>
				<total>3</total>
				<timestamp>186.284877</timestamp>
			</report>
			<report>
				<misses>644001</misses>
				<total>3</total>
				<timestamp>186.574636</timestamp>
			</report>
			<report>
				<misses>645001</misses>
				<total>3</total>
				<timestamp>186.864300</timestamp>
			</report>
			<report>
				<misses>646001</misses>
				<total>3</total>
				<timestamp>187.154000</timestamp>
			</report>
			<report>
				<misses>647001</misses>
				<total>3</total>
				<timestamp>187.443795</timestamp>
			</report>
			<report>
				<misses>648001</misses>
				<total>3</total>
				<timestamp>187.733525</timestamp>
			</report>
			<report>
				<misses>649001</misses>
				<total>3</total>
				<timestamp>188.023177</timestamp>
			</report>
			<report>
				<misses>650001</misses>
				<total>3</total>
				<timestamp>188.312947</timestamp>
			</report>
			<report>
				<misses>651001</misses>
				<total>3</total>
				<timestamp>188.602613</timestamp>
			</report>
			<report>
				<misses>652001</misses>
				<total>3</total>
				<timestamp>188.892308</timestamp>
			</report>
			<report>
				<misses>653001</misses>
				<total>3</total>
				<timestamp>189.181982</timestamp>
			</report>
			<report>
				<misses>654001</misses>
				<total>3</total>
				<timestamp>189.471689</timestamp>
			</report>
			<report>
				<misses>655001</misses>
				<total>5</total>
				<timestamp>189.761475</timestamp>
			</report>
			<report>
				<misses>656001</misses>
				<total>5</total>
				<timestamp>190.051163</timestamp>
			</report>
			<report>
				<misses>657001</misses>
				<total>5</total>
				<timestamp>190.340814</timestamp>
			</report>
			<report>
				<misses>658001</misses>
				<total>5</total>
				<timestamp>190.630574</timestamp>
			</report>
			<report>
				<misses>659001</misses>
				<total>5</total>
				<timestamp>190.920264</timestamp>
			</report>
			<report>
				<misses>660001</misses>
				<total>5</total>
				<timestamp>191.209999</timestamp>
			</report>
			<report>
				<misses>661001</misses>
				<total>5</total>
				<timestamp>191.499651</timestamp>
			</report>
			<report>
				<misses>662001</misses>
				<total>5</total>
				<timestamp>191.789349</timestamp>
			</report>
			<report>
				<misses>663001</misses>
				<total>5</total>
				<timestamp>192.079079</timestamp>
			</report>
			<report>
				<misses>664001</misses>
				<total>5</total>
				<timestamp>192.368768</timestamp>
			</report>
			<report>
				<misses>665001</misses>
				<total>5</total>
				<timestamp>192.658513</timestamp>
			</report>
			<report>
				<misses>666001</misses>
				<total>5</total>
				<timestamp>192.948203</timestamp>
			</report>
			<report>
				<misses>667001</misses>
				<total>5</total>
				<timestamp>193.237908</timestamp>
			</report>
			<report>
				<misses>668001</misses>
				<total>5</total>
				<timestamp>193.527618</timestamp>
			</report>
			<report>
				<misses>669001</misses>
				<total>5</total>
				<timestamp>193.817324</timestamp>
			</report>
			<report>
				<misses>670001</misses>
				<total>5</total>
				<timestamp>194.107041</timestamp>
			</report>
			<report>
				<misses>671001</misses>
				<total>5</total>
				<timestamp>194.396753</timestamp>
			</report>
			<report>
				<misses>672001</misses>
				<total>5</total>
				<timestamp>194.686483</timestamp>
			</report>
			<report>
				<misses>673001</misses>
				<total>5</total>
				<timestamp>194.976155</timestamp>
			</report>
			<report>
				<misses>674001</misses>
				<total>5</total>
				<timestamp>195.265872</timestamp>
			</report>
			<report>
				<misses>675001</misses>
				<total>5</total>
				<timestamp>195.555584</timestamp>
			</report>
			<report>
				<misses>676001</misses>
				<total>5</total>
				<timestamp>195.845306</timestamp>
			</report>
			<report>
				<misses>677001</misses>
				<total>5</total>
				<timestamp>196.135034</timestamp>
			</report>
			<report>
				<misses>678001</misses>
				<total>5</total>
				<timestamp>196.424722</timestamp>
			</report>
			<report>
				<misses>679001</misses>
				<total>5</total>
				<timestamp>196.714418</timestamp>
			</report>
			<report>
				<misses>680001</misses>
				<total>5</total>
				<timestamp>197.004190</timestamp>
			</report>
			<report>
				<misses>681001</misses>
				<total>5</total>
				<timestamp>197.293878</timestamp>
			</report>
			<report>
				<misses>682001</misses>
				<total>5</total>
				<timestamp>197.583572</timestamp>
			</report>
			<report>
				<misses>683001</misses>
				<total>5</total>
				<timestamp>197.873264</timestamp>
			</report>
			<report>
				<misses>684001</misses>
				<total>5</total>
				<timestamp>198.162992</timestamp>
			</report>
			<report>
				<misses>685001</misses>
				<total>5</total>
				<timestamp>198.452693</timestamp>
			</report>
			<report>
				<misses>686001</misses>
				<total>5</total>
				<timestamp>198.742408</timestamp>
			</report>
			<report>
				<misses>687001</misses>
				<total>5</total>
				<timestamp>199.032162</timestamp>
			</report>
			<report>
				<misses>688001</misses>
				<total>5</total>
				<timestamp>199.321858</timestamp>
			</report>
			<report>
				<misses>689001</misses>
				<total>5</total>
				<timestamp>199.611571</timestamp>
			</report>
			<report>
				<misses>690001</misses>
				<total>5</total>
				<timestamp>199.901251</timestamp>
			</report>
			<report>
				<misses>691001</misses>
				<total>5</total>
				<timestamp>200.190976</timestamp>
			</report>
			<report>
				<misses>692001</misses>
				<total>5</total>
				<timestamp>200.480687</timestamp>
			</report>
			<report>
				<misses>693001</misses>
				<total>5</total>
				<timestamp>200.770370</timestamp>
			</report>
			<report>
				<misses>694001</misses>
				<total>5</total>
				<timestamp>201.060093</timestamp>
			</report>
			<report>
				<misses>695001</misses>
				<total>5</total>
				<timestamp>201.349801</timestamp>
			</report>
			<report>
				<misses>696001</misses>
				<total>5</total>
				<timestamp>201.639549</timestamp>
			</report>
			<report>
				<misses>697001</misses>
				<total>5</total>
				<timestamp>201.929202</timestamp>
			</report>
			<report>
				<misses>698001</misses>
				<total>5</total>
				<timestamp>202.218907</timestamp>
			</report>
			<report>
				<misses>699001</misses>
				<total>5</total>
				<timestamp>202.508625</timestamp>
			</report>
			<report>
				<misses>700001</misses>
				<total>5</total>
				<timestamp>202.798338</timestamp>
			</report>
			<report>
				<misses>701001</misses>
				<total>5</total>
				<timestamp>203.088047</timestamp>
			</report>
			<report>
				<misses>702001</misses>
				<total>5</total>
				<timestamp>203.377767</timestamp>
			</report>
			<report>
				<misses>703001</misses>
				<total>5</total>
				<timestamp>203.667495</timestamp>
			</report>
			<report>
				<misses>704001</misses>
				<total>5</total>
				<timestamp>203.957178</timestamp>
			</report>
			<report>
				<misses>705001</misses>
				<total>5</total>
				<timestamp>204.246917</timestamp>
			</report>
			<report>
				<misses>706001</misses>
				<total>5</total>
				<timestamp>204.536739</timestamp>
			</report>
			<report>
				<misses>707001</misses>
				<total>5</total>
				<timestamp>204.826356</timestamp>
			</report>
			<report>
				<misses>708001</misses>
				<total>5</total>
				<timestamp>205.116011</timestamp>
			</report>
			<report>
				<misses>709001</misses>
				<total>5</total>
				<timestamp>205.405783</timestamp>
			</report>
			<report>
				<misses>710001</misses>
				<total>5</total>
				<timestamp>205.695562</timestamp>
			</report>
			<report>
				<misses>711001</misses>
				<total>5</total>
				<timestamp>205.985216</timestamp>
			</report>
			<report>
				<misses>712001</misses>
				<total>5</total>
				<timestamp>206.274954</timestamp>
			</report>
			<report>
				<misses>713001</misses>
				<total>5</total>
				<timestamp>206.564686</timestamp>
			</report>
			<report>
				<misses>714001</misses>
				<total>5</total>
				<timestamp>206.854320</timestamp>
			</report>
			<report>
				<misses>715001</misses>
				<total>5</total>
				<timestamp>207.144054</timestamp>
			</report>
			<report>
				<misses>716001</misses>
				<total>5</total>
				<timestamp>207.433706</timestamp>
			</report>
			<report>
				<misses>717001</misses>
				<total>5</total>
				<timestamp>207.723433</timestamp>
			</report>
			<report>
				<misses>718001</misses>
				<total>5</total>
				<timestamp>208.013124</timestamp>
			</report>
			<report>
				<misses>719001</misses>
				<total>5</total>
				<timestamp>208.302828</timestamp>
			</report>
			<report>
				<misses>720001</misses>
				<total>5</total>
				<timestamp>208.592584</timestamp>
			</report>
			<report>
				<misses>721001</misses>
				<total>5</total>
				<timestamp>208.882244</timestamp>
			</report>
			<report>
				<misses>722001</misses>
				<total>5</total>
				<timestamp>209.172006</timestamp>
			</report>
			<report>
				<misses>723001</misses>
				<total>5</total>
				<timestamp>209.461700</timestamp>
			</report>
			<report>
				<misses>724001</misses>
				<total>5</total>
				<timestamp>209.751389</timestamp>
			</report>
			<report>
				<misses>725001</misses>
				<total>5</total>
				<timestamp>210.041084</timestamp>
			</report>
			<report>
				<misses>726001</misses>
				<total>5</total>
				<timestamp>210.330804</timestamp>
			</report>
			<report>
				<misses>727001</misses>
				<total>5</total>
				<timestamp>210.620522</timestamp>
			</report>
			<report>
				<misses>728001</misses>
				<total>5</total>
				<timestamp>210.910206</timestamp>
			</report>
			<report>
				<misses>729001</misses>
				<total>5</total>
				<timestamp>211.199923</timestamp>
			</report>
			<report>
				<misses>730001</misses>
				<total>5</total>
				<timestamp>211.489645</timestamp>
			</report>
			<report>
				<misses>731001</misses>
				<total>5</total>
				<timestamp>211.779398</timestamp>
			</report>
			<report>
				<misses>732001</misses>
				<total>5</total>
				<timestamp>212.069040</timestamp>
			</report>
			<report>
				<misses>733001</misses>
				<total>5</total>
				<timestamp>212.358757</timestamp>
			</report>
			<report>
				<misses>734001</misses>
				<total>5</total>
				<timestamp>212.648481</timestamp>
			</report>
			<report>
				<misses>735001</misses>
				<total>5</total>
				<timestamp>212.938186</timestamp>
			</report>
			<report>
				<misses>736001</misses>
				<total>5</total>
				<timestamp>213.227890</timestamp>
			</report>
			<report>
				<misses>737001</misses>
				<total>5</total>
				<timestamp>213.517652</timestamp>
			</report>
			<report>
				<misses>738001</misses>
				<total>5</total>
				<timestamp>213.807327</timestamp>
			</report>
			<report>
				<misses>739001</misses>
				<total>5</total>
				<timestamp>214.097037</timestamp>
			</report>
			<report>
				<misses>740001</misses>
				<total>5</total>
				<timestamp>214.386745</timestamp>
			</report>
			<report>
				<misses>741001</misses>
				<total>5</total>
				<timestamp>214.676453</timestamp>
			</report>
			<report>
				<misses>742001</misses>
				<total>5</total>
				<timestamp>214.966145</timestamp>
			</report>
			<report>
				<misses>743001</misses>
				<total>5</total>
				<timestamp>215.255864</timestamp>
			</report>
			<report>
				<misses>744001</misses>
				<total>5</total>
				<timestamp>215.545589</timestamp>
			</report>
			<report>
				<misses>745001</misses>
				<total>5</total>
				<timestamp>215.835293</timestamp>
			</report>
			<report>
				<misses>746001</misses>
				<total>5</total>
				<timestamp>216.125127</timestamp>
			</report>
			<report>
				<misses>747001</misses>
				<total>5</total>
				<timestamp>216.414716</timestamp>
			</report>
			<report>
				<misses>748001</misses>
				<total>5</total>
				<timestamp>216.704455</timestamp>
			</report>
			<report>
				<misses>749001</misses>
				<total>5</total>
				<timestamp>216.994193</timestamp>
			</report>
			<report>
				<misses>750001</misses>
				<total>5</total>
				<timestamp>217.283901</timestamp>
			</report>
			<report>
				<misses>751001</misses>
				<total>5</total>
				<timestamp>217.573714</timestamp>
			</report>
			<report>
				<misses>752001</misses>
				<total>5</total>
				<timestamp>217.863450</timestamp>
			</report>
			<report>
				<misses>753001</misses>
				<total>5</total>
				<timestamp>218.153033</timestamp>
			</report>
			<report>
				<misses>754001</misses>
				<total>5</total>
				<timestamp>218.442838</timestamp>
			</report>
			<report>
				<misses>755001</misses>
				<total>5</total>
				<timestamp>218.732568</timestamp>
			</report>
			<report>
				<misses>756001</misses>
				<total>5</total>
				<timestamp>219.022194</timestamp>
			</report>
			<report>
				<misses>757001</misses>
				<total>5</total>
				<timestamp>219.311939</timestamp>
			</report>
			<report>
				<misses>758001</misses>
				<total>5</total>
				<timestamp>219.601622</timestamp>
			</report>
			<report>
				<misses>759001</misses>
				<total>5</total>
				<timestamp>219.891259</timestamp>
			</report>
			<report>
				<misses>760001</misses>
				<total>5</total>
				<timestamp>220.181035</timestamp>
			</report>
			<report>
				<misses>761001</misses>
				<total>5</total>
				<timestamp>220.470790</timestamp>
			</report>
			<report>
				<misses>762001</misses>
				<total>5</total>
				<timestamp>220.760530</timestamp>
			</report>
			<report>
				<misses>763001</misses>
				<total>5</total>
				<timestamp>221.050157</timestamp>
			</report>
			<report>
				<misses>764001</misses>
				<total>5</total>
				<timestamp>221.339797</timestamp>
			</report>
			<report>
				<misses>765001</misses>
				<total>5</total>
				<timestamp>221.629575</timestamp>
			</report>
			<report>
				<misses>766001</misses>
				<total>5</total>
				<timestamp>221.919287</timestamp>
			</report>
			<report>
				<misses>767001</misses>
				<total>5</total>
				<timestamp>222.208970</timestamp>
			</report>
			<report>
				<misses>768001</misses>
				<total>5</total>
				<timestamp>222.498752</timestamp>
			</report>
			<report>
				<misses>769001</misses>
				<total>5</total>
				<timestamp>222.788460</timestamp>
			</report>
			<report>
				<misses>770001</misses>
				<total>5</total>
				<timestamp>223.078129</timestamp>
			</report>
			<report>
				<misses>771001</misses>
				<total>5</total>
				<timestamp>223.367901</timestamp>
			</report>
			<report>
				<misses>772001</misses>
				<total>5</total>
				<timestamp>223.657570</timestamp>
			</report>
			<report>
				<misses>773001</misses>
				<total>5</total>
				<timestamp>223.947277</timestamp>
			</report>
			<report>
				<misses>774001</misses>
				<total>5</total>
				<timestamp>224.236940</timestamp>
			</report>
			<report>
				<misses>775001</misses>
				<total>5</total>
				<timestamp>224.526630</timestamp>
			</report>
			<report>
				<misses>776001</misses>
				<total>5</total>
				<timestamp>224.816371</timestamp>
			</report>
			<report>
				<misses>777001</misses>
				<total>5</total>
				<timestamp>225.106017</timestamp>
			</report>
			<report>
				<misses>778001</misses>
				<total>5</total>
				<timestamp>225.395809</timestamp>
			</report>
			<report>
				<misses>779001</misses>
				<total>5</total>
				<timestamp>225.685469</timestamp>
			</report>
			<report>
				<misses>780001</misses>
				<total>5</total>
				<timestamp>225.975194</timestamp>
			</report>
			<report>
				<misses>781001</misses>
				<total>5</total>
				<timestamp>226.264925</timestamp>
			</report>
			<report>
				<misses>782001</misses>
				<total>5</total>
				<timestamp>226.554610</timestamp>
			</report>
			<report>
				<misses>783001</misses>
				<total>5</total>
				<timestamp>226.844319</timestamp>
			</report>
			<report>
				<misses>784001</misses>
				<total>5</total>
				<timestamp>227.134062</timestamp>
			</report>
			<report>
				<misses>785001</misses>
				<total>5</total>
				<timestamp>227.423698</timestamp>
			</report>
			<report>
				<misses>786001</misses>
				<total>5</total>
				<timestamp>227.713419</timestamp>
			</report>
			<report>
				<misses>787001</misses>
				<total>5</total>
				<timestamp>228.003098</timestamp>
			</report>
			<report>
				<misses>788001</misses>
				<total>5</total>
				<timestamp>228.292837</timestamp>
			</report>
			<report>
				<misses>789001</misses>
				<total>5</total>
				<timestamp>228.582544</timestamp>
			</report>
			<report>
				<misses>790001</misses>
				<total>5</total>
				<timestamp>228.872303</timestamp>
			</report>
			<report>
				<misses>791001</misses>
				<total>5</total>
				<timestamp>229.161968</timestamp>
			</report>
			<report>
				<misses>792001</misses>
				<total>5</total>
				<timestamp>229.451668</timestamp>
			</report>
			<report>
				<misses>793001</misses>
				<total>5</total>
				<timestamp>229.741384</timestamp>
			</report>
			<report>
				<misses>794001</misses>
				<total>5</total>
				<timestamp>230.031091</timestamp>
			</report>
			<report>
				<misses>795001</misses>
				<total>5</total>
				<timestamp>230.320786</timestamp>
			</report>
			<report>
				<misses>796001</misses>
				<total>5</total>
				<timestamp>230.610510</timestamp>
			</report>
			<report>
				<misses>797001</misses>
				<total>5</total>
				<timestamp>230.900218</timestamp>
			</report>
			<report>
				<misses>798001</misses>
				<total>5</total>
				<timestamp>231.189935</timestamp>
			</report>
			<report>
				<misses>799001</misses>
				<total>5</total>
				<timestamp>231.479628</timestamp>
			</report>
			<report>
				<misses>800001</misses>
				<total>5</total>
				<timestamp>231.769375</timestamp>
			</report>
			<report>
				<misses>801001</misses>
				<total>5</total>
				<timestamp>232.059033</timestamp>
			</report>
			<report>
				<misses>802001</misses>
				<total>5</total>
				<timestamp>232.348894</timestamp>
			</report>
			<report>
				<misses>803001</misses>
				<total>5</total>
				<timestamp>232.638548</timestamp>
			</report>
			<report>
				<misses>804001</misses>
				<total>5</total>
				<timestamp>232.928169</timestamp>
			</report>
			<report>
				<misses>805001</misses>
				<total>5</total>
				<timestamp>233.217885</timestamp>
			</report>
			<report>
				<misses>806001</misses>
				<total>5</total>
				<timestamp>233.507604</timestamp>
			</report>
			<report>
				<misses>807001</misses>
				<total>5</total>
				<timestamp>233.797406</timestamp>
			</report>
			<report>
				<misses>808001</misses>
				<total>5</total>
				<timestamp>234.087017</timestamp>
			</report>
			<report>
				<misses>809001</misses>
				<total>5</total>
				<timestamp>234.376730</timestamp>
			</report>
			<report>
				<misses>810001</misses>
				<total>5</total>
				<timestamp>234.666434</timestamp>
			</report>
			<report>
				<misses>811001</misses>
				<total>5</total>
				<timestamp>234.956146</timestamp>
			</report>
			<report>
				<misses>812001</misses>
				<total>5</total>
				<timestamp>235.245852</timestamp>
			</report>
			<report>
				<misses>813001</misses>
				<total>5</total>
				<timestamp>235.535681</timestamp>
			</report>
			<report>
				<misses>814001</misses>
				<total>5</total>
				<timestamp>235.825325</timestamp>
			</report>
			<report>
				<misses>815001</misses>
				<total>5</total>
				<timestamp>236.115021</timestamp>
			</report>
			<report>
				<misses>816001</misses>
				<total>5</total>
				<timestamp>236.404745</timestamp>
			</report>
			<report>
				<misses>817001</misses>
				<total>5</total>
				<timestamp>236.694544</timestamp>
			</report>
			<report>
				<misses>818001</misses>
				<total>5</total>
				<timestamp>236.984162</timestamp>
			</report>
			<report>
				<misses>819001</misses>
				<total>5</total>
				<timestamp>237.273887</timestamp>
			</report>
			<report>
				<misses>820001</misses>
				<total>5</total>
				<timestamp>237.563621</timestamp>
			</report>
			<report>
				<misses>821001</misses>
				<total>5</total>
				<timestamp>237.853386</timestamp>
			</report>
			<report>
				<misses>822001</misses>
				<total>5</total>
				<timestamp>238.142983</timestamp>
			</report>
			<report>
				<misses>823001</misses>
				<total>5</total>
				<timestamp>238.432692</timestamp>
			</report>
			<report>
				<misses>824001</misses>
				<total>5</total>
				<timestamp>238.722410</timestamp>
			</report>
			<report>
				<misses>825001</misses>
				<total>5</total>
				<timestamp>239.012117</timestamp>
			</report>
			<report>
				<misses>826001</misses>
				<total>5</total>
				<timestamp>239.301788</timestamp>
			</report>
			<report>
				<misses>827001</misses>
				<total>5</total>
				<timestamp>239.591507</timestamp>
			</report>
			<report>
				<misses>828001</misses>
				<total>5</total>
				<timestamp>239.881265</timestamp>
			</report>
			<report>
				<misses>829001</misses>
				<total>5</total>
				<timestamp>240.170958</timestamp>
			</report>
			<report>
				<misses>830001</misses>
				<total>5</total>
				<timestamp>240.460638</timestamp>
			</report>
			<report>
				<misses>831001</misses>
				<total>5</total>
				<timestamp>240.750371</timestamp>
			</report>
			<report>
				<misses>832001</misses>
				<total>5</total>
				<timestamp>241.040056</timestamp>
			</report>
			<report>
				<misses>833001</misses>
				<total>5</total>
				<timestamp>241.329763</timestamp>
			</report>
			<report>
				<misses>834001</misses>
				<total>5</total>
				<timestamp>241.619475</timestamp>
			</report>
			<report>
				<misses>835001</misses>
				<total>5</total>
				<timestamp>241.909216</timestamp>
			</report>
			<report>
				<misses>836001</misses>
				<total>5</total>
				<timestamp>242.198897</timestamp>
			</report>
			<report>
				<misses>837001</misses>
				<total>5</total>
				<timestamp>242.488627</timestamp>
			</report>
			<report>
				<misses>838001</misses>
				<total>5</total>
				<timestamp>242.778633</timestamp>
			</report>
			<report>
				<misses>839001</misses>
				<total>5</total>
				<timestamp>243.068316</timestamp>
			</report>
			<report>
				<misses>840001</misses>
				<total>5</total>
				<timestamp>243.358048</timestamp>
			</report>
			<report>
				<misses>841001</misses>
				<total>5</total>
				<timestamp>243.647731</timestamp>
			</report>
			<report>
				<misses>842001</misses>
				<total>5</total>
				<timestamp>243.937440</timestamp>
			</report>
			<report>
				<misses>843001</misses>
				<total>5</total>
				<timestamp>244.227170</timestamp>
			</report>
			<report>
				<misses>844001</misses>
				<total>5</total>
				<timestamp>244.516868</timestamp>
			</report>
			<report>
				<misses>845001</misses>
				<total>5</total>
				<timestamp>244.806582</timestamp>
			</report>
			<report>
				<misses>846001</misses>
				<total>5</total>
				<timestamp>245.096289</timestamp>
			</report>
			<report>
				<misses>847001</misses>
				<total>5</total>
				<timestamp>245.386092</timestamp>
			</report>
			<report>
				<misses>848001</misses>
				<total>5</total>
				<timestamp>245.675801</timestamp>
			</report>
			<report>
				<misses>849001</misses>
				<total>5</total>
				<timestamp>245.965501</timestamp>
			</report>
			<report>
				<misses>850001</misses>
				<total>5</total>
				<timestamp>246.255192</timestamp>
			</report>
			<report>
				<misses>851001</misses>
				<total>5</total>
				<timestamp>246.544905</timestamp>
			</report>
			<report>
				<misses>852001</misses>
				<total>5</total>
				<timestamp>246.834647</timestamp>
			</report>
			<report>
				<misses>853001</misses>
				<total>5</total>
				<timestamp>247.124368</timestamp>
			</report>
			<report>
				<misses>854001</misses>
				<total>5</total>
				<timestamp>247.414021</timestamp>
			</report>
			<report>
				<misses>855001</misses>
				<total>5</total>
				<timestamp>247.703736</timestamp>
			</report>
			<report>
				<misses>856001</misses>
				<total>5</total>
				<timestamp>247.993408</timestamp>
			</report>
			<report>
				<misses>857001</misses>
				<total>5</total>
				<timestamp>248.283110</timestamp>
			</report>
			<report>
				<misses>858001</misses>
				<total>5</total>
				<timestamp>248.572803</timestamp>
			</report>
			<report>
				<misses>859001</misses>
				<total>5</total>
				<timestamp>248.862524</timestamp>
			</report>
			<report>
				<misses>860001</misses>
				<total>5</total>
				<timestamp>249.152260</timestamp>
			</report>
			<report>
				<misses>861001</misses>
				<total>5</total>
				<timestamp>249.442034</timestamp>
			</report>
			<report>
				<misses>862001</misses>
				<total>5</total>
				<timestamp>249.731735</timestamp>
			</report>
			<report>
				<misses>863001</misses>
				<total>5</total>
				<timestamp>250.021478</timestamp>
			</report>
			<report>
				<misses>864001</misses>
				<total>5</total>
				<timestamp>250.311121</timestamp>
			</report>
			<report>
				<misses>865001</misses>
				<total>5</total>
				<timestamp>250.600808</timestamp>
			</report>
			<report>
				<misses>866001</misses>
				<total>5</total>
				<timestamp>250.890552</timestamp>
			</report>
			<report>
				<misses>867001</misses>
				<total>5</total>
				<timestamp>251.180291</timestamp>
			</report>
			<report>
				<misses>868001</misses>
				<total>5</total>
				<timestamp>251.469954</timestamp>
			</report>
			<report>
				<misses>869001</misses>
				<total>5</total>
				<timestamp>251.759725</timestamp>
			</report>
			<report>
				<misses>870001</misses>
				<total>5</total>
				<timestamp>252.049352</timestamp>
			</report>
			<report>
				<misses>871001</misses>
				<total>5</total>
				<timestamp>252.339071</timestamp>
			</report>
			<report>
				<misses>872001</misses>
				<total>5</total>
				<timestamp>252.628770</timestamp>
			</report>
			<report>
				<misses>873001</misses>
				<total>5</total>
				<timestamp>252.918450</timestamp>
			</report>
			<report>
				<misses>874001</misses>
				<total>5</total>
				<timestamp>253.208259</timestamp>
			</report>
			<report>
				<misses>875001</misses>
				<total>5</total>
				<timestamp>253.497892</timestamp>
			</report>
			<report>
				<misses>876001</misses>
				<total>5</total>
				<timestamp>253.787595</timestamp>
			</report>
			<report>
				<misses>877001</misses>
				<total>5</total>
				<timestamp>254.077321</timestamp>
			</report>
			<report>
				<misses>878001</misses>
				<total>6</total>
				<timestamp>254.366990</timestamp>
			</report>
			<report>
				<misses>879001</misses>
				<total>6</total>
				<timestamp>254.656716</timestamp>
			</report>
			<report>
				<misses>880001</misses>
				<total>6</total>
				<timestamp>254.946423</timestamp>
			</report>
			<report>
				<misses>881001</misses>
				<total>6</total>
				<timestamp>255.236177</timestamp>
			</report>
			<report>
				<misses>882001</misses>
				<total>6</total>
				<timestamp>255.525857</timestamp>
			</report>
			<report>
				<misses>883001</misses>
				<total>6</total>
				<timestamp>255.815555</timestamp>
			</report>
			<report>
				<misses>884001</misses>
				<total>6</total>
				<timestamp>256.105266</timestamp>
			</report>
			<report>
				<misses>885001</misses>
				<total>6</total>
				<timestamp>256.394977</timestamp>
			</report>
			<report>
				<misses>886001</misses>
				<total>6</total>
				<timestamp>256.684681</timestamp>
			</report>
			<report>
				<misses>887001</misses>
				<total>6</total>
				<timestamp>256.974390</timestamp>
			</report>
			<report>
				<misses>888001</misses>
				<total>6</total>
				<timestamp>257.264180</timestamp>
			</report>
			<report>
				<misses>889001</misses>
				<total>6</total>
				<timestamp>257.553808</timestamp>
			</report>
			<report>
				<misses>890001</misses>
				<total>6</total>
				<timestamp>257.843518</timestamp>
			</report>
			<report>
				<misses>891001</misses>
				<total>6</total>
				<timestamp>258.133229</timestamp>
			</report>
			<report>
				<misses>892001</misses>
				<total>6</total>
				<timestamp>258.423039</timestamp>
			</report>
			<report>
				<misses>893001</misses>
				<total>6</total>
				<timestamp>258.712773</timestamp>
			</report>
			<report>
				<misses>894001</misses>
				<total>6</total>
				<timestamp>259.002455</timestamp>
			</report>
			<report>
				<misses>895001</misses>
				<total>6</total>
				<timestamp>259.292166</timestamp>
			</report>
			<report>
				<misses>896001</misses>
				<total>6</total>
				<timestamp>259.581800</timestamp>
			</report>
			<report>
				<misses>897001</misses>
				<total>6</total>
				<timestamp>259.871505</timestamp>
			</report>
			<report>
				<misses>898001</misses>
				<total>6</total>
				<timestamp>260.161227</timestamp>
			</report>
			<report>
				<misses>899001</misses>
				<total>6</total>
				<timestamp>260.451035</timestamp>
			</report>
			<report>
				<misses>900001</misses>
				<total>6</total>
				<timestamp>260.740731</timestamp>
			</report>
			<report>
				<misses>901001</misses>
				<total>6</total>
				<timestamp>261.030462</timestamp>
			</report>
			<report>
				<misses>902001</misses>
				<total>6</total>
				<timestamp>261.320102</timestamp>
			</report>
			<report>
				<misses>903001</misses>
				<total>6</total>
				<timestamp>261.609766</timestamp>
			</report>
			<report>
				<misses>904001</misses>
				<total>6</total>
				<timestamp>261.899518</timestamp>
			</report>
			<report>
				<misses>905001</misses>
				<total>6</total>
				<timestamp>262.189218</timestamp>
			</report>
			<report>
				<misses>906001</misses>
				<total>6</total>
				<timestamp>262.478937</timestamp>
			</report>
			<report>
				<misses>907001</misses>
				<total>6</total>
				<timestamp>262.768635</timestamp>
			</report>
			<report>
				<misses>908001</misses>
				<total>6</total>
				<timestamp>263.058301</timestamp>
			</report>
			<report>
				<misses>909001</misses>
				<total>6</total>
				<timestamp>263.348063</timestamp>
			</report>
			<report>
				<misses>910001</misses>
				<total>6</total>
				<timestamp>263.637756</timestamp>
			</report>
			<report>
				<misses>911001</misses>
				<total>6</total>
				<timestamp>263.927421</timestamp>
			</report>
			<report>
				<misses>912001</misses>
				<total>6</total>
				<timestamp>264.217160</timestamp>
			</report>
			<report>
				<misses>913001</misses>
				<total>6</total>
				<timestamp>264.506856</timestamp>
			</report>
			<report>
				<misses>914001</misses>
				<total>6</total>
				<timestamp>264.796604</timestamp>
			</report>
			<report>
				<misses>915001</misses>
				<total>6</total>
				<timestamp>265.086273</timestamp>
			</report>
			<report>
				<misses>916001</misses>
				<total>6</total>
				<timestamp>265.375984</timestamp>
			</report>
			<report>
				<misses>917001</misses>
				<total>6</total>
				<timestamp>265.665695</timestamp>
			</report>
			<report>
				<misses>918001</misses>
				<total>6</total>
				<timestamp>265.955407</timestamp>
			</report>
			<report>
				<misses>919001</misses>
				<total>6</total>
				<timestamp>266.245170</timestamp>
			</report>
			<report>
				<misses>920001</misses>
				<total>6</total>
				<timestamp>266.534828</timestamp>
			</report>
			<report>
				<misses>921001</misses>
				<total>6</total>
				<timestamp>266.824527</timestamp>
			</report>
			<report>
				<misses>922001</misses>
				<total>6</total>
				<timestamp>267.114253</timestamp>
			</report>
			<report>
				<misses>923001</misses>
				<total>6</total>
				<timestamp>267.403997</timestamp>
			</report>
			<report>
				<misses>924001</misses>
				<total>6</total>
				<timestamp>267.693679</timestamp>
			</report>
			<report>
				<misses>925001</misses>
				<total>6</total>
				<timestamp>267.983420</timestamp>
			</report>
			<report>
				<misses>926001</misses>
				<total>6</total>
				<timestamp>268.273213</timestamp>
			</report>
			<report>
				<misses>927001</misses>
				<total>6</total>
				<timestamp>268.562795</timestamp>
			</report>
			<report>
				<misses>928001</misses>
				<total>6</total>
				<timestamp>268.852611</timestamp>
			</report>
			<report>
				<misses>929001</misses>
				<total>6</total>
				<timestamp>269.142235</timestamp>
			</report>
			<report>
				<misses>930001</misses>
				<total>6</total>
				<timestamp>269.431999</timestamp>
			</report>
			<report>
				<misses>931001</misses>
				<total>6</total>
				<timestamp>269.721739</timestamp>
			</report>
			<report>
				<misses>932001</misses>
				<total>6</total>
				<timestamp>270.011466</timestamp>
			</report>
			<report>
				<misses>933001</misses>
				<total>6</total>
				<timestamp>270.301109</timestamp>
			</report>
			<report>
				<misses>934001</misses>
				<total>6</total>
				<timestamp>270.590802</timestamp>
			</report>
			<report>
				<misses>935001</misses>
				<total>6</total>
				<timestamp>270.880571</timestamp>
			</report>
			<report>
				<misses>936001</misses>
				<total>6</total>
				<timestamp>271.170322</timestamp>
			</report>
			<report>
				<misses>937001</misses>
				<total>6</total>
				<timestamp>271.459894</timestamp>
			</report>
			<report>
				<misses>938001</misses>
				<total>6</total>
				<timestamp>271.749694</timestamp>
			</report>
			<report>
				<misses>939001</misses>
				<total>6</total>
				<timestamp>272.039306</timestamp>
			</report>
			<report>
				<misses>940001</misses>
				<total>6</total>
				<timestamp>272.329170</timestamp>
			</report>
			<report>
				<misses>941001</misses>
				<total>6</total>
				<timestamp>272.618761</timestamp>
			</report>
			<report>
				<misses>942001</misses>
				<total>6</total>
				<timestamp>272.908436</timestamp>
			</report>
			<report>
				<misses>943001</misses>
				<total>6</total>
				<timestamp>273.198180</timestamp>
			</report>
			<report>
				<misses>944001</misses>
				<total>6</total>
				<timestamp>273.487854</timestamp>
			</report>
			<report>
				<misses>945001</misses>
				<total>6</total>
				<timestamp>273.777588</timestamp>
			</report>
			<report>
				<misses>946001</misses>
				<total>6</total>
				<timestamp>274.067279</timestamp>
			</report>
			<report>
				<misses>947001</misses>
				<total>6</total>
				<timestamp>274.356999</timestamp>
			</report>
			<report>
				<misses>948001</misses>
				<total>6</total>
				<timestamp>274.646701</timestamp>
			</report>
			<report>
				<misses>949001</misses>
				<total>6</total>
				<timestamp>274.936435</timestamp>
			</report>
			<report>
				<misses>950001</misses>
				<total>6</total>
				<timestamp>275.226185</timestamp>
			</report>
			<report>
				<misses>951001</misses>
				<total>6</total>
				<timestamp>275.515841</timestamp>
			</report>
			<report>
				<misses>952001</misses>
				<total>6</total>
				<timestamp>275.805556</timestamp>
			</report>
			<report>
				<misses>953001</misses>
				<total>6</total>
				<timestamp>276.095288</timestamp>
			</report>
			<report>
				<misses>954001</misses>
				<total>6</total>
				<timestamp>276.384987</timestamp>
			</report>
			<report>
				<misses>955001</misses>
				<total>6</total>
				<timestamp>276.674712</timestamp>
			</report>
			<report>
				<misses>956001</misses>
				<total>6</total>
				<timestamp>276.964390</timestamp>
			</report>
			<report>
				<misses>957001</misses>
				<total>6</total>
				<timestamp>277.254118</timestamp>
			</report>
			<report>
				<misses>958001</misses>
				<total>6</total>
				<timestamp>277.543807</timestamp>
			</report>
			<report>
				<misses>959001</misses>
				<total>6</total>
				<timestamp>277.833539</timestamp>
			</report>
			<report>
				<misses>960001</misses>
				<total>6</total>
				<timestamp>278.123221</timestamp>
			</report>
			<report>
				<misses>961001</misses>
				<total>6</total>
				<timestamp>278.412960</timestamp>
			</report>
			<report>
				<misses>962001</misses>
				<total>6</total>
				<timestamp>278.702686</timestamp>
			</report>
			<report>
				<misses>963001</misses>
				<total>6</total>
				<timestamp>278.992347</timestamp>
			</report>
			<report>
				<misses>964001</misses>
				<total>6</total>
				<timestamp>279.282070</timestamp>
			</report>
			<report>
				<misses>965001</misses>
				<total>6</total>
				<timestamp>279.571768</timestamp>
			</report>
			<report>
				<misses>966001</misses>
				<total>6</total>
				<timestamp>279.861513</timestamp>
			</report>
			<report>
				<misses>967001</misses>
				<total>6</total>
				<timestamp>280.151209</timestamp>
			</report>
			<report>
				<misses>968001</misses>
				<total>6</total>
				<timestamp>280.440903</timestamp>
			</report>
			<report>
				<misses>969001</misses>
				<total>6</total>
				<timestamp>280.730655</timestamp>
			</report>
			<report>
				<misses>970001</misses>
				<total>6</total>
				<timestamp>281.020324</timestamp>
			</report>
			<report>
				<misses>971001</misses>
				<total>6</total>
				<timestamp>281.310044</timestamp>
			</report>
			<report>
				<misses>972001</misses>
				<total>6</total>
				<timestamp>281.599836</timestamp>
			</report>
			<report>
				<misses>973001</misses>
				<total>6</total>
				<timestamp>281.889600</timestamp>
			</report>
			<report>
				<misses>974001</misses>
				<total>6</total>
				<timestamp>282.179255</timestamp>
			</report>
			<report>
				<misses>975001</misses>
				<total>6</total>
				<timestamp>282.468921</timestamp>
			</report>
			<report>
				<misses>976001</misses>
				<total>6</total>
				<timestamp>282.758620</timestamp>
			</report>
			<report>
				<misses>977001</misses>
				<total>6</total>
				<timestamp>283.048321</timestamp>
			</report>
			<report>
				<misses>978001</misses>
				<total>6</total>
				<timestamp>283.338154</timestamp>
			</report>
			<report>
				<misses>979001</misses>
				<total>6</total>
				<timestamp>283.627845</timestamp>
			</report>
			<report>
				<misses>980001</misses>
				<total>6</total>
				<timestamp>283.917462</timestamp>
			</report>
			<report>
				<misses>981001</misses>
				<total>6</total>
				<timestamp>284.207137</timestamp>
			</report>
			<report>
				<misses>982001</misses>
				<total>6</total>
				<timestamp>284.496960</timestamp>
			</report>
			<report>
				<misses>983001</misses>
				<total>6</total>
				<timestamp>284.786582</timestamp>
			</report>
			<report>
				<misses>984001</misses>
				<total>6</total>
				<timestamp>285.076416</timestamp>
			</report>
			<report>
				<misses>985001</misses>
				<total>6</total>
				<timestamp>285.366184</timestamp>
			</report>
			<report>
				<misses>986001</misses>
				<total>6</total>
				<timestamp>285.655765</timestamp>
			</report>
			<report>
				<misses>987001</misses>
				<total>6</total>
				<timestamp>285.945445</timestamp>
			</report>
			<report>
				<misses>988001</misses>
				<total>6</total>
				<timestamp>286.235151</timestamp>
			</report>
			<report>
				<misses>989001</misses>
				<total>6</total>
				<timestamp>286.524931</timestamp>
			</report>
			<report>
				<misses>990001</misses>
				<total>6</total>
				<timestamp>286.814625</timestamp>
			</report>
			<report>
				<misses>991001</misses>
				<total>6</total>
				<timestamp>287.104304</timestamp>
			</report>
			<report>
				<misses>992001</misses>
				<total>6</total>
				<timestamp>287.394010</timestamp>
			</report>
			<report>
				<misses>993001</misses>
				<total>6</total>
				<timestamp>287.683690</timestamp>
			</report>
			<report>
				<misses>994001</misses>
				<total>6</total>
				<timestamp>287.973359</timestamp>
			</report>
			<report>
				<misses>995001</misses>
				<total>6</total>
				<timestamp>288.263136</timestamp>
			</report>
			<report>
				<misses>996001</misses>
				<total>6</total>
				<timestamp>288.552802</timestamp>
			</report>
			<report>
				<misses>997001</misses>
				<total>6</total>
				<timestamp>288.842501</timestamp>
			</report>
			<report>
				<misses>998001</misses>
				<total>6</total>
				<timestamp>289.132203</timestamp>
			</report>
			<report>
				<misses>999001</misses>
				<total>6</total>
				<timestamp>289.421960</timestamp>
			</report>
			<report>
				<misses>1000001</misses>
				<total>6</total>
				<timestamp>289.711629</timestamp>
			</report>
			<report>
				<misses>1001001</misses>
				<total>6</total>
				<timestamp>290.001347</timestamp>
			</report>
			<report>
				<misses>1002001</misses>
				<total>6</total>
				<timestamp>290.291047</timestamp>
			</report>
			<report>
				<misses>1003001</misses>
				<total>6</total>
				<timestamp>290.580775</timestamp>
			</report>
			<report>
				<misses>1004001</misses>
				<total>6</total>
				<timestamp>290.870464</timestamp>
			</report>
			<report>
				<misses>1005001</misses>
				<total>6</total>
				<timestamp>291.160169</timestamp>
			</report>
			<report>
				<misses>1006001</misses>
				<total>6</total>
				<timestamp>291.449928</timestamp>
			</report>
			<report>
				<misses>1007001</misses>
				<total>6</total>
				<timestamp>291.739602</timestamp>
			</report>
			<report>
				<misses>1008001</misses>
				<total>6</total>
				<timestamp>292.029321</timestamp>
			</report>
			<report>
				<misses>1009001</misses>
				<total>6</total>
				<timestamp>292.319044</timestamp>
			</report>
			<report>
				<misses>1010001</misses>
				<total>6</total>
				<timestamp>292.608728</timestamp>
			</report>
			<report>
				<misses>1011001</misses>
				<total>6</total>
				<timestamp>292.898453</timestamp>
			</report>
			<report>
				<misses>1012001</misses>
				<total>6</total>
				<timestamp>293.188144</timestamp>
			</report>
			<report>
				<misses>1013001</misses>
				<total>6</total>
				<timestamp>293.477891</timestamp>
			</report>
			<report>
				<misses>1014001</misses>
				<total>6</total>
				<timestamp>293.767570</timestamp>
			</report>
			<report>
				<misses>1015001</misses>
				<total>6</total>
				<timestamp>294.057278</timestamp>
			</report>
			<report>
				<misses>1016001</misses>
				<total>6</total>
				<timestamp>294.347037</timestamp>
			</report>
			<report>
				<misses>1017001</misses>
				<total>6</total>
				<timestamp>294.636729</timestamp>
			</report>
			<report>
				<misses>1018001</misses>
				<total>6</total>
				<timestamp>294.926409</timestamp>
			</report>
			<report>
				<misses>1019001</misses>
				<total>6</total>
				<timestamp>295.216117</timestamp>
			</report>
			<report>
				<misses>1020001</misses>
				<total>6</total>
				<timestamp>295.505828</timestamp>
			</report>
			<report>
				<misses>1021001</misses>
				<total>6</total>
				<timestamp>295.795558</timestamp>
			</report>
			<report>
				<misses>1022001</misses>
				<total>6</total>
				<timestamp>296.085240</timestamp>
			</report>
			<report>
				<misses>1023001</misses>
				<total>6</total>
				<timestamp>296.375027</timestamp>
			</report>
			<report>
				<misses>1024001</misses>
				<total>6</total>
				<timestamp>296.664662</timestamp>
			</report>
			<report>
				<misses>1025001</misses>
				<total>6</total>
				<timestamp>296.954381</timestamp>
			</report>
			<report>
				<misses>1026001</misses>
				<total>6</total>
				<timestamp>297.244093</timestamp>
			</report>
			<report>
				<misses>1027001</misses>
				<total>6</total>
				<timestamp>297.533817</timestamp>
			</report>
			<report>
				<misses>1028001</misses>
				<total>6</total>
				<timestamp>297.823512</timestamp>
			</report>
			<report>
				<misses>1029001</misses>
				<total>6</total>
				<timestamp>298.113212</timestamp>
			</report>
			<report>
				<misses>1030001</misses>
				<total>6</total>
				<timestamp>298.402965</timestamp>
			</report>
			<report>
				<misses>1031001</misses>
				<total>6</total>
				<timestamp>298.692653</timestamp>
			</report>
			<report>
				<misses>1032001</misses>
				<total>6</total>
				<timestamp>298.982363</timestamp>
			</report>
			<report>
				<misses>1033001</misses>
				<total>6</total>
				<timestamp>299.272063</timestamp>
			</report>
			<report>
				<misses>1034001</misses>
				<total>6</total>
				<timestamp>299.561776</timestamp>
			</report>
			<report>
				<misses>1035001</misses>
				<total>6</total>
				<timestamp>299.851518</timestamp>
			</report>
			<report>
				<misses>1036001</misses>
				<total>6</total>
				<timestamp>300.141201</timestamp>
			</report>
			<report>
				<misses>1037001</misses>
				<total>6</total>
				<timestamp>300.430968</timestamp>
			</report>
			<report>
				<misses>1038001</misses>
				<total>6</total>
				<timestamp>300.720600</timestamp>
			</report>
			<report>
				<misses>1039001</misses>
				<total>6</total>
				<timestamp>301.010312</timestamp>
			</report>
			<report>
				<misses>1040001</misses>
				<total>6</total>
				<timestamp>301.300065</timestamp>
			</report>
			<report>
				<misses>1041001</misses>
				<total>6</total>
				<timestamp>301.589742</timestamp>
			</report>
			<report>
				<misses>1042001</misses>
				<total>6</total>
				<timestamp>301.879459</timestamp>
			</report>
			<report>
				<misses>1043001</misses>
				<total>6</total>
				<timestamp>302.169152</timestamp>
			</report>
			<report>
				<misses>1044001</misses>
				<total>6</total>
				<timestamp>302.458898</timestamp>
			</report>
			<report>
				<misses>1045001</misses>
				<total>6</total>
				<timestamp>302.748603</timestamp>
			</report>
			<report>
				<misses>1046001</misses>
				<total>6</total>
				<timestamp>303.038281</timestamp>
			</report>
			<report>
				<misses>1047001</misses>
				<total>6</total>
				<timestamp>303.328044</timestamp>
			</report>
			<report>
				<misses>1048001</misses>
				<total>6</total>
				<timestamp>303.617713</timestamp>
			</report>
			<report>
				<misses>1049001</misses>
				<total>6</total>
				<timestamp>303.907483</timestamp>
			</report>
			<report>
				<misses>1050001</misses>
				<total>6</total>
				<timestamp>304.197120</timestamp>
			</report>
			<report>
				<misses>1051001</misses>
				<total>6</total>
				<timestamp>304.486915</timestamp>
			</report>
			<report>
				<misses>1052001</misses>
				<total>6</total>
				<timestamp>304.776571</timestamp>
			</report>
			<report>
				<misses>1053001</misses>
				<total>6</total>
				<timestamp>305.066304</timestamp>
			</report>
			<report>
				<misses>1054001</misses>
				<total>6</total>
				<timestamp>305.356110</timestamp>
			</report>
			<report>
				<misses>1055001</misses>
				<total>6</total>
				<timestamp>305.645755</timestamp>
			</report>
			<report>
				<misses>1056001</misses>
				<total>6</total>
				<timestamp>305.935466</timestamp>
			</report>
			<report>
				<misses>1057001</misses>
				<total>6</total>
				<timestamp>306.225099</timestamp>
			</report>
			<report>
				<misses>1058001</misses>
				<total>6</total>
				<timestamp>306.514983</timestamp>
			</report>
			<report>
				<misses>1059001</misses>
				<total>6</total>
				<timestamp>306.804582</timestamp>
			</report>
			<report>
				<misses>1060001</misses>
				<total>6</total>
				<timestamp>307.094325</timestamp>
			</report>
			<report>
				<misses>1061001</misses>
				<total>6</total>
				<timestamp>307.384072</timestamp>
			</report>
			<report>
				<misses>1062001</misses>
				<total>6</total>
				<timestamp>307.673715</timestamp>
			</report>
			<report>
				<misses>1063001</misses>
				<total>6</total>
				<timestamp>307.963459</timestamp>
			</report>
			<report>
				<misses>1064001</misses>
				<total>6</total>
				<timestamp>308.253095</timestamp>
			</report>
			<report>
				<misses>1065001</misses>
				<total>6</total>
				<timestamp>308.542901</timestamp>
			</report>
			<report>
				<misses>1066001</misses>
				<total>6</total>
				<timestamp>308.832570</timestamp>
			</report>
			<report>
				<misses>1067001</misses>
				<total>6</total>
				<timestamp>309.122262</timestamp>
			</report>
			<report>
				<misses>1068001</misses>
				<total>6</total>
				<timestamp>309.412136</timestamp>
			</report>
			<report>
				<misses>1069001</misses>
				<total>6</total>
				<timestamp>309.701639</timestamp>
			</report>
			<report>
				<misses>1070001</misses>
				<total>6</total>
				<timestamp>309.991327</timestamp>
			</report>
			<report>
				<misses>1071001</misses>
				<total>6</total>
				<timestamp>310.281023</timestamp>
			</report>
			<report>
				<misses>1072001</misses>
				<total>6</total>
				<timestamp>310.570755</timestamp>
			</report>
			<report>
				<misses>1073001</misses>
				<total>6</total>
				<timestamp>310.860445</timestamp>
			</report>
			<report>
				<misses>1074001</misses>
				<total>6</total>
				<timestamp>311.150175</timestamp>
			</report>
			<report>
				<misses>1075001</misses>
				<total>6</total>
				<timestamp>311.439910</timestamp>
			</report>
			<report>
				<misses>1076001</misses>
				<total>6</total>
				<timestamp>311.729600</timestamp>
			</report>
			<report>
				<misses>1077001</misses>
				<total>6</total>
				<timestamp>312.019284</timestamp>
			</report>
			<report>
				<misses>1078001</misses>
				<total>6</total>
				<timestamp>312.309014</timestamp>
			</report>
			<report>
				<misses>1079001</misses>
				<total>6</total>
				<timestamp>312.598722</timestamp>
			</report>
			<report>
				<misses>1080001</misses>
				<total>6</total>
				<timestamp>312.888430</timestamp>
			</report>
			<report>
				<misses>1081001</misses>
				<total>6</total>
				<timestamp>313.178136</timestamp>
			</report>
			<report>
				<misses>1082001</misses>
				<total>6</total>
				<timestamp>313.467863</timestamp>
			</report>
			<report>
				<misses>1083001</misses>
				<total>6</total>
				<timestamp>313.757572</timestamp>
			</report>
			<report>
				<misses>1084001</misses>
				<total>6</total>
				<timestamp>314.047259</timestamp>
			</report>
			<report>
				<misses>1085001</misses>
				<total>6</total>
				<timestamp>314.337010</timestamp>
			</report>
			<report>
				<misses>1086001</misses>
				<total>6</total>
				<timestamp>314.626688</timestamp>
			</report>
			<report>
				<misses>1087001</misses>
				<total>6</total>
				<timestamp>314.916411</timestamp>
			</report>
			<report>
				<misses>1088001</misses>
				<total>6</total>
				<timestamp>315.206115</timestamp>
			</report>
			<report>
				<misses>1089001</misses>
				<total>6</total>
				<timestamp>315.495851</timestamp>
			</report>
			<report>
				<misses>1090001</misses>
				<total>6</total>
				<timestamp>315.785524</timestamp>
			</report>
			<report>
				<misses>1091001</misses>
				<total>6</total>
				<timestamp>316.075225</timestamp>
			</report>
			<report>
				<misses>1092001</misses>
				<total>6</total>
				<timestamp>316.365068</timestamp>
			</report>
			<report>
				<misses>1093001</misses>
				<total>6</total>
				<timestamp>316.654733</timestamp>
			</report>
			<report>
				<misses>1094001</misses>
				<total>6</total>
				<timestamp>316.944528</timestamp>
			</report>
			<report>
				<misses>1095001</misses>
				<total>6</total>
				<timestamp>317.234180</timestamp>
			</report>
			<report>
				<misses>1096001</misses>
				<total>6</total>
				<timestamp>317.523914</timestamp>
			</report>
			<report>
				<misses>1097001</misses>
				<total>6</total>
				<timestamp>317.813586</timestamp>
			</report>
			<report>
				<misses>1098001</misses>
				<total>6</total>
				<timestamp>318.103265</timestamp>
			</report>
			<report>
				<misses>1099001</misses>
				<total>6</total>
				<timestamp>318.392977</timestamp>
			</report>
			<report>
				<misses>1100001</misses>
				<total>6</total>
				<timestamp>318.682768</timestamp>
			</report>
			<report>
				<misses>1101001</misses>
				<total>6</total>
				<timestamp>318.972377</timestamp>
			</report>
			<report>
				<misses>1102001</misses>
				<total>6</total>
				<timestamp>319.262055</timestamp>
			</report>
			<report>
				<misses>1103001</misses>
				<total>6</total>
				<timestamp>319.551775</timestamp>
			</report>
			<report>
				<misses>1104001</misses>
				<total>6</total>
				<timestamp>319.841513</timestamp>
			</report>
			<report>
				<misses>1105001</misses>
				<total>6</total>
				<timestamp>320.131179</timestamp>
			</report>
			<report>
				<misses>1106001</misses>
				<total>6</total>
				<timestamp>320.420942</timestamp>
			</report>
			<report>
				<misses>1107001</misses>
				<total>6</total>
				<timestamp>320.710722</timestamp>
			</report>
			<report>
				<misses>1108001</misses>
				<total>6</total>
				<timestamp>321.000474</timestamp>
			</report>
			<report>
				<misses>1109001</misses>
				<total>6</total>
				<timestamp>321.290105</timestamp>
			</report>
			<report>
				<misses>1110001</misses>
				<total>6</total>
				<timestamp>321.579847</timestamp>
			</report>
			<report>
				<misses>1111001</misses>
				<total>6</total>
				<timestamp>321.869488</timestamp>
			</report>
			<report>
				<misses>1112001</misses>
				<total>6</total>
				<timestamp>322.159172</timestamp>
			</report>
			<report>
				<misses>1113001</misses>
				<total>6</total>
				<timestamp>322.448899</timestamp>
			</report>
			<report>
				<misses>1114001</misses>
				<total>6</total>
				<timestamp>322.738623</timestamp>
			</report>
			<report>
				<misses>1115001</misses>
				<total>6</total>
				<timestamp>323.028370</timestamp>
			</report>
			<report>
				<misses>1116001</misses>
				<total>6</total>
				<timestamp>323.318093</timestamp>
			</report>
			<report>
				<misses>1117001</misses>
				<total>6</total>
				<timestamp>323.607785</timestamp>
			</report>
			<report>
				<misses>1118001</misses>
				<total>6</total>
				<timestamp>323.897449</timestamp>
			</report>
			<report>
				<misses>1119001</misses>
				<total>6</total>
				<timestamp>324.187225</timestamp>
			</report>
			<report>
				<misses>1120001</misses>
				<total>6</total>
				<timestamp>324.476854</timestamp>
			</report>
			<report>
				<misses>1121001</misses>
				<total>6</total>
				<timestamp>324.766539</timestamp>
			</report>
			<report>
				<misses>1122001</misses>
				<total>6</total>
				<timestamp>325.056295</timestamp>
			</report>
			<report>
				<misses>1123001</misses>
				<total>6</total>
				<timestamp>325.346041</timestamp>
			</report>
			<report>
				<misses>1124001</misses>
				<total>6</total>
				<timestamp>325.635723</timestamp>
			</report>
			<report>
				<misses>1125001</misses>
				<total>6</total>
				<timestamp>325.925491</timestamp>
			</report>
			<report>
				<misses>1126001</misses>
				<total>6</total>
				<timestamp>326.215146</timestamp>
			</report>
			<report>
				<misses>1127001</misses>
				<total>6</total>
				<timestamp>326.504808</timestamp>
			</report>
			<report>
				<misses>1128001</misses>
				<total>6</total>
				<timestamp>326.794603</timestamp>
			</report>
			<report>
				<misses>1129001</misses>
				<total>6</total>
				<timestamp>327.084219</timestamp>
			</report>
			<report>
				<misses>1130001</misses>
				<total>6</total>
				<timestamp>327.374048</timestamp>
			</report>
			<report>
				<misses>1131001</misses>
				<total>6</total>
				<timestamp>327.663775</timestamp>
			</report>
			<report>
				<misses>1132001</misses>
				<total>6</total>
				<timestamp>327.953338</timestamp>
			</report>
			<report>
				<misses>1133001</misses>
				<total>6</total>
				<timestamp>328.243171</timestamp>
			</report>
			<report>
				<misses>1134001</misses>
				<total>6</total>
				<timestamp>328.532865</timestamp>
			</report>
			<report>
				<misses>1135001</misses>
				<total>6</total>
				<timestamp>328.822612</timestamp>
			</report>
			<report>
				<misses>1136001</misses>
				<total>6</total>
				<timestamp>329.112248</timestamp>
			</report>
			<report>
				<misses>1137001</misses>
				<total>6</total>
				<timestamp>329.401901</timestamp>
			</report>
			<report>
				<misses>1138001</misses>
				<total>6</total>
				<timestamp>329.691653</timestamp>
			</report>
			<report>
				<misses>1139001</misses>
				<total>6</total>
				<timestamp>329.981307</timestamp>
			</report>
			<report>
				<misses>1140001</misses>
				<total>6</total>
				<timestamp>330.271037</timestamp>
			</report>
			<report>
				<misses>1141001</misses>
				<total>6</total>
				<timestamp>330.560755</timestamp>
			</report>
			<report>
				<misses>1142001</misses>
				<total>6</total>
				<timestamp>330.850432</timestamp>
			</report>
			<report>
				<misses>1143001</misses>
				<total>6</total>
				<timestamp>331.140158</timestamp>
			</report>
			<report>
				<misses>1144001</misses>
				<total>6</total>
				<timestamp>331.429858</timestamp>
			</report>
			<report>
				<misses>1145001</misses>
				<total>6</total>
				<timestamp>331.719599</timestamp>
			</report>
			<report>
				<misses>1146001</misses>
				<total>6</total>
				<timestamp>332.009306</timestamp>
			</report>
			<report>
				<misses>1147001</misses>
				<total>6</total>
				<timestamp>332.299013</timestamp>
			</report>
			<report>
				<misses>1148001</misses>
				<total>6</total>
				<timestamp>332.588735</timestamp>
			</report>
			<report>
				<misses>1149001</misses>
				<total>6</total>
				<timestamp>332.878422</timestamp>
			</report>
			<report>
				<misses>1150001</misses>
				<total>6</total>
				<timestamp>333.168111</timestamp>
			</report>
			<report>
				<misses>1151001</misses>
				<total>6</total>
				<timestamp>333.457881</timestamp>
			</report>
			<report>
				<misses>1152001</misses>
				<total>6</total>
				<timestamp>333.747533</timestamp>
			</report>
			<report>
				<misses>1153001</misses>
				<total>6</total>
				<timestamp>334.037270</timestamp>
			</report>
			<report>
				<misses>1154001</misses>
				<total>6</total>
				<timestamp>334.326958</timestamp>
			</report>
			<report>
				<misses>1155001</misses>
				<total>6</total>
				<timestamp>334.616696</timestamp>
			</report>
			<report>
				<misses>1156001</misses>
				<total>6</total>
				<timestamp>334.906391</timestamp>
			</report>
			<report>
				<misses>1157001</misses>
				<total>6</total>
				<timestamp>335.196081</timestamp>
			</report>
			<report>
				<misses>1158001</misses>
				<total>6</total>
				<timestamp>335.485821</timestamp>
			</report>
			<report>
				<misses>1159001</misses>
				<total>6</total>
				<timestamp>335.775499</timestamp>
			</report>
			<report>
				<misses>1160001</misses>
				<total>6</total>
				<timestamp>336.065246</timestamp>
			</report>
			<report>
				<misses>1161001</misses>
				<total>6</total>
				<timestamp>336.354936</timestamp>
			</report>
			<report>
				<misses>1162001</misses>
				<total>6</total>
				<timestamp>336.644684</timestamp>
			</report>
			<report>
				<misses>1163001</misses>
				<total>6</total>
				<timestamp>336.934364</timestamp>
			</report>
			<report>
				<misses>1164001</misses>
				<total>6</total>
				<timestamp>337.224070</timestamp>
			</report>
			<report>
				<misses>1165001</misses>
				<total>6</total>
				<timestamp>337.513872</timestamp>
			</report>
			<report>
				<misses>1166001</misses>
				<total>6</total>
				<timestamp>337.803564</timestamp>
			</report>
			<report>
				<misses>1167001</misses>
				<total>6</total>
				<timestamp>338.093185</timestamp>
			</report>
			<report>
				<misses>1168001</misses>
				<total>6</total>
				<timestamp>338.382895</timestamp>
			</report>
			<report>
				<misses>1169001</misses>
				<total>6</total>
				<timestamp>338.672655</timestamp>
			</report>
			<report>
				<misses>1170001</misses>
				<total>6</total>
				<timestamp>338.962334</timestamp>
			</report>
			<report>
				<misses>1171001</misses>
				<total>6</total>
				<timestamp>339.252035</timestamp>
			</report>
			<report>
				<misses>1172001</misses>
				<total>6</total>
				<timestamp>339.541826</timestamp>
			</report>
			<report>
				<misses>1173001</misses>
				<total>6</total>
				<timestamp>339.831470</timestamp>
			</report>
			<report>
				<misses>1174001</misses>
				<total>6</total>
				<timestamp>340.121161</timestamp>
			</report>
			<report>
				<misses>1175001</misses>
				<total>6</total>
				<timestamp>340.410882</timestamp>
			</report>
			<report>
				<misses>1176001</misses>
				<total>6</total>
				<timestamp>340.700626</timestamp>
			</report>
			<report>
				<misses>1177001</misses>
				<total>6</total>
				<timestamp>340.990322</timestamp>
			</report>
			<report>
				<misses>1178001</misses>
				<total>6</total>
				<timestamp>341.280013</timestamp>
			</report>
			<report>
				<misses>1179001</misses>
				<total>6</total>
				<timestamp>341.569728</timestamp>
			</report>
			<report>
				<misses>1180001</misses>
				<total>6</total>
				<timestamp>341.859481</timestamp>
			</report>
			<report>
				<misses>1181001</misses>
				<total>6</total>
				<timestamp>342.149196</timestamp>
			</report>
			<report>
				<misses>1182001</misses>
				<total>6</total>
				<timestamp>342.438962</timestamp>
			</report>
			<report>
				<misses>1183001</misses>
				<total>6</total>
				<timestamp>342.728694</timestamp>
			</report>
			<report>
				<misses>1184001</misses>
				<total>6</total>
				<timestamp>343.018308</timestamp>
			</report>
			<report>
				<misses>1185001</misses>
				<total>6</total>
				<timestamp>343.308094</timestamp>
			</report>
			<report>
				<misses>1186001</misses>
				<total>6</total>
				<timestamp>343.597811</timestamp>
			</report>
			<report>
				<misses>1187001</misses>
				<total>6</total>
				<timestamp>343.887546</timestamp>
			</report>
			<report>
				<misses>1188001</misses>
				<total>6</total>
				<timestamp>344.177193</timestamp>
			</report>
			<report>
				<misses>1189001</misses>
				<total>6</total>
				<timestamp>344.466884</timestamp>
			</report>
			<report>
				<misses>1190001</misses>
				<total>6</total>
				<timestamp>344.756611</timestamp>
			</report>
			<report>
				<misses>1191001</misses>
				<total>6</total>
				<timestamp>345.046316</timestamp>
			</report>
			<report>
				<misses>1192001</misses>
				<total>6</total>
				<timestamp>345.336044</timestamp>
			</report>
			<report>
				<misses>1193001</misses>
				<total>6</total>
				<timestamp>345.625757</timestamp>
			</report>
			<report>
				<misses>1194001</misses>
				<total>6</total>
				<timestamp>345.915374</timestamp>
			</report>
			<report>
				<misses>1195001</misses>
				<total>6</total>
				<timestamp>346.205080</timestamp>
			</report>
			<report>
				<misses>1196001</misses>
				<total>6</total>
				<timestamp>346.494879</timestamp>
			</report>
			<report>
				<misses>1197001</misses>
				<total>6</total>
				<timestamp>346.784597</timestamp>
			</report>
			<report>
				<misses>1198001</misses>
				<total>6</total>
				<timestamp>347.074306</timestamp>
			</report>
			<report>
				<misses>1199001</misses>
				<total>6</total>
				<timestamp>347.364017</timestamp>
			</report>
			<report>
				<misses>1200001</misses>
				<total>6</total>
				<timestamp>347.653799</timestamp>
			</report>
			<report>
				<misses>1201001</misses>
				<total>6</total>
				<timestamp>347.943482</timestamp>
			</report>
			<report>
				<misses>1202001</misses>
				<total>6</total>
				<timestamp>348.233126</timestamp>
			</report>
			<report>
				<misses>1203001</misses>
				<total>6</total>
				<timestamp>348.522754</timestamp>
			</report>
			<report>
				<misses>1204001</misses>
				<total>6</total>
				<timestamp>348.812571</timestamp>
			</report>
			<report>
				<misses>1205001</misses>
				<total>6</total>
				<timestamp>349.102186</timestamp>
			</report>
			<report>
				<misses>1206001</misses>
				<total>6</total>
				<timestamp>349.391881</timestamp>
			</report>
			<report>
				<misses>1207001</misses>
				<total>6</total>
				<timestamp>349.681636</timestamp>
			</report>
			<report>
				<misses>1208001</misses>
				<total>6</total>
				<timestamp>349.971303</timestamp>
			</report>
			<report>
				<misses>1209001</misses>
				<total>6</total>
				<timestamp>350.261021</timestamp>
			</report>
			<report>
				<misses>1210001</misses>
				<total>6</total>
				<timestamp>350.550767</timestamp>
			</report>
			<report>
				<misses>1211001</misses>
				<total>6</total>
				<timestamp>350.840430</timestamp>
			</report>
			<report>
				<misses>1212001</misses>
				<total>6</total>
				<timestamp>351.130245</timestamp>
			</report>
			<report>
				<misses>1213001</misses>
				<total>6</total>
				<timestamp>351.419944</timestamp>
			</report>
			<report>
				<misses>1214001</misses>
				<total>6</total>
				<timestamp>351.709687</timestamp>
			</report>
			<report>
				<misses>1215001</misses>
				<total>6</total>
				<timestamp>351.999275</timestamp>
			</report>
			<report>
				<misses>1216001</misses>
				<total>7</total>
				<timestamp>352.288996</timestamp>
			</report>
			<report>
				<misses>1217001</misses>
				<total>7</total>
				<timestamp>352.578746</timestamp>
			</report>
			<report>
				<misses>1218001</misses>
				<total>7</total>
				<timestamp>352.868398</timestamp>
			</report>
			<report>
				<misses>1219001</misses>
				<total>7</total>
				<timestamp>353.158109</timestamp>
			</report>
			<report>
				<misses>1220001</misses>
				<total>7</total>
				<timestamp>353.447867</timestamp>
			</report>
			<report>
				<misses>1221001</misses>
				<total>7</total>
				<timestamp>353.737692</timestamp>
			</report>
			<report>
				<misses>1222001</misses>
				<total>7</total>
				<timestamp>354.027301</timestamp>
			</report>
			<report>
				<misses>1223001</misses>
				<total>7</total>
				<timestamp>354.317071</timestamp>
			</report>
			<report>
				<misses>1224001</misses>
				<total>7</total>
				<timestamp>354.606786</timestamp>
			</report>
			<report>
				<misses>1225001</misses>
				<total>7</total>
				<timestamp>354.896398</timestamp>
			</report>
			<report>
				<misses>1226001</misses>
				<total>7</total>
				<timestamp>355.186083</timestamp>
			</report>
			<report>
				<misses>1227001</misses>
				<total>7</total>
				<timestamp>355.476084</timestamp>
			</report>
			<report>
				<misses>1228001</misses>
				<total>7</total>
				<timestamp>355.766072</timestamp>
			</report>
			<report>
				<misses>1229001</misses>
				<total>7</total>
				<timestamp>356.056369</timestamp>
			</report>
			<report>
				<misses>1230001</misses>
				<total>7</total>
				<timestamp>356.346964</timestamp>
			</report>
			<report>
				<misses>1231001</misses>
				<total>7</total>
				<timestamp>356.637837</timestamp>
			</report>
			<report>
				<misses>1232001</misses>
				<total>7</total>
				<timestamp>356.928150</timestamp>
			</report>
			<report>
				<misses>1233001</misses>
				<total>7</total>
				<timestamp>357.218395</timestamp>
			</report>
			<report>
				<misses>1234001</misses>
				<total>7</total>
				<timestamp>357.508711</timestamp>
			</report>
			<report>
				<misses>1235001</misses>
				<total>7</total>
				<timestamp>357.798976</timestamp>
			</report>
			<report>
				<misses>1236001</misses>
				<total>9</total>
				<timestamp>358.088992</timestamp>
			</report>
			<report>
				<misses>1237001</misses>
				<total>9</total>
				<timestamp>358.378722</timestamp>
			</report>
			<report>
				<misses>1238001</misses>
				<total>9</total>
				<timestamp>358.670462</timestamp>
			</report>
			<report>
				<misses>1239001</misses>
				<total>9</total>
				<timestamp>358.962210</timestamp>
			</report>
			<report>
				<misses>1240001</misses>
				<total>9</total>
				<timestamp>359.252190</timestamp>
			</report>
			<report>
				<misses>1241001</misses>
				<total>9</total>
				<timestamp>359.542569</timestamp>
			</report>
			<report>
				<misses>1242001</misses>
				<total>9</total>
				<timestamp>359.833053</timestamp>
			</report>
			<report>
				<misses>1243001</misses>
				<total>9</total>
				<timestamp>360.123354</timestamp>
			</report>
			<report>
				<misses>1244001</misses>
				<total>9</total>
				<timestamp>360.413042</timestamp>
			</report>
			<report>
				<misses>1245001</misses>
				<total>9</total>
				<timestamp>360.702763</timestamp>
			</report>
			<report>
				<misses>1246001</misses>
				<total>9</total>
				<timestamp>360.993358</timestamp>
			</report>
			<report>
				<misses>1247001</misses>
				<total>9</total>
				<timestamp>361.285661</timestamp>
			</report>
			<report>
				<misses>1248001</misses>
				<total>9</total>
				<timestamp>361.576238</timestamp>
			</report>
			<report>
				<misses>1249001</misses>
				<total>9</total>
				<timestamp>361.866253</timestamp>
			</report>
			<report>
				<misses>1250001</misses>
				<total>9</total>
				<timestamp>362.156062</timestamp>
			</report>
			<report>
				<misses>1251001</misses>
				<total>9</total>
				<timestamp>362.445711</timestamp>
			</report>
			<report>
				<misses>1252001</misses>
				<total>9</total>
				<timestamp>362.735466</timestamp>
			</report>
			<report>
				<misses>1253001</misses>
				<total>9</total>
				<timestamp>363.025112</timestamp>
			</report>
			<report>
				<misses>1254001</misses>
				<total>9</total>
				<timestamp>363.314822</timestamp>
			</report>
			<report>
				<misses>1255001</misses>
				<total>9</total>
				<timestamp>363.604613</timestamp>
			</report>
			<report>
				<misses>1256001</misses>
				<total>9</total>
				<timestamp>363.894285</timestamp>
			</report>
			<report>
				<misses>1257001</misses>
				<total>9</total>
				<timestamp>364.184007</timestamp>
			</report>
			<report>
				<misses>1258001</misses>
				<total>9</total>
				<timestamp>364.473679</timestamp>
			</report>
			<report>
				<misses>1259001</misses>
				<total>9</total>
				<timestamp>364.763417</timestamp>
			</report>
			<report>
				<misses>1260001</misses>
				<total>9</total>
				<timestamp>365.053110</timestamp>
			</report>
			<report>
				<misses>1261001</misses>
				<total>9</total>
				<timestamp>365.342888</timestamp>
			</report>
			<report>
				<misses>1262001</misses>
				<total>9</total>
				<timestamp>365.632586</timestamp>
			</report>
			<report>
				<misses>1263001</misses>
				<total>9</total>
				<timestamp>365.922255</timestamp>
			</report>
			<report>
				<misses>1264001</misses>
				<total>9</total>
				<timestamp>366.211985</timestamp>
			</report>
			<report>
				<misses>1265001</misses>
				<total>9</total>
				<timestamp>366.501704</timestamp>
			</report>
			<report>
				<misses>1266001</misses>
				<total>9</total>
				<timestamp>366.791422</timestamp>
			</report>
			<report>
				<misses>1267001</misses>
				<total>9</total>
				<timestamp>367.081059</timestamp>
			</report>
			<report>
				<misses>1268001</misses>
				<total>9</total>
				<timestamp>367.370731</timestamp>
			</report>
			<report>
				<misses>1269001</misses>
				<total>9</total>
				<timestamp>367.660583</timestamp>
			</report>
			<report>
				<misses>1270001</misses>
				<total>9</total>
				<timestamp>367.950150</timestamp>
			</report>
			<report>
				<misses>1271001</misses>
				<total>9</total>
				<timestamp>368.239868</timestamp>
			</report>
			<report>
				<misses>1272001</misses>
				<total>9</total>
				<timestamp>368.529621</timestamp>
			</report>
			<report>
				<misses>1273001</misses>
				<total>9</total>
				<timestamp>368.819631</timestamp>
			</report>
			<report>
				<misses>1274001</misses>
				<total>9</total>
				<timestamp>369.109285</timestamp>
			</report>
			<report>
				<misses>1275001</misses>
				<total>9</total>
				<timestamp>369.399096</timestamp>
			</report>
			<report>
				<misses>1276001</misses>
				<total>9</total>
				<timestamp>369.688792</timestamp>
			</report>
			<report>
				<misses>1277001</misses>
				<total>9</total>
				<timestamp>369.978515</timestamp>
			</report>
			<report>
				<misses>1278001</misses>
				<total>9</total>
				<timestamp>370.268128</timestamp>
			</report>
			<report>
				<misses>1279001</misses>
				<total>9</total>
				<timestamp>370.557825</timestamp>
			</report>
			<report>
				<misses>1280001</misses>
				<total>9</total>
				<timestamp>370.847703</timestamp>
			</report>
			<report>
				<misses>1281001</misses>
				<total>9</total>
				<timestamp>371.137327</timestamp>
			</report>
			<report>
				<misses>1282001</misses>
				<total>9</total>
				<timestamp>371.426948</timestamp>
			</report>
			<report>
				<misses>1283001</misses>
				<total>9</total>
				<timestamp>371.716674</timestamp>
			</report>
			<report>
				<misses>1284001</misses>
				<total>9</total>
				<timestamp>372.006384</timestamp>
			</report>
			<report>
				<misses>1285001</misses>
				<total>9</total>
				<timestamp>372.296079</timestamp>
			</report>
			<report>
				<misses>1286001</misses>
				<total>9</total>
				<timestamp>372.585804</timestamp>
			</report>
			<report>
				<misses>1287001</misses>
				<total>9</total>
				<timestamp>372.875504</timestamp>
			</report>
			<report>
				<misses>1288001</misses>
				<total>9</total>
				<timestamp>373.165223</timestamp>
			</report>
			<report>
				<misses>1289001</misses>
				<total>9</total>
				<timestamp>373.454930</timestamp>
			</report>
			<report>
				<misses>1290001</misses>
				<total>9</total>
				<timestamp>373.744666</timestamp>
			</report>
			<report>
				<misses>1291001</misses>
				<total>9</total>
				<timestamp>374.034654</timestamp>
			</report>
			<report>
				<misses>1292001</misses>
				<total>9</total>
				<timestamp>374.324343</timestamp>
			</report>
			<report>
				<misses>1293001</misses>
				<total>9</total>
				<timestamp>374.614053</timestamp>
			</report>
			<report>
				<misses>1294001</misses>
				<total>9</total>
				<timestamp>374.903779</timestamp>
			</report>
			<report>
				<misses>1295001</misses>
				<total>9</total>
				<timestamp>375.193484</timestamp>
			</report>
			<report>
				<misses>1296001</misses>
				<total>9</total>
				<timestamp>375.483202</timestamp>
			</report>
			<report>
				<misses>1297001</misses>
				<total>9</total>
				<timestamp>375.772905</timestamp>
			</report>
			<report>
				<misses>1298001</misses>
				<total>9</total>
				<timestamp>376.062652</timestamp>
			</report>
			<report>
				<misses>1299001</misses>
				<total>9</total>
				<timestamp>376.352317</timestamp>
			</report>
			<report>
				<misses>1300001</misses>
				<total>9</total>
				<timestamp>376.642016</timestamp>
			</report>
			<report>
				<misses>1301001</misses>
				<total>9</total>
				<timestamp>376.931736</timestamp>
			</report>
			<report>
				<misses>1302001</misses>
				<total>9</total>
				<timestamp>377.221487</timestamp>
			</report>
			<report>
				<misses>1303001</misses>
				<total>9</total>
				<timestamp>377.511253</timestamp>
			</report>
			<report>
				<misses>1304001</misses>
				<total>9</total>
				<timestamp>377.800933</timestamp>
			</report>
			<report>
				<misses>1305001</misses>
				<total>9</total>
				<timestamp>378.090648</timestamp>
			</report>
			<report>
				<misses>1306001</misses>
				<total>9</total>
				<timestamp>378.380411</timestamp>
			</report>
			<report>
				<misses>1307001</misses>
				<total>9</total>
				<timestamp>378.670012</timestamp>
			</report>
			<report>
				<misses>1308001</misses>
				<total>9</total>
				<timestamp>378.959723</timestamp>
			</report>
			<report>
				<misses>1309001</misses>
				<total>9</total>
				<timestamp>379.249489</timestamp>
			</report>
			<report>
				<misses>1310001</misses>
				<total>9</total>
				<timestamp>379.539185</timestamp>
			</report>
			<report>
				<misses>1311001</misses>
				<total>9</total>
				<timestamp>379.828939</timestamp>
			</report>
			<report>
				<misses>1312001</misses>
				<total>9</total>
				<timestamp>380.118713</timestamp>
			</report>
			<report>
				<misses>1313001</misses>
				<total>9</total>
				<timestamp>380.408270</timestamp>
			</report>
			<report>
				<misses>1314001</misses>
				<total>9</total>
				<timestamp>380.697986</timestamp>
			</report>
			<report>
				<misses>1315001</misses>
				<total>9</total>
				<timestamp>380.987826</timestamp>
			</report>
			<report>
				<misses>1316001</misses>
				<total>9</total>
				<timestamp>381.277450</timestamp>
			</report>
			<report>
				<misses>1317001</misses>
				<total>9</total>
				<timestamp>381.567190</timestamp>
			</report>
			<report>
				<misses>1318001</misses>
				<total>9</total>
				<timestamp>381.856933</timestamp>
			</report>
			<report>
				<misses>1319001</misses>
				<total>9</total>
				<timestamp>382.146546</timestamp>
			</report>
			<report>
				<misses>1320001</misses>
				<total>9</total>
				<timestamp>382.436245</timestamp>
			</report>
			<report>
				<misses>1321001</misses>
				<total>9</total>
				<timestamp>382.725938</timestamp>
			</report>
			<report>
				<misses>1322001</misses>
				<total>9</total>
				<timestamp>383.015692</timestamp>
			</report>
			<report>
				<misses>1323001</misses>
				<total>9</total>
				<timestamp>383.305504</timestamp>
			</report>
			<report>
				<misses>1324001</misses>
				<total>9</total>
				<timestamp>383.595071</timestamp>
			</report>
			<report>
				<misses>1325001</misses>
				<total>9</total>
				<timestamp>383.884774</timestamp>
			</report>
			<report>
				<misses>1326001</misses>
				<total>9</total>
				<timestamp>384.174545</timestamp>
			</report>
			<report>
				<misses>1327001</misses>
				<total>9</total>
				<timestamp>384.464328</timestamp>
			</report>
			<report>
				<misses>1328001</misses>
				<total>9</total>
				<timestamp>384.753981</timestamp>
			</report>
			<report>
				<misses>1329001</misses>
				<total>9</total>
				<timestamp>385.043671</timestamp>
			</report>
			<report>
				<misses>1330001</misses>
				<total>9</total>
				<timestamp>385.333424</timestamp>
			</report>
			<report>
				<misses>1331001</misses>
				<total>9</total>
				<timestamp>385.623024</timestamp>
			</report>
			<report>
				<misses>1332001</misses>
				<total>9</total>
				<timestamp>385.912755</timestamp>
			</report>
			<report>
				<misses>1333001</misses>
				<total>9</total>
				<timestamp>386.202521</timestamp>
			</report>
			<report>
				<misses>1334001</misses>
				<total>9</total>
				<timestamp>386.492465</timestamp>
			</report>
			<report>
				<misses>1335001</misses>
				<total>9</total>
				<timestamp>386.782276</timestamp>
			</report>
			<report>
				<misses>1336001</misses>
				<total>9</total>
				<timestamp>387.071870</timestamp>
			</report>
			<report>
				<misses>1337001</misses>
				<total>9</total>
				<timestamp>387.361615</timestamp>
			</report>
			<report>
				<misses>1338001</misses>
				<total>9</total>
				<timestamp>387.651338</timestamp>
			</report>
			<report>
				<misses>1339001</misses>
				<total>9</total>
				<timestamp>387.941043</timestamp>
			</report>
			<report>
				<misses>1340001</misses>
				<total>9</total>
				<timestamp>388.230719</timestamp>
			</report>
			<report>
				<misses>1341001</misses>
				<total>9</total>
				<timestamp>388.520601</timestamp>
			</report>
			<report>
				<misses>1342001</misses>
				<total>9</total>
				<timestamp>388.810143</timestamp>
			</report>
			<report>
				<misses>1343001</misses>
				<total>9</total>
				<timestamp>389.099839</timestamp>
			</report>
			<report>
				<misses>1344001</misses>
				<total>9</total>
				<timestamp>389.389570</timestamp>
			</report>
			<report>
				<misses>1345001</misses>
				<total>9</total>
				<timestamp>389.679339</timestamp>
			</report>
			<report>
				<misses>1346001</misses>
				<total>9</total>
				<timestamp>389.968998</timestamp>
			</report>
			<report>
				<misses>1347001</misses>
				<total>9</total>
				<timestamp>390.258713</timestamp>
			</report>
			<report>
				<misses>1348001</misses>
				<total>9</total>
				<timestamp>390.548409</timestamp>
			</report>
			<report>
				<misses>1349001</misses>
				<total>9</total>
				<timestamp>390.838571</timestamp>
			</report>
			<report>
				<misses>1350001</misses>
				<total>9</total>
				<timestamp>391.128113</timestamp>
			</report>
			<report>
				<misses>1351001</misses>
				<total>9</total>
				<timestamp>391.418118</timestamp>
			</report>
			<report>
				<misses>1352001</misses>
				<total>9</total>
				<timestamp>391.707925</timestamp>
			</report>
			<report>
				<misses>1353001</misses>
				<total>9</total>
				<timestamp>391.997531</timestamp>
			</report>
			<report>
				<misses>1354001</misses>
				<total>9</total>
				<timestamp>392.287818</timestamp>
			</report>
			<report>
				<misses>1355001</misses>
				<total>9</total>
				<timestamp>392.577544</timestamp>
			</report>
			<report>
				<misses>1356001</misses>
				<total>9</total>
				<timestamp>392.867545</timestamp>
			</report>
			<report>
				<misses>1357001</misses>
				<total>9</total>
				<timestamp>393.157325</timestamp>
			</report>
			<report>
				<misses>1358001</misses>
				<total>9</total>
				<timestamp>393.447290</timestamp>
			</report>
			<report>
				<misses>1359001</misses>
				<total>9</total>
				<timestamp>393.737530</timestamp>
			</report>
			<report>
				<misses>1360001</misses>
				<total>9</total>
				<timestamp>394.027526</timestamp>
			</report>
			<report>
				<misses>1361001</misses>
				<total>9</total>
				<timestamp>394.317278</timestamp>
			</report>
			<report>
				<misses>1362001</misses>
				<total>9</total>
				<timestamp>394.606952</timestamp>
			</report>
			<report>
				<misses>1363001</misses>
				<total>9</total>
				<timestamp>394.897246</timestamp>
			</report>
			<report>
				<misses>1364001</misses>
				<total>9</total>
				<timestamp>395.186946</timestamp>
			</report>
			<report>
				<misses>1365001</misses>
				<total>9</total>
				<timestamp>395.476683</timestamp>
			</report>
			<report>
				<misses>1366001</misses>
				<total>9</total>
				<timestamp>395.766392</timestamp>
			</report>
			<report>
				<misses>1367001</misses>
				<total>9</total>
				<timestamp>396.056082</timestamp>
			</report>
			<report>
				<misses>1368001</misses>
				<total>9</total>
				<timestamp>396.345774</timestamp>
			</report>
			<report>
				<misses>1369001</misses>
				<total>9</total>
				<timestamp>396.636072</timestamp>
			</report>
			<report>
				<misses>1370001</misses>
				<total>9</total>
				<timestamp>396.925797</timestamp>
			</report>
			<report>
				<misses>1371001</misses>
				<total>9</total>
				<timestamp>397.215509</timestamp>
			</report>
			<report>
				<misses>1372001</misses>
				<total>9</total>
				<timestamp>397.505203</timestamp>
			</report>
			<report>
				<misses>1373001</misses>
				<total>9</total>
				<timestamp>397.794912</timestamp>
			</report>
			<report>
				<misses>1374001</misses>
				<total>9</total>
				<timestamp>398.084918</timestamp>
			</report>
			<report>
				<misses>1375001</misses>
				<total>9</total>
				<timestamp>398.374627</timestamp>
			</report>
			<report>
				<misses>1376001</misses>
				<total>9</total>
				<timestamp>398.664375</timestamp>
			</report>
			<report>
				<misses>1377001</misses>
				<total>9</total>
				<timestamp>398.954041</timestamp>
			</report>
			<report>
				<misses>1378001</misses>
				<total>9</total>
				<timestamp>399.243781</timestamp>
			</report>
			<report>
				<misses>1379001</misses>
				<total>9</total>
				<timestamp>399.534062</timestamp>
			</report>
			<report>
				<misses>1380001</misses>
				<total>9</total>
				<timestamp>399.823770</timestamp>
			</report>
			<report>
				<misses>1381001</misses>
				<total>10</total>
				<timestamp>400.113503</timestamp>
			</report>
			<report>
				<misses>1382001</misses>
				<total>10</total>
				<timestamp>400.403180</timestamp>
			</report>
			<report>
				<misses>1383001</misses>
				<total>10</total>
				<timestamp>400.692891</timestamp>
			</report>
			<report>
				<misses>1384001</misses>
				<total>10</total>
				<timestamp>400.982618</timestamp>
			</report>
			<report>
				<misses>1385001</misses>
				<total>10</total>
				<timestamp>401.272315</timestamp>
			</report>
			<report>
				<misses>1386001</misses>
				<total>10</total>
				<timestamp>401.562032</timestamp>
			</report>
			<report>
				<misses>1387001</misses>
				<total>10</total>
				<timestamp>401.851756</timestamp>
			</report>
			<report>
				<misses>1388001</misses>
				<total>10</total>
				<timestamp>402.141449</timestamp>
			</report>
			<report>
				<misses>1389001</misses>
				<total>10</total>
				<timestamp>402.431210</timestamp>
			</report>
			<report>
				<misses>1390001</misses>
				<total>10</total>
				<timestamp>402.720851</timestamp>
			</report>
			<report>
				<misses>1391001</misses>
				<total>10</total>
				<timestamp>403.010589</timestamp>
			</report>
			<report>
				<misses>1392001</misses>
				<total>10</total>
				<timestamp>403.300279</timestamp>
			</report>
			<report>
				<misses>1393001</misses>
				<total>10</total>
				<timestamp>403.589996</timestamp>
			</report>
			<report>
				<misses>1394001</misses>
				<total>10</total>
				<timestamp>403.879743</timestamp>
			</report>
			<report>
				<misses>1395001</misses>
				<total>10</total>
				<timestamp>404.169599</timestamp>
			</report>
			<report>
				<misses>1396001</misses>
				<total>10</total>
				<timestamp>404.459152</timestamp>
			</report>
			<report>
				<misses>1397001</misses>
				<total>10</total>
				<timestamp>404.748975</timestamp>
			</report>
			<report>
				<misses>1398001</misses>
				<total>10</total>
				<timestamp>405.038589</timestamp>
			</report>
			<report>
				<misses>1399001</misses>
				<total>10</total>
				<timestamp>405.328334</timestamp>
			</report>
			<report>
				<misses>1400001</misses>
				<total>10</total>
				<timestamp>405.618073</timestamp>
			</report>
			<report>
				<misses>1401001</misses>
				<total>10</total>
				<timestamp>405.907759</timestamp>
			</report>
			<report>
				<misses>1402001</misses>
				<total>10</total>
				<timestamp>406.197443</timestamp>
			</report>
			<report>
				<misses>1403001</misses>
				<total>10</total>
				<timestamp>406.487113</timestamp>
			</report>
			<report>
				<misses>1404001</misses>
				<total>10</total>
				<timestamp>406.776931</timestamp>
			</report>
			<report>
				<misses>1405001</misses>
				<total>10</total>
				<timestamp>407.066604</timestamp>
			</report>
			<report>
				<misses>1406001</misses>
				<total>10</total>
				<timestamp>407.356279</timestamp>
			</report>
			<report>
				<misses>1407001</misses>
				<total>10</total>
				<timestamp>407.646048</timestamp>
			</report>
			<report>
				<misses>1408001</misses>
				<total>10</total>
				<timestamp>407.935746</timestamp>
			</report>
			<report>
				<misses>1409001</misses>
				<total>10</total>
				<timestamp>408.225426</timestamp>
			</report>
			<report>
				<misses>1410001</misses>
				<total>10</total>
				<timestamp>408.515209</timestamp>
			</report>
			<report>
				<misses>1411001</misses>
				<total>10</total>
				<timestamp>408.804897</timestamp>
			</report>
			<report>
				<misses>1412001</misses>
				<total>10</total>
				<timestamp>409.094488</timestamp>
			</report>
			<report>
				<misses>1413001</misses>
				<total>10</total>
				<timestamp>409.384359</timestamp>
			</report>
			<report>
				<misses>1414001</misses>
				<total>10</total>
				<timestamp>409.673976</timestamp>
			</report>
			<report>
				<misses>1415001</misses>
				<total>10</total>
				<timestamp>409.963728</timestamp>
			</report>
			<report>
				<misses>1416001</misses>
				<total>10</total>
				<timestamp>410.253355</timestamp>
			</report>
			<report>
				<misses>1417001</misses>
				<total>10</total>
				<timestamp>410.543024</timestamp>
			</report>
			<report>
				<misses>1418001</misses>
				<total>10</total>
				<timestamp>410.832730</timestamp>
			</report>
			<report>
				<misses>1419001</misses>
				<total>10</total>
				<timestamp>411.122462</timestamp>
			</report>
			<report>
				<misses>1420001</misses>
				<total>10</total>
				<timestamp>411.412167</timestamp>
			</report>
			<report>
				<misses>1421001</misses>
				<total>10</total>
				<timestamp>411.702015</timestamp>
			</report>
			<report>
				<misses>1422001</misses>
				<total>10</total>
				<timestamp>411.991605</timestamp>
			</report>
			<report>
				<misses>1423001</misses>
				<total>10</total>
				<timestamp>412.281351</timestamp>
			</report>
			<report>
				<misses>1424001</misses>
				<total>10</total>
				<timestamp>412.571073</timestamp>
			</report>
			<report>
				<misses>1425001</misses>
				<total>10</total>
				<timestamp>412.860804</timestamp>
			</report>
			<report>
				<misses>1426001</misses>
				<total>10</total>
				<timestamp>413.150456</timestamp>
			</report>
			<report>
				<misses>1427001</misses>
				<total>10</total>
				<timestamp>413.440189</timestamp>
			</report>
			<report>
				<misses>1428001</misses>
				<total>10</total>
				<timestamp>413.729984</timestamp>
			</report>
			<report>
				<misses>1429001</misses>
				<total>10</total>
				<timestamp>414.019630</timestamp>
			</report>
			<report>
				<misses>1430001</misses>
				<total>10</total>
				<timestamp>414.309317</timestamp>
			</report>
			<report>
				<misses>1431001</misses>
				<total>10</total>
				<timestamp>414.598959</timestamp>
			</report>
			<report>
				<misses>1432001</misses>
				<total>10</total>
				<timestamp>414.888774</timestamp>
			</report>
			<report>
				<misses>1433001</misses>
				<total>10</total>
				<timestamp>415.178395</timestamp>
			</report>
			<report>
				<misses>1434001</misses>
				<total>10</total>
				<timestamp>415.468141</timestamp>
			</report>
			<report>
				<misses>1435001</misses>
				<total>10</total>
				<timestamp>415.757800</timestamp>
			</report>
			<report>
				<misses>1436001</misses>
				<total>10</total>
				<timestamp>416.047512</timestamp>
			</report>
			<report>
				<misses>1437001</misses>
				<total>10</total>
				<timestamp>416.337257</timestamp>
			</report>
			<report>
				<misses>1438001</misses>
				<total>10</total>
				<timestamp>416.626968</timestamp>
			</report>
			<report>
				<misses>1439001</misses>
				<total>10</total>
				<timestamp>416.916658</timestamp>
			</report>
			<report>
				<misses>1440001</misses>
				<total>10</total>
				<timestamp>417.206356</timestamp>
			</report>
			<report>
				<misses>1441001</misses>
				<total>10</total>
				<timestamp>417.496065</timestamp>
			</report>
			<report>
				<misses>1442001</misses>
				<total>10</total>
				<timestamp>417.785776</timestamp>
			</report>
			<report>
				<misses>1443001</misses>
				<total>10</total>
				<timestamp>418.075484</timestamp>
			</report>
			<report>
				<misses>1444001</misses>
				<total>10</total>
				<timestamp>418.365266</timestamp>
			</report>
			<report>
				<misses>1445001</misses>
				<total>10</total>
				<timestamp>418.654962</timestamp>
			</report>
			<report>
				<misses>1446001</misses>
				<total>10</total>
				<timestamp>418.944652</timestamp>
			</report>
			<report>
				<misses>1447001</misses>
				<total>10</total>
				<timestamp>419.234345</timestamp>
			</report>
			<report>
				<misses>1448001</misses>
				<total>10</total>
				<timestamp>419.524043</timestamp>
			</report>
			<report>
				<misses>1449001</misses>
				<total>10</total>
				<timestamp>419.813733</timestamp>
			</report>
			<report>
				<misses>1450001</misses>
				<total>10</total>
				<timestamp>420.103488</timestamp>
			</report>
			<report>
				<misses>1451001</misses>
				<total>10</total>
				<timestamp>420.393180</timestamp>
			</report>
			<report>
				<misses>1452001</misses>
				<total>10</total>
				<timestamp>420.682870</timestamp>
			</report>
			<report>
				<misses>1453001</misses>
				<total>10</total>
				<timestamp>420.972593</timestamp>
			</report>
			<report>
				<misses>1454001</misses>
				<total>10</total>
				<timestamp>421.262338</timestamp>
			</report>
			<report>
				<misses>1455001</misses>
				<total>10</total>
				<timestamp>421.552011</timestamp>
			</report>
			<report>
				<misses>1456001</misses>
				<total>10</total>
				<timestamp>421.841722</timestamp>
			</report>
			<report>
				<misses>1457001</misses>
				<total>10</total>
				<timestamp>422.131432</timestamp>
			</report>
			<report>
				<misses>1458001</misses>
				<total>10</total>
				<timestamp>422.421171</timestamp>
			</report>
			<report>
				<misses>1459001</misses>
				<total>10</total>
				<timestamp>422.710885</timestamp>
			</report>
			<report>
				<misses>1460001</misses>
				<total>10</total>
				<timestamp>423.000564</timestamp>
			</report>
			<report>
				<misses>1461001</misses>
				<total>10</total>
				<timestamp>423.290284</timestamp>
			</report>
			<report>
				<misses>1462001</misses>
				<total>10</total>
				<timestamp>423.579987</timestamp>
			</report>
			<report>
				<misses>1463001</misses>
				<total>10</total>
				<timestamp>423.869749</timestamp>
			</report>
			<report>
				<misses>1464001</misses>
				<total>10</total>
				<timestamp>424.159420</timestamp>
			</report>
			<report>
				<misses>1465001</misses>
				<total>10</total>
				<timestamp>424.449145</timestamp>
			</report>
			<report>
				<misses>1466001</misses>
				<total>10</total>
				<timestamp>424.738829</timestamp>
			</report>
			<report>
				<misses>1467001</misses>
				<total>10</total>
				<timestamp>425.028547</timestamp>
			</report>
			<report>
				<misses>1468001</misses>
				<total>10</total>
				<timestamp>425.318341</timestamp>
			</report>
			<report>
				<misses>1469001</misses>
				<total>10</total>
				<timestamp>425.608041</timestamp>
			</report>
			<report>
				<misses>1470001</misses>
				<total>10</total>
				<timestamp>425.897677</timestamp>
			</report>
			<report>
				<misses>1471001</misses>
				<total>10</total>
				<timestamp>426.187370</timestamp>
			</report>
			<report>
				<misses>1472001</misses>
				<total>10</total>
				<timestamp>426.477117</timestamp>
			</report>
			<report>
				<misses>1473001</misses>
				<total>10</total>
				<timestamp>426.766808</timestamp>
			</report>
			<report>
				<misses>1474001</misses>
				<total>10</total>
				<timestamp>427.056496</timestamp>
			</report>
			<report>
				<misses>1475001</misses>
				<total>10</total>
				<timestamp>427.346239</timestamp>
			</report>
			<report>
				<misses>1476001</misses>
				<total>10</total>
				<timestamp>427.635925</timestamp>
			</report>
			<report>
				<misses>1477001</misses>
				<total>10</total>
				<timestamp>427.925645</timestamp>
			</report>
			<report>
				<misses>1478001</misses>
				<total>10</total>
				<timestamp>428.215340</timestamp>
			</report>
			<report>
				<misses>1479001</misses>
				<total>10</total>
				<timestamp>428.505039</timestamp>
			</report>
			<report>
				<misses>1480001</misses>
				<total>10</total>
				<timestamp>428.794764</timestamp>
			</report>
			<report>
				<misses>1481001</misses>
				<total>10</total>
				<timestamp>429.084479</timestamp>
			</report>
			<report>
				<misses>1482001</misses>
				<total>10</total>
				<timestamp>429.374218</timestamp>
			</report>
			<report>
				<misses>1483001</misses>
				<total>10</total>
				<timestamp>429.663889</timestamp>
			</report>
			<report>
				<misses>1484001</misses>
				<total>10</total>
				<timestamp>429.953685</timestamp>
			</report>
			<report>
				<misses>1485001</misses>
				<total>10</total>
				<timestamp>430.243378</timestamp>
			</report>
			<report>
				<misses>1486001</misses>
				<total>10</total>
				<timestamp>430.533112</timestamp>
			</report>
			<report>
				<misses>1487001</misses>
				<total>10</total>
				<timestamp>430.822740</timestamp>
			</report>
			<report>
				<misses>1488001</misses>
				<total>10</total>
				<timestamp>431.112444</timestamp>
			</report>
			<report>
				<misses>1489001</misses>
				<total>10</total>
				<timestamp>431.402143</timestamp>
			</report>
			<report>
				<misses>1490001</misses>
				<total>10</total>
				<timestamp>431.691854</timestamp>
			</report>
			<report>
				<misses>1491001</misses>
				<total>10</total>
				<timestamp>431.981604</timestamp>
			</report>
			<report>
				<misses>1492001</misses>
				<total>10</total>
				<timestamp>432.271301</timestamp>
			</report>
			<report>
				<misses>1493001</misses>
				<total>10</total>
				<timestamp>432.561013</timestamp>
			</report>
			<report>
				<misses>1494001</misses>
				<total>10</total>
				<timestamp>432.850698</timestamp>
			</report>
			<report>
				<misses>1495001</misses>
				<total>10</total>
				<timestamp>433.140403</timestamp>
			</report>
			<report>
				<misses>1496001</misses>
				<total>10</total>
				<timestamp>433.430158</timestamp>
			</report>
			<report>
				<misses>1497001</misses>
				<total>10</total>
				<timestamp>433.719891</timestamp>
			</report>
			<report>
				<misses>1498001</misses>
				<total>10</total>
				<timestamp>434.009542</timestamp>
			</report>
			<report>
				<misses>1499001</misses>
				<total>10</total>
				<timestamp>434.299242</timestamp>
			</report>
			<report>
				<misses>1500001</misses>
				<total>10</total>
				<timestamp>434.588970</timestamp>
			</report>
			<report>
				<misses>1501001</misses>
				<total>10</total>
				<timestamp>434.878655</timestamp>
			</report>
			<report>
				<misses>1502001</misses>
				<total>10</total>
				<timestamp>435.168417</timestamp>
			</report>
			<report>
				<misses>1503001</misses>
				<total>10</total>
				<timestamp>435.458123</timestamp>
			</report>
			<report>
				<misses>1504001</misses>
				<total>10</total>
				<timestamp>435.747806</timestamp>
			</report>
			<report>
				<misses>1505001</misses>
				<total>10</total>
				<timestamp>436.037504</timestamp>
			</report>
			<report>
				<misses>1506001</misses>
				<total>10</total>
				<timestamp>436.327267</timestamp>
			</report>
			<report>
				<misses>1507001</misses>
				<total>10</total>
				<timestamp>436.616964</timestamp>
			</report>
			<report>
				<misses>1508001</misses>
				<total>10</total>
				<timestamp>436.906635</timestamp>
			</report>
			<report>
				<misses>1509001</misses>
				<total>10</total>
				<timestamp>437.196361</timestamp>
			</report>
			<report>
				<misses>1510001</misses>
				<total>10</total>
				<timestamp>437.486095</timestamp>
			</report>
			<report>
				<misses>1511001</misses>
				<total>10</total>
				<timestamp>437.775776</timestamp>
			</report>
			<report>
				<misses>1512001</misses>
				<total>10</total>
				<timestamp>438.065474</timestamp>
			</report>
			<report>
				<misses>1513001</misses>
				<total>10</total>
				<timestamp>438.355188</timestamp>
			</report>
			<report>
				<misses>1514001</misses>
				<total>10</total>
				<timestamp>438.644904</timestamp>
			</report>
			<report>
				<misses>1515001</misses>
				<total>10</total>
				<timestamp>438.934646</timestamp>
			</report>
			<report>
				<misses>1516001</misses>
				<total>10</total>
				<timestamp>439.224319</timestamp>
			</report>
			<report>
				<misses>1517001</misses>
				<total>10</total>
				<timestamp>439.514090</timestamp>
			</report>
			<report>
				<misses>1518001</misses>
				<total>10</total>
				<timestamp>439.803795</timestamp>
			</report>
			<report>
				<misses>1519001</misses>
				<total>10</total>
				<timestamp>440.093532</timestamp>
			</report>
			<report>
				<misses>1520001</misses>
				<total>10</total>
				<timestamp>440.383244</timestamp>
			</report>
			<report>
				<misses>1521001</misses>
				<total>10</total>
				<timestamp>440.672918</timestamp>
			</report>
			<report>
				<misses>1522001</misses>
				<total>10</total>
				<timestamp>440.962677</timestamp>
			</report>
			<report>
				<misses>1523001</misses>
				<total>10</total>
				<timestamp>441.252290</timestamp>
			</report>
			<report>
				<misses>1524001</misses>
				<total>10</total>
				<timestamp>441.542162</timestamp>
			</report>
			<report>
				<misses>1525001</misses>
				<total>10</total>
				<timestamp>441.831736</timestamp>
			</report>
			<report>
				<misses>1526001</misses>
				<total>10</total>
				<timestamp>442.121415</timestamp>
			</report>
			<report>
				<misses>1527001</misses>
				<total>10</total>
				<timestamp>442.411211</timestamp>
			</report>
			<report>
				<misses>1528001</misses>
				<total>10</total>
				<timestamp>442.700938</timestamp>
			</report>
			<report>
				<misses>1529001</misses>
				<total>10</total>
				<timestamp>442.990583</timestamp>
			</report>
			<report>
				<misses>1530001</misses>
				<total>10</total>
				<timestamp>443.280375</timestamp>
			</report>
			<report>
				<misses>1531001</misses>
				<total>10</total>
				<timestamp>443.570100</timestamp>
			</report>
			<report>
				<misses>1532001</misses>
				<total>10</total>
				<timestamp>443.859694</timestamp>
			</report>
			<report>
				<misses>1533001</misses>
				<total>10</total>
				<timestamp>444.149457</timestamp>
			</report>
			<report>
				<misses>1534001</misses>
				<total>10</total>
				<timestamp>444.439261</timestamp>
			</report>
			<report>
				<misses>1535001</misses>
				<total>10</total>
				<timestamp>444.728880</timestamp>
			</report>
			<report>
				<misses>1536001</misses>
				<total>10</total>
				<timestamp>445.018527</timestamp>
			</report>
			<report>
				<misses>1537001</misses>
				<total>10</total>
				<timestamp>445.308361</timestamp>
			</report>
			<report>
				<misses>1538001</misses>
				<total>10</total>
				<timestamp>445.597964</timestamp>
			</report>
			<report>
				<misses>1539001</misses>
				<total>10</total>
				<timestamp>445.887726</timestamp>
			</report>
			<report>
				<misses>1540001</misses>
				<total>10</total>
				<timestamp>446.177406</timestamp>
			</report>
			<report>
				<misses>1541001</misses>
				<total>10</total>
				<timestamp>446.467225</timestamp>
			</report>
			<report>
				<misses>1542001</misses>
				<total>10</total>
				<timestamp>446.756928</timestamp>
			</report>
			<report>
				<misses>1543001</misses>
				<total>11</total>
				<timestamp>447.046534</timestamp>
			</report>
			<report>
				<misses>1544001</misses>
				<total>11</total>
				<timestamp>447.336264</timestamp>
			</report>
			<report>
				<misses>1545001</misses>
				<total>11</total>
				<timestamp>447.625975</timestamp>
			</report>
			<report>
				<misses>1546001</misses>
				<total>11</total>
				<timestamp>447.915713</timestamp>
			</report>
			<report>
				<misses>1547001</misses>
				<total>11</total>
				<timestamp>448.205460</timestamp>
			</report>
			<report>
				<misses>1548001</misses>
				<total>11</total>
				<timestamp>448.495104</timestamp>
			</report>
			<report>
				<misses>1549001</misses>
				<total>11</total>
				<timestamp>448.784745</timestamp>
			</report>
			<report>
				<misses>1550001</misses>
				<total>11</total>
				<timestamp>449.074584</timestamp>
			</report>
			<report>
				<misses>1551001</misses>
				<total>11</total>
				<timestamp>449.364299</timestamp>
			</report>
			<report>
				<misses>1552001</misses>
				<total>11</total>
				<timestamp>449.653987</timestamp>
			</report>
			<report>
				<misses>1553001</misses>
				<total>11</total>
				<timestamp>449.943703</timestamp>
			</report>
			<report>
				<misses>1554001</misses>
				<total>11</total>
				<timestamp>450.233376</timestamp>
			</report>
			<report>
				<misses>1555001</misses>
				<total>11</total>
				<timestamp>450.523132</timestamp>
			</report>
			<report>
				<misses>1556001</misses>
				<total>11</total>
				<timestamp>450.812717</timestamp>
			</report>
			<report>
				<misses>1557001</misses>
				<total>11</total>
				<timestamp>451.102466</timestamp>
			</report>
			<report>
				<misses>1558001</misses>
				<total>11</total>
				<timestamp>451.392266</timestamp>
			</report>
			<report>
				<misses>1559001</misses>
				<total>11</total>
				<timestamp>451.682006</timestamp>
			</report>
			<report>
				<misses>1560001</misses>
				<total>11</total>
				<timestamp>451.971552</timestamp>
			</report>
			<report>
				<misses>1561001</misses>
				<total>11</total>
				<timestamp>452.261314</timestamp>
			</report>
			<report>
				<misses>1562001</misses>
				<total>11</total>
				<timestamp>452.551000</timestamp>
			</report>
			<report>
				<misses>1563001</misses>
				<total>11</total>
				<timestamp>452.840712</timestamp>
			</report>
			<report>
				<misses>1564001</misses>
				<total>11</total>
				<timestamp>453.130488</timestamp>
			</report>
			<report>
				<misses>1565001</misses>
				<total>11</total>
				<timestamp>453.420121</timestamp>
			</report>
			<report>
				<misses>1566001</misses>
				<total>11</total>
				<timestamp>453.709819</timestamp>
			</report>
			<report>
				<misses>1567001</misses>
				<total>11</total>
				<timestamp>453.999528</timestamp>
			</report>
			<report>
				<misses>1568001</misses>
				<total>11</total>
				<timestamp>454.289251</timestamp>
			</report>
			<report>
				<misses>1569001</misses>
				<total>11</total>
				<timestamp>454.578949</timestamp>
			</report>
			<report>
				<misses>1570001</misses>
				<total>11</total>
				<timestamp>454.868677</timestamp>
			</report>
			<report>
				<misses>1571001</misses>
				<total>11</total>
				<timestamp>455.158374</timestamp>
			</report>
			<report>
				<misses>1572001</misses>
				<total>11</total>
				<timestamp>455.448085</timestamp>
			</report>
			<report>
				<misses>1573001</misses>
				<total>11</total>
				<timestamp>455.737811</timestamp>
			</report>
			<report>
				<misses>1574001</misses>
				<total>11</total>
				<timestamp>456.027495</timestamp>
			</report>
			<report>
				<misses>1575001</misses>
				<total>11</total>
				<timestamp>456.317208</timestamp>
			</report>
			<report>
				<misses>1576001</misses>
				<total>11</total>
				<timestamp>456.606963</timestamp>
			</report>
			<report>
				<misses>1577001</misses>
				<total>11</total>
				<timestamp>456.896645</timestamp>
			</report>
			<report>
				<misses>1578001</misses>
				<total>11</total>
				<timestamp>457.186330</timestamp>
			</report>
			<report>
				<misses>1579001</misses>
				<total>11</total>
				<timestamp>457.476068</timestamp>
			</report>
			<report>
				<misses>1580001</misses>
				<total>11</total>
				<timestamp>457.765756</timestamp>
			</report>
			<report>
				<misses>1581001</misses>
				<total>11</total>
				<timestamp>458.055462</timestamp>
			</report>
			<report>
				<misses>1582001</misses>
				<total>11</total>
				<timestamp>458.345204</timestamp>
			</report>
			<report>
				<misses>1583001</misses>
				<total>11</total>
				<timestamp>458.634935</timestamp>
			</report>
			<report>
				<misses>1584001</misses>
				<total>11</total>
				<timestamp>458.924628</timestamp>
			</report>
			<report>
				<misses>1585001</misses>
				<total>11</total>
				<timestamp>459.214324</timestamp>
			</report>
			<report>
				<misses>1586001</misses>
				<total>11</total>
				<timestamp>459.504013</timestamp>
			</report>
			<report>
				<misses>1587001</misses>
				<total>11</total>
				<timestamp>459.793762</timestamp>
			</report>
			<report>
				<misses>1588001</misses>
				<total>11</total>
				<timestamp>460.083434</timestamp>
			</report>
			<report>
				<misses>1589001</misses>
				<total>11</total>
				<timestamp>460.373176</timestamp>
			</report>
			<report>
				<misses>1590001</misses>
				<total>11</total>
				<timestamp>460.662885</timestamp>
			</report>
			<report>
				<misses>1591001</misses>
				<total>11</total>
				<timestamp>460.952579</timestamp>
			</report>
			<report>
				<misses>1592001</misses>
				<total>11</total>
				<timestamp>461.242286</timestamp>
			</report>
			<report>
				<misses>1593001</misses>
				<total>11</total>
				<timestamp>461.532007</timestamp>
			</report>
			<report>
				<misses>1594001</misses>
				<total>11</total>
				<timestamp>461.821692</timestamp>
			</report>
			<report>
				<misses>1595001</misses>
				<total>11</total>
				<timestamp>462.111406</timestamp>
			</report>
			<report>
				<misses>1596001</misses>
				<total>11</total>
				<timestamp>462.401108</timestamp>
			</report>
			<report>
				<misses>1597001</misses>
				<total>11</total>
				<timestamp>462.690862</timestamp>
			</report>
			<report>
				<misses>1598001</misses>
				<total>11</total>
				<timestamp>462.980543</timestamp>
			</report>
			<report>
				<misses>1599001</misses>
				<total>11</total>
				<timestamp>463.270254</timestamp>
			</report>
			<report>
				<misses>1600001</misses>
				<total>11</total>
				<timestamp>463.559960</timestamp>
			</report>
			<report>
				<misses>1601001</misses>
				<total>11</total>
				<timestamp>463.849662</timestamp>
			</report>
			<report>
				<misses>1602001</misses>
				<total>11</total>
				<timestamp>464.139368</timestamp>
			</report>
			<report>
				<misses>1603001</misses>
				<total>11</total>
				<timestamp>464.429086</timestamp>
			</report>
			<report>
				<misses>1604001</misses>
				<total>11</total>
				<timestamp>464.718841</timestamp>
			</report>
			<report>
				<misses>1605001</misses>
				<total>11</total>
				<timestamp>465.008516</timestamp>
			</report>
			<report>
				<misses>1606001</misses>
				<total>11</total>
				<timestamp>465.298273</timestamp>
			</report>
			<report>
				<misses>1607001</misses>
				<total>11</total>
				<timestamp>465.587990</timestamp>
			</report>
			<report>
				<misses>1608001</misses>
				<total>11</total>
				<timestamp>465.877686</timestamp>
			</report>
			<report>
				<misses>1609001</misses>
				<total>11</total>
				<timestamp>466.167394</timestamp>
			</report>
			<report>
				<misses>1610001</misses>
				<total>11</total>
				<timestamp>466.457163</timestamp>
			</report>
			<report>
				<misses>1611001</misses>
				<total>11</total>
				<timestamp>466.746941</timestamp>
			</report>
			<report>
				<misses>1612001</misses>
				<total>11</total>
				<timestamp>467.036510</timestamp>
			</report>
			<report>
				<misses>1613001</misses>
				<total>11</total>
				<timestamp>467.326324</timestamp>
			</report>
			<report>
				<misses>1614001</misses>
				<total>11</total>
				<timestamp>467.615939</timestamp>
			</report>
			<report>
				<misses>1615001</misses>
				<total>11</total>
				<timestamp>467.905784</timestamp>
			</report>
			<report>
				<misses>1616001</misses>
				<total>11</total>
				<timestamp>468.195381</timestamp>
			</report>
			<report>
				<misses>1617001</misses>
				<total>11</total>
				<timestamp>468.485054</timestamp>
			</report>
			<report>
				<misses>1618001</misses>
				<total>11</total>
				<timestamp>468.774916</timestamp>
			</report>
			<report>
				<misses>1619001</misses>
				<total>11</total>
				<timestamp>469.064494</timestamp>
			</report>
			<report>
				<misses>1620001</misses>
				<total>11</total>
				<timestamp>469.354216</timestamp>
			</report>
			<report>
				<misses>1621001</misses>
				<total>11</total>
				<timestamp>469.643969</timestamp>
			</report>
			<report>
				<misses>1622001</misses>
				<total>11</total>
				<timestamp>469.933720</timestamp>
			</report>
			<report>
				<misses>1623001</misses>
				<total>11</total>
				<timestamp>470.223352</timestamp>
			</report>
			<report>
				<misses>1624001</misses>
				<total>11</total>
				<timestamp>470.513062</timestamp>
			</report>
			<report>
				<misses>1625001</misses>
				<total>11</total>
				<timestamp>470.802717</timestamp>
			</report>
			<report>
				<misses>1626001</misses>
				<total>11</total>
				<timestamp>471.092466</timestamp>
			</report>
			<report>
				<misses>1627001</misses>
				<total>11</total>
				<timestamp>471.382283</timestamp>
			</report>
			<report>
				<misses>1628001</misses>
				<total>11</total>
				<timestamp>471.671969</timestamp>
			</report>
			<report>
				<misses>1629001</misses>
				<total>11</total>
				<timestamp>471.961577</timestamp>
			</report>
			<report>
				<misses>1630001</misses>
				<total>11</total>
				<timestamp>472.251276</timestamp>
			</report>
			<report>
				<misses>1631001</misses>
				<total>11</total>
				<timestamp>472.540983</timestamp>
			</report>
			<report>
				<misses>1632001</misses>
				<total>11</total>
				<timestamp>472.830676</timestamp>
			</report>
			<report>
				<misses>1633001</misses>
				<total>11</total>
				<timestamp>473.120555</timestamp>
			</report>
			<report>
				<misses>1634001</misses>
				<total>11</total>
				<timestamp>473.410115</timestamp>
			</report>
			<report>
				<misses>1635001</misses>
				<total>11</total>
				<timestamp>473.699820</timestamp>
			</report>
			<report>
				<misses>1636001</misses>
				<total>11</total>
				<timestamp>473.989547</timestamp>
			</report>
			<report>
				<misses>1637001</misses>
				<total>11</total>
				<timestamp>474.279266</timestamp>
			</report>
			<report>
				<misses>1638001</misses>
				<total>11</total>
				<timestamp>474.568973</timestamp>
			</report>
			<report>
				<misses>1639001</misses>
				<total>11</total>
				<timestamp>474.858667</timestamp>
			</report>
			<report>
				<misses>1640001</misses>
				<total>11</total>
				<timestamp>475.148360</timestamp>
			</report>
			<report>
				<misses>1641001</misses>
				<total>11</total>
				<timestamp>475.438070</timestamp>
			</report>
			<report>
				<misses>1642001</misses>
				<total>11</total>
				<timestamp>475.727802</timestamp>
			</report>
			<report>
				<misses>1643001</misses>
				<total>11</total>
				<timestamp>476.017493</timestamp>
			</report>
			<report>
				<misses>1644001</misses>
				<total>11</total>
				<timestamp>476.307208</timestamp>
			</report>
			<report>
				<misses>1645001</misses>
				<total>11</total>
				<timestamp>476.596955</timestamp>
			</report>
			<report>
				<misses>1646001</misses>
				<total>11</total>
				<timestamp>476.886659</timestamp>
			</report>
			<report>
				<misses>1647001</misses>
				<total>11</total>
				<timestamp>477.176341</timestamp>
			</report>
			<report>
				<misses>1648001</misses>
				<total>11</total>
				<timestamp>477.466055</timestamp>
			</report>
			<report>
				<misses>1649001</misses>
				<total>11</total>
				<timestamp>477.755822</timestamp>
			</report>
			<report>
				<misses>1650001</misses>
				<total>11</total>
				<timestamp>478.045447</timestamp>
			</report>
			<report>
				<misses>1651001</misses>
				<total>11</total>
				<timestamp>478.335180</timestamp>
			</report>
			<report>
				<misses>1652001</misses>
				<total>11</total>
				<timestamp>478.624907</timestamp>
			</report>
			<report>
				<misses>1653001</misses>
				<total>11</total>
				<timestamp>478.914633</timestamp>
			</report>
			<report>
				<misses>1654001</misses>
				<total>11</total>
				<timestamp>479.204313</timestamp>
			</report>
			<report>
				<misses>1655001</misses>
				<total>11</total>
				<timestamp>479.494141</timestamp>
			</report>
			<report>
				<misses>1656001</misses>
				<total>11</total>
				<timestamp>479.783889</timestamp>
			</report>
			<report>
				<misses>1657001</misses>
				<total>11</total>
				<timestamp>480.073432</timestamp>
			</report>
			<report>
				<misses>1658001</misses>
				<total>11</total>
				<timestamp>480.363140</timestamp>
			</report>
			<report>
				<misses>1659001</misses>
				<total>11</total>
				<timestamp>480.652837</timestamp>
			</report>
			<report>
				<misses>1660001</misses>
				<total>11</total>
				<timestamp>480.942546</timestamp>
			</report>
			<report>
				<misses>1661001</misses>
				<total>11</total>
				<timestamp>481.232260</timestamp>
			</report>
			<report>
				<misses>1662001</misses>
				<total>11</total>
				<timestamp>481.521973</timestamp>
			</report>
			<report>
				<misses>1663001</misses>
				<total>11</total>
				<timestamp>481.811717</timestamp>
			</report>
			<report>
				<misses>1664001</misses>
				<total>11</total>
				<timestamp>482.101424</timestamp>
			</report>
			<report>
				<misses>1665001</misses>
				<total>11</total>
				<timestamp>482.391187</timestamp>
			</report>
			<report>
				<misses>1666001</misses>
				<total>11</total>
				<timestamp>482.680826</timestamp>
			</report>
			<report>
				<misses>1667001</misses>
				<total>11</total>
				<timestamp>482.970521</timestamp>
			</report>
			<report>
				<misses>1668001</misses>
				<total>11</total>
				<timestamp>483.260245</timestamp>
			</report>
			<report>
				<misses>1669001</misses>
				<total>11</total>
				<timestamp>483.549939</timestamp>
			</report>
			<report>
				<misses>1670001</misses>
				<total>11</total>
				<timestamp>483.839679</timestamp>
			</report>
			<report>
				<misses>1671001</misses>
				<total>11</total>
				<timestamp>484.129366</timestamp>
			</report>
			<report>
				<misses>1672001</misses>
				<total>11</total>
				<timestamp>484.419098</timestamp>
			</report>
			<report>
				<misses>1673001</misses>
				<total>11</total>
				<timestamp>484.708807</timestamp>
			</report>
			<report>
				<misses>1674001</misses>
				<total>11</total>
				<timestamp>484.998503</timestamp>
			</report>
			<report>
				<misses>1675001</misses>
				<total>11</total>
				<timestamp>485.288197</timestamp>
			</report>
			<report>
				<misses>1676001</misses>
				<total>11</total>
				<timestamp>485.577924</timestamp>
			</report>
			<report>
				<misses>1677001</misses>
				<total>11</total>
				<timestamp>485.867624</timestamp>
			</report>
			<report>
				<misses>1678001</misses>
				<total>11</total>
				<timestamp>486.157337</timestamp>
			</report>
			<report>
				<misses>1679001</misses>
				<total>11</total>
				<timestamp>486.447042</timestamp>
			</report>
			<report>
				<misses>1680001</misses>
				<total>11</total>
				<timestamp>486.736782</timestamp>
			</report>
			<report>
				<misses>1681001</misses>
				<total>11</total>
				<timestamp>487.026484</timestamp>
			</report>
			<report>
				<misses>1682001</misses>
				<total>11</total>
				<timestamp>487.316218</timestamp>
			</report>
			<report>
				<misses>1683001</misses>
				<total>11</total>
				<timestamp>487.605949</timestamp>
			</report>
			<report>
				<misses>1684001</misses>
				<total>11</total>
				<timestamp>487.895629</timestamp>
			</report>
			<report>
				<misses>1685001</misses>
				<total>11</total>
				<timestamp>488.185308</timestamp>
			</report>
			<report>
				<misses>1686001</misses>
				<total>11</total>
				<timestamp>488.475027</timestamp>
			</report>
			<report>
				<misses>1687001</misses>
				<total>11</total>
				<timestamp>488.764792</timestamp>
			</report>
			<report>
				<misses>1688001</misses>
				<total>11</total>
				<timestamp>489.054431</timestamp>
			</report>
			<report>
				<misses>1689001</misses>
				<total>11</total>
				<timestamp>489.344143</timestamp>
			</report>
			<report>
				<misses>1690001</misses>
				<total>11</total>
				<timestamp>489.633855</timestamp>
			</report>
			<report>
				<misses>1691001</misses>
				<total>11</total>
				<timestamp>489.923726</timestamp>
			</report>
			<report>
				<misses>1692001</misses>
				<total>11</total>
				<timestamp>490.213343</timestamp>
			</report>
			<report>
				<misses>1693001</misses>
				<total>11</total>
				<timestamp>490.503073</timestamp>
			</report>
			<report>
				<misses>1694001</misses>
				<total>11</total>
				<timestamp>490.792831</timestamp>
			</report>
			<report>
				<misses>1695001</misses>
				<total>11</total>
				<timestamp>491.082420</timestamp>
			</report>
			<report>
				<misses>1696001</misses>
				<total>11</total>
				<timestamp>491.372190</timestamp>
			</report>
			<report>
				<misses>1697001</misses>
				<total>11</total>
				<timestamp>491.661911</timestamp>
			</report>
			<report>
				<misses>1698001</misses>
				<total>11</total>
				<timestamp>491.951689</timestamp>
			</report>
			<report>
				<misses>1699001</misses>
				<total>11</total>
				<timestamp>492.241319</timestamp>
			</report>
			<report>
				<misses>1700001</misses>
				<total>11</total>
				<timestamp>492.531057</timestamp>
			</report>
			<report>
				<misses>1701001</misses>
				<total>11</total>
				<timestamp>492.820798</timestamp>
			</report>
			<report>
				<misses>1702001</misses>
				<total>11</total>
				<timestamp>493.110411</timestamp>
			</report>
			<report>
				<misses>1703001</misses>
				<total>11</total>
				<timestamp>493.400096</timestamp>
			</report>
			<report>
				<misses>1704001</misses>
				<total>11</total>
				<timestamp>493.689792</timestamp>
			</report>
			<report>
				<misses>1705001</misses>
				<total>11</total>
				<timestamp>493.979502</timestamp>
			</report>
			<report>
				<misses>1706001</misses>
				<total>11</total>
				<timestamp>494.269213</timestamp>
			</report>
			<report>
				<misses>1707001</misses>
				<total>11</total>
				<timestamp>494.558923</timestamp>
			</report>
			<report>
				<misses>1708001</misses>
				<total>11</total>
				<timestamp>494.848709</timestamp>
			</report>
			<report>
				<misses>1709001</misses>
				<total>11</total>
				<timestamp>495.138353</timestamp>
			</report>
			<report>
				<misses>1710001</misses>
				<total>11</total>
				<timestamp>495.428047</timestamp>
			</report>
			<report>
				<misses>1711001</misses>
				<total>11</total>
				<timestamp>495.717822</timestamp>
			</report>
			<report>
				<misses>1712001</misses>
				<total>11</total>
				<timestamp>496.007474</timestamp>
			</report>
			<report>
				<misses>1713001</misses>
				<total>11</total>
				<timestamp>496.297187</timestamp>
			</report>
			<report>
				<misses>1714001</misses>
				<total>11</total>
				<timestamp>496.587019</timestamp>
			</report>
			<report>
				<misses>1715001</misses>
				<total>11</total>
				<timestamp>496.876813</timestamp>
			</report>
			<report>
				<misses>1716001</misses>
				<total>11</total>
				<timestamp>497.166387</timestamp>
			</report>
			<report>
				<misses>1717001</misses>
				<total>11</total>
				<timestamp>497.456186</timestamp>
			</report>
			<report>
				<misses>1718001</misses>
				<total>11</total>
				<timestamp>497.745896</timestamp>
			</report>
			<report>
				<misses>1719001</misses>
				<total>11</total>
				<timestamp>498.035525</timestamp>
			</report>
			<report>
				<misses>1720001</misses>
				<total>11</total>
				<timestamp>498.325152</timestamp>
			</report>
			<report>
				<misses>1721001</misses>
				<total>11</total>
				<timestamp>498.614976</timestamp>
			</report>
			<report>
				<misses>1722001</misses>
				<total>11</total>
				<timestamp>498.904755</timestamp>
			</report>
			<report>
				<misses>1723001</misses>
				<total>11</total>
				<timestamp>499.194342</timestamp>
			</report>
			<report>
				<misses>1724001</misses>
				<total>11</total>
				<timestamp>499.484110</timestamp>
			</report>
			<report>
				<misses>1725001</misses>
				<total>11</total>
				<timestamp>499.773783</timestamp>
			</report>
			<report>
				<misses>1726001</misses>
				<total>11</total>
				<timestamp>500.063405</timestamp>
			</report>
			<report>
				<misses>1727001</misses>
				<total>11</total>
				<timestamp>500.353132</timestamp>
			</report>
			<report>
				<misses>1728001</misses>
				<total>11</total>
				<timestamp>500.642825</timestamp>
			</report>
			<report>
				<misses>1729001</misses>
				<total>11</total>
				<timestamp>500.932568</timestamp>
			</report>
			<report>
				<misses>1730001</misses>
				<total>11</total>
				<timestamp>501.222251</timestamp>
			</report>
			<report>
				<misses>1731001</misses>
				<total>11</total>
				<timestamp>501.511956</timestamp>
			</report>
			<report>
				<misses>1732001</misses>
				<total>11</total>
				<timestamp>501.801714</timestamp>
			</report>
			<report>
				<misses>1733001</misses>
				<total>11</total>
				<timestamp>502.091380</timestamp>
			</report>
			<report>
				<misses>1734001</misses>
				<total>11</total>
				<timestamp>502.381097</timestamp>
			</report>
			<report>
				<misses>1735001</misses>
				<total>11</total>
				<timestamp>502.670799</timestamp>
			</report>
			<report>
				<misses>1736001</misses>
				<total>11</total>
				<timestamp>502.960522</timestamp>
			</report>
			<report>
				<misses>1737001</misses>
				<total>11</total>
				<timestamp>503.250234</timestamp>
			</report>
			<report>
				<misses>1738001</misses>
				<total>11</total>
				<timestamp>503.539951</timestamp>
			</report>
			<report>
				<misses>1739001</misses>
				<total>11</total>
				<timestamp>503.829661</timestamp>
			</report>
			<report>
				<misses>1740001</misses>
				<total>11</total>
				<timestamp>504.119366</timestamp>
			</report>
			<report>
				<misses>1741001</misses>
				<total>11</total>
				<timestamp>504.409068</timestamp>
			</report>
			<report>
				<misses>1742001</misses>
				<total>11</total>
				<timestamp>504.698794</timestamp>
			</report>
			<report>
				<misses>1743001</misses>
				<total>11</total>
				<timestamp>504.988514</timestamp>
			</report>
			<report>
				<misses>1744001</misses>
				<total>11</total>
				<timestamp>505.278190</timestamp>
			</report>
			<report>
				<misses>1745001</misses>
				<total>11</total>
				<timestamp>505.567928</timestamp>
			</report>
			<report>
				<misses>1746001</misses>
				<total>11</total>
				<timestamp>505.857641</timestamp>
			</report>
			<report>
				<misses>1747001</misses>
				<total>11</total>
				<timestamp>506.147306</timestamp>
			</report>
			<report>
				<misses>1748001</misses>
				<total>11</total>
				<timestamp>506.437031</timestamp>
			</report>
			<report>
				<misses>1749001</misses>
				<total>11</total>
				<timestamp>506.726751</timestamp>
			</report>
			<report>
				<misses>1750001</misses>
				<total>11</total>
				<timestamp>507.016462</timestamp>
			</report>
			<report>
				<misses>1751001</misses>
				<total>11</total>
				<timestamp>507.306186</timestamp>
			</report>
			<report>
				<misses>1752001</misses>
				<total>11</total>
				<timestamp>507.595904</timestamp>
			</report>
			<report>
				<misses>1753001</misses>
				<total>11</total>
				<timestamp>507.885687</timestamp>
			</report>
			<report>
				<misses>1754001</misses>
				<total>11</total>
				<timestamp>508.175336</timestamp>
			</report>
			<report>
				<misses>1755001</misses>
				<total>11</total>
				<timestamp>508.465137</timestamp>
			</report>
			<report>
				<misses>1756001</misses>
				<total>11</total>
				<timestamp>508.754777</timestamp>
			</report>
			<report>
				<misses>1757001</misses>
				<total>11</total>
				<timestamp>509.044552</timestamp>
			</report>
			<report>
				<misses>1758001</misses>
				<total>11</total>
				<timestamp>509.334161</timestamp>
			</report>
			<report>
				<misses>1759001</misses>
				<total>11</total>
				<timestamp>509.623929</timestamp>
			</report>
			<report>
				<misses>1760001</misses>
				<total>11</total>
				<timestamp>509.913680</timestamp>
			</report>
			<report>
				<misses>1761001</misses>
				<total>11</total>
				<timestamp>510.203334</timestamp>
			</report>
			<report>
				<misses>1762001</misses>
				<total>11</total>
				<timestamp>510.493039</timestamp>
			</report>
			<report>
				<misses>1763001</misses>
				<total>11</total>
				<timestamp>510.782769</timestamp>
			</report>
			<report>
				<misses>1764001</misses>
				<total>11</total>
				<timestamp>511.072436</timestamp>
			</report>
			<report>
				<misses>1765001</misses>
				<total>11</total>
				<timestamp>511.362250</timestamp>
			</report>
			<report>
				<misses>1766001</misses>
				<total>11</total>
				<timestamp>511.651908</timestamp>
			</report>
			<report>
				<misses>1767001</misses>
				<total>11</total>
				<timestamp>511.941699</timestamp>
			</report>
			<report>
				<misses>1768001</misses>
				<total>11</total>
				<timestamp>512.231297</timestamp>
			</report>
			<report>
				<misses>1769001</misses>
				<total>11</total>
				<timestamp>512.520987</timestamp>
			</report>
			<report>
				<misses>1770001</misses>
				<total>11</total>
				<timestamp>512.810784</timestamp>
			</report>
			<report>
				<misses>1771001</misses>
				<total>11</total>
				<timestamp>513.100533</timestamp>
			</report>
			<report>
				<misses>1772001</misses>
				<total>11</total>
				<timestamp>513.390153</timestamp>
			</report>
			<report>
				<misses>1773001</misses>
				<total>11</total>
				<timestamp>513.679817</timestamp>
			</report>
			<report>
				<misses>1774001</misses>
				<total>11</total>
				<timestamp>513.969586</timestamp>
			</report>
			<report>
				<misses>1775001</misses>
				<total>11</total>
				<timestamp>514.259348</timestamp>
			</report>
			<report>
				<misses>1776001</misses>
				<total>11</total>
				<timestamp>514.548955</timestamp>
			</report>
			<report>
				<misses>1777001</misses>
				<total>11</total>
				<timestamp>514.838721</timestamp>
			</report>
			<report>
				<misses>1778001</misses>
				<total>11</total>
				<timestamp>515.128408</timestamp>
			</report>
			<report>
				<misses>1779001</misses>
				<total>11</total>
				<timestamp>515.418110</timestamp>
			</report>
			<report>
				<misses>1780001</misses>
				<total>11</total>
				<timestamp>515.707764</timestamp>
			</report>
			<report>
				<misses>1781001</misses>
				<total>11</total>
				<timestamp>515.997579</timestamp>
			</report>
			<report>
				<misses>1782001</misses>
				<total>11</total>
				<timestamp>516.287172</timestamp>
			</report>
			<report>
				<misses>1783001</misses>
				<total>12</total>
				<timestamp>516.576916</timestamp>
			</report>
			<report>
				<misses>1784001</misses>
				<total>12</total>
				<timestamp>516.866690</timestamp>
			</report>
			<report>
				<misses>1785001</misses>
				<total>12</total>
				<timestamp>517.156315</timestamp>
			</report>
			<report>
				<misses>1786001</misses>
				<total>12</total>
				<timestamp>517.446017</timestamp>
			</report>
			<report>
				<misses>1787001</misses>
				<total>12</total>
				<timestamp>517.735764</timestamp>
			</report>
			<report>
				<misses>1788001</misses>
				<total>12</total>
				<timestamp>518.025436</timestamp>
			</report>
			<report>
				<misses>1789001</misses>
				<total>12</total>
				<timestamp>518.315157</timestamp>
			</report>
			<report>
				<misses>1790001</misses>
				<total>12</total>
				<timestamp>518.604853</timestamp>
			</report>
			<report>
				<misses>1791001</misses>
				<total>12</total>
				<timestamp>518.894587</timestamp>
			</report>
			<report>
				<misses>1792001</misses>
				<total>12</total>
				<timestamp>519.184332</timestamp>
			</report>
			<report>
				<misses>1793001</misses>
				<total>12</total>
				<timestamp>519.473980</timestamp>
			</report>
			<report>
				<misses>1794001</misses>
				<total>12</total>
				<timestamp>519.763721</timestamp>
			</report>
			<report>
				<misses>1795001</misses>
				<total>12</total>
				<timestamp>520.053436</timestamp>
			</report>
			<report>
				<misses>1796001</misses>
				<total>12</total>
				<timestamp>520.343117</timestamp>
			</report>
			<report>
				<misses>1797001</misses>
				<total>12</total>
				<timestamp>520.632822</timestamp>
			</report>
			<report>
				<misses>1798001</misses>
				<total>12</total>
				<timestamp>520.922689</timestamp>
			</report>
			<report>
				<misses>1799001</misses>
				<total>12</total>
				<timestamp>521.212257</timestamp>
			</report>
			<report>
				<misses>1800001</misses>
				<total>12</total>
				<timestamp>521.501973</timestamp>
			</report>
			<report>
				<misses>1801001</misses>
				<total>12</total>
				<timestamp>521.791669</timestamp>
			</report>
			<report>
				<misses>1802001</misses>
				<total>12</total>
				<timestamp>522.081448</timestamp>
			</report>
			<report>
				<misses>1803001</misses>
				<total>12</total>
				<timestamp>522.371103</timestamp>
			</report>
			<report>
				<misses>1804001</misses>
				<total>12</total>
				<timestamp>522.660800</timestamp>
			</report>
			<report>
				<misses>1805001</misses>
				<total>12</total>
				<timestamp>522.950621</timestamp>
			</report>
			<report>
				<misses>1806001</misses>
				<total>12</total>
				<timestamp>523.240214</timestamp>
			</report>
			<report>
				<misses>1807001</misses>
				<total>12</total>
				<timestamp>523.529934</timestamp>
			</report>
			<report>
				<misses>1808001</misses>
				<total>12</total>
				<timestamp>523.819655</timestamp>
			</report>
			<report>
				<misses>1809001</misses>
				<total>12</total>
				<timestamp>524.109451</timestamp>
			</report>
			<report>
				<misses>1810001</misses>
				<total>12</total>
				<timestamp>524.399047</timestamp>
			</report>
			<report>
				<misses>1811001</misses>
				<total>12</total>
				<timestamp>524.688803</timestamp>
			</report>
			<report>
				<misses>1812001</misses>
				<total>12</total>
				<timestamp>524.978491</timestamp>
			</report>
			<report>
				<misses>1813001</misses>
				<total>12</total>
				<timestamp>525.268176</timestamp>
			</report>
			<report>
				<misses>1814001</misses>
				<total>12</total>
				<timestamp>525.557926</timestamp>
			</report>
			<report>
				<misses>1815001</misses>
				<total>12</total>
				<timestamp>525.847660</timestamp>
			</report>
			<report>
				<misses>1816001</misses>
				<total>12</total>
				<timestamp>526.137310</timestamp>
			</report>
			<report>
				<misses>1817001</misses>
				<total>12</total>
				<timestamp>526.427030</timestamp>
			</report>
			<report>
				<misses>1818001</misses>
				<total>12</total>
				<timestamp>526.716823</timestamp>
			</report>
			<report>
				<misses>1819001</misses>
				<total>12</total>
				<timestamp>527.006574</timestamp>
			</report>
			<report>
				<misses>1820001</misses>
				<total>12</total>
				<timestamp>527.296225</timestamp>
			</report>
			<report>
				<misses>1821001</misses>
				<total>12</total>
				<timestamp>527.585850</timestamp>
			</report>
			<report>
				<misses>1822001</misses>
				<total>12</total>
				<timestamp>527.875604</timestamp>
			</report>
			<report>
				<misses>1823001</misses>
				<total>12</total>
				<timestamp>528.165285</timestamp>
			</report>
			<report>
				<misses>1824001</misses>
				<total>12</total>
				<timestamp>528.454991</timestamp>
			</report>
			<report>
				<misses>1825001</misses>
				<total>12</total>
				<timestamp>528.744723</timestamp>
			</report>
			<report>
				<misses>1826001</misses>
				<total>12</total>
				<timestamp>529.034454</timestamp>
			</report>
			<report>
				<misses>1827001</misses>
				<total>12</total>
				<timestamp>529.324134</timestamp>
			</report>
			<report>
				<misses>1828001</misses>
				<total>12</total>
				<timestamp>529.613830</timestamp>
			</report>
			<report>
				<misses>1829001</misses>
				<total>12</total>
				<timestamp>529.903726</timestamp>
			</report>
			<report>
				<misses>1830001</misses>
				<total>12</total>
				<timestamp>530.193335</timestamp>
			</report>
			<report>
				<misses>1831001</misses>
				<total>12</total>
				<timestamp>530.483054</timestamp>
			</report>
			<report>
				<misses>1832001</misses>
				<total>12</total>
				<timestamp>530.772688</timestamp>
			</report>
			<report>
				<misses>1833001</misses>
				<total>12</total>
				<timestamp>531.062467</timestamp>
			</report>
			<report>
				<misses>1834001</misses>
				<total>12</total>
				<timestamp>531.352087</timestamp>
			</report>
			<report>
				<misses>1835001</misses>
				<total>12</total>
				<timestamp>531.641798</timestamp>
			</report>
			<report>
				<misses>1836001</misses>
				<total>12</total>
				<timestamp>531.931516</timestamp>
			</report>
			<report>
				<misses>1837001</misses>
				<total>12</total>
				<timestamp>532.221228</timestamp>
			</report>
			<report>
				<misses>1838001</misses>
				<total>12</total>
				<timestamp>532.511043</timestamp>
			</report>
			<report>
				<misses>1839001</misses>
				<total>12</total>
				<timestamp>532.800793</timestamp>
			</report>
			<report>
				<misses>1840001</misses>
				<total>12</total>
				<timestamp>533.090413</timestamp>
			</report>
			<report>
				<misses>1841001</misses>
				<total>12</total>
				<timestamp>533.380072</timestamp>
			</report>
			<report>
				<misses>1842001</misses>
				<total>12</total>
				<timestamp>533.669801</timestamp>
			</report>
			<report>
				<misses>1843001</misses>
				<total>12</total>
				<timestamp>533.959573</timestamp>
			</report>
			<report>
				<misses>1844001</misses>
				<total>12</total>
				<timestamp>534.249201</timestamp>
			</report>
			<report>
				<misses>1845001</misses>
				<total>12</total>
				<timestamp>534.538923</timestamp>
			</report>
			<report>
				<misses>1846001</misses>
				<total>12</total>
				<timestamp>534.828696</timestamp>
			</report>
			<report>
				<misses>1847001</misses>
				<total>12</total>
				<timestamp>535.118341</timestamp>
			</report>
			<report>
				<misses>1848001</misses>
				<total>12</total>
				<timestamp>535.408036</timestamp>
			</report>
			<report>
				<misses>1849001</misses>
				<total>12</total>
				<timestamp>535.697866</timestamp>
			</report>
			<report>
				<misses>1850001</misses>
				<total>12</total>
				<timestamp>535.987469</timestamp>
			</report>
			<report>
				<misses>1851001</misses>
				<total>12</total>
				<timestamp>536.277170</timestamp>
			</report>
			<report>
				<misses>1852001</misses>
				<total>12</total>
				<timestamp>536.566892</timestamp>
			</report>
			<report>
				<misses>1853001</misses>
				<total>12</total>
				<timestamp>536.856582</timestamp>
			</report>
			<report>
				<misses>1854001</misses>
				<total>12</total>
				<timestamp>537.146318</timestamp>
			</report>
			<report>
				<misses>1855001</misses>
				<total>12</total>
				<timestamp>537.435998</timestamp>
			</report>
			<report>
				<misses>1856001</misses>
				<total>12</total>
				<timestamp>537.725727</timestamp>
			</report>
			<report>
				<misses>1857001</misses>
				<total>12</total>
				<timestamp>538.015437</timestamp>
			</report>
			<report>
				<misses>1858001</misses>
				<total>12</total>
				<timestamp>538.305120</timestamp>
			</report>
			<report>
				<misses>1859001</misses>
				<total>12</total>
				<timestamp>538.594840</timestamp>
			</report>
			<report>
				<misses>1860001</misses>
				<total>12</total>
				<timestamp>538.884596</timestamp>
			</report>
			<report>
				<misses>1861001</misses>
				<total>12</total>
				<timestamp>539.174318</timestamp>
			</report>
			<report>
				<misses>1862001</misses>
				<total>12</total>
				<timestamp>539.463982</timestamp>
			</report>
			<report>
				<misses>1863001</misses>
				<total>12</total>
				<timestamp>539.753678</timestamp>
			</report>
			<report>
				<misses>1864001</misses>
				<total>12</total>
				<timestamp>540.043425</timestamp>
			</report>
			<report>
				<misses>1865001</misses>
				<total>12</total>
				<timestamp>540.333161</timestamp>
			</report>
			<report>
				<misses>1866001</misses>
				<total>12</total>
				<timestamp>540.622865</timestamp>
			</report>
			<report>
				<misses>1867001</misses>
				<total>12</total>
				<timestamp>540.912622</timestamp>
			</report>
			<report>
				<misses>1868001</misses>
				<total>12</total>
				<timestamp>541.202260</timestamp>
			</report>
			<report>
				<misses>1869001</misses>
				<total>12</total>
				<timestamp>541.491995</timestamp>
			</report>
			<report>
				<misses>1870001</misses>
				<total>12</total>
				<timestamp>541.781663</timestamp>
			</report>
			<report>
				<misses>1871001</misses>
				<total>12</total>
				<timestamp>542.071375</timestamp>
			</report>
			<report>
				<misses>1872001</misses>
				<total>12</total>
				<timestamp>542.361079</timestamp>
			</report>
			<report>
				<misses>1873001</misses>
				<total>12</total>
				<timestamp>542.650789</timestamp>
			</report>
			<report>
				<misses>1874001</misses>
				<total>12</total>
				<timestamp>542.940524</timestamp>
			</report>
			<report>
				<misses>1875001</misses>
				<total>12</total>
				<timestamp>543.230200</timestamp>
			</report>
			<report>
				<misses>1876001</misses>
				<total>12</total>
				<timestamp>543.519918</timestamp>
			</report>
			<report>
				<misses>1877001</misses>
				<total>12</total>
				<timestamp>543.809686</timestamp>
			</report>
			<report>
				<misses>1878001</misses>
				<total>12</total>
				<timestamp>544.099343</timestamp>
			</report>
			<report>
				<misses>1879001</misses>
				<total>12</total>
				<timestamp>544.389036</timestamp>
			</report>
			<report>
				<misses>1880001</misses>
				<total>12</total>
				<timestamp>544.678758</timestamp>
			</report>
			<report>
				<misses>1881001</misses>
				<total>12</total>
				<timestamp>544.968488</timestamp>
			</report>
			<report>
				<misses>1882001</misses>
				<total>12</total>
				<timestamp>545.258180</timestamp>
			</report>
			<report>
				<misses>1883001</misses>
				<total>12</total>
				<timestamp>545.547892</timestamp>
			</report>
			<report>
				<misses>1884001</misses>
				<total>12</total>
				<timestamp>545.837603</timestamp>
			</report>
			<report>
				<misses>1885001</misses>
				<total>12</total>
				<timestamp>546.127304</timestamp>
			</report>
			<report>
				<misses>1886001</misses>
				<total>12</total>
				<timestamp>546.417013</timestamp>
			</report>
			<report>
				<misses>1887001</misses>
				<total>12</total>
				<timestamp>546.706752</timestamp>
			</report>
			<report>
				<misses>1888001</misses>
				<total>12</total>
				<timestamp>546.996482</timestamp>
			</report>
			<report>
				<misses>1889001</misses>
				<total>12</total>
				<timestamp>547.286157</timestamp>
			</report>
			<report>
				<misses>1890001</misses>
				<total>12</total>
				<timestamp>547.575883</timestamp>
			</report>
			<report>
				<misses>1891001</misses>
				<total>12</total>
				<timestamp>547.865590</timestamp>
			</report>
			<report>
				<misses>1892001</misses>
				<total>12</total>
				<timestamp>548.155270</timestamp>
			</report>
			<report>
				<misses>1893001</misses>
				<total>12</total>
				<timestamp>548.444984</timestamp>
			</report>
			<report>
				<misses>1894001</misses>
				<total>12</total>
				<timestamp>548.734700</timestamp>
			</report>
			<report>
				<misses>1895001</misses>
				<total>12</total>
				<timestamp>549.024405</timestamp>
			</report>
			<report>
				<misses>1896001</misses>
				<total>12</total>
				<timestamp>549.314139</timestamp>
			</report>
			<report>
				<misses>1897001</misses>
				<total>12</total>
				<timestamp>549.603818</timestamp>
			</report>
			<report>
				<misses>1898001</misses>
				<total>12</total>
				<timestamp>549.893554</timestamp>
			</report>
			<report>
				<misses>1899001</misses>
				<total>12</total>
				<timestamp>550.183241</timestamp>
			</report>
			<report>
				<misses>1900001</misses>
				<total>12</total>
				<timestamp>550.472961</timestamp>
			</report>
			<report>
				<misses>1901001</misses>
				<total>12</total>
				<timestamp>550.762700</timestamp>
			</report>
			<report>
				<misses>1902001</misses>
				<total>12</total>
				<timestamp>551.052392</timestamp>
			</report>
			<report>
				<misses>1903001</misses>
				<total>12</total>
				<timestamp>551.342078</timestamp>
			</report>
			<report>
				<misses>1904001</misses>
				<total>12</total>
				<timestamp>551.631822</timestamp>
			</report>
			<report>
				<misses>1905001</misses>
				<total>12</total>
				<timestamp>551.921514</timestamp>
			</report>
			<report>
				<misses>1906001</misses>
				<total>12</total>
				<timestamp>552.211217</timestamp>
			</report>
			<report>
				<misses>1907001</misses>
				<total>12</total>
				<timestamp>552.501050</timestamp>
			</report>
			<report>
				<misses>1908001</misses>
				<total>12</total>
				<timestamp>552.790773</timestamp>
			</report>
			<report>
				<misses>1909001</misses>
				<total>12</total>
				<timestamp>553.080382</timestamp>
			</report>
			<report>
				<misses>1910001</misses>
				<total>12</total>
				<timestamp>553.370068</timestamp>
			</report>
			<report>
				<misses>1911001</misses>
				<total>12</total>
				<timestamp>553.659846</timestamp>
			</report>
			<report>
				<misses>1912001</misses>
				<total>12</total>
				<timestamp>553.949556</timestamp>
			</report>
			<report>
				<misses>1913001</misses>
				<total>12</total>
				<timestamp>554.239225</timestamp>
			</report>
			<report>
				<misses>1914001</misses>
				<total>12</total>
				<timestamp>554.528918</timestamp>
			</report>
			<report>
				<misses>1915001</misses>
				<total>12</total>
				<timestamp>554.818728</timestamp>
			</report>
			<report>
				<misses>1916001</misses>
				<total>12</total>
				<timestamp>555.108427</timestamp>
			</report>
			<report>
				<misses>1917001</misses>
				<total>12</total>
				<timestamp>555.398152</timestamp>
			</report>
			<report>
				<misses>1918001</misses>
				<total>12</total>
				<timestamp>555.687872</timestamp>
			</report>
			<report>
				<misses>1919001</misses>
				<total>12</total>
				<timestamp>555.977542</timestamp>
			</report>
			<report>
				<misses>1920001</misses>
				<total>12</total>
				<timestamp>556.267210</timestamp>
			</report>
			<report>
				<misses>1921001</misses>
				<total>12</total>
				<timestamp>556.556947</timestamp>
			</report>
			<report>
				<misses>1922001</misses>
				<total>12</total>
				<timestamp>556.846609</timestamp>
			</report>
			<report>
				<misses>1923001</misses>
				<total>12</total>
				<timestamp>557.136418</timestamp>
			</report>
			<report>
				<misses>1924001</misses>
				<total>12</total>
				<timestamp>557.426133</timestamp>
			</report>
			<report>
				<misses>1925001</misses>
				<total>12</total>
				<timestamp>557.715760</timestamp>
			</report>
			<report>
				<misses>1926001</misses>
				<total>12</total>
				<timestamp>558.005539</timestamp>
			</report>
			<report>
				<misses>1927001</misses>
				<total>12</total>
				<timestamp>558.295177</timestamp>
			</report>
			<report>
				<misses>1928001</misses>
				<total>12</total>
				<timestamp>558.584933</timestamp>
			</report>
			<report>
				<misses>1929001</misses>
				<total>12</total>
				<timestamp>558.874675</timestamp>
			</report>
			<report>
				<misses>1930001</misses>
				<total>12</total>
				<timestamp>559.164359</timestamp>
			</report>
			<report>
				<misses>1931001</misses>
				<total>12</total>
				<timestamp>559.454119</timestamp>
			</report>
			<report>
				<misses>1932001</misses>
				<total>12</total>
				<timestamp>559.743733</timestamp>
			</report>
			<report>
				<misses>1933001</misses>
				<total>12</total>
				<timestamp>560.033513</timestamp>
			</report>
			<report>
				<misses>1934001</misses>
				<total>12</total>
				<timestamp>560.323095</timestamp>
			</report>
			<report>
				<misses>1935001</misses>
				<total>12</total>
				<timestamp>560.612829</timestamp>
			</report>
			<report>
				<misses>1936001</misses>
				<total>12</total>
				<timestamp>560.902583</timestamp>
			</report>
			<report>
				<misses>1937001</misses>
				<total>12</total>
				<timestamp>561.192294</timestamp>
			</report>
			<report>
				<misses>1938001</misses>
				<total>12</total>
				<timestamp>561.481955</timestamp>
			</report>
			<report>
				<misses>1939001</misses>
				<total>12</total>
				<timestamp>561.771662</timestamp>
			</report>
			<report>
				<misses>1940001</misses>
				<total>12</total>
				<timestamp>562.061430</timestamp>
			</report>
			<report>
				<misses>1941001</misses>
				<total>12</total>
				<timestamp>562.351102</timestamp>
			</report>
			<report>
				<misses>1942001</misses>
				<total>12</total>
				<timestamp>562.640805</timestamp>
			</report>
			<report>
				<misses>1943001</misses>
				<total>12</total>
				<timestamp>562.930522</timestamp>
			</report>
			<report>
				<misses>1944001</misses>
				<total>12</total>
				<timestamp>563.220243</timestamp>
			</report>
			<report>
				<misses>1945001</misses>
				<total>12</total>
				<timestamp>563.509960</timestamp>
			</report>
			<report>
				<misses>1946001</misses>
				<total>12</total>
				<timestamp>563.799683</timestamp>
			</report>
			<report>
				<misses>1947001</misses>
				<total>12</total>
				<timestamp>564.089364</timestamp>
			</report>
			<report>
				<misses>1948001</misses>
				<total>12</total>
				<timestamp>564.379050</timestamp>
			</report>
			<report>
				<misses>1949001</misses>
				<total>12</total>
				<timestamp>564.668762</timestamp>
			</report>
			<report>
				<misses>1950001</misses>
				<total>12</total>
				<timestamp>564.958498</timestamp>
			</report>
			<report>
				<misses>1951001</misses>
				<total>12</total>
				<timestamp>565.248312</timestamp>
			</report>
			<report>
				<misses>1952001</misses>
				<total>12</total>
				<timestamp>565.537892</timestamp>
			</report>
			<report>
				<misses>1953001</misses>
				<total>12</total>
				<timestamp>565.827597</timestamp>
			</report>
			<report>
				<misses>1954001</misses>
				<total>12</total>
				<timestamp>566.117303</timestamp>
			</report>
			<report>
				<misses>1955001</misses>
				<total>12</total>
				<timestamp>566.407098</timestamp>
			</report>
			<report>
				<misses>1956001</misses>
				<total>12</total>
				<timestamp>566.696738</timestamp>
			</report>
			<report>
				<misses>1957001</misses>
				<total>12</total>
				<timestamp>566.986443</timestamp>
			</report>
			<report>
				<misses>1958001</misses>
				<total>12</total>
				<timestamp>567.276168</timestamp>
			</report>
			<report>
				<misses>1959001</misses>
				<total>12</total>
				<timestamp>567.565862</timestamp>
			</report>
			<report>
				<misses>1960001</misses>
				<total>12</total>
				<timestamp>567.855548</timestamp>
			</report>
			<report>
				<misses>1961001</misses>
				<total>12</total>
				<timestamp>568.145304</timestamp>
			</report>
			<report>
				<misses>1962001</misses>
				<total>12</total>
				<timestamp>568.434961</timestamp>
			</report>
			<report>
				<misses>1963001</misses>
				<total>12</total>
				<timestamp>568.724675</timestamp>
			</report>
			<report>
				<misses>1964001</misses>
				<total>12</total>
				<timestamp>569.014408</timestamp>
			</report>
			<report>
				<misses>1965001</misses>
				<total>12</total>
				<timestamp>569.304106</timestamp>
			</report>
			<report>
				<misses>1966001</misses>
				<total>12</total>
				<timestamp>569.593810</timestamp>
			</report>
			<report>
				<misses>1967001</misses>
				<total>12</total>
				<timestamp>569.883544</timestamp>
			</report>
			<report>
				<misses>1968001</misses>
				<total>12</total>
				<timestamp>570.173249</timestamp>
			</report>
			<report>
				<misses>1969001</misses>
				<total>12</total>
				<timestamp>570.462966</timestamp>
			</report>
			<report>
				<misses>1970001</misses>
				<total>12</total>
				<timestamp>570.752651</timestamp>
			</report>
			<report>
				<misses>1971001</misses>
				<total>12</total>
				<timestamp>571.042406</timestamp>
			</report>
			<report>
				<misses>1972001</misses>
				<total>12</total>
				<timestamp>571.332135</timestamp>
			</report>
			<report>
				<misses>1973001</misses>
				<total>12</total>
				<timestamp>571.621909</timestamp>
			</report>
			<report>
				<misses>1974001</misses>
				<total>12</total>
				<timestamp>571.911605</timestamp>
			</report>
			<report>
				<misses>1975001</misses>
				<total>12</total>
				<timestamp>572.201361</timestamp>
			</report>
			<report>
				<misses>1976001</misses>
				<total>12</total>
				<timestamp>572.490988</timestamp>
			</report>
			<report>
				<misses>1977001</misses>
				<total>12</total>
				<timestamp>572.780654</timestamp>
			</report>
			<report>
				<misses>1978001</misses>
				<total>12</total>
				<timestamp>573.070420</timestamp>
			</report>
			<report>
				<misses>1979001</misses>
				<total>12</total>
				<timestamp>573.360044</timestamp>
			</report>
			<report>
				<misses>1980001</misses>
				<total>12</total>
				<timestamp>573.649755</timestamp>
			</report>
			<report>
				<misses>1981001</misses>
				<total>12</total>
				<timestamp>573.939471</timestamp>
			</report>
			<report>
				<misses>1982001</misses>
				<total>12</total>
				<timestamp>574.229193</timestamp>
			</report>
			<report>
				<misses>1983001</misses>
				<total>12</total>
				<timestamp>574.518890</timestamp>
			</report>
			<report>
				<misses>1984001</misses>
				<total>12</total>
				<timestamp>574.808638</timestamp>
			</report>
			<report>
				<misses>1985001</misses>
				<total>12</total>
				<timestamp>575.098337</timestamp>
			</report>
			<report>
				<misses>1986001</misses>
				<total>12</total>
				<timestamp>575.388014</timestamp>
			</report>
			<report>
				<misses>1987001</misses>
				<total>12</total>
				<timestamp>575.677735</timestamp>
			</report>
			<report>
				<misses>1988001</misses>
				<total>12</total>
				<timestamp>575.967459</timestamp>
			</report>
			<report>
				<misses>1989001</misses>
				<total>12</total>
				<timestamp>576.257320</timestamp>
			</report>
			<report>
				<misses>1990001</misses>
				<total>12</total>
				<timestamp>576.546955</timestamp>
			</report>
			<report>
				<misses>1991001</misses>
				<total>12</total>
				<timestamp>576.836695</timestamp>
			</report>
			<report>
				<misses>1992001</misses>
				<total>12</total>
				<timestamp>577.126321</timestamp>
			</report>
			<report>
				<misses>1993001</misses>
				<total>12</total>
				<timestamp>577.415994</timestamp>
			</report>
			<report>
				<misses>1994001</misses>
				<total>12</total>
				<timestamp>577.705696</timestamp>
			</report>
			<report>
				<misses>1995001</misses>
				<total>12</total>
				<timestamp>577.995453</timestamp>
			</report>
			<report>
				<misses>1996001</misses>
				<total>12</total>
				<timestamp>578.285144</timestamp>
			</report>
			<report>
				<misses>1997001</misses>
				<total>12</total>
				<timestamp>578.574826</timestamp>
			</report>
			<report>
				<misses>1998001</misses>
				<total>12</total>
				<timestamp>578.864563</timestamp>
			</report>
			<report>
				<misses>1999001</misses>
				<total>12</total>
				<timestamp>579.154295</timestamp>
			</report>
			<report>
				<misses>2000001</misses>
				<total>12</total>
				<timestamp>579.443959</timestamp>
			</report>
			<report>
				<misses>2001001</misses>
				<total>12</total>
				<timestamp>579.733666</timestamp>
			</report>
			<report>
				<misses>2002001</misses>
				<total>12</total>
				<timestamp>580.023379</timestamp>
			</report>
			<report>
				<misses>2003001</misses>
				<total>12</total>
				<timestamp>580.313159</timestamp>
			</report>
			<report>
				<misses>2004001</misses>
				<total>12</total>
				<timestamp>580.602803</timestamp>
			</report>
			<report>
				<misses>2005001</misses>
				<total>12</total>
				<timestamp>580.892561</timestamp>
			</report>
			<report>
				<misses>2006001</misses>
				<total>12</total>
				<timestamp>581.182245</timestamp>
			</report>
			<report>
				<misses>2007001</misses>
				<total>12</total>
				<timestamp>581.471922</timestamp>
			</report>
			<report>
				<misses>2008001</misses>
				<total>12</total>
				<timestamp>581.761674</timestamp>
			</report>
			<report>
				<misses>2009001</misses>
				<total>12</total>
				<timestamp>582.051363</timestamp>
			</report>
			<report>
				<misses>2010001</misses>
				<total>12</total>
				<timestamp>582.341071</timestamp>
			</report>
			<report>
				<misses>2011001</misses>
				<total>12</total>
				<timestamp>582.630779</timestamp>
			</report>
			<report>
				<misses>2012001</misses>
				<total>12</total>
				<timestamp>582.920480</timestamp>
			</report>
			<report>
				<misses>2013001</misses>
				<total>12</total>
				<timestamp>583.210214</timestamp>
			</report>
			<report>
				<misses>2014001</misses>
				<total>12</total>
				<timestamp>583.499896</timestamp>
			</report>
			<report>
				<misses>2015001</misses>
				<total>12</total>
				<timestamp>583.789622</timestamp>
			</report>
			<report>
				<misses>2016001</misses>
				<total>12</total>
				<timestamp>584.079328</timestamp>
			</report>
			<report>
				<misses>2017001</misses>
				<total>12</total>
				<timestamp>584.369044</timestamp>
			</report>
			<report>
				<misses>2018001</misses>
				<total>12</total>
				<timestamp>584.658757</timestamp>
			</report>
			<report>
				<misses>2019001</misses>
				<total>12</total>
				<timestamp>584.948441</timestamp>
			</report>
			<report>
				<misses>2020001</misses>
				<total>12</total>
				<timestamp>585.238195</timestamp>
			</report>
			<report>
				<misses>2021001</misses>
				<total>12</total>
				<timestamp>585.527859</timestamp>
			</report>
			<report>
				<misses>2022001</misses>
				<total>12</total>
				<timestamp>585.817597</timestamp>
			</report>
			<report>
				<misses>2023001</misses>
				<total>12</total>
				<timestamp>586.107304</timestamp>
			</report>
			<report>
				<misses>2024001</misses>
				<total>12</total>
				<timestamp>586.396994</timestamp>
			</report>
			<report>
				<misses>2025001</misses>
				<total>12</total>
				<timestamp>586.686719</timestamp>
			</report>
			<report>
				<misses>2026001</misses>
				<total>12</total>
				<timestamp>586.976410</timestamp>
			</report>
			<report>
				<misses>2027001</misses>
				<total>12</total>
				<timestamp>587.266149</timestamp>
			</report>
			<report>
				<misses>2028001</misses>
				<total>12</total>
				<timestamp>587.555836</timestamp>
			</report>
			<report>
				<misses>2029001</misses>
				<total>12</total>
				<timestamp>587.845542</timestamp>
			</report>
			<report>
				<misses>2030001</misses>
				<total>12</total>
				<timestamp>588.135262</timestamp>
			</report>
			<report>
				<misses>2031001</misses>
				<total>12</total>
				<timestamp>588.424956</timestamp>
			</report>
			<report>
				<misses>2032001</misses>
				<total>12</total>
				<timestamp>588.714685</timestamp>
			</report>
			<report>
				<misses>2033001</misses>
				<total>12</total>
				<timestamp>589.004401</timestamp>
			</report>
			<report>
				<misses>2034001</misses>
				<total>12</total>
				<timestamp>589.294118</timestamp>
			</report>
			<report>
				<misses>2035001</misses>
				<total>12</total>
				<timestamp>589.583802</timestamp>
			</report>
			<report>
				<misses>2036001</misses>
				<total>12</total>
				<timestamp>589.873514</timestamp>
			</report>
			<report>
				<misses>2037001</misses>
				<total>12</total>
				<timestamp>590.163217</timestamp>
			</report>
			<report>
				<misses>2038001</misses>
				<total>12</total>
				<timestamp>590.452935</timestamp>
			</report>
			<report>
				<misses>2039001</misses>
				<total>12</total>
				<timestamp>590.742655</timestamp>
			</report>
			<report>
				<misses>2040001</misses>
				<total>12</total>
				<timestamp>591.032386</timestamp>
			</report>
			<report>
				<misses>2041001</misses>
				<total>12</total>
				<timestamp>591.322119</timestamp>
			</report>
			<report>
				<misses>2042001</misses>
				<total>12</total>
				<timestamp>591.611795</timestamp>
			</report>
			<report>
				<misses>2043001</misses>
				<total>12</total>
				<timestamp>591.901500</timestamp>
			</report>
			<report>
				<misses>2044001</misses>
				<total>12</total>
				<timestamp>592.191213</timestamp>
			</report>
			<report>
				<misses>2045001</misses>
				<total>12</total>
				<timestamp>592.480925</timestamp>
			</report>
			<report>
				<misses>2046001</misses>
				<total>12</total>
				<timestamp>592.770762</timestamp>
			</report>
			<report>
				<misses>2047001</misses>
				<total>12</total>
				<timestamp>593.060376</timestamp>
			</report>
			<report>
				<misses>2048001</misses>
				<total>12</total>
				<timestamp>593.350153</timestamp>
			</report>
			<report>
				<misses>2049001</misses>
				<total>12</total>
				<timestamp>593.639768</timestamp>
			</report>
			<report>
				<misses>2050001</misses>
				<total>12</total>
				<timestamp>593.929455</timestamp>
			</report>
			<report>
				<misses>2051001</misses>
				<total>12</total>
				<timestamp>594.219292</timestamp>
			</report>
			<report>
				<misses>2052001</misses>
				<total>12</total>
				<timestamp>594.508882</timestamp>
			</report>
			<report>
				<misses>2053001</misses>
				<total>12</total>
				<timestamp>594.798625</timestamp>
			</report>
			<report>
				<misses>2054001</misses>
				<total>12</total>
				<timestamp>595.088381</timestamp>
			</report>
			<report>
				<misses>2055001</misses>
				<total>12</total>
				<timestamp>595.378134</timestamp>
			</report>
			<report>
				<misses>2056001</misses>
				<total>12</total>
				<timestamp>595.667825</timestamp>
			</report>
			<report>
				<misses>2057001</misses>
				<total>12</total>
				<timestamp>595.957455</timestamp>
			</report>
			<report>
				<misses>2058001</misses>
				<total>12</total>
				<timestamp>596.247217</timestamp>
			</report>
			<report>
				<misses>2059001</misses>
				<total>12</total>
				<timestamp>596.536854</timestamp>
			</report>
			<report>
				<misses>2060001</misses>
				<total>12</total>
				<timestamp>596.826594</timestamp>
			</report>
			<report>
				<misses>2061001</misses>
				<total>12</total>
				<timestamp>597.116322</timestamp>
			</report>
			<report>
				<misses>2062001</misses>
				<total>12</total>
				<timestamp>597.406015</timestamp>
			</report>
			<report>
				<misses>2063001</misses>
				<total>12</total>
				<timestamp>597.695675</timestamp>
			</report>
			<report>
				<misses>2064001</misses>
				<total>12</total>
				<timestamp>597.985385</timestamp>
			</report>
			<report>
				<misses>2065001</misses>
				<total>12</total>
				<timestamp>598.275189</timestamp>
			</report>
			<report>
				<misses>2066001</misses>
				<total>12</total>
				<timestamp>598.564943</timestamp>
			</report>
			<report>
				<misses>2067001</misses>
				<total>12</total>
				<timestamp>598.854657</timestamp>
			</report>
			<report>
				<misses>2068001</misses>
				<total>12</total>
				<timestamp>599.144333</timestamp>
			</report>
			<report>
				<misses>2069001</misses>
				<total>12</total>
				<timestamp>599.434047</timestamp>
			</report>
			<report>
				<misses>2070001</misses>
				<total>12</total>
				<timestamp>599.723757</timestamp>
			</report>
			<report>
				<misses>2071001</misses>
				<total>12</total>
				<timestamp>600.013376</timestamp>
			</report>
			<report>
				<misses>2072001</misses>
				<total>12</total>
				<timestamp>600.303147</timestamp>
			</report>
			<report>
				<misses>2073001</misses>
				<total>12</total>
				<timestamp>600.592810</timestamp>
			</report>
			<report>
				<misses>2074001</misses>
				<total>12</total>
				<timestamp>600.882502</timestamp>
			</report>
			<report>
				<misses>2075001</misses>
				<total>12</total>
				<timestamp>601.172270</timestamp>
			</report>
			<report>
				<misses>2076001</misses>
				<total>12</total>
				<timestamp>601.462034</timestamp>
			</report>
			<report>
				<misses>2077001</misses>
				<total>12</total>
				<timestamp>601.751735</timestamp>
			</report>
			<report>
				<misses>2078001</misses>
				<total>12</total>
				<timestamp>602.041379</timestamp>
			</report>
			<report>
				<misses>2079001</misses>
				<total>12</total>
				<timestamp>602.331178</timestamp>
			</report>
			<report>
				<misses>2080001</misses>
				<total>12</total>
				<timestamp>602.620899</timestamp>
			</report>
			<report>
				<misses>2081001</misses>
				<total>12</total>
				<timestamp>602.910456</timestamp>
			</report>
			<report>
				<misses>2082001</misses>
				<total>12</total>
				<timestamp>603.200215</timestamp>
			</report>
			<report>
				<misses>2083001</misses>
				<total>12</total>
				<timestamp>603.490016</timestamp>
			</report>
			<report>
				<misses>2084001</misses>
				<total>12</total>
				<timestamp>603.779612</timestamp>
			</report>
			<report>
				<misses>2085001</misses>
				<total>12</total>
				<timestamp>604.069307</timestamp>
			</report>
			<report>
				<misses>2086001</misses>
				<total>12</total>
				<timestamp>604.359102</timestamp>
			</report>
			<report>
				<misses>2087001</misses>
				<total>12</total>
				<timestamp>604.648732</timestamp>
			</report>
			<report>
				<misses>2088001</misses>
				<total>12</total>
				<timestamp>604.938452</timestamp>
			</report>
			<report>
				<misses>2089001</misses>
				<total>12</total>
				<timestamp>605.228171</timestamp>
			</report>
			<report>
				<misses>2090001</misses>
				<total>12</total>
				<timestamp>605.517849</timestamp>
			</report>
			<report>
				<misses>2091001</misses>
				<total>12</total>
				<timestamp>605.807579</timestamp>
			</report>
			<report>
				<misses>2092001</misses>
				<total>12</total>
				<timestamp>606.097317</timestamp>
			</report>
			<report>
				<misses>2093001</misses>
				<total>12</total>
				<timestamp>606.387013</timestamp>
			</report>
			<report>
				<misses>2094001</misses>
				<total>12</total>
				<timestamp>606.676687</timestamp>
			</report>
			<report>
				<misses>2095001</misses>
				<total>12</total>
				<timestamp>606.966399</timestamp>
			</report>
			<report>
				<misses>2096001</misses>
				<total>12</total>
				<timestamp>607.256133</timestamp>
			</report>
			<report>
				<misses>2097001</misses>
				<total>12</total>
				<timestamp>607.545831</timestamp>
			</report>
			<report>
				<misses>2098001</misses>
				<total>12</total>
				<timestamp>607.835525</timestamp>
			</report>
			<report>
				<misses>2099001</misses>
				<total>12</total>
				<timestamp>608.125237</timestamp>
			</report>
			<report>
				<misses>2100001</misses>
				<total>12</total>
				<timestamp>608.414971</timestamp>
			</report>
			<report>
				<misses>2101001</misses>
				<total>12</total>
				<timestamp>608.704663</timestamp>
			</report>
			<report>
				<misses>2102001</misses>
				<total>12</total>
				<timestamp>608.994374</timestamp>
			</report>
			<report>
				<misses>2103001</misses>
				<total>12</total>
				<timestamp>609.284114</timestamp>
			</report>
			<report>
				<misses>2104001</misses>
				<total>12</total>
				<timestamp>609.573795</timestamp>
			</report>
			<report>
				<misses>2105001</misses>
				<total>12</total>
				<timestamp>609.863493</timestamp>
			</report>
			<report>
				<misses>2106001</misses>
				<total>12</total>
				<timestamp>610.153212</timestamp>
			</report>
			<report>
				<misses>2107001</misses>
				<total>12</total>
				<timestamp>610.442959</timestamp>
			</report>
			<report>
				<misses>2108001</misses>
				<total>12</total>
				<timestamp>610.732631</timestamp>
			</report>
			<report>
				<misses>2109001</misses>
				<total>12</total>
				<timestamp>611.022364</timestamp>
			</report>
			<report>
				<misses>2110001</misses>
				<total>12</total>
				<timestamp>611.312094</timestamp>
			</report>
			<report>
				<misses>2111001</misses>
				<total>12</total>
				<timestamp>611.601767</timestamp>
			</report>
			<report>
				<misses>2112001</misses>
				<total>12</total>
				<timestamp>611.891473</timestamp>
			</report>
			<report>
				<misses>2113001</misses>
				<total>12</total>
				<timestamp>612.181249</timestamp>
			</report>
			<report>
				<misses>2114001</misses>
				<total>12</total>
				<timestamp>612.470941</timestamp>
			</report>
			<report>
				<misses>2115001</misses>
				<total>12</total>
				<timestamp>612.760725</timestamp>
			</report>
			<report>
				<misses>2116001</misses>
				<total>12</total>
				<timestamp>613.050427</timestamp>
			</report>
			<report>
				<misses>2117001</misses>
				<total>12</total>
				<timestamp>613.340194</timestamp>
			</report>
			<report>
				<misses>2118001</misses>
				<total>12</total>
				<timestamp>613.629772</timestamp>
			</report>
			<report>
				<misses>2119001</misses>
				<total>12</total>
				<timestamp>613.919504</timestamp>
			</report>
			<report>
				<misses>2120001</misses>
				<total>12</total>
				<timestamp>614.209193</timestamp>
			</report>
			<report>
				<misses>2121001</misses>
				<total>12</total>
				<timestamp>614.498895</timestamp>
			</report>
			<report>
				<misses>2122001</misses>
				<total>12</total>
				<timestamp>614.788700</timestamp>
			</report>
			<report>
				<misses>2123001</misses>
				<total>12</total>
				<timestamp>615.078298</timestamp>
			</report>
			<report>
				<misses>2124001</misses>
				<total>12</total>
				<timestamp>615.368073</timestamp>
			</report>
			<report>
				<misses>2125001</misses>
				<total>12</total>
				<timestamp>615.657714</timestamp>
			</report>
			<report>
				<misses>2126001</misses>
				<total>12</total>
				<timestamp>615.947464</timestamp>
			</report>
			<report>
				<misses>2127001</misses>
				<total>12</total>
				<timestamp>616.237122</timestamp>
			</report>
			<report>
				<misses>2128001</misses>
				<total>12</total>
				<timestamp>616.526842</timestamp>
			</report>
			<report>
				<misses>2129001</misses>
				<total>12</total>
				<timestamp>616.816663</timestamp>
			</report>
			<report>
				<misses>2130001</misses>
				<total>12</total>
				<timestamp>617.106360</timestamp>
			</report>
			<report>
				<misses>2131001</misses>
				<total>12</total>
				<timestamp>617.395991</timestamp>
			</report>
			<report>
				<misses>2132001</misses>
				<total>12</total>
				<timestamp>617.685741</timestamp>
			</report>
			<report>
				<misses>2133001</misses>
				<total>12</total>
				<timestamp>617.975464</timestamp>
			</report>
			<report>
				<misses>2134001</misses>
				<total>12</total>
				<timestamp>618.265104</timestamp>
			</report>
			<report>
				<misses>2135001</misses>
				<total>12</total>
				<timestamp>618.554826</timestamp>
			</report>
			<report>
				<misses>2136001</misses>
				<total>12</total>
				<timestamp>618.844516</timestamp>
			</report>
			<report>
				<misses>2137001</misses>
				<total>12</total>
				<timestamp>619.134256</timestamp>
			</report>
			<report>
				<misses>2138001</misses>
				<total>12</total>
				<timestamp>619.423969</timestamp>
			</report>
			<report>
				<misses>2139001</misses>
				<total>12</total>
				<timestamp>619.713634</timestamp>
			</report>
			<report>
				<misses>2140001</misses>
				<total>12</total>
				<timestamp>620.003480</timestamp>
			</report>
			<report>
				<misses>2141001</misses>
				<total>12</total>
				<timestamp>620.293058</timestamp>
			</report>
			<report>
				<misses>2142001</misses>
				<total>12</total>
				<timestamp>620.582780</timestamp>
			</report>
			<report>
				<misses>2143001</misses>
				<total>12</total>
				<timestamp>620.872524</timestamp>
			</report>
			<report>
				<misses>2144001</misses>
				<total>12</total>
				<timestamp>621.162241</timestamp>
			</report>
			<report>
				<misses>2145001</misses>
				<total>12</total>
				<timestamp>621.451991</timestamp>
			</report>
			<report>
				<misses>2146001</misses>
				<total>12</total>
				<timestamp>621.741689</timestamp>
			</report>
			<report>
				<misses>2147001</misses>
				<total>12</total>
				<timestamp>622.031350</timestamp>
			</report>
			<report>
				<misses>2148001</misses>
				<total>12</total>
				<timestamp>622.321024</timestamp>
			</report>
			<report>
				<misses>2149001</misses>
				<total>12</total>
				<timestamp>622.610788</timestamp>
			</report>
			<report>
				<misses>2150001</misses>
				<total>12</total>
				<timestamp>622.900441</timestamp>
			</report>
			<report>
				<misses>2151001</misses>
				<total>12</total>
				<timestamp>623.190168</timestamp>
			</report>
			<report>
				<misses>2152001</misses>
				<total>12</total>
				<timestamp>623.479924</timestamp>
			</report>
			<report>
				<misses>2153001</misses>
				<total>12</total>
				<timestamp>623.769627</timestamp>
			</report>
			<report>
				<misses>2154001</misses>
				<total>12</total>
				<timestamp>624.059281</timestamp>
			</report>
			<report>
				<misses>2155001</misses>
				<total>12</total>
				<timestamp>624.349012</timestamp>
			</report>
			<report>
				<misses>2156001</misses>
				<total>12</total>
				<timestamp>624.638852</timestamp>
			</report>
			<report>
				<misses>2157001</misses>
				<total>12</total>
				<timestamp>624.928517</timestamp>
			</report>
			<report>
				<misses>2158001</misses>
				<total>12</total>
				<timestamp>625.218137</timestamp>
			</report>
			<report>
				<misses>2159001</misses>
				<total>12</total>
				<timestamp>625.507880</timestamp>
			</report>
			<report>
				<misses>2160001</misses>
				<total>12</total>
				<timestamp>625.797554</timestamp>
			</report>
			<report>
				<misses>2161001</misses>
				<total>12</total>
				<timestamp>626.087253</timestamp>
			</report>
			<report>
				<misses>2162001</misses>
				<total>12</total>
				<timestamp>626.377012</timestamp>
			</report>
			<report>
				<misses>2163001</misses>
				<total>12</total>
				<timestamp>626.666682</timestamp>
			</report>
			<report>
				<misses>2164001</misses>
				<total>12</total>
				<timestamp>626.956420</timestamp>
			</report>
			<report>
				<misses>2165001</misses>
				<total>12</total>
				<timestamp>627.246090</timestamp>
			</report>
			<report>
				<misses>2166001</misses>
				<total>12</total>
				<timestamp>627.535848</timestamp>
			</report>
			<report>
				<misses>2167001</misses>
				<total>12</total>
				<timestamp>627.825545</timestamp>
			</report>
			<report>
				<misses>2168001</misses>
				<total>12</total>
				<timestamp>628.115236</timestamp>
			</report>
			<report>
				<misses>2169001</misses>
				<total>12</total>
				<timestamp>628.405095</timestamp>
			</report>
			<report>
				<misses>2170001</misses>
				<total>12</total>
				<timestamp>628.694657</timestamp>
			</report>
			<report>
				<misses>2171001</misses>
				<total>12</total>
				<timestamp>628.984414</timestamp>
			</report>
			<report>
				<misses>2172001</misses>
				<total>12</total>
				<timestamp>629.274132</timestamp>
			</report>
			<report>
				<misses>2173001</misses>
				<total>12</total>
				<timestamp>629.563799</timestamp>
			</report>
			<report>
				<misses>2174001</misses>
				<total>12</total>
				<timestamp>629.853484</timestamp>
			</report>
			<report>
				<misses>2175001</misses>
				<total>12</total>
				<timestamp>630.143236</timestamp>
			</report>
			<report>
				<misses>2176001</misses>
				<total>12</total>
				<timestamp>630.433062</timestamp>
			</report>
			<report>
				<misses>2177001</misses>
				<total>12</total>
				<timestamp>630.722677</timestamp>
			</report>
			<report>
				<misses>2178001</misses>
				<total>12</total>
				<timestamp>631.012323</timestamp>
			</report>
			<report>
				<misses>2179001</misses>
				<total>12</total>
				<timestamp>631.302048</timestamp>
			</report>
			<report>
				<misses>2180001</misses>
				<total>12</total>
				<timestamp>631.591761</timestamp>
			</report>
			<report>
				<misses>2181001</misses>
				<total>12</total>
				<timestamp>631.881459</timestamp>
			</report>
			<report>
				<misses>2182001</misses>
				<total>12</total>
				<timestamp>632.171161</timestamp>
			</report>
			<report>
				<misses>2183001</misses>
				<total>12</total>
				<timestamp>632.460972</timestamp>
			</report>
			<report>
				<misses>2184001</misses>
				<total>12</total>
				<timestamp>632.750719</timestamp>
			</report>
			<report>
				<misses>2185001</misses>
				<total>12</total>
				<timestamp>633.040301</timestamp>
			</report>
			<report>
				<misses>2186001</misses>
				<total>12</total>
				<timestamp>633.330021</timestamp>
			</report>
			<report>
				<misses>2187001</misses>
				<total>12</total>
				<timestamp>633.619863</timestamp>
			</report>
			<report>
				<misses>2188001</misses>
				<total>12</total>
				<timestamp>633.909502</timestamp>
			</report>
			<report>
				<misses>2189001</misses>
				<total>12</total>
				<timestamp>634.199267</timestamp>
			</report>
			<report>
				<misses>2190001</misses>
				<total>12</total>
				<timestamp>634.488951</timestamp>
			</report>
			<report>
				<misses>2191001</misses>
				<total>12</total>
				<timestamp>634.778698</timestamp>
			</report>
			<report>
				<misses>2192001</misses>
				<total>12</total>
				<timestamp>635.068323</timestamp>
			</report>
			<report>
				<misses>2193001</misses>
				<total>12</total>
				<timestamp>635.358072</timestamp>
			</report>
			<report>
				<misses>2194001</misses>
				<total>12</total>
				<timestamp>635.647684</timestamp>
			</report>
			<report>
				<misses>2195001</misses>
				<total>12</total>
				<timestamp>635.937421</timestamp>
			</report>
			<report>
				<misses>2196001</misses>
				<total>12</total>
				<timestamp>636.227139</timestamp>
			</report>
			<report>
				<misses>2197001</misses>
				<total>12</total>
				<timestamp>636.516866</timestamp>
			</report>
			<report>
				<misses>2198001</misses>
				<total>12</total>
				<timestamp>636.806538</timestamp>
			</report>
			<report>
				<misses>2199001</misses>
				<total>12</total>
				<timestamp>637.096251</timestamp>
			</report>
			<report>
				<misses>2200001</misses>
				<total>12</total>
				<timestamp>637.385952</timestamp>
			</report>
			<report>
				<misses>2201001</misses>
				<total>12</total>
				<timestamp>637.675676</timestamp>
			</report>
			<report>
				<misses>2202001</misses>
				<total>12</total>
				<timestamp>637.965376</timestamp>
			</report>
			<report>
				<misses>2203001</misses>
				<total>12</total>
				<timestamp>638.255077</timestamp>
			</report>
			<report>
				<misses>2204001</misses>
				<total>12</total>
				<timestamp>638.544797</timestamp>
			</report>
			<report>
				<misses>2205001</misses>
				<total>12</total>
				<timestamp>638.834516</timestamp>
			</report>
			<report>
				<misses>2206001</misses>
				<total>12</total>
				<timestamp>639.124210</timestamp>
			</report>
			<report>
				<misses>2207001</misses>
				<total>12</total>
				<timestamp>639.413923</timestamp>
			</report>
			<report>
				<misses>2208001</misses>
				<total>12</total>
				<timestamp>639.703621</timestamp>
			</report>
			<report>
				<misses>2209001</misses>
				<total>12</total>
				<timestamp>639.993349</timestamp>
			</report>
			<report>
				<misses>2210001</misses>
				<total>12</total>
				<timestamp>640.283050</timestamp>
			</report>
			<report>
				<misses>2211001</misses>
				<total>12</total>
				<timestamp>640.572811</timestamp>
			</report>
			<report>
				<misses>2212001</misses>
				<total>12</total>
				<timestamp>640.862473</timestamp>
			</report>
			<report>
				<misses>2213001</misses>
				<total>12</total>
				<timestamp>641.152175</timestamp>
			</report>
			<report>
				<misses>2214001</misses>
				<total>12</total>
				<timestamp>641.441943</timestamp>
			</report>
			<report>
				<misses>2215001</misses>
				<total>12</total>
				<timestamp>641.731677</timestamp>
			</report>
			<report>
				<misses>2216001</misses>
				<total>12</total>
				<timestamp>642.021299</timestamp>
			</report>
			<report>
				<misses>2217001</misses>
				<total>12</total>
				<timestamp>642.311020</timestamp>
			</report>
			<report>
				<misses>2218001</misses>
				<total>12</total>
				<timestamp>642.600740</timestamp>
			</report>
			<report>
				<misses>2219001</misses>
				<total>12</total>
				<timestamp>642.890437</timestamp>
			</report>
			<report>
				<misses>2220001</misses>
				<total>12</total>
				<timestamp>643.180144</timestamp>
			</report>
			<report>
				<misses>2221001</misses>
				<total>12</total>
				<timestamp>643.469889</timestamp>
			</report>
			<report>
				<misses>2222001</misses>
				<total>12</total>
				<timestamp>643.759579</timestamp>
			</report>
			<report>
				<misses>2223001</misses>
				<total>12</total>
				<timestamp>644.049414</timestamp>
			</report>
			<report>
				<misses>2224001</misses>
				<total>12</total>
				<timestamp>644.339047</timestamp>
			</report>
			<report>
				<misses>2225001</misses>
				<total>12</total>
				<timestamp>644.628798</timestamp>
			</report>
			<report>
				<misses>2226001</misses>
				<total>12</total>
				<timestamp>644.918476</timestamp>
			</report>
			<report>
				<misses>2227001</misses>
				<total>12</total>
				<timestamp>645.208162</timestamp>
			</report>
			<report>
				<misses>2228001</misses>
				<total>12</total>
				<timestamp>645.497941</timestamp>
			</report>
			<report>
				<misses>2229001</misses>
				<total>12</total>
				<timestamp>645.787636</timestamp>
			</report>
			<report>
				<misses>2230001</misses>
				<total>12</total>
				<timestamp>646.077289</timestamp>
			</report>
			<report>
				<misses>2231001</misses>
				<total>12</total>
				<timestamp>646.366987</timestamp>
			</report>
			<report>
				<misses>2232001</misses>
				<total>12</total>
				<timestamp>646.656677</timestamp>
			</report>
			<report>
				<misses>2233001</misses>
				<total>12</total>
				<timestamp>646.946449</timestamp>
			</report>
			<report>
				<misses>2234001</misses>
				<total>12</total>
				<timestamp>647.236099</timestamp>
			</report>
			<report>
				<misses>2235001</misses>
				<total>12</total>
				<timestamp>647.525835</timestamp>
			</report>
			<report>
				<misses>2236001</misses>
				<total>12</total>
				<timestamp>647.815534</timestamp>
			</report>
			<report>
				<misses>2237001</misses>
				<total>12</total>
				<timestamp>648.105258</timestamp>
			</report>
			<report>
				<misses>2238001</misses>
				<total>12</total>
				<timestamp>648.394953</timestamp>
			</report>
			<report>
				<misses>2239001</misses>
				<total>12</total>
				<timestamp>648.684654</timestamp>
			</report>
			<report>
				<misses>2240001</misses>
				<total>12</total>
				<timestamp>648.974395</timestamp>
			</report>
			<report>
				<misses>2241001</misses>
				<total>12</total>
				<timestamp>649.264071</timestamp>
			</report>
			<report>
				<misses>2242001</misses>
				<total>12</total>
				<timestamp>649.553787</timestamp>
			</report>
			<report>
				<misses>2243001</misses>
				<total>12</total>
				<timestamp>649.843535</timestamp>
			</report>
			<report>
				<misses>2244001</misses>
				<total>12</total>
				<timestamp>650.133195</timestamp>
			</report>
			<report>
				<misses>2245001</misses>
				<total>12</total>
				<timestamp>650.422927</timestamp>
			</report>
			<report>
				<misses>2246001</misses>
				<total>12</total>
				<timestamp>650.712625</timestamp>
			</report>
			<report>
				<misses>2247001</misses>
				<total>12</total>
				<timestamp>651.002332</timestamp>
			</report>
			<report>
				<misses>2248001</misses>
				<total>12</total>
				<timestamp>651.292068</timestamp>
			</report>
			<report>
				<misses>2249001</misses>
				<total>12</total>
				<timestamp>651.581789</timestamp>
			</report>
			<report>
				<misses>2250001</misses>
				<total>12</total>
				<timestamp>651.871461</timestamp>
			</report>
			<report>
				<misses>2251001</misses>
				<total>12</total>
				<timestamp>652.161185</timestamp>
			</report>
			<report>
				<misses>2252001</misses>
				<total>12</total>
				<timestamp>652.450897</timestamp>
			</report>
			<report>
				<misses>2253001</misses>
				<total>12</total>
				<timestamp>652.740635</timestamp>
			</report>
			<report>
				<misses>2254001</misses>
				<total>12</total>
				<timestamp>653.030338</timestamp>
			</report>
			<report>
				<misses>2255001</misses>
				<total>12</total>
				<timestamp>653.320003</timestamp>
			</report>
			<report>
				<misses>2256001</misses>
				<total>12</total>
				<timestamp>653.609726</timestamp>
			</report>
			<report>
				<misses>2257001</misses>
				<total>12</total>
				<timestamp>653.899424</timestamp>
			</report>
			<report>
				<misses>2258001</misses>
				<total>12</total>
				<timestamp>654.189139</timestamp>
			</report>
			<report>
				<misses>2259001</misses>
				<total>12</total>
				<timestamp>654.478884</timestamp>
			</report>
			<report>
				<misses>2260001</misses>
				<total>12</total>
				<timestamp>654.768566</timestamp>
			</report>
			<report>
				<misses>2261001</misses>
				<total>12</total>
				<timestamp>655.058284</timestamp>
			</report>
			<report>
				<misses>2262001</misses>
				<total>12</total>
				<timestamp>655.347982</timestamp>
			</report>
			<report>
				<misses>2263001</misses>
				<total>12</total>
				<timestamp>655.637706</timestamp>
			</report>
			<report>
				<misses>2264001</misses>
				<total>12</total>
				<timestamp>655.927396</timestamp>
			</report>
			<report>
				<misses>2265001</misses>
				<total>12</total>
				<timestamp>656.217100</timestamp>
			</report>
			<report>
				<misses>2266001</misses>
				<total>12</total>
				<timestamp>656.506850</timestamp>
			</report>
			<report>
				<misses>2267001</misses>
				<total>12</total>
				<timestamp>656.796512</timestamp>
			</report>
			<report>
				<misses>2268001</misses>
				<total>12</total>
				<timestamp>657.086234</timestamp>
			</report>
			<report>
				<misses>2269001</misses>
				<total>12</total>
				<timestamp>657.375963</timestamp>
			</report>
			<report>
				<misses>2270001</misses>
				<total>12</total>
				<timestamp>657.665702</timestamp>
			</report>
			<report>
				<misses>2271001</misses>
				<total>12</total>
				<timestamp>657.955355</timestamp>
			</report>
			<report>
				<misses>2272001</misses>
				<total>12</total>
				<timestamp>658.245079</timestamp>
			</report>
			<report>
				<misses>2273001</misses>
				<total>12</total>
				<timestamp>658.534810</timestamp>
			</report>
			<report>
				<misses>2274001</misses>
				<total>12</total>
				<timestamp>658.824489</timestamp>
			</report>
			<report>
				<misses>2275001</misses>
				<total>12</total>
				<timestamp>659.114205</timestamp>
			</report>
			<report>
				<misses>2276001</misses>
				<total>12</total>
				<timestamp>659.403971</timestamp>
			</report>
			<report>
				<misses>2277001</misses>
				<total>12</total>
				<timestamp>659.693690</timestamp>
			</report>
			<report>
				<misses>2278001</misses>
				<total>12</total>
				<timestamp>659.983337</timestamp>
			</report>
			<report>
				<misses>2279001</misses>
				<total>12</total>
				<timestamp>660.273062</timestamp>
			</report>
			<report>
				<misses>2280001</misses>
				<total>12</total>
				<timestamp>660.562778</timestamp>
			</report>
			<report>
				<misses>2281001</misses>
				<total>12</total>
				<timestamp>660.852473</timestamp>
			</report>
			<report>
				<misses>2282001</misses>
				<total>12</total>
				<timestamp>661.142210</timestamp>
			</report>
			<report>
				<misses>2283001</misses>
				<total>12</total>
				<timestamp>661.431893</timestamp>
			</report>
			<report>
				<misses>2284001</misses>
				<total>12</total>
				<timestamp>661.721666</timestamp>
			</report>
			<report>
				<misses>2285001</misses>
				<total>12</total>
				<timestamp>662.011303</timestamp>
			</report>
			<report>
				<misses>2286001</misses>
				<total>12</total>
				<timestamp>662.301056</timestamp>
			</report>
			<report>
				<misses>2287001</misses>
				<total>12</total>
				<timestamp>662.590768</timestamp>
			</report>
			<report>
				<misses>2288001</misses>
				<total>12</total>
				<timestamp>662.880446</timestamp>
			</report>
			<report>
				<misses>2289001</misses>
				<total>12</total>
				<timestamp>663.170145</timestamp>
			</report>
			<report>
				<misses>2290001</misses>
				<total>12</total>
				<timestamp>663.459858</timestamp>
			</report>
			<report>
				<misses>2291001</misses>
				<total>12</total>
				<timestamp>663.749610</timestamp>
			</report>
			<report>
				<misses>2292001</misses>
				<total>12</total>
				<timestamp>664.039292</timestamp>
			</report>
			<report>
				<misses>2293001</misses>
				<total>13</total>
				<timestamp>664.328988</timestamp>
			</report>
			<report>
				<misses>2294001</misses>
				<total>13</total>
				<timestamp>664.618746</timestamp>
			</report>
			<report>
				<misses>2295001</misses>
				<total>13</total>
				<timestamp>664.908402</timestamp>
			</report>
			<report>
				<misses>2296001</misses>
				<total>13</total>
				<timestamp>665.198110</timestamp>
			</report>
			<report>
				<misses>2297001</misses>
				<total>13</total>
				<timestamp>665.487882</timestamp>
			</report>
			<report>
				<misses>2298001</misses>
				<total>13</total>
				<timestamp>665.777545</timestamp>
			</report>
			<report>
				<misses>2299001</misses>
				<total>13</total>
				<timestamp>666.067247</timestamp>
			</report>
			<report>
				<misses>2300001</misses>
				<total>13</total>
				<timestamp>666.356954</timestamp>
			</report>
			<report>
				<misses>2301001</misses>
				<total>13</total>
				<timestamp>666.646710</timestamp>
			</report>
			<report>
				<misses>2302001</misses>
				<total>13</total>
				<timestamp>666.936399</timestamp>
			</report>
			<report>
				<misses>2303001</misses>
				<total>13</total>
				<timestamp>667.226170</timestamp>
			</report>
			<report>
				<misses>2304001</misses>
				<total>13</total>
				<timestamp>667.515935</timestamp>
			</report>
			<report>
				<misses>2305001</misses>
				<total>13</total>
				<timestamp>667.805511</timestamp>
			</report>
			<report>
				<misses>2306001</misses>
				<total>13</total>
				<timestamp>668.095357</timestamp>
			</report>
			<report>
				<misses>2307001</misses>
				<total>13</total>
				<timestamp>668.384985</timestamp>
			</report>
			<report>
				<misses>2308001</misses>
				<total>13</total>
				<timestamp>668.674763</timestamp>
			</report>
			<report>
				<misses>2309001</misses>
				<total>13</total>
				<timestamp>668.964433</timestamp>
			</report>
			<report>
				<misses>2310001</misses>
				<total>13</total>
				<timestamp>669.254102</timestamp>
			</report>
			<report>
				<misses>2311001</misses>
				<total>13</total>
				<timestamp>669.543800</timestamp>
			</report>
			<report>
				<misses>2312001</misses>
				<total>13</total>
				<timestamp>669.833495</timestamp>
			</report>
			<report>
				<misses>2313001</misses>
				<total>13</total>
				<timestamp>670.123194</timestamp>
			</report>
			<report>
				<misses>2314001</misses>
				<total>13</total>
				<timestamp>670.412931</timestamp>
			</report>
			<report>
				<misses>2315001</misses>
				<total>13</total>
				<timestamp>670.702674</timestamp>
			</report>
			<report>
				<misses>2316001</misses>
				<total>13</total>
				<timestamp>670.992352</timestamp>
			</report>
			<report>
				<misses>2317001</misses>
				<total>13</total>
				<timestamp>671.282026</timestamp>
			</report>
			<report>
				<misses>2318001</misses>
				<total>13</total>
				<timestamp>671.571769</timestamp>
			</report>
			<report>
				<misses>2319001</misses>
				<total>13</total>
				<timestamp>671.861552</timestamp>
			</report>
			<report>
				<misses>2320001</misses>
				<total>13</total>
				<timestamp>672.151280</timestamp>
			</report>
			<report>
				<misses>2321001</misses>
				<total>13</total>
				<timestamp>672.440873</timestamp>
			</report>
			<report>
				<misses>2322001</misses>
				<total>13</total>
				<timestamp>672.730608</timestamp>
			</report>
			<report>
				<misses>2323001</misses>
				<total>13</total>
				<timestamp>673.020299</timestamp>
			</report>
			<report>
				<misses>2324001</misses>
				<total>13</total>
				<timestamp>673.310083</timestamp>
			</report>
			<report>
				<misses>2325001</misses>
				<total>13</total>
				<timestamp>673.599827</timestamp>
			</report>
			<report>
				<misses>2326001</misses>
				<total>13</total>
				<timestamp>673.889454</timestamp>
			</report>
			<report>
				<misses>2327001</misses>
				<total>13</total>
				<timestamp>674.179193</timestamp>
			</report>
			<report>
				<misses>2328001</misses>
				<total>13</total>
				<timestamp>674.468955</timestamp>
			</report>
			<report>
				<misses>2329001</misses>
				<total>13</total>
				<timestamp>674.758693</timestamp>
			</report>
			<report>
				<misses>2330001</misses>
				<total>13</total>
				<timestamp>675.048276</timestamp>
			</report>
			<report>
				<misses>2331001</misses>
				<total>13</total>
				<timestamp>675.338101</timestamp>
			</report>
			<report>
				<misses>2332001</misses>
				<total>13</total>
				<timestamp>675.627824</timestamp>
			</report>
			<report>
				<misses>2333001</misses>
				<total>13</total>
				<timestamp>675.917447</timestamp>
			</report>
			<report>
				<misses>2334001</misses>
				<total>13</total>
				<timestamp>676.207110</timestamp>
			</report>
			<report>
				<misses>2335001</misses>
				<total>13</total>
				<timestamp>676.496944</timestamp>
			</report>
			<report>
				<misses>2336001</misses>
				<total>13</total>
				<timestamp>676.786614</timestamp>
			</report>
			<report>
				<misses>2337001</misses>
				<total>13</total>
				<timestamp>677.076245</timestamp>
			</report>
			<report>
				<misses>2338001</misses>
				<total>13</total>
				<timestamp>677.366042</timestamp>
			</report>
			<report>
				<misses>2339001</misses>
				<total>13</total>
				<timestamp>677.655691</timestamp>
			</report>
			<report>
				<misses>2340001</misses>
				<total>13</total>
				<timestamp>677.945450</timestamp>
			</report>
			<report>
				<misses>2341001</misses>
				<total>13</total>
				<timestamp>678.235079</timestamp>
			</report>
			<report>
				<misses>2342001</misses>
				<total>13</total>
				<timestamp>678.524906</timestamp>
			</report>
			<report>
				<misses>2343001</misses>
				<total>13</total>
				<timestamp>678.814614</timestamp>
			</report>
			<report>
				<misses>2344001</misses>
				<total>13</total>
				<timestamp>679.104282</timestamp>
			</report>
			<report>
				<misses>2345001</misses>
				<total>13</total>
				<timestamp>679.394015</timestamp>
			</report>
			<report>
				<misses>2346001</misses>
				<total>13</total>
				<timestamp>679.683726</timestamp>
			</report>
			<report>
				<misses>2347001</misses>
				<total>13</total>
				<timestamp>679.973348</timestamp>
			</report>
			<report>
				<misses>2348001</misses>
				<total>13</total>
				<timestamp>680.263132</timestamp>
			</report>
			<report>
				<misses>2349001</misses>
				<total>13</total>
				<timestamp>680.552835</timestamp>
			</report>
			<report>
				<misses>2350001</misses>
				<total>13</total>
				<timestamp>680.842584</timestamp>
			</report>
			<report>
				<misses>2351001</misses>
				<total>13</total>
				<timestamp>681.132306</timestamp>
			</report>
			<report>
				<misses>2352001</misses>
				<total>13</total>
				<timestamp>681.422033</timestamp>
			</report>
			<report>
				<misses>2353001</misses>
				<total>13</total>
				<timestamp>681.711669</timestamp>
			</report>
			<report>
				<misses>2354001</misses>
				<total>13</total>
				<timestamp>682.001438</timestamp>
			</report>
			<report>
				<misses>2355001</misses>
				<total>13</total>
				<timestamp>682.291130</timestamp>
			</report>
			<report>
				<misses>2356001</misses>
				<total>13</total>
				<timestamp>682.580754</timestamp>
			</report>
			<report>
				<misses>2357001</misses>
				<total>13</total>
				<timestamp>682.870603</timestamp>
			</report>
			<report>
				<misses>2358001</misses>
				<total>13</total>
				<timestamp>683.160243</timestamp>
			</report>
			<report>
				<misses>2359001</misses>
				<total>13</total>
				<timestamp>683.449962</timestamp>
			</report>
			<report>
				<misses>2360001</misses>
				<total>13</total>
				<timestamp>683.739598</timestamp>
			</report>
			<report>
				<misses>2361001</misses>
				<total>13</total>
				<timestamp>684.029265</timestamp>
			</report>
			<report>
				<misses>2362001</misses>
				<total>13</total>
				<timestamp>684.319055</timestamp>
			</report>
			<report>
				<misses>2363001</misses>
				<total>13</total>
				<timestamp>684.608738</timestamp>
			</report>
			<report>
				<misses>2364001</misses>
				<total>13</total>
				<timestamp>684.898495</timestamp>
			</report>
			<report>
				<misses>2365001</misses>
				<total>13</total>
				<timestamp>685.188174</timestamp>
			</report>
			<report>
				<misses>2366001</misses>
				<total>13</total>
				<timestamp>685.477842</timestamp>
			</report>
			<report>
				<misses>2367001</misses>
				<total>13</total>
				<timestamp>685.767702</timestamp>
			</report>
			<report>
				<misses>2368001</misses>
				<total>13</total>
				<timestamp>686.057287</timestamp>
			</report>
			<report>
				<misses>2369001</misses>
				<total>13</total>
				<timestamp>686.346945</timestamp>
			</report>
			<report>
				<misses>2370001</misses>
				<total>13</total>
				<timestamp>686.636657</timestamp>
			</report>
			<report>
				<misses>2371001</misses>
				<total>13</total>
				<timestamp>686.926377</timestamp>
			</report>
			<report>
				<misses>2372001</misses>
				<total>13</total>
				<timestamp>687.216180</timestamp>
			</report>
			<report>
				<misses>2373001</misses>
				<total>13</total>
				<timestamp>687.505821</timestamp>
			</report>
			<report>
				<misses>2374001</misses>
				<total>13</total>
				<timestamp>687.795526</timestamp>
			</report>
			<report>
				<misses>2375001</misses>
				<total>13</total>
				<timestamp>688.085332</timestamp>
			</report>
			<report>
				<misses>2376001</misses>
				<total>13</total>
				<timestamp>688.374911</timestamp>
			</report>
			<report>
				<misses>2377001</misses>
				<total>13</total>
				<timestamp>688.664699</timestamp>
			</report>
			<report>
				<misses>2378001</misses>
				<total>13</total>
				<timestamp>688.954342</timestamp>
			</report>
			<report>
				<misses>2379001</misses>
				<total>13</total>
				<timestamp>689.244069</timestamp>
			</report>
			<report>
				<misses>2380001</misses>
				<total>13</total>
				<timestamp>689.533756</timestamp>
			</report>
			<report>
				<misses>2381001</misses>
				<total>13</total>
				<timestamp>689.823491</timestamp>
			</report>
			<report>
				<misses>2382001</misses>
				<total>13</total>
				<timestamp>690.113184</timestamp>
			</report>
			<report>
				<misses>2383001</misses>
				<total>13</total>
				<timestamp>690.402885</timestamp>
			</report>
			<report>
				<misses>2384001</misses>
				<total>13</total>
				<timestamp>690.692725</timestamp>
			</report>
			<report>
				<misses>2385001</misses>
				<total>13</total>
				<timestamp>690.982312</timestamp>
			</report>
			<report>
				<misses>2386001</misses>
				<total>13</total>
				<timestamp>691.272005</timestamp>
			</report>
			<report>
				<misses>2387001</misses>
				<total>13</total>
				<timestamp>691.561744</timestamp>
			</report>
			<report>
				<misses>2388001</misses>
				<total>13</total>
				<timestamp>691.851496</timestamp>
			</report>
			<report>
				<misses>2389001</misses>
				<total>13</total>
				<timestamp>692.141161</timestamp>
			</report>
			<report>
				<misses>2390001</misses>
				<total>13</total>
				<timestamp>692.430911</timestamp>
			</report>
			<report>
				<misses>2391001</misses>
				<total>13</total>
				<timestamp>692.720595</timestamp>
			</report>
			<report>
				<misses>2392001</misses>
				<total>13</total>
				<timestamp>693.010267</timestamp>
			</report>
			<report>
				<misses>2393001</misses>
				<total>13</total>
				<timestamp>693.299980</timestamp>
			</report>
			<report>
				<misses>2394001</misses>
				<total>13</total>
				<timestamp>693.589782</timestamp>
			</report>
			<report>
				<misses>2395001</misses>
				<total>13</total>
				<timestamp>693.879506</timestamp>
			</report>
			<report>
				<misses>2396001</misses>
				<total>13</total>
				<timestamp>694.169142</timestamp>
			</report>
			<report>
				<misses>2397001</misses>
				<total>13</total>
				<timestamp>694.458941</timestamp>
			</report>
			<report>
				<misses>2398001</misses>
				<total>13</total>
				<timestamp>694.748572</timestamp>
			</report>
			<report>
				<misses>2399001</misses>
				<total>13</total>
				<timestamp>695.038253</timestamp>
			</report>
			<report>
				<misses>2400001</misses>
				<total>13</total>
				<timestamp>695.327952</timestamp>
			</report>
			<report>
				<misses>2401001</misses>
				<total>13</total>
				<timestamp>695.617704</timestamp>
			</report>
			<report>
				<misses>2402001</misses>
				<total>13</total>
				<timestamp>695.907517</timestamp>
			</report>
			<report>
				<misses>2403001</misses>
				<total>13</total>
				<timestamp>696.197171</timestamp>
			</report>
			<report>
				<misses>2404001</misses>
				<total>13</total>
				<timestamp>696.486819</timestamp>
			</report>
			<report>
				<misses>2405001</misses>
				<total>13</total>
				<timestamp>696.776501</timestamp>
			</report>
			<report>
				<misses>2406001</misses>
				<total>13</total>
				<timestamp>697.066273</timestamp>
			</report>
			<report>
				<misses>2407001</misses>
				<total>13</total>
				<timestamp>697.355973</timestamp>
			</report>
			<report>
				<misses>2408001</misses>
				<total>13</total>
				<timestamp>697.645638</timestamp>
			</report>
			<report>
				<misses>2409001</misses>
				<total>13</total>
				<timestamp>697.935350</timestamp>
			</report>
			<report>
				<misses>2410001</misses>
				<total>13</total>
				<timestamp>698.225060</timestamp>
			</report>
			<report>
				<misses>2411001</misses>
				<total>13</total>
				<timestamp>698.514786</timestamp>
			</report>
			<report>
				<misses>2412001</misses>
				<total>13</total>
				<timestamp>698.804482</timestamp>
			</report>
			<report>
				<misses>2413001</misses>
				<total>13</total>
				<timestamp>699.094198</timestamp>
			</report>
			<report>
				<misses>2414001</misses>
				<total>13</total>
				<timestamp>699.383926</timestamp>
			</report>
			<report>
				<misses>2415001</misses>
				<total>13</total>
				<timestamp>699.673731</timestamp>
			</report>
			<report>
				<misses>2416001</misses>
				<total>13</total>
				<timestamp>699.963330</timestamp>
			</report>
			<report>
				<misses>2417001</misses>
				<total>13</total>
				<timestamp>700.253043</timestamp>
			</report>
			<report>
				<misses>2418001</misses>
				<total>13</total>
				<timestamp>700.542728</timestamp>
			</report>
			<report>
				<misses>2419001</misses>
				<total>13</total>
				<timestamp>700.832480</timestamp>
			</report>
			<report>
				<misses>2420001</misses>
				<total>13</total>
				<timestamp>701.122143</timestamp>
			</report>
			<report>
				<misses>2421001</misses>
				<total>13</total>
				<timestamp>701.411872</timestamp>
			</report>
			<report>
				<misses>2422001</misses>
				<total>13</total>
				<timestamp>701.701627</timestamp>
			</report>
			<report>
				<misses>2423001</misses>
				<total>13</total>
				<timestamp>701.991333</timestamp>
			</report>
			<report>
				<misses>2424001</misses>
				<total>13</total>
				<timestamp>702.281121</timestamp>
			</report>
			<report>
				<misses>2425001</misses>
				<total>13</total>
				<timestamp>702.570748</timestamp>
			</report>
			<report>
				<misses>2426001</misses>
				<total>13</total>
				<timestamp>702.860517</timestamp>
			</report>
			<report>
				<misses>2427001</misses>
				<total>13</total>
				<timestamp>703.150183</timestamp>
			</report>
			<report>
				<misses>2428001</misses>
				<total>13</total>
				<timestamp>703.439840</timestamp>
			</report>
			<report>
				<misses>2429001</misses>
				<total>13</total>
				<timestamp>703.729603</timestamp>
			</report>
			<report>
				<misses>2430001</misses>
				<total>13</total>
				<timestamp>704.019265</timestamp>
			</report>
			<report>
				<misses>2431001</misses>
				<total>13</total>
				<timestamp>704.308985</timestamp>
			</report>
			<report>
				<misses>2432001</misses>
				<total>13</total>
				<timestamp>704.598678</timestamp>
			</report>
			<report>
				<misses>2433001</misses>
				<total>13</total>
				<timestamp>704.888392</timestamp>
			</report>
			<report>
				<misses>2434001</misses>
				<total>13</total>
				<timestamp>705.178238</timestamp>
			</report>
			<report>
				<misses>2435001</misses>
				<total>13</total>
				<timestamp>705.467803</timestamp>
			</report>
			<report>
				<misses>2436001</misses>
				<total>13</total>
				<timestamp>705.757550</timestamp>
			</report>
			<report>
				<misses>2437001</misses>
				<total>13</total>
				<timestamp>706.047335</timestamp>
			</report>
			<report>
				<misses>2438001</misses>
				<total>13</total>
				<timestamp>706.336946</timestamp>
			</report>
			<report>
				<misses>2439001</misses>
				<total>13</total>
				<timestamp>706.626654</timestamp>
			</report>
			<report>
				<misses>2440001</misses>
				<total>13</total>
				<timestamp>706.916387</timestamp>
			</report>
			<report>
				<misses>2441001</misses>
				<total>13</total>
				<timestamp>707.206148</timestamp>
			</report>
			<report>
				<misses>2442001</misses>
				<total>13</total>
				<timestamp>707.495898</timestamp>
			</report>
			<report>
				<misses>2443001</misses>
				<total>13</total>
				<timestamp>707.785491</timestamp>
			</report>
			<report>
				<misses>2444001</misses>
				<total>13</total>
				<timestamp>708.075248</timestamp>
			</report>
			<report>
				<misses>2445001</misses>
				<total>13</total>
				<timestamp>708.364935</timestamp>
			</report>
			<report>
				<misses>2446001</misses>
				<total>13</total>
				<timestamp>708.654642</timestamp>
			</report>
			<report>
				<misses>2447001</misses>
				<total>13</total>
				<timestamp>708.944348</timestamp>
			</report>
			<report>
				<misses>2448001</misses>
				<total>13</total>
				<timestamp>709.234068</timestamp>
			</report>
			<report>
				<misses>2449001</misses>
				<total>13</total>
				<timestamp>709.523776</timestamp>
			</report>
			<report>
				<misses>2450001</misses>
				<total>13</total>
				<timestamp>709.813477</timestamp>
			</report>
			<report>
				<misses>2451001</misses>
				<total>13</total>
				<timestamp>710.103169</timestamp>
			</report>
			<report>
				<misses>2452001</misses>
				<total>13</total>
				<timestamp>710.392915</timestamp>
			</report>
			<report>
				<misses>2453001</misses>
				<total>13</total>
				<timestamp>710.682605</timestamp>
			</report>
			<report>
				<misses>2454001</misses>
				<total>13</total>
				<timestamp>710.972345</timestamp>
			</report>
			<report>
				<misses>2455001</misses>
				<total>13</total>
				<timestamp>711.262003</timestamp>
			</report>
			<report>
				<misses>2456001</misses>
				<total>13</total>
				<timestamp>711.551773</timestamp>
			</report>
			<report>
				<misses>2457001</misses>
				<total>13</total>
				<timestamp>711.841431</timestamp>
			</report>
			<report>
				<misses>2458001</misses>
				<total>13</total>
				<timestamp>712.131156</timestamp>
			</report>
			<report>
				<misses>2459001</misses>
				<total>13</total>
				<timestamp>712.420843</timestamp>
			</report>
			<report>
				<misses>2460001</misses>
				<total>13</total>
				<timestamp>712.710582</timestamp>
			</report>
			<report>
				<misses>2461001</misses>
				<total>13</total>
				<timestamp>713.000275</timestamp>
			</report>
			<report>
				<misses>2462001</misses>
				<total>13</total>
				<timestamp>713.289973</timestamp>
			</report>
			<report>
				<misses>2463001</misses>
				<total>13</total>
				<timestamp>713.579840</timestamp>
			</report>
			<report>
				<misses>2464001</misses>
				<total>13</total>
				<timestamp>713.869533</timestamp>
			</report>
			<report>
				<misses>2465001</misses>
				<total>13</total>
				<timestamp>714.159125</timestamp>
			</report>
			<report>
				<misses>2466001</misses>
				<total>13</total>
				<timestamp>714.448916</timestamp>
			</report>
			<report>
				<misses>2467001</misses>
				<total>13</total>
				<timestamp>714.738533</timestamp>
			</report>
			<report>
				<misses>2468001</misses>
				<total>13</total>
				<timestamp>715.028255</timestamp>
			</report>
			<report>
				<misses>2469001</misses>
				<total>13</total>
				<timestamp>715.318038</timestamp>
			</report>
			<report>
				<misses>2470001</misses>
				<total>13</total>
				<timestamp>715.607665</timestamp>
			</report>
			<report>
				<misses>2471001</misses>
				<total>13</total>
				<timestamp>715.897401</timestamp>
			</report>
			<report>
				<misses>2472001</misses>
				<total>13</total>
				<timestamp>716.187084</timestamp>
			</report>
			<report>
				<misses>2473001</misses>
				<total>13</total>
				<timestamp>716.476775</timestamp>
			</report>
			<report>
				<misses>2474001</misses>
				<total>13</total>
				<timestamp>716.766480</timestamp>
			</report>
			<report>
				<misses>2475001</misses>
				<total>13</total>
				<timestamp>717.056200</timestamp>
			</report>
			<report>
				<misses>2476001</misses>
				<total>13</total>
				<timestamp>717.345913</timestamp>
			</report>
			<report>
				<misses>2477001</misses>
				<total>13</total>
				<timestamp>717.635632</timestamp>
			</report>
			<report>
				<misses>2478001</misses>
				<total>13</total>
				<timestamp>717.925346</timestamp>
			</report>
			<report>
				<misses>2479001</misses>
				<total>13</total>
				<timestamp>718.215053</timestamp>
			</report>
			<report>
				<misses>2480001</misses>
				<total>13</total>
				<timestamp>718.504795</timestamp>
			</report>
			<report>
				<misses>2481001</misses>
				<total>13</total>
				<timestamp>718.794467</timestamp>
			</report>
			<report>
				<misses>2482001</misses>
				<total>13</total>
				<timestamp>719.084177</timestamp>
			</report>
			<report>
				<misses>2483001</misses>
				<total>13</total>
				<timestamp>719.373883</timestamp>
			</report>
			<report>
				<misses>2484001</misses>
				<total>13</total>
				<timestamp>719.663580</timestamp>
			</report>
			<report>
				<misses>2485001</misses>
				<total>13</total>
				<timestamp>719.953308</timestamp>
			</report>
			<report>
				<misses>2486001</misses>
				<total>13</total>
				<timestamp>720.243016</timestamp>
			</report>
			<report>
				<misses>2487001</misses>
				<total>13</total>
				<timestamp>720.532767</timestamp>
			</report>
			<report>
				<misses>2488001</misses>
				<total>13</total>
				<timestamp>720.822440</timestamp>
			</report>
			<report>
				<misses>2489001</misses>
				<total>13</total>
				<timestamp>721.112161</timestamp>
			</report>
			<report>
				<misses>2490001</misses>
				<total>13</total>
				<timestamp>721.401896</timestamp>
			</report>
			<report>
				<misses>2491001</misses>
				<total>13</total>
				<timestamp>721.691659</timestamp>
			</report>
			<report>
				<misses>2492001</misses>
				<total>13</total>
				<timestamp>721.981419</timestamp>
			</report>
			<report>
				<misses>2493001</misses>
				<total>13</total>
				<timestamp>722.271071</timestamp>
			</report>
			<report>
				<misses>2494001</misses>
				<total>13</total>
				<timestamp>722.560816</timestamp>
			</report>
			<report>
				<misses>2495001</misses>
				<total>13</total>
				<timestamp>722.850553</timestamp>
			</report>
			<report>
				<misses>2496001</misses>
				<total>13</total>
				<timestamp>723.140222</timestamp>
			</report>
			<report>
				<misses>2497001</misses>
				<total>13</total>
				<timestamp>723.429862</timestamp>
			</report>
			<report>
				<misses>2498001</misses>
				<total>13</total>
				<timestamp>723.719641</timestamp>
			</report>
			<report>
				<misses>2499001</misses>
				<total>13</total>
				<timestamp>724.009375</timestamp>
			</report>
			<report>
				<misses>2500001</misses>
				<total>13</total>
				<timestamp>724.299028</timestamp>
			</report>
			<report>
				<misses>2501001</misses>
				<total>13</total>
				<timestamp>724.588826</timestamp>
			</report>
			<report>
				<misses>2502001</misses>
				<total>13</total>
				<timestamp>724.878441</timestamp>
			</report>
			<report>
				<misses>2503001</misses>
				<total>13</total>
				<timestamp>725.168140</timestamp>
			</report>
			<report>
				<misses>2504001</misses>
				<total>13</total>
				<timestamp>725.457901</timestamp>
			</report>
			<report>
				<misses>2505001</misses>
				<total>13</total>
				<timestamp>725.747582</timestamp>
			</report>
			<report>
				<misses>2506001</misses>
				<total>13</total>
				<timestamp>726.037326</timestamp>
			</report>
			<report>
				<misses>2507001</misses>
				<total>13</total>
				<timestamp>726.326916</timestamp>
			</report>
			<report>
				<misses>2508001</misses>
				<total>13</total>
				<timestamp>726.616662</timestamp>
			</report>
			<report>
				<misses>2509001</misses>
				<total>13</total>
				<timestamp>726.906366</timestamp>
			</report>
			<report>
				<misses>2510001</misses>
				<total>13</total>
				<timestamp>727.196073</timestamp>
			</report>
			<report>
				<misses>2511001</misses>
				<total>13</total>
				<timestamp>727.485776</timestamp>
			</report>
			<report>
				<misses>2512001</misses>
				<total>13</total>
				<timestamp>727.775469</timestamp>
			</report>
			<report>
				<misses>2513001</misses>
				<total>13</total>
				<timestamp>728.065245</timestamp>
			</report>
			<report>
				<misses>2514001</misses>
				<total>13</total>
				<timestamp>728.354956</timestamp>
			</report>
			<report>
				<misses>2515001</misses>
				<total>13</total>
				<timestamp>728.644606</timestamp>
			</report>
			<report>
				<misses>2516001</misses>
				<total>13</total>
				<timestamp>728.934311</timestamp>
			</report>
			<report>
				<misses>2517001</misses>
				<total>13</total>
				<timestamp>729.224061</timestamp>
			</report>
			<report>
				<misses>2518001</misses>
				<total>13</total>
				<timestamp>729.513817</timestamp>
			</report>
			<report>
				<misses>2519001</misses>
				<total>13</total>
				<timestamp>729.803452</timestamp>
			</report>
			<report>
				<misses>2520001</misses>
				<total>13</total>
				<timestamp>730.093175</timestamp>
			</report>
			<report>
				<misses>2521001</misses>
				<total>13</total>
				<timestamp>730.382851</timestamp>
			</report>
			<report>
				<misses>2522001</misses>
				<total>13</total>
				<timestamp>730.672637</timestamp>
			</report>
			<report>
				<misses>2523001</misses>
				<total>13</total>
				<timestamp>730.962322</timestamp>
			</report>
			<report>
				<misses>2524001</misses>
				<total>13</total>
				<timestamp>731.251998</timestamp>
			</report>
			<report>
				<misses>2525001</misses>
				<total>13</total>
				<timestamp>731.541702</timestamp>
			</report>
			<report>
				<misses>2526001</misses>
				<total>13</total>
				<timestamp>731.831433</timestamp>
			</report>
			<report>
				<misses>2527001</misses>
				<total>13</total>
				<timestamp>732.121325</timestamp>
			</report>
			<report>
				<misses>2528001</misses>
				<total>13</total>
				<timestamp>732.410849</timestamp>
			</report>
			<report>
				<misses>2529001</misses>
				<total>13</total>
				<timestamp>732.700543</timestamp>
			</report>
			<report>
				<misses>2530001</misses>
				<total>13</total>
				<timestamp>732.990287</timestamp>
			</report>
			<report>
				<misses>2531001</misses>
				<total>13</total>
				<timestamp>733.279982</timestamp>
			</report>
			<report>
				<misses>2532001</misses>
				<total>13</total>
				<timestamp>733.569704</timestamp>
			</report>
			<report>
				<misses>2533001</misses>
				<total>13</total>
				<timestamp>733.859386</timestamp>
			</report>
			<report>
				<misses>2534001</misses>
				<total>13</total>
				<timestamp>734.149130</timestamp>
			</report>
			<report>
				<misses>2535001</misses>
				<total>13</total>
				<timestamp>734.438808</timestamp>
			</report>
			<report>
				<misses>2536001</misses>
				<total>13</total>
				<timestamp>734.728548</timestamp>
			</report>
			<report>
				<misses>2537001</misses>
				<total>13</total>
				<timestamp>735.018246</timestamp>
			</report>
			<report>
				<misses>2538001</misses>
				<total>13</total>
				<timestamp>735.307934</timestamp>
			</report>
			<report>
				<misses>2539001</misses>
				<total>13</total>
				<timestamp>735.597662</timestamp>
			</report>
			<report>
				<misses>2540001</misses>
				<total>13</total>
				<timestamp>735.887362</timestamp>
			</report>
			<report>
				<misses>2541001</misses>
				<total>13</total>
				<timestamp>736.177107</timestamp>
			</report>
			<report>
				<misses>2542001</misses>
				<total>13</total>
				<timestamp>736.466772</timestamp>
			</report>
			<report>
				<misses>2543001</misses>
				<total>13</total>
				<timestamp>736.756500</timestamp>
			</report>
			<report>
				<misses>2544001</misses>
				<total>13</total>
				<timestamp>737.046249</timestamp>
			</report>
			<report>
				<misses>2545001</misses>
				<total>13</total>
				<timestamp>737.335915</timestamp>
			</report>
			<report>
				<misses>2546001</misses>
				<total>13</total>
				<timestamp>737.625703</timestamp>
			</report>
			<report>
				<misses>2547001</misses>
				<total>13</total>
				<timestamp>737.915410</timestamp>
			</report>
			<report>
				<misses>2548001</misses>
				<total>13</total>
				<timestamp>738.205156</timestamp>
			</report>
			<report>
				<misses>2549001</misses>
				<total>13</total>
				<timestamp>738.494834</timestamp>
			</report>
			<report>
				<misses>2550001</misses>
				<total>13</total>
				<timestamp>738.784542</timestamp>
			</report>
			<report>
				<misses>2551001</misses>
				<total>13</total>
				<timestamp>739.074169</timestamp>
			</report>
			<report>
				<misses>2552001</misses>
				<total>13</total>
				<timestamp>739.363944</timestamp>
			</report>
			<report>
				<misses>2553001</misses>
				<total>13</total>
				<timestamp>739.653674</timestamp>
			</report>
			<report>
				<misses>2554001</misses>
				<total>13</total>
				<timestamp>739.943303</timestamp>
			</report>
			<report>
				<misses>2555001</misses>
				<total>13</total>
				<timestamp>740.233004</timestamp>
			</report>
			<report>
				<misses>2556001</misses>
				<total>13</total>
				<timestamp>740.522718</timestamp>
			</report>
			<report>
				<misses>2557001</misses>
				<total>13</total>
				<timestamp>740.812449</timestamp>
			</report>
			<report>
				<misses>2558001</misses>
				<total>13</total>
				<timestamp>741.102156</timestamp>
			</report>
			<report>
				<misses>2559001</misses>
				<total>13</total>
				<timestamp>741.391852</timestamp>
			</report>
			<report>
				<misses>2560001</misses>
				<total>13</total>
				<timestamp>741.681582</timestamp>
			</report>
			<report>
				<misses>2561001</misses>
				<total>13</total>
				<timestamp>741.971301</timestamp>
			</report>
			<report>
				<misses>2562001</misses>
				<total>13</total>
				<timestamp>742.260964</timestamp>
			</report>
			<report>
				<misses>2563001</misses>
				<total>13</total>
				<timestamp>742.550696</timestamp>
			</report>
			<report>
				<misses>2564001</misses>
				<total>13</total>
				<timestamp>742.840393</timestamp>
			</report>
			<report>
				<misses>2565001</misses>
				<total>13</total>
				<timestamp>743.130147</timestamp>
			</report>
			<report>
				<misses>2566001</misses>
				<total>13</total>
				<timestamp>743.419841</timestamp>
			</report>
			<report>
				<misses>2567001</misses>
				<total>13</total>
				<timestamp>743.709524</timestamp>
			</report>
			<report>
				<misses>2568001</misses>
				<total>13</total>
				<timestamp>743.999296</timestamp>
			</report>
			<report>
				<misses>2569001</misses>
				<total>13</total>
				<timestamp>744.288939</timestamp>
			</report>
			<report>
				<misses>2570001</misses>
				<total>13</total>
				<timestamp>744.578764</timestamp>
			</report>
			<report>
				<misses>2571001</misses>
				<total>13</total>
				<timestamp>744.868413</timestamp>
			</report>
			<report>
				<misses>2572001</misses>
				<total>13</total>
				<timestamp>745.158193</timestamp>
			</report>
			<report>
				<misses>2573001</misses>
				<total>13</total>
				<timestamp>745.447910</timestamp>
			</report>
			<report>
				<misses>2574001</misses>
				<total>13</total>
				<timestamp>745.737537</timestamp>
			</report>
			<report>
				<misses>2575001</misses>
				<total>13</total>
				<timestamp>746.027246</timestamp>
			</report>
			<report>
				<misses>2576001</misses>
				<total>13</total>
				<timestamp>746.316924</timestamp>
			</report>
			<report>
				<misses>2577001</misses>
				<total>13</total>
				<timestamp>746.606772</timestamp>
			</report>
			<report>
				<misses>2578001</misses>
				<total>13</total>
				<timestamp>746.896331</timestamp>
			</report>
			<report>
				<misses>2579001</misses>
				<total>13</total>
				<timestamp>747.186074</timestamp>
			</report>
			<report>
				<misses>2580001</misses>
				<total>13</total>
				<timestamp>747.475755</timestamp>
			</report>
			<report>
				<misses>2581001</misses>
				<total>13</total>
				<timestamp>747.765470</timestamp>
			</report>
			<report>
				<misses>2582001</misses>
				<total>13</total>
				<timestamp>748.055171</timestamp>
			</report>
			<report>
				<misses>2583001</misses>
				<total>13</total>
				<timestamp>748.344895</timestamp>
			</report>
			<report>
				<misses>2584001</misses>
				<total>13</total>
				<timestamp>748.634602</timestamp>
			</report>
			<report>
				<misses>2585001</misses>
				<total>13</total>
				<timestamp>748.924362</timestamp>
			</report>
			<report>
				<misses>2586001</misses>
				<total>13</total>
				<timestamp>749.214069</timestamp>
			</report>
			<report>
				<misses>2587001</misses>
				<total>13</total>
				<timestamp>749.503823</timestamp>
			</report>
			<report>
				<misses>2588001</misses>
				<total>13</total>
				<timestamp>749.793530</timestamp>
			</report>
			<report>
				<misses>2589001</misses>
				<total>13</total>
				<timestamp>750.083145</timestamp>
			</report>
			<report>
				<misses>2590001</misses>
				<total>13</total>
				<timestamp>750.372863</timestamp>
			</report>
			<report>
				<misses>2591001</misses>
				<total>13</total>
				<timestamp>750.662598</timestamp>
			</report>
			<report>
				<misses>2592001</misses>
				<total>13</total>
				<timestamp>750.952271</timestamp>
			</report>
			<report>
				<misses>2593001</misses>
				<total>13</total>
				<timestamp>751.242068</timestamp>
			</report>
			<report>
				<misses>2594001</misses>
				<total>13</total>
				<timestamp>751.531705</timestamp>
			</report>
			<report>
				<misses>2595001</misses>
				<total>13</total>
				<timestamp>751.821413</timestamp>
			</report>
			<report>
				<misses>2596001</misses>
				<total>13</total>
				<timestamp>752.111127</timestamp>
			</report>
			<report>
				<misses>2597001</misses>
				<total>13</total>
				<timestamp>752.400826</timestamp>
			</report>
			<report>
				<misses>2598001</misses>
				<total>13</total>
				<timestamp>752.690526</timestamp>
			</report>
			<report>
				<misses>2599001</misses>
				<total>13</total>
				<timestamp>752.980239</timestamp>
			</report>
			<report>
				<misses>2600001</misses>
				<total>13</total>
				<timestamp>753.270005</timestamp>
			</report>
			<report>
				<misses>2601001</misses>
				<total>13</total>
				<timestamp>753.559678</timestamp>
			</report>
			<report>
				<misses>2602001</misses>
				<total>13</total>
				<timestamp>753.849410</timestamp>
			</report>
			<report>
				<misses>2603001</misses>
				<total>13</total>
				<timestamp>754.139078</timestamp>
			</report>
			<report>
				<misses>2604001</misses>
				<total>13</total>
				<timestamp>754.428793</timestamp>
			</report>
			<report>
				<misses>2605001</misses>
				<total>13</total>
				<timestamp>754.718513</timestamp>
			</report>
			<report>
				<misses>2606001</misses>
				<total>13</total>
				<timestamp>755.008211</timestamp>
			</report>
			<report>
				<misses>2607001</misses>
				<total>13</total>
				<timestamp>755.297917</timestamp>
			</report>
			<report>
				<misses>2608001</misses>
				<total>13</total>
				<timestamp>755.587640</timestamp>
			</report>
			<report>
				<misses>2609001</misses>
				<total>13</total>
				<timestamp>755.877363</timestamp>
			</report>
			<report>
				<misses>2610001</misses>
				<total>13</total>
				<timestamp>756.167045</timestamp>
			</report>
			<report>
				<misses>2611001</misses>
				<total>13</total>
				<timestamp>756.456772</timestamp>
			</report>
			<report>
				<misses>2612001</misses>
				<total>13</total>
				<timestamp>756.746487</timestamp>
			</report>
			<report>
				<misses>2613001</misses>
				<total>13</total>
				<timestamp>757.036186</timestamp>
			</report>
			<report>
				<misses>2614001</misses>
				<total>13</total>
				<timestamp>757.325902</timestamp>
			</report>
			<report>
				<misses>2615001</misses>
				<total>13</total>
				<timestamp>757.615660</timestamp>
			</report>
			<report>
				<misses>2616001</misses>
				<total>13</total>
				<timestamp>757.905361</timestamp>
			</report>
			<report>
				<misses>2617001</misses>
				<total>13</total>
				<timestamp>758.195073</timestamp>
			</report>
			<report>
				<misses>2618001</misses>
				<total>13</total>
				<timestamp>758.484754</timestamp>
			</report>
			<report>
				<misses>2619001</misses>
				<total>13</total>
				<timestamp>758.774433</timestamp>
			</report>
			<report>
				<misses>2620001</misses>
				<total>13</total>
				<timestamp>759.064181</timestamp>
			</report>
			<report>
				<misses>2621001</misses>
				<total>13</total>
				<timestamp>759.353865</timestamp>
			</report>
			<report>
				<misses>2622001</misses>
				<total>13</total>
				<timestamp>759.643577</timestamp>
			</report>
			<report>
				<misses>2623001</misses>
				<total>13</total>
				<timestamp>759.933285</timestamp>
			</report>
			<report>
				<misses>2624001</misses>
				<total>13</total>
				<timestamp>760.223025</timestamp>
			</report>
			<report>
				<misses>2625001</misses>
				<total>13</total>
				<timestamp>760.512716</timestamp>
			</report>
			<report>
				<misses>2626001</misses>
				<total>13</total>
				<timestamp>760.802432</timestamp>
			</report>
			<report>
				<misses>2627001</misses>
				<total>13</total>
				<timestamp>761.092207</timestamp>
			</report>
			<report>
				<misses>2628001</misses>
				<total>13</total>
				<timestamp>761.381822</timestamp>
			</report>
			<report>
				<misses>2629001</misses>
				<total>13</total>
				<timestamp>761.671545</timestamp>
			</report>
			<report>
				<misses>2630001</misses>
				<total>13</total>
				<timestamp>761.961248</timestamp>
			</report>
			<report>
				<misses>2631001</misses>
				<total>13</total>
				<timestamp>762.251022</timestamp>
			</report>
			<report>
				<misses>2632001</misses>
				<total>13</total>
				<timestamp>762.540680</timestamp>
			</report>
			<report>
				<misses>2633001</misses>
				<total>13</total>
				<timestamp>762.830407</timestamp>
			</report>
			<report>
				<misses>2634001</misses>
				<total>13</total>
				<timestamp>763.120144</timestamp>
			</report>
			<report>
				<misses>2635001</misses>
				<total>13</total>
				<timestamp>763.409830</timestamp>
			</report>
			<report>
				<misses>2636001</misses>
				<total>13</total>
				<timestamp>763.699511</timestamp>
			</report>
			<report>
				<misses>2637001</misses>
				<total>13</total>
				<timestamp>763.989215</timestamp>
			</report>
			<report>
				<misses>2638001</misses>
				<total>13</total>
				<timestamp>764.278946</timestamp>
			</report>
			<report>
				<misses>2639001</misses>
				<total>13</total>
				<timestamp>764.568696</timestamp>
			</report>
			<report>
				<misses>2640001</misses>
				<total>13</total>
				<timestamp>764.858367</timestamp>
			</report>
			<report>
				<misses>2641001</misses>
				<total>13</total>
				<timestamp>765.148195</timestamp>
			</report>
			<report>
				<misses>2642001</misses>
				<total>13</total>
				<timestamp>765.437855</timestamp>
			</report>
			<report>
				<misses>2643001</misses>
				<total>13</total>
				<timestamp>765.727559</timestamp>
			</report>
			<report>
				<misses>2644001</misses>
				<total>13</total>
				<timestamp>766.017238</timestamp>
			</report>
			<report>
				<misses>2645001</misses>
				<total>13</total>
				<timestamp>766.307012</timestamp>
			</report>
			<report>
				<misses>2646001</misses>
				<total>13</total>
				<timestamp>766.596711</timestamp>
			</report>
			<report>
				<misses>2647001</misses>
				<total>13</total>
				<timestamp>766.886391</timestamp>
			</report>
			<report>
				<misses>2648001</misses>
				<total>13</total>
				<timestamp>767.176071</timestamp>
			</report>
			<report>
				<misses>2649001</misses>
				<total>13</total>
				<timestamp>767.465772</timestamp>
			</report>
			<report>
				<misses>2650001</misses>
				<total>13</total>
				<timestamp>767.755496</timestamp>
			</report>
			<report>
				<misses>2651001</misses>
				<total>13</total>
				<timestamp>768.045258</timestamp>
			</report>
			<report>
				<misses>2652001</misses>
				<total>13</total>
				<timestamp>768.334988</timestamp>
			</report>
			<report>
				<misses>2653001</misses>
				<total>13</total>
				<timestamp>768.624644</timestamp>
			</report>
			<report>
				<misses>2654001</misses>
				<total>13</total>
				<timestamp>768.914360</timestamp>
			</report>
			<report>
				<misses>2655001</misses>
				<total>13</total>
				<timestamp>769.204054</timestamp>
			</report>
			<report>
				<misses>2656001</misses>
				<total>13</total>
				<timestamp>769.493767</timestamp>
			</report>
			<report>
				<misses>2657001</misses>
				<total>13</total>
				<timestamp>769.783462</timestamp>
			</report>
			<report>
				<misses>2658001</misses>
				<total>13</total>
				<timestamp>770.073213</timestamp>
			</report>
			<report>
				<misses>2659001</misses>
				<total>13</total>
				<timestamp>770.363017</timestamp>
			</report>
			<report>
				<misses>2660001</misses>
				<total>13</total>
				<timestamp>770.652636</timestamp>
			</report>
			<report>
				<misses>2661001</misses>
				<total>13</total>
				<timestamp>770.942375</timestamp>
			</report>
			<report>
				<misses>2662001</misses>
				<total>13</total>
				<timestamp>771.232115</timestamp>
			</report>
			<report>
				<misses>2663001</misses>
				<total>13</total>
				<timestamp>771.521712</timestamp>
			</report>
			<report>
				<misses>2664001</misses>
				<total>13</total>
				<timestamp>771.811446</timestamp>
			</report>
			<report>
				<misses>2665001</misses>
				<total>13</total>
				<timestamp>772.101197</timestamp>
			</report>
			<report>
				<misses>2666001</misses>
				<total>13</total>
				<timestamp>772.390922</timestamp>
			</report>
			<report>
				<misses>2667001</misses>
				<total>13</total>
				<timestamp>772.680658</timestamp>
			</report>
			<report>
				<misses>2668001</misses>
				<total>13</total>
				<timestamp>772.970282</timestamp>
			</report>
			<report>
				<misses>2669001</misses>
				<total>13</total>
				<timestamp>773.260002</timestamp>
			</report>
			<report>
				<misses>2670001</misses>
				<total>13</total>
				<timestamp>773.549672</timestamp>
			</report>
			<report>
				<misses>2671001</misses>
				<total>13</total>
				<timestamp>773.839462</timestamp>
			</report>
			<report>
				<misses>2672001</misses>
				<total>13</total>
				<timestamp>774.129076</timestamp>
			</report>
			<report>
				<misses>2673001</misses>
				<total>13</total>
				<timestamp>774.418805</timestamp>
			</report>
			<report>
				<misses>2674001</misses>
				<total>13</total>
				<timestamp>774.708478</timestamp>
			</report>
			<report>
				<misses>2675001</misses>
				<total>13</total>
				<timestamp>774.998357</timestamp>
			</report>
			<report>
				<misses>2676001</misses>
				<total>13</total>
				<timestamp>775.287948</timestamp>
			</report>
			<report>
				<misses>2677001</misses>
				<total>13</total>
				<timestamp>775.577714</timestamp>
			</report>
			<report>
				<misses>2678001</misses>
				<total>13</total>
				<timestamp>775.867400</timestamp>
			</report>
			<report>
				<misses>2679001</misses>
				<total>13</total>
				<timestamp>776.157087</timestamp>
			</report>
			<report>
				<misses>2680001</misses>
				<total>13</total>
				<timestamp>776.446786</timestamp>
			</report>
			<report>
				<misses>2681001</misses>
				<total>13</total>
				<timestamp>776.736492</timestamp>
			</report>
			<report>
				<misses>2682001</misses>
				<total>13</total>
				<timestamp>777.026178</timestamp>
			</report>
			<report>
				<misses>2683001</misses>
				<total>13</total>
				<timestamp>777.315955</timestamp>
			</report>
			<report>
				<misses>2684001</misses>
				<total>13</total>
				<timestamp>777.605600</timestamp>
			</report>
			<report>
				<misses>2685001</misses>
				<total>13</total>
				<timestamp>777.895340</timestamp>
			</report>
			<report>
				<misses>2686001</misses>
				<total>13</total>
				<timestamp>778.185028</timestamp>
			</report>
			<report>
				<misses>2687001</misses>
				<total>13</total>
				<timestamp>778.474750</timestamp>
			</report>
			<report>
				<misses>2688001</misses>
				<total>13</total>
				<timestamp>778.764470</timestamp>
			</report>
			<report>
				<misses>2689001</misses>
				<total>13</total>
				<timestamp>779.054143</timestamp>
			</report>
			<report>
				<misses>2690001</misses>
				<total>13</total>
				<timestamp>779.343856</timestamp>
			</report>
			<report>
				<misses>2691001</misses>
				<total>13</total>
				<timestamp>779.633569</timestamp>
			</report>
			<report>
				<misses>2692001</misses>
				<total>13</total>
				<timestamp>779.923270</timestamp>
			</report>
			<report>
				<misses>2693001</misses>
				<total>13</total>
				<timestamp>780.213013</timestamp>
			</report>
			<report>
				<misses>2694001</misses>
				<total>13</total>
				<timestamp>780.502708</timestamp>
			</report>
			<report>
				<misses>2695001</misses>
				<total>13</total>
				<timestamp>780.792434</timestamp>
			</report>
			<report>
				<misses>2696001</misses>
				<total>13</total>
				<timestamp>781.082116</timestamp>
			</report>
			<report>
				<misses>2697001</misses>
				<total>13</total>
				<timestamp>781.371825</timestamp>
			</report>
			<report>
				<misses>2698001</misses>
				<total>13</total>
				<timestamp>781.661542</timestamp>
			</report>
			<report>
				<misses>2699001</misses>
				<total>13</total>
				<timestamp>781.951248</timestamp>
			</report>
			<report>
				<misses>2700001</misses>
				<total>13</total>
				<timestamp>782.240979</timestamp>
			</report>
			<report>
				<misses>2701001</misses>
				<total>13</total>
				<timestamp>782.530678</timestamp>
			</report>
			<report>
				<misses>2702001</misses>
				<total>13</total>
				<timestamp>782.820427</timestamp>
			</report>
			<report>
				<misses>2703001</misses>
				<total>13</total>
				<timestamp>783.110091</timestamp>
			</report>
			<report>
				<misses>2704001</misses>
				<total>13</total>
				<timestamp>783.399813</timestamp>
			</report>
			<report>
				<misses>2705001</misses>
				<total>13</total>
				<timestamp>783.689636</timestamp>
			</report>
			<report>
				<misses>2706001</misses>
				<total>13</total>
				<timestamp>783.979281</timestamp>
			</report>
			<report>
				<misses>2707001</misses>
				<total>13</total>
				<timestamp>784.269020</timestamp>
			</report>
			<report>
				<misses>2708001</misses>
				<total>13</total>
				<timestamp>784.558680</timestamp>
			</report>
			<report>
				<misses>2709001</misses>
				<total>13</total>
				<timestamp>784.848394</timestamp>
			</report>
			<report>
				<misses>2710001</misses>
				<total>13</total>
				<timestamp>785.138108</timestamp>
			</report>
			<report>
				<misses>2711001</misses>
				<total>13</total>
				<timestamp>785.427879</timestamp>
			</report>
			<report>
				<misses>2712001</misses>
				<total>13</total>
				<timestamp>785.717611</timestamp>
			</report>
			<report>
				<misses>2713001</misses>
				<total>13</total>
				<timestamp>786.007250</timestamp>
			</report>
			<report>
				<misses>2714001</misses>
				<total>13</total>
				<timestamp>786.296995</timestamp>
			</report>
			<report>
				<misses>2715001</misses>
				<total>13</total>
				<timestamp>786.586744</timestamp>
			</report>
			<report>
				<misses>2716001</misses>
				<total>13</total>
				<timestamp>786.876381</timestamp>
			</report>
			<report>
				<misses>2717001</misses>
				<total>13</total>
				<timestamp>787.166151</timestamp>
			</report>
			<report>
				<misses>2718001</misses>
				<total>13</total>
				<timestamp>787.455891</timestamp>
			</report>
			<report>
				<misses>2719001</misses>
				<total>13</total>
				<timestamp>787.745539</timestamp>
			</report>
			<report>
				<misses>2720001</misses>
				<total>13</total>
				<timestamp>788.035239</timestamp>
			</report>
			<report>
				<misses>2721001</misses>
				<total>13</total>
				<timestamp>788.324900</timestamp>
			</report>
			<report>
				<misses>2722001</misses>
				<total>13</total>
				<timestamp>788.614578</timestamp>
			</report>
			<report>
				<misses>2723001</misses>
				<total>13</total>
				<timestamp>788.904274</timestamp>
			</report>
			<report>
				<misses>2724001</misses>
				<total>13</total>
				<timestamp>789.194000</timestamp>
			</report>
			<report>
				<misses>2725001</misses>
				<total>13</total>
				<timestamp>789.483858</timestamp>
			</report>
			<report>
				<misses>2726001</misses>
				<total>13</total>
				<timestamp>789.773434</timestamp>
			</report>
			<report>
				<misses>2727001</misses>
				<total>13</total>
				<timestamp>790.063134</timestamp>
			</report>
			<report>
				<misses>2728001</misses>
				<total>13</total>
				<timestamp>790.352901</timestamp>
			</report>
			<report>
				<misses>2729001</misses>
				<total>13</total>
				<timestamp>790.642558</timestamp>
			</report>
			<report>
				<misses>2730001</misses>
				<total>13</total>
				<timestamp>790.932300</timestamp>
			</report>
			<report>
				<misses>2731001</misses>
				<total>13</total>
				<timestamp>791.221975</timestamp>
			</report>
			<report>
				<misses>2732001</misses>
				<total>13</total>
				<timestamp>791.511671</timestamp>
			</report>
			<report>
				<misses>2733001</misses>
				<total>13</total>
				<timestamp>791.801390</timestamp>
			</report>
			<report>
				<misses>2734001</misses>
				<total>13</total>
				<timestamp>792.091095</timestamp>
			</report>
			<report>
				<misses>2735001</misses>
				<total>13</total>
				<timestamp>792.380803</timestamp>
			</report>
			<report>
				<misses>2736001</misses>
				<total>13</total>
				<timestamp>792.670512</timestamp>
			</report>
			<report>
				<misses>2737001</misses>
				<total>13</total>
				<timestamp>792.960210</timestamp>
			</report>
			<report>
				<misses>2738001</misses>
				<total>13</total>
				<timestamp>793.249952</timestamp>
			</report>
			<report>
				<misses>2739001</misses>
				<total>13</total>
				<timestamp>793.539660</timestamp>
			</report>
			<report>
				<misses>2740001</misses>
				<total>13</total>
				<timestamp>793.829383</timestamp>
			</report>
			<report>
				<misses>2741001</misses>
				<total>13</total>
				<timestamp>794.119063</timestamp>
			</report>
			<report>
				<misses>2742001</misses>
				<total>13</total>
				<timestamp>794.408854</timestamp>
			</report>
			<report>
				<misses>2743001</misses>
				<total>13</total>
				<timestamp>794.698503</timestamp>
			</report>
			<report>
				<misses>2744001</misses>
				<total>13</total>
				<timestamp>794.988197</timestamp>
			</report>
			<report>
				<misses>2745001</misses>
				<total>13</total>
				<timestamp>795.277920</timestamp>
			</report>
			<report>
				<misses>2746001</misses>
				<total>13</total>
				<timestamp>795.567624</timestamp>
			</report>
			<report>
				<misses>2747001</misses>
				<total>13</total>
				<timestamp>795.857350</timestamp>
			</report>
			<report>
				<misses>2748001</misses>
				<total>13</total>
				<timestamp>796.147058</timestamp>
			</report>
			<report>
				<misses>2749001</misses>
				<total>13</total>
				<timestamp>796.436837</timestamp>
			</report>
			<report>
				<misses>2750001</misses>
				<total>13</total>
				<timestamp>796.726503</timestamp>
			</report>
			<report>
				<misses>2751001</misses>
				<total>13</total>
				<timestamp>797.016186</timestamp>
			</report>
			<report>
				<misses>2752001</misses>
				<total>13</total>
				<timestamp>797.305883</timestamp>
			</report>
			<report>
				<misses>2753001</misses>
				<total>13</total>
				<timestamp>797.595594</timestamp>
			</report>
			<report>
				<misses>2754001</misses>
				<total>13</total>
				<timestamp>797.885310</timestamp>
			</report>
			<report>
				<misses>2755001</misses>
				<total>13</total>
				<timestamp>798.175011</timestamp>
			</report>
			<report>
				<misses>2756001</misses>
				<total>13</total>
				<timestamp>798.464745</timestamp>
			</report>
			<report>
				<misses>2757001</misses>
				<total>13</total>
				<timestamp>798.754445</timestamp>
			</report>
			<report>
				<misses>2758001</misses>
				<total>13</total>
				<timestamp>799.044180</timestamp>
			</report>
			<report>
				<misses>2759001</misses>
				<total>13</total>
				<timestamp>799.334004</timestamp>
			</report>
			<report>
				<misses>2760001</misses>
				<total>13</total>
				<timestamp>799.623649</timestamp>
			</report>
			<report>
				<misses>2761001</misses>
				<total>13</total>
				<timestamp>799.913310</timestamp>
			</report>
			<report>
				<misses>2762001</misses>
				<total>13</total>
				<timestamp>800.203088</timestamp>
			</report>
			<report>
				<misses>2763001</misses>
				<total>13</total>
				<timestamp>800.492793</timestamp>
			</report>
			<report>
				<misses>2764001</misses>
				<total>13</total>
				<timestamp>800.782389</timestamp>
			</report>
			<report>
				<misses>2765001</misses>
				<total>13</total>
				<timestamp>801.072102</timestamp>
			</report>
			<report>
				<misses>2766001</misses>
				<total>13</total>
				<timestamp>801.361848</timestamp>
			</report>
			<report>
				<misses>2767001</misses>
				<total>13</total>
				<timestamp>801.651543</timestamp>
			</report>
			<report>
				<misses>2768001</misses>
				<total>13</total>
				<timestamp>801.941249</timestamp>
			</report>
			<report>
				<misses>2769001</misses>
				<total>13</total>
				<timestamp>802.230941</timestamp>
			</report>
			<report>
				<misses>2770001</misses>
				<total>13</total>
				<timestamp>802.520778</timestamp>
			</report>
			<report>
				<misses>2771001</misses>
				<total>13</total>
				<timestamp>802.810372</timestamp>
			</report>
			<report>
				<misses>2772001</misses>
				<total>13</total>
				<timestamp>803.100079</timestamp>
			</report>
			<report>
				<misses>2773001</misses>
				<total>13</total>
				<timestamp>803.389808</timestamp>
			</report>
			<report>
				<misses>2774001</misses>
				<total>13</total>
				<timestamp>803.679496</timestamp>
			</report>
			<report>
				<misses>2775001</misses>
				<total>13</total>
				<timestamp>803.969236</timestamp>
			</report>
			<report>
				<misses>2776001</misses>
				<total>13</total>
				<timestamp>804.258917</timestamp>
			</report>
			<report>
				<misses>2777001</misses>
				<total>13</total>
				<timestamp>804.548620</timestamp>
			</report>
			<report>
				<misses>2778001</misses>
				<total>13</total>
				<timestamp>804.838332</timestamp>
			</report>
			<report>
				<misses>2779001</misses>
				<total>13</total>
				<timestamp>805.128036</timestamp>
			</report>
			<report>
				<misses>2780001</misses>
				<total>13</total>
				<timestamp>805.417774</timestamp>
			</report>
			<report>
				<misses>2781001</misses>
				<total>13</total>
				<timestamp>805.707526</timestamp>
			</report>
			<report>
				<misses>2782001</misses>
				<total>13</total>
				<timestamp>805.997220</timestamp>
			</report>
			<report>
				<misses>2783001</misses>
				<total>13</total>
				<timestamp>806.286918</timestamp>
			</report>
			<report>
				<misses>2784001</misses>
				<total>13</total>
				<timestamp>806.576610</timestamp>
			</report>
			<report>
				<misses>2785001</misses>
				<total>13</total>
				<timestamp>806.866372</timestamp>
			</report>
			<report>
				<misses>2786001</misses>
				<total>13</total>
				<timestamp>807.156060</timestamp>
			</report>
			<report>
				<misses>2787001</misses>
				<total>13</total>
				<timestamp>807.445765</timestamp>
			</report>
			<report>
				<misses>2788001</misses>
				<total>13</total>
				<timestamp>807.735470</timestamp>
			</report>
			<report>
				<misses>2789001</misses>
				<total>13</total>
				<timestamp>808.025162</timestamp>
			</report>
			<report>
				<misses>2790001</misses>
				<total>13</total>
				<timestamp>808.314889</timestamp>
			</report>
			<report>
				<misses>2791001</misses>
				<total>13</total>
				<timestamp>808.604600</timestamp>
			</report>
			<report>
				<misses>2792001</misses>
				<total>13</total>
				<timestamp>808.894286</timestamp>
			</report>
			<report>
				<misses>2793001</misses>
				<total>13</total>
				<timestamp>809.183988</timestamp>
			</report>
			<report>
				<misses>2794001</misses>
				<total>13</total>
				<timestamp>809.473703</timestamp>
			</report>
			<report>
				<misses>2795001</misses>
				<total>13</total>
				<timestamp>809.763416</timestamp>
			</report>
			<report>
				<misses>2796001</misses>
				<total>13</total>
				<timestamp>810.053161</timestamp>
			</report>
			<report>
				<misses>2797001</misses>
				<total>13</total>
				<timestamp>810.342866</timestamp>
			</report>
			<report>
				<misses>2798001</misses>
				<total>13</total>
				<timestamp>810.632519</timestamp>
			</report>
			<report>
				<misses>2799001</misses>
				<total>13</total>
				<timestamp>810.922256</timestamp>
			</report>
			<report>
				<misses>2800001</misses>
				<total>13</total>
				<timestamp>811.211978</timestamp>
			</report>
			<report>
				<misses>2801001</misses>
				<total>13</total>
				<timestamp>811.501658</timestamp>
			</report>
			<report>
				<misses>2802001</misses>
				<total>13</total>
				<timestamp>811.791379</timestamp>
			</report>
			<report>
				<misses>2803001</misses>
				<total>13</total>
				<timestamp>812.081091</timestamp>
			</report>
			<report>
				<misses>2804001</misses>
				<total>13</total>
				<timestamp>812.370801</timestamp>
			</report>
			<report>
				<misses>2805001</misses>
				<total>13</total>
				<timestamp>812.660518</timestamp>
			</report>
			<report>
				<misses>2806001</misses>
				<total>13</total>
				<timestamp>812.950235</timestamp>
			</report>
			<report>
				<misses>2807001</misses>
				<total>13</total>
				<timestamp>813.239928</timestamp>
			</report>
			<report>
				<misses>2808001</misses>
				<total>13</total>
				<timestamp>813.529632</timestamp>
			</report>
			<report>
				<misses>2809001</misses>
				<total>13</total>
				<timestamp>813.819366</timestamp>
			</report>
			<report>
				<misses>2810001</misses>
				<total>13</total>
				<timestamp>814.109075</timestamp>
			</report>
			<report>
				<misses>2811001</misses>
				<total>13</total>
				<timestamp>814.398773</timestamp>
			</report>
			<report>
				<misses>2812001</misses>
				<total>13</total>
				<timestamp>814.688473</timestamp>
			</report>
			<report>
				<misses>2813001</misses>
				<total>13</total>
				<timestamp>814.978186</timestamp>
			</report>
			<report>
				<misses>2814001</misses>
				<total>13</total>
				<timestamp>815.267902</timestamp>
			</report>
			<report>
				<misses>2815001</misses>
				<total>13</total>
				<timestamp>815.557626</timestamp>
			</report>
			<report>
				<misses>2816001</misses>
				<total>13</total>
				<timestamp>815.847322</timestamp>
			</report>
			<report>
				<misses>2817001</misses>
				<total>13</total>
				<timestamp>816.137028</timestamp>
			</report>
			<report>
				<misses>2818001</misses>
				<total>13</total>
				<timestamp>816.426748</timestamp>
			</report>
			<report>
				<misses>2819001</misses>
				<total>13</total>
				<timestamp>816.716482</timestamp>
			</report>
			<report>
				<misses>2820001</misses>
				<total>13</total>
				<timestamp>817.006198</timestamp>
			</report>
			<report>
				<misses>2821001</misses>
				<total>13</total>
				<timestamp>817.295980</timestamp>
			</report>
			<report>
				<misses>2822001</misses>
				<total>13</total>
				<timestamp>817.585617</timestamp>
			</report>
			<report>
				<misses>2823001</misses>
				<total>13</total>
				<timestamp>817.875415</timestamp>
			</report>
			<report>
				<misses>2824001</misses>
				<total>13</total>
				<timestamp>818.165062</timestamp>
			</report>
			<report>
				<misses>2825001</misses>
				<total>13</total>
				<timestamp>818.454757</timestamp>
			</report>
			<report>
				<misses>2826001</misses>
				<total>13</total>
				<timestamp>818.744507</timestamp>
			</report>
			<report>
				<misses>2827001</misses>
				<total>13</total>
				<timestamp>819.034227</timestamp>
			</report>
			<report>
				<misses>2828001</misses>
				<total>13</total>
				<timestamp>819.323982</timestamp>
			</report>
			<report>
				<misses>2829001</misses>
				<total>13</total>
				<timestamp>819.613571</timestamp>
			</report>
			<report>
				<misses>2830001</misses>
				<total>13</total>
				<timestamp>819.903338</timestamp>
			</report>
			<report>
				<misses>2831001</misses>
				<total>13</total>
				<timestamp>820.193104</timestamp>
			</report>
			<report>
				<misses>2832001</misses>
				<total>13</total>
				<timestamp>820.482836</timestamp>
			</report>
			<report>
				<misses>2833001</misses>
				<total>13</total>
				<timestamp>820.772461</timestamp>
			</report>
			<report>
				<misses>2834001</misses>
				<total>13</total>
				<timestamp>821.062194</timestamp>
			</report>
			<report>
				<misses>2835001</misses>
				<total>13</total>
				<timestamp>821.351814</timestamp>
			</report>
			<report>
				<misses>2836001</misses>
				<total>13</total>
				<timestamp>821.641556</timestamp>
			</report>
			<report>
				<misses>2837001</misses>
				<total>13</total>
				<timestamp>821.931313</timestamp>
			</report>
			<report>
				<misses>2838001</misses>
				<total>13</total>
				<timestamp>822.221053</timestamp>
			</report>
			<report>
				<misses>2839001</misses>
				<total>13</total>
				<timestamp>822.510699</timestamp>
			</report>
			<report>
				<misses>2840001</misses>
				<total>13</total>
				<timestamp>822.800346</timestamp>
			</report>
			<report>
				<misses>2841001</misses>
				<total>13</total>
				<timestamp>823.090071</timestamp>
			</report>
			<report>
				<misses>2842001</misses>
				<total>13</total>
				<timestamp>823.379824</timestamp>
			</report>
			<report>
				<misses>2843001</misses>
				<total>13</total>
				<timestamp>823.669496</timestamp>
			</report>
			<report>
				<misses>2844001</misses>
				<total>13</total>
				<timestamp>823.959325</timestamp>
			</report>
			<report>
				<misses>2845001</misses>
				<total>13</total>
				<timestamp>824.248937</timestamp>
			</report>
			<report>
				<misses>2846001</misses>
				<total>13</total>
				<timestamp>824.538754</timestamp>
			</report>
			<report>
				<misses>2847001</misses>
				<total>13</total>
				<timestamp>824.828363</timestamp>
			</report>
			<report>
				<misses>2848001</misses>
				<total>13</total>
				<timestamp>825.118140</timestamp>
			</report>
			<report>
				<misses>2849001</misses>
				<total>13</total>
				<timestamp>825.407779</timestamp>
			</report>
			<report>
				<misses>2850001</misses>
				<total>13</total>
				<timestamp>825.697477</timestamp>
			</report>
			<report>
				<misses>2851001</misses>
				<total>13</total>
				<timestamp>825.987248</timestamp>
			</report>
			<report>
				<misses>2852001</misses>
				<total>13</total>
				<timestamp>826.276987</timestamp>
			</report>
			<report>
				<misses>2853001</misses>
				<total>13</total>
				<timestamp>826.566733</timestamp>
			</report>
			<report>
				<misses>2854001</misses>
				<total>13</total>
				<timestamp>826.856326</timestamp>
			</report>
			<report>
				<misses>2855001</misses>
				<total>13</total>
				<timestamp>827.146058</timestamp>
			</report>
			<report>
				<misses>2856001</misses>
				<total>13</total>
				<timestamp>827.435844</timestamp>
			</report>
			<report>
				<misses>2857001</misses>
				<total>13</total>
				<timestamp>827.725520</timestamp>
			</report>
			<report>
				<misses>2858001</misses>
				<total>13</total>
				<timestamp>828.015183</timestamp>
			</report>
			<report>
				<misses>2859001</misses>
				<total>13</total>
				<timestamp>828.304866</timestamp>
			</report>
			<report>
				<misses>2860001</misses>
				<total>13</total>
				<timestamp>828.594605</timestamp>
			</report>
			<report>
				<misses>2861001</misses>
				<total>13</total>
				<timestamp>828.884404</timestamp>
			</report>
			<report>
				<misses>2862001</misses>
				<total>13</total>
				<timestamp>829.174056</timestamp>
			</report>
			<report>
				<misses>2863001</misses>
				<total>13</total>
				<timestamp>829.463834</timestamp>
			</report>
			<report>
				<misses>2864001</misses>
				<total>13</total>
				<timestamp>829.753525</timestamp>
			</report>
			<report>
				<misses>2865001</misses>
				<total>13</total>
				<timestamp>830.043217</timestamp>
			</report>
			<report>
				<misses>2866001</misses>
				<total>13</total>
				<timestamp>830.332895</timestamp>
			</report>
			<report>
				<misses>2867001</misses>
				<total>13</total>
				<timestamp>830.622609</timestamp>
			</report>
			<report>
				<misses>2868001</misses>
				<total>13</total>
				<timestamp>830.912322</timestamp>
			</report>
			<report>
				<misses>2869001</misses>
				<total>13</total>
				<timestamp>831.202065</timestamp>
			</report>
			<report>
				<misses>2870001</misses>
				<total>13</total>
				<timestamp>831.491710</timestamp>
			</report>
			<report>
				<misses>2871001</misses>
				<total>13</total>
				<timestamp>831.781395</timestamp>
			</report>
			<report>
				<misses>2872001</misses>
				<total>13</total>
				<timestamp>832.071130</timestamp>
			</report>
			<report>
				<misses>2873001</misses>
				<total>13</total>
				<timestamp>832.360888</timestamp>
			</report>
			<report>
				<misses>2874001</misses>
				<total>13</total>
				<timestamp>832.650526</timestamp>
			</report>
			<report>
				<misses>2875001</misses>
				<total>13</total>
				<timestamp>832.940209</timestamp>
			</report>
			<report>
				<misses>2876001</misses>
				<total>13</total>
				<timestamp>833.229983</timestamp>
			</report>
			<report>
				<misses>2877001</misses>
				<total>13</total>
				<timestamp>833.519698</timestamp>
			</report>
			<report>
				<misses>2878001</misses>
				<total>13</total>
				<timestamp>833.809343</timestamp>
			</report>
			<report>
				<misses>2879001</misses>
				<total>13</total>
				<timestamp>834.099078</timestamp>
			</report>
			<report>
				<misses>2880001</misses>
				<total>13</total>
				<timestamp>834.388758</timestamp>
			</report>
			<report>
				<misses>2881001</misses>
				<total>13</total>
				<timestamp>834.678461</timestamp>
			</report>
			<report>
				<misses>2882001</misses>
				<total>13</total>
				<timestamp>834.968172</timestamp>
			</report>
			<report>
				<misses>2883001</misses>
				<total>13</total>
				<timestamp>835.257889</timestamp>
			</report>
			<report>
				<misses>2884001</misses>
				<total>13</total>
				<timestamp>835.547612</timestamp>
			</report>
			<report>
				<misses>2885001</misses>
				<total>13</total>
				<timestamp>835.837295</timestamp>
			</report>
			<report>
				<misses>2886001</misses>
				<total>13</total>
				<timestamp>836.127023</timestamp>
			</report>
			<report>
				<misses>2887001</misses>
				<total>13</total>
				<timestamp>836.416724</timestamp>
			</report>
			<report>
				<misses>2888001</misses>
				<total>13</total>
				<timestamp>836.706424</timestamp>
			</report>
			<report>
				<misses>2889001</misses>
				<total>13</total>
				<timestamp>836.996171</timestamp>
			</report>
			<report>
				<misses>2890001</misses>
				<total>13</total>
				<timestamp>837.285880</timestamp>
			</report>
			<report>
				<misses>2891001</misses>
				<total>13</total>
				<timestamp>837.575605</timestamp>
			</report>
			<report>
				<misses>2892001</misses>
				<total>13</total>
				<timestamp>837.865285</timestamp>
			</report>
			<report>
				<misses>2893001</misses>
				<total>13</total>
				<timestamp>838.155000</timestamp>
			</report>
			<report>
				<misses>2894001</misses>
				<total>13</total>
				<timestamp>838.444726</timestamp>
			</report>
			<report>
				<misses>2895001</misses>
				<total>13</total>
				<timestamp>838.734399</timestamp>
			</report>
			<report>
				<misses>2896001</misses>
				<total>13</total>
				<timestamp>839.024119</timestamp>
			</report>
			<report>
				<misses>2897001</misses>
				<total>13</total>
				<timestamp>839.313857</timestamp>
			</report>
			<report>
				<misses>2898001</misses>
				<total>13</total>
				<timestamp>839.603592</timestamp>
			</report>
			<report>
				<misses>2899001</misses>
				<total>13</total>
				<timestamp>839.893234</timestamp>
			</report>
			<report>
				<misses>2900001</misses>
				<total>13</total>
				<timestamp>840.182959</timestamp>
			</report>
			<report>
				<misses>2901001</misses>
				<total>13</total>
				<timestamp>840.472685</timestamp>
			</report>
			<report>
				<misses>2902001</misses>
				<total>13</total>
				<timestamp>840.762382</timestamp>
			</report>
			<report>
				<misses>2903001</misses>
				<total>13</total>
				<timestamp>841.052119</timestamp>
			</report>
			<report>
				<misses>2904001</misses>
				<total>13</total>
				<timestamp>841.341823</timestamp>
			</report>
			<report>
				<misses>2905001</misses>
				<total>13</total>
				<timestamp>841.631515</timestamp>
			</report>
			<report>
				<misses>2906001</misses>
				<total>13</total>
				<timestamp>841.921229</timestamp>
			</report>
			<report>
				<misses>2907001</misses>
				<total>13</total>
				<timestamp>842.210926</timestamp>
			</report>
			<report>
				<misses>2908001</misses>
				<total>13</total>
				<timestamp>842.500662</timestamp>
			</report>
			<report>
				<misses>2909001</misses>
				<total>13</total>
				<timestamp>842.790386</timestamp>
			</report>
			<report>
				<misses>2910001</misses>
				<total>13</total>
				<timestamp>843.080096</timestamp>
			</report>
			<report>
				<misses>2911001</misses>
				<total>13</total>
				<timestamp>843.369911</timestamp>
			</report>
			<report>
				<misses>2912001</misses>
				<total>13</total>
				<timestamp>843.659630</timestamp>
			</report>
			<report>
				<misses>2913001</misses>
				<total>13</total>
				<timestamp>843.949301</timestamp>
			</report>
			<report>
				<misses>2914001</misses>
				<total>13</total>
				<timestamp>844.238925</timestamp>
			</report>
			<report>
				<misses>2915001</misses>
				<total>13</total>
				<timestamp>844.528667</timestamp>
			</report>
			<report>
				<misses>2916001</misses>
				<total>13</total>
				<timestamp>844.818308</timestamp>
			</report>
			<report>
				<misses>2917001</misses>
				<total>13</total>
				<timestamp>845.108036</timestamp>
			</report>
			<report>
				<misses>2918001</misses>
				<total>13</total>
				<timestamp>845.397749</timestamp>
			</report>
			<report>
				<misses>2919001</misses>
				<total>13</total>
				<timestamp>845.687605</timestamp>
			</report>
			<report>
				<misses>2920001</misses>
				<total>13</total>
				<timestamp>845.977302</timestamp>
			</report>
			<report>
				<misses>2921001</misses>
				<total>13</total>
				<timestamp>846.266951</timestamp>
			</report>
			<report>
				<misses>2922001</misses>
				<total>13</total>
				<timestamp>846.556757</timestamp>
			</report>
			<report>
				<misses>2923001</misses>
				<total>13</total>
				<timestamp>846.846369</timestamp>
			</report>
			<report>
				<misses>2924001</misses>
				<total>13</total>
				<timestamp>847.136106</timestamp>
			</report>
			<report>
				<misses>2925001</misses>
				<total>13</total>
				<timestamp>847.425767</timestamp>
			</report>
			<report>
				<misses>2926001</misses>
				<total>13</total>
				<timestamp>847.715536</timestamp>
			</report>
			<report>
				<misses>2927001</misses>
				<total>13</total>
				<timestamp>848.005121</timestamp>
			</report>
			<report>
				<misses>2928001</misses>
				<total>13</total>
				<timestamp>848.294848</timestamp>
			</report>
			<report>
				<misses>2929001</misses>
				<total>13</total>
				<timestamp>848.584594</timestamp>
			</report>
			<report>
				<misses>2930001</misses>
				<total>13</total>
				<timestamp>848.874256</timestamp>
			</report>
			<report>
				<misses>2931001</misses>
				<total>13</total>
				<timestamp>849.163982</timestamp>
			</report>
			<report>
				<misses>2932001</misses>
				<total>13</total>
				<timestamp>849.453693</timestamp>
			</report>
			<report>
				<misses>2933001</misses>
				<total>13</total>
				<timestamp>849.743438</timestamp>
			</report>
			<report>
				<misses>2934001</misses>
				<total>13</total>
				<timestamp>850.033224</timestamp>
			</report>
			<report>
				<misses>2935001</misses>
				<total>13</total>
				<timestamp>850.322859</timestamp>
			</report>
			<report>
				<misses>2936001</misses>
				<total>13</total>
				<timestamp>850.612545</timestamp>
			</report>
			<report>
				<misses>2937001</misses>
				<total>13</total>
				<timestamp>850.902266</timestamp>
			</report>
			<report>
				<misses>2938001</misses>
				<total>13</total>
				<timestamp>851.191952</timestamp>
			</report>
			<report>
				<misses>2939001</misses>
				<total>13</total>
				<timestamp>851.481701</timestamp>
			</report>
			<report>
				<misses>2940001</misses>
				<total>13</total>
				<timestamp>851.771357</timestamp>
			</report>
			<report>
				<misses>2941001</misses>
				<total>13</total>
				<timestamp>852.061078</timestamp>
			</report>
			<report>
				<misses>2942001</misses>
				<total>13</total>
				<timestamp>852.350774</timestamp>
			</report>
			<report>
				<misses>2943001</misses>
				<total>13</total>
				<timestamp>852.640564</timestamp>
			</report>
			<report>
				<misses>2944001</misses>
				<total>13</total>
				<timestamp>852.930207</timestamp>
			</report>
			<report>
				<misses>2945001</misses>
				<total>13</total>
				<timestamp>853.219898</timestamp>
			</report>
			<report>
				<misses>2946001</misses>
				<total>13</total>
				<timestamp>853.509620</timestamp>
			</report>
			<report>
				<misses>2947001</misses>
				<total>13</total>
				<timestamp>853.799401</timestamp>
			</report>
			<report>
				<misses>2948001</misses>
				<total>13</total>
				<timestamp>854.089027</timestamp>
			</report>
			<report>
				<misses>2949001</misses>
				<total>13</total>
				<timestamp>854.378750</timestamp>
			</report>
			<report>
				<misses>2950001</misses>
				<total>13</total>
				<timestamp>854.668500</timestamp>
			</report>
			<report>
				<misses>2951001</misses>
				<total>13</total>
				<timestamp>854.958167</timestamp>
			</report>
			<report>
				<misses>2952001</misses>
				<total>13</total>
				<timestamp>855.247885</timestamp>
			</report>
			<report>
				<misses>2953001</misses>
				<total>13</total>
				<timestamp>855.537589</timestamp>
			</report>
			<report>
				<misses>2954001</misses>
				<total>13</total>
				<timestamp>855.827291</timestamp>
			</report>
			<report>
				<misses>2955001</misses>
				<total>13</total>
				<timestamp>856.117025</timestamp>
			</report>
			<report>
				<misses>2956001</misses>
				<total>13</total>
				<timestamp>856.406717</timestamp>
			</report>
			<report>
				<misses>2957001</misses>
				<total>13</total>
				<timestamp>856.696443</timestamp>
			</report>
			<report>
				<misses>2958001</misses>
				<total>13</total>
				<timestamp>856.986138</timestamp>
			</report>
			<report>
				<misses>2959001</misses>
				<total>13</total>
				<timestamp>857.275846</timestamp>
			</report>
			<report>
				<misses>2960001</misses>
				<total>13</total>
				<timestamp>857.565555</timestamp>
			</report>
			<report>
				<misses>2961001</misses>
				<total>13</total>
				<timestamp>857.855270</timestamp>
			</report>
			<report>
				<misses>2962001</misses>
				<total>13</total>
				<timestamp>858.145002</timestamp>
			</report>
			<report>
				<misses>2963001</misses>
				<total>13</total>
				<timestamp>858.434688</timestamp>
			</report>
			<report>
				<misses>2964001</misses>
				<total>13</total>
				<timestamp>858.724456</timestamp>
			</report>
			<report>
				<misses>2965001</misses>
				<total>13</total>
				<timestamp>859.014100</timestamp>
			</report>
			<report>
				<misses>2966001</misses>
				<total>13</total>
				<timestamp>859.303850</timestamp>
			</report>
			<report>
				<misses>2967001</misses>
				<total>13</total>
				<timestamp>859.593585</timestamp>
			</report>
			<report>
				<misses>2968001</misses>
				<total>13</total>
				<timestamp>859.883248</timestamp>
			</report>
			<report>
				<misses>2969001</misses>
				<total>13</total>
				<timestamp>860.172994</timestamp>
			</report>
			<report>
				<misses>2970001</misses>
				<total>13</total>
				<timestamp>860.462661</timestamp>
			</report>
			<report>
				<misses>2971001</misses>
				<total>13</total>
				<timestamp>860.752418</timestamp>
			</report>
			<report>
				<misses>2972001</misses>
				<total>13</total>
				<timestamp>861.042078</timestamp>
			</report>
			<report>
				<misses>2973001</misses>
				<total>13</total>
				<timestamp>861.331807</timestamp>
			</report>
			<report>
				<misses>2974001</misses>
				<total>13</total>
				<timestamp>861.621555</timestamp>
			</report>
			<report>
				<misses>2975001</misses>
				<total>13</total>
				<timestamp>861.911225</timestamp>
			</report>
			<report>
				<misses>2976001</misses>
				<total>13</total>
				<timestamp>862.201078</timestamp>
			</report>
			<report>
				<misses>2977001</misses>
				<total>13</total>
				<timestamp>862.490644</timestamp>
			</report>
			<report>
				<misses>2978001</misses>
				<total>13</total>
				<timestamp>862.780442</timestamp>
			</report>
			<report>
				<misses>2979001</misses>
				<total>13</total>
				<timestamp>863.070135</timestamp>
			</report>
			<report>
				<misses>2980001</misses>
				<total>13</total>
				<timestamp>863.359797</timestamp>
			</report>
			<report>
				<misses>2981001</misses>
				<total>13</total>
				<timestamp>863.649510</timestamp>
			</report>
			<report>
				<misses>2982001</misses>
				<total>13</total>
				<timestamp>863.939202</timestamp>
			</report>
			<report>
				<misses>2983001</misses>
				<total>13</total>
				<timestamp>864.229006</timestamp>
			</report>
			<report>
				<misses>2984001</misses>
				<total>13</total>
				<timestamp>864.518666</timestamp>
			</report>
			<report>
				<misses>2985001</misses>
				<total>13</total>
				<timestamp>864.808324</timestamp>
			</report>
			<report>
				<misses>2986001</misses>
				<total>13</total>
				<timestamp>865.098032</timestamp>
			</report>
			<report>
				<misses>2987001</misses>
				<total>13</total>
				<timestamp>865.387736</timestamp>
			</report>
			<report>
				<misses>2988001</misses>
				<total>13</total>
				<timestamp>865.677472</timestamp>
			</report>
			<report>
				<misses>2989001</misses>
				<total>13</total>
				<timestamp>865.967143</timestamp>
			</report>
			<report>
				<misses>2990001</misses>
				<total>13</total>
				<timestamp>866.256856</timestamp>
			</report>
			<report>
				<misses>2991001</misses>
				<total>13</total>
				<timestamp>866.546569</timestamp>
			</report>
			<report>
				<misses>2992001</misses>
				<total>13</total>
				<timestamp>866.836306</timestamp>
			</report>
			<report>
				<misses>2993001</misses>
				<total>13</total>
				<timestamp>867.125984</timestamp>
			</report>
			<report>
				<misses>2994001</misses>
				<total>13</total>
				<timestamp>867.415731</timestamp>
			</report>
			<report>
				<misses>2995001</misses>
				<total>13</total>
				<timestamp>867.705451</timestamp>
			</report>
			<report>
				<misses>2996001</misses>
				<total>13</total>
				<timestamp>867.995154</timestamp>
			</report>
			<report>
				<misses>2997001</misses>
				<total>13</total>
				<timestamp>868.284833</timestamp>
			</report>
			<report>
				<misses>2998001</misses>
				<total>13</total>
				<timestamp>868.574536</timestamp>
			</report>
			<report>
				<misses>2999001</misses>
				<total>13</total>
				<timestamp>868.864276</timestamp>
			</report>
			<report>
				<misses>3000001</misses>
				<total>13</total>
				<timestamp>869.153961</timestamp>
			</report>
			<report>
				<misses>3001001</misses>
				<total>13</total>
				<timestamp>869.443664</timestamp>
			</report>
			<report>
				<misses>3002001</misses>
				<total>13</total>
				<timestamp>869.733421</timestamp>
			</report>
			<report>
				<misses>3003001</misses>
				<total>13</total>
				<timestamp>870.023202</timestamp>
			</report>
			<report>
				<misses>3004001</misses>
				<total>13</total>
				<timestamp>870.312831</timestamp>
			</report>
			<report>
				<misses>3005001</misses>
				<total>13</total>
				<timestamp>870.602540</timestamp>
			</report>
			<report>
				<misses>3006001</misses>
				<total>13</total>
				<timestamp>870.892215</timestamp>
			</report>
			<report>
				<misses>3007001</misses>
				<total>13</total>
				<timestamp>871.181926</timestamp>
			</report>
			<report>
				<misses>3008001</misses>
				<total>13</total>
				<timestamp>871.471644</timestamp>
			</report>
			<report>
				<misses>3009001</misses>
				<total>13</total>
				<timestamp>871.761449</timestamp>
			</report>
			<report>
				<misses>3010001</misses>
				<total>13</total>
				<timestamp>872.051060</timestamp>
			</report>
			<report>
				<misses>3011001</misses>
				<total>13</total>
				<timestamp>872.340768</timestamp>
			</report>
			<report>
				<misses>3012001</misses>
				<total>13</total>
				<timestamp>872.630496</timestamp>
			</report>
			<report>
				<misses>3013001</misses>
				<total>13</total>
				<timestamp>872.920274</timestamp>
			</report>
			<report>
				<misses>3014001</misses>
				<total>13</total>
				<timestamp>873.209913</timestamp>
			</report>
			<report>
				<misses>3015001</misses>
				<total>13</total>
				<timestamp>873.499663</timestamp>
			</report>
			<report>
				<misses>3016001</misses>
				<total>13</total>
				<timestamp>873.789397</timestamp>
			</report>
			<report>
				<misses>3017001</misses>
				<total>13</total>
				<timestamp>874.079082</timestamp>
			</report>
			<report>
				<misses>3018001</misses>
				<total>13</total>
				<timestamp>874.368737</timestamp>
			</report>
			<report>
				<misses>3019001</misses>
				<total>13</total>
				<timestamp>874.658584</timestamp>
			</report>
			<report>
				<misses>3020001</misses>
				<total>13</total>
				<timestamp>874.948184</timestamp>
			</report>
			<report>
				<misses>3021001</misses>
				<total>13</total>
				<timestamp>875.238047</timestamp>
			</report>
			<report>
				<misses>3022001</misses>
				<total>13</total>
				<timestamp>875.527625</timestamp>
			</report>
			<report>
				<misses>3023001</misses>
				<total>13</total>
				<timestamp>875.817412</timestamp>
			</report>
			<report>
				<misses>3024001</misses>
				<total>13</total>
				<timestamp>876.107000</timestamp>
			</report>
			<report>
				<misses>3025001</misses>
				<total>13</total>
				<timestamp>876.396767</timestamp>
			</report>
			<report>
				<misses>3026001</misses>
				<total>13</total>
				<timestamp>876.686507</timestamp>
			</report>
			<report>
				<misses>3027001</misses>
				<total>13</total>
				<timestamp>876.976124</timestamp>
			</report>
			<report>
				<misses>3028001</misses>
				<total>13</total>
				<timestamp>877.265845</timestamp>
			</report>
			<report>
				<misses>3029001</misses>
				<total>13</total>
				<timestamp>877.555533</timestamp>
			</report>
			<report>
				<misses>3030001</misses>
				<total>13</total>
				<timestamp>877.845359</timestamp>
			</report>
			<report>
				<misses>3031001</misses>
				<total>13</total>
				<timestamp>878.135141</timestamp>
			</report>
			<report>
				<misses>3032001</misses>
				<total>13</total>
				<timestamp>878.424700</timestamp>
			</report>
			<report>
				<misses>3033001</misses>
				<total>13</total>
				<timestamp>878.714466</timestamp>
			</report>
			<report>
				<misses>3034001</misses>
				<total>13</total>
				<timestamp>879.004137</timestamp>
			</report>
			<report>
				<misses>3035001</misses>
				<total>13</total>
				<timestamp>879.293926</timestamp>
			</report>
			<report>
				<misses>3036001</misses>
				<total>13</total>
				<timestamp>879.583517</timestamp>
			</report>
			<report>
				<misses>3037001</misses>
				<total>13</total>
				<timestamp>879.873249</timestamp>
			</report>
			<report>
				<misses>3038001</misses>
				<total>13</total>
				<timestamp>880.162935</timestamp>
			</report>
			<report>
				<misses>3039001</misses>
				<total>13</total>
				<timestamp>880.452657</timestamp>
			</report>
			<report>
				<misses>3040001</misses>
				<total>13</total>
				<timestamp>880.742374</timestamp>
			</report>
			<report>
				<misses>3041001</misses>
				<total>13</total>
				<timestamp>881.032079</timestamp>
			</report>
			<report>
				<misses>3042001</misses>
				<total>13</total>
				<timestamp>881.321769</timestamp>
			</report>
			<report>
				<misses>3043001</misses>
				<total>13</total>
				<timestamp>881.611490</timestamp>
			</report>
			<report>
				<misses>3044001</misses>
				<total>13</total>
				<timestamp>881.901202</timestamp>
			</report>
			<report>
				<misses>3045001</misses>
				<total>13</total>
				<timestamp>882.190918</timestamp>
			</report>
			<report>
				<misses>3046001</misses>
				<total>13</total>
				<timestamp>882.480625</timestamp>
			</report>
			<report>
				<misses>3047001</misses>
				<total>13</total>
				<timestamp>882.770358</timestamp>
			</report>
			<report>
				<misses>3048001</misses>
				<total>13</total>
				<timestamp>883.060036</timestamp>
			</report>
			<report>
				<misses>3049001</misses>
				<total>13</total>
				<timestamp>883.349764</timestamp>
			</report>
			<report>
				<misses>3050001</misses>
				<total>13</total>
				<timestamp>883.639525</timestamp>
			</report>
			<report>
				<misses>3051001</misses>
				<total>13</total>
				<timestamp>883.929306</timestamp>
			</report>
			<report>
				<misses>3052001</misses>
				<total>13</total>
				<timestamp>884.218910</timestamp>
			</report>
			<report>
				<misses>3053001</misses>
				<total>13</total>
				<timestamp>884.508724</timestamp>
			</report>
			<report>
				<misses>3054001</misses>
				<total>13</total>
				<timestamp>884.798359</timestamp>
			</report>
			<report>
				<misses>3055001</misses>
				<total>13</total>
				<timestamp>885.088038</timestamp>
			</report>
			<report>
				<misses>3056001</misses>
				<total>13</total>
				<timestamp>885.377796</timestamp>
			</report>
			<report>
				<misses>3057001</misses>
				<total>13</total>
				<timestamp>885.667505</timestamp>
			</report>
			<report>
				<misses>3058001</misses>
				<total>13</total>
				<timestamp>885.957201</timestamp>
			</report>
			<report>
				<misses>3059001</misses>
				<total>13</total>
				<timestamp>886.246946</timestamp>
			</report>
			<report>
				<misses>3060001</misses>
				<total>13</total>
				<timestamp>886.536652</timestamp>
			</report>
			<report>
				<misses>3061001</misses>
				<total>13</total>
				<timestamp>886.826305</timestamp>
			</report>
			<report>
				<misses>3062001</misses>
				<total>13</total>
				<timestamp>887.115976</timestamp>
			</report>
			<report>
				<misses>3063001</misses>
				<total>13</total>
				<timestamp>887.405816</timestamp>
			</report>
			<report>
				<misses>3064001</misses>
				<total>13</total>
				<timestamp>887.695428</timestamp>
			</report>
			<report>
				<misses>3065001</misses>
				<total>13</total>
				<timestamp>887.985135</timestamp>
			</report>
			<report>
				<misses>3066001</misses>
				<total>13</total>
				<timestamp>888.274868</timestamp>
			</report>
			<report>
				<misses>3067001</misses>
				<total>13</total>
				<timestamp>888.564540</timestamp>
			</report>
			<report>
				<misses>3068001</misses>
				<total>13</total>
				<timestamp>888.854263</timestamp>
			</report>
			<report>
				<misses>3069001</misses>
				<total>13</total>
				<timestamp>889.143943</timestamp>
			</report>
			<report>
				<misses>3070001</misses>
				<total>13</total>
				<timestamp>889.433696</timestamp>
			</report>
			<report>
				<misses>3071001</misses>
				<total>13</total>
				<timestamp>889.723403</timestamp>
			</report>
			<report>
				<misses>3072001</misses>
				<total>13</total>
				<timestamp>890.013107</timestamp>
			</report>
			<report>
				<misses>3073001</misses>
				<total>13</total>
				<timestamp>890.302779</timestamp>
			</report>
			<report>
				<misses>3074001</misses>
				<total>13</total>
				<timestamp>890.592495</timestamp>
			</report>
			<report>
				<misses>3075001</misses>
				<total>13</total>
				<timestamp>890.882216</timestamp>
			</report>
			<report>
				<misses>3076001</misses>
				<total>13</total>
				<timestamp>891.171930</timestamp>
			</report>
			<report>
				<misses>3077001</misses>
				<total>13</total>
				<timestamp>891.461621</timestamp>
			</report>
			<report>
				<misses>3078001</misses>
				<total>13</total>
				<timestamp>891.751350</timestamp>
			</report>
			<report>
				<misses>3079001</misses>
				<total>13</total>
				<timestamp>892.041059</timestamp>
			</report>
			<report>
				<misses>3080001</misses>
				<total>13</total>
				<timestamp>892.330770</timestamp>
			</report>
			<report>
				<misses>3081001</misses>
				<total>13</total>
				<timestamp>892.620458</timestamp>
			</report>
			<report>
				<misses>3082001</misses>
				<total>13</total>
				<timestamp>892.910205</timestamp>
			</report>
			<report>
				<misses>3083001</misses>
				<total>13</total>
				<timestamp>893.199908</timestamp>
			</report>
			<report>
				<misses>3084001</misses>
				<total>13</total>
				<timestamp>893.489732</timestamp>
			</report>
			<report>
				<misses>3085001</misses>
				<total>13</total>
				<timestamp>893.779354</timestamp>
			</report>
			<report>
				<misses>3086001</misses>
				<total>13</total>
				<timestamp>894.069011</timestamp>
			</report>
			<report>
				<misses>3087001</misses>
				<total>13</total>
				<timestamp>894.358849</timestamp>
			</report>
			<report>
				<misses>3088001</misses>
				<total>13</total>
				<timestamp>894.648473</timestamp>
			</report>
			<report>
				<misses>3089001</misses>
				<total>13</total>
				<timestamp>894.938226</timestamp>
			</report>
			<report>
				<misses>3090001</misses>
				<total>13</total>
				<timestamp>895.227890</timestamp>
			</report>
			<report>
				<misses>3091001</misses>
				<total>13</total>
				<timestamp>895.517652</timestamp>
			</report>
			<report>
				<misses>3092001</misses>
				<total>13</total>
				<timestamp>895.807339</timestamp>
			</report>
			<report>
				<misses>3093001</misses>
				<total>13</total>
				<timestamp>896.097114</timestamp>
			</report>
			<report>
				<misses>3094001</misses>
				<total>13</total>
				<timestamp>896.386737</timestamp>
			</report>
			<report>
				<misses>3095001</misses>
				<total>13</total>
				<timestamp>896.676455</timestamp>
			</report>
			<report>
				<misses>3096001</misses>
				<total>13</total>
				<timestamp>896.966249</timestamp>
			</report>
			<report>
				<misses>3097001</misses>
				<total>13</total>
				<timestamp>897.255855</timestamp>
			</report>
			<report>
				<misses>3098001</misses>
				<total>13</total>
				<timestamp>897.545537</timestamp>
			</report>
			<report>
				<misses>3099001</misses>
				<total>13</total>
				<timestamp>897.835285</timestamp>
			</report>
			<report>
				<misses>3100001</misses>
				<total>13</total>
				<timestamp>898.124979</timestamp>
			</report>
			<report>
				<misses>3101001</misses>
				<total>13</total>
				<timestamp>898.414664</timestamp>
			</report>
			<report>
				<misses>3102001</misses>
				<total>13</total>
				<timestamp>898.704362</timestamp>
			</report>
			<report>
				<misses>3103001</misses>
				<total>13</total>
				<timestamp>898.994087</timestamp>
			</report>
			<report>
				<misses>3104001</misses>
				<total>13</total>
				<timestamp>899.283828</timestamp>
			</report>
			<report>
				<misses>3105001</misses>
				<total>13</total>
				<timestamp>899.573521</timestamp>
			</report>
			<report>
				<misses>3106001</misses>
				<total>13</total>
				<timestamp>899.863241</timestamp>
			</report>
			<report>
				<misses>3107001</misses>
				<total>13</total>
				<timestamp>900.152932</timestamp>
			</report>
			<report>
				<misses>3108001</misses>
				<total>13</total>
				<timestamp>900.442646</timestamp>
			</report>
			<report>
				<misses>3109001</misses>
				<total>13</total>
				<timestamp>900.732345</timestamp>
			</report>
			<report>
				<misses>3110001</misses>
				<total>13</total>
				<timestamp>901.022083</timestamp>
			</report>
			<report>
				<misses>3111001</misses>
				<total>13</total>
				<timestamp>901.311796</timestamp>
			</report>
			<report>
				<misses>3112001</misses>
				<total>13</total>
				<timestamp>901.601506</timestamp>
			</report>
			<report>
				<misses>3113001</misses>
				<total>13</total>
				<timestamp>901.891219</timestamp>
			</report>
			<report>
				<misses>3114001</misses>
				<total>13</total>
				<timestamp>902.180896</timestamp>
			</report>
			<report>
				<misses>3115001</misses>
				<total>13</total>
				<timestamp>902.470639</timestamp>
			</report>
			<report>
				<misses>3116001</misses>
				<total>13</total>
				<timestamp>902.760328</timestamp>
			</report>
			<report>
				<misses>3117001</misses>
				<total>13</total>
				<timestamp>903.050029</timestamp>
			</report>
			<report>
				<misses>3118001</misses>
				<total>13</total>
				<timestamp>903.339797</timestamp>
			</report>
			<report>
				<misses>3119001</misses>
				<total>13</total>
				<timestamp>903.629452</timestamp>
			</report>
			<report>
				<misses>3120001</misses>
				<total>13</total>
				<timestamp>903.919165</timestamp>
			</report>
			<report>
				<misses>3121001</misses>
				<total>13</total>
				<timestamp>904.208867</timestamp>
			</report>
			<report>
				<misses>3122001</misses>
				<total>13</total>
				<timestamp>904.498602</timestamp>
			</report>
			<report>
				<misses>3123001</misses>
				<total>13</total>
				<timestamp>904.788329</timestamp>
			</report>
			<report>
				<misses>3124001</misses>
				<total>13</total>
				<timestamp>905.077998</timestamp>
			</report>
			<report>
				<misses>3125001</misses>
				<total>17</total>
				<timestamp>905.367713</timestamp>
			</report>
			<report>
				<misses>3126001</misses>
				<total>17</total>
				<timestamp>905.657417</timestamp>
			</report>
			<report>
				<misses>3127001</misses>
				<total>17</total>
				<timestamp>905.947157</timestamp>
			</report>
			<report>
				<misses>3128001</misses>
				<total>17</total>
				<timestamp>906.236849</timestamp>
			</report>
			<report>
				<misses>3129001</misses>
				<total>17</total>
				<timestamp>906.526555</timestamp>
			</report>
			<report>
				<misses>3130001</misses>
				<total>17</total>
				<timestamp>906.816266</timestamp>
			</report>
			<report>
				<misses>3131001</misses>
				<total>17</total>
				<timestamp>907.105964</timestamp>
			</report>
			<report>
				<misses>3132001</misses>
				<total>17</total>
				<timestamp>907.395694</timestamp>
			</report>
			<report>
				<misses>3133001</misses>
				<total>17</total>
				<timestamp>907.685387</timestamp>
			</report>
			<report>
				<misses>3134001</misses>
				<total>17</total>
				<timestamp>907.975103</timestamp>
			</report>
			<report>
				<misses>3135001</misses>
				<total>17</total>
				<timestamp>908.264868</timestamp>
			</report>
			<report>
				<misses>3136001</misses>
				<total>17</total>
				<timestamp>908.554520</timestamp>
			</report>
			<report>
				<misses>3137001</misses>
				<total>17</total>
				<timestamp>908.844249</timestamp>
			</report>
			<report>
				<misses>3138001</misses>
				<total>17</total>
				<timestamp>909.133972</timestamp>
			</report>
			<report>
				<misses>3139001</misses>
				<total>17</total>
				<timestamp>909.423672</timestamp>
			</report>
			<report>
				<misses>3140001</misses>
				<total>17</total>
				<timestamp>909.713490</timestamp>
			</report>
			<report>
				<misses>3141001</misses>
				<total>17</total>
				<timestamp>910.003139</timestamp>
			</report>
			<report>
				<misses>3142001</misses>
				<total>17</total>
				<timestamp>910.292929</timestamp>
			</report>
			<report>
				<misses>3143001</misses>
				<total>17</total>
				<timestamp>910.582525</timestamp>
			</report>
			<report>
				<misses>3144001</misses>
				<total>17</total>
				<timestamp>910.872278</timestamp>
			</report>
			<report>
				<misses>3145001</misses>
				<total>17</total>
				<timestamp>911.161992</timestamp>
			</report>
			<report>
				<misses>3146001</misses>
				<total>17</total>
				<timestamp>911.451624</timestamp>
			</report>
			<report>
				<misses>3147001</misses>
				<total>17</total>
				<timestamp>911.741339</timestamp>
			</report>
			<report>
				<misses>3148001</misses>
				<total>17</total>
				<timestamp>912.031051</timestamp>
			</report>
			<report>
				<misses>3149001</misses>
				<total>17</total>
				<timestamp>912.320754</timestamp>
			</report>
			<report>
				<misses>3150001</misses>
				<total>17</total>
				<timestamp>912.610464</timestamp>
			</report>
			<report>
				<misses>3151001</misses>
				<total>17</total>
				<timestamp>912.900215</timestamp>
			</report>
			<report>
				<misses>3152001</misses>
				<total>17</total>
				<timestamp>913.189896</timestamp>
			</report>
			<report>
				<misses>3153001</misses>
				<total>17</total>
				<timestamp>913.479636</timestamp>
			</report>
			<report>
				<misses>3154001</misses>
				<total>17</total>
				<timestamp>913.769429</timestamp>
			</report>
			<report>
				<misses>3155001</misses>
				<total>17</total>
				<timestamp>914.059069</timestamp>
			</report>
			<report>
				<misses>3156001</misses>
				<total>17</total>
				<timestamp>914.348870</timestamp>
			</report>
			<report>
				<misses>3157001</misses>
				<total>17</total>
				<timestamp>914.638513</timestamp>
			</report>
			<report>
				<misses>3158001</misses>
				<total>17</total>
				<timestamp>914.928193</timestamp>
			</report>
			<report>
				<misses>3159001</misses>
				<total>17</total>
				<timestamp>915.217914</timestamp>
			</report>
			<report>
				<misses>3160001</misses>
				<total>17</total>
				<timestamp>915.507553</timestamp>
			</report>
			<report>
				<misses>3161001</misses>
				<total>17</total>
				<timestamp>915.797253</timestamp>
			</report>
			<report>
				<misses>3162001</misses>
				<total>17</total>
				<timestamp>916.087010</timestamp>
			</report>
			<report>
				<misses>3163001</misses>
				<total>17</total>
				<timestamp>916.376723</timestamp>
			</report>
			<report>
				<misses>3164001</misses>
				<total>17</total>
				<timestamp>916.666381</timestamp>
			</report>
			<report>
				<misses>3165001</misses>
				<total>17</total>
				<timestamp>916.956133</timestamp>
			</report>
			<report>
				<misses>3166001</misses>
				<total>17</total>
				<timestamp>917.245832</timestamp>
			</report>
			<report>
				<misses>3167001</misses>
				<total>17</total>
				<timestamp>917.535522</timestamp>
			</report>
			<report>
				<misses>3168001</misses>
				<total>17</total>
				<timestamp>917.825226</timestamp>
			</report>
			<report>
				<misses>3169001</misses>
				<total>17</total>
				<timestamp>918.114951</timestamp>
			</report>
			<report>
				<misses>3170001</misses>
				<total>17</total>
				<timestamp>918.404664</timestamp>
			</report>
			<report>
				<misses>3171001</misses>
				<total>17</total>
				<timestamp>918.694353</timestamp>
			</report>
			<report>
				<misses>3172001</misses>
				<total>17</total>
				<timestamp>918.984065</timestamp>
			</report>
			<report>
				<misses>3173001</misses>
				<total>17</total>
				<timestamp>919.273818</timestamp>
			</report>
			<report>
				<misses>3174001</misses>
				<total>17</total>
				<timestamp>919.563486</timestamp>
			</report>
			<report>
				<misses>3175001</misses>
				<total>17</total>
				<timestamp>919.853218</timestamp>
			</report>
			<report>
				<misses>3176001</misses>
				<total>17</total>
				<timestamp>920.142942</timestamp>
			</report>
			<report>
				<misses>3177001</misses>
				<total>17</total>
				<timestamp>920.432663</timestamp>
			</report>
			<report>
				<misses>3178001</misses>
				<total>17</total>
				<timestamp>920.722385</timestamp>
			</report>
			<report>
				<misses>3179001</misses>
				<total>17</total>
				<timestamp>921.012160</timestamp>
			</report>
			<report>
				<misses>3180001</misses>
				<total>17</total>
				<timestamp>921.301833</timestamp>
			</report>
			<report>
				<misses>3181001</misses>
				<total>17</total>
				<timestamp>921.591547</timestamp>
			</report>
			<report>
				<misses>3182001</misses>
				<total>17</total>
				<timestamp>921.881200</timestamp>
			</report>
			<report>
				<misses>3183001</misses>
				<total>17</total>
				<timestamp>922.170880</timestamp>
			</report>
			<report>
				<misses>3184001</misses>
				<total>17</total>
				<timestamp>922.460614</timestamp>
			</report>
			<report>
				<misses>3185001</misses>
				<total>17</total>
				<timestamp>922.750307</timestamp>
			</report>
			<report>
				<misses>3186001</misses>
				<total>17</total>
				<timestamp>923.040034</timestamp>
			</report>
			<report>
				<misses>3187001</misses>
				<total>17</total>
				<timestamp>923.329739</timestamp>
			</report>
			<report>
				<misses>3188001</misses>
				<total>17</total>
				<timestamp>923.619440</timestamp>
			</report>
			<report>
				<misses>3189001</misses>
				<total>17</total>
				<timestamp>923.909193</timestamp>
			</report>
			<report>
				<misses>3190001</misses>
				<total>17</total>
				<timestamp>924.198872</timestamp>
			</report>
			<report>
				<misses>3191001</misses>
				<total>17</total>
				<timestamp>924.488569</timestamp>
			</report>
			<report>
				<misses>3192001</misses>
				<total>17</total>
				<timestamp>924.778294</timestamp>
			</report>
			<report>
				<misses>3193001</misses>
				<total>17</total>
				<timestamp>925.068029</timestamp>
			</report>
			<report>
				<misses>3194001</misses>
				<total>17</total>
				<timestamp>925.357713</timestamp>
			</report>
			<report>
				<misses>3195001</misses>
				<total>17</total>
				<timestamp>925.647411</timestamp>
			</report>
			<report>
				<misses>3196001</misses>
				<total>17</total>
				<timestamp>925.937142</timestamp>
			</report>
			<report>
				<misses>3197001</misses>
				<total>17</total>
				<timestamp>926.226823</timestamp>
			</report>
			<report>
				<misses>3198001</misses>
				<total>17</total>
				<timestamp>926.516532</timestamp>
			</report>
			<report>
				<misses>3199001</misses>
				<total>17</total>
				<timestamp>926.806252</timestamp>
			</report>
			<report>
				<misses>3200001</misses>
				<total>17</total>
				<timestamp>927.095971</timestamp>
			</report>
			<report>
				<misses>3201001</misses>
				<total>17</total>
				<timestamp>927.385674</timestamp>
			</report>
			<report>
				<misses>3202001</misses>
				<total>17</total>
				<timestamp>927.675366</timestamp>
			</report>
			<report>
				<misses>3203001</misses>
				<total>17</total>
				<timestamp>927.965113</timestamp>
			</report>
			<report>
				<misses>3204001</misses>
				<total>17</total>
				<timestamp>928.254811</timestamp>
			</report>
			<report>
				<misses>3205001</misses>
				<total>17</total>
				<timestamp>928.544504</timestamp>
			</report>
			<report>
				<misses>3206001</misses>
				<total>17</total>
				<timestamp>928.834203</timestamp>
			</report>
			<report>
				<misses>3207001</misses>
				<total>17</total>
				<timestamp>929.123974</timestamp>
			</report>
			<report>
				<misses>3208001</misses>
				<total>17</total>
				<timestamp>929.413648</timestamp>
			</report>
			<report>
				<misses>3209001</misses>
				<total>17</total>
				<timestamp>929.703356</timestamp>
			</report>
			<report>
				<misses>3210001</misses>
				<total>17</total>
				<timestamp>929.993109</timestamp>
			</report>
			<report>
				<misses>3211001</misses>
				<total>17</total>
				<timestamp>930.282763</timestamp>
			</report>
			<report>
				<misses>3212001</misses>
				<total>17</total>
				<timestamp>930.572484</timestamp>
			</report>
			<report>
				<misses>3213001</misses>
				<total>17</total>
				<timestamp>930.862185</timestamp>
			</report>
			<report>
				<misses>3214001</misses>
				<total>17</total>
				<timestamp>931.151897</timestamp>
			</report>
			<report>
				<misses>3215001</misses>
				<total>17</total>
				<timestamp>931.441628</timestamp>
			</report>
			<report>
				<misses>3216001</misses>
				<total>17</total>
				<timestamp>931.731304</timestamp>
			</report>
			<report>
				<misses>3217001</misses>
				<total>17</total>
				<timestamp>932.021047</timestamp>
			</report>
			<report>
				<misses>3218001</misses>
				<total>17</total>
				<timestamp>932.310816</timestamp>
			</report>
			<report>
				<misses>3219001</misses>
				<total>17</total>
				<timestamp>932.600447</timestamp>
			</report>
			<report>
				<misses>3220001</misses>
				<total>17</total>
				<timestamp>932.890258</timestamp>
			</report>
			<report>
				<misses>3221001</misses>
				<total>17</total>
				<timestamp>933.179950</timestamp>
			</report>
			<report>
				<misses>3222001</misses>
				<total>17</total>
				<timestamp>933.469655</timestamp>
			</report>
			<report>
				<misses>3223001</misses>
				<total>17</total>
				<timestamp>933.759328</timestamp>
			</report>
			<report>
				<misses>3224001</misses>
				<total>17</total>
				<timestamp>934.049116</timestamp>
			</report>
			<report>
				<misses>3225001</misses>
				<total>17</total>
				<timestamp>934.338708</timestamp>
			</report>
			<report>
				<misses>3226001</misses>
				<total>17</total>
				<timestamp>934.628487</timestamp>
			</report>
			<report>
				<misses>3227001</misses>
				<total>17</total>
				<timestamp>934.918157</timestamp>
			</report>
			<report>
				<misses>3228001</misses>
				<total>17</total>
				<timestamp>935.207846</timestamp>
			</report>
			<report>
				<misses>3229001</misses>
				<total>17</total>
				<timestamp>935.497627</timestamp>
			</report>
			<report>
				<misses>3230001</misses>
				<total>17</total>
				<timestamp>935.787260</timestamp>
			</report>
			<report>
				<misses>3231001</misses>
				<total>17</total>
				<timestamp>936.076965</timestamp>
			</report>
			<report>
				<misses>3232001</misses>
				<total>17</total>
				<timestamp>936.366663</timestamp>
			</report>
			<report>
				<misses>3233001</misses>
				<total>17</total>
				<timestamp>936.656367</timestamp>
			</report>
			<report>
				<misses>3234001</misses>
				<total>17</total>
				<timestamp>936.946136</timestamp>
			</report>
			<report>
				<misses>3235001</misses>
				<total>17</total>
				<timestamp>937.235832</timestamp>
			</report>
			<report>
				<misses>3236001</misses>
				<total>17</total>
				<timestamp>937.525508</timestamp>
			</report>
			<report>
				<misses>3237001</misses>
				<total>17</total>
				<timestamp>937.815204</timestamp>
			</report>
			<report>
				<misses>3238001</misses>
				<total>17</total>
				<timestamp>938.104958</timestamp>
			</report>
			<report>
				<misses>3239001</misses>
				<total>17</total>
				<timestamp>938.394629</timestamp>
			</report>
			<report>
				<misses>3240001</misses>
				<total>17</total>
				<timestamp>938.684349</timestamp>
			</report>
			<report>
				<misses>3241001</misses>
				<total>17</total>
				<timestamp>938.974089</timestamp>
			</report>
			<report>
				<misses>3242001</misses>
				<total>17</total>
				<timestamp>939.263764</timestamp>
			</report>
			<report>
				<misses>3243001</misses>
				<total>17</total>
				<timestamp>939.553480</timestamp>
			</report>
			<report>
				<misses>3244001</misses>
				<total>17</total>
				<timestamp>939.843187</timestamp>
			</report>
			<report>
				<misses>3245001</misses>
				<total>17</total>
				<timestamp>940.133066</timestamp>
			</report>
			<report>
				<misses>3246001</misses>
				<total>17</total>
				<timestamp>940.422754</timestamp>
			</report>
			<report>
				<misses>3247001</misses>
				<total>17</total>
				<timestamp>940.712396</timestamp>
			</report>
			<report>
				<misses>3248001</misses>
				<total>17</total>
				<timestamp>941.002101</timestamp>
			</report>
			<report>
				<misses>3249001</misses>
				<total>17</total>
				<timestamp>941.291746</timestamp>
			</report>
			<report>
				<misses>3250001</misses>
				<total>17</total>
				<timestamp>941.581557</timestamp>
			</report>
			<report>
				<misses>3251001</misses>
				<total>17</total>
				<timestamp>941.871168</timestamp>
			</report>
			<report>
				<misses>3252001</misses>
				<total>17</total>
				<timestamp>942.160904</timestamp>
			</report>
			<report>
				<misses>3253001</misses>
				<total>17</total>
				<timestamp>942.450702</timestamp>
			</report>
			<report>
				<misses>3254001</misses>
				<total>17</total>
				<timestamp>942.740386</timestamp>
			</report>
			<report>
				<misses>3255001</misses>
				<total>17</total>
				<timestamp>943.030063</timestamp>
			</report>
			<report>
				<misses>3256001</misses>
				<total>17</total>
				<timestamp>943.319722</timestamp>
			</report>
			<report>
				<misses>3257001</misses>
				<total>17</total>
				<timestamp>943.609497</timestamp>
			</report>
			<report>
				<misses>3258001</misses>
				<total>17</total>
				<timestamp>943.899138</timestamp>
			</report>
			<report>
				<misses>3259001</misses>
				<total>17</total>
				<timestamp>944.188917</timestamp>
			</report>
			<report>
				<misses>3260001</misses>
				<total>17</total>
				<timestamp>944.478648</timestamp>
			</report>
			<report>
				<misses>3261001</misses>
				<total>17</total>
				<timestamp>944.768375</timestamp>
			</report>
			<report>
				<misses>3262001</misses>
				<total>17</total>
				<timestamp>945.058045</timestamp>
			</report>
			<report>
				<misses>3263001</misses>
				<total>17</total>
				<timestamp>945.347693</timestamp>
			</report>
			<report>
				<misses>3264001</misses>
				<total>17</total>
				<timestamp>945.637511</timestamp>
			</report>
			<report>
				<misses>3265001</misses>
				<total>17</total>
				<timestamp>945.927205</timestamp>
			</report>
			<report>
				<misses>3266001</misses>
				<total>17</total>
				<timestamp>946.216946</timestamp>
			</report>
			<report>
				<misses>3267001</misses>
				<total>17</total>
				<timestamp>946.506621</timestamp>
			</report>
			<report>
				<misses>3268001</misses>
				<total>17</total>
				<timestamp>946.796269</timestamp>
			</report>
			<report>
				<misses>3269001</misses>
				<total>17</total>
				<timestamp>947.086019</timestamp>
			</report>
			<report>
				<misses>3270001</misses>
				<total>17</total>
				<timestamp>947.375757</timestamp>
			</report>
			<report>
				<misses>3271001</misses>
				<total>17</total>
				<timestamp>947.665439</timestamp>
			</report>
			<report>
				<misses>3272001</misses>
				<total>17</total>
				<timestamp>947.955122</timestamp>
			</report>
			<report>
				<misses>3273001</misses>
				<total>17</total>
				<timestamp>948.244890</timestamp>
			</report>
			<report>
				<misses>3274001</misses>
				<total>17</total>
				<timestamp>948.534520</timestamp>
			</report>
			<report>
				<misses>3275001</misses>
				<total>17</total>
				<timestamp>948.824301</timestamp>
			</report>
			<report>
				<misses>3276001</misses>
				<total>17</total>
				<timestamp>949.114011</timestamp>
			</report>
			<report>
				<misses>3277001</misses>
				<total>17</total>
				<timestamp>949.403690</timestamp>
			</report>
			<report>
				<misses>3278001</misses>
				<total>17</total>
				<timestamp>949.693344</timestamp>
			</report>
			<report>
				<misses>3279001</misses>
				<total>17</total>
				<timestamp>949.983086</timestamp>
			</report>
			<report>
				<misses>3280001</misses>
				<total>17</total>
				<timestamp>950.272808</timestamp>
			</report>
			<report>
				<misses>3281001</misses>
				<total>17</total>
				<timestamp>950.562470</timestamp>
			</report>
			<report>
				<misses>3282001</misses>
				<total>17</total>
				<timestamp>950.852178</timestamp>
			</report>
			<report>
				<misses>3283001</misses>
				<total>17</total>
				<timestamp>951.141998</timestamp>
			</report>
			<report>
				<misses>3284001</misses>
				<total>17</total>
				<timestamp>951.431639</timestamp>
			</report>
			<report>
				<misses>3285001</misses>
				<total>17</total>
				<timestamp>951.721393</timestamp>
			</report>
			<report>
				<misses>3286001</misses>
				<total>17</total>
				<timestamp>952.011087</timestamp>
			</report>
			<report>
				<misses>3287001</misses>
				<total>17</total>
				<timestamp>952.300823</timestamp>
			</report>
			<report>
				<misses>3288001</misses>
				<total>17</total>
				<timestamp>952.590538</timestamp>
			</report>
			<report>
				<misses>3289001</misses>
				<total>17</total>
				<timestamp>952.880262</timestamp>
			</report>
			<report>
				<misses>3290001</misses>
				<total>17</total>
				<timestamp>953.169954</timestamp>
			</report>
			<report>
				<misses>3291001</misses>
				<total>17</total>
				<timestamp>953.459572</timestamp>
			</report>
			<report>
				<misses>3292001</misses>
				<total>17</total>
				<timestamp>953.749359</timestamp>
			</report>
			<report>
				<misses>3293001</misses>
				<total>17</total>
				<timestamp>954.039052</timestamp>
			</report>
			<report>
				<misses>3294001</misses>
				<total>17</total>
				<timestamp>954.328715</timestamp>
			</report>
			<report>
				<misses>3295001</misses>
				<total>17</total>
				<timestamp>954.618404</timestamp>
			</report>
			<report>
				<misses>3296001</misses>
				<total>17</total>
				<timestamp>954.908118</timestamp>
			</report>
			<report>
				<misses>3297001</misses>
				<total>17</total>
				<timestamp>955.197833</timestamp>
			</report>
			<report>
				<misses>3298001</misses>
				<total>17</total>
				<timestamp>955.487694</timestamp>
			</report>
			<report>
				<misses>3299001</misses>
				<total>17</total>
				<timestamp>955.777328</timestamp>
			</report>
			<report>
				<misses>3300001</misses>
				<total>17</total>
				<timestamp>956.067029</timestamp>
			</report>
			<report>
				<misses>3301001</misses>
				<total>17</total>
				<timestamp>956.356675</timestamp>
			</report>
			<report>
				<misses>3302001</misses>
				<total>17</total>
				<timestamp>956.646453</timestamp>
			</report>
			<report>
				<misses>3303001</misses>
				<total>17</total>
				<timestamp>956.936090</timestamp>
			</report>
			<report>
				<misses>3304001</misses>
				<total>17</total>
				<timestamp>957.225920</timestamp>
			</report>
			<report>
				<misses>3305001</misses>
				<total>17</total>
				<timestamp>957.515531</timestamp>
			</report>
			<report>
				<misses>3306001</misses>
				<total>17</total>
				<timestamp>957.805233</timestamp>
			</report>
			<report>
				<misses>3307001</misses>
				<total>17</total>
				<timestamp>958.094973</timestamp>
			</report>
			<report>
				<misses>3308001</misses>
				<total>17</total>
				<timestamp>958.384637</timestamp>
			</report>
			<report>
				<misses>3309001</misses>
				<total>17</total>
				<timestamp>958.674350</timestamp>
			</report>
			<report>
				<misses>3310001</misses>
				<total>17</total>
				<timestamp>958.964091</timestamp>
			</report>
			<report>
				<misses>3311001</misses>
				<total>17</total>
				<timestamp>959.253846</timestamp>
			</report>
			<report>
				<misses>3312001</misses>
				<total>17</total>
				<timestamp>959.543471</timestamp>
			</report>
			<report>
				<misses>3313001</misses>
				<total>17</total>
				<timestamp>959.833204</timestamp>
			</report>
			<report>
				<misses>3314001</misses>
				<total>17</total>
				<timestamp>960.122920</timestamp>
			</report>
			<report>
				<misses>3315001</misses>
				<total>17</total>
				<timestamp>960.412607</timestamp>
			</report>
			<report>
				<misses>3316001</misses>
				<total>17</total>
				<timestamp>960.702310</timestamp>
			</report>
			<report>
				<misses>3317001</misses>
				<total>17</total>
				<timestamp>960.992035</timestamp>
			</report>
			<report>
				<misses>3318001</misses>
				<total>17</total>
				<timestamp>961.281778</timestamp>
			</report>
			<report>
				<misses>3319001</misses>
				<total>17</total>
				<timestamp>961.571444</timestamp>
			</report>
			<report>
				<misses>3320001</misses>
				<total>17</total>
				<timestamp>961.861169</timestamp>
			</report>
			<report>
				<misses>3321001</misses>
				<total>17</total>
				<timestamp>962.150865</timestamp>
			</report>
			<report>
				<misses>3322001</misses>
				<total>17</total>
				<timestamp>962.440567</timestamp>
			</report>
			<report>
				<misses>3323001</misses>
				<total>17</total>
				<timestamp>962.730287</timestamp>
			</report>
			<report>
				<misses>3324001</misses>
				<total>17</total>
				<timestamp>963.019998</timestamp>
			</report>
			<report>
				<misses>3325001</misses>
				<total>17</total>
				<timestamp>963.309744</timestamp>
			</report>
			<report>
				<misses>3326001</misses>
				<total>17</total>
				<timestamp>963.599414</timestamp>
			</report>
			<report>
				<misses>3327001</misses>
				<total>17</total>
				<timestamp>963.889169</timestamp>
			</report>
			<report>
				<misses>3328001</misses>
				<total>17</total>
				<timestamp>964.178851</timestamp>
			</report>
			<report>
				<misses>3329001</misses>
				<total>17</total>
				<timestamp>964.468647</timestamp>
			</report>
			<report>
				<misses>3330001</misses>
				<total>17</total>
				<timestamp>964.758292</timestamp>
			</report>
			<report>
				<misses>3331001</misses>
				<total>17</total>
				<timestamp>965.048022</timestamp>
			</report>
			<report>
				<misses>3332001</misses>
				<total>17</total>
				<timestamp>965.337773</timestamp>
			</report>
			<report>
				<misses>3333001</misses>
				<total>17</total>
				<timestamp>965.627468</timestamp>
			</report>
			<report>
				<misses>3334001</misses>
				<total>17</total>
				<timestamp>965.917113</timestamp>
			</report>
			<report>
				<misses>3335001</misses>
				<total>17</total>
				<timestamp>966.206843</timestamp>
			</report>
			<report>
				<misses>3336001</misses>
				<total>17</total>
				<timestamp>966.496600</timestamp>
			</report>
			<report>
				<misses>3337001</misses>
				<total>17</total>
				<timestamp>966.786275</timestamp>
			</report>
			<report>
				<misses>3338001</misses>
				<total>17</total>
				<timestamp>967.075973</timestamp>
			</report>
			<report>
				<misses>3339001</misses>
				<total>17</total>
				<timestamp>967.365724</timestamp>
			</report>
			<report>
				<misses>3340001</misses>
				<total>17</total>
				<timestamp>967.655377</timestamp>
			</report>
			<report>
				<misses>3341001</misses>
				<total>17</total>
				<timestamp>967.945097</timestamp>
			</report>
			<report>
				<misses>3342001</misses>
				<total>17</total>
				<timestamp>968.234792</timestamp>
			</report>
			<report>
				<misses>3343001</misses>
				<total>17</total>
				<timestamp>968.524507</timestamp>
			</report>
			<report>
				<misses>3344001</misses>
				<total>17</total>
				<timestamp>968.814210</timestamp>
			</report>
			<report>
				<misses>3345001</misses>
				<total>17</total>
				<timestamp>969.103936</timestamp>
			</report>
			<report>
				<misses>3346001</misses>
				<total>17</total>
				<timestamp>969.393633</timestamp>
			</report>
			<report>
				<misses>3347001</misses>
				<total>17</total>
				<timestamp>969.683323</timestamp>
			</report>
			<report>
				<misses>3348001</misses>
				<total>17</total>
				<timestamp>969.973041</timestamp>
			</report>
			<report>
				<misses>3349001</misses>
				<total>17</total>
				<timestamp>970.262779</timestamp>
			</report>
			<report>
				<misses>3350001</misses>
				<total>17</total>
				<timestamp>970.552483</timestamp>
			</report>
			<report>
				<misses>3351001</misses>
				<total>17</total>
				<timestamp>970.842186</timestamp>
			</report>
			<report>
				<misses>3352001</misses>
				<total>17</total>
				<timestamp>971.131957</timestamp>
			</report>
			<report>
				<misses>3353001</misses>
				<total>17</total>
				<timestamp>971.421634</timestamp>
			</report>
			<report>
				<misses>3354001</misses>
				<total>17</total>
				<timestamp>971.711296</timestamp>
			</report>
			<report>
				<misses>3355001</misses>
				<total>17</total>
				<timestamp>972.001033</timestamp>
			</report>
			<report>
				<misses>3356001</misses>
				<total>17</total>
				<timestamp>972.290729</timestamp>
			</report>
			<report>
				<misses>3357001</misses>
				<total>17</total>
				<timestamp>972.580442</timestamp>
			</report>
			<report>
				<misses>3358001</misses>
				<total>17</total>
				<timestamp>972.870156</timestamp>
			</report>
			<report>
				<misses>3359001</misses>
				<total>17</total>
				<timestamp>973.159882</timestamp>
			</report>
			<report>
				<misses>3360001</misses>
				<total>17</total>
				<timestamp>973.449618</timestamp>
			</report>
			<report>
				<misses>3361001</misses>
				<total>17</total>
				<timestamp>973.739279</timestamp>
			</report>
			<report>
				<misses>3362001</misses>
				<total>17</total>
				<timestamp>974.028982</timestamp>
			</report>
			<report>
				<misses>3363001</misses>
				<total>17</total>
				<timestamp>974.318709</timestamp>
			</report>
			<report>
				<misses>3364001</misses>
				<total>17</total>
				<timestamp>974.608414</timestamp>
			</report>
			<report>
				<misses>3365001</misses>
				<total>17</total>
				<timestamp>974.898118</timestamp>
			</report>
			<report>
				<misses>3366001</misses>
				<total>17</total>
				<timestamp>975.187900</timestamp>
			</report>
			<report>
				<misses>3367001</misses>
				<total>17</total>
				<timestamp>975.477672</timestamp>
			</report>
			<report>
				<misses>3368001</misses>
				<total>17</total>
				<timestamp>975.767263</timestamp>
			</report>
			<report>
				<misses>3369001</misses>
				<total>17</total>
				<timestamp>976.056960</timestamp>
			</report>
			<report>
				<misses>3370001</misses>
				<total>17</total>
				<timestamp>976.346703</timestamp>
			</report>
			<report>
				<misses>3371001</misses>
				<total>17</total>
				<timestamp>976.636390</timestamp>
			</report>
			<report>
				<misses>3372001</misses>
				<total>17</total>
				<timestamp>976.926131</timestamp>
			</report>
			<report>
				<misses>3373001</misses>
				<total>17</total>
				<timestamp>977.215897</timestamp>
			</report>
			<report>
				<misses>3374001</misses>
				<total>17</total>
				<timestamp>977.505496</timestamp>
			</report>
			<report>
				<misses>3375001</misses>
				<total>17</total>
				<timestamp>977.795222</timestamp>
			</report>
			<report>
				<misses>3376001</misses>
				<total>17</total>
				<timestamp>978.084933</timestamp>
			</report>
			<report>
				<misses>3377001</misses>
				<total>17</total>
				<timestamp>978.374631</timestamp>
			</report>
			<report>
				<misses>3378001</misses>
				<total>17</total>
				<timestamp>978.664346</timestamp>
			</report>
			<report>
				<misses>3379001</misses>
				<total>17</total>
				<timestamp>978.954036</timestamp>
			</report>
			<report>
				<misses>3380001</misses>
				<total>17</total>
				<timestamp>979.243758</timestamp>
			</report>
			<report>
				<misses>3381001</misses>
				<total>17</total>
				<timestamp>979.533496</timestamp>
			</report>
			<report>
				<misses>3382001</misses>
				<total>17</total>
				<timestamp>979.823180</timestamp>
			</report>
			<report>
				<misses>3383001</misses>
				<total>17</total>
				<timestamp>980.112903</timestamp>
			</report>
			<report>
				<misses>3384001</misses>
				<total>17</total>
				<timestamp>980.402670</timestamp>
			</report>
			<report>
				<misses>3385001</misses>
				<total>17</total>
				<timestamp>980.692307</timestamp>
			</report>
			<report>
				<misses>3386001</misses>
				<total>17</total>
				<timestamp>980.982024</timestamp>
			</report>
			<report>
				<misses>3387001</misses>
				<total>17</total>
				<timestamp>981.271842</timestamp>
			</report>
			<report>
				<misses>3388001</misses>
				<total>17</total>
				<timestamp>981.561460</timestamp>
			</report>
			<report>
				<misses>3389001</misses>
				<total>17</total>
				<timestamp>981.851153</timestamp>
			</report>
			<report>
				<misses>3390001</misses>
				<total>17</total>
				<timestamp>982.140877</timestamp>
			</report>
			<report>
				<misses>3391001</misses>
				<total>17</total>
				<timestamp>982.430638</timestamp>
			</report>
			<report>
				<misses>3392001</misses>
				<total>17</total>
				<timestamp>982.720325</timestamp>
			</report>
			<report>
				<misses>3393001</misses>
				<total>17</total>
				<timestamp>983.010014</timestamp>
			</report>
			<report>
				<misses>3394001</misses>
				<total>17</total>
				<timestamp>983.299719</timestamp>
			</report>
			<report>
				<misses>3395001</misses>
				<total>17</total>
				<timestamp>983.589436</timestamp>
			</report>
			<report>
				<misses>3396001</misses>
				<total>17</total>
				<timestamp>983.879119</timestamp>
			</report>
			<report>
				<misses>3397001</misses>
				<total>17</total>
				<timestamp>984.168831</timestamp>
			</report>
			<report>
				<misses>3398001</misses>
				<total>17</total>
				<timestamp>984.458625</timestamp>
			</report>
			<report>
				<misses>3399001</misses>
				<total>17</total>
				<timestamp>984.748251</timestamp>
			</report>
			<report>
				<misses>3400001</misses>
				<total>17</total>
				<timestamp>985.037970</timestamp>
			</report>
			<report>
				<misses>3401001</misses>
				<total>17</total>
				<timestamp>985.327678</timestamp>
			</report>
			<report>
				<misses>3402001</misses>
				<total>17</total>
				<timestamp>985.617370</timestamp>
			</report>
			<report>
				<misses>3403001</misses>
				<total>17</total>
				<timestamp>985.907113</timestamp>
			</report>
			<report>
				<misses>3404001</misses>
				<total>17</total>
				<timestamp>986.196836</timestamp>
			</report>
			<report>
				<misses>3405001</misses>
				<total>17</total>
				<timestamp>986.486540</timestamp>
			</report>
			<report>
				<misses>3406001</misses>
				<total>17</total>
				<timestamp>986.776210</timestamp>
			</report>
			<report>
				<misses>3407001</misses>
				<total>17</total>
				<timestamp>987.065915</timestamp>
			</report>
			<report>
				<misses>3408001</misses>
				<total>17</total>
				<timestamp>987.355649</timestamp>
			</report>
			<report>
				<misses>3409001</misses>
				<total>17</total>
				<timestamp>987.645332</timestamp>
			</report>
			<report>
				<misses>3410001</misses>
				<total>17</total>
				<timestamp>987.935059</timestamp>
			</report>
			<report>
				<misses>3411001</misses>
				<total>17</total>
				<timestamp>988.224791</timestamp>
			</report>
			<report>
				<misses>3412001</misses>
				<total>17</total>
				<timestamp>988.514489</timestamp>
			</report>
			<report>
				<misses>3413001</misses>
				<total>17</total>
				<timestamp>988.804195</timestamp>
			</report>
			<report>
				<misses>3414001</misses>
				<total>17</total>
				<timestamp>989.093888</timestamp>
			</report>
			<report>
				<misses>3415001</misses>
				<total>17</total>
				<timestamp>989.383630</timestamp>
			</report>
			<report>
				<misses>3416001</misses>
				<total>17</total>
				<timestamp>989.673341</timestamp>
			</report>
			<report>
				<misses>3417001</misses>
				<total>17</total>
				<timestamp>989.963037</timestamp>
			</report>
			<report>
				<misses>3418001</misses>
				<total>17</total>
				<timestamp>990.252789</timestamp>
			</report>
			<report>
				<misses>3419001</misses>
				<total>17</total>
				<timestamp>990.542438</timestamp>
			</report>
			<report>
				<misses>3420001</misses>
				<total>17</total>
				<timestamp>990.832150</timestamp>
			</report>
			<report>
				<misses>3421001</misses>
				<total>17</total>
				<timestamp>991.121869</timestamp>
			</report>
			<report>
				<misses>3422001</misses>
				<total>17</total>
				<timestamp>991.411627</timestamp>
			</report>
			<report>
				<misses>3423001</misses>
				<total>17</total>
				<timestamp>991.701294</timestamp>
			</report>
			<report>
				<misses>3424001</misses>
				<total>17</total>
				<timestamp>991.990988</timestamp>
			</report>
			<report>
				<misses>3425001</misses>
				<total>17</total>
				<timestamp>992.280729</timestamp>
			</report>
			<report>
				<misses>3426001</misses>
				<total>17</total>
				<timestamp>992.570412</timestamp>
			</report>
			<report>
				<misses>3427001</misses>
				<total>17</total>
				<timestamp>992.860131</timestamp>
			</report>
			<report>
				<misses>3428001</misses>
				<total>17</total>
				<timestamp>993.149819</timestamp>
			</report>
			<report>
				<misses>3429001</misses>
				<total>17</total>
				<timestamp>993.439578</timestamp>
			</report>
			<report>
				<misses>3430001</misses>
				<total>17</total>
				<timestamp>993.729246</timestamp>
			</report>
			<report>
				<misses>3431001</misses>
				<total>17</total>
				<timestamp>994.018974</timestamp>
			</report>
			<report>
				<misses>3432001</misses>
				<total>17</total>
				<timestamp>994.308718</timestamp>
			</report>
			<report>
				<misses>3433001</misses>
				<total>17</total>
				<timestamp>994.598374</timestamp>
			</report>
			<report>
				<misses>3434001</misses>
				<total>17</total>
				<timestamp>994.888105</timestamp>
			</report>
			<report>
				<misses>3435001</misses>
				<total>17</total>
				<timestamp>995.177795</timestamp>
			</report>
			<report>
				<misses>3436001</misses>
				<total>18</total>
				<timestamp>995.467550</timestamp>
			</report>
			<report>
				<misses>3437001</misses>
				<total>18</total>
				<timestamp>995.757235</timestamp>
			</report>
			<report>
				<misses>3438001</misses>
				<total>18</total>
				<timestamp>996.047026</timestamp>
			</report>
			<report>
				<misses>3439001</misses>
				<total>18</total>
				<timestamp>996.336784</timestamp>
			</report>
			<report>
				<misses>3440001</misses>
				<total>18</total>
				<timestamp>996.626395</timestamp>
			</report>
			<report>
				<misses>3441001</misses>
				<total>18</total>
				<timestamp>996.916097</timestamp>
			</report>
			<report>
				<misses>3442001</misses>
				<total>18</total>
				<timestamp>997.205823</timestamp>
			</report>
			<report>
				<misses>3443001</misses>
				<total>18</total>
				<timestamp>997.495565</timestamp>
			</report>
			<report>
				<misses>3444001</misses>
				<total>18</total>
				<timestamp>997.785205</timestamp>
			</report>
			<report>
				<misses>3445001</misses>
				<total>18</total>
				<timestamp>998.075022</timestamp>
			</report>
			<report>
				<misses>3446001</misses>
				<total>18</total>
				<timestamp>998.364644</timestamp>
			</report>
			<report>
				<misses>3447001</misses>
				<total>18</total>
				<timestamp>998.654367</timestamp>
			</report>
			<report>
				<misses>3448001</misses>
				<total>18</total>
				<timestamp>998.944096</timestamp>
			</report>
			<report>
				<misses>3449001</misses>
				<total>18</total>
				<timestamp>999.233799</timestamp>
			</report>
			<report>
				<misses>3450001</misses>
				<total>18</total>
				<timestamp>999.523666</timestamp>
			</report>
			<report>
				<misses>3451001</misses>
				<total>18</total>
				<timestamp>999.813238</timestamp>
			</report>
			<report>
				<misses>3452001</misses>
				<total>18</total>
				<timestamp>1000.102875</timestamp>
			</report>
			<report>
				<misses>3453001</misses>
				<total>18</total>
				<timestamp>1000.392654</timestamp>
			</report>
			<report>
				<misses>3454001</misses>
				<total>18</total>
				<timestamp>1000.682300</timestamp>
			</report>
			<report>
				<misses>3455001</misses>
				<total>18</total>
				<timestamp>1000.971999</timestamp>
			</report>
			<report>
				<misses>3456001</misses>
				<total>18</total>
				<timestamp>1001.261724</timestamp>
			</report>
			<report>
				<misses>3457001</misses>
				<total>18</total>
				<timestamp>1001.551438</timestamp>
			</report>
			<report>
				<misses>3458001</misses>
				<total>18</total>
				<timestamp>1001.841166</timestamp>
			</report>
			<report>
				<misses>3459001</misses>
				<total>18</total>
				<timestamp>1002.130893</timestamp>
			</report>
			<report>
				<misses>3460001</misses>
				<total>18</total>
				<timestamp>1002.420625</timestamp>
			</report>
			<report>
				<misses>3461001</misses>
				<total>18</total>
				<timestamp>1002.710385</timestamp>
			</report>
			<report>
				<misses>3462001</misses>
				<total>18</total>
				<timestamp>1003.000034</timestamp>
			</report>
			<report>
				<misses>3463001</misses>
				<total>18</total>
				<timestamp>1003.289726</timestamp>
			</report>
			<report>
				<misses>3464001</misses>
				<total>18</total>
				<timestamp>1003.579492</timestamp>
			</report>
			<report>
				<misses>3465001</misses>
				<total>18</total>
				<timestamp>1003.869197</timestamp>
			</report>
			<report>
				<misses>3466001</misses>
				<total>18</total>
				<timestamp>1004.158914</timestamp>
			</report>
			<report>
				<misses>3467001</misses>
				<total>18</total>
				<timestamp>1004.448597</timestamp>
			</report>
			<report>
				<misses>3468001</misses>
				<total>18</total>
				<timestamp>1004.738385</timestamp>
			</report>
			<report>
				<misses>3469001</misses>
				<total>18</total>
				<timestamp>1005.028055</timestamp>
			</report>
			<report>
				<misses>3470001</misses>
				<total>18</total>
				<timestamp>1005.317659</timestamp>
			</report>
			<report>
				<misses>3471001</misses>
				<total>18</total>
				<timestamp>1005.607360</timestamp>
			</report>
			<report>
				<misses>3472001</misses>
				<total>18</total>
				<timestamp>1005.897064</timestamp>
			</report>
			<report>
				<misses>3473001</misses>
				<total>18</total>
				<timestamp>1006.186805</timestamp>
			</report>
			<report>
				<misses>3474001</misses>
				<total>18</total>
				<timestamp>1006.476539</timestamp>
			</report>
			<report>
				<misses>3475001</misses>
				<total>18</total>
				<timestamp>1006.766213</timestamp>
			</report>
			<report>
				<misses>3476001</misses>
				<total>18</total>
				<timestamp>1007.055913</timestamp>
			</report>
			<report>
				<misses>3477001</misses>
				<total>18</total>
				<timestamp>1007.345675</timestamp>
			</report>
			<report>
				<misses>3478001</misses>
				<total>18</total>
				<timestamp>1007.635441</timestamp>
			</report>
			<report>
				<misses>3479001</misses>
				<total>18</total>
				<timestamp>1007.925153</timestamp>
			</report>
			<report>
				<misses>3480001</misses>
				<total>18</total>
				<timestamp>1008.214827</timestamp>
			</report>
			<report>
				<misses>3481001</misses>
				<total>18</total>
				<timestamp>1008.504587</timestamp>
			</report>
			<report>
				<misses>3482001</misses>
				<total>18</total>
				<timestamp>1008.794270</timestamp>
			</report>
			<report>
				<misses>3483001</misses>
				<total>18</total>
				<timestamp>1009.083902</timestamp>
			</report>
			<report>
				<misses>3484001</misses>
				<total>18</total>
				<timestamp>1009.373744</timestamp>
			</report>
			<report>
				<misses>3485001</misses>
				<total>18</total>
				<timestamp>1009.663320</timestamp>
			</report>
			<report>
				<misses>3486001</misses>
				<total>18</total>
				<timestamp>1009.953043</timestamp>
			</report>
			<report>
				<misses>3487001</misses>
				<total>18</total>
				<timestamp>1010.242859</timestamp>
			</report>
			<report>
				<misses>3488001</misses>
				<total>18</total>
				<timestamp>1010.532527</timestamp>
			</report>
			<report>
				<misses>3489001</misses>
				<total>18</total>
				<timestamp>1010.822135</timestamp>
			</report>
			<report>
				<misses>3490001</misses>
				<total>18</total>
				<timestamp>1011.111873</timestamp>
			</report>
			<report>
				<misses>3491001</misses>
				<total>18</total>
				<timestamp>1011.401589</timestamp>
			</report>
			<report>
				<misses>3492001</misses>
				<total>18</total>
				<timestamp>1011.691276</timestamp>
			</report>
			<report>
				<misses>3493001</misses>
				<total>18</total>
				<timestamp>1011.980980</timestamp>
			</report>
			<report>
				<misses>3494001</misses>
				<total>18</total>
				<timestamp>1012.270710</timestamp>
			</report>
			<report>
				<misses>3495001</misses>
				<total>18</total>
				<timestamp>1012.560427</timestamp>
			</report>
			<report>
				<misses>3496001</misses>
				<total>18</total>
				<timestamp>1012.850115</timestamp>
			</report>
			<report>
				<misses>3497001</misses>
				<total>18</total>
				<timestamp>1013.139835</timestamp>
			</report>
			<report>
				<misses>3498001</misses>
				<total>18</total>
				<timestamp>1013.429562</timestamp>
			</report>
			<report>
				<misses>3499001</misses>
				<total>18</total>
				<timestamp>1013.719264</timestamp>
			</report>
			<report>
				<misses>3500001</misses>
				<total>18</total>
				<timestamp>1014.008956</timestamp>
			</report>
			<report>
				<misses>3501001</misses>
				<total>18</total>
				<timestamp>1014.298666</timestamp>
			</report>
			<report>
				<misses>3502001</misses>
				<total>18</total>
				<timestamp>1014.588448</timestamp>
			</report>
			<report>
				<misses>3503001</misses>
				<total>18</total>
				<timestamp>1014.878095</timestamp>
			</report>
			<report>
				<misses>3504001</misses>
				<total>18</total>
				<timestamp>1015.167813</timestamp>
			</report>
			<report>
				<misses>3505001</misses>
				<total>18</total>
				<timestamp>1015.457537</timestamp>
			</report>
			<report>
				<misses>3506001</misses>
				<total>18</total>
				<timestamp>1015.747218</timestamp>
			</report>
			<report>
				<misses>3507001</misses>
				<total>18</total>
				<timestamp>1016.036927</timestamp>
			</report>
			<report>
				<misses>3508001</misses>
				<total>18</total>
				<timestamp>1016.326754</timestamp>
			</report>
			<report>
				<misses>3509001</misses>
				<total>18</total>
				<timestamp>1016.616420</timestamp>
			</report>
			<report>
				<misses>3510001</misses>
				<total>18</total>
				<timestamp>1016.906080</timestamp>
			</report>
			<report>
				<misses>3511001</misses>
				<total>18</total>
				<timestamp>1017.195815</timestamp>
			</report>
			<report>
				<misses>3512001</misses>
				<total>18</total>
				<timestamp>1017.485505</timestamp>
			</report>
			<report>
				<misses>3513001</misses>
				<total>18</total>
				<timestamp>1017.775205</timestamp>
			</report>
			<report>
				<misses>3514001</misses>
				<total>18</total>
				<timestamp>1018.064903</timestamp>
			</report>
			<report>
				<misses>3515001</misses>
				<total>18</total>
				<timestamp>1018.354627</timestamp>
			</report>
			<report>
				<misses>3516001</misses>
				<total>18</total>
				<timestamp>1018.644331</timestamp>
			</report>
			<report>
				<misses>3517001</misses>
				<total>18</total>
				<timestamp>1018.934026</timestamp>
			</report>
			<report>
				<misses>3518001</misses>
				<total>18</total>
				<timestamp>1019.223772</timestamp>
			</report>
			<report>
				<misses>3519001</misses>
				<total>18</total>
				<timestamp>1019.513482</timestamp>
			</report>
			<report>
				<misses>3520001</misses>
				<total>18</total>
				<timestamp>1019.803146</timestamp>
			</report>
			<report>
				<misses>3521001</misses>
				<total>18</total>
				<timestamp>1020.092859</timestamp>
			</report>
			<report>
				<misses>3522001</misses>
				<total>18</total>
				<timestamp>1020.382577</timestamp>
			</report>
			<report>
				<misses>3523001</misses>
				<total>18</total>
				<timestamp>1020.672347</timestamp>
			</report>
			<report>
				<misses>3524001</misses>
				<total>18</total>
				<timestamp>1020.961993</timestamp>
			</report>
			<report>
				<misses>3525001</misses>
				<total>18</total>
				<timestamp>1021.251762</timestamp>
			</report>
			<report>
				<misses>3526001</misses>
				<total>18</total>
				<timestamp>1021.541459</timestamp>
			</report>
			<report>
				<misses>3527001</misses>
				<total>18</total>
				<timestamp>1021.831124</timestamp>
			</report>
			<report>
				<misses>3528001</misses>
				<total>18</total>
				<timestamp>1022.120850</timestamp>
			</report>
			<report>
				<misses>3529001</misses>
				<total>18</total>
				<timestamp>1022.410575</timestamp>
			</report>
			<report>
				<misses>3530001</misses>
				<total>18</total>
				<timestamp>1022.700254</timestamp>
			</report>
			<report>
				<misses>3531001</misses>
				<total>18</total>
				<timestamp>1022.989967</timestamp>
			</report>
			<report>
				<misses>3532001</misses>
				<total>18</total>
				<timestamp>1023.279683</timestamp>
			</report>
			<report>
				<misses>3533001</misses>
				<total>18</total>
				<timestamp>1023.569498</timestamp>
			</report>
			<report>
				<misses>3534001</misses>
				<total>18</total>
				<timestamp>1023.859209</timestamp>
			</report>
			<report>
				<misses>3535001</misses>
				<total>18</total>
				<timestamp>1024.148883</timestamp>
			</report>
			<report>
				<misses>3536001</misses>
				<total>18</total>
				<timestamp>1024.438641</timestamp>
			</report>
			<report>
				<misses>3537001</misses>
				<total>18</total>
				<timestamp>1024.728220</timestamp>
			</report>
			<report>
				<misses>3538001</misses>
				<total>18</total>
				<timestamp>1025.017937</timestamp>
			</report>
			<report>
				<misses>3539001</misses>
				<total>18</total>
				<timestamp>1025.307689</timestamp>
			</report>
			<report>
				<misses>3540001</misses>
				<total>18</total>
				<timestamp>1025.597477</timestamp>
			</report>
			<report>
				<misses>3541001</misses>
				<total>18</total>
				<timestamp>1025.887131</timestamp>
			</report>
			<report>
				<misses>3542001</misses>
				<total>18</total>
				<timestamp>1026.176932</timestamp>
			</report>
			<report>
				<misses>3543001</misses>
				<total>18</total>
				<timestamp>1026.466652</timestamp>
			</report>
			<report>
				<misses>3544001</misses>
				<total>18</total>
				<timestamp>1026.756324</timestamp>
			</report>
			<report>
				<misses>3545001</misses>
				<total>18</total>
				<timestamp>1027.045952</timestamp>
			</report>
			<report>
				<misses>3546001</misses>
				<total>18</total>
				<timestamp>1027.335718</timestamp>
			</report>
			<report>
				<misses>3547001</misses>
				<total>18</total>
				<timestamp>1027.625516</timestamp>
			</report>
			<report>
				<misses>3548001</misses>
				<total>18</total>
				<timestamp>1027.915172</timestamp>
			</report>
			<report>
				<misses>3549001</misses>
				<total>18</total>
				<timestamp>1028.204778</timestamp>
			</report>
			<report>
				<misses>3550001</misses>
				<total>18</total>
				<timestamp>1028.494565</timestamp>
			</report>
			<report>
				<misses>3551001</misses>
				<total>18</total>
				<timestamp>1028.784220</timestamp>
			</report>
			<report>
				<misses>3552001</misses>
				<total>18</total>
				<timestamp>1029.073912</timestamp>
			</report>
			<report>
				<misses>3553001</misses>
				<total>18</total>
				<timestamp>1029.363606</timestamp>
			</report>
			<report>
				<misses>3554001</misses>
				<total>18</total>
				<timestamp>1029.653367</timestamp>
			</report>
			<report>
				<misses>3555001</misses>
				<total>18</total>
				<timestamp>1029.943134</timestamp>
			</report>
			<report>
				<misses>3556001</misses>
				<total>18</total>
				<timestamp>1030.232786</timestamp>
			</report>
			<report>
				<misses>3557001</misses>
				<total>18</total>
				<timestamp>1030.522443</timestamp>
			</report>
			<report>
				<misses>3558001</misses>
				<total>18</total>
				<timestamp>1030.812216</timestamp>
			</report>
			<report>
				<misses>3559001</misses>
				<total>18</total>
				<timestamp>1031.101843</timestamp>
			</report>
			<report>
				<misses>3560001</misses>
				<total>18</total>
				<timestamp>1031.391565</timestamp>
			</report>
			<report>
				<misses>3561001</misses>
				<total>18</total>
				<timestamp>1031.681298</timestamp>
			</report>
			<report>
				<misses>3562001</misses>
				<total>18</total>
				<timestamp>1031.970965</timestamp>
			</report>
			<report>
				<misses>3563001</misses>
				<total>18</total>
				<timestamp>1032.260696</timestamp>
			</report>
			<report>
				<misses>3564001</misses>
				<total>18</total>
				<timestamp>1032.550405</timestamp>
			</report>
			<report>
				<misses>3565001</misses>
				<total>18</total>
				<timestamp>1032.840107</timestamp>
			</report>
			<report>
				<misses>3566001</misses>
				<total>18</total>
				<timestamp>1033.129841</timestamp>
			</report>
			<report>
				<misses>3567001</misses>
				<total>18</total>
				<timestamp>1033.419528</timestamp>
			</report>
			<report>
				<misses>3568001</misses>
				<total>18</total>
				<timestamp>1033.709259</timestamp>
			</report>
			<report>
				<misses>3569001</misses>
				<total>18</total>
				<timestamp>1033.998940</timestamp>
			</report>
			<report>
				<misses>3570001</misses>
				<total>18</total>
				<timestamp>1034.288666</timestamp>
			</report>
			<report>
				<misses>3571001</misses>
				<total>18</total>
				<timestamp>1034.578392</timestamp>
			</report>
			<report>
				<misses>3572001</misses>
				<total>18</total>
				<timestamp>1034.868076</timestamp>
			</report>
			<report>
				<misses>3573001</misses>
				<total>18</total>
				<timestamp>1035.157778</timestamp>
			</report>
			<report>
				<misses>3574001</misses>
				<total>18</total>
				<timestamp>1035.447482</timestamp>
			</report>
			<report>
				<misses>3575001</misses>
				<total>18</total>
				<timestamp>1035.737213</timestamp>
			</report>
			<report>
				<misses>3576001</misses>
				<total>18</total>
				<timestamp>1036.026918</timestamp>
			</report>
			<report>
				<misses>3577001</misses>
				<total>18</total>
				<timestamp>1036.316669</timestamp>
			</report>
			<report>
				<misses>3578001</misses>
				<total>18</total>
				<timestamp>1036.606357</timestamp>
			</report>
			<report>
				<misses>3579001</misses>
				<total>18</total>
				<timestamp>1036.896166</timestamp>
			</report>
			<report>
				<misses>3580001</misses>
				<total>18</total>
				<timestamp>1037.185789</timestamp>
			</report>
			<report>
				<misses>3581001</misses>
				<total>18</total>
				<timestamp>1037.475465</timestamp>
			</report>
			<report>
				<misses>3582001</misses>
				<total>18</total>
				<timestamp>1037.765311</timestamp>
			</report>
			<report>
				<misses>3583001</misses>
				<total>18</total>
				<timestamp>1038.054905</timestamp>
			</report>
			<report>
				<misses>3584001</misses>
				<total>18</total>
				<timestamp>1038.344701</timestamp>
			</report>
			<report>
				<misses>3585001</misses>
				<total>18</total>
				<timestamp>1038.634329</timestamp>
			</report>
			<report>
				<misses>3586001</misses>
				<total>18</total>
				<timestamp>1038.924149</timestamp>
			</report>
			<report>
				<misses>3587001</misses>
				<total>18</total>
				<timestamp>1039.213871</timestamp>
			</report>
			<report>
				<misses>3588001</misses>
				<total>18</total>
				<timestamp>1039.503517</timestamp>
			</report>
			<report>
				<misses>3589001</misses>
				<total>18</total>
				<timestamp>1039.793209</timestamp>
			</report>
			<report>
				<misses>3590001</misses>
				<total>18</total>
				<timestamp>1040.083010</timestamp>
			</report>
			<report>
				<misses>3591001</misses>
				<total>18</total>
				<timestamp>1040.372580</timestamp>
			</report>
			<report>
				<misses>3592001</misses>
				<total>18</total>
				<timestamp>1040.662429</timestamp>
			</report>
			<report>
				<misses>3593001</misses>
				<total>18</total>
				<timestamp>1040.952070</timestamp>
			</report>
			<report>
				<misses>3594001</misses>
				<total>18</total>
				<timestamp>1041.241843</timestamp>
			</report>
			<report>
				<misses>3595001</misses>
				<total>18</total>
				<timestamp>1041.531535</timestamp>
			</report>
			<report>
				<misses>3596001</misses>
				<total>18</total>
				<timestamp>1041.821270</timestamp>
			</report>
			<report>
				<misses>3597001</misses>
				<total>18</total>
				<timestamp>1042.110928</timestamp>
			</report>
			<report>
				<misses>3598001</misses>
				<total>18</total>
				<timestamp>1042.400566</timestamp>
			</report>
			<report>
				<misses>3599001</misses>
				<total>18</total>
				<timestamp>1042.690355</timestamp>
			</report>
			<report>
				<misses>3600001</misses>
				<total>18</total>
				<timestamp>1042.979963</timestamp>
			</report>
			<report>
				<misses>3601001</misses>
				<total>18</total>
				<timestamp>1043.269688</timestamp>
			</report>
			<report>
				<misses>3602001</misses>
				<total>18</total>
				<timestamp>1043.559393</timestamp>
			</report>
			<report>
				<misses>3603001</misses>
				<total>18</total>
				<timestamp>1043.849079</timestamp>
			</report>
			<report>
				<misses>3604001</misses>
				<total>18</total>
				<timestamp>1044.138791</timestamp>
			</report>
			<report>
				<misses>3605001</misses>
				<total>18</total>
				<timestamp>1044.428511</timestamp>
			</report>
			<report>
				<misses>3606001</misses>
				<total>18</total>
				<timestamp>1044.718212</timestamp>
			</report>
			<report>
				<misses>3607001</misses>
				<total>18</total>
				<timestamp>1045.007940</timestamp>
			</report>
			<report>
				<misses>3608001</misses>
				<total>18</total>
				<timestamp>1045.297630</timestamp>
			</report>
			<report>
				<misses>3609001</misses>
				<total>18</total>
				<timestamp>1045.587400</timestamp>
			</report>
			<report>
				<misses>3610001</misses>
				<total>18</total>
				<timestamp>1045.877105</timestamp>
			</report>
			<report>
				<misses>3611001</misses>
				<total>18</total>
				<timestamp>1046.166801</timestamp>
			</report>
			<report>
				<misses>3612001</misses>
				<total>18</total>
				<timestamp>1046.456553</timestamp>
			</report>
			<report>
				<misses>3613001</misses>
				<total>18</total>
				<timestamp>1046.746272</timestamp>
			</report>
			<report>
				<misses>3614001</misses>
				<total>18</total>
				<timestamp>1047.035948</timestamp>
			</report>
			<report>
				<misses>3615001</misses>
				<total>18</total>
				<timestamp>1047.325614</timestamp>
			</report>
			<report>
				<misses>3616001</misses>
				<total>18</total>
				<timestamp>1047.615377</timestamp>
			</report>
			<report>
				<misses>3617001</misses>
				<total>18</total>
				<timestamp>1047.905091</timestamp>
			</report>
			<report>
				<misses>3618001</misses>
				<total>18</total>
				<timestamp>1048.194735</timestamp>
			</report>
			<report>
				<misses>3619001</misses>
				<total>18</total>
				<timestamp>1048.484438</timestamp>
			</report>
			<report>
				<misses>3620001</misses>
				<total>18</total>
				<timestamp>1048.774166</timestamp>
			</report>
			<report>
				<misses>3621001</misses>
				<total>18</total>
				<timestamp>1049.063865</timestamp>
			</report>
			<report>
				<misses>3622001</misses>
				<total>18</total>
				<timestamp>1049.353576</timestamp>
			</report>
			<report>
				<misses>3623001</misses>
				<total>18</total>
				<timestamp>1049.643328</timestamp>
			</report>
			<report>
				<misses>3624001</misses>
				<total>18</total>
				<timestamp>1049.932998</timestamp>
			</report>
			<report>
				<misses>3625001</misses>
				<total>18</total>
				<timestamp>1050.222720</timestamp>
			</report>
			<report>
				<misses>3626001</misses>
				<total>18</total>
				<timestamp>1050.512412</timestamp>
			</report>
			<report>
				<misses>3627001</misses>
				<total>18</total>
				<timestamp>1050.802130</timestamp>
			</report>
			<report>
				<misses>3628001</misses>
				<total>18</total>
				<timestamp>1051.091828</timestamp>
			</report>
			<report>
				<misses>3629001</misses>
				<total>18</total>
				<timestamp>1051.381551</timestamp>
			</report>
			<report>
				<misses>3630001</misses>
				<total>18</total>
				<timestamp>1051.671293</timestamp>
			</report>
			<report>
				<misses>3631001</misses>
				<total>18</total>
				<timestamp>1051.960960</timestamp>
			</report>
			<report>
				<misses>3632001</misses>
				<total>18</total>
				<timestamp>1052.250676</timestamp>
			</report>
			<report>
				<misses>3633001</misses>
				<total>18</total>
				<timestamp>1052.540375</timestamp>
			</report>
			<report>
				<misses>3634001</misses>
				<total>18</total>
				<timestamp>1052.830144</timestamp>
			</report>
			<report>
				<misses>3635001</misses>
				<total>18</total>
				<timestamp>1053.119807</timestamp>
			</report>
			<report>
				<misses>3636001</misses>
				<total>18</total>
				<timestamp>1053.409509</timestamp>
			</report>
			<report>
				<misses>3637001</misses>
				<total>18</total>
				<timestamp>1053.699345</timestamp>
			</report>
			<report>
				<misses>3638001</misses>
				<total>18</total>
				<timestamp>1053.988931</timestamp>
			</report>
			<report>
				<misses>3639001</misses>
				<total>18</total>
				<timestamp>1054.278704</timestamp>
			</report>
			<report>
				<misses>3640001</misses>
				<total>18</total>
				<timestamp>1054.568437</timestamp>
			</report>
			<report>
				<misses>3641001</misses>
				<total>18</total>
				<timestamp>1054.858063</timestamp>
			</report>
			<report>
				<misses>3642001</misses>
				<total>18</total>
				<timestamp>1055.147778</timestamp>
			</report>
			<report>
				<misses>3643001</misses>
				<total>18</total>
				<timestamp>1055.437526</timestamp>
			</report>
			<report>
				<misses>3644001</misses>
				<total>18</total>
				<timestamp>1055.727274</timestamp>
			</report>
			<report>
				<misses>3645001</misses>
				<total>18</total>
				<timestamp>1056.016968</timestamp>
			</report>
			<report>
				<misses>3646001</misses>
				<total>18</total>
				<timestamp>1056.306672</timestamp>
			</report>
			<report>
				<misses>3647001</misses>
				<total>18</total>
				<timestamp>1056.596430</timestamp>
			</report>
			<report>
				<misses>3648001</misses>
				<total>18</total>
				<timestamp>1056.886172</timestamp>
			</report>
			<report>
				<misses>3649001</misses>
				<total>18</total>
				<timestamp>1057.175779</timestamp>
			</report>
			<report>
				<misses>3650001</misses>
				<total>18</total>
				<timestamp>1057.465474</timestamp>
			</report>
			<report>
				<misses>3651001</misses>
				<total>18</total>
				<timestamp>1057.755236</timestamp>
			</report>
			<report>
				<misses>3652001</misses>
				<total>18</total>
				<timestamp>1058.044897</timestamp>
			</report>
			<report>
				<misses>3653001</misses>
				<total>18</total>
				<timestamp>1058.334736</timestamp>
			</report>
			<report>
				<misses>3654001</misses>
				<total>18</total>
				<timestamp>1058.624338</timestamp>
			</report>
			<report>
				<misses>3655001</misses>
				<total>18</total>
				<timestamp>1058.914115</timestamp>
			</report>
			<report>
				<misses>3656001</misses>
				<total>18</total>
				<timestamp>1059.203758</timestamp>
			</report>
			<report>
				<misses>3657001</misses>
				<total>18</total>
				<timestamp>1059.493418</timestamp>
			</report>
			<report>
				<misses>3658001</misses>
				<total>18</total>
				<timestamp>1059.783262</timestamp>
			</report>
			<report>
				<misses>3659001</misses>
				<total>18</total>
				<timestamp>1060.072920</timestamp>
			</report>
			<report>
				<misses>3660001</misses>
				<total>18</total>
				<timestamp>1060.362606</timestamp>
			</report>
			<report>
				<misses>3661001</misses>
				<total>18</total>
				<timestamp>1060.652366</timestamp>
			</report>
			<report>
				<misses>3662001</misses>
				<total>18</total>
				<timestamp>1060.942098</timestamp>
			</report>
			<report>
				<misses>3663001</misses>
				<total>18</total>
				<timestamp>1061.231705</timestamp>
			</report>
			<report>
				<misses>3664001</misses>
				<total>18</total>
				<timestamp>1061.521438</timestamp>
			</report>
			<report>
				<misses>3665001</misses>
				<total>18</total>
				<timestamp>1061.811162</timestamp>
			</report>
			<report>
				<misses>3666001</misses>
				<total>18</total>
				<timestamp>1062.100819</timestamp>
			</report>
			<report>
				<misses>3667001</misses>
				<total>18</total>
				<timestamp>1062.390609</timestamp>
			</report>
			<report>
				<misses>3668001</misses>
				<total>18</total>
				<timestamp>1062.680322</timestamp>
			</report>
			<report>
				<misses>3669001</misses>
				<total>18</total>
				<timestamp>1062.969936</timestamp>
			</report>
			<report>
				<misses>3670001</misses>
				<total>18</total>
				<timestamp>1063.259689</timestamp>
			</report>
			<report>
				<misses>3671001</misses>
				<total>18</total>
				<timestamp>1063.549367</timestamp>
			</report>
			<report>
				<misses>3672001</misses>
				<total>18</total>
				<timestamp>1063.839104</timestamp>
			</report>
			<report>
				<misses>3673001</misses>
				<total>18</total>
				<timestamp>1064.128839</timestamp>
			</report>
			<report>
				<misses>3674001</misses>
				<total>18</total>
				<timestamp>1064.418591</timestamp>
			</report>
			<report>
				<misses>3675001</misses>
				<total>18</total>
				<timestamp>1064.708251</timestamp>
			</report>
			<report>
				<misses>3676001</misses>
				<total>18</total>
				<timestamp>1064.997933</timestamp>
			</report>
			<report>
				<misses>3677001</misses>
				<total>18</total>
				<timestamp>1065.287626</timestamp>
			</report>
			<report>
				<misses>3678001</misses>
				<total>18</total>
				<timestamp>1065.577442</timestamp>
			</report>
			<report>
				<misses>3679001</misses>
				<total>18</total>
				<timestamp>1065.867116</timestamp>
			</report>
			<report>
				<misses>3680001</misses>
				<total>18</total>
				<timestamp>1066.156806</timestamp>
			</report>
			<report>
				<misses>3681001</misses>
				<total>18</total>
				<timestamp>1066.446468</timestamp>
			</report>
			<report>
				<misses>3682001</misses>
				<total>18</total>
				<timestamp>1066.736246</timestamp>
			</report>
			<report>
				<misses>3683001</misses>
				<total>18</total>
				<timestamp>1067.025880</timestamp>
			</report>
			<report>
				<misses>3684001</misses>
				<total>18</total>
				<timestamp>1067.315624</timestamp>
			</report>
			<report>
				<misses>3685001</misses>
				<total>18</total>
				<timestamp>1067.605309</timestamp>
			</report>
			<report>
				<misses>3686001</misses>
				<total>18</total>
				<timestamp>1067.895018</timestamp>
			</report>
			<report>
				<misses>3687001</misses>
				<total>18</total>
				<timestamp>1068.184741</timestamp>
			</report>
			<report>
				<misses>3688001</misses>
				<total>18</total>
				<timestamp>1068.474422</timestamp>
			</report>
			<report>
				<misses>3689001</misses>
				<total>18</total>
				<timestamp>1068.764140</timestamp>
			</report>
			<report>
				<misses>3690001</misses>
				<total>18</total>
				<timestamp>1069.053858</timestamp>
			</report>
			<report>
				<misses>3691001</misses>
				<total>18</total>
				<timestamp>1069.343568</timestamp>
			</report>
			<report>
				<misses>3692001</misses>
				<total>18</total>
				<timestamp>1069.633257</timestamp>
			</report>
			<report>
				<misses>3693001</misses>
				<total>18</total>
				<timestamp>1069.923014</timestamp>
			</report>
			<report>
				<misses>3694001</misses>
				<total>18</total>
				<timestamp>1070.212702</timestamp>
			</report>
			<report>
				<misses>3695001</misses>
				<total>18</total>
				<timestamp>1070.502403</timestamp>
			</report>
			<report>
				<misses>3696001</misses>
				<total>18</total>
				<timestamp>1070.792129</timestamp>
			</report>
			<report>
				<misses>3697001</misses>
				<total>18</total>
				<timestamp>1071.081830</timestamp>
			</report>
			<report>
				<misses>3698001</misses>
				<total>18</total>
				<timestamp>1071.371554</timestamp>
			</report>
			<report>
				<misses>3699001</misses>
				<total>18</total>
				<timestamp>1071.661267</timestamp>
			</report>
			<report>
				<misses>3700001</misses>
				<total>18</total>
				<timestamp>1071.950961</timestamp>
			</report>
			<report>
				<misses>3701001</misses>
				<total>18</total>
				<timestamp>1072.240670</timestamp>
			</report>
			<report>
				<misses>3702001</misses>
				<total>18</total>
				<timestamp>1072.530378</timestamp>
			</report>
			<report>
				<misses>3703001</misses>
				<total>18</total>
				<timestamp>1072.820121</timestamp>
			</report>
			<report>
				<misses>3704001</misses>
				<total>18</total>
				<timestamp>1073.109792</timestamp>
			</report>
			<report>
				<misses>3705001</misses>
				<total>18</total>
				<timestamp>1073.399508</timestamp>
			</report>
			<report>
				<misses>3706001</misses>
				<total>18</total>
				<timestamp>1073.689234</timestamp>
			</report>
			<report>
				<misses>3707001</misses>
				<total>18</total>
				<timestamp>1073.978922</timestamp>
			</report>
			<report>
				<misses>3708001</misses>
				<total>18</total>
				<timestamp>1074.268635</timestamp>
			</report>
			<report>
				<misses>3709001</misses>
				<total>18</total>
				<timestamp>1074.558488</timestamp>
			</report>
			<report>
				<misses>3710001</misses>
				<total>18</total>
				<timestamp>1074.848155</timestamp>
			</report>
			<report>
				<misses>3711001</misses>
				<total>18</total>
				<timestamp>1075.137862</timestamp>
			</report>
			<report>
				<misses>3712001</misses>
				<total>18</total>
				<timestamp>1075.427572</timestamp>
			</report>
			<report>
				<misses>3713001</misses>
				<total>18</total>
				<timestamp>1075.717279</timestamp>
			</report>
			<report>
				<misses>3714001</misses>
				<total>18</total>
				<timestamp>1076.006906</timestamp>
			</report>
			<report>
				<misses>3715001</misses>
				<total>18</total>
				<timestamp>1076.296649</timestamp>
			</report>
			<report>
				<misses>3716001</misses>
				<total>18</total>
				<timestamp>1076.586370</timestamp>
			</report>
			<report>
				<misses>3717001</misses>
				<total>18</total>
				<timestamp>1076.876158</timestamp>
			</report>
			<report>
				<misses>3718001</misses>
				<total>18</total>
				<timestamp>1077.165837</timestamp>
			</report>
			<report>
				<misses>3719001</misses>
				<total>18</total>
				<timestamp>1077.455497</timestamp>
			</report>
			<report>
				<misses>3720001</misses>
				<total>18</total>
				<timestamp>1077.745211</timestamp>
			</report>
			<report>
				<misses>3721001</misses>
				<total>18</total>
				<timestamp>1078.034984</timestamp>
			</report>
			<report>
				<misses>3722001</misses>
				<total>18</total>
				<timestamp>1078.324618</timestamp>
			</report>
			<report>
				<misses>3723001</misses>
				<total>18</total>
				<timestamp>1078.614287</timestamp>
			</report>
			<report>
				<misses>3724001</misses>
				<total>18</total>
				<timestamp>1078.904040</timestamp>
			</report>
			<report>
				<misses>3725001</misses>
				<total>18</total>
				<timestamp>1079.193717</timestamp>
			</report>
			<report>
				<misses>3726001</misses>
				<total>18</total>
				<timestamp>1079.483413</timestamp>
			</report>
			<report>
				<misses>3727001</misses>
				<total>18</total>
				<timestamp>1079.773150</timestamp>
			</report>
			<report>
				<misses>3728001</misses>
				<total>18</total>
				<timestamp>1080.062828</timestamp>
			</report>
			<report>
				<misses>3729001</misses>
				<total>18</total>
				<timestamp>1080.352550</timestamp>
			</report>
			<report>
				<misses>3730001</misses>
				<total>18</total>
				<timestamp>1080.642262</timestamp>
			</report>
			<report>
				<misses>3731001</misses>
				<total>18</total>
				<timestamp>1080.932066</timestamp>
			</report>
			<report>
				<misses>3732001</misses>
				<total>18</total>
				<timestamp>1081.221671</timestamp>
			</report>
			<report>
				<misses>3733001</misses>
				<total>18</total>
				<timestamp>1081.511404</timestamp>
			</report>
			<report>
				<misses>3734001</misses>
				<total>18</total>
				<timestamp>1081.801126</timestamp>
			</report>
			<report>
				<misses>3735001</misses>
				<total>18</total>
				<timestamp>1082.090810</timestamp>
			</report>
			<report>
				<misses>3736001</misses>
				<total>18</total>
				<timestamp>1082.380523</timestamp>
			</report>
			<report>
				<misses>3737001</misses>
				<total>18</total>
				<timestamp>1082.670244</timestamp>
			</report>
			<report>
				<misses>3738001</misses>
				<total>18</total>
				<timestamp>1082.960039</timestamp>
			</report>
			<report>
				<misses>3739001</misses>
				<total>18</total>
				<timestamp>1083.249646</timestamp>
			</report>
			<report>
				<misses>3740001</misses>
				<total>18</total>
				<timestamp>1083.539369</timestamp>
			</report>
			<report>
				<misses>3741001</misses>
				<total>18</total>
				<timestamp>1083.829112</timestamp>
			</report>
			<report>
				<misses>3742001</misses>
				<total>18</total>
				<timestamp>1084.118795</timestamp>
			</report>
			<report>
				<misses>3743001</misses>
				<total>18</total>
				<timestamp>1084.408487</timestamp>
			</report>
			<report>
				<misses>3744001</misses>
				<total>18</total>
				<timestamp>1084.698188</timestamp>
			</report>
			<report>
				<misses>3745001</misses>
				<total>18</total>
				<timestamp>1084.987934</timestamp>
			</report>
			<report>
				<misses>3746001</misses>
				<total>18</total>
				<timestamp>1085.277634</timestamp>
			</report>
			<report>
				<misses>3747001</misses>
				<total>18</total>
				<timestamp>1085.567409</timestamp>
			</report>
			<report>
				<misses>3748001</misses>
				<total>18</total>
				<timestamp>1085.857100</timestamp>
			</report>
			<report>
				<misses>3749001</misses>
				<total>18</total>
				<timestamp>1086.146900</timestamp>
			</report>
			<report>
				<misses>3750001</misses>
				<total>18</total>
				<timestamp>1086.436523</timestamp>
			</report>
			<report>
				<misses>3751001</misses>
				<total>18</total>
				<timestamp>1086.726288</timestamp>
			</report>
			<report>
				<misses>3752001</misses>
				<total>18</total>
				<timestamp>1087.015965</timestamp>
			</report>
			<report>
				<misses>3753001</misses>
				<total>18</total>
				<timestamp>1087.305654</timestamp>
			</report>
			<report>
				<misses>3754001</misses>
				<total>18</total>
				<timestamp>1087.595348</timestamp>
			</report>
			<report>
				<misses>3755001</misses>
				<total>18</total>
				<timestamp>1087.885152</timestamp>
			</report>
			<report>
				<misses>3756001</misses>
				<total>18</total>
				<timestamp>1088.174807</timestamp>
			</report>
			<report>
				<misses>3757001</misses>
				<total>18</total>
				<timestamp>1088.464453</timestamp>
			</report>
			<report>
				<misses>3758001</misses>
				<total>18</total>
				<timestamp>1088.754282</timestamp>
			</report>
			<report>
				<misses>3759001</misses>
				<total>18</total>
				<timestamp>1089.043880</timestamp>
			</report>
			<report>
				<misses>3760001</misses>
				<total>18</total>
				<timestamp>1089.333643</timestamp>
			</report>
			<report>
				<misses>3761001</misses>
				<total>18</total>
				<timestamp>1089.623371</timestamp>
			</report>
			<report>
				<misses>3762001</misses>
				<total>18</total>
				<timestamp>1089.913096</timestamp>
			</report>
			<report>
				<misses>3763001</misses>
				<total>18</total>
				<timestamp>1090.202705</timestamp>
			</report>
			<report>
				<misses>3764001</misses>
				<total>18</total>
				<timestamp>1090.492444</timestamp>
			</report>
			<report>
				<misses>3765001</misses>
				<total>18</total>
				<timestamp>1090.782140</timestamp>
			</report>
			<report>
				<misses>3766001</misses>
				<total>18</total>
				<timestamp>1091.071827</timestamp>
			</report>
			<report>
				<misses>3767001</misses>
				<total>18</total>
				<timestamp>1091.361560</timestamp>
			</report>
			<report>
				<misses>3768001</misses>
				<total>18</total>
				<timestamp>1091.651232</timestamp>
			</report>
			<report>
				<misses>3769001</misses>
				<total>18</total>
				<timestamp>1091.940991</timestamp>
			</report>
			<report>
				<misses>3770001</misses>
				<total>18</total>
				<timestamp>1092.230652</timestamp>
			</report>
			<report>
				<misses>3771001</misses>
				<total>18</total>
				<timestamp>1092.520373</timestamp>
			</report>
			<report>
				<misses>3772001</misses>
				<total>18</total>
				<timestamp>1092.810088</timestamp>
			</report>
			<report>
				<misses>3773001</misses>
				<total>18</total>
				<timestamp>1093.099780</timestamp>
			</report>
			<report>
				<misses>3774001</misses>
				<total>18</total>
				<timestamp>1093.389486</timestamp>
			</report>
			<report>
				<misses>3775001</misses>
				<total>18</total>
				<timestamp>1093.679191</timestamp>
			</report>
			<report>
				<misses>3776001</misses>
				<total>18</total>
				<timestamp>1093.968919</timestamp>
			</report>
			<report>
				<misses>3777001</misses>
				<total>18</total>
				<timestamp>1094.258643</timestamp>
			</report>
			<report>
				<misses>3778001</misses>
				<total>18</total>
				<timestamp>1094.548330</timestamp>
			</report>
			<report>
				<misses>3779001</misses>
				<total>18</total>
				<timestamp>1094.838047</timestamp>
			</report>
			<report>
				<misses>3780001</misses>
				<total>18</total>
				<timestamp>1095.127740</timestamp>
			</report>
			<report>
				<misses>3781001</misses>
				<total>18</total>
				<timestamp>1095.417488</timestamp>
			</report>
			<report>
				<misses>3782001</misses>
				<total>18</total>
				<timestamp>1095.707220</timestamp>
			</report>
			<report>
				<misses>3783001</misses>
				<total>18</total>
				<timestamp>1095.996893</timestamp>
			</report>
			<report>
				<misses>3784001</misses>
				<total>18</total>
				<timestamp>1096.286644</timestamp>
			</report>
			<report>
				<misses>3785001</misses>
				<total>18</total>
				<timestamp>1096.576389</timestamp>
			</report>
			<report>
				<misses>3786001</misses>
				<total>18</total>
				<timestamp>1096.866062</timestamp>
			</report>
			<report>
				<misses>3787001</misses>
				<total>18</total>
				<timestamp>1097.155824</timestamp>
			</report>
			<report>
				<misses>3788001</misses>
				<total>18</total>
				<timestamp>1097.445531</timestamp>
			</report>
			<report>
				<misses>3789001</misses>
				<total>18</total>
				<timestamp>1097.735157</timestamp>
			</report>
			<report>
				<misses>3790001</misses>
				<total>18</total>
				<timestamp>1098.024917</timestamp>
			</report>
			<report>
				<misses>3791001</misses>
				<total>18</total>
				<timestamp>1098.314583</timestamp>
			</report>
			<report>
				<misses>3792001</misses>
				<total>18</total>
				<timestamp>1098.604279</timestamp>
			</report>
			<report>
				<misses>3793001</misses>
				<total>18</total>
				<timestamp>1098.894004</timestamp>
			</report>
			<report>
				<misses>3794001</misses>
				<total>18</total>
				<timestamp>1099.183730</timestamp>
			</report>
			<report>
				<misses>3795001</misses>
				<total>18</total>
				<timestamp>1099.473412</timestamp>
			</report>
			<report>
				<misses>3796001</misses>
				<total>18</total>
				<timestamp>1099.763112</timestamp>
			</report>
			<report>
				<misses>3797001</misses>
				<total>18</total>
				<timestamp>1100.052875</timestamp>
			</report>
			<report>
				<misses>3798001</misses>
				<total>18</total>
				<timestamp>1100.342529</timestamp>
			</report>
			<report>
				<misses>3799001</misses>
				<total>18</total>
				<timestamp>1100.632247</timestamp>
			</report>
			<report>
				<misses>3800001</misses>
				<total>18</total>
				<timestamp>1100.921984</timestamp>
			</report>
			<report>
				<misses>3801001</misses>
				<total>18</total>
				<timestamp>1101.211658</timestamp>
			</report>
			<report>
				<misses>3802001</misses>
				<total>18</total>
				<timestamp>1101.501376</timestamp>
			</report>
			<report>
				<misses>3803001</misses>
				<total>18</total>
				<timestamp>1101.791083</timestamp>
			</report>
			<report>
				<misses>3804001</misses>
				<total>18</total>
				<timestamp>1102.080800</timestamp>
			</report>
			<report>
				<misses>3805001</misses>
				<total>18</total>
				<timestamp>1102.370505</timestamp>
			</report>
			<report>
				<misses>3806001</misses>
				<total>18</total>
				<timestamp>1102.660247</timestamp>
			</report>
			<report>
				<misses>3807001</misses>
				<total>18</total>
				<timestamp>1102.949981</timestamp>
			</report>
			<report>
				<misses>3808001</misses>
				<total>18</total>
				<timestamp>1103.239639</timestamp>
			</report>
			<report>
				<misses>3809001</misses>
				<total>18</total>
				<timestamp>1103.529407</timestamp>
			</report>
			<report>
				<misses>3810001</misses>
				<total>18</total>
				<timestamp>1103.819068</timestamp>
			</report>
			<report>
				<misses>3811001</misses>
				<total>18</total>
				<timestamp>1104.108755</timestamp>
			</report>
			<report>
				<misses>3812001</misses>
				<total>18</total>
				<timestamp>1104.398484</timestamp>
			</report>
			<report>
				<misses>3813001</misses>
				<total>18</total>
				<timestamp>1104.688191</timestamp>
			</report>
			<report>
				<misses>3814001</misses>
				<total>18</total>
				<timestamp>1104.977885</timestamp>
			</report>
			<report>
				<misses>3815001</misses>
				<total>18</total>
				<timestamp>1105.267632</timestamp>
			</report>
			<report>
				<misses>3816001</misses>
				<total>18</total>
				<timestamp>1105.557313</timestamp>
			</report>
			<report>
				<misses>3817001</misses>
				<total>18</total>
				<timestamp>1105.847030</timestamp>
			</report>
			<report>
				<misses>3818001</misses>
				<total>18</total>
				<timestamp>1106.136833</timestamp>
			</report>
			<report>
				<misses>3819001</misses>
				<total>18</total>
				<timestamp>1106.426524</timestamp>
			</report>
			<report>
				<misses>3820001</misses>
				<total>18</total>
				<timestamp>1106.716255</timestamp>
			</report>
			<report>
				<misses>3821001</misses>
				<total>18</total>
				<timestamp>1107.005938</timestamp>
			</report>
			<report>
				<misses>3822001</misses>
				<total>18</total>
				<timestamp>1107.295563</timestamp>
			</report>
			<report>
				<misses>3823001</misses>
				<total>18</total>
				<timestamp>1107.585292</timestamp>
			</report>
			<report>
				<misses>3824001</misses>
				<total>18</total>
				<timestamp>1107.875024</timestamp>
			</report>
			<report>
				<misses>3825001</misses>
				<total>18</total>
				<timestamp>1108.164715</timestamp>
			</report>
			<report>
				<misses>3826001</misses>
				<total>18</total>
				<timestamp>1108.454410</timestamp>
			</report>
			<report>
				<misses>3827001</misses>
				<total>18</total>
				<timestamp>1108.744126</timestamp>
			</report>
			<report>
				<misses>3828001</misses>
				<total>18</total>
				<timestamp>1109.033839</timestamp>
			</report>
			<report>
				<misses>3829001</misses>
				<total>18</total>
				<timestamp>1109.323543</timestamp>
			</report>
			<report>
				<misses>3830001</misses>
				<total>18</total>
				<timestamp>1109.613260</timestamp>
			</report>
			<report>
				<misses>3831001</misses>
				<total>18</total>
				<timestamp>1109.902998</timestamp>
			</report>
			<report>
				<misses>3832001</misses>
				<total>18</total>
				<timestamp>1110.192671</timestamp>
			</report>
			<report>
				<misses>3833001</misses>
				<total>18</total>
				<timestamp>1110.482380</timestamp>
			</report>
			<report>
				<misses>3834001</misses>
				<total>18</total>
				<timestamp>1110.772098</timestamp>
			</report>
			<report>
				<misses>3835001</misses>
				<total>18</total>
				<timestamp>1111.061829</timestamp>
			</report>
			<report>
				<misses>3836001</misses>
				<total>18</total>
				<timestamp>1111.351516</timestamp>
			</report>
			<report>
				<misses>3837001</misses>
				<total>18</total>
				<timestamp>1111.641212</timestamp>
			</report>
			<report>
				<misses>3838001</misses>
				<total>18</total>
				<timestamp>1111.930974</timestamp>
			</report>
			<report>
				<misses>3839001</misses>
				<total>18</total>
				<timestamp>1112.220629</timestamp>
			</report>
			<report>
				<misses>3840001</misses>
				<total>18</total>
				<timestamp>1112.510348</timestamp>
			</report>
			<report>
				<misses>3841001</misses>
				<total>18</total>
				<timestamp>1112.800051</timestamp>
			</report>
			<report>
				<misses>3842001</misses>
				<total>18</total>
				<timestamp>1113.089858</timestamp>
			</report>
			<report>
				<misses>3843001</misses>
				<total>18</total>
				<timestamp>1113.379485</timestamp>
			</report>
			<report>
				<misses>3844001</misses>
				<total>18</total>
				<timestamp>1113.669191</timestamp>
			</report>
			<report>
				<misses>3845001</misses>
				<total>18</total>
				<timestamp>1113.958923</timestamp>
			</report>
			<report>
				<misses>3846001</misses>
				<total>18</total>
				<timestamp>1114.248612</timestamp>
			</report>
			<report>
				<misses>3847001</misses>
				<total>18</total>
				<timestamp>1114.538323</timestamp>
			</report>
			<report>
				<misses>3848001</misses>
				<total>18</total>
				<timestamp>1114.828048</timestamp>
			</report>
			<report>
				<misses>3849001</misses>
				<total>18</total>
				<timestamp>1115.117861</timestamp>
			</report>
			<report>
				<misses>3850001</misses>
				<total>18</total>
				<timestamp>1115.407556</timestamp>
			</report>
			<report>
				<misses>3851001</misses>
				<total>18</total>
				<timestamp>1115.697295</timestamp>
			</report>
			<report>
				<misses>3852001</misses>
				<total>18</total>
				<timestamp>1115.986960</timestamp>
			</report>
			<report>
				<misses>3853001</misses>
				<total>18</total>
				<timestamp>1116.276672</timestamp>
			</report>
			<report>
				<misses>3854001</misses>
				<total>18</total>
				<timestamp>1116.566395</timestamp>
			</report>
			<report>
				<misses>3855001</misses>
				<total>18</total>
				<timestamp>1116.856089</timestamp>
			</report>
			<report>
				<misses>3856001</misses>
				<total>18</total>
				<timestamp>1117.145729</timestamp>
			</report>
			<report>
				<misses>3857001</misses>
				<total>18</total>
				<timestamp>1117.435504</timestamp>
			</report>
			<report>
				<misses>3858001</misses>
				<total>18</total>
				<timestamp>1117.725152</timestamp>
			</report>
			<report>
				<misses>3859001</misses>
				<total>18</total>
				<timestamp>1118.014865</timestamp>
			</report>
			<report>
				<misses>3860001</misses>
				<total>18</total>
				<timestamp>1118.304584</timestamp>
			</report>
			<report>
				<misses>3861001</misses>
				<total>18</total>
				<timestamp>1118.594358</timestamp>
			</report>
			<report>
				<misses>3862001</misses>
				<total>18</total>
				<timestamp>1118.884010</timestamp>
			</report>
			<report>
				<misses>3863001</misses>
				<total>18</total>
				<timestamp>1119.173777</timestamp>
			</report>
			<report>
				<misses>3864001</misses>
				<total>18</total>
				<timestamp>1119.463395</timestamp>
			</report>
			<report>
				<misses>3865001</misses>
				<total>18</total>
				<timestamp>1119.753105</timestamp>
			</report>
			<report>
				<misses>3866001</misses>
				<total>18</total>
				<timestamp>1120.042914</timestamp>
			</report>
			<report>
				<misses>3867001</misses>
				<total>18</total>
				<timestamp>1120.332552</timestamp>
			</report>
			<report>
				<misses>3868001</misses>
				<total>18</total>
				<timestamp>1120.622231</timestamp>
			</report>
			<report>
				<misses>3869001</misses>
				<total>18</total>
				<timestamp>1120.911987</timestamp>
			</report>
			<report>
				<misses>3870001</misses>
				<total>18</total>
				<timestamp>1121.201692</timestamp>
			</report>
			<report>
				<misses>3871001</misses>
				<total>18</total>
				<timestamp>1121.491383</timestamp>
			</report>
			<report>
				<misses>3872001</misses>
				<total>18</total>
				<timestamp>1121.781090</timestamp>
			</report>
			<report>
				<misses>3873001</misses>
				<total>18</total>
				<timestamp>1122.070829</timestamp>
			</report>
			<report>
				<misses>3874001</misses>
				<total>18</total>
				<timestamp>1122.360506</timestamp>
			</report>
			<report>
				<misses>3875001</misses>
				<total>18</total>
				<timestamp>1122.650215</timestamp>
			</report>
			<report>
				<misses>3876001</misses>
				<total>18</total>
				<timestamp>1122.939923</timestamp>
			</report>
			<report>
				<misses>3877001</misses>
				<total>18</total>
				<timestamp>1123.229634</timestamp>
			</report>
			<report>
				<misses>3878001</misses>
				<total>18</total>
				<timestamp>1123.519362</timestamp>
			</report>
			<report>
				<misses>3879001</misses>
				<total>18</total>
				<timestamp>1123.809044</timestamp>
			</report>
			<report>
				<misses>3880001</misses>
				<total>18</total>
				<timestamp>1124.098822</timestamp>
			</report>
			<report>
				<misses>3881001</misses>
				<total>18</total>
				<timestamp>1124.388488</timestamp>
			</report>
			<report>
				<misses>3882001</misses>
				<total>18</total>
				<timestamp>1124.678177</timestamp>
			</report>
			<report>
				<misses>3883001</misses>
				<total>18</total>
				<timestamp>1124.967968</timestamp>
			</report>
			<report>
				<misses>3884001</misses>
				<total>18</total>
				<timestamp>1125.257640</timestamp>
			</report>
			<report>
				<misses>3885001</misses>
				<total>18</total>
				<timestamp>1125.547325</timestamp>
			</report>
			<report>
				<misses>3886001</misses>
				<total>18</total>
				<timestamp>1125.837041</timestamp>
			</report>
			<report>
				<misses>3887001</misses>
				<total>18</total>
				<timestamp>1126.126782</timestamp>
			</report>
			<report>
				<misses>3888001</misses>
				<total>18</total>
				<timestamp>1126.416456</timestamp>
			</report>
			<report>
				<misses>3889001</misses>
				<total>18</total>
				<timestamp>1126.706204</timestamp>
			</report>
			<report>
				<misses>3890001</misses>
				<total>18</total>
				<timestamp>1126.996003</timestamp>
			</report>
			<report>
				<misses>3891001</misses>
				<total>18</total>
				<timestamp>1127.285636</timestamp>
			</report>
			<report>
				<misses>3892001</misses>
				<total>18</total>
				<timestamp>1127.575269</timestamp>
			</report>
			<report>
				<misses>3893001</misses>
				<total>18</total>
				<timestamp>1127.865020</timestamp>
			</report>
			<report>
				<misses>3894001</misses>
				<total>18</total>
				<timestamp>1128.154727</timestamp>
			</report>
			<report>
				<misses>3895001</misses>
				<total>18</total>
				<timestamp>1128.444432</timestamp>
			</report>
			<report>
				<misses>3896001</misses>
				<total>18</total>
				<timestamp>1128.734146</timestamp>
			</report>
			<report>
				<misses>3897001</misses>
				<total>18</total>
				<timestamp>1129.023874</timestamp>
			</report>
			<report>
				<misses>3898001</misses>
				<total>18</total>
				<timestamp>1129.313562</timestamp>
			</report>
			<report>
				<misses>3899001</misses>
				<total>18</total>
				<timestamp>1129.603267</timestamp>
			</report>
			<report>
				<misses>3900001</misses>
				<total>18</total>
				<timestamp>1129.892962</timestamp>
			</report>
			<report>
				<misses>3901001</misses>
				<total>18</total>
				<timestamp>1130.182747</timestamp>
			</report>
			<report>
				<misses>3902001</misses>
				<total>18</total>
				<timestamp>1130.472378</timestamp>
			</report>
			<report>
				<misses>3903001</misses>
				<total>18</total>
				<timestamp>1130.762103</timestamp>
			</report>
			<report>
				<misses>3904001</misses>
				<total>18</total>
				<timestamp>1131.051821</timestamp>
			</report>
			<report>
				<misses>3905001</misses>
				<total>18</total>
				<timestamp>1131.341504</timestamp>
			</report>
			<report>
				<misses>3906001</misses>
				<total>18</total>
				<timestamp>1131.631218</timestamp>
			</report>
			<report>
				<misses>3907001</misses>
				<total>18</total>
				<timestamp>1131.920923</timestamp>
			</report>
			<report>
				<misses>3908001</misses>
				<total>18</total>
				<timestamp>1132.210644</timestamp>
			</report>
			<report>
				<misses>3909001</misses>
				<total>18</total>
				<timestamp>1132.500346</timestamp>
			</report>
			<report>
				<misses>3910001</misses>
				<total>18</total>
				<timestamp>1132.790084</timestamp>
			</report>
			<report>
				<misses>3911001</misses>
				<total>18</total>
				<timestamp>1133.079797</timestamp>
			</report>
			<report>
				<misses>3912001</misses>
				<total>18</total>
				<timestamp>1133.369486</timestamp>
			</report>
			<report>
				<misses>3913001</misses>
				<total>18</total>
				<timestamp>1133.659184</timestamp>
			</report>
			<report>
				<misses>3914001</misses>
				<total>18</total>
				<timestamp>1133.948919</timestamp>
			</report>
			<report>
				<misses>3915001</misses>
				<total>18</total>
				<timestamp>1134.238626</timestamp>
			</report>
			<report>
				<misses>3916001</misses>
				<total>18</total>
				<timestamp>1134.528305</timestamp>
			</report>
			<report>
				<misses>3917001</misses>
				<total>18</total>
				<timestamp>1134.818028</timestamp>
			</report>
			<report>
				<misses>3918001</misses>
				<total>18</total>
				<timestamp>1135.107768</timestamp>
			</report>
			<report>
				<misses>3919001</misses>
				<total>18</total>
				<timestamp>1135.397437</timestamp>
			</report>
			<report>
				<misses>3920001</misses>
				<total>18</total>
				<timestamp>1135.687157</timestamp>
			</report>
			<report>
				<misses>3921001</misses>
				<total>18</total>
				<timestamp>1135.976876</timestamp>
			</report>
			<report>
				<misses>3922001</misses>
				<total>18</total>
				<timestamp>1136.266632</timestamp>
			</report>
			<report>
				<misses>3923001</misses>
				<total>18</total>
				<timestamp>1136.556286</timestamp>
			</report>
			<report>
				<misses>3924001</misses>
				<total>18</total>
				<timestamp>1136.845994</timestamp>
			</report>
			<report>
				<misses>3925001</misses>
				<total>18</total>
				<timestamp>1137.135733</timestamp>
			</report>
			<report>
				<misses>3926001</misses>
				<total>18</total>
				<timestamp>1137.425411</timestamp>
			</report>
			<report>
				<misses>3927001</misses>
				<total>18</total>
				<timestamp>1137.715135</timestamp>
			</report>
			<report>
				<misses>3928001</misses>
				<total>18</total>
				<timestamp>1138.004844</timestamp>
			</report>
			<report>
				<misses>3929001</misses>
				<total>18</total>
				<timestamp>1138.294669</timestamp>
			</report>
			<report>
				<misses>3930001</misses>
				<total>18</total>
				<timestamp>1138.584277</timestamp>
			</report>
			<report>
				<misses>3931001</misses>
				<total>18</total>
				<timestamp>1138.874046</timestamp>
			</report>
			<report>
				<misses>3932001</misses>
				<total>18</total>
				<timestamp>1139.163830</timestamp>
			</report>
			<report>
				<misses>3933001</misses>
				<total>18</total>
				<timestamp>1139.453452</timestamp>
			</report>
			<report>
				<misses>3934001</misses>
				<total>18</total>
				<timestamp>1139.743119</timestamp>
			</report>
			<report>
				<misses>3935001</misses>
				<total>18</total>
				<timestamp>1140.032936</timestamp>
			</report>
			<report>
				<misses>3936001</misses>
				<total>18</total>
				<timestamp>1140.322607</timestamp>
			</report>
			<report>
				<misses>3937001</misses>
				<total>18</total>
				<timestamp>1140.612267</timestamp>
			</report>
			<report>
				<misses>3938001</misses>
				<total>18</total>
				<timestamp>1140.901932</timestamp>
			</report>
			<report>
				<misses>3939001</misses>
				<total>18</total>
				<timestamp>1141.191693</timestamp>
			</report>
			<report>
				<misses>3940001</misses>
				<total>18</total>
				<timestamp>1141.481406</timestamp>
			</report>
			<report>
				<misses>3941001</misses>
				<total>18</total>
				<timestamp>1141.771150</timestamp>
			</report>
			<report>
				<misses>3942001</misses>
				<total>18</total>
				<timestamp>1142.060895</timestamp>
			</report>
			<report>
				<misses>3943001</misses>
				<total>18</total>
				<timestamp>1142.350630</timestamp>
			</report>
			<report>
				<misses>3944001</misses>
				<total>18</total>
				<timestamp>1142.640325</timestamp>
			</report>
			<report>
				<misses>3945001</misses>
				<total>18</total>
				<timestamp>1142.929989</timestamp>
			</report>
			<report>
				<misses>3946001</misses>
				<total>18</total>
				<timestamp>1143.219791</timestamp>
			</report>
			<report>
				<misses>3947001</misses>
				<total>18</total>
				<timestamp>1143.509448</timestamp>
			</report>
			<report>
				<misses>3948001</misses>
				<total>18</total>
				<timestamp>1143.799076</timestamp>
			</report>
			<report>
				<misses>3949001</misses>
				<total>18</total>
				<timestamp>1144.088785</timestamp>
			</report>
			<report>
				<misses>3950001</misses>
				<total>18</total>
				<timestamp>1144.378520</timestamp>
			</report>
			<report>
				<misses>3951001</misses>
				<total>18</total>
				<timestamp>1144.668214</timestamp>
			</report>
			<report>
				<misses>3952001</misses>
				<total>18</total>
				<timestamp>1144.957989</timestamp>
			</report>
			<report>
				<misses>3953001</misses>
				<total>18</total>
				<timestamp>1145.247688</timestamp>
			</report>
			<report>
				<misses>3954001</misses>
				<total>18</total>
				<timestamp>1145.537301</timestamp>
			</report>
			<report>
				<misses>3955001</misses>
				<total>18</total>
				<timestamp>1145.827136</timestamp>
			</report>
			<report>
				<misses>3956001</misses>
				<total>18</total>
				<timestamp>1146.116835</timestamp>
			</report>
			<report>
				<misses>3957001</misses>
				<total>18</total>
				<timestamp>1146.406442</timestamp>
			</report>
			<report>
				<misses>3958001</misses>
				<total>18</total>
				<timestamp>1146.696205</timestamp>
			</report>
			<report>
				<misses>3959001</misses>
				<total>18</total>
				<timestamp>1146.985933</timestamp>
			</report>
			<report>
				<misses>3960001</misses>
				<total>18</total>
				<timestamp>1147.275614</timestamp>
			</report>
			<report>
				<misses>3961001</misses>
				<total>18</total>
				<timestamp>1147.565364</timestamp>
			</report>
			<report>
				<misses>3962001</misses>
				<total>18</total>
				<timestamp>1147.855075</timestamp>
			</report>
			<report>
				<misses>3963001</misses>
				<total>18</total>
				<timestamp>1148.144732</timestamp>
			</report>
			<report>
				<misses>3964001</misses>
				<total>18</total>
				<timestamp>1148.434454</timestamp>
			</report>
			<report>
				<misses>3965001</misses>
				<total>18</total>
				<timestamp>1148.724140</timestamp>
			</report>
			<report>
				<misses>3966001</misses>
				<total>18</total>
				<timestamp>1149.013951</timestamp>
			</report>
			<report>
				<misses>3967001</misses>
				<total>18</total>
				<timestamp>1149.303557</timestamp>
			</report>
			<report>
				<misses>3968001</misses>
				<total>18</total>
				<timestamp>1149.593244</timestamp>
			</report>
			<report>
				<misses>3969001</misses>
				<total>18</total>
				<timestamp>1149.882939</timestamp>
			</report>
			<report>
				<misses>3970001</misses>
				<total>18</total>
				<timestamp>1150.172671</timestamp>
			</report>
			<report>
				<misses>3971001</misses>
				<total>18</total>
				<timestamp>1150.462354</timestamp>
			</report>
			<report>
				<misses>3972001</misses>
				<total>18</total>
				<timestamp>1150.752087</timestamp>
			</report>
			<report>
				<misses>3973001</misses>
				<total>18</total>
				<timestamp>1151.041799</timestamp>
			</report>
			<report>
				<misses>3974001</misses>
				<total>18</total>
				<timestamp>1151.331504</timestamp>
			</report>
			<report>
				<misses>3975001</misses>
				<total>18</total>
				<timestamp>1151.621220</timestamp>
			</report>
			<report>
				<misses>3976001</misses>
				<total>18</total>
				<timestamp>1151.910914</timestamp>
			</report>
			<report>
				<misses>3977001</misses>
				<total>18</total>
				<timestamp>1152.200735</timestamp>
			</report>
			<report>
				<misses>3978001</misses>
				<total>18</total>
				<timestamp>1152.490377</timestamp>
			</report>
			<report>
				<misses>3979001</misses>
				<total>18</total>
				<timestamp>1152.780108</timestamp>
			</report>
			<report>
				<misses>3980001</misses>
				<total>18</total>
				<timestamp>1153.069865</timestamp>
			</report>
			<report>
				<misses>3981001</misses>
				<total>18</total>
				<timestamp>1153.359515</timestamp>
			</report>
			<report>
				<misses>3982001</misses>
				<total>18</total>
				<timestamp>1153.649230</timestamp>
			</report>
			<report>
				<misses>3983001</misses>
				<total>18</total>
				<timestamp>1153.938958</timestamp>
			</report>
			<report>
				<misses>3984001</misses>
				<total>18</total>
				<timestamp>1154.228761</timestamp>
			</report>
			<report>
				<misses>3985001</misses>
				<total>18</total>
				<timestamp>1154.518340</timestamp>
			</report>
			<report>
				<misses>3986001</misses>
				<total>18</total>
				<timestamp>1154.808098</timestamp>
			</report>
			<report>
				<misses>3987001</misses>
				<total>18</total>
				<timestamp>1155.097851</timestamp>
			</report>
			<report>
				<misses>3988001</misses>
				<total>18</total>
				<timestamp>1155.387478</timestamp>
			</report>
			<report>
				<misses>3989001</misses>
				<total>18</total>
				<timestamp>1155.677242</timestamp>
			</report>
			<report>
				<misses>3990001</misses>
				<total>18</total>
				<timestamp>1155.966876</timestamp>
			</report>
			<report>
				<misses>3991001</misses>
				<total>18</total>
				<timestamp>1156.256634</timestamp>
			</report>
			<report>
				<misses>3992001</misses>
				<total>18</total>
				<timestamp>1156.546294</timestamp>
			</report>
			<report>
				<misses>3993001</misses>
				<total>18</total>
				<timestamp>1156.835996</timestamp>
			</report>
			<report>
				<misses>3994001</misses>
				<total>18</total>
				<timestamp>1157.125720</timestamp>
			</report>
			<report>
				<misses>3995001</misses>
				<total>18</total>
				<timestamp>1157.415406</timestamp>
			</report>
			<report>
				<misses>3996001</misses>
				<total>18</total>
				<timestamp>1157.705121</timestamp>
			</report>
			<report>
				<misses>3997001</misses>
				<total>18</total>
				<timestamp>1157.994881</timestamp>
			</report>
			<report>
				<misses>3998001</misses>
				<total>18</total>
				<timestamp>1158.284561</timestamp>
			</report>
			<report>
				<misses>3999001</misses>
				<total>18</total>
				<timestamp>1158.574240</timestamp>
			</report>
			<report>
				<misses>4000001</misses>
				<total>18</total>
				<timestamp>1158.863939</timestamp>
			</report>
			<report>
				<misses>4001001</misses>
				<total>18</total>
				<timestamp>1159.153701</timestamp>
			</report>
			<report>
				<misses>4002001</misses>
				<total>18</total>
				<timestamp>1159.443381</timestamp>
			</report>
			<report>
				<misses>4003001</misses>
				<total>18</total>
				<timestamp>1159.733067</timestamp>
			</report>
			<report>
				<misses>4004001</misses>
				<total>18</total>
				<timestamp>1160.022798</timestamp>
			</report>
			<report>
				<misses>4005001</misses>
				<total>18</total>
				<timestamp>1160.312536</timestamp>
			</report>
			<report>
				<misses>4006001</misses>
				<total>18</total>
				<timestamp>1160.602215</timestamp>
			</report>
			<report>
				<misses>4007001</misses>
				<total>18</total>
				<timestamp>1160.891907</timestamp>
			</report>
			<report>
				<misses>4008001</misses>
				<total>18</total>
				<timestamp>1161.181634</timestamp>
			</report>
			<report>
				<misses>4009001</misses>
				<total>18</total>
				<timestamp>1161.471354</timestamp>
			</report>
			<report>
				<misses>4010001</misses>
				<total>18</total>
				<timestamp>1161.761052</timestamp>
			</report>
			<report>
				<misses>4011001</misses>
				<total>18</total>
				<timestamp>1162.050790</timestamp>
			</report>
			<report>
				<misses>4012001</misses>
				<total>18</total>
				<timestamp>1162.340511</timestamp>
			</report>
			<report>
				<misses>4013001</misses>
				<total>18</total>
				<timestamp>1162.630185</timestamp>
			</report>
			<report>
				<misses>4014001</misses>
				<total>18</total>
				<timestamp>1162.919905</timestamp>
			</report>
			<report>
				<misses>4015001</misses>
				<total>18</total>
				<timestamp>1163.209647</timestamp>
			</report>
			<report>
				<misses>4016001</misses>
				<total>18</total>
				<timestamp>1163.499310</timestamp>
			</report>
			<report>
				<misses>4017001</misses>
				<total>18</total>
				<timestamp>1163.789139</timestamp>
			</report>
			<report>
				<misses>4018001</misses>
				<total>18</total>
				<timestamp>1164.078757</timestamp>
			</report>
			<report>
				<misses>4019001</misses>
				<total>18</total>
				<timestamp>1164.368550</timestamp>
			</report>
			<report>
				<misses>4020001</misses>
				<total>18</total>
				<timestamp>1164.658183</timestamp>
			</report>
			<report>
				<misses>4021001</misses>
				<total>18</total>
				<timestamp>1164.947899</timestamp>
			</report>
			<report>
				<misses>4022001</misses>
				<total>18</total>
				<timestamp>1165.237625</timestamp>
			</report>
			<report>
				<misses>4023001</misses>
				<total>18</total>
				<timestamp>1165.527291</timestamp>
			</report>
			<report>
				<misses>4024001</misses>
				<total>18</total>
				<timestamp>1165.817017</timestamp>
			</report>
			<report>
				<misses>4025001</misses>
				<total>18</total>
				<timestamp>1166.106716</timestamp>
			</report>
			<report>
				<misses>4026001</misses>
				<total>18</total>
				<timestamp>1166.396416</timestamp>
			</report>
			<report>
				<misses>4027001</misses>
				<total>18</total>
				<timestamp>1166.686136</timestamp>
			</report>
			<report>
				<misses>4028001</misses>
				<total>18</total>
				<timestamp>1166.975920</timestamp>
			</report>
			<report>
				<misses>4029001</misses>
				<total>18</total>
				<timestamp>1167.265626</timestamp>
			</report>
			<report>
				<misses>4030001</misses>
				<total>18</total>
				<timestamp>1167.555359</timestamp>
			</report>
			<report>
				<misses>4031001</misses>
				<total>18</total>
				<timestamp>1167.845056</timestamp>
			</report>
			<report>
				<misses>4032001</misses>
				<total>18</total>
				<timestamp>1168.134783</timestamp>
			</report>
			<report>
				<misses>4033001</misses>
				<total>18</total>
				<timestamp>1168.424442</timestamp>
			</report>
			<report>
				<misses>4034001</misses>
				<total>18</total>
				<timestamp>1168.714148</timestamp>
			</report>
			<report>
				<misses>4035001</misses>
				<total>18</total>
				<timestamp>1169.003913</timestamp>
			</report>
			<report>
				<misses>4036001</misses>
				<total>18</total>
				<timestamp>1169.293541</timestamp>
			</report>
			<report>
				<misses>4037001</misses>
				<total>18</total>
				<timestamp>1169.583275</timestamp>
			</report>
			<report>
				<misses>4038001</misses>
				<total>18</total>
				<timestamp>1169.873034</timestamp>
			</report>
			<report>
				<misses>4039001</misses>
				<total>18</total>
				<timestamp>1170.162791</timestamp>
			</report>
			<report>
				<misses>4040001</misses>
				<total>18</total>
				<timestamp>1170.452496</timestamp>
			</report>
			<report>
				<misses>4041001</misses>
				<total>18</total>
				<timestamp>1170.742138</timestamp>
			</report>
			<report>
				<misses>4042001</misses>
				<total>18</total>
				<timestamp>1171.031812</timestamp>
			</report>
			<report>
				<misses>4043001</misses>
				<total>18</total>
				<timestamp>1171.321640</timestamp>
			</report>
			<report>
				<misses>4044001</misses>
				<total>18</total>
				<timestamp>1171.611252</timestamp>
			</report>
			<report>
				<misses>4045001</misses>
				<total>18</total>
				<timestamp>1171.900972</timestamp>
			</report>
			<report>
				<misses>4046001</misses>
				<total>18</total>
				<timestamp>1172.190748</timestamp>
			</report>
			<report>
				<misses>4047001</misses>
				<total>18</total>
				<timestamp>1172.480368</timestamp>
			</report>
			<report>
				<misses>4048001</misses>
				<total>18</total>
				<timestamp>1172.770039</timestamp>
			</report>
			<report>
				<misses>4049001</misses>
				<total>18</total>
				<timestamp>1173.059756</timestamp>
			</report>
			<report>
				<misses>4050001</misses>
				<total>18</total>
				<timestamp>1173.349481</timestamp>
			</report>
			<report>
				<misses>4051001</misses>
				<total>18</total>
				<timestamp>1173.639182</timestamp>
			</report>
			<report>
				<misses>4052001</misses>
				<total>18</total>
				<timestamp>1173.928886</timestamp>
			</report>
			<report>
				<misses>4053001</misses>
				<total>18</total>
				<timestamp>1174.218615</timestamp>
			</report>
			<report>
				<misses>4054001</misses>
				<total>18</total>
				<timestamp>1174.508305</timestamp>
			</report>
			<report>
				<misses>4055001</misses>
				<total>18</total>
				<timestamp>1174.798021</timestamp>
			</report>
			<report>
				<misses>4056001</misses>
				<total>18</total>
				<timestamp>1175.087732</timestamp>
			</report>
			<report>
				<misses>4057001</misses>
				<total>18</total>
				<timestamp>1175.377475</timestamp>
			</report>
			<report>
				<misses>4058001</misses>
				<total>18</total>
				<timestamp>1175.667158</timestamp>
			</report>
			<report>
				<misses>4059001</misses>
				<total>18</total>
				<timestamp>1175.956853</timestamp>
			</report>
			<report>
				<misses>4060001</misses>
				<total>18</total>
				<timestamp>1176.246623</timestamp>
			</report>
			<report>
				<misses>4061001</misses>
				<total>18</total>
				<timestamp>1176.536271</timestamp>
			</report>
			<report>
				<misses>4062001</misses>
				<total>18</total>
				<timestamp>1176.825973</timestamp>
			</report>
			<report>
				<misses>4063001</misses>
				<total>18</total>
				<timestamp>1177.115714</timestamp>
			</report>
			<report>
				<misses>4064001</misses>
				<total>18</total>
				<timestamp>1177.405476</timestamp>
			</report>
			<report>
				<misses>4065001</misses>
				<total>18</total>
				<timestamp>1177.695108</timestamp>
			</report>
			<report>
				<misses>4066001</misses>
				<total>18</total>
				<timestamp>1177.984827</timestamp>
			</report>
			<report>
				<misses>4067001</misses>
				<total>18</total>
				<timestamp>1178.274542</timestamp>
			</report>
			<report>
				<misses>4068001</misses>
				<total>18</total>
				<timestamp>1178.564238</timestamp>
			</report>
			<report>
				<misses>4069001</misses>
				<total>18</total>
				<timestamp>1178.853962</timestamp>
			</report>
			<report>
				<misses>4070001</misses>
				<total>18</total>
				<timestamp>1179.143641</timestamp>
			</report>
			<report>
				<misses>4071001</misses>
				<total>18</total>
				<timestamp>1179.433411</timestamp>
			</report>
			<report>
				<misses>4072001</misses>
				<total>18</total>
				<timestamp>1179.723087</timestamp>
			</report>
			<report>
				<misses>4073001</misses>
				<total>18</total>
				<timestamp>1180.012798</timestamp>
			</report>
			<report>
				<misses>4074001</misses>
				<total>18</total>
				<timestamp>1180.302547</timestamp>
			</report>
			<report>
				<misses>4075001</misses>
				<total>18</total>
				<timestamp>1180.592266</timestamp>
			</report>
			<report>
				<misses>4076001</misses>
				<total>18</total>
				<timestamp>1180.882015</timestamp>
			</report>
			<report>
				<misses>4077001</misses>
				<total>18</total>
				<timestamp>1181.171664</timestamp>
			</report>
			<report>
				<misses>4078001</misses>
				<total>18</total>
				<timestamp>1181.461383</timestamp>
			</report>
			<report>
				<misses>4079001</misses>
				<total>18</total>
				<timestamp>1181.751199</timestamp>
			</report>
			<report>
				<misses>4080001</misses>
				<total>18</total>
				<timestamp>1182.040889</timestamp>
			</report>
			<report>
				<misses>4081001</misses>
				<total>18</total>
				<timestamp>1182.330663</timestamp>
			</report>
			<report>
				<misses>4082001</misses>
				<total>18</total>
				<timestamp>1182.620336</timestamp>
			</report>
			<report>
				<misses>4083001</misses>
				<total>18</total>
				<timestamp>1182.909936</timestamp>
			</report>
			<report>
				<misses>4084001</misses>
				<total>18</total>
				<timestamp>1183.199731</timestamp>
			</report>
			<report>
				<misses>4085001</misses>
				<total>18</total>
				<timestamp>1183.489478</timestamp>
			</report>
			<report>
				<misses>4086001</misses>
				<total>18</total>
				<timestamp>1183.779028</timestamp>
			</report>
			<report>
				<misses>4087001</misses>
				<total>18</total>
				<timestamp>1184.068772</timestamp>
			</report>
			<report>
				<misses>4088001</misses>
				<total>18</total>
				<timestamp>1184.358504</timestamp>
			</report>
			<report>
				<misses>4089001</misses>
				<total>18</total>
				<timestamp>1184.648199</timestamp>
			</report>
			<report>
				<misses>4090001</misses>
				<total>18</total>
				<timestamp>1184.937917</timestamp>
			</report>
			<report>
				<misses>4091001</misses>
				<total>18</total>
				<timestamp>1185.227591</timestamp>
			</report>
			<report>
				<misses>4092001</misses>
				<total>18</total>
				<timestamp>1185.517344</timestamp>
			</report>
			<report>
				<misses>4093001</misses>
				<total>18</total>
				<timestamp>1185.807036</timestamp>
			</report>
			<report>
				<misses>4094001</misses>
				<total>18</total>
				<timestamp>1186.096811</timestamp>
			</report>
			<report>
				<misses>4095001</misses>
				<total>18</total>
				<timestamp>1186.386520</timestamp>
			</report>
			<report>
				<misses>4096001</misses>
				<total>18</total>
				<timestamp>1186.676182</timestamp>
			</report>
			<report>
				<misses>4097001</misses>
				<total>18</total>
				<timestamp>1186.965822</timestamp>
			</report>
			<report>
				<misses>4098001</misses>
				<total>18</total>
				<timestamp>1187.255626</timestamp>
			</report>
			<report>
				<misses>4099001</misses>
				<total>18</total>
				<timestamp>1187.545294</timestamp>
			</report>
			<report>
				<misses>4100001</misses>
				<total>18</total>
				<timestamp>1187.835050</timestamp>
			</report>
			<report>
				<misses>4101001</misses>
				<total>18</total>
				<timestamp>1188.124782</timestamp>
			</report>
			<report>
				<misses>4102001</misses>
				<total>18</total>
				<timestamp>1188.414481</timestamp>
			</report>
			<report>
				<misses>4103001</misses>
				<total>18</total>
				<timestamp>1188.704083</timestamp>
			</report>
			<report>
				<misses>4104001</misses>
				<total>18</total>
				<timestamp>1188.993784</timestamp>
			</report>
			<report>
				<misses>4105001</misses>
				<total>18</total>
				<timestamp>1189.283540</timestamp>
			</report>
			<report>
				<misses>4106001</misses>
				<total>18</total>
				<timestamp>1189.573320</timestamp>
			</report>
			<report>
				<misses>4107001</misses>
				<total>18</total>
				<timestamp>1189.862934</timestamp>
			</report>
			<report>
				<misses>4108001</misses>
				<total>18</total>
				<timestamp>1190.152652</timestamp>
			</report>
			<report>
				<misses>4109001</misses>
				<total>18</total>
				<timestamp>1190.442469</timestamp>
			</report>
			<report>
				<misses>4110001</misses>
				<total>18</total>
				<timestamp>1190.732062</timestamp>
			</report>
			<report>
				<misses>4111001</misses>
				<total>18</total>
				<timestamp>1191.021785</timestamp>
			</report>
			<report>
				<misses>4112001</misses>
				<total>18</total>
				<timestamp>1191.311526</timestamp>
			</report>
			<report>
				<misses>4113001</misses>
				<total>18</total>
				<timestamp>1191.601194</timestamp>
			</report>
			<report>
				<misses>4114001</misses>
				<total>18</total>
				<timestamp>1191.890905</timestamp>
			</report>
			<report>
				<misses>4115001</misses>
				<total>18</total>
				<timestamp>1192.180605</timestamp>
			</report>
			<report>
				<misses>4116001</misses>
				<total>18</total>
				<timestamp>1192.470353</timestamp>
			</report>
			<report>
				<misses>4117001</misses>
				<total>18</total>
				<timestamp>1192.760029</timestamp>
			</report>
			<report>
				<misses>4118001</misses>
				<total>18</total>
				<timestamp>1193.049729</timestamp>
			</report>
			<report>
				<misses>4119001</misses>
				<total>18</total>
				<timestamp>1193.339572</timestamp>
			</report>
			<report>
				<misses>4120001</misses>
				<total>18</total>
				<timestamp>1193.629312</timestamp>
			</report>
			<report>
				<misses>4121001</misses>
				<total>18</total>
				<timestamp>1193.918987</timestamp>
			</report>
			<report>
				<misses>4122001</misses>
				<total>22</total>
				<timestamp>1194.208592</timestamp>
			</report>
			<report>
				<misses>4123001</misses>
				<total>22</total>
				<timestamp>1194.498456</timestamp>
			</report>
			<report>
				<misses>4124001</misses>
				<total>22</total>
				<timestamp>1194.788032</timestamp>
			</report>
			<report>
				<misses>4125001</misses>
				<total>22</total>
				<timestamp>1195.077761</timestamp>
			</report>
			<report>
				<misses>4126001</misses>
				<total>22</total>
				<timestamp>1195.367447</timestamp>
			</report>
			<report>
				<misses>4127001</misses>
				<total>22</total>
				<timestamp>1195.657191</timestamp>
			</report>
			<report>
				<misses>4128001</misses>
				<total>22</total>
				<timestamp>1195.946843</timestamp>
			</report>
			<report>
				<misses>4129001</misses>
				<total>22</total>
				<timestamp>1196.236546</timestamp>
			</report>
			<report>
				<misses>4130001</misses>
				<total>22</total>
				<timestamp>1196.526270</timestamp>
			</report>
			<report>
				<misses>4131001</misses>
				<total>22</total>
				<timestamp>1196.815991</timestamp>
			</report>
			<report>
				<misses>4132001</misses>
				<total>22</total>
				<timestamp>1197.105675</timestamp>
			</report>
			<report>
				<misses>4133001</misses>
				<total>22</total>
				<timestamp>1197.395442</timestamp>
			</report>
			<report>
				<misses>4134001</misses>
				<total>22</total>
				<timestamp>1197.685086</timestamp>
			</report>
			<report>
				<misses>4135001</misses>
				<total>22</total>
				<timestamp>1197.974891</timestamp>
			</report>
			<report>
				<misses>4136001</misses>
				<total>22</total>
				<timestamp>1198.264604</timestamp>
			</report>
			<report>
				<misses>4137001</misses>
				<total>22</total>
				<timestamp>1198.554266</timestamp>
			</report>
			<report>
				<misses>4138001</misses>
				<total>22</total>
				<timestamp>1198.843943</timestamp>
			</report>
			<report>
				<misses>4139001</misses>
				<total>22</total>
				<timestamp>1199.133672</timestamp>
			</report>
			<report>
				<misses>4140001</misses>
				<total>22</total>
				<timestamp>1199.423406</timestamp>
			</report>
			<report>
				<misses>4141001</misses>
				<total>22</total>
				<timestamp>1199.713069</timestamp>
			</report>
			<report>
				<misses>4142001</misses>
				<total>22</total>
				<timestamp>1200.002785</timestamp>
			</report>
			<report>
				<misses>4143001</misses>
				<total>22</total>
				<timestamp>1200.292620</timestamp>
			</report>
			<report>
				<misses>4144001</misses>
				<total>22</total>
				<timestamp>1200.582266</timestamp>
			</report>
			<report>
				<misses>4145001</misses>
				<total>22</total>
				<timestamp>1200.871908</timestamp>
			</report>
			<report>
				<misses>4146001</misses>
				<total>22</total>
				<timestamp>1201.161644</timestamp>
			</report>
			<report>
				<misses>4147001</misses>
				<total>22</total>
				<timestamp>1201.451351</timestamp>
			</report>
			<report>
				<misses>4148001</misses>
				<total>22</total>
				<timestamp>1201.741026</timestamp>
			</report>
			<report>
				<misses>4149001</misses>
				<total>22</total>
				<timestamp>1202.030758</timestamp>
			</report>
			<report>
				<misses>4150001</misses>
				<total>22</total>
				<timestamp>1202.320483</timestamp>
			</report>
			<report>
				<misses>4151001</misses>
				<total>22</total>
				<timestamp>1202.610182</timestamp>
			</report>
			<report>
				<misses>4152001</misses>
				<total>22</total>
				<timestamp>1202.899874</timestamp>
			</report>
			<report>
				<misses>4153001</misses>
				<total>22</total>
				<timestamp>1203.189657</timestamp>
			</report>
			<report>
				<misses>4154001</misses>
				<total>22</total>
				<timestamp>1203.479329</timestamp>
			</report>
			<report>
				<misses>4155001</misses>
				<total>22</total>
				<timestamp>1203.769003</timestamp>
			</report>
			<report>
				<misses>4156001</misses>
				<total>22</total>
				<timestamp>1204.058717</timestamp>
			</report>
			<report>
				<misses>4157001</misses>
				<total>22</total>
				<timestamp>1204.348484</timestamp>
			</report>
			<report>
				<misses>4158001</misses>
				<total>22</total>
				<timestamp>1204.638137</timestamp>
			</report>
			<report>
				<misses>4159001</misses>
				<total>22</total>
				<timestamp>1204.927846</timestamp>
			</report>
			<report>
				<misses>4160001</misses>
				<total>22</total>
				<timestamp>1205.217596</timestamp>
			</report>
			<report>
				<misses>4161001</misses>
				<total>22</total>
				<timestamp>1205.507287</timestamp>
			</report>
			<report>
				<misses>4162001</misses>
				<total>22</total>
				<timestamp>1205.796985</timestamp>
			</report>
			<report>
				<misses>4163001</misses>
				<total>22</total>
				<timestamp>1206.086684</timestamp>
			</report>
			<report>
				<misses>4164001</misses>
				<total>22</total>
				<timestamp>1206.376419</timestamp>
			</report>
			<report>
				<misses>4165001</misses>
				<total>22</total>
				<timestamp>1206.666102</timestamp>
			</report>
			<report>
				<misses>4166001</misses>
				<total>22</total>
				<timestamp>1206.955830</timestamp>
			</report>
			<report>
				<misses>4167001</misses>
				<total>22</total>
				<timestamp>1207.245517</timestamp>
			</report>
			<report>
				<misses>4168001</misses>
				<total>22</total>
				<timestamp>1207.535275</timestamp>
			</report>
			<report>
				<misses>4169001</misses>
				<total>22</total>
				<timestamp>1207.824951</timestamp>
			</report>
			<report>
				<misses>4170001</misses>
				<total>22</total>
				<timestamp>1208.114663</timestamp>
			</report>
			<report>
				<misses>4171001</misses>
				<total>22</total>
				<timestamp>1208.404407</timestamp>
			</report>
			<report>
				<misses>4172001</misses>
				<total>22</total>
				<timestamp>1208.694070</timestamp>
			</report>
			<report>
				<misses>4173001</misses>
				<total>22</total>
				<timestamp>1208.983792</timestamp>
			</report>
			<report>
				<misses>4174001</misses>
				<total>22</total>
				<timestamp>1209.273546</timestamp>
			</report>
			<report>
				<misses>4175001</misses>
				<total>22</total>
				<timestamp>1209.563275</timestamp>
			</report>
			<report>
				<misses>4176001</misses>
				<total>22</total>
				<timestamp>1209.852923</timestamp>
			</report>
			<report>
				<misses>4177001</misses>
				<total>22</total>
				<timestamp>1210.142644</timestamp>
			</report>
			<report>
				<misses>4178001</misses>
				<total>22</total>
				<timestamp>1210.432407</timestamp>
			</report>
			<report>
				<misses>4179001</misses>
				<total>22</total>
				<timestamp>1210.722046</timestamp>
			</report>
			<report>
				<misses>4180001</misses>
				<total>22</total>
				<timestamp>1211.011758</timestamp>
			</report>
			<report>
				<misses>4181001</misses>
				<total>22</total>
				<timestamp>1211.301469</timestamp>
			</report>
			<report>
				<misses>4182001</misses>
				<total>22</total>
				<timestamp>1211.591211</timestamp>
			</report>
			<report>
				<misses>4183001</misses>
				<total>22</total>
				<timestamp>1211.880893</timestamp>
			</report>
			<report>
				<misses>4184001</misses>
				<total>22</total>
				<timestamp>1212.170622</timestamp>
			</report>
			<report>
				<misses>4185001</misses>
				<total>22</total>
				<timestamp>1212.460339</timestamp>
			</report>
			<report>
				<misses>4186001</misses>
				<total>22</total>
				<timestamp>1212.750033</timestamp>
			</report>
			<report>
				<misses>4187001</misses>
				<total>22</total>
				<timestamp>1213.039749</timestamp>
			</report>
			<report>
				<misses>4188001</misses>
				<total>22</total>
				<timestamp>1213.329470</timestamp>
			</report>
			<report>
				<misses>4189001</misses>
				<total>22</total>
				<timestamp>1213.619190</timestamp>
			</report>
			<report>
				<misses>4190001</misses>
				<total>22</total>
				<timestamp>1213.908853</timestamp>
			</report>
			<report>
				<misses>4191001</misses>
				<total>22</total>
				<timestamp>1214.198576</timestamp>
			</report>
			<report>
				<misses>4192001</misses>
				<total>22</total>
				<timestamp>1214.488273</timestamp>
			</report>
			<report>
				<misses>4193001</misses>
				<total>22</total>
				<timestamp>1214.777982</timestamp>
			</report>
			<report>
				<misses>4194001</misses>
				<total>22</total>
				<timestamp>1215.067715</timestamp>
			</report>
			<report>
				<misses>4195001</misses>
				<total>22</total>
				<timestamp>1215.357409</timestamp>
			</report>
			<report>
				<misses>4196001</misses>
				<total>22</total>
				<timestamp>1215.647164</timestamp>
			</report>
			<report>
				<misses>4197001</misses>
				<total>22</total>
				<timestamp>1215.936837</timestamp>
			</report>
			<report>
				<misses>4198001</misses>
				<total>22</total>
				<timestamp>1216.226551</timestamp>
			</report>
			<report>
				<misses>4199001</misses>
				<total>22</total>
				<timestamp>1216.516245</timestamp>
			</report>
			<report>
				<misses>4200001</misses>
				<total>22</total>
				<timestamp>1216.805962</timestamp>
			</report>
			<report>
				<misses>4201001</misses>
				<total>22</total>
				<timestamp>1217.095685</timestamp>
			</report>
			<report>
				<misses>4202001</misses>
				<total>22</total>
				<timestamp>1217.385383</timestamp>
			</report>
			<report>
				<misses>4203001</misses>
				<total>22</total>
				<timestamp>1217.675091</timestamp>
			</report>
			<report>
				<misses>4204001</misses>
				<total>22</total>
				<timestamp>1217.964811</timestamp>
			</report>
			<report>
				<misses>4205001</misses>
				<total>22</total>
				<timestamp>1218.254520</timestamp>
			</report>
			<report>
				<misses>4206001</misses>
				<total>22</total>
				<timestamp>1218.544249</timestamp>
			</report>
			<report>
				<misses>4207001</misses>
				<total>22</total>
				<timestamp>1218.833937</timestamp>
			</report>
			<report>
				<misses>4208001</misses>
				<total>22</total>
				<timestamp>1219.123670</timestamp>
			</report>
			<report>
				<misses>4209001</misses>
				<total>22</total>
				<timestamp>1219.413386</timestamp>
			</report>
			<report>
				<misses>4210001</misses>
				<total>22</total>
				<timestamp>1219.703052</timestamp>
			</report>
			<report>
				<misses>4211001</misses>
				<total>22</total>
				<timestamp>1219.992786</timestamp>
			</report>
			<report>
				<misses>4212001</misses>
				<total>22</total>
				<timestamp>1220.282472</timestamp>
			</report>
			<report>
				<misses>4213001</misses>
				<total>22</total>
				<timestamp>1220.572210</timestamp>
			</report>
			<report>
				<misses>4214001</misses>
				<total>22</total>
				<timestamp>1220.861892</timestamp>
			</report>
			<report>
				<misses>4215001</misses>
				<total>22</total>
				<timestamp>1221.151613</timestamp>
			</report>
			<report>
				<misses>4216001</misses>
				<total>22</total>
				<timestamp>1221.441345</timestamp>
			</report>
			<report>
				<misses>4217001</misses>
				<total>22</total>
				<timestamp>1221.731015</timestamp>
			</report>
			<report>
				<misses>4218001</misses>
				<total>22</total>
				<timestamp>1222.020749</timestamp>
			</report>
			<report>
				<misses>4219001</misses>
				<total>22</total>
				<timestamp>1222.310451</timestamp>
			</report>
			<report>
				<misses>4220001</misses>
				<total>22</total>
				<timestamp>1222.600174</timestamp>
			</report>
			<report>
				<misses>4221001</misses>
				<total>22</total>
				<timestamp>1222.889884</timestamp>
			</report>
			<report>
				<misses>4222001</misses>
				<total>22</total>
				<timestamp>1223.179589</timestamp>
			</report>
			<report>
				<misses>4223001</misses>
				<total>22</total>
				<timestamp>1223.469308</timestamp>
			</report>
			<report>
				<misses>4224001</misses>
				<total>22</total>
				<timestamp>1223.759021</timestamp>
			</report>
			<report>
				<misses>4225001</misses>
				<total>22</total>
				<timestamp>1224.048704</timestamp>
			</report>
			<report>
				<misses>4226001</misses>
				<total>22</total>
				<timestamp>1224.338408</timestamp>
			</report>
			<report>
				<misses>4227001</misses>
				<total>22</total>
				<timestamp>1224.628178</timestamp>
			</report>
			<report>
				<misses>4228001</misses>
				<total>22</total>
				<timestamp>1224.917830</timestamp>
			</report>
			<report>
				<misses>4229001</misses>
				<total>22</total>
				<timestamp>1225.207544</timestamp>
			</report>
			<report>
				<misses>4230001</misses>
				<total>22</total>
				<timestamp>1225.497277</timestamp>
			</report>
			<report>
				<misses>4231001</misses>
				<total>22</total>
				<timestamp>1225.786959</timestamp>
			</report>
			<report>
				<misses>4232001</misses>
				<total>22</total>
				<timestamp>1226.076668</timestamp>
			</report>
			<report>
				<misses>4233001</misses>
				<total>22</total>
				<timestamp>1226.366429</timestamp>
			</report>
			<report>
				<misses>4234001</misses>
				<total>22</total>
				<timestamp>1226.656161</timestamp>
			</report>
			<report>
				<misses>4235001</misses>
				<total>22</total>
				<timestamp>1226.945798</timestamp>
			</report>
			<report>
				<misses>4236001</misses>
				<total>22</total>
				<timestamp>1227.235525</timestamp>
			</report>
			<report>
				<misses>4237001</misses>
				<total>22</total>
				<timestamp>1227.525252</timestamp>
			</report>
			<report>
				<misses>4238001</misses>
				<total>22</total>
				<timestamp>1227.814929</timestamp>
			</report>
			<report>
				<misses>4239001</misses>
				<total>22</total>
				<timestamp>1228.104648</timestamp>
			</report>
			<report>
				<misses>4240001</misses>
				<total>22</total>
				<timestamp>1228.394404</timestamp>
			</report>
			<report>
				<misses>4241001</misses>
				<total>22</total>
				<timestamp>1228.684062</timestamp>
			</report>
			<report>
				<misses>4242001</misses>
				<total>22</total>
				<timestamp>1228.973784</timestamp>
			</report>
			<report>
				<misses>4243001</misses>
				<total>22</total>
				<timestamp>1229.263494</timestamp>
			</report>
			<report>
				<misses>4244001</misses>
				<total>22</total>
				<timestamp>1229.553211</timestamp>
			</report>
			<report>
				<misses>4245001</misses>
				<total>22</total>
				<timestamp>1229.842922</timestamp>
			</report>
			<report>
				<misses>4246001</misses>
				<total>22</total>
				<timestamp>1230.132640</timestamp>
			</report>
			<report>
				<misses>4247001</misses>
				<total>22</total>
				<timestamp>1230.422343</timestamp>
			</report>
			<report>
				<misses>4248001</misses>
				<total>22</total>
				<timestamp>1230.712050</timestamp>
			</report>
			<report>
				<misses>4249001</misses>
				<total>22</total>
				<timestamp>1231.001859</timestamp>
			</report>
			<report>
				<misses>4250001</misses>
				<total>22</total>
				<timestamp>1231.291497</timestamp>
			</report>
			<report>
				<misses>4251001</misses>
				<total>22</total>
				<timestamp>1231.581225</timestamp>
			</report>
			<report>
				<misses>4252001</misses>
				<total>22</total>
				<timestamp>1231.870876</timestamp>
			</report>
			<report>
				<misses>4253001</misses>
				<total>22</total>
				<timestamp>1232.160602</timestamp>
			</report>
			<report>
				<misses>4254001</misses>
				<total>22</total>
				<timestamp>1232.450317</timestamp>
			</report>
			<report>
				<misses>4255001</misses>
				<total>22</total>
				<timestamp>1232.740013</timestamp>
			</report>
			<report>
				<misses>4256001</misses>
				<total>22</total>
				<timestamp>1233.029755</timestamp>
			</report>
			<report>
				<misses>4257001</misses>
				<total>22</total>
				<timestamp>1233.319424</timestamp>
			</report>
			<report>
				<misses>4258001</misses>
				<total>22</total>
				<timestamp>1233.609144</timestamp>
			</report>
			<report>
				<misses>4259001</misses>
				<total>22</total>
				<timestamp>1233.898841</timestamp>
			</report>
			<report>
				<misses>4260001</misses>
				<total>22</total>
				<timestamp>1234.188564</timestamp>
			</report>
			<report>
				<misses>4261001</misses>
				<total>22</total>
				<timestamp>1234.478263</timestamp>
			</report>
			<report>
				<misses>4262001</misses>
				<total>22</total>
				<timestamp>1234.767992</timestamp>
			</report>
			<report>
				<misses>4263001</misses>
				<total>22</total>
				<timestamp>1235.057674</timestamp>
			</report>
			<report>
				<misses>4264001</misses>
				<total>22</total>
				<timestamp>1235.347432</timestamp>
			</report>
			<report>
				<misses>4265001</misses>
				<total>22</total>
				<timestamp>1235.637115</timestamp>
			</report>
			<report>
				<misses>4266001</misses>
				<total>22</total>
				<timestamp>1235.926812</timestamp>
			</report>
			<report>
				<misses>4267001</misses>
				<total>22</total>
				<timestamp>1236.216511</timestamp>
			</report>
			<report>
				<misses>4268001</misses>
				<total>22</total>
				<timestamp>1236.506235</timestamp>
			</report>
			<report>
				<misses>4269001</misses>
				<total>22</total>
				<timestamp>1236.795950</timestamp>
			</report>
			<report>
				<misses>4270001</misses>
				<total>22</total>
				<timestamp>1237.085652</timestamp>
			</report>
			<report>
				<misses>4271001</misses>
				<total>22</total>
				<timestamp>1237.375360</timestamp>
			</report>
			<report>
				<misses>4272001</misses>
				<total>22</total>
				<timestamp>1237.665083</timestamp>
			</report>
			<report>
				<misses>4273001</misses>
				<total>22</total>
				<timestamp>1237.954781</timestamp>
			</report>
			<report>
				<misses>4274001</misses>
				<total>22</total>
				<timestamp>1238.244500</timestamp>
			</report>
			<report>
				<misses>4275001</misses>
				<total>22</total>
				<timestamp>1238.534195</timestamp>
			</report>
			<report>
				<misses>4276001</misses>
				<total>22</total>
				<timestamp>1238.823931</timestamp>
			</report>
			<report>
				<misses>4277001</misses>
				<total>22</total>
				<timestamp>1239.113631</timestamp>
			</report>
			<report>
				<misses>4278001</misses>
				<total>22</total>
				<timestamp>1239.403324</timestamp>
			</report>
			<report>
				<misses>4279001</misses>
				<total>22</total>
				<timestamp>1239.693059</timestamp>
			</report>
			<report>
				<misses>4280001</misses>
				<total>22</total>
				<timestamp>1239.982783</timestamp>
			</report>
			<report>
				<misses>4281001</misses>
				<total>22</total>
				<timestamp>1240.272478</timestamp>
			</report>
			<report>
				<misses>4282001</misses>
				<total>22</total>
				<timestamp>1240.562236</timestamp>
			</report>
			<report>
				<misses>4283001</misses>
				<total>22</total>
				<timestamp>1240.851884</timestamp>
			</report>
			<report>
				<misses>4284001</misses>
				<total>22</total>
				<timestamp>1241.141642</timestamp>
			</report>
			<report>
				<misses>4285001</misses>
				<total>22</total>
				<timestamp>1241.431330</timestamp>
			</report>
			<report>
				<misses>4286001</misses>
				<total>22</total>
				<timestamp>1241.721011</timestamp>
			</report>
			<report>
				<misses>4287001</misses>
				<total>22</total>
				<timestamp>1242.010745</timestamp>
			</report>
			<report>
				<misses>4288001</misses>
				<total>22</total>
				<timestamp>1242.300435</timestamp>
			</report>
			<report>
				<misses>4289001</misses>
				<total>22</total>
				<timestamp>1242.590148</timestamp>
			</report>
			<report>
				<misses>4290001</misses>
				<total>22</total>
				<timestamp>1242.879983</timestamp>
			</report>
			<report>
				<misses>4291001</misses>
				<total>22</total>
				<timestamp>1243.169674</timestamp>
			</report>
			<report>
				<misses>4292001</misses>
				<total>22</total>
				<timestamp>1243.459276</timestamp>
			</report>
			<report>
				<misses>4293001</misses>
				<total>22</total>
				<timestamp>1243.749021</timestamp>
			</report>
			<report>
				<misses>4294001</misses>
				<total>22</total>
				<timestamp>1244.038696</timestamp>
			</report>
			<report>
				<misses>4295001</misses>
				<total>22</total>
				<timestamp>1244.328443</timestamp>
			</report>
			<report>
				<misses>4296001</misses>
				<total>22</total>
				<timestamp>1244.618148</timestamp>
			</report>
			<report>
				<misses>4297001</misses>
				<total>22</total>
				<timestamp>1244.907835</timestamp>
			</report>
			<report>
				<misses>4298001</misses>
				<total>22</total>
				<timestamp>1245.197549</timestamp>
			</report>
			<report>
				<misses>4299001</misses>
				<total>22</total>
				<timestamp>1245.487335</timestamp>
			</report>
			<report>
				<misses>4300001</misses>
				<total>22</total>
				<timestamp>1245.777051</timestamp>
			</report>
			<report>
				<misses>4301001</misses>
				<total>22</total>
				<timestamp>1246.066711</timestamp>
			</report>
			<report>
				<misses>4302001</misses>
				<total>22</total>
				<timestamp>1246.356532</timestamp>
			</report>
			<report>
				<misses>4303001</misses>
				<total>22</total>
				<timestamp>1246.646086</timestamp>
			</report>
			<report>
				<misses>4304001</misses>
				<total>22</total>
				<timestamp>1246.935813</timestamp>
			</report>
			<report>
				<misses>4305001</misses>
				<total>22</total>
				<timestamp>1247.225490</timestamp>
			</report>
			<report>
				<misses>4306001</misses>
				<total>22</total>
				<timestamp>1247.515217</timestamp>
			</report>
			<report>
				<misses>4307001</misses>
				<total>22</total>
				<timestamp>1247.804945</timestamp>
			</report>
			<report>
				<misses>4308001</misses>
				<total>22</total>
				<timestamp>1248.094639</timestamp>
			</report>
			<report>
				<misses>4309001</misses>
				<total>22</total>
				<timestamp>1248.384348</timestamp>
			</report>
			<report>
				<misses>4310001</misses>
				<total>22</total>
				<timestamp>1248.674070</timestamp>
			</report>
			<report>
				<misses>4311001</misses>
				<total>22</total>
				<timestamp>1248.963800</timestamp>
			</report>
			<report>
				<misses>4312001</misses>
				<total>22</total>
				<timestamp>1249.253471</timestamp>
			</report>
			<report>
				<misses>4313001</misses>
				<total>22</total>
				<timestamp>1249.543217</timestamp>
			</report>
			<report>
				<misses>4314001</misses>
				<total>22</total>
				<timestamp>1249.832949</timestamp>
			</report>
			<report>
				<misses>4315001</misses>
				<total>22</total>
				<timestamp>1250.122619</timestamp>
			</report>
			<report>
				<misses>4316001</misses>
				<total>22</total>
				<timestamp>1250.412323</timestamp>
			</report>
			<report>
				<misses>4317001</misses>
				<total>22</total>
				<timestamp>1250.702054</timestamp>
			</report>
			<report>
				<misses>4318001</misses>
				<total>22</total>
				<timestamp>1250.991730</timestamp>
			</report>
			<report>
				<misses>4319001</misses>
				<total>22</total>
				<timestamp>1251.281434</timestamp>
			</report>
			<report>
				<misses>4320001</misses>
				<total>22</total>
				<timestamp>1251.571174</timestamp>
			</report>
			<report>
				<misses>4321001</misses>
				<total>22</total>
				<timestamp>1251.860883</timestamp>
			</report>
			<report>
				<misses>4322001</misses>
				<total>22</total>
				<timestamp>1252.150599</timestamp>
			</report>
			<report>
				<misses>4323001</misses>
				<total>22</total>
				<timestamp>1252.440294</timestamp>
			</report>
			<report>
				<misses>4324001</misses>
				<total>22</total>
				<timestamp>1252.730022</timestamp>
			</report>
			<report>
				<misses>4325001</misses>
				<total>22</total>
				<timestamp>1253.019717</timestamp>
			</report>
			<report>
				<misses>4326001</misses>
				<total>22</total>
				<timestamp>1253.309424</timestamp>
			</report>
			<report>
				<misses>4327001</misses>
				<total>22</total>
				<timestamp>1253.599140</timestamp>
			</report>
			<report>
				<misses>4328001</misses>
				<total>22</total>
				<timestamp>1253.888840</timestamp>
			</report>
			<report>
				<misses>4329001</misses>
				<total>22</total>
				<timestamp>1254.178547</timestamp>
			</report>
			<report>
				<misses>4330001</misses>
				<total>22</total>
				<timestamp>1254.468254</timestamp>
			</report>
			<report>
				<misses>4331001</misses>
				<total>22</total>
				<timestamp>1254.757973</timestamp>
			</report>
			<report>
				<misses>4332001</misses>
				<total>22</total>
				<timestamp>1255.047716</timestamp>
			</report>
			<report>
				<misses>4333001</misses>
				<total>22</total>
				<timestamp>1255.337379</timestamp>
			</report>
			<report>
				<misses>4334001</misses>
				<total>22</total>
				<timestamp>1255.627087</timestamp>
			</report>
			<report>
				<misses>4335001</misses>
				<total>22</total>
				<timestamp>1255.916794</timestamp>
			</report>
			<report>
				<misses>4336001</misses>
				<total>22</total>
				<timestamp>1256.206503</timestamp>
			</report>
			<report>
				<misses>4337001</misses>
				<total>22</total>
				<timestamp>1256.496218</timestamp>
			</report>
			<report>
				<misses>4338001</misses>
				<total>22</total>
				<timestamp>1256.785929</timestamp>
			</report>
			<report>
				<misses>4339001</misses>
				<total>22</total>
				<timestamp>1257.075681</timestamp>
			</report>
			<report>
				<misses>4340001</misses>
				<total>22</total>
				<timestamp>1257.365356</timestamp>
			</report>
			<report>
				<misses>4341001</misses>
				<total>22</total>
				<timestamp>1257.655135</timestamp>
			</report>
			<report>
				<misses>4342001</misses>
				<total>22</total>
				<timestamp>1257.944803</timestamp>
			</report>
			<report>
				<misses>4343001</misses>
				<total>22</total>
				<timestamp>1258.234588</timestamp>
			</report>
			<report>
				<misses>4344001</misses>
				<total>22</total>
				<timestamp>1258.524334</timestamp>
			</report>
			<report>
				<misses>4345001</misses>
				<total>22</total>
				<timestamp>1258.813964</timestamp>
			</report>
			<report>
				<misses>4346001</misses>
				<total>22</total>
				<timestamp>1259.103637</timestamp>
			</report>
			<report>
				<misses>4347001</misses>
				<total>22</total>
				<timestamp>1259.393358</timestamp>
			</report>
			<report>
				<misses>4348001</misses>
				<total>22</total>
				<timestamp>1259.683088</timestamp>
			</report>
			<report>
				<misses>4349001</misses>
				<total>22</total>
				<timestamp>1259.972749</timestamp>
			</report>
			<report>
				<misses>4350001</misses>
				<total>22</total>
				<timestamp>1260.262461</timestamp>
			</report>
			<report>
				<misses>4351001</misses>
				<total>22</total>
				<timestamp>1260.552203</timestamp>
			</report>
			<report>
				<misses>4352001</misses>
				<total>22</total>
				<timestamp>1260.841901</timestamp>
			</report>
			<report>
				<misses>4353001</misses>
				<total>22</total>
				<timestamp>1261.131598</timestamp>
			</report>
			<report>
				<misses>4354001</misses>
				<total>22</total>
				<timestamp>1261.421278</timestamp>
			</report>
			<report>
				<misses>4355001</misses>
				<total>22</total>
				<timestamp>1261.711017</timestamp>
			</report>
			<report>
				<misses>4356001</misses>
				<total>22</total>
				<timestamp>1262.000733</timestamp>
			</report>
			<report>
				<misses>4357001</misses>
				<total>22</total>
				<timestamp>1262.290422</timestamp>
			</report>
			<report>
				<misses>4358001</misses>
				<total>23</total>
				<timestamp>1262.580135</timestamp>
			</report>
			<report>
				<misses>4359001</misses>
				<total>23</total>
				<timestamp>1262.869898</timestamp>
			</report>
			<report>
				<misses>4360001</misses>
				<total>23</total>
				<timestamp>1263.159563</timestamp>
			</report>
			<report>
				<misses>4361001</misses>
				<total>23</total>
				<timestamp>1263.449258</timestamp>
			</report>
			<report>
				<misses>4362001</misses>
				<total>23</total>
				<timestamp>1263.739043</timestamp>
			</report>
			<report>
				<misses>4363001</misses>
				<total>23</total>
				<timestamp>1264.028708</timestamp>
			</report>
			<report>
				<misses>4364001</misses>
				<total>23</total>
				<timestamp>1264.318423</timestamp>
			</report>
			<report>
				<misses>4365001</misses>
				<total>23</total>
				<timestamp>1264.608211</timestamp>
			</report>
			<report>
				<misses>4366001</misses>
				<total>23</total>
				<timestamp>1264.897810</timestamp>
			</report>
			<report>
				<misses>4367001</misses>
				<total>23</total>
				<timestamp>1265.187519</timestamp>
			</report>
			<report>
				<misses>4368001</misses>
				<total>23</total>
				<timestamp>1265.477275</timestamp>
			</report>
			<report>
				<misses>4369001</misses>
				<total>23</total>
				<timestamp>1265.766969</timestamp>
			</report>
			<report>
				<misses>4370001</misses>
				<total>23</total>
				<timestamp>1266.056710</timestamp>
			</report>
			<report>
				<misses>4371001</misses>
				<total>23</total>
				<timestamp>1266.346396</timestamp>
			</report>
			<report>
				<misses>4372001</misses>
				<total>23</total>
				<timestamp>1266.636187</timestamp>
			</report>
			<report>
				<misses>4373001</misses>
				<total>23</total>
				<timestamp>1266.925811</timestamp>
			</report>
			<report>
				<misses>4374001</misses>
				<total>23</total>
				<timestamp>1267.215503</timestamp>
			</report>
			<report>
				<misses>4375001</misses>
				<total>23</total>
				<timestamp>1267.505278</timestamp>
			</report>
			<report>
				<misses>4376001</misses>
				<total>23</total>
				<timestamp>1267.794932</timestamp>
			</report>
			<report>
				<misses>4377001</misses>
				<total>23</total>
				<timestamp>1268.084643</timestamp>
			</report>
			<report>
				<misses>4378001</misses>
				<total>23</total>
				<timestamp>1268.374461</timestamp>
			</report>
			<report>
				<misses>4379001</misses>
				<total>23</total>
				<timestamp>1268.664162</timestamp>
			</report>
			<report>
				<misses>4380001</misses>
				<total>23</total>
				<timestamp>1268.953888</timestamp>
			</report>
			<report>
				<misses>4381001</misses>
				<total>23</total>
				<timestamp>1269.243503</timestamp>
			</report>
			<report>
				<misses>4382001</misses>
				<total>23</total>
				<timestamp>1269.533207</timestamp>
			</report>
			<report>
				<misses>4383001</misses>
				<total>23</total>
				<timestamp>1269.822894</timestamp>
			</report>
			<report>
				<misses>4384001</misses>
				<total>23</total>
				<timestamp>1270.112641</timestamp>
			</report>
			<report>
				<misses>4385001</misses>
				<total>23</total>
				<timestamp>1270.402315</timestamp>
			</report>
			<report>
				<misses>4386001</misses>
				<total>23</total>
				<timestamp>1270.692076</timestamp>
			</report>
			<report>
				<misses>4387001</misses>
				<total>23</total>
				<timestamp>1270.981772</timestamp>
			</report>
			<report>
				<misses>4388001</misses>
				<total>23</total>
				<timestamp>1271.271488</timestamp>
			</report>
			<report>
				<misses>4389001</misses>
				<total>23</total>
				<timestamp>1271.561210</timestamp>
			</report>
			<report>
				<misses>4390001</misses>
				<total>23</total>
				<timestamp>1271.850950</timestamp>
			</report>
			<report>
				<misses>4391001</misses>
				<total>23</total>
				<timestamp>1272.140599</timestamp>
			</report>
			<report>
				<misses>4392001</misses>
				<total>23</total>
				<timestamp>1272.430330</timestamp>
			</report>
			<report>
				<misses>4393001</misses>
				<total>23</total>
				<timestamp>1272.720077</timestamp>
			</report>
			<report>
				<misses>4394001</misses>
				<total>23</total>
				<timestamp>1273.009721</timestamp>
			</report>
			<report>
				<misses>4395001</misses>
				<total>23</total>
				<timestamp>1273.299441</timestamp>
			</report>
			<report>
				<misses>4396001</misses>
				<total>23</total>
				<timestamp>1273.589256</timestamp>
			</report>
			<report>
				<misses>4397001</misses>
				<total>23</total>
				<timestamp>1273.878897</timestamp>
			</report>
			<report>
				<misses>4398001</misses>
				<total>23</total>
				<timestamp>1274.168563</timestamp>
			</report>
			<report>
				<misses>4399001</misses>
				<total>23</total>
				<timestamp>1274.458350</timestamp>
			</report>
			<report>
				<misses>4400001</misses>
				<total>23</total>
				<timestamp>1274.748057</timestamp>
			</report>
			<report>
				<misses>4401001</misses>
				<total>23</total>
				<timestamp>1275.037682</timestamp>
			</report>
			<report>
				<misses>4402001</misses>
				<total>23</total>
				<timestamp>1275.327430</timestamp>
			</report>
			<report>
				<misses>4403001</misses>
				<total>23</total>
				<timestamp>1275.617079</timestamp>
			</report>
			<report>
				<misses>4404001</misses>
				<total>23</total>
				<timestamp>1275.906847</timestamp>
			</report>
			<report>
				<misses>4405001</misses>
				<total>23</total>
				<timestamp>1276.196498</timestamp>
			</report>
			<report>
				<misses>4406001</misses>
				<total>23</total>
				<timestamp>1276.486238</timestamp>
			</report>
			<report>
				<misses>4407001</misses>
				<total>23</total>
				<timestamp>1276.775985</timestamp>
			</report>
			<report>
				<misses>4408001</misses>
				<total>23</total>
				<timestamp>1277.065667</timestamp>
			</report>
			<report>
				<misses>4409001</misses>
				<total>23</total>
				<timestamp>1277.355331</timestamp>
			</report>
			<report>
				<misses>4410001</misses>
				<total>23</total>
				<timestamp>1277.645053</timestamp>
			</report>
			<report>
				<misses>4411001</misses>
				<total>23</total>
				<timestamp>1277.934838</timestamp>
			</report>
			<report>
				<misses>4412001</misses>
				<total>23</total>
				<timestamp>1278.224466</timestamp>
			</report>
			<report>
				<misses>4413001</misses>
				<total>23</total>
				<timestamp>1278.514206</timestamp>
			</report>
			<report>
				<misses>4414001</misses>
				<total>23</total>
				<timestamp>1278.803899</timestamp>
			</report>
			<report>
				<misses>4415001</misses>
				<total>23</total>
				<timestamp>1279.093761</timestamp>
			</report>
			<report>
				<misses>4416001</misses>
				<total>23</total>
				<timestamp>1279.383412</timestamp>
			</report>
			<report>
				<misses>4417001</misses>
				<total>23</total>
				<timestamp>1279.673121</timestamp>
			</report>
			<report>
				<misses>4418001</misses>
				<total>23</total>
				<timestamp>1279.962865</timestamp>
			</report>
			<report>
				<misses>4419001</misses>
				<total>23</total>
				<timestamp>1280.252512</timestamp>
			</report>
			<report>
				<misses>4420001</misses>
				<total>23</total>
				<timestamp>1280.542214</timestamp>
			</report>
			<report>
				<misses>4421001</misses>
				<total>23</total>
				<timestamp>1280.831915</timestamp>
			</report>
			<report>
				<misses>4422001</misses>
				<total>23</total>
				<timestamp>1281.121676</timestamp>
			</report>
			<report>
				<misses>4423001</misses>
				<total>23</total>
				<timestamp>1281.411281</timestamp>
			</report>
			<report>
				<misses>4424001</misses>
				<total>23</total>
				<timestamp>1281.701006</timestamp>
			</report>
			<report>
				<misses>4425001</misses>
				<total>23</total>
				<timestamp>1281.990711</timestamp>
			</report>
			<report>
				<misses>4426001</misses>
				<total>23</total>
				<timestamp>1282.280409</timestamp>
			</report>
			<report>
				<misses>4427001</misses>
				<total>23</total>
				<timestamp>1282.570119</timestamp>
			</report>
			<report>
				<misses>4428001</misses>
				<total>23</total>
				<timestamp>1282.859835</timestamp>
			</report>
			<report>
				<misses>4429001</misses>
				<total>23</total>
				<timestamp>1283.149545</timestamp>
			</report>
			<report>
				<misses>4430001</misses>
				<total>23</total>
				<timestamp>1283.439267</timestamp>
			</report>
			<report>
				<misses>4431001</misses>
				<total>23</total>
				<timestamp>1283.728966</timestamp>
			</report>
			<report>
				<misses>4432001</misses>
				<total>23</total>
				<timestamp>1284.018686</timestamp>
			</report>
			<report>
				<misses>4433001</misses>
				<total>23</total>
				<timestamp>1284.308435</timestamp>
			</report>
			<report>
				<misses>4434001</misses>
				<total>23</total>
				<timestamp>1284.598091</timestamp>
			</report>
			<report>
				<misses>4435001</misses>
				<total>23</total>
				<timestamp>1284.887802</timestamp>
			</report>
			<report>
				<misses>4436001</misses>
				<total>23</total>
				<timestamp>1285.177520</timestamp>
			</report>
			<report>
				<misses>4437001</misses>
				<total>23</total>
				<timestamp>1285.467228</timestamp>
			</report>
			<report>
				<misses>4438001</misses>
				<total>23</total>
				<timestamp>1285.756933</timestamp>
			</report>
			<report>
				<misses>4439001</misses>
				<total>23</total>
				<timestamp>1286.046665</timestamp>
			</report>
			<report>
				<misses>4440001</misses>
				<total>23</total>
				<timestamp>1286.336382</timestamp>
			</report>
			<report>
				<misses>4441001</misses>
				<total>23</total>
				<timestamp>1286.626055</timestamp>
			</report>
			<report>
				<misses>4442001</misses>
				<total>23</total>
				<timestamp>1286.915797</timestamp>
			</report>
			<report>
				<misses>4443001</misses>
				<total>23</total>
				<timestamp>1287.205519</timestamp>
			</report>
			<report>
				<misses>4444001</misses>
				<total>23</total>
				<timestamp>1287.495185</timestamp>
			</report>
			<report>
				<misses>4445001</misses>
				<total>23</total>
				<timestamp>1287.784905</timestamp>
			</report>
			<report>
				<misses>4446001</misses>
				<total>23</total>
				<timestamp>1288.074632</timestamp>
			</report>
			<report>
				<misses>4447001</misses>
				<total>23</total>
				<timestamp>1288.364355</timestamp>
			</report>
			<report>
				<misses>4448001</misses>
				<total>23</total>
				<timestamp>1288.654097</timestamp>
			</report>
			<report>
				<misses>4449001</misses>
				<total>23</total>
				<timestamp>1288.943806</timestamp>
			</report>
			<report>
				<misses>4450001</misses>
				<total>23</total>
				<timestamp>1289.233526</timestamp>
			</report>
			<report>
				<misses>4451001</misses>
				<total>23</total>
				<timestamp>1289.523239</timestamp>
			</report>
			<report>
				<misses>4452001</misses>
				<total>23</total>
				<timestamp>1289.812898</timestamp>
			</report>
			<report>
				<misses>4453001</misses>
				<total>23</total>
				<timestamp>1290.102656</timestamp>
			</report>
			<report>
				<misses>4454001</misses>
				<total>23</total>
				<timestamp>1290.392407</timestamp>
			</report>
			<report>
				<misses>4455001</misses>
				<total>23</total>
				<timestamp>1290.682066</timestamp>
			</report>
			<report>
				<misses>4456001</misses>
				<total>23</total>
				<timestamp>1290.971867</timestamp>
			</report>
			<report>
				<misses>4457001</misses>
				<total>23</total>
				<timestamp>1291.261451</timestamp>
			</report>
			<report>
				<misses>4458001</misses>
				<total>23</total>
				<timestamp>1291.551177</timestamp>
			</report>
			<report>
				<misses>4459001</misses>
				<total>23</total>
				<timestamp>1291.840931</timestamp>
			</report>
			<report>
				<misses>4460001</misses>
				<total>23</total>
				<timestamp>1292.130575</timestamp>
			</report>
			<report>
				<misses>4461001</misses>
				<total>23</total>
				<timestamp>1292.420410</timestamp>
			</report>
			<report>
				<misses>4462001</misses>
				<total>23</total>
				<timestamp>1292.710072</timestamp>
			</report>
			<report>
				<misses>4463001</misses>
				<total>23</total>
				<timestamp>1292.999739</timestamp>
			</report>
			<report>
				<misses>4464001</misses>
				<total>23</total>
				<timestamp>1293.289513</timestamp>
			</report>
			<report>
				<misses>4465001</misses>
				<total>23</total>
				<timestamp>1293.579216</timestamp>
			</report>
			<report>
				<misses>4466001</misses>
				<total>23</total>
				<timestamp>1293.868894</timestamp>
			</report>
			<report>
				<misses>4467001</misses>
				<total>23</total>
				<timestamp>1294.158560</timestamp>
			</report>
			<report>
				<misses>4468001</misses>
				<total>23</total>
				<timestamp>1294.448243</timestamp>
			</report>
			<report>
				<misses>4469001</misses>
				<total>23</total>
				<timestamp>1294.737952</timestamp>
			</report>
			<report>
				<misses>4470001</misses>
				<total>23</total>
				<timestamp>1295.027708</timestamp>
			</report>
			<report>
				<misses>4471001</misses>
				<total>23</total>
				<timestamp>1295.317431</timestamp>
			</report>
			<report>
				<misses>4472001</misses>
				<total>23</total>
				<timestamp>1295.607172</timestamp>
			</report>
			<report>
				<misses>4473001</misses>
				<total>23</total>
				<timestamp>1295.896867</timestamp>
			</report>
			<report>
				<misses>4474001</misses>
				<total>23</total>
				<timestamp>1296.186534</timestamp>
			</report>
			<report>
				<misses>4475001</misses>
				<total>23</total>
				<timestamp>1296.476283</timestamp>
			</report>
			<report>
				<misses>4476001</misses>
				<total>23</total>
				<timestamp>1296.765968</timestamp>
			</report>
			<report>
				<misses>4477001</misses>
				<total>23</total>
				<timestamp>1297.055731</timestamp>
			</report>
			<report>
				<misses>4478001</misses>
				<total>23</total>
				<timestamp>1297.345326</timestamp>
			</report>
			<report>
				<misses>4479001</misses>
				<total>23</total>
				<timestamp>1297.635049</timestamp>
			</report>
			<report>
				<misses>4480001</misses>
				<total>23</total>
				<timestamp>1297.924803</timestamp>
			</report>
			<report>
				<misses>4481001</misses>
				<total>23</total>
				<timestamp>1298.214465</timestamp>
			</report>
			<report>
				<misses>4482001</misses>
				<total>23</total>
				<timestamp>1298.504180</timestamp>
			</report>
			<report>
				<misses>4483001</misses>
				<total>23</total>
				<timestamp>1298.793883</timestamp>
			</report>
			<report>
				<misses>4484001</misses>
				<total>23</total>
				<timestamp>1299.083737</timestamp>
			</report>
			<report>
				<misses>4485001</misses>
				<total>23</total>
				<timestamp>1299.373314</timestamp>
			</report>
			<report>
				<misses>4486001</misses>
				<total>23</total>
				<timestamp>1299.663144</timestamp>
			</report>
			<report>
				<misses>4487001</misses>
				<total>23</total>
				<timestamp>1299.952800</timestamp>
			</report>
			<report>
				<misses>4488001</misses>
				<total>23</total>
				<timestamp>1300.242494</timestamp>
			</report>
			<report>
				<misses>4489001</misses>
				<total>23</total>
				<timestamp>1300.532202</timestamp>
			</report>
			<report>
				<misses>4490001</misses>
				<total>23</total>
				<timestamp>1300.821935</timestamp>
			</report>
			<report>
				<misses>4491001</misses>
				<total>23</total>
				<timestamp>1301.111661</timestamp>
			</report>
			<report>
				<misses>4492001</misses>
				<total>23</total>
				<timestamp>1301.401320</timestamp>
			</report>
			<report>
				<misses>4493001</misses>
				<total>23</total>
				<timestamp>1301.691085</timestamp>
			</report>
			<report>
				<misses>4494001</misses>
				<total>23</total>
				<timestamp>1301.980812</timestamp>
			</report>
			<report>
				<misses>4495001</misses>
				<total>23</total>
				<timestamp>1302.270444</timestamp>
			</report>
			<report>
				<misses>4496001</misses>
				<total>23</total>
				<timestamp>1302.560216</timestamp>
			</report>
			<report>
				<misses>4497001</misses>
				<total>23</total>
				<timestamp>1302.849876</timestamp>
			</report>
			<report>
				<misses>4498001</misses>
				<total>23</total>
				<timestamp>1303.139562</timestamp>
			</report>
			<report>
				<misses>4499001</misses>
				<total>23</total>
				<timestamp>1303.429263</timestamp>
			</report>
			<report>
				<misses>4500001</misses>
				<total>23</total>
				<timestamp>1303.718982</timestamp>
			</report>
			<report>
				<misses>4501001</misses>
				<total>23</total>
				<timestamp>1304.008722</timestamp>
			</report>
			<report>
				<misses>4502001</misses>
				<total>24</total>
				<timestamp>1304.298368</timestamp>
			</report>
			<report>
				<misses>4503001</misses>
				<total>24</total>
				<timestamp>1304.588106</timestamp>
			</report>
			<report>
				<misses>4504001</misses>
				<total>24</total>
				<timestamp>1304.877807</timestamp>
			</report>
			<report>
				<misses>4505001</misses>
				<total>24</total>
				<timestamp>1305.167523</timestamp>
			</report>
			<report>
				<misses>4506001</misses>
				<total>24</total>
				<timestamp>1305.457246</timestamp>
			</report>
			<report>
				<misses>4507001</misses>
				<total>24</total>
				<timestamp>1305.746927</timestamp>
			</report>
			<report>
				<misses>4508001</misses>
				<total>24</total>
				<timestamp>1306.036660</timestamp>
			</report>
			<report>
				<misses>4509001</misses>
				<total>24</total>
				<timestamp>1306.326338</timestamp>
			</report>
			<report>
				<misses>4510001</misses>
				<total>24</total>
				<timestamp>1306.616075</timestamp>
			</report>
			<report>
				<misses>4511001</misses>
				<total>24</total>
				<timestamp>1306.905783</timestamp>
			</report>
			<report>
				<misses>4512001</misses>
				<total>24</total>
				<timestamp>1307.195483</timestamp>
			</report>
			<report>
				<misses>4513001</misses>
				<total>24</total>
				<timestamp>1307.485280</timestamp>
			</report>
			<report>
				<misses>4514001</misses>
				<total>24</total>
				<timestamp>1307.775018</timestamp>
			</report>
			<report>
				<misses>4515001</misses>
				<total>24</total>
				<timestamp>1308.064662</timestamp>
			</report>
			<report>
				<misses>4516001</misses>
				<total>24</total>
				<timestamp>1308.354351</timestamp>
			</report>
			<report>
				<misses>4517001</misses>
				<total>24</total>
				<timestamp>1308.644031</timestamp>
			</report>
			<report>
				<misses>4518001</misses>
				<total>24</total>
				<timestamp>1308.933874</timestamp>
			</report>
			<report>
				<misses>4519001</misses>
				<total>24</total>
				<timestamp>1309.223459</timestamp>
			</report>
			<report>
				<misses>4520001</misses>
				<total>24</total>
				<timestamp>1309.513215</timestamp>
			</report>
			<report>
				<misses>4521001</misses>
				<total>24</total>
				<timestamp>1309.802961</timestamp>
			</report>
			<report>
				<misses>4522001</misses>
				<total>24</total>
				<timestamp>1310.092634</timestamp>
			</report>
			<report>
				<misses>4523001</misses>
				<total>24</total>
				<timestamp>1310.382420</timestamp>
			</report>
			<report>
				<misses>4524001</misses>
				<total>24</total>
				<timestamp>1310.672093</timestamp>
			</report>
			<report>
				<misses>4525001</misses>
				<total>24</total>
				<timestamp>1310.961850</timestamp>
			</report>
			<report>
				<misses>4526001</misses>
				<total>24</total>
				<timestamp>1311.251443</timestamp>
			</report>
			<report>
				<misses>4527001</misses>
				<total>24</total>
				<timestamp>1311.541163</timestamp>
			</report>
			<report>
				<misses>4528001</misses>
				<total>24</total>
				<timestamp>1311.830875</timestamp>
			</report>
			<report>
				<misses>4529001</misses>
				<total>24</total>
				<timestamp>1312.120739</timestamp>
			</report>
			<report>
				<misses>4530001</misses>
				<total>24</total>
				<timestamp>1312.410252</timestamp>
			</report>
			<report>
				<misses>4531001</misses>
				<total>24</total>
				<timestamp>1312.700097</timestamp>
			</report>
			<report>
				<misses>4532001</misses>
				<total>24</total>
				<timestamp>1312.989714</timestamp>
			</report>
			<report>
				<misses>4533001</misses>
				<total>24</total>
				<timestamp>1313.279453</timestamp>
			</report>
			<report>
				<misses>4534001</misses>
				<total>24</total>
				<timestamp>1313.569179</timestamp>
			</report>
			<report>
				<misses>4535001</misses>
				<total>24</total>
				<timestamp>1313.858834</timestamp>
			</report>
			<report>
				<misses>4536001</misses>
				<total>24</total>
				<timestamp>1314.148555</timestamp>
			</report>
			<report>
				<misses>4537001</misses>
				<total>24</total>
				<timestamp>1314.438307</timestamp>
			</report>
			<report>
				<misses>4538001</misses>
				<total>24</total>
				<timestamp>1314.728000</timestamp>
			</report>
			<report>
				<misses>4539001</misses>
				<total>24</total>
				<timestamp>1315.017750</timestamp>
			</report>
			<report>
				<misses>4540001</misses>
				<total>24</total>
				<timestamp>1315.307435</timestamp>
			</report>
			<report>
				<misses>4541001</misses>
				<total>24</total>
				<timestamp>1315.597123</timestamp>
			</report>
			<report>
				<misses>4542001</misses>
				<total>24</total>
				<timestamp>1315.886908</timestamp>
			</report>
			<report>
				<misses>4543001</misses>
				<total>24</total>
				<timestamp>1316.176540</timestamp>
			</report>
			<report>
				<misses>4544001</misses>
				<total>24</total>
				<timestamp>1316.466266</timestamp>
			</report>
			<report>
				<misses>4545001</misses>
				<total>24</total>
				<timestamp>1316.755907</timestamp>
			</report>
			<report>
				<misses>4546001</misses>
				<total>24</total>
				<timestamp>1317.045702</timestamp>
			</report>
			<report>
				<misses>4547001</misses>
				<total>24</total>
				<timestamp>1317.335340</timestamp>
			</report>
			<report>
				<misses>4548001</misses>
				<total>24</total>
				<timestamp>1317.625107</timestamp>
			</report>
			<report>
				<misses>4549001</misses>
				<total>24</total>
				<timestamp>1317.914737</timestamp>
			</report>
			<report>
				<misses>4550001</misses>
				<total>24</total>
				<timestamp>1318.204648</timestamp>
			</report>
			<report>
				<misses>4551001</misses>
				<total>24</total>
				<timestamp>1318.494227</timestamp>
			</report>
			<report>
				<misses>4552001</misses>
				<total>24</total>
				<timestamp>1318.783902</timestamp>
			</report>
			<report>
				<misses>4553001</misses>
				<total>24</total>
				<timestamp>1319.073653</timestamp>
			</report>
			<report>
				<misses>4554001</misses>
				<total>24</total>
				<timestamp>1319.363298</timestamp>
			</report>
			<report>
				<misses>4555001</misses>
				<total>24</total>
				<timestamp>1319.653013</timestamp>
			</report>
			<report>
				<misses>4556001</misses>
				<total>24</total>
				<timestamp>1319.942724</timestamp>
			</report>
			<report>
				<misses>4557001</misses>
				<total>24</total>
				<timestamp>1320.232410</timestamp>
			</report>
			<report>
				<misses>4558001</misses>
				<total>24</total>
				<timestamp>1320.522128</timestamp>
			</report>
			<report>
				<misses>4559001</misses>
				<total>24</total>
				<timestamp>1320.811839</timestamp>
			</report>
			<report>
				<misses>4560001</misses>
				<total>24</total>
				<timestamp>1321.101552</timestamp>
			</report>
			<report>
				<misses>4561001</misses>
				<total>24</total>
				<timestamp>1321.391271</timestamp>
			</report>
			<report>
				<misses>4562001</misses>
				<total>24</total>
				<timestamp>1321.680965</timestamp>
			</report>
			<report>
				<misses>4563001</misses>
				<total>24</total>
				<timestamp>1321.970826</timestamp>
			</report>
			<report>
				<misses>4564001</misses>
				<total>24</total>
				<timestamp>1322.260442</timestamp>
			</report>
			<report>
				<misses>4565001</misses>
				<total>24</total>
				<timestamp>1322.550166</timestamp>
			</report>
			<report>
				<misses>4566001</misses>
				<total>24</total>
				<timestamp>1322.839930</timestamp>
			</report>
			<report>
				<misses>4567001</misses>
				<total>24</total>
				<timestamp>1323.129575</timestamp>
			</report>
			<report>
				<misses>4568001</misses>
				<total>24</total>
				<timestamp>1323.419307</timestamp>
			</report>
			<report>
				<misses>4569001</misses>
				<total>24</total>
				<timestamp>1323.709070</timestamp>
			</report>
			<report>
				<misses>4570001</misses>
				<total>24</total>
				<timestamp>1323.998704</timestamp>
			</report>
			<report>
				<misses>4571001</misses>
				<total>24</total>
				<timestamp>1324.288415</timestamp>
			</report>
			<report>
				<misses>4572001</misses>
				<total>24</total>
				<timestamp>1324.578176</timestamp>
			</report>
			<report>
				<misses>4573001</misses>
				<total>24</total>
				<timestamp>1324.867826</timestamp>
			</report>
			<report>
				<misses>4574001</misses>
				<total>24</total>
				<timestamp>1325.157685</timestamp>
			</report>
			<report>
				<misses>4575001</misses>
				<total>24</total>
				<timestamp>1325.447239</timestamp>
			</report>
			<report>
				<misses>4576001</misses>
				<total>24</total>
				<timestamp>1325.736924</timestamp>
			</report>
			<report>
				<misses>4577001</misses>
				<total>24</total>
				<timestamp>1326.026667</timestamp>
			</report>
			<report>
				<misses>4578001</misses>
				<total>24</total>
				<timestamp>1326.316393</timestamp>
			</report>
			<report>
				<misses>4579001</misses>
				<total>24</total>
				<timestamp>1326.606162</timestamp>
			</report>
			<report>
				<misses>4580001</misses>
				<total>24</total>
				<timestamp>1326.895846</timestamp>
			</report>
			<report>
				<misses>4581001</misses>
				<total>24</total>
				<timestamp>1327.185499</timestamp>
			</report>
			<report>
				<misses>4582001</misses>
				<total>24</total>
				<timestamp>1327.475227</timestamp>
			</report>
			<report>
				<misses>4583001</misses>
				<total>24</total>
				<timestamp>1327.764983</timestamp>
			</report>
			<report>
				<misses>4584001</misses>
				<total>24</total>
				<timestamp>1328.054776</timestamp>
			</report>
			<report>
				<misses>4585001</misses>
				<total>24</total>
				<timestamp>1328.344360</timestamp>
			</report>
			<report>
				<misses>4586001</misses>
				<total>24</total>
				<timestamp>1328.634046</timestamp>
			</report>
			<report>
				<misses>4587001</misses>
				<total>24</total>
				<timestamp>1328.923740</timestamp>
			</report>
			<report>
				<misses>4588001</misses>
				<total>24</total>
				<timestamp>1329.213497</timestamp>
			</report>
			<report>
				<misses>4589001</misses>
				<total>24</total>
				<timestamp>1329.503234</timestamp>
			</report>
			<report>
				<misses>4590001</misses>
				<total>24</total>
				<timestamp>1329.792952</timestamp>
			</report>
			<report>
				<misses>4591001</misses>
				<total>24</total>
				<timestamp>1330.082564</timestamp>
			</report>
			<report>
				<misses>4592001</misses>
				<total>24</total>
				<timestamp>1330.372296</timestamp>
			</report>
			<report>
				<misses>4593001</misses>
				<total>24</total>
				<timestamp>1330.662107</timestamp>
			</report>
			<report>
				<misses>4594001</misses>
				<total>24</total>
				<timestamp>1330.951766</timestamp>
			</report>
			<report>
				<misses>4595001</misses>
				<total>24</total>
				<timestamp>1331.241535</timestamp>
			</report>
			<report>
				<misses>4596001</misses>
				<total>24</total>
				<timestamp>1331.531137</timestamp>
			</report>
			<report>
				<misses>4597001</misses>
				<total>24</total>
				<timestamp>1331.820926</timestamp>
			</report>
			<report>
				<misses>4598001</misses>
				<total>24</total>
				<timestamp>1332.110589</timestamp>
			</report>
			<report>
				<misses>4599001</misses>
				<total>24</total>
				<timestamp>1332.400299</timestamp>
			</report>
			<report>
				<misses>4600001</misses>
				<total>24</total>
				<timestamp>1332.690022</timestamp>
			</report>
			<report>
				<misses>4601001</misses>
				<total>24</total>
				<timestamp>1332.979753</timestamp>
			</report>
			<report>
				<misses>4602001</misses>
				<total>24</total>
				<timestamp>1333.269593</timestamp>
			</report>
			<report>
				<misses>4603001</misses>
				<total>24</total>
				<timestamp>1333.559196</timestamp>
			</report>
			<report>
				<misses>4604001</misses>
				<total>24</total>
				<timestamp>1333.848815</timestamp>
			</report>
			<report>
				<misses>4605001</misses>
				<total>24</total>
				<timestamp>1334.138575</timestamp>
			</report>
			<report>
				<misses>4606001</misses>
				<total>24</total>
				<timestamp>1334.428211</timestamp>
			</report>
			<report>
				<misses>4607001</misses>
				<total>24</total>
				<timestamp>1334.717952</timestamp>
			</report>
			<report>
				<misses>4608001</misses>
				<total>24</total>
				<timestamp>1335.007652</timestamp>
			</report>
			<report>
				<misses>4609001</misses>
				<total>24</total>
				<timestamp>1335.297409</timestamp>
			</report>
			<report>
				<misses>4610001</misses>
				<total>24</total>
				<timestamp>1335.587201</timestamp>
			</report>
			<report>
				<misses>4611001</misses>
				<total>24</total>
				<timestamp>1335.876776</timestamp>
			</report>
			<report>
				<misses>4612001</misses>
				<total>24</total>
				<timestamp>1336.166488</timestamp>
			</report>
			<report>
				<misses>4613001</misses>
				<total>24</total>
				<timestamp>1336.456198</timestamp>
			</report>
			<report>
				<misses>4614001</misses>
				<total>24</total>
				<timestamp>1336.745885</timestamp>
			</report>
			<report>
				<misses>4615001</misses>
				<total>24</total>
				<timestamp>1337.035614</timestamp>
			</report>
			<report>
				<misses>4616001</misses>
				<total>24</total>
				<timestamp>1337.325345</timestamp>
			</report>
			<report>
				<misses>4617001</misses>
				<total>24</total>
				<timestamp>1337.615029</timestamp>
			</report>
			<report>
				<misses>4618001</misses>
				<total>24</total>
				<timestamp>1337.904738</timestamp>
			</report>
			<report>
				<misses>4619001</misses>
				<total>24</total>
				<timestamp>1338.194499</timestamp>
			</report>
			<report>
				<misses>4620001</misses>
				<total>24</total>
				<timestamp>1338.484169</timestamp>
			</report>
			<report>
				<misses>4621001</misses>
				<total>24</total>
				<timestamp>1338.773877</timestamp>
			</report>
			<report>
				<misses>4622001</misses>
				<total>24</total>
				<timestamp>1339.063598</timestamp>
			</report>
			<report>
				<misses>4623001</misses>
				<total>24</total>
				<timestamp>1339.353292</timestamp>
			</report>
			<report>
				<misses>4624001</misses>
				<total>24</total>
				<timestamp>1339.642980</timestamp>
			</report>
			<report>
				<misses>4625001</misses>
				<total>24</total>
				<timestamp>1339.932716</timestamp>
			</report>
			<report>
				<misses>4626001</misses>
				<total>24</total>
				<timestamp>1340.222503</timestamp>
			</report>
			<report>
				<misses>4627001</misses>
				<total>24</total>
				<timestamp>1340.512136</timestamp>
			</report>
			<report>
				<misses>4628001</misses>
				<total>24</total>
				<timestamp>1340.801840</timestamp>
			</report>
			<report>
				<misses>4629001</misses>
				<total>24</total>
				<timestamp>1341.091552</timestamp>
			</report>
			<report>
				<misses>4630001</misses>
				<total>24</total>
				<timestamp>1341.381270</timestamp>
			</report>
			<report>
				<misses>4631001</misses>
				<total>24</total>
				<timestamp>1341.670976</timestamp>
			</report>
			<report>
				<misses>4632001</misses>
				<total>24</total>
				<timestamp>1341.960829</timestamp>
			</report>
			<report>
				<misses>4633001</misses>
				<total>24</total>
				<timestamp>1342.250515</timestamp>
			</report>
			<report>
				<misses>4634001</misses>
				<total>24</total>
				<timestamp>1342.540203</timestamp>
			</report>
			<report>
				<misses>4635001</misses>
				<total>24</total>
				<timestamp>1342.829952</timestamp>
			</report>
			<report>
				<misses>4636001</misses>
				<total>24</total>
				<timestamp>1343.119642</timestamp>
			</report>
			<report>
				<misses>4637001</misses>
				<total>24</total>
				<timestamp>1343.409327</timestamp>
			</report>
			<report>
				<misses>4638001</misses>
				<total>24</total>
				<timestamp>1343.698987</timestamp>
			</report>
			<report>
				<misses>4639001</misses>
				<total>24</total>
				<timestamp>1343.988694</timestamp>
			</report>
			<report>
				<misses>4640001</misses>
				<total>24</total>
				<timestamp>1344.278494</timestamp>
			</report>
			<report>
				<misses>4641001</misses>
				<total>24</total>
				<timestamp>1344.568121</timestamp>
			</report>
			<report>
				<misses>4642001</misses>
				<total>24</total>
				<timestamp>1344.857963</timestamp>
			</report>
			<report>
				<misses>4643001</misses>
				<total>24</total>
				<timestamp>1345.147555</timestamp>
			</report>
			<report>
				<misses>4644001</misses>
				<total>24</total>
				<timestamp>1345.437294</timestamp>
			</report>
			<report>
				<misses>4645001</misses>
				<total>24</total>
				<timestamp>1345.726952</timestamp>
			</report>
			<report>
				<misses>4646001</misses>
				<total>24</total>
				<timestamp>1346.016633</timestamp>
			</report>
			<report>
				<misses>4647001</misses>
				<total>24</total>
				<timestamp>1346.306437</timestamp>
			</report>
			<report>
				<misses>4648001</misses>
				<total>24</total>
				<timestamp>1346.596085</timestamp>
			</report>
			<report>
				<misses>4649001</misses>
				<total>24</total>
				<timestamp>1346.885784</timestamp>
			</report>
			<report>
				<misses>4650001</misses>
				<total>24</total>
				<timestamp>1347.175494</timestamp>
			</report>
			<report>
				<misses>4651001</misses>
				<total>24</total>
				<timestamp>1347.465275</timestamp>
			</report>
			<report>
				<misses>4652001</misses>
				<total>24</total>
				<timestamp>1347.754982</timestamp>
			</report>
			<report>
				<misses>4653001</misses>
				<total>24</total>
				<timestamp>1348.044610</timestamp>
			</report>
			<report>
				<misses>4654001</misses>
				<total>24</total>
				<timestamp>1348.334311</timestamp>
			</report>
			<report>
				<misses>4655001</misses>
				<total>24</total>
				<timestamp>1348.623997</timestamp>
			</report>
			<report>
				<misses>4656001</misses>
				<total>24</total>
				<timestamp>1348.913726</timestamp>
			</report>
			<report>
				<misses>4657001</misses>
				<total>24</total>
				<timestamp>1349.203468</timestamp>
			</report>
			<report>
				<misses>4658001</misses>
				<total>24</total>
				<timestamp>1349.493153</timestamp>
			</report>
			<report>
				<misses>4659001</misses>
				<total>24</total>
				<timestamp>1349.782951</timestamp>
			</report>
			<report>
				<misses>4660001</misses>
				<total>24</total>
				<timestamp>1350.072566</timestamp>
			</report>
			<report>
				<misses>4661001</misses>
				<total>24</total>
				<timestamp>1350.362394</timestamp>
			</report>
			<report>
				<misses>4662001</misses>
				<total>24</total>
				<timestamp>1350.651982</timestamp>
			</report>
			<report>
				<misses>4663001</misses>
				<total>24</total>
				<timestamp>1350.941702</timestamp>
			</report>
			<report>
				<misses>4664001</misses>
				<total>24</total>
				<timestamp>1351.231534</timestamp>
			</report>
			<report>
				<misses>4665001</misses>
				<total>24</total>
				<timestamp>1351.521134</timestamp>
			</report>
			<report>
				<misses>4666001</misses>
				<total>24</total>
				<timestamp>1351.810851</timestamp>
			</report>
			<report>
				<misses>4667001</misses>
				<total>24</total>
				<timestamp>1352.100530</timestamp>
			</report>
			<report>
				<misses>4668001</misses>
				<total>24</total>
				<timestamp>1352.390237</timestamp>
			</report>
			<report>
				<misses>4669001</misses>
				<total>24</total>
				<timestamp>1352.679967</timestamp>
			</report>
			<report>
				<misses>4670001</misses>
				<total>24</total>
				<timestamp>1352.969665</timestamp>
			</report>
			<report>
				<misses>4671001</misses>
				<total>24</total>
				<timestamp>1353.259399</timestamp>
			</report>
			<report>
				<misses>4672001</misses>
				<total>24</total>
				<timestamp>1353.549072</timestamp>
			</report>
			<report>
				<misses>4673001</misses>
				<total>24</total>
				<timestamp>1353.838792</timestamp>
			</report>
			<report>
				<misses>4674001</misses>
				<total>24</total>
				<timestamp>1354.128560</timestamp>
			</report>
			<report>
				<misses>4675001</misses>
				<total>24</total>
				<timestamp>1354.418227</timestamp>
			</report>
			<report>
				<misses>4676001</misses>
				<total>24</total>
				<timestamp>1354.708021</timestamp>
			</report>
			<report>
				<misses>4677001</misses>
				<total>24</total>
				<timestamp>1354.997636</timestamp>
			</report>
			<report>
				<misses>4678001</misses>
				<total>24</total>
				<timestamp>1355.287352</timestamp>
			</report>
			<report>
				<misses>4679001</misses>
				<total>24</total>
				<timestamp>1355.577059</timestamp>
			</report>
			<report>
				<misses>4680001</misses>
				<total>24</total>
				<timestamp>1355.866752</timestamp>
			</report>
			<report>
				<misses>4681001</misses>
				<total>24</total>
				<timestamp>1356.156472</timestamp>
			</report>
			<report>
				<misses>4682001</misses>
				<total>24</total>
				<timestamp>1356.446192</timestamp>
			</report>
			<report>
				<misses>4683001</misses>
				<total>24</total>
				<timestamp>1356.736011</timestamp>
			</report>
			<report>
				<misses>4684001</misses>
				<total>24</total>
				<timestamp>1357.025719</timestamp>
			</report>
			<report>
				<misses>4685001</misses>
				<total>24</total>
				<timestamp>1357.315488</timestamp>
			</report>
			<report>
				<misses>4686001</misses>
				<total>24</total>
				<timestamp>1357.605021</timestamp>
			</report>
			<report>
				<misses>4687001</misses>
				<total>24</total>
				<timestamp>1357.894718</timestamp>
			</report>
			<report>
				<misses>4688001</misses>
				<total>24</total>
				<timestamp>1358.184455</timestamp>
			</report>
			<report>
				<misses>4689001</misses>
				<total>24</total>
				<timestamp>1358.474159</timestamp>
			</report>
			<report>
				<misses>4690001</misses>
				<total>24</total>
				<timestamp>1358.763903</timestamp>
			</report>
			<report>
				<misses>4691001</misses>
				<total>24</total>
				<timestamp>1359.053581</timestamp>
			</report>
			<report>
				<misses>4692001</misses>
				<total>24</total>
				<timestamp>1359.343323</timestamp>
			</report>
			<report>
				<misses>4693001</misses>
				<total>24</total>
				<timestamp>1359.633010</timestamp>
			</report>
			<report>
				<misses>4694001</misses>
				<total>24</total>
				<timestamp>1359.922813</timestamp>
			</report>
			<report>
				<misses>4695001</misses>
				<total>24</total>
				<timestamp>1360.212434</timestamp>
			</report>
			<report>
				<misses>4696001</misses>
				<total>24</total>
				<timestamp>1360.502206</timestamp>
			</report>
			<report>
				<misses>4697001</misses>
				<total>24</total>
				<timestamp>1360.791848</timestamp>
			</report>
			<report>
				<misses>4698001</misses>
				<total>24</total>
				<timestamp>1361.081576</timestamp>
			</report>
			<report>
				<misses>4699001</misses>
				<total>24</total>
				<timestamp>1361.371330</timestamp>
			</report>
			<report>
				<misses>4700001</misses>
				<total>24</total>
				<timestamp>1361.661075</timestamp>
			</report>
			<report>
				<misses>4701001</misses>
				<total>24</total>
				<timestamp>1361.950696</timestamp>
			</report>
			<report>
				<misses>4702001</misses>
				<total>24</total>
				<timestamp>1362.240444</timestamp>
			</report>
			<report>
				<misses>4703001</misses>
				<total>24</total>
				<timestamp>1362.530092</timestamp>
			</report>
			<report>
				<misses>4704001</misses>
				<total>24</total>
				<timestamp>1362.819788</timestamp>
			</report>
			<report>
				<misses>4705001</misses>
				<total>24</total>
				<timestamp>1363.109521</timestamp>
			</report>
			<report>
				<misses>4706001</misses>
				<total>24</total>
				<timestamp>1363.399331</timestamp>
			</report>
			<report>
				<misses>4707001</misses>
				<total>24</total>
				<timestamp>1363.688934</timestamp>
			</report>
			<report>
				<misses>4708001</misses>
				<total>24</total>
				<timestamp>1363.978630</timestamp>
			</report>
			<report>
				<misses>4709001</misses>
				<total>24</total>
				<timestamp>1364.268356</timestamp>
			</report>
			<report>
				<misses>4710001</misses>
				<total>24</total>
				<timestamp>1364.558050</timestamp>
			</report>
			<report>
				<misses>4711001</misses>
				<total>24</total>
				<timestamp>1364.847793</timestamp>
			</report>
			<report>
				<misses>4712001</misses>
				<total>24</total>
				<timestamp>1365.137486</timestamp>
			</report>
			<report>
				<misses>4713001</misses>
				<total>24</total>
				<timestamp>1365.427195</timestamp>
			</report>
			<report>
				<misses>4714001</misses>
				<total>24</total>
				<timestamp>1365.716918</timestamp>
			</report>
			<report>
				<misses>4715001</misses>
				<total>24</total>
				<timestamp>1366.006608</timestamp>
			</report>
			<report>
				<misses>4716001</misses>
				<total>24</total>
				<timestamp>1366.296372</timestamp>
			</report>
			<report>
				<misses>4717001</misses>
				<total>24</total>
				<timestamp>1366.586090</timestamp>
			</report>
			<report>
				<misses>4718001</misses>
				<total>24</total>
				<timestamp>1366.875759</timestamp>
			</report>
			<report>
				<misses>4719001</misses>
				<total>24</total>
				<timestamp>1367.165518</timestamp>
			</report>
			<report>
				<misses>4720001</misses>
				<total>24</total>
				<timestamp>1367.455176</timestamp>
			</report>
			<report>
				<misses>4721001</misses>
				<total>24</total>
				<timestamp>1367.744865</timestamp>
			</report>
			<report>
				<misses>4722001</misses>
				<total>24</total>
				<timestamp>1368.034578</timestamp>
			</report>
			<report>
				<misses>4723001</misses>
				<total>24</total>
				<timestamp>1368.324329</timestamp>
			</report>
			<report>
				<misses>4724001</misses>
				<total>24</total>
				<timestamp>1368.613994</timestamp>
			</report>
			<report>
				<misses>4725001</misses>
				<total>24</total>
				<timestamp>1368.903716</timestamp>
			</report>
			<report>
				<misses>4726001</misses>
				<total>24</total>
				<timestamp>1369.193572</timestamp>
			</report>
			<report>
				<misses>4727001</misses>
				<total>24</total>
				<timestamp>1369.483125</timestamp>
			</report>
			<report>
				<misses>4728001</misses>
				<total>24</total>
				<timestamp>1369.772843</timestamp>
			</report>
			<report>
				<misses>4729001</misses>
				<total>24</total>
				<timestamp>1370.062564</timestamp>
			</report>
			<report>
				<misses>4730001</misses>
				<total>24</total>
				<timestamp>1370.352291</timestamp>
			</report>
			<report>
				<misses>4731001</misses>
				<total>24</total>
				<timestamp>1370.641961</timestamp>
			</report>
			<report>
				<misses>4732001</misses>
				<total>24</total>
				<timestamp>1370.931680</timestamp>
			</report>
			<report>
				<misses>4733001</misses>
				<total>24</total>
				<timestamp>1371.221377</timestamp>
			</report>
			<report>
				<misses>4734001</misses>
				<total>24</total>
				<timestamp>1371.511095</timestamp>
			</report>
			<report>
				<misses>4735001</misses>
				<total>24</total>
				<timestamp>1371.800815</timestamp>
			</report>
			<report>
				<misses>4736001</misses>
				<total>24</total>
				<timestamp>1372.090509</timestamp>
			</report>
			<report>
				<misses>4737001</misses>
				<total>24</total>
				<timestamp>1372.380336</timestamp>
			</report>
			<report>
				<misses>4738001</misses>
				<total>24</total>
				<timestamp>1372.669919</timestamp>
			</report>
			<report>
				<misses>4739001</misses>
				<total>24</total>
				<timestamp>1372.959683</timestamp>
			</report>
			<report>
				<misses>4740001</misses>
				<total>24</total>
				<timestamp>1373.249444</timestamp>
			</report>
			<report>
				<misses>4741001</misses>
				<total>24</total>
				<timestamp>1373.539157</timestamp>
			</report>
			<report>
				<misses>4742001</misses>
				<total>24</total>
				<timestamp>1373.828788</timestamp>
			</report>
			<report>
				<misses>4743001</misses>
				<total>24</total>
				<timestamp>1374.118484</timestamp>
			</report>
			<report>
				<misses>4744001</misses>
				<total>24</total>
				<timestamp>1374.408247</timestamp>
			</report>
			<report>
				<misses>4745001</misses>
				<total>24</total>
				<timestamp>1374.697900</timestamp>
			</report>
			<report>
				<misses>4746001</misses>
				<total>24</total>
				<timestamp>1374.987623</timestamp>
			</report>
			<report>
				<misses>4747001</misses>
				<total>24</total>
				<timestamp>1375.277337</timestamp>
			</report>
			<report>
				<misses>4748001</misses>
				<total>24</total>
				<timestamp>1375.567029</timestamp>
			</report>
			<report>
				<misses>4749001</misses>
				<total>24</total>
				<timestamp>1375.856743</timestamp>
			</report>
			<report>
				<misses>4750001</misses>
				<total>24</total>
				<timestamp>1376.146459</timestamp>
			</report>
			<report>
				<misses>4751001</misses>
				<total>24</total>
				<timestamp>1376.436227</timestamp>
			</report>
			<report>
				<misses>4752001</misses>
				<total>24</total>
				<timestamp>1376.725980</timestamp>
			</report>
			<report>
				<misses>4753001</misses>
				<total>24</total>
				<timestamp>1377.015679</timestamp>
			</report>
			<report>
				<misses>4754001</misses>
				<total>24</total>
				<timestamp>1377.305467</timestamp>
			</report>
			<report>
				<misses>4755001</misses>
				<total>24</total>
				<timestamp>1377.595101</timestamp>
			</report>
			<report>
				<misses>4756001</misses>
				<total>24</total>
				<timestamp>1377.884709</timestamp>
			</report>
			<report>
				<misses>4757001</misses>
				<total>24</total>
				<timestamp>1378.174444</timestamp>
			</report>
			<report>
				<misses>4758001</misses>
				<total>24</total>
				<timestamp>1378.464342</timestamp>
			</report>
			<report>
				<misses>4759001</misses>
				<total>24</total>
				<timestamp>1378.753960</timestamp>
			</report>
			<report>
				<misses>4760001</misses>
				<total>24</total>
				<timestamp>1379.043657</timestamp>
			</report>
			<report>
				<misses>4761001</misses>
				<total>24</total>
				<timestamp>1379.333319</timestamp>
			</report>
			<report>
				<misses>4762001</misses>
				<total>24</total>
				<timestamp>1379.623021</timestamp>
			</report>
			<report>
				<misses>4763001</misses>
				<total>24</total>
				<timestamp>1379.912704</timestamp>
			</report>
			<report>
				<misses>4764001</misses>
				<total>24</total>
				<timestamp>1380.202394</timestamp>
			</report>
			<report>
				<misses>4765001</misses>
				<total>24</total>
				<timestamp>1380.492152</timestamp>
			</report>
			<report>
				<misses>4766001</misses>
				<total>24</total>
				<timestamp>1380.781826</timestamp>
			</report>
			<report>
				<misses>4767001</misses>
				<total>24</total>
				<timestamp>1381.071524</timestamp>
			</report>
			<report>
				<misses>4768001</misses>
				<total>24</total>
				<timestamp>1381.361241</timestamp>
			</report>
			<report>
				<misses>4769001</misses>
				<total>24</total>
				<timestamp>1381.650949</timestamp>
			</report>
			<report>
				<misses>4770001</misses>
				<total>24</total>
				<timestamp>1381.940695</timestamp>
			</report>
			<report>
				<misses>4771001</misses>
				<total>24</total>
				<timestamp>1382.230364</timestamp>
			</report>
			<report>
				<misses>4772001</misses>
				<total>24</total>
				<timestamp>1382.520084</timestamp>
			</report>
			<report>
				<misses>4773001</misses>
				<total>24</total>
				<timestamp>1382.809798</timestamp>
			</report>
			<report>
				<misses>4774001</misses>
				<total>24</total>
				<timestamp>1383.099520</timestamp>
			</report>
			<report>
				<misses>4775001</misses>
				<total>24</total>
				<timestamp>1383.389233</timestamp>
			</report>
			<report>
				<misses>4776001</misses>
				<total>24</total>
				<timestamp>1383.679035</timestamp>
			</report>
			<report>
				<misses>4777001</misses>
				<total>24</total>
				<timestamp>1383.968721</timestamp>
			</report>
			<report>
				<misses>4778001</misses>
				<total>24</total>
				<timestamp>1384.258397</timestamp>
			</report>
			<report>
				<misses>4779001</misses>
				<total>24</total>
				<timestamp>1384.548076</timestamp>
			</report>
			<report>
				<misses>4780001</misses>
				<total>24</total>
				<timestamp>1384.837849</timestamp>
			</report>
			<report>
				<misses>4781001</misses>
				<total>24</total>
				<timestamp>1385.127573</timestamp>
			</report>
			<report>
				<misses>4782001</misses>
				<total>24</total>
				<timestamp>1385.417233</timestamp>
			</report>
			<report>
				<misses>4783001</misses>
				<total>24</total>
				<timestamp>1385.707045</timestamp>
			</report>
			<report>
				<misses>4784001</misses>
				<total>24</total>
				<timestamp>1385.996629</timestamp>
			</report>
			<report>
				<misses>4785001</misses>
				<total>24</total>
				<timestamp>1386.286306</timestamp>
			</report>
			<report>
				<misses>4786001</misses>
				<total>24</total>
				<timestamp>1386.576007</timestamp>
			</report>
			<report>
				<misses>4787001</misses>
				<total>24</total>
				<timestamp>1386.865775</timestamp>
			</report>
			<report>
				<misses>4788001</misses>
				<total>24</total>
				<timestamp>1387.155430</timestamp>
			</report>
			<report>
				<misses>4789001</misses>
				<total>24</total>
				<timestamp>1387.445162</timestamp>
			</report>
			<report>
				<misses>4790001</misses>
				<total>24</total>
				<timestamp>1387.734905</timestamp>
			</report>
			<report>
				<misses>4791001</misses>
				<total>24</total>
				<timestamp>1388.024573</timestamp>
			</report>
			<report>
				<misses>4792001</misses>
				<total>24</total>
				<timestamp>1388.314344</timestamp>
			</report>
			<report>
				<misses>4793001</misses>
				<total>24</total>
				<timestamp>1388.603987</timestamp>
			</report>
			<report>
				<misses>4794001</misses>
				<total>24</total>
				<timestamp>1388.893713</timestamp>
			</report>
			<report>
				<misses>4795001</misses>
				<total>24</total>
				<timestamp>1389.183411</timestamp>
			</report>
			<report>
				<misses>4796001</misses>
				<total>24</total>
				<timestamp>1389.473260</timestamp>
			</report>
			<report>
				<misses>4797001</misses>
				<total>24</total>
				<timestamp>1389.762834</timestamp>
			</report>
			<report>
				<misses>4798001</misses>
				<total>24</total>
				<timestamp>1390.052538</timestamp>
			</report>
			<report>
				<misses>4799001</misses>
				<total>24</total>
				<timestamp>1390.342261</timestamp>
			</report>
			<report>
				<misses>4800001</misses>
				<total>24</total>
				<timestamp>1390.631987</timestamp>
			</report>
			<report>
				<misses>4801001</misses>
				<total>24</total>
				<timestamp>1390.921672</timestamp>
			</report>
			<report>
				<misses>4802001</misses>
				<total>24</total>
				<timestamp>1391.211376</timestamp>
			</report>
			<report>
				<misses>4803001</misses>
				<total>24</total>
				<timestamp>1391.501103</timestamp>
			</report>
			<report>
				<misses>4804001</misses>
				<total>24</total>
				<timestamp>1391.790795</timestamp>
			</report>
			<report>
				<misses>4805001</misses>
				<total>24</total>
				<timestamp>1392.080525</timestamp>
			</report>
			<report>
				<misses>4806001</misses>
				<total>24</total>
				<timestamp>1392.370323</timestamp>
			</report>
			<report>
				<misses>4807001</misses>
				<total>24</total>
				<timestamp>1392.660007</timestamp>
			</report>
			<report>
				<misses>4808001</misses>
				<total>24</total>
				<timestamp>1392.949742</timestamp>
			</report>
			<report>
				<misses>4809001</misses>
				<total>24</total>
				<timestamp>1393.239460</timestamp>
			</report>
			<report>
				<misses>4810001</misses>
				<total>24</total>
				<timestamp>1393.529175</timestamp>
			</report>
			<report>
				<misses>4811001</misses>
				<total>24</total>
				<timestamp>1393.818766</timestamp>
			</report>
			<report>
				<misses>4812001</misses>
				<total>24</total>
				<timestamp>1394.108592</timestamp>
			</report>
			<report>
				<misses>4813001</misses>
				<total>24</total>
				<timestamp>1394.398268</timestamp>
			</report>
			<report>
				<misses>4814001</misses>
				<total>24</total>
				<timestamp>1394.687903</timestamp>
			</report>
			<report>
				<misses>4815001</misses>
				<total>24</total>
				<timestamp>1394.977701</timestamp>
			</report>
			<report>
				<misses>4816001</misses>
				<total>24</total>
				<timestamp>1395.267372</timestamp>
			</report>
			<report>
				<misses>4817001</misses>
				<total>24</total>
				<timestamp>1395.557152</timestamp>
			</report>
			<report>
				<misses>4818001</misses>
				<total>24</total>
				<timestamp>1395.846740</timestamp>
			</report>
			<report>
				<misses>4819001</misses>
				<total>24</total>
				<timestamp>1396.136525</timestamp>
			</report>
			<report>
				<misses>4820001</misses>
				<total>24</total>
				<timestamp>1396.426330</timestamp>
			</report>
			<report>
				<misses>4821001</misses>
				<total>24</total>
				<timestamp>1396.715854</timestamp>
			</report>
			<report>
				<misses>4822001</misses>
				<total>24</total>
				<timestamp>1397.005593</timestamp>
			</report>
			<report>
				<misses>4823001</misses>
				<total>24</total>
				<timestamp>1397.295287</timestamp>
			</report>
			<report>
				<misses>4824001</misses>
				<total>24</total>
				<timestamp>1397.585003</timestamp>
			</report>
			<report>
				<misses>4825001</misses>
				<total>24</total>
				<timestamp>1397.874722</timestamp>
			</report>
			<report>
				<misses>4826001</misses>
				<total>24</total>
				<timestamp>1398.164449</timestamp>
			</report>
			<report>
				<misses>4827001</misses>
				<total>24</total>
				<timestamp>1398.454111</timestamp>
			</report>
			<report>
				<misses>4828001</misses>
				<total>24</total>
				<timestamp>1398.743945</timestamp>
			</report>
			<report>
				<misses>4829001</misses>
				<total>24</total>
				<timestamp>1399.033582</timestamp>
			</report>
			<report>
				<misses>4830001</misses>
				<total>24</total>
				<timestamp>1399.323243</timestamp>
			</report>
			<report>
				<misses>4831001</misses>
				<total>24</total>
				<timestamp>1399.612970</timestamp>
			</report>
			<report>
				<misses>4832001</misses>
				<total>24</total>
				<timestamp>1399.902700</timestamp>
			</report>
			<report>
				<misses>4833001</misses>
				<total>24</total>
				<timestamp>1400.192419</timestamp>
			</report>
			<report>
				<misses>4834001</misses>
				<total>24</total>
				<timestamp>1400.482140</timestamp>
			</report>
			<report>
				<misses>4835001</misses>
				<total>24</total>
				<timestamp>1400.771828</timestamp>
			</report>
			<report>
				<misses>4836001</misses>
				<total>24</total>
				<timestamp>1401.061586</timestamp>
			</report>
			<report>
				<misses>4837001</misses>
				<total>24</total>
				<timestamp>1401.351224</timestamp>
			</report>
			<report>
				<misses>4838001</misses>
				<total>24</total>
				<timestamp>1401.640920</timestamp>
			</report>
			<report>
				<misses>4839001</misses>
				<total>24</total>
				<timestamp>1401.930650</timestamp>
			</report>
			<report>
				<misses>4840001</misses>
				<total>24</total>
				<timestamp>1402.220349</timestamp>
			</report>
			<report>
				<misses>4841001</misses>
				<total>24</total>
				<timestamp>1402.510086</timestamp>
			</report>
			<report>
				<misses>4842001</misses>
				<total>24</total>
				<timestamp>1402.799781</timestamp>
			</report>
			<report>
				<misses>4843001</misses>
				<total>24</total>
				<timestamp>1403.089543</timestamp>
			</report>
			<report>
				<misses>4844001</misses>
				<total>24</total>
				<timestamp>1403.379281</timestamp>
			</report>
			<report>
				<misses>4845001</misses>
				<total>24</total>
				<timestamp>1403.668898</timestamp>
			</report>
			<report>
				<misses>4846001</misses>
				<total>24</total>
				<timestamp>1403.958631</timestamp>
			</report>
			<report>
				<misses>4847001</misses>
				<total>24</total>
				<timestamp>1404.248346</timestamp>
			</report>
			<report>
				<misses>4848001</misses>
				<total>24</total>
				<timestamp>1404.538101</timestamp>
			</report>
			<report>
				<misses>4849001</misses>
				<total>24</total>
				<timestamp>1404.827776</timestamp>
			</report>
			<report>
				<misses>4850001</misses>
				<total>24</total>
				<timestamp>1405.117454</timestamp>
			</report>
			<report>
				<misses>4851001</misses>
				<total>24</total>
				<timestamp>1405.407284</timestamp>
			</report>
			<report>
				<misses>4852001</misses>
				<total>24</total>
				<timestamp>1405.696867</timestamp>
			</report>
			<report>
				<misses>4853001</misses>
				<total>24</total>
				<timestamp>1405.986598</timestamp>
			</report>
			<report>
				<misses>4854001</misses>
				<total>24</total>
				<timestamp>1406.276298</timestamp>
			</report>
			<report>
				<misses>4855001</misses>
				<total>24</total>
				<timestamp>1406.566082</timestamp>
			</report>
			<report>
				<misses>4856001</misses>
				<total>24</total>
				<timestamp>1406.855750</timestamp>
			</report>
			<report>
				<misses>4857001</misses>
				<total>24</total>
				<timestamp>1407.145462</timestamp>
			</report>
			<report>
				<misses>4858001</misses>
				<total>24</total>
				<timestamp>1407.435167</timestamp>
			</report>
			<report>
				<misses>4859001</misses>
				<total>24</total>
				<timestamp>1407.724837</timestamp>
			</report>
			<report>
				<misses>4860001</misses>
				<total>24</total>
				<timestamp>1408.014572</timestamp>
			</report>
			<report>
				<misses>4861001</misses>
				<total>24</total>
				<timestamp>1408.304280</timestamp>
			</report>
			<report>
				<misses>4862001</misses>
				<total>24</total>
				<timestamp>1408.593989</timestamp>
			</report>
			<report>
				<misses>4863001</misses>
				<total>24</total>
				<timestamp>1408.883674</timestamp>
			</report>
			<report>
				<misses>4864001</misses>
				<total>24</total>
				<timestamp>1409.173398</timestamp>
			</report>
			<report>
				<misses>4865001</misses>
				<total>24</total>
				<timestamp>1409.463138</timestamp>
			</report>
			<report>
				<misses>4866001</misses>
				<total>24</total>
				<timestamp>1409.752835</timestamp>
			</report>
			<report>
				<misses>4867001</misses>
				<total>24</total>
				<timestamp>1410.042550</timestamp>
			</report>
			<report>
				<misses>4868001</misses>
				<total>24</total>
				<timestamp>1410.332235</timestamp>
			</report>
			<report>
				<misses>4869001</misses>
				<total>24</total>
				<timestamp>1410.621974</timestamp>
			</report>
			<report>
				<misses>4870001</misses>
				<total>24</total>
				<timestamp>1410.911660</timestamp>
			</report>
			<report>
				<misses>4871001</misses>
				<total>24</total>
				<timestamp>1411.201357</timestamp>
			</report>
			<report>
				<misses>4872001</misses>
				<total>24</total>
				<timestamp>1411.491094</timestamp>
			</report>
			<report>
				<misses>4873001</misses>
				<total>24</total>
				<timestamp>1411.780775</timestamp>
			</report>
			<report>
				<misses>4874001</misses>
				<total>24</total>
				<timestamp>1412.070530</timestamp>
			</report>
			<report>
				<misses>4875001</misses>
				<total>24</total>
				<timestamp>1412.360211</timestamp>
			</report>
			<report>
				<misses>4876001</misses>
				<total>24</total>
				<timestamp>1412.649965</timestamp>
			</report>
			<report>
				<misses>4877001</misses>
				<total>24</total>
				<timestamp>1412.939621</timestamp>
			</report>
			<report>
				<misses>4878001</misses>
				<total>24</total>
				<timestamp>1413.229377</timestamp>
			</report>
			<report>
				<misses>4879001</misses>
				<total>24</total>
				<timestamp>1413.519068</timestamp>
			</report>
			<report>
				<misses>4880001</misses>
				<total>24</total>
				<timestamp>1413.808750</timestamp>
			</report>
			<report>
				<misses>4881001</misses>
				<total>24</total>
				<timestamp>1414.098484</timestamp>
			</report>
			<report>
				<misses>4882001</misses>
				<total>24</total>
				<timestamp>1414.388177</timestamp>
			</report>
			<report>
				<misses>4883001</misses>
				<total>24</total>
				<timestamp>1414.677885</timestamp>
			</report>
			<report>
				<misses>4884001</misses>
				<total>24</total>
				<timestamp>1414.967633</timestamp>
			</report>
			<report>
				<misses>4885001</misses>
				<total>24</total>
				<timestamp>1415.257352</timestamp>
			</report>
			<report>
				<misses>4886001</misses>
				<total>24</total>
				<timestamp>1415.547127</timestamp>
			</report>
			<report>
				<misses>4887001</misses>
				<total>24</total>
				<timestamp>1415.836802</timestamp>
			</report>
			<report>
				<misses>4888001</misses>
				<total>24</total>
				<timestamp>1416.126533</timestamp>
			</report>
			<report>
				<misses>4889001</misses>
				<total>24</total>
				<timestamp>1416.416259</timestamp>
			</report>
			<report>
				<misses>4890001</misses>
				<total>24</total>
				<timestamp>1416.705910</timestamp>
			</report>
			<report>
				<misses>4891001</misses>
				<total>24</total>
				<timestamp>1416.995570</timestamp>
			</report>
			<report>
				<misses>4892001</misses>
				<total>24</total>
				<timestamp>1417.285411</timestamp>
			</report>
			<report>
				<misses>4893001</misses>
				<total>24</total>
				<timestamp>1417.575070</timestamp>
			</report>
			<report>
				<misses>4894001</misses>
				<total>24</total>
				<timestamp>1417.864847</timestamp>
			</report>
			<report>
				<misses>4895001</misses>
				<total>24</total>
				<timestamp>1418.154436</timestamp>
			</report>
			<report>
				<misses>4896001</misses>
				<total>24</total>
				<timestamp>1418.444229</timestamp>
			</report>
			<report>
				<misses>4897001</misses>
				<total>24</total>
				<timestamp>1418.733858</timestamp>
			</report>
			<report>
				<misses>4898001</misses>
				<total>24</total>
				<timestamp>1419.023672</timestamp>
			</report>
			<report>
				<misses>4899001</misses>
				<total>24</total>
				<timestamp>1419.313359</timestamp>
			</report>
			<report>
				<misses>4900001</misses>
				<total>24</total>
				<timestamp>1419.603058</timestamp>
			</report>
			<report>
				<misses>4901001</misses>
				<total>24</total>
				<timestamp>1419.892712</timestamp>
			</report>
			<report>
				<misses>4902001</misses>
				<total>24</total>
				<timestamp>1420.182364</timestamp>
			</report>
			<report>
				<misses>4903001</misses>
				<total>24</total>
				<timestamp>1420.472084</timestamp>
			</report>
			<report>
				<misses>4904001</misses>
				<total>24</total>
				<timestamp>1420.761804</timestamp>
			</report>
			<report>
				<misses>4905001</misses>
				<total>24</total>
				<timestamp>1421.051524</timestamp>
			</report>
			<report>
				<misses>4906001</misses>
				<total>24</total>
				<timestamp>1421.341231</timestamp>
			</report>
			<report>
				<misses>4907001</misses>
				<total>24</total>
				<timestamp>1421.630960</timestamp>
			</report>
			<report>
				<misses>4908001</misses>
				<total>24</total>
				<timestamp>1421.920656</timestamp>
			</report>
			<report>
				<misses>4909001</misses>
				<total>24</total>
				<timestamp>1422.210391</timestamp>
			</report>
			<report>
				<misses>4910001</misses>
				<total>24</total>
				<timestamp>1422.500133</timestamp>
			</report>
			<report>
				<misses>4911001</misses>
				<total>24</total>
				<timestamp>1422.789762</timestamp>
			</report>
			<report>
				<misses>4912001</misses>
				<total>24</total>
				<timestamp>1423.079515</timestamp>
			</report>
			<report>
				<misses>4913001</misses>
				<total>24</total>
				<timestamp>1423.369202</timestamp>
			</report>
			<report>
				<misses>4914001</misses>
				<total>24</total>
				<timestamp>1423.658916</timestamp>
			</report>
			<report>
				<misses>4915001</misses>
				<total>24</total>
				<timestamp>1423.948674</timestamp>
			</report>
			<report>
				<misses>4916001</misses>
				<total>24</total>
				<timestamp>1424.238323</timestamp>
			</report>
			<report>
				<misses>4917001</misses>
				<total>24</total>
				<timestamp>1424.528056</timestamp>
			</report>
			<report>
				<misses>4918001</misses>
				<total>24</total>
				<timestamp>1424.817901</timestamp>
			</report>
			<report>
				<misses>4919001</misses>
				<total>23</total>
				<timestamp>1425.107574</timestamp>
			</report>
			<report>
				<misses>4920001</misses>
				<total>24</total>
				<timestamp>1425.397164</timestamp>
			</report>
			<report>
				<misses>4921001</misses>
				<total>24</total>
				<timestamp>1425.686942</timestamp>
			</report>
			<report>
				<misses>4922001</misses>
				<total>24</total>
				<timestamp>1425.976656</timestamp>
			</report>
			<report>
				<misses>4923001</misses>
				<total>24</total>
				<timestamp>1426.266330</timestamp>
			</report>
			<report>
				<misses>4924001</misses>
				<total>24</total>
				<timestamp>1426.555994</timestamp>
			</report>
			<report>
				<misses>4925001</misses>
				<total>24</total>
				<timestamp>1426.845756</timestamp>
			</report>
			<report>
				<misses>4926001</misses>
				<total>24</total>
				<timestamp>1427.135414</timestamp>
			</report>
			<report>
				<misses>4927001</misses>
				<total>24</total>
				<timestamp>1427.425153</timestamp>
			</report>
			<report>
				<misses>4928001</misses>
				<total>24</total>
				<timestamp>1427.714902</timestamp>
			</report>
			<report>
				<misses>4929001</misses>
				<total>24</total>
				<timestamp>1428.004538</timestamp>
			</report>
			<report>
				<misses>4930001</misses>
				<total>24</total>
				<timestamp>1428.294245</timestamp>
			</report>
			<report>
				<misses>4931001</misses>
				<total>24</total>
				<timestamp>1428.584101</timestamp>
			</report>
			<report>
				<misses>4932001</misses>
				<total>24</total>
				<timestamp>1428.873661</timestamp>
			</report>
			<report>
				<misses>4933001</misses>
				<total>24</total>
				<timestamp>1429.163394</timestamp>
			</report>
			<report>
				<misses>4934001</misses>
				<total>24</total>
				<timestamp>1429.453092</timestamp>
			</report>
			<report>
				<misses>4935001</misses>
				<total>24</total>
				<timestamp>1429.742797</timestamp>
			</report>
			<report>
				<misses>4936001</misses>
				<total>24</total>
				<timestamp>1430.032522</timestamp>
			</report>
			<report>
				<misses>4937001</misses>
				<total>24</total>
				<timestamp>1430.322222</timestamp>
			</report>
			<report>
				<misses>4938001</misses>
				<total>24</total>
				<timestamp>1430.611961</timestamp>
			</report>
			<report>
				<misses>4939001</misses>
				<total>24</total>
				<timestamp>1430.901634</timestamp>
			</report>
			<report>
				<misses>4940001</misses>
				<total>24</total>
				<timestamp>1431.191365</timestamp>
			</report>
			<report>
				<misses>4941001</misses>
				<total>24</total>
				<timestamp>1431.481082</timestamp>
			</report>
			<report>
				<misses>4942001</misses>
				<total>24</total>
				<timestamp>1431.770778</timestamp>
			</report>
			<report>
				<misses>4943001</misses>
				<total>24</total>
				<timestamp>1432.060499</timestamp>
			</report>
			<report>
				<misses>4944001</misses>
				<total>24</total>
				<timestamp>1432.350202</timestamp>
			</report>
			<report>
				<misses>4945001</misses>
				<total>24</total>
				<timestamp>1432.639929</timestamp>
			</report>
			<report>
				<misses>4946001</misses>
				<total>24</total>
				<timestamp>1432.929618</timestamp>
			</report>
			<report>
				<misses>4947001</misses>
				<total>24</total>
				<timestamp>1433.219319</timestamp>
			</report>
			<report>
				<misses>4948001</misses>
				<total>24</total>
				<timestamp>1433.509054</timestamp>
			</report>
			<report>
				<misses>4949001</misses>
				<total>24</total>
				<timestamp>1433.798752</timestamp>
			</report>
			<report>
				<misses>4950001</misses>
				<total>24</total>
				<timestamp>1434.088463</timestamp>
			</report>
			<report>
				<misses>4951001</misses>
				<total>24</total>
				<timestamp>1434.378220</timestamp>
			</report>
			<report>
				<misses>4952001</misses>
				<total>24</total>
				<timestamp>1434.667903</timestamp>
			</report>
			<report>
				<misses>4953001</misses>
				<total>24</total>
				<timestamp>1434.957582</timestamp>
			</report>
			<report>
				<misses>4954001</misses>
				<total>24</total>
				<timestamp>1435.247308</timestamp>
			</report>
			<report>
				<misses>4955001</misses>
				<total>24</total>
				<timestamp>1435.537013</timestamp>
			</report>
			<report>
				<misses>4956001</misses>
				<total>24</total>
				<timestamp>1435.826862</timestamp>
			</report>
			<report>
				<misses>4957001</misses>
				<total>24</total>
				<timestamp>1436.116590</timestamp>
			</report>
			<report>
				<misses>4958001</misses>
				<total>24</total>
				<timestamp>1436.406145</timestamp>
			</report>
			<report>
				<misses>4959001</misses>
				<total>24</total>
				<timestamp>1436.695848</timestamp>
			</report>
			<report>
				<misses>4960001</misses>
				<total>24</total>
				<timestamp>1436.985577</timestamp>
			</report>
			<report>
				<misses>4961001</misses>
				<total>24</total>
				<timestamp>1437.275266</timestamp>
			</report>
			<report>
				<misses>4962001</misses>
				<total>24</total>
				<timestamp>1437.565010</timestamp>
			</report>
			<report>
				<misses>4963001</misses>
				<total>24</total>
				<timestamp>1437.854723</timestamp>
			</report>
			<report>
				<misses>4964001</misses>
				<total>24</total>
				<timestamp>1438.144551</timestamp>
			</report>
			<report>
				<misses>4965001</misses>
				<total>24</total>
				<timestamp>1438.434255</timestamp>
			</report>
			<report>
				<misses>4966001</misses>
				<total>24</total>
				<timestamp>1438.723949</timestamp>
			</report>
			<report>
				<misses>4967001</misses>
				<total>24</total>
				<timestamp>1439.013658</timestamp>
			</report>
			<report>
				<misses>4968001</misses>
				<total>24</total>
				<timestamp>1439.303236</timestamp>
			</report>
			<report>
				<misses>4969001</misses>
				<total>24</total>
				<timestamp>1439.592974</timestamp>
			</report>
			<report>
				<misses>4970001</misses>
				<total>24</total>
				<timestamp>1439.882645</timestamp>
			</report>
			<report>
				<misses>4971001</misses>
				<total>24</total>
				<timestamp>1440.172355</timestamp>
			</report>
			<report>
				<misses>4972001</misses>
				<total>24</total>
				<timestamp>1440.462081</timestamp>
			</report>
			<report>
				<misses>4973001</misses>
				<total>24</total>
				<timestamp>1440.751842</timestamp>
			</report>
			<report>
				<misses>4974001</misses>
				<total>24</total>
				<timestamp>1441.041512</timestamp>
			</report>
			<report>
				<misses>4975001</misses>
				<total>24</total>
				<timestamp>1441.331210</timestamp>
			</report>
			<report>
				<misses>4976001</misses>
				<total>24</total>
				<timestamp>1441.620963</timestamp>
			</report>
			<report>
				<misses>4977001</misses>
				<total>24</total>
				<timestamp>1441.910638</timestamp>
			</report>
			<report>
				<misses>4978001</misses>
				<total>24</total>
				<timestamp>1442.200350</timestamp>
			</report>
			<report>
				<misses>4979001</misses>
				<total>24</total>
				<timestamp>1442.490043</timestamp>
			</report>
			<report>
				<misses>4980001</misses>
				<total>24</total>
				<timestamp>1442.779813</timestamp>
			</report>
			<report>
				<misses>4981001</misses>
				<total>24</total>
				<timestamp>1443.069484</timestamp>
			</report>
			<report>
				<misses>4982001</misses>
				<total>24</total>
				<timestamp>1443.359168</timestamp>
			</report>
			<report>
				<misses>4983001</misses>
				<total>24</total>
				<timestamp>1443.648894</timestamp>
			</report>
			<report>
				<misses>4984001</misses>
				<total>24</total>
				<timestamp>1443.938612</timestamp>
			</report>
			<report>
				<misses>4985001</misses>
				<total>24</total>
				<timestamp>1444.228296</timestamp>
			</report>
			<report>
				<misses>4986001</misses>
				<total>24</total>
				<timestamp>1444.518027</timestamp>
			</report>
			<report>
				<misses>4987001</misses>
				<total>24</total>
				<timestamp>1444.807822</timestamp>
			</report>
			<report>
				<misses>4988001</misses>
				<total>24</total>
				<timestamp>1445.097439</timestamp>
			</report>
			<report>
				<misses>4989001</misses>
				<total>24</total>
				<timestamp>1445.387133</timestamp>
			</report>
			<report>
				<misses>4990001</misses>
				<total>24</total>
				<timestamp>1445.676884</timestamp>
			</report>
			<report>
				<misses>4991001</misses>
				<total>24</total>
				<timestamp>1445.966604</timestamp>
			</report>
			<report>
				<misses>4992001</misses>
				<total>24</total>
				<timestamp>1446.256272</timestamp>
			</report>
			<report>
				<misses>4993001</misses>
				<total>24</total>
				<timestamp>1446.545993</timestamp>
			</report>
			<report>
				<misses>4994001</misses>
				<total>24</total>
				<timestamp>1446.835704</timestamp>
			</report>
			<report>
				<misses>4995001</misses>
				<total>24</total>
				<timestamp>1447.125409</timestamp>
			</report>
			<report>
				<misses>4996001</misses>
				<total>24</total>
				<timestamp>1447.415115</timestamp>
			</report>
			<report>
				<misses>4997001</misses>
				<total>24</total>
				<timestamp>1447.704840</timestamp>
			</report>
			<report>
				<misses>4998001</misses>
				<total>24</total>
				<timestamp>1447.994527</timestamp>
			</report>
			<report>
				<misses>4999001</misses>
				<total>24</total>
				<timestamp>1448.284251</timestamp>
			</report>
			<report>
				<misses>5000001</misses>
				<total>26</total>
				<timestamp>1448.573966</timestamp>
			</report>
			<report>
				<misses>5001001</misses>
				<total>26</total>
				<timestamp>1448.863820</timestamp>
			</report>
			<report>
				<misses>5002001</misses>
				<total>26</total>
				<timestamp>1449.153483</timestamp>
			</report>
			<report>
				<misses>5003001</misses>
				<total>26</total>
				<timestamp>1449.443224</timestamp>
			</report>
			<report>
				<misses>5004001</misses>
				<total>26</total>
				<timestamp>1449.732811</timestamp>
			</report>
			<report>
				<misses>5005001</misses>
				<total>26</total>
				<timestamp>1450.022500</timestamp>
			</report>
			<report>
				<misses>5006001</misses>
				<total>26</total>
				<timestamp>1450.312224</timestamp>
			</report>
			<report>
				<misses>5007001</misses>
				<total>26</total>
				<timestamp>1450.601926</timestamp>
			</report>
			<report>
				<misses>5008001</misses>
				<total>26</total>
				<timestamp>1450.891664</timestamp>
			</report>
			<report>
				<misses>5009001</misses>
				<total>26</total>
				<timestamp>1451.181374</timestamp>
			</report>
			<report>
				<misses>5010001</misses>
				<total>26</total>
				<timestamp>1451.471056</timestamp>
			</report>
			<report>
				<misses>5011001</misses>
				<total>26</total>
				<timestamp>1451.760799</timestamp>
			</report>
			<report>
				<misses>5012001</misses>
				<total>26</total>
				<timestamp>1452.050491</timestamp>
			</report>
			<report>
				<misses>5013001</misses>
				<total>26</total>
				<timestamp>1452.340256</timestamp>
			</report>
			<report>
				<misses>5014001</misses>
				<total>26</total>
				<timestamp>1452.629945</timestamp>
			</report>
			<report>
				<misses>5015001</misses>
				<total>26</total>
				<timestamp>1452.919693</timestamp>
			</report>
			<report>
				<misses>5016001</misses>
				<total>26</total>
				<timestamp>1453.209411</timestamp>
			</report>
			<report>
				<misses>5017001</misses>
				<total>26</total>
				<timestamp>1453.499073</timestamp>
			</report>
			<report>
				<misses>5018001</misses>
				<total>26</total>
				<timestamp>1453.788781</timestamp>
			</report>
			<report>
				<misses>5019001</misses>
				<total>26</total>
				<timestamp>1454.078472</timestamp>
			</report>
			<report>
				<misses>5020001</misses>
				<total>26</total>
				<timestamp>1454.368162</timestamp>
			</report>
			<report>
				<misses>5021001</misses>
				<total>26</total>
				<timestamp>1454.657918</timestamp>
			</report>
			<report>
				<misses>5022001</misses>
				<total>26</total>
				<timestamp>1454.947650</timestamp>
			</report>
			<report>
				<misses>5023001</misses>
				<total>26</total>
				<timestamp>1455.237408</timestamp>
			</report>
			<report>
				<misses>5024001</misses>
				<total>26</total>
				<timestamp>1455.527018</timestamp>
			</report>
			<report>
				<misses>5025001</misses>
				<total>26</total>
				<timestamp>1455.816746</timestamp>
			</report>
			<report>
				<misses>5026001</misses>
				<total>26</total>
				<timestamp>1456.106446</timestamp>
			</report>
			<report>
				<misses>5027001</misses>
				<total>26</total>
				<timestamp>1456.396142</timestamp>
			</report>
			<report>
				<misses>5028001</misses>
				<total>26</total>
				<timestamp>1456.685896</timestamp>
			</report>
			<report>
				<misses>5029001</misses>
				<total>26</total>
				<timestamp>1456.975554</timestamp>
			</report>
			<report>
				<misses>5030001</misses>
				<total>26</total>
				<timestamp>1457.265263</timestamp>
			</report>
			<report>
				<misses>5031001</misses>
				<total>26</total>
				<timestamp>1457.554973</timestamp>
			</report>
			<report>
				<misses>5032001</misses>
				<total>26</total>
				<timestamp>1457.844702</timestamp>
			</report>
			<report>
				<misses>5033001</misses>
				<total>26</total>
				<timestamp>1458.134441</timestamp>
			</report>
			<report>
				<misses>5034001</misses>
				<total>26</total>
				<timestamp>1458.424157</timestamp>
			</report>
			<report>
				<misses>5035001</misses>
				<total>26</total>
				<timestamp>1458.713918</timestamp>
			</report>
			<report>
				<misses>5036001</misses>
				<total>26</total>
				<timestamp>1459.003559</timestamp>
			</report>
			<report>
				<misses>5037001</misses>
				<total>26</total>
				<timestamp>1459.293272</timestamp>
			</report>
			<report>
				<misses>5038001</misses>
				<total>26</total>
				<timestamp>1459.583046</timestamp>
			</report>
			<report>
				<misses>5039001</misses>
				<total>26</total>
				<timestamp>1459.872736</timestamp>
			</report>
			<report>
				<misses>5040001</misses>
				<total>26</total>
				<timestamp>1460.162396</timestamp>
			</report>
			<report>
				<misses>5041001</misses>
				<total>26</total>
				<timestamp>1460.452149</timestamp>
			</report>
			<report>
				<misses>5042001</misses>
				<total>26</total>
				<timestamp>1460.741895</timestamp>
			</report>
			<report>
				<misses>5043001</misses>
				<total>26</total>
				<timestamp>1461.031649</timestamp>
			</report>
			<report>
				<misses>5044001</misses>
				<total>26</total>
				<timestamp>1461.321213</timestamp>
			</report>
			<report>
				<misses>5045001</misses>
				<total>26</total>
				<timestamp>1461.611027</timestamp>
			</report>
			<report>
				<misses>5046001</misses>
				<total>26</total>
				<timestamp>1461.900645</timestamp>
			</report>
			<report>
				<misses>5047001</misses>
				<total>26</total>
				<timestamp>1462.190366</timestamp>
			</report>
			<report>
				<misses>5048001</misses>
				<total>26</total>
				<timestamp>1462.480035</timestamp>
			</report>
			<report>
				<misses>5049001</misses>
				<total>26</total>
				<timestamp>1462.769785</timestamp>
			</report>
			<report>
				<misses>5050001</misses>
				<total>26</total>
				<timestamp>1463.059539</timestamp>
			</report>
			<report>
				<misses>5051001</misses>
				<total>26</total>
				<timestamp>1463.349150</timestamp>
			</report>
			<report>
				<misses>5052001</misses>
				<total>26</total>
				<timestamp>1463.638999</timestamp>
			</report>
			<report>
				<misses>5053001</misses>
				<total>26</total>
				<timestamp>1463.928744</timestamp>
			</report>
			<report>
				<misses>5054001</misses>
				<total>26</total>
				<timestamp>1464.218346</timestamp>
			</report>
			<report>
				<misses>5055001</misses>
				<total>26</total>
				<timestamp>1464.508093</timestamp>
			</report>
			<report>
				<misses>5056001</misses>
				<total>26</total>
				<timestamp>1464.797799</timestamp>
			</report>
			<report>
				<misses>5057001</misses>
				<total>26</total>
				<timestamp>1465.087456</timestamp>
			</report>
			<report>
				<misses>5058001</misses>
				<total>26</total>
				<timestamp>1465.377146</timestamp>
			</report>
			<report>
				<misses>5059001</misses>
				<total>26</total>
				<timestamp>1465.666957</timestamp>
			</report>
			<report>
				<misses>5060001</misses>
				<total>26</total>
				<timestamp>1465.956569</timestamp>
			</report>
			<report>
				<misses>5061001</misses>
				<total>26</total>
				<timestamp>1466.246328</timestamp>
			</report>
			<report>
				<misses>5062001</misses>
				<total>26</total>
				<timestamp>1466.536080</timestamp>
			</report>
			<report>
				<misses>5063001</misses>
				<total>26</total>
				<timestamp>1466.825813</timestamp>
			</report>
			<report>
				<misses>5064001</misses>
				<total>26</total>
				<timestamp>1467.115526</timestamp>
			</report>
			<report>
				<misses>5065001</misses>
				<total>26</total>
				<timestamp>1467.405149</timestamp>
			</report>
			<report>
				<misses>5066001</misses>
				<total>26</total>
				<timestamp>1467.694816</timestamp>
			</report>
			<report>
				<misses>5067001</misses>
				<total>26</total>
				<timestamp>1467.984521</timestamp>
			</report>
			<report>
				<misses>5068001</misses>
				<total>26</total>
				<timestamp>1468.274238</timestamp>
			</report>
			<report>
				<misses>5069001</misses>
				<total>26</total>
				<timestamp>1468.563943</timestamp>
			</report>
			<report>
				<misses>5070001</misses>
				<total>26</total>
				<timestamp>1468.853697</timestamp>
			</report>
			<report>
				<misses>5071001</misses>
				<total>26</total>
				<timestamp>1469.143395</timestamp>
			</report>
			<report>
				<misses>5072001</misses>
				<total>26</total>
				<timestamp>1469.433081</timestamp>
			</report>
			<report>
				<misses>5073001</misses>
				<total>26</total>
				<timestamp>1469.722786</timestamp>
			</report>
			<report>
				<misses>5074001</misses>
				<total>26</total>
				<timestamp>1470.012520</timestamp>
			</report>
			<report>
				<misses>5075001</misses>
				<total>26</total>
				<timestamp>1470.302201</timestamp>
			</report>
			<report>
				<misses>5076001</misses>
				<total>26</total>
				<timestamp>1470.591909</timestamp>
			</report>
			<report>
				<misses>5077001</misses>
				<total>26</total>
				<timestamp>1470.881651</timestamp>
			</report>
			<report>
				<misses>5078001</misses>
				<total>26</total>
				<timestamp>1471.171361</timestamp>
			</report>
			<report>
				<misses>5079001</misses>
				<total>26</total>
				<timestamp>1471.461046</timestamp>
			</report>
			<report>
				<misses>5080001</misses>
				<total>26</total>
				<timestamp>1471.750785</timestamp>
			</report>
			<report>
				<misses>5081001</misses>
				<total>26</total>
				<timestamp>1472.040473</timestamp>
			</report>
			<report>
				<misses>5082001</misses>
				<total>26</total>
				<timestamp>1472.330202</timestamp>
			</report>
			<report>
				<misses>5083001</misses>
				<total>26</total>
				<timestamp>1472.619891</timestamp>
			</report>
			<report>
				<misses>5084001</misses>
				<total>26</total>
				<timestamp>1472.909633</timestamp>
			</report>
			<report>
				<misses>5085001</misses>
				<total>26</total>
				<timestamp>1473.199310</timestamp>
			</report>
			<report>
				<misses>5086001</misses>
				<total>26</total>
				<timestamp>1473.489003</timestamp>
			</report>
			<report>
				<misses>5087001</misses>
				<total>26</total>
				<timestamp>1473.778759</timestamp>
			</report>
			<report>
				<misses>5088001</misses>
				<total>26</total>
				<timestamp>1474.068442</timestamp>
			</report>
			<report>
				<misses>5089001</misses>
				<total>26</total>
				<timestamp>1474.358147</timestamp>
			</report>
			<report>
				<misses>5090001</misses>
				<total>26</total>
				<timestamp>1474.647853</timestamp>
			</report>
			<report>
				<misses>5091001</misses>
				<total>26</total>
				<timestamp>1474.937611</timestamp>
			</report>
			<report>
				<misses>5092001</misses>
				<total>26</total>
				<timestamp>1475.227280</timestamp>
			</report>
			<report>
				<misses>5093001</misses>
				<total>26</total>
				<timestamp>1475.516984</timestamp>
			</report>
			<report>
				<misses>5094001</misses>
				<total>26</total>
				<timestamp>1475.806767</timestamp>
			</report>
			<report>
				<misses>5095001</misses>
				<total>26</total>
				<timestamp>1476.096410</timestamp>
			</report>
			<report>
				<misses>5096001</misses>
				<total>26</total>
				<timestamp>1476.386120</timestamp>
			</report>
			<report>
				<misses>5097001</misses>
				<total>26</total>
				<timestamp>1476.675825</timestamp>
			</report>
			<report>
				<misses>5098001</misses>
				<total>26</total>
				<timestamp>1476.965594</timestamp>
			</report>
			<report>
				<misses>5099001</misses>
				<total>26</total>
				<timestamp>1477.255359</timestamp>
			</report>
			<report>
				<misses>5100001</misses>
				<total>26</total>
				<timestamp>1477.544960</timestamp>
			</report>
			<report>
				<misses>5101001</misses>
				<total>26</total>
				<timestamp>1477.834713</timestamp>
			</report>
			<report>
				<misses>5102001</misses>
				<total>26</total>
				<timestamp>1478.124483</timestamp>
			</report>
			<report>
				<misses>5103001</misses>
				<total>26</total>
				<timestamp>1478.414080</timestamp>
			</report>
			<report>
				<misses>5104001</misses>
				<total>26</total>
				<timestamp>1478.703797</timestamp>
			</report>
			<report>
				<misses>5105001</misses>
				<total>26</total>
				<timestamp>1478.993522</timestamp>
			</report>
			<report>
				<misses>5106001</misses>
				<total>26</total>
				<timestamp>1479.283220</timestamp>
			</report>
			<report>
				<misses>5107001</misses>
				<total>26</total>
				<timestamp>1479.572929</timestamp>
			</report>
			<report>
				<misses>5108001</misses>
				<total>26</total>
				<timestamp>1479.862656</timestamp>
			</report>
			<report>
				<misses>5109001</misses>
				<total>26</total>
				<timestamp>1480.152342</timestamp>
			</report>
			<report>
				<misses>5110001</misses>
				<total>26</total>
				<timestamp>1480.442044</timestamp>
			</report>
			<report>
				<misses>5111001</misses>
				<total>26</total>
				<timestamp>1480.731786</timestamp>
			</report>
			<report>
				<misses>5112001</misses>
				<total>26</total>
				<timestamp>1481.021537</timestamp>
			</report>
			<report>
				<misses>5113001</misses>
				<total>26</total>
				<timestamp>1481.311226</timestamp>
			</report>
			<report>
				<misses>5114001</misses>
				<total>26</total>
				<timestamp>1481.600877</timestamp>
			</report>
			<report>
				<misses>5115001</misses>
				<total>26</total>
				<timestamp>1481.890632</timestamp>
			</report>
			<report>
				<misses>5116001</misses>
				<total>26</total>
				<timestamp>1482.180323</timestamp>
			</report>
			<report>
				<misses>5117001</misses>
				<total>26</total>
				<timestamp>1482.470015</timestamp>
			</report>
			<report>
				<misses>5118001</misses>
				<total>26</total>
				<timestamp>1482.759742</timestamp>
			</report>
			<report>
				<misses>5119001</misses>
				<total>26</total>
				<timestamp>1483.049456</timestamp>
			</report>
			<report>
				<misses>5120001</misses>
				<total>26</total>
				<timestamp>1483.339162</timestamp>
			</report>
			<report>
				<misses>5121001</misses>
				<total>26</total>
				<timestamp>1483.628912</timestamp>
			</report>
			<report>
				<misses>5122001</misses>
				<total>26</total>
				<timestamp>1483.918633</timestamp>
			</report>
			<report>
				<misses>5123001</misses>
				<total>26</total>
				<timestamp>1484.208274</timestamp>
			</report>
			<report>
				<misses>5124001</misses>
				<total>26</total>
				<timestamp>1484.498006</timestamp>
			</report>
			<report>
				<misses>5125001</misses>
				<total>26</total>
				<timestamp>1484.787703</timestamp>
			</report>
			<report>
				<misses>5126001</misses>
				<total>26</total>
				<timestamp>1485.077416</timestamp>
			</report>
			<report>
				<misses>5127001</misses>
				<total>26</total>
				<timestamp>1485.367122</timestamp>
			</report>
			<report>
				<misses>5128001</misses>
				<total>26</total>
				<timestamp>1485.656849</timestamp>
			</report>
			<report>
				<misses>5129001</misses>
				<total>26</total>
				<timestamp>1485.946539</timestamp>
			</report>
			<report>
				<misses>5130001</misses>
				<total>26</total>
				<timestamp>1486.236251</timestamp>
			</report>
			<report>
				<misses>5131001</misses>
				<total>26</total>
				<timestamp>1486.525967</timestamp>
			</report>
			<report>
				<misses>5132001</misses>
				<total>26</total>
				<timestamp>1486.815713</timestamp>
			</report>
			<report>
				<misses>5133001</misses>
				<total>26</total>
				<timestamp>1487.105376</timestamp>
			</report>
			<report>
				<misses>5134001</misses>
				<total>26</total>
				<timestamp>1487.395094</timestamp>
			</report>
			<report>
				<misses>5135001</misses>
				<total>26</total>
				<timestamp>1487.684813</timestamp>
			</report>
			<report>
				<misses>5136001</misses>
				<total>26</total>
				<timestamp>1487.974544</timestamp>
			</report>
			<report>
				<misses>5137001</misses>
				<total>26</total>
				<timestamp>1488.264238</timestamp>
			</report>
			<report>
				<misses>5138001</misses>
				<total>26</total>
				<timestamp>1488.553929</timestamp>
			</report>
			<report>
				<misses>5139001</misses>
				<total>26</total>
				<timestamp>1488.843688</timestamp>
			</report>
			<report>
				<misses>5140001</misses>
				<total>26</total>
				<timestamp>1489.133380</timestamp>
			</report>
			<report>
				<misses>5141001</misses>
				<total>26</total>
				<timestamp>1489.423156</timestamp>
			</report>
			<report>
				<misses>5142001</misses>
				<total>26</total>
				<timestamp>1489.712878</timestamp>
			</report>
			<report>
				<misses>5143001</misses>
				<total>26</total>
				<timestamp>1490.002540</timestamp>
			</report>
			<report>
				<misses>5144001</misses>
				<total>26</total>
				<timestamp>1490.292292</timestamp>
			</report>
			<report>
				<misses>5145001</misses>
				<total>26</total>
				<timestamp>1490.581926</timestamp>
			</report>
			<report>
				<misses>5146001</misses>
				<total>26</total>
				<timestamp>1490.871761</timestamp>
			</report>
			<report>
				<misses>5147001</misses>
				<total>26</total>
				<timestamp>1491.161451</timestamp>
			</report>
			<report>
				<misses>5148001</misses>
				<total>26</total>
				<timestamp>1491.451062</timestamp>
			</report>
			<report>
				<misses>5149001</misses>
				<total>26</total>
				<timestamp>1491.740846</timestamp>
			</report>
			<report>
				<misses>5150001</misses>
				<total>26</total>
				<timestamp>1492.030680</timestamp>
			</report>
			<report>
				<misses>5151001</misses>
				<total>26</total>
				<timestamp>1492.320301</timestamp>
			</report>
			<report>
				<misses>5152001</misses>
				<total>26</total>
				<timestamp>1492.609981</timestamp>
			</report>
			<report>
				<misses>5153001</misses>
				<total>26</total>
				<timestamp>1492.899686</timestamp>
			</report>
			<report>
				<misses>5154001</misses>
				<total>26</total>
				<timestamp>1493.189332</timestamp>
			</report>
			<report>
				<misses>5155001</misses>
				<total>26</total>
				<timestamp>1493.479081</timestamp>
			</report>
			<report>
				<misses>5156001</misses>
				<total>26</total>
				<timestamp>1493.768781</timestamp>
			</report>
			<report>
				<misses>5157001</misses>
				<total>26</total>
				<timestamp>1494.058609</timestamp>
			</report>
			<report>
				<misses>5158001</misses>
				<total>26</total>
				<timestamp>1494.348208</timestamp>
			</report>
			<report>
				<misses>5159001</misses>
				<total>26</total>
				<timestamp>1494.637854</timestamp>
			</report>
			<report>
				<misses>5160001</misses>
				<total>26</total>
				<timestamp>1494.927605</timestamp>
			</report>
			<report>
				<misses>5161001</misses>
				<total>26</total>
				<timestamp>1495.217267</timestamp>
			</report>
			<report>
				<misses>5162001</misses>
				<total>26</total>
				<timestamp>1495.507016</timestamp>
			</report>
			<report>
				<misses>5163001</misses>
				<total>26</total>
				<timestamp>1495.796693</timestamp>
			</report>
			<report>
				<misses>5164001</misses>
				<total>26</total>
				<timestamp>1496.086491</timestamp>
			</report>
			<report>
				<misses>5165001</misses>
				<total>26</total>
				<timestamp>1496.376167</timestamp>
			</report>
			<report>
				<misses>5166001</misses>
				<total>26</total>
				<timestamp>1496.665923</timestamp>
			</report>
			<report>
				<misses>5167001</misses>
				<total>26</total>
				<timestamp>1496.955634</timestamp>
			</report>
			<report>
				<misses>5168001</misses>
				<total>26</total>
				<timestamp>1497.245309</timestamp>
			</report>
			<report>
				<misses>5169001</misses>
				<total>26</total>
				<timestamp>1497.534946</timestamp>
			</report>
			<report>
				<misses>5170001</misses>
				<total>26</total>
				<timestamp>1497.824780</timestamp>
			</report>
			<report>
				<misses>5171001</misses>
				<total>26</total>
				<timestamp>1498.114387</timestamp>
			</report>
			<report>
				<misses>5172001</misses>
				<total>26</total>
				<timestamp>1498.404092</timestamp>
			</report>
			<report>
				<misses>5173001</misses>
				<total>26</total>
				<timestamp>1498.693850</timestamp>
			</report>
			<report>
				<misses>5174001</misses>
				<total>26</total>
				<timestamp>1498.983515</timestamp>
			</report>
			<report>
				<misses>5175001</misses>
				<total>26</total>
				<timestamp>1499.273308</timestamp>
			</report>
			<report>
				<misses>5176001</misses>
				<total>26</total>
				<timestamp>1499.562961</timestamp>
			</report>
			<report>
				<misses>5177001</misses>
				<total>26</total>
				<timestamp>1499.852705</timestamp>
			</report>
			<report>
				<misses>5178001</misses>
				<total>26</total>
				<timestamp>1500.142459</timestamp>
			</report>
			<report>
				<misses>5179001</misses>
				<total>26</total>
				<timestamp>1500.432043</timestamp>
			</report>
			<report>
				<misses>5180001</misses>
				<total>26</total>
				<timestamp>1500.721746</timestamp>
			</report>
			<report>
				<misses>5181001</misses>
				<total>26</total>
				<timestamp>1501.011477</timestamp>
			</report>
			<report>
				<misses>5182001</misses>
				<total>26</total>
				<timestamp>1501.301177</timestamp>
			</report>
			<report>
				<misses>5183001</misses>
				<total>26</total>
				<timestamp>1501.590912</timestamp>
			</report>
			<report>
				<misses>5184001</misses>
				<total>26</total>
				<timestamp>1501.880762</timestamp>
			</report>
			<report>
				<misses>5185001</misses>
				<total>26</total>
				<timestamp>1502.170329</timestamp>
			</report>
			<report>
				<misses>5186001</misses>
				<total>26</total>
				<timestamp>1502.460010</timestamp>
			</report>
			<report>
				<misses>5187001</misses>
				<total>26</total>
				<timestamp>1502.749848</timestamp>
			</report>
			<report>
				<misses>5188001</misses>
				<total>26</total>
				<timestamp>1503.039427</timestamp>
			</report>
			<report>
				<misses>5189001</misses>
				<total>26</total>
				<timestamp>1503.329151</timestamp>
			</report>
			<report>
				<misses>5190001</misses>
				<total>26</total>
				<timestamp>1503.618886</timestamp>
			</report>
			<report>
				<misses>5191001</misses>
				<total>26</total>
				<timestamp>1503.908572</timestamp>
			</report>
			<report>
				<misses>5192001</misses>
				<total>26</total>
				<timestamp>1504.198296</timestamp>
			</report>
			<report>
				<misses>5193001</misses>
				<total>26</total>
				<timestamp>1504.487997</timestamp>
			</report>
			<report>
				<misses>5194001</misses>
				<total>26</total>
				<timestamp>1504.777828</timestamp>
			</report>
			<report>
				<misses>5195001</misses>
				<total>26</total>
				<timestamp>1505.067428</timestamp>
			</report>
			<report>
				<misses>5196001</misses>
				<total>26</total>
				<timestamp>1505.357097</timestamp>
			</report>
			<report>
				<misses>5197001</misses>
				<total>26</total>
				<timestamp>1505.646820</timestamp>
			</report>
			<report>
				<misses>5198001</misses>
				<total>26</total>
				<timestamp>1505.936531</timestamp>
			</report>
			<report>
				<misses>5199001</misses>
				<total>26</total>
				<timestamp>1506.226239</timestamp>
			</report>
			<report>
				<misses>5200001</misses>
				<total>26</total>
				<timestamp>1506.515954</timestamp>
			</report>
			<report>
				<misses>5201001</misses>
				<total>26</total>
				<timestamp>1506.805680</timestamp>
			</report>
			<report>
				<misses>5202001</misses>
				<total>26</total>
				<timestamp>1507.095435</timestamp>
			</report>
			<report>
				<misses>5203001</misses>
				<total>26</total>
				<timestamp>1507.385172</timestamp>
			</report>
			<report>
				<misses>5204001</misses>
				<total>26</total>
				<timestamp>1507.674928</timestamp>
			</report>
			<report>
				<misses>5205001</misses>
				<total>26</total>
				<timestamp>1507.964581</timestamp>
			</report>
			<report>
				<misses>5206001</misses>
				<total>26</total>
				<timestamp>1508.254241</timestamp>
			</report>
			<report>
				<misses>5207001</misses>
				<total>26</total>
				<timestamp>1508.544050</timestamp>
			</report>
			<report>
				<misses>5208001</misses>
				<total>26</total>
				<timestamp>1508.833720</timestamp>
			</report>
			<report>
				<misses>5209001</misses>
				<total>26</total>
				<timestamp>1509.123459</timestamp>
			</report>
			<report>
				<misses>5210001</misses>
				<total>26</total>
				<timestamp>1509.413153</timestamp>
			</report>
			<report>
				<misses>5211001</misses>
				<total>26</total>
				<timestamp>1509.702756</timestamp>
			</report>
			<report>
				<misses>5212001</misses>
				<total>26</total>
				<timestamp>1509.992527</timestamp>
			</report>
			<report>
				<misses>5213001</misses>
				<total>26</total>
				<timestamp>1510.282181</timestamp>
			</report>
			<report>
				<misses>5214001</misses>
				<total>26</total>
				<timestamp>1510.571882</timestamp>
			</report>
			<report>
				<misses>5215001</misses>
				<total>26</total>
				<timestamp>1510.861635</timestamp>
			</report>
			<report>
				<misses>5216001</misses>
				<total>26</total>
				<timestamp>1511.151347</timestamp>
			</report>
			<report>
				<misses>5217001</misses>
				<total>26</total>
				<timestamp>1511.441032</timestamp>
			</report>
			<report>
				<misses>5218001</misses>
				<total>26</total>
				<timestamp>1511.730738</timestamp>
			</report>
			<report>
				<misses>5219001</misses>
				<total>26</total>
				<timestamp>1512.020441</timestamp>
			</report>
			<report>
				<misses>5220001</misses>
				<total>26</total>
				<timestamp>1512.310161</timestamp>
			</report>
			<report>
				<misses>5221001</misses>
				<total>26</total>
				<timestamp>1512.599891</timestamp>
			</report>
			<report>
				<misses>5222001</misses>
				<total>26</total>
				<timestamp>1512.889586</timestamp>
			</report>
			<report>
				<misses>5223001</misses>
				<total>26</total>
				<timestamp>1513.179285</timestamp>
			</report>
			<report>
				<misses>5224001</misses>
				<total>26</total>
				<timestamp>1513.468989</timestamp>
			</report>
			<report>
				<misses>5225001</misses>
				<total>26</total>
				<timestamp>1513.758713</timestamp>
			</report>
			<report>
				<misses>5226001</misses>
				<total>26</total>
				<timestamp>1514.048443</timestamp>
			</report>
			<report>
				<misses>5227001</misses>
				<total>26</total>
				<timestamp>1514.338225</timestamp>
			</report>
			<report>
				<misses>5228001</misses>
				<total>26</total>
				<timestamp>1514.627958</timestamp>
			</report>
			<report>
				<misses>5229001</misses>
				<total>26</total>
				<timestamp>1514.917644</timestamp>
			</report>
			<report>
				<misses>5230001</misses>
				<total>26</total>
				<timestamp>1515.207398</timestamp>
			</report>
			<report>
				<misses>5231001</misses>
				<total>26</total>
				<timestamp>1515.497054</timestamp>
			</report>
			<report>
				<misses>5232001</misses>
				<total>26</total>
				<timestamp>1515.786808</timestamp>
			</report>
			<report>
				<misses>5233001</misses>
				<total>26</total>
				<timestamp>1516.076489</timestamp>
			</report>
			<report>
				<misses>5234001</misses>
				<total>26</total>
				<timestamp>1516.366140</timestamp>
			</report>
			<report>
				<misses>5235001</misses>
				<total>26</total>
				<timestamp>1516.655891</timestamp>
			</report>
			<report>
				<misses>5236001</misses>
				<total>26</total>
				<timestamp>1516.945565</timestamp>
			</report>
			<report>
				<misses>5237001</misses>
				<total>26</total>
				<timestamp>1517.235275</timestamp>
			</report>
			<report>
				<misses>5238001</misses>
				<total>26</total>
				<timestamp>1517.524948</timestamp>
			</report>
			<report>
				<misses>5239001</misses>
				<total>26</total>
				<timestamp>1517.814652</timestamp>
			</report>
			<report>
				<misses>5240001</misses>
				<total>26</total>
				<timestamp>1518.104410</timestamp>
			</report>
			<report>
				<misses>5241001</misses>
				<total>26</total>
				<timestamp>1518.394060</timestamp>
			</report>
			<report>
				<misses>5242001</misses>
				<total>26</total>
				<timestamp>1518.683817</timestamp>
			</report>
			<report>
				<misses>5243001</misses>
				<total>26</total>
				<timestamp>1518.973566</timestamp>
			</report>
			<report>
				<misses>5244001</misses>
				<total>26</total>
				<timestamp>1519.263184</timestamp>
			</report>
			<report>
				<misses>5245001</misses>
				<total>26</total>
				<timestamp>1519.552911</timestamp>
			</report>
			<report>
				<misses>5246001</misses>
				<total>26</total>
				<timestamp>1519.842620</timestamp>
			</report>
			<report>
				<misses>5247001</misses>
				<total>26</total>
				<timestamp>1520.132358</timestamp>
			</report>
			<report>
				<misses>5248001</misses>
				<total>26</total>
				<timestamp>1520.422106</timestamp>
			</report>
			<report>
				<misses>5249001</misses>
				<total>26</total>
				<timestamp>1520.711734</timestamp>
			</report>
			<report>
				<misses>5250001</misses>
				<total>26</total>
				<timestamp>1521.001498</timestamp>
			</report>
			<report>
				<misses>5251001</misses>
				<total>26</total>
				<timestamp>1521.291169</timestamp>
			</report>
			<report>
				<misses>5252001</misses>
				<total>26</total>
				<timestamp>1521.580878</timestamp>
			</report>
			<report>
				<misses>5253001</misses>
				<total>26</total>
				<timestamp>1521.870667</timestamp>
			</report>
			<report>
				<misses>5254001</misses>
				<total>26</total>
				<timestamp>1522.160417</timestamp>
			</report>
			<report>
				<misses>5255001</misses>
				<total>26</total>
				<timestamp>1522.450046</timestamp>
			</report>
			<report>
				<misses>5256001</misses>
				<total>26</total>
				<timestamp>1522.739811</timestamp>
			</report>
			<report>
				<misses>5257001</misses>
				<total>26</total>
				<timestamp>1523.029426</timestamp>
			</report>
			<report>
				<misses>5258001</misses>
				<total>26</total>
				<timestamp>1523.319294</timestamp>
			</report>
			<report>
				<misses>5259001</misses>
				<total>26</total>
				<timestamp>1523.608935</timestamp>
			</report>
			<report>
				<misses>5260001</misses>
				<total>26</total>
				<timestamp>1523.898577</timestamp>
			</report>
			<report>
				<misses>5261001</misses>
				<total>26</total>
				<timestamp>1524.188299</timestamp>
			</report>
			<report>
				<misses>5262001</misses>
				<total>26</total>
				<timestamp>1524.477997</timestamp>
			</report>
			<report>
				<misses>5263001</misses>
				<total>26</total>
				<timestamp>1524.767744</timestamp>
			</report>
			<report>
				<misses>5264001</misses>
				<total>26</total>
				<timestamp>1525.057419</timestamp>
			</report>
			<report>
				<misses>5265001</misses>
				<total>26</total>
				<timestamp>1525.347141</timestamp>
			</report>
			<report>
				<misses>5266001</misses>
				<total>26</total>
				<timestamp>1525.636814</timestamp>
			</report>
			<report>
				<misses>5267001</misses>
				<total>26</total>
				<timestamp>1525.926531</timestamp>
			</report>
			<report>
				<misses>5268001</misses>
				<total>26</total>
				<timestamp>1526.216243</timestamp>
			</report>
			<report>
				<misses>5269001</misses>
				<total>26</total>
				<timestamp>1526.505940</timestamp>
			</report>
			<report>
				<misses>5270001</misses>
				<total>26</total>
				<timestamp>1526.795704</timestamp>
			</report>
			<report>
				<misses>5271001</misses>
				<total>26</total>
				<timestamp>1527.085420</timestamp>
			</report>
			<report>
				<misses>5272001</misses>
				<total>26</total>
				<timestamp>1527.375082</timestamp>
			</report>
			<report>
				<misses>5273001</misses>
				<total>26</total>
				<timestamp>1527.664780</timestamp>
			</report>
			<report>
				<misses>5274001</misses>
				<total>26</total>
				<timestamp>1527.954486</timestamp>
			</report>
			<report>
				<misses>5275001</misses>
				<total>26</total>
				<timestamp>1528.244247</timestamp>
			</report>
			<report>
				<misses>5276001</misses>
				<total>26</total>
				<timestamp>1528.533934</timestamp>
			</report>
			<report>
				<misses>5277001</misses>
				<total>26</total>
				<timestamp>1528.823631</timestamp>
			</report>
			<report>
				<misses>5278001</misses>
				<total>26</total>
				<timestamp>1529.113392</timestamp>
			</report>
			<report>
				<misses>5279001</misses>
				<total>26</total>
				<timestamp>1529.403086</timestamp>
			</report>
			<report>
				<misses>5280001</misses>
				<total>26</total>
				<timestamp>1529.692749</timestamp>
			</report>
			<report>
				<misses>5281001</misses>
				<total>26</total>
				<timestamp>1529.982466</timestamp>
			</report>
			<report>
				<misses>5282001</misses>
				<total>26</total>
				<timestamp>1530.272182</timestamp>
			</report>
			<report>
				<misses>5283001</misses>
				<total>26</total>
				<timestamp>1530.561884</timestamp>
			</report>
			<report>
				<misses>5284001</misses>
				<total>26</total>
				<timestamp>1530.851594</timestamp>
			</report>
			<report>
				<misses>5285001</misses>
				<total>26</total>
				<timestamp>1531.141307</timestamp>
			</report>
			<report>
				<misses>5286001</misses>
				<total>26</total>
				<timestamp>1531.431009</timestamp>
			</report>
			<report>
				<misses>5287001</misses>
				<total>26</total>
				<timestamp>1531.720726</timestamp>
			</report>
			<report>
				<misses>5288001</misses>
				<total>26</total>
				<timestamp>1532.010459</timestamp>
			</report>
			<report>
				<misses>5289001</misses>
				<total>26</total>
				<timestamp>1532.300149</timestamp>
			</report>
			<report>
				<misses>5290001</misses>
				<total>26</total>
				<timestamp>1532.589863</timestamp>
			</report>
			<report>
				<misses>5291001</misses>
				<total>26</total>
				<timestamp>1532.879564</timestamp>
			</report>
			<report>
				<misses>5292001</misses>
				<total>26</total>
				<timestamp>1533.169297</timestamp>
			</report>
			<report>
				<misses>5293001</misses>
				<total>26</total>
				<timestamp>1533.458997</timestamp>
			</report>
			<report>
				<misses>5294001</misses>
				<total>26</total>
				<timestamp>1533.748710</timestamp>
			</report>
			<report>
				<misses>5295001</misses>
				<total>26</total>
				<timestamp>1534.038418</timestamp>
			</report>
			<report>
				<misses>5296001</misses>
				<total>26</total>
				<timestamp>1534.328120</timestamp>
			</report>
			<report>
				<misses>5297001</misses>
				<total>26</total>
				<timestamp>1534.617821</timestamp>
			</report>
			<report>
				<misses>5298001</misses>
				<total>26</total>
				<timestamp>1534.907540</timestamp>
			</report>
			<report>
				<misses>5299001</misses>
				<total>26</total>
				<timestamp>1535.197286</timestamp>
			</report>
			<report>
				<misses>5300001</misses>
				<total>26</total>
				<timestamp>1535.487043</timestamp>
			</report>
			<report>
				<misses>5301001</misses>
				<total>26</total>
				<timestamp>1535.776771</timestamp>
			</report>
			<report>
				<misses>5302001</misses>
				<total>26</total>
				<timestamp>1536.066540</timestamp>
			</report>
			<report>
				<misses>5303001</misses>
				<total>26</total>
				<timestamp>1536.356177</timestamp>
			</report>
			<report>
				<misses>5304001</misses>
				<total>26</total>
				<timestamp>1536.645910</timestamp>
			</report>
			<report>
				<misses>5305001</misses>
				<total>26</total>
				<timestamp>1536.935599</timestamp>
			</report>
			<report>
				<misses>5306001</misses>
				<total>26</total>
				<timestamp>1537.225271</timestamp>
			</report>
			<report>
				<misses>5307001</misses>
				<total>26</total>
				<timestamp>1537.515035</timestamp>
			</report>
			<report>
				<misses>5308001</misses>
				<total>26</total>
				<timestamp>1537.804761</timestamp>
			</report>
			<report>
				<misses>5309001</misses>
				<total>26</total>
				<timestamp>1538.094402</timestamp>
			</report>
			<report>
				<misses>5310001</misses>
				<total>26</total>
				<timestamp>1538.384201</timestamp>
			</report>
			<report>
				<misses>5311001</misses>
				<total>26</total>
				<timestamp>1538.673801</timestamp>
			</report>
			<report>
				<misses>5312001</misses>
				<total>26</total>
				<timestamp>1538.963624</timestamp>
			</report>
			<report>
				<misses>5313001</misses>
				<total>26</total>
				<timestamp>1539.253247</timestamp>
			</report>
			<report>
				<misses>5314001</misses>
				<total>26</total>
				<timestamp>1539.542969</timestamp>
			</report>
			<report>
				<misses>5315001</misses>
				<total>26</total>
				<timestamp>1539.832648</timestamp>
			</report>
			<report>
				<misses>5316001</misses>
				<total>26</total>
				<timestamp>1540.122383</timestamp>
			</report>
			<report>
				<misses>5317001</misses>
				<total>26</total>
				<timestamp>1540.412160</timestamp>
			</report>
			<report>
				<misses>5318001</misses>
				<total>26</total>
				<timestamp>1540.701819</timestamp>
			</report>
			<report>
				<misses>5319001</misses>
				<total>26</total>
				<timestamp>1540.991485</timestamp>
			</report>
			<report>
				<misses>5320001</misses>
				<total>26</total>
				<timestamp>1541.281319</timestamp>
			</report>
			<report>
				<misses>5321001</misses>
				<total>26</total>
				<timestamp>1541.570931</timestamp>
			</report>
			<report>
				<misses>5322001</misses>
				<total>26</total>
				<timestamp>1541.860689</timestamp>
			</report>
			<report>
				<misses>5323001</misses>
				<total>26</total>
				<timestamp>1542.150405</timestamp>
			</report>
			<report>
				<misses>5324001</misses>
				<total>26</total>
				<timestamp>1542.439994</timestamp>
			</report>
			<report>
				<misses>5325001</misses>
				<total>26</total>
				<timestamp>1542.729712</timestamp>
			</report>
			<report>
				<misses>5326001</misses>
				<total>26</total>
				<timestamp>1543.019430</timestamp>
			</report>
			<report>
				<misses>5327001</misses>
				<total>26</total>
				<timestamp>1543.309176</timestamp>
			</report>
			<report>
				<misses>5328001</misses>
				<total>26</total>
				<timestamp>1543.598829</timestamp>
			</report>
			<report>
				<misses>5329001</misses>
				<total>26</total>
				<timestamp>1543.888539</timestamp>
			</report>
			<report>
				<misses>5330001</misses>
				<total>26</total>
				<timestamp>1544.178300</timestamp>
			</report>
			<report>
				<misses>5331001</misses>
				<total>26</total>
				<timestamp>1544.467958</timestamp>
			</report>
			<report>
				<misses>5332001</misses>
				<total>26</total>
				<timestamp>1544.757668</timestamp>
			</report>
			<report>
				<misses>5333001</misses>
				<total>26</total>
				<timestamp>1545.047427</timestamp>
			</report>
			<report>
				<misses>5334001</misses>
				<total>26</total>
				<timestamp>1545.337124</timestamp>
			</report>
			<report>
				<misses>5335001</misses>
				<total>26</total>
				<timestamp>1545.626806</timestamp>
			</report>
			<report>
				<misses>5336001</misses>
				<total>26</total>
				<timestamp>1545.916513</timestamp>
			</report>
			<report>
				<misses>5337001</misses>
				<total>26</total>
				<timestamp>1546.206301</timestamp>
			</report>
			<report>
				<misses>5338001</misses>
				<total>26</total>
				<timestamp>1546.495985</timestamp>
			</report>
			<report>
				<misses>5339001</misses>
				<total>27</total>
				<timestamp>1546.785669</timestamp>
			</report>
			<report>
				<misses>5340001</misses>
				<total>27</total>
				<timestamp>1547.075358</timestamp>
			</report>
			<report>
				<misses>5341001</misses>
				<total>27</total>
				<timestamp>1547.365114</timestamp>
			</report>
			<report>
				<misses>5342001</misses>
				<total>27</total>
				<timestamp>1547.654771</timestamp>
			</report>
			<report>
				<misses>5343001</misses>
				<total>27</total>
				<timestamp>1547.944483</timestamp>
			</report>
			<report>
				<misses>5344001</misses>
				<total>27</total>
				<timestamp>1548.234193</timestamp>
			</report>
			<report>
				<misses>5345001</misses>
				<total>27</total>
				<timestamp>1548.523909</timestamp>
			</report>
			<report>
				<misses>5346001</misses>
				<total>27</total>
				<timestamp>1548.813625</timestamp>
			</report>
			<report>
				<misses>5347001</misses>
				<total>27</total>
				<timestamp>1549.103310</timestamp>
			</report>
			<report>
				<misses>5348001</misses>
				<total>27</total>
				<timestamp>1549.393045</timestamp>
			</report>
			<report>
				<misses>5349001</misses>
				<total>27</total>
				<timestamp>1549.682752</timestamp>
			</report>
			<report>
				<misses>5350001</misses>
				<total>27</total>
				<timestamp>1549.972454</timestamp>
			</report>
			<report>
				<misses>5351001</misses>
				<total>27</total>
				<timestamp>1550.262185</timestamp>
			</report>
			<report>
				<misses>5352001</misses>
				<total>27</total>
				<timestamp>1550.551879</timestamp>
			</report>
			<report>
				<misses>5353001</misses>
				<total>27</total>
				<timestamp>1550.841597</timestamp>
			</report>
			<report>
				<misses>5354001</misses>
				<total>27</total>
				<timestamp>1551.131299</timestamp>
			</report>
			<report>
				<misses>5355001</misses>
				<total>27</total>
				<timestamp>1551.421055</timestamp>
			</report>
			<report>
				<misses>5356001</misses>
				<total>27</total>
				<timestamp>1551.710799</timestamp>
			</report>
			<report>
				<misses>5357001</misses>
				<total>27</total>
				<timestamp>1552.000429</timestamp>
			</report>
			<report>
				<misses>5358001</misses>
				<total>27</total>
				<timestamp>1552.290266</timestamp>
			</report>
			<report>
				<misses>5359001</misses>
				<total>27</total>
				<timestamp>1552.579910</timestamp>
			</report>
			<report>
				<misses>5360001</misses>
				<total>27</total>
				<timestamp>1552.869670</timestamp>
			</report>
			<report>
				<misses>5361001</misses>
				<total>27</total>
				<timestamp>1553.159376</timestamp>
			</report>
			<report>
				<misses>5362001</misses>
				<total>27</total>
				<timestamp>1553.449086</timestamp>
			</report>
			<report>
				<misses>5363001</misses>
				<total>27</total>
				<timestamp>1553.738786</timestamp>
			</report>
			<report>
				<misses>5364001</misses>
				<total>27</total>
				<timestamp>1554.028444</timestamp>
			</report>
			<report>
				<misses>5365001</misses>
				<total>27</total>
				<timestamp>1554.318143</timestamp>
			</report>
			<report>
				<misses>5366001</misses>
				<total>27</total>
				<timestamp>1554.607939</timestamp>
			</report>
			<report>
				<misses>5367001</misses>
				<total>27</total>
				<timestamp>1554.897644</timestamp>
			</report>
			<report>
				<misses>5368001</misses>
				<total>27</total>
				<timestamp>1555.187350</timestamp>
			</report>
			<report>
				<misses>5369001</misses>
				<total>27</total>
				<timestamp>1555.477055</timestamp>
			</report>
			<report>
				<misses>5370001</misses>
				<total>27</total>
				<timestamp>1555.766712</timestamp>
			</report>
			<report>
				<misses>5371001</misses>
				<total>27</total>
				<timestamp>1556.056497</timestamp>
			</report>
			<report>
				<misses>5372001</misses>
				<total>27</total>
				<timestamp>1556.346169</timestamp>
			</report>
			<report>
				<misses>5373001</misses>
				<total>27</total>
				<timestamp>1556.635895</timestamp>
			</report>
			<report>
				<misses>5374001</misses>
				<total>27</total>
				<timestamp>1556.925533</timestamp>
			</report>
			<report>
				<misses>5375001</misses>
				<total>27</total>
				<timestamp>1557.215275</timestamp>
			</report>
			<report>
				<misses>5376001</misses>
				<total>27</total>
				<timestamp>1557.504922</timestamp>
			</report>
			<report>
				<misses>5377001</misses>
				<total>27</total>
				<timestamp>1557.794659</timestamp>
			</report>
			<report>
				<misses>5378001</misses>
				<total>27</total>
				<timestamp>1558.084445</timestamp>
			</report>
			<report>
				<misses>5379001</misses>
				<total>27</total>
				<timestamp>1558.374218</timestamp>
			</report>
			<report>
				<misses>5380001</misses>
				<total>27</total>
				<timestamp>1558.663781</timestamp>
			</report>
			<report>
				<misses>5381001</misses>
				<total>27</total>
				<timestamp>1558.953457</timestamp>
			</report>
			<report>
				<misses>5382001</misses>
				<total>27</total>
				<timestamp>1559.243208</timestamp>
			</report>
			<report>
				<misses>5383001</misses>
				<total>27</total>
				<timestamp>1559.532914</timestamp>
			</report>
			<report>
				<misses>5384001</misses>
				<total>27</total>
				<timestamp>1559.822686</timestamp>
			</report>
			<report>
				<misses>5385001</misses>
				<total>27</total>
				<timestamp>1560.112361</timestamp>
			</report>
			<report>
				<misses>5386001</misses>
				<total>27</total>
				<timestamp>1560.402039</timestamp>
			</report>
			<report>
				<misses>5387001</misses>
				<total>27</total>
				<timestamp>1560.691759</timestamp>
			</report>
			<report>
				<misses>5388001</misses>
				<total>27</total>
				<timestamp>1560.981438</timestamp>
			</report>
			<report>
				<misses>5389001</misses>
				<total>27</total>
				<timestamp>1561.271206</timestamp>
			</report>
			<report>
				<misses>5390001</misses>
				<total>27</total>
				<timestamp>1561.560889</timestamp>
			</report>
			<report>
				<misses>5391001</misses>
				<total>27</total>
				<timestamp>1561.850574</timestamp>
			</report>
			<report>
				<misses>5392001</misses>
				<total>27</total>
				<timestamp>1562.140278</timestamp>
			</report>
			<report>
				<misses>5393001</misses>
				<total>27</total>
				<timestamp>1562.430007</timestamp>
			</report>
			<report>
				<misses>5394001</misses>
				<total>27</total>
				<timestamp>1562.719702</timestamp>
			</report>
			<report>
				<misses>5395001</misses>
				<total>27</total>
				<timestamp>1563.009418</timestamp>
			</report>
			<report>
				<misses>5396001</misses>
				<total>27</total>
				<timestamp>1563.299132</timestamp>
			</report>
			<report>
				<misses>5397001</misses>
				<total>27</total>
				<timestamp>1563.588825</timestamp>
			</report>
			<report>
				<misses>5398001</misses>
				<total>27</total>
				<timestamp>1563.878539</timestamp>
			</report>
			<report>
				<misses>5399001</misses>
				<total>27</total>
				<timestamp>1564.168238</timestamp>
			</report>
			<report>
				<misses>5400001</misses>
				<total>27</total>
				<timestamp>1564.457961</timestamp>
			</report>
			<report>
				<misses>5401001</misses>
				<total>27</total>
				<timestamp>1564.747667</timestamp>
			</report>
			<report>
				<misses>5402001</misses>
				<total>27</total>
				<timestamp>1565.037378</timestamp>
			</report>
			<report>
				<misses>5403001</misses>
				<total>27</total>
				<timestamp>1565.327087</timestamp>
			</report>
			<report>
				<misses>5404001</misses>
				<total>27</total>
				<timestamp>1565.616834</timestamp>
			</report>
			<report>
				<misses>5405001</misses>
				<total>27</total>
				<timestamp>1565.906519</timestamp>
			</report>
			<report>
				<misses>5406001</misses>
				<total>27</total>
				<timestamp>1566.196209</timestamp>
			</report>
			<report>
				<misses>5407001</misses>
				<total>27</total>
				<timestamp>1566.485954</timestamp>
			</report>
			<report>
				<misses>5408001</misses>
				<total>27</total>
				<timestamp>1566.775633</timestamp>
			</report>
			<report>
				<misses>5409001</misses>
				<total>27</total>
				<timestamp>1567.065346</timestamp>
			</report>
			<report>
				<misses>5410001</misses>
				<total>27</total>
				<timestamp>1567.355078</timestamp>
			</report>
			<report>
				<misses>5411001</misses>
				<total>27</total>
				<timestamp>1567.644754</timestamp>
			</report>
			<report>
				<misses>5412001</misses>
				<total>27</total>
				<timestamp>1567.934468</timestamp>
			</report>
			<report>
				<misses>5413001</misses>
				<total>27</total>
				<timestamp>1568.224245</timestamp>
			</report>
			<report>
				<misses>5414001</misses>
				<total>27</total>
				<timestamp>1568.514047</timestamp>
			</report>
			<report>
				<misses>5415001</misses>
				<total>27</total>
				<timestamp>1568.803661</timestamp>
			</report>
			<report>
				<misses>5416001</misses>
				<total>27</total>
				<timestamp>1569.093409</timestamp>
			</report>
			<report>
				<misses>5417001</misses>
				<total>27</total>
				<timestamp>1569.383046</timestamp>
			</report>
			<report>
				<misses>5418001</misses>
				<total>27</total>
				<timestamp>1569.672726</timestamp>
			</report>
			<report>
				<misses>5419001</misses>
				<total>27</total>
				<timestamp>1569.962456</timestamp>
			</report>
			<report>
				<misses>5420001</misses>
				<total>27</total>
				<timestamp>1570.252176</timestamp>
			</report>
			<report>
				<misses>5421001</misses>
				<total>27</total>
				<timestamp>1570.541893</timestamp>
			</report>
			<report>
				<misses>5422001</misses>
				<total>27</total>
				<timestamp>1570.831579</timestamp>
			</report>
			<report>
				<misses>5423001</misses>
				<total>27</total>
				<timestamp>1571.121300</timestamp>
			</report>
			<report>
				<misses>5424001</misses>
				<total>27</total>
				<timestamp>1571.411034</timestamp>
			</report>
			<report>
				<misses>5425001</misses>
				<total>27</total>
				<timestamp>1571.700717</timestamp>
			</report>
			<report>
				<misses>5426001</misses>
				<total>27</total>
				<timestamp>1571.990421</timestamp>
			</report>
			<report>
				<misses>5427001</misses>
				<total>27</total>
				<timestamp>1572.280197</timestamp>
			</report>
			<report>
				<misses>5428001</misses>
				<total>27</total>
				<timestamp>1572.569863</timestamp>
			</report>
			<report>
				<misses>5429001</misses>
				<total>27</total>
				<timestamp>1572.859626</timestamp>
			</report>
			<report>
				<misses>5430001</misses>
				<total>27</total>
				<timestamp>1573.149281</timestamp>
			</report>
			<report>
				<misses>5431001</misses>
				<total>27</total>
				<timestamp>1573.439023</timestamp>
			</report>
			<report>
				<misses>5432001</misses>
				<total>27</total>
				<timestamp>1573.728714</timestamp>
			</report>
			<report>
				<misses>5433001</misses>
				<total>27</total>
				<timestamp>1574.018488</timestamp>
			</report>
			<report>
				<misses>5434001</misses>
				<total>27</total>
				<timestamp>1574.308129</timestamp>
			</report>
			<report>
				<misses>5435001</misses>
				<total>27</total>
				<timestamp>1574.597887</timestamp>
			</report>
			<report>
				<misses>5436001</misses>
				<total>27</total>
				<timestamp>1574.887638</timestamp>
			</report>
			<report>
				<misses>5437001</misses>
				<total>27</total>
				<timestamp>1575.177229</timestamp>
			</report>
			<report>
				<misses>5438001</misses>
				<total>27</total>
				<timestamp>1575.467023</timestamp>
			</report>
			<report>
				<misses>5439001</misses>
				<total>27</total>
				<timestamp>1575.756660</timestamp>
			</report>
			<report>
				<misses>5440001</misses>
				<total>27</total>
				<timestamp>1576.046386</timestamp>
			</report>
			<report>
				<misses>5441001</misses>
				<total>27</total>
				<timestamp>1576.336085</timestamp>
			</report>
			<report>
				<misses>5442001</misses>
				<total>27</total>
				<timestamp>1576.625873</timestamp>
			</report>
			<report>
				<misses>5443001</misses>
				<total>27</total>
				<timestamp>1576.915556</timestamp>
			</report>
			<report>
				<misses>5444001</misses>
				<total>27</total>
				<timestamp>1577.205201</timestamp>
			</report>
			<report>
				<misses>5445001</misses>
				<total>27</total>
				<timestamp>1577.494922</timestamp>
			</report>
			<report>
				<misses>5446001</misses>
				<total>27</total>
				<timestamp>1577.784698</timestamp>
			</report>
			<report>
				<misses>5447001</misses>
				<total>27</total>
				<timestamp>1578.074330</timestamp>
			</report>
			<report>
				<misses>5448001</misses>
				<total>27</total>
				<timestamp>1578.364056</timestamp>
			</report>
			<report>
				<misses>5449001</misses>
				<total>27</total>
				<timestamp>1578.653758</timestamp>
			</report>
			<report>
				<misses>5450001</misses>
				<total>27</total>
				<timestamp>1578.943457</timestamp>
			</report>
			<report>
				<misses>5451001</misses>
				<total>27</total>
				<timestamp>1579.233179</timestamp>
			</report>
			<report>
				<misses>5452001</misses>
				<total>27</total>
				<timestamp>1579.522879</timestamp>
			</report>
			<report>
				<misses>5453001</misses>
				<total>27</total>
				<timestamp>1579.812619</timestamp>
			</report>
			<report>
				<misses>5454001</misses>
				<total>27</total>
				<timestamp>1580.102315</timestamp>
			</report>
			<report>
				<misses>5455001</misses>
				<total>27</total>
				<timestamp>1580.392007</timestamp>
			</report>
			<report>
				<misses>5456001</misses>
				<total>27</total>
				<timestamp>1580.681720</timestamp>
			</report>
			<report>
				<misses>5457001</misses>
				<total>27</total>
				<timestamp>1580.971413</timestamp>
			</report>
			<report>
				<misses>5458001</misses>
				<total>27</total>
				<timestamp>1581.261136</timestamp>
			</report>
			<report>
				<misses>5459001</misses>
				<total>27</total>
				<timestamp>1581.550945</timestamp>
			</report>
			<report>
				<misses>5460001</misses>
				<total>27</total>
				<timestamp>1581.840545</timestamp>
			</report>
			<report>
				<misses>5461001</misses>
				<total>27</total>
				<timestamp>1582.130293</timestamp>
			</report>
			<report>
				<misses>5462001</misses>
				<total>27</total>
				<timestamp>1582.420033</timestamp>
			</report>
			<report>
				<misses>5463001</misses>
				<total>27</total>
				<timestamp>1582.709728</timestamp>
			</report>
			<report>
				<misses>5464001</misses>
				<total>27</total>
				<timestamp>1582.999398</timestamp>
			</report>
			<report>
				<misses>5465001</misses>
				<total>27</total>
				<timestamp>1583.289112</timestamp>
			</report>
			<report>
				<misses>5466001</misses>
				<total>27</total>
				<timestamp>1583.578881</timestamp>
			</report>
			<report>
				<misses>5467001</misses>
				<total>27</total>
				<timestamp>1583.868521</timestamp>
			</report>
			<report>
				<misses>5468001</misses>
				<total>27</total>
				<timestamp>1584.158217</timestamp>
			</report>
			<report>
				<misses>5469001</misses>
				<total>27</total>
				<timestamp>1584.447970</timestamp>
			</report>
			<report>
				<misses>5470001</misses>
				<total>27</total>
				<timestamp>1584.737659</timestamp>
			</report>
			<report>
				<misses>5471001</misses>
				<total>27</total>
				<timestamp>1585.027358</timestamp>
			</report>
			<report>
				<misses>5472001</misses>
				<total>27</total>
				<timestamp>1585.317203</timestamp>
			</report>
			<report>
				<misses>5473001</misses>
				<total>27</total>
				<timestamp>1585.606868</timestamp>
			</report>
			<report>
				<misses>5474001</misses>
				<total>27</total>
				<timestamp>1585.896588</timestamp>
			</report>
			<report>
				<misses>5475001</misses>
				<total>27</total>
				<timestamp>1586.186339</timestamp>
			</report>
			<report>
				<misses>5476001</misses>
				<total>27</total>
				<timestamp>1586.475978</timestamp>
			</report>
			<report>
				<misses>5477001</misses>
				<total>27</total>
				<timestamp>1586.765756</timestamp>
			</report>
			<report>
				<misses>5478001</misses>
				<total>27</total>
				<timestamp>1587.055338</timestamp>
			</report>
			<report>
				<misses>5479001</misses>
				<total>27</total>
				<timestamp>1587.345053</timestamp>
			</report>
			<report>
				<misses>5480001</misses>
				<total>27</total>
				<timestamp>1587.634893</timestamp>
			</report>
			<report>
				<misses>5481001</misses>
				<total>27</total>
				<timestamp>1587.924544</timestamp>
			</report>
			<report>
				<misses>5482001</misses>
				<total>27</total>
				<timestamp>1588.214214</timestamp>
			</report>
			<report>
				<misses>5483001</misses>
				<total>27</total>
				<timestamp>1588.503891</timestamp>
			</report>
			<report>
				<misses>5484001</misses>
				<total>27</total>
				<timestamp>1588.793607</timestamp>
			</report>
			<report>
				<misses>5485001</misses>
				<total>27</total>
				<timestamp>1589.083295</timestamp>
			</report>
			<report>
				<misses>5486001</misses>
				<total>27</total>
				<timestamp>1589.373017</timestamp>
			</report>
			<report>
				<misses>5487001</misses>
				<total>27</total>
				<timestamp>1589.662776</timestamp>
			</report>
			<report>
				<misses>5488001</misses>
				<total>27</total>
				<timestamp>1589.952428</timestamp>
			</report>
			<report>
				<misses>5489001</misses>
				<total>27</total>
				<timestamp>1590.242172</timestamp>
			</report>
			<report>
				<misses>5490001</misses>
				<total>27</total>
				<timestamp>1590.531896</timestamp>
			</report>
			<report>
				<misses>5491001</misses>
				<total>27</total>
				<timestamp>1590.821556</timestamp>
			</report>
			<report>
				<misses>5492001</misses>
				<total>27</total>
				<timestamp>1591.111271</timestamp>
			</report>
			<report>
				<misses>5493001</misses>
				<total>27</total>
				<timestamp>1591.401012</timestamp>
			</report>
			<report>
				<misses>5494001</misses>
				<total>27</total>
				<timestamp>1591.690741</timestamp>
			</report>
			<report>
				<misses>5495001</misses>
				<total>27</total>
				<timestamp>1591.980464</timestamp>
			</report>
			<report>
				<misses>5496001</misses>
				<total>27</total>
				<timestamp>1592.270125</timestamp>
			</report>
			<report>
				<misses>5497001</misses>
				<total>27</total>
				<timestamp>1592.559936</timestamp>
			</report>
			<report>
				<misses>5498001</misses>
				<total>27</total>
				<timestamp>1592.849539</timestamp>
			</report>
			<report>
				<misses>5499001</misses>
				<total>27</total>
				<timestamp>1593.139319</timestamp>
			</report>
			<report>
				<misses>5500001</misses>
				<total>27</total>
				<timestamp>1593.428979</timestamp>
			</report>
			<report>
				<misses>5501001</misses>
				<total>27</total>
				<timestamp>1593.718689</timestamp>
			</report>
			<report>
				<misses>5502001</misses>
				<total>27</total>
				<timestamp>1594.008458</timestamp>
			</report>
			<report>
				<misses>5503001</misses>
				<total>27</total>
				<timestamp>1594.298107</timestamp>
			</report>
			<report>
				<misses>5504001</misses>
				<total>27</total>
				<timestamp>1594.587816</timestamp>
			</report>
			<report>
				<misses>5505001</misses>
				<total>27</total>
				<timestamp>1594.877520</timestamp>
			</report>
			<report>
				<misses>5506001</misses>
				<total>27</total>
				<timestamp>1595.167223</timestamp>
			</report>
			<report>
				<misses>5507001</misses>
				<total>27</total>
				<timestamp>1595.456943</timestamp>
			</report>
			<report>
				<misses>5508001</misses>
				<total>27</total>
				<timestamp>1595.746650</timestamp>
			</report>
			<report>
				<misses>5509001</misses>
				<total>27</total>
				<timestamp>1596.036351</timestamp>
			</report>
			<report>
				<misses>5510001</misses>
				<total>27</total>
				<timestamp>1596.326124</timestamp>
			</report>
			<report>
				<misses>5511001</misses>
				<total>27</total>
				<timestamp>1596.615952</timestamp>
			</report>
			<report>
				<misses>5512001</misses>
				<total>27</total>
				<timestamp>1596.905584</timestamp>
			</report>
			<report>
				<misses>5513001</misses>
				<total>27</total>
				<timestamp>1597.195193</timestamp>
			</report>
			<report>
				<misses>5514001</misses>
				<total>27</total>
				<timestamp>1597.484924</timestamp>
			</report>
			<report>
				<misses>5515001</misses>
				<total>27</total>
				<timestamp>1597.774627</timestamp>
			</report>
			<report>
				<misses>5516001</misses>
				<total>27</total>
				<timestamp>1598.064353</timestamp>
			</report>
			<report>
				<misses>5517001</misses>
				<total>27</total>
				<timestamp>1598.354027</timestamp>
			</report>
			<report>
				<misses>5518001</misses>
				<total>27</total>
				<timestamp>1598.643780</timestamp>
			</report>
			<report>
				<misses>5519001</misses>
				<total>27</total>
				<timestamp>1598.933460</timestamp>
			</report>
			<report>
				<misses>5520001</misses>
				<total>27</total>
				<timestamp>1599.223148</timestamp>
			</report>
			<report>
				<misses>5521001</misses>
				<total>27</total>
				<timestamp>1599.512872</timestamp>
			</report>
			<report>
				<misses>5522001</misses>
				<total>27</total>
				<timestamp>1599.802573</timestamp>
			</report>
			<report>
				<misses>5523001</misses>
				<total>27</total>
				<timestamp>1600.092269</timestamp>
			</report>
			<report>
				<misses>5524001</misses>
				<total>27</total>
				<timestamp>1600.381993</timestamp>
			</report>
			<report>
				<misses>5525001</misses>
				<total>27</total>
				<timestamp>1600.671715</timestamp>
			</report>
			<report>
				<misses>5526001</misses>
				<total>27</total>
				<timestamp>1600.961419</timestamp>
			</report>
			<report>
				<misses>5527001</misses>
				<total>27</total>
				<timestamp>1601.251136</timestamp>
			</report>
			<report>
				<misses>5528001</misses>
				<total>27</total>
				<timestamp>1601.540885</timestamp>
			</report>
			<report>
				<misses>5529001</misses>
				<total>27</total>
				<timestamp>1601.830545</timestamp>
			</report>
			<report>
				<misses>5530001</misses>
				<total>27</total>
				<timestamp>1602.120274</timestamp>
			</report>
			<report>
				<misses>5531001</misses>
				<total>27</total>
				<timestamp>1602.409960</timestamp>
			</report>
			<report>
				<misses>5532001</misses>
				<total>27</total>
				<timestamp>1602.699705</timestamp>
			</report>
			<report>
				<misses>5533001</misses>
				<total>27</total>
				<timestamp>1602.989378</timestamp>
			</report>
			<report>
				<misses>5534001</misses>
				<total>27</total>
				<timestamp>1603.279100</timestamp>
			</report>
			<report>
				<misses>5535001</misses>
				<total>27</total>
				<timestamp>1603.568835</timestamp>
			</report>
			<report>
				<misses>5536001</misses>
				<total>27</total>
				<timestamp>1603.858521</timestamp>
			</report>
			<report>
				<misses>5537001</misses>
				<total>27</total>
				<timestamp>1604.148230</timestamp>
			</report>
			<report>
				<misses>5538001</misses>
				<total>27</total>
				<timestamp>1604.437950</timestamp>
			</report>
			<report>
				<misses>5539001</misses>
				<total>27</total>
				<timestamp>1604.727776</timestamp>
			</report>
			<report>
				<misses>5540001</misses>
				<total>27</total>
				<timestamp>1605.017392</timestamp>
			</report>
			<report>
				<misses>5541001</misses>
				<total>27</total>
				<timestamp>1605.307095</timestamp>
			</report>
			<report>
				<misses>5542001</misses>
				<total>27</total>
				<timestamp>1605.596864</timestamp>
			</report>
			<report>
				<misses>5543001</misses>
				<total>27</total>
				<timestamp>1605.886525</timestamp>
			</report>
			<report>
				<misses>5544001</misses>
				<total>27</total>
				<timestamp>1606.176241</timestamp>
			</report>
			<report>
				<misses>5545001</misses>
				<total>27</total>
				<timestamp>1606.466037</timestamp>
			</report>
			<report>
				<misses>5546001</misses>
				<total>27</total>
				<timestamp>1606.755777</timestamp>
			</report>
			<report>
				<misses>5547001</misses>
				<total>27</total>
				<timestamp>1607.045335</timestamp>
			</report>
			<report>
				<misses>5548001</misses>
				<total>27</total>
				<timestamp>1607.335043</timestamp>
			</report>
			<report>
				<misses>5549001</misses>
				<total>27</total>
				<timestamp>1607.624871</timestamp>
			</report>
			<report>
				<misses>5550001</misses>
				<total>27</total>
				<timestamp>1607.914507</timestamp>
			</report>
			<report>
				<misses>5551001</misses>
				<total>27</total>
				<timestamp>1608.204293</timestamp>
			</report>
			<report>
				<misses>5552001</misses>
				<total>27</total>
				<timestamp>1608.493900</timestamp>
			</report>
			<report>
				<misses>5553001</misses>
				<total>27</total>
				<timestamp>1608.783600</timestamp>
			</report>
			<report>
				<misses>5554001</misses>
				<total>27</total>
				<timestamp>1609.073299</timestamp>
			</report>
			<report>
				<misses>5555001</misses>
				<total>27</total>
				<timestamp>1609.363022</timestamp>
			</report>
			<report>
				<misses>5556001</misses>
				<total>27</total>
				<timestamp>1609.652778</timestamp>
			</report>
			<report>
				<misses>5557001</misses>
				<total>27</total>
				<timestamp>1609.942416</timestamp>
			</report>
			<report>
				<misses>5558001</misses>
				<total>27</total>
				<timestamp>1610.232135</timestamp>
			</report>
			<report>
				<misses>5559001</misses>
				<total>27</total>
				<timestamp>1610.521875</timestamp>
			</report>
			<report>
				<misses>5560001</misses>
				<total>27</total>
				<timestamp>1610.811542</timestamp>
			</report>
			<report>
				<misses>5561001</misses>
				<total>27</total>
				<timestamp>1611.101261</timestamp>
			</report>
			<report>
				<misses>5562001</misses>
				<total>28</total>
				<timestamp>1611.390974</timestamp>
			</report>
			<report>
				<misses>5563001</misses>
				<total>28</total>
				<timestamp>1611.680699</timestamp>
			</report>
			<report>
				<misses>5564001</misses>
				<total>28</total>
				<timestamp>1611.970399</timestamp>
			</report>
			<report>
				<misses>5565001</misses>
				<total>28</total>
				<timestamp>1612.260123</timestamp>
			</report>
			<report>
				<misses>5566001</misses>
				<total>28</total>
				<timestamp>1612.549834</timestamp>
			</report>
			<report>
				<misses>5567001</misses>
				<total>28</total>
				<timestamp>1612.839637</timestamp>
			</report>
			<report>
				<misses>5568001</misses>
				<total>28</total>
				<timestamp>1613.129241</timestamp>
			</report>
			<report>
				<misses>5569001</misses>
				<total>28</total>
				<timestamp>1613.419016</timestamp>
			</report>
			<report>
				<misses>5570001</misses>
				<total>28</total>
				<timestamp>1613.708700</timestamp>
			</report>
			<report>
				<misses>5571001</misses>
				<total>28</total>
				<timestamp>1613.998469</timestamp>
			</report>
			<report>
				<misses>5572001</misses>
				<total>28</total>
				<timestamp>1614.288246</timestamp>
			</report>
			<report>
				<misses>5573001</misses>
				<total>28</total>
				<timestamp>1614.577905</timestamp>
			</report>
			<report>
				<misses>5574001</misses>
				<total>28</total>
				<timestamp>1614.867474</timestamp>
			</report>
			<report>
				<misses>5575001</misses>
				<total>28</total>
				<timestamp>1615.157206</timestamp>
			</report>
			<report>
				<misses>5576001</misses>
				<total>28</total>
				<timestamp>1615.446929</timestamp>
			</report>
			<report>
				<misses>5577001</misses>
				<total>28</total>
				<timestamp>1615.736684</timestamp>
			</report>
			<report>
				<misses>5578001</misses>
				<total>28</total>
				<timestamp>1616.026328</timestamp>
			</report>
			<report>
				<misses>5579001</misses>
				<total>28</total>
				<timestamp>1616.316055</timestamp>
			</report>
			<report>
				<misses>5580001</misses>
				<total>28</total>
				<timestamp>1616.605766</timestamp>
			</report>
			<report>
				<misses>5581001</misses>
				<total>28</total>
				<timestamp>1616.895451</timestamp>
			</report>
			<report>
				<misses>5582001</misses>
				<total>28</total>
				<timestamp>1617.185202</timestamp>
			</report>
			<report>
				<misses>5583001</misses>
				<total>28</total>
				<timestamp>1617.474918</timestamp>
			</report>
			<report>
				<misses>5584001</misses>
				<total>28</total>
				<timestamp>1617.764643</timestamp>
			</report>
			<report>
				<misses>5585001</misses>
				<total>28</total>
				<timestamp>1618.054303</timestamp>
			</report>
			<report>
				<misses>5586001</misses>
				<total>28</total>
				<timestamp>1618.344016</timestamp>
			</report>
			<report>
				<misses>5587001</misses>
				<total>28</total>
				<timestamp>1618.633759</timestamp>
			</report>
			<report>
				<misses>5588001</misses>
				<total>28</total>
				<timestamp>1618.923454</timestamp>
			</report>
			<report>
				<misses>5589001</misses>
				<total>28</total>
				<timestamp>1619.213146</timestamp>
			</report>
			<report>
				<misses>5590001</misses>
				<total>28</total>
				<timestamp>1619.502856</timestamp>
			</report>
			<report>
				<misses>5591001</misses>
				<total>28</total>
				<timestamp>1619.792630</timestamp>
			</report>
			<report>
				<misses>5592001</misses>
				<total>28</total>
				<timestamp>1620.082280</timestamp>
			</report>
			<report>
				<misses>5593001</misses>
				<total>28</total>
				<timestamp>1620.371984</timestamp>
			</report>
			<report>
				<misses>5594001</misses>
				<total>28</total>
				<timestamp>1620.661720</timestamp>
			</report>
			<report>
				<misses>5595001</misses>
				<total>28</total>
				<timestamp>1620.951412</timestamp>
			</report>
			<report>
				<misses>5596001</misses>
				<total>28</total>
				<timestamp>1621.241114</timestamp>
			</report>
			<report>
				<misses>5597001</misses>
				<total>28</total>
				<timestamp>1621.530822</timestamp>
			</report>
			<report>
				<misses>5598001</misses>
				<total>28</total>
				<timestamp>1621.820543</timestamp>
			</report>
			<report>
				<misses>5599001</misses>
				<total>28</total>
				<timestamp>1622.110237</timestamp>
			</report>
			<report>
				<misses>5600001</misses>
				<total>28</total>
				<timestamp>1622.399968</timestamp>
			</report>
			<report>
				<misses>5601001</misses>
				<total>28</total>
				<timestamp>1622.689667</timestamp>
			</report>
			<report>
				<misses>5602001</misses>
				<total>28</total>
				<timestamp>1622.979379</timestamp>
			</report>
			<report>
				<misses>5603001</misses>
				<total>28</total>
				<timestamp>1623.269083</timestamp>
			</report>
			<report>
				<misses>5604001</misses>
				<total>28</total>
				<timestamp>1623.558906</timestamp>
			</report>
			<report>
				<misses>5605001</misses>
				<total>28</total>
				<timestamp>1623.848545</timestamp>
			</report>
			<report>
				<misses>5606001</misses>
				<total>28</total>
				<timestamp>1624.138345</timestamp>
			</report>
			<report>
				<misses>5607001</misses>
				<total>28</total>
				<timestamp>1624.428019</timestamp>
			</report>
			<report>
				<misses>5608001</misses>
				<total>28</total>
				<timestamp>1624.717720</timestamp>
			</report>
			<report>
				<misses>5609001</misses>
				<total>28</total>
				<timestamp>1625.007406</timestamp>
			</report>
			<report>
				<misses>5610001</misses>
				<total>28</total>
				<timestamp>1625.297105</timestamp>
			</report>
			<report>
				<misses>5611001</misses>
				<total>28</total>
				<timestamp>1625.586876</timestamp>
			</report>
			<report>
				<misses>5612001</misses>
				<total>28</total>
				<timestamp>1625.876596</timestamp>
			</report>
			<report>
				<misses>5613001</misses>
				<total>28</total>
				<timestamp>1626.166240</timestamp>
			</report>
			<report>
				<misses>5614001</misses>
				<total>28</total>
				<timestamp>1626.456013</timestamp>
			</report>
			<report>
				<misses>5615001</misses>
				<total>28</total>
				<timestamp>1626.745739</timestamp>
			</report>
			<report>
				<misses>5616001</misses>
				<total>28</total>
				<timestamp>1627.035413</timestamp>
			</report>
			<report>
				<misses>5617001</misses>
				<total>29</total>
				<timestamp>1627.325039</timestamp>
			</report>
			<report>
				<misses>5618001</misses>
				<total>29</total>
				<timestamp>1627.614848</timestamp>
			</report>
			<report>
				<misses>5619001</misses>
				<total>29</total>
				<timestamp>1627.904463</timestamp>
			</report>
			<report>
				<misses>5620001</misses>
				<total>29</total>
				<timestamp>1628.194293</timestamp>
			</report>
			<report>
				<misses>5621001</misses>
				<total>29</total>
				<timestamp>1628.483912</timestamp>
			</report>
			<report>
				<misses>5622001</misses>
				<total>29</total>
				<timestamp>1628.773595</timestamp>
			</report>
			<report>
				<misses>5623001</misses>
				<total>29</total>
				<timestamp>1629.063308</timestamp>
			</report>
			<report>
				<misses>5624001</misses>
				<total>29</total>
				<timestamp>1629.353004</timestamp>
			</report>
			<report>
				<misses>5625001</misses>
				<total>29</total>
				<timestamp>1629.642715</timestamp>
			</report>
			<report>
				<misses>5626001</misses>
				<total>29</total>
				<timestamp>1629.932417</timestamp>
			</report>
			<report>
				<misses>5627001</misses>
				<total>29</total>
				<timestamp>1630.222119</timestamp>
			</report>
			<report>
				<misses>5628001</misses>
				<total>29</total>
				<timestamp>1630.511823</timestamp>
			</report>
			<report>
				<misses>5629001</misses>
				<total>29</total>
				<timestamp>1630.801587</timestamp>
			</report>
			<report>
				<misses>5630001</misses>
				<total>29</total>
				<timestamp>1631.091254</timestamp>
			</report>
			<report>
				<misses>5631001</misses>
				<total>29</total>
				<timestamp>1631.380973</timestamp>
			</report>
			<report>
				<misses>5632001</misses>
				<total>29</total>
				<timestamp>1631.670753</timestamp>
			</report>
			<report>
				<misses>5633001</misses>
				<total>29</total>
				<timestamp>1631.960381</timestamp>
			</report>
			<report>
				<misses>5634001</misses>
				<total>29</total>
				<timestamp>1632.250115</timestamp>
			</report>
			<report>
				<misses>5635001</misses>
				<total>29</total>
				<timestamp>1632.539820</timestamp>
			</report>
			<report>
				<misses>5636001</misses>
				<total>29</total>
				<timestamp>1632.829558</timestamp>
			</report>
			<report>
				<misses>5637001</misses>
				<total>29</total>
				<timestamp>1633.119233</timestamp>
			</report>
			<report>
				<misses>5638001</misses>
				<total>29</total>
				<timestamp>1633.408950</timestamp>
			</report>
			<report>
				<misses>5639001</misses>
				<total>29</total>
				<timestamp>1633.698686</timestamp>
			</report>
			<report>
				<misses>5640001</misses>
				<total>29</total>
				<timestamp>1633.988373</timestamp>
			</report>
			<report>
				<misses>5641001</misses>
				<total>29</total>
				<timestamp>1634.278078</timestamp>
			</report>
			<report>
				<misses>5642001</misses>
				<total>29</total>
				<timestamp>1634.567817</timestamp>
			</report>
			<report>
				<misses>5643001</misses>
				<total>29</total>
				<timestamp>1634.857515</timestamp>
			</report>
			<report>
				<misses>5644001</misses>
				<total>29</total>
				<timestamp>1635.147195</timestamp>
			</report>
			<report>
				<misses>5645001</misses>
				<total>29</total>
				<timestamp>1635.436897</timestamp>
			</report>
			<report>
				<misses>5646001</misses>
				<total>29</total>
				<timestamp>1635.726647</timestamp>
			</report>
			<report>
				<misses>5647001</misses>
				<total>29</total>
				<timestamp>1636.016329</timestamp>
			</report>
			<report>
				<misses>5648001</misses>
				<total>29</total>
				<timestamp>1636.306025</timestamp>
			</report>
			<report>
				<misses>5649001</misses>
				<total>29</total>
				<timestamp>1636.595758</timestamp>
			</report>
			<report>
				<misses>5650001</misses>
				<total>29</total>
				<timestamp>1636.885448</timestamp>
			</report>
			<report>
				<misses>5651001</misses>
				<total>29</total>
				<timestamp>1637.175153</timestamp>
			</report>
			<report>
				<misses>5652001</misses>
				<total>29</total>
				<timestamp>1637.464879</timestamp>
			</report>
			<report>
				<misses>5653001</misses>
				<total>30</total>
				<timestamp>1637.754625</timestamp>
			</report>
			<report>
				<misses>5654001</misses>
				<total>30</total>
				<timestamp>1638.044299</timestamp>
			</report>
			<report>
				<misses>5655001</misses>
				<total>30</total>
				<timestamp>1638.334015</timestamp>
			</report>
			<report>
				<misses>5656001</misses>
				<total>30</total>
				<timestamp>1638.623713</timestamp>
			</report>
			<report>
				<misses>5657001</misses>
				<total>30</total>
				<timestamp>1638.913435</timestamp>
			</report>
			<report>
				<misses>5658001</misses>
				<total>30</total>
				<timestamp>1639.203129</timestamp>
			</report>
			<report>
				<misses>5659001</misses>
				<total>30</total>
				<timestamp>1639.492850</timestamp>
			</report>
			<report>
				<misses>5660001</misses>
				<total>30</total>
				<timestamp>1639.782591</timestamp>
			</report>
			<report>
				<misses>5661001</misses>
				<total>30</total>
				<timestamp>1640.072267</timestamp>
			</report>
			<report>
				<misses>5662001</misses>
				<total>30</total>
				<timestamp>1640.362002</timestamp>
			</report>
			<report>
				<misses>5663001</misses>
				<total>30</total>
				<timestamp>1640.651716</timestamp>
			</report>
			<report>
				<misses>5664001</misses>
				<total>30</total>
				<timestamp>1640.941398</timestamp>
			</report>
			<report>
				<misses>5665001</misses>
				<total>30</total>
				<timestamp>1641.231102</timestamp>
			</report>
			<report>
				<misses>5666001</misses>
				<total>30</total>
				<timestamp>1641.520855</timestamp>
			</report>
			<report>
				<misses>5667001</misses>
				<total>30</total>
				<timestamp>1641.810524</timestamp>
			</report>
			<report>
				<misses>5668001</misses>
				<total>30</total>
				<timestamp>1642.100219</timestamp>
			</report>
			<report>
				<misses>5669001</misses>
				<total>30</total>
				<timestamp>1642.389953</timestamp>
			</report>
			<report>
				<misses>5670001</misses>
				<total>30</total>
				<timestamp>1642.679707</timestamp>
			</report>
			<report>
				<misses>5671001</misses>
				<total>30</total>
				<timestamp>1642.969384</timestamp>
			</report>
			<report>
				<misses>5672001</misses>
				<total>30</total>
				<timestamp>1643.259082</timestamp>
			</report>
			<report>
				<misses>5673001</misses>
				<total>30</total>
				<timestamp>1643.548793</timestamp>
			</report>
			<report>
				<misses>5674001</misses>
				<total>30</total>
				<timestamp>1643.838560</timestamp>
			</report>
			<report>
				<misses>5675001</misses>
				<total>30</total>
				<timestamp>1644.128190</timestamp>
			</report>
			<report>
				<misses>5676001</misses>
				<total>30</total>
				<timestamp>1644.417945</timestamp>
			</report>
			<report>
				<misses>5677001</misses>
				<total>30</total>
				<timestamp>1644.707664</timestamp>
			</report>
			<report>
				<misses>5678001</misses>
				<total>30</total>
				<timestamp>1644.997335</timestamp>
			</report>
			<report>
				<misses>5679001</misses>
				<total>30</total>
				<timestamp>1645.287041</timestamp>
			</report>
			<report>
				<misses>5680001</misses>
				<total>30</total>
				<timestamp>1645.576772</timestamp>
			</report>
			<report>
				<misses>5681001</misses>
				<total>30</total>
				<timestamp>1645.866547</timestamp>
			</report>
			<report>
				<misses>5682001</misses>
				<total>30</total>
				<timestamp>1646.156200</timestamp>
			</report>
			<report>
				<misses>5683001</misses>
				<total>30</total>
				<timestamp>1646.445884</timestamp>
			</report>
			<report>
				<misses>5684001</misses>
				<total>30</total>
				<timestamp>1646.735633</timestamp>
			</report>
			<report>
				<misses>5685001</misses>
				<total>30</total>
				<timestamp>1647.025348</timestamp>
			</report>
			<report>
				<misses>5686001</misses>
				<total>30</total>
				<timestamp>1647.315019</timestamp>
			</report>
			<report>
				<misses>5687001</misses>
				<total>30</total>
				<timestamp>1647.604753</timestamp>
			</report>
			<report>
				<misses>5688001</misses>
				<total>30</total>
				<timestamp>1647.894493</timestamp>
			</report>
			<report>
				<misses>5689001</misses>
				<total>30</total>
				<timestamp>1648.184160</timestamp>
			</report>
			<report>
				<misses>5690001</misses>
				<total>30</total>
				<timestamp>1648.473868</timestamp>
			</report>
			<report>
				<misses>5691001</misses>
				<total>30</total>
				<timestamp>1648.763579</timestamp>
			</report>
			<report>
				<misses>5692001</misses>
				<total>30</total>
				<timestamp>1649.053298</timestamp>
			</report>
			<report>
				<misses>5693001</misses>
				<total>30</total>
				<timestamp>1649.343008</timestamp>
			</report>
			<report>
				<misses>5694001</misses>
				<total>30</total>
				<timestamp>1649.632830</timestamp>
			</report>
			<report>
				<misses>5695001</misses>
				<total>30</total>
				<timestamp>1649.922450</timestamp>
			</report>
			<report>
				<misses>5696001</misses>
				<total>30</total>
				<timestamp>1650.212206</timestamp>
			</report>
			<report>
				<misses>5697001</misses>
				<total>30</total>
				<timestamp>1650.501832</timestamp>
			</report>
			<report>
				<misses>5698001</misses>
				<total>30</total>
				<timestamp>1650.791617</timestamp>
			</report>
			<report>
				<misses>5699001</misses>
				<total>30</total>
				<timestamp>1651.081357</timestamp>
			</report>
			<report>
				<misses>5700001</misses>
				<total>30</total>
				<timestamp>1651.370970</timestamp>
			</report>
			<report>
				<misses>5701001</misses>
				<total>30</total>
				<timestamp>1651.660707</timestamp>
			</report>
			<report>
				<misses>5702001</misses>
				<total>30</total>
				<timestamp>1651.950487</timestamp>
			</report>
			<report>
				<misses>5703001</misses>
				<total>30</total>
				<timestamp>1652.240127</timestamp>
			</report>
			<report>
				<misses>5704001</misses>
				<total>30</total>
				<timestamp>1652.529863</timestamp>
			</report>
			<report>
				<misses>5705001</misses>
				<total>30</total>
				<timestamp>1652.819538</timestamp>
			</report>
			<report>
				<misses>5706001</misses>
				<total>30</total>
				<timestamp>1653.109358</timestamp>
			</report>
			<report>
				<misses>5707001</misses>
				<total>30</total>
				<timestamp>1653.398957</timestamp>
			</report>
			<report>
				<misses>5708001</misses>
				<total>30</total>
				<timestamp>1653.688694</timestamp>
			</report>
			<report>
				<misses>5709001</misses>
				<total>30</total>
				<timestamp>1653.978409</timestamp>
			</report>
			<report>
				<misses>5710001</misses>
				<total>30</total>
				<timestamp>1654.268135</timestamp>
			</report>
			<report>
				<misses>5711001</misses>
				<total>30</total>
				<timestamp>1654.557767</timestamp>
			</report>
			<report>
				<misses>5712001</misses>
				<total>30</total>
				<timestamp>1654.847618</timestamp>
			</report>
			<report>
				<misses>5713001</misses>
				<total>30</total>
				<timestamp>1655.137236</timestamp>
			</report>
			<report>
				<misses>5714001</misses>
				<total>30</total>
				<timestamp>1655.427001</timestamp>
			</report>
			<report>
				<misses>5715001</misses>
				<total>30</total>
				<timestamp>1655.716780</timestamp>
			</report>
			<report>
				<misses>5716001</misses>
				<total>30</total>
				<timestamp>1656.006397</timestamp>
			</report>
			<report>
				<misses>5717001</misses>
				<total>30</total>
				<timestamp>1656.296023</timestamp>
			</report>
			<report>
				<misses>5718001</misses>
				<total>30</total>
				<timestamp>1656.585741</timestamp>
			</report>
			<report>
				<misses>5719001</misses>
				<total>30</total>
				<timestamp>1656.875488</timestamp>
			</report>
			<report>
				<misses>5720001</misses>
				<total>30</total>
				<timestamp>1657.165159</timestamp>
			</report>
			<report>
				<misses>5721001</misses>
				<total>30</total>
				<timestamp>1657.454867</timestamp>
			</report>
			<report>
				<misses>5722001</misses>
				<total>30</total>
				<timestamp>1657.744593</timestamp>
			</report>
			<report>
				<misses>5723001</misses>
				<total>30</total>
				<timestamp>1658.034278</timestamp>
			</report>
			<report>
				<misses>5724001</misses>
				<total>30</total>
				<timestamp>1658.323990</timestamp>
			</report>
			<report>
				<misses>5725001</misses>
				<total>30</total>
				<timestamp>1658.613705</timestamp>
			</report>
			<report>
				<misses>5726001</misses>
				<total>30</total>
				<timestamp>1658.903438</timestamp>
			</report>
			<report>
				<misses>5727001</misses>
				<total>30</total>
				<timestamp>1659.193117</timestamp>
			</report>
			<report>
				<misses>5728001</misses>
				<total>30</total>
				<timestamp>1659.482833</timestamp>
			</report>
			<report>
				<misses>5729001</misses>
				<total>30</total>
				<timestamp>1659.772580</timestamp>
			</report>
			<report>
				<misses>5730001</misses>
				<total>30</total>
				<timestamp>1660.062254</timestamp>
			</report>
			<report>
				<misses>5731001</misses>
				<total>30</total>
				<timestamp>1660.351965</timestamp>
			</report>
			<report>
				<misses>5732001</misses>
				<total>30</total>
				<timestamp>1660.641683</timestamp>
			</report>
			<report>
				<misses>5733001</misses>
				<total>30</total>
				<timestamp>1660.931390</timestamp>
			</report>
			<report>
				<misses>5734001</misses>
				<total>30</total>
				<timestamp>1661.221086</timestamp>
			</report>
			<report>
				<misses>5735001</misses>
				<total>30</total>
				<timestamp>1661.510818</timestamp>
			</report>
			<report>
				<misses>5736001</misses>
				<total>30</total>
				<timestamp>1661.800513</timestamp>
			</report>
			<report>
				<misses>5737001</misses>
				<total>30</total>
				<timestamp>1662.090227</timestamp>
			</report>
			<report>
				<misses>5738001</misses>
				<total>30</total>
				<timestamp>1662.379929</timestamp>
			</report>
			<report>
				<misses>5739001</misses>
				<total>31</total>
				<timestamp>1662.669657</timestamp>
			</report>
			<report>
				<misses>5740001</misses>
				<total>31</total>
				<timestamp>1662.959421</timestamp>
			</report>
			<report>
				<misses>5741001</misses>
				<total>31</total>
				<timestamp>1663.249073</timestamp>
			</report>
			<report>
				<misses>5742001</misses>
				<total>31</total>
				<timestamp>1663.538803</timestamp>
			</report>
			<report>
				<misses>5743001</misses>
				<total>31</total>
				<timestamp>1663.828511</timestamp>
			</report>
			<report>
				<misses>5744001</misses>
				<total>31</total>
				<timestamp>1664.118187</timestamp>
			</report>
			<report>
				<misses>5745001</misses>
				<total>31</total>
				<timestamp>1664.407897</timestamp>
			</report>
			<report>
				<misses>5746001</misses>
				<total>31</total>
				<timestamp>1664.697638</timestamp>
			</report>
			<report>
				<misses>5747001</misses>
				<total>31</total>
				<timestamp>1664.987366</timestamp>
			</report>
			<report>
				<misses>5748001</misses>
				<total>31</total>
				<timestamp>1665.277039</timestamp>
			</report>
			<report>
				<misses>5749001</misses>
				<total>31</total>
				<timestamp>1665.566752</timestamp>
			</report>
			<report>
				<misses>5750001</misses>
				<total>31</total>
				<timestamp>1665.856495</timestamp>
			</report>
			<report>
				<misses>5751001</misses>
				<total>31</total>
				<timestamp>1666.146158</timestamp>
			</report>
			<report>
				<misses>5752001</misses>
				<total>31</total>
				<timestamp>1666.435903</timestamp>
			</report>
			<report>
				<misses>5753001</misses>
				<total>31</total>
				<timestamp>1666.725601</timestamp>
			</report>
			<report>
				<misses>5754001</misses>
				<total>31</total>
				<timestamp>1667.015288</timestamp>
			</report>
			<report>
				<misses>5755001</misses>
				<total>31</total>
				<timestamp>1667.305021</timestamp>
			</report>
			<report>
				<misses>5756001</misses>
				<total>31</total>
				<timestamp>1667.594730</timestamp>
			</report>
			<report>
				<misses>5757001</misses>
				<total>31</total>
				<timestamp>1667.884454</timestamp>
			</report>
			<report>
				<misses>5758001</misses>
				<total>31</total>
				<timestamp>1668.174127</timestamp>
			</report>
			<report>
				<misses>5759001</misses>
				<total>31</total>
				<timestamp>1668.463877</timestamp>
			</report>
			<report>
				<misses>5760001</misses>
				<total>31</total>
				<timestamp>1668.753556</timestamp>
			</report>
			<report>
				<misses>5761001</misses>
				<total>31</total>
				<timestamp>1669.043277</timestamp>
			</report>
			<report>
				<misses>5762001</misses>
				<total>31</total>
				<timestamp>1669.332975</timestamp>
			</report>
			<report>
				<misses>5763001</misses>
				<total>31</total>
				<timestamp>1669.622742</timestamp>
			</report>
			<report>
				<misses>5764001</misses>
				<total>31</total>
				<timestamp>1669.912400</timestamp>
			</report>
			<report>
				<misses>5765001</misses>
				<total>31</total>
				<timestamp>1670.202103</timestamp>
			</report>
			<report>
				<misses>5766001</misses>
				<total>31</total>
				<timestamp>1670.491887</timestamp>
			</report>
			<report>
				<misses>5767001</misses>
				<total>31</total>
				<timestamp>1670.781604</timestamp>
			</report>
			<report>
				<misses>5768001</misses>
				<total>31</total>
				<timestamp>1671.071358</timestamp>
			</report>
			<report>
				<misses>5769001</misses>
				<total>31</total>
				<timestamp>1671.360933</timestamp>
			</report>
			<report>
				<misses>5770001</misses>
				<total>31</total>
				<timestamp>1671.650640</timestamp>
			</report>
			<report>
				<misses>5771001</misses>
				<total>31</total>
				<timestamp>1671.940401</timestamp>
			</report>
			<report>
				<misses>5772001</misses>
				<total>31</total>
				<timestamp>1672.230069</timestamp>
			</report>
			<report>
				<misses>5773001</misses>
				<total>31</total>
				<timestamp>1672.519800</timestamp>
			</report>
			<report>
				<misses>5774001</misses>
				<total>31</total>
				<timestamp>1672.809572</timestamp>
			</report>
			<report>
				<misses>5775001</misses>
				<total>31</total>
				<timestamp>1673.099301</timestamp>
			</report>
			<report>
				<misses>5776001</misses>
				<total>31</total>
				<timestamp>1673.388946</timestamp>
			</report>
			<report>
				<misses>5777001</misses>
				<total>31</total>
				<timestamp>1673.678640</timestamp>
			</report>
			<report>
				<misses>5778001</misses>
				<total>31</total>
				<timestamp>1673.968362</timestamp>
			</report>
			<report>
				<misses>5779001</misses>
				<total>31</total>
				<timestamp>1674.258040</timestamp>
			</report>
			<report>
				<misses>5780001</misses>
				<total>31</total>
				<timestamp>1674.547829</timestamp>
			</report>
			<report>
				<misses>5781001</misses>
				<total>31</total>
				<timestamp>1674.837608</timestamp>
			</report>
			<report>
				<misses>5782001</misses>
				<total>31</total>
				<timestamp>1675.127189</timestamp>
			</report>
			<report>
				<misses>5783001</misses>
				<total>31</total>
				<timestamp>1675.416909</timestamp>
			</report>
			<report>
				<misses>5784001</misses>
				<total>31</total>
				<timestamp>1675.706736</timestamp>
			</report>
			<report>
				<misses>5785001</misses>
				<total>31</total>
				<timestamp>1675.996466</timestamp>
			</report>
			<report>
				<misses>5786001</misses>
				<total>31</total>
				<timestamp>1676.286109</timestamp>
			</report>
			<report>
				<misses>5787001</misses>
				<total>31</total>
				<timestamp>1676.575828</timestamp>
			</report>
			<report>
				<misses>5788001</misses>
				<total>31</total>
				<timestamp>1676.865542</timestamp>
			</report>
			<report>
				<misses>5789001</misses>
				<total>31</total>
				<timestamp>1677.155147</timestamp>
			</report>
			<report>
				<misses>5790001</misses>
				<total>31</total>
				<timestamp>1677.444888</timestamp>
			</report>
			<report>
				<misses>5791001</misses>
				<total>31</total>
				<timestamp>1677.734555</timestamp>
			</report>
			<report>
				<misses>5792001</misses>
				<total>31</total>
				<timestamp>1678.024310</timestamp>
			</report>
			<report>
				<misses>5793001</misses>
				<total>31</total>
				<timestamp>1678.313988</timestamp>
			</report>
			<report>
				<misses>5794001</misses>
				<total>31</total>
				<timestamp>1678.603759</timestamp>
			</report>
			<report>
				<misses>5795001</misses>
				<total>31</total>
				<timestamp>1678.893418</timestamp>
			</report>
			<report>
				<misses>5796001</misses>
				<total>31</total>
				<timestamp>1679.183197</timestamp>
			</report>
			<report>
				<misses>5797001</misses>
				<total>31</total>
				<timestamp>1679.472923</timestamp>
			</report>
			<report>
				<misses>5798001</misses>
				<total>31</total>
				<timestamp>1679.762584</timestamp>
			</report>
			<report>
				<misses>5799001</misses>
				<total>31</total>
				<timestamp>1680.052354</timestamp>
			</report>
			<report>
				<misses>5800001</misses>
				<total>31</total>
				<timestamp>1680.342051</timestamp>
			</report>
			<report>
				<misses>5801001</misses>
				<total>31</total>
				<timestamp>1680.631806</timestamp>
			</report>
			<report>
				<misses>5802001</misses>
				<total>31</total>
				<timestamp>1680.921462</timestamp>
			</report>
			<report>
				<misses>5803001</misses>
				<total>31</total>
				<timestamp>1681.211217</timestamp>
			</report>
			<report>
				<misses>5804001</misses>
				<total>31</total>
				<timestamp>1681.500785</timestamp>
			</report>
			<report>
				<misses>5805001</misses>
				<total>31</total>
				<timestamp>1681.790501</timestamp>
			</report>
			<report>
				<misses>5806001</misses>
				<total>31</total>
				<timestamp>1682.080216</timestamp>
			</report>
			<report>
				<misses>5807001</misses>
				<total>31</total>
				<timestamp>1682.369945</timestamp>
			</report>
			<report>
				<misses>5808001</misses>
				<total>31</total>
				<timestamp>1682.659662</timestamp>
			</report>
			<report>
				<misses>5809001</misses>
				<total>31</total>
				<timestamp>1682.949373</timestamp>
			</report>
			<report>
				<misses>5810001</misses>
				<total>31</total>
				<timestamp>1683.239146</timestamp>
			</report>
			<report>
				<misses>5811001</misses>
				<total>31</total>
				<timestamp>1683.528773</timestamp>
			</report>
			<report>
				<misses>5812001</misses>
				<total>31</total>
				<timestamp>1683.818475</timestamp>
			</report>
			<report>
				<misses>5813001</misses>
				<total>31</total>
				<timestamp>1684.108213</timestamp>
			</report>
			<report>
				<misses>5814001</misses>
				<total>31</total>
				<timestamp>1684.397925</timestamp>
			</report>
			<report>
				<misses>5815001</misses>
				<total>31</total>
				<timestamp>1684.687646</timestamp>
			</report>
			<report>
				<misses>5816001</misses>
				<total>31</total>
				<timestamp>1684.977358</timestamp>
			</report>
			<report>
				<misses>5817001</misses>
				<total>31</total>
				<timestamp>1685.267100</timestamp>
			</report>
			<report>
				<misses>5818001</misses>
				<total>31</total>
				<timestamp>1685.556881</timestamp>
			</report>
			<report>
				<misses>5819001</misses>
				<total>31</total>
				<timestamp>1685.846500</timestamp>
			</report>
			<report>
				<misses>5820001</misses>
				<total>31</total>
				<timestamp>1686.136233</timestamp>
			</report>
			<report>
				<misses>5821001</misses>
				<total>31</total>
				<timestamp>1686.425986</timestamp>
			</report>
			<report>
				<misses>5822001</misses>
				<total>31</total>
				<timestamp>1686.715590</timestamp>
			</report>
			<report>
				<misses>5823001</misses>
				<total>31</total>
				<timestamp>1687.005369</timestamp>
			</report>
			<report>
				<misses>5824001</misses>
				<total>31</total>
				<timestamp>1687.295119</timestamp>
			</report>
			<report>
				<misses>5825001</misses>
				<total>31</total>
				<timestamp>1687.584715</timestamp>
			</report>
			<report>
				<misses>5826001</misses>
				<total>31</total>
				<timestamp>1687.874543</timestamp>
			</report>
			<report>
				<misses>5827001</misses>
				<total>31</total>
				<timestamp>1688.164241</timestamp>
			</report>
			<report>
				<misses>5828001</misses>
				<total>31</total>
				<timestamp>1688.453895</timestamp>
			</report>
			<report>
				<misses>5829001</misses>
				<total>31</total>
				<timestamp>1688.743638</timestamp>
			</report>
			<report>
				<misses>5830001</misses>
				<total>31</total>
				<timestamp>1689.033280</timestamp>
			</report>
			<report>
				<misses>5831001</misses>
				<total>31</total>
				<timestamp>1689.323054</timestamp>
			</report>
			<report>
				<misses>5832001</misses>
				<total>31</total>
				<timestamp>1689.612715</timestamp>
			</report>
			<report>
				<misses>5833001</misses>
				<total>31</total>
				<timestamp>1689.902425</timestamp>
			</report>
			<report>
				<misses>5834001</misses>
				<total>31</total>
				<timestamp>1690.192129</timestamp>
			</report>
			<report>
				<misses>5835001</misses>
				<total>31</total>
				<timestamp>1690.481910</timestamp>
			</report>
			<report>
				<misses>5836001</misses>
				<total>31</total>
				<timestamp>1690.771520</timestamp>
			</report>
			<report>
				<misses>5837001</misses>
				<total>31</total>
				<timestamp>1691.061377</timestamp>
			</report>
			<report>
				<misses>5838001</misses>
				<total>31</total>
				<timestamp>1691.351077</timestamp>
			</report>
			<report>
				<misses>5839001</misses>
				<total>31</total>
				<timestamp>1691.640663</timestamp>
			</report>
			<report>
				<misses>5840001</misses>
				<total>31</total>
				<timestamp>1691.930477</timestamp>
			</report>
			<report>
				<misses>5841001</misses>
				<total>31</total>
				<timestamp>1692.220100</timestamp>
			</report>
			<report>
				<misses>5842001</misses>
				<total>31</total>
				<timestamp>1692.509827</timestamp>
			</report>
			<report>
				<misses>5843001</misses>
				<total>31</total>
				<timestamp>1692.799561</timestamp>
			</report>
			<report>
				<misses>5844001</misses>
				<total>31</total>
				<timestamp>1693.089240</timestamp>
			</report>
			<report>
				<misses>5845001</misses>
				<total>31</total>
				<timestamp>1693.379043</timestamp>
			</report>
			<report>
				<misses>5846001</misses>
				<total>31</total>
				<timestamp>1693.668679</timestamp>
			</report>
			<report>
				<misses>5847001</misses>
				<total>31</total>
				<timestamp>1693.958418</timestamp>
			</report>
			<report>
				<misses>5848001</misses>
				<total>31</total>
				<timestamp>1694.248094</timestamp>
			</report>
			<report>
				<misses>5849001</misses>
				<total>31</total>
				<timestamp>1694.537783</timestamp>
			</report>
			<report>
				<misses>5850001</misses>
				<total>31</total>
				<timestamp>1694.827501</timestamp>
			</report>
			<report>
				<misses>5851001</misses>
				<total>31</total>
				<timestamp>1695.117225</timestamp>
			</report>
			<report>
				<misses>5852001</misses>
				<total>31</total>
				<timestamp>1695.406986</timestamp>
			</report>
			<report>
				<misses>5853001</misses>
				<total>31</total>
				<timestamp>1695.696615</timestamp>
			</report>
			<report>
				<misses>5854001</misses>
				<total>31</total>
				<timestamp>1695.986355</timestamp>
			</report>
			<report>
				<misses>5855001</misses>
				<total>31</total>
				<timestamp>1696.276000</timestamp>
			</report>
			<report>
				<misses>5856001</misses>
				<total>31</total>
				<timestamp>1696.565723</timestamp>
			</report>
			<report>
				<misses>5857001</misses>
				<total>31</total>
				<timestamp>1696.855469</timestamp>
			</report>
			<report>
				<misses>5858001</misses>
				<total>31</total>
				<timestamp>1697.145178</timestamp>
			</report>
			<report>
				<misses>5859001</misses>
				<total>31</total>
				<timestamp>1697.434857</timestamp>
			</report>
			<report>
				<misses>5860001</misses>
				<total>31</total>
				<timestamp>1697.724552</timestamp>
			</report>
			<report>
				<misses>5861001</misses>
				<total>31</total>
				<timestamp>1698.014277</timestamp>
			</report>
			<report>
				<misses>5862001</misses>
				<total>31</total>
				<timestamp>1698.303971</timestamp>
			</report>
			<report>
				<misses>5863001</misses>
				<total>31</total>
				<timestamp>1698.593699</timestamp>
			</report>
			<report>
				<misses>5864001</misses>
				<total>31</total>
				<timestamp>1698.883431</timestamp>
			</report>
			<report>
				<misses>5865001</misses>
				<total>31</total>
				<timestamp>1699.173103</timestamp>
			</report>
			<report>
				<misses>5866001</misses>
				<total>31</total>
				<timestamp>1699.462835</timestamp>
			</report>
			<report>
				<misses>5867001</misses>
				<total>31</total>
				<timestamp>1699.752534</timestamp>
			</report>
			<report>
				<misses>5868001</misses>
				<total>31</total>
				<timestamp>1700.042274</timestamp>
			</report>
			<report>
				<misses>5869001</misses>
				<total>31</total>
				<timestamp>1700.331984</timestamp>
			</report>
			<report>
				<misses>5870001</misses>
				<total>31</total>
				<timestamp>1700.621669</timestamp>
			</report>
			<report>
				<misses>5871001</misses>
				<total>31</total>
				<timestamp>1700.911414</timestamp>
			</report>
			<report>
				<misses>5872001</misses>
				<total>31</total>
				<timestamp>1701.201065</timestamp>
			</report>
			<report>
				<misses>5873001</misses>
				<total>31</total>
				<timestamp>1701.490784</timestamp>
			</report>
			<report>
				<misses>5874001</misses>
				<total>31</total>
				<timestamp>1701.780477</timestamp>
			</report>
			<report>
				<misses>5875001</misses>
				<total>31</total>
				<timestamp>1702.070235</timestamp>
			</report>
			<report>
				<misses>5876001</misses>
				<total>31</total>
				<timestamp>1702.359913</timestamp>
			</report>
			<report>
				<misses>5877001</misses>
				<total>31</total>
				<timestamp>1702.649648</timestamp>
			</report>
			<report>
				<misses>5878001</misses>
				<total>31</total>
				<timestamp>1702.939363</timestamp>
			</report>
			<report>
				<misses>5879001</misses>
				<total>31</total>
				<timestamp>1703.229075</timestamp>
			</report>
			<report>
				<misses>5880001</misses>
				<total>31</total>
				<timestamp>1703.518764</timestamp>
			</report>
			<report>
				<misses>5881001</misses>
				<total>31</total>
				<timestamp>1703.808474</timestamp>
			</report>
			<report>
				<misses>5882001</misses>
				<total>31</total>
				<timestamp>1704.098197</timestamp>
			</report>
			<report>
				<misses>5883001</misses>
				<total>31</total>
				<timestamp>1704.387888</timestamp>
			</report>
			<report>
				<misses>5884001</misses>
				<total>31</total>
				<timestamp>1704.677610</timestamp>
			</report>
			<report>
				<misses>5885001</misses>
				<total>31</total>
				<timestamp>1704.967350</timestamp>
			</report>
			<report>
				<misses>5886001</misses>
				<total>31</total>
				<timestamp>1705.257013</timestamp>
			</report>
			<report>
				<misses>5887001</misses>
				<total>31</total>
				<timestamp>1705.546758</timestamp>
			</report>
			<report>
				<misses>5888001</misses>
				<total>31</total>
				<timestamp>1705.836445</timestamp>
			</report>
			<report>
				<misses>5889001</misses>
				<total>31</total>
				<timestamp>1706.126182</timestamp>
			</report>
			<report>
				<misses>5890001</misses>
				<total>31</total>
				<timestamp>1706.415852</timestamp>
			</report>
			<report>
				<misses>5891001</misses>
				<total>31</total>
				<timestamp>1706.705576</timestamp>
			</report>
			<report>
				<misses>5892001</misses>
				<total>31</total>
				<timestamp>1706.995294</timestamp>
			</report>
			<report>
				<misses>5893001</misses>
				<total>31</total>
				<timestamp>1707.284999</timestamp>
			</report>
			<report>
				<misses>5894001</misses>
				<total>31</total>
				<timestamp>1707.574745</timestamp>
			</report>
			<report>
				<misses>5895001</misses>
				<total>31</total>
				<timestamp>1707.864454</timestamp>
			</report>
			<report>
				<misses>5896001</misses>
				<total>31</total>
				<timestamp>1708.154293</timestamp>
			</report>
			<report>
				<misses>5897001</misses>
				<total>31</total>
				<timestamp>1708.443899</timestamp>
			</report>
			<report>
				<misses>5898001</misses>
				<total>31</total>
				<timestamp>1708.733647</timestamp>
			</report>
			<report>
				<misses>5899001</misses>
				<total>31</total>
				<timestamp>1709.023317</timestamp>
			</report>
			<report>
				<misses>5900001</misses>
				<total>31</total>
				<timestamp>1709.313043</timestamp>
			</report>
			<report>
				<misses>5901001</misses>
				<total>31</total>
				<timestamp>1709.602783</timestamp>
			</report>
			<report>
				<misses>5902001</misses>
				<total>31</total>
				<timestamp>1709.892514</timestamp>
			</report>
			<report>
				<misses>5903001</misses>
				<total>31</total>
				<timestamp>1710.182209</timestamp>
			</report>
			<report>
				<misses>5904001</misses>
				<total>31</total>
				<timestamp>1710.471871</timestamp>
			</report>
			<report>
				<misses>5905001</misses>
				<total>31</total>
				<timestamp>1710.761608</timestamp>
			</report>
			<report>
				<misses>5906001</misses>
				<total>31</total>
				<timestamp>1711.051361</timestamp>
			</report>
			<report>
				<misses>5907001</misses>
				<total>31</total>
				<timestamp>1711.341059</timestamp>
			</report>
			<report>
				<misses>5908001</misses>
				<total>31</total>
				<timestamp>1711.630773</timestamp>
			</report>
			<report>
				<misses>5909001</misses>
				<total>31</total>
				<timestamp>1711.920355</timestamp>
			</report>
			<report>
				<misses>5910001</misses>
				<total>31</total>
				<timestamp>1712.210074</timestamp>
			</report>
			<report>
				<misses>5911001</misses>
				<total>31</total>
				<timestamp>1712.499829</timestamp>
			</report>
			<report>
				<misses>5912001</misses>
				<total>31</total>
				<timestamp>1712.789519</timestamp>
			</report>
			<report>
				<misses>5913001</misses>
				<total>31</total>
				<timestamp>1713.079360</timestamp>
			</report>
			<report>
				<misses>5914001</misses>
				<total>31</total>
				<timestamp>1713.368937</timestamp>
			</report>
			<report>
				<misses>5915001</misses>
				<total>31</total>
				<timestamp>1713.658741</timestamp>
			</report>
			<report>
				<misses>5916001</misses>
				<total>31</total>
				<timestamp>1713.948326</timestamp>
			</report>
			<report>
				<misses>5917001</misses>
				<total>31</total>
				<timestamp>1714.238111</timestamp>
			</report>
			<report>
				<misses>5918001</misses>
				<total>31</total>
				<timestamp>1714.527863</timestamp>
			</report>
			<report>
				<misses>5919001</misses>
				<total>31</total>
				<timestamp>1714.817559</timestamp>
			</report>
			<report>
				<misses>5920001</misses>
				<total>31</total>
				<timestamp>1715.107277</timestamp>
			</report>
			<report>
				<misses>5921001</misses>
				<total>31</total>
				<timestamp>1715.396847</timestamp>
			</report>
			<report>
				<misses>5922001</misses>
				<total>31</total>
				<timestamp>1715.686610</timestamp>
			</report>
			<report>
				<misses>5923001</misses>
				<total>31</total>
				<timestamp>1715.976312</timestamp>
			</report>
			<report>
				<misses>5924001</misses>
				<total>31</total>
				<timestamp>1716.266098</timestamp>
			</report>
			<report>
				<misses>5925001</misses>
				<total>31</total>
				<timestamp>1716.555734</timestamp>
			</report>
			<report>
				<misses>5926001</misses>
				<total>31</total>
				<timestamp>1716.845435</timestamp>
			</report>
			<report>
				<misses>5927001</misses>
				<total>31</total>
				<timestamp>1717.135203</timestamp>
			</report>
			<report>
				<misses>5928001</misses>
				<total>31</total>
				<timestamp>1717.424951</timestamp>
			</report>
			<report>
				<misses>5929001</misses>
				<total>31</total>
				<timestamp>1717.714686</timestamp>
			</report>
			<report>
				<misses>5930001</misses>
				<total>31</total>
				<timestamp>1718.004403</timestamp>
			</report>
			<report>
				<misses>5931001</misses>
				<total>31</total>
				<timestamp>1718.294028</timestamp>
			</report>
			<report>
				<misses>5932001</misses>
				<total>31</total>
				<timestamp>1718.583692</timestamp>
			</report>
			<report>
				<misses>5933001</misses>
				<total>31</total>
				<timestamp>1718.873372</timestamp>
			</report>
			<report>
				<misses>5934001</misses>
				<total>31</total>
				<timestamp>1719.163102</timestamp>
			</report>
			<report>
				<misses>5935001</misses>
				<total>31</total>
				<timestamp>1719.452802</timestamp>
			</report>
			<report>
				<misses>5936001</misses>
				<total>31</total>
				<timestamp>1719.742528</timestamp>
			</report>
			<report>
				<misses>5937001</misses>
				<total>31</total>
				<timestamp>1720.032232</timestamp>
			</report>
			<report>
				<misses>5938001</misses>
				<total>31</total>
				<timestamp>1720.321923</timestamp>
			</report>
			<report>
				<misses>5939001</misses>
				<total>31</total>
				<timestamp>1720.611641</timestamp>
			</report>
			<report>
				<misses>5940001</misses>
				<total>31</total>
				<timestamp>1720.901343</timestamp>
			</report>
			<report>
				<misses>5941001</misses>
				<total>31</total>
				<timestamp>1721.191101</timestamp>
			</report>
			<report>
				<misses>5942001</misses>
				<total>31</total>
				<timestamp>1721.480779</timestamp>
			</report>
			<report>
				<misses>5943001</misses>
				<total>31</total>
				<timestamp>1721.770515</timestamp>
			</report>
			<report>
				<misses>5944001</misses>
				<total>31</total>
				<timestamp>1722.060204</timestamp>
			</report>
			<report>
				<misses>5945001</misses>
				<total>31</total>
				<timestamp>1722.349965</timestamp>
			</report>
			<report>
				<misses>5946001</misses>
				<total>31</total>
				<timestamp>1722.639601</timestamp>
			</report>
			<report>
				<misses>5947001</misses>
				<total>31</total>
				<timestamp>1722.929340</timestamp>
			</report>
			<report>
				<misses>5948001</misses>
				<total>31</total>
				<timestamp>1723.219050</timestamp>
			</report>
			<report>
				<misses>5949001</misses>
				<total>31</total>
				<timestamp>1723.508779</timestamp>
			</report>
			<report>
				<misses>5950001</misses>
				<total>31</total>
				<timestamp>1723.798458</timestamp>
			</report>
			<report>
				<misses>5951001</misses>
				<total>31</total>
				<timestamp>1724.088207</timestamp>
			</report>
			<report>
				<misses>5952001</misses>
				<total>31</total>
				<timestamp>1724.377873</timestamp>
			</report>
			<report>
				<misses>5953001</misses>
				<total>31</total>
				<timestamp>1724.667610</timestamp>
			</report>
			<report>
				<misses>5954001</misses>
				<total>31</total>
				<timestamp>1724.957305</timestamp>
			</report>
			<report>
				<misses>5955001</misses>
				<total>31</total>
				<timestamp>1725.247037</timestamp>
			</report>
			<report>
				<misses>5956001</misses>
				<total>31</total>
				<timestamp>1725.536718</timestamp>
			</report>
			<report>
				<misses>5957001</misses>
				<total>31</total>
				<timestamp>1725.826445</timestamp>
			</report>
			<report>
				<misses>5958001</misses>
				<total>31</total>
				<timestamp>1726.116166</timestamp>
			</report>
			<report>
				<misses>5959001</misses>
				<total>31</total>
				<timestamp>1726.405842</timestamp>
			</report>
			<report>
				<misses>5960001</misses>
				<total>31</total>
				<timestamp>1726.695571</timestamp>
			</report>
			<report>
				<misses>5961001</misses>
				<total>31</total>
				<timestamp>1726.985273</timestamp>
			</report>
			<report>
				<misses>5962001</misses>
				<total>31</total>
				<timestamp>1727.275003</timestamp>
			</report>
			<report>
				<misses>5963001</misses>
				<total>31</total>
				<timestamp>1727.564693</timestamp>
			</report>
			<report>
				<misses>5964001</misses>
				<total>31</total>
				<timestamp>1727.854401</timestamp>
			</report>
			<report>
				<misses>5965001</misses>
				<total>31</total>
				<timestamp>1728.144139</timestamp>
			</report>
			<report>
				<misses>5966001</misses>
				<total>31</total>
				<timestamp>1728.433815</timestamp>
			</report>
			<report>
				<misses>5967001</misses>
				<total>31</total>
				<timestamp>1728.723521</timestamp>
			</report>
			<report>
				<misses>5968001</misses>
				<total>31</total>
				<timestamp>1729.013238</timestamp>
			</report>
			<report>
				<misses>5969001</misses>
				<total>31</total>
				<timestamp>1729.302949</timestamp>
			</report>
			<report>
				<misses>5970001</misses>
				<total>31</total>
				<timestamp>1729.592642</timestamp>
			</report>
			<report>
				<misses>5971001</misses>
				<total>31</total>
				<timestamp>1729.882384</timestamp>
			</report>
			<report>
				<misses>5972001</misses>
				<total>31</total>
				<timestamp>1730.172083</timestamp>
			</report>
			<report>
				<misses>5973001</misses>
				<total>31</total>
				<timestamp>1730.461791</timestamp>
			</report>
			<report>
				<misses>5974001</misses>
				<total>31</total>
				<timestamp>1730.751483</timestamp>
			</report>
			<report>
				<misses>5975001</misses>
				<total>31</total>
				<timestamp>1731.041218</timestamp>
			</report>
			<report>
				<misses>5976001</misses>
				<total>31</total>
				<timestamp>1731.330925</timestamp>
			</report>
			<report>
				<misses>5977001</misses>
				<total>31</total>
				<timestamp>1731.620648</timestamp>
			</report>
			<report>
				<misses>5978001</misses>
				<total>31</total>
				<timestamp>1731.910398</timestamp>
			</report>
			<report>
				<misses>5979001</misses>
				<total>31</total>
				<timestamp>1732.200134</timestamp>
			</report>
			<report>
				<misses>5980001</misses>
				<total>31</total>
				<timestamp>1732.489881</timestamp>
			</report>
			<report>
				<misses>5981001</misses>
				<total>31</total>
				<timestamp>1732.779476</timestamp>
			</report>
			<report>
				<misses>5982001</misses>
				<total>31</total>
				<timestamp>1733.069231</timestamp>
			</report>
			<report>
				<misses>5983001</misses>
				<total>31</total>
				<timestamp>1733.358937</timestamp>
			</report>
			<report>
				<misses>5984001</misses>
				<total>31</total>
				<timestamp>1733.648707</timestamp>
			</report>
			<report>
				<misses>5985001</misses>
				<total>31</total>
				<timestamp>1733.938349</timestamp>
			</report>
			<report>
				<misses>5986001</misses>
				<total>31</total>
				<timestamp>1734.228067</timestamp>
			</report>
			<report>
				<misses>5987001</misses>
				<total>31</total>
				<timestamp>1734.517755</timestamp>
			</report>
			<report>
				<misses>5988001</misses>
				<total>31</total>
				<timestamp>1734.807433</timestamp>
			</report>
			<report>
				<misses>5989001</misses>
				<total>31</total>
				<timestamp>1735.097142</timestamp>
			</report>
			<report>
				<misses>5990001</misses>
				<total>31</total>
				<timestamp>1735.386856</timestamp>
			</report>
			<report>
				<misses>5991001</misses>
				<total>31</total>
				<timestamp>1735.676554</timestamp>
			</report>
			<report>
				<misses>5992001</misses>
				<total>31</total>
				<timestamp>1735.966267</timestamp>
			</report>
			<report>
				<misses>5993001</misses>
				<total>31</total>
				<timestamp>1736.255987</timestamp>
			</report>
			<report>
				<misses>5994001</misses>
				<total>31</total>
				<timestamp>1736.545726</timestamp>
			</report>
			<report>
				<misses>5995001</misses>
				<total>31</total>
				<timestamp>1736.835464</timestamp>
			</report>
			<report>
				<misses>5996001</misses>
				<total>31</total>
				<timestamp>1737.125166</timestamp>
			</report>
			<report>
				<misses>5997001</misses>
				<total>31</total>
				<timestamp>1737.414953</timestamp>
			</report>
			<report>
				<misses>5998001</misses>
				<total>31</total>
				<timestamp>1737.704587</timestamp>
			</report>
			<report>
				<misses>5999001</misses>
				<total>31</total>
				<timestamp>1737.994317</timestamp>
			</report>
			<report>
				<misses>6000001</misses>
				<total>31</total>
				<timestamp>1738.284083</timestamp>
			</report>
			<report>
				<misses>6001001</misses>
				<total>31</total>
				<timestamp>1738.573692</timestamp>
			</report>
			<report>
				<misses>6002001</misses>
				<total>31</total>
				<timestamp>1738.863428</timestamp>
			</report>
			<report>
				<misses>6003001</misses>
				<total>31</total>
				<timestamp>1739.153186</timestamp>
			</report>
			<report>
				<misses>6004001</misses>
				<total>31</total>
				<timestamp>1739.442805</timestamp>
			</report>
			<report>
				<misses>6005001</misses>
				<total>31</total>
				<timestamp>1739.732621</timestamp>
			</report>
			<report>
				<misses>6006001</misses>
				<total>31</total>
				<timestamp>1740.022307</timestamp>
			</report>
			<report>
				<misses>6007001</misses>
				<total>31</total>
				<timestamp>1740.312051</timestamp>
			</report>
			<report>
				<misses>6008001</misses>
				<total>31</total>
				<timestamp>1740.601641</timestamp>
			</report>
			<report>
				<misses>6009001</misses>
				<total>31</total>
				<timestamp>1740.891404</timestamp>
			</report>
			<report>
				<misses>6010001</misses>
				<total>31</total>
				<timestamp>1741.181084</timestamp>
			</report>
			<report>
				<misses>6011001</misses>
				<total>31</total>
				<timestamp>1741.470761</timestamp>
			</report>
			<report>
				<misses>6012001</misses>
				<total>31</total>
				<timestamp>1741.760468</timestamp>
			</report>
			<report>
				<misses>6013001</misses>
				<total>31</total>
				<timestamp>1742.050190</timestamp>
			</report>
			<report>
				<misses>6014001</misses>
				<total>31</total>
				<timestamp>1742.339920</timestamp>
			</report>
			<report>
				<misses>6015001</misses>
				<total>31</total>
				<timestamp>1742.629903</timestamp>
			</report>
			<report>
				<misses>6016001</misses>
				<total>31</total>
				<timestamp>1742.919617</timestamp>
			</report>
			<report>
				<misses>6017001</misses>
				<total>31</total>
				<timestamp>1743.209305</timestamp>
			</report>
			<report>
				<misses>6018001</misses>
				<total>31</total>
				<timestamp>1743.499076</timestamp>
			</report>
			<report>
				<misses>6019001</misses>
				<total>31</total>
				<timestamp>1743.788731</timestamp>
			</report>
			<report>
				<misses>6020001</misses>
				<total>31</total>
				<timestamp>1744.078441</timestamp>
			</report>
			<report>
				<misses>6021001</misses>
				<total>31</total>
				<timestamp>1744.368171</timestamp>
			</report>
			<report>
				<misses>6022001</misses>
				<total>31</total>
				<timestamp>1744.657928</timestamp>
			</report>
			<report>
				<misses>6023001</misses>
				<total>31</total>
				<timestamp>1744.947579</timestamp>
			</report>
			<report>
				<misses>6024001</misses>
				<total>31</total>
				<timestamp>1745.237293</timestamp>
			</report>
			<report>
				<misses>6025001</misses>
				<total>31</total>
				<timestamp>1745.527022</timestamp>
			</report>
			<report>
				<misses>6026001</misses>
				<total>31</total>
				<timestamp>1745.816830</timestamp>
			</report>
			<report>
				<misses>6027001</misses>
				<total>31</total>
				<timestamp>1746.106470</timestamp>
			</report>
			<report>
				<misses>6028001</misses>
				<total>31</total>
				<timestamp>1746.396145</timestamp>
			</report>
			<report>
				<misses>6029001</misses>
				<total>31</total>
				<timestamp>1746.685942</timestamp>
			</report>
			<report>
				<misses>6030001</misses>
				<total>31</total>
				<timestamp>1746.975561</timestamp>
			</report>
			<report>
				<misses>6031001</misses>
				<total>31</total>
				<timestamp>1747.265308</timestamp>
			</report>
			<report>
				<misses>6032001</misses>
				<total>31</total>
				<timestamp>1747.555080</timestamp>
			</report>
			<report>
				<misses>6033001</misses>
				<total>31</total>
				<timestamp>1747.844684</timestamp>
			</report>
			<report>
				<misses>6034001</misses>
				<total>31</total>
				<timestamp>1748.134379</timestamp>
			</report>
			<report>
				<misses>6035001</misses>
				<total>31</total>
				<timestamp>1748.424120</timestamp>
			</report>
			<report>
				<misses>6036001</misses>
				<total>31</total>
				<timestamp>1748.713819</timestamp>
			</report>
			<report>
				<misses>6037001</misses>
				<total>31</total>
				<timestamp>1749.003588</timestamp>
			</report>
			<report>
				<misses>6038001</misses>
				<total>31</total>
				<timestamp>1749.293322</timestamp>
			</report>
			<report>
				<misses>6039001</misses>
				<total>31</total>
				<timestamp>1749.583036</timestamp>
			</report>
			<report>
				<misses>6040001</misses>
				<total>31</total>
				<timestamp>1749.872671</timestamp>
			</report>
			<report>
				<misses>6041001</misses>
				<total>31</total>
				<timestamp>1750.162462</timestamp>
			</report>
			<report>
				<misses>6042001</misses>
				<total>31</total>
				<timestamp>1750.452144</timestamp>
			</report>
			<report>
				<misses>6043001</misses>
				<total>31</total>
				<timestamp>1750.741915</timestamp>
			</report>
			<report>
				<misses>6044001</misses>
				<total>31</total>
				<timestamp>1751.031654</timestamp>
			</report>
			<report>
				<misses>6045001</misses>
				<total>31</total>
				<timestamp>1751.321273</timestamp>
			</report>
			<report>
				<misses>6046001</misses>
				<total>31</total>
				<timestamp>1751.611017</timestamp>
			</report>
			<report>
				<misses>6047001</misses>
				<total>31</total>
				<timestamp>1751.900745</timestamp>
			</report>
			<report>
				<misses>6048001</misses>
				<total>31</total>
				<timestamp>1752.190321</timestamp>
			</report>
			<report>
				<misses>6049001</misses>
				<total>31</total>
				<timestamp>1752.480085</timestamp>
			</report>
			<report>
				<misses>6050001</misses>
				<total>31</total>
				<timestamp>1752.769772</timestamp>
			</report>
			<report>
				<misses>6051001</misses>
				<total>31</total>
				<timestamp>1753.059470</timestamp>
			</report>
			<report>
				<misses>6052001</misses>
				<total>31</total>
				<timestamp>1753.349196</timestamp>
			</report>
			<report>
				<misses>6053001</misses>
				<total>31</total>
				<timestamp>1753.638892</timestamp>
			</report>
			<report>
				<misses>6054001</misses>
				<total>31</total>
				<timestamp>1753.928716</timestamp>
			</report>
			<report>
				<misses>6055001</misses>
				<total>31</total>
				<timestamp>1754.218328</timestamp>
			</report>
			<report>
				<misses>6056001</misses>
				<total>31</total>
				<timestamp>1754.508013</timestamp>
			</report>
			<report>
				<misses>6057001</misses>
				<total>31</total>
				<timestamp>1754.797784</timestamp>
			</report>
			<report>
				<misses>6058001</misses>
				<total>31</total>
				<timestamp>1755.087546</timestamp>
			</report>
			<report>
				<misses>6059001</misses>
				<total>31</total>
				<timestamp>1755.377182</timestamp>
			</report>
			<report>
				<misses>6060001</misses>
				<total>31</total>
				<timestamp>1755.666973</timestamp>
			</report>
			<report>
				<misses>6061001</misses>
				<total>31</total>
				<timestamp>1755.956597</timestamp>
			</report>
			<report>
				<misses>6062001</misses>
				<total>31</total>
				<timestamp>1756.246257</timestamp>
			</report>
			<report>
				<misses>6063001</misses>
				<total>31</total>
				<timestamp>1756.536011</timestamp>
			</report>
			<report>
				<misses>6064001</misses>
				<total>31</total>
				<timestamp>1756.825699</timestamp>
			</report>
			<report>
				<misses>6065001</misses>
				<total>31</total>
				<timestamp>1757.115495</timestamp>
			</report>
			<report>
				<misses>6066001</misses>
				<total>31</total>
				<timestamp>1757.405230</timestamp>
			</report>
			<report>
				<misses>6067001</misses>
				<total>31</total>
				<timestamp>1757.694854</timestamp>
			</report>
			<report>
				<misses>6068001</misses>
				<total>31</total>
				<timestamp>1757.984568</timestamp>
			</report>
			<report>
				<misses>6069001</misses>
				<total>31</total>
				<timestamp>1758.274321</timestamp>
			</report>
			<report>
				<misses>6070001</misses>
				<total>31</total>
				<timestamp>1758.564007</timestamp>
			</report>
			<report>
				<misses>6071001</misses>
				<total>31</total>
				<timestamp>1758.853652</timestamp>
			</report>
			<report>
				<misses>6072001</misses>
				<total>31</total>
				<timestamp>1759.143351</timestamp>
			</report>
			<report>
				<misses>6073001</misses>
				<total>31</total>
				<timestamp>1759.433112</timestamp>
			</report>
			<report>
				<misses>6074001</misses>
				<total>31</total>
				<timestamp>1759.722884</timestamp>
			</report>
			<report>
				<misses>6075001</misses>
				<total>31</total>
				<timestamp>1760.012504</timestamp>
			</report>
			<report>
				<misses>6076001</misses>
				<total>31</total>
				<timestamp>1760.302189</timestamp>
			</report>
			<report>
				<misses>6077001</misses>
				<total>31</total>
				<timestamp>1760.591969</timestamp>
			</report>
			<report>
				<misses>6078001</misses>
				<total>31</total>
				<timestamp>1760.881635</timestamp>
			</report>
			<report>
				<misses>6079001</misses>
				<total>31</total>
				<timestamp>1761.171323</timestamp>
			</report>
			<report>
				<misses>6080001</misses>
				<total>31</total>
				<timestamp>1761.461066</timestamp>
			</report>
			<report>
				<misses>6081001</misses>
				<total>31</total>
				<timestamp>1761.750773</timestamp>
			</report>
			<report>
				<misses>6082001</misses>
				<total>31</total>
				<timestamp>1762.040479</timestamp>
			</report>
			<report>
				<misses>6083001</misses>
				<total>31</total>
				<timestamp>1762.330182</timestamp>
			</report>
			<report>
				<misses>6084001</misses>
				<total>31</total>
				<timestamp>1762.619907</timestamp>
			</report>
			<report>
				<misses>6085001</misses>
				<total>31</total>
				<timestamp>1762.909605</timestamp>
			</report>
			<report>
				<misses>6086001</misses>
				<total>31</total>
				<timestamp>1763.199285</timestamp>
			</report>
			<report>
				<misses>6087001</misses>
				<total>31</total>
				<timestamp>1763.489009</timestamp>
			</report>
			<report>
				<misses>6088001</misses>
				<total>31</total>
				<timestamp>1763.778760</timestamp>
			</report>
			<report>
				<misses>6089001</misses>
				<total>31</total>
				<timestamp>1764.068433</timestamp>
			</report>
			<report>
				<misses>6090001</misses>
				<total>31</total>
				<timestamp>1764.358137</timestamp>
			</report>
			<report>
				<misses>6091001</misses>
				<total>31</total>
				<timestamp>1764.647878</timestamp>
			</report>
			<report>
				<misses>6092001</misses>
				<total>31</total>
				<timestamp>1764.937559</timestamp>
			</report>
			<report>
				<misses>6093001</misses>
				<total>31</total>
				<timestamp>1765.227283</timestamp>
			</report>
			<report>
				<misses>6094001</misses>
				<total>31</total>
				<timestamp>1765.517109</timestamp>
			</report>
			<report>
				<misses>6095001</misses>
				<total>31</total>
				<timestamp>1765.806737</timestamp>
			</report>
			<report>
				<misses>6096001</misses>
				<total>31</total>
				<timestamp>1766.096470</timestamp>
			</report>
			<report>
				<misses>6097001</misses>
				<total>31</total>
				<timestamp>1766.386224</timestamp>
			</report>
			<report>
				<misses>6098001</misses>
				<total>31</total>
				<timestamp>1766.675868</timestamp>
			</report>
			<report>
				<misses>6099001</misses>
				<total>31</total>
				<timestamp>1766.965589</timestamp>
			</report>
			<report>
				<misses>6100001</misses>
				<total>31</total>
				<timestamp>1767.255326</timestamp>
			</report>
			<report>
				<misses>6101001</misses>
				<total>31</total>
				<timestamp>1767.545024</timestamp>
			</report>
			<report>
				<misses>6102001</misses>
				<total>31</total>
				<timestamp>1767.834689</timestamp>
			</report>
			<report>
				<misses>6103001</misses>
				<total>31</total>
				<timestamp>1768.124453</timestamp>
			</report>
			<report>
				<misses>6104001</misses>
				<total>31</total>
				<timestamp>1768.414200</timestamp>
			</report>
			<report>
				<misses>6105001</misses>
				<total>31</total>
				<timestamp>1768.703836</timestamp>
			</report>
			<report>
				<misses>6106001</misses>
				<total>31</total>
				<timestamp>1768.993612</timestamp>
			</report>
			<report>
				<misses>6107001</misses>
				<total>31</total>
				<timestamp>1769.283279</timestamp>
			</report>
			<report>
				<misses>6108001</misses>
				<total>31</total>
				<timestamp>1769.572947</timestamp>
			</report>
			<report>
				<misses>6109001</misses>
				<total>31</total>
				<timestamp>1769.862695</timestamp>
			</report>
			<report>
				<misses>6110001</misses>
				<total>31</total>
				<timestamp>1770.152361</timestamp>
			</report>
			<report>
				<misses>6111001</misses>
				<total>31</total>
				<timestamp>1770.442067</timestamp>
			</report>
			<report>
				<misses>6112001</misses>
				<total>31</total>
				<timestamp>1770.731787</timestamp>
			</report>
			<report>
				<misses>6113001</misses>
				<total>31</total>
				<timestamp>1771.021488</timestamp>
			</report>
			<report>
				<misses>6114001</misses>
				<total>31</total>
				<timestamp>1771.311215</timestamp>
			</report>
			<report>
				<misses>6115001</misses>
				<total>31</total>
				<timestamp>1771.601030</timestamp>
			</report>
			<report>
				<misses>6116001</misses>
				<total>31</total>
				<timestamp>1771.890620</timestamp>
			</report>
			<report>
				<misses>6117001</misses>
				<total>31</total>
				<timestamp>1772.180443</timestamp>
			</report>
			<report>
				<misses>6118001</misses>
				<total>31</total>
				<timestamp>1772.470031</timestamp>
			</report>
			<report>
				<misses>6119001</misses>
				<total>31</total>
				<timestamp>1772.759783</timestamp>
			</report>
			<report>
				<misses>6120001</misses>
				<total>31</total>
				<timestamp>1773.049448</timestamp>
			</report>
			<report>
				<misses>6121001</misses>
				<total>31</total>
				<timestamp>1773.339185</timestamp>
			</report>
			<report>
				<misses>6122001</misses>
				<total>31</total>
				<timestamp>1773.628875</timestamp>
			</report>
			<report>
				<misses>6123001</misses>
				<total>31</total>
				<timestamp>1773.918616</timestamp>
			</report>
			<report>
				<misses>6124001</misses>
				<total>31</total>
				<timestamp>1774.208292</timestamp>
			</report>
			<report>
				<misses>6125001</misses>
				<total>31</total>
				<timestamp>1774.498003</timestamp>
			</report>
			<report>
				<misses>6126001</misses>
				<total>31</total>
				<timestamp>1774.787730</timestamp>
			</report>
			<report>
				<misses>6127001</misses>
				<total>31</total>
				<timestamp>1775.077436</timestamp>
			</report>
			<report>
				<misses>6128001</misses>
				<total>31</total>
				<timestamp>1775.367128</timestamp>
			</report>
			<report>
				<misses>6129001</misses>
				<total>31</total>
				<timestamp>1775.656910</timestamp>
			</report>
			<report>
				<misses>6130001</misses>
				<total>32</total>
				<timestamp>1775.946569</timestamp>
			</report>
			<report>
				<misses>6131001</misses>
				<total>32</total>
				<timestamp>1776.236327</timestamp>
			</report>
			<report>
				<misses>6132001</misses>
				<total>32</total>
				<timestamp>1776.525962</timestamp>
			</report>
			<report>
				<misses>6133001</misses>
				<total>32</total>
				<timestamp>1776.815731</timestamp>
			</report>
			<report>
				<misses>6134001</misses>
				<total>32</total>
				<timestamp>1777.105475</timestamp>
			</report>
			<report>
				<misses>6135001</misses>
				<total>32</total>
				<timestamp>1777.395112</timestamp>
			</report>
			<report>
				<misses>6136001</misses>
				<total>32</total>
				<timestamp>1777.684821</timestamp>
			</report>
			<report>
				<misses>6137001</misses>
				<total>32</total>
				<timestamp>1777.974567</timestamp>
			</report>
			<report>
				<misses>6138001</misses>
				<total>32</total>
				<timestamp>1778.264259</timestamp>
			</report>
			<report>
				<misses>6139001</misses>
				<total>32</total>
				<timestamp>1778.553938</timestamp>
			</report>
			<report>
				<misses>6140001</misses>
				<total>32</total>
				<timestamp>1778.843658</timestamp>
			</report>
			<report>
				<misses>6141001</misses>
				<total>32</total>
				<timestamp>1779.133394</timestamp>
			</report>
			<report>
				<misses>6142001</misses>
				<total>32</total>
				<timestamp>1779.423087</timestamp>
			</report>
			<report>
				<misses>6143001</misses>
				<total>32</total>
				<timestamp>1779.712827</timestamp>
			</report>
			<report>
				<misses>6144001</misses>
				<total>32</total>
				<timestamp>1780.002515</timestamp>
			</report>
			<report>
				<misses>6145001</misses>
				<total>32</total>
				<timestamp>1780.292320</timestamp>
			</report>
			<report>
				<misses>6146001</misses>
				<total>32</total>
				<timestamp>1780.581917</timestamp>
			</report>
			<report>
				<misses>6147001</misses>
				<total>32</total>
				<timestamp>1780.871655</timestamp>
			</report>
			<report>
				<misses>6148001</misses>
				<total>32</total>
				<timestamp>1781.161339</timestamp>
			</report>
			<report>
				<misses>6149001</misses>
				<total>32</total>
				<timestamp>1781.451023</timestamp>
			</report>
			<report>
				<misses>6150001</misses>
				<total>32</total>
				<timestamp>1781.740754</timestamp>
			</report>
			<report>
				<misses>6151001</misses>
				<total>32</total>
				<timestamp>1782.030439</timestamp>
			</report>
			<report>
				<misses>6152001</misses>
				<total>32</total>
				<timestamp>1782.320189</timestamp>
			</report>
			<report>
				<misses>6153001</misses>
				<total>32</total>
				<timestamp>1782.609915</timestamp>
			</report>
			<report>
				<misses>6154001</misses>
				<total>32</total>
				<timestamp>1782.899612</timestamp>
			</report>
			<report>
				<misses>6155001</misses>
				<total>32</total>
				<timestamp>1783.189320</timestamp>
			</report>
			<report>
				<misses>6156001</misses>
				<total>32</total>
				<timestamp>1783.479002</timestamp>
			</report>
			<report>
				<misses>6157001</misses>
				<total>32</total>
				<timestamp>1783.768755</timestamp>
			</report>
			<report>
				<misses>6158001</misses>
				<total>32</total>
				<timestamp>1784.058417</timestamp>
			</report>
			<report>
				<misses>6159001</misses>
				<total>32</total>
				<timestamp>1784.348129</timestamp>
			</report>
			<report>
				<misses>6160001</misses>
				<total>32</total>
				<timestamp>1784.637838</timestamp>
			</report>
			<report>
				<misses>6161001</misses>
				<total>32</total>
				<timestamp>1784.927559</timestamp>
			</report>
			<report>
				<misses>6162001</misses>
				<total>32</total>
				<timestamp>1785.217285</timestamp>
			</report>
			<report>
				<misses>6163001</misses>
				<total>32</total>
				<timestamp>1785.506992</timestamp>
			</report>
			<report>
				<misses>6164001</misses>
				<total>32</total>
				<timestamp>1785.796693</timestamp>
			</report>
			<report>
				<misses>6165001</misses>
				<total>32</total>
				<timestamp>1786.086388</timestamp>
			</report>
			<report>
				<misses>6166001</misses>
				<total>32</total>
				<timestamp>1786.376095</timestamp>
			</report>
			<report>
				<misses>6167001</misses>
				<total>32</total>
				<timestamp>1786.665832</timestamp>
			</report>
			<report>
				<misses>6168001</misses>
				<total>32</total>
				<timestamp>1786.955534</timestamp>
			</report>
			<report>
				<misses>6169001</misses>
				<total>32</total>
				<timestamp>1787.245223</timestamp>
			</report>
			<report>
				<misses>6170001</misses>
				<total>32</total>
				<timestamp>1787.534951</timestamp>
			</report>
			<report>
				<misses>6171001</misses>
				<total>32</total>
				<timestamp>1787.824672</timestamp>
			</report>
			<report>
				<misses>6172001</misses>
				<total>32</total>
				<timestamp>1788.114345</timestamp>
			</report>
			<report>
				<misses>6173001</misses>
				<total>32</total>
				<timestamp>1788.404067</timestamp>
			</report>
			<report>
				<misses>6174001</misses>
				<total>32</total>
				<timestamp>1788.693796</timestamp>
			</report>
			<report>
				<misses>6175001</misses>
				<total>32</total>
				<timestamp>1788.983490</timestamp>
			</report>
			<report>
				<misses>6176001</misses>
				<total>32</total>
				<timestamp>1789.273206</timestamp>
			</report>
			<report>
				<misses>6177001</misses>
				<total>32</total>
				<timestamp>1789.562913</timestamp>
			</report>
			<report>
				<misses>6178001</misses>
				<total>32</total>
				<timestamp>1789.852666</timestamp>
			</report>
			<report>
				<misses>6179001</misses>
				<total>32</total>
				<timestamp>1790.142376</timestamp>
			</report>
			<report>
				<misses>6180001</misses>
				<total>32</total>
				<timestamp>1790.432071</timestamp>
			</report>
			<report>
				<misses>6181001</misses>
				<total>32</total>
				<timestamp>1790.721785</timestamp>
			</report>
			<report>
				<misses>6182001</misses>
				<total>32</total>
				<timestamp>1791.011470</timestamp>
			</report>
			<report>
				<misses>6183001</misses>
				<total>32</total>
				<timestamp>1791.301160</timestamp>
			</report>
			<report>
				<misses>6184001</misses>
				<total>32</total>
				<timestamp>1791.590905</timestamp>
			</report>
			<report>
				<misses>6185001</misses>
				<total>32</total>
				<timestamp>1791.880626</timestamp>
			</report>
			<report>
				<misses>6186001</misses>
				<total>32</total>
				<timestamp>1792.170312</timestamp>
			</report>
			<report>
				<misses>6187001</misses>
				<total>32</total>
				<timestamp>1792.460022</timestamp>
			</report>
			<report>
				<misses>6188001</misses>
				<total>32</total>
				<timestamp>1792.749744</timestamp>
			</report>
			<report>
				<misses>6189001</misses>
				<total>32</total>
				<timestamp>1793.039434</timestamp>
			</report>
			<report>
				<misses>6190001</misses>
				<total>32</total>
				<timestamp>1793.329151</timestamp>
			</report>
			<report>
				<misses>6191001</misses>
				<total>32</total>
				<timestamp>1793.618957</timestamp>
			</report>
			<report>
				<misses>6192001</misses>
				<total>32</total>
				<timestamp>1793.908715</timestamp>
			</report>
			<report>
				<misses>6193001</misses>
				<total>32</total>
				<timestamp>1794.198318</timestamp>
			</report>
			<report>
				<misses>6194001</misses>
				<total>32</total>
				<timestamp>1794.488042</timestamp>
			</report>
			<report>
				<misses>6195001</misses>
				<total>32</total>
				<timestamp>1794.777732</timestamp>
			</report>
			<report>
				<misses>6196001</misses>
				<total>32</total>
				<timestamp>1795.067433</timestamp>
			</report>
			<report>
				<misses>6197001</misses>
				<total>32</total>
				<timestamp>1795.357214</timestamp>
			</report>
			<report>
				<misses>6198001</misses>
				<total>32</total>
				<timestamp>1795.646929</timestamp>
			</report>
			<report>
				<misses>6199001</misses>
				<total>32</total>
				<timestamp>1795.936629</timestamp>
			</report>
			<report>
				<misses>6200001</misses>
				<total>32</total>
				<timestamp>1796.226350</timestamp>
			</report>
			<report>
				<misses>6201001</misses>
				<total>32</total>
				<timestamp>1796.515986</timestamp>
			</report>
			<report>
				<misses>6202001</misses>
				<total>32</total>
				<timestamp>1796.805703</timestamp>
			</report>
			<report>
				<misses>6203001</misses>
				<total>32</total>
				<timestamp>1797.095451</timestamp>
			</report>
			<report>
				<misses>6204001</misses>
				<total>32</total>
				<timestamp>1797.385092</timestamp>
			</report>
			<report>
				<misses>6205001</misses>
				<total>32</total>
				<timestamp>1797.674806</timestamp>
			</report>
			<report>
				<misses>6206001</misses>
				<total>32</total>
				<timestamp>1797.964501</timestamp>
			</report>
			<report>
				<misses>6207001</misses>
				<total>32</total>
				<timestamp>1798.254216</timestamp>
			</report>
			<report>
				<misses>6208001</misses>
				<total>32</total>
				<timestamp>1798.543923</timestamp>
			</report>
			<report>
				<misses>6209001</misses>
				<total>32</total>
				<timestamp>1798.833691</timestamp>
			</report>
			<report>
				<misses>6210001</misses>
				<total>32</total>
				<timestamp>1799.123363</timestamp>
			</report>
			<report>
				<misses>6211001</misses>
				<total>32</total>
				<timestamp>1799.413060</timestamp>
			</report>
			<report>
				<misses>6212001</misses>
				<total>32</total>
				<timestamp>1799.702763</timestamp>
			</report>
			<report>
				<misses>6213001</misses>
				<total>32</total>
				<timestamp>1799.992492</timestamp>
			</report>
			<report>
				<misses>6214001</misses>
				<total>32</total>
				<timestamp>1800.282186</timestamp>
			</report>
			<report>
				<misses>6215001</misses>
				<total>32</total>
				<timestamp>1800.571904</timestamp>
			</report>
			<report>
				<misses>6216001</misses>
				<total>32</total>
				<timestamp>1800.861678</timestamp>
			</report>
			<report>
				<misses>6217001</misses>
				<total>32</total>
				<timestamp>1801.151307</timestamp>
			</report>
			<report>
				<misses>6218001</misses>
				<total>32</total>
				<timestamp>1801.441018</timestamp>
			</report>
			<report>
				<misses>6219001</misses>
				<total>32</total>
				<timestamp>1801.730735</timestamp>
			</report>
			<report>
				<misses>6220001</misses>
				<total>32</total>
				<timestamp>1802.020454</timestamp>
			</report>
			<report>
				<misses>6221001</misses>
				<total>32</total>
				<timestamp>1802.310143</timestamp>
			</report>
			<report>
				<misses>6222001</misses>
				<total>32</total>
				<timestamp>1802.599863</timestamp>
			</report>
			<report>
				<misses>6223001</misses>
				<total>32</total>
				<timestamp>1802.889601</timestamp>
			</report>
			<report>
				<misses>6224001</misses>
				<total>32</total>
				<timestamp>1803.179292</timestamp>
			</report>
			<report>
				<misses>6225001</misses>
				<total>32</total>
				<timestamp>1803.469029</timestamp>
			</report>
			<report>
				<misses>6226001</misses>
				<total>32</total>
				<timestamp>1803.758726</timestamp>
			</report>
			<report>
				<misses>6227001</misses>
				<total>32</total>
				<timestamp>1804.048408</timestamp>
			</report>
			<report>
				<misses>6228001</misses>
				<total>32</total>
				<timestamp>1804.338130</timestamp>
			</report>
			<report>
				<misses>6229001</misses>
				<total>32</total>
				<timestamp>1804.627837</timestamp>
			</report>
			<report>
				<misses>6230001</misses>
				<total>32</total>
				<timestamp>1804.917553</timestamp>
			</report>
			<report>
				<misses>6231001</misses>
				<total>32</total>
				<timestamp>1805.207286</timestamp>
			</report>
			<report>
				<misses>6232001</misses>
				<total>32</total>
				<timestamp>1805.496974</timestamp>
			</report>
			<report>
				<misses>6233001</misses>
				<total>32</total>
				<timestamp>1805.786695</timestamp>
			</report>
			<report>
				<misses>6234001</misses>
				<total>32</total>
				<timestamp>1806.076390</timestamp>
			</report>
			<report>
				<misses>6235001</misses>
				<total>32</total>
				<timestamp>1806.366114</timestamp>
			</report>
			<report>
				<misses>6236001</misses>
				<total>32</total>
				<timestamp>1806.655842</timestamp>
			</report>
			<report>
				<misses>6237001</misses>
				<total>32</total>
				<timestamp>1806.945528</timestamp>
			</report>
			<report>
				<misses>6238001</misses>
				<total>32</total>
				<timestamp>1807.235219</timestamp>
			</report>
			<report>
				<misses>6239001</misses>
				<total>32</total>
				<timestamp>1807.524935</timestamp>
			</report>
			<report>
				<misses>6240001</misses>
				<total>32</total>
				<timestamp>1807.814665</timestamp>
			</report>
			<report>
				<misses>6241001</misses>
				<total>32</total>
				<timestamp>1808.104364</timestamp>
			</report>
			<report>
				<misses>6242001</misses>
				<total>32</total>
				<timestamp>1808.394073</timestamp>
			</report>
			<report>
				<misses>6243001</misses>
				<total>32</total>
				<timestamp>1808.683773</timestamp>
			</report>
			<report>
				<misses>6244001</misses>
				<total>32</total>
				<timestamp>1808.973584</timestamp>
			</report>
			<report>
				<misses>6245001</misses>
				<total>32</total>
				<timestamp>1809.263204</timestamp>
			</report>
			<report>
				<misses>6246001</misses>
				<total>32</total>
				<timestamp>1809.552907</timestamp>
			</report>
			<report>
				<misses>6247001</misses>
				<total>32</total>
				<timestamp>1809.842655</timestamp>
			</report>
			<report>
				<misses>6248001</misses>
				<total>32</total>
				<timestamp>1810.132328</timestamp>
			</report>
			<report>
				<misses>6249001</misses>
				<total>32</total>
				<timestamp>1810.422054</timestamp>
			</report>
			<report>
				<misses>6250001</misses>
				<total>32</total>
				<timestamp>1810.711781</timestamp>
			</report>
			<report>
				<misses>6251001</misses>
				<total>32</total>
				<timestamp>1811.001515</timestamp>
			</report>
			<report>
				<misses>6252001</misses>
				<total>32</total>
				<timestamp>1811.291179</timestamp>
			</report>
			<report>
				<misses>6253001</misses>
				<total>32</total>
				<timestamp>1811.580884</timestamp>
			</report>
			<report>
				<misses>6254001</misses>
				<total>32</total>
				<timestamp>1811.870621</timestamp>
			</report>
			<report>
				<misses>6255001</misses>
				<total>32</total>
				<timestamp>1812.160302</timestamp>
			</report>
			<report>
				<misses>6256001</misses>
				<total>32</total>
				<timestamp>1812.449995</timestamp>
			</report>
			<report>
				<misses>6257001</misses>
				<total>32</total>
				<timestamp>1812.739730</timestamp>
			</report>
			<report>
				<misses>6258001</misses>
				<total>32</total>
				<timestamp>1813.029451</timestamp>
			</report>
			<report>
				<misses>6259001</misses>
				<total>32</total>
				<timestamp>1813.319124</timestamp>
			</report>
			<report>
				<misses>6260001</misses>
				<total>32</total>
				<timestamp>1813.608842</timestamp>
			</report>
			<report>
				<misses>6261001</misses>
				<total>32</total>
				<timestamp>1813.898541</timestamp>
			</report>
			<report>
				<misses>6262001</misses>
				<total>32</total>
				<timestamp>1814.188264</timestamp>
			</report>
			<report>
				<misses>6263001</misses>
				<total>32</total>
				<timestamp>1814.478007</timestamp>
			</report>
			<report>
				<misses>6264001</misses>
				<total>32</total>
				<timestamp>1814.767703</timestamp>
			</report>
			<report>
				<misses>6265001</misses>
				<total>32</total>
				<timestamp>1815.057446</timestamp>
			</report>
			<report>
				<misses>6266001</misses>
				<total>32</total>
				<timestamp>1815.347104</timestamp>
			</report>
			<report>
				<misses>6267001</misses>
				<total>32</total>
				<timestamp>1815.636842</timestamp>
			</report>
			<report>
				<misses>6268001</misses>
				<total>32</total>
				<timestamp>1815.926540</timestamp>
			</report>
			<report>
				<misses>6269001</misses>
				<total>32</total>
				<timestamp>1816.216257</timestamp>
			</report>
			<report>
				<misses>6270001</misses>
				<total>32</total>
				<timestamp>1816.505967</timestamp>
			</report>
			<report>
				<misses>6271001</misses>
				<total>32</total>
				<timestamp>1816.795653</timestamp>
			</report>
			<report>
				<misses>6272001</misses>
				<total>32</total>
				<timestamp>1817.085464</timestamp>
			</report>
			<report>
				<misses>6273001</misses>
				<total>32</total>
				<timestamp>1817.375083</timestamp>
			</report>
			<report>
				<misses>6274001</misses>
				<total>32</total>
				<timestamp>1817.664916</timestamp>
			</report>
			<report>
				<misses>6275001</misses>
				<total>32</total>
				<timestamp>1817.954523</timestamp>
			</report>
			<report>
				<misses>6276001</misses>
				<total>32</total>
				<timestamp>1818.244202</timestamp>
			</report>
			<report>
				<misses>6277001</misses>
				<total>32</total>
				<timestamp>1818.534036</timestamp>
			</report>
			<report>
				<misses>6278001</misses>
				<total>32</total>
				<timestamp>1818.823733</timestamp>
			</report>
			<report>
				<misses>6279001</misses>
				<total>32</total>
				<timestamp>1819.113444</timestamp>
			</report>
			<report>
				<misses>6280001</misses>
				<total>32</total>
				<timestamp>1819.403110</timestamp>
			</report>
			<report>
				<misses>6281001</misses>
				<total>32</total>
				<timestamp>1819.692874</timestamp>
			</report>
			<report>
				<misses>6282001</misses>
				<total>32</total>
				<timestamp>1819.982457</timestamp>
			</report>
			<report>
				<misses>6283001</misses>
				<total>32</total>
				<timestamp>1820.272239</timestamp>
			</report>
			<report>
				<misses>6284001</misses>
				<total>32</total>
				<timestamp>1820.562002</timestamp>
			</report>
			<report>
				<misses>6285001</misses>
				<total>32</total>
				<timestamp>1820.851633</timestamp>
			</report>
			<report>
				<misses>6286001</misses>
				<total>32</total>
				<timestamp>1821.141375</timestamp>
			</report>
			<report>
				<misses>6287001</misses>
				<total>32</total>
				<timestamp>1821.431139</timestamp>
			</report>
			<report>
				<misses>6288001</misses>
				<total>32</total>
				<timestamp>1821.720723</timestamp>
			</report>
			<report>
				<misses>6289001</misses>
				<total>32</total>
				<timestamp>1822.010447</timestamp>
			</report>
			<report>
				<misses>6290001</misses>
				<total>32</total>
				<timestamp>1822.300144</timestamp>
			</report>
			<report>
				<misses>6291001</misses>
				<total>32</total>
				<timestamp>1822.589860</timestamp>
			</report>
			<report>
				<misses>6292001</misses>
				<total>32</total>
				<timestamp>1822.879572</timestamp>
			</report>
			<report>
				<misses>6293001</misses>
				<total>32</total>
				<timestamp>1823.169269</timestamp>
			</report>
			<report>
				<misses>6294001</misses>
				<total>32</total>
				<timestamp>1823.458998</timestamp>
			</report>
			<report>
				<misses>6295001</misses>
				<total>32</total>
				<timestamp>1823.748733</timestamp>
			</report>
			<report>
				<misses>6296001</misses>
				<total>32</total>
				<timestamp>1824.038443</timestamp>
			</report>
			<report>
				<misses>6297001</misses>
				<total>32</total>
				<timestamp>1824.328119</timestamp>
			</report>
			<report>
				<misses>6298001</misses>
				<total>32</total>
				<timestamp>1824.617826</timestamp>
			</report>
			<report>
				<misses>6299001</misses>
				<total>32</total>
				<timestamp>1824.907548</timestamp>
			</report>
			<report>
				<misses>6300001</misses>
				<total>32</total>
				<timestamp>1825.197228</timestamp>
			</report>
			<report>
				<misses>6301001</misses>
				<total>32</total>
				<timestamp>1825.486968</timestamp>
			</report>
			<report>
				<misses>6302001</misses>
				<total>32</total>
				<timestamp>1825.776683</timestamp>
			</report>
			<report>
				<misses>6303001</misses>
				<total>32</total>
				<timestamp>1826.066417</timestamp>
			</report>
			<report>
				<misses>6304001</misses>
				<total>32</total>
				<timestamp>1826.356076</timestamp>
			</report>
			<report>
				<misses>6305001</misses>
				<total>32</total>
				<timestamp>1826.645791</timestamp>
			</report>
			<report>
				<misses>6306001</misses>
				<total>32</total>
				<timestamp>1826.935549</timestamp>
			</report>
			<report>
				<misses>6307001</misses>
				<total>32</total>
				<timestamp>1827.225209</timestamp>
			</report>
			<report>
				<misses>6308001</misses>
				<total>32</total>
				<timestamp>1827.514942</timestamp>
			</report>
			<report>
				<misses>6309001</misses>
				<total>32</total>
				<timestamp>1827.804642</timestamp>
			</report>
			<report>
				<misses>6310001</misses>
				<total>32</total>
				<timestamp>1828.094393</timestamp>
			</report>
			<report>
				<misses>6311001</misses>
				<total>32</total>
				<timestamp>1828.384056</timestamp>
			</report>
			<report>
				<misses>6312001</misses>
				<total>32</total>
				<timestamp>1828.673766</timestamp>
			</report>
			<report>
				<misses>6313001</misses>
				<total>32</total>
				<timestamp>1828.963491</timestamp>
			</report>
			<report>
				<misses>6314001</misses>
				<total>32</total>
				<timestamp>1829.253186</timestamp>
			</report>
			<report>
				<misses>6315001</misses>
				<total>32</total>
				<timestamp>1829.542904</timestamp>
			</report>
			<report>
				<misses>6316001</misses>
				<total>32</total>
				<timestamp>1829.832646</timestamp>
			</report>
			<report>
				<misses>6317001</misses>
				<total>32</total>
				<timestamp>1830.122321</timestamp>
			</report>
			<report>
				<misses>6318001</misses>
				<total>32</total>
				<timestamp>1830.412040</timestamp>
			</report>
			<report>
				<misses>6319001</misses>
				<total>32</total>
				<timestamp>1830.701753</timestamp>
			</report>
			<report>
				<misses>6320001</misses>
				<total>32</total>
				<timestamp>1830.991449</timestamp>
			</report>
			<report>
				<misses>6321001</misses>
				<total>32</total>
				<timestamp>1831.281154</timestamp>
			</report>
			<report>
				<misses>6322001</misses>
				<total>32</total>
				<timestamp>1831.570875</timestamp>
			</report>
			<report>
				<misses>6323001</misses>
				<total>32</total>
				<timestamp>1831.860571</timestamp>
			</report>
			<report>
				<misses>6324001</misses>
				<total>32</total>
				<timestamp>1832.150314</timestamp>
			</report>
			<report>
				<misses>6325001</misses>
				<total>32</total>
				<timestamp>1832.440107</timestamp>
			</report>
			<report>
				<misses>6326001</misses>
				<total>32</total>
				<timestamp>1832.729779</timestamp>
			</report>
			<report>
				<misses>6327001</misses>
				<total>32</total>
				<timestamp>1833.019470</timestamp>
			</report>
			<report>
				<misses>6328001</misses>
				<total>32</total>
				<timestamp>1833.309173</timestamp>
			</report>
			<report>
				<misses>6329001</misses>
				<total>32</total>
				<timestamp>1833.598985</timestamp>
			</report>
			<report>
				<misses>6330001</misses>
				<total>32</total>
				<timestamp>1833.888586</timestamp>
			</report>
			<report>
				<misses>6331001</misses>
				<total>32</total>
				<timestamp>1834.178358</timestamp>
			</report>
			<report>
				<misses>6332001</misses>
				<total>32</total>
				<timestamp>1834.467995</timestamp>
			</report>
			<report>
				<misses>6333001</misses>
				<total>32</total>
				<timestamp>1834.757762</timestamp>
			</report>
			<report>
				<misses>6334001</misses>
				<total>32</total>
				<timestamp>1835.047525</timestamp>
			</report>
			<report>
				<misses>6335001</misses>
				<total>32</total>
				<timestamp>1835.337128</timestamp>
			</report>
			<report>
				<misses>6336001</misses>
				<total>32</total>
				<timestamp>1835.626832</timestamp>
			</report>
			<report>
				<misses>6337001</misses>
				<total>32</total>
				<timestamp>1835.916597</timestamp>
			</report>
			<report>
				<misses>6338001</misses>
				<total>32</total>
				<timestamp>1836.206274</timestamp>
			</report>
			<report>
				<misses>6339001</misses>
				<total>32</total>
				<timestamp>1836.495986</timestamp>
			</report>
			<report>
				<misses>6340001</misses>
				<total>32</total>
				<timestamp>1836.785729</timestamp>
			</report>
			<report>
				<misses>6341001</misses>
				<total>32</total>
				<timestamp>1837.075358</timestamp>
			</report>
			<report>
				<misses>6342001</misses>
				<total>32</total>
				<timestamp>1837.365152</timestamp>
			</report>
			<report>
				<misses>6343001</misses>
				<total>32</total>
				<timestamp>1837.654888</timestamp>
			</report>
			<report>
				<misses>6344001</misses>
				<total>32</total>
				<timestamp>1837.944518</timestamp>
			</report>
			<report>
				<misses>6345001</misses>
				<total>32</total>
				<timestamp>1838.234276</timestamp>
			</report>
			<report>
				<misses>6346001</misses>
				<total>32</total>
				<timestamp>1838.523910</timestamp>
			</report>
			<report>
				<misses>6347001</misses>
				<total>32</total>
				<timestamp>1838.813629</timestamp>
			</report>
			<report>
				<misses>6348001</misses>
				<total>32</total>
				<timestamp>1839.103344</timestamp>
			</report>
			<report>
				<misses>6349001</misses>
				<total>32</total>
				<timestamp>1839.393023</timestamp>
			</report>
			<report>
				<misses>6350001</misses>
				<total>32</total>
				<timestamp>1839.682733</timestamp>
			</report>
			<report>
				<misses>6351001</misses>
				<total>32</total>
				<timestamp>1839.972472</timestamp>
			</report>
			<report>
				<misses>6352001</misses>
				<total>32</total>
				<timestamp>1840.262178</timestamp>
			</report>
			<report>
				<misses>6353001</misses>
				<total>32</total>
				<timestamp>1840.551860</timestamp>
			</report>
			<report>
				<misses>6354001</misses>
				<total>32</total>
				<timestamp>1840.841612</timestamp>
			</report>
			<report>
				<misses>6355001</misses>
				<total>32</total>
				<timestamp>1841.131334</timestamp>
			</report>
			<report>
				<misses>6356001</misses>
				<total>32</total>
				<timestamp>1841.421017</timestamp>
			</report>
			<report>
				<misses>6357001</misses>
				<total>32</total>
				<timestamp>1841.710710</timestamp>
			</report>
			<report>
				<misses>6358001</misses>
				<total>32</total>
				<timestamp>1842.000444</timestamp>
			</report>
			<report>
				<misses>6359001</misses>
				<total>32</total>
				<timestamp>1842.290123</timestamp>
			</report>
			<report>
				<misses>6360001</misses>
				<total>32</total>
				<timestamp>1842.579842</timestamp>
			</report>
			<report>
				<misses>6361001</misses>
				<total>32</total>
				<timestamp>1842.869562</timestamp>
			</report>
			<report>
				<misses>6362001</misses>
				<total>32</total>
				<timestamp>1843.159250</timestamp>
			</report>
			<report>
				<misses>6363001</misses>
				<total>32</total>
				<timestamp>1843.448973</timestamp>
			</report>
			<report>
				<misses>6364001</misses>
				<total>32</total>
				<timestamp>1843.738688</timestamp>
			</report>
			<report>
				<misses>6365001</misses>
				<total>32</total>
				<timestamp>1844.028419</timestamp>
			</report>
			<report>
				<misses>6366001</misses>
				<total>32</total>
				<timestamp>1844.318099</timestamp>
			</report>
			<report>
				<misses>6367001</misses>
				<total>32</total>
				<timestamp>1844.607813</timestamp>
			</report>
			<report>
				<misses>6368001</misses>
				<total>32</total>
				<timestamp>1844.897522</timestamp>
			</report>
			<report>
				<misses>6369001</misses>
				<total>32</total>
				<timestamp>1845.187277</timestamp>
			</report>
			<report>
				<misses>6370001</misses>
				<total>32</total>
				<timestamp>1845.476943</timestamp>
			</report>
			<report>
				<misses>6371001</misses>
				<total>32</total>
				<timestamp>1845.766675</timestamp>
			</report>
			<report>
				<misses>6372001</misses>
				<total>32</total>
				<timestamp>1846.056364</timestamp>
			</report>
			<report>
				<misses>6373001</misses>
				<total>32</total>
				<timestamp>1846.346073</timestamp>
			</report>
			<report>
				<misses>6374001</misses>
				<total>32</total>
				<timestamp>1846.635783</timestamp>
			</report>
			<report>
				<misses>6375001</misses>
				<total>32</total>
				<timestamp>1846.925505</timestamp>
			</report>
			<report>
				<misses>6376001</misses>
				<total>32</total>
				<timestamp>1847.215237</timestamp>
			</report>
			<report>
				<misses>6377001</misses>
				<total>32</total>
				<timestamp>1847.504909</timestamp>
			</report>
			<report>
				<misses>6378001</misses>
				<total>32</total>
				<timestamp>1847.794620</timestamp>
			</report>
			<report>
				<misses>6379001</misses>
				<total>32</total>
				<timestamp>1848.084375</timestamp>
			</report>
			<report>
				<misses>6380001</misses>
				<total>32</total>
				<timestamp>1848.374041</timestamp>
			</report>
			<report>
				<misses>6381001</misses>
				<total>32</total>
				<timestamp>1848.663781</timestamp>
			</report>
			<report>
				<misses>6382001</misses>
				<total>32</total>
				<timestamp>1848.953462</timestamp>
			</report>
			<report>
				<misses>6383001</misses>
				<total>32</total>
				<timestamp>1849.243172</timestamp>
			</report>
			<report>
				<misses>6384001</misses>
				<total>32</total>
				<timestamp>1849.532884</timestamp>
			</report>
			<report>
				<misses>6385001</misses>
				<total>32</total>
				<timestamp>1849.822613</timestamp>
			</report>
			<report>
				<misses>6386001</misses>
				<total>32</total>
				<timestamp>1850.112309</timestamp>
			</report>
			<report>
				<misses>6387001</misses>
				<total>32</total>
				<timestamp>1850.402011</timestamp>
			</report>
			<report>
				<misses>6388001</misses>
				<total>32</total>
				<timestamp>1850.691734</timestamp>
			</report>
			<report>
				<misses>6389001</misses>
				<total>32</total>
				<timestamp>1850.981433</timestamp>
			</report>
			<report>
				<misses>6390001</misses>
				<total>32</total>
				<timestamp>1851.271141</timestamp>
			</report>
			<report>
				<misses>6391001</misses>
				<total>32</total>
				<timestamp>1851.560863</timestamp>
			</report>
			<report>
				<misses>6392001</misses>
				<total>32</total>
				<timestamp>1851.850601</timestamp>
			</report>
			<report>
				<misses>6393001</misses>
				<total>32</total>
				<timestamp>1852.140307</timestamp>
			</report>
			<report>
				<misses>6394001</misses>
				<total>32</total>
				<timestamp>1852.429994</timestamp>
			</report>
			<report>
				<misses>6395001</misses>
				<total>32</total>
				<timestamp>1852.719708</timestamp>
			</report>
			<report>
				<misses>6396001</misses>
				<total>32</total>
				<timestamp>1853.009424</timestamp>
			</report>
			<report>
				<misses>6397001</misses>
				<total>32</total>
				<timestamp>1853.299115</timestamp>
			</report>
			<report>
				<misses>6398001</misses>
				<total>32</total>
				<timestamp>1853.588808</timestamp>
			</report>
			<report>
				<misses>6399001</misses>
				<total>32</total>
				<timestamp>1853.878580</timestamp>
			</report>
			<report>
				<misses>6400001</misses>
				<total>32</total>
				<timestamp>1854.168256</timestamp>
			</report>
			<report>
				<misses>6401001</misses>
				<total>32</total>
				<timestamp>1854.457965</timestamp>
			</report>
			<report>
				<misses>6402001</misses>
				<total>32</total>
				<timestamp>1854.747650</timestamp>
			</report>
			<report>
				<misses>6403001</misses>
				<total>32</total>
				<timestamp>1855.037386</timestamp>
			</report>
			<report>
				<misses>6404001</misses>
				<total>32</total>
				<timestamp>1855.327083</timestamp>
			</report>
			<report>
				<misses>6405001</misses>
				<total>32</total>
				<timestamp>1855.616840</timestamp>
			</report>
			<report>
				<misses>6406001</misses>
				<total>32</total>
				<timestamp>1855.906513</timestamp>
			</report>
			<report>
				<misses>6407001</misses>
				<total>32</total>
				<timestamp>1856.196264</timestamp>
			</report>
			<report>
				<misses>6408001</misses>
				<total>32</total>
				<timestamp>1856.485921</timestamp>
			</report>
			<report>
				<misses>6409001</misses>
				<total>32</total>
				<timestamp>1856.775633</timestamp>
			</report>
			<report>
				<misses>6410001</misses>
				<total>32</total>
				<timestamp>1857.065360</timestamp>
			</report>
			<report>
				<misses>6411001</misses>
				<total>32</total>
				<timestamp>1857.355096</timestamp>
			</report>
			<report>
				<misses>6412001</misses>
				<total>32</total>
				<timestamp>1857.644785</timestamp>
			</report>
			<report>
				<misses>6413001</misses>
				<total>32</total>
				<timestamp>1857.934460</timestamp>
			</report>
			<report>
				<misses>6414001</misses>
				<total>32</total>
				<timestamp>1858.224369</timestamp>
			</report>
			<report>
				<misses>6415001</misses>
				<total>32</total>
				<timestamp>1858.513981</timestamp>
			</report>
			<report>
				<misses>6416001</misses>
				<total>32</total>
				<timestamp>1858.803705</timestamp>
			</report>
			<report>
				<misses>6417001</misses>
				<total>32</total>
				<timestamp>1859.093463</timestamp>
			</report>
			<report>
				<misses>6418001</misses>
				<total>32</total>
				<timestamp>1859.383040</timestamp>
			</report>
			<report>
				<misses>6419001</misses>
				<total>32</total>
				<timestamp>1859.672738</timestamp>
			</report>
			<report>
				<misses>6420001</misses>
				<total>32</total>
				<timestamp>1859.962481</timestamp>
			</report>
			<report>
				<misses>6421001</misses>
				<total>32</total>
				<timestamp>1860.252289</timestamp>
			</report>
			<report>
				<misses>6422001</misses>
				<total>32</total>
				<timestamp>1860.541896</timestamp>
			</report>
			<report>
				<misses>6423001</misses>
				<total>32</total>
				<timestamp>1860.831584</timestamp>
			</report>
			<report>
				<misses>6424001</misses>
				<total>32</total>
				<timestamp>1861.121331</timestamp>
			</report>
			<report>
				<misses>6425001</misses>
				<total>32</total>
				<timestamp>1861.411064</timestamp>
			</report>
			<report>
				<misses>6426001</misses>
				<total>32</total>
				<timestamp>1861.700738</timestamp>
			</report>
			<report>
				<misses>6427001</misses>
				<total>32</total>
				<timestamp>1861.990437</timestamp>
			</report>
			<report>
				<misses>6428001</misses>
				<total>32</total>
				<timestamp>1862.280147</timestamp>
			</report>
			<report>
				<misses>6429001</misses>
				<total>32</total>
				<timestamp>1862.569824</timestamp>
			</report>
			<report>
				<misses>6430001</misses>
				<total>32</total>
				<timestamp>1862.859555</timestamp>
			</report>
			<report>
				<misses>6431001</misses>
				<total>32</total>
				<timestamp>1863.149267</timestamp>
			</report>
			<report>
				<misses>6432001</misses>
				<total>32</total>
				<timestamp>1863.438975</timestamp>
			</report>
			<report>
				<misses>6433001</misses>
				<total>32</total>
				<timestamp>1863.728731</timestamp>
			</report>
			<report>
				<misses>6434001</misses>
				<total>32</total>
				<timestamp>1864.018379</timestamp>
			</report>
			<report>
				<misses>6435001</misses>
				<total>32</total>
				<timestamp>1864.308110</timestamp>
			</report>
			<report>
				<misses>6436001</misses>
				<total>32</total>
				<timestamp>1864.597803</timestamp>
			</report>
			<report>
				<misses>6437001</misses>
				<total>32</total>
				<timestamp>1864.887519</timestamp>
			</report>
			<report>
				<misses>6438001</misses>
				<total>32</total>
				<timestamp>1865.177241</timestamp>
			</report>
			<report>
				<misses>6439001</misses>
				<total>32</total>
				<timestamp>1865.466930</timestamp>
			</report>
			<report>
				<misses>6440001</misses>
				<total>32</total>
				<timestamp>1865.756643</timestamp>
			</report>
			<report>
				<misses>6441001</misses>
				<total>32</total>
				<timestamp>1866.046364</timestamp>
			</report>
			<report>
				<misses>6442001</misses>
				<total>32</total>
				<timestamp>1866.336076</timestamp>
			</report>
			<report>
				<misses>6443001</misses>
				<total>32</total>
				<timestamp>1866.625778</timestamp>
			</report>
			<report>
				<misses>6444001</misses>
				<total>32</total>
				<timestamp>1866.915479</timestamp>
			</report>
			<report>
				<misses>6445001</misses>
				<total>32</total>
				<timestamp>1867.205205</timestamp>
			</report>
			<report>
				<misses>6446001</misses>
				<total>32</total>
				<timestamp>1867.494891</timestamp>
			</report>
			<report>
				<misses>6447001</misses>
				<total>32</total>
				<timestamp>1867.784632</timestamp>
			</report>
			<report>
				<misses>6448001</misses>
				<total>32</total>
				<timestamp>1868.074365</timestamp>
			</report>
			<report>
				<misses>6449001</misses>
				<total>32</total>
				<timestamp>1868.364040</timestamp>
			</report>
			<report>
				<misses>6450001</misses>
				<total>32</total>
				<timestamp>1868.653764</timestamp>
			</report>
			<report>
				<misses>6451001</misses>
				<total>32</total>
				<timestamp>1868.943498</timestamp>
			</report>
			<report>
				<misses>6452001</misses>
				<total>32</total>
				<timestamp>1869.233252</timestamp>
			</report>
			<report>
				<misses>6453001</misses>
				<total>32</total>
				<timestamp>1869.522887</timestamp>
			</report>
			<report>
				<misses>6454001</misses>
				<total>32</total>
				<timestamp>1869.812594</timestamp>
			</report>
			<report>
				<misses>6455001</misses>
				<total>32</total>
				<timestamp>1870.102287</timestamp>
			</report>
			<report>
				<misses>6456001</misses>
				<total>32</total>
				<timestamp>1870.392009</timestamp>
			</report>
			<report>
				<misses>6457001</misses>
				<total>32</total>
				<timestamp>1870.681724</timestamp>
			</report>
			<report>
				<misses>6458001</misses>
				<total>32</total>
				<timestamp>1870.971434</timestamp>
			</report>
			<report>
				<misses>6459001</misses>
				<total>32</total>
				<timestamp>1871.261158</timestamp>
			</report>
			<report>
				<misses>6460001</misses>
				<total>32</total>
				<timestamp>1871.550952</timestamp>
			</report>
			<report>
				<misses>6461001</misses>
				<total>32</total>
				<timestamp>1871.840717</timestamp>
			</report>
			<report>
				<misses>6462001</misses>
				<total>32</total>
				<timestamp>1872.130422</timestamp>
			</report>
			<report>
				<misses>6463001</misses>
				<total>32</total>
				<timestamp>1872.420008</timestamp>
			</report>
			<report>
				<misses>6464001</misses>
				<total>32</total>
				<timestamp>1872.709758</timestamp>
			</report>
			<report>
				<misses>6465001</misses>
				<total>32</total>
				<timestamp>1872.999438</timestamp>
			</report>
			<report>
				<misses>6466001</misses>
				<total>32</total>
				<timestamp>1873.289181</timestamp>
			</report>
			<report>
				<misses>6467001</misses>
				<total>32</total>
				<timestamp>1873.578808</timestamp>
			</report>
			<report>
				<misses>6468001</misses>
				<total>32</total>
				<timestamp>1873.868540</timestamp>
			</report>
			<report>
				<misses>6469001</misses>
				<total>32</total>
				<timestamp>1874.158280</timestamp>
			</report>
			<report>
				<misses>6470001</misses>
				<total>33</total>
				<timestamp>1874.448051</timestamp>
			</report>
			<report>
				<misses>6471001</misses>
				<total>33</total>
				<timestamp>1874.737754</timestamp>
			</report>
			<report>
				<misses>6472001</misses>
				<total>33</total>
				<timestamp>1875.027436</timestamp>
			</report>
			<report>
				<misses>6473001</misses>
				<total>33</total>
				<timestamp>1875.317094</timestamp>
			</report>
			<report>
				<misses>6474001</misses>
				<total>33</total>
				<timestamp>1875.606891</timestamp>
			</report>
			<report>
				<misses>6475001</misses>
				<total>33</total>
				<timestamp>1875.896522</timestamp>
			</report>
			<report>
				<misses>6476001</misses>
				<total>33</total>
				<timestamp>1876.186293</timestamp>
			</report>
			<report>
				<misses>6477001</misses>
				<total>33</total>
				<timestamp>1876.475921</timestamp>
			</report>
			<report>
				<misses>6478001</misses>
				<total>33</total>
				<timestamp>1876.765674</timestamp>
			</report>
			<report>
				<misses>6479001</misses>
				<total>33</total>
				<timestamp>1877.055336</timestamp>
			</report>
			<report>
				<misses>6480001</misses>
				<total>33</total>
				<timestamp>1877.345087</timestamp>
			</report>
			<report>
				<misses>6481001</misses>
				<total>33</total>
				<timestamp>1877.634753</timestamp>
			</report>
			<report>
				<misses>6482001</misses>
				<total>33</total>
				<timestamp>1877.924465</timestamp>
			</report>
			<report>
				<misses>6483001</misses>
				<total>33</total>
				<timestamp>1878.214235</timestamp>
			</report>
			<report>
				<misses>6484001</misses>
				<total>33</total>
				<timestamp>1878.503887</timestamp>
			</report>
			<report>
				<misses>6485001</misses>
				<total>33</total>
				<timestamp>1878.793605</timestamp>
			</report>
			<report>
				<misses>6486001</misses>
				<total>33</total>
				<timestamp>1879.083308</timestamp>
			</report>
			<report>
				<misses>6487001</misses>
				<total>33</total>
				<timestamp>1879.373061</timestamp>
			</report>
			<report>
				<misses>6488001</misses>
				<total>33</total>
				<timestamp>1879.662711</timestamp>
			</report>
			<report>
				<misses>6489001</misses>
				<total>33</total>
				<timestamp>1879.952461</timestamp>
			</report>
			<report>
				<misses>6490001</misses>
				<total>33</total>
				<timestamp>1880.242162</timestamp>
			</report>
			<report>
				<misses>6491001</misses>
				<total>33</total>
				<timestamp>1880.531853</timestamp>
			</report>
			<report>
				<misses>6492001</misses>
				<total>33</total>
				<timestamp>1880.821600</timestamp>
			</report>
			<report>
				<misses>6493001</misses>
				<total>33</total>
				<timestamp>1881.111287</timestamp>
			</report>
			<report>
				<misses>6494001</misses>
				<total>33</total>
				<timestamp>1881.400998</timestamp>
			</report>
			<report>
				<misses>6495001</misses>
				<total>33</total>
				<timestamp>1881.690697</timestamp>
			</report>
			<report>
				<misses>6496001</misses>
				<total>33</total>
				<timestamp>1881.980453</timestamp>
			</report>
			<report>
				<misses>6497001</misses>
				<total>33</total>
				<timestamp>1882.270123</timestamp>
			</report>
			<report>
				<misses>6498001</misses>
				<total>33</total>
				<timestamp>1882.559935</timestamp>
			</report>
			<report>
				<misses>6499001</misses>
				<total>33</total>
				<timestamp>1882.849563</timestamp>
			</report>
			<report>
				<misses>6500001</misses>
				<total>33</total>
				<timestamp>1883.139235</timestamp>
			</report>
			<report>
				<misses>6501001</misses>
				<total>33</total>
				<timestamp>1883.428967</timestamp>
			</report>
			<report>
				<misses>6502001</misses>
				<total>33</total>
				<timestamp>1883.718685</timestamp>
			</report>
			<report>
				<misses>6503001</misses>
				<total>33</total>
				<timestamp>1884.008374</timestamp>
			</report>
			<report>
				<misses>6504001</misses>
				<total>33</total>
				<timestamp>1884.298082</timestamp>
			</report>
			<report>
				<misses>6505001</misses>
				<total>33</total>
				<timestamp>1884.587782</timestamp>
			</report>
			<report>
				<misses>6506001</misses>
				<total>33</total>
				<timestamp>1884.877497</timestamp>
			</report>
			<report>
				<misses>6507001</misses>
				<total>33</total>
				<timestamp>1885.167216</timestamp>
			</report>
			<report>
				<misses>6508001</misses>
				<total>33</total>
				<timestamp>1885.456945</timestamp>
			</report>
			<report>
				<misses>6509001</misses>
				<total>33</total>
				<timestamp>1885.746652</timestamp>
			</report>
			<report>
				<misses>6510001</misses>
				<total>33</total>
				<timestamp>1886.036352</timestamp>
			</report>
			<report>
				<misses>6511001</misses>
				<total>33</total>
				<timestamp>1886.326088</timestamp>
			</report>
			<report>
				<misses>6512001</misses>
				<total>33</total>
				<timestamp>1886.615778</timestamp>
			</report>
			<report>
				<misses>6513001</misses>
				<total>33</total>
				<timestamp>1886.905503</timestamp>
			</report>
			<report>
				<misses>6514001</misses>
				<total>33</total>
				<timestamp>1887.195182</timestamp>
			</report>
			<report>
				<misses>6515001</misses>
				<total>33</total>
				<timestamp>1887.484945</timestamp>
			</report>
			<report>
				<misses>6516001</misses>
				<total>33</total>
				<timestamp>1887.774609</timestamp>
			</report>
			<report>
				<misses>6517001</misses>
				<total>33</total>
				<timestamp>1888.064318</timestamp>
			</report>
			<report>
				<misses>6518001</misses>
				<total>33</total>
				<timestamp>1888.354063</timestamp>
			</report>
			<report>
				<misses>6519001</misses>
				<total>33</total>
				<timestamp>1888.643739</timestamp>
			</report>
			<report>
				<misses>6520001</misses>
				<total>33</total>
				<timestamp>1888.933456</timestamp>
			</report>
			<report>
				<misses>6521001</misses>
				<total>33</total>
				<timestamp>1889.223156</timestamp>
			</report>
			<report>
				<misses>6522001</misses>
				<total>33</total>
				<timestamp>1889.512856</timestamp>
			</report>
			<report>
				<misses>6523001</misses>
				<total>33</total>
				<timestamp>1889.802598</timestamp>
			</report>
			<report>
				<misses>6524001</misses>
				<total>33</total>
				<timestamp>1890.092279</timestamp>
			</report>
			<report>
				<misses>6525001</misses>
				<total>33</total>
				<timestamp>1890.382032</timestamp>
			</report>
			<report>
				<misses>6526001</misses>
				<total>33</total>
				<timestamp>1890.671742</timestamp>
			</report>
			<report>
				<misses>6527001</misses>
				<total>33</total>
				<timestamp>1890.961464</timestamp>
			</report>
			<report>
				<misses>6528001</misses>
				<total>33</total>
				<timestamp>1891.251130</timestamp>
			</report>
			<report>
				<misses>6529001</misses>
				<total>33</total>
				<timestamp>1891.540882</timestamp>
			</report>
			<report>
				<misses>6530001</misses>
				<total>33</total>
				<timestamp>1891.830641</timestamp>
			</report>
			<report>
				<misses>6531001</misses>
				<total>33</total>
				<timestamp>1892.120392</timestamp>
			</report>
			<report>
				<misses>6532001</misses>
				<total>33</total>
				<timestamp>1892.410134</timestamp>
			</report>
			<report>
				<misses>6533001</misses>
				<total>33</total>
				<timestamp>1892.699734</timestamp>
			</report>
			<report>
				<misses>6534001</misses>
				<total>33</total>
				<timestamp>1892.989523</timestamp>
			</report>
			<report>
				<misses>6535001</misses>
				<total>33</total>
				<timestamp>1893.279237</timestamp>
			</report>
			<report>
				<misses>6536001</misses>
				<total>33</total>
				<timestamp>1893.568807</timestamp>
			</report>
			<report>
				<misses>6537001</misses>
				<total>33</total>
				<timestamp>1893.858531</timestamp>
			</report>
			<report>
				<misses>6538001</misses>
				<total>33</total>
				<timestamp>1894.148255</timestamp>
			</report>
			<report>
				<misses>6539001</misses>
				<total>33</total>
				<timestamp>1894.438042</timestamp>
			</report>
			<report>
				<misses>6540001</misses>
				<total>33</total>
				<timestamp>1894.727663</timestamp>
			</report>
			<report>
				<misses>6541001</misses>
				<total>33</total>
				<timestamp>1895.017361</timestamp>
			</report>
			<report>
				<misses>6542001</misses>
				<total>33</total>
				<timestamp>1895.307088</timestamp>
			</report>
			<report>
				<misses>6543001</misses>
				<total>33</total>
				<timestamp>1895.596784</timestamp>
			</report>
			<report>
				<misses>6544001</misses>
				<total>33</total>
				<timestamp>1895.886489</timestamp>
			</report>
			<report>
				<misses>6545001</misses>
				<total>33</total>
				<timestamp>1896.176200</timestamp>
			</report>
			<report>
				<misses>6546001</misses>
				<total>33</total>
				<timestamp>1896.465942</timestamp>
			</report>
			<report>
				<misses>6547001</misses>
				<total>33</total>
				<timestamp>1896.755626</timestamp>
			</report>
			<report>
				<misses>6548001</misses>
				<total>33</total>
				<timestamp>1897.045489</timestamp>
			</report>
			<report>
				<misses>6549001</misses>
				<total>33</total>
				<timestamp>1897.335037</timestamp>
			</report>
			<report>
				<misses>6550001</misses>
				<total>33</total>
				<timestamp>1897.624858</timestamp>
			</report>
			<report>
				<misses>6551001</misses>
				<total>33</total>
				<timestamp>1897.914604</timestamp>
			</report>
			<report>
				<misses>6552001</misses>
				<total>33</total>
				<timestamp>1898.204174</timestamp>
			</report>
			<report>
				<misses>6553001</misses>
				<total>33</total>
				<timestamp>1898.493952</timestamp>
			</report>
			<report>
				<misses>6554001</misses>
				<total>33</total>
				<timestamp>1898.783609</timestamp>
			</report>
			<report>
				<misses>6555001</misses>
				<total>33</total>
				<timestamp>1899.073473</timestamp>
			</report>
			<report>
				<misses>6556001</misses>
				<total>33</total>
				<timestamp>1899.363032</timestamp>
			</report>
			<report>
				<misses>6557001</misses>
				<total>33</total>
				<timestamp>1899.652787</timestamp>
			</report>
			<report>
				<misses>6558001</misses>
				<total>33</total>
				<timestamp>1899.942531</timestamp>
			</report>
			<report>
				<misses>6559001</misses>
				<total>33</total>
				<timestamp>1900.232201</timestamp>
			</report>
			<report>
				<misses>6560001</misses>
				<total>33</total>
				<timestamp>1900.521902</timestamp>
			</report>
			<report>
				<misses>6561001</misses>
				<total>33</total>
				<timestamp>1900.811665</timestamp>
			</report>
			<report>
				<misses>6562001</misses>
				<total>33</total>
				<timestamp>1901.101424</timestamp>
			</report>
			<report>
				<misses>6563001</misses>
				<total>33</total>
				<timestamp>1901.391066</timestamp>
			</report>
			<report>
				<misses>6564001</misses>
				<total>33</total>
				<timestamp>1901.680845</timestamp>
			</report>
			<report>
				<misses>6565001</misses>
				<total>33</total>
				<timestamp>1901.970436</timestamp>
			</report>
			<report>
				<misses>6566001</misses>
				<total>33</total>
				<timestamp>1902.260107</timestamp>
			</report>
			<report>
				<misses>6567001</misses>
				<total>33</total>
				<timestamp>1902.549812</timestamp>
			</report>
			<report>
				<misses>6568001</misses>
				<total>33</total>
				<timestamp>1902.839519</timestamp>
			</report>
			<report>
				<misses>6569001</misses>
				<total>33</total>
				<timestamp>1903.129225</timestamp>
			</report>
			<report>
				<misses>6570001</misses>
				<total>33</total>
				<timestamp>1903.418952</timestamp>
			</report>
			<report>
				<misses>6571001</misses>
				<total>33</total>
				<timestamp>1903.708668</timestamp>
			</report>
			<report>
				<misses>6572001</misses>
				<total>33</total>
				<timestamp>1903.998361</timestamp>
			</report>
			<report>
				<misses>6573001</misses>
				<total>33</total>
				<timestamp>1904.288076</timestamp>
			</report>
			<report>
				<misses>6574001</misses>
				<total>33</total>
				<timestamp>1904.577816</timestamp>
			</report>
			<report>
				<misses>6575001</misses>
				<total>33</total>
				<timestamp>1904.867535</timestamp>
			</report>
			<report>
				<misses>6576001</misses>
				<total>33</total>
				<timestamp>1905.157269</timestamp>
			</report>
			<report>
				<misses>6577001</misses>
				<total>33</total>
				<timestamp>1905.447034</timestamp>
			</report>
			<report>
				<misses>6578001</misses>
				<total>33</total>
				<timestamp>1905.736754</timestamp>
			</report>
			<report>
				<misses>6579001</misses>
				<total>33</total>
				<timestamp>1906.026406</timestamp>
			</report>
			<report>
				<misses>6580001</misses>
				<total>33</total>
				<timestamp>1906.316114</timestamp>
			</report>
			<report>
				<misses>6581001</misses>
				<total>33</total>
				<timestamp>1906.605872</timestamp>
			</report>
			<report>
				<misses>6582001</misses>
				<total>33</total>
				<timestamp>1906.895606</timestamp>
			</report>
			<report>
				<misses>6583001</misses>
				<total>33</total>
				<timestamp>1907.185259</timestamp>
			</report>
			<report>
				<misses>6584001</misses>
				<total>33</total>
				<timestamp>1907.474901</timestamp>
			</report>
			<report>
				<misses>6585001</misses>
				<total>33</total>
				<timestamp>1907.764604</timestamp>
			</report>
			<report>
				<misses>6586001</misses>
				<total>33</total>
				<timestamp>1908.054294</timestamp>
			</report>
			<report>
				<misses>6587001</misses>
				<total>33</total>
				<timestamp>1908.344033</timestamp>
			</report>
			<report>
				<misses>6588001</misses>
				<total>33</total>
				<timestamp>1908.633731</timestamp>
			</report>
			<report>
				<misses>6589001</misses>
				<total>33</total>
				<timestamp>1908.923450</timestamp>
			</report>
			<report>
				<misses>6590001</misses>
				<total>33</total>
				<timestamp>1909.213170</timestamp>
			</report>
			<report>
				<misses>6591001</misses>
				<total>33</total>
				<timestamp>1909.502919</timestamp>
			</report>
			<report>
				<misses>6592001</misses>
				<total>33</total>
				<timestamp>1909.792584</timestamp>
			</report>
			<report>
				<misses>6593001</misses>
				<total>33</total>
				<timestamp>1910.082301</timestamp>
			</report>
			<report>
				<misses>6594001</misses>
				<total>33</total>
				<timestamp>1910.372020</timestamp>
			</report>
			<report>
				<misses>6595001</misses>
				<total>33</total>
				<timestamp>1910.661746</timestamp>
			</report>
			<report>
				<misses>6596001</misses>
				<total>33</total>
				<timestamp>1910.951401</timestamp>
			</report>
			<report>
				<misses>6597001</misses>
				<total>33</total>
				<timestamp>1911.241125</timestamp>
			</report>
			<report>
				<misses>6598001</misses>
				<total>33</total>
				<timestamp>1911.530860</timestamp>
			</report>
			<report>
				<misses>6599001</misses>
				<total>33</total>
				<timestamp>1911.820552</timestamp>
			</report>
			<report>
				<misses>6600001</misses>
				<total>33</total>
				<timestamp>1912.110264</timestamp>
			</report>
			<report>
				<misses>6601001</misses>
				<total>33</total>
				<timestamp>1912.399994</timestamp>
			</report>
			<report>
				<misses>6602001</misses>
				<total>33</total>
				<timestamp>1912.689690</timestamp>
			</report>
			<report>
				<misses>6603001</misses>
				<total>33</total>
				<timestamp>1912.979383</timestamp>
			</report>
			<report>
				<misses>6604001</misses>
				<total>33</total>
				<timestamp>1913.269140</timestamp>
			</report>
			<report>
				<misses>6605001</misses>
				<total>33</total>
				<timestamp>1913.558784</timestamp>
			</report>
			<report>
				<misses>6606001</misses>
				<total>33</total>
				<timestamp>1913.848513</timestamp>
			</report>
			<report>
				<misses>6607001</misses>
				<total>33</total>
				<timestamp>1914.138236</timestamp>
			</report>
			<report>
				<misses>6608001</misses>
				<total>33</total>
				<timestamp>1914.427927</timestamp>
			</report>
			<report>
				<misses>6609001</misses>
				<total>33</total>
				<timestamp>1914.717648</timestamp>
			</report>
			<report>
				<misses>6610001</misses>
				<total>33</total>
				<timestamp>1915.007361</timestamp>
			</report>
			<report>
				<misses>6611001</misses>
				<total>33</total>
				<timestamp>1915.297060</timestamp>
			</report>
			<report>
				<misses>6612001</misses>
				<total>33</total>
				<timestamp>1915.586829</timestamp>
			</report>
			<report>
				<misses>6613001</misses>
				<total>33</total>
				<timestamp>1915.876482</timestamp>
			</report>
			<report>
				<misses>6614001</misses>
				<total>33</total>
				<timestamp>1916.166273</timestamp>
			</report>
			<report>
				<misses>6615001</misses>
				<total>33</total>
				<timestamp>1916.455973</timestamp>
			</report>
			<report>
				<misses>6616001</misses>
				<total>33</total>
				<timestamp>1916.745676</timestamp>
			</report>
			<report>
				<misses>6617001</misses>
				<total>33</total>
				<timestamp>1917.035324</timestamp>
			</report>
			<report>
				<misses>6618001</misses>
				<total>33</total>
				<timestamp>1917.325068</timestamp>
			</report>
			<report>
				<misses>6619001</misses>
				<total>33</total>
				<timestamp>1917.614873</timestamp>
			</report>
			<report>
				<misses>6620001</misses>
				<total>33</total>
				<timestamp>1917.904447</timestamp>
			</report>
			<report>
				<misses>6621001</misses>
				<total>33</total>
				<timestamp>1918.194179</timestamp>
			</report>
			<report>
				<misses>6622001</misses>
				<total>33</total>
				<timestamp>1918.483932</timestamp>
			</report>
			<report>
				<misses>6623001</misses>
				<total>33</total>
				<timestamp>1918.773572</timestamp>
			</report>
			<report>
				<misses>6624001</misses>
				<total>33</total>
				<timestamp>1919.063334</timestamp>
			</report>
			<report>
				<misses>6625001</misses>
				<total>33</total>
				<timestamp>1919.353113</timestamp>
			</report>
			<report>
				<misses>6626001</misses>
				<total>33</total>
				<timestamp>1919.642793</timestamp>
			</report>
			<report>
				<misses>6627001</misses>
				<total>33</total>
				<timestamp>1919.932487</timestamp>
			</report>
			<report>
				<misses>6628001</misses>
				<total>33</total>
				<timestamp>1920.222196</timestamp>
			</report>
			<report>
				<misses>6629001</misses>
				<total>33</total>
				<timestamp>1920.511886</timestamp>
			</report>
			<report>
				<misses>6630001</misses>
				<total>33</total>
				<timestamp>1920.801668</timestamp>
			</report>
			<report>
				<misses>6631001</misses>
				<total>33</total>
				<timestamp>1921.091350</timestamp>
			</report>
			<report>
				<misses>6632001</misses>
				<total>33</total>
				<timestamp>1921.381070</timestamp>
			</report>
			<report>
				<misses>6633001</misses>
				<total>33</total>
				<timestamp>1921.670727</timestamp>
			</report>
			<report>
				<misses>6634001</misses>
				<total>33</total>
				<timestamp>1921.960391</timestamp>
			</report>
			<report>
				<misses>6635001</misses>
				<total>33</total>
				<timestamp>1922.250123</timestamp>
			</report>
			<report>
				<misses>6636001</misses>
				<total>33</total>
				<timestamp>1922.539937</timestamp>
			</report>
			<report>
				<misses>6637001</misses>
				<total>33</total>
				<timestamp>1922.829628</timestamp>
			</report>
			<report>
				<misses>6638001</misses>
				<total>33</total>
				<timestamp>1923.119351</timestamp>
			</report>
			<report>
				<misses>6639001</misses>
				<total>33</total>
				<timestamp>1923.408989</timestamp>
			</report>
			<report>
				<misses>6640001</misses>
				<total>33</total>
				<timestamp>1923.698781</timestamp>
			</report>
			<report>
				<misses>6641001</misses>
				<total>33</total>
				<timestamp>1923.988407</timestamp>
			</report>
			<report>
				<misses>6642001</misses>
				<total>33</total>
				<timestamp>1924.278143</timestamp>
			</report>
			<report>
				<misses>6643001</misses>
				<total>33</total>
				<timestamp>1924.567859</timestamp>
			</report>
			<report>
				<misses>6644001</misses>
				<total>33</total>
				<timestamp>1924.857523</timestamp>
			</report>
			<report>
				<misses>6645001</misses>
				<total>33</total>
				<timestamp>1925.147253</timestamp>
			</report>
			<report>
				<misses>6646001</misses>
				<total>33</total>
				<timestamp>1925.436966</timestamp>
			</report>
			<report>
				<misses>6647001</misses>
				<total>33</total>
				<timestamp>1925.726736</timestamp>
			</report>
			<report>
				<misses>6648001</misses>
				<total>33</total>
				<timestamp>1926.016472</timestamp>
			</report>
			<report>
				<misses>6649001</misses>
				<total>33</total>
				<timestamp>1926.306087</timestamp>
			</report>
			<report>
				<misses>6650001</misses>
				<total>33</total>
				<timestamp>1926.595903</timestamp>
			</report>
			<report>
				<misses>6651001</misses>
				<total>33</total>
				<timestamp>1926.885582</timestamp>
			</report>
			<report>
				<misses>6652001</misses>
				<total>33</total>
				<timestamp>1927.175269</timestamp>
			</report>
			<report>
				<misses>6653001</misses>
				<total>33</total>
				<timestamp>1927.465003</timestamp>
			</report>
			<report>
				<misses>6654001</misses>
				<total>33</total>
				<timestamp>1927.754737</timestamp>
			</report>
			<report>
				<misses>6655001</misses>
				<total>33</total>
				<timestamp>1928.044403</timestamp>
			</report>
			<report>
				<misses>6656001</misses>
				<total>33</total>
				<timestamp>1928.334029</timestamp>
			</report>
			<report>
				<misses>6657001</misses>
				<total>33</total>
				<timestamp>1928.623756</timestamp>
			</report>
			<report>
				<misses>6658001</misses>
				<total>33</total>
				<timestamp>1928.913452</timestamp>
			</report>
			<report>
				<misses>6659001</misses>
				<total>33</total>
				<timestamp>1929.203214</timestamp>
			</report>
			<report>
				<misses>6660001</misses>
				<total>33</total>
				<timestamp>1929.492954</timestamp>
			</report>
			<report>
				<misses>6661001</misses>
				<total>33</total>
				<timestamp>1929.782592</timestamp>
			</report>
			<report>
				<misses>6662001</misses>
				<total>33</total>
				<timestamp>1930.072276</timestamp>
			</report>
			<report>
				<misses>6663001</misses>
				<total>33</total>
				<timestamp>1930.362110</timestamp>
			</report>
			<report>
				<misses>6664001</misses>
				<total>33</total>
				<timestamp>1930.651704</timestamp>
			</report>
			<report>
				<misses>6665001</misses>
				<total>33</total>
				<timestamp>1930.941392</timestamp>
			</report>
			<report>
				<misses>6666001</misses>
				<total>33</total>
				<timestamp>1931.231101</timestamp>
			</report>
			<report>
				<misses>6667001</misses>
				<total>33</total>
				<timestamp>1931.520840</timestamp>
			</report>
			<report>
				<misses>6668001</misses>
				<total>33</total>
				<timestamp>1931.810527</timestamp>
			</report>
			<report>
				<misses>6669001</misses>
				<total>33</total>
				<timestamp>1932.100238</timestamp>
			</report>
			<report>
				<misses>6670001</misses>
				<total>33</total>
				<timestamp>1932.390037</timestamp>
			</report>
			<report>
				<misses>6671001</misses>
				<total>33</total>
				<timestamp>1932.679817</timestamp>
			</report>
			<report>
				<misses>6672001</misses>
				<total>33</total>
				<timestamp>1932.969434</timestamp>
			</report>
			<report>
				<misses>6673001</misses>
				<total>33</total>
				<timestamp>1933.259121</timestamp>
			</report>
			<report>
				<misses>6674001</misses>
				<total>33</total>
				<timestamp>1933.548922</timestamp>
			</report>
			<report>
				<misses>6675001</misses>
				<total>33</total>
				<timestamp>1933.838554</timestamp>
			</report>
			<report>
				<misses>6676001</misses>
				<total>33</total>
				<timestamp>1934.128245</timestamp>
			</report>
			<report>
				<misses>6677001</misses>
				<total>33</total>
				<timestamp>1934.417923</timestamp>
			</report>
			<report>
				<misses>6678001</misses>
				<total>33</total>
				<timestamp>1934.707647</timestamp>
			</report>
			<report>
				<misses>6679001</misses>
				<total>33</total>
				<timestamp>1934.997347</timestamp>
			</report>
			<report>
				<misses>6680001</misses>
				<total>33</total>
				<timestamp>1935.287075</timestamp>
			</report>
			<report>
				<misses>6681001</misses>
				<total>33</total>
				<timestamp>1935.576798</timestamp>
			</report>
			<report>
				<misses>6682001</misses>
				<total>33</total>
				<timestamp>1935.866469</timestamp>
			</report>
			<report>
				<misses>6683001</misses>
				<total>33</total>
				<timestamp>1936.156221</timestamp>
			</report>
			<report>
				<misses>6684001</misses>
				<total>33</total>
				<timestamp>1936.446001</timestamp>
			</report>
			<report>
				<misses>6685001</misses>
				<total>33</total>
				<timestamp>1936.735599</timestamp>
			</report>
			<report>
				<misses>6686001</misses>
				<total>33</total>
				<timestamp>1937.025312</timestamp>
			</report>
			<report>
				<misses>6687001</misses>
				<total>33</total>
				<timestamp>1937.315034</timestamp>
			</report>
			<report>
				<misses>6688001</misses>
				<total>33</total>
				<timestamp>1937.604823</timestamp>
			</report>
			<report>
				<misses>6689001</misses>
				<total>33</total>
				<timestamp>1937.894471</timestamp>
			</report>
			<report>
				<misses>6690001</misses>
				<total>33</total>
				<timestamp>1938.184185</timestamp>
			</report>
			<report>
				<misses>6691001</misses>
				<total>33</total>
				<timestamp>1938.473866</timestamp>
			</report>
			<report>
				<misses>6692001</misses>
				<total>33</total>
				<timestamp>1938.763592</timestamp>
			</report>
			<report>
				<misses>6693001</misses>
				<total>33</total>
				<timestamp>1939.053412</timestamp>
			</report>
			<report>
				<misses>6694001</misses>
				<total>33</total>
				<timestamp>1939.343082</timestamp>
			</report>
			<report>
				<misses>6695001</misses>
				<total>33</total>
				<timestamp>1939.632838</timestamp>
			</report>
			<report>
				<misses>6696001</misses>
				<total>33</total>
				<timestamp>1939.922482</timestamp>
			</report>
			<report>
				<misses>6697001</misses>
				<total>33</total>
				<timestamp>1940.212161</timestamp>
			</report>
			<report>
				<misses>6698001</misses>
				<total>33</total>
				<timestamp>1940.501849</timestamp>
			</report>
			<report>
				<misses>6699001</misses>
				<total>33</total>
				<timestamp>1940.791646</timestamp>
			</report>
			<report>
				<misses>6700001</misses>
				<total>33</total>
				<timestamp>1941.081318</timestamp>
			</report>
			<report>
				<misses>6701001</misses>
				<total>33</total>
				<timestamp>1941.370953</timestamp>
			</report>
			<report>
				<misses>6702001</misses>
				<total>33</total>
				<timestamp>1941.660767</timestamp>
			</report>
			<report>
				<misses>6703001</misses>
				<total>33</total>
				<timestamp>1941.950507</timestamp>
			</report>
			<report>
				<misses>6704001</misses>
				<total>33</total>
				<timestamp>1942.240146</timestamp>
			</report>
			<report>
				<misses>6705001</misses>
				<total>33</total>
				<timestamp>1942.529818</timestamp>
			</report>
			<report>
				<misses>6706001</misses>
				<total>33</total>
				<timestamp>1942.819653</timestamp>
			</report>
			<report>
				<misses>6707001</misses>
				<total>33</total>
				<timestamp>1943.109327</timestamp>
			</report>
			<report>
				<misses>6708001</misses>
				<total>33</total>
				<timestamp>1943.399017</timestamp>
			</report>
			<report>
				<misses>6709001</misses>
				<total>33</total>
				<timestamp>1943.688834</timestamp>
			</report>
			<report>
				<misses>6710001</misses>
				<total>33</total>
				<timestamp>1943.978477</timestamp>
			</report>
			<report>
				<misses>6711001</misses>
				<total>33</total>
				<timestamp>1944.268160</timestamp>
			</report>
			<report>
				<misses>6712001</misses>
				<total>33</total>
				<timestamp>1944.557917</timestamp>
			</report>
			<report>
				<misses>6713001</misses>
				<total>33</total>
				<timestamp>1944.847525</timestamp>
			</report>
			<report>
				<misses>6714001</misses>
				<total>33</total>
				<timestamp>1945.137272</timestamp>
			</report>
			<report>
				<misses>6715001</misses>
				<total>33</total>
				<timestamp>1945.426912</timestamp>
			</report>
			<report>
				<misses>6716001</misses>
				<total>33</total>
				<timestamp>1945.716613</timestamp>
			</report>
			<report>
				<misses>6717001</misses>
				<total>33</total>
				<timestamp>1946.006305</timestamp>
			</report>
			<report>
				<misses>6718001</misses>
				<total>33</total>
				<timestamp>1946.296037</timestamp>
			</report>
			<report>
				<misses>6719001</misses>
				<total>33</total>
				<timestamp>1946.585881</timestamp>
			</report>
			<report>
				<misses>6720001</misses>
				<total>33</total>
				<timestamp>1946.875454</timestamp>
			</report>
			<report>
				<misses>6721001</misses>
				<total>33</total>
				<timestamp>1947.165180</timestamp>
			</report>
			<report>
				<misses>6722001</misses>
				<total>33</total>
				<timestamp>1947.454856</timestamp>
			</report>
			<report>
				<misses>6723001</misses>
				<total>33</total>
				<timestamp>1947.744596</timestamp>
			</report>
			<report>
				<misses>6724001</misses>
				<total>33</total>
				<timestamp>1948.034290</timestamp>
			</report>
			<report>
				<misses>6725001</misses>
				<total>33</total>
				<timestamp>1948.324024</timestamp>
			</report>
			<report>
				<misses>6726001</misses>
				<total>33</total>
				<timestamp>1948.613740</timestamp>
			</report>
			<report>
				<misses>6727001</misses>
				<total>33</total>
				<timestamp>1948.903444</timestamp>
			</report>
			<report>
				<misses>6728001</misses>
				<total>33</total>
				<timestamp>1949.193171</timestamp>
			</report>
			<report>
				<misses>6729001</misses>
				<total>33</total>
				<timestamp>1949.482836</timestamp>
			</report>
			<report>
				<misses>6730001</misses>
				<total>33</total>
				<timestamp>1949.772554</timestamp>
			</report>
			<report>
				<misses>6731001</misses>
				<total>33</total>
				<timestamp>1950.062313</timestamp>
			</report>
			<report>
				<misses>6732001</misses>
				<total>33</total>
				<timestamp>1950.352076</timestamp>
			</report>
			<report>
				<misses>6733001</misses>
				<total>33</total>
				<timestamp>1950.641779</timestamp>
			</report>
			<report>
				<misses>6734001</misses>
				<total>33</total>
				<timestamp>1950.931502</timestamp>
			</report>
			<report>
				<misses>6735001</misses>
				<total>33</total>
				<timestamp>1951.221239</timestamp>
			</report>
			<report>
				<misses>6736001</misses>
				<total>33</total>
				<timestamp>1951.510919</timestamp>
			</report>
			<report>
				<misses>6737001</misses>
				<total>33</total>
				<timestamp>1951.800519</timestamp>
			</report>
			<report>
				<misses>6738001</misses>
				<total>33</total>
				<timestamp>1952.090228</timestamp>
			</report>
			<report>
				<misses>6739001</misses>
				<total>33</total>
				<timestamp>1952.379940</timestamp>
			</report>
			<report>
				<misses>6740001</misses>
				<total>33</total>
				<timestamp>1952.669658</timestamp>
			</report>
			<report>
				<misses>6741001</misses>
				<total>33</total>
				<timestamp>1952.959353</timestamp>
			</report>
			<report>
				<misses>6742001</misses>
				<total>33</total>
				<timestamp>1953.249084</timestamp>
			</report>
			<report>
				<misses>6743001</misses>
				<total>33</total>
				<timestamp>1953.538790</timestamp>
			</report>
			<report>
				<misses>6744001</misses>
				<total>33</total>
				<timestamp>1953.828478</timestamp>
			</report>
			<report>
				<misses>6745001</misses>
				<total>33</total>
				<timestamp>1954.118207</timestamp>
			</report>
			<report>
				<misses>6746001</misses>
				<total>33</total>
				<timestamp>1954.407953</timestamp>
			</report>
			<report>
				<misses>6747001</misses>
				<total>33</total>
				<timestamp>1954.697649</timestamp>
			</report>
			<report>
				<misses>6748001</misses>
				<total>33</total>
				<timestamp>1954.987311</timestamp>
			</report>
			<report>
				<misses>6749001</misses>
				<total>33</total>
				<timestamp>1955.277044</timestamp>
			</report>
			<report>
				<misses>6750001</misses>
				<total>33</total>
				<timestamp>1955.566752</timestamp>
			</report>
			<report>
				<misses>6751001</misses>
				<total>33</total>
				<timestamp>1955.856473</timestamp>
			</report>
			<report>
				<misses>6752001</misses>
				<total>33</total>
				<timestamp>1956.146156</timestamp>
			</report>
			<report>
				<misses>6753001</misses>
				<total>33</total>
				<timestamp>1956.435866</timestamp>
			</report>
			<report>
				<misses>6754001</misses>
				<total>33</total>
				<timestamp>1956.725641</timestamp>
			</report>
			<report>
				<misses>6755001</misses>
				<total>33</total>
				<timestamp>1957.015316</timestamp>
			</report>
			<report>
				<misses>6756001</misses>
				<total>33</total>
				<timestamp>1957.305020</timestamp>
			</report>
			<report>
				<misses>6757001</misses>
				<total>33</total>
				<timestamp>1957.594856</timestamp>
			</report>
			<report>
				<misses>6758001</misses>
				<total>33</total>
				<timestamp>1957.884447</timestamp>
			</report>
			<report>
				<misses>6759001</misses>
				<total>33</total>
				<timestamp>1958.174215</timestamp>
			</report>
			<report>
				<misses>6760001</misses>
				<total>33</total>
				<timestamp>1958.463865</timestamp>
			</report>
			<report>
				<misses>6761001</misses>
				<total>33</total>
				<timestamp>1958.753651</timestamp>
			</report>
			<report>
				<misses>6762001</misses>
				<total>33</total>
				<timestamp>1959.043352</timestamp>
			</report>
			<report>
				<misses>6763001</misses>
				<total>33</total>
				<timestamp>1959.333114</timestamp>
			</report>
			<report>
				<misses>6764001</misses>
				<total>33</total>
				<timestamp>1959.622855</timestamp>
			</report>
			<report>
				<misses>6765001</misses>
				<total>33</total>
				<timestamp>1959.912403</timestamp>
			</report>
			<report>
				<misses>6766001</misses>
				<total>33</total>
				<timestamp>1960.202156</timestamp>
			</report>
			<report>
				<misses>6767001</misses>
				<total>33</total>
				<timestamp>1960.491816</timestamp>
			</report>
			<report>
				<misses>6768001</misses>
				<total>33</total>
				<timestamp>1960.781584</timestamp>
			</report>
			<report>
				<misses>6769001</misses>
				<total>33</total>
				<timestamp>1961.071236</timestamp>
			</report>
			<report>
				<misses>6770001</misses>
				<total>33</total>
				<timestamp>1961.361001</timestamp>
			</report>
			<report>
				<misses>6771001</misses>
				<total>33</total>
				<timestamp>1961.650703</timestamp>
			</report>
			<report>
				<misses>6772001</misses>
				<total>33</total>
				<timestamp>1961.940360</timestamp>
			</report>
			<report>
				<misses>6773001</misses>
				<total>33</total>
				<timestamp>1962.230110</timestamp>
			</report>
			<report>
				<misses>6774001</misses>
				<total>33</total>
				<timestamp>1962.519889</timestamp>
			</report>
			<report>
				<misses>6775001</misses>
				<total>33</total>
				<timestamp>1962.809578</timestamp>
			</report>
			<report>
				<misses>6776001</misses>
				<total>33</total>
				<timestamp>1963.099342</timestamp>
			</report>
			<report>
				<misses>6777001</misses>
				<total>33</total>
				<timestamp>1963.389017</timestamp>
			</report>
			<report>
				<misses>6778001</misses>
				<total>33</total>
				<timestamp>1963.678707</timestamp>
			</report>
			<report>
				<misses>6779001</misses>
				<total>33</total>
				<timestamp>1963.968417</timestamp>
			</report>
			<report>
				<misses>6780001</misses>
				<total>33</total>
				<timestamp>1964.258153</timestamp>
			</report>
			<report>
				<misses>6781001</misses>
				<total>33</total>
				<timestamp>1964.547827</timestamp>
			</report>
			<report>
				<misses>6782001</misses>
				<total>33</total>
				<timestamp>1964.837564</timestamp>
			</report>
			<report>
				<misses>6783001</misses>
				<total>33</total>
				<timestamp>1965.127234</timestamp>
			</report>
			<report>
				<misses>6784001</misses>
				<total>33</total>
				<timestamp>1965.416877</timestamp>
			</report>
			<report>
				<misses>6785001</misses>
				<total>33</total>
				<timestamp>1965.706612</timestamp>
			</report>
			<report>
				<misses>6786001</misses>
				<total>33</total>
				<timestamp>1965.996323</timestamp>
			</report>
			<report>
				<misses>6787001</misses>
				<total>33</total>
				<timestamp>1966.286027</timestamp>
			</report>
			<report>
				<misses>6788001</misses>
				<total>33</total>
				<timestamp>1966.575745</timestamp>
			</report>
			<report>
				<misses>6789001</misses>
				<total>33</total>
				<timestamp>1966.865514</timestamp>
			</report>
			<report>
				<misses>6790001</misses>
				<total>33</total>
				<timestamp>1967.155238</timestamp>
			</report>
			<report>
				<misses>6791001</misses>
				<total>33</total>
				<timestamp>1967.444963</timestamp>
			</report>
			<report>
				<misses>6792001</misses>
				<total>33</total>
				<timestamp>1967.734591</timestamp>
			</report>
			<report>
				<misses>6793001</misses>
				<total>33</total>
				<timestamp>1968.024289</timestamp>
			</report>
			<report>
				<misses>6794001</misses>
				<total>33</total>
				<timestamp>1968.313984</timestamp>
			</report>
			<report>
				<misses>6795001</misses>
				<total>33</total>
				<timestamp>1968.603694</timestamp>
			</report>
			<report>
				<misses>6796001</misses>
				<total>33</total>
				<timestamp>1968.893413</timestamp>
			</report>
			<report>
				<misses>6797001</misses>
				<total>33</total>
				<timestamp>1969.183145</timestamp>
			</report>
			<report>
				<misses>6798001</misses>
				<total>33</total>
				<timestamp>1969.472817</timestamp>
			</report>
			<report>
				<misses>6799001</misses>
				<total>33</total>
				<timestamp>1969.762552</timestamp>
			</report>
			<report>
				<misses>6800001</misses>
				<total>33</total>
				<timestamp>1970.052244</timestamp>
			</report>
			<report>
				<misses>6801001</misses>
				<total>33</total>
				<timestamp>1970.341943</timestamp>
			</report>
			<report>
				<misses>6802001</misses>
				<total>33</total>
				<timestamp>1970.631663</timestamp>
			</report>
			<report>
				<misses>6803001</misses>
				<total>33</total>
				<timestamp>1970.921373</timestamp>
			</report>
			<report>
				<misses>6804001</misses>
				<total>33</total>
				<timestamp>1971.211098</timestamp>
			</report>
			<report>
				<misses>6805001</misses>
				<total>33</total>
				<timestamp>1971.500804</timestamp>
			</report>
			<report>
				<misses>6806001</misses>
				<total>33</total>
				<timestamp>1971.790548</timestamp>
			</report>
			<report>
				<misses>6807001</misses>
				<total>33</total>
				<timestamp>1972.080214</timestamp>
			</report>
			<report>
				<misses>6808001</misses>
				<total>33</total>
				<timestamp>1972.369933</timestamp>
			</report>
			<report>
				<misses>6809001</misses>
				<total>33</total>
				<timestamp>1972.659650</timestamp>
			</report>
			<report>
				<misses>6810001</misses>
				<total>33</total>
				<timestamp>1972.949369</timestamp>
			</report>
			<report>
				<misses>6811001</misses>
				<total>33</total>
				<timestamp>1973.239054</timestamp>
			</report>
			<report>
				<misses>6812001</misses>
				<total>33</total>
				<timestamp>1973.528771</timestamp>
			</report>
			<report>
				<misses>6813001</misses>
				<total>33</total>
				<timestamp>1973.818529</timestamp>
			</report>
			<report>
				<misses>6814001</misses>
				<total>33</total>
				<timestamp>1974.108195</timestamp>
			</report>
			<report>
				<misses>6815001</misses>
				<total>33</total>
				<timestamp>1974.397896</timestamp>
			</report>
			<report>
				<misses>6816001</misses>
				<total>33</total>
				<timestamp>1974.687630</timestamp>
			</report>
			<report>
				<misses>6817001</misses>
				<total>33</total>
				<timestamp>1974.977318</timestamp>
			</report>
			<report>
				<misses>6818001</misses>
				<total>33</total>
				<timestamp>1975.267035</timestamp>
			</report>
			<report>
				<misses>6819001</misses>
				<total>33</total>
				<timestamp>1975.556751</timestamp>
			</report>
			<report>
				<misses>6820001</misses>
				<total>33</total>
				<timestamp>1975.846524</timestamp>
			</report>
			<report>
				<misses>6821001</misses>
				<total>33</total>
				<timestamp>1976.136199</timestamp>
			</report>
			<report>
				<misses>6822001</misses>
				<total>33</total>
				<timestamp>1976.425889</timestamp>
			</report>
			<report>
				<misses>6823001</misses>
				<total>33</total>
				<timestamp>1976.715634</timestamp>
			</report>
			<report>
				<misses>6824001</misses>
				<total>33</total>
				<timestamp>1977.005357</timestamp>
			</report>
			<report>
				<misses>6825001</misses>
				<total>33</total>
				<timestamp>1977.295046</timestamp>
			</report>
			<report>
				<misses>6826001</misses>
				<total>33</total>
				<timestamp>1977.584725</timestamp>
			</report>
			<report>
				<misses>6827001</misses>
				<total>33</total>
				<timestamp>1977.874497</timestamp>
			</report>
			<report>
				<misses>6828001</misses>
				<total>33</total>
				<timestamp>1978.164110</timestamp>
			</report>
			<report>
				<misses>6829001</misses>
				<total>33</total>
				<timestamp>1978.453874</timestamp>
			</report>
			<report>
				<misses>6830001</misses>
				<total>33</total>
				<timestamp>1978.743615</timestamp>
			</report>
			<report>
				<misses>6831001</misses>
				<total>33</total>
				<timestamp>1979.033262</timestamp>
			</report>
			<report>
				<misses>6832001</misses>
				<total>33</total>
				<timestamp>1979.322990</timestamp>
			</report>
			<report>
				<misses>6833001</misses>
				<total>33</total>
				<timestamp>1979.612703</timestamp>
			</report>
			<report>
				<misses>6834001</misses>
				<total>33</total>
				<timestamp>1979.902397</timestamp>
			</report>
			<report>
				<misses>6835001</misses>
				<total>33</total>
				<timestamp>1980.192101</timestamp>
			</report>
			<report>
				<misses>6836001</misses>
				<total>33</total>
				<timestamp>1980.481818</timestamp>
			</report>
			<report>
				<misses>6837001</misses>
				<total>33</total>
				<timestamp>1980.771546</timestamp>
			</report>
			<report>
				<misses>6838001</misses>
				<total>33</total>
				<timestamp>1981.061231</timestamp>
			</report>
			<report>
				<misses>6839001</misses>
				<total>33</total>
				<timestamp>1981.350946</timestamp>
			</report>
			<report>
				<misses>6840001</misses>
				<total>33</total>
				<timestamp>1981.640669</timestamp>
			</report>
			<report>
				<misses>6841001</misses>
				<total>33</total>
				<timestamp>1981.930362</timestamp>
			</report>
			<report>
				<misses>6842001</misses>
				<total>33</total>
				<timestamp>1982.220075</timestamp>
			</report>
			<report>
				<misses>6843001</misses>
				<total>33</total>
				<timestamp>1982.509787</timestamp>
			</report>
			<report>
				<misses>6844001</misses>
				<total>33</total>
				<timestamp>1982.799534</timestamp>
			</report>
			<report>
				<misses>6845001</misses>
				<total>33</total>
				<timestamp>1983.089198</timestamp>
			</report>
			<report>
				<misses>6846001</misses>
				<total>33</total>
				<timestamp>1983.378917</timestamp>
			</report>
			<report>
				<misses>6847001</misses>
				<total>33</total>
				<timestamp>1983.668650</timestamp>
			</report>
			<report>
				<misses>6848001</misses>
				<total>33</total>
				<timestamp>1983.958321</timestamp>
			</report>
			<report>
				<misses>6849001</misses>
				<total>33</total>
				<timestamp>1984.248053</timestamp>
			</report>
			<report>
				<misses>6850001</misses>
				<total>33</total>
				<timestamp>1984.537816</timestamp>
			</report>
			<report>
				<misses>6851001</misses>
				<total>33</total>
				<timestamp>1984.827610</timestamp>
			</report>
			<report>
				<misses>6852001</misses>
				<total>33</total>
				<timestamp>1985.117295</timestamp>
			</report>
			<report>
				<misses>6853001</misses>
				<total>33</total>
				<timestamp>1985.406900</timestamp>
			</report>
			<report>
				<misses>6854001</misses>
				<total>33</total>
				<timestamp>1985.696642</timestamp>
			</report>
			<report>
				<misses>6855001</misses>
				<total>33</total>
				<timestamp>1985.986369</timestamp>
			</report>
			<report>
				<misses>6856001</misses>
				<total>33</total>
				<timestamp>1986.276028</timestamp>
			</report>
			<report>
				<misses>6857001</misses>
				<total>33</total>
				<timestamp>1986.565769</timestamp>
			</report>
			<report>
				<misses>6858001</misses>
				<total>33</total>
				<timestamp>1986.855594</timestamp>
			</report>
			<report>
				<misses>6859001</misses>
				<total>33</total>
				<timestamp>1987.145253</timestamp>
			</report>
			<report>
				<misses>6860001</misses>
				<total>33</total>
				<timestamp>1987.434978</timestamp>
			</report>
			<report>
				<misses>6861001</misses>
				<total>33</total>
				<timestamp>1987.724603</timestamp>
			</report>
			<report>
				<misses>6862001</misses>
				<total>33</total>
				<timestamp>1988.014384</timestamp>
			</report>
			<report>
				<misses>6863001</misses>
				<total>33</total>
				<timestamp>1988.304017</timestamp>
			</report>
			<report>
				<misses>6864001</misses>
				<total>33</total>
				<timestamp>1988.593793</timestamp>
			</report>
			<report>
				<misses>6865001</misses>
				<total>33</total>
				<timestamp>1988.883401</timestamp>
			</report>
			<report>
				<misses>6866001</misses>
				<total>33</total>
				<timestamp>1989.173264</timestamp>
			</report>
			<report>
				<misses>6867001</misses>
				<total>33</total>
				<timestamp>1989.462834</timestamp>
			</report>
			<report>
				<misses>6868001</misses>
				<total>33</total>
				<timestamp>1989.752576</timestamp>
			</report>
			<report>
				<misses>6869001</misses>
				<total>33</total>
				<timestamp>1990.042267</timestamp>
			</report>
			<report>
				<misses>6870001</misses>
				<total>33</total>
				<timestamp>1990.331951</timestamp>
			</report>
			<report>
				<misses>6871001</misses>
				<total>33</total>
				<timestamp>1990.621687</timestamp>
			</report>
			<report>
				<misses>6872001</misses>
				<total>33</total>
				<timestamp>1990.911473</timestamp>
			</report>
			<report>
				<misses>6873001</misses>
				<total>33</total>
				<timestamp>1991.201081</timestamp>
			</report>
			<report>
				<misses>6874001</misses>
				<total>33</total>
				<timestamp>1991.490793</timestamp>
			</report>
			<report>
				<misses>6875001</misses>
				<total>33</total>
				<timestamp>1991.780520</timestamp>
			</report>
			<report>
				<misses>6876001</misses>
				<total>33</total>
				<timestamp>1992.070201</timestamp>
			</report>
			<report>
				<misses>6877001</misses>
				<total>33</total>
				<timestamp>1992.359908</timestamp>
			</report>
			<report>
				<misses>6878001</misses>
				<total>33</total>
				<timestamp>1992.649622</timestamp>
			</report>
			<report>
				<misses>6879001</misses>
				<total>33</total>
				<timestamp>1992.939330</timestamp>
			</report>
			<report>
				<misses>6880001</misses>
				<total>33</total>
				<timestamp>1993.229089</timestamp>
			</report>
			<report>
				<misses>6881001</misses>
				<total>33</total>
				<timestamp>1993.518768</timestamp>
			</report>
			<report>
				<misses>6882001</misses>
				<total>33</total>
				<timestamp>1993.808527</timestamp>
			</report>
			<report>
				<misses>6883001</misses>
				<total>33</total>
				<timestamp>1994.098175</timestamp>
			</report>
			<report>
				<misses>6884001</misses>
				<total>33</total>
				<timestamp>1994.387916</timestamp>
			</report>
			<report>
				<misses>6885001</misses>
				<total>33</total>
				<timestamp>1994.677625</timestamp>
			</report>
			<report>
				<misses>6886001</misses>
				<total>33</total>
				<timestamp>1994.967289</timestamp>
			</report>
			<report>
				<misses>6887001</misses>
				<total>33</total>
				<timestamp>1995.257060</timestamp>
			</report>
			<report>
				<misses>6888001</misses>
				<total>33</total>
				<timestamp>1995.546714</timestamp>
			</report>
			<report>
				<misses>6889001</misses>
				<total>33</total>
				<timestamp>1995.836526</timestamp>
			</report>
			<report>
				<misses>6890001</misses>
				<total>33</total>
				<timestamp>1996.126242</timestamp>
			</report>
			<report>
				<misses>6891001</misses>
				<total>33</total>
				<timestamp>1996.415903</timestamp>
			</report>
			<report>
				<misses>6892001</misses>
				<total>33</total>
				<timestamp>1996.705597</timestamp>
			</report>
			<report>
				<misses>6893001</misses>
				<total>33</total>
				<timestamp>1996.995286</timestamp>
			</report>
			<report>
				<misses>6894001</misses>
				<total>33</total>
				<timestamp>1997.285053</timestamp>
			</report>
			<report>
				<misses>6895001</misses>
				<total>33</total>
				<timestamp>1997.574738</timestamp>
			</report>
			<report>
				<misses>6896001</misses>
				<total>33</total>
				<timestamp>1997.864455</timestamp>
			</report>
			<report>
				<misses>6897001</misses>
				<total>33</total>
				<timestamp>1998.154236</timestamp>
			</report>
			<report>
				<misses>6898001</misses>
				<total>33</total>
				<timestamp>1998.443834</timestamp>
			</report>
			<report>
				<misses>6899001</misses>
				<total>33</total>
				<timestamp>1998.733522</timestamp>
			</report>
			<report>
				<misses>6900001</misses>
				<total>33</total>
				<timestamp>1999.023252</timestamp>
			</report>
			<report>
				<misses>6901001</misses>
				<total>33</total>
				<timestamp>1999.313007</timestamp>
			</report>
			<report>
				<misses>6902001</misses>
				<total>33</total>
				<timestamp>1999.602673</timestamp>
			</report>
			<report>
				<misses>6903001</misses>
				<total>33</total>
				<timestamp>1999.892407</timestamp>
			</report>
			<report>
				<misses>6904001</misses>
				<total>33</total>
				<timestamp>2000.182092</timestamp>
			</report>
			<report>
				<misses>6905001</misses>
				<total>33</total>
				<timestamp>2000.471815</timestamp>
			</report>
			<report>
				<misses>6906001</misses>
				<total>33</total>
				<timestamp>2000.761513</timestamp>
			</report>
			<report>
				<misses>6907001</misses>
				<total>33</total>
				<timestamp>2001.051212</timestamp>
			</report>
			<report>
				<misses>6908001</misses>
				<total>33</total>
				<timestamp>2001.340947</timestamp>
			</report>
			<report>
				<misses>6909001</misses>
				<total>33</total>
				<timestamp>2001.630650</timestamp>
			</report>
			<report>
				<misses>6910001</misses>
				<total>33</total>
				<timestamp>2001.920342</timestamp>
			</report>
			<report>
				<misses>6911001</misses>
				<total>33</total>
				<timestamp>2002.210056</timestamp>
			</report>
			<report>
				<misses>6912001</misses>
				<total>33</total>
				<timestamp>2002.499875</timestamp>
			</report>
			<report>
				<misses>6913001</misses>
				<total>33</total>
				<timestamp>2002.789593</timestamp>
			</report>
			<report>
				<misses>6914001</misses>
				<total>33</total>
				<timestamp>2003.079304</timestamp>
			</report>
			<report>
				<misses>6915001</misses>
				<total>33</total>
				<timestamp>2003.369018</timestamp>
			</report>
			<report>
				<misses>6916001</misses>
				<total>33</total>
				<timestamp>2003.658688</timestamp>
			</report>
			<report>
				<misses>6917001</misses>
				<total>33</total>
				<timestamp>2003.948504</timestamp>
			</report>
			<report>
				<misses>6918001</misses>
				<total>33</total>
				<timestamp>2004.238153</timestamp>
			</report>
			<report>
				<misses>6919001</misses>
				<total>33</total>
				<timestamp>2004.527779</timestamp>
			</report>
			<report>
				<misses>6920001</misses>
				<total>33</total>
				<timestamp>2004.817496</timestamp>
			</report>
			<report>
				<misses>6921001</misses>
				<total>33</total>
				<timestamp>2005.107195</timestamp>
			</report>
			<report>
				<misses>6922001</misses>
				<total>33</total>
				<timestamp>2005.396882</timestamp>
			</report>
			<report>
				<misses>6923001</misses>
				<total>33</total>
				<timestamp>2005.686667</timestamp>
			</report>
			<report>
				<misses>6924001</misses>
				<total>33</total>
				<timestamp>2005.976355</timestamp>
			</report>
			<report>
				<misses>6925001</misses>
				<total>33</total>
				<timestamp>2006.266044</timestamp>
			</report>
			<report>
				<misses>6926001</misses>
				<total>33</total>
				<timestamp>2006.555832</timestamp>
			</report>
			<report>
				<misses>6927001</misses>
				<total>33</total>
				<timestamp>2006.845487</timestamp>
			</report>
			<report>
				<misses>6928001</misses>
				<total>33</total>
				<timestamp>2007.135162</timestamp>
			</report>
			<report>
				<misses>6929001</misses>
				<total>33</total>
				<timestamp>2007.424887</timestamp>
			</report>
			<report>
				<misses>6930001</misses>
				<total>33</total>
				<timestamp>2007.714615</timestamp>
			</report>
			<report>
				<misses>6931001</misses>
				<total>33</total>
				<timestamp>2008.004317</timestamp>
			</report>
			<report>
				<misses>6932001</misses>
				<total>33</total>
				<timestamp>2008.294104</timestamp>
			</report>
			<report>
				<misses>6933001</misses>
				<total>33</total>
				<timestamp>2008.583802</timestamp>
			</report>
			<report>
				<misses>6934001</misses>
				<total>33</total>
				<timestamp>2008.873469</timestamp>
			</report>
			<report>
				<misses>6935001</misses>
				<total>33</total>
				<timestamp>2009.163089</timestamp>
			</report>
			<report>
				<misses>6936001</misses>
				<total>33</total>
				<timestamp>2009.452809</timestamp>
			</report>
			<report>
				<misses>6937001</misses>
				<total>33</total>
				<timestamp>2009.742512</timestamp>
			</report>
			<report>
				<misses>6938001</misses>
				<total>33</total>
				<timestamp>2010.032241</timestamp>
			</report>
			<report>
				<misses>6939001</misses>
				<total>33</total>
				<timestamp>2010.321964</timestamp>
			</report>
			<report>
				<misses>6940001</misses>
				<total>33</total>
				<timestamp>2010.611665</timestamp>
			</report>
			<report>
				<misses>6941001</misses>
				<total>33</total>
				<timestamp>2010.901398</timestamp>
			</report>
			<report>
				<misses>6942001</misses>
				<total>33</total>
				<timestamp>2011.191060</timestamp>
			</report>
			<report>
				<misses>6943001</misses>
				<total>33</total>
				<timestamp>2011.480767</timestamp>
			</report>
			<report>
				<misses>6944001</misses>
				<total>33</total>
				<timestamp>2011.770497</timestamp>
			</report>
			<report>
				<misses>6945001</misses>
				<total>33</total>
				<timestamp>2012.060219</timestamp>
			</report>
			<report>
				<misses>6946001</misses>
				<total>33</total>
				<timestamp>2012.349916</timestamp>
			</report>
			<report>
				<misses>6947001</misses>
				<total>33</total>
				<timestamp>2012.639609</timestamp>
			</report>
			<report>
				<misses>6948001</misses>
				<total>33</total>
				<timestamp>2012.929350</timestamp>
			</report>
			<report>
				<misses>6949001</misses>
				<total>33</total>
				<timestamp>2013.219038</timestamp>
			</report>
			<report>
				<misses>6950001</misses>
				<total>33</total>
				<timestamp>2013.508731</timestamp>
			</report>
			<report>
				<misses>6951001</misses>
				<total>33</total>
				<timestamp>2013.798466</timestamp>
			</report>
			<report>
				<misses>6952001</misses>
				<total>33</total>
				<timestamp>2014.088161</timestamp>
			</report>
			<report>
				<misses>6953001</misses>
				<total>33</total>
				<timestamp>2014.377907</timestamp>
			</report>
			<report>
				<misses>6954001</misses>
				<total>33</total>
				<timestamp>2014.667607</timestamp>
			</report>
			<report>
				<misses>6955001</misses>
				<total>33</total>
				<timestamp>2014.957327</timestamp>
			</report>
			<report>
				<misses>6956001</misses>
				<total>33</total>
				<timestamp>2015.247002</timestamp>
			</report>
			<report>
				<misses>6957001</misses>
				<total>33</total>
				<timestamp>2015.536716</timestamp>
			</report>
			<report>
				<misses>6958001</misses>
				<total>33</total>
				<timestamp>2015.826423</timestamp>
			</report>
			<report>
				<misses>6959001</misses>
				<total>33</total>
				<timestamp>2016.116135</timestamp>
			</report>
			<report>
				<misses>6960001</misses>
				<total>33</total>
				<timestamp>2016.405917</timestamp>
			</report>
			<report>
				<misses>6961001</misses>
				<total>33</total>
				<timestamp>2016.695549</timestamp>
			</report>
			<report>
				<misses>6962001</misses>
				<total>33</total>
				<timestamp>2016.985349</timestamp>
			</report>
			<report>
				<misses>6963001</misses>
				<total>33</total>
				<timestamp>2017.275075</timestamp>
			</report>
			<report>
				<misses>6964001</misses>
				<total>33</total>
				<timestamp>2017.564790</timestamp>
			</report>
			<report>
				<misses>6965001</misses>
				<total>33</total>
				<timestamp>2017.854469</timestamp>
			</report>
			<report>
				<misses>6966001</misses>
				<total>33</total>
				<timestamp>2018.144223</timestamp>
			</report>
			<report>
				<misses>6967001</misses>
				<total>33</total>
				<timestamp>2018.433981</timestamp>
			</report>
			<report>
				<misses>6968001</misses>
				<total>33</total>
				<timestamp>2018.723596</timestamp>
			</report>
			<report>
				<misses>6969001</misses>
				<total>33</total>
				<timestamp>2019.013345</timestamp>
			</report>
			<report>
				<misses>6970001</misses>
				<total>33</total>
				<timestamp>2019.303088</timestamp>
			</report>
			<report>
				<misses>6971001</misses>
				<total>33</total>
				<timestamp>2019.592711</timestamp>
			</report>
			<report>
				<misses>6972001</misses>
				<total>33</total>
				<timestamp>2019.882446</timestamp>
			</report>
			<report>
				<misses>6973001</misses>
				<total>33</total>
				<timestamp>2020.172124</timestamp>
			</report>
			<report>
				<misses>6974001</misses>
				<total>33</total>
				<timestamp>2020.461861</timestamp>
			</report>
			<report>
				<misses>6975001</misses>
				<total>33</total>
				<timestamp>2020.751598</timestamp>
			</report>
			<report>
				<misses>6976001</misses>
				<total>33</total>
				<timestamp>2021.041297</timestamp>
			</report>
			<report>
				<misses>6977001</misses>
				<total>33</total>
				<timestamp>2021.331046</timestamp>
			</report>
			<report>
				<misses>6978001</misses>
				<total>33</total>
				<timestamp>2021.620697</timestamp>
			</report>
			<report>
				<misses>6979001</misses>
				<total>33</total>
				<timestamp>2021.910494</timestamp>
			</report>
			<report>
				<misses>6980001</misses>
				<total>33</total>
				<timestamp>2022.200152</timestamp>
			</report>
			<report>
				<misses>6981001</misses>
				<total>33</total>
				<timestamp>2022.489779</timestamp>
			</report>
			<report>
				<misses>6982001</misses>
				<total>33</total>
				<timestamp>2022.779549</timestamp>
			</report>
			<report>
				<misses>6983001</misses>
				<total>33</total>
				<timestamp>2023.069312</timestamp>
			</report>
			<report>
				<misses>6984001</misses>
				<total>33</total>
				<timestamp>2023.358905</timestamp>
			</report>
			<report>
				<misses>6985001</misses>
				<total>33</total>
				<timestamp>2023.648692</timestamp>
			</report>
			<report>
				<misses>6986001</misses>
				<total>33</total>
				<timestamp>2023.938428</timestamp>
			</report>
			<report>
				<misses>6987001</misses>
				<total>33</total>
				<timestamp>2024.228096</timestamp>
			</report>
			<report>
				<misses>6988001</misses>
				<total>33</total>
				<timestamp>2024.517756</timestamp>
			</report>
			<report>
				<misses>6989001</misses>
				<total>33</total>
				<timestamp>2024.807507</timestamp>
			</report>
			<report>
				<misses>6990001</misses>
				<total>33</total>
				<timestamp>2025.097245</timestamp>
			</report>
			<report>
				<misses>6991001</misses>
				<total>33</total>
				<timestamp>2025.386930</timestamp>
			</report>
			<report>
				<misses>6992001</misses>
				<total>33</total>
				<timestamp>2025.676593</timestamp>
			</report>
			<report>
				<misses>6993001</misses>
				<total>33</total>
				<timestamp>2025.966387</timestamp>
			</report>
			<report>
				<misses>6994001</misses>
				<total>33</total>
				<timestamp>2026.256067</timestamp>
			</report>
			<report>
				<misses>6995001</misses>
				<total>33</total>
				<timestamp>2026.545716</timestamp>
			</report>
			<report>
				<misses>6996001</misses>
				<total>33</total>
				<timestamp>2026.835411</timestamp>
			</report>
			<report>
				<misses>6997001</misses>
				<total>33</total>
				<timestamp>2027.125121</timestamp>
			</report>
			<report>
				<misses>6998001</misses>
				<total>33</total>
				<timestamp>2027.414818</timestamp>
			</report>
			<report>
				<misses>6999001</misses>
				<total>33</total>
				<timestamp>2027.704540</timestamp>
			</report>
			<report>
				<misses>7000001</misses>
				<total>33</total>
				<timestamp>2027.994267</timestamp>
			</report>
			<report>
				<misses>7001001</misses>
				<total>33</total>
				<timestamp>2028.283940</timestamp>
			</report>
			<report>
				<misses>7002001</misses>
				<total>33</total>
				<timestamp>2028.573678</timestamp>
			</report>
			<report>
				<misses>7003001</misses>
				<total>33</total>
				<timestamp>2028.863363</timestamp>
			</report>
			<report>
				<misses>7004001</misses>
				<total>33</total>
				<timestamp>2029.153107</timestamp>
			</report>
			<report>
				<misses>7005001</misses>
				<total>33</total>
				<timestamp>2029.442799</timestamp>
			</report>
			<report>
				<misses>7006001</misses>
				<total>33</total>
				<timestamp>2029.732490</timestamp>
			</report>
			<report>
				<misses>7007001</misses>
				<total>33</total>
				<timestamp>2030.022296</timestamp>
			</report>
			<report>
				<misses>7008001</misses>
				<total>33</total>
				<timestamp>2030.311935</timestamp>
			</report>
			<report>
				<misses>7009001</misses>
				<total>33</total>
				<timestamp>2030.601629</timestamp>
			</report>
			<report>
				<misses>7010001</misses>
				<total>33</total>
				<timestamp>2030.891336</timestamp>
			</report>
			<report>
				<misses>7011001</misses>
				<total>33</total>
				<timestamp>2031.181100</timestamp>
			</report>
			<report>
				<misses>7012001</misses>
				<total>33</total>
				<timestamp>2031.470812</timestamp>
			</report>
			<report>
				<misses>7013001</misses>
				<total>33</total>
				<timestamp>2031.760465</timestamp>
			</report>
			<report>
				<misses>7014001</misses>
				<total>33</total>
				<timestamp>2032.050191</timestamp>
			</report>
			<report>
				<misses>7015001</misses>
				<total>33</total>
				<timestamp>2032.339887</timestamp>
			</report>
			<report>
				<misses>7016001</misses>
				<total>33</total>
				<timestamp>2032.629636</timestamp>
			</report>
			<report>
				<misses>7017001</misses>
				<total>33</total>
				<timestamp>2032.919312</timestamp>
			</report>
			<report>
				<misses>7018001</misses>
				<total>33</total>
				<timestamp>2033.209085</timestamp>
			</report>
			<report>
				<misses>7019001</misses>
				<total>33</total>
				<timestamp>2033.498753</timestamp>
			</report>
			<report>
				<misses>7020001</misses>
				<total>33</total>
				<timestamp>2033.788444</timestamp>
			</report>
			<report>
				<misses>7021001</misses>
				<total>33</total>
				<timestamp>2034.078173</timestamp>
			</report>
			<report>
				<misses>7022001</misses>
				<total>33</total>
				<timestamp>2034.367876</timestamp>
			</report>
			<report>
				<misses>7023001</misses>
				<total>33</total>
				<timestamp>2034.657570</timestamp>
			</report>
			<report>
				<misses>7024001</misses>
				<total>33</total>
				<timestamp>2034.947287</timestamp>
			</report>
			<report>
				<misses>7025001</misses>
				<total>33</total>
				<timestamp>2035.237018</timestamp>
			</report>
			<report>
				<misses>7026001</misses>
				<total>33</total>
				<timestamp>2035.526734</timestamp>
			</report>
			<report>
				<misses>7027001</misses>
				<total>33</total>
				<timestamp>2035.816432</timestamp>
			</report>
			<report>
				<misses>7028001</misses>
				<total>33</total>
				<timestamp>2036.106148</timestamp>
			</report>
			<report>
				<misses>7029001</misses>
				<total>33</total>
				<timestamp>2036.395857</timestamp>
			</report>
			<report>
				<misses>7030001</misses>
				<total>33</total>
				<timestamp>2036.685548</timestamp>
			</report>
			<report>
				<misses>7031001</misses>
				<total>33</total>
				<timestamp>2036.975265</timestamp>
			</report>
			<report>
				<misses>7032001</misses>
				<total>33</total>
				<timestamp>2037.264980</timestamp>
			</report>
			<report>
				<misses>7033001</misses>
				<total>33</total>
				<timestamp>2037.554689</timestamp>
			</report>
			<report>
				<misses>7034001</misses>
				<total>33</total>
				<timestamp>2037.844380</timestamp>
			</report>
			<report>
				<misses>7035001</misses>
				<total>33</total>
				<timestamp>2038.134243</timestamp>
			</report>
			<report>
				<misses>7036001</misses>
				<total>33</total>
				<timestamp>2038.423818</timestamp>
			</report>
			<report>
				<misses>7037001</misses>
				<total>33</total>
				<timestamp>2038.713527</timestamp>
			</report>
			<report>
				<misses>7038001</misses>
				<total>33</total>
				<timestamp>2039.003259</timestamp>
			</report>
			<report>
				<misses>7039001</misses>
				<total>33</total>
				<timestamp>2039.292940</timestamp>
			</report>
			<report>
				<misses>7040001</misses>
				<total>33</total>
				<timestamp>2039.582664</timestamp>
			</report>
			<report>
				<misses>7041001</misses>
				<total>33</total>
				<timestamp>2039.872378</timestamp>
			</report>
			<report>
				<misses>7042001</misses>
				<total>33</total>
				<timestamp>2040.162075</timestamp>
			</report>
			<report>
				<misses>7043001</misses>
				<total>33</total>
				<timestamp>2040.451803</timestamp>
			</report>
			<report>
				<misses>7044001</misses>
				<total>33</total>
				<timestamp>2040.741492</timestamp>
			</report>
			<report>
				<misses>7045001</misses>
				<total>33</total>
				<timestamp>2041.031240</timestamp>
			</report>
			<report>
				<misses>7046001</misses>
				<total>33</total>
				<timestamp>2041.320929</timestamp>
			</report>
			<report>
				<misses>7047001</misses>
				<total>33</total>
				<timestamp>2041.610648</timestamp>
			</report>
			<report>
				<misses>7048001</misses>
				<total>33</total>
				<timestamp>2041.900325</timestamp>
			</report>
			<report>
				<misses>7049001</misses>
				<total>33</total>
				<timestamp>2042.190052</timestamp>
			</report>
			<report>
				<misses>7050001</misses>
				<total>33</total>
				<timestamp>2042.479769</timestamp>
			</report>
			<report>
				<misses>7051001</misses>
				<total>33</total>
				<timestamp>2042.769469</timestamp>
			</report>
			<report>
				<misses>7052001</misses>
				<total>33</total>
				<timestamp>2043.059195</timestamp>
			</report>
			<report>
				<misses>7053001</misses>
				<total>33</total>
				<timestamp>2043.348866</timestamp>
			</report>
			<report>
				<misses>7054001</misses>
				<total>33</total>
				<timestamp>2043.638603</timestamp>
			</report>
			<report>
				<misses>7055001</misses>
				<total>33</total>
				<timestamp>2043.928338</timestamp>
			</report>
			<report>
				<misses>7056001</misses>
				<total>33</total>
				<timestamp>2044.218089</timestamp>
			</report>
			<report>
				<misses>7057001</misses>
				<total>33</total>
				<timestamp>2044.507859</timestamp>
			</report>
			<report>
				<misses>7058001</misses>
				<total>33</total>
				<timestamp>2044.797533</timestamp>
			</report>
			<report>
				<misses>7059001</misses>
				<total>33</total>
				<timestamp>2045.087264</timestamp>
			</report>
			<report>
				<misses>7060001</misses>
				<total>33</total>
				<timestamp>2045.377031</timestamp>
			</report>
			<report>
				<misses>7061001</misses>
				<total>33</total>
				<timestamp>2045.666667</timestamp>
			</report>
			<report>
				<misses>7062001</misses>
				<total>33</total>
				<timestamp>2045.956397</timestamp>
			</report>
			<report>
				<misses>7063001</misses>
				<total>33</total>
				<timestamp>2046.246135</timestamp>
			</report>
			<report>
				<misses>7064001</misses>
				<total>33</total>
				<timestamp>2046.535842</timestamp>
			</report>
			<report>
				<misses>7065001</misses>
				<total>33</total>
				<timestamp>2046.825417</timestamp>
			</report>
			<report>
				<misses>7066001</misses>
				<total>33</total>
				<timestamp>2047.115175</timestamp>
			</report>
			<report>
				<misses>7067001</misses>
				<total>33</total>
				<timestamp>2047.404949</timestamp>
			</report>
			<report>
				<misses>7068001</misses>
				<total>33</total>
				<timestamp>2047.694609</timestamp>
			</report>
			<report>
				<misses>7069001</misses>
				<total>33</total>
				<timestamp>2047.984319</timestamp>
			</report>
			<report>
				<misses>7070001</misses>
				<total>33</total>
				<timestamp>2048.274035</timestamp>
			</report>
			<report>
				<misses>7071001</misses>
				<total>33</total>
				<timestamp>2048.563757</timestamp>
			</report>
			<report>
				<misses>7072001</misses>
				<total>33</total>
				<timestamp>2048.853369</timestamp>
			</report>
			<report>
				<misses>7073001</misses>
				<total>33</total>
				<timestamp>2049.143075</timestamp>
			</report>
			<report>
				<misses>7074001</misses>
				<total>33</total>
				<timestamp>2049.432815</timestamp>
			</report>
			<report>
				<misses>7075001</misses>
				<total>33</total>
				<timestamp>2049.722482</timestamp>
			</report>
			<report>
				<misses>7076001</misses>
				<total>33</total>
				<timestamp>2050.012225</timestamp>
			</report>
			<report>
				<misses>7077001</misses>
				<total>33</total>
				<timestamp>2050.301916</timestamp>
			</report>
			<report>
				<misses>7078001</misses>
				<total>33</total>
				<timestamp>2050.591619</timestamp>
			</report>
			<report>
				<misses>7079001</misses>
				<total>33</total>
				<timestamp>2050.881332</timestamp>
			</report>
			<report>
				<misses>7080001</misses>
				<total>33</total>
				<timestamp>2051.171035</timestamp>
			</report>
			<report>
				<misses>7081001</misses>
				<total>33</total>
				<timestamp>2051.460793</timestamp>
			</report>
			<report>
				<misses>7082001</misses>
				<total>33</total>
				<timestamp>2051.750455</timestamp>
			</report>
			<report>
				<misses>7083001</misses>
				<total>33</total>
				<timestamp>2052.040209</timestamp>
			</report>
			<report>
				<misses>7084001</misses>
				<total>33</total>
				<timestamp>2052.329890</timestamp>
			</report>
			<report>
				<misses>7085001</misses>
				<total>33</total>
				<timestamp>2052.619592</timestamp>
			</report>
			<report>
				<misses>7086001</misses>
				<total>33</total>
				<timestamp>2052.909293</timestamp>
			</report>
			<report>
				<misses>7087001</misses>
				<total>33</total>
				<timestamp>2053.199013</timestamp>
			</report>
			<report>
				<misses>7088001</misses>
				<total>33</total>
				<timestamp>2053.488756</timestamp>
			</report>
			<report>
				<misses>7089001</misses>
				<total>33</total>
				<timestamp>2053.778434</timestamp>
			</report>
			<report>
				<misses>7090001</misses>
				<total>33</total>
				<timestamp>2054.068196</timestamp>
			</report>
			<report>
				<misses>7091001</misses>
				<total>33</total>
				<timestamp>2054.357889</timestamp>
			</report>
			<report>
				<misses>7092001</misses>
				<total>33</total>
				<timestamp>2054.647559</timestamp>
			</report>
			<report>
				<misses>7093001</misses>
				<total>33</total>
				<timestamp>2054.937280</timestamp>
			</report>
			<report>
				<misses>7094001</misses>
				<total>33</total>
				<timestamp>2055.227012</timestamp>
			</report>
			<report>
				<misses>7095001</misses>
				<total>33</total>
				<timestamp>2055.516733</timestamp>
			</report>
			<report>
				<misses>7096001</misses>
				<total>33</total>
				<timestamp>2055.806409</timestamp>
			</report>
			<report>
				<misses>7097001</misses>
				<total>33</total>
				<timestamp>2056.096123</timestamp>
			</report>
			<report>
				<misses>7098001</misses>
				<total>34</total>
				<timestamp>2056.385811</timestamp>
			</report>
			<report>
				<misses>7099001</misses>
				<total>34</total>
				<timestamp>2056.675529</timestamp>
			</report>
			<report>
				<misses>7100001</misses>
				<total>34</total>
				<timestamp>2056.965371</timestamp>
			</report>
			<report>
				<misses>7101001</misses>
				<total>34</total>
				<timestamp>2057.255013</timestamp>
			</report>
			<report>
				<misses>7102001</misses>
				<total>34</total>
				<timestamp>2057.544661</timestamp>
			</report>
			<report>
				<misses>7103001</misses>
				<total>34</total>
				<timestamp>2057.834373</timestamp>
			</report>
			<report>
				<misses>7104001</misses>
				<total>34</total>
				<timestamp>2058.124115</timestamp>
			</report>
			<report>
				<misses>7105001</misses>
				<total>34</total>
				<timestamp>2058.413828</timestamp>
			</report>
			<report>
				<misses>7106001</misses>
				<total>34</total>
				<timestamp>2058.703520</timestamp>
			</report>
			<report>
				<misses>7107001</misses>
				<total>34</total>
				<timestamp>2058.993231</timestamp>
			</report>
			<report>
				<misses>7108001</misses>
				<total>34</total>
				<timestamp>2059.282967</timestamp>
			</report>
			<report>
				<misses>7109001</misses>
				<total>34</total>
				<timestamp>2059.572676</timestamp>
			</report>
			<report>
				<misses>7110001</misses>
				<total>34</total>
				<timestamp>2059.862347</timestamp>
			</report>
			<report>
				<misses>7111001</misses>
				<total>35</total>
				<timestamp>2060.152135</timestamp>
			</report>
			<report>
				<misses>7112001</misses>
				<total>35</total>
				<timestamp>2060.441792</timestamp>
			</report>
			<report>
				<misses>7113001</misses>
				<total>35</total>
				<timestamp>2060.731608</timestamp>
			</report>
			<report>
				<misses>7114001</misses>
				<total>35</total>
				<timestamp>2061.021212</timestamp>
			</report>
			<report>
				<misses>7115001</misses>
				<total>35</total>
				<timestamp>2061.310953</timestamp>
			</report>
			<report>
				<misses>7116001</misses>
				<total>35</total>
				<timestamp>2061.600645</timestamp>
			</report>
			<report>
				<misses>7117001</misses>
				<total>35</total>
				<timestamp>2061.890316</timestamp>
			</report>
			<report>
				<misses>7118001</misses>
				<total>35</total>
				<timestamp>2062.180056</timestamp>
			</report>
			<report>
				<misses>7119001</misses>
				<total>35</total>
				<timestamp>2062.469863</timestamp>
			</report>
			<report>
				<misses>7120001</misses>
				<total>35</total>
				<timestamp>2062.759455</timestamp>
			</report>
			<report>
				<misses>7121001</misses>
				<total>35</total>
				<timestamp>2063.049286</timestamp>
			</report>
			<report>
				<misses>7122001</misses>
				<total>35</total>
				<timestamp>2063.338905</timestamp>
			</report>
			<report>
				<misses>7123001</misses>
				<total>35</total>
				<timestamp>2063.628619</timestamp>
			</report>
			<report>
				<misses>7124001</misses>
				<total>35</total>
				<timestamp>2063.918274</timestamp>
			</report>
			<report>
				<misses>7125001</misses>
				<total>35</total>
				<timestamp>2064.208012</timestamp>
			</report>
			<report>
				<misses>7126001</misses>
				<total>35</total>
				<timestamp>2064.497705</timestamp>
			</report>
			<report>
				<misses>7127001</misses>
				<total>35</total>
				<timestamp>2064.787429</timestamp>
			</report>
			<report>
				<misses>7128001</misses>
				<total>35</total>
				<timestamp>2065.077236</timestamp>
			</report>
			<report>
				<misses>7129001</misses>
				<total>35</total>
				<timestamp>2065.366954</timestamp>
			</report>
			<report>
				<misses>7130001</misses>
				<total>35</total>
				<timestamp>2065.656592</timestamp>
			</report>
			<report>
				<misses>7131001</misses>
				<total>35</total>
				<timestamp>2065.946393</timestamp>
			</report>
			<report>
				<misses>7132001</misses>
				<total>35</total>
				<timestamp>2066.236055</timestamp>
			</report>
			<report>
				<misses>7133001</misses>
				<total>35</total>
				<timestamp>2066.525677</timestamp>
			</report>
			<report>
				<misses>7134001</misses>
				<total>35</total>
				<timestamp>2066.815463</timestamp>
			</report>
			<report>
				<misses>7135001</misses>
				<total>35</total>
				<timestamp>2067.105255</timestamp>
			</report>
			<report>
				<misses>7136001</misses>
				<total>35</total>
				<timestamp>2067.394920</timestamp>
			</report>
			<report>
				<misses>7137001</misses>
				<total>35</total>
				<timestamp>2067.684549</timestamp>
			</report>
			<report>
				<misses>7138001</misses>
				<total>35</total>
				<timestamp>2067.974304</timestamp>
			</report>
			<report>
				<misses>7139001</misses>
				<total>35</total>
				<timestamp>2068.264039</timestamp>
			</report>
			<report>
				<misses>7140001</misses>
				<total>35</total>
				<timestamp>2068.553694</timestamp>
			</report>
			<report>
				<misses>7141001</misses>
				<total>35</total>
				<timestamp>2068.843483</timestamp>
			</report>
			<report>
				<misses>7142001</misses>
				<total>35</total>
				<timestamp>2069.133109</timestamp>
			</report>
			<report>
				<misses>7143001</misses>
				<total>35</total>
				<timestamp>2069.422779</timestamp>
			</report>
			<report>
				<misses>7144001</misses>
				<total>35</total>
				<timestamp>2069.712483</timestamp>
			</report>
			<report>
				<misses>7145001</misses>
				<total>35</total>
				<timestamp>2070.002214</timestamp>
			</report>
			<report>
				<misses>7146001</misses>
				<total>35</total>
				<timestamp>2070.291932</timestamp>
			</report>
			<report>
				<misses>7147001</misses>
				<total>35</total>
				<timestamp>2070.581616</timestamp>
			</report>
			<report>
				<misses>7148001</misses>
				<total>35</total>
				<timestamp>2070.871320</timestamp>
			</report>
			<report>
				<misses>7149001</misses>
				<total>35</total>
				<timestamp>2071.161046</timestamp>
			</report>
			<report>
				<misses>7150001</misses>
				<total>35</total>
				<timestamp>2071.450775</timestamp>
			</report>
			<report>
				<misses>7151001</misses>
				<total>35</total>
				<timestamp>2071.740458</timestamp>
			</report>
			<report>
				<misses>7152001</misses>
				<total>35</total>
				<timestamp>2072.030165</timestamp>
			</report>
			<report>
				<misses>7153001</misses>
				<total>35</total>
				<timestamp>2072.319900</timestamp>
			</report>
			<report>
				<misses>7154001</misses>
				<total>35</total>
				<timestamp>2072.609596</timestamp>
			</report>
			<report>
				<misses>7155001</misses>
				<total>35</total>
				<timestamp>2072.899303</timestamp>
			</report>
			<report>
				<misses>7156001</misses>
				<total>35</total>
				<timestamp>2073.189036</timestamp>
			</report>
			<report>
				<misses>7157001</misses>
				<total>35</total>
				<timestamp>2073.478725</timestamp>
			</report>
			<report>
				<misses>7158001</misses>
				<total>35</total>
				<timestamp>2073.768433</timestamp>
			</report>
			<report>
				<misses>7159001</misses>
				<total>35</total>
				<timestamp>2074.058142</timestamp>
			</report>
			<report>
				<misses>7160001</misses>
				<total>35</total>
				<timestamp>2074.347907</timestamp>
			</report>
			<report>
				<misses>7161001</misses>
				<total>35</total>
				<timestamp>2074.637608</timestamp>
			</report>
			<report>
				<misses>7162001</misses>
				<total>35</total>
				<timestamp>2074.927365</timestamp>
			</report>
			<report>
				<misses>7163001</misses>
				<total>35</total>
				<timestamp>2075.216995</timestamp>
			</report>
			<report>
				<misses>7164001</misses>
				<total>35</total>
				<timestamp>2075.506685</timestamp>
			</report>
			<report>
				<misses>7165001</misses>
				<total>35</total>
				<timestamp>2075.796410</timestamp>
			</report>
			<report>
				<misses>7166001</misses>
				<total>35</total>
				<timestamp>2076.086198</timestamp>
			</report>
			<report>
				<misses>7167001</misses>
				<total>35</total>
				<timestamp>2076.375956</timestamp>
			</report>
			<report>
				<misses>7168001</misses>
				<total>35</total>
				<timestamp>2076.665559</timestamp>
			</report>
			<report>
				<misses>7169001</misses>
				<total>35</total>
				<timestamp>2076.955347</timestamp>
			</report>
			<report>
				<misses>7170001</misses>
				<total>35</total>
				<timestamp>2077.245058</timestamp>
			</report>
			<report>
				<misses>7171001</misses>
				<total>35</total>
				<timestamp>2077.534798</timestamp>
			</report>
			<report>
				<misses>7172001</misses>
				<total>35</total>
				<timestamp>2077.824425</timestamp>
			</report>
			<report>
				<misses>7173001</misses>
				<total>35</total>
				<timestamp>2078.114196</timestamp>
			</report>
			<report>
				<misses>7174001</misses>
				<total>35</total>
				<timestamp>2078.403824</timestamp>
			</report>
			<report>
				<misses>7175001</misses>
				<total>35</total>
				<timestamp>2078.693628</timestamp>
			</report>
			<report>
				<misses>7176001</misses>
				<total>35</total>
				<timestamp>2078.983265</timestamp>
			</report>
			<report>
				<misses>7177001</misses>
				<total>35</total>
				<timestamp>2079.272922</timestamp>
			</report>
			<report>
				<misses>7178001</misses>
				<total>35</total>
				<timestamp>2079.562765</timestamp>
			</report>
			<report>
				<misses>7179001</misses>
				<total>35</total>
				<timestamp>2079.852422</timestamp>
			</report>
			<report>
				<misses>7180001</misses>
				<total>35</total>
				<timestamp>2080.142048</timestamp>
			</report>
			<report>
				<misses>7181001</misses>
				<total>35</total>
				<timestamp>2080.431794</timestamp>
			</report>
			<report>
				<misses>7182001</misses>
				<total>35</total>
				<timestamp>2080.721516</timestamp>
			</report>
			<report>
				<misses>7183001</misses>
				<total>35</total>
				<timestamp>2081.011178</timestamp>
			</report>
			<report>
				<misses>7184001</misses>
				<total>35</total>
				<timestamp>2081.300879</timestamp>
			</report>
			<report>
				<misses>7185001</misses>
				<total>35</total>
				<timestamp>2081.590611</timestamp>
			</report>
			<report>
				<misses>7186001</misses>
				<total>35</total>
				<timestamp>2081.880310</timestamp>
			</report>
			<report>
				<misses>7187001</misses>
				<total>35</total>
				<timestamp>2082.170018</timestamp>
			</report>
			<report>
				<misses>7188001</misses>
				<total>35</total>
				<timestamp>2082.459753</timestamp>
			</report>
			<report>
				<misses>7189001</misses>
				<total>35</total>
				<timestamp>2082.749430</timestamp>
			</report>
			<report>
				<misses>7190001</misses>
				<total>35</total>
				<timestamp>2083.039166</timestamp>
			</report>
			<report>
				<misses>7191001</misses>
				<total>35</total>
				<timestamp>2083.328876</timestamp>
			</report>
			<report>
				<misses>7192001</misses>
				<total>35</total>
				<timestamp>2083.618558</timestamp>
			</report>
			<report>
				<misses>7193001</misses>
				<total>35</total>
				<timestamp>2083.908290</timestamp>
			</report>
			<report>
				<misses>7194001</misses>
				<total>35</total>
				<timestamp>2084.197995</timestamp>
			</report>
			<report>
				<misses>7195001</misses>
				<total>35</total>
				<timestamp>2084.487733</timestamp>
			</report>
			<report>
				<misses>7196001</misses>
				<total>35</total>
				<timestamp>2084.777408</timestamp>
			</report>
			<report>
				<misses>7197001</misses>
				<total>35</total>
				<timestamp>2085.067120</timestamp>
			</report>
			<report>
				<misses>7198001</misses>
				<total>35</total>
				<timestamp>2085.356818</timestamp>
			</report>
			<report>
				<misses>7199001</misses>
				<total>35</total>
				<timestamp>2085.646557</timestamp>
			</report>
			<report>
				<misses>7200001</misses>
				<total>35</total>
				<timestamp>2085.936259</timestamp>
			</report>
			<report>
				<misses>7201001</misses>
				<total>35</total>
				<timestamp>2086.225957</timestamp>
			</report>
			<report>
				<misses>7202001</misses>
				<total>35</total>
				<timestamp>2086.515686</timestamp>
			</report>
			<report>
				<misses>7203001</misses>
				<total>35</total>
				<timestamp>2086.805365</timestamp>
			</report>
			<report>
				<misses>7204001</misses>
				<total>35</total>
				<timestamp>2087.095093</timestamp>
			</report>
			<report>
				<misses>7205001</misses>
				<total>35</total>
				<timestamp>2087.384833</timestamp>
			</report>
			<report>
				<misses>7206001</misses>
				<total>35</total>
				<timestamp>2087.674550</timestamp>
			</report>
			<report>
				<misses>7207001</misses>
				<total>35</total>
				<timestamp>2087.964208</timestamp>
			</report>
			<report>
				<misses>7208001</misses>
				<total>35</total>
				<timestamp>2088.253932</timestamp>
			</report>
			<report>
				<misses>7209001</misses>
				<total>35</total>
				<timestamp>2088.543684</timestamp>
			</report>
			<report>
				<misses>7210001</misses>
				<total>35</total>
				<timestamp>2088.833358</timestamp>
			</report>
			<report>
				<misses>7211001</misses>
				<total>35</total>
				<timestamp>2089.123061</timestamp>
			</report>
			<report>
				<misses>7212001</misses>
				<total>35</total>
				<timestamp>2089.412818</timestamp>
			</report>
			<report>
				<misses>7213001</misses>
				<total>35</total>
				<timestamp>2089.702471</timestamp>
			</report>
			<report>
				<misses>7214001</misses>
				<total>35</total>
				<timestamp>2089.992187</timestamp>
			</report>
			<report>
				<misses>7215001</misses>
				<total>35</total>
				<timestamp>2090.281911</timestamp>
			</report>
			<report>
				<misses>7216001</misses>
				<total>35</total>
				<timestamp>2090.571622</timestamp>
			</report>
			<report>
				<misses>7217001</misses>
				<total>35</total>
				<timestamp>2090.861332</timestamp>
			</report>
			<report>
				<misses>7218001</misses>
				<total>35</total>
				<timestamp>2091.151051</timestamp>
			</report>
			<report>
				<misses>7219001</misses>
				<total>35</total>
				<timestamp>2091.440793</timestamp>
			</report>
			<report>
				<misses>7220001</misses>
				<total>35</total>
				<timestamp>2091.730469</timestamp>
			</report>
			<report>
				<misses>7221001</misses>
				<total>35</total>
				<timestamp>2092.020278</timestamp>
			</report>
			<report>
				<misses>7222001</misses>
				<total>35</total>
				<timestamp>2092.309883</timestamp>
			</report>
			<report>
				<misses>7223001</misses>
				<total>35</total>
				<timestamp>2092.599680</timestamp>
			</report>
			<report>
				<misses>7224001</misses>
				<total>35</total>
				<timestamp>2092.889332</timestamp>
			</report>
			<report>
				<misses>7225001</misses>
				<total>35</total>
				<timestamp>2093.179034</timestamp>
			</report>
			<report>
				<misses>7226001</misses>
				<total>35</total>
				<timestamp>2093.468836</timestamp>
			</report>
			<report>
				<misses>7227001</misses>
				<total>35</total>
				<timestamp>2093.758520</timestamp>
			</report>
			<report>
				<misses>7228001</misses>
				<total>35</total>
				<timestamp>2094.048203</timestamp>
			</report>
			<report>
				<misses>7229001</misses>
				<total>35</total>
				<timestamp>2094.337941</timestamp>
			</report>
			<report>
				<misses>7230001</misses>
				<total>35</total>
				<timestamp>2094.627581</timestamp>
			</report>
			<report>
				<misses>7231001</misses>
				<total>35</total>
				<timestamp>2094.917338</timestamp>
			</report>
			<report>
				<misses>7232001</misses>
				<total>35</total>
				<timestamp>2095.207011</timestamp>
			</report>
			<report>
				<misses>7233001</misses>
				<total>35</total>
				<timestamp>2095.496820</timestamp>
			</report>
			<report>
				<misses>7234001</misses>
				<total>35</total>
				<timestamp>2095.786501</timestamp>
			</report>
			<report>
				<misses>7235001</misses>
				<total>35</total>
				<timestamp>2096.076130</timestamp>
			</report>
			<report>
				<misses>7236001</misses>
				<total>35</total>
				<timestamp>2096.365874</timestamp>
			</report>
			<report>
				<misses>7237001</misses>
				<total>35</total>
				<timestamp>2096.655557</timestamp>
			</report>
			<report>
				<misses>7238001</misses>
				<total>35</total>
				<timestamp>2096.945356</timestamp>
			</report>
			<report>
				<misses>7239001</misses>
				<total>35</total>
				<timestamp>2097.234976</timestamp>
			</report>
			<report>
				<misses>7240001</misses>
				<total>35</total>
				<timestamp>2097.524777</timestamp>
			</report>
			<report>
				<misses>7241001</misses>
				<total>35</total>
				<timestamp>2097.814350</timestamp>
			</report>
			<report>
				<misses>7242001</misses>
				<total>35</total>
				<timestamp>2098.104140</timestamp>
			</report>
			<report>
				<misses>7243001</misses>
				<total>35</total>
				<timestamp>2098.393906</timestamp>
			</report>
			<report>
				<misses>7244001</misses>
				<total>35</total>
				<timestamp>2098.683523</timestamp>
			</report>
			<report>
				<misses>7245001</misses>
				<total>35</total>
				<timestamp>2098.973273</timestamp>
			</report>
			<report>
				<misses>7246001</misses>
				<total>35</total>
				<timestamp>2099.263010</timestamp>
			</report>
			<report>
				<misses>7247001</misses>
				<total>35</total>
				<timestamp>2099.552673</timestamp>
			</report>
			<report>
				<misses>7248001</misses>
				<total>35</total>
				<timestamp>2099.842443</timestamp>
			</report>
			<report>
				<misses>7249001</misses>
				<total>35</total>
				<timestamp>2100.132100</timestamp>
			</report>
			<report>
				<misses>7250001</misses>
				<total>35</total>
				<timestamp>2100.421880</timestamp>
			</report>
			<report>
				<misses>7251001</misses>
				<total>35</total>
				<timestamp>2100.711465</timestamp>
			</report>
			<report>
				<misses>7252001</misses>
				<total>35</total>
				<timestamp>2101.001178</timestamp>
			</report>
			<report>
				<misses>7253001</misses>
				<total>35</total>
				<timestamp>2101.290886</timestamp>
			</report>
			<report>
				<misses>7254001</misses>
				<total>35</total>
				<timestamp>2101.580641</timestamp>
			</report>
			<report>
				<misses>7255001</misses>
				<total>35</total>
				<timestamp>2101.870288</timestamp>
			</report>
			<report>
				<misses>7256001</misses>
				<total>35</total>
				<timestamp>2102.160000</timestamp>
			</report>
			<report>
				<misses>7257001</misses>
				<total>35</total>
				<timestamp>2102.449737</timestamp>
			</report>
			<report>
				<misses>7258001</misses>
				<total>35</total>
				<timestamp>2102.739450</timestamp>
			</report>
			<report>
				<misses>7259001</misses>
				<total>35</total>
				<timestamp>2103.029162</timestamp>
			</report>
			<report>
				<misses>7260001</misses>
				<total>35</total>
				<timestamp>2103.318828</timestamp>
			</report>
			<report>
				<misses>7261001</misses>
				<total>35</total>
				<timestamp>2103.608599</timestamp>
			</report>
			<report>
				<misses>7262001</misses>
				<total>35</total>
				<timestamp>2103.898266</timestamp>
			</report>
			<report>
				<misses>7263001</misses>
				<total>35</total>
				<timestamp>2104.188025</timestamp>
			</report>
			<report>
				<misses>7264001</misses>
				<total>35</total>
				<timestamp>2104.477721</timestamp>
			</report>
			<report>
				<misses>7265001</misses>
				<total>35</total>
				<timestamp>2104.767411</timestamp>
			</report>
			<report>
				<misses>7266001</misses>
				<total>35</total>
				<timestamp>2105.057110</timestamp>
			</report>
			<report>
				<misses>7267001</misses>
				<total>35</total>
				<timestamp>2105.346819</timestamp>
			</report>
			<report>
				<misses>7268001</misses>
				<total>35</total>
				<timestamp>2105.636550</timestamp>
			</report>
			<report>
				<misses>7269001</misses>
				<total>35</total>
				<timestamp>2105.926235</timestamp>
			</report>
			<report>
				<misses>7270001</misses>
				<total>35</total>
				<timestamp>2106.215975</timestamp>
			</report>
			<report>
				<misses>7271001</misses>
				<total>35</total>
				<timestamp>2106.505675</timestamp>
			</report>
			<report>
				<misses>7272001</misses>
				<total>35</total>
				<timestamp>2106.795366</timestamp>
			</report>
			<report>
				<misses>7273001</misses>
				<total>35</total>
				<timestamp>2107.085070</timestamp>
			</report>
			<report>
				<misses>7274001</misses>
				<total>35</total>
				<timestamp>2107.374806</timestamp>
			</report>
			<report>
				<misses>7275001</misses>
				<total>35</total>
				<timestamp>2107.664497</timestamp>
			</report>
			<report>
				<misses>7276001</misses>
				<total>35</total>
				<timestamp>2107.954199</timestamp>
			</report>
			<report>
				<misses>7277001</misses>
				<total>35</total>
				<timestamp>2108.243959</timestamp>
			</report>
			<report>
				<misses>7278001</misses>
				<total>35</total>
				<timestamp>2108.533744</timestamp>
			</report>
			<report>
				<misses>7279001</misses>
				<total>35</total>
				<timestamp>2108.823371</timestamp>
			</report>
			<report>
				<misses>7280001</misses>
				<total>35</total>
				<timestamp>2109.113116</timestamp>
			</report>
			<report>
				<misses>7281001</misses>
				<total>35</total>
				<timestamp>2109.402925</timestamp>
			</report>
			<report>
				<misses>7282001</misses>
				<total>35</total>
				<timestamp>2109.692592</timestamp>
			</report>
			<report>
				<misses>7283001</misses>
				<total>35</total>
				<timestamp>2109.982309</timestamp>
			</report>
			<report>
				<misses>7284001</misses>
				<total>35</total>
				<timestamp>2110.271913</timestamp>
			</report>
			<report>
				<misses>7285001</misses>
				<total>35</total>
				<timestamp>2110.561665</timestamp>
			</report>
			<report>
				<misses>7286001</misses>
				<total>35</total>
				<timestamp>2110.851323</timestamp>
			</report>
			<report>
				<misses>7287001</misses>
				<total>35</total>
				<timestamp>2111.141013</timestamp>
			</report>
			<report>
				<misses>7288001</misses>
				<total>35</total>
				<timestamp>2111.430905</timestamp>
			</report>
			<report>
				<misses>7289001</misses>
				<total>35</total>
				<timestamp>2111.720590</timestamp>
			</report>
			<report>
				<misses>7290001</misses>
				<total>35</total>
				<timestamp>2112.010200</timestamp>
			</report>
			<report>
				<misses>7291001</misses>
				<total>35</total>
				<timestamp>2112.299861</timestamp>
			</report>
			<report>
				<misses>7292001</misses>
				<total>35</total>
				<timestamp>2112.589660</timestamp>
			</report>
			<report>
				<misses>7293001</misses>
				<total>35</total>
				<timestamp>2112.879322</timestamp>
			</report>
			<report>
				<misses>7294001</misses>
				<total>35</total>
				<timestamp>2113.169159</timestamp>
			</report>
			<report>
				<misses>7295001</misses>
				<total>35</total>
				<timestamp>2113.458738</timestamp>
			</report>
			<report>
				<misses>7296001</misses>
				<total>35</total>
				<timestamp>2113.748520</timestamp>
			</report>
			<report>
				<misses>7297001</misses>
				<total>35</total>
				<timestamp>2114.038217</timestamp>
			</report>
			<report>
				<misses>7298001</misses>
				<total>35</total>
				<timestamp>2114.327961</timestamp>
			</report>
			<report>
				<misses>7299001</misses>
				<total>35</total>
				<timestamp>2114.617713</timestamp>
			</report>
			<report>
				<misses>7300001</misses>
				<total>35</total>
				<timestamp>2114.907367</timestamp>
			</report>
			<report>
				<misses>7301001</misses>
				<total>35</total>
				<timestamp>2115.197079</timestamp>
			</report>
			<report>
				<misses>7302001</misses>
				<total>35</total>
				<timestamp>2115.486793</timestamp>
			</report>
			<report>
				<misses>7303001</misses>
				<total>35</total>
				<timestamp>2115.776392</timestamp>
			</report>
			<report>
				<misses>7304001</misses>
				<total>35</total>
				<timestamp>2116.066130</timestamp>
			</report>
			<report>
				<misses>7305001</misses>
				<total>35</total>
				<timestamp>2116.355801</timestamp>
			</report>
			<report>
				<misses>7306001</misses>
				<total>35</total>
				<timestamp>2116.645530</timestamp>
			</report>
			<report>
				<misses>7307001</misses>
				<total>35</total>
				<timestamp>2116.935328</timestamp>
			</report>
			<report>
				<misses>7308001</misses>
				<total>35</total>
				<timestamp>2117.224959</timestamp>
			</report>
			<report>
				<misses>7309001</misses>
				<total>35</total>
				<timestamp>2117.514723</timestamp>
			</report>
			<report>
				<misses>7310001</misses>
				<total>35</total>
				<timestamp>2117.804382</timestamp>
			</report>
			<report>
				<misses>7311001</misses>
				<total>35</total>
				<timestamp>2118.094158</timestamp>
			</report>
			<report>
				<misses>7312001</misses>
				<total>35</total>
				<timestamp>2118.383799</timestamp>
			</report>
			<report>
				<misses>7313001</misses>
				<total>35</total>
				<timestamp>2118.673584</timestamp>
			</report>
			<report>
				<misses>7314001</misses>
				<total>35</total>
				<timestamp>2118.963226</timestamp>
			</report>
			<report>
				<misses>7315001</misses>
				<total>35</total>
				<timestamp>2119.253003</timestamp>
			</report>
			<report>
				<misses>7316001</misses>
				<total>35</total>
				<timestamp>2119.542687</timestamp>
			</report>
			<report>
				<misses>7317001</misses>
				<total>35</total>
				<timestamp>2119.832325</timestamp>
			</report>
			<report>
				<misses>7318001</misses>
				<total>35</total>
				<timestamp>2120.122013</timestamp>
			</report>
			<report>
				<misses>7319001</misses>
				<total>35</total>
				<timestamp>2120.411732</timestamp>
			</report>
			<report>
				<misses>7320001</misses>
				<total>35</total>
				<timestamp>2120.701483</timestamp>
			</report>
			<report>
				<misses>7321001</misses>
				<total>35</total>
				<timestamp>2120.991155</timestamp>
			</report>
			<report>
				<misses>7322001</misses>
				<total>35</total>
				<timestamp>2121.280873</timestamp>
			</report>
			<report>
				<misses>7323001</misses>
				<total>35</total>
				<timestamp>2121.570612</timestamp>
			</report>
			<report>
				<misses>7324001</misses>
				<total>35</total>
				<timestamp>2121.860292</timestamp>
			</report>
			<report>
				<misses>7325001</misses>
				<total>35</total>
				<timestamp>2122.149996</timestamp>
			</report>
			<report>
				<misses>7326001</misses>
				<total>35</total>
				<timestamp>2122.439732</timestamp>
			</report>
			<report>
				<misses>7327001</misses>
				<total>35</total>
				<timestamp>2122.729425</timestamp>
			</report>
			<report>
				<misses>7328001</misses>
				<total>35</total>
				<timestamp>2123.019161</timestamp>
			</report>
			<report>
				<misses>7329001</misses>
				<total>35</total>
				<timestamp>2123.308846</timestamp>
			</report>
			<report>
				<misses>7330001</misses>
				<total>35</total>
				<timestamp>2123.598596</timestamp>
			</report>
			<report>
				<misses>7331001</misses>
				<total>35</total>
				<timestamp>2123.888260</timestamp>
			</report>
			<report>
				<misses>7332001</misses>
				<total>35</total>
				<timestamp>2124.177959</timestamp>
			</report>
			<report>
				<misses>7333001</misses>
				<total>35</total>
				<timestamp>2124.467701</timestamp>
			</report>
			<report>
				<misses>7334001</misses>
				<total>35</total>
				<timestamp>2124.757452</timestamp>
			</report>
			<report>
				<misses>7335001</misses>
				<total>35</total>
				<timestamp>2125.047131</timestamp>
			</report>
			<report>
				<misses>7336001</misses>
				<total>35</total>
				<timestamp>2125.336795</timestamp>
			</report>
			<report>
				<misses>7337001</misses>
				<total>35</total>
				<timestamp>2125.626532</timestamp>
			</report>
			<report>
				<misses>7338001</misses>
				<total>35</total>
				<timestamp>2125.916253</timestamp>
			</report>
			<report>
				<misses>7339001</misses>
				<total>35</total>
				<timestamp>2126.205935</timestamp>
			</report>
			<report>
				<misses>7340001</misses>
				<total>35</total>
				<timestamp>2126.495680</timestamp>
			</report>
			<report>
				<misses>7341001</misses>
				<total>35</total>
				<timestamp>2126.785408</timestamp>
			</report>
			<report>
				<misses>7342001</misses>
				<total>35</total>
				<timestamp>2127.075070</timestamp>
			</report>
			<report>
				<misses>7343001</misses>
				<total>35</total>
				<timestamp>2127.364790</timestamp>
			</report>
			<report>
				<misses>7344001</misses>
				<total>35</total>
				<timestamp>2127.654550</timestamp>
			</report>
			<report>
				<misses>7345001</misses>
				<total>35</total>
				<timestamp>2127.944190</timestamp>
			</report>
			<report>
				<misses>7346001</misses>
				<total>35</total>
				<timestamp>2128.233908</timestamp>
			</report>
			<report>
				<misses>7347001</misses>
				<total>35</total>
				<timestamp>2128.523644</timestamp>
			</report>
			<report>
				<misses>7348001</misses>
				<total>35</total>
				<timestamp>2128.813454</timestamp>
			</report>
			<report>
				<misses>7349001</misses>
				<total>35</total>
				<timestamp>2129.103111</timestamp>
			</report>
			<report>
				<misses>7350001</misses>
				<total>35</total>
				<timestamp>2129.392783</timestamp>
			</report>
			<report>
				<misses>7351001</misses>
				<total>35</total>
				<timestamp>2129.682592</timestamp>
			</report>
			<report>
				<misses>7352001</misses>
				<total>35</total>
				<timestamp>2129.972239</timestamp>
			</report>
			<report>
				<misses>7353001</misses>
				<total>35</total>
				<timestamp>2130.261956</timestamp>
			</report>
			<report>
				<misses>7354001</misses>
				<total>35</total>
				<timestamp>2130.551703</timestamp>
			</report>
			<report>
				<misses>7355001</misses>
				<total>35</total>
				<timestamp>2130.841449</timestamp>
			</report>
			<report>
				<misses>7356001</misses>
				<total>35</total>
				<timestamp>2131.131030</timestamp>
			</report>
			<report>
				<misses>7357001</misses>
				<total>35</total>
				<timestamp>2131.420736</timestamp>
			</report>
			<report>
				<misses>7358001</misses>
				<total>35</total>
				<timestamp>2131.710484</timestamp>
			</report>
			<report>
				<misses>7359001</misses>
				<total>35</total>
				<timestamp>2132.000156</timestamp>
			</report>
			<report>
				<misses>7360001</misses>
				<total>35</total>
				<timestamp>2132.289849</timestamp>
			</report>
			<report>
				<misses>7361001</misses>
				<total>35</total>
				<timestamp>2132.579589</timestamp>
			</report>
			<report>
				<misses>7362001</misses>
				<total>35</total>
				<timestamp>2132.869290</timestamp>
			</report>
			<report>
				<misses>7363001</misses>
				<total>35</total>
				<timestamp>2133.158978</timestamp>
			</report>
			<report>
				<misses>7364001</misses>
				<total>35</total>
				<timestamp>2133.448685</timestamp>
			</report>
			<report>
				<misses>7365001</misses>
				<total>35</total>
				<timestamp>2133.738401</timestamp>
			</report>
			<report>
				<misses>7366001</misses>
				<total>35</total>
				<timestamp>2134.028104</timestamp>
			</report>
			<report>
				<misses>7367001</misses>
				<total>35</total>
				<timestamp>2134.317833</timestamp>
			</report>
			<report>
				<misses>7368001</misses>
				<total>35</total>
				<timestamp>2134.607537</timestamp>
			</report>
			<report>
				<misses>7369001</misses>
				<total>35</total>
				<timestamp>2134.897253</timestamp>
			</report>
			<report>
				<misses>7370001</misses>
				<total>35</total>
				<timestamp>2135.186966</timestamp>
			</report>
			<report>
				<misses>7371001</misses>
				<total>35</total>
				<timestamp>2135.476662</timestamp>
			</report>
			<report>
				<misses>7372001</misses>
				<total>35</total>
				<timestamp>2135.766372</timestamp>
			</report>
			<report>
				<misses>7373001</misses>
				<total>35</total>
				<timestamp>2136.056097</timestamp>
			</report>
			<report>
				<misses>7374001</misses>
				<total>35</total>
				<timestamp>2136.345815</timestamp>
			</report>
			<report>
				<misses>7375001</misses>
				<total>35</total>
				<timestamp>2136.635510</timestamp>
			</report>
			<report>
				<misses>7376001</misses>
				<total>35</total>
				<timestamp>2136.925222</timestamp>
			</report>
			<report>
				<misses>7377001</misses>
				<total>35</total>
				<timestamp>2137.214925</timestamp>
			</report>
			<report>
				<misses>7378001</misses>
				<total>35</total>
				<timestamp>2137.504655</timestamp>
			</report>
			<report>
				<misses>7379001</misses>
				<total>35</total>
				<timestamp>2137.794373</timestamp>
			</report>
			<report>
				<misses>7380001</misses>
				<total>35</total>
				<timestamp>2138.084055</timestamp>
			</report>
			<report>
				<misses>7381001</misses>
				<total>35</total>
				<timestamp>2138.373767</timestamp>
			</report>
			<report>
				<misses>7382001</misses>
				<total>35</total>
				<timestamp>2138.663482</timestamp>
			</report>
			<report>
				<misses>7383001</misses>
				<total>35</total>
				<timestamp>2138.953206</timestamp>
			</report>
			<report>
				<misses>7384001</misses>
				<total>35</total>
				<timestamp>2139.242984</timestamp>
			</report>
			<report>
				<misses>7385001</misses>
				<total>35</total>
				<timestamp>2139.532643</timestamp>
			</report>
			<report>
				<misses>7386001</misses>
				<total>35</total>
				<timestamp>2139.822433</timestamp>
			</report>
			<report>
				<misses>7387001</misses>
				<total>35</total>
				<timestamp>2140.112042</timestamp>
			</report>
			<report>
				<misses>7388001</misses>
				<total>35</total>
				<timestamp>2140.401753</timestamp>
			</report>
			<report>
				<misses>7389001</misses>
				<total>35</total>
				<timestamp>2140.691472</timestamp>
			</report>
			<report>
				<misses>7390001</misses>
				<total>35</total>
				<timestamp>2140.981138</timestamp>
			</report>
			<report>
				<misses>7391001</misses>
				<total>35</total>
				<timestamp>2141.270849</timestamp>
			</report>
			<report>
				<misses>7392001</misses>
				<total>35</total>
				<timestamp>2141.560587</timestamp>
			</report>
			<report>
				<misses>7393001</misses>
				<total>35</total>
				<timestamp>2141.850280</timestamp>
			</report>
			<report>
				<misses>7394001</misses>
				<total>35</total>
				<timestamp>2142.140005</timestamp>
			</report>
			<report>
				<misses>7395001</misses>
				<total>35</total>
				<timestamp>2142.429725</timestamp>
			</report>
			<report>
				<misses>7396001</misses>
				<total>35</total>
				<timestamp>2142.719418</timestamp>
			</report>
			<report>
				<misses>7397001</misses>
				<total>35</total>
				<timestamp>2143.009102</timestamp>
			</report>
			<report>
				<misses>7398001</misses>
				<total>35</total>
				<timestamp>2143.298826</timestamp>
			</report>
			<report>
				<misses>7399001</misses>
				<total>35</total>
				<timestamp>2143.588557</timestamp>
			</report>
			<report>
				<misses>7400001</misses>
				<total>35</total>
				<timestamp>2143.878276</timestamp>
			</report>
			<report>
				<misses>7401001</misses>
				<total>35</total>
				<timestamp>2144.167960</timestamp>
			</report>
			<report>
				<misses>7402001</misses>
				<total>35</total>
				<timestamp>2144.457664</timestamp>
			</report>
			<report>
				<misses>7403001</misses>
				<total>35</total>
				<timestamp>2144.747465</timestamp>
			</report>
			<report>
				<misses>7404001</misses>
				<total>35</total>
				<timestamp>2145.037071</timestamp>
			</report>
			<report>
				<misses>7405001</misses>
				<total>35</total>
				<timestamp>2145.326807</timestamp>
			</report>
			<report>
				<misses>7406001</misses>
				<total>35</total>
				<timestamp>2145.616502</timestamp>
			</report>
			<report>
				<misses>7407001</misses>
				<total>35</total>
				<timestamp>2145.906208</timestamp>
			</report>
			<report>
				<misses>7408001</misses>
				<total>35</total>
				<timestamp>2146.195926</timestamp>
			</report>
			<report>
				<misses>7409001</misses>
				<total>35</total>
				<timestamp>2146.485669</timestamp>
			</report>
			<report>
				<misses>7410001</misses>
				<total>35</total>
				<timestamp>2146.775383</timestamp>
			</report>
			<report>
				<misses>7411001</misses>
				<total>35</total>
				<timestamp>2147.065057</timestamp>
			</report>
			<report>
				<misses>7412001</misses>
				<total>35</total>
				<timestamp>2147.354759</timestamp>
			</report>
			<report>
				<misses>7413001</misses>
				<total>35</total>
				<timestamp>2147.644504</timestamp>
			</report>
			<report>
				<misses>7414001</misses>
				<total>35</total>
				<timestamp>2147.934195</timestamp>
			</report>
			<report>
				<misses>7415001</misses>
				<total>35</total>
				<timestamp>2148.223932</timestamp>
			</report>
			<report>
				<misses>7416001</misses>
				<total>35</total>
				<timestamp>2148.513622</timestamp>
			</report>
			<report>
				<misses>7417001</misses>
				<total>35</total>
				<timestamp>2148.803362</timestamp>
			</report>
			<report>
				<misses>7418001</misses>
				<total>35</total>
				<timestamp>2149.093023</timestamp>
			</report>
			<report>
				<misses>7419001</misses>
				<total>35</total>
				<timestamp>2149.382741</timestamp>
			</report>
			<report>
				<misses>7420001</misses>
				<total>35</total>
				<timestamp>2149.672462</timestamp>
			</report>
			<report>
				<misses>7421001</misses>
				<total>35</total>
				<timestamp>2149.962158</timestamp>
			</report>
			<report>
				<misses>7422001</misses>
				<total>35</total>
				<timestamp>2150.251985</timestamp>
			</report>
			<report>
				<misses>7423001</misses>
				<total>35</total>
				<timestamp>2150.541679</timestamp>
			</report>
			<report>
				<misses>7424001</misses>
				<total>35</total>
				<timestamp>2150.831386</timestamp>
			</report>
			<report>
				<misses>7425001</misses>
				<total>35</total>
				<timestamp>2151.121125</timestamp>
			</report>
			<report>
				<misses>7426001</misses>
				<total>35</total>
				<timestamp>2151.410844</timestamp>
			</report>
			<report>
				<misses>7427001</misses>
				<total>35</total>
				<timestamp>2151.700552</timestamp>
			</report>
			<report>
				<misses>7428001</misses>
				<total>35</total>
				<timestamp>2151.990215</timestamp>
			</report>
			<report>
				<misses>7429001</misses>
				<total>35</total>
				<timestamp>2152.279948</timestamp>
			</report>
			<report>
				<misses>7430001</misses>
				<total>35</total>
				<timestamp>2152.569583</timestamp>
			</report>
			<report>
				<misses>7431001</misses>
				<total>35</total>
				<timestamp>2152.859269</timestamp>
			</report>
			<report>
				<misses>7432001</misses>
				<total>35</total>
				<timestamp>2153.148968</timestamp>
			</report>
			<report>
				<misses>7433001</misses>
				<total>35</total>
				<timestamp>2153.438680</timestamp>
			</report>
			<report>
				<misses>7434001</misses>
				<total>35</total>
				<timestamp>2153.728397</timestamp>
			</report>
			<report>
				<misses>7435001</misses>
				<total>35</total>
				<timestamp>2154.018119</timestamp>
			</report>
			<report>
				<misses>7436001</misses>
				<total>35</total>
				<timestamp>2154.307811</timestamp>
			</report>
			<report>
				<misses>7437001</misses>
				<total>35</total>
				<timestamp>2154.597522</timestamp>
			</report>
			<report>
				<misses>7438001</misses>
				<total>35</total>
				<timestamp>2154.887220</timestamp>
			</report>
			<report>
				<misses>7439001</misses>
				<total>35</total>
				<timestamp>2155.176935</timestamp>
			</report>
			<report>
				<misses>7440001</misses>
				<total>35</total>
				<timestamp>2155.466664</timestamp>
			</report>
			<report>
				<misses>7441001</misses>
				<total>35</total>
				<timestamp>2155.756379</timestamp>
			</report>
			<report>
				<misses>7442001</misses>
				<total>35</total>
				<timestamp>2156.046196</timestamp>
			</report>
			<report>
				<misses>7443001</misses>
				<total>35</total>
				<timestamp>2156.335829</timestamp>
			</report>
			<report>
				<misses>7444001</misses>
				<total>35</total>
				<timestamp>2156.625581</timestamp>
			</report>
			<report>
				<misses>7445001</misses>
				<total>35</total>
				<timestamp>2156.915310</timestamp>
			</report>
			<report>
				<misses>7446001</misses>
				<total>35</total>
				<timestamp>2157.205045</timestamp>
			</report>
			<report>
				<misses>7447001</misses>
				<total>35</total>
				<timestamp>2157.494748</timestamp>
			</report>
			<report>
				<misses>7448001</misses>
				<total>35</total>
				<timestamp>2157.784376</timestamp>
			</report>
			<report>
				<misses>7449001</misses>
				<total>35</total>
				<timestamp>2158.074147</timestamp>
			</report>
			<report>
				<misses>7450001</misses>
				<total>37</total>
				<timestamp>2158.363787</timestamp>
			</report>
			<report>
				<misses>7451001</misses>
				<total>37</total>
				<timestamp>2158.653526</timestamp>
			</report>
			<report>
				<misses>7452001</misses>
				<total>37</total>
				<timestamp>2158.943264</timestamp>
			</report>
			<report>
				<misses>7453001</misses>
				<total>37</total>
				<timestamp>2159.232933</timestamp>
			</report>
			<report>
				<misses>7454001</misses>
				<total>37</total>
				<timestamp>2159.522644</timestamp>
			</report>
			<report>
				<misses>7455001</misses>
				<total>37</total>
				<timestamp>2159.812419</timestamp>
			</report>
			<report>
				<misses>7456001</misses>
				<total>37</total>
				<timestamp>2160.102122</timestamp>
			</report>
			<report>
				<misses>7457001</misses>
				<total>37</total>
				<timestamp>2160.391769</timestamp>
			</report>
			<report>
				<misses>7458001</misses>
				<total>37</total>
				<timestamp>2160.681477</timestamp>
			</report>
			<report>
				<misses>7459001</misses>
				<total>37</total>
				<timestamp>2160.971220</timestamp>
			</report>
			<report>
				<misses>7460001</misses>
				<total>37</total>
				<timestamp>2161.260849</timestamp>
			</report>
			<report>
				<misses>7461001</misses>
				<total>37</total>
				<timestamp>2161.550558</timestamp>
			</report>
			<report>
				<misses>7462001</misses>
				<total>37</total>
				<timestamp>2161.840302</timestamp>
			</report>
			<report>
				<misses>7463001</misses>
				<total>37</total>
				<timestamp>2162.129973</timestamp>
			</report>
			<report>
				<misses>7464001</misses>
				<total>37</total>
				<timestamp>2162.419708</timestamp>
			</report>
			<report>
				<misses>7465001</misses>
				<total>37</total>
				<timestamp>2162.709437</timestamp>
			</report>
			<report>
				<misses>7466001</misses>
				<total>37</total>
				<timestamp>2162.999117</timestamp>
			</report>
			<report>
				<misses>7467001</misses>
				<total>37</total>
				<timestamp>2163.288823</timestamp>
			</report>
			<report>
				<misses>7468001</misses>
				<total>37</total>
				<timestamp>2163.578676</timestamp>
			</report>
			<report>
				<misses>7469001</misses>
				<total>37</total>
				<timestamp>2163.868309</timestamp>
			</report>
			<report>
				<misses>7470001</misses>
				<total>37</total>
				<timestamp>2164.158053</timestamp>
			</report>
			<report>
				<misses>7471001</misses>
				<total>37</total>
				<timestamp>2164.447660</timestamp>
			</report>
			<report>
				<misses>7472001</misses>
				<total>37</total>
				<timestamp>2164.737412</timestamp>
			</report>
			<report>
				<misses>7473001</misses>
				<total>37</total>
				<timestamp>2165.027062</timestamp>
			</report>
			<report>
				<misses>7474001</misses>
				<total>37</total>
				<timestamp>2165.316788</timestamp>
			</report>
			<report>
				<misses>7475001</misses>
				<total>37</total>
				<timestamp>2165.606490</timestamp>
			</report>
			<report>
				<misses>7476001</misses>
				<total>37</total>
				<timestamp>2165.896192</timestamp>
			</report>
			<report>
				<misses>7477001</misses>
				<total>37</total>
				<timestamp>2166.185995</timestamp>
			</report>
			<report>
				<misses>7478001</misses>
				<total>37</total>
				<timestamp>2166.475646</timestamp>
			</report>
			<report>
				<misses>7479001</misses>
				<total>37</total>
				<timestamp>2166.765353</timestamp>
			</report>
			<report>
				<misses>7480001</misses>
				<total>37</total>
				<timestamp>2167.055104</timestamp>
			</report>
			<report>
				<misses>7481001</misses>
				<total>37</total>
				<timestamp>2167.344780</timestamp>
			</report>
			<report>
				<misses>7482001</misses>
				<total>37</total>
				<timestamp>2167.634559</timestamp>
			</report>
			<report>
				<misses>7483001</misses>
				<total>37</total>
				<timestamp>2167.924229</timestamp>
			</report>
			<report>
				<misses>7484001</misses>
				<total>37</total>
				<timestamp>2168.213910</timestamp>
			</report>
			<report>
				<misses>7485001</misses>
				<total>37</total>
				<timestamp>2168.503646</timestamp>
			</report>
			<report>
				<misses>7486001</misses>
				<total>37</total>
				<timestamp>2168.793418</timestamp>
			</report>
			<report>
				<misses>7487001</misses>
				<total>37</total>
				<timestamp>2169.083183</timestamp>
			</report>
			<report>
				<misses>7488001</misses>
				<total>37</total>
				<timestamp>2169.372852</timestamp>
			</report>
			<report>
				<misses>7489001</misses>
				<total>37</total>
				<timestamp>2169.662552</timestamp>
			</report>
			<report>
				<misses>7490001</misses>
				<total>37</total>
				<timestamp>2169.952305</timestamp>
			</report>
			<report>
				<misses>7491001</misses>
				<total>37</total>
				<timestamp>2170.241875</timestamp>
			</report>
			<report>
				<misses>7492001</misses>
				<total>37</total>
				<timestamp>2170.531569</timestamp>
			</report>
			<report>
				<misses>7493001</misses>
				<total>37</total>
				<timestamp>2170.821375</timestamp>
			</report>
			<report>
				<misses>7494001</misses>
				<total>37</total>
				<timestamp>2171.111049</timestamp>
			</report>
			<report>
				<misses>7495001</misses>
				<total>37</total>
				<timestamp>2171.400697</timestamp>
			</report>
			<report>
				<misses>7496001</misses>
				<total>37</total>
				<timestamp>2171.690427</timestamp>
			</report>
			<report>
				<misses>7497001</misses>
				<total>37</total>
				<timestamp>2171.980156</timestamp>
			</report>
			<report>
				<misses>7498001</misses>
				<total>37</total>
				<timestamp>2172.269932</timestamp>
			</report>
			<report>
				<misses>7499001</misses>
				<total>37</total>
				<timestamp>2172.559668</timestamp>
			</report>
			<report>
				<misses>7500001</misses>
				<total>37</total>
				<timestamp>2172.849291</timestamp>
			</report>
			<report>
				<misses>7501001</misses>
				<total>37</total>
				<timestamp>2173.139018</timestamp>
			</report>
			<report>
				<misses>7502001</misses>
				<total>37</total>
				<timestamp>2173.428669</timestamp>
			</report>
			<report>
				<misses>7503001</misses>
				<total>37</total>
				<timestamp>2173.718395</timestamp>
			</report>
			<report>
				<misses>7504001</misses>
				<total>37</total>
				<timestamp>2174.008082</timestamp>
			</report>
			<report>
				<misses>7505001</misses>
				<total>37</total>
				<timestamp>2174.297801</timestamp>
			</report>
			<report>
				<misses>7506001</misses>
				<total>37</total>
				<timestamp>2174.587502</timestamp>
			</report>
			<report>
				<misses>7507001</misses>
				<total>37</total>
				<timestamp>2174.877278</timestamp>
			</report>
			<report>
				<misses>7508001</misses>
				<total>37</total>
				<timestamp>2175.167058</timestamp>
			</report>
			<report>
				<misses>7509001</misses>
				<total>37</total>
				<timestamp>2175.456730</timestamp>
			</report>
			<report>
				<misses>7510001</misses>
				<total>37</total>
				<timestamp>2175.746367</timestamp>
			</report>
			<report>
				<misses>7511001</misses>
				<total>37</total>
				<timestamp>2176.036164</timestamp>
			</report>
			<report>
				<misses>7512001</misses>
				<total>37</total>
				<timestamp>2176.325801</timestamp>
			</report>
			<report>
				<misses>7513001</misses>
				<total>37</total>
				<timestamp>2176.615538</timestamp>
			</report>
			<report>
				<misses>7514001</misses>
				<total>37</total>
				<timestamp>2176.905338</timestamp>
			</report>
			<report>
				<misses>7515001</misses>
				<total>37</total>
				<timestamp>2177.195008</timestamp>
			</report>
			<report>
				<misses>7516001</misses>
				<total>37</total>
				<timestamp>2177.484746</timestamp>
			</report>
			<report>
				<misses>7517001</misses>
				<total>37</total>
				<timestamp>2177.774426</timestamp>
			</report>
			<report>
				<misses>7518001</misses>
				<total>37</total>
				<timestamp>2178.064095</timestamp>
			</report>
			<report>
				<misses>7519001</misses>
				<total>37</total>
				<timestamp>2178.353779</timestamp>
			</report>
			<report>
				<misses>7520001</misses>
				<total>37</total>
				<timestamp>2178.643459</timestamp>
			</report>
			<report>
				<misses>7521001</misses>
				<total>37</total>
				<timestamp>2178.933181</timestamp>
			</report>
			<report>
				<misses>7522001</misses>
				<total>37</total>
				<timestamp>2179.222881</timestamp>
			</report>
			<report>
				<misses>7523001</misses>
				<total>37</total>
				<timestamp>2179.512594</timestamp>
			</report>
			<report>
				<misses>7524001</misses>
				<total>37</total>
				<timestamp>2179.802332</timestamp>
			</report>
			<report>
				<misses>7525001</misses>
				<total>37</total>
				<timestamp>2180.092040</timestamp>
			</report>
			<report>
				<misses>7526001</misses>
				<total>37</total>
				<timestamp>2180.381746</timestamp>
			</report>
			<report>
				<misses>7527001</misses>
				<total>37</total>
				<timestamp>2180.671516</timestamp>
			</report>
			<report>
				<misses>7528001</misses>
				<total>37</total>
				<timestamp>2180.961262</timestamp>
			</report>
			<report>
				<misses>7529001</misses>
				<total>37</total>
				<timestamp>2181.250942</timestamp>
			</report>
			<report>
				<misses>7530001</misses>
				<total>37</total>
				<timestamp>2181.540675</timestamp>
			</report>
			<report>
				<misses>7531001</misses>
				<total>37</total>
				<timestamp>2181.830388</timestamp>
			</report>
			<report>
				<misses>7532001</misses>
				<total>37</total>
				<timestamp>2182.119949</timestamp>
			</report>
			<report>
				<misses>7533001</misses>
				<total>37</total>
				<timestamp>2182.409699</timestamp>
			</report>
			<report>
				<misses>7534001</misses>
				<total>37</total>
				<timestamp>2182.699382</timestamp>
			</report>
			<report>
				<misses>7535001</misses>
				<total>37</total>
				<timestamp>2182.989151</timestamp>
			</report>
			<report>
				<misses>7536001</misses>
				<total>37</total>
				<timestamp>2183.278801</timestamp>
			</report>
			<report>
				<misses>7537001</misses>
				<total>37</total>
				<timestamp>2183.568521</timestamp>
			</report>
			<report>
				<misses>7538001</misses>
				<total>37</total>
				<timestamp>2183.858236</timestamp>
			</report>
			<report>
				<misses>7539001</misses>
				<total>37</total>
				<timestamp>2184.147925</timestamp>
			</report>
			<report>
				<misses>7540001</misses>
				<total>37</total>
				<timestamp>2184.437691</timestamp>
			</report>
			<report>
				<misses>7541001</misses>
				<total>37</total>
				<timestamp>2184.727340</timestamp>
			</report>
			<report>
				<misses>7542001</misses>
				<total>37</total>
				<timestamp>2185.017086</timestamp>
			</report>
			<report>
				<misses>7543001</misses>
				<total>37</total>
				<timestamp>2185.306771</timestamp>
			</report>
			<report>
				<misses>7544001</misses>
				<total>37</total>
				<timestamp>2185.596513</timestamp>
			</report>
			<report>
				<misses>7545001</misses>
				<total>37</total>
				<timestamp>2185.886202</timestamp>
			</report>
			<report>
				<misses>7546001</misses>
				<total>37</total>
				<timestamp>2186.175909</timestamp>
			</report>
			<report>
				<misses>7547001</misses>
				<total>37</total>
				<timestamp>2186.465625</timestamp>
			</report>
			<report>
				<misses>7548001</misses>
				<total>37</total>
				<timestamp>2186.755325</timestamp>
			</report>
			<report>
				<misses>7549001</misses>
				<total>37</total>
				<timestamp>2187.045051</timestamp>
			</report>
			<report>
				<misses>7550001</misses>
				<total>37</total>
				<timestamp>2187.334758</timestamp>
			</report>
			<report>
				<misses>7551001</misses>
				<total>37</total>
				<timestamp>2187.624465</timestamp>
			</report>
			<report>
				<misses>7552001</misses>
				<total>37</total>
				<timestamp>2187.914176</timestamp>
			</report>
			<report>
				<misses>7553001</misses>
				<total>37</total>
				<timestamp>2188.203875</timestamp>
			</report>
			<report>
				<misses>7554001</misses>
				<total>37</total>
				<timestamp>2188.493599</timestamp>
			</report>
			<report>
				<misses>7555001</misses>
				<total>37</total>
				<timestamp>2188.783309</timestamp>
			</report>
			<report>
				<misses>7556001</misses>
				<total>37</total>
				<timestamp>2189.073010</timestamp>
			</report>
			<report>
				<misses>7557001</misses>
				<total>37</total>
				<timestamp>2189.362717</timestamp>
			</report>
			<report>
				<misses>7558001</misses>
				<total>37</total>
				<timestamp>2189.652419</timestamp>
			</report>
			<report>
				<misses>7559001</misses>
				<total>37</total>
				<timestamp>2189.942170</timestamp>
			</report>
			<report>
				<misses>7560001</misses>
				<total>37</total>
				<timestamp>2190.231843</timestamp>
			</report>
			<report>
				<misses>7561001</misses>
				<total>37</total>
				<timestamp>2190.521569</timestamp>
			</report>
			<report>
				<misses>7562001</misses>
				<total>37</total>
				<timestamp>2190.811275</timestamp>
			</report>
			<report>
				<misses>7563001</misses>
				<total>37</total>
				<timestamp>2191.100967</timestamp>
			</report>
			<report>
				<misses>7564001</misses>
				<total>37</total>
				<timestamp>2191.390670</timestamp>
			</report>
			<report>
				<misses>7565001</misses>
				<total>37</total>
				<timestamp>2191.680464</timestamp>
			</report>
			<report>
				<misses>7566001</misses>
				<total>37</total>
				<timestamp>2191.970251</timestamp>
			</report>
			<report>
				<misses>7567001</misses>
				<total>37</total>
				<timestamp>2192.259872</timestamp>
			</report>
			<report>
				<misses>7568001</misses>
				<total>37</total>
				<timestamp>2192.549590</timestamp>
			</report>
			<report>
				<misses>7569001</misses>
				<total>37</total>
				<timestamp>2192.839257</timestamp>
			</report>
			<report>
				<misses>7570001</misses>
				<total>37</total>
				<timestamp>2193.129066</timestamp>
			</report>
			<report>
				<misses>7571001</misses>
				<total>37</total>
				<timestamp>2193.418787</timestamp>
			</report>
			<report>
				<misses>7572001</misses>
				<total>37</total>
				<timestamp>2193.708448</timestamp>
			</report>
			<report>
				<misses>7573001</misses>
				<total>37</total>
				<timestamp>2193.998176</timestamp>
			</report>
			<report>
				<misses>7574001</misses>
				<total>37</total>
				<timestamp>2194.287813</timestamp>
			</report>
			<report>
				<misses>7575001</misses>
				<total>37</total>
				<timestamp>2194.577591</timestamp>
			</report>
			<report>
				<misses>7576001</misses>
				<total>37</total>
				<timestamp>2194.867329</timestamp>
			</report>
			<report>
				<misses>7577001</misses>
				<total>37</total>
				<timestamp>2195.157012</timestamp>
			</report>
			<report>
				<misses>7578001</misses>
				<total>37</total>
				<timestamp>2195.446657</timestamp>
			</report>
			<report>
				<misses>7579001</misses>
				<total>37</total>
				<timestamp>2195.736412</timestamp>
			</report>
			<report>
				<misses>7580001</misses>
				<total>37</total>
				<timestamp>2196.026213</timestamp>
			</report>
			<report>
				<misses>7581001</misses>
				<total>37</total>
				<timestamp>2196.315763</timestamp>
			</report>
			<report>
				<misses>7582001</misses>
				<total>37</total>
				<timestamp>2196.605478</timestamp>
			</report>
			<report>
				<misses>7583001</misses>
				<total>37</total>
				<timestamp>2196.895193</timestamp>
			</report>
			<report>
				<misses>7584001</misses>
				<total>37</total>
				<timestamp>2197.184891</timestamp>
			</report>
			<report>
				<misses>7585001</misses>
				<total>37</total>
				<timestamp>2197.474625</timestamp>
			</report>
			<report>
				<misses>7586001</misses>
				<total>37</total>
				<timestamp>2197.764329</timestamp>
			</report>
			<report>
				<misses>7587001</misses>
				<total>37</total>
				<timestamp>2198.054044</timestamp>
			</report>
			<report>
				<misses>7588001</misses>
				<total>37</total>
				<timestamp>2198.343807</timestamp>
			</report>
			<report>
				<misses>7589001</misses>
				<total>37</total>
				<timestamp>2198.633551</timestamp>
			</report>
			<report>
				<misses>7590001</misses>
				<total>37</total>
				<timestamp>2198.923208</timestamp>
			</report>
			<report>
				<misses>7591001</misses>
				<total>37</total>
				<timestamp>2199.212906</timestamp>
			</report>
			<report>
				<misses>7592001</misses>
				<total>37</total>
				<timestamp>2199.502596</timestamp>
			</report>
			<report>
				<misses>7593001</misses>
				<total>37</total>
				<timestamp>2199.792406</timestamp>
			</report>
			<report>
				<misses>7594001</misses>
				<total>37</total>
				<timestamp>2200.082083</timestamp>
			</report>
			<report>
				<misses>7595001</misses>
				<total>37</total>
				<timestamp>2200.371684</timestamp>
			</report>
			<report>
				<misses>7596001</misses>
				<total>37</total>
				<timestamp>2200.661418</timestamp>
			</report>
			<report>
				<misses>7597001</misses>
				<total>37</total>
				<timestamp>2200.951133</timestamp>
			</report>
			<report>
				<misses>7598001</misses>
				<total>37</total>
				<timestamp>2201.240838</timestamp>
			</report>
			<report>
				<misses>7599001</misses>
				<total>37</total>
				<timestamp>2201.530534</timestamp>
			</report>
			<report>
				<misses>7600001</misses>
				<total>37</total>
				<timestamp>2201.820255</timestamp>
			</report>
			<report>
				<misses>7601001</misses>
				<total>37</total>
				<timestamp>2202.109952</timestamp>
			</report>
			<report>
				<misses>7602001</misses>
				<total>37</total>
				<timestamp>2202.399677</timestamp>
			</report>
			<report>
				<misses>7603001</misses>
				<total>37</total>
				<timestamp>2202.689421</timestamp>
			</report>
			<report>
				<misses>7604001</misses>
				<total>37</total>
				<timestamp>2202.979089</timestamp>
			</report>
			<report>
				<misses>7605001</misses>
				<total>37</total>
				<timestamp>2203.268798</timestamp>
			</report>
			<report>
				<misses>7606001</misses>
				<total>37</total>
				<timestamp>2203.558485</timestamp>
			</report>
			<report>
				<misses>7607001</misses>
				<total>37</total>
				<timestamp>2203.848214</timestamp>
			</report>
			<report>
				<misses>7608001</misses>
				<total>37</total>
				<timestamp>2204.137946</timestamp>
			</report>
			<report>
				<misses>7609001</misses>
				<total>37</total>
				<timestamp>2204.427631</timestamp>
			</report>
			<report>
				<misses>7610001</misses>
				<total>37</total>
				<timestamp>2204.717342</timestamp>
			</report>
			<report>
				<misses>7611001</misses>
				<total>37</total>
				<timestamp>2205.007069</timestamp>
			</report>
			<report>
				<misses>7612001</misses>
				<total>37</total>
				<timestamp>2205.296790</timestamp>
			</report>
			<report>
				<misses>7613001</misses>
				<total>37</total>
				<timestamp>2205.586480</timestamp>
			</report>
			<report>
				<misses>7614001</misses>
				<total>37</total>
				<timestamp>2205.876183</timestamp>
			</report>
			<report>
				<misses>7615001</misses>
				<total>37</total>
				<timestamp>2206.165910</timestamp>
			</report>
			<report>
				<misses>7616001</misses>
				<total>37</total>
				<timestamp>2206.455719</timestamp>
			</report>
			<report>
				<misses>7617001</misses>
				<total>37</total>
				<timestamp>2206.745361</timestamp>
			</report>
			<report>
				<misses>7618001</misses>
				<total>37</total>
				<timestamp>2207.035126</timestamp>
			</report>
			<report>
				<misses>7619001</misses>
				<total>37</total>
				<timestamp>2207.324782</timestamp>
			</report>
			<report>
				<misses>7620001</misses>
				<total>37</total>
				<timestamp>2207.614560</timestamp>
			</report>
			<report>
				<misses>7621001</misses>
				<total>37</total>
				<timestamp>2207.904189</timestamp>
			</report>
			<report>
				<misses>7622001</misses>
				<total>37</total>
				<timestamp>2208.193883</timestamp>
			</report>
			<report>
				<misses>7623001</misses>
				<total>37</total>
				<timestamp>2208.483586</timestamp>
			</report>
			<report>
				<misses>7624001</misses>
				<total>37</total>
				<timestamp>2208.773291</timestamp>
			</report>
			<report>
				<misses>7625001</misses>
				<total>37</total>
				<timestamp>2209.063075</timestamp>
			</report>
			<report>
				<misses>7626001</misses>
				<total>37</total>
				<timestamp>2209.352724</timestamp>
			</report>
			<report>
				<misses>7627001</misses>
				<total>37</total>
				<timestamp>2209.642421</timestamp>
			</report>
			<report>
				<misses>7628001</misses>
				<total>37</total>
				<timestamp>2209.932140</timestamp>
			</report>
			<report>
				<misses>7629001</misses>
				<total>37</total>
				<timestamp>2210.221827</timestamp>
			</report>
			<report>
				<misses>7630001</misses>
				<total>37</total>
				<timestamp>2210.511552</timestamp>
			</report>
			<report>
				<misses>7631001</misses>
				<total>37</total>
				<timestamp>2210.801248</timestamp>
			</report>
			<report>
				<misses>7632001</misses>
				<total>37</total>
				<timestamp>2211.091033</timestamp>
			</report>
			<report>
				<misses>7633001</misses>
				<total>37</total>
				<timestamp>2211.380673</timestamp>
			</report>
			<report>
				<misses>7634001</misses>
				<total>37</total>
				<timestamp>2211.670420</timestamp>
			</report>
			<report>
				<misses>7635001</misses>
				<total>37</total>
				<timestamp>2211.960128</timestamp>
			</report>
			<report>
				<misses>7636001</misses>
				<total>37</total>
				<timestamp>2212.249801</timestamp>
			</report>
			<report>
				<misses>7637001</misses>
				<total>37</total>
				<timestamp>2212.539618</timestamp>
			</report>
			<report>
				<misses>7638001</misses>
				<total>37</total>
				<timestamp>2212.829333</timestamp>
			</report>
			<report>
				<misses>7639001</misses>
				<total>37</total>
				<timestamp>2213.118936</timestamp>
			</report>
			<report>
				<misses>7640001</misses>
				<total>37</total>
				<timestamp>2213.408660</timestamp>
			</report>
			<report>
				<misses>7641001</misses>
				<total>37</total>
				<timestamp>2213.698368</timestamp>
			</report>
			<report>
				<misses>7642001</misses>
				<total>37</total>
				<timestamp>2213.988145</timestamp>
			</report>
			<report>
				<misses>7643001</misses>
				<total>37</total>
				<timestamp>2214.277792</timestamp>
			</report>
			<report>
				<misses>7644001</misses>
				<total>37</total>
				<timestamp>2214.567608</timestamp>
			</report>
			<report>
				<misses>7645001</misses>
				<total>37</total>
				<timestamp>2214.857242</timestamp>
			</report>
			<report>
				<misses>7646001</misses>
				<total>37</total>
				<timestamp>2215.147052</timestamp>
			</report>
			<report>
				<misses>7647001</misses>
				<total>37</total>
				<timestamp>2215.436735</timestamp>
			</report>
			<report>
				<misses>7648001</misses>
				<total>37</total>
				<timestamp>2215.726333</timestamp>
			</report>
			<report>
				<misses>7649001</misses>
				<total>37</total>
				<timestamp>2216.016138</timestamp>
			</report>
			<report>
				<misses>7650001</misses>
				<total>37</total>
				<timestamp>2216.305879</timestamp>
			</report>
			<report>
				<misses>7651001</misses>
				<total>37</total>
				<timestamp>2216.595465</timestamp>
			</report>
			<report>
				<misses>7652001</misses>
				<total>37</total>
				<timestamp>2216.885176</timestamp>
			</report>
			<report>
				<misses>7653001</misses>
				<total>37</total>
				<timestamp>2217.174903</timestamp>
			</report>
			<report>
				<misses>7654001</misses>
				<total>37</total>
				<timestamp>2217.464667</timestamp>
			</report>
			<report>
				<misses>7655001</misses>
				<total>37</total>
				<timestamp>2217.754363</timestamp>
			</report>
			<report>
				<misses>7656001</misses>
				<total>37</total>
				<timestamp>2218.044077</timestamp>
			</report>
			<report>
				<misses>7657001</misses>
				<total>37</total>
				<timestamp>2218.333833</timestamp>
			</report>
			<report>
				<misses>7658001</misses>
				<total>37</total>
				<timestamp>2218.623534</timestamp>
			</report>
			<report>
				<misses>7659001</misses>
				<total>37</total>
				<timestamp>2218.913256</timestamp>
			</report>
			<report>
				<misses>7660001</misses>
				<total>37</total>
				<timestamp>2219.202905</timestamp>
			</report>
			<report>
				<misses>7661001</misses>
				<total>37</total>
				<timestamp>2219.492623</timestamp>
			</report>
			<report>
				<misses>7662001</misses>
				<total>37</total>
				<timestamp>2219.782340</timestamp>
			</report>
			<report>
				<misses>7663001</misses>
				<total>37</total>
				<timestamp>2220.072069</timestamp>
			</report>
			<report>
				<misses>7664001</misses>
				<total>37</total>
				<timestamp>2220.361771</timestamp>
			</report>
			<report>
				<misses>7665001</misses>
				<total>37</total>
				<timestamp>2220.651433</timestamp>
			</report>
			<report>
				<misses>7666001</misses>
				<total>37</total>
				<timestamp>2220.941144</timestamp>
			</report>
			<report>
				<misses>7667001</misses>
				<total>37</total>
				<timestamp>2221.230892</timestamp>
			</report>
			<report>
				<misses>7668001</misses>
				<total>37</total>
				<timestamp>2221.520529</timestamp>
			</report>
			<report>
				<misses>7669001</misses>
				<total>37</total>
				<timestamp>2221.810229</timestamp>
			</report>
			<report>
				<misses>7670001</misses>
				<total>37</total>
				<timestamp>2222.099973</timestamp>
			</report>
			<report>
				<misses>7671001</misses>
				<total>37</total>
				<timestamp>2222.389699</timestamp>
			</report>
			<report>
				<misses>7672001</misses>
				<total>37</total>
				<timestamp>2222.679370</timestamp>
			</report>
			<report>
				<misses>7673001</misses>
				<total>37</total>
				<timestamp>2222.969121</timestamp>
			</report>
			<report>
				<misses>7674001</misses>
				<total>37</total>
				<timestamp>2223.258783</timestamp>
			</report>
			<report>
				<misses>7675001</misses>
				<total>37</total>
				<timestamp>2223.548494</timestamp>
			</report>
			<report>
				<misses>7676001</misses>
				<total>37</total>
				<timestamp>2223.838208</timestamp>
			</report>
			<report>
				<misses>7677001</misses>
				<total>37</total>
				<timestamp>2224.127965</timestamp>
			</report>
			<report>
				<misses>7678001</misses>
				<total>37</total>
				<timestamp>2224.417679</timestamp>
			</report>
			<report>
				<misses>7679001</misses>
				<total>37</total>
				<timestamp>2224.707450</timestamp>
			</report>
			<report>
				<misses>7680001</misses>
				<total>37</total>
				<timestamp>2224.997213</timestamp>
			</report>
			<report>
				<misses>7681001</misses>
				<total>37</total>
				<timestamp>2225.286828</timestamp>
			</report>
			<report>
				<misses>7682001</misses>
				<total>37</total>
				<timestamp>2225.576472</timestamp>
			</report>
			<report>
				<misses>7683001</misses>
				<total>37</total>
				<timestamp>2225.866194</timestamp>
			</report>
			<report>
				<misses>7684001</misses>
				<total>37</total>
				<timestamp>2226.156054</timestamp>
			</report>
			<report>
				<misses>7685001</misses>
				<total>37</total>
				<timestamp>2226.445683</timestamp>
			</report>
			<report>
				<misses>7686001</misses>
				<total>37</total>
				<timestamp>2226.735392</timestamp>
			</report>
			<report>
				<misses>7687001</misses>
				<total>37</total>
				<timestamp>2227.025228</timestamp>
			</report>
			<report>
				<misses>7688001</misses>
				<total>37</total>
				<timestamp>2227.314777</timestamp>
			</report>
			<report>
				<misses>7689001</misses>
				<total>37</total>
				<timestamp>2227.604426</timestamp>
			</report>
			<report>
				<misses>7690001</misses>
				<total>37</total>
				<timestamp>2227.894138</timestamp>
			</report>
			<report>
				<misses>7691001</misses>
				<total>37</total>
				<timestamp>2228.183929</timestamp>
			</report>
			<report>
				<misses>7692001</misses>
				<total>37</total>
				<timestamp>2228.473675</timestamp>
			</report>
			<report>
				<misses>7693001</misses>
				<total>37</total>
				<timestamp>2228.763404</timestamp>
			</report>
			<report>
				<misses>7694001</misses>
				<total>37</total>
				<timestamp>2229.053021</timestamp>
			</report>
			<report>
				<misses>7695001</misses>
				<total>37</total>
				<timestamp>2229.342717</timestamp>
			</report>
			<report>
				<misses>7696001</misses>
				<total>37</total>
				<timestamp>2229.632413</timestamp>
			</report>
			<report>
				<misses>7697001</misses>
				<total>37</total>
				<timestamp>2229.922222</timestamp>
			</report>
			<report>
				<misses>7698001</misses>
				<total>37</total>
				<timestamp>2230.211891</timestamp>
			</report>
			<report>
				<misses>7699001</misses>
				<total>37</total>
				<timestamp>2230.501556</timestamp>
			</report>
			<report>
				<misses>7700001</misses>
				<total>37</total>
				<timestamp>2230.791388</timestamp>
			</report>
			<report>
				<misses>7701001</misses>
				<total>37</total>
				<timestamp>2231.080979</timestamp>
			</report>
			<report>
				<misses>7702001</misses>
				<total>37</total>
				<timestamp>2231.370760</timestamp>
			</report>
			<report>
				<misses>7703001</misses>
				<total>37</total>
				<timestamp>2231.660483</timestamp>
			</report>
			<report>
				<misses>7704001</misses>
				<total>37</total>
				<timestamp>2231.950215</timestamp>
			</report>
			<report>
				<misses>7705001</misses>
				<total>37</total>
				<timestamp>2232.239876</timestamp>
			</report>
			<report>
				<misses>7706001</misses>
				<total>37</total>
				<timestamp>2232.529620</timestamp>
			</report>
			<report>
				<misses>7707001</misses>
				<total>37</total>
				<timestamp>2232.819308</timestamp>
			</report>
			<report>
				<misses>7708001</misses>
				<total>37</total>
				<timestamp>2233.108948</timestamp>
			</report>
			<report>
				<misses>7709001</misses>
				<total>37</total>
				<timestamp>2233.398644</timestamp>
			</report>
			<report>
				<misses>7710001</misses>
				<total>37</total>
				<timestamp>2233.688346</timestamp>
			</report>
			<report>
				<misses>7711001</misses>
				<total>37</total>
				<timestamp>2233.978049</timestamp>
			</report>
			<report>
				<misses>7712001</misses>
				<total>37</total>
				<timestamp>2234.267764</timestamp>
			</report>
			<report>
				<misses>7713001</misses>
				<total>37</total>
				<timestamp>2234.557459</timestamp>
			</report>
			<report>
				<misses>7714001</misses>
				<total>37</total>
				<timestamp>2234.847191</timestamp>
			</report>
			<report>
				<misses>7715001</misses>
				<total>37</total>
				<timestamp>2235.137041</timestamp>
			</report>
			<report>
				<misses>7716001</misses>
				<total>37</total>
				<timestamp>2235.426699</timestamp>
			</report>
			<report>
				<misses>7717001</misses>
				<total>37</total>
				<timestamp>2235.716374</timestamp>
			</report>
			<report>
				<misses>7718001</misses>
				<total>37</total>
				<timestamp>2236.006037</timestamp>
			</report>
			<report>
				<misses>7719001</misses>
				<total>37</total>
				<timestamp>2236.295784</timestamp>
			</report>
			<report>
				<misses>7720001</misses>
				<total>37</total>
				<timestamp>2236.585531</timestamp>
			</report>
			<report>
				<misses>7721001</misses>
				<total>37</total>
				<timestamp>2236.875158</timestamp>
			</report>
			<report>
				<misses>7722001</misses>
				<total>37</total>
				<timestamp>2237.164896</timestamp>
			</report>
			<report>
				<misses>7723001</misses>
				<total>37</total>
				<timestamp>2237.454591</timestamp>
			</report>
			<report>
				<misses>7724001</misses>
				<total>37</total>
				<timestamp>2237.744301</timestamp>
			</report>
			<report>
				<misses>7725001</misses>
				<total>37</total>
				<timestamp>2238.034075</timestamp>
			</report>
			<report>
				<misses>7726001</misses>
				<total>37</total>
				<timestamp>2238.323800</timestamp>
			</report>
			<report>
				<misses>7727001</misses>
				<total>37</total>
				<timestamp>2238.613517</timestamp>
			</report>
			<report>
				<misses>7728001</misses>
				<total>37</total>
				<timestamp>2238.903222</timestamp>
			</report>
			<report>
				<misses>7729001</misses>
				<total>37</total>
				<timestamp>2239.192916</timestamp>
			</report>
			<report>
				<misses>7730001</misses>
				<total>37</total>
				<timestamp>2239.482626</timestamp>
			</report>
			<report>
				<misses>7731001</misses>
				<total>37</total>
				<timestamp>2239.772311</timestamp>
			</report>
			<report>
				<misses>7732001</misses>
				<total>37</total>
				<timestamp>2240.061975</timestamp>
			</report>
			<report>
				<misses>7733001</misses>
				<total>37</total>
				<timestamp>2240.351672</timestamp>
			</report>
			<report>
				<misses>7734001</misses>
				<total>37</total>
				<timestamp>2240.641392</timestamp>
			</report>
			<report>
				<misses>7735001</misses>
				<total>37</total>
				<timestamp>2240.931241</timestamp>
			</report>
			<report>
				<misses>7736001</misses>
				<total>37</total>
				<timestamp>2241.220917</timestamp>
			</report>
			<report>
				<misses>7737001</misses>
				<total>37</total>
				<timestamp>2241.510565</timestamp>
			</report>
			<report>
				<misses>7738001</misses>
				<total>37</total>
				<timestamp>2241.800250</timestamp>
			</report>
			<report>
				<misses>7739001</misses>
				<total>37</total>
				<timestamp>2242.089968</timestamp>
			</report>
			<report>
				<misses>7740001</misses>
				<total>37</total>
				<timestamp>2242.379653</timestamp>
			</report>
			<report>
				<misses>7741001</misses>
				<total>37</total>
				<timestamp>2242.669381</timestamp>
			</report>
			<report>
				<misses>7742001</misses>
				<total>37</total>
				<timestamp>2242.959057</timestamp>
			</report>
			<report>
				<misses>7743001</misses>
				<total>37</total>
				<timestamp>2243.248929</timestamp>
			</report>
			<report>
				<misses>7744001</misses>
				<total>37</total>
				<timestamp>2243.538566</timestamp>
			</report>
			<report>
				<misses>7745001</misses>
				<total>37</total>
				<timestamp>2243.828222</timestamp>
			</report>
			<report>
				<misses>7746001</misses>
				<total>37</total>
				<timestamp>2244.117915</timestamp>
			</report>
			<report>
				<misses>7747001</misses>
				<total>37</total>
				<timestamp>2244.407656</timestamp>
			</report>
			<report>
				<misses>7748001</misses>
				<total>37</total>
				<timestamp>2244.697324</timestamp>
			</report>
			<report>
				<misses>7749001</misses>
				<total>37</total>
				<timestamp>2244.987032</timestamp>
			</report>
			<report>
				<misses>7750001</misses>
				<total>37</total>
				<timestamp>2245.276784</timestamp>
			</report>
			<report>
				<misses>7751001</misses>
				<total>37</total>
				<timestamp>2245.566469</timestamp>
			</report>
			<report>
				<misses>7752001</misses>
				<total>37</total>
				<timestamp>2245.856165</timestamp>
			</report>
			<report>
				<misses>7753001</misses>
				<total>37</total>
				<timestamp>2246.145879</timestamp>
			</report>
			<report>
				<misses>7754001</misses>
				<total>37</total>
				<timestamp>2246.435669</timestamp>
			</report>
			<report>
				<misses>7755001</misses>
				<total>37</total>
				<timestamp>2246.725319</timestamp>
			</report>
			<report>
				<misses>7756001</misses>
				<total>37</total>
				<timestamp>2247.015017</timestamp>
			</report>
			<report>
				<misses>7757001</misses>
				<total>37</total>
				<timestamp>2247.304810</timestamp>
			</report>
			<report>
				<misses>7758001</misses>
				<total>37</total>
				<timestamp>2247.594431</timestamp>
			</report>
			<report>
				<misses>7759001</misses>
				<total>37</total>
				<timestamp>2247.884173</timestamp>
			</report>
			<report>
				<misses>7760001</misses>
				<total>37</total>
				<timestamp>2248.173852</timestamp>
			</report>
			<report>
				<misses>7761001</misses>
				<total>37</total>
				<timestamp>2248.463695</timestamp>
			</report>
			<report>
				<misses>7762001</misses>
				<total>37</total>
				<timestamp>2248.753263</timestamp>
			</report>
			<report>
				<misses>7763001</misses>
				<total>37</total>
				<timestamp>2249.043056</timestamp>
			</report>
			<report>
				<misses>7764001</misses>
				<total>37</total>
				<timestamp>2249.332732</timestamp>
			</report>
			<report>
				<misses>7765001</misses>
				<total>37</total>
				<timestamp>2249.622418</timestamp>
			</report>
			<report>
				<misses>7766001</misses>
				<total>37</total>
				<timestamp>2249.912117</timestamp>
			</report>
			<report>
				<misses>7767001</misses>
				<total>37</total>
				<timestamp>2250.201821</timestamp>
			</report>
			<report>
				<misses>7768001</misses>
				<total>37</total>
				<timestamp>2250.491539</timestamp>
			</report>
			<report>
				<misses>7769001</misses>
				<total>37</total>
				<timestamp>2250.781280</timestamp>
			</report>
			<report>
				<misses>7770001</misses>
				<total>37</total>
				<timestamp>2251.070942</timestamp>
			</report>
			<report>
				<misses>7771001</misses>
				<total>37</total>
				<timestamp>2251.360691</timestamp>
			</report>
			<report>
				<misses>7772001</misses>
				<total>37</total>
				<timestamp>2251.650367</timestamp>
			</report>
			<report>
				<misses>7773001</misses>
				<total>37</total>
				<timestamp>2251.940105</timestamp>
			</report>
			<report>
				<misses>7774001</misses>
				<total>37</total>
				<timestamp>2252.229818</timestamp>
			</report>
			<report>
				<misses>7775001</misses>
				<total>37</total>
				<timestamp>2252.519528</timestamp>
			</report>
			<report>
				<misses>7776001</misses>
				<total>37</total>
				<timestamp>2252.809239</timestamp>
			</report>
			<report>
				<misses>7777001</misses>
				<total>37</total>
				<timestamp>2253.099028</timestamp>
			</report>
			<report>
				<misses>7778001</misses>
				<total>37</total>
				<timestamp>2253.388672</timestamp>
			</report>
			<report>
				<misses>7779001</misses>
				<total>37</total>
				<timestamp>2253.678448</timestamp>
			</report>
			<report>
				<misses>7780001</misses>
				<total>37</total>
				<timestamp>2253.968048</timestamp>
			</report>
			<report>
				<misses>7781001</misses>
				<total>37</total>
				<timestamp>2254.257814</timestamp>
			</report>
			<report>
				<misses>7782001</misses>
				<total>37</total>
				<timestamp>2254.547571</timestamp>
			</report>
			<report>
				<misses>7783001</misses>
				<total>37</total>
				<timestamp>2254.837319</timestamp>
			</report>
			<report>
				<misses>7784001</misses>
				<total>37</total>
				<timestamp>2255.127011</timestamp>
			</report>
			<report>
				<misses>7785001</misses>
				<total>37</total>
				<timestamp>2255.416591</timestamp>
			</report>
			<report>
				<misses>7786001</misses>
				<total>37</total>
				<timestamp>2255.706366</timestamp>
			</report>
			<report>
				<misses>7787001</misses>
				<total>37</total>
				<timestamp>2255.996025</timestamp>
			</report>
			<report>
				<misses>7788001</misses>
				<total>37</total>
				<timestamp>2256.285773</timestamp>
			</report>
			<report>
				<misses>7789001</misses>
				<total>37</total>
				<timestamp>2256.575476</timestamp>
			</report>
			<report>
				<misses>7790001</misses>
				<total>37</total>
				<timestamp>2256.865159</timestamp>
			</report>
			<report>
				<misses>7791001</misses>
				<total>37</total>
				<timestamp>2257.154877</timestamp>
			</report>
			<report>
				<misses>7792001</misses>
				<total>37</total>
				<timestamp>2257.444583</timestamp>
			</report>
			<report>
				<misses>7793001</misses>
				<total>37</total>
				<timestamp>2257.734265</timestamp>
			</report>
			<report>
				<misses>7794001</misses>
				<total>37</total>
				<timestamp>2258.023982</timestamp>
			</report>
			<report>
				<misses>7795001</misses>
				<total>37</total>
				<timestamp>2258.313733</timestamp>
			</report>
			<report>
				<misses>7796001</misses>
				<total>37</total>
				<timestamp>2258.603424</timestamp>
			</report>
			<report>
				<misses>7797001</misses>
				<total>37</total>
				<timestamp>2258.893120</timestamp>
			</report>
			<report>
				<misses>7798001</misses>
				<total>37</total>
				<timestamp>2259.182873</timestamp>
			</report>
			<report>
				<misses>7799001</misses>
				<total>37</total>
				<timestamp>2259.472542</timestamp>
			</report>
			<report>
				<misses>7800001</misses>
				<total>37</total>
				<timestamp>2259.762242</timestamp>
			</report>
			<report>
				<misses>7801001</misses>
				<total>37</total>
				<timestamp>2260.051968</timestamp>
			</report>
			<report>
				<misses>7802001</misses>
				<total>37</total>
				<timestamp>2260.341699</timestamp>
			</report>
			<report>
				<misses>7803001</misses>
				<total>37</total>
				<timestamp>2260.631462</timestamp>
			</report>
			<report>
				<misses>7804001</misses>
				<total>37</total>
				<timestamp>2260.921172</timestamp>
			</report>
			<report>
				<misses>7805001</misses>
				<total>37</total>
				<timestamp>2261.210847</timestamp>
			</report>
			<report>
				<misses>7806001</misses>
				<total>37</total>
				<timestamp>2261.500599</timestamp>
			</report>
			<report>
				<misses>7807001</misses>
				<total>37</total>
				<timestamp>2261.790294</timestamp>
			</report>
			<report>
				<misses>7808001</misses>
				<total>37</total>
				<timestamp>2262.080007</timestamp>
			</report>
			<report>
				<misses>7809001</misses>
				<total>37</total>
				<timestamp>2262.369761</timestamp>
			</report>
			<report>
				<misses>7810001</misses>
				<total>37</total>
				<timestamp>2262.659478</timestamp>
			</report>
			<report>
				<misses>7811001</misses>
				<total>37</total>
				<timestamp>2262.949169</timestamp>
			</report>
			<report>
				<misses>7812001</misses>
				<total>37</total>
				<timestamp>2263.238823</timestamp>
			</report>
			<report>
				<misses>7813001</misses>
				<total>37</total>
				<timestamp>2263.528530</timestamp>
			</report>
			<report>
				<misses>7814001</misses>
				<total>37</total>
				<timestamp>2263.818328</timestamp>
			</report>
			<report>
				<misses>7815001</misses>
				<total>37</total>
				<timestamp>2264.107924</timestamp>
			</report>
			<report>
				<misses>7816001</misses>
				<total>37</total>
				<timestamp>2264.397635</timestamp>
			</report>
			<report>
				<misses>7817001</misses>
				<total>37</total>
				<timestamp>2264.687326</timestamp>
			</report>
			<report>
				<misses>7818001</misses>
				<total>37</total>
				<timestamp>2264.977044</timestamp>
			</report>
			<report>
				<misses>7819001</misses>
				<total>37</total>
				<timestamp>2265.266820</timestamp>
			</report>
			<report>
				<misses>7820001</misses>
				<total>37</total>
				<timestamp>2265.556448</timestamp>
			</report>
			<report>
				<misses>7821001</misses>
				<total>37</total>
				<timestamp>2265.846163</timestamp>
			</report>
			<report>
				<misses>7822001</misses>
				<total>37</total>
				<timestamp>2266.135882</timestamp>
			</report>
			<report>
				<misses>7823001</misses>
				<total>37</total>
				<timestamp>2266.425627</timestamp>
			</report>
			<report>
				<misses>7824001</misses>
				<total>37</total>
				<timestamp>2266.715290</timestamp>
			</report>
			<report>
				<misses>7825001</misses>
				<total>37</total>
				<timestamp>2267.005009</timestamp>
			</report>
			<report>
				<misses>7826001</misses>
				<total>37</total>
				<timestamp>2267.294824</timestamp>
			</report>
			<report>
				<misses>7827001</misses>
				<total>37</total>
				<timestamp>2267.584438</timestamp>
			</report>
			<report>
				<misses>7828001</misses>
				<total>37</total>
				<timestamp>2267.874167</timestamp>
			</report>
			<report>
				<misses>7829001</misses>
				<total>37</total>
				<timestamp>2268.163977</timestamp>
			</report>
			<report>
				<misses>7830001</misses>
				<total>37</total>
				<timestamp>2268.453559</timestamp>
			</report>
			<report>
				<misses>7831001</misses>
				<total>37</total>
				<timestamp>2268.743304</timestamp>
			</report>
			<report>
				<misses>7832001</misses>
				<total>37</total>
				<timestamp>2269.032970</timestamp>
			</report>
			<report>
				<misses>7833001</misses>
				<total>37</total>
				<timestamp>2269.322854</timestamp>
			</report>
			<report>
				<misses>7834001</misses>
				<total>37</total>
				<timestamp>2269.612404</timestamp>
			</report>
			<report>
				<misses>7835001</misses>
				<total>37</total>
				<timestamp>2269.902139</timestamp>
			</report>
			<report>
				<misses>7836001</misses>
				<total>37</total>
				<timestamp>2270.191817</timestamp>
			</report>
			<report>
				<misses>7837001</misses>
				<total>37</total>
				<timestamp>2270.481514</timestamp>
			</report>
			<report>
				<misses>7838001</misses>
				<total>37</total>
				<timestamp>2270.771318</timestamp>
			</report>
			<report>
				<misses>7839001</misses>
				<total>37</total>
				<timestamp>2271.060940</timestamp>
			</report>
			<report>
				<misses>7840001</misses>
				<total>37</total>
				<timestamp>2271.350669</timestamp>
			</report>
			<report>
				<misses>7841001</misses>
				<total>37</total>
				<timestamp>2271.640357</timestamp>
			</report>
			<report>
				<misses>7842001</misses>
				<total>37</total>
				<timestamp>2271.930072</timestamp>
			</report>
			<report>
				<misses>7843001</misses>
				<total>37</total>
				<timestamp>2272.219787</timestamp>
			</report>
			<report>
				<misses>7844001</misses>
				<total>37</total>
				<timestamp>2272.509619</timestamp>
			</report>
			<report>
				<misses>7845001</misses>
				<total>37</total>
				<timestamp>2272.799206</timestamp>
			</report>
			<report>
				<misses>7846001</misses>
				<total>37</total>
				<timestamp>2273.088925</timestamp>
			</report>
			<report>
				<misses>7847001</misses>
				<total>37</total>
				<timestamp>2273.378651</timestamp>
			</report>
			<report>
				<misses>7848001</misses>
				<total>37</total>
				<timestamp>2273.668448</timestamp>
			</report>
			<report>
				<misses>7849001</misses>
				<total>37</total>
				<timestamp>2273.958034</timestamp>
			</report>
			<report>
				<misses>7850001</misses>
				<total>37</total>
				<timestamp>2274.247904</timestamp>
			</report>
			<report>
				<misses>7851001</misses>
				<total>37</total>
				<timestamp>2274.537581</timestamp>
			</report>
			<report>
				<misses>7852001</misses>
				<total>37</total>
				<timestamp>2274.827149</timestamp>
			</report>
			<report>
				<misses>7853001</misses>
				<total>37</total>
				<timestamp>2275.116917</timestamp>
			</report>
			<report>
				<misses>7854001</misses>
				<total>37</total>
				<timestamp>2275.406628</timestamp>
			</report>
			<report>
				<misses>7855001</misses>
				<total>37</total>
				<timestamp>2275.696316</timestamp>
			</report>
			<report>
				<misses>7856001</misses>
				<total>37</total>
				<timestamp>2275.986014</timestamp>
			</report>
			<report>
				<misses>7857001</misses>
				<total>37</total>
				<timestamp>2276.275773</timestamp>
			</report>
			<report>
				<misses>7858001</misses>
				<total>37</total>
				<timestamp>2276.565454</timestamp>
			</report>
			<report>
				<misses>7859001</misses>
				<total>37</total>
				<timestamp>2276.855142</timestamp>
			</report>
			<report>
				<misses>7860001</misses>
				<total>37</total>
				<timestamp>2277.144850</timestamp>
			</report>
			<report>
				<misses>7861001</misses>
				<total>37</total>
				<timestamp>2277.434617</timestamp>
			</report>
			<report>
				<misses>7862001</misses>
				<total>37</total>
				<timestamp>2277.724278</timestamp>
			</report>
			<report>
				<misses>7863001</misses>
				<total>37</total>
				<timestamp>2278.014070</timestamp>
			</report>
			<report>
				<misses>7864001</misses>
				<total>37</total>
				<timestamp>2278.303866</timestamp>
			</report>
			<report>
				<misses>7865001</misses>
				<total>37</total>
				<timestamp>2278.593438</timestamp>
			</report>
			<report>
				<misses>7866001</misses>
				<total>37</total>
				<timestamp>2278.883190</timestamp>
			</report>
			<report>
				<misses>7867001</misses>
				<total>37</total>
				<timestamp>2279.172925</timestamp>
			</report>
			<report>
				<misses>7868001</misses>
				<total>37</total>
				<timestamp>2279.462551</timestamp>
			</report>
			<report>
				<misses>7869001</misses>
				<total>37</total>
				<timestamp>2279.752327</timestamp>
			</report>
			<report>
				<misses>7870001</misses>
				<total>37</total>
				<timestamp>2280.041976</timestamp>
			</report>
			<report>
				<misses>7871001</misses>
				<total>37</total>
				<timestamp>2280.331715</timestamp>
			</report>
			<report>
				<misses>7872001</misses>
				<total>37</total>
				<timestamp>2280.621371</timestamp>
			</report>
			<report>
				<misses>7873001</misses>
				<total>37</total>
				<timestamp>2280.911112</timestamp>
			</report>
			<report>
				<misses>7874001</misses>
				<total>37</total>
				<timestamp>2281.200803</timestamp>
			</report>
			<report>
				<misses>7875001</misses>
				<total>37</total>
				<timestamp>2281.490583</timestamp>
			</report>
			<report>
				<misses>7876001</misses>
				<total>37</total>
				<timestamp>2281.780217</timestamp>
			</report>
			<report>
				<misses>7877001</misses>
				<total>37</total>
				<timestamp>2282.069924</timestamp>
			</report>
			<report>
				<misses>7878001</misses>
				<total>37</total>
				<timestamp>2282.359699</timestamp>
			</report>
			<report>
				<misses>7879001</misses>
				<total>37</total>
				<timestamp>2282.649393</timestamp>
			</report>
			<report>
				<misses>7880001</misses>
				<total>37</total>
				<timestamp>2282.939033</timestamp>
			</report>
			<report>
				<misses>7881001</misses>
				<total>37</total>
				<timestamp>2283.228750</timestamp>
			</report>
			<report>
				<misses>7882001</misses>
				<total>37</total>
				<timestamp>2283.518471</timestamp>
			</report>
			<report>
				<misses>7883001</misses>
				<total>37</total>
				<timestamp>2283.808279</timestamp>
			</report>
			<report>
				<misses>7884001</misses>
				<total>37</total>
				<timestamp>2284.097902</timestamp>
			</report>
			<report>
				<misses>7885001</misses>
				<total>37</total>
				<timestamp>2284.387627</timestamp>
			</report>
			<report>
				<misses>7886001</misses>
				<total>37</total>
				<timestamp>2284.677306</timestamp>
			</report>
			<report>
				<misses>7887001</misses>
				<total>37</total>
				<timestamp>2284.967011</timestamp>
			</report>
			<report>
				<misses>7888001</misses>
				<total>37</total>
				<timestamp>2285.256753</timestamp>
			</report>
			<report>
				<misses>7889001</misses>
				<total>37</total>
				<timestamp>2285.546448</timestamp>
			</report>
			<report>
				<misses>7890001</misses>
				<total>37</total>
				<timestamp>2285.836154</timestamp>
			</report>
			<report>
				<misses>7891001</misses>
				<total>37</total>
				<timestamp>2286.125850</timestamp>
			</report>
			<report>
				<misses>7892001</misses>
				<total>37</total>
				<timestamp>2286.415603</timestamp>
			</report>
			<report>
				<misses>7893001</misses>
				<total>37</total>
				<timestamp>2286.705277</timestamp>
			</report>
			<report>
				<misses>7894001</misses>
				<total>37</total>
				<timestamp>2286.994984</timestamp>
			</report>
			<report>
				<misses>7895001</misses>
				<total>37</total>
				<timestamp>2287.284720</timestamp>
			</report>
			<report>
				<misses>7896001</misses>
				<total>37</total>
				<timestamp>2287.574419</timestamp>
			</report>
			<report>
				<misses>7897001</misses>
				<total>37</total>
				<timestamp>2287.864132</timestamp>
			</report>
			<report>
				<misses>7898001</misses>
				<total>37</total>
				<timestamp>2288.153825</timestamp>
			</report>
			<report>
				<misses>7899001</misses>
				<total>37</total>
				<timestamp>2288.443532</timestamp>
			</report>
			<report>
				<misses>7900001</misses>
				<total>37</total>
				<timestamp>2288.733252</timestamp>
			</report>
			<report>
				<misses>7901001</misses>
				<total>37</total>
				<timestamp>2289.023069</timestamp>
			</report>
			<report>
				<misses>7902001</misses>
				<total>37</total>
				<timestamp>2289.312676</timestamp>
			</report>
			<report>
				<misses>7903001</misses>
				<total>37</total>
				<timestamp>2289.602375</timestamp>
			</report>
			<report>
				<misses>7904001</misses>
				<total>37</total>
				<timestamp>2289.892085</timestamp>
			</report>
			<report>
				<misses>7905001</misses>
				<total>37</total>
				<timestamp>2290.181826</timestamp>
			</report>
			<report>
				<misses>7906001</misses>
				<total>37</total>
				<timestamp>2290.471532</timestamp>
			</report>
			<report>
				<misses>7907001</misses>
				<total>37</total>
				<timestamp>2290.761212</timestamp>
			</report>
			<report>
				<misses>7908001</misses>
				<total>37</total>
				<timestamp>2291.050915</timestamp>
			</report>
			<report>
				<misses>7909001</misses>
				<total>37</total>
				<timestamp>2291.340683</timestamp>
			</report>
			<report>
				<misses>7910001</misses>
				<total>37</total>
				<timestamp>2291.630343</timestamp>
			</report>
			<report>
				<misses>7911001</misses>
				<total>37</total>
				<timestamp>2291.920078</timestamp>
			</report>
			<report>
				<misses>7912001</misses>
				<total>37</total>
				<timestamp>2292.209781</timestamp>
			</report>
			<report>
				<misses>7913001</misses>
				<total>37</total>
				<timestamp>2292.499545</timestamp>
			</report>
			<report>
				<misses>7914001</misses>
				<total>37</total>
				<timestamp>2292.789188</timestamp>
			</report>
			<report>
				<misses>7915001</misses>
				<total>37</total>
				<timestamp>2293.078886</timestamp>
			</report>
			<report>
				<misses>7916001</misses>
				<total>37</total>
				<timestamp>2293.368647</timestamp>
			</report>
			<report>
				<misses>7917001</misses>
				<total>37</total>
				<timestamp>2293.658329</timestamp>
			</report>
			<report>
				<misses>7918001</misses>
				<total>37</total>
				<timestamp>2293.948026</timestamp>
			</report>
			<report>
				<misses>7919001</misses>
				<total>37</total>
				<timestamp>2294.237782</timestamp>
			</report>
			<report>
				<misses>7920001</misses>
				<total>37</total>
				<timestamp>2294.527498</timestamp>
			</report>
			<report>
				<misses>7921001</misses>
				<total>37</total>
				<timestamp>2294.817293</timestamp>
			</report>
			<report>
				<misses>7922001</misses>
				<total>37</total>
				<timestamp>2295.106981</timestamp>
			</report>
			<report>
				<misses>7923001</misses>
				<total>37</total>
				<timestamp>2295.396655</timestamp>
			</report>
			<report>
				<misses>7924001</misses>
				<total>37</total>
				<timestamp>2295.686334</timestamp>
			</report>
			<report>
				<misses>7925001</misses>
				<total>37</total>
				<timestamp>2295.975995</timestamp>
			</report>
			<report>
				<misses>7926001</misses>
				<total>37</total>
				<timestamp>2296.265742</timestamp>
			</report>
			<report>
				<misses>7927001</misses>
				<total>37</total>
				<timestamp>2296.555509</timestamp>
			</report>
			<report>
				<misses>7928001</misses>
				<total>37</total>
				<timestamp>2296.845188</timestamp>
			</report>
			<report>
				<misses>7929001</misses>
				<total>37</total>
				<timestamp>2297.134944</timestamp>
			</report>
			<report>
				<misses>7930001</misses>
				<total>37</total>
				<timestamp>2297.424582</timestamp>
			</report>
			<report>
				<misses>7931001</misses>
				<total>37</total>
				<timestamp>2297.714364</timestamp>
			</report>
			<report>
				<misses>7932001</misses>
				<total>37</total>
				<timestamp>2298.004087</timestamp>
			</report>
			<report>
				<misses>7933001</misses>
				<total>37</total>
				<timestamp>2298.293711</timestamp>
			</report>
			<report>
				<misses>7934001</misses>
				<total>37</total>
				<timestamp>2298.583416</timestamp>
			</report>
			<report>
				<misses>7935001</misses>
				<total>37</total>
				<timestamp>2298.873200</timestamp>
			</report>
			<report>
				<misses>7936001</misses>
				<total>37</total>
				<timestamp>2299.162872</timestamp>
			</report>
			<report>
				<misses>7937001</misses>
				<total>37</total>
				<timestamp>2299.452517</timestamp>
			</report>
			<report>
				<misses>7938001</misses>
				<total>37</total>
				<timestamp>2299.742237</timestamp>
			</report>
			<report>
				<misses>7939001</misses>
				<total>37</total>
				<timestamp>2300.031958</timestamp>
			</report>
			<report>
				<misses>7940001</misses>
				<total>37</total>
				<timestamp>2300.321762</timestamp>
			</report>
			<report>
				<misses>7941001</misses>
				<total>37</total>
				<timestamp>2300.611416</timestamp>
			</report>
			<report>
				<misses>7942001</misses>
				<total>37</total>
				<timestamp>2300.901171</timestamp>
			</report>
			<report>
				<misses>7943001</misses>
				<total>37</total>
				<timestamp>2301.190787</timestamp>
			</report>
			<report>
				<misses>7944001</misses>
				<total>37</total>
				<timestamp>2301.480552</timestamp>
			</report>
			<report>
				<misses>7945001</misses>
				<total>37</total>
				<timestamp>2301.770234</timestamp>
			</report>
			<report>
				<misses>7946001</misses>
				<total>37</total>
				<timestamp>2302.059943</timestamp>
			</report>
			<report>
				<misses>7947001</misses>
				<total>37</total>
				<timestamp>2302.349629</timestamp>
			</report>
			<report>
				<misses>7948001</misses>
				<total>37</total>
				<timestamp>2302.639314</timestamp>
			</report>
			<report>
				<misses>7949001</misses>
				<total>37</total>
				<timestamp>2302.929039</timestamp>
			</report>
			<report>
				<misses>7950001</misses>
				<total>37</total>
				<timestamp>2303.218760</timestamp>
			</report>
			<report>
				<misses>7951001</misses>
				<total>37</total>
				<timestamp>2303.508576</timestamp>
			</report>
			<report>
				<misses>7952001</misses>
				<total>38</total>
				<timestamp>2303.798323</timestamp>
			</report>
			<report>
				<misses>7953001</misses>
				<total>38</total>
				<timestamp>2304.087879</timestamp>
			</report>
			<report>
				<misses>7954001</misses>
				<total>38</total>
				<timestamp>2304.377733</timestamp>
			</report>
			<report>
				<misses>7955001</misses>
				<total>38</total>
				<timestamp>2304.667284</timestamp>
			</report>
			<report>
				<misses>7956001</misses>
				<total>38</total>
				<timestamp>2304.957011</timestamp>
			</report>
			<report>
				<misses>7957001</misses>
				<total>38</total>
				<timestamp>2305.246715</timestamp>
			</report>
			<report>
				<misses>7958001</misses>
				<total>38</total>
				<timestamp>2305.536433</timestamp>
			</report>
			<report>
				<misses>7959001</misses>
				<total>38</total>
				<timestamp>2305.826126</timestamp>
			</report>
			<report>
				<misses>7960001</misses>
				<total>38</total>
				<timestamp>2306.115854</timestamp>
			</report>
			<report>
				<misses>7961001</misses>
				<total>38</total>
				<timestamp>2306.405582</timestamp>
			</report>
			<report>
				<misses>7962001</misses>
				<total>38</total>
				<timestamp>2306.695256</timestamp>
			</report>
			<report>
				<misses>7963001</misses>
				<total>38</total>
				<timestamp>2306.984960</timestamp>
			</report>
			<report>
				<misses>7964001</misses>
				<total>38</total>
				<timestamp>2307.274684</timestamp>
			</report>
			<report>
				<misses>7965001</misses>
				<total>38</total>
				<timestamp>2307.564439</timestamp>
			</report>
			<report>
				<misses>7966001</misses>
				<total>38</total>
				<timestamp>2307.854104</timestamp>
			</report>
			<report>
				<misses>7967001</misses>
				<total>38</total>
				<timestamp>2308.143837</timestamp>
			</report>
			<report>
				<misses>7968001</misses>
				<total>38</total>
				<timestamp>2308.433579</timestamp>
			</report>
			<report>
				<misses>7969001</misses>
				<total>38</total>
				<timestamp>2308.723280</timestamp>
			</report>
			<report>
				<misses>7970001</misses>
				<total>38</total>
				<timestamp>2309.013056</timestamp>
			</report>
			<report>
				<misses>7971001</misses>
				<total>38</total>
				<timestamp>2309.302851</timestamp>
			</report>
			<report>
				<misses>7972001</misses>
				<total>38</total>
				<timestamp>2309.592403</timestamp>
			</report>
			<report>
				<misses>7973001</misses>
				<total>38</total>
				<timestamp>2309.882097</timestamp>
			</report>
			<report>
				<misses>7974001</misses>
				<total>38</total>
				<timestamp>2310.171894</timestamp>
			</report>
			<report>
				<misses>7975001</misses>
				<total>38</total>
				<timestamp>2310.461657</timestamp>
			</report>
			<report>
				<misses>7976001</misses>
				<total>38</total>
				<timestamp>2310.751288</timestamp>
			</report>
			<report>
				<misses>7977001</misses>
				<total>38</total>
				<timestamp>2311.040917</timestamp>
			</report>
			<report>
				<misses>7978001</misses>
				<total>38</total>
				<timestamp>2311.330691</timestamp>
			</report>
			<report>
				<misses>7979001</misses>
				<total>38</total>
				<timestamp>2311.620334</timestamp>
			</report>
			<report>
				<misses>7980001</misses>
				<total>38</total>
				<timestamp>2311.910041</timestamp>
			</report>
			<report>
				<misses>7981001</misses>
				<total>38</total>
				<timestamp>2312.199756</timestamp>
			</report>
			<report>
				<misses>7982001</misses>
				<total>38</total>
				<timestamp>2312.489485</timestamp>
			</report>
			<report>
				<misses>7983001</misses>
				<total>38</total>
				<timestamp>2312.779186</timestamp>
			</report>
			<report>
				<misses>7984001</misses>
				<total>38</total>
				<timestamp>2313.068884</timestamp>
			</report>
			<report>
				<misses>7985001</misses>
				<total>38</total>
				<timestamp>2313.358631</timestamp>
			</report>
			<report>
				<misses>7986001</misses>
				<total>38</total>
				<timestamp>2313.648387</timestamp>
			</report>
			<report>
				<misses>7987001</misses>
				<total>38</total>
				<timestamp>2313.938018</timestamp>
			</report>
			<report>
				<misses>7988001</misses>
				<total>38</total>
				<timestamp>2314.227719</timestamp>
			</report>
			<report>
				<misses>7989001</misses>
				<total>38</total>
				<timestamp>2314.517460</timestamp>
			</report>
			<report>
				<misses>7990001</misses>
				<total>38</total>
				<timestamp>2314.807266</timestamp>
			</report>
			<report>
				<misses>7991001</misses>
				<total>38</total>
				<timestamp>2315.096864</timestamp>
			</report>
			<report>
				<misses>7992001</misses>
				<total>38</total>
				<timestamp>2315.386589</timestamp>
			</report>
			<report>
				<misses>7993001</misses>
				<total>38</total>
				<timestamp>2315.676382</timestamp>
			</report>
			<report>
				<misses>7994001</misses>
				<total>38</total>
				<timestamp>2315.965997</timestamp>
			</report>
			<report>
				<misses>7995001</misses>
				<total>38</total>
				<timestamp>2316.255683</timestamp>
			</report>
			<report>
				<misses>7996001</misses>
				<total>38</total>
				<timestamp>2316.545434</timestamp>
			</report>
			<report>
				<misses>7997001</misses>
				<total>38</total>
				<timestamp>2316.835131</timestamp>
			</report>
			<report>
				<misses>7998001</misses>
				<total>38</total>
				<timestamp>2317.124825</timestamp>
			</report>
			<report>
				<misses>7999001</misses>
				<total>38</total>
				<timestamp>2317.414538</timestamp>
			</report>
			<report>
				<misses>8000001</misses>
				<total>38</total>
				<timestamp>2317.704278</timestamp>
			</report>
			<report>
				<misses>8001001</misses>
				<total>38</total>
				<timestamp>2317.993990</timestamp>
			</report>
			<report>
				<misses>8002001</misses>
				<total>38</total>
				<timestamp>2318.283675</timestamp>
			</report>
			<report>
				<misses>8003001</misses>
				<total>38</total>
				<timestamp>2318.573377</timestamp>
			</report>
			<report>
				<misses>8004001</misses>
				<total>38</total>
				<timestamp>2318.863080</timestamp>
			</report>
			<report>
				<misses>8005001</misses>
				<total>38</total>
				<timestamp>2319.152789</timestamp>
			</report>
			<report>
				<misses>8006001</misses>
				<total>38</total>
				<timestamp>2319.442540</timestamp>
			</report>
			<report>
				<misses>8007001</misses>
				<total>38</total>
				<timestamp>2319.732208</timestamp>
			</report>
			<report>
				<misses>8008001</misses>
				<total>38</total>
				<timestamp>2320.021941</timestamp>
			</report>
			<report>
				<misses>8009001</misses>
				<total>38</total>
				<timestamp>2320.311640</timestamp>
			</report>
			<report>
				<misses>8010001</misses>
				<total>38</total>
				<timestamp>2320.601360</timestamp>
			</report>
			<report>
				<misses>8011001</misses>
				<total>38</total>
				<timestamp>2320.891054</timestamp>
			</report>
			<report>
				<misses>8012001</misses>
				<total>38</total>
				<timestamp>2321.180750</timestamp>
			</report>
			<report>
				<misses>8013001</misses>
				<total>38</total>
				<timestamp>2321.470472</timestamp>
			</report>
			<report>
				<misses>8014001</misses>
				<total>38</total>
				<timestamp>2321.760181</timestamp>
			</report>
			<report>
				<misses>8015001</misses>
				<total>38</total>
				<timestamp>2322.049896</timestamp>
			</report>
			<report>
				<misses>8016001</misses>
				<total>38</total>
				<timestamp>2322.339631</timestamp>
			</report>
			<report>
				<misses>8017001</misses>
				<total>38</total>
				<timestamp>2322.629365</timestamp>
			</report>
			<report>
				<misses>8018001</misses>
				<total>38</total>
				<timestamp>2322.919023</timestamp>
			</report>
			<report>
				<misses>8019001</misses>
				<total>38</total>
				<timestamp>2323.208724</timestamp>
			</report>
			<report>
				<misses>8020001</misses>
				<total>38</total>
				<timestamp>2323.498498</timestamp>
			</report>
			<report>
				<misses>8021001</misses>
				<total>38</total>
				<timestamp>2323.788162</timestamp>
			</report>
			<report>
				<misses>8022001</misses>
				<total>38</total>
				<timestamp>2324.077885</timestamp>
			</report>
			<report>
				<misses>8023001</misses>
				<total>38</total>
				<timestamp>2324.367621</timestamp>
			</report>
			<report>
				<misses>8024001</misses>
				<total>38</total>
				<timestamp>2324.657294</timestamp>
			</report>
			<report>
				<misses>8025001</misses>
				<total>38</total>
				<timestamp>2324.947009</timestamp>
			</report>
			<report>
				<misses>8026001</misses>
				<total>38</total>
				<timestamp>2325.236710</timestamp>
			</report>
			<report>
				<misses>8027001</misses>
				<total>38</total>
				<timestamp>2325.526460</timestamp>
			</report>
			<report>
				<misses>8028001</misses>
				<total>38</total>
				<timestamp>2325.816137</timestamp>
			</report>
			<report>
				<misses>8029001</misses>
				<total>38</total>
				<timestamp>2326.105835</timestamp>
			</report>
			<report>
				<misses>8030001</misses>
				<total>38</total>
				<timestamp>2326.395539</timestamp>
			</report>
			<report>
				<misses>8031001</misses>
				<total>38</total>
				<timestamp>2326.685301</timestamp>
			</report>
			<report>
				<misses>8032001</misses>
				<total>38</total>
				<timestamp>2326.974980</timestamp>
			</report>
			<report>
				<misses>8033001</misses>
				<total>38</total>
				<timestamp>2327.264750</timestamp>
			</report>
			<report>
				<misses>8034001</misses>
				<total>38</total>
				<timestamp>2327.554447</timestamp>
			</report>
			<report>
				<misses>8035001</misses>
				<total>38</total>
				<timestamp>2327.844096</timestamp>
			</report>
			<report>
				<misses>8036001</misses>
				<total>38</total>
				<timestamp>2328.133846</timestamp>
			</report>
			<report>
				<misses>8037001</misses>
				<total>38</total>
				<timestamp>2328.423655</timestamp>
			</report>
			<report>
				<misses>8038001</misses>
				<total>38</total>
				<timestamp>2328.713325</timestamp>
			</report>
			<report>
				<misses>8039001</misses>
				<total>38</total>
				<timestamp>2329.002947</timestamp>
			</report>
			<report>
				<misses>8040001</misses>
				<total>38</total>
				<timestamp>2329.292669</timestamp>
			</report>
			<report>
				<misses>8041001</misses>
				<total>38</total>
				<timestamp>2329.582385</timestamp>
			</report>
			<report>
				<misses>8042001</misses>
				<total>38</total>
				<timestamp>2329.872059</timestamp>
			</report>
			<report>
				<misses>8043001</misses>
				<total>38</total>
				<timestamp>2330.161780</timestamp>
			</report>
			<report>
				<misses>8044001</misses>
				<total>38</total>
				<timestamp>2330.451491</timestamp>
			</report>
			<report>
				<misses>8045001</misses>
				<total>38</total>
				<timestamp>2330.741214</timestamp>
			</report>
			<report>
				<misses>8046001</misses>
				<total>38</total>
				<timestamp>2331.030920</timestamp>
			</report>
			<report>
				<misses>8047001</misses>
				<total>38</total>
				<timestamp>2331.320621</timestamp>
			</report>
			<report>
				<misses>8048001</misses>
				<total>38</total>
				<timestamp>2331.610406</timestamp>
			</report>
			<report>
				<misses>8049001</misses>
				<total>38</total>
				<timestamp>2331.900034</timestamp>
			</report>
			<report>
				<misses>8050001</misses>
				<total>38</total>
				<timestamp>2332.189748</timestamp>
			</report>
			<report>
				<misses>8051001</misses>
				<total>38</total>
				<timestamp>2332.479470</timestamp>
			</report>
			<report>
				<misses>8052001</misses>
				<total>38</total>
				<timestamp>2332.769152</timestamp>
			</report>
			<report>
				<misses>8053001</misses>
				<total>38</total>
				<timestamp>2333.058900</timestamp>
			</report>
			<report>
				<misses>8054001</misses>
				<total>38</total>
				<timestamp>2333.348711</timestamp>
			</report>
			<report>
				<misses>8055001</misses>
				<total>38</total>
				<timestamp>2333.638318</timestamp>
			</report>
			<report>
				<misses>8056001</misses>
				<total>38</total>
				<timestamp>2333.928025</timestamp>
			</report>
			<report>
				<misses>8057001</misses>
				<total>38</total>
				<timestamp>2334.217816</timestamp>
			</report>
			<report>
				<misses>8058001</misses>
				<total>38</total>
				<timestamp>2334.507481</timestamp>
			</report>
			<report>
				<misses>8059001</misses>
				<total>38</total>
				<timestamp>2334.797247</timestamp>
			</report>
			<report>
				<misses>8060001</misses>
				<total>38</total>
				<timestamp>2335.086908</timestamp>
			</report>
			<report>
				<misses>8061001</misses>
				<total>38</total>
				<timestamp>2335.376612</timestamp>
			</report>
			<report>
				<misses>8062001</misses>
				<total>38</total>
				<timestamp>2335.666354</timestamp>
			</report>
			<report>
				<misses>8063001</misses>
				<total>38</total>
				<timestamp>2335.955981</timestamp>
			</report>
			<report>
				<misses>8064001</misses>
				<total>38</total>
				<timestamp>2336.245677</timestamp>
			</report>
			<report>
				<misses>8065001</misses>
				<total>38</total>
				<timestamp>2336.535402</timestamp>
			</report>
			<report>
				<misses>8066001</misses>
				<total>38</total>
				<timestamp>2336.825102</timestamp>
			</report>
			<report>
				<misses>8067001</misses>
				<total>38</total>
				<timestamp>2337.114843</timestamp>
			</report>
			<report>
				<misses>8068001</misses>
				<total>38</total>
				<timestamp>2337.404517</timestamp>
			</report>
			<report>
				<misses>8069001</misses>
				<total>38</total>
				<timestamp>2337.694294</timestamp>
			</report>
			<report>
				<misses>8070001</misses>
				<total>38</total>
				<timestamp>2337.983951</timestamp>
			</report>
			<report>
				<misses>8071001</misses>
				<total>38</total>
				<timestamp>2338.273674</timestamp>
			</report>
			<report>
				<misses>8072001</misses>
				<total>38</total>
				<timestamp>2338.563375</timestamp>
			</report>
			<report>
				<misses>8073001</misses>
				<total>38</total>
				<timestamp>2338.853068</timestamp>
			</report>
			<report>
				<misses>8074001</misses>
				<total>38</total>
				<timestamp>2339.142773</timestamp>
			</report>
			<report>
				<misses>8075001</misses>
				<total>38</total>
				<timestamp>2339.432489</timestamp>
			</report>
			<report>
				<misses>8076001</misses>
				<total>38</total>
				<timestamp>2339.722217</timestamp>
			</report>
			<report>
				<misses>8077001</misses>
				<total>38</total>
				<timestamp>2340.011903</timestamp>
			</report>
			<report>
				<misses>8078001</misses>
				<total>38</total>
				<timestamp>2340.301656</timestamp>
			</report>
			<report>
				<misses>8079001</misses>
				<total>38</total>
				<timestamp>2340.591351</timestamp>
			</report>
			<report>
				<misses>8080001</misses>
				<total>38</total>
				<timestamp>2340.881058</timestamp>
			</report>
			<report>
				<misses>8081001</misses>
				<total>38</total>
				<timestamp>2341.170756</timestamp>
			</report>
			<report>
				<misses>8082001</misses>
				<total>38</total>
				<timestamp>2341.460473</timestamp>
			</report>
			<report>
				<misses>8083001</misses>
				<total>38</total>
				<timestamp>2341.750186</timestamp>
			</report>
			<report>
				<misses>8084001</misses>
				<total>38</total>
				<timestamp>2342.039899</timestamp>
			</report>
			<report>
				<misses>8085001</misses>
				<total>38</total>
				<timestamp>2342.329602</timestamp>
			</report>
			<report>
				<misses>8086001</misses>
				<total>38</total>
				<timestamp>2342.619340</timestamp>
			</report>
			<report>
				<misses>8087001</misses>
				<total>38</total>
				<timestamp>2342.909026</timestamp>
			</report>
			<report>
				<misses>8088001</misses>
				<total>38</total>
				<timestamp>2343.198726</timestamp>
			</report>
			<report>
				<misses>8089001</misses>
				<total>38</total>
				<timestamp>2343.488486</timestamp>
			</report>
			<report>
				<misses>8090001</misses>
				<total>38</total>
				<timestamp>2343.778198</timestamp>
			</report>
			<report>
				<misses>8091001</misses>
				<total>38</total>
				<timestamp>2344.067891</timestamp>
			</report>
			<report>
				<misses>8092001</misses>
				<total>38</total>
				<timestamp>2344.357598</timestamp>
			</report>
			<report>
				<misses>8093001</misses>
				<total>38</total>
				<timestamp>2344.647368</timestamp>
			</report>
			<report>
				<misses>8094001</misses>
				<total>38</total>
				<timestamp>2344.937056</timestamp>
			</report>
			<report>
				<misses>8095001</misses>
				<total>38</total>
				<timestamp>2345.226784</timestamp>
			</report>
			<report>
				<misses>8096001</misses>
				<total>38</total>
				<timestamp>2345.516448</timestamp>
			</report>
			<report>
				<misses>8097001</misses>
				<total>38</total>
				<timestamp>2345.806205</timestamp>
			</report>
			<report>
				<misses>8098001</misses>
				<total>38</total>
				<timestamp>2346.095919</timestamp>
			</report>
			<report>
				<misses>8099001</misses>
				<total>38</total>
				<timestamp>2346.385581</timestamp>
			</report>
			<report>
				<misses>8100001</misses>
				<total>38</total>
				<timestamp>2346.675286</timestamp>
			</report>
			<report>
				<misses>8101001</misses>
				<total>38</total>
				<timestamp>2346.965015</timestamp>
			</report>
			<report>
				<misses>8102001</misses>
				<total>38</total>
				<timestamp>2347.254765</timestamp>
			</report>
			<report>
				<misses>8103001</misses>
				<total>38</total>
				<timestamp>2347.544445</timestamp>
			</report>
			<report>
				<misses>8104001</misses>
				<total>38</total>
				<timestamp>2347.834104</timestamp>
			</report>
			<report>
				<misses>8105001</misses>
				<total>38</total>
				<timestamp>2348.123971</timestamp>
			</report>
			<report>
				<misses>8106001</misses>
				<total>38</total>
				<timestamp>2348.413540</timestamp>
			</report>
			<report>
				<misses>8107001</misses>
				<total>38</total>
				<timestamp>2348.703246</timestamp>
			</report>
			<report>
				<misses>8108001</misses>
				<total>38</total>
				<timestamp>2348.992956</timestamp>
			</report>
			<report>
				<misses>8109001</misses>
				<total>38</total>
				<timestamp>2349.282753</timestamp>
			</report>
			<report>
				<misses>8110001</misses>
				<total>38</total>
				<timestamp>2349.572498</timestamp>
			</report>
			<report>
				<misses>8111001</misses>
				<total>38</total>
				<timestamp>2349.862141</timestamp>
			</report>
			<report>
				<misses>8112001</misses>
				<total>38</total>
				<timestamp>2350.151780</timestamp>
			</report>
			<report>
				<misses>8113001</misses>
				<total>38</total>
				<timestamp>2350.441599</timestamp>
			</report>
			<report>
				<misses>8114001</misses>
				<total>38</total>
				<timestamp>2350.731202</timestamp>
			</report>
			<report>
				<misses>8115001</misses>
				<total>38</total>
				<timestamp>2351.020894</timestamp>
			</report>
			<report>
				<misses>8116001</misses>
				<total>38</total>
				<timestamp>2351.310628</timestamp>
			</report>
			<report>
				<misses>8117001</misses>
				<total>38</total>
				<timestamp>2351.600310</timestamp>
			</report>
			<report>
				<misses>8118001</misses>
				<total>38</total>
				<timestamp>2351.890053</timestamp>
			</report>
			<report>
				<misses>8119001</misses>
				<total>38</total>
				<timestamp>2352.179745</timestamp>
			</report>
			<report>
				<misses>8120001</misses>
				<total>38</total>
				<timestamp>2352.469480</timestamp>
			</report>
			<report>
				<misses>8121001</misses>
				<total>38</total>
				<timestamp>2352.759180</timestamp>
			</report>
			<report>
				<misses>8122001</misses>
				<total>38</total>
				<timestamp>2353.048858</timestamp>
			</report>
			<report>
				<misses>8123001</misses>
				<total>38</total>
				<timestamp>2353.338631</timestamp>
			</report>
			<report>
				<misses>8124001</misses>
				<total>38</total>
				<timestamp>2353.628276</timestamp>
			</report>
			<report>
				<misses>8125001</misses>
				<total>38</total>
				<timestamp>2353.918023</timestamp>
			</report>
			<report>
				<misses>8126001</misses>
				<total>38</total>
				<timestamp>2354.207816</timestamp>
			</report>
			<report>
				<misses>8127001</misses>
				<total>38</total>
				<timestamp>2354.497485</timestamp>
			</report>
			<report>
				<misses>8128001</misses>
				<total>38</total>
				<timestamp>2354.787262</timestamp>
			</report>
			<report>
				<misses>8129001</misses>
				<total>38</total>
				<timestamp>2355.076962</timestamp>
			</report>
			<report>
				<misses>8130001</misses>
				<total>38</total>
				<timestamp>2355.366559</timestamp>
			</report>
			<report>
				<misses>8131001</misses>
				<total>38</total>
				<timestamp>2355.656325</timestamp>
			</report>
			<report>
				<misses>8132001</misses>
				<total>38</total>
				<timestamp>2355.946092</timestamp>
			</report>
			<report>
				<misses>8133001</misses>
				<total>38</total>
				<timestamp>2356.235745</timestamp>
			</report>
			<report>
				<misses>8134001</misses>
				<total>38</total>
				<timestamp>2356.525434</timestamp>
			</report>
			<report>
				<misses>8135001</misses>
				<total>38</total>
				<timestamp>2356.815228</timestamp>
			</report>
			<report>
				<misses>8136001</misses>
				<total>38</total>
				<timestamp>2357.104897</timestamp>
			</report>
			<report>
				<misses>8137001</misses>
				<total>38</total>
				<timestamp>2357.394636</timestamp>
			</report>
			<report>
				<misses>8138001</misses>
				<total>38</total>
				<timestamp>2357.684379</timestamp>
			</report>
			<report>
				<misses>8139001</misses>
				<total>38</total>
				<timestamp>2357.974042</timestamp>
			</report>
			<report>
				<misses>8140001</misses>
				<total>38</total>
				<timestamp>2358.263737</timestamp>
			</report>
			<report>
				<misses>8141001</misses>
				<total>38</total>
				<timestamp>2358.553505</timestamp>
			</report>
			<report>
				<misses>8142001</misses>
				<total>38</total>
				<timestamp>2358.843090</timestamp>
			</report>
			<report>
				<misses>8143001</misses>
				<total>38</total>
				<timestamp>2359.132799</timestamp>
			</report>
			<report>
				<misses>8144001</misses>
				<total>38</total>
				<timestamp>2359.422501</timestamp>
			</report>
			<report>
				<misses>8145001</misses>
				<total>38</total>
				<timestamp>2359.712209</timestamp>
			</report>
			<report>
				<misses>8146001</misses>
				<total>38</total>
				<timestamp>2360.001904</timestamp>
			</report>
			<report>
				<misses>8147001</misses>
				<total>38</total>
				<timestamp>2360.291649</timestamp>
			</report>
			<report>
				<misses>8148001</misses>
				<total>38</total>
				<timestamp>2360.581349</timestamp>
			</report>
			<report>
				<misses>8149001</misses>
				<total>38</total>
				<timestamp>2360.871055</timestamp>
			</report>
			<report>
				<misses>8150001</misses>
				<total>38</total>
				<timestamp>2361.160756</timestamp>
			</report>
			<report>
				<misses>8151001</misses>
				<total>38</total>
				<timestamp>2361.450454</timestamp>
			</report>
			<report>
				<misses>8152001</misses>
				<total>38</total>
				<timestamp>2361.740177</timestamp>
			</report>
			<report>
				<misses>8153001</misses>
				<total>38</total>
				<timestamp>2362.029873</timestamp>
			</report>
			<report>
				<misses>8154001</misses>
				<total>38</total>
				<timestamp>2362.319603</timestamp>
			</report>
			<report>
				<misses>8155001</misses>
				<total>38</total>
				<timestamp>2362.609381</timestamp>
			</report>
			<report>
				<misses>8156001</misses>
				<total>38</total>
				<timestamp>2362.899003</timestamp>
			</report>
			<report>
				<misses>8157001</misses>
				<total>38</total>
				<timestamp>2363.188724</timestamp>
			</report>
			<report>
				<misses>8158001</misses>
				<total>38</total>
				<timestamp>2363.478428</timestamp>
			</report>
			<report>
				<misses>8159001</misses>
				<total>38</total>
				<timestamp>2363.768167</timestamp>
			</report>
			<report>
				<misses>8160001</misses>
				<total>38</total>
				<timestamp>2364.057840</timestamp>
			</report>
			<report>
				<misses>8161001</misses>
				<total>38</total>
				<timestamp>2364.347583</timestamp>
			</report>
			<report>
				<misses>8162001</misses>
				<total>38</total>
				<timestamp>2364.637265</timestamp>
			</report>
			<report>
				<misses>8163001</misses>
				<total>38</total>
				<timestamp>2364.926988</timestamp>
			</report>
			<report>
				<misses>8164001</misses>
				<total>38</total>
				<timestamp>2365.216672</timestamp>
			</report>
			<report>
				<misses>8165001</misses>
				<total>38</total>
				<timestamp>2365.506418</timestamp>
			</report>
			<report>
				<misses>8166001</misses>
				<total>38</total>
				<timestamp>2365.796127</timestamp>
			</report>
			<report>
				<misses>8167001</misses>
				<total>38</total>
				<timestamp>2366.085821</timestamp>
			</report>
			<report>
				<misses>8168001</misses>
				<total>38</total>
				<timestamp>2366.375565</timestamp>
			</report>
			<report>
				<misses>8169001</misses>
				<total>38</total>
				<timestamp>2366.665217</timestamp>
			</report>
			<report>
				<misses>8170001</misses>
				<total>38</total>
				<timestamp>2366.954975</timestamp>
			</report>
			<report>
				<misses>8171001</misses>
				<total>38</total>
				<timestamp>2367.244700</timestamp>
			</report>
			<report>
				<misses>8172001</misses>
				<total>38</total>
				<timestamp>2367.534374</timestamp>
			</report>
			<report>
				<misses>8173001</misses>
				<total>38</total>
				<timestamp>2367.824121</timestamp>
			</report>
			<report>
				<misses>8174001</misses>
				<total>38</total>
				<timestamp>2368.113797</timestamp>
			</report>
			<report>
				<misses>8175001</misses>
				<total>38</total>
				<timestamp>2368.403533</timestamp>
			</report>
			<report>
				<misses>8176001</misses>
				<total>38</total>
				<timestamp>2368.693245</timestamp>
			</report>
			<report>
				<misses>8177001</misses>
				<total>38</total>
				<timestamp>2368.982940</timestamp>
			</report>
			<report>
				<misses>8178001</misses>
				<total>38</total>
				<timestamp>2369.272679</timestamp>
			</report>
			<report>
				<misses>8179001</misses>
				<total>38</total>
				<timestamp>2369.562350</timestamp>
			</report>
			<report>
				<misses>8180001</misses>
				<total>38</total>
				<timestamp>2369.852089</timestamp>
			</report>
			<report>
				<misses>8181001</misses>
				<total>38</total>
				<timestamp>2370.141764</timestamp>
			</report>
			<report>
				<misses>8182001</misses>
				<total>38</total>
				<timestamp>2370.431472</timestamp>
			</report>
			<report>
				<misses>8183001</misses>
				<total>38</total>
				<timestamp>2370.721190</timestamp>
			</report>
			<report>
				<misses>8184001</misses>
				<total>38</total>
				<timestamp>2371.010888</timestamp>
			</report>
			<report>
				<misses>8185001</misses>
				<total>38</total>
				<timestamp>2371.300630</timestamp>
			</report>
			<report>
				<misses>8186001</misses>
				<total>38</total>
				<timestamp>2371.590426</timestamp>
			</report>
			<report>
				<misses>8187001</misses>
				<total>38</total>
				<timestamp>2371.880071</timestamp>
			</report>
			<report>
				<misses>8188001</misses>
				<total>38</total>
				<timestamp>2372.169810</timestamp>
			</report>
			<report>
				<misses>8189001</misses>
				<total>38</total>
				<timestamp>2372.459488</timestamp>
			</report>
			<report>
				<misses>8190001</misses>
				<total>38</total>
				<timestamp>2372.749187</timestamp>
			</report>
			<report>
				<misses>8191001</misses>
				<total>38</total>
				<timestamp>2373.038980</timestamp>
			</report>
			<report>
				<misses>8192001</misses>
				<total>38</total>
				<timestamp>2373.328603</timestamp>
			</report>
			<report>
				<misses>8193001</misses>
				<total>38</total>
				<timestamp>2373.618280</timestamp>
			</report>
			<report>
				<misses>8194001</misses>
				<total>38</total>
				<timestamp>2373.908058</timestamp>
			</report>
			<report>
				<misses>8195001</misses>
				<total>38</total>
				<timestamp>2374.197793</timestamp>
			</report>
			<report>
				<misses>8196001</misses>
				<total>38</total>
				<timestamp>2374.487444</timestamp>
			</report>
			<report>
				<misses>8197001</misses>
				<total>38</total>
				<timestamp>2374.777199</timestamp>
			</report>
			<report>
				<misses>8198001</misses>
				<total>38</total>
				<timestamp>2375.066950</timestamp>
			</report>
			<report>
				<misses>8199001</misses>
				<total>38</total>
				<timestamp>2375.356559</timestamp>
			</report>
			<report>
				<misses>8200001</misses>
				<total>38</total>
				<timestamp>2375.646309</timestamp>
			</report>
			<report>
				<misses>8201001</misses>
				<total>38</total>
				<timestamp>2375.936097</timestamp>
			</report>
			<report>
				<misses>8202001</misses>
				<total>38</total>
				<timestamp>2376.225784</timestamp>
			</report>
			<report>
				<misses>8203001</misses>
				<total>38</total>
				<timestamp>2376.515409</timestamp>
			</report>
			<report>
				<misses>8204001</misses>
				<total>38</total>
				<timestamp>2376.805081</timestamp>
			</report>
			<report>
				<misses>8205001</misses>
				<total>38</total>
				<timestamp>2377.094874</timestamp>
			</report>
			<report>
				<misses>8206001</misses>
				<total>38</total>
				<timestamp>2377.384549</timestamp>
			</report>
			<report>
				<misses>8207001</misses>
				<total>38</total>
				<timestamp>2377.674269</timestamp>
			</report>
			<report>
				<misses>8208001</misses>
				<total>38</total>
				<timestamp>2377.963969</timestamp>
			</report>
			<report>
				<misses>8209001</misses>
				<total>38</total>
				<timestamp>2378.253657</timestamp>
			</report>
			<report>
				<misses>8210001</misses>
				<total>38</total>
				<timestamp>2378.543415</timestamp>
			</report>
			<report>
				<misses>8211001</misses>
				<total>38</total>
				<timestamp>2378.833164</timestamp>
			</report>
			<report>
				<misses>8212001</misses>
				<total>38</total>
				<timestamp>2379.122774</timestamp>
			</report>
			<report>
				<misses>8213001</misses>
				<total>38</total>
				<timestamp>2379.412485</timestamp>
			</report>
			<report>
				<misses>8214001</misses>
				<total>38</total>
				<timestamp>2379.702247</timestamp>
			</report>
			<report>
				<misses>8215001</misses>
				<total>38</total>
				<timestamp>2379.991945</timestamp>
			</report>
			<report>
				<misses>8216001</misses>
				<total>38</total>
				<timestamp>2380.281697</timestamp>
			</report>
			<report>
				<misses>8217001</misses>
				<total>38</total>
				<timestamp>2380.571313</timestamp>
			</report>
			<report>
				<misses>8218001</misses>
				<total>38</total>
				<timestamp>2380.861048</timestamp>
			</report>
			<report>
				<misses>8219001</misses>
				<total>38</total>
				<timestamp>2381.150749</timestamp>
			</report>
			<report>
				<misses>8220001</misses>
				<total>38</total>
				<timestamp>2381.440512</timestamp>
			</report>
			<report>
				<misses>8221001</misses>
				<total>38</total>
				<timestamp>2381.730153</timestamp>
			</report>
			<report>
				<misses>8222001</misses>
				<total>38</total>
				<timestamp>2382.019877</timestamp>
			</report>
			<report>
				<misses>8223001</misses>
				<total>38</total>
				<timestamp>2382.309611</timestamp>
			</report>
			<report>
				<misses>8224001</misses>
				<total>38</total>
				<timestamp>2382.599300</timestamp>
			</report>
			<report>
				<misses>8225001</misses>
				<total>38</total>
				<timestamp>2382.888998</timestamp>
			</report>
			<report>
				<misses>8226001</misses>
				<total>38</total>
				<timestamp>2383.178723</timestamp>
			</report>
			<report>
				<misses>8227001</misses>
				<total>38</total>
				<timestamp>2383.468416</timestamp>
			</report>
			<report>
				<misses>8228001</misses>
				<total>38</total>
				<timestamp>2383.758124</timestamp>
			</report>
			<report>
				<misses>8229001</misses>
				<total>38</total>
				<timestamp>2384.047837</timestamp>
			</report>
			<report>
				<misses>8230001</misses>
				<total>38</total>
				<timestamp>2384.337591</timestamp>
			</report>
			<report>
				<misses>8231001</misses>
				<total>38</total>
				<timestamp>2384.627252</timestamp>
			</report>
			<report>
				<misses>8232001</misses>
				<total>38</total>
				<timestamp>2384.916977</timestamp>
			</report>
			<report>
				<misses>8233001</misses>
				<total>38</total>
				<timestamp>2385.206694</timestamp>
			</report>
			<report>
				<misses>8234001</misses>
				<total>38</total>
				<timestamp>2385.496391</timestamp>
			</report>
			<report>
				<misses>8235001</misses>
				<total>38</total>
				<timestamp>2385.786106</timestamp>
			</report>
			<report>
				<misses>8236001</misses>
				<total>38</total>
				<timestamp>2386.075816</timestamp>
			</report>
			<report>
				<misses>8237001</misses>
				<total>38</total>
				<timestamp>2386.365510</timestamp>
			</report>
			<report>
				<misses>8238001</misses>
				<total>38</total>
				<timestamp>2386.655327</timestamp>
			</report>
			<report>
				<misses>8239001</misses>
				<total>38</total>
				<timestamp>2386.944954</timestamp>
			</report>
			<report>
				<misses>8240001</misses>
				<total>38</total>
				<timestamp>2387.234667</timestamp>
			</report>
			<report>
				<misses>8241001</misses>
				<total>38</total>
				<timestamp>2387.524398</timestamp>
			</report>
			<report>
				<misses>8242001</misses>
				<total>38</total>
				<timestamp>2387.814191</timestamp>
			</report>
			<report>
				<misses>8243001</misses>
				<total>38</total>
				<timestamp>2388.103903</timestamp>
			</report>
			<report>
				<misses>8244001</misses>
				<total>38</total>
				<timestamp>2388.393512</timestamp>
			</report>
			<report>
				<misses>8245001</misses>
				<total>38</total>
				<timestamp>2388.683234</timestamp>
			</report>
			<report>
				<misses>8246001</misses>
				<total>38</total>
				<timestamp>2388.973003</timestamp>
			</report>
			<report>
				<misses>8247001</misses>
				<total>38</total>
				<timestamp>2389.262701</timestamp>
			</report>
			<report>
				<misses>8248001</misses>
				<total>38</total>
				<timestamp>2389.552332</timestamp>
			</report>
			<report>
				<misses>8249001</misses>
				<total>38</total>
				<timestamp>2389.842153</timestamp>
			</report>
			<report>
				<misses>8250001</misses>
				<total>38</total>
				<timestamp>2390.131765</timestamp>
			</report>
			<report>
				<misses>8251001</misses>
				<total>38</total>
				<timestamp>2390.421589</timestamp>
			</report>
			<report>
				<misses>8252001</misses>
				<total>38</total>
				<timestamp>2390.711322</timestamp>
			</report>
			<report>
				<misses>8253001</misses>
				<total>38</total>
				<timestamp>2391.000902</timestamp>
			</report>
			<report>
				<misses>8254001</misses>
				<total>38</total>
				<timestamp>2391.290601</timestamp>
			</report>
			<report>
				<misses>8255001</misses>
				<total>38</total>
				<timestamp>2391.580379</timestamp>
			</report>
			<report>
				<misses>8256001</misses>
				<total>38</total>
				<timestamp>2391.870022</timestamp>
			</report>
			<report>
				<misses>8257001</misses>
				<total>38</total>
				<timestamp>2392.159714</timestamp>
			</report>
			<report>
				<misses>8258001</misses>
				<total>38</total>
				<timestamp>2392.449556</timestamp>
			</report>
			<report>
				<misses>8259001</misses>
				<total>38</total>
				<timestamp>2392.739166</timestamp>
			</report>
			<report>
				<misses>8260001</misses>
				<total>38</total>
				<timestamp>2393.028885</timestamp>
			</report>
			<report>
				<misses>8261001</misses>
				<total>38</total>
				<timestamp>2393.318569</timestamp>
			</report>
			<report>
				<misses>8262001</misses>
				<total>38</total>
				<timestamp>2393.608269</timestamp>
			</report>
			<report>
				<misses>8263001</misses>
				<total>38</total>
				<timestamp>2393.898044</timestamp>
			</report>
			<report>
				<misses>8264001</misses>
				<total>38</total>
				<timestamp>2394.187718</timestamp>
			</report>
			<report>
				<misses>8265001</misses>
				<total>38</total>
				<timestamp>2394.477414</timestamp>
			</report>
			<report>
				<misses>8266001</misses>
				<total>38</total>
				<timestamp>2394.767101</timestamp>
			</report>
			<report>
				<misses>8267001</misses>
				<total>38</total>
				<timestamp>2395.056856</timestamp>
			</report>
			<report>
				<misses>8268001</misses>
				<total>38</total>
				<timestamp>2395.346524</timestamp>
			</report>
			<report>
				<misses>8269001</misses>
				<total>38</total>
				<timestamp>2395.636244</timestamp>
			</report>
			<report>
				<misses>8270001</misses>
				<total>38</total>
				<timestamp>2395.925975</timestamp>
			</report>
			<report>
				<misses>8271001</misses>
				<total>38</total>
				<timestamp>2396.215697</timestamp>
			</report>
			<report>
				<misses>8272001</misses>
				<total>38</total>
				<timestamp>2396.505400</timestamp>
			</report>
			<report>
				<misses>8273001</misses>
				<total>38</total>
				<timestamp>2396.795070</timestamp>
			</report>
			<report>
				<misses>8274001</misses>
				<total>38</total>
				<timestamp>2397.084795</timestamp>
			</report>
			<report>
				<misses>8275001</misses>
				<total>38</total>
				<timestamp>2397.374533</timestamp>
			</report>
			<report>
				<misses>8276001</misses>
				<total>38</total>
				<timestamp>2397.664211</timestamp>
			</report>
			<report>
				<misses>8277001</misses>
				<total>38</total>
				<timestamp>2397.953984</timestamp>
			</report>
			<report>
				<misses>8278001</misses>
				<total>38</total>
				<timestamp>2398.243659</timestamp>
			</report>
			<report>
				<misses>8279001</misses>
				<total>38</total>
				<timestamp>2398.533342</timestamp>
			</report>
			<report>
				<misses>8280001</misses>
				<total>38</total>
				<timestamp>2398.823082</timestamp>
			</report>
			<report>
				<misses>8281001</misses>
				<total>38</total>
				<timestamp>2399.112804</timestamp>
			</report>
			<report>
				<misses>8282001</misses>
				<total>38</total>
				<timestamp>2399.402567</timestamp>
			</report>
			<report>
				<misses>8283001</misses>
				<total>38</total>
				<timestamp>2399.692237</timestamp>
			</report>
			<report>
				<misses>8284001</misses>
				<total>38</total>
				<timestamp>2399.981897</timestamp>
			</report>
			<report>
				<misses>8285001</misses>
				<total>38</total>
				<timestamp>2400.271720</timestamp>
			</report>
			<report>
				<misses>8286001</misses>
				<total>38</total>
				<timestamp>2400.561323</timestamp>
			</report>
			<report>
				<misses>8287001</misses>
				<total>38</total>
				<timestamp>2400.851073</timestamp>
			</report>
			<report>
				<misses>8288001</misses>
				<total>38</total>
				<timestamp>2401.140751</timestamp>
			</report>
			<report>
				<misses>8289001</misses>
				<total>38</total>
				<timestamp>2401.430448</timestamp>
			</report>
			<report>
				<misses>8290001</misses>
				<total>38</total>
				<timestamp>2401.720156</timestamp>
			</report>
			<report>
				<misses>8291001</misses>
				<total>38</total>
				<timestamp>2402.009855</timestamp>
			</report>
			<report>
				<misses>8292001</misses>
				<total>38</total>
				<timestamp>2402.299696</timestamp>
			</report>
			<report>
				<misses>8293001</misses>
				<total>38</total>
				<timestamp>2402.589289</timestamp>
			</report>
			<report>
				<misses>8294001</misses>
				<total>38</total>
				<timestamp>2402.878979</timestamp>
			</report>
			<report>
				<misses>8295001</misses>
				<total>38</total>
				<timestamp>2403.168800</timestamp>
			</report>
			<report>
				<misses>8296001</misses>
				<total>38</total>
				<timestamp>2403.458463</timestamp>
			</report>
			<report>
				<misses>8297001</misses>
				<total>38</total>
				<timestamp>2403.748207</timestamp>
			</report>
			<report>
				<misses>8298001</misses>
				<total>38</total>
				<timestamp>2404.037834</timestamp>
			</report>
			<report>
				<misses>8299001</misses>
				<total>38</total>
				<timestamp>2404.327531</timestamp>
			</report>
			<report>
				<misses>8300001</misses>
				<total>38</total>
				<timestamp>2404.617251</timestamp>
			</report>
			<report>
				<misses>8301001</misses>
				<total>38</total>
				<timestamp>2404.906964</timestamp>
			</report>
			<report>
				<misses>8302001</misses>
				<total>38</total>
				<timestamp>2405.196682</timestamp>
			</report>
			<report>
				<misses>8303001</misses>
				<total>38</total>
				<timestamp>2405.486375</timestamp>
			</report>
			<report>
				<misses>8304001</misses>
				<total>38</total>
				<timestamp>2405.776083</timestamp>
			</report>
			<report>
				<misses>8305001</misses>
				<total>38</total>
				<timestamp>2406.065883</timestamp>
			</report>
			<report>
				<misses>8306001</misses>
				<total>38</total>
				<timestamp>2406.355517</timestamp>
			</report>
			<report>
				<misses>8307001</misses>
				<total>38</total>
				<timestamp>2406.645286</timestamp>
			</report>
			<report>
				<misses>8308001</misses>
				<total>38</total>
				<timestamp>2406.934942</timestamp>
			</report>
			<report>
				<misses>8309001</misses>
				<total>38</total>
				<timestamp>2407.224785</timestamp>
			</report>
			<report>
				<misses>8310001</misses>
				<total>38</total>
				<timestamp>2407.514440</timestamp>
			</report>
			<report>
				<misses>8311001</misses>
				<total>40</total>
				<timestamp>2407.804157</timestamp>
			</report>
			<report>
				<misses>8312001</misses>
				<total>40</total>
				<timestamp>2408.093838</timestamp>
			</report>
			<report>
				<misses>8313001</misses>
				<total>40</total>
				<timestamp>2408.383534</timestamp>
			</report>
			<report>
				<misses>8314001</misses>
				<total>40</total>
				<timestamp>2408.673333</timestamp>
			</report>
			<report>
				<misses>8315001</misses>
				<total>40</total>
				<timestamp>2408.962916</timestamp>
			</report>
			<report>
				<misses>8316001</misses>
				<total>40</total>
				<timestamp>2409.252626</timestamp>
			</report>
			<report>
				<misses>8317001</misses>
				<total>40</total>
				<timestamp>2409.542389</timestamp>
			</report>
			<report>
				<misses>8318001</misses>
				<total>40</total>
				<timestamp>2409.832025</timestamp>
			</report>
			<report>
				<misses>8319001</misses>
				<total>40</total>
				<timestamp>2410.121776</timestamp>
			</report>
			<report>
				<misses>8320001</misses>
				<total>40</total>
				<timestamp>2410.411448</timestamp>
			</report>
			<report>
				<misses>8321001</misses>
				<total>40</total>
				<timestamp>2410.701184</timestamp>
			</report>
			<report>
				<misses>8322001</misses>
				<total>40</total>
				<timestamp>2410.990999</timestamp>
			</report>
			<report>
				<misses>8323001</misses>
				<total>40</total>
				<timestamp>2411.280578</timestamp>
			</report>
			<report>
				<misses>8324001</misses>
				<total>40</total>
				<timestamp>2411.570283</timestamp>
			</report>
			<report>
				<misses>8325001</misses>
				<total>40</total>
				<timestamp>2411.860027</timestamp>
			</report>
			<report>
				<misses>8326001</misses>
				<total>40</total>
				<timestamp>2412.149737</timestamp>
			</report>
			<report>
				<misses>8327001</misses>
				<total>40</total>
				<timestamp>2412.439446</timestamp>
			</report>
			<report>
				<misses>8328001</misses>
				<total>40</total>
				<timestamp>2412.729151</timestamp>
			</report>
			<report>
				<misses>8329001</misses>
				<total>40</total>
				<timestamp>2413.018849</timestamp>
			</report>
			<report>
				<misses>8330001</misses>
				<total>40</total>
				<timestamp>2413.308541</timestamp>
			</report>
			<report>
				<misses>8331001</misses>
				<total>40</total>
				<timestamp>2413.598317</timestamp>
			</report>
			<report>
				<misses>8332001</misses>
				<total>40</total>
				<timestamp>2413.887962</timestamp>
			</report>
			<report>
				<misses>8333001</misses>
				<total>40</total>
				<timestamp>2414.177700</timestamp>
			</report>
			<report>
				<misses>8334001</misses>
				<total>40</total>
				<timestamp>2414.467439</timestamp>
			</report>
			<report>
				<misses>8335001</misses>
				<total>40</total>
				<timestamp>2414.757086</timestamp>
			</report>
			<report>
				<misses>8336001</misses>
				<total>40</total>
				<timestamp>2415.046797</timestamp>
			</report>
			<report>
				<misses>8337001</misses>
				<total>40</total>
				<timestamp>2415.336549</timestamp>
			</report>
			<report>
				<misses>8338001</misses>
				<total>40</total>
				<timestamp>2415.626227</timestamp>
			</report>
			<report>
				<misses>8339001</misses>
				<total>40</total>
				<timestamp>2415.915933</timestamp>
			</report>
			<report>
				<misses>8340001</misses>
				<total>40</total>
				<timestamp>2416.205638</timestamp>
			</report>
			<report>
				<misses>8341001</misses>
				<total>40</total>
				<timestamp>2416.495360</timestamp>
			</report>
			<report>
				<misses>8342001</misses>
				<total>40</total>
				<timestamp>2416.785077</timestamp>
			</report>
			<report>
				<misses>8343001</misses>
				<total>40</total>
				<timestamp>2417.074799</timestamp>
			</report>
			<report>
				<misses>8344001</misses>
				<total>40</total>
				<timestamp>2417.364502</timestamp>
			</report>
			<report>
				<misses>8345001</misses>
				<total>40</total>
				<timestamp>2417.654199</timestamp>
			</report>
			<report>
				<misses>8346001</misses>
				<total>40</total>
				<timestamp>2417.943926</timestamp>
			</report>
			<report>
				<misses>8347001</misses>
				<total>40</total>
				<timestamp>2418.233648</timestamp>
			</report>
			<report>
				<misses>8348001</misses>
				<total>40</total>
				<timestamp>2418.523317</timestamp>
			</report>
			<report>
				<misses>8349001</misses>
				<total>40</total>
				<timestamp>2418.813062</timestamp>
			</report>
			<report>
				<misses>8350001</misses>
				<total>40</total>
				<timestamp>2419.102783</timestamp>
			</report>
			<report>
				<misses>8351001</misses>
				<total>40</total>
				<timestamp>2419.392455</timestamp>
			</report>
			<report>
				<misses>8352001</misses>
				<total>40</total>
				<timestamp>2419.682201</timestamp>
			</report>
			<report>
				<misses>8353001</misses>
				<total>40</total>
				<timestamp>2419.971872</timestamp>
			</report>
			<report>
				<misses>8354001</misses>
				<total>40</total>
				<timestamp>2420.261612</timestamp>
			</report>
			<report>
				<misses>8355001</misses>
				<total>40</total>
				<timestamp>2420.551300</timestamp>
			</report>
			<report>
				<misses>8356001</misses>
				<total>40</total>
				<timestamp>2420.841038</timestamp>
			</report>
			<report>
				<misses>8357001</misses>
				<total>40</total>
				<timestamp>2421.130747</timestamp>
			</report>
			<report>
				<misses>8358001</misses>
				<total>40</total>
				<timestamp>2421.420451</timestamp>
			</report>
			<report>
				<misses>8359001</misses>
				<total>40</total>
				<timestamp>2421.710146</timestamp>
			</report>
			<report>
				<misses>8360001</misses>
				<total>40</total>
				<timestamp>2421.999851</timestamp>
			</report>
			<report>
				<misses>8361001</misses>
				<total>40</total>
				<timestamp>2422.289587</timestamp>
			</report>
			<report>
				<misses>8362001</misses>
				<total>40</total>
				<timestamp>2422.579293</timestamp>
			</report>
			<report>
				<misses>8363001</misses>
				<total>40</total>
				<timestamp>2422.869012</timestamp>
			</report>
			<report>
				<misses>8364001</misses>
				<total>40</total>
				<timestamp>2423.158736</timestamp>
			</report>
			<report>
				<misses>8365001</misses>
				<total>40</total>
				<timestamp>2423.448447</timestamp>
			</report>
			<report>
				<misses>8366001</misses>
				<total>40</total>
				<timestamp>2423.738118</timestamp>
			</report>
			<report>
				<misses>8367001</misses>
				<total>40</total>
				<timestamp>2424.027845</timestamp>
			</report>
			<report>
				<misses>8368001</misses>
				<total>40</total>
				<timestamp>2424.317544</timestamp>
			</report>
			<report>
				<misses>8369001</misses>
				<total>40</total>
				<timestamp>2424.607259</timestamp>
			</report>
			<report>
				<misses>8370001</misses>
				<total>40</total>
				<timestamp>2424.896978</timestamp>
			</report>
			<report>
				<misses>8371001</misses>
				<total>40</total>
				<timestamp>2425.186703</timestamp>
			</report>
			<report>
				<misses>8372001</misses>
				<total>40</total>
				<timestamp>2425.476395</timestamp>
			</report>
			<report>
				<misses>8373001</misses>
				<total>40</total>
				<timestamp>2425.766090</timestamp>
			</report>
			<report>
				<misses>8374001</misses>
				<total>40</total>
				<timestamp>2426.055830</timestamp>
			</report>
			<report>
				<misses>8375001</misses>
				<total>40</total>
				<timestamp>2426.345499</timestamp>
			</report>
			<report>
				<misses>8376001</misses>
				<total>40</total>
				<timestamp>2426.635254</timestamp>
			</report>
			<report>
				<misses>8377001</misses>
				<total>40</total>
				<timestamp>2426.924922</timestamp>
			</report>
			<report>
				<misses>8378001</misses>
				<total>40</total>
				<timestamp>2427.214674</timestamp>
			</report>
			<report>
				<misses>8379001</misses>
				<total>40</total>
				<timestamp>2427.504353</timestamp>
			</report>
			<report>
				<misses>8380001</misses>
				<total>40</total>
				<timestamp>2427.794061</timestamp>
			</report>
			<report>
				<misses>8381001</misses>
				<total>40</total>
				<timestamp>2428.083796</timestamp>
			</report>
			<report>
				<misses>8382001</misses>
				<total>40</total>
				<timestamp>2428.373478</timestamp>
			</report>
			<report>
				<misses>8383001</misses>
				<total>40</total>
				<timestamp>2428.663294</timestamp>
			</report>
			<report>
				<misses>8384001</misses>
				<total>40</total>
				<timestamp>2428.952914</timestamp>
			</report>
			<report>
				<misses>8385001</misses>
				<total>40</total>
				<timestamp>2429.242687</timestamp>
			</report>
			<report>
				<misses>8386001</misses>
				<total>40</total>
				<timestamp>2429.532373</timestamp>
			</report>
			<report>
				<misses>8387001</misses>
				<total>40</total>
				<timestamp>2429.822057</timestamp>
			</report>
			<report>
				<misses>8388001</misses>
				<total>40</total>
				<timestamp>2430.111880</timestamp>
			</report>
			<report>
				<misses>8389001</misses>
				<total>40</total>
				<timestamp>2430.401445</timestamp>
			</report>
			<report>
				<misses>8390001</misses>
				<total>40</total>
				<timestamp>2430.691265</timestamp>
			</report>
			<report>
				<misses>8391001</misses>
				<total>40</total>
				<timestamp>2430.980966</timestamp>
			</report>
			<report>
				<misses>8392001</misses>
				<total>40</total>
				<timestamp>2431.270641</timestamp>
			</report>
			<report>
				<misses>8393001</misses>
				<total>40</total>
				<timestamp>2431.560333</timestamp>
			</report>
			<report>
				<misses>8394001</misses>
				<total>40</total>
				<timestamp>2431.849992</timestamp>
			</report>
			<report>
				<misses>8395001</misses>
				<total>40</total>
				<timestamp>2432.139752</timestamp>
			</report>
			<report>
				<misses>8396001</misses>
				<total>40</total>
				<timestamp>2432.429421</timestamp>
			</report>
			<report>
				<misses>8397001</misses>
				<total>40</total>
				<timestamp>2432.719194</timestamp>
			</report>
			<report>
				<misses>8398001</misses>
				<total>40</total>
				<timestamp>2433.008862</timestamp>
			</report>
			<report>
				<misses>8399001</misses>
				<total>40</total>
				<timestamp>2433.298652</timestamp>
			</report>
			<report>
				<misses>8400001</misses>
				<total>40</total>
				<timestamp>2433.588348</timestamp>
			</report>
			<report>
				<misses>8401001</misses>
				<total>40</total>
				<timestamp>2433.877983</timestamp>
			</report>
			<report>
				<misses>8402001</misses>
				<total>40</total>
				<timestamp>2434.167683</timestamp>
			</report>
			<report>
				<misses>8403001</misses>
				<total>40</total>
				<timestamp>2434.457487</timestamp>
			</report>
			<report>
				<misses>8404001</misses>
				<total>40</total>
				<timestamp>2434.747087</timestamp>
			</report>
			<report>
				<misses>8405001</misses>
				<total>40</total>
				<timestamp>2435.036786</timestamp>
			</report>
			<report>
				<misses>8406001</misses>
				<total>40</total>
				<timestamp>2435.326511</timestamp>
			</report>
			<report>
				<misses>8407001</misses>
				<total>40</total>
				<timestamp>2435.616250</timestamp>
			</report>
			<report>
				<misses>8408001</misses>
				<total>40</total>
				<timestamp>2435.905915</timestamp>
			</report>
			<report>
				<misses>8409001</misses>
				<total>40</total>
				<timestamp>2436.195678</timestamp>
			</report>
			<report>
				<misses>8410001</misses>
				<total>40</total>
				<timestamp>2436.485360</timestamp>
			</report>
			<report>
				<misses>8411001</misses>
				<total>40</total>
				<timestamp>2436.775065</timestamp>
			</report>
			<report>
				<misses>8412001</misses>
				<total>40</total>
				<timestamp>2437.064760</timestamp>
			</report>
			<report>
				<misses>8413001</misses>
				<total>40</total>
				<timestamp>2437.354466</timestamp>
			</report>
			<report>
				<misses>8414001</misses>
				<total>40</total>
				<timestamp>2437.644225</timestamp>
			</report>
			<report>
				<misses>8415001</misses>
				<total>40</total>
				<timestamp>2437.933887</timestamp>
			</report>
			<report>
				<misses>8416001</misses>
				<total>40</total>
				<timestamp>2438.223646</timestamp>
			</report>
			<report>
				<misses>8417001</misses>
				<total>40</total>
				<timestamp>2438.513314</timestamp>
			</report>
			<report>
				<misses>8418001</misses>
				<total>40</total>
				<timestamp>2438.803037</timestamp>
			</report>
			<report>
				<misses>8419001</misses>
				<total>40</total>
				<timestamp>2439.092764</timestamp>
			</report>
			<report>
				<misses>8420001</misses>
				<total>40</total>
				<timestamp>2439.382449</timestamp>
			</report>
			<report>
				<misses>8421001</misses>
				<total>40</total>
				<timestamp>2439.672159</timestamp>
			</report>
			<report>
				<misses>8422001</misses>
				<total>40</total>
				<timestamp>2439.961865</timestamp>
			</report>
			<report>
				<misses>8423001</misses>
				<total>40</total>
				<timestamp>2440.251648</timestamp>
			</report>
			<report>
				<misses>8424001</misses>
				<total>40</total>
				<timestamp>2440.541321</timestamp>
			</report>
			<report>
				<misses>8425001</misses>
				<total>40</total>
				<timestamp>2440.831017</timestamp>
			</report>
			<report>
				<misses>8426001</misses>
				<total>40</total>
				<timestamp>2441.120791</timestamp>
			</report>
			<report>
				<misses>8427001</misses>
				<total>40</total>
				<timestamp>2441.410546</timestamp>
			</report>
			<report>
				<misses>8428001</misses>
				<total>40</total>
				<timestamp>2441.700247</timestamp>
			</report>
			<report>
				<misses>8429001</misses>
				<total>40</total>
				<timestamp>2441.989947</timestamp>
			</report>
			<report>
				<misses>8430001</misses>
				<total>40</total>
				<timestamp>2442.279652</timestamp>
			</report>
			<report>
				<misses>8431001</misses>
				<total>40</total>
				<timestamp>2442.569255</timestamp>
			</report>
			<report>
				<misses>8432001</misses>
				<total>40</total>
				<timestamp>2442.859053</timestamp>
			</report>
			<report>
				<misses>8433001</misses>
				<total>40</total>
				<timestamp>2443.148746</timestamp>
			</report>
			<report>
				<misses>8434001</misses>
				<total>40</total>
				<timestamp>2443.438515</timestamp>
			</report>
			<report>
				<misses>8435001</misses>
				<total>40</total>
				<timestamp>2443.728183</timestamp>
			</report>
			<report>
				<misses>8436001</misses>
				<total>40</total>
				<timestamp>2444.017972</timestamp>
			</report>
			<report>
				<misses>8437001</misses>
				<total>40</total>
				<timestamp>2444.307538</timestamp>
			</report>
			<report>
				<misses>8438001</misses>
				<total>40</total>
				<timestamp>2444.597305</timestamp>
			</report>
			<report>
				<misses>8439001</misses>
				<total>40</total>
				<timestamp>2444.887088</timestamp>
			</report>
			<report>
				<misses>8440001</misses>
				<total>40</total>
				<timestamp>2445.176679</timestamp>
			</report>
			<report>
				<misses>8441001</misses>
				<total>40</total>
				<timestamp>2445.466520</timestamp>
			</report>
			<report>
				<misses>8442001</misses>
				<total>40</total>
				<timestamp>2445.756065</timestamp>
			</report>
			<report>
				<misses>8443001</misses>
				<total>40</total>
				<timestamp>2446.045772</timestamp>
			</report>
			<report>
				<misses>8444001</misses>
				<total>40</total>
				<timestamp>2446.335517</timestamp>
			</report>
			<report>
				<misses>8445001</misses>
				<total>40</total>
				<timestamp>2446.625214</timestamp>
			</report>
			<report>
				<misses>8446001</misses>
				<total>40</total>
				<timestamp>2446.914930</timestamp>
			</report>
			<report>
				<misses>8447001</misses>
				<total>40</total>
				<timestamp>2447.204654</timestamp>
			</report>
			<report>
				<misses>8448001</misses>
				<total>40</total>
				<timestamp>2447.494331</timestamp>
			</report>
			<report>
				<misses>8449001</misses>
				<total>40</total>
				<timestamp>2447.784038</timestamp>
			</report>
			<report>
				<misses>8450001</misses>
				<total>40</total>
				<timestamp>2448.073776</timestamp>
			</report>
			<report>
				<misses>8451001</misses>
				<total>40</total>
				<timestamp>2448.363567</timestamp>
			</report>
			<report>
				<misses>8452001</misses>
				<total>40</total>
				<timestamp>2448.653238</timestamp>
			</report>
			<report>
				<misses>8453001</misses>
				<total>40</total>
				<timestamp>2448.943017</timestamp>
			</report>
			<report>
				<misses>8454001</misses>
				<total>40</total>
				<timestamp>2449.232661</timestamp>
			</report>
			<report>
				<misses>8455001</misses>
				<total>40</total>
				<timestamp>2449.522392</timestamp>
			</report>
			<report>
				<misses>8456001</misses>
				<total>40</total>
				<timestamp>2449.812142</timestamp>
			</report>
			<report>
				<misses>8457001</misses>
				<total>40</total>
				<timestamp>2450.101779</timestamp>
			</report>
			<report>
				<misses>8458001</misses>
				<total>40</total>
				<timestamp>2450.391593</timestamp>
			</report>
			<report>
				<misses>8459001</misses>
				<total>40</total>
				<timestamp>2450.681270</timestamp>
			</report>
			<report>
				<misses>8460001</misses>
				<total>40</total>
				<timestamp>2450.970875</timestamp>
			</report>
			<report>
				<misses>8461001</misses>
				<total>40</total>
				<timestamp>2451.260615</timestamp>
			</report>
			<report>
				<misses>8462001</misses>
				<total>40</total>
				<timestamp>2451.550391</timestamp>
			</report>
			<report>
				<misses>8463001</misses>
				<total>40</total>
				<timestamp>2451.839985</timestamp>
			</report>
			<report>
				<misses>8464001</misses>
				<total>40</total>
				<timestamp>2452.129701</timestamp>
			</report>
			<report>
				<misses>8465001</misses>
				<total>40</total>
				<timestamp>2452.419387</timestamp>
			</report>
			<report>
				<misses>8466001</misses>
				<total>40</total>
				<timestamp>2452.709120</timestamp>
			</report>
			<report>
				<misses>8467001</misses>
				<total>40</total>
				<timestamp>2452.998814</timestamp>
			</report>
			<report>
				<misses>8468001</misses>
				<total>40</total>
				<timestamp>2453.288553</timestamp>
			</report>
			<report>
				<misses>8469001</misses>
				<total>40</total>
				<timestamp>2453.578225</timestamp>
			</report>
			<report>
				<misses>8470001</misses>
				<total>40</total>
				<timestamp>2453.867979</timestamp>
			</report>
			<report>
				<misses>8471001</misses>
				<total>40</total>
				<timestamp>2454.157656</timestamp>
			</report>
			<report>
				<misses>8472001</misses>
				<total>40</total>
				<timestamp>2454.447384</timestamp>
			</report>
			<report>
				<misses>8473001</misses>
				<total>40</total>
				<timestamp>2454.737099</timestamp>
			</report>
			<report>
				<misses>8474001</misses>
				<total>40</total>
				<timestamp>2455.026776</timestamp>
			</report>
			<report>
				<misses>8475001</misses>
				<total>40</total>
				<timestamp>2455.316542</timestamp>
			</report>
			<report>
				<misses>8476001</misses>
				<total>40</total>
				<timestamp>2455.606217</timestamp>
			</report>
			<report>
				<misses>8477001</misses>
				<total>40</total>
				<timestamp>2455.895917</timestamp>
			</report>
			<report>
				<misses>8478001</misses>
				<total>40</total>
				<timestamp>2456.185672</timestamp>
			</report>
			<report>
				<misses>8479001</misses>
				<total>40</total>
				<timestamp>2456.475351</timestamp>
			</report>
			<report>
				<misses>8480001</misses>
				<total>40</total>
				<timestamp>2456.765070</timestamp>
			</report>
			<report>
				<misses>8481001</misses>
				<total>40</total>
				<timestamp>2457.054735</timestamp>
			</report>
			<report>
				<misses>8482001</misses>
				<total>40</total>
				<timestamp>2457.344615</timestamp>
			</report>
			<report>
				<misses>8483001</misses>
				<total>40</total>
				<timestamp>2457.634174</timestamp>
			</report>
			<report>
				<misses>8484001</misses>
				<total>40</total>
				<timestamp>2457.924043</timestamp>
			</report>
			<report>
				<misses>8485001</misses>
				<total>40</total>
				<timestamp>2458.213592</timestamp>
			</report>
			<report>
				<misses>8486001</misses>
				<total>40</total>
				<timestamp>2458.503400</timestamp>
			</report>
			<report>
				<misses>8487001</misses>
				<total>40</total>
				<timestamp>2458.793150</timestamp>
			</report>
			<report>
				<misses>8488001</misses>
				<total>40</total>
				<timestamp>2459.082774</timestamp>
			</report>
			<report>
				<misses>8489001</misses>
				<total>40</total>
				<timestamp>2459.372488</timestamp>
			</report>
			<report>
				<misses>8490001</misses>
				<total>40</total>
				<timestamp>2459.662212</timestamp>
			</report>
			<report>
				<misses>8491001</misses>
				<total>40</total>
				<timestamp>2459.951931</timestamp>
			</report>
			<report>
				<misses>8492001</misses>
				<total>40</total>
				<timestamp>2460.241586</timestamp>
			</report>
			<report>
				<misses>8493001</misses>
				<total>40</total>
				<timestamp>2460.531329</timestamp>
			</report>
			<report>
				<misses>8494001</misses>
				<total>40</total>
				<timestamp>2460.821101</timestamp>
			</report>
			<report>
				<misses>8495001</misses>
				<total>40</total>
				<timestamp>2461.110830</timestamp>
			</report>
			<report>
				<misses>8496001</misses>
				<total>40</total>
				<timestamp>2461.400540</timestamp>
			</report>
			<report>
				<misses>8497001</misses>
				<total>40</total>
				<timestamp>2461.690167</timestamp>
			</report>
			<report>
				<misses>8498001</misses>
				<total>40</total>
				<timestamp>2461.979900</timestamp>
			</report>
			<report>
				<misses>8499001</misses>
				<total>40</total>
				<timestamp>2462.269595</timestamp>
			</report>
			<report>
				<misses>8500001</misses>
				<total>40</total>
				<timestamp>2462.559563</timestamp>
			</report>
			<report>
				<misses>8501001</misses>
				<total>40</total>
				<timestamp>2462.849247</timestamp>
			</report>
			<report>
				<misses>8502001</misses>
				<total>40</total>
				<timestamp>2463.139042</timestamp>
			</report>
			<report>
				<misses>8503001</misses>
				<total>40</total>
				<timestamp>2463.428675</timestamp>
			</report>
			<report>
				<misses>8504001</misses>
				<total>40</total>
				<timestamp>2463.718503</timestamp>
			</report>
			<report>
				<misses>8505001</misses>
				<total>40</total>
				<timestamp>2464.008078</timestamp>
			</report>
			<report>
				<misses>8506001</misses>
				<total>40</total>
				<timestamp>2464.297790</timestamp>
			</report>
			<report>
				<misses>8507001</misses>
				<total>40</total>
				<timestamp>2464.587496</timestamp>
			</report>
			<report>
				<misses>8508001</misses>
				<total>40</total>
				<timestamp>2464.877280</timestamp>
			</report>
			<report>
				<misses>8509001</misses>
				<total>40</total>
				<timestamp>2465.166934</timestamp>
			</report>
			<report>
				<misses>8510001</misses>
				<total>40</total>
				<timestamp>2465.456728</timestamp>
			</report>
			<report>
				<misses>8511001</misses>
				<total>40</total>
				<timestamp>2465.746359</timestamp>
			</report>
			<report>
				<misses>8512001</misses>
				<total>40</total>
				<timestamp>2466.036066</timestamp>
			</report>
			<report>
				<misses>8513001</misses>
				<total>40</total>
				<timestamp>2466.325757</timestamp>
			</report>
			<report>
				<misses>8514001</misses>
				<total>40</total>
				<timestamp>2466.615494</timestamp>
			</report>
			<report>
				<misses>8515001</misses>
				<total>40</total>
				<timestamp>2466.905186</timestamp>
			</report>
			<report>
				<misses>8516001</misses>
				<total>40</total>
				<timestamp>2467.194906</timestamp>
			</report>
			<report>
				<misses>8517001</misses>
				<total>40</total>
				<timestamp>2467.484674</timestamp>
			</report>
			<report>
				<misses>8518001</misses>
				<total>40</total>
				<timestamp>2467.774324</timestamp>
			</report>
			<report>
				<misses>8519001</misses>
				<total>40</total>
				<timestamp>2468.064037</timestamp>
			</report>
			<report>
				<misses>8520001</misses>
				<total>40</total>
				<timestamp>2468.353837</timestamp>
			</report>
			<report>
				<misses>8521001</misses>
				<total>40</total>
				<timestamp>2468.643463</timestamp>
			</report>
			<report>
				<misses>8522001</misses>
				<total>40</total>
				<timestamp>2468.933164</timestamp>
			</report>
			<report>
				<misses>8523001</misses>
				<total>40</total>
				<timestamp>2469.222978</timestamp>
			</report>
			<report>
				<misses>8524001</misses>
				<total>40</total>
				<timestamp>2469.512695</timestamp>
			</report>
			<report>
				<misses>8525001</misses>
				<total>40</total>
				<timestamp>2469.802313</timestamp>
			</report>
			<report>
				<misses>8526001</misses>
				<total>40</total>
				<timestamp>2470.092000</timestamp>
			</report>
			<report>
				<misses>8527001</misses>
				<total>40</total>
				<timestamp>2470.381846</timestamp>
			</report>
			<report>
				<misses>8528001</misses>
				<total>40</total>
				<timestamp>2470.671470</timestamp>
			</report>
			<report>
				<misses>8529001</misses>
				<total>40</total>
				<timestamp>2470.961123</timestamp>
			</report>
			<report>
				<misses>8530001</misses>
				<total>40</total>
				<timestamp>2471.250859</timestamp>
			</report>
			<report>
				<misses>8531001</misses>
				<total>40</total>
				<timestamp>2471.540568</timestamp>
			</report>
			<report>
				<misses>8532001</misses>
				<total>40</total>
				<timestamp>2471.830322</timestamp>
			</report>
			<report>
				<misses>8533001</misses>
				<total>40</total>
				<timestamp>2472.119990</timestamp>
			</report>
			<report>
				<misses>8534001</misses>
				<total>40</total>
				<timestamp>2472.409724</timestamp>
			</report>
			<report>
				<misses>8535001</misses>
				<total>40</total>
				<timestamp>2472.699439</timestamp>
			</report>
			<report>
				<misses>8536001</misses>
				<total>40</total>
				<timestamp>2472.989097</timestamp>
			</report>
			<report>
				<misses>8537001</misses>
				<total>40</total>
				<timestamp>2473.278807</timestamp>
			</report>
			<report>
				<misses>8538001</misses>
				<total>40</total>
				<timestamp>2473.568524</timestamp>
			</report>
			<report>
				<misses>8539001</misses>
				<total>40</total>
				<timestamp>2473.858238</timestamp>
			</report>
			<report>
				<misses>8540001</misses>
				<total>40</total>
				<timestamp>2474.147967</timestamp>
			</report>
			<report>
				<misses>8541001</misses>
				<total>40</total>
				<timestamp>2474.437641</timestamp>
			</report>
			<report>
				<misses>8542001</misses>
				<total>40</total>
				<timestamp>2474.727485</timestamp>
			</report>
			<report>
				<misses>8543001</misses>
				<total>40</total>
				<timestamp>2475.017116</timestamp>
			</report>
			<report>
				<misses>8544001</misses>
				<total>40</total>
				<timestamp>2475.306908</timestamp>
			</report>
			<report>
				<misses>8545001</misses>
				<total>40</total>
				<timestamp>2475.596524</timestamp>
			</report>
			<report>
				<misses>8546001</misses>
				<total>40</total>
				<timestamp>2475.886193</timestamp>
			</report>
			<report>
				<misses>8547001</misses>
				<total>40</total>
				<timestamp>2476.175892</timestamp>
			</report>
			<report>
				<misses>8548001</misses>
				<total>40</total>
				<timestamp>2476.465634</timestamp>
			</report>
			<report>
				<misses>8549001</misses>
				<total>40</total>
				<timestamp>2476.755374</timestamp>
			</report>
			<report>
				<misses>8550001</misses>
				<total>40</total>
				<timestamp>2477.045038</timestamp>
			</report>
			<report>
				<misses>8551001</misses>
				<total>40</total>
				<timestamp>2477.334765</timestamp>
			</report>
			<report>
				<misses>8552001</misses>
				<total>40</total>
				<timestamp>2477.624453</timestamp>
			</report>
			<report>
				<misses>8553001</misses>
				<total>40</total>
				<timestamp>2477.914176</timestamp>
			</report>
			<report>
				<misses>8554001</misses>
				<total>40</total>
				<timestamp>2478.203895</timestamp>
			</report>
			<report>
				<misses>8555001</misses>
				<total>40</total>
				<timestamp>2478.493577</timestamp>
			</report>
			<report>
				<misses>8556001</misses>
				<total>40</total>
				<timestamp>2478.783286</timestamp>
			</report>
			<report>
				<misses>8557001</misses>
				<total>40</total>
				<timestamp>2479.073000</timestamp>
			</report>
			<report>
				<misses>8558001</misses>
				<total>40</total>
				<timestamp>2479.362716</timestamp>
			</report>
			<report>
				<misses>8559001</misses>
				<total>40</total>
				<timestamp>2479.652462</timestamp>
			</report>
			<report>
				<misses>8560001</misses>
				<total>40</total>
				<timestamp>2479.942256</timestamp>
			</report>
			<report>
				<misses>8561001</misses>
				<total>40</total>
				<timestamp>2480.231900</timestamp>
			</report>
			<report>
				<misses>8562001</misses>
				<total>40</total>
				<timestamp>2480.521555</timestamp>
			</report>
			<report>
				<misses>8563001</misses>
				<total>40</total>
				<timestamp>2480.811284</timestamp>
			</report>
			<report>
				<misses>8564001</misses>
				<total>40</total>
				<timestamp>2481.100976</timestamp>
			</report>
			<report>
				<misses>8565001</misses>
				<total>40</total>
				<timestamp>2481.390716</timestamp>
			</report>
			<report>
				<misses>8566001</misses>
				<total>40</total>
				<timestamp>2481.680436</timestamp>
			</report>
			<report>
				<misses>8567001</misses>
				<total>41</total>
				<timestamp>2481.970097</timestamp>
			</report>
			<report>
				<misses>8568001</misses>
				<total>41</total>
				<timestamp>2482.259822</timestamp>
			</report>
			<report>
				<misses>8569001</misses>
				<total>41</total>
				<timestamp>2482.549531</timestamp>
			</report>
			<report>
				<misses>8570001</misses>
				<total>41</total>
				<timestamp>2482.839260</timestamp>
			</report>
			<report>
				<misses>8571001</misses>
				<total>41</total>
				<timestamp>2483.128949</timestamp>
			</report>
			<report>
				<misses>8572001</misses>
				<total>41</total>
				<timestamp>2483.418653</timestamp>
			</report>
			<report>
				<misses>8573001</misses>
				<total>41</total>
				<timestamp>2483.708387</timestamp>
			</report>
			<report>
				<misses>8574001</misses>
				<total>41</total>
				<timestamp>2483.998106</timestamp>
			</report>
			<report>
				<misses>8575001</misses>
				<total>41</total>
				<timestamp>2484.287907</timestamp>
			</report>
			<report>
				<misses>8576001</misses>
				<total>41</total>
				<timestamp>2484.577539</timestamp>
			</report>
			<report>
				<misses>8577001</misses>
				<total>41</total>
				<timestamp>2484.867340</timestamp>
			</report>
			<report>
				<misses>8578001</misses>
				<total>41</total>
				<timestamp>2485.157099</timestamp>
			</report>
			<report>
				<misses>8579001</misses>
				<total>41</total>
				<timestamp>2485.446642</timestamp>
			</report>
			<report>
				<misses>8580001</misses>
				<total>41</total>
				<timestamp>2485.736390</timestamp>
			</report>
			<report>
				<misses>8581001</misses>
				<total>41</total>
				<timestamp>2486.026053</timestamp>
			</report>
			<report>
				<misses>8582001</misses>
				<total>41</total>
				<timestamp>2486.315799</timestamp>
			</report>
			<report>
				<misses>8583001</misses>
				<total>41</total>
				<timestamp>2486.605477</timestamp>
			</report>
			<report>
				<misses>8584001</misses>
				<total>41</total>
				<timestamp>2486.895222</timestamp>
			</report>
			<report>
				<misses>8585001</misses>
				<total>41</total>
				<timestamp>2487.184967</timestamp>
			</report>
			<report>
				<misses>8586001</misses>
				<total>41</total>
				<timestamp>2487.474733</timestamp>
			</report>
			<report>
				<misses>8587001</misses>
				<total>41</total>
				<timestamp>2487.764392</timestamp>
			</report>
			<report>
				<misses>8588001</misses>
				<total>41</total>
				<timestamp>2488.054048</timestamp>
			</report>
			<report>
				<misses>8589001</misses>
				<total>41</total>
				<timestamp>2488.343791</timestamp>
			</report>
			<report>
				<misses>8590001</misses>
				<total>41</total>
				<timestamp>2488.633489</timestamp>
			</report>
			<report>
				<misses>8591001</misses>
				<total>41</total>
				<timestamp>2488.923172</timestamp>
			</report>
			<report>
				<misses>8592001</misses>
				<total>41</total>
				<timestamp>2489.212864</timestamp>
			</report>
			<report>
				<misses>8593001</misses>
				<total>41</total>
				<timestamp>2489.502687</timestamp>
			</report>
			<report>
				<misses>8594001</misses>
				<total>41</total>
				<timestamp>2489.792449</timestamp>
			</report>
			<report>
				<misses>8595001</misses>
				<total>41</total>
				<timestamp>2490.081987</timestamp>
			</report>
			<report>
				<misses>8596001</misses>
				<total>41</total>
				<timestamp>2490.371710</timestamp>
			</report>
			<report>
				<misses>8597001</misses>
				<total>41</total>
				<timestamp>2490.661424</timestamp>
			</report>
			<report>
				<misses>8598001</misses>
				<total>41</total>
				<timestamp>2490.951114</timestamp>
			</report>
			<report>
				<misses>8599001</misses>
				<total>41</total>
				<timestamp>2491.240825</timestamp>
			</report>
			<report>
				<misses>8600001</misses>
				<total>41</total>
				<timestamp>2491.530570</timestamp>
			</report>
			<report>
				<misses>8601001</misses>
				<total>41</total>
				<timestamp>2491.820279</timestamp>
			</report>
			<report>
				<misses>8602001</misses>
				<total>41</total>
				<timestamp>2492.109965</timestamp>
			</report>
			<report>
				<misses>8603001</misses>
				<total>41</total>
				<timestamp>2492.399679</timestamp>
			</report>
			<report>
				<misses>8604001</misses>
				<total>41</total>
				<timestamp>2492.689393</timestamp>
			</report>
			<report>
				<misses>8605001</misses>
				<total>41</total>
				<timestamp>2492.979093</timestamp>
			</report>
			<report>
				<misses>8606001</misses>
				<total>41</total>
				<timestamp>2493.268822</timestamp>
			</report>
			<report>
				<misses>8607001</misses>
				<total>41</total>
				<timestamp>2493.558527</timestamp>
			</report>
			<report>
				<misses>8608001</misses>
				<total>41</total>
				<timestamp>2493.848293</timestamp>
			</report>
			<report>
				<misses>8609001</misses>
				<total>41</total>
				<timestamp>2494.137999</timestamp>
			</report>
			<report>
				<misses>8610001</misses>
				<total>41</total>
				<timestamp>2494.427763</timestamp>
			</report>
			<report>
				<misses>8611001</misses>
				<total>41</total>
				<timestamp>2494.717504</timestamp>
			</report>
			<report>
				<misses>8612001</misses>
				<total>41</total>
				<timestamp>2495.007101</timestamp>
			</report>
			<report>
				<misses>8613001</misses>
				<total>41</total>
				<timestamp>2495.296886</timestamp>
			</report>
			<report>
				<misses>8614001</misses>
				<total>41</total>
				<timestamp>2495.586562</timestamp>
			</report>
			<report>
				<misses>8615001</misses>
				<total>41</total>
				<timestamp>2495.876219</timestamp>
			</report>
			<report>
				<misses>8616001</misses>
				<total>41</total>
				<timestamp>2496.165963</timestamp>
			</report>
			<report>
				<misses>8617001</misses>
				<total>41</total>
				<timestamp>2496.455611</timestamp>
			</report>
			<report>
				<misses>8618001</misses>
				<total>41</total>
				<timestamp>2496.745333</timestamp>
			</report>
			<report>
				<misses>8619001</misses>
				<total>41</total>
				<timestamp>2497.035141</timestamp>
			</report>
			<report>
				<misses>8620001</misses>
				<total>41</total>
				<timestamp>2497.324898</timestamp>
			</report>
			<report>
				<misses>8621001</misses>
				<total>41</total>
				<timestamp>2497.614451</timestamp>
			</report>
			<report>
				<misses>8622001</misses>
				<total>41</total>
				<timestamp>2497.904163</timestamp>
			</report>
			<report>
				<misses>8623001</misses>
				<total>41</total>
				<timestamp>2498.193864</timestamp>
			</report>
			<report>
				<misses>8624001</misses>
				<total>41</total>
				<timestamp>2498.483579</timestamp>
			</report>
			<report>
				<misses>8625001</misses>
				<total>41</total>
				<timestamp>2498.773283</timestamp>
			</report>
			<report>
				<misses>8626001</misses>
				<total>41</total>
				<timestamp>2499.062995</timestamp>
			</report>
			<report>
				<misses>8627001</misses>
				<total>41</total>
				<timestamp>2499.352828</timestamp>
			</report>
			<report>
				<misses>8628001</misses>
				<total>41</total>
				<timestamp>2499.642431</timestamp>
			</report>
			<report>
				<misses>8629001</misses>
				<total>41</total>
				<timestamp>2499.932126</timestamp>
			</report>
			<report>
				<misses>8630001</misses>
				<total>41</total>
				<timestamp>2500.221850</timestamp>
			</report>
			<report>
				<misses>8631001</misses>
				<total>41</total>
				<timestamp>2500.511558</timestamp>
			</report>
			<report>
				<misses>8632001</misses>
				<total>41</total>
				<timestamp>2500.801263</timestamp>
			</report>
			<report>
				<misses>8633001</misses>
				<total>41</total>
				<timestamp>2501.090957</timestamp>
			</report>
			<report>
				<misses>8634001</misses>
				<total>41</total>
				<timestamp>2501.380691</timestamp>
			</report>
			<report>
				<misses>8635001</misses>
				<total>41</total>
				<timestamp>2501.670407</timestamp>
			</report>
			<report>
				<misses>8636001</misses>
				<total>41</total>
				<timestamp>2501.960091</timestamp>
			</report>
			<report>
				<misses>8637001</misses>
				<total>41</total>
				<timestamp>2502.249811</timestamp>
			</report>
			<report>
				<misses>8638001</misses>
				<total>41</total>
				<timestamp>2502.539561</timestamp>
			</report>
			<report>
				<misses>8639001</misses>
				<total>41</total>
				<timestamp>2502.829261</timestamp>
			</report>
			<report>
				<misses>8640001</misses>
				<total>41</total>
				<timestamp>2503.118947</timestamp>
			</report>
			<report>
				<misses>8641001</misses>
				<total>41</total>
				<timestamp>2503.408697</timestamp>
			</report>
			<report>
				<misses>8642001</misses>
				<total>41</total>
				<timestamp>2503.698384</timestamp>
			</report>
			<report>
				<misses>8643001</misses>
				<total>41</total>
				<timestamp>2503.988076</timestamp>
			</report>
			<report>
				<misses>8644001</misses>
				<total>41</total>
				<timestamp>2504.277763</timestamp>
			</report>
			<report>
				<misses>8645001</misses>
				<total>41</total>
				<timestamp>2504.567535</timestamp>
			</report>
			<report>
				<misses>8646001</misses>
				<total>41</total>
				<timestamp>2504.857264</timestamp>
			</report>
			<report>
				<misses>8647001</misses>
				<total>41</total>
				<timestamp>2505.146998</timestamp>
			</report>
			<report>
				<misses>8648001</misses>
				<total>41</total>
				<timestamp>2505.436668</timestamp>
			</report>
			<report>
				<misses>8649001</misses>
				<total>41</total>
				<timestamp>2505.726398</timestamp>
			</report>
			<report>
				<misses>8650001</misses>
				<total>41</total>
				<timestamp>2506.016060</timestamp>
			</report>
			<report>
				<misses>8651001</misses>
				<total>41</total>
				<timestamp>2506.305766</timestamp>
			</report>
			<report>
				<misses>8652001</misses>
				<total>41</total>
				<timestamp>2506.595564</timestamp>
			</report>
			<report>
				<misses>8653001</misses>
				<total>41</total>
				<timestamp>2506.885316</timestamp>
			</report>
			<report>
				<misses>8654001</misses>
				<total>41</total>
				<timestamp>2507.174880</timestamp>
			</report>
			<report>
				<misses>8655001</misses>
				<total>41</total>
				<timestamp>2507.464601</timestamp>
			</report>
			<report>
				<misses>8656001</misses>
				<total>41</total>
				<timestamp>2507.754330</timestamp>
			</report>
			<report>
				<misses>8657001</misses>
				<total>41</total>
				<timestamp>2508.044016</timestamp>
			</report>
			<report>
				<misses>8658001</misses>
				<total>41</total>
				<timestamp>2508.333718</timestamp>
			</report>
			<report>
				<misses>8659001</misses>
				<total>41</total>
				<timestamp>2508.623482</timestamp>
			</report>
			<report>
				<misses>8660001</misses>
				<total>41</total>
				<timestamp>2508.913192</timestamp>
			</report>
			<report>
				<misses>8661001</misses>
				<total>41</total>
				<timestamp>2509.202848</timestamp>
			</report>
			<report>
				<misses>8662001</misses>
				<total>41</total>
				<timestamp>2509.492553</timestamp>
			</report>
			<report>
				<misses>8663001</misses>
				<total>41</total>
				<timestamp>2509.782291</timestamp>
			</report>
			<report>
				<misses>8664001</misses>
				<total>41</total>
				<timestamp>2510.071971</timestamp>
			</report>
			<report>
				<misses>8665001</misses>
				<total>41</total>
				<timestamp>2510.361701</timestamp>
			</report>
			<report>
				<misses>8666001</misses>
				<total>41</total>
				<timestamp>2510.651392</timestamp>
			</report>
			<report>
				<misses>8667001</misses>
				<total>41</total>
				<timestamp>2510.941151</timestamp>
			</report>
			<report>
				<misses>8668001</misses>
				<total>41</total>
				<timestamp>2511.230836</timestamp>
			</report>
			<report>
				<misses>8669001</misses>
				<total>41</total>
				<timestamp>2511.520530</timestamp>
			</report>
			<report>
				<misses>8670001</misses>
				<total>41</total>
				<timestamp>2511.810275</timestamp>
			</report>
			<report>
				<misses>8671001</misses>
				<total>41</total>
				<timestamp>2512.099949</timestamp>
			</report>
			<report>
				<misses>8672001</misses>
				<total>41</total>
				<timestamp>2512.389685</timestamp>
			</report>
			<report>
				<misses>8673001</misses>
				<total>41</total>
				<timestamp>2512.679395</timestamp>
			</report>
			<report>
				<misses>8674001</misses>
				<total>41</total>
				<timestamp>2512.969123</timestamp>
			</report>
			<report>
				<misses>8675001</misses>
				<total>41</total>
				<timestamp>2513.258781</timestamp>
			</report>
			<report>
				<misses>8676001</misses>
				<total>41</total>
				<timestamp>2513.548556</timestamp>
			</report>
			<report>
				<misses>8677001</misses>
				<total>41</total>
				<timestamp>2513.838308</timestamp>
			</report>
			<report>
				<misses>8678001</misses>
				<total>41</total>
				<timestamp>2514.127960</timestamp>
			</report>
			<report>
				<misses>8679001</misses>
				<total>41</total>
				<timestamp>2514.417705</timestamp>
			</report>
			<report>
				<misses>8680001</misses>
				<total>41</total>
				<timestamp>2514.707467</timestamp>
			</report>
			<report>
				<misses>8681001</misses>
				<total>41</total>
				<timestamp>2514.997150</timestamp>
			</report>
			<report>
				<misses>8682001</misses>
				<total>41</total>
				<timestamp>2515.286822</timestamp>
			</report>
			<report>
				<misses>8683001</misses>
				<total>41</total>
				<timestamp>2515.576642</timestamp>
			</report>
			<report>
				<misses>8684001</misses>
				<total>41</total>
				<timestamp>2515.866213</timestamp>
			</report>
			<report>
				<misses>8685001</misses>
				<total>41</total>
				<timestamp>2516.155991</timestamp>
			</report>
			<report>
				<misses>8686001</misses>
				<total>41</total>
				<timestamp>2516.445672</timestamp>
			</report>
			<report>
				<misses>8687001</misses>
				<total>41</total>
				<timestamp>2516.735410</timestamp>
			</report>
			<report>
				<misses>8688001</misses>
				<total>41</total>
				<timestamp>2517.025046</timestamp>
			</report>
			<report>
				<misses>8689001</misses>
				<total>41</total>
				<timestamp>2517.314747</timestamp>
			</report>
			<report>
				<misses>8690001</misses>
				<total>41</total>
				<timestamp>2517.604454</timestamp>
			</report>
			<report>
				<misses>8691001</misses>
				<total>41</total>
				<timestamp>2517.894188</timestamp>
			</report>
			<report>
				<misses>8692001</misses>
				<total>41</total>
				<timestamp>2518.183850</timestamp>
			</report>
			<report>
				<misses>8693001</misses>
				<total>41</total>
				<timestamp>2518.473594</timestamp>
			</report>
			<report>
				<misses>8694001</misses>
				<total>41</total>
				<timestamp>2518.763277</timestamp>
			</report>
			<report>
				<misses>8695001</misses>
				<total>41</total>
				<timestamp>2519.052988</timestamp>
			</report>
			<report>
				<misses>8696001</misses>
				<total>41</total>
				<timestamp>2519.342702</timestamp>
			</report>
			<report>
				<misses>8697001</misses>
				<total>41</total>
				<timestamp>2519.632390</timestamp>
			</report>
			<report>
				<misses>8698001</misses>
				<total>41</total>
				<timestamp>2519.922172</timestamp>
			</report>
			<report>
				<misses>8699001</misses>
				<total>41</total>
				<timestamp>2520.211835</timestamp>
			</report>
			<report>
				<misses>8700001</misses>
				<total>41</total>
				<timestamp>2520.501538</timestamp>
			</report>
			<report>
				<misses>8701001</misses>
				<total>41</total>
				<timestamp>2520.791261</timestamp>
			</report>
			<report>
				<misses>8702001</misses>
				<total>41</total>
				<timestamp>2521.080967</timestamp>
			</report>
			<report>
				<misses>8703001</misses>
				<total>41</total>
				<timestamp>2521.370798</timestamp>
			</report>
			<report>
				<misses>8704001</misses>
				<total>41</total>
				<timestamp>2521.660436</timestamp>
			</report>
			<report>
				<misses>8705001</misses>
				<total>41</total>
				<timestamp>2521.950154</timestamp>
			</report>
			<report>
				<misses>8706001</misses>
				<total>41</total>
				<timestamp>2522.239813</timestamp>
			</report>
			<report>
				<misses>8707001</misses>
				<total>41</total>
				<timestamp>2522.529591</timestamp>
			</report>
			<report>
				<misses>8708001</misses>
				<total>41</total>
				<timestamp>2522.819304</timestamp>
			</report>
			<report>
				<misses>8709001</misses>
				<total>41</total>
				<timestamp>2523.108983</timestamp>
			</report>
			<report>
				<misses>8710001</misses>
				<total>41</total>
				<timestamp>2523.398680</timestamp>
			</report>
			<report>
				<misses>8711001</misses>
				<total>41</total>
				<timestamp>2523.688351</timestamp>
			</report>
			<report>
				<misses>8712001</misses>
				<total>41</total>
				<timestamp>2523.978105</timestamp>
			</report>
			<report>
				<misses>8713001</misses>
				<total>41</total>
				<timestamp>2524.267786</timestamp>
			</report>
			<report>
				<misses>8714001</misses>
				<total>41</total>
				<timestamp>2524.557510</timestamp>
			</report>
			<report>
				<misses>8715001</misses>
				<total>41</total>
				<timestamp>2524.847194</timestamp>
			</report>
			<report>
				<misses>8716001</misses>
				<total>41</total>
				<timestamp>2525.136884</timestamp>
			</report>
			<report>
				<misses>8717001</misses>
				<total>41</total>
				<timestamp>2525.426629</timestamp>
			</report>
			<report>
				<misses>8718001</misses>
				<total>41</total>
				<timestamp>2525.716410</timestamp>
			</report>
			<report>
				<misses>8719001</misses>
				<total>41</total>
				<timestamp>2526.006076</timestamp>
			</report>
			<report>
				<misses>8720001</misses>
				<total>41</total>
				<timestamp>2526.295748</timestamp>
			</report>
			<report>
				<misses>8721001</misses>
				<total>41</total>
				<timestamp>2526.585439</timestamp>
			</report>
			<report>
				<misses>8722001</misses>
				<total>41</total>
				<timestamp>2526.875181</timestamp>
			</report>
			<report>
				<misses>8723001</misses>
				<total>41</total>
				<timestamp>2527.164873</timestamp>
			</report>
			<report>
				<misses>8724001</misses>
				<total>41</total>
				<timestamp>2527.454588</timestamp>
			</report>
			<report>
				<misses>8725001</misses>
				<total>42</total>
				<timestamp>2527.744288</timestamp>
			</report>
			<report>
				<misses>8726001</misses>
				<total>42</total>
				<timestamp>2528.034029</timestamp>
			</report>
			<report>
				<misses>8727001</misses>
				<total>42</total>
				<timestamp>2528.323735</timestamp>
			</report>
			<report>
				<misses>8728001</misses>
				<total>42</total>
				<timestamp>2528.613443</timestamp>
			</report>
			<report>
				<misses>8729001</misses>
				<total>42</total>
				<timestamp>2528.903133</timestamp>
			</report>
			<report>
				<misses>8730001</misses>
				<total>42</total>
				<timestamp>2529.192822</timestamp>
			</report>
			<report>
				<misses>8731001</misses>
				<total>42</total>
				<timestamp>2529.482543</timestamp>
			</report>
			<report>
				<misses>8732001</misses>
				<total>42</total>
				<timestamp>2529.772257</timestamp>
			</report>
			<report>
				<misses>8733001</misses>
				<total>42</total>
				<timestamp>2530.061982</timestamp>
			</report>
			<report>
				<misses>8734001</misses>
				<total>42</total>
				<timestamp>2530.351671</timestamp>
			</report>
			<report>
				<misses>8735001</misses>
				<total>42</total>
				<timestamp>2530.641394</timestamp>
			</report>
			<report>
				<misses>8736001</misses>
				<total>42</total>
				<timestamp>2530.931116</timestamp>
			</report>
			<report>
				<misses>8737001</misses>
				<total>42</total>
				<timestamp>2531.220798</timestamp>
			</report>
			<report>
				<misses>8738001</misses>
				<total>42</total>
				<timestamp>2531.510527</timestamp>
			</report>
			<report>
				<misses>8739001</misses>
				<total>42</total>
				<timestamp>2531.800254</timestamp>
			</report>
			<report>
				<misses>8740001</misses>
				<total>42</total>
				<timestamp>2532.089940</timestamp>
			</report>
			<report>
				<misses>8741001</misses>
				<total>42</total>
				<timestamp>2532.379661</timestamp>
			</report>
			<report>
				<misses>8742001</misses>
				<total>42</total>
				<timestamp>2532.669360</timestamp>
			</report>
			<report>
				<misses>8743001</misses>
				<total>42</total>
				<timestamp>2532.959061</timestamp>
			</report>
			<report>
				<misses>8744001</misses>
				<total>42</total>
				<timestamp>2533.248787</timestamp>
			</report>
			<report>
				<misses>8745001</misses>
				<total>42</total>
				<timestamp>2533.538472</timestamp>
			</report>
			<report>
				<misses>8746001</misses>
				<total>42</total>
				<timestamp>2533.828211</timestamp>
			</report>
			<report>
				<misses>8747001</misses>
				<total>42</total>
				<timestamp>2534.117921</timestamp>
			</report>
			<report>
				<misses>8748001</misses>
				<total>42</total>
				<timestamp>2534.407652</timestamp>
			</report>
			<report>
				<misses>8749001</misses>
				<total>42</total>
				<timestamp>2534.697449</timestamp>
			</report>
			<report>
				<misses>8750001</misses>
				<total>42</total>
				<timestamp>2534.987072</timestamp>
			</report>
			<report>
				<misses>8751001</misses>
				<total>42</total>
				<timestamp>2535.276754</timestamp>
			</report>
			<report>
				<misses>8752001</misses>
				<total>42</total>
				<timestamp>2535.566450</timestamp>
			</report>
			<report>
				<misses>8753001</misses>
				<total>42</total>
				<timestamp>2535.856176</timestamp>
			</report>
			<report>
				<misses>8754001</misses>
				<total>42</total>
				<timestamp>2536.145953</timestamp>
			</report>
			<report>
				<misses>8755001</misses>
				<total>42</total>
				<timestamp>2536.435637</timestamp>
			</report>
			<report>
				<misses>8756001</misses>
				<total>42</total>
				<timestamp>2536.725329</timestamp>
			</report>
			<report>
				<misses>8757001</misses>
				<total>42</total>
				<timestamp>2537.015058</timestamp>
			</report>
			<report>
				<misses>8758001</misses>
				<total>42</total>
				<timestamp>2537.304729</timestamp>
			</report>
			<report>
				<misses>8759001</misses>
				<total>42</total>
				<timestamp>2537.594423</timestamp>
			</report>
			<report>
				<misses>8760001</misses>
				<total>42</total>
				<timestamp>2537.884241</timestamp>
			</report>
			<report>
				<misses>8761001</misses>
				<total>42</total>
				<timestamp>2538.173841</timestamp>
			</report>
			<report>
				<misses>8762001</misses>
				<total>42</total>
				<timestamp>2538.463662</timestamp>
			</report>
			<report>
				<misses>8763001</misses>
				<total>42</total>
				<timestamp>2538.753283</timestamp>
			</report>
			<report>
				<misses>8764001</misses>
				<total>42</total>
				<timestamp>2539.043069</timestamp>
			</report>
			<report>
				<misses>8765001</misses>
				<total>42</total>
				<timestamp>2539.332758</timestamp>
			</report>
			<report>
				<misses>8766001</misses>
				<total>42</total>
				<timestamp>2539.622480</timestamp>
			</report>
			<report>
				<misses>8767001</misses>
				<total>42</total>
				<timestamp>2539.912229</timestamp>
			</report>
			<report>
				<misses>8768001</misses>
				<total>42</total>
				<timestamp>2540.201819</timestamp>
			</report>
			<report>
				<misses>8769001</misses>
				<total>42</total>
				<timestamp>2540.491703</timestamp>
			</report>
			<report>
				<misses>8770001</misses>
				<total>42</total>
				<timestamp>2540.781324</timestamp>
			</report>
			<report>
				<misses>8771001</misses>
				<total>42</total>
				<timestamp>2541.070995</timestamp>
			</report>
			<report>
				<misses>8772001</misses>
				<total>42</total>
				<timestamp>2541.360770</timestamp>
			</report>
			<report>
				<misses>8773001</misses>
				<total>42</total>
				<timestamp>2541.650402</timestamp>
			</report>
			<report>
				<misses>8774001</misses>
				<total>42</total>
				<timestamp>2541.940222</timestamp>
			</report>
			<report>
				<misses>8775001</misses>
				<total>42</total>
				<timestamp>2542.229826</timestamp>
			</report>
			<report>
				<misses>8776001</misses>
				<total>42</total>
				<timestamp>2542.519601</timestamp>
			</report>
			<report>
				<misses>8777001</misses>
				<total>42</total>
				<timestamp>2542.809262</timestamp>
			</report>
			<report>
				<misses>8778001</misses>
				<total>42</total>
				<timestamp>2543.099063</timestamp>
			</report>
			<report>
				<misses>8779001</misses>
				<total>42</total>
				<timestamp>2543.388637</timestamp>
			</report>
			<report>
				<misses>8780001</misses>
				<total>42</total>
				<timestamp>2543.678422</timestamp>
			</report>
			<report>
				<misses>8781001</misses>
				<total>42</total>
				<timestamp>2543.968075</timestamp>
			</report>
			<report>
				<misses>8782001</misses>
				<total>42</total>
				<timestamp>2544.257769</timestamp>
			</report>
			<report>
				<misses>8783001</misses>
				<total>42</total>
				<timestamp>2544.547484</timestamp>
			</report>
			<report>
				<misses>8784001</misses>
				<total>42</total>
				<timestamp>2544.837181</timestamp>
			</report>
			<report>
				<misses>8785001</misses>
				<total>42</total>
				<timestamp>2545.126929</timestamp>
			</report>
			<report>
				<misses>8786001</misses>
				<total>42</total>
				<timestamp>2545.416635</timestamp>
			</report>
			<report>
				<misses>8787001</misses>
				<total>42</total>
				<timestamp>2545.706333</timestamp>
			</report>
			<report>
				<misses>8788001</misses>
				<total>42</total>
				<timestamp>2545.996057</timestamp>
			</report>
			<report>
				<misses>8789001</misses>
				<total>42</total>
				<timestamp>2546.285767</timestamp>
			</report>
			<report>
				<misses>8790001</misses>
				<total>42</total>
				<timestamp>2546.575527</timestamp>
			</report>
			<report>
				<misses>8791001</misses>
				<total>42</total>
				<timestamp>2546.865146</timestamp>
			</report>
			<report>
				<misses>8792001</misses>
				<total>42</total>
				<timestamp>2547.154867</timestamp>
			</report>
			<report>
				<misses>8793001</misses>
				<total>42</total>
				<timestamp>2547.444587</timestamp>
			</report>
			<report>
				<misses>8794001</misses>
				<total>42</total>
				<timestamp>2547.734332</timestamp>
			</report>
			<report>
				<misses>8795001</misses>
				<total>42</total>
				<timestamp>2548.024040</timestamp>
			</report>
			<report>
				<misses>8796001</misses>
				<total>42</total>
				<timestamp>2548.313698</timestamp>
			</report>
			<report>
				<misses>8797001</misses>
				<total>42</total>
				<timestamp>2548.603422</timestamp>
			</report>
			<report>
				<misses>8798001</misses>
				<total>42</total>
				<timestamp>2548.893118</timestamp>
			</report>
			<report>
				<misses>8799001</misses>
				<total>42</total>
				<timestamp>2549.182892</timestamp>
			</report>
			<report>
				<misses>8800001</misses>
				<total>42</total>
				<timestamp>2549.472650</timestamp>
			</report>
			<report>
				<misses>8801001</misses>
				<total>42</total>
				<timestamp>2549.762278</timestamp>
			</report>
			<report>
				<misses>8802001</misses>
				<total>42</total>
				<timestamp>2550.051969</timestamp>
			</report>
			<report>
				<misses>8803001</misses>
				<total>42</total>
				<timestamp>2550.341696</timestamp>
			</report>
			<report>
				<misses>8804001</misses>
				<total>42</total>
				<timestamp>2550.631369</timestamp>
			</report>
			<report>
				<misses>8805001</misses>
				<total>42</total>
				<timestamp>2550.921141</timestamp>
			</report>
			<report>
				<misses>8806001</misses>
				<total>42</total>
				<timestamp>2551.210788</timestamp>
			</report>
			<report>
				<misses>8807001</misses>
				<total>42</total>
				<timestamp>2551.500527</timestamp>
			</report>
			<report>
				<misses>8808001</misses>
				<total>42</total>
				<timestamp>2551.790208</timestamp>
			</report>
			<report>
				<misses>8809001</misses>
				<total>42</total>
				<timestamp>2552.079938</timestamp>
			</report>
			<report>
				<misses>8810001</misses>
				<total>42</total>
				<timestamp>2552.369779</timestamp>
			</report>
			<report>
				<misses>8811001</misses>
				<total>42</total>
				<timestamp>2552.659473</timestamp>
			</report>
			<report>
				<misses>8812001</misses>
				<total>42</total>
				<timestamp>2552.949193</timestamp>
			</report>
			<report>
				<misses>8813001</misses>
				<total>42</total>
				<timestamp>2553.238874</timestamp>
			</report>
			<report>
				<misses>8814001</misses>
				<total>42</total>
				<timestamp>2553.528565</timestamp>
			</report>
			<report>
				<misses>8815001</misses>
				<total>42</total>
				<timestamp>2553.818250</timestamp>
			</report>
			<report>
				<misses>8816001</misses>
				<total>42</total>
				<timestamp>2554.107992</timestamp>
			</report>
			<report>
				<misses>8817001</misses>
				<total>42</total>
				<timestamp>2554.397659</timestamp>
			</report>
			<report>
				<misses>8818001</misses>
				<total>42</total>
				<timestamp>2554.687319</timestamp>
			</report>
			<report>
				<misses>8819001</misses>
				<total>42</total>
				<timestamp>2554.977034</timestamp>
			</report>
			<report>
				<misses>8820001</misses>
				<total>42</total>
				<timestamp>2555.266745</timestamp>
			</report>
			<report>
				<misses>8821001</misses>
				<total>42</total>
				<timestamp>2555.556488</timestamp>
			</report>
			<report>
				<misses>8822001</misses>
				<total>42</total>
				<timestamp>2555.846163</timestamp>
			</report>
			<report>
				<misses>8823001</misses>
				<total>42</total>
				<timestamp>2556.135938</timestamp>
			</report>
			<report>
				<misses>8824001</misses>
				<total>42</total>
				<timestamp>2556.425602</timestamp>
			</report>
			<report>
				<misses>8825001</misses>
				<total>42</total>
				<timestamp>2556.715303</timestamp>
			</report>
			<report>
				<misses>8826001</misses>
				<total>42</total>
				<timestamp>2557.005016</timestamp>
			</report>
			<report>
				<misses>8827001</misses>
				<total>42</total>
				<timestamp>2557.294769</timestamp>
			</report>
			<report>
				<misses>8828001</misses>
				<total>42</total>
				<timestamp>2557.584412</timestamp>
			</report>
			<report>
				<misses>8829001</misses>
				<total>42</total>
				<timestamp>2557.874133</timestamp>
			</report>
			<report>
				<misses>8830001</misses>
				<total>42</total>
				<timestamp>2558.163852</timestamp>
			</report>
			<report>
				<misses>8831001</misses>
				<total>42</total>
				<timestamp>2558.453584</timestamp>
			</report>
			<report>
				<misses>8832001</misses>
				<total>42</total>
				<timestamp>2558.743249</timestamp>
			</report>
			<report>
				<misses>8833001</misses>
				<total>42</total>
				<timestamp>2559.033010</timestamp>
			</report>
			<report>
				<misses>8834001</misses>
				<total>42</total>
				<timestamp>2559.322721</timestamp>
			</report>
			<report>
				<misses>8835001</misses>
				<total>42</total>
				<timestamp>2559.612401</timestamp>
			</report>
			<report>
				<misses>8836001</misses>
				<total>42</total>
				<timestamp>2559.902094</timestamp>
			</report>
			<report>
				<misses>8837001</misses>
				<total>42</total>
				<timestamp>2560.191844</timestamp>
			</report>
			<report>
				<misses>8838001</misses>
				<total>42</total>
				<timestamp>2560.481510</timestamp>
			</report>
			<report>
				<misses>8839001</misses>
				<total>42</total>
				<timestamp>2560.771218</timestamp>
			</report>
			<report>
				<misses>8840001</misses>
				<total>42</total>
				<timestamp>2561.060983</timestamp>
			</report>
			<report>
				<misses>8841001</misses>
				<total>42</total>
				<timestamp>2561.350674</timestamp>
			</report>
			<report>
				<misses>8842001</misses>
				<total>42</total>
				<timestamp>2561.640347</timestamp>
			</report>
			<report>
				<misses>8843001</misses>
				<total>42</total>
				<timestamp>2561.930078</timestamp>
			</report>
			<report>
				<misses>8844001</misses>
				<total>42</total>
				<timestamp>2562.219830</timestamp>
			</report>
			<report>
				<misses>8845001</misses>
				<total>42</total>
				<timestamp>2562.509499</timestamp>
			</report>
			<report>
				<misses>8846001</misses>
				<total>42</total>
				<timestamp>2562.799207</timestamp>
			</report>
			<report>
				<misses>8847001</misses>
				<total>42</total>
				<timestamp>2563.088946</timestamp>
			</report>
			<report>
				<misses>8848001</misses>
				<total>42</total>
				<timestamp>2563.378648</timestamp>
			</report>
			<report>
				<misses>8849001</misses>
				<total>42</total>
				<timestamp>2563.668320</timestamp>
			</report>
			<report>
				<misses>8850001</misses>
				<total>42</total>
				<timestamp>2563.958039</timestamp>
			</report>
			<report>
				<misses>8851001</misses>
				<total>42</total>
				<timestamp>2564.247807</timestamp>
			</report>
			<report>
				<misses>8852001</misses>
				<total>42</total>
				<timestamp>2564.537536</timestamp>
			</report>
			<report>
				<misses>8853001</misses>
				<total>42</total>
				<timestamp>2564.827220</timestamp>
			</report>
			<report>
				<misses>8854001</misses>
				<total>42</total>
				<timestamp>2565.116970</timestamp>
			</report>
			<report>
				<misses>8855001</misses>
				<total>42</total>
				<timestamp>2565.406599</timestamp>
			</report>
			<report>
				<misses>8856001</misses>
				<total>42</total>
				<timestamp>2565.696314</timestamp>
			</report>
			<report>
				<misses>8857001</misses>
				<total>42</total>
				<timestamp>2565.986018</timestamp>
			</report>
			<report>
				<misses>8858001</misses>
				<total>42</total>
				<timestamp>2566.275775</timestamp>
			</report>
			<report>
				<misses>8859001</misses>
				<total>42</total>
				<timestamp>2566.565418</timestamp>
			</report>
			<report>
				<misses>8860001</misses>
				<total>42</total>
				<timestamp>2566.855140</timestamp>
			</report>
			<report>
				<misses>8861001</misses>
				<total>42</total>
				<timestamp>2567.144857</timestamp>
			</report>
			<report>
				<misses>8862001</misses>
				<total>42</total>
				<timestamp>2567.434559</timestamp>
			</report>
			<report>
				<misses>8863001</misses>
				<total>42</total>
				<timestamp>2567.724258</timestamp>
			</report>
			<report>
				<misses>8864001</misses>
				<total>42</total>
				<timestamp>2568.013998</timestamp>
			</report>
			<report>
				<misses>8865001</misses>
				<total>42</total>
				<timestamp>2568.303691</timestamp>
			</report>
			<report>
				<misses>8866001</misses>
				<total>42</total>
				<timestamp>2568.593419</timestamp>
			</report>
			<report>
				<misses>8867001</misses>
				<total>42</total>
				<timestamp>2568.883128</timestamp>
			</report>
			<report>
				<misses>8868001</misses>
				<total>42</total>
				<timestamp>2569.172858</timestamp>
			</report>
			<report>
				<misses>8869001</misses>
				<total>42</total>
				<timestamp>2569.462521</timestamp>
			</report>
			<report>
				<misses>8870001</misses>
				<total>42</total>
				<timestamp>2569.752218</timestamp>
			</report>
			<report>
				<misses>8871001</misses>
				<total>42</total>
				<timestamp>2570.041967</timestamp>
			</report>
			<report>
				<misses>8872001</misses>
				<total>42</total>
				<timestamp>2570.331663</timestamp>
			</report>
			<report>
				<misses>8873001</misses>
				<total>42</total>
				<timestamp>2570.621364</timestamp>
			</report>
			<report>
				<misses>8874001</misses>
				<total>42</total>
				<timestamp>2570.911062</timestamp>
			</report>
			<report>
				<misses>8875001</misses>
				<total>42</total>
				<timestamp>2571.200841</timestamp>
			</report>
			<report>
				<misses>8876001</misses>
				<total>42</total>
				<timestamp>2571.490518</timestamp>
			</report>
			<report>
				<misses>8877001</misses>
				<total>42</total>
				<timestamp>2571.780211</timestamp>
			</report>
			<report>
				<misses>8878001</misses>
				<total>42</total>
				<timestamp>2572.069931</timestamp>
			</report>
			<report>
				<misses>8879001</misses>
				<total>42</total>
				<timestamp>2572.359754</timestamp>
			</report>
			<report>
				<misses>8880001</misses>
				<total>42</total>
				<timestamp>2572.649387</timestamp>
			</report>
			<report>
				<misses>8881001</misses>
				<total>42</total>
				<timestamp>2572.939101</timestamp>
			</report>
			<report>
				<misses>8882001</misses>
				<total>42</total>
				<timestamp>2573.228906</timestamp>
			</report>
			<report>
				<misses>8883001</misses>
				<total>42</total>
				<timestamp>2573.518522</timestamp>
			</report>
			<report>
				<misses>8884001</misses>
				<total>42</total>
				<timestamp>2573.808197</timestamp>
			</report>
			<report>
				<misses>8885001</misses>
				<total>42</total>
				<timestamp>2574.098004</timestamp>
			</report>
			<report>
				<misses>8886001</misses>
				<total>42</total>
				<timestamp>2574.387623</timestamp>
			</report>
			<report>
				<misses>8887001</misses>
				<total>42</total>
				<timestamp>2574.677423</timestamp>
			</report>
			<report>
				<misses>8888001</misses>
				<total>42</total>
				<timestamp>2574.967058</timestamp>
			</report>
			<report>
				<misses>8889001</misses>
				<total>42</total>
				<timestamp>2575.256779</timestamp>
			</report>
			<report>
				<misses>8890001</misses>
				<total>42</total>
				<timestamp>2575.546577</timestamp>
			</report>
			<report>
				<misses>8891001</misses>
				<total>42</total>
				<timestamp>2575.836279</timestamp>
			</report>
			<report>
				<misses>8892001</misses>
				<total>42</total>
				<timestamp>2576.125947</timestamp>
			</report>
			<report>
				<misses>8893001</misses>
				<total>42</total>
				<timestamp>2576.415646</timestamp>
			</report>
			<report>
				<misses>8894001</misses>
				<total>42</total>
				<timestamp>2576.705293</timestamp>
			</report>
			<report>
				<misses>8895001</misses>
				<total>42</total>
				<timestamp>2576.994977</timestamp>
			</report>
			<report>
				<misses>8896001</misses>
				<total>42</total>
				<timestamp>2577.284768</timestamp>
			</report>
			<report>
				<misses>8897001</misses>
				<total>42</total>
				<timestamp>2577.574402</timestamp>
			</report>
			<report>
				<misses>8898001</misses>
				<total>42</total>
				<timestamp>2577.864102</timestamp>
			</report>
			<report>
				<misses>8899001</misses>
				<total>42</total>
				<timestamp>2578.153853</timestamp>
			</report>
			<report>
				<misses>8900001</misses>
				<total>42</total>
				<timestamp>2578.443529</timestamp>
			</report>
			<report>
				<misses>8901001</misses>
				<total>42</total>
				<timestamp>2578.733251</timestamp>
			</report>
			<report>
				<misses>8902001</misses>
				<total>42</total>
				<timestamp>2579.022989</timestamp>
			</report>
			<report>
				<misses>8903001</misses>
				<total>42</total>
				<timestamp>2579.312681</timestamp>
			</report>
			<report>
				<misses>8904001</misses>
				<total>42</total>
				<timestamp>2579.602411</timestamp>
			</report>
			<report>
				<misses>8905001</misses>
				<total>42</total>
				<timestamp>2579.892095</timestamp>
			</report>
			<report>
				<misses>8906001</misses>
				<total>42</total>
				<timestamp>2580.181799</timestamp>
			</report>
			<report>
				<misses>8907001</misses>
				<total>42</total>
				<timestamp>2580.471504</timestamp>
			</report>
			<report>
				<misses>8908001</misses>
				<total>42</total>
				<timestamp>2580.761209</timestamp>
			</report>
			<report>
				<misses>8909001</misses>
				<total>42</total>
				<timestamp>2581.050933</timestamp>
			</report>
			<report>
				<misses>8910001</misses>
				<total>42</total>
				<timestamp>2581.340673</timestamp>
			</report>
			<report>
				<misses>8911001</misses>
				<total>42</total>
				<timestamp>2581.630341</timestamp>
			</report>
			<report>
				<misses>8912001</misses>
				<total>42</total>
				<timestamp>2581.920067</timestamp>
			</report>
			<report>
				<misses>8913001</misses>
				<total>42</total>
				<timestamp>2582.209831</timestamp>
			</report>
			<report>
				<misses>8914001</misses>
				<total>42</total>
				<timestamp>2582.499492</timestamp>
			</report>
			<report>
				<misses>8915001</misses>
				<total>42</total>
				<timestamp>2582.789226</timestamp>
			</report>
			<report>
				<misses>8916001</misses>
				<total>42</total>
				<timestamp>2583.078902</timestamp>
			</report>
			<report>
				<misses>8917001</misses>
				<total>42</total>
				<timestamp>2583.368632</timestamp>
			</report>
			<report>
				<misses>8918001</misses>
				<total>42</total>
				<timestamp>2583.658309</timestamp>
			</report>
			<report>
				<misses>8919001</misses>
				<total>42</total>
				<timestamp>2583.948046</timestamp>
			</report>
			<report>
				<misses>8920001</misses>
				<total>42</total>
				<timestamp>2584.237769</timestamp>
			</report>
			<report>
				<misses>8921001</misses>
				<total>42</total>
				<timestamp>2584.527475</timestamp>
			</report>
			<report>
				<misses>8922001</misses>
				<total>42</total>
				<timestamp>2584.817174</timestamp>
			</report>
			<report>
				<misses>8923001</misses>
				<total>42</total>
				<timestamp>2585.106959</timestamp>
			</report>
			<report>
				<misses>8924001</misses>
				<total>42</total>
				<timestamp>2585.396723</timestamp>
			</report>
			<report>
				<misses>8925001</misses>
				<total>42</total>
				<timestamp>2585.686290</timestamp>
			</report>
			<report>
				<misses>8926001</misses>
				<total>42</total>
				<timestamp>2585.975991</timestamp>
			</report>
			<report>
				<misses>8927001</misses>
				<total>42</total>
				<timestamp>2586.265801</timestamp>
			</report>
			<report>
				<misses>8928001</misses>
				<total>42</total>
				<timestamp>2586.555502</timestamp>
			</report>
			<report>
				<misses>8929001</misses>
				<total>42</total>
				<timestamp>2586.845139</timestamp>
			</report>
			<report>
				<misses>8930001</misses>
				<total>42</total>
				<timestamp>2587.134975</timestamp>
			</report>
			<report>
				<misses>8931001</misses>
				<total>42</total>
				<timestamp>2587.424664</timestamp>
			</report>
			<report>
				<misses>8932001</misses>
				<total>42</total>
				<timestamp>2587.714357</timestamp>
			</report>
			<report>
				<misses>8933001</misses>
				<total>42</total>
				<timestamp>2588.004019</timestamp>
			</report>
			<report>
				<misses>8934001</misses>
				<total>42</total>
				<timestamp>2588.293788</timestamp>
			</report>
			<report>
				<misses>8935001</misses>
				<total>42</total>
				<timestamp>2588.583429</timestamp>
			</report>
			<report>
				<misses>8936001</misses>
				<total>42</total>
				<timestamp>2588.873174</timestamp>
			</report>
			<report>
				<misses>8937001</misses>
				<total>42</total>
				<timestamp>2589.162844</timestamp>
			</report>
			<report>
				<misses>8938001</misses>
				<total>42</total>
				<timestamp>2589.452514</timestamp>
			</report>
			<report>
				<misses>8939001</misses>
				<total>42</total>
				<timestamp>2589.742225</timestamp>
			</report>
			<report>
				<misses>8940001</misses>
				<total>42</total>
				<timestamp>2590.031965</timestamp>
			</report>
			<report>
				<misses>8941001</misses>
				<total>42</total>
				<timestamp>2590.321673</timestamp>
			</report>
			<report>
				<misses>8942001</misses>
				<total>42</total>
				<timestamp>2590.611354</timestamp>
			</report>
			<report>
				<misses>8943001</misses>
				<total>42</total>
				<timestamp>2590.901073</timestamp>
			</report>
			<report>
				<misses>8944001</misses>
				<total>42</total>
				<timestamp>2591.190815</timestamp>
			</report>
			<report>
				<misses>8945001</misses>
				<total>42</total>
				<timestamp>2591.480521</timestamp>
			</report>
			<report>
				<misses>8946001</misses>
				<total>42</total>
				<timestamp>2591.770198</timestamp>
			</report>
			<report>
				<misses>8947001</misses>
				<total>42</total>
				<timestamp>2592.059926</timestamp>
			</report>
			<report>
				<misses>8948001</misses>
				<total>42</total>
				<timestamp>2592.349663</timestamp>
			</report>
			<report>
				<misses>8949001</misses>
				<total>42</total>
				<timestamp>2592.639348</timestamp>
			</report>
			<report>
				<misses>8950001</misses>
				<total>42</total>
				<timestamp>2592.929020</timestamp>
			</report>
			<report>
				<misses>8951001</misses>
				<total>42</total>
				<timestamp>2593.218770</timestamp>
			</report>
			<report>
				<misses>8952001</misses>
				<total>42</total>
				<timestamp>2593.508487</timestamp>
			</report>
			<report>
				<misses>8953001</misses>
				<total>42</total>
				<timestamp>2593.798175</timestamp>
			</report>
			<report>
				<misses>8954001</misses>
				<total>42</total>
				<timestamp>2594.087885</timestamp>
			</report>
			<report>
				<misses>8955001</misses>
				<total>42</total>
				<timestamp>2594.377675</timestamp>
			</report>
			<report>
				<misses>8956001</misses>
				<total>42</total>
				<timestamp>2594.667302</timestamp>
			</report>
			<report>
				<misses>8957001</misses>
				<total>42</total>
				<timestamp>2594.957013</timestamp>
			</report>
			<report>
				<misses>8958001</misses>
				<total>42</total>
				<timestamp>2595.246772</timestamp>
			</report>
			<report>
				<misses>8959001</misses>
				<total>42</total>
				<timestamp>2595.536415</timestamp>
			</report>
			<report>
				<misses>8960001</misses>
				<total>42</total>
				<timestamp>2595.826125</timestamp>
			</report>
			<report>
				<misses>8961001</misses>
				<total>42</total>
				<timestamp>2596.115841</timestamp>
			</report>
			<report>
				<misses>8962001</misses>
				<total>42</total>
				<timestamp>2596.405581</timestamp>
			</report>
			<report>
				<misses>8963001</misses>
				<total>42</total>
				<timestamp>2596.695318</timestamp>
			</report>
			<report>
				<misses>8964001</misses>
				<total>42</total>
				<timestamp>2596.984962</timestamp>
			</report>
			<report>
				<misses>8965001</misses>
				<total>42</total>
				<timestamp>2597.274745</timestamp>
			</report>
			<report>
				<misses>8966001</misses>
				<total>42</total>
				<timestamp>2597.564435</timestamp>
			</report>
			<report>
				<misses>8967001</misses>
				<total>42</total>
				<timestamp>2597.854217</timestamp>
			</report>
			<report>
				<misses>8968001</misses>
				<total>42</total>
				<timestamp>2598.143859</timestamp>
			</report>
			<report>
				<misses>8969001</misses>
				<total>42</total>
				<timestamp>2598.433604</timestamp>
			</report>
			<report>
				<misses>8970001</misses>
				<total>42</total>
				<timestamp>2598.723324</timestamp>
			</report>
			<report>
				<misses>8971001</misses>
				<total>42</total>
				<timestamp>2599.012942</timestamp>
			</report>
			<report>
				<misses>8972001</misses>
				<total>42</total>
				<timestamp>2599.302815</timestamp>
			</report>
			<report>
				<misses>8973001</misses>
				<total>42</total>
				<timestamp>2599.592378</timestamp>
			</report>
			<report>
				<misses>8974001</misses>
				<total>42</total>
				<timestamp>2599.882187</timestamp>
			</report>
			<report>
				<misses>8975001</misses>
				<total>42</total>
				<timestamp>2600.171855</timestamp>
			</report>
			<report>
				<misses>8976001</misses>
				<total>42</total>
				<timestamp>2600.461570</timestamp>
			</report>
			<report>
				<misses>8977001</misses>
				<total>42</total>
				<timestamp>2600.751264</timestamp>
			</report>
			<report>
				<misses>8978001</misses>
				<total>42</total>
				<timestamp>2601.041038</timestamp>
			</report>
			<report>
				<misses>8979001</misses>
				<total>42</total>
				<timestamp>2601.330732</timestamp>
			</report>
			<report>
				<misses>8980001</misses>
				<total>42</total>
				<timestamp>2601.620438</timestamp>
			</report>
			<report>
				<misses>8981001</misses>
				<total>42</total>
				<timestamp>2601.910191</timestamp>
			</report>
			<report>
				<misses>8982001</misses>
				<total>42</total>
				<timestamp>2602.199889</timestamp>
			</report>
			<report>
				<misses>8983001</misses>
				<total>42</total>
				<timestamp>2602.489493</timestamp>
			</report>
			<report>
				<misses>8984001</misses>
				<total>42</total>
				<timestamp>2602.779192</timestamp>
			</report>
			<report>
				<misses>8985001</misses>
				<total>42</total>
				<timestamp>2603.069016</timestamp>
			</report>
			<report>
				<misses>8986001</misses>
				<total>42</total>
				<timestamp>2603.358774</timestamp>
			</report>
			<report>
				<misses>8987001</misses>
				<total>42</total>
				<timestamp>2603.648385</timestamp>
			</report>
			<report>
				<misses>8988001</misses>
				<total>42</total>
				<timestamp>2603.938117</timestamp>
			</report>
			<report>
				<misses>8989001</misses>
				<total>42</total>
				<timestamp>2604.227850</timestamp>
			</report>
			<report>
				<misses>8990001</misses>
				<total>42</total>
				<timestamp>2604.517445</timestamp>
			</report>
			<report>
				<misses>8991001</misses>
				<total>42</total>
				<timestamp>2604.807166</timestamp>
			</report>
			<report>
				<misses>8992001</misses>
				<total>42</total>
				<timestamp>2605.096964</timestamp>
			</report>
			<report>
				<misses>8993001</misses>
				<total>42</total>
				<timestamp>2605.386637</timestamp>
			</report>
			<report>
				<misses>8994001</misses>
				<total>42</total>
				<timestamp>2605.676381</timestamp>
			</report>
			<report>
				<misses>8995001</misses>
				<total>42</total>
				<timestamp>2605.965990</timestamp>
			</report>
			<report>
				<misses>8996001</misses>
				<total>42</total>
				<timestamp>2606.255838</timestamp>
			</report>
			<report>
				<misses>8997001</misses>
				<total>42</total>
				<timestamp>2606.545523</timestamp>
			</report>
			<report>
				<misses>8998001</misses>
				<total>42</total>
				<timestamp>2606.835236</timestamp>
			</report>
			<report>
				<misses>8999001</misses>
				<total>42</total>
				<timestamp>2607.124858</timestamp>
			</report>
			<report>
				<misses>9000001</misses>
				<total>42</total>
				<timestamp>2607.414574</timestamp>
			</report>
			<report>
				<misses>9001001</misses>
				<total>43</total>
				<timestamp>2607.704367</timestamp>
			</report>
			<report>
				<misses>9002001</misses>
				<total>43</total>
				<timestamp>2607.994000</timestamp>
			</report>
			<report>
				<misses>9003001</misses>
				<total>43</total>
				<timestamp>2608.283825</timestamp>
			</report>
			<report>
				<misses>9004001</misses>
				<total>43</total>
				<timestamp>2608.573426</timestamp>
			</report>
			<report>
				<misses>9005001</misses>
				<total>43</total>
				<timestamp>2608.863114</timestamp>
			</report>
			<report>
				<misses>9006001</misses>
				<total>43</total>
				<timestamp>2609.152871</timestamp>
			</report>
			<report>
				<misses>9007001</misses>
				<total>43</total>
				<timestamp>2609.442662</timestamp>
			</report>
			<report>
				<misses>9008001</misses>
				<total>43</total>
				<timestamp>2609.732260</timestamp>
			</report>
			<report>
				<misses>9009001</misses>
				<total>43</total>
				<timestamp>2610.022042</timestamp>
			</report>
			<report>
				<misses>9010001</misses>
				<total>43</total>
				<timestamp>2610.311808</timestamp>
			</report>
			<report>
				<misses>9011001</misses>
				<total>43</total>
				<timestamp>2610.601375</timestamp>
			</report>
			<report>
				<misses>9012001</misses>
				<total>43</total>
				<timestamp>2610.891106</timestamp>
			</report>
			<report>
				<misses>9013001</misses>
				<total>43</total>
				<timestamp>2611.180760</timestamp>
			</report>
			<report>
				<misses>9014001</misses>
				<total>43</total>
				<timestamp>2611.470495</timestamp>
			</report>
			<report>
				<misses>9015001</misses>
				<total>43</total>
				<timestamp>2611.760186</timestamp>
			</report>
			<report>
				<misses>9016001</misses>
				<total>43</total>
				<timestamp>2612.049904</timestamp>
			</report>
			<report>
				<misses>9017001</misses>
				<total>43</total>
				<timestamp>2612.339621</timestamp>
			</report>
			<report>
				<misses>9018001</misses>
				<total>43</total>
				<timestamp>2612.629313</timestamp>
			</report>
			<report>
				<misses>9019001</misses>
				<total>43</total>
				<timestamp>2612.919024</timestamp>
			</report>
			<report>
				<misses>9020001</misses>
				<total>43</total>
				<timestamp>2613.208763</timestamp>
			</report>
			<report>
				<misses>9021001</misses>
				<total>43</total>
				<timestamp>2613.498488</timestamp>
			</report>
			<report>
				<misses>9022001</misses>
				<total>43</total>
				<timestamp>2613.788170</timestamp>
			</report>
			<report>
				<misses>9023001</misses>
				<total>43</total>
				<timestamp>2614.077870</timestamp>
			</report>
			<report>
				<misses>9024001</misses>
				<total>44</total>
				<timestamp>2614.367600</timestamp>
			</report>
			<report>
				<misses>9025001</misses>
				<total>44</total>
				<timestamp>2614.657307</timestamp>
			</report>
			<report>
				<misses>9026001</misses>
				<total>44</total>
				<timestamp>2614.947012</timestamp>
			</report>
			<report>
				<misses>9027001</misses>
				<total>44</total>
				<timestamp>2615.236776</timestamp>
			</report>
			<report>
				<misses>9028001</misses>
				<total>44</total>
				<timestamp>2615.526475</timestamp>
			</report>
			<report>
				<misses>9029001</misses>
				<total>44</total>
				<timestamp>2615.816218</timestamp>
			</report>
			<report>
				<misses>9030001</misses>
				<total>44</total>
				<timestamp>2616.105938</timestamp>
			</report>
			<report>
				<misses>9031001</misses>
				<total>44</total>
				<timestamp>2616.395589</timestamp>
			</report>
			<report>
				<misses>9032001</misses>
				<total>44</total>
				<timestamp>2616.685349</timestamp>
			</report>
			<report>
				<misses>9033001</misses>
				<total>44</total>
				<timestamp>2616.975111</timestamp>
			</report>
			<report>
				<misses>9034001</misses>
				<total>44</total>
				<timestamp>2617.264696</timestamp>
			</report>
			<report>
				<misses>9035001</misses>
				<total>44</total>
				<timestamp>2617.554633</timestamp>
			</report>
			<report>
				<misses>9036001</misses>
				<total>44</total>
				<timestamp>2617.844103</timestamp>
			</report>
			<report>
				<misses>9037001</misses>
				<total>44</total>
				<timestamp>2618.133809</timestamp>
			</report>
			<report>
				<misses>9038001</misses>
				<total>44</total>
				<timestamp>2618.423534</timestamp>
			</report>
			<report>
				<misses>9039001</misses>
				<total>44</total>
				<timestamp>2618.713251</timestamp>
			</report>
			<report>
				<misses>9040001</misses>
				<total>44</total>
				<timestamp>2619.002928</timestamp>
			</report>
			<report>
				<misses>9041001</misses>
				<total>44</total>
				<timestamp>2619.292666</timestamp>
			</report>
			<report>
				<misses>9042001</misses>
				<total>44</total>
				<timestamp>2619.582463</timestamp>
			</report>
			<report>
				<misses>9043001</misses>
				<total>44</total>
				<timestamp>2619.872204</timestamp>
			</report>
			<report>
				<misses>9044001</misses>
				<total>44</total>
				<timestamp>2620.161801</timestamp>
			</report>
			<report>
				<misses>9045001</misses>
				<total>44</total>
				<timestamp>2620.451573</timestamp>
			</report>
			<report>
				<misses>9046001</misses>
				<total>44</total>
				<timestamp>2620.741232</timestamp>
			</report>
			<report>
				<misses>9047001</misses>
				<total>44</total>
				<timestamp>2621.030911</timestamp>
			</report>
			<report>
				<misses>9048001</misses>
				<total>44</total>
				<timestamp>2621.320641</timestamp>
			</report>
			<report>
				<misses>9049001</misses>
				<total>44</total>
				<timestamp>2621.610460</timestamp>
			</report>
			<report>
				<misses>9050001</misses>
				<total>44</total>
				<timestamp>2621.900127</timestamp>
			</report>
			<report>
				<misses>9051001</misses>
				<total>44</total>
				<timestamp>2622.189759</timestamp>
			</report>
			<report>
				<misses>9052001</misses>
				<total>44</total>
				<timestamp>2622.479513</timestamp>
			</report>
			<report>
				<misses>9053001</misses>
				<total>44</total>
				<timestamp>2622.769334</timestamp>
			</report>
			<report>
				<misses>9054001</misses>
				<total>44</total>
				<timestamp>2623.058918</timestamp>
			</report>
			<report>
				<misses>9055001</misses>
				<total>44</total>
				<timestamp>2623.348703</timestamp>
			</report>
			<report>
				<misses>9056001</misses>
				<total>44</total>
				<timestamp>2623.638333</timestamp>
			</report>
			<report>
				<misses>9057001</misses>
				<total>44</total>
				<timestamp>2623.928006</timestamp>
			</report>
			<report>
				<misses>9058001</misses>
				<total>44</total>
				<timestamp>2624.217709</timestamp>
			</report>
			<report>
				<misses>9059001</misses>
				<total>44</total>
				<timestamp>2624.507466</timestamp>
			</report>
			<report>
				<misses>9060001</misses>
				<total>44</total>
				<timestamp>2624.797176</timestamp>
			</report>
			<report>
				<misses>9061001</misses>
				<total>44</total>
				<timestamp>2625.086883</timestamp>
			</report>
			<report>
				<misses>9062001</misses>
				<total>44</total>
				<timestamp>2625.376605</timestamp>
			</report>
			<report>
				<misses>9063001</misses>
				<total>44</total>
				<timestamp>2625.666377</timestamp>
			</report>
			<report>
				<misses>9064001</misses>
				<total>44</total>
				<timestamp>2625.955977</timestamp>
			</report>
			<report>
				<misses>9065001</misses>
				<total>44</total>
				<timestamp>2626.245685</timestamp>
			</report>
			<report>
				<misses>9066001</misses>
				<total>44</total>
				<timestamp>2626.535468</timestamp>
			</report>
			<report>
				<misses>9067001</misses>
				<total>44</total>
				<timestamp>2626.825266</timestamp>
			</report>
			<report>
				<misses>9068001</misses>
				<total>44</total>
				<timestamp>2627.114810</timestamp>
			</report>
			<report>
				<misses>9069001</misses>
				<total>44</total>
				<timestamp>2627.404586</timestamp>
			</report>
			<report>
				<misses>9070001</misses>
				<total>44</total>
				<timestamp>2627.694232</timestamp>
			</report>
			<report>
				<misses>9071001</misses>
				<total>44</total>
				<timestamp>2627.983935</timestamp>
			</report>
			<report>
				<misses>9072001</misses>
				<total>44</total>
				<timestamp>2628.273663</timestamp>
			</report>
			<report>
				<misses>9073001</misses>
				<total>44</total>
				<timestamp>2628.563390</timestamp>
			</report>
			<report>
				<misses>9074001</misses>
				<total>44</total>
				<timestamp>2628.853087</timestamp>
			</report>
			<report>
				<misses>9075001</misses>
				<total>44</total>
				<timestamp>2629.142782</timestamp>
			</report>
			<report>
				<misses>9076001</misses>
				<total>44</total>
				<timestamp>2629.432507</timestamp>
			</report>
			<report>
				<misses>9077001</misses>
				<total>44</total>
				<timestamp>2629.722211</timestamp>
			</report>
			<report>
				<misses>9078001</misses>
				<total>44</total>
				<timestamp>2630.011944</timestamp>
			</report>
			<report>
				<misses>9079001</misses>
				<total>44</total>
				<timestamp>2630.301657</timestamp>
			</report>
			<report>
				<misses>9080001</misses>
				<total>44</total>
				<timestamp>2630.591368</timestamp>
			</report>
			<report>
				<misses>9081001</misses>
				<total>44</total>
				<timestamp>2630.881046</timestamp>
			</report>
			<report>
				<misses>9082001</misses>
				<total>44</total>
				<timestamp>2631.170759</timestamp>
			</report>
			<report>
				<misses>9083001</misses>
				<total>44</total>
				<timestamp>2631.460469</timestamp>
			</report>
			<report>
				<misses>9084001</misses>
				<total>44</total>
				<timestamp>2631.750170</timestamp>
			</report>
			<report>
				<misses>9085001</misses>
				<total>44</total>
				<timestamp>2632.039881</timestamp>
			</report>
			<report>
				<misses>9086001</misses>
				<total>44</total>
				<timestamp>2632.329631</timestamp>
			</report>
			<report>
				<misses>9087001</misses>
				<total>44</total>
				<timestamp>2632.619327</timestamp>
			</report>
			<report>
				<misses>9088001</misses>
				<total>44</total>
				<timestamp>2632.909010</timestamp>
			</report>
			<report>
				<misses>9089001</misses>
				<total>44</total>
				<timestamp>2633.198711</timestamp>
			</report>
			<report>
				<misses>9090001</misses>
				<total>44</total>
				<timestamp>2633.488451</timestamp>
			</report>
			<report>
				<misses>9091001</misses>
				<total>44</total>
				<timestamp>2633.778138</timestamp>
			</report>
			<report>
				<misses>9092001</misses>
				<total>44</total>
				<timestamp>2634.067851</timestamp>
			</report>
			<report>
				<misses>9093001</misses>
				<total>44</total>
				<timestamp>2634.357593</timestamp>
			</report>
			<report>
				<misses>9094001</misses>
				<total>44</total>
				<timestamp>2634.647282</timestamp>
			</report>
			<report>
				<misses>9095001</misses>
				<total>44</total>
				<timestamp>2634.936987</timestamp>
			</report>
			<report>
				<misses>9096001</misses>
				<total>44</total>
				<timestamp>2635.226704</timestamp>
			</report>
			<report>
				<misses>9097001</misses>
				<total>44</total>
				<timestamp>2635.516417</timestamp>
			</report>
			<report>
				<misses>9098001</misses>
				<total>44</total>
				<timestamp>2635.806119</timestamp>
			</report>
			<report>
				<misses>9099001</misses>
				<total>44</total>
				<timestamp>2636.095836</timestamp>
			</report>
			<report>
				<misses>9100001</misses>
				<total>44</total>
				<timestamp>2636.385577</timestamp>
			</report>
			<report>
				<misses>9101001</misses>
				<total>44</total>
				<timestamp>2636.675273</timestamp>
			</report>
			<report>
				<misses>9102001</misses>
				<total>44</total>
				<timestamp>2636.964995</timestamp>
			</report>
			<report>
				<misses>9103001</misses>
				<total>44</total>
				<timestamp>2637.254750</timestamp>
			</report>
			<report>
				<misses>9104001</misses>
				<total>44</total>
				<timestamp>2637.544472</timestamp>
			</report>
			<report>
				<misses>9105001</misses>
				<total>44</total>
				<timestamp>2637.834126</timestamp>
			</report>
			<report>
				<misses>9106001</misses>
				<total>44</total>
				<timestamp>2638.123901</timestamp>
			</report>
			<report>
				<misses>9107001</misses>
				<total>44</total>
				<timestamp>2638.413565</timestamp>
			</report>
			<report>
				<misses>9108001</misses>
				<total>44</total>
				<timestamp>2638.703314</timestamp>
			</report>
			<report>
				<misses>9109001</misses>
				<total>44</total>
				<timestamp>2638.992928</timestamp>
			</report>
			<report>
				<misses>9110001</misses>
				<total>44</total>
				<timestamp>2639.282673</timestamp>
			</report>
			<report>
				<misses>9111001</misses>
				<total>44</total>
				<timestamp>2639.572358</timestamp>
			</report>
			<report>
				<misses>9112001</misses>
				<total>44</total>
				<timestamp>2639.862105</timestamp>
			</report>
			<report>
				<misses>9113001</misses>
				<total>44</total>
				<timestamp>2640.151766</timestamp>
			</report>
			<report>
				<misses>9114001</misses>
				<total>44</total>
				<timestamp>2640.441526</timestamp>
			</report>
			<report>
				<misses>9115001</misses>
				<total>44</total>
				<timestamp>2640.731295</timestamp>
			</report>
			<report>
				<misses>9116001</misses>
				<total>44</total>
				<timestamp>2641.020908</timestamp>
			</report>
			<report>
				<misses>9117001</misses>
				<total>44</total>
				<timestamp>2641.310675</timestamp>
			</report>
			<report>
				<misses>9118001</misses>
				<total>44</total>
				<timestamp>2641.600325</timestamp>
			</report>
			<report>
				<misses>9119001</misses>
				<total>44</total>
				<timestamp>2641.890026</timestamp>
			</report>
			<report>
				<misses>9120001</misses>
				<total>44</total>
				<timestamp>2642.179733</timestamp>
			</report>
			<report>
				<misses>9121001</misses>
				<total>44</total>
				<timestamp>2642.469450</timestamp>
			</report>
			<report>
				<misses>9122001</misses>
				<total>44</total>
				<timestamp>2642.759173</timestamp>
			</report>
			<report>
				<misses>9123001</misses>
				<total>44</total>
				<timestamp>2643.048860</timestamp>
			</report>
			<report>
				<misses>9124001</misses>
				<total>44</total>
				<timestamp>2643.338577</timestamp>
			</report>
			<report>
				<misses>9125001</misses>
				<total>44</total>
				<timestamp>2643.628314</timestamp>
			</report>
			<report>
				<misses>9126001</misses>
				<total>44</total>
				<timestamp>2643.918031</timestamp>
			</report>
			<report>
				<misses>9127001</misses>
				<total>44</total>
				<timestamp>2644.207713</timestamp>
			</report>
			<report>
				<misses>9128001</misses>
				<total>44</total>
				<timestamp>2644.497403</timestamp>
			</report>
			<report>
				<misses>9129001</misses>
				<total>44</total>
				<timestamp>2644.787154</timestamp>
			</report>
			<report>
				<misses>9130001</misses>
				<total>44</total>
				<timestamp>2645.076831</timestamp>
			</report>
			<report>
				<misses>9131001</misses>
				<total>44</total>
				<timestamp>2645.366544</timestamp>
			</report>
			<report>
				<misses>9132001</misses>
				<total>44</total>
				<timestamp>2645.656279</timestamp>
			</report>
			<report>
				<misses>9133001</misses>
				<total>44</total>
				<timestamp>2645.945967</timestamp>
			</report>
			<report>
				<misses>9134001</misses>
				<total>44</total>
				<timestamp>2646.235667</timestamp>
			</report>
			<report>
				<misses>9135001</misses>
				<total>44</total>
				<timestamp>2646.525481</timestamp>
			</report>
			<report>
				<misses>9136001</misses>
				<total>44</total>
				<timestamp>2646.815095</timestamp>
			</report>
			<report>
				<misses>9137001</misses>
				<total>44</total>
				<timestamp>2647.104835</timestamp>
			</report>
			<report>
				<misses>9138001</misses>
				<total>44</total>
				<timestamp>2647.394543</timestamp>
			</report>
			<report>
				<misses>9139001</misses>
				<total>44</total>
				<timestamp>2647.684245</timestamp>
			</report>
			<report>
				<misses>9140001</misses>
				<total>44</total>
				<timestamp>2647.973927</timestamp>
			</report>
			<report>
				<misses>9141001</misses>
				<total>44</total>
				<timestamp>2648.263656</timestamp>
			</report>
			<report>
				<misses>9142001</misses>
				<total>44</total>
				<timestamp>2648.553444</timestamp>
			</report>
			<report>
				<misses>9143001</misses>
				<total>44</total>
				<timestamp>2648.843052</timestamp>
			</report>
			<report>
				<misses>9144001</misses>
				<total>44</total>
				<timestamp>2649.132778</timestamp>
			</report>
			<report>
				<misses>9145001</misses>
				<total>44</total>
				<timestamp>2649.422485</timestamp>
			</report>
			<report>
				<misses>9146001</misses>
				<total>44</total>
				<timestamp>2649.712203</timestamp>
			</report>
			<report>
				<misses>9147001</misses>
				<total>44</total>
				<timestamp>2650.001927</timestamp>
			</report>
			<report>
				<misses>9148001</misses>
				<total>44</total>
				<timestamp>2650.291708</timestamp>
			</report>
			<report>
				<misses>9149001</misses>
				<total>44</total>
				<timestamp>2650.581339</timestamp>
			</report>
			<report>
				<misses>9150001</misses>
				<total>44</total>
				<timestamp>2650.871213</timestamp>
			</report>
			<report>
				<misses>9151001</misses>
				<total>44</total>
				<timestamp>2651.160805</timestamp>
			</report>
			<report>
				<misses>9152001</misses>
				<total>44</total>
				<timestamp>2651.450485</timestamp>
			</report>
			<report>
				<misses>9153001</misses>
				<total>44</total>
				<timestamp>2651.740174</timestamp>
			</report>
			<report>
				<misses>9154001</misses>
				<total>44</total>
				<timestamp>2652.029879</timestamp>
			</report>
			<report>
				<misses>9155001</misses>
				<total>44</total>
				<timestamp>2652.319610</timestamp>
			</report>
			<report>
				<misses>9156001</misses>
				<total>44</total>
				<timestamp>2652.609312</timestamp>
			</report>
			<report>
				<misses>9157001</misses>
				<total>44</total>
				<timestamp>2652.899065</timestamp>
			</report>
			<report>
				<misses>9158001</misses>
				<total>44</total>
				<timestamp>2653.188718</timestamp>
			</report>
			<report>
				<misses>9159001</misses>
				<total>44</total>
				<timestamp>2653.478432</timestamp>
			</report>
			<report>
				<misses>9160001</misses>
				<total>44</total>
				<timestamp>2653.768154</timestamp>
			</report>
			<report>
				<misses>9161001</misses>
				<total>44</total>
				<timestamp>2654.057883</timestamp>
			</report>
			<report>
				<misses>9162001</misses>
				<total>44</total>
				<timestamp>2654.347649</timestamp>
			</report>
			<report>
				<misses>9163001</misses>
				<total>44</total>
				<timestamp>2654.637302</timestamp>
			</report>
			<report>
				<misses>9164001</misses>
				<total>44</total>
				<timestamp>2654.927098</timestamp>
			</report>
			<report>
				<misses>9165001</misses>
				<total>44</total>
				<timestamp>2655.216727</timestamp>
			</report>
			<report>
				<misses>9166001</misses>
				<total>44</total>
				<timestamp>2655.506407</timestamp>
			</report>
			<report>
				<misses>9167001</misses>
				<total>44</total>
				<timestamp>2655.796156</timestamp>
			</report>
			<report>
				<misses>9168001</misses>
				<total>44</total>
				<timestamp>2656.085855</timestamp>
			</report>
			<report>
				<misses>9169001</misses>
				<total>44</total>
				<timestamp>2656.375530</timestamp>
			</report>
			<report>
				<misses>9170001</misses>
				<total>44</total>
				<timestamp>2656.665291</timestamp>
			</report>
			<report>
				<misses>9171001</misses>
				<total>44</total>
				<timestamp>2656.954968</timestamp>
			</report>
			<report>
				<misses>9172001</misses>
				<total>44</total>
				<timestamp>2657.244657</timestamp>
			</report>
			<report>
				<misses>9173001</misses>
				<total>44</total>
				<timestamp>2657.534425</timestamp>
			</report>
			<report>
				<misses>9174001</misses>
				<total>44</total>
				<timestamp>2657.824081</timestamp>
			</report>
			<report>
				<misses>9175001</misses>
				<total>44</total>
				<timestamp>2658.113795</timestamp>
			</report>
			<report>
				<misses>9176001</misses>
				<total>44</total>
				<timestamp>2658.403516</timestamp>
			</report>
			<report>
				<misses>9177001</misses>
				<total>44</total>
				<timestamp>2658.693244</timestamp>
			</report>
			<report>
				<misses>9178001</misses>
				<total>44</total>
				<timestamp>2658.982921</timestamp>
			</report>
			<report>
				<misses>9179001</misses>
				<total>44</total>
				<timestamp>2659.272638</timestamp>
			</report>
			<report>
				<misses>9180001</misses>
				<total>44</total>
				<timestamp>2659.562405</timestamp>
			</report>
			<report>
				<misses>9181001</misses>
				<total>44</total>
				<timestamp>2659.852067</timestamp>
			</report>
			<report>
				<misses>9182001</misses>
				<total>44</total>
				<timestamp>2660.141776</timestamp>
			</report>
			<report>
				<misses>9183001</misses>
				<total>44</total>
				<timestamp>2660.431470</timestamp>
			</report>
			<report>
				<misses>9184001</misses>
				<total>44</total>
				<timestamp>2660.721214</timestamp>
			</report>
			<report>
				<misses>9185001</misses>
				<total>44</total>
				<timestamp>2661.010894</timestamp>
			</report>
			<report>
				<misses>9186001</misses>
				<total>44</total>
				<timestamp>2661.300601</timestamp>
			</report>
			<report>
				<misses>9187001</misses>
				<total>44</total>
				<timestamp>2661.590334</timestamp>
			</report>
			<report>
				<misses>9188001</misses>
				<total>44</total>
				<timestamp>2661.880021</timestamp>
			</report>
			<report>
				<misses>9189001</misses>
				<total>44</total>
				<timestamp>2662.169730</timestamp>
			</report>
			<report>
				<misses>9190001</misses>
				<total>44</total>
				<timestamp>2662.459440</timestamp>
			</report>
			<report>
				<misses>9191001</misses>
				<total>44</total>
				<timestamp>2662.749142</timestamp>
			</report>
			<report>
				<misses>9192001</misses>
				<total>44</total>
				<timestamp>2663.038860</timestamp>
			</report>
			<report>
				<misses>9193001</misses>
				<total>44</total>
				<timestamp>2663.328568</timestamp>
			</report>
			<report>
				<misses>9194001</misses>
				<total>44</total>
				<timestamp>2663.618284</timestamp>
			</report>
			<report>
				<misses>9195001</misses>
				<total>44</total>
				<timestamp>2663.908012</timestamp>
			</report>
			<report>
				<misses>9196001</misses>
				<total>44</total>
				<timestamp>2664.197679</timestamp>
			</report>
			<report>
				<misses>9197001</misses>
				<total>44</total>
				<timestamp>2664.487392</timestamp>
			</report>
			<report>
				<misses>9198001</misses>
				<total>44</total>
				<timestamp>2664.777189</timestamp>
			</report>
			<report>
				<misses>9199001</misses>
				<total>44</total>
				<timestamp>2665.066820</timestamp>
			</report>
			<report>
				<misses>9200001</misses>
				<total>44</total>
				<timestamp>2665.356562</timestamp>
			</report>
			<report>
				<misses>9201001</misses>
				<total>44</total>
				<timestamp>2665.646266</timestamp>
			</report>
			<report>
				<misses>9202001</misses>
				<total>44</total>
				<timestamp>2665.935973</timestamp>
			</report>
			<report>
				<misses>9203001</misses>
				<total>44</total>
				<timestamp>2666.225657</timestamp>
			</report>
			<report>
				<misses>9204001</misses>
				<total>44</total>
				<timestamp>2666.515366</timestamp>
			</report>
			<report>
				<misses>9205001</misses>
				<total>44</total>
				<timestamp>2666.805082</timestamp>
			</report>
			<report>
				<misses>9206001</misses>
				<total>44</total>
				<timestamp>2667.094799</timestamp>
			</report>
			<report>
				<misses>9207001</misses>
				<total>44</total>
				<timestamp>2667.384497</timestamp>
			</report>
			<report>
				<misses>9208001</misses>
				<total>44</total>
				<timestamp>2667.674236</timestamp>
			</report>
			<report>
				<misses>9209001</misses>
				<total>44</total>
				<timestamp>2667.963932</timestamp>
			</report>
			<report>
				<misses>9210001</misses>
				<total>44</total>
				<timestamp>2668.253653</timestamp>
			</report>
			<report>
				<misses>9211001</misses>
				<total>44</total>
				<timestamp>2668.543398</timestamp>
			</report>
			<report>
				<misses>9212001</misses>
				<total>44</total>
				<timestamp>2668.833104</timestamp>
			</report>
			<report>
				<misses>9213001</misses>
				<total>44</total>
				<timestamp>2669.122789</timestamp>
			</report>
			<report>
				<misses>9214001</misses>
				<total>44</total>
				<timestamp>2669.412483</timestamp>
			</report>
			<report>
				<misses>9215001</misses>
				<total>44</total>
				<timestamp>2669.702212</timestamp>
			</report>
			<report>
				<misses>9216001</misses>
				<total>44</total>
				<timestamp>2669.991901</timestamp>
			</report>
			<report>
				<misses>9217001</misses>
				<total>44</total>
				<timestamp>2670.281646</timestamp>
			</report>
			<report>
				<misses>9218001</misses>
				<total>44</total>
				<timestamp>2670.571351</timestamp>
			</report>
			<report>
				<misses>9219001</misses>
				<total>44</total>
				<timestamp>2670.861032</timestamp>
			</report>
			<report>
				<misses>9220001</misses>
				<total>44</total>
				<timestamp>2671.150731</timestamp>
			</report>
			<report>
				<misses>9221001</misses>
				<total>44</total>
				<timestamp>2671.440438</timestamp>
			</report>
			<report>
				<misses>9222001</misses>
				<total>44</total>
				<timestamp>2671.730176</timestamp>
			</report>
			<report>
				<misses>9223001</misses>
				<total>44</total>
				<timestamp>2672.019857</timestamp>
			</report>
			<report>
				<misses>9224001</misses>
				<total>44</total>
				<timestamp>2672.309587</timestamp>
			</report>
			<report>
				<misses>9225001</misses>
				<total>44</total>
				<timestamp>2672.599301</timestamp>
			</report>
			<report>
				<misses>9226001</misses>
				<total>44</total>
				<timestamp>2672.889028</timestamp>
			</report>
			<report>
				<misses>9227001</misses>
				<total>44</total>
				<timestamp>2673.178706</timestamp>
			</report>
			<report>
				<misses>9228001</misses>
				<total>44</total>
				<timestamp>2673.468408</timestamp>
			</report>
			<report>
				<misses>9229001</misses>
				<total>44</total>
				<timestamp>2673.758163</timestamp>
			</report>
			<report>
				<misses>9230001</misses>
				<total>44</total>
				<timestamp>2674.047824</timestamp>
			</report>
			<report>
				<misses>9231001</misses>
				<total>44</total>
				<timestamp>2674.337544</timestamp>
			</report>
			<report>
				<misses>9232001</misses>
				<total>44</total>
				<timestamp>2674.627267</timestamp>
			</report>
			<report>
				<misses>9233001</misses>
				<total>44</total>
				<timestamp>2674.916982</timestamp>
			</report>
			<report>
				<misses>9234001</misses>
				<total>44</total>
				<timestamp>2675.206736</timestamp>
			</report>
			<report>
				<misses>9235001</misses>
				<total>44</total>
				<timestamp>2675.496440</timestamp>
			</report>
			<report>
				<misses>9236001</misses>
				<total>44</total>
				<timestamp>2675.786214</timestamp>
			</report>
			<report>
				<misses>9237001</misses>
				<total>44</total>
				<timestamp>2676.075876</timestamp>
			</report>
			<report>
				<misses>9238001</misses>
				<total>44</total>
				<timestamp>2676.365683</timestamp>
			</report>
			<report>
				<misses>9239001</misses>
				<total>44</total>
				<timestamp>2676.655283</timestamp>
			</report>
			<report>
				<misses>9240001</misses>
				<total>44</total>
				<timestamp>2676.944950</timestamp>
			</report>
			<report>
				<misses>9241001</misses>
				<total>44</total>
				<timestamp>2677.234786</timestamp>
			</report>
			<report>
				<misses>9242001</misses>
				<total>44</total>
				<timestamp>2677.524466</timestamp>
			</report>
			<report>
				<misses>9243001</misses>
				<total>44</total>
				<timestamp>2677.814209</timestamp>
			</report>
			<report>
				<misses>9244001</misses>
				<total>44</total>
				<timestamp>2678.103816</timestamp>
			</report>
			<report>
				<misses>9245001</misses>
				<total>44</total>
				<timestamp>2678.393503</timestamp>
			</report>
			<report>
				<misses>9246001</misses>
				<total>44</total>
				<timestamp>2678.683282</timestamp>
			</report>
			<report>
				<misses>9247001</misses>
				<total>44</total>
				<timestamp>2678.972933</timestamp>
			</report>
			<report>
				<misses>9248001</misses>
				<total>44</total>
				<timestamp>2679.262633</timestamp>
			</report>
			<report>
				<misses>9249001</misses>
				<total>44</total>
				<timestamp>2679.552338</timestamp>
			</report>
			<report>
				<misses>9250001</misses>
				<total>44</total>
				<timestamp>2679.842063</timestamp>
			</report>
			<report>
				<misses>9251001</misses>
				<total>44</total>
				<timestamp>2680.131753</timestamp>
			</report>
			<report>
				<misses>9252001</misses>
				<total>44</total>
				<timestamp>2680.421538</timestamp>
			</report>
			<report>
				<misses>9253001</misses>
				<total>44</total>
				<timestamp>2680.711196</timestamp>
			</report>
			<report>
				<misses>9254001</misses>
				<total>44</total>
				<timestamp>2681.000958</timestamp>
			</report>
			<report>
				<misses>9255001</misses>
				<total>44</total>
				<timestamp>2681.290659</timestamp>
			</report>
			<report>
				<misses>9256001</misses>
				<total>44</total>
				<timestamp>2681.580398</timestamp>
			</report>
			<report>
				<misses>9257001</misses>
				<total>44</total>
				<timestamp>2681.870096</timestamp>
			</report>
			<report>
				<misses>9258001</misses>
				<total>44</total>
				<timestamp>2682.159751</timestamp>
			</report>
			<report>
				<misses>9259001</misses>
				<total>44</total>
				<timestamp>2682.449486</timestamp>
			</report>
			<report>
				<misses>9260001</misses>
				<total>44</total>
				<timestamp>2682.739237</timestamp>
			</report>
			<report>
				<misses>9261001</misses>
				<total>44</total>
				<timestamp>2683.028908</timestamp>
			</report>
			<report>
				<misses>9262001</misses>
				<total>44</total>
				<timestamp>2683.318657</timestamp>
			</report>
			<report>
				<misses>9263001</misses>
				<total>44</total>
				<timestamp>2683.608358</timestamp>
			</report>
			<report>
				<misses>9264001</misses>
				<total>44</total>
				<timestamp>2683.898113</timestamp>
			</report>
			<report>
				<misses>9265001</misses>
				<total>44</total>
				<timestamp>2684.187835</timestamp>
			</report>
			<report>
				<misses>9266001</misses>
				<total>44</total>
				<timestamp>2684.477381</timestamp>
			</report>
			<report>
				<misses>9267001</misses>
				<total>44</total>
				<timestamp>2684.767105</timestamp>
			</report>
			<report>
				<misses>9268001</misses>
				<total>44</total>
				<timestamp>2685.056801</timestamp>
			</report>
			<report>
				<misses>9269001</misses>
				<total>44</total>
				<timestamp>2685.346519</timestamp>
			</report>
			<report>
				<misses>9270001</misses>
				<total>44</total>
				<timestamp>2685.636242</timestamp>
			</report>
			<report>
				<misses>9271001</misses>
				<total>44</total>
				<timestamp>2685.925979</timestamp>
			</report>
			<report>
				<misses>9272001</misses>
				<total>44</total>
				<timestamp>2686.215646</timestamp>
			</report>
			<report>
				<misses>9273001</misses>
				<total>44</total>
				<timestamp>2686.505372</timestamp>
			</report>
			<report>
				<misses>9274001</misses>
				<total>44</total>
				<timestamp>2686.795081</timestamp>
			</report>
			<report>
				<misses>9275001</misses>
				<total>44</total>
				<timestamp>2687.084778</timestamp>
			</report>
			<report>
				<misses>9276001</misses>
				<total>44</total>
				<timestamp>2687.374492</timestamp>
			</report>
			<report>
				<misses>9277001</misses>
				<total>44</total>
				<timestamp>2687.664212</timestamp>
			</report>
			<report>
				<misses>9278001</misses>
				<total>44</total>
				<timestamp>2687.953932</timestamp>
			</report>
			<report>
				<misses>9279001</misses>
				<total>44</total>
				<timestamp>2688.243638</timestamp>
			</report>
			<report>
				<misses>9280001</misses>
				<total>44</total>
				<timestamp>2688.533364</timestamp>
			</report>
			<report>
				<misses>9281001</misses>
				<total>44</total>
				<timestamp>2688.823118</timestamp>
			</report>
			<report>
				<misses>9282001</misses>
				<total>44</total>
				<timestamp>2689.112884</timestamp>
			</report>
			<report>
				<misses>9283001</misses>
				<total>44</total>
				<timestamp>2689.402512</timestamp>
			</report>
			<report>
				<misses>9284001</misses>
				<total>44</total>
				<timestamp>2689.692230</timestamp>
			</report>
			<report>
				<misses>9285001</misses>
				<total>44</total>
				<timestamp>2689.981985</timestamp>
			</report>
			<report>
				<misses>9286001</misses>
				<total>44</total>
				<timestamp>2690.271683</timestamp>
			</report>
			<report>
				<misses>9287001</misses>
				<total>44</total>
				<timestamp>2690.561324</timestamp>
			</report>
			<report>
				<misses>9288001</misses>
				<total>44</total>
				<timestamp>2690.851074</timestamp>
			</report>
			<report>
				<misses>9289001</misses>
				<total>44</total>
				<timestamp>2691.140850</timestamp>
			</report>
			<report>
				<misses>9290001</misses>
				<total>44</total>
				<timestamp>2691.430487</timestamp>
			</report>
			<report>
				<misses>9291001</misses>
				<total>44</total>
				<timestamp>2691.720308</timestamp>
			</report>
			<report>
				<misses>9292001</misses>
				<total>44</total>
				<timestamp>2692.009996</timestamp>
			</report>
			<report>
				<misses>9293001</misses>
				<total>44</total>
				<timestamp>2692.299730</timestamp>
			</report>
			<report>
				<misses>9294001</misses>
				<total>44</total>
				<timestamp>2692.589347</timestamp>
			</report>
			<report>
				<misses>9295001</misses>
				<total>44</total>
				<timestamp>2692.879095</timestamp>
			</report>
			<report>
				<misses>9296001</misses>
				<total>44</total>
				<timestamp>2693.168709</timestamp>
			</report>
			<report>
				<misses>9297001</misses>
				<total>44</total>
				<timestamp>2693.458474</timestamp>
			</report>
			<report>
				<misses>9298001</misses>
				<total>44</total>
				<timestamp>2693.748170</timestamp>
			</report>
			<report>
				<misses>9299001</misses>
				<total>44</total>
				<timestamp>2694.037944</timestamp>
			</report>
			<report>
				<misses>9300001</misses>
				<total>44</total>
				<timestamp>2694.327677</timestamp>
			</report>
			<report>
				<misses>9301001</misses>
				<total>44</total>
				<timestamp>2694.617293</timestamp>
			</report>
			<report>
				<misses>9302001</misses>
				<total>44</total>
				<timestamp>2694.907053</timestamp>
			</report>
			<report>
				<misses>9303001</misses>
				<total>44</total>
				<timestamp>2695.196767</timestamp>
			</report>
			<report>
				<misses>9304001</misses>
				<total>44</total>
				<timestamp>2695.486380</timestamp>
			</report>
			<report>
				<misses>9305001</misses>
				<total>44</total>
				<timestamp>2695.776137</timestamp>
			</report>
			<report>
				<misses>9306001</misses>
				<total>44</total>
				<timestamp>2696.065856</timestamp>
			</report>
			<report>
				<misses>9307001</misses>
				<total>44</total>
				<timestamp>2696.355590</timestamp>
			</report>
			<report>
				<misses>9308001</misses>
				<total>44</total>
				<timestamp>2696.645338</timestamp>
			</report>
			<report>
				<misses>9309001</misses>
				<total>44</total>
				<timestamp>2696.935016</timestamp>
			</report>
			<report>
				<misses>9310001</misses>
				<total>44</total>
				<timestamp>2697.224721</timestamp>
			</report>
			<report>
				<misses>9311001</misses>
				<total>44</total>
				<timestamp>2697.514417</timestamp>
			</report>
			<report>
				<misses>9312001</misses>
				<total>44</total>
				<timestamp>2697.804145</timestamp>
			</report>
			<report>
				<misses>9313001</misses>
				<total>44</total>
				<timestamp>2698.093880</timestamp>
			</report>
			<report>
				<misses>9314001</misses>
				<total>44</total>
				<timestamp>2698.383494</timestamp>
			</report>
			<report>
				<misses>9315001</misses>
				<total>44</total>
				<timestamp>2698.673173</timestamp>
			</report>
			<report>
				<misses>9316001</misses>
				<total>44</total>
				<timestamp>2698.963033</timestamp>
			</report>
			<report>
				<misses>9317001</misses>
				<total>44</total>
				<timestamp>2699.252639</timestamp>
			</report>
			<report>
				<misses>9318001</misses>
				<total>44</total>
				<timestamp>2699.542321</timestamp>
			</report>
			<report>
				<misses>9319001</misses>
				<total>44</total>
				<timestamp>2699.832036</timestamp>
			</report>
			<report>
				<misses>9320001</misses>
				<total>45</total>
				<timestamp>2700.121780</timestamp>
			</report>
			<report>
				<misses>9321001</misses>
				<total>45</total>
				<timestamp>2700.411468</timestamp>
			</report>
			<report>
				<misses>9322001</misses>
				<total>45</total>
				<timestamp>2700.701149</timestamp>
			</report>
			<report>
				<misses>9323001</misses>
				<total>45</total>
				<timestamp>2700.990893</timestamp>
			</report>
			<report>
				<misses>9324001</misses>
				<total>45</total>
				<timestamp>2701.280587</timestamp>
			</report>
			<report>
				<misses>9325001</misses>
				<total>45</total>
				<timestamp>2701.570307</timestamp>
			</report>
			<report>
				<misses>9326001</misses>
				<total>45</total>
				<timestamp>2701.859995</timestamp>
			</report>
			<report>
				<misses>9327001</misses>
				<total>45</total>
				<timestamp>2702.149710</timestamp>
			</report>
			<report>
				<misses>9328001</misses>
				<total>45</total>
				<timestamp>2702.439422</timestamp>
			</report>
			<report>
				<misses>9329001</misses>
				<total>45</total>
				<timestamp>2702.729128</timestamp>
			</report>
			<report>
				<misses>9330001</misses>
				<total>45</total>
				<timestamp>2703.018819</timestamp>
			</report>
			<report>
				<misses>9331001</misses>
				<total>45</total>
				<timestamp>2703.308546</timestamp>
			</report>
			<report>
				<misses>9332001</misses>
				<total>45</total>
				<timestamp>2703.598254</timestamp>
			</report>
			<report>
				<misses>9333001</misses>
				<total>45</total>
				<timestamp>2703.887978</timestamp>
			</report>
			<report>
				<misses>9334001</misses>
				<total>45</total>
				<timestamp>2704.177671</timestamp>
			</report>
			<report>
				<misses>9335001</misses>
				<total>45</total>
				<timestamp>2704.467386</timestamp>
			</report>
			<report>
				<misses>9336001</misses>
				<total>45</total>
				<timestamp>2704.757117</timestamp>
			</report>
			<report>
				<misses>9337001</misses>
				<total>45</total>
				<timestamp>2705.046831</timestamp>
			</report>
			<report>
				<misses>9338001</misses>
				<total>45</total>
				<timestamp>2705.336534</timestamp>
			</report>
			<report>
				<misses>9339001</misses>
				<total>45</total>
				<timestamp>2705.626225</timestamp>
			</report>
			<report>
				<misses>9340001</misses>
				<total>45</total>
				<timestamp>2705.915961</timestamp>
			</report>
			<report>
				<misses>9341001</misses>
				<total>45</total>
				<timestamp>2706.205649</timestamp>
			</report>
			<report>
				<misses>9342001</misses>
				<total>45</total>
				<timestamp>2706.495364</timestamp>
			</report>
			<report>
				<misses>9343001</misses>
				<total>45</total>
				<timestamp>2706.785140</timestamp>
			</report>
			<report>
				<misses>9344001</misses>
				<total>45</total>
				<timestamp>2707.074798</timestamp>
			</report>
			<report>
				<misses>9345001</misses>
				<total>45</total>
				<timestamp>2707.364480</timestamp>
			</report>
			<report>
				<misses>9346001</misses>
				<total>45</total>
				<timestamp>2707.654195</timestamp>
			</report>
			<report>
				<misses>9347001</misses>
				<total>45</total>
				<timestamp>2707.943918</timestamp>
			</report>
			<report>
				<misses>9348001</misses>
				<total>45</total>
				<timestamp>2708.233628</timestamp>
			</report>
			<report>
				<misses>9349001</misses>
				<total>45</total>
				<timestamp>2708.523357</timestamp>
			</report>
			<report>
				<misses>9350001</misses>
				<total>45</total>
				<timestamp>2708.813071</timestamp>
			</report>
			<report>
				<misses>9351001</misses>
				<total>45</total>
				<timestamp>2709.102755</timestamp>
			</report>
			<report>
				<misses>9352001</misses>
				<total>45</total>
				<timestamp>2709.392448</timestamp>
			</report>
			<report>
				<misses>9353001</misses>
				<total>45</total>
				<timestamp>2709.682149</timestamp>
			</report>
			<report>
				<misses>9354001</misses>
				<total>45</total>
				<timestamp>2709.971931</timestamp>
			</report>
			<report>
				<misses>9355001</misses>
				<total>45</total>
				<timestamp>2710.261633</timestamp>
			</report>
			<report>
				<misses>9356001</misses>
				<total>45</total>
				<timestamp>2710.551281</timestamp>
			</report>
			<report>
				<misses>9357001</misses>
				<total>45</total>
				<timestamp>2710.841053</timestamp>
			</report>
			<report>
				<misses>9358001</misses>
				<total>45</total>
				<timestamp>2711.130713</timestamp>
			</report>
			<report>
				<misses>9359001</misses>
				<total>45</total>
				<timestamp>2711.420410</timestamp>
			</report>
			<report>
				<misses>9360001</misses>
				<total>45</total>
				<timestamp>2711.710122</timestamp>
			</report>
			<report>
				<misses>9361001</misses>
				<total>45</total>
				<timestamp>2711.999859</timestamp>
			</report>
			<report>
				<misses>9362001</misses>
				<total>45</total>
				<timestamp>2712.289543</timestamp>
			</report>
			<report>
				<misses>9363001</misses>
				<total>45</total>
				<timestamp>2712.579302</timestamp>
			</report>
			<report>
				<misses>9364001</misses>
				<total>45</total>
				<timestamp>2712.868973</timestamp>
			</report>
			<report>
				<misses>9365001</misses>
				<total>45</total>
				<timestamp>2713.158669</timestamp>
			</report>
			<report>
				<misses>9366001</misses>
				<total>45</total>
				<timestamp>2713.448388</timestamp>
			</report>
			<report>
				<misses>9367001</misses>
				<total>45</total>
				<timestamp>2713.738097</timestamp>
			</report>
			<report>
				<misses>9368001</misses>
				<total>45</total>
				<timestamp>2714.027867</timestamp>
			</report>
			<report>
				<misses>9369001</misses>
				<total>45</total>
				<timestamp>2714.317540</timestamp>
			</report>
			<report>
				<misses>9370001</misses>
				<total>45</total>
				<timestamp>2714.607261</timestamp>
			</report>
			<report>
				<misses>9371001</misses>
				<total>45</total>
				<timestamp>2714.896964</timestamp>
			</report>
			<report>
				<misses>9372001</misses>
				<total>45</total>
				<timestamp>2715.186644</timestamp>
			</report>
			<report>
				<misses>9373001</misses>
				<total>45</total>
				<timestamp>2715.476367</timestamp>
			</report>
			<report>
				<misses>9374001</misses>
				<total>45</total>
				<timestamp>2715.766091</timestamp>
			</report>
			<report>
				<misses>9375001</misses>
				<total>45</total>
				<timestamp>2716.055944</timestamp>
			</report>
			<report>
				<misses>9376001</misses>
				<total>45</total>
				<timestamp>2716.345505</timestamp>
			</report>
			<report>
				<misses>9377001</misses>
				<total>45</total>
				<timestamp>2716.635263</timestamp>
			</report>
			<report>
				<misses>9378001</misses>
				<total>45</total>
				<timestamp>2716.924998</timestamp>
			</report>
			<report>
				<misses>9379001</misses>
				<total>45</total>
				<timestamp>2717.214763</timestamp>
			</report>
			<report>
				<misses>9380001</misses>
				<total>45</total>
				<timestamp>2717.504420</timestamp>
			</report>
			<report>
				<misses>9381001</misses>
				<total>45</total>
				<timestamp>2717.794108</timestamp>
			</report>
			<report>
				<misses>9382001</misses>
				<total>45</total>
				<timestamp>2718.083815</timestamp>
			</report>
			<report>
				<misses>9383001</misses>
				<total>45</total>
				<timestamp>2718.373556</timestamp>
			</report>
			<report>
				<misses>9384001</misses>
				<total>45</total>
				<timestamp>2718.663250</timestamp>
			</report>
			<report>
				<misses>9385001</misses>
				<total>45</total>
				<timestamp>2718.952886</timestamp>
			</report>
			<report>
				<misses>9386001</misses>
				<total>45</total>
				<timestamp>2719.242619</timestamp>
			</report>
			<report>
				<misses>9387001</misses>
				<total>45</total>
				<timestamp>2719.532304</timestamp>
			</report>
			<report>
				<misses>9388001</misses>
				<total>45</total>
				<timestamp>2719.822017</timestamp>
			</report>
			<report>
				<misses>9389001</misses>
				<total>45</total>
				<timestamp>2720.111759</timestamp>
			</report>
			<report>
				<misses>9390001</misses>
				<total>45</total>
				<timestamp>2720.401419</timestamp>
			</report>
			<report>
				<misses>9391001</misses>
				<total>45</total>
				<timestamp>2720.691126</timestamp>
			</report>
			<report>
				<misses>9392001</misses>
				<total>45</total>
				<timestamp>2720.980849</timestamp>
			</report>
			<report>
				<misses>9393001</misses>
				<total>45</total>
				<timestamp>2721.270564</timestamp>
			</report>
			<report>
				<misses>9394001</misses>
				<total>45</total>
				<timestamp>2721.560360</timestamp>
			</report>
			<report>
				<misses>9395001</misses>
				<total>45</total>
				<timestamp>2721.850022</timestamp>
			</report>
			<report>
				<misses>9396001</misses>
				<total>45</total>
				<timestamp>2722.139888</timestamp>
			</report>
			<report>
				<misses>9397001</misses>
				<total>45</total>
				<timestamp>2722.429545</timestamp>
			</report>
			<report>
				<misses>9398001</misses>
				<total>45</total>
				<timestamp>2722.719182</timestamp>
			</report>
			<report>
				<misses>9399001</misses>
				<total>45</total>
				<timestamp>2723.008927</timestamp>
			</report>
			<report>
				<misses>9400001</misses>
				<total>45</total>
				<timestamp>2723.298584</timestamp>
			</report>
			<report>
				<misses>9401001</misses>
				<total>45</total>
				<timestamp>2723.588296</timestamp>
			</report>
			<report>
				<misses>9402001</misses>
				<total>45</total>
				<timestamp>2723.878094</timestamp>
			</report>
			<report>
				<misses>9403001</misses>
				<total>45</total>
				<timestamp>2724.167681</timestamp>
			</report>
			<report>
				<misses>9404001</misses>
				<total>45</total>
				<timestamp>2724.457384</timestamp>
			</report>
			<report>
				<misses>9405001</misses>
				<total>45</total>
				<timestamp>2724.747157</timestamp>
			</report>
			<report>
				<misses>9406001</misses>
				<total>45</total>
				<timestamp>2725.036836</timestamp>
			</report>
			<report>
				<misses>9407001</misses>
				<total>45</total>
				<timestamp>2725.326556</timestamp>
			</report>
			<report>
				<misses>9408001</misses>
				<total>45</total>
				<timestamp>2725.616292</timestamp>
			</report>
			<report>
				<misses>9409001</misses>
				<total>45</total>
				<timestamp>2725.905984</timestamp>
			</report>
			<report>
				<misses>9410001</misses>
				<total>45</total>
				<timestamp>2726.195675</timestamp>
			</report>
			<report>
				<misses>9411001</misses>
				<total>45</total>
				<timestamp>2726.485371</timestamp>
			</report>
			<report>
				<misses>9412001</misses>
				<total>45</total>
				<timestamp>2726.775076</timestamp>
			</report>
			<report>
				<misses>9413001</misses>
				<total>45</total>
				<timestamp>2727.064879</timestamp>
			</report>
			<report>
				<misses>9414001</misses>
				<total>45</total>
				<timestamp>2727.354570</timestamp>
			</report>
			<report>
				<misses>9415001</misses>
				<total>45</total>
				<timestamp>2727.644214</timestamp>
			</report>
			<report>
				<misses>9416001</misses>
				<total>45</total>
				<timestamp>2727.933997</timestamp>
			</report>
			<report>
				<misses>9417001</misses>
				<total>45</total>
				<timestamp>2728.223689</timestamp>
			</report>
			<report>
				<misses>9418001</misses>
				<total>45</total>
				<timestamp>2728.513351</timestamp>
			</report>
			<report>
				<misses>9419001</misses>
				<total>45</total>
				<timestamp>2728.803012</timestamp>
			</report>
			<report>
				<misses>9420001</misses>
				<total>45</total>
				<timestamp>2729.092755</timestamp>
			</report>
			<report>
				<misses>9421001</misses>
				<total>45</total>
				<timestamp>2729.382444</timestamp>
			</report>
			<report>
				<misses>9422001</misses>
				<total>45</total>
				<timestamp>2729.672194</timestamp>
			</report>
			<report>
				<misses>9423001</misses>
				<total>45</total>
				<timestamp>2729.961899</timestamp>
			</report>
			<report>
				<misses>9424001</misses>
				<total>45</total>
				<timestamp>2730.251612</timestamp>
			</report>
			<report>
				<misses>9425001</misses>
				<total>45</total>
				<timestamp>2730.541322</timestamp>
			</report>
			<report>
				<misses>9426001</misses>
				<total>45</total>
				<timestamp>2730.830991</timestamp>
			</report>
			<report>
				<misses>9427001</misses>
				<total>45</total>
				<timestamp>2731.120769</timestamp>
			</report>
			<report>
				<misses>9428001</misses>
				<total>45</total>
				<timestamp>2731.410431</timestamp>
			</report>
			<report>
				<misses>9429001</misses>
				<total>45</total>
				<timestamp>2731.700162</timestamp>
			</report>
			<report>
				<misses>9430001</misses>
				<total>45</total>
				<timestamp>2731.989895</timestamp>
			</report>
			<report>
				<misses>9431001</misses>
				<total>45</total>
				<timestamp>2732.279532</timestamp>
			</report>
			<report>
				<misses>9432001</misses>
				<total>45</total>
				<timestamp>2732.569297</timestamp>
			</report>
			<report>
				<misses>9433001</misses>
				<total>45</total>
				<timestamp>2732.858959</timestamp>
			</report>
			<report>
				<misses>9434001</misses>
				<total>45</total>
				<timestamp>2733.148689</timestamp>
			</report>
			<report>
				<misses>9435001</misses>
				<total>45</total>
				<timestamp>2733.438374</timestamp>
			</report>
			<report>
				<misses>9436001</misses>
				<total>45</total>
				<timestamp>2733.728115</timestamp>
			</report>
			<report>
				<misses>9437001</misses>
				<total>45</total>
				<timestamp>2734.017826</timestamp>
			</report>
			<report>
				<misses>9438001</misses>
				<total>45</total>
				<timestamp>2734.307527</timestamp>
			</report>
			<report>
				<misses>9439001</misses>
				<total>45</total>
				<timestamp>2734.597224</timestamp>
			</report>
			<report>
				<misses>9440001</misses>
				<total>45</total>
				<timestamp>2734.886933</timestamp>
			</report>
			<report>
				<misses>9441001</misses>
				<total>45</total>
				<timestamp>2735.176661</timestamp>
			</report>
			<report>
				<misses>9442001</misses>
				<total>45</total>
				<timestamp>2735.466354</timestamp>
			</report>
			<report>
				<misses>9443001</misses>
				<total>45</total>
				<timestamp>2735.756053</timestamp>
			</report>
			<report>
				<misses>9444001</misses>
				<total>45</total>
				<timestamp>2736.045767</timestamp>
			</report>
			<report>
				<misses>9445001</misses>
				<total>45</total>
				<timestamp>2736.335501</timestamp>
			</report>
			<report>
				<misses>9446001</misses>
				<total>45</total>
				<timestamp>2736.625219</timestamp>
			</report>
			<report>
				<misses>9447001</misses>
				<total>45</total>
				<timestamp>2736.914921</timestamp>
			</report>
			<report>
				<misses>9448001</misses>
				<total>45</total>
				<timestamp>2737.204678</timestamp>
			</report>
			<report>
				<misses>9449001</misses>
				<total>45</total>
				<timestamp>2737.494326</timestamp>
			</report>
			<report>
				<misses>9450001</misses>
				<total>45</total>
				<timestamp>2737.784030</timestamp>
			</report>
			<report>
				<misses>9451001</misses>
				<total>45</total>
				<timestamp>2738.073780</timestamp>
			</report>
			<report>
				<misses>9452001</misses>
				<total>45</total>
				<timestamp>2738.363450</timestamp>
			</report>
			<report>
				<misses>9453001</misses>
				<total>45</total>
				<timestamp>2738.653150</timestamp>
			</report>
			<report>
				<misses>9454001</misses>
				<total>45</total>
				<timestamp>2738.942886</timestamp>
			</report>
			<report>
				<misses>9455001</misses>
				<total>45</total>
				<timestamp>2739.232639</timestamp>
			</report>
			<report>
				<misses>9456001</misses>
				<total>45</total>
				<timestamp>2739.522290</timestamp>
			</report>
			<report>
				<misses>9457001</misses>
				<total>45</total>
				<timestamp>2739.812057</timestamp>
			</report>
			<report>
				<misses>9458001</misses>
				<total>45</total>
				<timestamp>2740.101776</timestamp>
			</report>
			<report>
				<misses>9459001</misses>
				<total>45</total>
				<timestamp>2740.391419</timestamp>
			</report>
			<report>
				<misses>9460001</misses>
				<total>45</total>
				<timestamp>2740.681131</timestamp>
			</report>
			<report>
				<misses>9461001</misses>
				<total>45</total>
				<timestamp>2740.970877</timestamp>
			</report>
			<report>
				<misses>9462001</misses>
				<total>45</total>
				<timestamp>2741.260555</timestamp>
			</report>
			<report>
				<misses>9463001</misses>
				<total>45</total>
				<timestamp>2741.550282</timestamp>
			</report>
			<report>
				<misses>9464001</misses>
				<total>45</total>
				<timestamp>2741.839988</timestamp>
			</report>
			<report>
				<misses>9465001</misses>
				<total>45</total>
				<timestamp>2742.129849</timestamp>
			</report>
			<report>
				<misses>9466001</misses>
				<total>45</total>
				<timestamp>2742.419534</timestamp>
			</report>
			<report>
				<misses>9467001</misses>
				<total>45</total>
				<timestamp>2742.709113</timestamp>
			</report>
			<report>
				<misses>9468001</misses>
				<total>45</total>
				<timestamp>2742.998852</timestamp>
			</report>
			<report>
				<misses>9469001</misses>
				<total>45</total>
				<timestamp>2743.288521</timestamp>
			</report>
			<report>
				<misses>9470001</misses>
				<total>45</total>
				<timestamp>2743.578223</timestamp>
			</report>
			<report>
				<misses>9471001</misses>
				<total>45</total>
				<timestamp>2743.868069</timestamp>
			</report>
			<report>
				<misses>9472001</misses>
				<total>45</total>
				<timestamp>2744.157723</timestamp>
			</report>
			<report>
				<misses>9473001</misses>
				<total>45</total>
				<timestamp>2744.447382</timestamp>
			</report>
			<report>
				<misses>9474001</misses>
				<total>45</total>
				<timestamp>2744.737101</timestamp>
			</report>
			<report>
				<misses>9475001</misses>
				<total>45</total>
				<timestamp>2745.026868</timestamp>
			</report>
			<report>
				<misses>9476001</misses>
				<total>45</total>
				<timestamp>2745.316565</timestamp>
			</report>
			<report>
				<misses>9477001</misses>
				<total>45</total>
				<timestamp>2745.606203</timestamp>
			</report>
			<report>
				<misses>9478001</misses>
				<total>45</total>
				<timestamp>2745.896020</timestamp>
			</report>
			<report>
				<misses>9479001</misses>
				<total>45</total>
				<timestamp>2746.185659</timestamp>
			</report>
			<report>
				<misses>9480001</misses>
				<total>45</total>
				<timestamp>2746.475341</timestamp>
			</report>
			<report>
				<misses>9481001</misses>
				<total>45</total>
				<timestamp>2746.765044</timestamp>
			</report>
			<report>
				<misses>9482001</misses>
				<total>45</total>
				<timestamp>2747.054755</timestamp>
			</report>
			<report>
				<misses>9483001</misses>
				<total>45</total>
				<timestamp>2747.344496</timestamp>
			</report>
			<report>
				<misses>9484001</misses>
				<total>45</total>
				<timestamp>2747.634194</timestamp>
			</report>
			<report>
				<misses>9485001</misses>
				<total>45</total>
				<timestamp>2747.923931</timestamp>
			</report>
			<report>
				<misses>9486001</misses>
				<total>45</total>
				<timestamp>2748.213662</timestamp>
			</report>
			<report>
				<misses>9487001</misses>
				<total>45</total>
				<timestamp>2748.503303</timestamp>
			</report>
			<report>
				<misses>9488001</misses>
				<total>45</total>
				<timestamp>2748.793014</timestamp>
			</report>
			<report>
				<misses>9489001</misses>
				<total>45</total>
				<timestamp>2749.082734</timestamp>
			</report>
			<report>
				<misses>9490001</misses>
				<total>45</total>
				<timestamp>2749.372446</timestamp>
			</report>
			<report>
				<misses>9491001</misses>
				<total>45</total>
				<timestamp>2749.662143</timestamp>
			</report>
			<report>
				<misses>9492001</misses>
				<total>45</total>
				<timestamp>2749.951841</timestamp>
			</report>
			<report>
				<misses>9493001</misses>
				<total>45</total>
				<timestamp>2750.241633</timestamp>
			</report>
			<report>
				<misses>9494001</misses>
				<total>45</total>
				<timestamp>2750.531281</timestamp>
			</report>
			<report>
				<misses>9495001</misses>
				<total>45</total>
				<timestamp>2750.820985</timestamp>
			</report>
			<report>
				<misses>9496001</misses>
				<total>45</total>
				<timestamp>2751.110707</timestamp>
			</report>
			<report>
				<misses>9497001</misses>
				<total>45</total>
				<timestamp>2751.400446</timestamp>
			</report>
			<report>
				<misses>9498001</misses>
				<total>45</total>
				<timestamp>2751.690217</timestamp>
			</report>
			<report>
				<misses>9499001</misses>
				<total>45</total>
				<timestamp>2751.979842</timestamp>
			</report>
			<report>
				<misses>9500001</misses>
				<total>45</total>
				<timestamp>2752.269541</timestamp>
			</report>
			<report>
				<misses>9501001</misses>
				<total>45</total>
				<timestamp>2752.559341</timestamp>
			</report>
			<report>
				<misses>9502001</misses>
				<total>45</total>
				<timestamp>2752.848975</timestamp>
			</report>
			<report>
				<misses>9503001</misses>
				<total>45</total>
				<timestamp>2753.138742</timestamp>
			</report>
			<report>
				<misses>9504001</misses>
				<total>45</total>
				<timestamp>2753.428393</timestamp>
			</report>
			<report>
				<misses>9505001</misses>
				<total>45</total>
				<timestamp>2753.718077</timestamp>
			</report>
			<report>
				<misses>9506001</misses>
				<total>45</total>
				<timestamp>2754.007808</timestamp>
			</report>
			<report>
				<misses>9507001</misses>
				<total>45</total>
				<timestamp>2754.297573</timestamp>
			</report>
			<report>
				<misses>9508001</misses>
				<total>45</total>
				<timestamp>2754.587224</timestamp>
			</report>
			<report>
				<misses>9509001</misses>
				<total>45</total>
				<timestamp>2754.876930</timestamp>
			</report>
			<report>
				<misses>9510001</misses>
				<total>45</total>
				<timestamp>2755.166801</timestamp>
			</report>
			<report>
				<misses>9511001</misses>
				<total>45</total>
				<timestamp>2755.456447</timestamp>
			</report>
			<report>
				<misses>9512001</misses>
				<total>45</total>
				<timestamp>2755.746145</timestamp>
			</report>
			<report>
				<misses>9513001</misses>
				<total>47</total>
				<timestamp>2756.035826</timestamp>
			</report>
			<report>
				<misses>9514001</misses>
				<total>47</total>
				<timestamp>2756.325478</timestamp>
			</report>
			<report>
				<misses>9515001</misses>
				<total>47</total>
				<timestamp>2756.615187</timestamp>
			</report>
			<report>
				<misses>9516001</misses>
				<total>47</total>
				<timestamp>2756.904902</timestamp>
			</report>
			<report>
				<misses>9517001</misses>
				<total>47</total>
				<timestamp>2757.194701</timestamp>
			</report>
			<report>
				<misses>9518001</misses>
				<total>47</total>
				<timestamp>2757.484309</timestamp>
			</report>
			<report>
				<misses>9519001</misses>
				<total>47</total>
				<timestamp>2757.774041</timestamp>
			</report>
			<report>
				<misses>9520001</misses>
				<total>47</total>
				<timestamp>2758.063804</timestamp>
			</report>
			<report>
				<misses>9521001</misses>
				<total>47</total>
				<timestamp>2758.353449</timestamp>
			</report>
			<report>
				<misses>9522001</misses>
				<total>47</total>
				<timestamp>2758.643180</timestamp>
			</report>
			<report>
				<misses>9523001</misses>
				<total>47</total>
				<timestamp>2758.932864</timestamp>
			</report>
			<report>
				<misses>9524001</misses>
				<total>47</total>
				<timestamp>2759.222672</timestamp>
			</report>
			<report>
				<misses>9525001</misses>
				<total>47</total>
				<timestamp>2759.512413</timestamp>
			</report>
			<report>
				<misses>9526001</misses>
				<total>47</total>
				<timestamp>2759.802135</timestamp>
			</report>
			<report>
				<misses>9527001</misses>
				<total>47</total>
				<timestamp>2760.091754</timestamp>
			</report>
			<report>
				<misses>9528001</misses>
				<total>47</total>
				<timestamp>2760.381488</timestamp>
			</report>
			<report>
				<misses>9529001</misses>
				<total>47</total>
				<timestamp>2760.671160</timestamp>
			</report>
			<report>
				<misses>9530001</misses>
				<total>47</total>
				<timestamp>2760.960942</timestamp>
			</report>
			<report>
				<misses>9531001</misses>
				<total>47</total>
				<timestamp>2761.250662</timestamp>
			</report>
			<report>
				<misses>9532001</misses>
				<total>47</total>
				<timestamp>2761.540329</timestamp>
			</report>
			<report>
				<misses>9533001</misses>
				<total>47</total>
				<timestamp>2761.830090</timestamp>
			</report>
			<report>
				<misses>9534001</misses>
				<total>47</total>
				<timestamp>2762.119741</timestamp>
			</report>
			<report>
				<misses>9535001</misses>
				<total>47</total>
				<timestamp>2762.409418</timestamp>
			</report>
			<report>
				<misses>9536001</misses>
				<total>47</total>
				<timestamp>2762.699209</timestamp>
			</report>
			<report>
				<misses>9537001</misses>
				<total>47</total>
				<timestamp>2762.988870</timestamp>
			</report>
			<report>
				<misses>9538001</misses>
				<total>47</total>
				<timestamp>2763.278624</timestamp>
			</report>
			<report>
				<misses>9539001</misses>
				<total>47</total>
				<timestamp>2763.568294</timestamp>
			</report>
			<report>
				<misses>9540001</misses>
				<total>47</total>
				<timestamp>2763.858022</timestamp>
			</report>
			<report>
				<misses>9541001</misses>
				<total>47</total>
				<timestamp>2764.147784</timestamp>
			</report>
			<report>
				<misses>9542001</misses>
				<total>47</total>
				<timestamp>2764.437391</timestamp>
			</report>
			<report>
				<misses>9543001</misses>
				<total>47</total>
				<timestamp>2764.727104</timestamp>
			</report>
			<report>
				<misses>9544001</misses>
				<total>47</total>
				<timestamp>2765.016838</timestamp>
			</report>
			<report>
				<misses>9545001</misses>
				<total>47</total>
				<timestamp>2765.306668</timestamp>
			</report>
			<report>
				<misses>9546001</misses>
				<total>47</total>
				<timestamp>2765.596275</timestamp>
			</report>
			<report>
				<misses>9547001</misses>
				<total>47</total>
				<timestamp>2765.886005</timestamp>
			</report>
			<report>
				<misses>9548001</misses>
				<total>47</total>
				<timestamp>2766.175770</timestamp>
			</report>
			<report>
				<misses>9549001</misses>
				<total>47</total>
				<timestamp>2766.465373</timestamp>
			</report>
			<report>
				<misses>9550001</misses>
				<total>47</total>
				<timestamp>2766.755068</timestamp>
			</report>
			<report>
				<misses>9551001</misses>
				<total>47</total>
				<timestamp>2767.044885</timestamp>
			</report>
			<report>
				<misses>9552001</misses>
				<total>47</total>
				<timestamp>2767.334568</timestamp>
			</report>
			<report>
				<misses>9553001</misses>
				<total>47</total>
				<timestamp>2767.624217</timestamp>
			</report>
			<report>
				<misses>9554001</misses>
				<total>47</total>
				<timestamp>2767.913931</timestamp>
			</report>
			<report>
				<misses>9555001</misses>
				<total>47</total>
				<timestamp>2768.203713</timestamp>
			</report>
			<report>
				<misses>9556001</misses>
				<total>47</total>
				<timestamp>2768.493363</timestamp>
			</report>
			<report>
				<misses>9557001</misses>
				<total>47</total>
				<timestamp>2768.783015</timestamp>
			</report>
			<report>
				<misses>9558001</misses>
				<total>47</total>
				<timestamp>2769.072809</timestamp>
			</report>
			<report>
				<misses>9559001</misses>
				<total>47</total>
				<timestamp>2769.362435</timestamp>
			</report>
			<report>
				<misses>9560001</misses>
				<total>47</total>
				<timestamp>2769.652190</timestamp>
			</report>
			<report>
				<misses>9561001</misses>
				<total>48</total>
				<timestamp>2769.941849</timestamp>
			</report>
			<report>
				<misses>9562001</misses>
				<total>48</total>
				<timestamp>2770.231632</timestamp>
			</report>
			<report>
				<misses>9563001</misses>
				<total>48</total>
				<timestamp>2770.521269</timestamp>
			</report>
			<report>
				<misses>9564001</misses>
				<total>48</total>
				<timestamp>2770.811078</timestamp>
			</report>
			<report>
				<misses>9565001</misses>
				<total>48</total>
				<timestamp>2771.100705</timestamp>
			</report>
			<report>
				<misses>9566001</misses>
				<total>48</total>
				<timestamp>2771.390430</timestamp>
			</report>
			<report>
				<misses>9567001</misses>
				<total>48</total>
				<timestamp>2771.680174</timestamp>
			</report>
			<report>
				<misses>9568001</misses>
				<total>48</total>
				<timestamp>2771.969871</timestamp>
			</report>
			<report>
				<misses>9569001</misses>
				<total>48</total>
				<timestamp>2772.259565</timestamp>
			</report>
			<report>
				<misses>9570001</misses>
				<total>48</total>
				<timestamp>2772.549316</timestamp>
			</report>
			<report>
				<misses>9571001</misses>
				<total>48</total>
				<timestamp>2772.838939</timestamp>
			</report>
			<report>
				<misses>9572001</misses>
				<total>48</total>
				<timestamp>2773.128670</timestamp>
			</report>
			<report>
				<misses>9573001</misses>
				<total>48</total>
				<timestamp>2773.418369</timestamp>
			</report>
			<report>
				<misses>9574001</misses>
				<total>48</total>
				<timestamp>2773.708072</timestamp>
			</report>
			<report>
				<misses>9575001</misses>
				<total>48</total>
				<timestamp>2773.997772</timestamp>
			</report>
			<report>
				<misses>9576001</misses>
				<total>48</total>
				<timestamp>2774.287549</timestamp>
			</report>
			<report>
				<misses>9577001</misses>
				<total>48</total>
				<timestamp>2774.577210</timestamp>
			</report>
			<report>
				<misses>9578001</misses>
				<total>48</total>
				<timestamp>2774.866922</timestamp>
			</report>
			<report>
				<misses>9579001</misses>
				<total>48</total>
				<timestamp>2775.156650</timestamp>
			</report>
			<report>
				<misses>9580001</misses>
				<total>48</total>
				<timestamp>2775.446336</timestamp>
			</report>
			<report>
				<misses>9581001</misses>
				<total>48</total>
				<timestamp>2775.736046</timestamp>
			</report>
			<report>
				<misses>9582001</misses>
				<total>48</total>
				<timestamp>2776.025851</timestamp>
			</report>
			<report>
				<misses>9583001</misses>
				<total>48</total>
				<timestamp>2776.315595</timestamp>
			</report>
			<report>
				<misses>9584001</misses>
				<total>48</total>
				<timestamp>2776.605227</timestamp>
			</report>
			<report>
				<misses>9585001</misses>
				<total>48</total>
				<timestamp>2776.894877</timestamp>
			</report>
			<report>
				<misses>9586001</misses>
				<total>48</total>
				<timestamp>2777.184655</timestamp>
			</report>
			<report>
				<misses>9587001</misses>
				<total>48</total>
				<timestamp>2777.474325</timestamp>
			</report>
			<report>
				<misses>9588001</misses>
				<total>48</total>
				<timestamp>2777.764140</timestamp>
			</report>
			<report>
				<misses>9589001</misses>
				<total>48</total>
				<timestamp>2778.053861</timestamp>
			</report>
			<report>
				<misses>9590001</misses>
				<total>48</total>
				<timestamp>2778.343505</timestamp>
			</report>
			<report>
				<misses>9591001</misses>
				<total>48</total>
				<timestamp>2778.633213</timestamp>
			</report>
			<report>
				<misses>9592001</misses>
				<total>48</total>
				<timestamp>2778.922883</timestamp>
			</report>
			<report>
				<misses>9593001</misses>
				<total>48</total>
				<timestamp>2779.212642</timestamp>
			</report>
			<report>
				<misses>9594001</misses>
				<total>48</total>
				<timestamp>2779.502377</timestamp>
			</report>
			<report>
				<misses>9595001</misses>
				<total>48</total>
				<timestamp>2779.791997</timestamp>
			</report>
			<report>
				<misses>9596001</misses>
				<total>48</total>
				<timestamp>2780.081753</timestamp>
			</report>
			<report>
				<misses>9597001</misses>
				<total>48</total>
				<timestamp>2780.371446</timestamp>
			</report>
			<report>
				<misses>9598001</misses>
				<total>48</total>
				<timestamp>2780.661177</timestamp>
			</report>
			<report>
				<misses>9599001</misses>
				<total>48</total>
				<timestamp>2780.950940</timestamp>
			</report>
			<report>
				<misses>9600001</misses>
				<total>48</total>
				<timestamp>2781.240551</timestamp>
			</report>
			<report>
				<misses>9601001</misses>
				<total>48</total>
				<timestamp>2781.530291</timestamp>
			</report>
			<report>
				<misses>9602001</misses>
				<total>48</total>
				<timestamp>2781.819954</timestamp>
			</report>
			<report>
				<misses>9603001</misses>
				<total>48</total>
				<timestamp>2782.109698</timestamp>
			</report>
			<report>
				<misses>9604001</misses>
				<total>48</total>
				<timestamp>2782.399377</timestamp>
			</report>
			<report>
				<misses>9605001</misses>
				<total>48</total>
				<timestamp>2782.689094</timestamp>
			</report>
			<report>
				<misses>9606001</misses>
				<total>48</total>
				<timestamp>2782.978820</timestamp>
			</report>
			<report>
				<misses>9607001</misses>
				<total>48</total>
				<timestamp>2783.268534</timestamp>
			</report>
			<report>
				<misses>9608001</misses>
				<total>48</total>
				<timestamp>2783.558328</timestamp>
			</report>
			<report>
				<misses>9609001</misses>
				<total>48</total>
				<timestamp>2783.847926</timestamp>
			</report>
			<report>
				<misses>9610001</misses>
				<total>48</total>
				<timestamp>2784.137642</timestamp>
			</report>
			<report>
				<misses>9611001</misses>
				<total>48</total>
				<timestamp>2784.427348</timestamp>
			</report>
			<report>
				<misses>9612001</misses>
				<total>48</total>
				<timestamp>2784.717069</timestamp>
			</report>
			<report>
				<misses>9613001</misses>
				<total>48</total>
				<timestamp>2785.006773</timestamp>
			</report>
			<report>
				<misses>9614001</misses>
				<total>48</total>
				<timestamp>2785.296518</timestamp>
			</report>
			<report>
				<misses>9615001</misses>
				<total>48</total>
				<timestamp>2785.586179</timestamp>
			</report>
			<report>
				<misses>9616001</misses>
				<total>48</total>
				<timestamp>2785.875888</timestamp>
			</report>
			<report>
				<misses>9617001</misses>
				<total>48</total>
				<timestamp>2786.165670</timestamp>
			</report>
			<report>
				<misses>9618001</misses>
				<total>48</total>
				<timestamp>2786.455311</timestamp>
			</report>
			<report>
				<misses>9619001</misses>
				<total>48</total>
				<timestamp>2786.745056</timestamp>
			</report>
			<report>
				<misses>9620001</misses>
				<total>48</total>
				<timestamp>2787.034729</timestamp>
			</report>
			<report>
				<misses>9621001</misses>
				<total>48</total>
				<timestamp>2787.324464</timestamp>
			</report>
			<report>
				<misses>9622001</misses>
				<total>48</total>
				<timestamp>2787.614143</timestamp>
			</report>
			<report>
				<misses>9623001</misses>
				<total>48</total>
				<timestamp>2787.903872</timestamp>
			</report>
			<report>
				<misses>9624001</misses>
				<total>48</total>
				<timestamp>2788.193593</timestamp>
			</report>
			<report>
				<misses>9625001</misses>
				<total>48</total>
				<timestamp>2788.483292</timestamp>
			</report>
			<report>
				<misses>9626001</misses>
				<total>48</total>
				<timestamp>2788.773005</timestamp>
			</report>
			<report>
				<misses>9627001</misses>
				<total>48</total>
				<timestamp>2789.062765</timestamp>
			</report>
			<report>
				<misses>9628001</misses>
				<total>48</total>
				<timestamp>2789.352565</timestamp>
			</report>
			<report>
				<misses>9629001</misses>
				<total>48</total>
				<timestamp>2789.642205</timestamp>
			</report>
			<report>
				<misses>9630001</misses>
				<total>48</total>
				<timestamp>2789.931979</timestamp>
			</report>
			<report>
				<misses>9631001</misses>
				<total>48</total>
				<timestamp>2790.221644</timestamp>
			</report>
			<report>
				<misses>9632001</misses>
				<total>48</total>
				<timestamp>2790.511285</timestamp>
			</report>
			<report>
				<misses>9633001</misses>
				<total>48</total>
				<timestamp>2790.801070</timestamp>
			</report>
			<report>
				<misses>9634001</misses>
				<total>48</total>
				<timestamp>2791.090791</timestamp>
			</report>
			<report>
				<misses>9635001</misses>
				<total>48</total>
				<timestamp>2791.380544</timestamp>
			</report>
			<report>
				<misses>9636001</misses>
				<total>48</total>
				<timestamp>2791.670164</timestamp>
			</report>
			<report>
				<misses>9637001</misses>
				<total>48</total>
				<timestamp>2791.959825</timestamp>
			</report>
			<report>
				<misses>9638001</misses>
				<total>48</total>
				<timestamp>2792.249557</timestamp>
			</report>
			<report>
				<misses>9639001</misses>
				<total>48</total>
				<timestamp>2792.539250</timestamp>
			</report>
			<report>
				<misses>9640001</misses>
				<total>48</total>
				<timestamp>2792.828963</timestamp>
			</report>
			<report>
				<misses>9641001</misses>
				<total>48</total>
				<timestamp>2793.118695</timestamp>
			</report>
			<report>
				<misses>9642001</misses>
				<total>48</total>
				<timestamp>2793.408496</timestamp>
			</report>
			<report>
				<misses>9643001</misses>
				<total>48</total>
				<timestamp>2793.698074</timestamp>
			</report>
			<report>
				<misses>9644001</misses>
				<total>48</total>
				<timestamp>2793.987776</timestamp>
			</report>
			<report>
				<misses>9645001</misses>
				<total>48</total>
				<timestamp>2794.277573</timestamp>
			</report>
			<report>
				<misses>9646001</misses>
				<total>48</total>
				<timestamp>2794.567201</timestamp>
			</report>
			<report>
				<misses>9647001</misses>
				<total>48</total>
				<timestamp>2794.856924</timestamp>
			</report>
			<report>
				<misses>9648001</misses>
				<total>48</total>
				<timestamp>2795.146647</timestamp>
			</report>
			<report>
				<misses>9649001</misses>
				<total>48</total>
				<timestamp>2795.436327</timestamp>
			</report>
			<report>
				<misses>9650001</misses>
				<total>48</total>
				<timestamp>2795.726095</timestamp>
			</report>
			<report>
				<misses>9651001</misses>
				<total>48</total>
				<timestamp>2796.015761</timestamp>
			</report>
			<report>
				<misses>9652001</misses>
				<total>48</total>
				<timestamp>2796.305502</timestamp>
			</report>
			<report>
				<misses>9653001</misses>
				<total>48</total>
				<timestamp>2796.595256</timestamp>
			</report>
			<report>
				<misses>9654001</misses>
				<total>48</total>
				<timestamp>2796.884881</timestamp>
			</report>
			<report>
				<misses>9655001</misses>
				<total>48</total>
				<timestamp>2797.174600</timestamp>
			</report>
			<report>
				<misses>9656001</misses>
				<total>48</total>
				<timestamp>2797.464360</timestamp>
			</report>
			<report>
				<misses>9657001</misses>
				<total>48</total>
				<timestamp>2797.754025</timestamp>
			</report>
			<report>
				<misses>9658001</misses>
				<total>48</total>
				<timestamp>2798.043728</timestamp>
			</report>
			<report>
				<misses>9659001</misses>
				<total>48</total>
				<timestamp>2798.333432</timestamp>
			</report>
			<report>
				<misses>9660001</misses>
				<total>48</total>
				<timestamp>2798.623236</timestamp>
			</report>
			<report>
				<misses>9661001</misses>
				<total>48</total>
				<timestamp>2798.912850</timestamp>
			</report>
			<report>
				<misses>9662001</misses>
				<total>48</total>
				<timestamp>2799.202667</timestamp>
			</report>
			<report>
				<misses>9663001</misses>
				<total>48</total>
				<timestamp>2799.492297</timestamp>
			</report>
			<report>
				<misses>9664001</misses>
				<total>48</total>
				<timestamp>2799.781973</timestamp>
			</report>
			<report>
				<misses>9665001</misses>
				<total>48</total>
				<timestamp>2800.071706</timestamp>
			</report>
			<report>
				<misses>9666001</misses>
				<total>48</total>
				<timestamp>2800.361426</timestamp>
			</report>
			<report>
				<misses>9667001</misses>
				<total>48</total>
				<timestamp>2800.651116</timestamp>
			</report>
			<report>
				<misses>9668001</misses>
				<total>48</total>
				<timestamp>2800.940857</timestamp>
			</report>
			<report>
				<misses>9669001</misses>
				<total>48</total>
				<timestamp>2801.230669</timestamp>
			</report>
			<report>
				<misses>9670001</misses>
				<total>48</total>
				<timestamp>2801.520380</timestamp>
			</report>
			<report>
				<misses>9671001</misses>
				<total>48</total>
				<timestamp>2801.809942</timestamp>
			</report>
			<report>
				<misses>9672001</misses>
				<total>48</total>
				<timestamp>2802.099714</timestamp>
			</report>
			<report>
				<misses>9673001</misses>
				<total>48</total>
				<timestamp>2802.389379</timestamp>
			</report>
			<report>
				<misses>9674001</misses>
				<total>48</total>
				<timestamp>2802.679199</timestamp>
			</report>
			<report>
				<misses>9675001</misses>
				<total>48</total>
				<timestamp>2802.968786</timestamp>
			</report>
			<report>
				<misses>9676001</misses>
				<total>48</total>
				<timestamp>2803.258568</timestamp>
			</report>
			<report>
				<misses>9677001</misses>
				<total>48</total>
				<timestamp>2803.548222</timestamp>
			</report>
			<report>
				<misses>9678001</misses>
				<total>48</total>
				<timestamp>2803.838030</timestamp>
			</report>
			<report>
				<misses>9679001</misses>
				<total>48</total>
				<timestamp>2804.127690</timestamp>
			</report>
			<report>
				<misses>9680001</misses>
				<total>48</total>
				<timestamp>2804.417399</timestamp>
			</report>
			<report>
				<misses>9681001</misses>
				<total>48</total>
				<timestamp>2804.707048</timestamp>
			</report>
			<report>
				<misses>9682001</misses>
				<total>48</total>
				<timestamp>2804.996758</timestamp>
			</report>
			<report>
				<misses>9683001</misses>
				<total>48</total>
				<timestamp>2805.286600</timestamp>
			</report>
			<report>
				<misses>9684001</misses>
				<total>48</total>
				<timestamp>2805.576177</timestamp>
			</report>
			<report>
				<misses>9685001</misses>
				<total>48</total>
				<timestamp>2805.865906</timestamp>
			</report>
			<report>
				<misses>9686001</misses>
				<total>48</total>
				<timestamp>2806.155692</timestamp>
			</report>
			<report>
				<misses>9687001</misses>
				<total>48</total>
				<timestamp>2806.445319</timestamp>
			</report>
			<report>
				<misses>9688001</misses>
				<total>48</total>
				<timestamp>2806.735023</timestamp>
			</report>
			<report>
				<misses>9689001</misses>
				<total>48</total>
				<timestamp>2807.024726</timestamp>
			</report>
			<report>
				<misses>9690001</misses>
				<total>48</total>
				<timestamp>2807.314466</timestamp>
			</report>
			<report>
				<misses>9691001</misses>
				<total>48</total>
				<timestamp>2807.604152</timestamp>
			</report>
			<report>
				<misses>9692001</misses>
				<total>48</total>
				<timestamp>2807.893882</timestamp>
			</report>
			<report>
				<misses>9693001</misses>
				<total>48</total>
				<timestamp>2808.183572</timestamp>
			</report>
			<report>
				<misses>9694001</misses>
				<total>48</total>
				<timestamp>2808.473334</timestamp>
			</report>
			<report>
				<misses>9695001</misses>
				<total>48</total>
				<timestamp>2808.762984</timestamp>
			</report>
			<report>
				<misses>9696001</misses>
				<total>48</total>
				<timestamp>2809.052701</timestamp>
			</report>
			<report>
				<misses>9697001</misses>
				<total>48</total>
				<timestamp>2809.342462</timestamp>
			</report>
			<report>
				<misses>9698001</misses>
				<total>48</total>
				<timestamp>2809.632126</timestamp>
			</report>
			<report>
				<misses>9699001</misses>
				<total>48</total>
				<timestamp>2809.921856</timestamp>
			</report>
			<report>
				<misses>9700001</misses>
				<total>48</total>
				<timestamp>2810.211574</timestamp>
			</report>
			<report>
				<misses>9701001</misses>
				<total>48</total>
				<timestamp>2810.501321</timestamp>
			</report>
			<report>
				<misses>9702001</misses>
				<total>48</total>
				<timestamp>2810.790958</timestamp>
			</report>
			<report>
				<misses>9703001</misses>
				<total>48</total>
				<timestamp>2811.080673</timestamp>
			</report>
			<report>
				<misses>9704001</misses>
				<total>48</total>
				<timestamp>2811.370489</timestamp>
			</report>
			<report>
				<misses>9705001</misses>
				<total>48</total>
				<timestamp>2811.660087</timestamp>
			</report>
			<report>
				<misses>9706001</misses>
				<total>48</total>
				<timestamp>2811.949786</timestamp>
			</report>
			<report>
				<misses>9707001</misses>
				<total>48</total>
				<timestamp>2812.239631</timestamp>
			</report>
			<report>
				<misses>9708001</misses>
				<total>48</total>
				<timestamp>2812.529259</timestamp>
			</report>
			<report>
				<misses>9709001</misses>
				<total>48</total>
				<timestamp>2812.818939</timestamp>
			</report>
			<report>
				<misses>9710001</misses>
				<total>48</total>
				<timestamp>2813.108693</timestamp>
			</report>
			<report>
				<misses>9711001</misses>
				<total>48</total>
				<timestamp>2813.398461</timestamp>
			</report>
			<report>
				<misses>9712001</misses>
				<total>48</total>
				<timestamp>2813.688052</timestamp>
			</report>
			<report>
				<misses>9713001</misses>
				<total>48</total>
				<timestamp>2813.977762</timestamp>
			</report>
			<report>
				<misses>9714001</misses>
				<total>48</total>
				<timestamp>2814.267475</timestamp>
			</report>
			<report>
				<misses>9715001</misses>
				<total>48</total>
				<timestamp>2814.557190</timestamp>
			</report>
			<report>
				<misses>9716001</misses>
				<total>48</total>
				<timestamp>2814.847002</timestamp>
			</report>
			<report>
				<misses>9717001</misses>
				<total>48</total>
				<timestamp>2815.136695</timestamp>
			</report>
			<report>
				<misses>9718001</misses>
				<total>48</total>
				<timestamp>2815.426345</timestamp>
			</report>
			<report>
				<misses>9719001</misses>
				<total>48</total>
				<timestamp>2815.716015</timestamp>
			</report>
			<report>
				<misses>9720001</misses>
				<total>48</total>
				<timestamp>2816.005738</timestamp>
			</report>
			<report>
				<misses>9721001</misses>
				<total>48</total>
				<timestamp>2816.295436</timestamp>
			</report>
			<report>
				<misses>9722001</misses>
				<total>48</total>
				<timestamp>2816.585167</timestamp>
			</report>
			<report>
				<misses>9723001</misses>
				<total>48</total>
				<timestamp>2816.874886</timestamp>
			</report>
			<report>
				<misses>9724001</misses>
				<total>48</total>
				<timestamp>2817.164579</timestamp>
			</report>
			<report>
				<misses>9725001</misses>
				<total>48</total>
				<timestamp>2817.454308</timestamp>
			</report>
			<report>
				<misses>9726001</misses>
				<total>48</total>
				<timestamp>2817.744108</timestamp>
			</report>
			<report>
				<misses>9727001</misses>
				<total>48</total>
				<timestamp>2818.033740</timestamp>
			</report>
			<report>
				<misses>9728001</misses>
				<total>48</total>
				<timestamp>2818.323515</timestamp>
			</report>
			<report>
				<misses>9729001</misses>
				<total>48</total>
				<timestamp>2818.613251</timestamp>
			</report>
			<report>
				<misses>9730001</misses>
				<total>48</total>
				<timestamp>2818.902984</timestamp>
			</report>
			<report>
				<misses>9731001</misses>
				<total>48</total>
				<timestamp>2819.192581</timestamp>
			</report>
			<report>
				<misses>9732001</misses>
				<total>48</total>
				<timestamp>2819.482320</timestamp>
			</report>
			<report>
				<misses>9733001</misses>
				<total>48</total>
				<timestamp>2819.771977</timestamp>
			</report>
			<report>
				<misses>9734001</misses>
				<total>48</total>
				<timestamp>2820.061786</timestamp>
			</report>
			<report>
				<misses>9735001</misses>
				<total>48</total>
				<timestamp>2820.351451</timestamp>
			</report>
			<report>
				<misses>9736001</misses>
				<total>48</total>
				<timestamp>2820.641118</timestamp>
			</report>
			<report>
				<misses>9737001</misses>
				<total>48</total>
				<timestamp>2820.930822</timestamp>
			</report>
			<report>
				<misses>9738001</misses>
				<total>48</total>
				<timestamp>2821.220513</timestamp>
			</report>
			<report>
				<misses>9739001</misses>
				<total>48</total>
				<timestamp>2821.510239</timestamp>
			</report>
			<report>
				<misses>9740001</misses>
				<total>48</total>
				<timestamp>2821.799938</timestamp>
			</report>
			<report>
				<misses>9741001</misses>
				<total>48</total>
				<timestamp>2822.089652</timestamp>
			</report>
			<report>
				<misses>9742001</misses>
				<total>48</total>
				<timestamp>2822.379396</timestamp>
			</report>
			<report>
				<misses>9743001</misses>
				<total>48</total>
				<timestamp>2822.669066</timestamp>
			</report>
			<report>
				<misses>9744001</misses>
				<total>48</total>
				<timestamp>2822.958769</timestamp>
			</report>
			<report>
				<misses>9745001</misses>
				<total>48</total>
				<timestamp>2823.248494</timestamp>
			</report>
			<report>
				<misses>9746001</misses>
				<total>48</total>
				<timestamp>2823.538233</timestamp>
			</report>
			<report>
				<misses>9747001</misses>
				<total>48</total>
				<timestamp>2823.827965</timestamp>
			</report>
			<report>
				<misses>9748001</misses>
				<total>48</total>
				<timestamp>2824.117680</timestamp>
			</report>
			<report>
				<misses>9749001</misses>
				<total>48</total>
				<timestamp>2824.407434</timestamp>
			</report>
			<report>
				<misses>9750001</misses>
				<total>48</total>
				<timestamp>2824.697159</timestamp>
			</report>
			<report>
				<misses>9751001</misses>
				<total>48</total>
				<timestamp>2824.986782</timestamp>
			</report>
			<report>
				<misses>9752001</misses>
				<total>48</total>
				<timestamp>2825.276544</timestamp>
			</report>
			<report>
				<misses>9753001</misses>
				<total>48</total>
				<timestamp>2825.566213</timestamp>
			</report>
			<report>
				<misses>9754001</misses>
				<total>48</total>
				<timestamp>2825.855872</timestamp>
			</report>
			<report>
				<misses>9755001</misses>
				<total>48</total>
				<timestamp>2826.145627</timestamp>
			</report>
			<report>
				<misses>9756001</misses>
				<total>48</total>
				<timestamp>2826.435353</timestamp>
			</report>
			<report>
				<misses>9757001</misses>
				<total>48</total>
				<timestamp>2826.725066</timestamp>
			</report>
			<report>
				<misses>9758001</misses>
				<total>48</total>
				<timestamp>2827.014700</timestamp>
			</report>
			<report>
				<misses>9759001</misses>
				<total>48</total>
				<timestamp>2827.304428</timestamp>
			</report>
			<report>
				<misses>9760001</misses>
				<total>48</total>
				<timestamp>2827.594177</timestamp>
			</report>
			<report>
				<misses>9761001</misses>
				<total>48</total>
				<timestamp>2827.883854</timestamp>
			</report>
			<report>
				<misses>9762001</misses>
				<total>48</total>
				<timestamp>2828.173572</timestamp>
			</report>
			<report>
				<misses>9763001</misses>
				<total>48</total>
				<timestamp>2828.463320</timestamp>
			</report>
			<report>
				<misses>9764001</misses>
				<total>48</total>
				<timestamp>2828.753017</timestamp>
			</report>
			<report>
				<misses>9765001</misses>
				<total>48</total>
				<timestamp>2829.042733</timestamp>
			</report>
			<report>
				<misses>9766001</misses>
				<total>48</total>
				<timestamp>2829.332460</timestamp>
			</report>
			<report>
				<misses>9767001</misses>
				<total>48</total>
				<timestamp>2829.622244</timestamp>
			</report>
			<report>
				<misses>9768001</misses>
				<total>48</total>
				<timestamp>2829.911821</timestamp>
			</report>
			<report>
				<misses>9769001</misses>
				<total>48</total>
				<timestamp>2830.201627</timestamp>
			</report>
			<report>
				<misses>9770001</misses>
				<total>48</total>
				<timestamp>2830.491373</timestamp>
			</report>
			<report>
				<misses>9771001</misses>
				<total>48</total>
				<timestamp>2830.780978</timestamp>
			</report>
			<report>
				<misses>9772001</misses>
				<total>48</total>
				<timestamp>2831.070663</timestamp>
			</report>
			<report>
				<misses>9773001</misses>
				<total>48</total>
				<timestamp>2831.360370</timestamp>
			</report>
			<report>
				<misses>9774001</misses>
				<total>48</total>
				<timestamp>2831.650133</timestamp>
			</report>
			<report>
				<misses>9775001</misses>
				<total>48</total>
				<timestamp>2831.939807</timestamp>
			</report>
			<report>
				<misses>9776001</misses>
				<total>48</total>
				<timestamp>2832.229510</timestamp>
			</report>
			<report>
				<misses>9777001</misses>
				<total>48</total>
				<timestamp>2832.519218</timestamp>
			</report>
			<report>
				<misses>9778001</misses>
				<total>48</total>
				<timestamp>2832.808968</timestamp>
			</report>
			<report>
				<misses>9779001</misses>
				<total>48</total>
				<timestamp>2833.098668</timestamp>
			</report>
			<report>
				<misses>9780001</misses>
				<total>48</total>
				<timestamp>2833.388364</timestamp>
			</report>
			<report>
				<misses>9781001</misses>
				<total>48</total>
				<timestamp>2833.678067</timestamp>
			</report>
			<report>
				<misses>9782001</misses>
				<total>48</total>
				<timestamp>2833.967777</timestamp>
			</report>
			<report>
				<misses>9783001</misses>
				<total>48</total>
				<timestamp>2834.257522</timestamp>
			</report>
			<report>
				<misses>9784001</misses>
				<total>48</total>
				<timestamp>2834.547321</timestamp>
			</report>
			<report>
				<misses>9785001</misses>
				<total>48</total>
				<timestamp>2834.836875</timestamp>
			</report>
			<report>
				<misses>9786001</misses>
				<total>48</total>
				<timestamp>2835.126629</timestamp>
			</report>
			<report>
				<misses>9787001</misses>
				<total>48</total>
				<timestamp>2835.416352</timestamp>
			</report>
			<report>
				<misses>9788001</misses>
				<total>48</total>
				<timestamp>2835.706032</timestamp>
			</report>
			<report>
				<misses>9789001</misses>
				<total>48</total>
				<timestamp>2835.995733</timestamp>
			</report>
			<report>
				<misses>9790001</misses>
				<total>48</total>
				<timestamp>2836.285453</timestamp>
			</report>
			<report>
				<misses>9791001</misses>
				<total>48</total>
				<timestamp>2836.575285</timestamp>
			</report>
			<report>
				<misses>9792001</misses>
				<total>48</total>
				<timestamp>2836.864914</timestamp>
			</report>
			<report>
				<misses>9793001</misses>
				<total>48</total>
				<timestamp>2837.154677</timestamp>
			</report>
			<report>
				<misses>9794001</misses>
				<total>48</total>
				<timestamp>2837.444287</timestamp>
			</report>
			<report>
				<misses>9795001</misses>
				<total>48</total>
				<timestamp>2837.734020</timestamp>
			</report>
			<report>
				<misses>9796001</misses>
				<total>48</total>
				<timestamp>2838.023711</timestamp>
			</report>
			<report>
				<misses>9797001</misses>
				<total>48</total>
				<timestamp>2838.313441</timestamp>
			</report>
			<report>
				<misses>9798001</misses>
				<total>48</total>
				<timestamp>2838.603275</timestamp>
			</report>
			<report>
				<misses>9799001</misses>
				<total>48</total>
				<timestamp>2838.892965</timestamp>
			</report>
			<report>
				<misses>9800001</misses>
				<total>48</total>
				<timestamp>2839.182545</timestamp>
			</report>
			<report>
				<misses>9801001</misses>
				<total>48</total>
				<timestamp>2839.472335</timestamp>
			</report>
			<report>
				<misses>9802001</misses>
				<total>48</total>
				<timestamp>2839.761954</timestamp>
			</report>
			<report>
				<misses>9803001</misses>
				<total>48</total>
				<timestamp>2840.051686</timestamp>
			</report>
			<report>
				<misses>9804001</misses>
				<total>48</total>
				<timestamp>2840.341391</timestamp>
			</report>
			<report>
				<misses>9805001</misses>
				<total>48</total>
				<timestamp>2840.631130</timestamp>
			</report>
			<report>
				<misses>9806001</misses>
				<total>48</total>
				<timestamp>2840.920789</timestamp>
			</report>
			<report>
				<misses>9807001</misses>
				<total>48</total>
				<timestamp>2841.210498</timestamp>
			</report>
			<report>
				<misses>9808001</misses>
				<total>48</total>
				<timestamp>2841.500249</timestamp>
			</report>
			<report>
				<misses>9809001</misses>
				<total>48</total>
				<timestamp>2841.789914</timestamp>
			</report>
			<report>
				<misses>9810001</misses>
				<total>48</total>
				<timestamp>2842.079632</timestamp>
			</report>
			<report>
				<misses>9811001</misses>
				<total>48</total>
				<timestamp>2842.369361</timestamp>
			</report>
			<report>
				<misses>9812001</misses>
				<total>48</total>
				<timestamp>2842.659055</timestamp>
			</report>
			<report>
				<misses>9813001</misses>
				<total>48</total>
				<timestamp>2842.948763</timestamp>
			</report>
			<report>
				<misses>9814001</misses>
				<total>48</total>
				<timestamp>2843.238467</timestamp>
			</report>
			<report>
				<misses>9815001</misses>
				<total>48</total>
				<timestamp>2843.528271</timestamp>
			</report>
			<report>
				<misses>9816001</misses>
				<total>48</total>
				<timestamp>2843.817904</timestamp>
			</report>
			<report>
				<misses>9817001</misses>
				<total>48</total>
				<timestamp>2844.107622</timestamp>
			</report>
			<report>
				<misses>9818001</misses>
				<total>48</total>
				<timestamp>2844.397313</timestamp>
			</report>
			<report>
				<misses>9819001</misses>
				<total>48</total>
				<timestamp>2844.687061</timestamp>
			</report>
			<report>
				<misses>9820001</misses>
				<total>48</total>
				<timestamp>2844.976749</timestamp>
			</report>
			<report>
				<misses>9821001</misses>
				<total>48</total>
				<timestamp>2845.266553</timestamp>
			</report>
			<report>
				<misses>9822001</misses>
				<total>48</total>
				<timestamp>2845.556172</timestamp>
			</report>
			<report>
				<misses>9823001</misses>
				<total>48</total>
				<timestamp>2845.845881</timestamp>
			</report>
			<report>
				<misses>9824001</misses>
				<total>48</total>
				<timestamp>2846.135591</timestamp>
			</report>
			<report>
				<misses>9825001</misses>
				<total>48</total>
				<timestamp>2846.425285</timestamp>
			</report>
			<report>
				<misses>9826001</misses>
				<total>48</total>
				<timestamp>2846.715081</timestamp>
			</report>
			<report>
				<misses>9827001</misses>
				<total>48</total>
				<timestamp>2847.004813</timestamp>
			</report>
			<report>
				<misses>9828001</misses>
				<total>48</total>
				<timestamp>2847.294423</timestamp>
			</report>
			<report>
				<misses>9829001</misses>
				<total>48</total>
				<timestamp>2847.584177</timestamp>
			</report>
			<report>
				<misses>9830001</misses>
				<total>48</total>
				<timestamp>2847.873826</timestamp>
			</report>
			<report>
				<misses>9831001</misses>
				<total>48</total>
				<timestamp>2848.163584</timestamp>
			</report>
			<report>
				<misses>9832001</misses>
				<total>48</total>
				<timestamp>2848.453311</timestamp>
			</report>
			<report>
				<misses>9833001</misses>
				<total>48</total>
				<timestamp>2848.743041</timestamp>
			</report>
			<report>
				<misses>9834001</misses>
				<total>48</total>
				<timestamp>2849.032739</timestamp>
			</report>
			<report>
				<misses>9835001</misses>
				<total>48</total>
				<timestamp>2849.322419</timestamp>
			</report>
			<report>
				<misses>9836001</misses>
				<total>48</total>
				<timestamp>2849.612135</timestamp>
			</report>
			<report>
				<misses>9837001</misses>
				<total>48</total>
				<timestamp>2849.901800</timestamp>
			</report>
			<report>
				<misses>9838001</misses>
				<total>48</total>
				<timestamp>2850.191559</timestamp>
			</report>
			<report>
				<misses>9839001</misses>
				<total>48</total>
				<timestamp>2850.481275</timestamp>
			</report>
			<report>
				<misses>9840001</misses>
				<total>48</total>
				<timestamp>2850.771002</timestamp>
			</report>
			<report>
				<misses>9841001</misses>
				<total>48</total>
				<timestamp>2851.060716</timestamp>
			</report>
			<report>
				<misses>9842001</misses>
				<total>48</total>
				<timestamp>2851.350455</timestamp>
			</report>
			<report>
				<misses>9843001</misses>
				<total>48</total>
				<timestamp>2851.640125</timestamp>
			</report>
			<report>
				<misses>9844001</misses>
				<total>48</total>
				<timestamp>2851.929870</timestamp>
			</report>
			<report>
				<misses>9845001</misses>
				<total>48</total>
				<timestamp>2852.219592</timestamp>
			</report>
			<report>
				<misses>9846001</misses>
				<total>48</total>
				<timestamp>2852.509236</timestamp>
			</report>
			<report>
				<misses>9847001</misses>
				<total>48</total>
				<timestamp>2852.798909</timestamp>
			</report>
			<report>
				<misses>9848001</misses>
				<total>48</total>
				<timestamp>2853.088647</timestamp>
			</report>
			<report>
				<misses>9849001</misses>
				<total>48</total>
				<timestamp>2853.378322</timestamp>
			</report>
			<report>
				<misses>9850001</misses>
				<total>48</total>
				<timestamp>2853.668035</timestamp>
			</report>
			<report>
				<misses>9851001</misses>
				<total>48</total>
				<timestamp>2853.957756</timestamp>
			</report>
			<report>
				<misses>9852001</misses>
				<total>48</total>
				<timestamp>2854.247464</timestamp>
			</report>
			<report>
				<misses>9853001</misses>
				<total>48</total>
				<timestamp>2854.537160</timestamp>
			</report>
			<report>
				<misses>9854001</misses>
				<total>48</total>
				<timestamp>2854.826878</timestamp>
			</report>
			<report>
				<misses>9855001</misses>
				<total>48</total>
				<timestamp>2855.116699</timestamp>
			</report>
			<report>
				<misses>9856001</misses>
				<total>48</total>
				<timestamp>2855.406326</timestamp>
			</report>
			<report>
				<misses>9857001</misses>
				<total>48</total>
				<timestamp>2855.696032</timestamp>
			</report>
			<report>
				<misses>9858001</misses>
				<total>48</total>
				<timestamp>2855.985730</timestamp>
			</report>
			<report>
				<misses>9859001</misses>
				<total>48</total>
				<timestamp>2856.275431</timestamp>
			</report>
			<report>
				<misses>9860001</misses>
				<total>48</total>
				<timestamp>2856.565148</timestamp>
			</report>
			<report>
				<misses>9861001</misses>
				<total>48</total>
				<timestamp>2856.854867</timestamp>
			</report>
			<report>
				<misses>9862001</misses>
				<total>48</total>
				<timestamp>2857.144547</timestamp>
			</report>
			<report>
				<misses>9863001</misses>
				<total>48</total>
				<timestamp>2857.434287</timestamp>
			</report>
			<report>
				<misses>9864001</misses>
				<total>48</total>
				<timestamp>2857.724101</timestamp>
			</report>
			<report>
				<misses>9865001</misses>
				<total>48</total>
				<timestamp>2858.013723</timestamp>
			</report>
			<report>
				<misses>9866001</misses>
				<total>48</total>
				<timestamp>2858.303430</timestamp>
			</report>
			<report>
				<misses>9867001</misses>
				<total>48</total>
				<timestamp>2858.593124</timestamp>
			</report>
			<report>
				<misses>9868001</misses>
				<total>48</total>
				<timestamp>2858.882883</timestamp>
			</report>
			<report>
				<misses>9869001</misses>
				<total>48</total>
				<timestamp>2859.172521</timestamp>
			</report>
			<report>
				<misses>9870001</misses>
				<total>48</total>
				<timestamp>2859.462333</timestamp>
			</report>
			<report>
				<misses>9871001</misses>
				<total>48</total>
				<timestamp>2859.752096</timestamp>
			</report>
			<report>
				<misses>9872001</misses>
				<total>48</total>
				<timestamp>2860.041702</timestamp>
			</report>
			<report>
				<misses>9873001</misses>
				<total>48</total>
				<timestamp>2860.331366</timestamp>
			</report>
			<report>
				<misses>9874001</misses>
				<total>48</total>
				<timestamp>2860.621078</timestamp>
			</report>
			<report>
				<misses>9875001</misses>
				<total>48</total>
				<timestamp>2860.910899</timestamp>
			</report>
			<report>
				<misses>9876001</misses>
				<total>48</total>
				<timestamp>2861.200494</timestamp>
			</report>
			<report>
				<misses>9877001</misses>
				<total>48</total>
				<timestamp>2861.490214</timestamp>
			</report>
			<report>
				<misses>9878001</misses>
				<total>48</total>
				<timestamp>2861.780007</timestamp>
			</report>
			<report>
				<misses>9879001</misses>
				<total>48</total>
				<timestamp>2862.069621</timestamp>
			</report>
			<report>
				<misses>9880001</misses>
				<total>48</total>
				<timestamp>2862.359330</timestamp>
			</report>
			<report>
				<misses>9881001</misses>
				<total>48</total>
				<timestamp>2862.649058</timestamp>
			</report>
			<report>
				<misses>9882001</misses>
				<total>48</total>
				<timestamp>2862.938745</timestamp>
			</report>
			<report>
				<misses>9883001</misses>
				<total>48</total>
				<timestamp>2863.228446</timestamp>
			</report>
			<report>
				<misses>9884001</misses>
				<total>48</total>
				<timestamp>2863.518284</timestamp>
			</report>
			<report>
				<misses>9885001</misses>
				<total>48</total>
				<timestamp>2863.807896</timestamp>
			</report>
			<report>
				<misses>9886001</misses>
				<total>48</total>
				<timestamp>2864.097601</timestamp>
			</report>
			<report>
				<misses>9887001</misses>
				<total>48</total>
				<timestamp>2864.387418</timestamp>
			</report>
			<report>
				<misses>9888001</misses>
				<total>48</total>
				<timestamp>2864.677017</timestamp>
			</report>
			<report>
				<misses>9889001</misses>
				<total>48</total>
				<timestamp>2864.966763</timestamp>
			</report>
			<report>
				<misses>9890001</misses>
				<total>48</total>
				<timestamp>2865.256428</timestamp>
			</report>
			<report>
				<misses>9891001</misses>
				<total>48</total>
				<timestamp>2865.546134</timestamp>
			</report>
			<report>
				<misses>9892001</misses>
				<total>48</total>
				<timestamp>2865.835865</timestamp>
			</report>
			<report>
				<misses>9893001</misses>
				<total>48</total>
				<timestamp>2866.125553</timestamp>
			</report>
			<report>
				<misses>9894001</misses>
				<total>48</total>
				<timestamp>2866.415322</timestamp>
			</report>
			<report>
				<misses>9895001</misses>
				<total>48</total>
				<timestamp>2866.704995</timestamp>
			</report>
			<report>
				<misses>9896001</misses>
				<total>48</total>
				<timestamp>2866.994703</timestamp>
			</report>
			<report>
				<misses>9897001</misses>
				<total>48</total>
				<timestamp>2867.284404</timestamp>
			</report>
			<report>
				<misses>9898001</misses>
				<total>48</total>
				<timestamp>2867.574118</timestamp>
			</report>
			<report>
				<misses>9899001</misses>
				<total>48</total>
				<timestamp>2867.863886</timestamp>
			</report>
			<report>
				<misses>9900001</misses>
				<total>48</total>
				<timestamp>2868.153550</timestamp>
			</report>
			<report>
				<misses>9901001</misses>
				<total>48</total>
				<timestamp>2868.443237</timestamp>
			</report>
			<report>
				<misses>9902001</misses>
				<total>48</total>
				<timestamp>2868.732982</timestamp>
			</report>
			<report>
				<misses>9903001</misses>
				<total>48</total>
				<timestamp>2869.022692</timestamp>
			</report>
			<report>
				<misses>9904001</misses>
				<total>48</total>
				<timestamp>2869.312370</timestamp>
			</report>
			<report>
				<misses>9905001</misses>
				<total>48</total>
				<timestamp>2869.602093</timestamp>
			</report>
			<report>
				<misses>9906001</misses>
				<total>48</total>
				<timestamp>2869.891801</timestamp>
			</report>
			<report>
				<misses>9907001</misses>
				<total>48</total>
				<timestamp>2870.181511</timestamp>
			</report>
			<report>
				<misses>9908001</misses>
				<total>48</total>
				<timestamp>2870.471203</timestamp>
			</report>
			<report>
				<misses>9909001</misses>
				<total>48</total>
				<timestamp>2870.760960</timestamp>
			</report>
			<report>
				<misses>9910001</misses>
				<total>48</total>
				<timestamp>2871.050667</timestamp>
			</report>
			<report>
				<misses>9911001</misses>
				<total>48</total>
				<timestamp>2871.340334</timestamp>
			</report>
			<report>
				<misses>9912001</misses>
				<total>48</total>
				<timestamp>2871.630091</timestamp>
			</report>
			<report>
				<misses>9913001</misses>
				<total>48</total>
				<timestamp>2871.919843</timestamp>
			</report>
			<report>
				<misses>9914001</misses>
				<total>48</total>
				<timestamp>2872.209596</timestamp>
			</report>
			<report>
				<misses>9915001</misses>
				<total>48</total>
				<timestamp>2872.499246</timestamp>
			</report>
			<report>
				<misses>9916001</misses>
				<total>48</total>
				<timestamp>2872.789005</timestamp>
			</report>
			<report>
				<misses>9917001</misses>
				<total>48</total>
				<timestamp>2873.078652</timestamp>
			</report>
			<report>
				<misses>9918001</misses>
				<total>48</total>
				<timestamp>2873.368438</timestamp>
			</report>
			<report>
				<misses>9919001</misses>
				<total>48</total>
				<timestamp>2873.658060</timestamp>
			</report>
			<report>
				<misses>9920001</misses>
				<total>48</total>
				<timestamp>2873.947745</timestamp>
			</report>
			<report>
				<misses>9921001</misses>
				<total>48</total>
				<timestamp>2874.237444</timestamp>
			</report>
			<report>
				<misses>9922001</misses>
				<total>48</total>
				<timestamp>2874.527227</timestamp>
			</report>
			<report>
				<misses>9923001</misses>
				<total>48</total>
				<timestamp>2874.816966</timestamp>
			</report>
			<report>
				<misses>9924001</misses>
				<total>48</total>
				<timestamp>2875.106567</timestamp>
			</report>
			<report>
				<misses>9925001</misses>
				<total>48</total>
				<timestamp>2875.396279</timestamp>
			</report>
			<report>
				<misses>9926001</misses>
				<total>48</total>
				<timestamp>2875.686036</timestamp>
			</report>
			<report>
				<misses>9927001</misses>
				<total>48</total>
				<timestamp>2875.975710</timestamp>
			</report>
			<report>
				<misses>9928001</misses>
				<total>48</total>
				<timestamp>2876.265418</timestamp>
			</report>
			<report>
				<misses>9929001</misses>
				<total>48</total>
				<timestamp>2876.555255</timestamp>
			</report>
			<report>
				<misses>9930001</misses>
				<total>48</total>
				<timestamp>2876.844958</timestamp>
			</report>
			<report>
				<misses>9931001</misses>
				<total>48</total>
				<timestamp>2877.134592</timestamp>
			</report>
			<report>
				<misses>9932001</misses>
				<total>48</total>
				<timestamp>2877.424321</timestamp>
			</report>
			<report>
				<misses>9933001</misses>
				<total>48</total>
				<timestamp>2877.714081</timestamp>
			</report>
			<report>
				<misses>9934001</misses>
				<total>48</total>
				<timestamp>2878.003808</timestamp>
			</report>
			<report>
				<misses>9935001</misses>
				<total>48</total>
				<timestamp>2878.293451</timestamp>
			</report>
			<report>
				<misses>9936001</misses>
				<total>48</total>
				<timestamp>2878.583124</timestamp>
			</report>
			<report>
				<misses>9937001</misses>
				<total>48</total>
				<timestamp>2878.872835</timestamp>
			</report>
			<report>
				<misses>9938001</misses>
				<total>48</total>
				<timestamp>2879.162511</timestamp>
			</report>
			<report>
				<misses>9939001</misses>
				<total>48</total>
				<timestamp>2879.452249</timestamp>
			</report>
			<report>
				<misses>9940001</misses>
				<total>48</total>
				<timestamp>2879.741934</timestamp>
			</report>
			<report>
				<misses>9941001</misses>
				<total>48</total>
				<timestamp>2880.031631</timestamp>
			</report>
			<report>
				<misses>9942001</misses>
				<total>48</total>
				<timestamp>2880.321342</timestamp>
			</report>
			<report>
				<misses>9943001</misses>
				<total>48</total>
				<timestamp>2880.611064</timestamp>
			</report>
			<report>
				<misses>9944001</misses>
				<total>48</total>
				<timestamp>2880.900812</timestamp>
			</report>
			<report>
				<misses>9945001</misses>
				<total>48</total>
				<timestamp>2881.190483</timestamp>
			</report>
			<report>
				<misses>9946001</misses>
				<total>48</total>
				<timestamp>2881.480188</timestamp>
			</report>
			<report>
				<misses>9947001</misses>
				<total>48</total>
				<timestamp>2881.769891</timestamp>
			</report>
			<report>
				<misses>9948001</misses>
				<total>48</total>
				<timestamp>2882.059627</timestamp>
			</report>
			<report>
				<misses>9949001</misses>
				<total>48</total>
				<timestamp>2882.349363</timestamp>
			</report>
			<report>
				<misses>9950001</misses>
				<total>48</total>
				<timestamp>2882.639088</timestamp>
			</report>
			<report>
				<misses>9951001</misses>
				<total>48</total>
				<timestamp>2882.928818</timestamp>
			</report>
			<report>
				<misses>9952001</misses>
				<total>48</total>
				<timestamp>2883.218562</timestamp>
			</report>
			<report>
				<misses>9953001</misses>
				<total>48</total>
				<timestamp>2883.508159</timestamp>
			</report>
			<report>
				<misses>9954001</misses>
				<total>48</total>
				<timestamp>2883.797891</timestamp>
			</report>
			<report>
				<misses>9955001</misses>
				<total>48</total>
				<timestamp>2884.087678</timestamp>
			</report>
			<report>
				<misses>9956001</misses>
				<total>48</total>
				<timestamp>2884.377281</timestamp>
			</report>
			<report>
				<misses>9957001</misses>
				<total>48</total>
				<timestamp>2884.667017</timestamp>
			</report>
			<report>
				<misses>9958001</misses>
				<total>48</total>
				<timestamp>2884.956706</timestamp>
			</report>
			<report>
				<misses>9959001</misses>
				<total>48</total>
				<timestamp>2885.246440</timestamp>
			</report>
			<report>
				<misses>9960001</misses>
				<total>48</total>
				<timestamp>2885.536153</timestamp>
			</report>
			<report>
				<misses>9961001</misses>
				<total>48</total>
				<timestamp>2885.825846</timestamp>
			</report>
			<report>
				<misses>9962001</misses>
				<total>48</total>
				<timestamp>2886.115547</timestamp>
			</report>
			<report>
				<misses>9963001</misses>
				<total>48</total>
				<timestamp>2886.405359</timestamp>
			</report>
			<report>
				<misses>9964001</misses>
				<total>48</total>
				<timestamp>2886.695088</timestamp>
			</report>
			<report>
				<misses>9965001</misses>
				<total>48</total>
				<timestamp>2886.984822</timestamp>
			</report>
			<report>
				<misses>9966001</misses>
				<total>48</total>
				<timestamp>2887.274499</timestamp>
			</report>
			<report>
				<misses>9967001</misses>
				<total>48</total>
				<timestamp>2887.564223</timestamp>
			</report>
			<report>
				<misses>9968001</misses>
				<total>48</total>
				<timestamp>2887.853934</timestamp>
			</report>
			<report>
				<misses>9969001</misses>
				<total>48</total>
				<timestamp>2888.143598</timestamp>
			</report>
			<report>
				<misses>9970001</misses>
				<total>48</total>
				<timestamp>2888.433321</timestamp>
			</report>
			<report>
				<misses>9971001</misses>
				<total>48</total>
				<timestamp>2888.723111</timestamp>
			</report>
			<report>
				<misses>9972001</misses>
				<total>48</total>
				<timestamp>2889.012742</timestamp>
			</report>
			<report>
				<misses>9973001</misses>
				<total>48</total>
				<timestamp>2889.302363</timestamp>
			</report>
			<report>
				<misses>9974001</misses>
				<total>48</total>
				<timestamp>2889.592105</timestamp>
			</report>
			<report>
				<misses>9975001</misses>
				<total>48</total>
				<timestamp>2889.881827</timestamp>
			</report>
			<report>
				<misses>9976001</misses>
				<total>48</total>
				<timestamp>2890.171566</timestamp>
			</report>
			<report>
				<misses>9977001</misses>
				<total>48</total>
				<timestamp>2890.461323</timestamp>
			</report>
			<report>
				<misses>9978001</misses>
				<total>48</total>
				<timestamp>2890.750920</timestamp>
			</report>
			<report>
				<misses>9979001</misses>
				<total>48</total>
				<timestamp>2891.040686</timestamp>
			</report>
			<report>
				<misses>9980001</misses>
				<total>48</total>
				<timestamp>2891.330452</timestamp>
			</report>
			<report>
				<misses>9981001</misses>
				<total>48</total>
				<timestamp>2891.620044</timestamp>
			</report>
			<report>
				<misses>9982001</misses>
				<total>48</total>
				<timestamp>2891.909789</timestamp>
			</report>
			<report>
				<misses>9983001</misses>
				<total>48</total>
				<timestamp>2892.199573</timestamp>
			</report>
			<report>
				<misses>9984001</misses>
				<total>48</total>
				<timestamp>2892.489177</timestamp>
			</report>
			<report>
				<misses>9985001</misses>
				<total>48</total>
				<timestamp>2892.779015</timestamp>
			</report>
			<report>
				<misses>9986001</misses>
				<total>48</total>
				<timestamp>2893.068683</timestamp>
			</report>
			<report>
				<misses>9987001</misses>
				<total>48</total>
				<timestamp>2893.358426</timestamp>
			</report>
			<report>
				<misses>9988001</misses>
				<total>48</total>
				<timestamp>2893.648083</timestamp>
			</report>
			<report>
				<misses>9989001</misses>
				<total>48</total>
				<timestamp>2893.937763</timestamp>
			</report>
			<report>
				<misses>9990001</misses>
				<total>48</total>
				<timestamp>2894.227440</timestamp>
			</report>
			<report>
				<misses>9991001</misses>
				<total>48</total>
				<timestamp>2894.517246</timestamp>
			</report>
			<report>
				<misses>9992001</misses>
				<total>48</total>
				<timestamp>2894.806891</timestamp>
			</report>
			<report>
				<misses>9993001</misses>
				<total>48</total>
				<timestamp>2895.096563</timestamp>
			</report>
			<report>
				<misses>9994001</misses>
				<total>48</total>
				<timestamp>2895.386286</timestamp>
			</report>
			<report>
				<misses>9995001</misses>
				<total>48</total>
				<timestamp>2895.675992</timestamp>
			</report>
			<report>
				<misses>9996001</misses>
				<total>48</total>
				<timestamp>2895.965717</timestamp>
			</report>
			<report>
				<misses>9997001</misses>
				<total>48</total>
				<timestamp>2896.255420</timestamp>
			</report>
			<report>
				<misses>9998001</misses>
				<total>48</total>
				<timestamp>2896.545242</timestamp>
			</report>
			<report>
				<misses>9999001</misses>
				<total>48</total>
				<timestamp>2896.834856</timestamp>
			</report>
			<report>
				<misses>10000001</misses>
				<total>48</total>
				<timestamp>2897.124560</timestamp>
			</report>
			<report>
				<misses>10001001</misses>
				<total>48</total>
				<timestamp>2897.414333</timestamp>
			</report>
			<report>
				<misses>10002001</misses>
				<total>48</total>
				<timestamp>2897.704098</timestamp>
			</report>
			<report>
				<misses>10003001</misses>
				<total>48</total>
				<timestamp>2897.993749</timestamp>
			</report>
			<report>
				<misses>10004001</misses>
				<total>48</total>
				<timestamp>2898.283490</timestamp>
			</report>
			<report>
				<misses>10005001</misses>
				<total>48</total>
				<timestamp>2898.573142</timestamp>
			</report>
			<report>
				<misses>10006001</misses>
				<total>48</total>
				<timestamp>2898.862848</timestamp>
			</report>
			<report>
				<misses>10007001</misses>
				<total>48</total>
				<timestamp>2899.152525</timestamp>
			</report>
			<report>
				<misses>10008001</misses>
				<total>48</total>
				<timestamp>2899.442217</timestamp>
			</report>
			<report>
				<misses>10009001</misses>
				<total>48</total>
				<timestamp>2899.731917</timestamp>
			</report>
			<report>
				<misses>10010001</misses>
				<total>48</total>
				<timestamp>2900.021630</timestamp>
			</report>
			<report>
				<misses>10011001</misses>
				<total>48</total>
				<timestamp>2900.311333</timestamp>
			</report>
			<report>
				<misses>10012001</misses>
				<total>48</total>
				<timestamp>2900.601075</timestamp>
			</report>
			<report>
				<misses>10013001</misses>
				<total>48</total>
				<timestamp>2900.890796</timestamp>
			</report>
			<report>
				<misses>10014001</misses>
				<total>48</total>
				<timestamp>2901.180471</timestamp>
			</report>
			<report>
				<misses>10015001</misses>
				<total>48</total>
				<timestamp>2901.470210</timestamp>
			</report>
			<report>
				<misses>10016001</misses>
				<total>48</total>
				<timestamp>2901.759927</timestamp>
			</report>
			<report>
				<misses>10017001</misses>
				<total>48</total>
				<timestamp>2902.049634</timestamp>
			</report>
			<report>
				<misses>10018001</misses>
				<total>48</total>
				<timestamp>2902.339331</timestamp>
			</report>
			<report>
				<misses>10019001</misses>
				<total>48</total>
				<timestamp>2902.629070</timestamp>
			</report>
			<report>
				<misses>10020001</misses>
				<total>48</total>
				<timestamp>2902.918767</timestamp>
			</report>
			<report>
				<misses>10021001</misses>
				<total>48</total>
				<timestamp>2903.208469</timestamp>
			</report>
			<report>
				<misses>10022001</misses>
				<total>48</total>
				<timestamp>2903.498162</timestamp>
			</report>
			<report>
				<misses>10023001</misses>
				<total>48</total>
				<timestamp>2903.787974</timestamp>
			</report>
			<report>
				<misses>10024001</misses>
				<total>48</total>
				<timestamp>2904.077662</timestamp>
			</report>
			<report>
				<misses>10025001</misses>
				<total>48</total>
				<timestamp>2904.367351</timestamp>
			</report>
			<report>
				<misses>10026001</misses>
				<total>48</total>
				<timestamp>2904.657039</timestamp>
			</report>
			<report>
				<misses>10027001</misses>
				<total>48</total>
				<timestamp>2904.946811</timestamp>
			</report>
			<report>
				<misses>10028001</misses>
				<total>48</total>
				<timestamp>2905.236419</timestamp>
			</report>
			<report>
				<misses>10029001</misses>
				<total>48</total>
				<timestamp>2905.526138</timestamp>
			</report>
			<report>
				<misses>10030001</misses>
				<total>48</total>
				<timestamp>2905.815842</timestamp>
			</report>
			<report>
				<misses>10031001</misses>
				<total>48</total>
				<timestamp>2906.105570</timestamp>
			</report>
			<report>
				<misses>10032001</misses>
				<total>48</total>
				<timestamp>2906.395320</timestamp>
			</report>
			<report>
				<misses>10033001</misses>
				<total>48</total>
				<timestamp>2906.684989</timestamp>
			</report>
			<report>
				<misses>10034001</misses>
				<total>48</total>
				<timestamp>2906.974725</timestamp>
			</report>
			<report>
				<misses>10035001</misses>
				<total>48</total>
				<timestamp>2907.264421</timestamp>
			</report>
			<report>
				<misses>10036001</misses>
				<total>48</total>
				<timestamp>2907.554101</timestamp>
			</report>
			<report>
				<misses>10037001</misses>
				<total>48</total>
				<timestamp>2907.843844</timestamp>
			</report>
			<report>
				<misses>10038001</misses>
				<total>48</total>
				<timestamp>2908.133647</timestamp>
			</report>
			<report>
				<misses>10039001</misses>
				<total>48</total>
				<timestamp>2908.423320</timestamp>
			</report>
			<report>
				<misses>10040001</misses>
				<total>48</total>
				<timestamp>2908.712957</timestamp>
			</report>
			<report>
				<misses>10041001</misses>
				<total>48</total>
				<timestamp>2909.002704</timestamp>
			</report>
			<report>
				<misses>10042001</misses>
				<total>48</total>
				<timestamp>2909.292360</timestamp>
			</report>
			<report>
				<misses>10043001</misses>
				<total>48</total>
				<timestamp>2909.582073</timestamp>
			</report>
			<report>
				<misses>10044001</misses>
				<total>48</total>
				<timestamp>2909.871830</timestamp>
			</report>
			<report>
				<misses>10045001</misses>
				<total>48</total>
				<timestamp>2910.161589</timestamp>
			</report>
			<report>
				<misses>10046001</misses>
				<total>48</total>
				<timestamp>2910.451327</timestamp>
			</report>
			<report>
				<misses>10047001</misses>
				<total>48</total>
				<timestamp>2910.740940</timestamp>
			</report>
			<report>
				<misses>10048001</misses>
				<total>48</total>
				<timestamp>2911.030652</timestamp>
			</report>
			<report>
				<misses>10049001</misses>
				<total>48</total>
				<timestamp>2911.320344</timestamp>
			</report>
			<report>
				<misses>10050001</misses>
				<total>48</total>
				<timestamp>2911.610045</timestamp>
			</report>
			<report>
				<misses>10051001</misses>
				<total>48</total>
				<timestamp>2911.899766</timestamp>
			</report>
			<report>
				<misses>10052001</misses>
				<total>48</total>
				<timestamp>2912.189463</timestamp>
			</report>
			<report>
				<misses>10053001</misses>
				<total>48</total>
				<timestamp>2912.479164</timestamp>
			</report>
			<report>
				<misses>10054001</misses>
				<total>48</total>
				<timestamp>2912.768923</timestamp>
			</report>
			<report>
				<misses>10055001</misses>
				<total>48</total>
				<timestamp>2913.058702</timestamp>
			</report>
			<report>
				<misses>10056001</misses>
				<total>48</total>
				<timestamp>2913.348290</timestamp>
			</report>
			<report>
				<misses>10057001</misses>
				<total>48</total>
				<timestamp>2913.638010</timestamp>
			</report>
			<report>
				<misses>10058001</misses>
				<total>48</total>
				<timestamp>2913.927789</timestamp>
			</report>
			<report>
				<misses>10059001</misses>
				<total>48</total>
				<timestamp>2914.217552</timestamp>
			</report>
			<report>
				<misses>10060001</misses>
				<total>48</total>
				<timestamp>2914.507210</timestamp>
			</report>
			<report>
				<misses>10061001</misses>
				<total>48</total>
				<timestamp>2914.796855</timestamp>
			</report>
			<report>
				<misses>10062001</misses>
				<total>48</total>
				<timestamp>2915.086578</timestamp>
			</report>
			<report>
				<misses>10063001</misses>
				<total>48</total>
				<timestamp>2915.376264</timestamp>
			</report>
			<report>
				<misses>10064001</misses>
				<total>48</total>
				<timestamp>2915.665964</timestamp>
			</report>
			<report>
				<misses>10065001</misses>
				<total>48</total>
				<timestamp>2915.955684</timestamp>
			</report>
			<report>
				<misses>10066001</misses>
				<total>48</total>
				<timestamp>2916.245383</timestamp>
			</report>
			<report>
				<misses>10067001</misses>
				<total>48</total>
				<timestamp>2916.535233</timestamp>
			</report>
			<report>
				<misses>10068001</misses>
				<total>48</total>
				<timestamp>2916.824819</timestamp>
			</report>
			<report>
				<misses>10069001</misses>
				<total>48</total>
				<timestamp>2917.114513</timestamp>
			</report>
			<report>
				<misses>10070001</misses>
				<total>48</total>
				<timestamp>2917.404247</timestamp>
			</report>
			<report>
				<misses>10071001</misses>
				<total>48</total>
				<timestamp>2917.693938</timestamp>
			</report>
			<report>
				<misses>10072001</misses>
				<total>48</total>
				<timestamp>2917.983680</timestamp>
			</report>
			<report>
				<misses>10073001</misses>
				<total>48</total>
				<timestamp>2918.273366</timestamp>
			</report>
			<report>
				<misses>10074001</misses>
				<total>48</total>
				<timestamp>2918.563073</timestamp>
			</report>
			<report>
				<misses>10075001</misses>
				<total>48</total>
				<timestamp>2918.852785</timestamp>
			</report>
			<report>
				<misses>10076001</misses>
				<total>48</total>
				<timestamp>2919.142505</timestamp>
			</report>
			<report>
				<misses>10077001</misses>
				<total>48</total>
				<timestamp>2919.432210</timestamp>
			</report>
			<report>
				<misses>10078001</misses>
				<total>48</total>
				<timestamp>2919.721923</timestamp>
			</report>
			<report>
				<misses>10079001</misses>
				<total>48</total>
				<timestamp>2920.011625</timestamp>
			</report>
			<report>
				<misses>10080001</misses>
				<total>48</total>
				<timestamp>2920.301339</timestamp>
			</report>
			<report>
				<misses>10081001</misses>
				<total>48</total>
				<timestamp>2920.591036</timestamp>
			</report>
			<report>
				<misses>10082001</misses>
				<total>48</total>
				<timestamp>2920.880769</timestamp>
			</report>
			<report>
				<misses>10083001</misses>
				<total>48</total>
				<timestamp>2921.170477</timestamp>
			</report>
			<report>
				<misses>10084001</misses>
				<total>48</total>
				<timestamp>2921.460173</timestamp>
			</report>
			<report>
				<misses>10085001</misses>
				<total>48</total>
				<timestamp>2921.749916</timestamp>
			</report>
			<report>
				<misses>10086001</misses>
				<total>48</total>
				<timestamp>2922.039643</timestamp>
			</report>
			<report>
				<misses>10087001</misses>
				<total>48</total>
				<timestamp>2922.329303</timestamp>
			</report>
			<report>
				<misses>10088001</misses>
				<total>48</total>
				<timestamp>2922.619036</timestamp>
			</report>
			<report>
				<misses>10089001</misses>
				<total>48</total>
				<timestamp>2922.908761</timestamp>
			</report>
			<report>
				<misses>10090001</misses>
				<total>48</total>
				<timestamp>2923.198434</timestamp>
			</report>
			<report>
				<misses>10091001</misses>
				<total>48</total>
				<timestamp>2923.488136</timestamp>
			</report>
			<report>
				<misses>10092001</misses>
				<total>48</total>
				<timestamp>2923.777898</timestamp>
			</report>
			<report>
				<misses>10093001</misses>
				<total>48</total>
				<timestamp>2924.067697</timestamp>
			</report>
			<report>
				<misses>10094001</misses>
				<total>48</total>
				<timestamp>2924.357293</timestamp>
			</report>
			<report>
				<misses>10095001</misses>
				<total>48</total>
				<timestamp>2924.646993</timestamp>
			</report>
			<report>
				<misses>10096001</misses>
				<total>48</total>
				<timestamp>2924.936829</timestamp>
			</report>
			<report>
				<misses>10097001</misses>
				<total>48</total>
				<timestamp>2925.226411</timestamp>
			</report>
			<report>
				<misses>10098001</misses>
				<total>48</total>
				<timestamp>2925.516107</timestamp>
			</report>
			<report>
				<misses>10099001</misses>
				<total>48</total>
				<timestamp>2925.805884</timestamp>
			</report>
			<report>
				<misses>10100001</misses>
				<total>48</total>
				<timestamp>2926.095572</timestamp>
			</report>
			<report>
				<misses>10101001</misses>
				<total>48</total>
				<timestamp>2926.385252</timestamp>
			</report>
			<report>
				<misses>10102001</misses>
				<total>48</total>
				<timestamp>2926.674951</timestamp>
			</report>
			<report>
				<misses>10103001</misses>
				<total>48</total>
				<timestamp>2926.964702</timestamp>
			</report>
			<report>
				<misses>10104001</misses>
				<total>48</total>
				<timestamp>2927.254392</timestamp>
			</report>
			<report>
				<misses>10105001</misses>
				<total>48</total>
				<timestamp>2927.544091</timestamp>
			</report>
			<report>
				<misses>10106001</misses>
				<total>48</total>
				<timestamp>2927.833795</timestamp>
			</report>
			<report>
				<misses>10107001</misses>
				<total>48</total>
				<timestamp>2928.123549</timestamp>
			</report>
			<report>
				<misses>10108001</misses>
				<total>48</total>
				<timestamp>2928.413233</timestamp>
			</report>
			<report>
				<misses>10109001</misses>
				<total>48</total>
				<timestamp>2928.702932</timestamp>
			</report>
			<report>
				<misses>10110001</misses>
				<total>48</total>
				<timestamp>2928.992662</timestamp>
			</report>
			<report>
				<misses>10111001</misses>
				<total>48</total>
				<timestamp>2929.282353</timestamp>
			</report>
			<report>
				<misses>10112001</misses>
				<total>48</total>
				<timestamp>2929.572053</timestamp>
			</report>
			<report>
				<misses>10113001</misses>
				<total>48</total>
				<timestamp>2929.861799</timestamp>
			</report>
			<report>
				<misses>10114001</misses>
				<total>48</total>
				<timestamp>2930.151513</timestamp>
			</report>
			<report>
				<misses>10115001</misses>
				<total>48</total>
				<timestamp>2930.441250</timestamp>
			</report>
			<report>
				<misses>10116001</misses>
				<total>48</total>
				<timestamp>2930.730971</timestamp>
			</report>
			<report>
				<misses>10117001</misses>
				<total>48</total>
				<timestamp>2931.020658</timestamp>
			</report>
			<report>
				<misses>10118001</misses>
				<total>48</total>
				<timestamp>2931.310395</timestamp>
			</report>
			<report>
				<misses>10119001</misses>
				<total>48</total>
				<timestamp>2931.600120</timestamp>
			</report>
			<report>
				<misses>10120001</misses>
				<total>48</total>
				<timestamp>2931.889871</timestamp>
			</report>
			<report>
				<misses>10121001</misses>
				<total>48</total>
				<timestamp>2932.179474</timestamp>
			</report>
			<report>
				<misses>10122001</misses>
				<total>48</total>
				<timestamp>2932.469268</timestamp>
			</report>
			<report>
				<misses>10123001</misses>
				<total>48</total>
				<timestamp>2932.758949</timestamp>
			</report>
			<report>
				<misses>10124001</misses>
				<total>48</total>
				<timestamp>2933.048675</timestamp>
			</report>
			<report>
				<misses>10125001</misses>
				<total>48</total>
				<timestamp>2933.338385</timestamp>
			</report>
			<report>
				<misses>10126001</misses>
				<total>48</total>
				<timestamp>2933.628088</timestamp>
			</report>
			<report>
				<misses>10127001</misses>
				<total>48</total>
				<timestamp>2933.917836</timestamp>
			</report>
			<report>
				<misses>10128001</misses>
				<total>48</total>
				<timestamp>2934.207535</timestamp>
			</report>
			<report>
				<misses>10129001</misses>
				<total>48</total>
				<timestamp>2934.497200</timestamp>
			</report>
			<report>
				<misses>10130001</misses>
				<total>48</total>
				<timestamp>2934.786837</timestamp>
			</report>
			<report>
				<misses>10131001</misses>
				<total>48</total>
				<timestamp>2935.076544</timestamp>
			</report>
			<report>
				<misses>10132001</misses>
				<total>48</total>
				<timestamp>2935.366256</timestamp>
			</report>
			<report>
				<misses>10133001</misses>
				<total>48</total>
				<timestamp>2935.655976</timestamp>
			</report>
			<report>
				<misses>10134001</misses>
				<total>48</total>
				<timestamp>2935.945735</timestamp>
			</report>
			<report>
				<misses>10135001</misses>
				<total>48</total>
				<timestamp>2936.235399</timestamp>
			</report>
			<report>
				<misses>10136001</misses>
				<total>48</total>
				<timestamp>2936.525084</timestamp>
			</report>
			<report>
				<misses>10137001</misses>
				<total>48</total>
				<timestamp>2936.814834</timestamp>
			</report>
			<report>
				<misses>10138001</misses>
				<total>48</total>
				<timestamp>2937.104512</timestamp>
			</report>
			<report>
				<misses>10139001</misses>
				<total>48</total>
				<timestamp>2937.394230</timestamp>
			</report>
			<report>
				<misses>10140001</misses>
				<total>48</total>
				<timestamp>2937.683969</timestamp>
			</report>
			<report>
				<misses>10141001</misses>
				<total>48</total>
				<timestamp>2937.973662</timestamp>
			</report>
			<report>
				<misses>10142001</misses>
				<total>48</total>
				<timestamp>2938.263355</timestamp>
			</report>
			<report>
				<misses>10143001</misses>
				<total>48</total>
				<timestamp>2938.553125</timestamp>
			</report>
			<report>
				<misses>10144001</misses>
				<total>48</total>
				<timestamp>2938.842785</timestamp>
			</report>
			<report>
				<misses>10145001</misses>
				<total>48</total>
				<timestamp>2939.132506</timestamp>
			</report>
			<report>
				<misses>10146001</misses>
				<total>48</total>
				<timestamp>2939.422215</timestamp>
			</report>
			<report>
				<misses>10147001</misses>
				<total>48</total>
				<timestamp>2939.711905</timestamp>
			</report>
			<report>
				<misses>10148001</misses>
				<total>48</total>
				<timestamp>2940.001643</timestamp>
			</report>
			<report>
				<misses>10149001</misses>
				<total>48</total>
				<timestamp>2940.291338</timestamp>
			</report>
			<report>
				<misses>10150001</misses>
				<total>48</total>
				<timestamp>2940.581035</timestamp>
			</report>
			<report>
				<misses>10151001</misses>
				<total>48</total>
				<timestamp>2940.870797</timestamp>
			</report>
			<report>
				<misses>10152001</misses>
				<total>48</total>
				<timestamp>2941.160470</timestamp>
			</report>
			<report>
				<misses>10153001</misses>
				<total>48</total>
				<timestamp>2941.450181</timestamp>
			</report>
			<report>
				<misses>10154001</misses>
				<total>48</total>
				<timestamp>2941.739895</timestamp>
			</report>
			<report>
				<misses>10155001</misses>
				<total>48</total>
				<timestamp>2942.029617</timestamp>
			</report>
			<report>
				<misses>10156001</misses>
				<total>48</total>
				<timestamp>2942.319291</timestamp>
			</report>
			<report>
				<misses>10157001</misses>
				<total>48</total>
				<timestamp>2942.609015</timestamp>
			</report>
			<report>
				<misses>10158001</misses>
				<total>48</total>
				<timestamp>2942.898754</timestamp>
			</report>
			<report>
				<misses>10159001</misses>
				<total>48</total>
				<timestamp>2943.188475</timestamp>
			</report>
			<report>
				<misses>10160001</misses>
				<total>48</total>
				<timestamp>2943.478209</timestamp>
			</report>
			<report>
				<misses>10161001</misses>
				<total>48</total>
				<timestamp>2943.767877</timestamp>
			</report>
			<report>
				<misses>10162001</misses>
				<total>48</total>
				<timestamp>2944.057579</timestamp>
			</report>
			<report>
				<misses>10163001</misses>
				<total>48</total>
				<timestamp>2944.347288</timestamp>
			</report>
			<report>
				<misses>10164001</misses>
				<total>48</total>
				<timestamp>2944.637005</timestamp>
			</report>
			<report>
				<misses>10165001</misses>
				<total>48</total>
				<timestamp>2944.926694</timestamp>
			</report>
			<report>
				<misses>10166001</misses>
				<total>48</total>
				<timestamp>2945.216404</timestamp>
			</report>
			<report>
				<misses>10167001</misses>
				<total>48</total>
				<timestamp>2945.506123</timestamp>
			</report>
			<report>
				<misses>10168001</misses>
				<total>48</total>
				<timestamp>2945.795827</timestamp>
			</report>
			<report>
				<misses>10169001</misses>
				<total>48</total>
				<timestamp>2946.085558</timestamp>
			</report>
			<report>
				<misses>10170001</misses>
				<total>48</total>
				<timestamp>2946.375235</timestamp>
			</report>
			<report>
				<misses>10171001</misses>
				<total>48</total>
				<timestamp>2946.665098</timestamp>
			</report>
			<report>
				<misses>10172001</misses>
				<total>48</total>
				<timestamp>2946.954784</timestamp>
			</report>
			<report>
				<misses>10173001</misses>
				<total>48</total>
				<timestamp>2947.244499</timestamp>
			</report>
			<report>
				<misses>10174001</misses>
				<total>48</total>
				<timestamp>2947.534167</timestamp>
			</report>
			<report>
				<misses>10175001</misses>
				<total>48</total>
				<timestamp>2947.823884</timestamp>
			</report>
			<report>
				<misses>10176001</misses>
				<total>48</total>
				<timestamp>2948.113518</timestamp>
			</report>
			<report>
				<misses>10177001</misses>
				<total>48</total>
				<timestamp>2948.403324</timestamp>
			</report>
			<report>
				<misses>10178001</misses>
				<total>48</total>
				<timestamp>2948.693035</timestamp>
			</report>
			<report>
				<misses>10179001</misses>
				<total>48</total>
				<timestamp>2948.982773</timestamp>
			</report>
			<report>
				<misses>10180001</misses>
				<total>48</total>
				<timestamp>2949.272364</timestamp>
			</report>
			<report>
				<misses>10181001</misses>
				<total>48</total>
				<timestamp>2949.562053</timestamp>
			</report>
			<report>
				<misses>10182001</misses>
				<total>48</total>
				<timestamp>2949.851905</timestamp>
			</report>
			<report>
				<misses>10183001</misses>
				<total>48</total>
				<timestamp>2950.141575</timestamp>
			</report>
			<report>
				<misses>10184001</misses>
				<total>48</total>
				<timestamp>2950.431172</timestamp>
			</report>
			<report>
				<misses>10185001</misses>
				<total>48</total>
				<timestamp>2950.720985</timestamp>
			</report>
			<report>
				<misses>10186001</misses>
				<total>48</total>
				<timestamp>2951.010751</timestamp>
			</report>
			<report>
				<misses>10187001</misses>
				<total>48</total>
				<timestamp>2951.300375</timestamp>
			</report>
			<report>
				<misses>10188001</misses>
				<total>48</total>
				<timestamp>2951.590153</timestamp>
			</report>
			<report>
				<misses>10189001</misses>
				<total>48</total>
				<timestamp>2951.879754</timestamp>
			</report>
			<report>
				<misses>10190001</misses>
				<total>48</total>
				<timestamp>2952.169490</timestamp>
			</report>
			<report>
				<misses>10191001</misses>
				<total>48</total>
				<timestamp>2952.459189</timestamp>
			</report>
			<report>
				<misses>10192001</misses>
				<total>48</total>
				<timestamp>2952.748861</timestamp>
			</report>
			<report>
				<misses>10193001</misses>
				<total>48</total>
				<timestamp>2953.038601</timestamp>
			</report>
			<report>
				<misses>10194001</misses>
				<total>48</total>
				<timestamp>2953.328296</timestamp>
			</report>
			<report>
				<misses>10195001</misses>
				<total>48</total>
				<timestamp>2953.617996</timestamp>
			</report>
			<report>
				<misses>10196001</misses>
				<total>48</total>
				<timestamp>2953.907714</timestamp>
			</report>
			<report>
				<misses>10197001</misses>
				<total>48</total>
				<timestamp>2954.197422</timestamp>
			</report>
			<report>
				<misses>10198001</misses>
				<total>48</total>
				<timestamp>2954.487131</timestamp>
			</report>
			<report>
				<misses>10199001</misses>
				<total>48</total>
				<timestamp>2954.776841</timestamp>
			</report>
			<report>
				<misses>10200001</misses>
				<total>48</total>
				<timestamp>2955.066556</timestamp>
			</report>
			<report>
				<misses>10201001</misses>
				<total>48</total>
				<timestamp>2955.356250</timestamp>
			</report>
			<report>
				<misses>10202001</misses>
				<total>48</total>
				<timestamp>2955.646082</timestamp>
			</report>
			<report>
				<misses>10203001</misses>
				<total>48</total>
				<timestamp>2955.935778</timestamp>
			</report>
			<report>
				<misses>10204001</misses>
				<total>48</total>
				<timestamp>2956.225538</timestamp>
			</report>
			<report>
				<misses>10205001</misses>
				<total>48</total>
				<timestamp>2956.515148</timestamp>
			</report>
			<report>
				<misses>10206001</misses>
				<total>48</total>
				<timestamp>2956.804917</timestamp>
			</report>
			<report>
				<misses>10207001</misses>
				<total>48</total>
				<timestamp>2957.094529</timestamp>
			</report>
			<report>
				<misses>10208001</misses>
				<total>48</total>
				<timestamp>2957.384347</timestamp>
			</report>
			<report>
				<misses>10209001</misses>
				<total>48</total>
				<timestamp>2957.674024</timestamp>
			</report>
			<report>
				<misses>10210001</misses>
				<total>48</total>
				<timestamp>2957.963755</timestamp>
			</report>
			<report>
				<misses>10211001</misses>
				<total>48</total>
				<timestamp>2958.253428</timestamp>
			</report>
			<report>
				<misses>10212001</misses>
				<total>48</total>
				<timestamp>2958.543092</timestamp>
			</report>
			<report>
				<misses>10213001</misses>
				<total>48</total>
				<timestamp>2958.832776</timestamp>
			</report>
			<report>
				<misses>10214001</misses>
				<total>48</total>
				<timestamp>2959.122521</timestamp>
			</report>
			<report>
				<misses>10215001</misses>
				<total>48</total>
				<timestamp>2959.412315</timestamp>
			</report>
			<report>
				<misses>10216001</misses>
				<total>48</total>
				<timestamp>2959.702029</timestamp>
			</report>
			<report>
				<misses>10217001</misses>
				<total>48</total>
				<timestamp>2959.991658</timestamp>
			</report>
			<report>
				<misses>10218001</misses>
				<total>48</total>
				<timestamp>2960.281503</timestamp>
			</report>
			<report>
				<misses>10219001</misses>
				<total>48</total>
				<timestamp>2960.571024</timestamp>
			</report>
			<report>
				<misses>10220001</misses>
				<total>48</total>
				<timestamp>2960.860752</timestamp>
			</report>
			<report>
				<misses>10221001</misses>
				<total>48</total>
				<timestamp>2961.150461</timestamp>
			</report>
			<report>
				<misses>10222001</misses>
				<total>48</total>
				<timestamp>2961.440145</timestamp>
			</report>
			<report>
				<misses>10223001</misses>
				<total>48</total>
				<timestamp>2961.729863</timestamp>
			</report>
			<report>
				<misses>10224001</misses>
				<total>48</total>
				<timestamp>2962.019585</timestamp>
			</report>
			<report>
				<misses>10225001</misses>
				<total>48</total>
				<timestamp>2962.309318</timestamp>
			</report>
			<report>
				<misses>10226001</misses>
				<total>48</total>
				<timestamp>2962.599021</timestamp>
			</report>
			<report>
				<misses>10227001</misses>
				<total>48</total>
				<timestamp>2962.888742</timestamp>
			</report>
			<report>
				<misses>10228001</misses>
				<total>48</total>
				<timestamp>2963.178592</timestamp>
			</report>
			<report>
				<misses>10229001</misses>
				<total>48</total>
				<timestamp>2963.468185</timestamp>
			</report>
			<report>
				<misses>10230001</misses>
				<total>48</total>
				<timestamp>2963.757868</timestamp>
			</report>
			<report>
				<misses>10231001</misses>
				<total>48</total>
				<timestamp>2964.047609</timestamp>
			</report>
			<report>
				<misses>10232001</misses>
				<total>48</total>
				<timestamp>2964.337354</timestamp>
			</report>
			<report>
				<misses>10233001</misses>
				<total>48</total>
				<timestamp>2964.626978</timestamp>
			</report>
			<report>
				<misses>10234001</misses>
				<total>48</total>
				<timestamp>2964.916684</timestamp>
			</report>
			<report>
				<misses>10235001</misses>
				<total>48</total>
				<timestamp>2965.206406</timestamp>
			</report>
			<report>
				<misses>10236001</misses>
				<total>48</total>
				<timestamp>2965.496103</timestamp>
			</report>
			<report>
				<misses>10237001</misses>
				<total>48</total>
				<timestamp>2965.785839</timestamp>
			</report>
			<report>
				<misses>10238001</misses>
				<total>48</total>
				<timestamp>2966.075547</timestamp>
			</report>
			<report>
				<misses>10239001</misses>
				<total>48</total>
				<timestamp>2966.365229</timestamp>
			</report>
			<report>
				<misses>10240001</misses>
				<total>48</total>
				<timestamp>2966.654935</timestamp>
			</report>
			<report>
				<misses>10241001</misses>
				<total>48</total>
				<timestamp>2966.944685</timestamp>
			</report>
			<report>
				<misses>10242001</misses>
				<total>48</total>
				<timestamp>2967.234366</timestamp>
			</report>
			<report>
				<misses>10243001</misses>
				<total>48</total>
				<timestamp>2967.524107</timestamp>
			</report>
			<report>
				<misses>10244001</misses>
				<total>48</total>
				<timestamp>2967.813860</timestamp>
			</report>
			<report>
				<misses>10245001</misses>
				<total>48</total>
				<timestamp>2968.103544</timestamp>
			</report>
			<report>
				<misses>10246001</misses>
				<total>48</total>
				<timestamp>2968.393261</timestamp>
			</report>
			<report>
				<misses>10247001</misses>
				<total>48</total>
				<timestamp>2968.683014</timestamp>
			</report>
			<report>
				<misses>10248001</misses>
				<total>48</total>
				<timestamp>2968.972655</timestamp>
			</report>
			<report>
				<misses>10249001</misses>
				<total>48</total>
				<timestamp>2969.262334</timestamp>
			</report>
			<report>
				<misses>10250001</misses>
				<total>48</total>
				<timestamp>2969.552047</timestamp>
			</report>
			<report>
				<misses>10251001</misses>
				<total>48</total>
				<timestamp>2969.841747</timestamp>
			</report>
			<report>
				<misses>10252001</misses>
				<total>48</total>
				<timestamp>2970.131562</timestamp>
			</report>
			<report>
				<misses>10253001</misses>
				<total>48</total>
				<timestamp>2970.421256</timestamp>
			</report>
			<report>
				<misses>10254001</misses>
				<total>48</total>
				<timestamp>2970.710967</timestamp>
			</report>
			<report>
				<misses>10255001</misses>
				<total>48</total>
				<timestamp>2971.000707</timestamp>
			</report>
			<report>
				<misses>10256001</misses>
				<total>48</total>
				<timestamp>2971.290311</timestamp>
			</report>
			<report>
				<misses>10257001</misses>
				<total>48</total>
				<timestamp>2971.580076</timestamp>
			</report>
			<report>
				<misses>10258001</misses>
				<total>48</total>
				<timestamp>2971.869726</timestamp>
			</report>
			<report>
				<misses>10259001</misses>
				<total>48</total>
				<timestamp>2972.159463</timestamp>
			</report>
			<report>
				<misses>10260001</misses>
				<total>48</total>
				<timestamp>2972.449136</timestamp>
			</report>
			<report>
				<misses>10261001</misses>
				<total>48</total>
				<timestamp>2972.738848</timestamp>
			</report>
			<report>
				<misses>10262001</misses>
				<total>48</total>
				<timestamp>2973.028694</timestamp>
			</report>
			<report>
				<misses>10263001</misses>
				<total>48</total>
				<timestamp>2973.318272</timestamp>
			</report>
			<report>
				<misses>10264001</misses>
				<total>48</total>
				<timestamp>2973.607976</timestamp>
			</report>
			<report>
				<misses>10265001</misses>
				<total>48</total>
				<timestamp>2973.897740</timestamp>
			</report>
			<report>
				<misses>10266001</misses>
				<total>48</total>
				<timestamp>2974.187457</timestamp>
			</report>
			<report>
				<misses>10267001</misses>
				<total>48</total>
				<timestamp>2974.477106</timestamp>
			</report>
			<report>
				<misses>10268001</misses>
				<total>48</total>
				<timestamp>2974.766818</timestamp>
			</report>
			<report>
				<misses>10269001</misses>
				<total>48</total>
				<timestamp>2975.056527</timestamp>
			</report>
			<report>
				<misses>10270001</misses>
				<total>48</total>
				<timestamp>2975.346300</timestamp>
			</report>
			<report>
				<misses>10271001</misses>
				<total>48</total>
				<timestamp>2975.635945</timestamp>
			</report>
			<report>
				<misses>10272001</misses>
				<total>48</total>
				<timestamp>2975.925674</timestamp>
			</report>
			<report>
				<misses>10273001</misses>
				<total>48</total>
				<timestamp>2976.215452</timestamp>
			</report>
			<report>
				<misses>10274001</misses>
				<total>48</total>
				<timestamp>2976.505078</timestamp>
			</report>
			<report>
				<misses>10275001</misses>
				<total>48</total>
				<timestamp>2976.794821</timestamp>
			</report>
			<report>
				<misses>10276001</misses>
				<total>48</total>
				<timestamp>2977.084553</timestamp>
			</report>
			<report>
				<misses>10277001</misses>
				<total>48</total>
				<timestamp>2977.374349</timestamp>
			</report>
			<report>
				<misses>10278001</misses>
				<total>48</total>
				<timestamp>2977.663951</timestamp>
			</report>
			<report>
				<misses>10279001</misses>
				<total>48</total>
				<timestamp>2977.953657</timestamp>
			</report>
			<report>
				<misses>10280001</misses>
				<total>48</total>
				<timestamp>2978.243384</timestamp>
			</report>
			<report>
				<misses>10281001</misses>
				<total>48</total>
				<timestamp>2978.533040</timestamp>
			</report>
			<report>
				<misses>10282001</misses>
				<total>48</total>
				<timestamp>2978.822762</timestamp>
			</report>
			<report>
				<misses>10283001</misses>
				<total>48</total>
				<timestamp>2979.112453</timestamp>
			</report>
			<report>
				<misses>10284001</misses>
				<total>48</total>
				<timestamp>2979.402233</timestamp>
			</report>
			<report>
				<misses>10285001</misses>
				<total>48</total>
				<timestamp>2979.691893</timestamp>
			</report>
			<report>
				<misses>10286001</misses>
				<total>48</total>
				<timestamp>2979.981610</timestamp>
			</report>
			<report>
				<misses>10287001</misses>
				<total>48</total>
				<timestamp>2980.271291</timestamp>
			</report>
			<report>
				<misses>10288001</misses>
				<total>48</total>
				<timestamp>2980.561024</timestamp>
			</report>
			<report>
				<misses>10289001</misses>
				<total>48</total>
				<timestamp>2980.850725</timestamp>
			</report>
			<report>
				<misses>10290001</misses>
				<total>48</total>
				<timestamp>2981.140444</timestamp>
			</report>
			<report>
				<misses>10291001</misses>
				<total>48</total>
				<timestamp>2981.430154</timestamp>
			</report>
			<report>
				<misses>10292001</misses>
				<total>48</total>
				<timestamp>2981.719856</timestamp>
			</report>
			<report>
				<misses>10293001</misses>
				<total>48</total>
				<timestamp>2982.009593</timestamp>
			</report>
			<report>
				<misses>10294001</misses>
				<total>48</total>
				<timestamp>2982.299271</timestamp>
			</report>
			<report>
				<misses>10295001</misses>
				<total>48</total>
				<timestamp>2982.589012</timestamp>
			</report>
			<report>
				<misses>10296001</misses>
				<total>48</total>
				<timestamp>2982.878679</timestamp>
			</report>
			<report>
				<misses>10297001</misses>
				<total>48</total>
				<timestamp>2983.168392</timestamp>
			</report>
			<report>
				<misses>10298001</misses>
				<total>48</total>
				<timestamp>2983.458163</timestamp>
			</report>
			<report>
				<misses>10299001</misses>
				<total>48</total>
				<timestamp>2983.747818</timestamp>
			</report>
			<report>
				<misses>10300001</misses>
				<total>48</total>
				<timestamp>2984.037537</timestamp>
			</report>
			<report>
				<misses>10301001</misses>
				<total>48</total>
				<timestamp>2984.327234</timestamp>
			</report>
			<report>
				<misses>10302001</misses>
				<total>48</total>
				<timestamp>2984.616970</timestamp>
			</report>
			<report>
				<misses>10303001</misses>
				<total>48</total>
				<timestamp>2984.906678</timestamp>
			</report>
			<report>
				<misses>10304001</misses>
				<total>48</total>
				<timestamp>2985.196382</timestamp>
			</report>
			<report>
				<misses>10305001</misses>
				<total>48</total>
				<timestamp>2985.486121</timestamp>
			</report>
			<report>
				<misses>10306001</misses>
				<total>48</total>
				<timestamp>2985.775784</timestamp>
			</report>
			<report>
				<misses>10307001</misses>
				<total>48</total>
				<timestamp>2986.065553</timestamp>
			</report>
			<report>
				<misses>10308001</misses>
				<total>48</total>
				<timestamp>2986.355216</timestamp>
			</report>
			<report>
				<misses>10309001</misses>
				<total>48</total>
				<timestamp>2986.644952</timestamp>
			</report>
			<report>
				<misses>10310001</misses>
				<total>48</total>
				<timestamp>2986.934682</timestamp>
			</report>
			<report>
				<misses>10311001</misses>
				<total>48</total>
				<timestamp>2987.224351</timestamp>
			</report>
			<report>
				<misses>10312001</misses>
				<total>48</total>
				<timestamp>2987.514062</timestamp>
			</report>
			<report>
				<misses>10313001</misses>
				<total>48</total>
				<timestamp>2987.803895</timestamp>
			</report>
			<report>
				<misses>10314001</misses>
				<total>48</total>
				<timestamp>2988.093609</timestamp>
			</report>
			<report>
				<misses>10315001</misses>
				<total>48</total>
				<timestamp>2988.383253</timestamp>
			</report>
			<report>
				<misses>10316001</misses>
				<total>48</total>
				<timestamp>2988.673015</timestamp>
			</report>
			<report>
				<misses>10317001</misses>
				<total>48</total>
				<timestamp>2988.962728</timestamp>
			</report>
			<report>
				<misses>10318001</misses>
				<total>48</total>
				<timestamp>2989.252429</timestamp>
			</report>
			<report>
				<misses>10319001</misses>
				<total>48</total>
				<timestamp>2989.542046</timestamp>
			</report>
			<report>
				<misses>10320001</misses>
				<total>48</total>
				<timestamp>2989.831747</timestamp>
			</report>
			<report>
				<misses>10321001</misses>
				<total>48</total>
				<timestamp>2990.121449</timestamp>
			</report>
			<report>
				<misses>10322001</misses>
				<total>48</total>
				<timestamp>2990.411186</timestamp>
			</report>
			<report>
				<misses>10323001</misses>
				<total>48</total>
				<timestamp>2990.700877</timestamp>
			</report>
			<report>
				<misses>10324001</misses>
				<total>48</total>
				<timestamp>2990.990581</timestamp>
			</report>
			<report>
				<misses>10325001</misses>
				<total>48</total>
				<timestamp>2991.280347</timestamp>
			</report>
			<report>
				<misses>10326001</misses>
				<total>48</total>
				<timestamp>2991.569998</timestamp>
			</report>
			<report>
				<misses>10327001</misses>
				<total>48</total>
				<timestamp>2991.859711</timestamp>
			</report>
			<report>
				<misses>10328001</misses>
				<total>48</total>
				<timestamp>2992.149439</timestamp>
			</report>
			<report>
				<misses>10329001</misses>
				<total>48</total>
				<timestamp>2992.439150</timestamp>
			</report>
			<report>
				<misses>10330001</misses>
				<total>48</total>
				<timestamp>2992.728841</timestamp>
			</report>
			<report>
				<misses>10331001</misses>
				<total>48</total>
				<timestamp>2993.018545</timestamp>
			</report>
			<report>
				<misses>10332001</misses>
				<total>48</total>
				<timestamp>2993.308312</timestamp>
			</report>
			<report>
				<misses>10333001</misses>
				<total>48</total>
				<timestamp>2993.597991</timestamp>
			</report>
			<report>
				<misses>10334001</misses>
				<total>48</total>
				<timestamp>2993.887683</timestamp>
			</report>
			<report>
				<misses>10335001</misses>
				<total>48</total>
				<timestamp>2994.177389</timestamp>
			</report>
			<report>
				<misses>10336001</misses>
				<total>48</total>
				<timestamp>2994.467148</timestamp>
			</report>
			<report>
				<misses>10337001</misses>
				<total>48</total>
				<timestamp>2994.756799</timestamp>
			</report>
			<report>
				<misses>10338001</misses>
				<total>48</total>
				<timestamp>2995.046550</timestamp>
			</report>
			<report>
				<misses>10339001</misses>
				<total>48</total>
				<timestamp>2995.336294</timestamp>
			</report>
			<report>
				<misses>10340001</misses>
				<total>48</total>
				<timestamp>2995.625941</timestamp>
			</report>
			<report>
				<misses>10341001</misses>
				<total>48</total>
				<timestamp>2995.915660</timestamp>
			</report>
			<report>
				<misses>10342001</misses>
				<total>48</total>
				<timestamp>2996.205350</timestamp>
			</report>
			<report>
				<misses>10343001</misses>
				<total>48</total>
				<timestamp>2996.495155</timestamp>
			</report>
			<report>
				<misses>10344001</misses>
				<total>48</total>
				<timestamp>2996.784769</timestamp>
			</report>
			<report>
				<misses>10345001</misses>
				<total>48</total>
				<timestamp>2997.074487</timestamp>
			</report>
			<report>
				<misses>10346001</misses>
				<total>48</total>
				<timestamp>2997.364197</timestamp>
			</report>
			<report>
				<misses>10347001</misses>
				<total>48</total>
				<timestamp>2997.653923</timestamp>
			</report>
			<report>
				<misses>10348001</misses>
				<total>48</total>
				<timestamp>2997.943664</timestamp>
			</report>
			<report>
				<misses>10349001</misses>
				<total>48</total>
				<timestamp>2998.233341</timestamp>
			</report>
			<report>
				<misses>10350001</misses>
				<total>48</total>
				<timestamp>2998.523047</timestamp>
			</report>
			<report>
				<misses>10351001</misses>
				<total>48</total>
				<timestamp>2998.812764</timestamp>
			</report>
			<report>
				<misses>10352001</misses>
				<total>48</total>
				<timestamp>2999.102453</timestamp>
			</report>
			<report>
				<misses>10353001</misses>
				<total>48</total>
				<timestamp>2999.392209</timestamp>
			</report>
			<report>
				<misses>10354001</misses>
				<total>48</total>
				<timestamp>2999.681874</timestamp>
			</report>
			<report>
				<misses>10355001</misses>
				<total>48</total>
				<timestamp>2999.971587</timestamp>
			</report>
			<report>
				<misses>10356001</misses>
				<total>48</total>
				<timestamp>3000.261287</timestamp>
			</report>
			<report>
				<misses>10357001</misses>
				<total>48</total>
				<timestamp>3000.551009</timestamp>
			</report>
			<report>
				<misses>10358001</misses>
				<total>48</total>
				<timestamp>3000.840726</timestamp>
			</report>
			<report>
				<misses>10359001</misses>
				<total>48</total>
				<timestamp>3001.130418</timestamp>
			</report>
			<report>
				<misses>10360001</misses>
				<total>48</total>
				<timestamp>3001.420134</timestamp>
			</report>
			<report>
				<misses>10361001</misses>
				<total>48</total>
				<timestamp>3001.709853</timestamp>
			</report>
			<report>
				<misses>10362001</misses>
				<total>48</total>
				<timestamp>3001.999570</timestamp>
			</report>
			<report>
				<misses>10363001</misses>
				<total>48</total>
				<timestamp>3002.289257</timestamp>
			</report>
			<report>
				<misses>10364001</misses>
				<total>48</total>
				<timestamp>3002.578991</timestamp>
			</report>
			<report>
				<misses>10365001</misses>
				<total>48</total>
				<timestamp>3002.868701</timestamp>
			</report>
			<report>
				<misses>10366001</misses>
				<total>48</total>
				<timestamp>3003.158390</timestamp>
			</report>
			<report>
				<misses>10367001</misses>
				<total>48</total>
				<timestamp>3003.448141</timestamp>
			</report>
			<report>
				<misses>10368001</misses>
				<total>48</total>
				<timestamp>3003.737803</timestamp>
			</report>
			<report>
				<misses>10369001</misses>
				<total>48</total>
				<timestamp>3004.027525</timestamp>
			</report>
			<report>
				<misses>10370001</misses>
				<total>48</total>
				<timestamp>3004.317250</timestamp>
			</report>
			<report>
				<misses>10371001</misses>
				<total>48</total>
				<timestamp>3004.606952</timestamp>
			</report>
			<report>
				<misses>10372001</misses>
				<total>48</total>
				<timestamp>3004.896672</timestamp>
			</report>
			<report>
				<misses>10373001</misses>
				<total>48</total>
				<timestamp>3005.186389</timestamp>
			</report>
			<report>
				<misses>10374001</misses>
				<total>48</total>
				<timestamp>3005.476085</timestamp>
			</report>
			<report>
				<misses>10375001</misses>
				<total>48</total>
				<timestamp>3005.765836</timestamp>
			</report>
			<report>
				<misses>10376001</misses>
				<total>48</total>
				<timestamp>3006.055538</timestamp>
			</report>
			<report>
				<misses>10377001</misses>
				<total>48</total>
				<timestamp>3006.345221</timestamp>
			</report>
			<report>
				<misses>10378001</misses>
				<total>48</total>
				<timestamp>3006.634927</timestamp>
			</report>
			<report>
				<misses>10379001</misses>
				<total>48</total>
				<timestamp>3006.924624</timestamp>
			</report>
			<report>
				<misses>10380001</misses>
				<total>48</total>
				<timestamp>3007.214322</timestamp>
			</report>
			<report>
				<misses>10381001</misses>
				<total>48</total>
				<timestamp>3007.504106</timestamp>
			</report>
			<report>
				<misses>10382001</misses>
				<total>48</total>
				<timestamp>3007.793760</timestamp>
			</report>
			<report>
				<misses>10383001</misses>
				<total>48</total>
				<timestamp>3008.083498</timestamp>
			</report>
			<report>
				<misses>10384001</misses>
				<total>48</total>
				<timestamp>3008.373198</timestamp>
			</report>
			<report>
				<misses>10385001</misses>
				<total>48</total>
				<timestamp>3008.662976</timestamp>
			</report>
			<report>
				<misses>10386001</misses>
				<total>48</total>
				<timestamp>3008.952616</timestamp>
			</report>
			<report>
				<misses>10387001</misses>
				<total>48</total>
				<timestamp>3009.242319</timestamp>
			</report>
			<report>
				<misses>10388001</misses>
				<total>48</total>
				<timestamp>3009.532078</timestamp>
			</report>
			<report>
				<misses>10389001</misses>
				<total>48</total>
				<timestamp>3009.821811</timestamp>
			</report>
			<report>
				<misses>10390001</misses>
				<total>48</total>
				<timestamp>3010.111470</timestamp>
			</report>
			<report>
				<misses>10391001</misses>
				<total>48</total>
				<timestamp>3010.401230</timestamp>
			</report>
			<report>
				<misses>10392001</misses>
				<total>48</total>
				<timestamp>3010.690861</timestamp>
			</report>
			<report>
				<misses>10393001</misses>
				<total>48</total>
				<timestamp>3010.980571</timestamp>
			</report>
			<report>
				<misses>10394001</misses>
				<total>48</total>
				<timestamp>3011.270309</timestamp>
			</report>
			<report>
				<misses>10395001</misses>
				<total>48</total>
				<timestamp>3011.560108</timestamp>
			</report>
			<report>
				<misses>10396001</misses>
				<total>48</total>
				<timestamp>3011.849696</timestamp>
			</report>
			<report>
				<misses>10397001</misses>
				<total>48</total>
				<timestamp>3012.139530</timestamp>
			</report>
			<report>
				<misses>10398001</misses>
				<total>48</total>
				<timestamp>3012.429183</timestamp>
			</report>
			<report>
				<misses>10399001</misses>
				<total>48</total>
				<timestamp>3012.718946</timestamp>
			</report>
			<report>
				<misses>10400001</misses>
				<total>48</total>
				<timestamp>3013.008597</timestamp>
			</report>
			<report>
				<misses>10401001</misses>
				<total>48</total>
				<timestamp>3013.298301</timestamp>
			</report>
			<report>
				<misses>10402001</misses>
				<total>48</total>
				<timestamp>3013.587995</timestamp>
			</report>
			<report>
				<misses>10403001</misses>
				<total>48</total>
				<timestamp>3013.877752</timestamp>
			</report>
			<report>
				<misses>10404001</misses>
				<total>48</total>
				<timestamp>3014.167501</timestamp>
			</report>
			<report>
				<misses>10405001</misses>
				<total>48</total>
				<timestamp>3014.457091</timestamp>
			</report>
			<report>
				<misses>10406001</misses>
				<total>48</total>
				<timestamp>3014.746797</timestamp>
			</report>
			<report>
				<misses>10407001</misses>
				<total>48</total>
				<timestamp>3015.036548</timestamp>
			</report>
			<report>
				<misses>10408001</misses>
				<total>48</total>
				<timestamp>3015.326226</timestamp>
			</report>
			<report>
				<misses>10409001</misses>
				<total>48</total>
				<timestamp>3015.615955</timestamp>
			</report>
			<report>
				<misses>10410001</misses>
				<total>48</total>
				<timestamp>3015.905735</timestamp>
			</report>
			<report>
				<misses>10411001</misses>
				<total>48</total>
				<timestamp>3016.195378</timestamp>
			</report>
			<report>
				<misses>10412001</misses>
				<total>48</total>
				<timestamp>3016.485213</timestamp>
			</report>
			<report>
				<misses>10413001</misses>
				<total>48</total>
				<timestamp>3016.774818</timestamp>
			</report>
			<report>
				<misses>10414001</misses>
				<total>48</total>
				<timestamp>3017.064511</timestamp>
			</report>
			<report>
				<misses>10415001</misses>
				<total>48</total>
				<timestamp>3017.354237</timestamp>
			</report>
			<report>
				<misses>10416001</misses>
				<total>48</total>
				<timestamp>3017.643913</timestamp>
			</report>
			<report>
				<misses>10417001</misses>
				<total>48</total>
				<timestamp>3017.933631</timestamp>
			</report>
			<report>
				<misses>10418001</misses>
				<total>48</total>
				<timestamp>3018.223335</timestamp>
			</report>
			<report>
				<misses>10419001</misses>
				<total>48</total>
				<timestamp>3018.513091</timestamp>
			</report>
			<report>
				<misses>10420001</misses>
				<total>48</total>
				<timestamp>3018.802752</timestamp>
			</report>
			<report>
				<misses>10421001</misses>
				<total>48</total>
				<timestamp>3019.092516</timestamp>
			</report>
			<report>
				<misses>10422001</misses>
				<total>48</total>
				<timestamp>3019.382183</timestamp>
			</report>
			<report>
				<misses>10423001</misses>
				<total>48</total>
				<timestamp>3019.671975</timestamp>
			</report>
			<report>
				<misses>10424001</misses>
				<total>48</total>
				<timestamp>3019.961591</timestamp>
			</report>
			<report>
				<misses>10425001</misses>
				<total>48</total>
				<timestamp>3020.251299</timestamp>
			</report>
			<report>
				<misses>10426001</misses>
				<total>48</total>
				<timestamp>3020.541025</timestamp>
			</report>
			<report>
				<misses>10427001</misses>
				<total>48</total>
				<timestamp>3020.830694</timestamp>
			</report>
			<report>
				<misses>10428001</misses>
				<total>48</total>
				<timestamp>3021.120396</timestamp>
			</report>
			<report>
				<misses>10429001</misses>
				<total>48</total>
				<timestamp>3021.410220</timestamp>
			</report>
			<report>
				<misses>10430001</misses>
				<total>48</total>
				<timestamp>3021.699835</timestamp>
			</report>
			<report>
				<misses>10431001</misses>
				<total>48</total>
				<timestamp>3021.989658</timestamp>
			</report>
			<report>
				<misses>10432001</misses>
				<total>48</total>
				<timestamp>3022.279269</timestamp>
			</report>
			<report>
				<misses>10433001</misses>
				<total>48</total>
				<timestamp>3022.569049</timestamp>
			</report>
			<report>
				<misses>10434001</misses>
				<total>48</total>
				<timestamp>3022.858821</timestamp>
			</report>
			<report>
				<misses>10435001</misses>
				<total>48</total>
				<timestamp>3023.148500</timestamp>
			</report>
			<report>
				<misses>10436001</misses>
				<total>48</total>
				<timestamp>3023.438173</timestamp>
			</report>
			<report>
				<misses>10437001</misses>
				<total>48</total>
				<timestamp>3023.727853</timestamp>
			</report>
			<report>
				<misses>10438001</misses>
				<total>48</total>
				<timestamp>3024.017520</timestamp>
			</report>
			<report>
				<misses>10439001</misses>
				<total>48</total>
				<timestamp>3024.307319</timestamp>
			</report>
			<report>
				<misses>10440001</misses>
				<total>48</total>
				<timestamp>3024.597000</timestamp>
			</report>
			<report>
				<misses>10441001</misses>
				<total>48</total>
				<timestamp>3024.886666</timestamp>
			</report>
			<report>
				<misses>10442001</misses>
				<total>48</total>
				<timestamp>3025.176462</timestamp>
			</report>
			<report>
				<misses>10443001</misses>
				<total>48</total>
				<timestamp>3025.466104</timestamp>
			</report>
			<report>
				<misses>10444001</misses>
				<total>48</total>
				<timestamp>3025.755807</timestamp>
			</report>
			<report>
				<misses>10445001</misses>
				<total>48</total>
				<timestamp>3026.045603</timestamp>
			</report>
			<report>
				<misses>10446001</misses>
				<total>48</total>
				<timestamp>3026.335222</timestamp>
			</report>
			<report>
				<misses>10447001</misses>
				<total>48</total>
				<timestamp>3026.624958</timestamp>
			</report>
			<report>
				<misses>10448001</misses>
				<total>48</total>
				<timestamp>3026.914678</timestamp>
			</report>
			<report>
				<misses>10449001</misses>
				<total>48</total>
				<timestamp>3027.204407</timestamp>
			</report>
			<report>
				<misses>10450001</misses>
				<total>48</total>
				<timestamp>3027.494080</timestamp>
			</report>
			<report>
				<misses>10451001</misses>
				<total>48</total>
				<timestamp>3027.783750</timestamp>
			</report>
			<report>
				<misses>10452001</misses>
				<total>48</total>
				<timestamp>3028.073558</timestamp>
			</report>
			<report>
				<misses>10453001</misses>
				<total>48</total>
				<timestamp>3028.363315</timestamp>
			</report>
			<report>
				<misses>10454001</misses>
				<total>48</total>
				<timestamp>3028.652935</timestamp>
			</report>
			<report>
				<misses>10455001</misses>
				<total>48</total>
				<timestamp>3028.942621</timestamp>
			</report>
			<report>
				<misses>10456001</misses>
				<total>48</total>
				<timestamp>3029.232294</timestamp>
			</report>
			<report>
				<misses>10457001</misses>
				<total>48</total>
				<timestamp>3029.522061</timestamp>
			</report>
			<report>
				<misses>10458001</misses>
				<total>48</total>
				<timestamp>3029.811741</timestamp>
			</report>
			<report>
				<misses>10459001</misses>
				<total>48</total>
				<timestamp>3030.101461</timestamp>
			</report>
			<report>
				<misses>10460001</misses>
				<total>48</total>
				<timestamp>3030.391154</timestamp>
			</report>
			<report>
				<misses>10461001</misses>
				<total>48</total>
				<timestamp>3030.680893</timestamp>
			</report>
			<report>
				<misses>10462001</misses>
				<total>48</total>
				<timestamp>3030.970570</timestamp>
			</report>
			<report>
				<misses>10463001</misses>
				<total>48</total>
				<timestamp>3031.260273</timestamp>
			</report>
			<report>
				<misses>10464001</misses>
				<total>48</total>
				<timestamp>3031.550121</timestamp>
			</report>
			<report>
				<misses>10465001</misses>
				<total>48</total>
				<timestamp>3031.839701</timestamp>
			</report>
			<report>
				<misses>10466001</misses>
				<total>48</total>
				<timestamp>3032.129481</timestamp>
			</report>
			<report>
				<misses>10467001</misses>
				<total>48</total>
				<timestamp>3032.419116</timestamp>
			</report>
			<report>
				<misses>10468001</misses>
				<total>48</total>
				<timestamp>3032.708857</timestamp>
			</report>
			<report>
				<misses>10469001</misses>
				<total>48</total>
				<timestamp>3032.998552</timestamp>
			</report>
			<report>
				<misses>10470001</misses>
				<total>48</total>
				<timestamp>3033.288263</timestamp>
			</report>
			<report>
				<misses>10471001</misses>
				<total>48</total>
				<timestamp>3033.577959</timestamp>
			</report>
			<report>
				<misses>10472001</misses>
				<total>48</total>
				<timestamp>3033.867728</timestamp>
			</report>
			<report>
				<misses>10473001</misses>
				<total>48</total>
				<timestamp>3034.157382</timestamp>
			</report>
			<report>
				<misses>10474001</misses>
				<total>48</total>
				<timestamp>3034.447126</timestamp>
			</report>
			<report>
				<misses>10475001</misses>
				<total>48</total>
				<timestamp>3034.736897</timestamp>
			</report>
			<report>
				<misses>10476001</misses>
				<total>48</total>
				<timestamp>3035.026544</timestamp>
			</report>
			<report>
				<misses>10477001</misses>
				<total>48</total>
				<timestamp>3035.316317</timestamp>
			</report>
			<report>
				<misses>10478001</misses>
				<total>48</total>
				<timestamp>3035.606049</timestamp>
			</report>
			<report>
				<misses>10479001</misses>
				<total>48</total>
				<timestamp>3035.895734</timestamp>
			</report>
			<report>
				<misses>10480001</misses>
				<total>48</total>
				<timestamp>3036.185414</timestamp>
			</report>
			<report>
				<misses>10481001</misses>
				<total>48</total>
				<timestamp>3036.475071</timestamp>
			</report>
			<report>
				<misses>10482001</misses>
				<total>48</total>
				<timestamp>3036.764780</timestamp>
			</report>
			<report>
				<misses>10483001</misses>
				<total>48</total>
				<timestamp>3037.054582</timestamp>
			</report>
			<report>
				<misses>10484001</misses>
				<total>48</total>
				<timestamp>3037.344188</timestamp>
			</report>
			<report>
				<misses>10485001</misses>
				<total>48</total>
				<timestamp>3037.633910</timestamp>
			</report>
			<report>
				<misses>10486001</misses>
				<total>48</total>
				<timestamp>3037.923612</timestamp>
			</report>
			<report>
				<misses>10487001</misses>
				<total>48</total>
				<timestamp>3038.213306</timestamp>
			</report>
			<report>
				<misses>10488001</misses>
				<total>48</total>
				<timestamp>3038.503065</timestamp>
			</report>
			<report>
				<misses>10489001</misses>
				<total>48</total>
				<timestamp>3038.792727</timestamp>
			</report>
			<report>
				<misses>10490001</misses>
				<total>48</total>
				<timestamp>3039.082445</timestamp>
			</report>
			<report>
				<misses>10491001</misses>
				<total>48</total>
				<timestamp>3039.372147</timestamp>
			</report>
			<report>
				<misses>10492001</misses>
				<total>48</total>
				<timestamp>3039.661942</timestamp>
			</report>
			<report>
				<misses>10493001</misses>
				<total>48</total>
				<timestamp>3039.951639</timestamp>
			</report>
			<report>
				<misses>10494001</misses>
				<total>48</total>
				<timestamp>3040.241383</timestamp>
			</report>
			<report>
				<misses>10495001</misses>
				<total>48</total>
				<timestamp>3040.531095</timestamp>
			</report>
			<report>
				<misses>10496001</misses>
				<total>48</total>
				<timestamp>3040.820687</timestamp>
			</report>
			<report>
				<misses>10497001</misses>
				<total>48</total>
				<timestamp>3041.110411</timestamp>
			</report>
			<report>
				<misses>10498001</misses>
				<total>48</total>
				<timestamp>3041.400103</timestamp>
			</report>
			<report>
				<misses>10499001</misses>
				<total>48</total>
				<timestamp>3041.689882</timestamp>
			</report>
			<report>
				<misses>10500001</misses>
				<total>48</total>
				<timestamp>3041.979682</timestamp>
			</report>
			<report>
				<misses>10501001</misses>
				<total>48</total>
				<timestamp>3042.269268</timestamp>
			</report>
			<report>
				<misses>10502001</misses>
				<total>48</total>
				<timestamp>3042.558973</timestamp>
			</report>
			<report>
				<misses>10503001</misses>
				<total>48</total>
				<timestamp>3042.848706</timestamp>
			</report>
			<report>
				<misses>10504001</misses>
				<total>48</total>
				<timestamp>3043.138392</timestamp>
			</report>
			<report>
				<misses>10505001</misses>
				<total>48</total>
				<timestamp>3043.428078</timestamp>
			</report>
			<report>
				<misses>10506001</misses>
				<total>48</total>
				<timestamp>3043.717882</timestamp>
			</report>
			<report>
				<misses>10507001</misses>
				<total>48</total>
				<timestamp>3044.007500</timestamp>
			</report>
			<report>
				<misses>10508001</misses>
				<total>48</total>
				<timestamp>3044.297215</timestamp>
			</report>
			<report>
				<misses>10509001</misses>
				<total>48</total>
				<timestamp>3044.586943</timestamp>
			</report>
			<report>
				<misses>10510001</misses>
				<total>48</total>
				<timestamp>3044.876628</timestamp>
			</report>
			<report>
				<misses>10511001</misses>
				<total>48</total>
				<timestamp>3045.166331</timestamp>
			</report>
			<report>
				<misses>10512001</misses>
				<total>48</total>
				<timestamp>3045.456053</timestamp>
			</report>
			<report>
				<misses>10513001</misses>
				<total>48</total>
				<timestamp>3045.745801</timestamp>
			</report>
			<report>
				<misses>10514001</misses>
				<total>48</total>
				<timestamp>3046.035473</timestamp>
			</report>
			<report>
				<misses>10515001</misses>
				<total>48</total>
				<timestamp>3046.325204</timestamp>
			</report>
			<report>
				<misses>10516001</misses>
				<total>48</total>
				<timestamp>3046.614952</timestamp>
			</report>
			<report>
				<misses>10517001</misses>
				<total>48</total>
				<timestamp>3046.904614</timestamp>
			</report>
			<report>
				<misses>10518001</misses>
				<total>48</total>
				<timestamp>3047.194335</timestamp>
			</report>
			<report>
				<misses>10519001</misses>
				<total>48</total>
				<timestamp>3047.484010</timestamp>
			</report>
			<report>
				<misses>10520001</misses>
				<total>48</total>
				<timestamp>3047.773784</timestamp>
			</report>
			<report>
				<misses>10521001</misses>
				<total>48</total>
				<timestamp>3048.063444</timestamp>
			</report>
			<report>
				<misses>10522001</misses>
				<total>48</total>
				<timestamp>3048.353154</timestamp>
			</report>
			<report>
				<misses>10523001</misses>
				<total>48</total>
				<timestamp>3048.642952</timestamp>
			</report>
			<report>
				<misses>10524001</misses>
				<total>48</total>
				<timestamp>3048.932688</timestamp>
			</report>
			<report>
				<misses>10525001</misses>
				<total>48</total>
				<timestamp>3049.222335</timestamp>
			</report>
			<report>
				<misses>10526001</misses>
				<total>48</total>
				<timestamp>3049.512108</timestamp>
			</report>
			<report>
				<misses>10527001</misses>
				<total>48</total>
				<timestamp>3049.801826</timestamp>
			</report>
			<report>
				<misses>10528001</misses>
				<total>48</total>
				<timestamp>3050.091444</timestamp>
			</report>
			<report>
				<misses>10529001</misses>
				<total>48</total>
				<timestamp>3050.381210</timestamp>
			</report>
			<report>
				<misses>10530001</misses>
				<total>48</total>
				<timestamp>3050.670970</timestamp>
			</report>
			<report>
				<misses>10531001</misses>
				<total>48</total>
				<timestamp>3050.960574</timestamp>
			</report>
			<report>
				<misses>10532001</misses>
				<total>48</total>
				<timestamp>3051.250406</timestamp>
			</report>
			<report>
				<misses>10533001</misses>
				<total>48</total>
				<timestamp>3051.540004</timestamp>
			</report>
			<report>
				<misses>10534001</misses>
				<total>48</total>
				<timestamp>3051.829702</timestamp>
			</report>
			<report>
				<misses>10535001</misses>
				<total>48</total>
				<timestamp>3052.119372</timestamp>
			</report>
			<report>
				<misses>10536001</misses>
				<total>48</total>
				<timestamp>3052.409149</timestamp>
			</report>
			<report>
				<misses>10537001</misses>
				<total>48</total>
				<timestamp>3052.698829</timestamp>
			</report>
			<report>
				<misses>10538001</misses>
				<total>48</total>
				<timestamp>3052.988571</timestamp>
			</report>
			<report>
				<misses>10539001</misses>
				<total>48</total>
				<timestamp>3053.278242</timestamp>
			</report>
			<report>
				<misses>10540001</misses>
				<total>48</total>
				<timestamp>3053.567946</timestamp>
			</report>
			<report>
				<misses>10541001</misses>
				<total>48</total>
				<timestamp>3053.857722</timestamp>
			</report>
			<report>
				<misses>10542001</misses>
				<total>48</total>
				<timestamp>3054.147469</timestamp>
			</report>
			<report>
				<misses>10543001</misses>
				<total>48</total>
				<timestamp>3054.437087</timestamp>
			</report>
			<report>
				<misses>10544001</misses>
				<total>48</total>
				<timestamp>3054.726921</timestamp>
			</report>
			<report>
				<misses>10545001</misses>
				<total>48</total>
				<timestamp>3055.016489</timestamp>
			</report>
			<report>
				<misses>10546001</misses>
				<total>48</total>
				<timestamp>3055.306251</timestamp>
			</report>
			<report>
				<misses>10547001</misses>
				<total>48</total>
				<timestamp>3055.595904</timestamp>
			</report>
			<report>
				<misses>10548001</misses>
				<total>48</total>
				<timestamp>3055.885627</timestamp>
			</report>
			<report>
				<misses>10549001</misses>
				<total>48</total>
				<timestamp>3056.175437</timestamp>
			</report>
			<report>
				<misses>10550001</misses>
				<total>48</total>
				<timestamp>3056.465054</timestamp>
			</report>
			<report>
				<misses>10551001</misses>
				<total>48</total>
				<timestamp>3056.754842</timestamp>
			</report>
			<report>
				<misses>10552001</misses>
				<total>48</total>
				<timestamp>3057.044459</timestamp>
			</report>
			<report>
				<misses>10553001</misses>
				<total>48</total>
				<timestamp>3057.334172</timestamp>
			</report>
			<report>
				<misses>10554001</misses>
				<total>48</total>
				<timestamp>3057.623908</timestamp>
			</report>
			<report>
				<misses>10555001</misses>
				<total>48</total>
				<timestamp>3057.913592</timestamp>
			</report>
			<report>
				<misses>10556001</misses>
				<total>48</total>
				<timestamp>3058.203447</timestamp>
			</report>
			<report>
				<misses>10557001</misses>
				<total>48</total>
				<timestamp>3058.493096</timestamp>
			</report>
			<report>
				<misses>10558001</misses>
				<total>48</total>
				<timestamp>3058.782734</timestamp>
			</report>
			<report>
				<misses>10559001</misses>
				<total>48</total>
				<timestamp>3059.072439</timestamp>
			</report>
			<report>
				<misses>10560001</misses>
				<total>48</total>
				<timestamp>3059.362123</timestamp>
			</report>
			<report>
				<misses>10561001</misses>
				<total>48</total>
				<timestamp>3059.651893</timestamp>
			</report>
			<report>
				<misses>10562001</misses>
				<total>48</total>
				<timestamp>3059.941558</timestamp>
			</report>
			<report>
				<misses>10563001</misses>
				<total>48</total>
				<timestamp>3060.231270</timestamp>
			</report>
			<report>
				<misses>10564001</misses>
				<total>48</total>
				<timestamp>3060.521002</timestamp>
			</report>
			<report>
				<misses>10565001</misses>
				<total>48</total>
				<timestamp>3060.810734</timestamp>
			</report>
			<report>
				<misses>10566001</misses>
				<total>48</total>
				<timestamp>3061.100400</timestamp>
			</report>
			<report>
				<misses>10567001</misses>
				<total>48</total>
				<timestamp>3061.390095</timestamp>
			</report>
			<report>
				<misses>10568001</misses>
				<total>48</total>
				<timestamp>3061.679865</timestamp>
			</report>
			<report>
				<misses>10569001</misses>
				<total>48</total>
				<timestamp>3061.969529</timestamp>
			</report>
			<report>
				<misses>10570001</misses>
				<total>48</total>
				<timestamp>3062.259264</timestamp>
			</report>
			<report>
				<misses>10571001</misses>
				<total>48</total>
				<timestamp>3062.548952</timestamp>
			</report>
			<report>
				<misses>10572001</misses>
				<total>48</total>
				<timestamp>3062.838680</timestamp>
			</report>
			<report>
				<misses>10573001</misses>
				<total>48</total>
				<timestamp>3063.128383</timestamp>
			</report>
			<report>
				<misses>10574001</misses>
				<total>48</total>
				<timestamp>3063.418110</timestamp>
			</report>
			<report>
				<misses>10575001</misses>
				<total>48</total>
				<timestamp>3063.707870</timestamp>
			</report>
			<report>
				<misses>10576001</misses>
				<total>48</total>
				<timestamp>3063.997623</timestamp>
			</report>
			<report>
				<misses>10577001</misses>
				<total>48</total>
				<timestamp>3064.287364</timestamp>
			</report>
			<report>
				<misses>10578001</misses>
				<total>48</total>
				<timestamp>3064.577013</timestamp>
			</report>
			<report>
				<misses>10579001</misses>
				<total>48</total>
				<timestamp>3064.866719</timestamp>
			</report>
			<report>
				<misses>10580001</misses>
				<total>48</total>
				<timestamp>3065.156323</timestamp>
			</report>
			<report>
				<misses>10581001</misses>
				<total>48</total>
				<timestamp>3065.446081</timestamp>
			</report>
			<report>
				<misses>10582001</misses>
				<total>48</total>
				<timestamp>3065.735816</timestamp>
			</report>
			<report>
				<misses>10583001</misses>
				<total>48</total>
				<timestamp>3066.025466</timestamp>
			</report>
			<report>
				<misses>10584001</misses>
				<total>48</total>
				<timestamp>3066.315187</timestamp>
			</report>
			<report>
				<misses>10585001</misses>
				<total>48</total>
				<timestamp>3066.604898</timestamp>
			</report>
			<report>
				<misses>10586001</misses>
				<total>48</total>
				<timestamp>3066.894621</timestamp>
			</report>
			<report>
				<misses>10587001</misses>
				<total>48</total>
				<timestamp>3067.184296</timestamp>
			</report>
			<report>
				<misses>10588001</misses>
				<total>48</total>
				<timestamp>3067.474020</timestamp>
			</report>
			<report>
				<misses>10589001</misses>
				<total>48</total>
				<timestamp>3067.763771</timestamp>
			</report>
			<report>
				<misses>10590001</misses>
				<total>48</total>
				<timestamp>3068.053448</timestamp>
			</report>
			<report>
				<misses>10591001</misses>
				<total>48</total>
				<timestamp>3068.343158</timestamp>
			</report>
			<report>
				<misses>10592001</misses>
				<total>48</total>
				<timestamp>3068.632848</timestamp>
			</report>
			<report>
				<misses>10593001</misses>
				<total>48</total>
				<timestamp>3068.922575</timestamp>
			</report>
			<report>
				<misses>10594001</misses>
				<total>48</total>
				<timestamp>3069.212313</timestamp>
			</report>
			<report>
				<misses>10595001</misses>
				<total>48</total>
				<timestamp>3069.501990</timestamp>
			</report>
			<report>
				<misses>10596001</misses>
				<total>48</total>
				<timestamp>3069.791722</timestamp>
			</report>
			<report>
				<misses>10597001</misses>
				<total>48</total>
				<timestamp>3070.081394</timestamp>
			</report>
			<report>
				<misses>10598001</misses>
				<total>48</total>
				<timestamp>3070.371141</timestamp>
			</report>
			<report>
				<misses>10599001</misses>
				<total>48</total>
				<timestamp>3070.660889</timestamp>
			</report>
			<report>
				<misses>10600001</misses>
				<total>48</total>
				<timestamp>3070.950670</timestamp>
			</report>
			<report>
				<misses>10601001</misses>
				<total>48</total>
				<timestamp>3071.240328</timestamp>
			</report>
			<report>
				<misses>10602001</misses>
				<total>48</total>
				<timestamp>3071.530066</timestamp>
			</report>
			<report>
				<misses>10603001</misses>
				<total>48</total>
				<timestamp>3071.819802</timestamp>
			</report>
			<report>
				<misses>10604001</misses>
				<total>48</total>
				<timestamp>3072.109469</timestamp>
			</report>
			<report>
				<misses>10605001</misses>
				<total>48</total>
				<timestamp>3072.399142</timestamp>
			</report>
			<report>
				<misses>10606001</misses>
				<total>48</total>
				<timestamp>3072.688906</timestamp>
			</report>
			<report>
				<misses>10607001</misses>
				<total>48</total>
				<timestamp>3072.978593</timestamp>
			</report>
			<report>
				<misses>10608001</misses>
				<total>48</total>
				<timestamp>3073.268262</timestamp>
			</report>
			<report>
				<misses>10609001</misses>
				<total>48</total>
				<timestamp>3073.558044</timestamp>
			</report>
			<report>
				<misses>10610001</misses>
				<total>48</total>
				<timestamp>3073.847700</timestamp>
			</report>
			<report>
				<misses>10611001</misses>
				<total>48</total>
				<timestamp>3074.137382</timestamp>
			</report>
			<report>
				<misses>10612001</misses>
				<total>48</total>
				<timestamp>3074.427119</timestamp>
			</report>
			<report>
				<misses>10613001</misses>
				<total>48</total>
				<timestamp>3074.716878</timestamp>
			</report>
			<report>
				<misses>10614001</misses>
				<total>48</total>
				<timestamp>3075.006486</timestamp>
			</report>
			<report>
				<misses>10615001</misses>
				<total>48</total>
				<timestamp>3075.296186</timestamp>
			</report>
			<report>
				<misses>10616001</misses>
				<total>48</total>
				<timestamp>3075.585915</timestamp>
			</report>
			<report>
				<misses>10617001</misses>
				<total>48</total>
				<timestamp>3075.875654</timestamp>
			</report>
			<report>
				<misses>10618001</misses>
				<total>48</total>
				<timestamp>3076.165326</timestamp>
			</report>
			<report>
				<misses>10619001</misses>
				<total>48</total>
				<timestamp>3076.455023</timestamp>
			</report>
			<report>
				<misses>10620001</misses>
				<total>48</total>
				<timestamp>3076.744795</timestamp>
			</report>
			<report>
				<misses>10621001</misses>
				<total>48</total>
				<timestamp>3077.034454</timestamp>
			</report>
			<report>
				<misses>10622001</misses>
				<total>48</total>
				<timestamp>3077.324215</timestamp>
			</report>
			<report>
				<misses>10623001</misses>
				<total>48</total>
				<timestamp>3077.613870</timestamp>
			</report>
			<report>
				<misses>10624001</misses>
				<total>48</total>
				<timestamp>3077.903633</timestamp>
			</report>
			<report>
				<misses>10625001</misses>
				<total>48</total>
				<timestamp>3078.193277</timestamp>
			</report>
			<report>
				<misses>10626001</misses>
				<total>48</total>
				<timestamp>3078.482996</timestamp>
			</report>
			<report>
				<misses>10627001</misses>
				<total>48</total>
				<timestamp>3078.772724</timestamp>
			</report>
			<report>
				<misses>10628001</misses>
				<total>48</total>
				<timestamp>3079.062439</timestamp>
			</report>
			<report>
				<misses>10629001</misses>
				<total>48</total>
				<timestamp>3079.352137</timestamp>
			</report>
			<report>
				<misses>10630001</misses>
				<total>48</total>
				<timestamp>3079.641827</timestamp>
			</report>
			<report>
				<misses>10631001</misses>
				<total>48</total>
				<timestamp>3079.931547</timestamp>
			</report>
			<report>
				<misses>10632001</misses>
				<total>48</total>
				<timestamp>3080.221243</timestamp>
			</report>
			<report>
				<misses>10633001</misses>
				<total>48</total>
				<timestamp>3080.510957</timestamp>
			</report>
			<report>
				<misses>10634001</misses>
				<total>48</total>
				<timestamp>3080.800700</timestamp>
			</report>
			<report>
				<misses>10635001</misses>
				<total>48</total>
				<timestamp>3081.090383</timestamp>
			</report>
			<report>
				<misses>10636001</misses>
				<total>48</total>
				<timestamp>3081.380085</timestamp>
			</report>
			<report>
				<misses>10637001</misses>
				<total>48</total>
				<timestamp>3081.669891</timestamp>
			</report>
			<report>
				<misses>10638001</misses>
				<total>48</total>
				<timestamp>3081.959545</timestamp>
			</report>
			<report>
				<misses>10639001</misses>
				<total>48</total>
				<timestamp>3082.249222</timestamp>
			</report>
			<report>
				<misses>10640001</misses>
				<total>48</total>
				<timestamp>3082.538952</timestamp>
			</report>
			<report>
				<misses>10641001</misses>
				<total>48</total>
				<timestamp>3082.828701</timestamp>
			</report>
			<report>
				<misses>10642001</misses>
				<total>48</total>
				<timestamp>3083.118358</timestamp>
			</report>
			<report>
				<misses>10643001</misses>
				<total>48</total>
				<timestamp>3083.408088</timestamp>
			</report>
			<report>
				<misses>10644001</misses>
				<total>48</total>
				<timestamp>3083.697778</timestamp>
			</report>
			<report>
				<misses>10645001</misses>
				<total>48</total>
				<timestamp>3083.987480</timestamp>
			</report>
			<report>
				<misses>10646001</misses>
				<total>48</total>
				<timestamp>3084.277190</timestamp>
			</report>
			<report>
				<misses>10647001</misses>
				<total>48</total>
				<timestamp>3084.566939</timestamp>
			</report>
			<report>
				<misses>10648001</misses>
				<total>48</total>
				<timestamp>3084.856649</timestamp>
			</report>
			<report>
				<misses>10649001</misses>
				<total>48</total>
				<timestamp>3085.146313</timestamp>
			</report>
			<report>
				<misses>10650001</misses>
				<total>48</total>
				<timestamp>3085.436045</timestamp>
			</report>
			<report>
				<misses>10651001</misses>
				<total>48</total>
				<timestamp>3085.725739</timestamp>
			</report>
			<report>
				<misses>10652001</misses>
				<total>48</total>
				<timestamp>3086.015477</timestamp>
			</report>
			<report>
				<misses>10653001</misses>
				<total>50</total>
				<timestamp>3086.305179</timestamp>
			</report>
			<report>
				<misses>10654001</misses>
				<total>50</total>
				<timestamp>3086.594874</timestamp>
			</report>
			<report>
				<misses>10655001</misses>
				<total>50</total>
				<timestamp>3086.884602</timestamp>
			</report>
			<report>
				<misses>10656001</misses>
				<total>50</total>
				<timestamp>3087.174290</timestamp>
			</report>
			<report>
				<misses>10657001</misses>
				<total>50</total>
				<timestamp>3087.464116</timestamp>
			</report>
			<report>
				<misses>10658001</misses>
				<total>50</total>
				<timestamp>3087.753838</timestamp>
			</report>
			<report>
				<misses>10659001</misses>
				<total>50</total>
				<timestamp>3088.043591</timestamp>
			</report>
			<report>
				<misses>10660001</misses>
				<total>50</total>
				<timestamp>3088.333189</timestamp>
			</report>
			<report>
				<misses>10661001</misses>
				<total>50</total>
				<timestamp>3088.622874</timestamp>
			</report>
			<report>
				<misses>10662001</misses>
				<total>50</total>
				<timestamp>3088.912710</timestamp>
			</report>
			<report>
				<misses>10663001</misses>
				<total>50</total>
				<timestamp>3089.202293</timestamp>
			</report>
			<report>
				<misses>10664001</misses>
				<total>50</total>
				<timestamp>3089.492056</timestamp>
			</report>
			<report>
				<misses>10665001</misses>
				<total>50</total>
				<timestamp>3089.781749</timestamp>
			</report>
			<report>
				<misses>10666001</misses>
				<total>50</total>
				<timestamp>3090.071455</timestamp>
			</report>
			<report>
				<misses>10667001</misses>
				<total>50</total>
				<timestamp>3090.361149</timestamp>
			</report>
			<report>
				<misses>10668001</misses>
				<total>50</total>
				<timestamp>3090.650848</timestamp>
			</report>
			<report>
				<misses>10669001</misses>
				<total>50</total>
				<timestamp>3090.940594</timestamp>
			</report>
			<report>
				<misses>10670001</misses>
				<total>50</total>
				<timestamp>3091.230257</timestamp>
			</report>
			<report>
				<misses>10671001</misses>
				<total>50</total>
				<timestamp>3091.520043</timestamp>
			</report>
			<report>
				<misses>10672001</misses>
				<total>50</total>
				<timestamp>3091.809695</timestamp>
			</report>
			<report>
				<misses>10673001</misses>
				<total>50</total>
				<timestamp>3092.099505</timestamp>
			</report>
			<report>
				<misses>10674001</misses>
				<total>50</total>
				<timestamp>3092.389198</timestamp>
			</report>
			<report>
				<misses>10675001</misses>
				<total>50</total>
				<timestamp>3092.678808</timestamp>
			</report>
			<report>
				<misses>10676001</misses>
				<total>50</total>
				<timestamp>3092.968576</timestamp>
			</report>
			<report>
				<misses>10677001</misses>
				<total>50</total>
				<timestamp>3093.258199</timestamp>
			</report>
			<report>
				<misses>10678001</misses>
				<total>50</total>
				<timestamp>3093.547920</timestamp>
			</report>
			<report>
				<misses>10679001</misses>
				<total>50</total>
				<timestamp>3093.837698</timestamp>
			</report>
			<report>
				<misses>10680001</misses>
				<total>50</total>
				<timestamp>3094.127412</timestamp>
			</report>
			<report>
				<misses>10681001</misses>
				<total>50</total>
				<timestamp>3094.417189</timestamp>
			</report>
			<report>
				<misses>10682001</misses>
				<total>50</total>
				<timestamp>3094.706829</timestamp>
			</report>
			<report>
				<misses>10683001</misses>
				<total>50</total>
				<timestamp>3094.996499</timestamp>
			</report>
			<report>
				<misses>10684001</misses>
				<total>50</total>
				<timestamp>3095.286186</timestamp>
			</report>
			<report>
				<misses>10685001</misses>
				<total>50</total>
				<timestamp>3095.575884</timestamp>
			</report>
			<report>
				<misses>10686001</misses>
				<total>50</total>
				<timestamp>3095.865619</timestamp>
			</report>
			<report>
				<misses>10687001</misses>
				<total>50</total>
				<timestamp>3096.155312</timestamp>
			</report>
			<report>
				<misses>10688001</misses>
				<total>50</total>
				<timestamp>3096.445045</timestamp>
			</report>
			<report>
				<misses>10689001</misses>
				<total>50</total>
				<timestamp>3096.734807</timestamp>
			</report>
			<report>
				<misses>10690001</misses>
				<total>50</total>
				<timestamp>3097.024583</timestamp>
			</report>
			<report>
				<misses>10691001</misses>
				<total>50</total>
				<timestamp>3097.314171</timestamp>
			</report>
			<report>
				<misses>10692001</misses>
				<total>50</total>
				<timestamp>3097.603858</timestamp>
			</report>
			<report>
				<misses>10693001</misses>
				<total>50</total>
				<timestamp>3097.893685</timestamp>
			</report>
			<report>
				<misses>10694001</misses>
				<total>50</total>
				<timestamp>3098.183284</timestamp>
			</report>
			<report>
				<misses>10695001</misses>
				<total>50</total>
				<timestamp>3098.473076</timestamp>
			</report>
			<report>
				<misses>10696001</misses>
				<total>50</total>
				<timestamp>3098.762718</timestamp>
			</report>
			<report>
				<misses>10697001</misses>
				<total>50</total>
				<timestamp>3099.052414</timestamp>
			</report>
			<report>
				<misses>10698001</misses>
				<total>50</total>
				<timestamp>3099.342188</timestamp>
			</report>
			<report>
				<misses>10699001</misses>
				<total>50</total>
				<timestamp>3099.631826</timestamp>
			</report>
			<report>
				<misses>10700001</misses>
				<total>50</total>
				<timestamp>3099.921592</timestamp>
			</report>
			<report>
				<misses>10701001</misses>
				<total>50</total>
				<timestamp>3100.211251</timestamp>
			</report>
			<report>
				<misses>10702001</misses>
				<total>50</total>
				<timestamp>3100.500984</timestamp>
			</report>
			<report>
				<misses>10703001</misses>
				<total>50</total>
				<timestamp>3100.790663</timestamp>
			</report>
			<report>
				<misses>10704001</misses>
				<total>50</total>
				<timestamp>3101.080378</timestamp>
			</report>
			<report>
				<misses>10705001</misses>
				<total>50</total>
				<timestamp>3101.370084</timestamp>
			</report>
			<report>
				<misses>10706001</misses>
				<total>50</total>
				<timestamp>3101.659799</timestamp>
			</report>
			<report>
				<misses>10707001</misses>
				<total>50</total>
				<timestamp>3101.949505</timestamp>
			</report>
			<report>
				<misses>10708001</misses>
				<total>50</total>
				<timestamp>3102.239222</timestamp>
			</report>
			<report>
				<misses>10709001</misses>
				<total>50</total>
				<timestamp>3102.528973</timestamp>
			</report>
			<report>
				<misses>10710001</misses>
				<total>50</total>
				<timestamp>3102.818670</timestamp>
			</report>
			<report>
				<misses>10711001</misses>
				<total>50</total>
				<timestamp>3103.108468</timestamp>
			</report>
			<report>
				<misses>10712001</misses>
				<total>50</total>
				<timestamp>3103.398107</timestamp>
			</report>
			<report>
				<misses>10713001</misses>
				<total>50</total>
				<timestamp>3103.687758</timestamp>
			</report>
			<report>
				<misses>10714001</misses>
				<total>50</total>
				<timestamp>3103.977532</timestamp>
			</report>
			<report>
				<misses>10715001</misses>
				<total>50</total>
				<timestamp>3104.267196</timestamp>
			</report>
			<report>
				<misses>10716001</misses>
				<total>50</total>
				<timestamp>3104.557036</timestamp>
			</report>
			<report>
				<misses>10717001</misses>
				<total>50</total>
				<timestamp>3104.846705</timestamp>
			</report>
			<report>
				<misses>10718001</misses>
				<total>50</total>
				<timestamp>3105.136317</timestamp>
			</report>
			<report>
				<misses>10719001</misses>
				<total>50</total>
				<timestamp>3105.426156</timestamp>
			</report>
			<report>
				<misses>10720001</misses>
				<total>50</total>
				<timestamp>3105.715788</timestamp>
			</report>
			<report>
				<misses>10721001</misses>
				<total>50</total>
				<timestamp>3106.005474</timestamp>
			</report>
			<report>
				<misses>10722001</misses>
				<total>50</total>
				<timestamp>3106.295156</timestamp>
			</report>
			<report>
				<misses>10723001</misses>
				<total>50</total>
				<timestamp>3106.584868</timestamp>
			</report>
			<report>
				<misses>10724001</misses>
				<total>50</total>
				<timestamp>3106.874609</timestamp>
			</report>
			<report>
				<misses>10725001</misses>
				<total>50</total>
				<timestamp>3107.164366</timestamp>
			</report>
			<report>
				<misses>10726001</misses>
				<total>50</total>
				<timestamp>3107.454020</timestamp>
			</report>
			<report>
				<misses>10727001</misses>
				<total>50</total>
				<timestamp>3107.743711</timestamp>
			</report>
			<report>
				<misses>10728001</misses>
				<total>50</total>
				<timestamp>3108.033465</timestamp>
			</report>
			<report>
				<misses>10729001</misses>
				<total>50</total>
				<timestamp>3108.323143</timestamp>
			</report>
			<report>
				<misses>10730001</misses>
				<total>50</total>
				<timestamp>3108.612827</timestamp>
			</report>
			<report>
				<misses>10731001</misses>
				<total>50</total>
				<timestamp>3108.902586</timestamp>
			</report>
			<report>
				<misses>10732001</misses>
				<total>50</total>
				<timestamp>3109.192249</timestamp>
			</report>
			<report>
				<misses>10733001</misses>
				<total>50</total>
				<timestamp>3109.481976</timestamp>
			</report>
			<report>
				<misses>10734001</misses>
				<total>50</total>
				<timestamp>3109.771720</timestamp>
			</report>
			<report>
				<misses>10735001</misses>
				<total>50</total>
				<timestamp>3110.061409</timestamp>
			</report>
			<report>
				<misses>10736001</misses>
				<total>50</total>
				<timestamp>3110.351146</timestamp>
			</report>
			<report>
				<misses>10737001</misses>
				<total>50</total>
				<timestamp>3110.640942</timestamp>
			</report>
			<report>
				<misses>10738001</misses>
				<total>50</total>
				<timestamp>3110.930628</timestamp>
			</report>
			<report>
				<misses>10739001</misses>
				<total>50</total>
				<timestamp>3111.220255</timestamp>
			</report>
			<report>
				<misses>10740001</misses>
				<total>50</total>
				<timestamp>3111.510052</timestamp>
			</report>
			<report>
				<misses>10741001</misses>
				<total>50</total>
				<timestamp>3111.799714</timestamp>
			</report>
			<report>
				<misses>10742001</misses>
				<total>50</total>
				<timestamp>3112.089491</timestamp>
			</report>
			<report>
				<misses>10743001</misses>
				<total>50</total>
				<timestamp>3112.379149</timestamp>
			</report>
			<report>
				<misses>10744001</misses>
				<total>50</total>
				<timestamp>3112.668889</timestamp>
			</report>
			<report>
				<misses>10745001</misses>
				<total>50</total>
				<timestamp>3112.958605</timestamp>
			</report>
			<report>
				<misses>10746001</misses>
				<total>50</total>
				<timestamp>3113.248212</timestamp>
			</report>
			<report>
				<misses>10747001</misses>
				<total>50</total>
				<timestamp>3113.538009</timestamp>
			</report>
			<report>
				<misses>10748001</misses>
				<total>50</total>
				<timestamp>3113.827692</timestamp>
			</report>
			<report>
				<misses>10749001</misses>
				<total>50</total>
				<timestamp>3114.117369</timestamp>
			</report>
			<report>
				<misses>10750001</misses>
				<total>50</total>
				<timestamp>3114.407047</timestamp>
			</report>
			<report>
				<misses>10751001</misses>
				<total>50</total>
				<timestamp>3114.696782</timestamp>
			</report>
			<report>
				<misses>10752001</misses>
				<total>50</total>
				<timestamp>3114.986471</timestamp>
			</report>
			<report>
				<misses>10753001</misses>
				<total>50</total>
				<timestamp>3115.276188</timestamp>
			</report>
			<report>
				<misses>10754001</misses>
				<total>50</total>
				<timestamp>3115.565893</timestamp>
			</report>
			<report>
				<misses>10755001</misses>
				<total>50</total>
				<timestamp>3115.855600</timestamp>
			</report>
			<report>
				<misses>10756001</misses>
				<total>50</total>
				<timestamp>3116.145295</timestamp>
			</report>
			<report>
				<misses>10757001</misses>
				<total>50</total>
				<timestamp>3116.435005</timestamp>
			</report>
			<report>
				<misses>10758001</misses>
				<total>50</total>
				<timestamp>3116.724724</timestamp>
			</report>
			<report>
				<misses>10759001</misses>
				<total>50</total>
				<timestamp>3117.014563</timestamp>
			</report>
			<report>
				<misses>10760001</misses>
				<total>50</total>
				<timestamp>3117.304197</timestamp>
			</report>
			<report>
				<misses>10761001</misses>
				<total>50</total>
				<timestamp>3117.593931</timestamp>
			</report>
			<report>
				<misses>10762001</misses>
				<total>50</total>
				<timestamp>3117.883709</timestamp>
			</report>
			<report>
				<misses>10763001</misses>
				<total>50</total>
				<timestamp>3118.173342</timestamp>
			</report>
			<report>
				<misses>10764001</misses>
				<total>50</total>
				<timestamp>3118.462966</timestamp>
			</report>
			<report>
				<misses>10765001</misses>
				<total>51</total>
				<timestamp>3118.752694</timestamp>
			</report>
		</query>
	</custom>
	<ethtool_statistic>
		<rx_packets>
			<start>8609315860</start>
			<end>8873268062</end>
		</rx_packets>
		<tx_packets>
			<start>14359258115</start>
			<end>14764219247</end>
		</tx_packets>
		<rx_dropped>
			<start>828</start>
			<end>828</end>
		</rx_dropped>
		<tx_dropped>
			<start>0</start>
			<end>0</end>
		</tx_dropped>
		<collisions>
			<start>0</start>
			<end>0</end>
		</collisions>
		<port_tx_errors>
			<start>0</start>
			<end>0</end>
		</port_tx_errors>
		<port_rx_dropped>
			<start>0</start>
			<end>0</end>
		</port_rx_dropped>
		<port_tx_dropped_link_down>
			<start>0</start>
			<end>0</end>
		</port_tx_dropped_link_down>
	</ethtool_statistic>
	<ip_statistic>
		<mtu>
			<start>9000</start>
			<end>9000</end>
		</mtu>
		<rx_bytes>
			<start>35248928367300</start>
			<end>36296762645985</end>
		</rx_bytes>
		<rx_packets>
			<start>8609316220</start>
			<end>8873268294</end>
		</rx_packets>
		<rx_errors>
			<start>0</start>
			<end>0</end>
		</rx_errors>
		<rx_dropped>
			<start>828</start>
			<end>828</end>
		</rx_dropped>
		<rx_missed>
			<start>0</start>
			<end>0</end>
		</rx_missed>
		<rx_mcast>
			<start>5121</start>
			<end>5155</end>
		</rx_mcast>
		<tx_bytes>
			<start>50408837325804</start>
			<end>51913325502804</end>
		</tx_bytes>
		<tx_packets>
			<start>14359258150</start>
			<end>14764219247</end>
		</tx_packets>
		<tx_errors>
			<start>0</start>
			<end>0</end>
		</tx_errors>
		<tx_dropped>
			<start>0</start>
			<end>0</end>
		</tx_dropped>
		<tx_carrier>
			<start>0</start>
			<end>0</end>
		</tx_carrier>
		<tx_collisions>
			<start>0</start>
			<end>0</end>
		</tx_collisions>
	</ip_statistic>
	<netstat_statistic>
		<udp_pkg_rec>
			<start>7309250278</start>
			<end>7516942856</end>
		</udp_pkg_rec>
		<udp_pkg_snt>
			<start>12461109723</start>
			<end>12790807343</end>
		</udp_pkg_snt>
		<udp_rec_err>
			<start>1302073972</start>
			<end>1358349291</end>
		</udp_rec_err>
		<udp_rec_buf_err>
			<start>1302073972</start>
			<end>1358349291</end>
		</udp_rec_buf_err>
		<udp_snt_buf_err>
			<start>0</start>
			<end>0</end>
		</udp_snt_buf_err>
	</netstat_statistic>
</test_results>
