<?xml version="1.0"?>
<test_results>
	<status>STATUS_SUCCESS</status>
	<custom>
		<num_loss>0</num_loss>
		<num_total>1021012717</num_total>
		<num_misses>1858819796</num_misses>
		<elapsed_time>7199.555760</elapsed_time>
		<query>
			<report>
				<misses>100000</misses>
				<total>0</total>
				<timestamp>0.735616</timestamp>
			</report>
			<report>
				<misses>200000</misses>
				<total>0</total>
				<timestamp>1.446214</timestamp>
			</report>
			<report>
				<misses>300000</misses>
				<total>0</total>
				<timestamp>2.183545</timestamp>
			</report>
			<report>
				<misses>400000</misses>
				<total>0</total>
				<timestamp>2.926019</timestamp>
			</report>
			<report>
				<misses>500000</misses>
				<total>0</total>
				<timestamp>3.618180</timestamp>
			</report>
			<report>
				<misses>600000</misses>
				<total>0</total>
				<timestamp>4.314789</timestamp>
			</report>
			<report>
				<misses>700000</misses>
				<total>0</total>
				<timestamp>5.038356</timestamp>
			</report>
			<report>
				<misses>800000</misses>
				<total>0</total>
				<timestamp>5.727813</timestamp>
			</report>
			<report>
				<misses>900000</misses>
				<total>0</total>
				<timestamp>6.456315</timestamp>
			</report>
			<report>
				<misses>1000000</misses>
				<total>0</total>
				<timestamp>7.164188</timestamp>
			</report>
			<report>
				<misses>1100000</misses>
				<total>0</total>
				<timestamp>7.878460</timestamp>
			</report>
			<report>
				<misses>1200000</misses>
				<total>0</total>
				<timestamp>8.577454</timestamp>
			</report>
			<report>
				<misses>1300000</misses>
				<total>0</total>
				<timestamp>9.291411</timestamp>
			</report>
			<report>
				<misses>1400000</misses>
				<total>0</total>
				<timestamp>9.976108</timestamp>
			</report>
			<report>
				<misses>1500000</misses>
				<total>0</total>
				<timestamp>10.689968</timestamp>
			</report>
			<report>
				<misses>1600000</misses>
				<total>0</total>
				<timestamp>11.376042</timestamp>
			</report>
			<report>
				<misses>1700000</misses>
				<total>0</total>
				<timestamp>12.070954</timestamp>
			</report>
			<report>
				<misses>1800000</misses>
				<total>0</total>
				<timestamp>12.746788</timestamp>
			</report>
			<report>
				<misses>1900000</misses>
				<total>0</total>
				<timestamp>13.471294</timestamp>
			</report>
			<report>
				<misses>2000000</misses>
				<total>0</total>
				<timestamp>14.160712</timestamp>
			</report>
			<report>
				<misses>2100000</misses>
				<total>0</total>
				<timestamp>14.844140</timestamp>
			</report>
			<report>
				<misses>2200000</misses>
				<total>0</total>
				<timestamp>15.543606</timestamp>
			</report>
			<report>
				<misses>2300000</misses>
				<total>0</total>
				<timestamp>16.259063</timestamp>
			</report>
			<report>
				<misses>2400000</misses>
				<total>0</total>
				<timestamp>17.038780</timestamp>
			</report>
			<report>
				<misses>2500000</misses>
				<total>0</total>
				<timestamp>17.745824</timestamp>
			</report>
			<report>
				<misses>2600000</misses>
				<total>0</total>
				<timestamp>18.472365</timestamp>
			</report>
			<report>
				<misses>2700000</misses>
				<total>0</total>
				<timestamp>19.195503</timestamp>
			</report>
			<report>
				<misses>2800000</misses>
				<total>0</total>
				<timestamp>19.930489</timestamp>
			</report>
			<report>
				<misses>2900000</misses>
				<total>0</total>
				<timestamp>20.640478</timestamp>
			</report>
			<report>
				<misses>3000000</misses>
				<total>0</total>
				<timestamp>21.353468</timestamp>
			</report>
			<report>
				<misses>3100000</misses>
				<total>0</total>
				<timestamp>22.086305</timestamp>
			</report>
			<report>
				<misses>3200000</misses>
				<total>0</total>
				<timestamp>22.830011</timestamp>
			</report>
			<report>
				<misses>3300000</misses>
				<total>0</total>
				<timestamp>23.594151</timestamp>
			</report>
			<report>
				<misses>3400000</misses>
				<total>0</total>
				<timestamp>24.309682</timestamp>
			</report>
			<report>
				<misses>3500000</misses>
				<total>0</total>
				<timestamp>25.025759</timestamp>
			</report>
			<report>
				<misses>3600000</misses>
				<total>0</total>
				<timestamp>25.740510</timestamp>
			</report>
			<report>
				<misses>3700000</misses>
				<total>0</total>
				<timestamp>26.431259</timestamp>
			</report>
			<report>
				<misses>3800000</misses>
				<total>0</total>
				<timestamp>27.110974</timestamp>
			</report>
			<report>
				<misses>3900000</misses>
				<total>0</total>
				<timestamp>27.787754</timestamp>
			</report>
			<report>
				<misses>4000000</misses>
				<total>0</total>
				<timestamp>28.467569</timestamp>
			</report>
			<report>
				<misses>4100000</misses>
				<total>0</total>
				<timestamp>29.155060</timestamp>
			</report>
			<report>
				<misses>4200000</misses>
				<total>0</total>
				<timestamp>29.837948</timestamp>
			</report>
			<report>
				<misses>4300000</misses>
				<total>0</total>
				<timestamp>30.530982</timestamp>
			</report>
			<report>
				<misses>4400000</misses>
				<total>0</total>
				<timestamp>31.216815</timestamp>
			</report>
			<report>
				<misses>4500000</misses>
				<total>0</total>
				<timestamp>31.910092</timestamp>
			</report>
			<report>
				<misses>4600000</misses>
				<total>0</total>
				<timestamp>32.610038</timestamp>
			</report>
			<report>
				<misses>4700000</misses>
				<total>0</total>
				<timestamp>33.330025</timestamp>
			</report>
			<report>
				<misses>4800000</misses>
				<total>0</total>
				<timestamp>34.062610</timestamp>
			</report>
			<report>
				<misses>4900000</misses>
				<total>0</total>
				<timestamp>34.774668</timestamp>
			</report>
			<report>
				<misses>5000000</misses>
				<total>0</total>
				<timestamp>35.494543</timestamp>
			</report>
			<report>
				<misses>5100000</misses>
				<total>0</total>
				<timestamp>36.212734</timestamp>
			</report>
			<report>
				<misses>5200000</misses>
				<total>0</total>
				<timestamp>36.909173</timestamp>
			</report>
			<report>
				<misses>5300000</misses>
				<total>0</total>
				<timestamp>37.616999</timestamp>
			</report>
			<report>
				<misses>5400000</misses>
				<total>0</total>
				<timestamp>38.340967</timestamp>
			</report>
			<report>
				<misses>5500000</misses>
				<total>0</total>
				<timestamp>39.045733</timestamp>
			</report>
			<report>
				<misses>5600000</misses>
				<total>0</total>
				<timestamp>39.748717</timestamp>
			</report>
			<report>
				<misses>5700000</misses>
				<total>0</total>
				<timestamp>40.440425</timestamp>
			</report>
			<report>
				<misses>5800000</misses>
				<total>0</total>
				<timestamp>41.188194</timestamp>
			</report>
			<report>
				<misses>5900000</misses>
				<total>0</total>
				<timestamp>41.890960</timestamp>
			</report>
			<report>
				<misses>6000000</misses>
				<total>0</total>
				<timestamp>42.616352</timestamp>
			</report>
			<report>
				<misses>6100000</misses>
				<total>0</total>
				<timestamp>43.326479</timestamp>
			</report>
			<report>
				<misses>6200000</misses>
				<total>0</total>
				<timestamp>44.016511</timestamp>
			</report>
			<report>
				<misses>6300000</misses>
				<total>0</total>
				<timestamp>44.703510</timestamp>
			</report>
			<report>
				<misses>6400000</misses>
				<total>0</total>
				<timestamp>45.394378</timestamp>
			</report>
			<report>
				<misses>6500000</misses>
				<total>0</total>
				<timestamp>46.093609</timestamp>
			</report>
			<report>
				<misses>6600000</misses>
				<total>0</total>
				<timestamp>46.791102</timestamp>
			</report>
			<report>
				<misses>6700000</misses>
				<total>0</total>
				<timestamp>47.479429</timestamp>
			</report>
			<report>
				<misses>6800000</misses>
				<total>0</total>
				<timestamp>48.187180</timestamp>
			</report>
			<report>
				<misses>6900000</misses>
				<total>0</total>
				<timestamp>48.884178</timestamp>
			</report>
			<report>
				<misses>7000000</misses>
				<total>0</total>
				<timestamp>49.625009</timestamp>
			</report>
			<report>
				<misses>7100000</misses>
				<total>0</total>
				<timestamp>50.351822</timestamp>
			</report>
			<report>
				<misses>7200000</misses>
				<total>0</total>
				<timestamp>51.065706</timestamp>
			</report>
			<report>
				<misses>7300000</misses>
				<total>0</total>
				<timestamp>51.779373</timestamp>
			</report>
			<report>
				<misses>7400000</misses>
				<total>0</total>
				<timestamp>52.494912</timestamp>
			</report>
			<report>
				<misses>7500000</misses>
				<total>0</total>
				<timestamp>53.232090</timestamp>
			</report>
			<report>
				<misses>7600000</misses>
				<total>0</total>
				<timestamp>53.951848</timestamp>
			</report>
			<report>
				<misses>7700000</misses>
				<total>0</total>
				<timestamp>54.694096</timestamp>
			</report>
			<report>
				<misses>7800000</misses>
				<total>0</total>
				<timestamp>55.419371</timestamp>
			</report>
			<report>
				<misses>7900000</misses>
				<total>0</total>
				<timestamp>56.142672</timestamp>
			</report>
			<report>
				<misses>8000000</misses>
				<total>0</total>
				<timestamp>56.865162</timestamp>
			</report>
			<report>
				<misses>8100000</misses>
				<total>0</total>
				<timestamp>57.545917</timestamp>
			</report>
			<report>
				<misses>8200000</misses>
				<total>0</total>
				<timestamp>58.286727</timestamp>
			</report>
			<report>
				<misses>8300000</misses>
				<total>0</total>
				<timestamp>59.064909</timestamp>
			</report>
			<report>
				<misses>8400000</misses>
				<total>0</total>
				<timestamp>59.771384</timestamp>
			</report>
			<report>
				<misses>8500000</misses>
				<total>0</total>
				<timestamp>60.455415</timestamp>
			</report>
			<report>
				<misses>8600000</misses>
				<total>0</total>
				<timestamp>61.145263</timestamp>
			</report>
			<report>
				<misses>8700000</misses>
				<total>0</total>
				<timestamp>61.850508</timestamp>
			</report>
			<report>
				<misses>8800000</misses>
				<total>0</total>
				<timestamp>62.552268</timestamp>
			</report>
			<report>
				<misses>8900000</misses>
				<total>0</total>
				<timestamp>63.223406</timestamp>
			</report>
			<report>
				<misses>9000000</misses>
				<total>0</total>
				<timestamp>63.910341</timestamp>
			</report>
			<report>
				<misses>9100000</misses>
				<total>0</total>
				<timestamp>64.574529</timestamp>
			</report>
			<report>
				<misses>9200000</misses>
				<total>0</total>
				<timestamp>65.261582</timestamp>
			</report>
			<report>
				<misses>9300000</misses>
				<total>0</total>
				<timestamp>65.941773</timestamp>
			</report>
			<report>
				<misses>9400000</misses>
				<total>0</total>
				<timestamp>66.626463</timestamp>
			</report>
			<report>
				<misses>9500000</misses>
				<total>0</total>
				<timestamp>67.307371</timestamp>
			</report>
			<report>
				<misses>9600000</misses>
				<total>0</total>
				<timestamp>67.994754</timestamp>
			</report>
			<report>
				<misses>9700000</misses>
				<total>0</total>
				<timestamp>68.688704</timestamp>
			</report>
			<report>
				<misses>9800000</misses>
				<total>0</total>
				<timestamp>69.404616</timestamp>
			</report>
			<report>
				<misses>9900000</misses>
				<total>0</total>
				<timestamp>70.135026</timestamp>
			</report>
			<report>
				<misses>10000000</misses>
				<total>0</total>
				<timestamp>70.834047</timestamp>
			</report>
			<report>
				<misses>10100000</misses>
				<total>0</total>
				<timestamp>71.546899</timestamp>
			</report>
			<report>
				<misses>10200000</misses>
				<total>0</total>
				<timestamp>72.273764</timestamp>
			</report>
			<report>
				<misses>10300000</misses>
				<total>0</total>
				<timestamp>72.964012</timestamp>
			</report>
			<report>
				<misses>10400000</misses>
				<total>0</total>
				<timestamp>73.692540</timestamp>
			</report>
			<report>
				<misses>10500000</misses>
				<total>0</total>
				<timestamp>74.388063</timestamp>
			</report>
			<report>
				<misses>10600000</misses>
				<total>0</total>
				<timestamp>75.110842</timestamp>
			</report>
			<report>
				<misses>10700000</misses>
				<total>0</total>
				<timestamp>75.823923</timestamp>
			</report>
			<report>
				<misses>10800000</misses>
				<total>0</total>
				<timestamp>76.527943</timestamp>
			</report>
			<report>
				<misses>10900000</misses>
				<total>0</total>
				<timestamp>77.226451</timestamp>
			</report>
			<report>
				<misses>11000000</misses>
				<total>0</total>
				<timestamp>77.937619</timestamp>
			</report>
			<report>
				<misses>11100000</misses>
				<total>0</total>
				<timestamp>78.643505</timestamp>
			</report>
			<report>
				<misses>11200000</misses>
				<total>0</total>
				<timestamp>79.323354</timestamp>
			</report>
			<report>
				<misses>11300000</misses>
				<total>0</total>
				<timestamp>80.025796</timestamp>
			</report>
			<report>
				<misses>11400000</misses>
				<total>0</total>
				<timestamp>80.701432</timestamp>
			</report>
			<report>
				<misses>11500000</misses>
				<total>0</total>
				<timestamp>81.397985</timestamp>
			</report>
			<report>
				<misses>11600000</misses>
				<total>0</total>
				<timestamp>82.087301</timestamp>
			</report>
			<report>
				<misses>11700000</misses>
				<total>0</total>
				<timestamp>82.772015</timestamp>
			</report>
			<report>
				<misses>11800000</misses>
				<total>0</total>
				<timestamp>83.446023</timestamp>
			</report>
			<report>
				<misses>11900000</misses>
				<total>0</total>
				<timestamp>84.125456</timestamp>
			</report>
			<report>
				<misses>12000000</misses>
				<total>0</total>
				<timestamp>84.796504</timestamp>
			</report>
			<report>
				<misses>12100000</misses>
				<total>0</total>
				<timestamp>85.466283</timestamp>
			</report>
			<report>
				<misses>12200000</misses>
				<total>0</total>
				<timestamp>86.164036</timestamp>
			</report>
			<report>
				<misses>12300000</misses>
				<total>0</total>
				<timestamp>86.899855</timestamp>
			</report>
			<report>
				<misses>12400000</misses>
				<total>0</total>
				<timestamp>87.586964</timestamp>
			</report>
			<report>
				<misses>12500000</misses>
				<total>0</total>
				<timestamp>88.307124</timestamp>
			</report>
			<report>
				<misses>12600000</misses>
				<total>0</total>
				<timestamp>89.005563</timestamp>
			</report>
			<report>
				<misses>12700000</misses>
				<total>0</total>
				<timestamp>89.701423</timestamp>
			</report>
			<report>
				<misses>12800000</misses>
				<total>0</total>
				<timestamp>90.422385</timestamp>
			</report>
			<report>
				<misses>12900000</misses>
				<total>0</total>
				<timestamp>91.138679</timestamp>
			</report>
			<report>
				<misses>13000000</misses>
				<total>0</total>
				<timestamp>91.844798</timestamp>
			</report>
			<report>
				<misses>13100000</misses>
				<total>0</total>
				<timestamp>92.560199</timestamp>
			</report>
			<report>
				<misses>13200000</misses>
				<total>0</total>
				<timestamp>93.262705</timestamp>
			</report>
			<report>
				<misses>13300000</misses>
				<total>0</total>
				<timestamp>93.981405</timestamp>
			</report>
			<report>
				<misses>13400000</misses>
				<total>0</total>
				<timestamp>94.698062</timestamp>
			</report>
			<report>
				<misses>13500000</misses>
				<total>0</total>
				<timestamp>95.418469</timestamp>
			</report>
			<report>
				<misses>13600000</misses>
				<total>0</total>
				<timestamp>96.138200</timestamp>
			</report>
			<report>
				<misses>13700000</misses>
				<total>0</total>
				<timestamp>96.863027</timestamp>
			</report>
			<report>
				<misses>13800000</misses>
				<total>0</total>
				<timestamp>97.607380</timestamp>
			</report>
			<report>
				<misses>13900000</misses>
				<total>0</total>
				<timestamp>98.334573</timestamp>
			</report>
			<report>
				<misses>14000000</misses>
				<total>0</total>
				<timestamp>99.077607</timestamp>
			</report>
			<report>
				<misses>14100000</misses>
				<total>0</total>
				<timestamp>99.801559</timestamp>
			</report>
			<report>
				<misses>14200000</misses>
				<total>0</total>
				<timestamp>100.548474</timestamp>
			</report>
			<report>
				<misses>14300000</misses>
				<total>0</total>
				<timestamp>101.256846</timestamp>
			</report>
			<report>
				<misses>14400000</misses>
				<total>0</total>
				<timestamp>102.021726</timestamp>
			</report>
			<report>
				<misses>14500000</misses>
				<total>0</total>
				<timestamp>102.722860</timestamp>
			</report>
			<report>
				<misses>14600000</misses>
				<total>0</total>
				<timestamp>103.425039</timestamp>
			</report>
			<report>
				<misses>14700000</misses>
				<total>0</total>
				<timestamp>104.130664</timestamp>
			</report>
			<report>
				<misses>14800000</misses>
				<total>0</total>
				<timestamp>104.833954</timestamp>
			</report>
			<report>
				<misses>14900000</misses>
				<total>0</total>
				<timestamp>105.509095</timestamp>
			</report>
			<report>
				<misses>15000000</misses>
				<total>0</total>
				<timestamp>106.212423</timestamp>
			</report>
			<report>
				<misses>15100000</misses>
				<total>0</total>
				<timestamp>106.916825</timestamp>
			</report>
			<report>
				<misses>15200000</misses>
				<total>0</total>
				<timestamp>107.588622</timestamp>
			</report>
			<report>
				<misses>15300000</misses>
				<total>0</total>
				<timestamp>108.270590</timestamp>
			</report>
			<report>
				<misses>15400000</misses>
				<total>0</total>
				<timestamp>108.975716</timestamp>
			</report>
			<report>
				<misses>15500000</misses>
				<total>0</total>
				<timestamp>109.674407</timestamp>
			</report>
			<report>
				<misses>15600000</misses>
				<total>0</total>
				<timestamp>110.429002</timestamp>
			</report>
			<report>
				<misses>15700000</misses>
				<total>0</total>
				<timestamp>111.147859</timestamp>
			</report>
			<report>
				<misses>15800000</misses>
				<total>0</total>
				<timestamp>111.876050</timestamp>
			</report>
			<report>
				<misses>15900000</misses>
				<total>0</total>
				<timestamp>112.573269</timestamp>
			</report>
			<report>
				<misses>16000000</misses>
				<total>0</total>
				<timestamp>113.270328</timestamp>
			</report>
			<report>
				<misses>16100000</misses>
				<total>0</total>
				<timestamp>113.970050</timestamp>
			</report>
			<report>
				<misses>16200000</misses>
				<total>0</total>
				<timestamp>114.709900</timestamp>
			</report>
			<report>
				<misses>16300000</misses>
				<total>0</total>
				<timestamp>115.406911</timestamp>
			</report>
			<report>
				<misses>16400000</misses>
				<total>0</total>
				<timestamp>116.106899</timestamp>
			</report>
			<report>
				<misses>16500000</misses>
				<total>0</total>
				<timestamp>116.830047</timestamp>
			</report>
			<report>
				<misses>16600000</misses>
				<total>0</total>
				<timestamp>117.545861</timestamp>
			</report>
			<report>
				<misses>16700000</misses>
				<total>0</total>
				<timestamp>118.247197</timestamp>
			</report>
			<report>
				<misses>16800000</misses>
				<total>0</total>
				<timestamp>118.976448</timestamp>
			</report>
			<report>
				<misses>16900000</misses>
				<total>0</total>
				<timestamp>119.661420</timestamp>
			</report>
			<report>
				<misses>17000000</misses>
				<total>0</total>
				<timestamp>120.354648</timestamp>
			</report>
			<report>
				<misses>17100000</misses>
				<total>0</total>
				<timestamp>121.058111</timestamp>
			</report>
			<report>
				<misses>17200000</misses>
				<total>0</total>
				<timestamp>121.743424</timestamp>
			</report>
			<report>
				<misses>17300000</misses>
				<total>0</total>
				<timestamp>122.426544</timestamp>
			</report>
			<report>
				<misses>17400000</misses>
				<total>0</total>
				<timestamp>123.117143</timestamp>
			</report>
			<report>
				<misses>17500000</misses>
				<total>0</total>
				<timestamp>123.803635</timestamp>
			</report>
			<report>
				<misses>17600000</misses>
				<total>0</total>
				<timestamp>124.486676</timestamp>
			</report>
			<report>
				<misses>17700000</misses>
				<total>0</total>
				<timestamp>125.168663</timestamp>
			</report>
			<report>
				<misses>17800000</misses>
				<total>0</total>
				<timestamp>125.857978</timestamp>
			</report>
			<report>
				<misses>17900000</misses>
				<total>0</total>
				<timestamp>126.546578</timestamp>
			</report>
			<report>
				<misses>18000000</misses>
				<total>0</total>
				<timestamp>127.265636</timestamp>
			</report>
			<report>
				<misses>18100000</misses>
				<total>0</total>
				<timestamp>128.008996</timestamp>
			</report>
			<report>
				<misses>18200000</misses>
				<total>0</total>
				<timestamp>128.734809</timestamp>
			</report>
			<report>
				<misses>18300000</misses>
				<total>0</total>
				<timestamp>129.423084</timestamp>
			</report>
			<report>
				<misses>18400000</misses>
				<total>0</total>
				<timestamp>130.135732</timestamp>
			</report>
			<report>
				<misses>18500000</misses>
				<total>0</total>
				<timestamp>130.862136</timestamp>
			</report>
			<report>
				<misses>18600000</misses>
				<total>0</total>
				<timestamp>131.560292</timestamp>
			</report>
			<report>
				<misses>18700000</misses>
				<total>0</total>
				<timestamp>132.280654</timestamp>
			</report>
			<report>
				<misses>18800000</misses>
				<total>0</total>
				<timestamp>132.977054</timestamp>
			</report>
			<report>
				<misses>18900000</misses>
				<total>0</total>
				<timestamp>133.714490</timestamp>
			</report>
			<report>
				<misses>19000000</misses>
				<total>0</total>
				<timestamp>134.432658</timestamp>
			</report>
			<report>
				<misses>19100000</misses>
				<total>0</total>
				<timestamp>135.147248</timestamp>
			</report>
			<report>
				<misses>19200000</misses>
				<total>0</total>
				<timestamp>135.847617</timestamp>
			</report>
			<report>
				<misses>19300000</misses>
				<total>0</total>
				<timestamp>136.535273</timestamp>
			</report>
			<report>
				<misses>19400000</misses>
				<total>0</total>
				<timestamp>137.237177</timestamp>
			</report>
			<report>
				<misses>19500000</misses>
				<total>0</total>
				<timestamp>137.914276</timestamp>
			</report>
			<report>
				<misses>19600000</misses>
				<total>0</total>
				<timestamp>138.603942</timestamp>
			</report>
			<report>
				<misses>19700000</misses>
				<total>0</total>
				<timestamp>139.294332</timestamp>
			</report>
			<report>
				<misses>19800000</misses>
				<total>0</total>
				<timestamp>139.965323</timestamp>
			</report>
			<report>
				<misses>19900000</misses>
				<total>0</total>
				<timestamp>140.652824</timestamp>
			</report>
			<report>
				<misses>20000000</misses>
				<total>0</total>
				<timestamp>141.338014</timestamp>
			</report>
			<report>
				<misses>20100000</misses>
				<total>0</total>
				<timestamp>142.031342</timestamp>
			</report>
			<report>
				<misses>20200000</misses>
				<total>0</total>
				<timestamp>142.729507</timestamp>
			</report>
			<report>
				<misses>20300000</misses>
				<total>0</total>
				<timestamp>143.446532</timestamp>
			</report>
			<report>
				<misses>20400000</misses>
				<total>0</total>
				<timestamp>144.171270</timestamp>
			</report>
			<report>
				<misses>20500000</misses>
				<total>0</total>
				<timestamp>144.871160</timestamp>
			</report>
			<report>
				<misses>20600000</misses>
				<total>0</total>
				<timestamp>145.594027</timestamp>
			</report>
			<report>
				<misses>20700000</misses>
				<total>0</total>
				<timestamp>146.304530</timestamp>
			</report>
			<report>
				<misses>20800000</misses>
				<total>0</total>
				<timestamp>147.044031</timestamp>
			</report>
			<report>
				<misses>20900000</misses>
				<total>0</total>
				<timestamp>147.760498</timestamp>
			</report>
			<report>
				<misses>21000000</misses>
				<total>0</total>
				<timestamp>148.451926</timestamp>
			</report>
			<report>
				<misses>21100000</misses>
				<total>0</total>
				<timestamp>149.165257</timestamp>
			</report>
			<report>
				<misses>21200000</misses>
				<total>0</total>
				<timestamp>149.893084</timestamp>
			</report>
			<report>
				<misses>21300000</misses>
				<total>0</total>
				<timestamp>150.599118</timestamp>
			</report>
			<report>
				<misses>21400000</misses>
				<total>0</total>
				<timestamp>151.302841</timestamp>
			</report>
			<report>
				<misses>21500000</misses>
				<total>0</total>
				<timestamp>152.029153</timestamp>
			</report>
			<report>
				<misses>21600000</misses>
				<total>0</total>
				<timestamp>152.739440</timestamp>
			</report>
			<report>
				<misses>21700000</misses>
				<total>0</total>
				<timestamp>153.420463</timestamp>
			</report>
			<report>
				<misses>21800000</misses>
				<total>0</total>
				<timestamp>154.107841</timestamp>
			</report>
			<report>
				<misses>21900000</misses>
				<total>0</total>
				<timestamp>154.789396</timestamp>
			</report>
			<report>
				<misses>22000000</misses>
				<total>0</total>
				<timestamp>155.460871</timestamp>
			</report>
			<report>
				<misses>22100000</misses>
				<total>0</total>
				<timestamp>156.169394</timestamp>
			</report>
			<report>
				<misses>22200000</misses>
				<total>0</total>
				<timestamp>156.847152</timestamp>
			</report>
			<report>
				<misses>22300000</misses>
				<total>0</total>
				<timestamp>157.539157</timestamp>
			</report>
			<report>
				<misses>22400000</misses>
				<total>0</total>
				<timestamp>158.245576</timestamp>
			</report>
			<report>
				<misses>22500000</misses>
				<total>0</total>
				<timestamp>158.938765</timestamp>
			</report>
			<report>
				<misses>22600000</misses>
				<total>0</total>
				<timestamp>159.623402</timestamp>
			</report>
			<report>
				<misses>22700000</misses>
				<total>0</total>
				<timestamp>160.341673</timestamp>
			</report>
			<report>
				<misses>22800000</misses>
				<total>0</total>
				<timestamp>161.086926</timestamp>
			</report>
			<report>
				<misses>22900000</misses>
				<total>0</total>
				<timestamp>161.784350</timestamp>
			</report>
			<report>
				<misses>23000000</misses>
				<total>0</total>
				<timestamp>162.502629</timestamp>
			</report>
			<report>
				<misses>23100000</misses>
				<total>0</total>
				<timestamp>163.198952</timestamp>
			</report>
			<report>
				<misses>23200000</misses>
				<total>0</total>
				<timestamp>163.922840</timestamp>
			</report>
			<report>
				<misses>23300000</misses>
				<total>0</total>
				<timestamp>164.632117</timestamp>
			</report>
			<report>
				<misses>23400000</misses>
				<total>0</total>
				<timestamp>165.346454</timestamp>
			</report>
			<report>
				<misses>23500000</misses>
				<total>0</total>
				<timestamp>166.055734</timestamp>
			</report>
			<report>
				<misses>23600000</misses>
				<total>0</total>
				<timestamp>166.756920</timestamp>
			</report>
			<report>
				<misses>23700000</misses>
				<total>0</total>
				<timestamp>167.470987</timestamp>
			</report>
			<report>
				<misses>23800000</misses>
				<total>0</total>
				<timestamp>168.172462</timestamp>
			</report>
			<report>
				<misses>23900000</misses>
				<total>0</total>
				<timestamp>168.888883</timestamp>
			</report>
			<report>
				<misses>24000000</misses>
				<total>0</total>
				<timestamp>169.575841</timestamp>
			</report>
			<report>
				<misses>24100000</misses>
				<total>0</total>
				<timestamp>170.266379</timestamp>
			</report>
			<report>
				<misses>24200000</misses>
				<total>0</total>
				<timestamp>170.953142</timestamp>
			</report>
			<report>
				<misses>24300000</misses>
				<total>0</total>
				<timestamp>171.637517</timestamp>
			</report>
			<report>
				<misses>24400000</misses>
				<total>0</total>
				<timestamp>172.315104</timestamp>
			</report>
			<report>
				<misses>24500000</misses>
				<total>0</total>
				<timestamp>172.994571</timestamp>
			</report>
			<report>
				<misses>24600000</misses>
				<total>0</total>
				<timestamp>173.677592</timestamp>
			</report>
			<report>
				<misses>24700000</misses>
				<total>0</total>
				<timestamp>174.348683</timestamp>
			</report>
			<report>
				<misses>24800000</misses>
				<total>0</total>
				<timestamp>175.054283</timestamp>
			</report>
			<report>
				<misses>24900000</misses>
				<total>0</total>
				<timestamp>175.735641</timestamp>
			</report>
			<report>
				<misses>25000000</misses>
				<total>0</total>
				<timestamp>176.430004</timestamp>
			</report>
			<report>
				<misses>25100000</misses>
				<total>0</total>
				<timestamp>177.142424</timestamp>
			</report>
			<report>
				<misses>25200000</misses>
				<total>0</total>
				<timestamp>177.860725</timestamp>
			</report>
			<report>
				<misses>25300000</misses>
				<total>0</total>
				<timestamp>178.596708</timestamp>
			</report>
			<report>
				<misses>25400000</misses>
				<total>0</total>
				<timestamp>179.306956</timestamp>
			</report>
			<report>
				<misses>25500000</misses>
				<total>0</total>
				<timestamp>180.017366</timestamp>
			</report>
			<report>
				<misses>25600000</misses>
				<total>0</total>
				<timestamp>180.720872</timestamp>
			</report>
			<report>
				<misses>25700000</misses>
				<total>0</total>
				<timestamp>181.415872</timestamp>
			</report>
			<report>
				<misses>25800000</misses>
				<total>0</total>
				<timestamp>182.118131</timestamp>
			</report>
			<report>
				<misses>25900000</misses>
				<total>0</total>
				<timestamp>182.838468</timestamp>
			</report>
			<report>
				<misses>26000000</misses>
				<total>0</total>
				<timestamp>183.558745</timestamp>
			</report>
			<report>
				<misses>26100000</misses>
				<total>0</total>
				<timestamp>184.255225</timestamp>
			</report>
			<report>
				<misses>26200000</misses>
				<total>0</total>
				<timestamp>184.961901</timestamp>
			</report>
			<report>
				<misses>26300000</misses>
				<total>0</total>
				<timestamp>185.744605</timestamp>
			</report>
			<report>
				<misses>26400000</misses>
				<total>0</total>
				<timestamp>186.497204</timestamp>
			</report>
			<report>
				<misses>26500000</misses>
				<total>0</total>
				<timestamp>187.217902</timestamp>
			</report>
			<report>
				<misses>26600000</misses>
				<total>0</total>
				<timestamp>187.958193</timestamp>
			</report>
			<report>
				<misses>26700000</misses>
				<total>0</total>
				<timestamp>188.661651</timestamp>
			</report>
			<report>
				<misses>26800000</misses>
				<total>0</total>
				<timestamp>189.363542</timestamp>
			</report>
			<report>
				<misses>26900000</misses>
				<total>0</total>
				<timestamp>190.070374</timestamp>
			</report>
			<report>
				<misses>27000000</misses>
				<total>0</total>
				<timestamp>190.801656</timestamp>
			</report>
			<report>
				<misses>27100000</misses>
				<total>0</total>
				<timestamp>191.489745</timestamp>
			</report>
			<report>
				<misses>27200000</misses>
				<total>0</total>
				<timestamp>192.175301</timestamp>
			</report>
			<report>
				<misses>27300000</misses>
				<total>0</total>
				<timestamp>192.860250</timestamp>
			</report>
			<report>
				<misses>27400000</misses>
				<total>0</total>
				<timestamp>193.540756</timestamp>
			</report>
			<report>
				<misses>27500000</misses>
				<total>0</total>
				<timestamp>194.231398</timestamp>
			</report>
			<report>
				<misses>27600000</misses>
				<total>0</total>
				<timestamp>194.923115</timestamp>
			</report>
			<report>
				<misses>27700000</misses>
				<total>0</total>
				<timestamp>195.604038</timestamp>
			</report>
			<report>
				<misses>27800000</misses>
				<total>0</total>
				<timestamp>196.293174</timestamp>
			</report>
			<report>
				<misses>27900000</misses>
				<total>0</total>
				<timestamp>196.977782</timestamp>
			</report>
			<report>
				<misses>28000000</misses>
				<total>0</total>
				<timestamp>197.682668</timestamp>
			</report>
			<report>
				<misses>28100000</misses>
				<total>0</total>
				<timestamp>198.397324</timestamp>
			</report>
			<report>
				<misses>28200000</misses>
				<total>0</total>
				<timestamp>199.128119</timestamp>
			</report>
			<report>
				<misses>28300000</misses>
				<total>0</total>
				<timestamp>199.882508</timestamp>
			</report>
			<report>
				<misses>28400000</misses>
				<total>0</total>
				<timestamp>200.596847</timestamp>
			</report>
			<report>
				<misses>28500000</misses>
				<total>0</total>
				<timestamp>201.309771</timestamp>
			</report>
			<report>
				<misses>28600000</misses>
				<total>0</total>
				<timestamp>202.015622</timestamp>
			</report>
			<report>
				<misses>28700000</misses>
				<total>0</total>
				<timestamp>202.719193</timestamp>
			</report>
			<report>
				<misses>28800000</misses>
				<total>0</total>
				<timestamp>203.451316</timestamp>
			</report>
			<report>
				<misses>28900000</misses>
				<total>0</total>
				<timestamp>204.151796</timestamp>
			</report>
			<report>
				<misses>29000000</misses>
				<total>0</total>
				<timestamp>204.849881</timestamp>
			</report>
			<report>
				<misses>29100000</misses>
				<total>0</total>
				<timestamp>205.545563</timestamp>
			</report>
			<report>
				<misses>29200000</misses>
				<total>0</total>
				<timestamp>206.268683</timestamp>
			</report>
			<report>
				<misses>29300000</misses>
				<total>0</total>
				<timestamp>206.966808</timestamp>
			</report>
			<report>
				<misses>29400000</misses>
				<total>0</total>
				<timestamp>207.672325</timestamp>
			</report>
			<report>
				<misses>29500000</misses>
				<total>0</total>
				<timestamp>208.366375</timestamp>
			</report>
			<report>
				<misses>29600000</misses>
				<total>0</total>
				<timestamp>209.052711</timestamp>
			</report>
			<report>
				<misses>29700000</misses>
				<total>0</total>
				<timestamp>209.731535</timestamp>
			</report>
			<report>
				<misses>29800000</misses>
				<total>0</total>
				<timestamp>210.420415</timestamp>
			</report>
			<report>
				<misses>29900000</misses>
				<total>0</total>
				<timestamp>211.104779</timestamp>
			</report>
			<report>
				<misses>30000000</misses>
				<total>0</total>
				<timestamp>211.788488</timestamp>
			</report>
			<report>
				<misses>30100000</misses>
				<total>0</total>
				<timestamp>212.466616</timestamp>
			</report>
			<report>
				<misses>30200000</misses>
				<total>0</total>
				<timestamp>213.151535</timestamp>
			</report>
			<report>
				<misses>30300000</misses>
				<total>0</total>
				<timestamp>213.844653</timestamp>
			</report>
			<report>
				<misses>30400000</misses>
				<total>0</total>
				<timestamp>214.563667</timestamp>
			</report>
			<report>
				<misses>30500000</misses>
				<total>0</total>
				<timestamp>215.289623</timestamp>
			</report>
			<report>
				<misses>30600000</misses>
				<total>0</total>
				<timestamp>216.004410</timestamp>
			</report>
			<report>
				<misses>30700000</misses>
				<total>0</total>
				<timestamp>216.711521</timestamp>
			</report>
			<report>
				<misses>30800000</misses>
				<total>0</total>
				<timestamp>217.439545</timestamp>
			</report>
			<report>
				<misses>30900000</misses>
				<total>0</total>
				<timestamp>218.146748</timestamp>
			</report>
			<report>
				<misses>31000000</misses>
				<total>0</total>
				<timestamp>218.857890</timestamp>
			</report>
			<report>
				<misses>31100000</misses>
				<total>0</total>
				<timestamp>219.575663</timestamp>
			</report>
			<report>
				<misses>31200000</misses>
				<total>0</total>
				<timestamp>220.290828</timestamp>
			</report>
			<report>
				<misses>31300000</misses>
				<total>0</total>
				<timestamp>220.989084</timestamp>
			</report>
			<report>
				<misses>31400000</misses>
				<total>0</total>
				<timestamp>221.706630</timestamp>
			</report>
			<report>
				<misses>31500000</misses>
				<total>0</total>
				<timestamp>222.403072</timestamp>
			</report>
			<report>
				<misses>31600000</misses>
				<total>0</total>
				<timestamp>223.110067</timestamp>
			</report>
			<report>
				<misses>31700000</misses>
				<total>0</total>
				<timestamp>223.815568</timestamp>
			</report>
			<report>
				<misses>31800000</misses>
				<total>0</total>
				<timestamp>224.510176</timestamp>
			</report>
			<report>
				<misses>31900000</misses>
				<total>0</total>
				<timestamp>225.194768</timestamp>
			</report>
			<report>
				<misses>32000000</misses>
				<total>0</total>
				<timestamp>225.884066</timestamp>
			</report>
			<report>
				<misses>32100000</misses>
				<total>0</total>
				<timestamp>226.556659</timestamp>
			</report>
			<report>
				<misses>32200000</misses>
				<total>0</total>
				<timestamp>227.260033</timestamp>
			</report>
			<report>
				<misses>32300000</misses>
				<total>0</total>
				<timestamp>227.942556</timestamp>
			</report>
			<report>
				<misses>32400000</misses>
				<total>0</total>
				<timestamp>228.632745</timestamp>
			</report>
			<report>
				<misses>32500000</misses>
				<total>0</total>
				<timestamp>229.306445</timestamp>
			</report>
			<report>
				<misses>32600000</misses>
				<total>0</total>
				<timestamp>229.976056</timestamp>
			</report>
			<report>
				<misses>32700000</misses>
				<total>0</total>
				<timestamp>230.696417</timestamp>
			</report>
			<report>
				<misses>32800000</misses>
				<total>0</total>
				<timestamp>231.391686</timestamp>
			</report>
			<report>
				<misses>32900000</misses>
				<total>0</total>
				<timestamp>232.078346</timestamp>
			</report>
			<report>
				<misses>33000000</misses>
				<total>0</total>
				<timestamp>232.785873</timestamp>
			</report>
			<report>
				<misses>33100000</misses>
				<total>0</total>
				<timestamp>233.509398</timestamp>
			</report>
			<report>
				<misses>33200000</misses>
				<total>0</total>
				<timestamp>234.218479</timestamp>
			</report>
			<report>
				<misses>33300000</misses>
				<total>0</total>
				<timestamp>234.910952</timestamp>
			</report>
			<report>
				<misses>33400000</misses>
				<total>0</total>
				<timestamp>235.628277</timestamp>
			</report>
			<report>
				<misses>33500000</misses>
				<total>0</total>
				<timestamp>236.322548</timestamp>
			</report>
			<report>
				<misses>33600000</misses>
				<total>0</total>
				<timestamp>237.028112</timestamp>
			</report>
			<report>
				<misses>33700000</misses>
				<total>0</total>
				<timestamp>237.733443</timestamp>
			</report>
			<report>
				<misses>33800000</misses>
				<total>0</total>
				<timestamp>238.437346</timestamp>
			</report>
			<report>
				<misses>33900000</misses>
				<total>0</total>
				<timestamp>239.123663</timestamp>
			</report>
			<report>
				<misses>34000000</misses>
				<total>0</total>
				<timestamp>239.820640</timestamp>
			</report>
			<report>
				<misses>34100000</misses>
				<total>0</total>
				<timestamp>240.528083</timestamp>
			</report>
			<report>
				<misses>34200000</misses>
				<total>0</total>
				<timestamp>241.226770</timestamp>
			</report>
			<report>
				<misses>34300000</misses>
				<total>0</total>
				<timestamp>241.898254</timestamp>
			</report>
			<report>
				<misses>34400000</misses>
				<total>0</total>
				<timestamp>242.571980</timestamp>
			</report>
			<report>
				<misses>34500000</misses>
				<total>0</total>
				<timestamp>243.254399</timestamp>
			</report>
			<report>
				<misses>34600000</misses>
				<total>0</total>
				<timestamp>243.944791</timestamp>
			</report>
			<report>
				<misses>34700000</misses>
				<total>0</total>
				<timestamp>244.631363</timestamp>
			</report>
			<report>
				<misses>34800000</misses>
				<total>0</total>
				<timestamp>245.302615</timestamp>
			</report>
			<report>
				<misses>34900000</misses>
				<total>0</total>
				<timestamp>245.992760</timestamp>
			</report>
			<report>
				<misses>35000000</misses>
				<total>0</total>
				<timestamp>246.678816</timestamp>
			</report>
			<report>
				<misses>35100000</misses>
				<total>0</total>
				<timestamp>247.371235</timestamp>
			</report>
			<report>
				<misses>35200000</misses>
				<total>0</total>
				<timestamp>248.140532</timestamp>
			</report>
			<report>
				<misses>35300000</misses>
				<total>0</total>
				<timestamp>248.882295</timestamp>
			</report>
			<report>
				<misses>35400000</misses>
				<total>0</total>
				<timestamp>249.618185</timestamp>
			</report>
			<report>
				<misses>35500000</misses>
				<total>0</total>
				<timestamp>250.338204</timestamp>
			</report>
			<report>
				<misses>35600000</misses>
				<total>0</total>
				<timestamp>251.064773</timestamp>
			</report>
			<report>
				<misses>35700000</misses>
				<total>0</total>
				<timestamp>251.775146</timestamp>
			</report>
			<report>
				<misses>35800000</misses>
				<total>0</total>
				<timestamp>252.476952</timestamp>
			</report>
			<report>
				<misses>35900000</misses>
				<total>0</total>
				<timestamp>253.172521</timestamp>
			</report>
			<report>
				<misses>36000000</misses>
				<total>0</total>
				<timestamp>253.884358</timestamp>
			</report>
			<report>
				<misses>36100000</misses>
				<total>0</total>
				<timestamp>254.610476</timestamp>
			</report>
			<report>
				<misses>36200000</misses>
				<total>0</total>
				<timestamp>255.341140</timestamp>
			</report>
			<report>
				<misses>36300000</misses>
				<total>0</total>
				<timestamp>256.047376</timestamp>
			</report>
			<report>
				<misses>36400000</misses>
				<total>0</total>
				<timestamp>256.765397</timestamp>
			</report>
			<report>
				<misses>36500000</misses>
				<total>0</total>
				<timestamp>257.471601</timestamp>
			</report>
			<report>
				<misses>36600000</misses>
				<total>0</total>
				<timestamp>258.185939</timestamp>
			</report>
			<report>
				<misses>36700000</misses>
				<total>0</total>
				<timestamp>258.908694</timestamp>
			</report>
			<report>
				<misses>36800000</misses>
				<total>0</total>
				<timestamp>259.617026</timestamp>
			</report>
			<report>
				<misses>36900000</misses>
				<total>0</total>
				<timestamp>260.339909</timestamp>
			</report>
			<report>
				<misses>37000000</misses>
				<total>0</total>
				<timestamp>261.047186</timestamp>
			</report>
			<report>
				<misses>37100000</misses>
				<total>0</total>
				<timestamp>261.733602</timestamp>
			</report>
			<report>
				<misses>37200000</misses>
				<total>0</total>
				<timestamp>262.428888</timestamp>
			</report>
			<report>
				<misses>37300000</misses>
				<total>0</total>
				<timestamp>263.131117</timestamp>
			</report>
			<report>
				<misses>37400000</misses>
				<total>0</total>
				<timestamp>263.821851</timestamp>
			</report>
			<report>
				<misses>37500000</misses>
				<total>0</total>
				<timestamp>264.507882</timestamp>
			</report>
			<report>
				<misses>37600000</misses>
				<total>0</total>
				<timestamp>265.202775</timestamp>
			</report>
			<report>
				<misses>37700000</misses>
				<total>0</total>
				<timestamp>265.890488</timestamp>
			</report>
			<report>
				<misses>37800000</misses>
				<total>0</total>
				<timestamp>266.586750</timestamp>
			</report>
			<report>
				<misses>37900000</misses>
				<total>0</total>
				<timestamp>267.265061</timestamp>
			</report>
			<report>
				<misses>38000000</misses>
				<total>0</total>
				<timestamp>267.955846</timestamp>
			</report>
			<report>
				<misses>38100000</misses>
				<total>0</total>
				<timestamp>268.641894</timestamp>
			</report>
			<report>
				<misses>38200000</misses>
				<total>0</total>
				<timestamp>269.332862</timestamp>
			</report>
			<report>
				<misses>38300000</misses>
				<total>0</total>
				<timestamp>270.042944</timestamp>
			</report>
			<report>
				<misses>38400000</misses>
				<total>0</total>
				<timestamp>270.761316</timestamp>
			</report>
			<report>
				<misses>38500000</misses>
				<total>0</total>
				<timestamp>271.454771</timestamp>
			</report>
			<report>
				<misses>38600000</misses>
				<total>0</total>
				<timestamp>272.193405</timestamp>
			</report>
			<report>
				<misses>38700000</misses>
				<total>0</total>
				<timestamp>272.928226</timestamp>
			</report>
			<report>
				<misses>38800000</misses>
				<total>0</total>
				<timestamp>273.631504</timestamp>
			</report>
			<report>
				<misses>38900000</misses>
				<total>0</total>
				<timestamp>274.347387</timestamp>
			</report>
			<report>
				<misses>39000000</misses>
				<total>0</total>
				<timestamp>275.064565</timestamp>
			</report>
			<report>
				<misses>39100000</misses>
				<total>0</total>
				<timestamp>275.761082</timestamp>
			</report>
			<report>
				<misses>39200000</misses>
				<total>0</total>
				<timestamp>276.482341</timestamp>
			</report>
			<report>
				<misses>39300000</misses>
				<total>0</total>
				<timestamp>277.209518</timestamp>
			</report>
			<report>
				<misses>39400000</misses>
				<total>0</total>
				<timestamp>277.889561</timestamp>
			</report>
			<report>
				<misses>39500000</misses>
				<total>0</total>
				<timestamp>278.575467</timestamp>
			</report>
			<report>
				<misses>39600000</misses>
				<total>0</total>
				<timestamp>279.247069</timestamp>
			</report>
			<report>
				<misses>39700000</misses>
				<total>0</total>
				<timestamp>279.922201</timestamp>
			</report>
			<report>
				<misses>39800000</misses>
				<total>0</total>
				<timestamp>280.603914</timestamp>
			</report>
			<report>
				<misses>39900000</misses>
				<total>0</total>
				<timestamp>281.296233</timestamp>
			</report>
			<report>
				<misses>40000000</misses>
				<total>0</total>
				<timestamp>282.002522</timestamp>
			</report>
			<report>
				<misses>40100000</misses>
				<total>0</total>
				<timestamp>282.705452</timestamp>
			</report>
			<report>
				<misses>40200000</misses>
				<total>0</total>
				<timestamp>283.391409</timestamp>
			</report>
			<report>
				<misses>40300000</misses>
				<total>0</total>
				<timestamp>284.082867</timestamp>
			</report>
			<report>
				<misses>40400000</misses>
				<total>0</total>
				<timestamp>284.784184</timestamp>
			</report>
			<report>
				<misses>40500000</misses>
				<total>0</total>
				<timestamp>285.513824</timestamp>
			</report>
			<report>
				<misses>40600000</misses>
				<total>0</total>
				<timestamp>286.227797</timestamp>
			</report>
			<report>
				<misses>40700000</misses>
				<total>0</total>
				<timestamp>286.928238</timestamp>
			</report>
			<report>
				<misses>40800000</misses>
				<total>0</total>
				<timestamp>287.662623</timestamp>
			</report>
			<report>
				<misses>40900000</misses>
				<total>0</total>
				<timestamp>288.355417</timestamp>
			</report>
			<report>
				<misses>41000000</misses>
				<total>0</total>
				<timestamp>289.054522</timestamp>
			</report>
			<report>
				<misses>41100000</misses>
				<total>0</total>
				<timestamp>289.772451</timestamp>
			</report>
			<report>
				<misses>41200000</misses>
				<total>0</total>
				<timestamp>290.479456</timestamp>
			</report>
			<report>
				<misses>41300000</misses>
				<total>0</total>
				<timestamp>291.185547</timestamp>
			</report>
			<report>
				<misses>41400000</misses>
				<total>0</total>
				<timestamp>291.881211</timestamp>
			</report>
			<report>
				<misses>41500000</misses>
				<total>0</total>
				<timestamp>292.577257</timestamp>
			</report>
			<report>
				<misses>41600000</misses>
				<total>0</total>
				<timestamp>293.283823</timestamp>
			</report>
			<report>
				<misses>41700000</misses>
				<total>0</total>
				<timestamp>293.995409</timestamp>
			</report>
			<report>
				<misses>41800000</misses>
				<total>0</total>
				<timestamp>294.683759</timestamp>
			</report>
			<report>
				<misses>41900000</misses>
				<total>0</total>
				<timestamp>295.372238</timestamp>
			</report>
			<report>
				<misses>42000000</misses>
				<total>0</total>
				<timestamp>296.062890</timestamp>
			</report>
			<report>
				<misses>42100000</misses>
				<total>0</total>
				<timestamp>296.751272</timestamp>
			</report>
			<report>
				<misses>42200000</misses>
				<total>0</total>
				<timestamp>297.441375</timestamp>
			</report>
			<report>
				<misses>42300000</misses>
				<total>0</total>
				<timestamp>298.138126</timestamp>
			</report>
			<report>
				<misses>42400000</misses>
				<total>0</total>
				<timestamp>298.824589</timestamp>
			</report>
			<report>
				<misses>42500000</misses>
				<total>0</total>
				<timestamp>299.506188</timestamp>
			</report>
			<report>
				<misses>42600000</misses>
				<total>0</total>
				<timestamp>300.187483</timestamp>
			</report>
			<report>
				<misses>42700000</misses>
				<total>0</total>
				<timestamp>300.876609</timestamp>
			</report>
			<report>
				<misses>42800000</misses>
				<total>0</total>
				<timestamp>301.587058</timestamp>
			</report>
			<report>
				<misses>42900000</misses>
				<total>0</total>
				<timestamp>302.326060</timestamp>
			</report>
			<report>
				<misses>43000000</misses>
				<total>0</total>
				<timestamp>303.038433</timestamp>
			</report>
			<report>
				<misses>43100000</misses>
				<total>0</total>
				<timestamp>303.746986</timestamp>
			</report>
			<report>
				<misses>43200000</misses>
				<total>0</total>
				<timestamp>304.446055</timestamp>
			</report>
			<report>
				<misses>43300000</misses>
				<total>0</total>
				<timestamp>305.134583</timestamp>
			</report>
			<report>
				<misses>43400000</misses>
				<total>0</total>
				<timestamp>305.825448</timestamp>
			</report>
			<report>
				<misses>43500000</misses>
				<total>0</total>
				<timestamp>306.581450</timestamp>
			</report>
			<report>
				<misses>43600000</misses>
				<total>0</total>
				<timestamp>307.288602</timestamp>
			</report>
			<report>
				<misses>43700000</misses>
				<total>0</total>
				<timestamp>307.963630</timestamp>
			</report>
			<report>
				<misses>43800000</misses>
				<total>0</total>
				<timestamp>308.658366</timestamp>
			</report>
			<report>
				<misses>43900000</misses>
				<total>0</total>
				<timestamp>309.370622</timestamp>
			</report>
			<report>
				<misses>44000000</misses>
				<total>0</total>
				<timestamp>310.071678</timestamp>
			</report>
			<report>
				<misses>44100000</misses>
				<total>0</total>
				<timestamp>310.766907</timestamp>
			</report>
			<report>
				<misses>44200000</misses>
				<total>0</total>
				<timestamp>311.469149</timestamp>
			</report>
			<report>
				<misses>44300000</misses>
				<total>0</total>
				<timestamp>312.147603</timestamp>
			</report>
			<report>
				<misses>44400000</misses>
				<total>0</total>
				<timestamp>312.850701</timestamp>
			</report>
			<report>
				<misses>44500000</misses>
				<total>0</total>
				<timestamp>313.533647</timestamp>
			</report>
			<report>
				<misses>44600000</misses>
				<total>0</total>
				<timestamp>314.204267</timestamp>
			</report>
			<report>
				<misses>44700000</misses>
				<total>0</total>
				<timestamp>314.890147</timestamp>
			</report>
			<report>
				<misses>44800000</misses>
				<total>0</total>
				<timestamp>315.573972</timestamp>
			</report>
			<report>
				<misses>44900000</misses>
				<total>0</total>
				<timestamp>316.252405</timestamp>
			</report>
			<report>
				<misses>45000000</misses>
				<total>0</total>
				<timestamp>316.937907</timestamp>
			</report>
			<report>
				<misses>45100000</misses>
				<total>0</total>
				<timestamp>317.640774</timestamp>
			</report>
			<report>
				<misses>45200000</misses>
				<total>0</total>
				<timestamp>318.365210</timestamp>
			</report>
			<report>
				<misses>45300000</misses>
				<total>0</total>
				<timestamp>319.077434</timestamp>
			</report>
			<report>
				<misses>45400000</misses>
				<total>0</total>
				<timestamp>319.808777</timestamp>
			</report>
			<report>
				<misses>45500000</misses>
				<total>0</total>
				<timestamp>320.531433</timestamp>
			</report>
			<report>
				<misses>45600000</misses>
				<total>0</total>
				<timestamp>321.253267</timestamp>
			</report>
			<report>
				<misses>45700000</misses>
				<total>0</total>
				<timestamp>321.956000</timestamp>
			</report>
			<report>
				<misses>45800000</misses>
				<total>0</total>
				<timestamp>322.651571</timestamp>
			</report>
			<report>
				<misses>45900000</misses>
				<total>0</total>
				<timestamp>323.344827</timestamp>
			</report>
			<report>
				<misses>46000000</misses>
				<total>0</total>
				<timestamp>324.075625</timestamp>
			</report>
			<report>
				<misses>46100000</misses>
				<total>0</total>
				<timestamp>324.781021</timestamp>
			</report>
			<report>
				<misses>46200000</misses>
				<total>0</total>
				<timestamp>325.498724</timestamp>
			</report>
			<report>
				<misses>46300000</misses>
				<total>0</total>
				<timestamp>326.194890</timestamp>
			</report>
			<report>
				<misses>46400000</misses>
				<total>0</total>
				<timestamp>326.891588</timestamp>
			</report>
			<report>
				<misses>46500000</misses>
				<total>0</total>
				<timestamp>327.580029</timestamp>
			</report>
			<report>
				<misses>46600000</misses>
				<total>0</total>
				<timestamp>328.278007</timestamp>
			</report>
			<report>
				<misses>46700000</misses>
				<total>0</total>
				<timestamp>328.967724</timestamp>
			</report>
			<report>
				<misses>46800000</misses>
				<total>0</total>
				<timestamp>329.663015</timestamp>
			</report>
			<report>
				<misses>46900000</misses>
				<total>0</total>
				<timestamp>330.348383</timestamp>
			</report>
			<report>
				<misses>47000000</misses>
				<total>0</total>
				<timestamp>331.049300</timestamp>
			</report>
			<report>
				<misses>47100000</misses>
				<total>0</total>
				<timestamp>331.730003</timestamp>
			</report>
			<report>
				<misses>47200000</misses>
				<total>0</total>
				<timestamp>332.415567</timestamp>
			</report>
			<report>
				<misses>47300000</misses>
				<total>0</total>
				<timestamp>333.116755</timestamp>
			</report>
			<report>
				<misses>47400000</misses>
				<total>0</total>
				<timestamp>333.844670</timestamp>
			</report>
			<report>
				<misses>47500000</misses>
				<total>0</total>
				<timestamp>334.573578</timestamp>
			</report>
			<report>
				<misses>47600000</misses>
				<total>0</total>
				<timestamp>335.274164</timestamp>
			</report>
			<report>
				<misses>47700000</misses>
				<total>0</total>
				<timestamp>335.986794</timestamp>
			</report>
			<report>
				<misses>47800000</misses>
				<total>0</total>
				<timestamp>336.705097</timestamp>
			</report>
			<report>
				<misses>47900000</misses>
				<total>0</total>
				<timestamp>337.435460</timestamp>
			</report>
			<report>
				<misses>48000000</misses>
				<total>0</total>
				<timestamp>338.152075</timestamp>
			</report>
			<report>
				<misses>48100000</misses>
				<total>0</total>
				<timestamp>338.866548</timestamp>
			</report>
			<report>
				<misses>48200000</misses>
				<total>0</total>
				<timestamp>339.584831</timestamp>
			</report>
			<report>
				<misses>48300000</misses>
				<total>0</total>
				<timestamp>340.310316</timestamp>
			</report>
			<report>
				<misses>48400000</misses>
				<total>0</total>
				<timestamp>341.021725</timestamp>
			</report>
			<report>
				<misses>48500000</misses>
				<total>0</total>
				<timestamp>341.748203</timestamp>
			</report>
			<report>
				<misses>48600000</misses>
				<total>0</total>
				<timestamp>342.431696</timestamp>
			</report>
			<report>
				<misses>48700000</misses>
				<total>0</total>
				<timestamp>343.116555</timestamp>
			</report>
			<report>
				<misses>48800000</misses>
				<total>0</total>
				<timestamp>343.813863</timestamp>
			</report>
			<report>
				<misses>48900000</misses>
				<total>0</total>
				<timestamp>344.493134</timestamp>
			</report>
			<report>
				<misses>49000000</misses>
				<total>0</total>
				<timestamp>345.181128</timestamp>
			</report>
			<report>
				<misses>49100000</misses>
				<total>0</total>
				<timestamp>345.863704</timestamp>
			</report>
			<report>
				<misses>49200000</misses>
				<total>0</total>
				<timestamp>346.559919</timestamp>
			</report>
			<report>
				<misses>49300000</misses>
				<total>0</total>
				<timestamp>347.253850</timestamp>
			</report>
			<report>
				<misses>49400000</misses>
				<total>0</total>
				<timestamp>347.949138</timestamp>
			</report>
			<report>
				<misses>49500000</misses>
				<total>0</total>
				<timestamp>348.643165</timestamp>
			</report>
			<report>
				<misses>49600000</misses>
				<total>0</total>
				<timestamp>349.357163</timestamp>
			</report>
			<report>
				<misses>49700000</misses>
				<total>0</total>
				<timestamp>350.096779</timestamp>
			</report>
			<report>
				<misses>49800000</misses>
				<total>0</total>
				<timestamp>350.817360</timestamp>
			</report>
			<report>
				<misses>49900000</misses>
				<total>0</total>
				<timestamp>351.548385</timestamp>
			</report>
			<report>
				<misses>50000000</misses>
				<total>0</total>
				<timestamp>352.259604</timestamp>
			</report>
			<report>
				<misses>50100000</misses>
				<total>0</total>
				<timestamp>352.977507</timestamp>
			</report>
			<report>
				<misses>50200000</misses>
				<total>0</total>
				<timestamp>353.694213</timestamp>
			</report>
			<report>
				<misses>50300000</misses>
				<total>0</total>
				<timestamp>354.438189</timestamp>
			</report>
			<report>
				<misses>50400000</misses>
				<total>0</total>
				<timestamp>355.149192</timestamp>
			</report>
			<report>
				<misses>50500000</misses>
				<total>0</total>
				<timestamp>355.863592</timestamp>
			</report>
			<report>
				<misses>50600000</misses>
				<total>0</total>
				<timestamp>356.592620</timestamp>
			</report>
			<report>
				<misses>50700000</misses>
				<total>0</total>
				<timestamp>357.307221</timestamp>
			</report>
			<report>
				<misses>50800000</misses>
				<total>0</total>
				<timestamp>358.004148</timestamp>
			</report>
			<report>
				<misses>50900000</misses>
				<total>0</total>
				<timestamp>358.699782</timestamp>
			</report>
			<report>
				<misses>51000000</misses>
				<total>0</total>
				<timestamp>359.379761</timestamp>
			</report>
			<report>
				<misses>51100000</misses>
				<total>0</total>
				<timestamp>360.075389</timestamp>
			</report>
			<report>
				<misses>51200000</misses>
				<total>0</total>
				<timestamp>360.777725</timestamp>
			</report>
			<report>
				<misses>51300000</misses>
				<total>0</total>
				<timestamp>361.469421</timestamp>
			</report>
			<report>
				<misses>51400000</misses>
				<total>0</total>
				<timestamp>362.142209</timestamp>
			</report>
			<report>
				<misses>51500000</misses>
				<total>0</total>
				<timestamp>362.819601</timestamp>
			</report>
			<report>
				<misses>51600000</misses>
				<total>0</total>
				<timestamp>363.509957</timestamp>
			</report>
			<report>
				<misses>51700000</misses>
				<total>0</total>
				<timestamp>364.186148</timestamp>
			</report>
			<report>
				<misses>51800000</misses>
				<total>0</total>
				<timestamp>364.870180</timestamp>
			</report>
			<report>
				<misses>51900000</misses>
				<total>0</total>
				<timestamp>365.558470</timestamp>
			</report>
			<report>
				<misses>52000000</misses>
				<total>0</total>
				<timestamp>366.284422</timestamp>
			</report>
			<report>
				<misses>52100000</misses>
				<total>0</total>
				<timestamp>367.006941</timestamp>
			</report>
			<report>
				<misses>52200000</misses>
				<total>0</total>
				<timestamp>367.707852</timestamp>
			</report>
			<report>
				<misses>52300000</misses>
				<total>0</total>
				<timestamp>368.415030</timestamp>
			</report>
			<report>
				<misses>52400000</misses>
				<total>0</total>
				<timestamp>369.101123</timestamp>
			</report>
			<report>
				<misses>52500000</misses>
				<total>0</total>
				<timestamp>369.822969</timestamp>
			</report>
			<report>
				<misses>52600000</misses>
				<total>0</total>
				<timestamp>370.531394</timestamp>
			</report>
			<report>
				<misses>52700000</misses>
				<total>0</total>
				<timestamp>371.247595</timestamp>
			</report>
			<report>
				<misses>52800000</misses>
				<total>0</total>
				<timestamp>371.958810</timestamp>
			</report>
			<report>
				<misses>52900000</misses>
				<total>0</total>
				<timestamp>372.638433</timestamp>
			</report>
			<report>
				<misses>53000000</misses>
				<total>0</total>
				<timestamp>373.340157</timestamp>
			</report>
			<report>
				<misses>53100000</misses>
				<total>0</total>
				<timestamp>374.044760</timestamp>
			</report>
			<report>
				<misses>53200000</misses>
				<total>0</total>
				<timestamp>374.731906</timestamp>
			</report>
			<report>
				<misses>53300000</misses>
				<total>0</total>
				<timestamp>375.448381</timestamp>
			</report>
			<report>
				<misses>53400000</misses>
				<total>0</total>
				<timestamp>376.128470</timestamp>
			</report>
			<report>
				<misses>53500000</misses>
				<total>0</total>
				<timestamp>376.824513</timestamp>
			</report>
			<report>
				<misses>53600000</misses>
				<total>0</total>
				<timestamp>377.515756</timestamp>
			</report>
			<report>
				<misses>53700000</misses>
				<total>0</total>
				<timestamp>378.200760</timestamp>
			</report>
			<report>
				<misses>53800000</misses>
				<total>0</total>
				<timestamp>378.889163</timestamp>
			</report>
			<report>
				<misses>53900000</misses>
				<total>0</total>
				<timestamp>379.556620</timestamp>
			</report>
			<report>
				<misses>54000000</misses>
				<total>0</total>
				<timestamp>380.230072</timestamp>
			</report>
			<report>
				<misses>54100000</misses>
				<total>0</total>
				<timestamp>380.938305</timestamp>
			</report>
			<report>
				<misses>54200000</misses>
				<total>0</total>
				<timestamp>381.620472</timestamp>
			</report>
			<report>
				<misses>54300000</misses>
				<total>0</total>
				<timestamp>382.308016</timestamp>
			</report>
			<report>
				<misses>54400000</misses>
				<total>0</total>
				<timestamp>382.990471</timestamp>
			</report>
			<report>
				<misses>54500000</misses>
				<total>0</total>
				<timestamp>383.730311</timestamp>
			</report>
			<report>
				<misses>54600000</misses>
				<total>0</total>
				<timestamp>384.441519</timestamp>
			</report>
			<report>
				<misses>54700000</misses>
				<total>0</total>
				<timestamp>385.138693</timestamp>
			</report>
			<report>
				<misses>54800000</misses>
				<total>0</total>
				<timestamp>385.827417</timestamp>
			</report>
			<report>
				<misses>54900000</misses>
				<total>0</total>
				<timestamp>386.538699</timestamp>
			</report>
			<report>
				<misses>55000000</misses>
				<total>0</total>
				<timestamp>387.239432</timestamp>
			</report>
			<report>
				<misses>55100000</misses>
				<total>0</total>
				<timestamp>387.935992</timestamp>
			</report>
			<report>
				<misses>55200000</misses>
				<total>0</total>
				<timestamp>388.656522</timestamp>
			</report>
			<report>
				<misses>55300000</misses>
				<total>0</total>
				<timestamp>389.362986</timestamp>
			</report>
			<report>
				<misses>55400000</misses>
				<total>0</total>
				<timestamp>390.047093</timestamp>
			</report>
			<report>
				<misses>55500000</misses>
				<total>0</total>
				<timestamp>390.747134</timestamp>
			</report>
			<report>
				<misses>55600000</misses>
				<total>0</total>
				<timestamp>391.460929</timestamp>
			</report>
			<report>
				<misses>55700000</misses>
				<total>0</total>
				<timestamp>392.142303</timestamp>
			</report>
			<report>
				<misses>55800000</misses>
				<total>0</total>
				<timestamp>392.851364</timestamp>
			</report>
			<report>
				<misses>55900000</misses>
				<total>0</total>
				<timestamp>393.545438</timestamp>
			</report>
			<report>
				<misses>56000000</misses>
				<total>0</total>
				<timestamp>394.237415</timestamp>
			</report>
			<report>
				<misses>56100000</misses>
				<total>0</total>
				<timestamp>394.929210</timestamp>
			</report>
			<report>
				<misses>56200000</misses>
				<total>0</total>
				<timestamp>395.605975</timestamp>
			</report>
			<report>
				<misses>56300000</misses>
				<total>0</total>
				<timestamp>396.281539</timestamp>
			</report>
			<report>
				<misses>56400000</misses>
				<total>0</total>
				<timestamp>396.968168</timestamp>
			</report>
			<report>
				<misses>56500000</misses>
				<total>0</total>
				<timestamp>397.650589</timestamp>
			</report>
			<report>
				<misses>56600000</misses>
				<total>0</total>
				<timestamp>398.373084</timestamp>
			</report>
			<report>
				<misses>56700000</misses>
				<total>0</total>
				<timestamp>399.072628</timestamp>
			</report>
			<report>
				<misses>56800000</misses>
				<total>0</total>
				<timestamp>399.777237</timestamp>
			</report>
			<report>
				<misses>56900000</misses>
				<total>0</total>
				<timestamp>400.461828</timestamp>
			</report>
			<report>
				<misses>57000000</misses>
				<total>0</total>
				<timestamp>401.162747</timestamp>
			</report>
			<report>
				<misses>57100000</misses>
				<total>0</total>
				<timestamp>401.865235</timestamp>
			</report>
			<report>
				<misses>57200000</misses>
				<total>0</total>
				<timestamp>402.583384</timestamp>
			</report>
			<report>
				<misses>57300000</misses>
				<total>0</total>
				<timestamp>403.265905</timestamp>
			</report>
			<report>
				<misses>57400000</misses>
				<total>0</total>
				<timestamp>403.990674</timestamp>
			</report>
			<report>
				<misses>57500000</misses>
				<total>0</total>
				<timestamp>404.699466</timestamp>
			</report>
			<report>
				<misses>57600000</misses>
				<total>0</total>
				<timestamp>405.419094</timestamp>
			</report>
			<report>
				<misses>57700000</misses>
				<total>0</total>
				<timestamp>406.118532</timestamp>
			</report>
			<report>
				<misses>57800000</misses>
				<total>0</total>
				<timestamp>406.821668</timestamp>
			</report>
			<report>
				<misses>57900000</misses>
				<total>0</total>
				<timestamp>407.530453</timestamp>
			</report>
			<report>
				<misses>58000000</misses>
				<total>0</total>
				<timestamp>408.221331</timestamp>
			</report>
			<report>
				<misses>58100000</misses>
				<total>0</total>
				<timestamp>408.915854</timestamp>
			</report>
			<report>
				<misses>58200000</misses>
				<total>0</total>
				<timestamp>409.606411</timestamp>
			</report>
			<report>
				<misses>58300000</misses>
				<total>0</total>
				<timestamp>410.288673</timestamp>
			</report>
			<report>
				<misses>58400000</misses>
				<total>0</total>
				<timestamp>410.955203</timestamp>
			</report>
			<report>
				<misses>58500000</misses>
				<total>0</total>
				<timestamp>411.644216</timestamp>
			</report>
			<report>
				<misses>58600000</misses>
				<total>0</total>
				<timestamp>412.356345</timestamp>
			</report>
			<report>
				<misses>58700000</misses>
				<total>0</total>
				<timestamp>413.053355</timestamp>
			</report>
			<report>
				<misses>58800000</misses>
				<total>0</total>
				<timestamp>413.727867</timestamp>
			</report>
			<report>
				<misses>58900000</misses>
				<total>0</total>
				<timestamp>414.423172</timestamp>
			</report>
			<report>
				<misses>59000000</misses>
				<total>0</total>
				<timestamp>415.119862</timestamp>
			</report>
			<report>
				<misses>59100000</misses>
				<total>0</total>
				<timestamp>415.823566</timestamp>
			</report>
			<report>
				<misses>59200000</misses>
				<total>0</total>
				<timestamp>416.515587</timestamp>
			</report>
			<report>
				<misses>59300000</misses>
				<total>0</total>
				<timestamp>417.208247</timestamp>
			</report>
			<report>
				<misses>59400000</misses>
				<total>0</total>
				<timestamp>417.957836</timestamp>
			</report>
			<report>
				<misses>59500000</misses>
				<total>0</total>
				<timestamp>418.703982</timestamp>
			</report>
			<report>
				<misses>59600000</misses>
				<total>0</total>
				<timestamp>419.411515</timestamp>
			</report>
			<report>
				<misses>59700000</misses>
				<total>0</total>
				<timestamp>420.142109</timestamp>
			</report>
			<report>
				<misses>59800000</misses>
				<total>0</total>
				<timestamp>420.873863</timestamp>
			</report>
			<report>
				<misses>59900000</misses>
				<total>0</total>
				<timestamp>421.604847</timestamp>
			</report>
			<report>
				<misses>60000000</misses>
				<total>0</total>
				<timestamp>422.320738</timestamp>
			</report>
			<report>
				<misses>60100000</misses>
				<total>0</total>
				<timestamp>423.047353</timestamp>
			</report>
			<report>
				<misses>60200000</misses>
				<total>0</total>
				<timestamp>423.788501</timestamp>
			</report>
			<report>
				<misses>60300000</misses>
				<total>0</total>
				<timestamp>424.490074</timestamp>
			</report>
			<report>
				<misses>60400000</misses>
				<total>0</total>
				<timestamp>425.231785</timestamp>
			</report>
			<report>
				<misses>60500000</misses>
				<total>0</total>
				<timestamp>425.968197</timestamp>
			</report>
			<report>
				<misses>60600000</misses>
				<total>0</total>
				<timestamp>426.730769</timestamp>
			</report>
			<report>
				<misses>60700000</misses>
				<total>0</total>
				<timestamp>427.458289</timestamp>
			</report>
			<report>
				<misses>60800000</misses>
				<total>0</total>
				<timestamp>428.180320</timestamp>
			</report>
			<report>
				<misses>60900000</misses>
				<total>0</total>
				<timestamp>428.879904</timestamp>
			</report>
			<report>
				<misses>61000000</misses>
				<total>0</total>
				<timestamp>429.565981</timestamp>
			</report>
			<report>
				<misses>61100000</misses>
				<total>0</total>
				<timestamp>430.268817</timestamp>
			</report>
			<report>
				<misses>61200000</misses>
				<total>0</total>
				<timestamp>430.938768</timestamp>
			</report>
			<report>
				<misses>61300000</misses>
				<total>0</total>
				<timestamp>431.630611</timestamp>
			</report>
			<report>
				<misses>61400000</misses>
				<total>0</total>
				<timestamp>432.351244</timestamp>
			</report>
			<report>
				<misses>61500000</misses>
				<total>0</total>
				<timestamp>433.060993</timestamp>
			</report>
			<report>
				<misses>61600000</misses>
				<total>0</total>
				<timestamp>433.740178</timestamp>
			</report>
			<report>
				<misses>61700000</misses>
				<total>0</total>
				<timestamp>434.427835</timestamp>
			</report>
			<report>
				<misses>61800000</misses>
				<total>0</total>
				<timestamp>435.122479</timestamp>
			</report>
			<report>
				<misses>61900000</misses>
				<total>0</total>
				<timestamp>435.835710</timestamp>
			</report>
			<report>
				<misses>62000000</misses>
				<total>0</total>
				<timestamp>436.536839</timestamp>
			</report>
			<report>
				<misses>62100000</misses>
				<total>0</total>
				<timestamp>437.247456</timestamp>
			</report>
			<report>
				<misses>62200000</misses>
				<total>0</total>
				<timestamp>437.934589</timestamp>
			</report>
			<report>
				<misses>62300000</misses>
				<total>0</total>
				<timestamp>438.648218</timestamp>
			</report>
			<report>
				<misses>62400000</misses>
				<total>0</total>
				<timestamp>439.350908</timestamp>
			</report>
			<report>
				<misses>62500000</misses>
				<total>0</total>
				<timestamp>440.073599</timestamp>
			</report>
			<report>
				<misses>62600000</misses>
				<total>0</total>
				<timestamp>440.763634</timestamp>
			</report>
			<report>
				<misses>62700000</misses>
				<total>0</total>
				<timestamp>441.467727</timestamp>
			</report>
			<report>
				<misses>62800000</misses>
				<total>0</total>
				<timestamp>442.184024</timestamp>
			</report>
			<report>
				<misses>62900000</misses>
				<total>0</total>
				<timestamp>442.901630</timestamp>
			</report>
			<report>
				<misses>63000000</misses>
				<total>0</total>
				<timestamp>443.620276</timestamp>
			</report>
			<report>
				<misses>63100000</misses>
				<total>0</total>
				<timestamp>444.360142</timestamp>
			</report>
			<report>
				<misses>63200000</misses>
				<total>0</total>
				<timestamp>445.081186</timestamp>
			</report>
			<report>
				<misses>63300000</misses>
				<total>0</total>
				<timestamp>445.781147</timestamp>
			</report>
			<report>
				<misses>63400000</misses>
				<total>0</total>
				<timestamp>446.474339</timestamp>
			</report>
			<report>
				<misses>63500000</misses>
				<total>0</total>
				<timestamp>447.158131</timestamp>
			</report>
			<report>
				<misses>63600000</misses>
				<total>0</total>
				<timestamp>447.842902</timestamp>
			</report>
			<report>
				<misses>63700000</misses>
				<total>0</total>
				<timestamp>448.523676</timestamp>
			</report>
			<report>
				<misses>63800000</misses>
				<total>0</total>
				<timestamp>449.189733</timestamp>
			</report>
			<report>
				<misses>63900000</misses>
				<total>0</total>
				<timestamp>449.886042</timestamp>
			</report>
			<report>
				<misses>64000000</misses>
				<total>0</total>
				<timestamp>450.568159</timestamp>
			</report>
			<report>
				<misses>64100000</misses>
				<total>0</total>
				<timestamp>451.251923</timestamp>
			</report>
			<report>
				<misses>64200000</misses>
				<total>0</total>
				<timestamp>451.933134</timestamp>
			</report>
			<report>
				<misses>64300000</misses>
				<total>0</total>
				<timestamp>452.619980</timestamp>
			</report>
			<report>
				<misses>64400000</misses>
				<total>0</total>
				<timestamp>453.323985</timestamp>
			</report>
			<report>
				<misses>64500000</misses>
				<total>0</total>
				<timestamp>454.051099</timestamp>
			</report>
			<report>
				<misses>64600000</misses>
				<total>0</total>
				<timestamp>454.750304</timestamp>
			</report>
			<report>
				<misses>64700000</misses>
				<total>0</total>
				<timestamp>455.457252</timestamp>
			</report>
			<report>
				<misses>64800000</misses>
				<total>0</total>
				<timestamp>456.168012</timestamp>
			</report>
			<report>
				<misses>64900000</misses>
				<total>0</total>
				<timestamp>456.855687</timestamp>
			</report>
			<report>
				<misses>65000000</misses>
				<total>0</total>
				<timestamp>457.558471</timestamp>
			</report>
			<report>
				<misses>65100000</misses>
				<total>0</total>
				<timestamp>458.267595</timestamp>
			</report>
			<report>
				<misses>65200000</misses>
				<total>0</total>
				<timestamp>458.982899</timestamp>
			</report>
			<report>
				<misses>65300000</misses>
				<total>0</total>
				<timestamp>459.685375</timestamp>
			</report>
			<report>
				<misses>65400000</misses>
				<total>0</total>
				<timestamp>460.391749</timestamp>
			</report>
			<report>
				<misses>65500000</misses>
				<total>0</total>
				<timestamp>461.115922</timestamp>
			</report>
			<report>
				<misses>65600000</misses>
				<total>0</total>
				<timestamp>461.821428</timestamp>
			</report>
			<report>
				<misses>65700000</misses>
				<total>0</total>
				<timestamp>462.550086</timestamp>
			</report>
			<report>
				<misses>65800000</misses>
				<total>0</total>
				<timestamp>463.232640</timestamp>
			</report>
			<report>
				<misses>65900000</misses>
				<total>0</total>
				<timestamp>463.910475</timestamp>
			</report>
			<report>
				<misses>66000000</misses>
				<total>0</total>
				<timestamp>464.610235</timestamp>
			</report>
			<report>
				<misses>66100000</misses>
				<total>0</total>
				<timestamp>465.308303</timestamp>
			</report>
			<report>
				<misses>66200000</misses>
				<total>0</total>
				<timestamp>465.986667</timestamp>
			</report>
			<report>
				<misses>66300000</misses>
				<total>0</total>
				<timestamp>466.676598</timestamp>
			</report>
			<report>
				<misses>66400000</misses>
				<total>0</total>
				<timestamp>467.376675</timestamp>
			</report>
			<report>
				<misses>66500000</misses>
				<total>0</total>
				<timestamp>468.059661</timestamp>
			</report>
			<report>
				<misses>66600000</misses>
				<total>0</total>
				<timestamp>468.735651</timestamp>
			</report>
			<report>
				<misses>66700000</misses>
				<total>0</total>
				<timestamp>469.426537</timestamp>
			</report>
			<report>
				<misses>66800000</misses>
				<total>0</total>
				<timestamp>470.115974</timestamp>
			</report>
			<report>
				<misses>66900000</misses>
				<total>0</total>
				<timestamp>470.806378</timestamp>
			</report>
			<report>
				<misses>67000000</misses>
				<total>0</total>
				<timestamp>471.518534</timestamp>
			</report>
			<report>
				<misses>67100000</misses>
				<total>0</total>
				<timestamp>472.204662</timestamp>
			</report>
			<report>
				<misses>67200000</misses>
				<total>0</total>
				<timestamp>472.921850</timestamp>
			</report>
			<report>
				<misses>67300000</misses>
				<total>0</total>
				<timestamp>473.635915</timestamp>
			</report>
			<report>
				<misses>67400000</misses>
				<total>0</total>
				<timestamp>474.357534</timestamp>
			</report>
			<report>
				<misses>67500000</misses>
				<total>0</total>
				<timestamp>475.062456</timestamp>
			</report>
			<report>
				<misses>67600000</misses>
				<total>0</total>
				<timestamp>475.765278</timestamp>
			</report>
			<report>
				<misses>67700000</misses>
				<total>0</total>
				<timestamp>476.475641</timestamp>
			</report>
			<report>
				<misses>67800000</misses>
				<total>0</total>
				<timestamp>477.183777</timestamp>
			</report>
			<report>
				<misses>67900000</misses>
				<total>0</total>
				<timestamp>477.903114</timestamp>
			</report>
			<report>
				<misses>68000000</misses>
				<total>0</total>
				<timestamp>478.637093</timestamp>
			</report>
			<report>
				<misses>68100000</misses>
				<total>0</total>
				<timestamp>479.348627</timestamp>
			</report>
			<report>
				<misses>68200000</misses>
				<total>0</total>
				<timestamp>480.048626</timestamp>
			</report>
			<report>
				<misses>68300000</misses>
				<total>0</total>
				<timestamp>480.727168</timestamp>
			</report>
			<report>
				<misses>68400000</misses>
				<total>0</total>
				<timestamp>481.403808</timestamp>
			</report>
			<report>
				<misses>68500000</misses>
				<total>0</total>
				<timestamp>482.090471</timestamp>
			</report>
			<report>
				<misses>68600000</misses>
				<total>0</total>
				<timestamp>482.761583</timestamp>
			</report>
			<report>
				<misses>68700000</misses>
				<total>0</total>
				<timestamp>483.431860</timestamp>
			</report>
			<report>
				<misses>68800000</misses>
				<total>0</total>
				<timestamp>484.094055</timestamp>
			</report>
			<report>
				<misses>68900000</misses>
				<total>0</total>
				<timestamp>484.774692</timestamp>
			</report>
			<report>
				<misses>69000000</misses>
				<total>0</total>
				<timestamp>485.474286</timestamp>
			</report>
			<report>
				<misses>69100000</misses>
				<total>0</total>
				<timestamp>486.170461</timestamp>
			</report>
			<report>
				<misses>69200000</misses>
				<total>0</total>
				<timestamp>486.887732</timestamp>
			</report>
			<report>
				<misses>69300000</misses>
				<total>0</total>
				<timestamp>487.601939</timestamp>
			</report>
			<report>
				<misses>69400000</misses>
				<total>0</total>
				<timestamp>488.329732</timestamp>
			</report>
			<report>
				<misses>69500000</misses>
				<total>0</total>
				<timestamp>489.034335</timestamp>
			</report>
			<report>
				<misses>69600000</misses>
				<total>0</total>
				<timestamp>489.731155</timestamp>
			</report>
			<report>
				<misses>69700000</misses>
				<total>0</total>
				<timestamp>490.482836</timestamp>
			</report>
			<report>
				<misses>69800000</misses>
				<total>0</total>
				<timestamp>491.201984</timestamp>
			</report>
			<report>
				<misses>69900000</misses>
				<total>0</total>
				<timestamp>491.936747</timestamp>
			</report>
			<report>
				<misses>70000000</misses>
				<total>0</total>
				<timestamp>492.672584</timestamp>
			</report>
			<report>
				<misses>70100000</misses>
				<total>0</total>
				<timestamp>493.411742</timestamp>
			</report>
			<report>
				<misses>70200000</misses>
				<total>0</total>
				<timestamp>494.122910</timestamp>
			</report>
			<report>
				<misses>70300000</misses>
				<total>0</total>
				<timestamp>494.850148</timestamp>
			</report>
			<report>
				<misses>70400000</misses>
				<total>0</total>
				<timestamp>495.597860</timestamp>
			</report>
			<report>
				<misses>70500000</misses>
				<total>0</total>
				<timestamp>496.345720</timestamp>
			</report>
			<report>
				<misses>70600000</misses>
				<total>0</total>
				<timestamp>497.057629</timestamp>
			</report>
			<report>
				<misses>70700000</misses>
				<total>0</total>
				<timestamp>497.784543</timestamp>
			</report>
			<report>
				<misses>70800000</misses>
				<total>0</total>
				<timestamp>498.515390</timestamp>
			</report>
			<report>
				<misses>70900000</misses>
				<total>0</total>
				<timestamp>499.241205</timestamp>
			</report>
			<report>
				<misses>71000000</misses>
				<total>0</total>
				<timestamp>499.952761</timestamp>
			</report>
			<report>
				<misses>71100000</misses>
				<total>0</total>
				<timestamp>500.686483</timestamp>
			</report>
			<report>
				<misses>71200000</misses>
				<total>0</total>
				<timestamp>501.429002</timestamp>
			</report>
			<report>
				<misses>71300000</misses>
				<total>0</total>
				<timestamp>502.142940</timestamp>
			</report>
			<report>
				<misses>71400000</misses>
				<total>0</total>
				<timestamp>502.858065</timestamp>
			</report>
			<report>
				<misses>71500000</misses>
				<total>0</total>
				<timestamp>503.558120</timestamp>
			</report>
			<report>
				<misses>71600000</misses>
				<total>0</total>
				<timestamp>504.253078</timestamp>
			</report>
			<report>
				<misses>71700000</misses>
				<total>0</total>
				<timestamp>504.949501</timestamp>
			</report>
			<report>
				<misses>71800000</misses>
				<total>0</total>
				<timestamp>505.645304</timestamp>
			</report>
			<report>
				<misses>71900000</misses>
				<total>0</total>
				<timestamp>506.340871</timestamp>
			</report>
			<report>
				<misses>72000000</misses>
				<total>0</total>
				<timestamp>507.018224</timestamp>
			</report>
			<report>
				<misses>72100000</misses>
				<total>0</total>
				<timestamp>507.698138</timestamp>
			</report>
			<report>
				<misses>72200000</misses>
				<total>0</total>
				<timestamp>508.368191</timestamp>
			</report>
			<report>
				<misses>72300000</misses>
				<total>0</total>
				<timestamp>509.053966</timestamp>
			</report>
			<report>
				<misses>72400000</misses>
				<total>0</total>
				<timestamp>509.754311</timestamp>
			</report>
			<report>
				<misses>72500000</misses>
				<total>0</total>
				<timestamp>510.508197</timestamp>
			</report>
			<report>
				<misses>72600000</misses>
				<total>0</total>
				<timestamp>511.230767</timestamp>
			</report>
			<report>
				<misses>72700000</misses>
				<total>0</total>
				<timestamp>511.951839</timestamp>
			</report>
			<report>
				<misses>72800000</misses>
				<total>0</total>
				<timestamp>512.659463</timestamp>
			</report>
			<report>
				<misses>72900000</misses>
				<total>0</total>
				<timestamp>513.360012</timestamp>
			</report>
			<report>
				<misses>73000000</misses>
				<total>0</total>
				<timestamp>514.076477</timestamp>
			</report>
			<report>
				<misses>73100000</misses>
				<total>0</total>
				<timestamp>514.815146</timestamp>
			</report>
			<report>
				<misses>73200000</misses>
				<total>0</total>
				<timestamp>515.576121</timestamp>
			</report>
			<report>
				<misses>73300000</misses>
				<total>0</total>
				<timestamp>516.301726</timestamp>
			</report>
			<report>
				<misses>73400000</misses>
				<total>0</total>
				<timestamp>517.013811</timestamp>
			</report>
			<report>
				<misses>73500000</misses>
				<total>0</total>
				<timestamp>517.762417</timestamp>
			</report>
			<report>
				<misses>73600000</misses>
				<total>0</total>
				<timestamp>518.491475</timestamp>
			</report>
			<report>
				<misses>73700000</misses>
				<total>0</total>
				<timestamp>519.192623</timestamp>
			</report>
			<report>
				<misses>73800000</misses>
				<total>0</total>
				<timestamp>519.907695</timestamp>
			</report>
			<report>
				<misses>73900000</misses>
				<total>0</total>
				<timestamp>520.613024</timestamp>
			</report>
			<report>
				<misses>74000000</misses>
				<total>0</total>
				<timestamp>521.333507</timestamp>
			</report>
			<report>
				<misses>74100000</misses>
				<total>0</total>
				<timestamp>522.049223</timestamp>
			</report>
			<report>
				<misses>74200000</misses>
				<total>0</total>
				<timestamp>522.788336</timestamp>
			</report>
			<report>
				<misses>74300000</misses>
				<total>0</total>
				<timestamp>523.519063</timestamp>
			</report>
			<report>
				<misses>74400000</misses>
				<total>0</total>
				<timestamp>524.249464</timestamp>
			</report>
			<report>
				<misses>74500000</misses>
				<total>0</total>
				<timestamp>524.935499</timestamp>
			</report>
			<report>
				<misses>74600000</misses>
				<total>0</total>
				<timestamp>525.623379</timestamp>
			</report>
			<report>
				<misses>74700000</misses>
				<total>0</total>
				<timestamp>526.328889</timestamp>
			</report>
			<report>
				<misses>74800000</misses>
				<total>0</total>
				<timestamp>527.028682</timestamp>
			</report>
			<report>
				<misses>74900000</misses>
				<total>0</total>
				<timestamp>527.724467</timestamp>
			</report>
			<report>
				<misses>75000000</misses>
				<total>0</total>
				<timestamp>528.426979</timestamp>
			</report>
			<report>
				<misses>75100000</misses>
				<total>0</total>
				<timestamp>529.132076</timestamp>
			</report>
			<report>
				<misses>75200000</misses>
				<total>0</total>
				<timestamp>529.819866</timestamp>
			</report>
			<report>
				<misses>75300000</misses>
				<total>0</total>
				<timestamp>530.503103</timestamp>
			</report>
			<report>
				<misses>75400000</misses>
				<total>0</total>
				<timestamp>531.195873</timestamp>
			</report>
			<report>
				<misses>75500000</misses>
				<total>0</total>
				<timestamp>531.916756</timestamp>
			</report>
			<report>
				<misses>75600000</misses>
				<total>0</total>
				<timestamp>532.654274</timestamp>
			</report>
			<report>
				<misses>75700000</misses>
				<total>0</total>
				<timestamp>533.372607</timestamp>
			</report>
			<report>
				<misses>75800000</misses>
				<total>0</total>
				<timestamp>534.073669</timestamp>
			</report>
			<report>
				<misses>75900000</misses>
				<total>0</total>
				<timestamp>534.787440</timestamp>
			</report>
			<report>
				<misses>76000000</misses>
				<total>0</total>
				<timestamp>535.536334</timestamp>
			</report>
			<report>
				<misses>76100000</misses>
				<total>0</total>
				<timestamp>536.272919</timestamp>
			</report>
			<report>
				<misses>76200000</misses>
				<total>0</total>
				<timestamp>536.983509</timestamp>
			</report>
			<report>
				<misses>76300000</misses>
				<total>0</total>
				<timestamp>537.710308</timestamp>
			</report>
			<report>
				<misses>76400000</misses>
				<total>0</total>
				<timestamp>538.422220</timestamp>
			</report>
			<report>
				<misses>76500000</misses>
				<total>0</total>
				<timestamp>539.146428</timestamp>
			</report>
			<report>
				<misses>76600000</misses>
				<total>0</total>
				<timestamp>539.839240</timestamp>
			</report>
			<report>
				<misses>76700000</misses>
				<total>0</total>
				<timestamp>540.564381</timestamp>
			</report>
			<report>
				<misses>76800000</misses>
				<total>0</total>
				<timestamp>541.254196</timestamp>
			</report>
			<report>
				<misses>76900000</misses>
				<total>0</total>
				<timestamp>541.958275</timestamp>
			</report>
			<report>
				<misses>77000000</misses>
				<total>0</total>
				<timestamp>542.654467</timestamp>
			</report>
			<report>
				<misses>77100000</misses>
				<total>0</total>
				<timestamp>543.349411</timestamp>
			</report>
			<report>
				<misses>77200000</misses>
				<total>0</total>
				<timestamp>544.022547</timestamp>
			</report>
			<report>
				<misses>77300000</misses>
				<total>0</total>
				<timestamp>544.711919</timestamp>
			</report>
			<report>
				<misses>77400000</misses>
				<total>0</total>
				<timestamp>545.384071</timestamp>
			</report>
			<report>
				<misses>77500000</misses>
				<total>0</total>
				<timestamp>546.077244</timestamp>
			</report>
			<report>
				<misses>77600000</misses>
				<total>0</total>
				<timestamp>546.779299</timestamp>
			</report>
			<report>
				<misses>77700000</misses>
				<total>0</total>
				<timestamp>547.462974</timestamp>
			</report>
			<report>
				<misses>77800000</misses>
				<total>0</total>
				<timestamp>548.165808</timestamp>
			</report>
			<report>
				<misses>77900000</misses>
				<total>0</total>
				<timestamp>548.862469</timestamp>
			</report>
			<report>
				<misses>78000000</misses>
				<total>0</total>
				<timestamp>549.578855</timestamp>
			</report>
			<report>
				<misses>78100000</misses>
				<total>0</total>
				<timestamp>550.302405</timestamp>
			</report>
			<report>
				<misses>78200000</misses>
				<total>0</total>
				<timestamp>551.011676</timestamp>
			</report>
			<report>
				<misses>78300000</misses>
				<total>0</total>
				<timestamp>551.723936</timestamp>
			</report>
			<report>
				<misses>78400000</misses>
				<total>0</total>
				<timestamp>552.424312</timestamp>
			</report>
			<report>
				<misses>78500000</misses>
				<total>0</total>
				<timestamp>553.163921</timestamp>
			</report>
			<report>
				<misses>78600000</misses>
				<total>0</total>
				<timestamp>553.862057</timestamp>
			</report>
			<report>
				<misses>78700000</misses>
				<total>0</total>
				<timestamp>554.564838</timestamp>
			</report>
			<report>
				<misses>78800000</misses>
				<total>0</total>
				<timestamp>555.281729</timestamp>
			</report>
			<report>
				<misses>78900000</misses>
				<total>0</total>
				<timestamp>555.982196</timestamp>
			</report>
			<report>
				<misses>79000000</misses>
				<total>0</total>
				<timestamp>556.676687</timestamp>
			</report>
			<report>
				<misses>79100000</misses>
				<total>0</total>
				<timestamp>557.373863</timestamp>
			</report>
			<report>
				<misses>79200000</misses>
				<total>0</total>
				<timestamp>558.062232</timestamp>
			</report>
			<report>
				<misses>79300000</misses>
				<total>0</total>
				<timestamp>558.746337</timestamp>
			</report>
			<report>
				<misses>79400000</misses>
				<total>0</total>
				<timestamp>559.424711</timestamp>
			</report>
			<report>
				<misses>79500000</misses>
				<total>0</total>
				<timestamp>560.128172</timestamp>
			</report>
			<report>
				<misses>79600000</misses>
				<total>0</total>
				<timestamp>560.816690</timestamp>
			</report>
			<report>
				<misses>79700000</misses>
				<total>0</total>
				<timestamp>561.496375</timestamp>
			</report>
			<report>
				<misses>79800000</misses>
				<total>0</total>
				<timestamp>562.172061</timestamp>
			</report>
			<report>
				<misses>79900000</misses>
				<total>0</total>
				<timestamp>562.863258</timestamp>
			</report>
			<report>
				<misses>80000000</misses>
				<total>0</total>
				<timestamp>563.569008</timestamp>
			</report>
			<report>
				<misses>80100000</misses>
				<total>0</total>
				<timestamp>564.290079</timestamp>
			</report>
			<report>
				<misses>80200000</misses>
				<total>0</total>
				<timestamp>565.046472</timestamp>
			</report>
			<report>
				<misses>80300000</misses>
				<total>0</total>
				<timestamp>565.779120</timestamp>
			</report>
			<report>
				<misses>80400000</misses>
				<total>0</total>
				<timestamp>566.503033</timestamp>
			</report>
			<report>
				<misses>80500000</misses>
				<total>0</total>
				<timestamp>567.236395</timestamp>
			</report>
			<report>
				<misses>80600000</misses>
				<total>0</total>
				<timestamp>567.964058</timestamp>
			</report>
			<report>
				<misses>80700000</misses>
				<total>0</total>
				<timestamp>568.669452</timestamp>
			</report>
			<report>
				<misses>80800000</misses>
				<total>0</total>
				<timestamp>569.399216</timestamp>
			</report>
			<report>
				<misses>80900000</misses>
				<total>0</total>
				<timestamp>570.103058</timestamp>
			</report>
			<report>
				<misses>81000000</misses>
				<total>0</total>
				<timestamp>570.833886</timestamp>
			</report>
			<report>
				<misses>81100000</misses>
				<total>0</total>
				<timestamp>571.558031</timestamp>
			</report>
			<report>
				<misses>81200000</misses>
				<total>0</total>
				<timestamp>572.290577</timestamp>
			</report>
			<report>
				<misses>81300000</misses>
				<total>0</total>
				<timestamp>573.011519</timestamp>
			</report>
			<report>
				<misses>81400000</misses>
				<total>0</total>
				<timestamp>573.735945</timestamp>
			</report>
			<report>
				<misses>81500000</misses>
				<total>0</total>
				<timestamp>574.488374</timestamp>
			</report>
			<report>
				<misses>81600000</misses>
				<total>0</total>
				<timestamp>575.203918</timestamp>
			</report>
			<report>
				<misses>81700000</misses>
				<total>0</total>
				<timestamp>575.930447</timestamp>
			</report>
			<report>
				<misses>81800000</misses>
				<total>0</total>
				<timestamp>576.623907</timestamp>
			</report>
			<report>
				<misses>81900000</misses>
				<total>0</total>
				<timestamp>577.331712</timestamp>
			</report>
			<report>
				<misses>82000000</misses>
				<total>0</total>
				<timestamp>578.043774</timestamp>
			</report>
			<report>
				<misses>82100000</misses>
				<total>0</total>
				<timestamp>578.719813</timestamp>
			</report>
			<report>
				<misses>82200000</misses>
				<total>0</total>
				<timestamp>579.410873</timestamp>
			</report>
			<report>
				<misses>82300000</misses>
				<total>0</total>
				<timestamp>580.096526</timestamp>
			</report>
			<report>
				<misses>82400000</misses>
				<total>0</total>
				<timestamp>580.776341</timestamp>
			</report>
			<report>
				<misses>82500000</misses>
				<total>0</total>
				<timestamp>581.459880</timestamp>
			</report>
			<report>
				<misses>82600000</misses>
				<total>0</total>
				<timestamp>582.142144</timestamp>
			</report>
			<report>
				<misses>82700000</misses>
				<total>0</total>
				<timestamp>582.852279</timestamp>
			</report>
			<report>
				<misses>82800000</misses>
				<total>0</total>
				<timestamp>583.562214</timestamp>
			</report>
			<report>
				<misses>82900000</misses>
				<total>0</total>
				<timestamp>584.291070</timestamp>
			</report>
			<report>
				<misses>83000000</misses>
				<total>0</total>
				<timestamp>585.005184</timestamp>
			</report>
			<report>
				<misses>83100000</misses>
				<total>0</total>
				<timestamp>585.721338</timestamp>
			</report>
			<report>
				<misses>83200000</misses>
				<total>0</total>
				<timestamp>586.445769</timestamp>
			</report>
			<report>
				<misses>83300000</misses>
				<total>0</total>
				<timestamp>587.144730</timestamp>
			</report>
			<report>
				<misses>83400000</misses>
				<total>0</total>
				<timestamp>587.846787</timestamp>
			</report>
			<report>
				<misses>83500000</misses>
				<total>0</total>
				<timestamp>588.547357</timestamp>
			</report>
			<report>
				<misses>83600000</misses>
				<total>0</total>
				<timestamp>589.241678</timestamp>
			</report>
			<report>
				<misses>83700000</misses>
				<total>0</total>
				<timestamp>589.966310</timestamp>
			</report>
			<report>
				<misses>83800000</misses>
				<total>0</total>
				<timestamp>590.672618</timestamp>
			</report>
			<report>
				<misses>83900000</misses>
				<total>0</total>
				<timestamp>591.370932</timestamp>
			</report>
			<report>
				<misses>84000000</misses>
				<total>0</total>
				<timestamp>592.091377</timestamp>
			</report>
			<report>
				<misses>84100000</misses>
				<total>0</total>
				<timestamp>592.799245</timestamp>
			</report>
			<report>
				<misses>84200000</misses>
				<total>0</total>
				<timestamp>593.507656</timestamp>
			</report>
			<report>
				<misses>84300000</misses>
				<total>0</total>
				<timestamp>594.194148</timestamp>
			</report>
			<report>
				<misses>84400000</misses>
				<total>0</total>
				<timestamp>594.901201</timestamp>
			</report>
			<report>
				<misses>84500000</misses>
				<total>0</total>
				<timestamp>595.572520</timestamp>
			</report>
			<report>
				<misses>84600000</misses>
				<total>0</total>
				<timestamp>596.264188</timestamp>
			</report>
			<report>
				<misses>84700000</misses>
				<total>0</total>
				<timestamp>596.966672</timestamp>
			</report>
			<report>
				<misses>84800000</misses>
				<total>0</total>
				<timestamp>597.642237</timestamp>
			</report>
			<report>
				<misses>84900000</misses>
				<total>0</total>
				<timestamp>598.322829</timestamp>
			</report>
			<report>
				<misses>85000000</misses>
				<total>0</total>
				<timestamp>599.011318</timestamp>
			</report>
			<report>
				<misses>85100000</misses>
				<total>0</total>
				<timestamp>599.699209</timestamp>
			</report>
			<report>
				<misses>85200000</misses>
				<total>0</total>
				<timestamp>600.415479</timestamp>
			</report>
			<report>
				<misses>85300000</misses>
				<total>0</total>
				<timestamp>601.105257</timestamp>
			</report>
			<report>
				<misses>85400000</misses>
				<total>0</total>
				<timestamp>601.825341</timestamp>
			</report>
			<report>
				<misses>85500000</misses>
				<total>0</total>
				<timestamp>602.529093</timestamp>
			</report>
			<report>
				<misses>85600000</misses>
				<total>0</total>
				<timestamp>603.238574</timestamp>
			</report>
			<report>
				<misses>85700000</misses>
				<total>0</total>
				<timestamp>603.956788</timestamp>
			</report>
			<report>
				<misses>85800000</misses>
				<total>0</total>
				<timestamp>604.654448</timestamp>
			</report>
			<report>
				<misses>85900000</misses>
				<total>0</total>
				<timestamp>605.379880</timestamp>
			</report>
			<report>
				<misses>86000000</misses>
				<total>0</total>
				<timestamp>606.088709</timestamp>
			</report>
			<report>
				<misses>86100000</misses>
				<total>0</total>
				<timestamp>606.797752</timestamp>
			</report>
			<report>
				<misses>86200000</misses>
				<total>0</total>
				<timestamp>607.503937</timestamp>
			</report>
			<report>
				<misses>86300000</misses>
				<total>0</total>
				<timestamp>608.207536</timestamp>
			</report>
			<report>
				<misses>86400000</misses>
				<total>0</total>
				<timestamp>608.932953</timestamp>
			</report>
			<report>
				<misses>86500000</misses>
				<total>0</total>
				<timestamp>609.622786</timestamp>
			</report>
			<report>
				<misses>86600000</misses>
				<total>0</total>
				<timestamp>610.298944</timestamp>
			</report>
			<report>
				<misses>86700000</misses>
				<total>0</total>
				<timestamp>610.991516</timestamp>
			</report>
			<report>
				<misses>86800000</misses>
				<total>0</total>
				<timestamp>611.680463</timestamp>
			</report>
			<report>
				<misses>86900000</misses>
				<total>0</total>
				<timestamp>612.368041</timestamp>
			</report>
			<report>
				<misses>87000000</misses>
				<total>0</total>
				<timestamp>613.055877</timestamp>
			</report>
			<report>
				<misses>87100000</misses>
				<total>0</total>
				<timestamp>613.738030</timestamp>
			</report>
			<report>
				<misses>87200000</misses>
				<total>0</total>
				<timestamp>614.422636</timestamp>
			</report>
			<report>
				<misses>87300000</misses>
				<total>0</total>
				<timestamp>615.106997</timestamp>
			</report>
			<report>
				<misses>87400000</misses>
				<total>0</total>
				<timestamp>615.832052</timestamp>
			</report>
			<report>
				<misses>87500000</misses>
				<total>0</total>
				<timestamp>616.553356</timestamp>
			</report>
			<report>
				<misses>87600000</misses>
				<total>0</total>
				<timestamp>617.290275</timestamp>
			</report>
			<report>
				<misses>87700000</misses>
				<total>0</total>
				<timestamp>618.001458</timestamp>
			</report>
			<report>
				<misses>87800000</misses>
				<total>0</total>
				<timestamp>618.733311</timestamp>
			</report>
			<report>
				<misses>87900000</misses>
				<total>0</total>
				<timestamp>619.428760</timestamp>
			</report>
			<report>
				<misses>88000000</misses>
				<total>0</total>
				<timestamp>620.164198</timestamp>
			</report>
			<report>
				<misses>88100000</misses>
				<total>0</total>
				<timestamp>620.881383</timestamp>
			</report>
			<report>
				<misses>88200000</misses>
				<total>0</total>
				<timestamp>621.580479</timestamp>
			</report>
			<report>
				<misses>88300000</misses>
				<total>0</total>
				<timestamp>622.292093</timestamp>
			</report>
			<report>
				<misses>88400000</misses>
				<total>0</total>
				<timestamp>623.015371</timestamp>
			</report>
			<report>
				<misses>88500000</misses>
				<total>0</total>
				<timestamp>623.727916</timestamp>
			</report>
			<report>
				<misses>88600000</misses>
				<total>0</total>
				<timestamp>624.444202</timestamp>
			</report>
			<report>
				<misses>88700000</misses>
				<total>0</total>
				<timestamp>625.135734</timestamp>
			</report>
			<report>
				<misses>88800000</misses>
				<total>0</total>
				<timestamp>625.830748</timestamp>
			</report>
			<report>
				<misses>88900000</misses>
				<total>0</total>
				<timestamp>626.515698</timestamp>
			</report>
			<report>
				<misses>89000000</misses>
				<total>0</total>
				<timestamp>627.199726</timestamp>
			</report>
			<report>
				<misses>89100000</misses>
				<total>0</total>
				<timestamp>627.881867</timestamp>
			</report>
			<report>
				<misses>89200000</misses>
				<total>0</total>
				<timestamp>628.558429</timestamp>
			</report>
			<report>
				<misses>89300000</misses>
				<total>0</total>
				<timestamp>629.265509</timestamp>
			</report>
			<report>
				<misses>89400000</misses>
				<total>0</total>
				<timestamp>629.936041</timestamp>
			</report>
			<report>
				<misses>89500000</misses>
				<total>0</total>
				<timestamp>630.632946</timestamp>
			</report>
			<report>
				<misses>89600000</misses>
				<total>0</total>
				<timestamp>631.326714</timestamp>
			</report>
			<report>
				<misses>89700000</misses>
				<total>0</total>
				<timestamp>632.022778</timestamp>
			</report>
			<report>
				<misses>89800000</misses>
				<total>0</total>
				<timestamp>632.728991</timestamp>
			</report>
			<report>
				<misses>89900000</misses>
				<total>0</total>
				<timestamp>633.422591</timestamp>
			</report>
			<report>
				<misses>90000000</misses>
				<total>0</total>
				<timestamp>634.167935</timestamp>
			</report>
			<report>
				<misses>90100000</misses>
				<total>0</total>
				<timestamp>634.872221</timestamp>
			</report>
			<report>
				<misses>90200000</misses>
				<total>0</total>
				<timestamp>635.584363</timestamp>
			</report>
			<report>
				<misses>90300000</misses>
				<total>0</total>
				<timestamp>636.295309</timestamp>
			</report>
			<report>
				<misses>90400000</misses>
				<total>0</total>
				<timestamp>636.993947</timestamp>
			</report>
			<report>
				<misses>90500000</misses>
				<total>0</total>
				<timestamp>637.726791</timestamp>
			</report>
			<report>
				<misses>90600000</misses>
				<total>0</total>
				<timestamp>638.420252</timestamp>
			</report>
			<report>
				<misses>90700000</misses>
				<total>0</total>
				<timestamp>639.104220</timestamp>
			</report>
			<report>
				<misses>90800000</misses>
				<total>0</total>
				<timestamp>639.832049</timestamp>
			</report>
			<report>
				<misses>90900000</misses>
				<total>0</total>
				<timestamp>640.531490</timestamp>
			</report>
			<report>
				<misses>91000000</misses>
				<total>0</total>
				<timestamp>641.258690</timestamp>
			</report>
			<report>
				<misses>91100000</misses>
				<total>0</total>
				<timestamp>641.941890</timestamp>
			</report>
			<report>
				<misses>91200000</misses>
				<total>0</total>
				<timestamp>642.641392</timestamp>
			</report>
			<report>
				<misses>91300000</misses>
				<total>0</total>
				<timestamp>643.349984</timestamp>
			</report>
			<report>
				<misses>91400000</misses>
				<total>0</total>
				<timestamp>644.024255</timestamp>
			</report>
			<report>
				<misses>91500000</misses>
				<total>0</total>
				<timestamp>644.704955</timestamp>
			</report>
			<report>
				<misses>91600000</misses>
				<total>0</total>
				<timestamp>645.386770</timestamp>
			</report>
			<report>
				<misses>91700000</misses>
				<total>0</total>
				<timestamp>646.056169</timestamp>
			</report>
			<report>
				<misses>91800000</misses>
				<total>0</total>
				<timestamp>646.746982</timestamp>
			</report>
			<report>
				<misses>91900000</misses>
				<total>0</total>
				<timestamp>647.416068</timestamp>
			</report>
			<report>
				<misses>92000000</misses>
				<total>0</total>
				<timestamp>648.101594</timestamp>
			</report>
			<report>
				<misses>92100000</misses>
				<total>0</total>
				<timestamp>648.791009</timestamp>
			</report>
			<report>
				<misses>92200000</misses>
				<total>0</total>
				<timestamp>649.527481</timestamp>
			</report>
			<report>
				<misses>92300000</misses>
				<total>0</total>
				<timestamp>650.247569</timestamp>
			</report>
			<report>
				<misses>92400000</misses>
				<total>0</total>
				<timestamp>650.941259</timestamp>
			</report>
			<report>
				<misses>92500000</misses>
				<total>0</total>
				<timestamp>651.650476</timestamp>
			</report>
			<report>
				<misses>92600000</misses>
				<total>0</total>
				<timestamp>652.359792</timestamp>
			</report>
			<report>
				<misses>92700000</misses>
				<total>0</total>
				<timestamp>653.033237</timestamp>
			</report>
			<report>
				<misses>92800000</misses>
				<total>0</total>
				<timestamp>653.715084</timestamp>
			</report>
			<report>
				<misses>92900000</misses>
				<total>0</total>
				<timestamp>654.395745</timestamp>
			</report>
			<report>
				<misses>93000000</misses>
				<total>0</total>
				<timestamp>655.093748</timestamp>
			</report>
			<report>
				<misses>93100000</misses>
				<total>0</total>
				<timestamp>655.799762</timestamp>
			</report>
			<report>
				<misses>93200000</misses>
				<total>0</total>
				<timestamp>656.516758</timestamp>
			</report>
			<report>
				<misses>93300000</misses>
				<total>0</total>
				<timestamp>657.222184</timestamp>
			</report>
			<report>
				<misses>93400000</misses>
				<total>0</total>
				<timestamp>657.919216</timestamp>
			</report>
			<report>
				<misses>93500000</misses>
				<total>0</total>
				<timestamp>658.622456</timestamp>
			</report>
			<report>
				<misses>93600000</misses>
				<total>0</total>
				<timestamp>659.325664</timestamp>
			</report>
			<report>
				<misses>93700000</misses>
				<total>0</total>
				<timestamp>660.011088</timestamp>
			</report>
			<report>
				<misses>93800000</misses>
				<total>0</total>
				<timestamp>660.689156</timestamp>
			</report>
			<report>
				<misses>93900000</misses>
				<total>0</total>
				<timestamp>661.373987</timestamp>
			</report>
			<report>
				<misses>94000000</misses>
				<total>0</total>
				<timestamp>662.052502</timestamp>
			</report>
			<report>
				<misses>94100000</misses>
				<total>0</total>
				<timestamp>662.728474</timestamp>
			</report>
			<report>
				<misses>94200000</misses>
				<total>0</total>
				<timestamp>663.439586</timestamp>
			</report>
			<report>
				<misses>94300000</misses>
				<total>0</total>
				<timestamp>664.123711</timestamp>
			</report>
			<report>
				<misses>94400000</misses>
				<total>0</total>
				<timestamp>664.832918</timestamp>
			</report>
			<report>
				<misses>94500000</misses>
				<total>0</total>
				<timestamp>665.532588</timestamp>
			</report>
			<report>
				<misses>94600000</misses>
				<total>0</total>
				<timestamp>666.258515</timestamp>
			</report>
			<report>
				<misses>94700000</misses>
				<total>0</total>
				<timestamp>666.998067</timestamp>
			</report>
			<report>
				<misses>94800000</misses>
				<total>0</total>
				<timestamp>667.721252</timestamp>
			</report>
			<report>
				<misses>94900000</misses>
				<total>0</total>
				<timestamp>668.424467</timestamp>
			</report>
			<report>
				<misses>95000000</misses>
				<total>0</total>
				<timestamp>669.130624</timestamp>
			</report>
			<report>
				<misses>95100000</misses>
				<total>0</total>
				<timestamp>669.842093</timestamp>
			</report>
			<report>
				<misses>95200000</misses>
				<total>0</total>
				<timestamp>670.574853</timestamp>
			</report>
			<report>
				<misses>95300000</misses>
				<total>0</total>
				<timestamp>671.282727</timestamp>
			</report>
			<report>
				<misses>95400000</misses>
				<total>0</total>
				<timestamp>672.029520</timestamp>
			</report>
			<report>
				<misses>95500000</misses>
				<total>0</total>
				<timestamp>672.751448</timestamp>
			</report>
			<report>
				<misses>95600000</misses>
				<total>0</total>
				<timestamp>673.498821</timestamp>
			</report>
			<report>
				<misses>95700000</misses>
				<total>0</total>
				<timestamp>674.233800</timestamp>
			</report>
			<report>
				<misses>95800000</misses>
				<total>0</total>
				<timestamp>674.964438</timestamp>
			</report>
			<report>
				<misses>95900000</misses>
				<total>0</total>
				<timestamp>675.678077</timestamp>
			</report>
			<report>
				<misses>96000000</misses>
				<total>0</total>
				<timestamp>676.429098</timestamp>
			</report>
			<report>
				<misses>96100000</misses>
				<total>0</total>
				<timestamp>677.188760</timestamp>
			</report>
			<report>
				<misses>96200000</misses>
				<total>0</total>
				<timestamp>677.922849</timestamp>
			</report>
			<report>
				<misses>96300000</misses>
				<total>0</total>
				<timestamp>678.648419</timestamp>
			</report>
			<report>
				<misses>96400000</misses>
				<total>0</total>
				<timestamp>679.386233</timestamp>
			</report>
			<report>
				<misses>96500000</misses>
				<total>0</total>
				<timestamp>680.105379</timestamp>
			</report>
			<report>
				<misses>96600000</misses>
				<total>0</total>
				<timestamp>680.824878</timestamp>
			</report>
			<report>
				<misses>96700000</misses>
				<total>0</total>
				<timestamp>681.547417</timestamp>
			</report>
			<report>
				<misses>96800000</misses>
				<total>0</total>
				<timestamp>682.248195</timestamp>
			</report>
			<report>
				<misses>96900000</misses>
				<total>0</total>
				<timestamp>682.947108</timestamp>
			</report>
			<report>
				<misses>97000000</misses>
				<total>0</total>
				<timestamp>683.639259</timestamp>
			</report>
			<report>
				<misses>97100000</misses>
				<total>0</total>
				<timestamp>684.334394</timestamp>
			</report>
			<report>
				<misses>97200000</misses>
				<total>0</total>
				<timestamp>685.029056</timestamp>
			</report>
			<report>
				<misses>97300000</misses>
				<total>0</total>
				<timestamp>685.717644</timestamp>
			</report>
			<report>
				<misses>97400000</misses>
				<total>0</total>
				<timestamp>686.399662</timestamp>
			</report>
			<report>
				<misses>97500000</misses>
				<total>0</total>
				<timestamp>687.083268</timestamp>
			</report>
			<report>
				<misses>97600000</misses>
				<total>0</total>
				<timestamp>687.782085</timestamp>
			</report>
			<report>
				<misses>97700000</misses>
				<total>0</total>
				<timestamp>688.471901</timestamp>
			</report>
			<report>
				<misses>97800000</misses>
				<total>0</total>
				<timestamp>689.198370</timestamp>
			</report>
			<report>
				<misses>97900000</misses>
				<total>0</total>
				<timestamp>689.947128</timestamp>
			</report>
			<report>
				<misses>98000000</misses>
				<total>0</total>
				<timestamp>690.640204</timestamp>
			</report>
			<report>
				<misses>98100000</misses>
				<total>0</total>
				<timestamp>691.338379</timestamp>
			</report>
			<report>
				<misses>98200000</misses>
				<total>0</total>
				<timestamp>692.051742</timestamp>
			</report>
			<report>
				<misses>98300000</misses>
				<total>0</total>
				<timestamp>692.803498</timestamp>
			</report>
			<report>
				<misses>98400000</misses>
				<total>0</total>
				<timestamp>693.506275</timestamp>
			</report>
			<report>
				<misses>98500000</misses>
				<total>0</total>
				<timestamp>694.228041</timestamp>
			</report>
			<report>
				<misses>98600000</misses>
				<total>0</total>
				<timestamp>694.934754</timestamp>
			</report>
			<report>
				<misses>98700000</misses>
				<total>0</total>
				<timestamp>695.638887</timestamp>
			</report>
			<report>
				<misses>98800000</misses>
				<total>0</total>
				<timestamp>696.328012</timestamp>
			</report>
			<report>
				<misses>98900000</misses>
				<total>0</total>
				<timestamp>697.037033</timestamp>
			</report>
			<report>
				<misses>99000000</misses>
				<total>0</total>
				<timestamp>697.735281</timestamp>
			</report>
			<report>
				<misses>99100000</misses>
				<total>0</total>
				<timestamp>698.441937</timestamp>
			</report>
			<report>
				<misses>99200000</misses>
				<total>0</total>
				<timestamp>699.128006</timestamp>
			</report>
			<report>
				<misses>99300000</misses>
				<total>0</total>
				<timestamp>699.819368</timestamp>
			</report>
			<report>
				<misses>99400000</misses>
				<total>0</total>
				<timestamp>700.508722</timestamp>
			</report>
			<report>
				<misses>99500000</misses>
				<total>0</total>
				<timestamp>701.204680</timestamp>
			</report>
			<report>
				<misses>99600000</misses>
				<total>0</total>
				<timestamp>701.883345</timestamp>
			</report>
			<report>
				<misses>99700000</misses>
				<total>0</total>
				<timestamp>702.573624</timestamp>
			</report>
			<report>
				<misses>99800000</misses>
				<total>0</total>
				<timestamp>703.247828</timestamp>
			</report>
			<report>
				<misses>99900000</misses>
				<total>0</total>
				<timestamp>703.934371</timestamp>
			</report>
			<report>
				<misses>100000000</misses>
				<total>0</total>
				<timestamp>704.629599</timestamp>
			</report>
			<report>
				<misses>100100000</misses>
				<total>0</total>
				<timestamp>705.325352</timestamp>
			</report>
			<report>
				<misses>100200000</misses>
				<total>0</total>
				<timestamp>706.039677</timestamp>
			</report>
			<report>
				<misses>100300000</misses>
				<total>0</total>
				<timestamp>706.753594</timestamp>
			</report>
			<report>
				<misses>100400000</misses>
				<total>0</total>
				<timestamp>707.465873</timestamp>
			</report>
			<report>
				<misses>100500000</misses>
				<total>0</total>
				<timestamp>708.157940</timestamp>
			</report>
			<report>
				<misses>100600000</misses>
				<total>0</total>
				<timestamp>708.885377</timestamp>
			</report>
			<report>
				<misses>100700000</misses>
				<total>0</total>
				<timestamp>709.600193</timestamp>
			</report>
			<report>
				<misses>100800000</misses>
				<total>0</total>
				<timestamp>710.300647</timestamp>
			</report>
			<report>
				<misses>100900000</misses>
				<total>0</total>
				<timestamp>711.006186</timestamp>
			</report>
			<report>
				<misses>101000000</misses>
				<total>0</total>
				<timestamp>711.712979</timestamp>
			</report>
			<report>
				<misses>101100000</misses>
				<total>0</total>
				<timestamp>712.403270</timestamp>
			</report>
			<report>
				<misses>101200000</misses>
				<total>0</total>
				<timestamp>713.110658</timestamp>
			</report>
			<report>
				<misses>101300000</misses>
				<total>0</total>
				<timestamp>713.826578</timestamp>
			</report>
			<report>
				<misses>101400000</misses>
				<total>0</total>
				<timestamp>714.547105</timestamp>
			</report>
			<report>
				<misses>101500000</misses>
				<total>0</total>
				<timestamp>715.234812</timestamp>
			</report>
			<report>
				<misses>101600000</misses>
				<total>0</total>
				<timestamp>715.934082</timestamp>
			</report>
			<report>
				<misses>101700000</misses>
				<total>0</total>
				<timestamp>716.624191</timestamp>
			</report>
			<report>
				<misses>101800000</misses>
				<total>0</total>
				<timestamp>717.313225</timestamp>
			</report>
			<report>
				<misses>101900000</misses>
				<total>0</total>
				<timestamp>717.996688</timestamp>
			</report>
			<report>
				<misses>102000000</misses>
				<total>0</total>
				<timestamp>718.700633</timestamp>
			</report>
			<report>
				<misses>102100000</misses>
				<total>0</total>
				<timestamp>719.387292</timestamp>
			</report>
			<report>
				<misses>102200000</misses>
				<total>0</total>
				<timestamp>720.061674</timestamp>
			</report>
			<report>
				<misses>102300000</misses>
				<total>0</total>
				<timestamp>720.740823</timestamp>
			</report>
			<report>
				<misses>102400000</misses>
				<total>0</total>
				<timestamp>721.420276</timestamp>
			</report>
			<report>
				<misses>102500000</misses>
				<total>0</total>
				<timestamp>722.123254</timestamp>
			</report>
			<report>
				<misses>102600000</misses>
				<total>0</total>
				<timestamp>722.842023</timestamp>
			</report>
			<report>
				<misses>102700000</misses>
				<total>0</total>
				<timestamp>723.550535</timestamp>
			</report>
			<report>
				<misses>102800000</misses>
				<total>0</total>
				<timestamp>724.270179</timestamp>
			</report>
			<report>
				<misses>102900000</misses>
				<total>0</total>
				<timestamp>724.959312</timestamp>
			</report>
			<report>
				<misses>103000000</misses>
				<total>0</total>
				<timestamp>725.681745</timestamp>
			</report>
			<report>
				<misses>103100000</misses>
				<total>0</total>
				<timestamp>726.384835</timestamp>
			</report>
			<report>
				<misses>103200000</misses>
				<total>0</total>
				<timestamp>727.114769</timestamp>
			</report>
			<report>
				<misses>103300000</misses>
				<total>0</total>
				<timestamp>727.818707</timestamp>
			</report>
			<report>
				<misses>103400000</misses>
				<total>0</total>
				<timestamp>728.522502</timestamp>
			</report>
			<report>
				<misses>103500000</misses>
				<total>0</total>
				<timestamp>729.231004</timestamp>
			</report>
			<report>
				<misses>103600000</misses>
				<total>0</total>
				<timestamp>729.943196</timestamp>
			</report>
			<report>
				<misses>103700000</misses>
				<total>0</total>
				<timestamp>730.660641</timestamp>
			</report>
			<report>
				<misses>103800000</misses>
				<total>0</total>
				<timestamp>731.342108</timestamp>
			</report>
			<report>
				<misses>103900000</misses>
				<total>0</total>
				<timestamp>732.018842</timestamp>
			</report>
			<report>
				<misses>104000000</misses>
				<total>0</total>
				<timestamp>732.712097</timestamp>
			</report>
			<report>
				<misses>104100000</misses>
				<total>0</total>
				<timestamp>733.400637</timestamp>
			</report>
			<report>
				<misses>104200000</misses>
				<total>0</total>
				<timestamp>734.089515</timestamp>
			</report>
			<report>
				<misses>104300000</misses>
				<total>0</total>
				<timestamp>734.789421</timestamp>
			</report>
			<report>
				<misses>104400000</misses>
				<total>0</total>
				<timestamp>735.474075</timestamp>
			</report>
			<report>
				<misses>104500000</misses>
				<total>0</total>
				<timestamp>736.157317</timestamp>
			</report>
			<report>
				<misses>104600000</misses>
				<total>0</total>
				<timestamp>736.834445</timestamp>
			</report>
			<report>
				<misses>104700000</misses>
				<total>0</total>
				<timestamp>737.526173</timestamp>
			</report>
			<report>
				<misses>104800000</misses>
				<total>0</total>
				<timestamp>738.237416</timestamp>
			</report>
			<report>
				<misses>104900000</misses>
				<total>0</total>
				<timestamp>738.948543</timestamp>
			</report>
			<report>
				<misses>105000000</misses>
				<total>0</total>
				<timestamp>739.676830</timestamp>
			</report>
			<report>
				<misses>105100000</misses>
				<total>0</total>
				<timestamp>740.402022</timestamp>
			</report>
			<report>
				<misses>105200000</misses>
				<total>0</total>
				<timestamp>741.104339</timestamp>
			</report>
			<report>
				<misses>105300000</misses>
				<total>0</total>
				<timestamp>741.811587</timestamp>
			</report>
			<report>
				<misses>105400000</misses>
				<total>0</total>
				<timestamp>742.514274</timestamp>
			</report>
			<report>
				<misses>105500000</misses>
				<total>0</total>
				<timestamp>743.219814</timestamp>
			</report>
			<report>
				<misses>105600000</misses>
				<total>0</total>
				<timestamp>743.932085</timestamp>
			</report>
			<report>
				<misses>105700000</misses>
				<total>0</total>
				<timestamp>744.637688</timestamp>
			</report>
			<report>
				<misses>105800000</misses>
				<total>0</total>
				<timestamp>745.359255</timestamp>
			</report>
			<report>
				<misses>105900000</misses>
				<total>0</total>
				<timestamp>746.068070</timestamp>
			</report>
			<report>
				<misses>106000000</misses>
				<total>0</total>
				<timestamp>746.781310</timestamp>
			</report>
			<report>
				<misses>106100000</misses>
				<total>0</total>
				<timestamp>747.494289</timestamp>
			</report>
			<report>
				<misses>106200000</misses>
				<total>0</total>
				<timestamp>748.189600</timestamp>
			</report>
			<report>
				<misses>106300000</misses>
				<total>0</total>
				<timestamp>748.892313</timestamp>
			</report>
			<report>
				<misses>106400000</misses>
				<total>0</total>
				<timestamp>749.591291</timestamp>
			</report>
			<report>
				<misses>106500000</misses>
				<total>0</total>
				<timestamp>750.278351</timestamp>
			</report>
			<report>
				<misses>106600000</misses>
				<total>0</total>
				<timestamp>750.967691</timestamp>
			</report>
			<report>
				<misses>106700000</misses>
				<total>0</total>
				<timestamp>751.647019</timestamp>
			</report>
			<report>
				<misses>106800000</misses>
				<total>0</total>
				<timestamp>752.334439</timestamp>
			</report>
			<report>
				<misses>106900000</misses>
				<total>0</total>
				<timestamp>753.018391</timestamp>
			</report>
			<report>
				<misses>107000000</misses>
				<total>0</total>
				<timestamp>753.700276</timestamp>
			</report>
			<report>
				<misses>107100000</misses>
				<total>0</total>
				<timestamp>754.376458</timestamp>
			</report>
			<report>
				<misses>107200000</misses>
				<total>0</total>
				<timestamp>755.077449</timestamp>
			</report>
			<report>
				<misses>107300000</misses>
				<total>0</total>
				<timestamp>755.796154</timestamp>
			</report>
			<report>
				<misses>107400000</misses>
				<total>0</total>
				<timestamp>756.512055</timestamp>
			</report>
			<report>
				<misses>107500000</misses>
				<total>0</total>
				<timestamp>757.211728</timestamp>
			</report>
			<report>
				<misses>107600000</misses>
				<total>0</total>
				<timestamp>757.942393</timestamp>
			</report>
			<report>
				<misses>107700000</misses>
				<total>0</total>
				<timestamp>758.660664</timestamp>
			</report>
			<report>
				<misses>107800000</misses>
				<total>0</total>
				<timestamp>759.381758</timestamp>
			</report>
			<report>
				<misses>107900000</misses>
				<total>0</total>
				<timestamp>760.075756</timestamp>
			</report>
			<report>
				<misses>108000000</misses>
				<total>0</total>
				<timestamp>760.767339</timestamp>
			</report>
			<report>
				<misses>108100000</misses>
				<total>0</total>
				<timestamp>761.488646</timestamp>
			</report>
			<report>
				<misses>108200000</misses>
				<total>0</total>
				<timestamp>762.193963</timestamp>
			</report>
			<report>
				<misses>108300000</misses>
				<total>0</total>
				<timestamp>762.903379</timestamp>
			</report>
			<report>
				<misses>108400000</misses>
				<total>0</total>
				<timestamp>763.603346</timestamp>
			</report>
			<report>
				<misses>108500000</misses>
				<total>0</total>
				<timestamp>764.334597</timestamp>
			</report>
			<report>
				<misses>108600000</misses>
				<total>0</total>
				<timestamp>765.018366</timestamp>
			</report>
			<report>
				<misses>108700000</misses>
				<total>0</total>
				<timestamp>765.692874</timestamp>
			</report>
			<report>
				<misses>108800000</misses>
				<total>0</total>
				<timestamp>766.378281</timestamp>
			</report>
			<report>
				<misses>108900000</misses>
				<total>0</total>
				<timestamp>767.072483</timestamp>
			</report>
			<report>
				<misses>109000000</misses>
				<total>0</total>
				<timestamp>767.758929</timestamp>
			</report>
			<report>
				<misses>109100000</misses>
				<total>0</total>
				<timestamp>768.460044</timestamp>
			</report>
			<report>
				<misses>109200000</misses>
				<total>0</total>
				<timestamp>769.144086</timestamp>
			</report>
			<report>
				<misses>109300000</misses>
				<total>0</total>
				<timestamp>769.820775</timestamp>
			</report>
			<report>
				<misses>109400000</misses>
				<total>0</total>
				<timestamp>770.519017</timestamp>
			</report>
			<report>
				<misses>109500000</misses>
				<total>0</total>
				<timestamp>771.200105</timestamp>
			</report>
			<report>
				<misses>109600000</misses>
				<total>0</total>
				<timestamp>771.893457</timestamp>
			</report>
			<report>
				<misses>109700000</misses>
				<total>0</total>
				<timestamp>772.614027</timestamp>
			</report>
			<report>
				<misses>109800000</misses>
				<total>0</total>
				<timestamp>773.336146</timestamp>
			</report>
			<report>
				<misses>109900000</misses>
				<total>0</total>
				<timestamp>774.059785</timestamp>
			</report>
			<report>
				<misses>110000000</misses>
				<total>0</total>
				<timestamp>774.764674</timestamp>
			</report>
			<report>
				<misses>110100000</misses>
				<total>0</total>
				<timestamp>775.468082</timestamp>
			</report>
			<report>
				<misses>110200000</misses>
				<total>0</total>
				<timestamp>776.155561</timestamp>
			</report>
			<report>
				<misses>110300000</misses>
				<total>0</total>
				<timestamp>776.872926</timestamp>
			</report>
			<report>
				<misses>110400000</misses>
				<total>0</total>
				<timestamp>777.586941</timestamp>
			</report>
			<report>
				<misses>110500000</misses>
				<total>0</total>
				<timestamp>778.289195</timestamp>
			</report>
			<report>
				<misses>110600000</misses>
				<total>0</total>
				<timestamp>779.002879</timestamp>
			</report>
			<report>
				<misses>110700000</misses>
				<total>0</total>
				<timestamp>779.698517</timestamp>
			</report>
			<report>
				<misses>110800000</misses>
				<total>0</total>
				<timestamp>780.390336</timestamp>
			</report>
			<report>
				<misses>110900000</misses>
				<total>0</total>
				<timestamp>781.092326</timestamp>
			</report>
			<report>
				<misses>111000000</misses>
				<total>0</total>
				<timestamp>781.806592</timestamp>
			</report>
			<report>
				<misses>111100000</misses>
				<total>0</total>
				<timestamp>782.505623</timestamp>
			</report>
			<report>
				<misses>111200000</misses>
				<total>0</total>
				<timestamp>783.190596</timestamp>
			</report>
			<report>
				<misses>111300000</misses>
				<total>0</total>
				<timestamp>783.870688</timestamp>
			</report>
			<report>
				<misses>111400000</misses>
				<total>0</total>
				<timestamp>784.562941</timestamp>
			</report>
			<report>
				<misses>111500000</misses>
				<total>0</total>
				<timestamp>785.250216</timestamp>
			</report>
			<report>
				<misses>111600000</misses>
				<total>0</total>
				<timestamp>785.966857</timestamp>
			</report>
			<report>
				<misses>111700000</misses>
				<total>0</total>
				<timestamp>786.665245</timestamp>
			</report>
			<report>
				<misses>111800000</misses>
				<total>0</total>
				<timestamp>787.370409</timestamp>
			</report>
			<report>
				<misses>111900000</misses>
				<total>0</total>
				<timestamp>788.087087</timestamp>
			</report>
			<report>
				<misses>112000000</misses>
				<total>0</total>
				<timestamp>788.797267</timestamp>
			</report>
			<report>
				<misses>112100000</misses>
				<total>0</total>
				<timestamp>789.553235</timestamp>
			</report>
			<report>
				<misses>112200000</misses>
				<total>0</total>
				<timestamp>790.295682</timestamp>
			</report>
			<report>
				<misses>112300000</misses>
				<total>0</total>
				<timestamp>791.028608</timestamp>
			</report>
			<report>
				<misses>112400000</misses>
				<total>0</total>
				<timestamp>791.757930</timestamp>
			</report>
			<report>
				<misses>112500000</misses>
				<total>0</total>
				<timestamp>792.472969</timestamp>
			</report>
			<report>
				<misses>112600000</misses>
				<total>0</total>
				<timestamp>793.188431</timestamp>
			</report>
			<report>
				<misses>112700000</misses>
				<total>0</total>
				<timestamp>793.914794</timestamp>
			</report>
			<report>
				<misses>112800000</misses>
				<total>0</total>
				<timestamp>794.665886</timestamp>
			</report>
			<report>
				<misses>112900000</misses>
				<total>0</total>
				<timestamp>795.390321</timestamp>
			</report>
			<report>
				<misses>113000000</misses>
				<total>0</total>
				<timestamp>796.099932</timestamp>
			</report>
			<report>
				<misses>113100000</misses>
				<total>0</total>
				<timestamp>796.795654</timestamp>
			</report>
			<report>
				<misses>113200000</misses>
				<total>0</total>
				<timestamp>797.509747</timestamp>
			</report>
			<report>
				<misses>113300000</misses>
				<total>0</total>
				<timestamp>798.235612</timestamp>
			</report>
			<report>
				<misses>113400000</misses>
				<total>0</total>
				<timestamp>798.961618</timestamp>
			</report>
			<report>
				<misses>113500000</misses>
				<total>0</total>
				<timestamp>799.699722</timestamp>
			</report>
			<report>
				<misses>113600000</misses>
				<total>0</total>
				<timestamp>800.427458</timestamp>
			</report>
			<report>
				<misses>113700000</misses>
				<total>0</total>
				<timestamp>801.108985</timestamp>
			</report>
			<report>
				<misses>113800000</misses>
				<total>0</total>
				<timestamp>801.791574</timestamp>
			</report>
			<report>
				<misses>113900000</misses>
				<total>0</total>
				<timestamp>802.481602</timestamp>
			</report>
			<report>
				<misses>114000000</misses>
				<total>0</total>
				<timestamp>803.166373</timestamp>
			</report>
			<report>
				<misses>114100000</misses>
				<total>0</total>
				<timestamp>803.863714</timestamp>
			</report>
			<report>
				<misses>114200000</misses>
				<total>0</total>
				<timestamp>804.566988</timestamp>
			</report>
			<report>
				<misses>114300000</misses>
				<total>0</total>
				<timestamp>805.256883</timestamp>
			</report>
			<report>
				<misses>114400000</misses>
				<total>0</total>
				<timestamp>805.962403</timestamp>
			</report>
			<report>
				<misses>114500000</misses>
				<total>0</total>
				<timestamp>806.650052</timestamp>
			</report>
			<report>
				<misses>114600000</misses>
				<total>0</total>
				<timestamp>807.341641</timestamp>
			</report>
			<report>
				<misses>114700000</misses>
				<total>0</total>
				<timestamp>808.036533</timestamp>
			</report>
			<report>
				<misses>114800000</misses>
				<total>0</total>
				<timestamp>808.790118</timestamp>
			</report>
			<report>
				<misses>114900000</misses>
				<total>0</total>
				<timestamp>809.495648</timestamp>
			</report>
			<report>
				<misses>115000000</misses>
				<total>0</total>
				<timestamp>810.209806</timestamp>
			</report>
			<report>
				<misses>115100000</misses>
				<total>0</total>
				<timestamp>810.915466</timestamp>
			</report>
			<report>
				<misses>115200000</misses>
				<total>0</total>
				<timestamp>811.619509</timestamp>
			</report>
			<report>
				<misses>115300000</misses>
				<total>0</total>
				<timestamp>812.353292</timestamp>
			</report>
			<report>
				<misses>115400000</misses>
				<total>0</total>
				<timestamp>813.056195</timestamp>
			</report>
			<report>
				<misses>115500000</misses>
				<total>0</total>
				<timestamp>813.793424</timestamp>
			</report>
			<report>
				<misses>115600000</misses>
				<total>0</total>
				<timestamp>814.509095</timestamp>
			</report>
			<report>
				<misses>115700000</misses>
				<total>0</total>
				<timestamp>815.223192</timestamp>
			</report>
			<report>
				<misses>115800000</misses>
				<total>0</total>
				<timestamp>815.945328</timestamp>
			</report>
			<report>
				<misses>115900000</misses>
				<total>0</total>
				<timestamp>816.677184</timestamp>
			</report>
			<report>
				<misses>116000000</misses>
				<total>0</total>
				<timestamp>817.381453</timestamp>
			</report>
			<report>
				<misses>116100000</misses>
				<total>0</total>
				<timestamp>818.087578</timestamp>
			</report>
			<report>
				<misses>116200000</misses>
				<total>0</total>
				<timestamp>818.789201</timestamp>
			</report>
			<report>
				<misses>116300000</misses>
				<total>0</total>
				<timestamp>819.496717</timestamp>
			</report>
			<report>
				<misses>116400000</misses>
				<total>0</total>
				<timestamp>820.182129</timestamp>
			</report>
			<report>
				<misses>116500000</misses>
				<total>0</total>
				<timestamp>820.879694</timestamp>
			</report>
			<report>
				<misses>116600000</misses>
				<total>0</total>
				<timestamp>821.568674</timestamp>
			</report>
			<report>
				<misses>116700000</misses>
				<total>0</total>
				<timestamp>822.255917</timestamp>
			</report>
			<report>
				<misses>116800000</misses>
				<total>0</total>
				<timestamp>822.934157</timestamp>
			</report>
			<report>
				<misses>116900000</misses>
				<total>0</total>
				<timestamp>823.622231</timestamp>
			</report>
			<report>
				<misses>117000000</misses>
				<total>0</total>
				<timestamp>824.312980</timestamp>
			</report>
			<report>
				<misses>117100000</misses>
				<total>0</total>
				<timestamp>825.046059</timestamp>
			</report>
			<report>
				<misses>117200000</misses>
				<total>0</total>
				<timestamp>825.773768</timestamp>
			</report>
			<report>
				<misses>117300000</misses>
				<total>0</total>
				<timestamp>826.484325</timestamp>
			</report>
			<report>
				<misses>117400000</misses>
				<total>0</total>
				<timestamp>827.190783</timestamp>
			</report>
			<report>
				<misses>117500000</misses>
				<total>0</total>
				<timestamp>827.885321</timestamp>
			</report>
			<report>
				<misses>117600000</misses>
				<total>0</total>
				<timestamp>828.593036</timestamp>
			</report>
			<report>
				<misses>117700000</misses>
				<total>0</total>
				<timestamp>829.316395</timestamp>
			</report>
			<report>
				<misses>117800000</misses>
				<total>0</total>
				<timestamp>830.028439</timestamp>
			</report>
			<report>
				<misses>117900000</misses>
				<total>0</total>
				<timestamp>830.729179</timestamp>
			</report>
			<report>
				<misses>118000000</misses>
				<total>0</total>
				<timestamp>831.448676</timestamp>
			</report>
			<report>
				<misses>118100000</misses>
				<total>0</total>
				<timestamp>832.150114</timestamp>
			</report>
			<report>
				<misses>118200000</misses>
				<total>0</total>
				<timestamp>832.858205</timestamp>
			</report>
			<report>
				<misses>118300000</misses>
				<total>0</total>
				<timestamp>833.564900</timestamp>
			</report>
			<report>
				<misses>118400000</misses>
				<total>0</total>
				<timestamp>834.259656</timestamp>
			</report>
			<report>
				<misses>118500000</misses>
				<total>0</total>
				<timestamp>834.938272</timestamp>
			</report>
			<report>
				<misses>118600000</misses>
				<total>0</total>
				<timestamp>835.645864</timestamp>
			</report>
			<report>
				<misses>118700000</misses>
				<total>0</total>
				<timestamp>836.329058</timestamp>
			</report>
			<report>
				<misses>118800000</misses>
				<total>0</total>
				<timestamp>837.019244</timestamp>
			</report>
			<report>
				<misses>118900000</misses>
				<total>0</total>
				<timestamp>837.715564</timestamp>
			</report>
			<report>
				<misses>119000000</misses>
				<total>0</total>
				<timestamp>838.411512</timestamp>
			</report>
			<report>
				<misses>119100000</misses>
				<total>0</total>
				<timestamp>839.113632</timestamp>
			</report>
			<report>
				<misses>119200000</misses>
				<total>0</total>
				<timestamp>839.795839</timestamp>
			</report>
			<report>
				<misses>119300000</misses>
				<total>0</total>
				<timestamp>840.489646</timestamp>
			</report>
			<report>
				<misses>119400000</misses>
				<total>0</total>
				<timestamp>841.185860</timestamp>
			</report>
			<report>
				<misses>119500000</misses>
				<total>0</total>
				<timestamp>841.931168</timestamp>
			</report>
			<report>
				<misses>119600000</misses>
				<total>0</total>
				<timestamp>842.648261</timestamp>
			</report>
			<report>
				<misses>119700000</misses>
				<total>0</total>
				<timestamp>843.373309</timestamp>
			</report>
			<report>
				<misses>119800000</misses>
				<total>0</total>
				<timestamp>844.069491</timestamp>
			</report>
			<report>
				<misses>119900000</misses>
				<total>0</total>
				<timestamp>844.769897</timestamp>
			</report>
			<report>
				<misses>120000000</misses>
				<total>0</total>
				<timestamp>845.515295</timestamp>
			</report>
			<report>
				<misses>120100000</misses>
				<total>0</total>
				<timestamp>846.228894</timestamp>
			</report>
			<report>
				<misses>120200000</misses>
				<total>0</total>
				<timestamp>846.943080</timestamp>
			</report>
			<report>
				<misses>120300000</misses>
				<total>0</total>
				<timestamp>847.654047</timestamp>
			</report>
			<report>
				<misses>120400000</misses>
				<total>0</total>
				<timestamp>848.372828</timestamp>
			</report>
			<report>
				<misses>120500000</misses>
				<total>0</total>
				<timestamp>849.062429</timestamp>
			</report>
			<report>
				<misses>120600000</misses>
				<total>0</total>
				<timestamp>849.764665</timestamp>
			</report>
			<report>
				<misses>120700000</misses>
				<total>0</total>
				<timestamp>850.489881</timestamp>
			</report>
			<report>
				<misses>120800000</misses>
				<total>0</total>
				<timestamp>851.210436</timestamp>
			</report>
			<report>
				<misses>120900000</misses>
				<total>0</total>
				<timestamp>851.893718</timestamp>
			</report>
			<report>
				<misses>121000000</misses>
				<total>0</total>
				<timestamp>852.588484</timestamp>
			</report>
			<report>
				<misses>121100000</misses>
				<total>0</total>
				<timestamp>853.281610</timestamp>
			</report>
			<report>
				<misses>121200000</misses>
				<total>0</total>
				<timestamp>853.958927</timestamp>
			</report>
			<report>
				<misses>121300000</misses>
				<total>0</total>
				<timestamp>854.640613</timestamp>
			</report>
			<report>
				<misses>121400000</misses>
				<total>0</total>
				<timestamp>855.331550</timestamp>
			</report>
			<report>
				<misses>121500000</misses>
				<total>0</total>
				<timestamp>856.012099</timestamp>
			</report>
			<report>
				<misses>121600000</misses>
				<total>0</total>
				<timestamp>856.709521</timestamp>
			</report>
			<report>
				<misses>121700000</misses>
				<total>0</total>
				<timestamp>857.386054</timestamp>
			</report>
			<report>
				<misses>121800000</misses>
				<total>0</total>
				<timestamp>858.080835</timestamp>
			</report>
			<report>
				<misses>121900000</misses>
				<total>0</total>
				<timestamp>858.773053</timestamp>
			</report>
			<report>
				<misses>122000000</misses>
				<total>0</total>
				<timestamp>859.525237</timestamp>
			</report>
			<report>
				<misses>122100000</misses>
				<total>0</total>
				<timestamp>860.234149</timestamp>
			</report>
			<report>
				<misses>122200000</misses>
				<total>0</total>
				<timestamp>860.960631</timestamp>
			</report>
			<report>
				<misses>122300000</misses>
				<total>0</total>
				<timestamp>861.680692</timestamp>
			</report>
			<report>
				<misses>122400000</misses>
				<total>0</total>
				<timestamp>862.395805</timestamp>
			</report>
			<report>
				<misses>122500000</misses>
				<total>0</total>
				<timestamp>863.099113</timestamp>
			</report>
			<report>
				<misses>122600000</misses>
				<total>0</total>
				<timestamp>863.789519</timestamp>
			</report>
			<report>
				<misses>122700000</misses>
				<total>0</total>
				<timestamp>864.481663</timestamp>
			</report>
			<report>
				<misses>122800000</misses>
				<total>0</total>
				<timestamp>865.185968</timestamp>
			</report>
			<report>
				<misses>122900000</misses>
				<total>0</total>
				<timestamp>865.884272</timestamp>
			</report>
			<report>
				<misses>123000000</misses>
				<total>0</total>
				<timestamp>866.581822</timestamp>
			</report>
			<report>
				<misses>123100000</misses>
				<total>0</total>
				<timestamp>867.286613</timestamp>
			</report>
			<report>
				<misses>123200000</misses>
				<total>0</total>
				<timestamp>868.001404</timestamp>
			</report>
			<report>
				<misses>123300000</misses>
				<total>0</total>
				<timestamp>868.707768</timestamp>
			</report>
			<report>
				<misses>123400000</misses>
				<total>0</total>
				<timestamp>869.387064</timestamp>
			</report>
			<report>
				<misses>123500000</misses>
				<total>0</total>
				<timestamp>870.063313</timestamp>
			</report>
			<report>
				<misses>123600000</misses>
				<total>0</total>
				<timestamp>870.744050</timestamp>
			</report>
			<report>
				<misses>123700000</misses>
				<total>0</total>
				<timestamp>871.420456</timestamp>
			</report>
			<report>
				<misses>123800000</misses>
				<total>0</total>
				<timestamp>872.120314</timestamp>
			</report>
			<report>
				<misses>123900000</misses>
				<total>0</total>
				<timestamp>872.815258</timestamp>
			</report>
			<report>
				<misses>124000000</misses>
				<total>0</total>
				<timestamp>873.502580</timestamp>
			</report>
			<report>
				<misses>124100000</misses>
				<total>0</total>
				<timestamp>874.193820</timestamp>
			</report>
			<report>
				<misses>124200000</misses>
				<total>0</total>
				<timestamp>874.884647</timestamp>
			</report>
			<report>
				<misses>124300000</misses>
				<total>0</total>
				<timestamp>875.569182</timestamp>
			</report>
			<report>
				<misses>124400000</misses>
				<total>0</total>
				<timestamp>876.259434</timestamp>
			</report>
			<report>
				<misses>124500000</misses>
				<total>0</total>
				<timestamp>876.996643</timestamp>
			</report>
			<report>
				<misses>124600000</misses>
				<total>0</total>
				<timestamp>877.711792</timestamp>
			</report>
			<report>
				<misses>124700000</misses>
				<total>0</total>
				<timestamp>878.436186</timestamp>
			</report>
			<report>
				<misses>124800000</misses>
				<total>0</total>
				<timestamp>879.142217</timestamp>
			</report>
			<report>
				<misses>124900000</misses>
				<total>0</total>
				<timestamp>879.844115</timestamp>
			</report>
			<report>
				<misses>125000000</misses>
				<total>0</total>
				<timestamp>880.556017</timestamp>
			</report>
			<report>
				<misses>125100000</misses>
				<total>0</total>
				<timestamp>881.269623</timestamp>
			</report>
			<report>
				<misses>125200000</misses>
				<total>0</total>
				<timestamp>882.001481</timestamp>
			</report>
			<report>
				<misses>125300000</misses>
				<total>0</total>
				<timestamp>882.725838</timestamp>
			</report>
			<report>
				<misses>125400000</misses>
				<total>0</total>
				<timestamp>883.437704</timestamp>
			</report>
			<report>
				<misses>125500000</misses>
				<total>0</total>
				<timestamp>884.195200</timestamp>
			</report>
			<report>
				<misses>125600000</misses>
				<total>0</total>
				<timestamp>884.949928</timestamp>
			</report>
			<report>
				<misses>125700000</misses>
				<total>0</total>
				<timestamp>885.646764</timestamp>
			</report>
			<report>
				<misses>125800000</misses>
				<total>0</total>
				<timestamp>886.355305</timestamp>
			</report>
			<report>
				<misses>125900000</misses>
				<total>0</total>
				<timestamp>887.068192</timestamp>
			</report>
			<report>
				<misses>126000000</misses>
				<total>0</total>
				<timestamp>887.757968</timestamp>
			</report>
			<report>
				<misses>126100000</misses>
				<total>0</total>
				<timestamp>888.445473</timestamp>
			</report>
			<report>
				<misses>126200000</misses>
				<total>0</total>
				<timestamp>889.137274</timestamp>
			</report>
			<report>
				<misses>126300000</misses>
				<total>0</total>
				<timestamp>889.812879</timestamp>
			</report>
			<report>
				<misses>126400000</misses>
				<total>0</total>
				<timestamp>890.500064</timestamp>
			</report>
			<report>
				<misses>126500000</misses>
				<total>0</total>
				<timestamp>891.198860</timestamp>
			</report>
			<report>
				<misses>126600000</misses>
				<total>0</total>
				<timestamp>891.874833</timestamp>
			</report>
			<report>
				<misses>126700000</misses>
				<total>0</total>
				<timestamp>892.540151</timestamp>
			</report>
			<report>
				<misses>126800000</misses>
				<total>0</total>
				<timestamp>893.222292</timestamp>
			</report>
			<report>
				<misses>126900000</misses>
				<total>0</total>
				<timestamp>893.907070</timestamp>
			</report>
			<report>
				<misses>127000000</misses>
				<total>0</total>
				<timestamp>894.609938</timestamp>
			</report>
			<report>
				<misses>127100000</misses>
				<total>0</total>
				<timestamp>895.325765</timestamp>
			</report>
			<report>
				<misses>127200000</misses>
				<total>0</total>
				<timestamp>896.039481</timestamp>
			</report>
			<report>
				<misses>127300000</misses>
				<total>0</total>
				<timestamp>896.767784</timestamp>
			</report>
			<report>
				<misses>127400000</misses>
				<total>0</total>
				<timestamp>897.485459</timestamp>
			</report>
			<report>
				<misses>127500000</misses>
				<total>0</total>
				<timestamp>898.211006</timestamp>
			</report>
			<report>
				<misses>127600000</misses>
				<total>0</total>
				<timestamp>898.925831</timestamp>
			</report>
			<report>
				<misses>127700000</misses>
				<total>0</total>
				<timestamp>899.626464</timestamp>
			</report>
			<report>
				<misses>127800000</misses>
				<total>0</total>
				<timestamp>900.336036</timestamp>
			</report>
			<report>
				<misses>127900000</misses>
				<total>0</total>
				<timestamp>901.032881</timestamp>
			</report>
			<report>
				<misses>128000000</misses>
				<total>0</total>
				<timestamp>901.741662</timestamp>
			</report>
			<report>
				<misses>128100000</misses>
				<total>0</total>
				<timestamp>902.449924</timestamp>
			</report>
			<report>
				<misses>128200000</misses>
				<total>0</total>
				<timestamp>903.160150</timestamp>
			</report>
			<report>
				<misses>128300000</misses>
				<total>0</total>
				<timestamp>903.861824</timestamp>
			</report>
			<report>
				<misses>128400000</misses>
				<total>0</total>
				<timestamp>904.551948</timestamp>
			</report>
			<report>
				<misses>128500000</misses>
				<total>0</total>
				<timestamp>905.241173</timestamp>
			</report>
			<report>
				<misses>128600000</misses>
				<total>0</total>
				<timestamp>905.928970</timestamp>
			</report>
			<report>
				<misses>128700000</misses>
				<total>0</total>
				<timestamp>906.611105</timestamp>
			</report>
			<report>
				<misses>128800000</misses>
				<total>0</total>
				<timestamp>907.298596</timestamp>
			</report>
			<report>
				<misses>128900000</misses>
				<total>0</total>
				<timestamp>907.978967</timestamp>
			</report>
			<report>
				<misses>129000000</misses>
				<total>0</total>
				<timestamp>908.673427</timestamp>
			</report>
			<report>
				<misses>129100000</misses>
				<total>0</total>
				<timestamp>909.368485</timestamp>
			</report>
			<report>
				<misses>129200000</misses>
				<total>0</total>
				<timestamp>910.052785</timestamp>
			</report>
			<report>
				<misses>129300000</misses>
				<total>0</total>
				<timestamp>910.746119</timestamp>
			</report>
			<report>
				<misses>129400000</misses>
				<total>0</total>
				<timestamp>911.450356</timestamp>
			</report>
			<report>
				<misses>129500000</misses>
				<total>0</total>
				<timestamp>912.153255</timestamp>
			</report>
			<report>
				<misses>129600000</misses>
				<total>0</total>
				<timestamp>912.854264</timestamp>
			</report>
			<report>
				<misses>129700000</misses>
				<total>0</total>
				<timestamp>913.565309</timestamp>
			</report>
			<report>
				<misses>129800000</misses>
				<total>0</total>
				<timestamp>914.257145</timestamp>
			</report>
			<report>
				<misses>129900000</misses>
				<total>0</total>
				<timestamp>914.934265</timestamp>
			</report>
			<report>
				<misses>130000000</misses>
				<total>0</total>
				<timestamp>915.654933</timestamp>
			</report>
			<report>
				<misses>130100000</misses>
				<total>0</total>
				<timestamp>916.377380</timestamp>
			</report>
			<report>
				<misses>130200000</misses>
				<total>0</total>
				<timestamp>917.063873</timestamp>
			</report>
			<report>
				<misses>130300000</misses>
				<total>0</total>
				<timestamp>917.775077</timestamp>
			</report>
			<report>
				<misses>130400000</misses>
				<total>0</total>
				<timestamp>918.502023</timestamp>
			</report>
			<report>
				<misses>130500000</misses>
				<total>0</total>
				<timestamp>919.244371</timestamp>
			</report>
			<report>
				<misses>130600000</misses>
				<total>0</total>
				<timestamp>919.961170</timestamp>
			</report>
			<report>
				<misses>130700000</misses>
				<total>0</total>
				<timestamp>920.688554</timestamp>
			</report>
			<report>
				<misses>130800000</misses>
				<total>0</total>
				<timestamp>921.410677</timestamp>
			</report>
			<report>
				<misses>130900000</misses>
				<total>0</total>
				<timestamp>922.156726</timestamp>
			</report>
			<report>
				<misses>131000000</misses>
				<total>0</total>
				<timestamp>922.880244</timestamp>
			</report>
			<report>
				<misses>131100000</misses>
				<total>0</total>
				<timestamp>923.611567</timestamp>
			</report>
			<report>
				<misses>131200000</misses>
				<total>0</total>
				<timestamp>924.349428</timestamp>
			</report>
			<report>
				<misses>131300000</misses>
				<total>0</total>
				<timestamp>925.063214</timestamp>
			</report>
			<report>
				<misses>131400000</misses>
				<total>0</total>
				<timestamp>925.771497</timestamp>
			</report>
			<report>
				<misses>131500000</misses>
				<total>0</total>
				<timestamp>926.452871</timestamp>
			</report>
			<report>
				<misses>131600000</misses>
				<total>0</total>
				<timestamp>927.141464</timestamp>
			</report>
			<report>
				<misses>131700000</misses>
				<total>0</total>
				<timestamp>927.823989</timestamp>
			</report>
			<report>
				<misses>131800000</misses>
				<total>0</total>
				<timestamp>928.505555</timestamp>
			</report>
			<report>
				<misses>131900000</misses>
				<total>0</total>
				<timestamp>929.183475</timestamp>
			</report>
			<report>
				<misses>132000000</misses>
				<total>0</total>
				<timestamp>929.863349</timestamp>
			</report>
			<report>
				<misses>132100000</misses>
				<total>0</total>
				<timestamp>930.558526</timestamp>
			</report>
			<report>
				<misses>132200000</misses>
				<total>0</total>
				<timestamp>931.254625</timestamp>
			</report>
			<report>
				<misses>132300000</misses>
				<total>0</total>
				<timestamp>931.939044</timestamp>
			</report>
			<report>
				<misses>132400000</misses>
				<total>0</total>
				<timestamp>932.631135</timestamp>
			</report>
			<report>
				<misses>132500000</misses>
				<total>0</total>
				<timestamp>933.319281</timestamp>
			</report>
			<report>
				<misses>132600000</misses>
				<total>0</total>
				<timestamp>934.031798</timestamp>
			</report>
			<report>
				<misses>132700000</misses>
				<total>0</total>
				<timestamp>934.784469</timestamp>
			</report>
			<report>
				<misses>132800000</misses>
				<total>0</total>
				<timestamp>935.484644</timestamp>
			</report>
			<report>
				<misses>132900000</misses>
				<total>0</total>
				<timestamp>936.203167</timestamp>
			</report>
			<report>
				<misses>133000000</misses>
				<total>0</total>
				<timestamp>936.903326</timestamp>
			</report>
			<report>
				<misses>133100000</misses>
				<total>0</total>
				<timestamp>937.617223</timestamp>
			</report>
			<report>
				<misses>133200000</misses>
				<total>0</total>
				<timestamp>938.326790</timestamp>
			</report>
			<report>
				<misses>133300000</misses>
				<total>0</total>
				<timestamp>939.045352</timestamp>
			</report>
			<report>
				<misses>133400000</misses>
				<total>0</total>
				<timestamp>939.753170</timestamp>
			</report>
			<report>
				<misses>133500000</misses>
				<total>0</total>
				<timestamp>940.466228</timestamp>
			</report>
			<report>
				<misses>133600000</misses>
				<total>0</total>
				<timestamp>941.175381</timestamp>
			</report>
			<report>
				<misses>133700000</misses>
				<total>0</total>
				<timestamp>941.885572</timestamp>
			</report>
			<report>
				<misses>133800000</misses>
				<total>0</total>
				<timestamp>942.621065</timestamp>
			</report>
			<report>
				<misses>133900000</misses>
				<total>0</total>
				<timestamp>943.299557</timestamp>
			</report>
			<report>
				<misses>134000000</misses>
				<total>0</total>
				<timestamp>943.986646</timestamp>
			</report>
			<report>
				<misses>134100000</misses>
				<total>0</total>
				<timestamp>944.684112</timestamp>
			</report>
			<report>
				<misses>134200000</misses>
				<total>0</total>
				<timestamp>945.379339</timestamp>
			</report>
			<report>
				<misses>134300000</misses>
				<total>0</total>
				<timestamp>946.082677</timestamp>
			</report>
			<report>
				<misses>134400000</misses>
				<total>0</total>
				<timestamp>946.774178</timestamp>
			</report>
			<report>
				<misses>134500000</misses>
				<total>0</total>
				<timestamp>947.466560</timestamp>
			</report>
			<report>
				<misses>134600000</misses>
				<total>0</total>
				<timestamp>948.152010</timestamp>
			</report>
			<report>
				<misses>134700000</misses>
				<total>0</total>
				<timestamp>948.834857</timestamp>
			</report>
			<report>
				<misses>134800000</misses>
				<total>0</total>
				<timestamp>949.524021</timestamp>
			</report>
			<report>
				<misses>134900000</misses>
				<total>0</total>
				<timestamp>950.295573</timestamp>
			</report>
			<report>
				<misses>135000000</misses>
				<total>0</total>
				<timestamp>951.003569</timestamp>
			</report>
			<report>
				<misses>135100000</misses>
				<total>0</total>
				<timestamp>951.704562</timestamp>
			</report>
			<report>
				<misses>135200000</misses>
				<total>0</total>
				<timestamp>952.402858</timestamp>
			</report>
			<report>
				<misses>135300000</misses>
				<total>0</total>
				<timestamp>953.093432</timestamp>
			</report>
			<report>
				<misses>135400000</misses>
				<total>0</total>
				<timestamp>953.800244</timestamp>
			</report>
			<report>
				<misses>135500000</misses>
				<total>0</total>
				<timestamp>954.497412</timestamp>
			</report>
			<report>
				<misses>135600000</misses>
				<total>0</total>
				<timestamp>955.197784</timestamp>
			</report>
			<report>
				<misses>135700000</misses>
				<total>0</total>
				<timestamp>955.936012</timestamp>
			</report>
			<report>
				<misses>135800000</misses>
				<total>0</total>
				<timestamp>956.649290</timestamp>
			</report>
			<report>
				<misses>135900000</misses>
				<total>0</total>
				<timestamp>957.342909</timestamp>
			</report>
			<report>
				<misses>136000000</misses>
				<total>0</total>
				<timestamp>958.055810</timestamp>
			</report>
			<report>
				<misses>136100000</misses>
				<total>0</total>
				<timestamp>958.752437</timestamp>
			</report>
			<report>
				<misses>136200000</misses>
				<total>0</total>
				<timestamp>959.447139</timestamp>
			</report>
			<report>
				<misses>136300000</misses>
				<total>0</total>
				<timestamp>960.113956</timestamp>
			</report>
			<report>
				<misses>136400000</misses>
				<total>0</total>
				<timestamp>960.801803</timestamp>
			</report>
			<report>
				<misses>136500000</misses>
				<total>0</total>
				<timestamp>961.494380</timestamp>
			</report>
			<report>
				<misses>136600000</misses>
				<total>0</total>
				<timestamp>962.176916</timestamp>
			</report>
			<report>
				<misses>136700000</misses>
				<total>0</total>
				<timestamp>962.854291</timestamp>
			</report>
			<report>
				<misses>136800000</misses>
				<total>0</total>
				<timestamp>963.544808</timestamp>
			</report>
			<report>
				<misses>136900000</misses>
				<total>0</total>
				<timestamp>964.248224</timestamp>
			</report>
			<report>
				<misses>137000000</misses>
				<total>0</total>
				<timestamp>964.935250</timestamp>
			</report>
			<report>
				<misses>137100000</misses>
				<total>0</total>
				<timestamp>965.646009</timestamp>
			</report>
			<report>
				<misses>137200000</misses>
				<total>0</total>
				<timestamp>966.349008</timestamp>
			</report>
			<report>
				<misses>137300000</misses>
				<total>0</total>
				<timestamp>967.063811</timestamp>
			</report>
			<report>
				<misses>137400000</misses>
				<total>0</total>
				<timestamp>967.760883</timestamp>
			</report>
			<report>
				<misses>137500000</misses>
				<total>0</total>
				<timestamp>968.461323</timestamp>
			</report>
			<report>
				<misses>137600000</misses>
				<total>0</total>
				<timestamp>969.158181</timestamp>
			</report>
			<report>
				<misses>137700000</misses>
				<total>0</total>
				<timestamp>969.867505</timestamp>
			</report>
			<report>
				<misses>137800000</misses>
				<total>0</total>
				<timestamp>970.590722</timestamp>
			</report>
			<report>
				<misses>137900000</misses>
				<total>0</total>
				<timestamp>971.295189</timestamp>
			</report>
			<report>
				<misses>138000000</misses>
				<total>0</total>
				<timestamp>971.993873</timestamp>
			</report>
			<report>
				<misses>138100000</misses>
				<total>0</total>
				<timestamp>972.673765</timestamp>
			</report>
			<report>
				<misses>138200000</misses>
				<total>0</total>
				<timestamp>973.372560</timestamp>
			</report>
			<report>
				<misses>138300000</misses>
				<total>0</total>
				<timestamp>974.168891</timestamp>
			</report>
			<report>
				<misses>138400000</misses>
				<total>0</total>
				<timestamp>974.881642</timestamp>
			</report>
			<report>
				<misses>138500000</misses>
				<total>0</total>
				<timestamp>975.576473</timestamp>
			</report>
			<report>
				<misses>138600000</misses>
				<total>0</total>
				<timestamp>976.297757</timestamp>
			</report>
			<report>
				<misses>138700000</misses>
				<total>0</total>
				<timestamp>977.035273</timestamp>
			</report>
			<report>
				<misses>138800000</misses>
				<total>0</total>
				<timestamp>977.759324</timestamp>
			</report>
			<report>
				<misses>138900000</misses>
				<total>0</total>
				<timestamp>978.493666</timestamp>
			</report>
			<report>
				<misses>139000000</misses>
				<total>0</total>
				<timestamp>979.220088</timestamp>
			</report>
			<report>
				<misses>139100000</misses>
				<total>0</total>
				<timestamp>979.946629</timestamp>
			</report>
			<report>
				<misses>139200000</misses>
				<total>0</total>
				<timestamp>980.672405</timestamp>
			</report>
			<report>
				<misses>139300000</misses>
				<total>0</total>
				<timestamp>981.362818</timestamp>
			</report>
			<report>
				<misses>139400000</misses>
				<total>0</total>
				<timestamp>982.063602</timestamp>
			</report>
			<report>
				<misses>139500000</misses>
				<total>0</total>
				<timestamp>982.754884</timestamp>
			</report>
			<report>
				<misses>139600000</misses>
				<total>0</total>
				<timestamp>983.436423</timestamp>
			</report>
			<report>
				<misses>139700000</misses>
				<total>0</total>
				<timestamp>984.124189</timestamp>
			</report>
			<report>
				<misses>139800000</misses>
				<total>0</total>
				<timestamp>984.818150</timestamp>
			</report>
			<report>
				<misses>139900000</misses>
				<total>0</total>
				<timestamp>985.505056</timestamp>
			</report>
			<report>
				<misses>140000000</misses>
				<total>0</total>
				<timestamp>986.193553</timestamp>
			</report>
			<report>
				<misses>140100000</misses>
				<total>0</total>
				<timestamp>986.874712</timestamp>
			</report>
			<report>
				<misses>140200000</misses>
				<total>0</total>
				<timestamp>987.563201</timestamp>
			</report>
			<report>
				<misses>140300000</misses>
				<total>0</total>
				<timestamp>988.266754</timestamp>
			</report>
			<report>
				<misses>140400000</misses>
				<total>0</total>
				<timestamp>988.996847</timestamp>
			</report>
			<report>
				<misses>140500000</misses>
				<total>0</total>
				<timestamp>989.712765</timestamp>
			</report>
			<report>
				<misses>140600000</misses>
				<total>0</total>
				<timestamp>990.442476</timestamp>
			</report>
			<report>
				<misses>140700000</misses>
				<total>0</total>
				<timestamp>991.166965</timestamp>
			</report>
			<report>
				<misses>140800000</misses>
				<total>0</total>
				<timestamp>991.863372</timestamp>
			</report>
			<report>
				<misses>140900000</misses>
				<total>0</total>
				<timestamp>992.570078</timestamp>
			</report>
			<report>
				<misses>141000000</misses>
				<total>0</total>
				<timestamp>993.270992</timestamp>
			</report>
			<report>
				<misses>141100000</misses>
				<total>0</total>
				<timestamp>993.973667</timestamp>
			</report>
			<report>
				<misses>141200000</misses>
				<total>0</total>
				<timestamp>994.696502</timestamp>
			</report>
			<report>
				<misses>141300000</misses>
				<total>0</total>
				<timestamp>995.416534</timestamp>
			</report>
			<report>
				<misses>141400000</misses>
				<total>0</total>
				<timestamp>996.130482</timestamp>
			</report>
			<report>
				<misses>141500000</misses>
				<total>0</total>
				<timestamp>996.855118</timestamp>
			</report>
			<report>
				<misses>141600000</misses>
				<total>0</total>
				<timestamp>997.543609</timestamp>
			</report>
			<report>
				<misses>141700000</misses>
				<total>0</total>
				<timestamp>998.221951</timestamp>
			</report>
			<report>
				<misses>141800000</misses>
				<total>0</total>
				<timestamp>998.924002</timestamp>
			</report>
			<report>
				<misses>141900000</misses>
				<total>0</total>
				<timestamp>999.615424</timestamp>
			</report>
			<report>
				<misses>142000000</misses>
				<total>0</total>
				<timestamp>1000.303938</timestamp>
			</report>
			<report>
				<misses>142100000</misses>
				<total>0</total>
				<timestamp>1001.001335</timestamp>
			</report>
			<report>
				<misses>142200000</misses>
				<total>0</total>
				<timestamp>1001.690832</timestamp>
			</report>
			<report>
				<misses>142300000</misses>
				<total>0</total>
				<timestamp>1002.382719</timestamp>
			</report>
			<report>
				<misses>142400000</misses>
				<total>0</total>
				<timestamp>1003.083057</timestamp>
			</report>
			<report>
				<misses>142500000</misses>
				<total>0</total>
				<timestamp>1003.753574</timestamp>
			</report>
			<report>
				<misses>142600000</misses>
				<total>0</total>
				<timestamp>1004.457930</timestamp>
			</report>
			<report>
				<misses>142700000</misses>
				<total>0</total>
				<timestamp>1005.172346</timestamp>
			</report>
			<report>
				<misses>142800000</misses>
				<total>0</total>
				<timestamp>1005.888156</timestamp>
			</report>
			<report>
				<misses>142900000</misses>
				<total>0</total>
				<timestamp>1006.603171</timestamp>
			</report>
			<report>
				<misses>143000000</misses>
				<total>0</total>
				<timestamp>1007.308771</timestamp>
			</report>
			<report>
				<misses>143100000</misses>
				<total>0</total>
				<timestamp>1008.012309</timestamp>
			</report>
			<report>
				<misses>143200000</misses>
				<total>0</total>
				<timestamp>1008.749223</timestamp>
			</report>
			<report>
				<misses>143300000</misses>
				<total>0</total>
				<timestamp>1009.450454</timestamp>
			</report>
			<report>
				<misses>143400000</misses>
				<total>0</total>
				<timestamp>1010.173047</timestamp>
			</report>
			<report>
				<misses>143500000</misses>
				<total>0</total>
				<timestamp>1010.875722</timestamp>
			</report>
			<report>
				<misses>143600000</misses>
				<total>0</total>
				<timestamp>1011.577805</timestamp>
			</report>
			<report>
				<misses>143700000</misses>
				<total>0</total>
				<timestamp>1012.273543</timestamp>
			</report>
			<report>
				<misses>143800000</misses>
				<total>0</total>
				<timestamp>1012.972360</timestamp>
			</report>
			<report>
				<misses>143900000</misses>
				<total>0</total>
				<timestamp>1013.682266</timestamp>
			</report>
			<report>
				<misses>144000000</misses>
				<total>0</total>
				<timestamp>1014.380095</timestamp>
			</report>
			<report>
				<misses>144100000</misses>
				<total>0</total>
				<timestamp>1015.062818</timestamp>
			</report>
			<report>
				<misses>144200000</misses>
				<total>0</total>
				<timestamp>1015.744139</timestamp>
			</report>
			<report>
				<misses>144300000</misses>
				<total>0</total>
				<timestamp>1016.436706</timestamp>
			</report>
			<report>
				<misses>144400000</misses>
				<total>0</total>
				<timestamp>1017.123622</timestamp>
			</report>
			<report>
				<misses>144500000</misses>
				<total>0</total>
				<timestamp>1017.800033</timestamp>
			</report>
			<report>
				<misses>144600000</misses>
				<total>0</total>
				<timestamp>1018.495154</timestamp>
			</report>
			<report>
				<misses>144700000</misses>
				<total>0</total>
				<timestamp>1019.187816</timestamp>
			</report>
			<report>
				<misses>144800000</misses>
				<total>0</total>
				<timestamp>1019.872321</timestamp>
			</report>
			<report>
				<misses>144900000</misses>
				<total>0</total>
				<timestamp>1020.577894</timestamp>
			</report>
			<report>
				<misses>145000000</misses>
				<total>0</total>
				<timestamp>1021.289448</timestamp>
			</report>
			<report>
				<misses>145100000</misses>
				<total>0</total>
				<timestamp>1021.990774</timestamp>
			</report>
			<report>
				<misses>145200000</misses>
				<total>0</total>
				<timestamp>1022.714442</timestamp>
			</report>
			<report>
				<misses>145300000</misses>
				<total>0</total>
				<timestamp>1023.413288</timestamp>
			</report>
			<report>
				<misses>145400000</misses>
				<total>0</total>
				<timestamp>1024.140035</timestamp>
			</report>
			<report>
				<misses>145500000</misses>
				<total>0</total>
				<timestamp>1024.845810</timestamp>
			</report>
			<report>
				<misses>145600000</misses>
				<total>0</total>
				<timestamp>1025.561523</timestamp>
			</report>
			<report>
				<misses>145700000</misses>
				<total>0</total>
				<timestamp>1026.253042</timestamp>
			</report>
			<report>
				<misses>145800000</misses>
				<total>0</total>
				<timestamp>1026.953891</timestamp>
			</report>
			<report>
				<misses>145900000</misses>
				<total>0</total>
				<timestamp>1027.648244</timestamp>
			</report>
			<report>
				<misses>146000000</misses>
				<total>0</total>
				<timestamp>1028.361932</timestamp>
			</report>
			<report>
				<misses>146100000</misses>
				<total>0</total>
				<timestamp>1029.064730</timestamp>
			</report>
			<report>
				<misses>146200000</misses>
				<total>0</total>
				<timestamp>1029.758201</timestamp>
			</report>
			<report>
				<misses>146300000</misses>
				<total>0</total>
				<timestamp>1030.459894</timestamp>
			</report>
			<report>
				<misses>146400000</misses>
				<total>0</total>
				<timestamp>1031.155690</timestamp>
			</report>
			<report>
				<misses>146500000</misses>
				<total>0</total>
				<timestamp>1031.859996</timestamp>
			</report>
			<report>
				<misses>146600000</misses>
				<total>0</total>
				<timestamp>1032.542487</timestamp>
			</report>
			<report>
				<misses>146700000</misses>
				<total>0</total>
				<timestamp>1033.227972</timestamp>
			</report>
			<report>
				<misses>146800000</misses>
				<total>0</total>
				<timestamp>1033.921541</timestamp>
			</report>
			<report>
				<misses>146900000</misses>
				<total>0</total>
				<timestamp>1034.605900</timestamp>
			</report>
			<report>
				<misses>147000000</misses>
				<total>0</total>
				<timestamp>1035.283600</timestamp>
			</report>
			<report>
				<misses>147100000</misses>
				<total>0</total>
				<timestamp>1035.971787</timestamp>
			</report>
			<report>
				<misses>147200000</misses>
				<total>0</total>
				<timestamp>1036.666712</timestamp>
			</report>
			<report>
				<misses>147300000</misses>
				<total>0</total>
				<timestamp>1037.344713</timestamp>
			</report>
			<report>
				<misses>147400000</misses>
				<total>0</total>
				<timestamp>1038.031802</timestamp>
			</report>
			<report>
				<misses>147500000</misses>
				<total>0</total>
				<timestamp>1038.726802</timestamp>
			</report>
			<report>
				<misses>147600000</misses>
				<total>0</total>
				<timestamp>1039.449536</timestamp>
			</report>
			<report>
				<misses>147700000</misses>
				<total>0</total>
				<timestamp>1040.167208</timestamp>
			</report>
			<report>
				<misses>147800000</misses>
				<total>0</total>
				<timestamp>1040.893607</timestamp>
			</report>
			<report>
				<misses>147900000</misses>
				<total>0</total>
				<timestamp>1041.599786</timestamp>
			</report>
			<report>
				<misses>148000000</misses>
				<total>0</total>
				<timestamp>1042.330925</timestamp>
			</report>
			<report>
				<misses>148100000</misses>
				<total>0</total>
				<timestamp>1043.045663</timestamp>
			</report>
			<report>
				<misses>148200000</misses>
				<total>0</total>
				<timestamp>1043.773490</timestamp>
			</report>
			<report>
				<misses>148300000</misses>
				<total>0</total>
				<timestamp>1044.493019</timestamp>
			</report>
			<report>
				<misses>148400000</misses>
				<total>0</total>
				<timestamp>1045.244291</timestamp>
			</report>
			<report>
				<misses>148500000</misses>
				<total>0</total>
				<timestamp>1045.980832</timestamp>
			</report>
			<report>
				<misses>148600000</misses>
				<total>0</total>
				<timestamp>1046.707124</timestamp>
			</report>
			<report>
				<misses>148700000</misses>
				<total>0</total>
				<timestamp>1047.410102</timestamp>
			</report>
			<report>
				<misses>148800000</misses>
				<total>0</total>
				<timestamp>1048.134444</timestamp>
			</report>
			<report>
				<misses>148900000</misses>
				<total>0</total>
				<timestamp>1048.846639</timestamp>
			</report>
			<report>
				<misses>149000000</misses>
				<total>0</total>
				<timestamp>1049.572640</timestamp>
			</report>
			<report>
				<misses>149100000</misses>
				<total>0</total>
				<timestamp>1050.304828</timestamp>
			</report>
			<report>
				<misses>149200000</misses>
				<total>0</total>
				<timestamp>1051.033109</timestamp>
			</report>
			<report>
				<misses>149300000</misses>
				<total>0</total>
				<timestamp>1051.713881</timestamp>
			</report>
			<report>
				<misses>149400000</misses>
				<total>0</total>
				<timestamp>1052.388237</timestamp>
			</report>
			<report>
				<misses>149500000</misses>
				<total>0</total>
				<timestamp>1053.087339</timestamp>
			</report>
			<report>
				<misses>149600000</misses>
				<total>0</total>
				<timestamp>1053.776407</timestamp>
			</report>
			<report>
				<misses>149700000</misses>
				<total>0</total>
				<timestamp>1054.452368</timestamp>
			</report>
			<report>
				<misses>149800000</misses>
				<total>0</total>
				<timestamp>1055.138913</timestamp>
			</report>
			<report>
				<misses>149900000</misses>
				<total>0</total>
				<timestamp>1055.823439</timestamp>
			</report>
			<report>
				<misses>150000000</misses>
				<total>0</total>
				<timestamp>1056.501311</timestamp>
			</report>
			<report>
				<misses>150100000</misses>
				<total>0</total>
				<timestamp>1057.189839</timestamp>
			</report>
			<report>
				<misses>150200000</misses>
				<total>0</total>
				<timestamp>1057.879866</timestamp>
			</report>
			<report>
				<misses>150300000</misses>
				<total>0</total>
				<timestamp>1058.568054</timestamp>
			</report>
			<report>
				<misses>150400000</misses>
				<total>0</total>
				<timestamp>1059.268570</timestamp>
			</report>
			<report>
				<misses>150500000</misses>
				<total>0</total>
				<timestamp>1060.002958</timestamp>
			</report>
			<report>
				<misses>150600000</misses>
				<total>0</total>
				<timestamp>1060.708624</timestamp>
			</report>
			<report>
				<misses>150700000</misses>
				<total>0</total>
				<timestamp>1061.427448</timestamp>
			</report>
			<report>
				<misses>150800000</misses>
				<total>0</total>
				<timestamp>1062.153037</timestamp>
			</report>
			<report>
				<misses>150900000</misses>
				<total>0</total>
				<timestamp>1062.848298</timestamp>
			</report>
			<report>
				<misses>151000000</misses>
				<total>0</total>
				<timestamp>1063.552253</timestamp>
			</report>
			<report>
				<misses>151100000</misses>
				<total>0</total>
				<timestamp>1064.279249</timestamp>
			</report>
			<report>
				<misses>151200000</misses>
				<total>0</total>
				<timestamp>1065.000282</timestamp>
			</report>
			<report>
				<misses>151300000</misses>
				<total>0</total>
				<timestamp>1065.709573</timestamp>
			</report>
			<report>
				<misses>151400000</misses>
				<total>0</total>
				<timestamp>1066.428607</timestamp>
			</report>
			<report>
				<misses>151500000</misses>
				<total>0</total>
				<timestamp>1067.141799</timestamp>
			</report>
			<report>
				<misses>151600000</misses>
				<total>0</total>
				<timestamp>1067.831074</timestamp>
			</report>
			<report>
				<misses>151700000</misses>
				<total>0</total>
				<timestamp>1068.518836</timestamp>
			</report>
			<report>
				<misses>151800000</misses>
				<total>0</total>
				<timestamp>1069.193044</timestamp>
			</report>
			<report>
				<misses>151900000</misses>
				<total>0</total>
				<timestamp>1069.865938</timestamp>
			</report>
			<report>
				<misses>152000000</misses>
				<total>0</total>
				<timestamp>1070.540259</timestamp>
			</report>
			<report>
				<misses>152100000</misses>
				<total>0</total>
				<timestamp>1071.230390</timestamp>
			</report>
			<report>
				<misses>152200000</misses>
				<total>0</total>
				<timestamp>1071.940207</timestamp>
			</report>
			<report>
				<misses>152300000</misses>
				<total>0</total>
				<timestamp>1072.622637</timestamp>
			</report>
			<report>
				<misses>152400000</misses>
				<total>0</total>
				<timestamp>1073.308477</timestamp>
			</report>
			<report>
				<misses>152500000</misses>
				<total>0</total>
				<timestamp>1073.999618</timestamp>
			</report>
			<report>
				<misses>152600000</misses>
				<total>0</total>
				<timestamp>1074.743262</timestamp>
			</report>
			<report>
				<misses>152700000</misses>
				<total>0</total>
				<timestamp>1075.468174</timestamp>
			</report>
			<report>
				<misses>152800000</misses>
				<total>0</total>
				<timestamp>1076.164325</timestamp>
			</report>
			<report>
				<misses>152900000</misses>
				<total>0</total>
				<timestamp>1076.869852</timestamp>
			</report>
			<report>
				<misses>153000000</misses>
				<total>0</total>
				<timestamp>1077.558761</timestamp>
			</report>
			<report>
				<misses>153100000</misses>
				<total>0</total>
				<timestamp>1078.280461</timestamp>
			</report>
			<report>
				<misses>153200000</misses>
				<total>0</total>
				<timestamp>1078.987830</timestamp>
			</report>
			<report>
				<misses>153300000</misses>
				<total>0</total>
				<timestamp>1079.680877</timestamp>
			</report>
			<report>
				<misses>153400000</misses>
				<total>0</total>
				<timestamp>1080.381515</timestamp>
			</report>
			<report>
				<misses>153500000</misses>
				<total>0</total>
				<timestamp>1081.091350</timestamp>
			</report>
			<report>
				<misses>153600000</misses>
				<total>0</total>
				<timestamp>1081.799889</timestamp>
			</report>
			<report>
				<misses>153700000</misses>
				<total>0</total>
				<timestamp>1082.532651</timestamp>
			</report>
			<report>
				<misses>153800000</misses>
				<total>0</total>
				<timestamp>1083.242572</timestamp>
			</report>
			<report>
				<misses>153900000</misses>
				<total>0</total>
				<timestamp>1083.928986</timestamp>
			</report>
			<report>
				<misses>154000000</misses>
				<total>0</total>
				<timestamp>1084.622851</timestamp>
			</report>
			<report>
				<misses>154100000</misses>
				<total>0</total>
				<timestamp>1085.311008</timestamp>
			</report>
			<report>
				<misses>154200000</misses>
				<total>0</total>
				<timestamp>1086.019403</timestamp>
			</report>
			<report>
				<misses>154300000</misses>
				<total>0</total>
				<timestamp>1086.697351</timestamp>
			</report>
			<report>
				<misses>154400000</misses>
				<total>0</total>
				<timestamp>1087.383122</timestamp>
			</report>
			<report>
				<misses>154500000</misses>
				<total>0</total>
				<timestamp>1088.066170</timestamp>
			</report>
			<report>
				<misses>154600000</misses>
				<total>0</total>
				<timestamp>1088.754250</timestamp>
			</report>
			<report>
				<misses>154700000</misses>
				<total>0</total>
				<timestamp>1089.456128</timestamp>
			</report>
			<report>
				<misses>154800000</misses>
				<total>0</total>
				<timestamp>1090.142492</timestamp>
			</report>
			<report>
				<misses>154900000</misses>
				<total>0</total>
				<timestamp>1090.861079</timestamp>
			</report>
			<report>
				<misses>155000000</misses>
				<total>0</total>
				<timestamp>1091.589306</timestamp>
			</report>
			<report>
				<misses>155100000</misses>
				<total>0</total>
				<timestamp>1092.333767</timestamp>
			</report>
			<report>
				<misses>155200000</misses>
				<total>0</total>
				<timestamp>1093.048133</timestamp>
			</report>
			<report>
				<misses>155300000</misses>
				<total>0</total>
				<timestamp>1093.780290</timestamp>
			</report>
			<report>
				<misses>155400000</misses>
				<total>0</total>
				<timestamp>1094.522882</timestamp>
			</report>
			<report>
				<misses>155500000</misses>
				<total>0</total>
				<timestamp>1095.218219</timestamp>
			</report>
			<report>
				<misses>155600000</misses>
				<total>0</total>
				<timestamp>1095.929422</timestamp>
			</report>
			<report>
				<misses>155700000</misses>
				<total>0</total>
				<timestamp>1096.631869</timestamp>
			</report>
			<report>
				<misses>155800000</misses>
				<total>0</total>
				<timestamp>1097.359138</timestamp>
			</report>
			<report>
				<misses>155900000</misses>
				<total>0</total>
				<timestamp>1098.072112</timestamp>
			</report>
			<report>
				<misses>156000000</misses>
				<total>0</total>
				<timestamp>1098.773004</timestamp>
			</report>
			<report>
				<misses>156100000</misses>
				<total>0</total>
				<timestamp>1099.500762</timestamp>
			</report>
			<report>
				<misses>156200000</misses>
				<total>0</total>
				<timestamp>1100.221014</timestamp>
			</report>
			<report>
				<misses>156300000</misses>
				<total>0</total>
				<timestamp>1100.973367</timestamp>
			</report>
			<report>
				<misses>156400000</misses>
				<total>0</total>
				<timestamp>1101.690421</timestamp>
			</report>
			<report>
				<misses>156500000</misses>
				<total>0</total>
				<timestamp>1102.416919</timestamp>
			</report>
			<report>
				<misses>156600000</misses>
				<total>0</total>
				<timestamp>1103.145522</timestamp>
			</report>
			<report>
				<misses>156700000</misses>
				<total>0</total>
				<timestamp>1103.848915</timestamp>
			</report>
			<report>
				<misses>156800000</misses>
				<total>0</total>
				<timestamp>1104.559417</timestamp>
			</report>
			<report>
				<misses>156900000</misses>
				<total>0</total>
				<timestamp>1105.277158</timestamp>
			</report>
			<report>
				<misses>157000000</misses>
				<total>0</total>
				<timestamp>1106.004793</timestamp>
			</report>
			<report>
				<misses>157100000</misses>
				<total>0</total>
				<timestamp>1106.714189</timestamp>
			</report>
			<report>
				<misses>157200000</misses>
				<total>0</total>
				<timestamp>1107.421085</timestamp>
			</report>
			<report>
				<misses>157300000</misses>
				<total>0</total>
				<timestamp>1108.165814</timestamp>
			</report>
			<report>
				<misses>157400000</misses>
				<total>0</total>
				<timestamp>1108.859310</timestamp>
			</report>
			<report>
				<misses>157500000</misses>
				<total>0</total>
				<timestamp>1109.551349</timestamp>
			</report>
			<report>
				<misses>157600000</misses>
				<total>0</total>
				<timestamp>1110.235108</timestamp>
			</report>
			<report>
				<misses>157700000</misses>
				<total>0</total>
				<timestamp>1110.932133</timestamp>
			</report>
			<report>
				<misses>157800000</misses>
				<total>0</total>
				<timestamp>1111.617865</timestamp>
			</report>
			<report>
				<misses>157900000</misses>
				<total>0</total>
				<timestamp>1112.294813</timestamp>
			</report>
			<report>
				<misses>158000000</misses>
				<total>0</total>
				<timestamp>1112.972074</timestamp>
			</report>
			<report>
				<misses>158100000</misses>
				<total>0</total>
				<timestamp>1113.664835</timestamp>
			</report>
			<report>
				<misses>158200000</misses>
				<total>0</total>
				<timestamp>1114.352252</timestamp>
			</report>
			<report>
				<misses>158300000</misses>
				<total>0</total>
				<timestamp>1115.054866</timestamp>
			</report>
			<report>
				<misses>158400000</misses>
				<total>0</total>
				<timestamp>1115.742235</timestamp>
			</report>
			<report>
				<misses>158500000</misses>
				<total>0</total>
				<timestamp>1116.454262</timestamp>
			</report>
			<report>
				<misses>158600000</misses>
				<total>0</total>
				<timestamp>1117.173639</timestamp>
			</report>
			<report>
				<misses>158700000</misses>
				<total>0</total>
				<timestamp>1117.865901</timestamp>
			</report>
			<report>
				<misses>158800000</misses>
				<total>0</total>
				<timestamp>1118.566305</timestamp>
			</report>
			<report>
				<misses>158900000</misses>
				<total>0</total>
				<timestamp>1119.252287</timestamp>
			</report>
			<report>
				<misses>159000000</misses>
				<total>0</total>
				<timestamp>1119.935585</timestamp>
			</report>
			<report>
				<misses>159100000</misses>
				<total>0</total>
				<timestamp>1120.640072</timestamp>
			</report>
			<report>
				<misses>159200000</misses>
				<total>0</total>
				<timestamp>1121.373652</timestamp>
			</report>
			<report>
				<misses>159300000</misses>
				<total>0</total>
				<timestamp>1122.092000</timestamp>
			</report>
			<report>
				<misses>159400000</misses>
				<total>0</total>
				<timestamp>1122.807286</timestamp>
			</report>
			<report>
				<misses>159500000</misses>
				<total>0</total>
				<timestamp>1123.515240</timestamp>
			</report>
			<report>
				<misses>159600000</misses>
				<total>0</total>
				<timestamp>1124.271695</timestamp>
			</report>
			<report>
				<misses>159700000</misses>
				<total>0</total>
				<timestamp>1125.034861</timestamp>
			</report>
			<report>
				<misses>159800000</misses>
				<total>0</total>
				<timestamp>1125.761617</timestamp>
			</report>
			<report>
				<misses>159900000</misses>
				<total>0</total>
				<timestamp>1126.515957</timestamp>
			</report>
			<report>
				<misses>160000000</misses>
				<total>0</total>
				<timestamp>1127.214351</timestamp>
			</report>
			<report>
				<misses>160100000</misses>
				<total>0</total>
				<timestamp>1127.930053</timestamp>
			</report>
			<report>
				<misses>160200000</misses>
				<total>0</total>
				<timestamp>1128.623268</timestamp>
			</report>
			<report>
				<misses>160300000</misses>
				<total>0</total>
				<timestamp>1129.357440</timestamp>
			</report>
			<report>
				<misses>160400000</misses>
				<total>0</total>
				<timestamp>1130.053213</timestamp>
			</report>
			<report>
				<misses>160500000</misses>
				<total>0</total>
				<timestamp>1130.777137</timestamp>
			</report>
			<report>
				<misses>160600000</misses>
				<total>0</total>
				<timestamp>1131.467987</timestamp>
			</report>
			<report>
				<misses>160700000</misses>
				<total>0</total>
				<timestamp>1132.167105</timestamp>
			</report>
			<report>
				<misses>160800000</misses>
				<total>0</total>
				<timestamp>1132.856586</timestamp>
			</report>
			<report>
				<misses>160900000</misses>
				<total>0</total>
				<timestamp>1133.548334</timestamp>
			</report>
			<report>
				<misses>161000000</misses>
				<total>0</total>
				<timestamp>1134.240434</timestamp>
			</report>
			<report>
				<misses>161100000</misses>
				<total>0</total>
				<timestamp>1134.935217</timestamp>
			</report>
			<report>
				<misses>161200000</misses>
				<total>0</total>
				<timestamp>1135.621160</timestamp>
			</report>
			<report>
				<misses>161300000</misses>
				<total>0</total>
				<timestamp>1136.307770</timestamp>
			</report>
			<report>
				<misses>161400000</misses>
				<total>0</total>
				<timestamp>1136.999346</timestamp>
			</report>
			<report>
				<misses>161500000</misses>
				<total>0</total>
				<timestamp>1137.695872</timestamp>
			</report>
			<report>
				<misses>161600000</misses>
				<total>0</total>
				<timestamp>1138.398125</timestamp>
			</report>
			<report>
				<misses>161700000</misses>
				<total>0</total>
				<timestamp>1139.133970</timestamp>
			</report>
			<report>
				<misses>161800000</misses>
				<total>0</total>
				<timestamp>1139.860107</timestamp>
			</report>
			<report>
				<misses>161900000</misses>
				<total>0</total>
				<timestamp>1140.567769</timestamp>
			</report>
			<report>
				<misses>162000000</misses>
				<total>0</total>
				<timestamp>1141.285685</timestamp>
			</report>
			<report>
				<misses>162100000</misses>
				<total>0</total>
				<timestamp>1141.987398</timestamp>
			</report>
			<report>
				<misses>162200000</misses>
				<total>0</total>
				<timestamp>1142.710484</timestamp>
			</report>
			<report>
				<misses>162300000</misses>
				<total>0</total>
				<timestamp>1143.417650</timestamp>
			</report>
			<report>
				<misses>162400000</misses>
				<total>0</total>
				<timestamp>1144.138167</timestamp>
			</report>
			<report>
				<misses>162500000</misses>
				<total>0</total>
				<timestamp>1144.841956</timestamp>
			</report>
			<report>
				<misses>162600000</misses>
				<total>0</total>
				<timestamp>1145.608965</timestamp>
			</report>
			<report>
				<misses>162700000</misses>
				<total>0</total>
				<timestamp>1146.340465</timestamp>
			</report>
			<report>
				<misses>162800000</misses>
				<total>0</total>
				<timestamp>1147.064889</timestamp>
			</report>
			<report>
				<misses>162900000</misses>
				<total>0</total>
				<timestamp>1147.767204</timestamp>
			</report>
			<report>
				<misses>163000000</misses>
				<total>0</total>
				<timestamp>1148.465282</timestamp>
			</report>
			<report>
				<misses>163100000</misses>
				<total>0</total>
				<timestamp>1149.141862</timestamp>
			</report>
			<report>
				<misses>163200000</misses>
				<total>0</total>
				<timestamp>1149.829561</timestamp>
			</report>
			<report>
				<misses>163300000</misses>
				<total>0</total>
				<timestamp>1150.524376</timestamp>
			</report>
			<report>
				<misses>163400000</misses>
				<total>0</total>
				<timestamp>1151.211224</timestamp>
			</report>
			<report>
				<misses>163500000</misses>
				<total>0</total>
				<timestamp>1151.926578</timestamp>
			</report>
			<report>
				<misses>163600000</misses>
				<total>0</total>
				<timestamp>1152.604275</timestamp>
			</report>
			<report>
				<misses>163700000</misses>
				<total>0</total>
				<timestamp>1153.295789</timestamp>
			</report>
			<report>
				<misses>163800000</misses>
				<total>0</total>
				<timestamp>1153.972543</timestamp>
			</report>
			<report>
				<misses>163900000</misses>
				<total>0</total>
				<timestamp>1154.723034</timestamp>
			</report>
			<report>
				<misses>164000000</misses>
				<total>0</total>
				<timestamp>1155.439841</timestamp>
			</report>
			<report>
				<misses>164100000</misses>
				<total>0</total>
				<timestamp>1156.172903</timestamp>
			</report>
			<report>
				<misses>164200000</misses>
				<total>0</total>
				<timestamp>1156.903468</timestamp>
			</report>
			<report>
				<misses>164300000</misses>
				<total>0</total>
				<timestamp>1157.631952</timestamp>
			</report>
			<report>
				<misses>164400000</misses>
				<total>0</total>
				<timestamp>1158.355898</timestamp>
			</report>
			<report>
				<misses>164500000</misses>
				<total>0</total>
				<timestamp>1159.061862</timestamp>
			</report>
			<report>
				<misses>164600000</misses>
				<total>0</total>
				<timestamp>1159.774584</timestamp>
			</report>
			<report>
				<misses>164700000</misses>
				<total>0</total>
				<timestamp>1160.482287</timestamp>
			</report>
			<report>
				<misses>164800000</misses>
				<total>0</total>
				<timestamp>1161.206099</timestamp>
			</report>
			<report>
				<misses>164900000</misses>
				<total>0</total>
				<timestamp>1161.911907</timestamp>
			</report>
			<report>
				<misses>165000000</misses>
				<total>0</total>
				<timestamp>1162.632594</timestamp>
			</report>
			<report>
				<misses>165100000</misses>
				<total>0</total>
				<timestamp>1163.341228</timestamp>
			</report>
			<report>
				<misses>165200000</misses>
				<total>0</total>
				<timestamp>1164.037200</timestamp>
			</report>
			<report>
				<misses>165300000</misses>
				<total>0</total>
				<timestamp>1164.721514</timestamp>
			</report>
			<report>
				<misses>165400000</misses>
				<total>0</total>
				<timestamp>1165.404630</timestamp>
			</report>
			<report>
				<misses>165500000</misses>
				<total>0</total>
				<timestamp>1166.099342</timestamp>
			</report>
			<report>
				<misses>165600000</misses>
				<total>0</total>
				<timestamp>1166.796103</timestamp>
			</report>
			<report>
				<misses>165700000</misses>
				<total>0</total>
				<timestamp>1167.494242</timestamp>
			</report>
			<report>
				<misses>165800000</misses>
				<total>0</total>
				<timestamp>1168.193749</timestamp>
			</report>
			<report>
				<misses>165900000</misses>
				<total>0</total>
				<timestamp>1168.897447</timestamp>
			</report>
			<report>
				<misses>166000000</misses>
				<total>0</total>
				<timestamp>1169.594827</timestamp>
			</report>
			<report>
				<misses>166100000</misses>
				<total>0</total>
				<timestamp>1170.297595</timestamp>
			</report>
			<report>
				<misses>166200000</misses>
				<total>0</total>
				<timestamp>1171.037426</timestamp>
			</report>
			<report>
				<misses>166300000</misses>
				<total>0</total>
				<timestamp>1171.789299</timestamp>
			</report>
			<report>
				<misses>166400000</misses>
				<total>0</total>
				<timestamp>1172.496809</timestamp>
			</report>
			<report>
				<misses>166500000</misses>
				<total>0</total>
				<timestamp>1173.189695</timestamp>
			</report>
			<report>
				<misses>166600000</misses>
				<total>0</total>
				<timestamp>1173.899035</timestamp>
			</report>
			<report>
				<misses>166700000</misses>
				<total>0</total>
				<timestamp>1174.614745</timestamp>
			</report>
			<report>
				<misses>166800000</misses>
				<total>0</total>
				<timestamp>1175.337691</timestamp>
			</report>
			<report>
				<misses>166900000</misses>
				<total>0</total>
				<timestamp>1176.054552</timestamp>
			</report>
			<report>
				<misses>167000000</misses>
				<total>0</total>
				<timestamp>1176.768791</timestamp>
			</report>
			<report>
				<misses>167100000</misses>
				<total>0</total>
				<timestamp>1177.464611</timestamp>
			</report>
			<report>
				<misses>167200000</misses>
				<total>0</total>
				<timestamp>1178.182026</timestamp>
			</report>
			<report>
				<misses>167300000</misses>
				<total>0</total>
				<timestamp>1178.908795</timestamp>
			</report>
			<report>
				<misses>167400000</misses>
				<total>0</total>
				<timestamp>1179.628341</timestamp>
			</report>
			<report>
				<misses>167500000</misses>
				<total>0</total>
				<timestamp>1180.343446</timestamp>
			</report>
			<report>
				<misses>167600000</misses>
				<total>0</total>
				<timestamp>1181.065551</timestamp>
			</report>
			<report>
				<misses>167700000</misses>
				<total>0</total>
				<timestamp>1181.744673</timestamp>
			</report>
			<report>
				<misses>167800000</misses>
				<total>0</total>
				<timestamp>1182.441515</timestamp>
			</report>
			<report>
				<misses>167900000</misses>
				<total>0</total>
				<timestamp>1183.131280</timestamp>
			</report>
			<report>
				<misses>168000000</misses>
				<total>0</total>
				<timestamp>1183.826601</timestamp>
			</report>
			<report>
				<misses>168100000</misses>
				<total>0</total>
				<timestamp>1184.536368</timestamp>
			</report>
			<report>
				<misses>168200000</misses>
				<total>0</total>
				<timestamp>1185.225510</timestamp>
			</report>
			<report>
				<misses>168300000</misses>
				<total>0</total>
				<timestamp>1185.915680</timestamp>
			</report>
			<report>
				<misses>168400000</misses>
				<total>0</total>
				<timestamp>1186.616169</timestamp>
			</report>
			<report>
				<misses>168500000</misses>
				<total>0</total>
				<timestamp>1187.304130</timestamp>
			</report>
			<report>
				<misses>168600000</misses>
				<total>0</total>
				<timestamp>1187.980919</timestamp>
			</report>
			<report>
				<misses>168700000</misses>
				<total>0</total>
				<timestamp>1188.687578</timestamp>
			</report>
			<report>
				<misses>168800000</misses>
				<total>0</total>
				<timestamp>1189.444356</timestamp>
			</report>
			<report>
				<misses>168900000</misses>
				<total>0</total>
				<timestamp>1190.151431</timestamp>
			</report>
			<report>
				<misses>169000000</misses>
				<total>0</total>
				<timestamp>1190.862065</timestamp>
			</report>
			<report>
				<misses>169100000</misses>
				<total>0</total>
				<timestamp>1191.569750</timestamp>
			</report>
			<report>
				<misses>169200000</misses>
				<total>0</total>
				<timestamp>1192.298577</timestamp>
			</report>
			<report>
				<misses>169300000</misses>
				<total>0</total>
				<timestamp>1192.998221</timestamp>
			</report>
			<report>
				<misses>169400000</misses>
				<total>0</total>
				<timestamp>1193.707372</timestamp>
			</report>
			<report>
				<misses>169500000</misses>
				<total>0</total>
				<timestamp>1194.435339</timestamp>
			</report>
			<report>
				<misses>169600000</misses>
				<total>0</total>
				<timestamp>1195.147716</timestamp>
			</report>
			<report>
				<misses>169700000</misses>
				<total>0</total>
				<timestamp>1195.849127</timestamp>
			</report>
			<report>
				<misses>169800000</misses>
				<total>0</total>
				<timestamp>1196.562114</timestamp>
			</report>
			<report>
				<misses>169900000</misses>
				<total>0</total>
				<timestamp>1197.266244</timestamp>
			</report>
			<report>
				<misses>170000000</misses>
				<total>0</total>
				<timestamp>1197.993328</timestamp>
			</report>
			<report>
				<misses>170100000</misses>
				<total>0</total>
				<timestamp>1198.705592</timestamp>
			</report>
			<report>
				<misses>170200000</misses>
				<total>0</total>
				<timestamp>1199.394089</timestamp>
			</report>
			<report>
				<misses>170300000</misses>
				<total>0</total>
				<timestamp>1200.077349</timestamp>
			</report>
			<report>
				<misses>170400000</misses>
				<total>0</total>
				<timestamp>1200.761597</timestamp>
			</report>
			<report>
				<misses>170500000</misses>
				<total>0</total>
				<timestamp>1201.432038</timestamp>
			</report>
			<report>
				<misses>170600000</misses>
				<total>0</total>
				<timestamp>1202.107768</timestamp>
			</report>
			<report>
				<misses>170700000</misses>
				<total>0</total>
				<timestamp>1202.800495</timestamp>
			</report>
			<report>
				<misses>170800000</misses>
				<total>0</total>
				<timestamp>1203.488098</timestamp>
			</report>
			<report>
				<misses>170900000</misses>
				<total>0</total>
				<timestamp>1204.177212</timestamp>
			</report>
			<report>
				<misses>171000000</misses>
				<total>0</total>
				<timestamp>1204.861465</timestamp>
			</report>
			<report>
				<misses>171100000</misses>
				<total>0</total>
				<timestamp>1205.577191</timestamp>
			</report>
			<report>
				<misses>171200000</misses>
				<total>0</total>
				<timestamp>1206.279171</timestamp>
			</report>
			<report>
				<misses>171300000</misses>
				<total>0</total>
				<timestamp>1206.998170</timestamp>
			</report>
			<report>
				<misses>171400000</misses>
				<total>0</total>
				<timestamp>1207.694640</timestamp>
			</report>
			<report>
				<misses>171500000</misses>
				<total>0</total>
				<timestamp>1208.402680</timestamp>
			</report>
			<report>
				<misses>171600000</misses>
				<total>0</total>
				<timestamp>1209.118162</timestamp>
			</report>
			<report>
				<misses>171700000</misses>
				<total>0</total>
				<timestamp>1209.817274</timestamp>
			</report>
			<report>
				<misses>171800000</misses>
				<total>0</total>
				<timestamp>1210.540993</timestamp>
			</report>
			<report>
				<misses>171900000</misses>
				<total>0</total>
				<timestamp>1211.242480</timestamp>
			</report>
			<report>
				<misses>172000000</misses>
				<total>0</total>
				<timestamp>1211.963159</timestamp>
			</report>
			<report>
				<misses>172100000</misses>
				<total>0</total>
				<timestamp>1212.682212</timestamp>
			</report>
			<report>
				<misses>172200000</misses>
				<total>0</total>
				<timestamp>1213.412677</timestamp>
			</report>
			<report>
				<misses>172300000</misses>
				<total>0</total>
				<timestamp>1214.105178</timestamp>
			</report>
			<report>
				<misses>172400000</misses>
				<total>0</total>
				<timestamp>1214.834581</timestamp>
			</report>
			<report>
				<misses>172500000</misses>
				<total>0</total>
				<timestamp>1215.510474</timestamp>
			</report>
			<report>
				<misses>172600000</misses>
				<total>0</total>
				<timestamp>1216.185442</timestamp>
			</report>
			<report>
				<misses>172700000</misses>
				<total>0</total>
				<timestamp>1216.857953</timestamp>
			</report>
			<report>
				<misses>172800000</misses>
				<total>0</total>
				<timestamp>1217.523188</timestamp>
			</report>
			<report>
				<misses>172900000</misses>
				<total>0</total>
				<timestamp>1218.212106</timestamp>
			</report>
			<report>
				<misses>173000000</misses>
				<total>0</total>
				<timestamp>1218.891365</timestamp>
			</report>
			<report>
				<misses>173100000</misses>
				<total>0</total>
				<timestamp>1219.582713</timestamp>
			</report>
			<report>
				<misses>173200000</misses>
				<total>0</total>
				<timestamp>1220.276733</timestamp>
			</report>
			<report>
				<misses>173300000</misses>
				<total>0</total>
				<timestamp>1220.961535</timestamp>
			</report>
			<report>
				<misses>173400000</misses>
				<total>0</total>
				<timestamp>1221.634621</timestamp>
			</report>
			<report>
				<misses>173500000</misses>
				<total>0</total>
				<timestamp>1222.346323</timestamp>
			</report>
			<report>
				<misses>173600000</misses>
				<total>0</total>
				<timestamp>1223.084075</timestamp>
			</report>
			<report>
				<misses>173700000</misses>
				<total>0</total>
				<timestamp>1223.833322</timestamp>
			</report>
			<report>
				<misses>173800000</misses>
				<total>0</total>
				<timestamp>1224.573591</timestamp>
			</report>
			<report>
				<misses>173900000</misses>
				<total>0</total>
				<timestamp>1225.302923</timestamp>
			</report>
			<report>
				<misses>174000000</misses>
				<total>0</total>
				<timestamp>1226.029265</timestamp>
			</report>
			<report>
				<misses>174100000</misses>
				<total>0</total>
				<timestamp>1226.765334</timestamp>
			</report>
			<report>
				<misses>174200000</misses>
				<total>0</total>
				<timestamp>1227.475061</timestamp>
			</report>
			<report>
				<misses>174300000</misses>
				<total>0</total>
				<timestamp>1228.189547</timestamp>
			</report>
			<report>
				<misses>174400000</misses>
				<total>0</total>
				<timestamp>1228.919562</timestamp>
			</report>
			<report>
				<misses>174500000</misses>
				<total>0</total>
				<timestamp>1229.662153</timestamp>
			</report>
			<report>
				<misses>174600000</misses>
				<total>0</total>
				<timestamp>1230.382778</timestamp>
			</report>
			<report>
				<misses>174700000</misses>
				<total>0</total>
				<timestamp>1231.100841</timestamp>
			</report>
			<report>
				<misses>174800000</misses>
				<total>0</total>
				<timestamp>1231.853059</timestamp>
			</report>
			<report>
				<misses>174900000</misses>
				<total>0</total>
				<timestamp>1232.577474</timestamp>
			</report>
			<report>
				<misses>175000000</misses>
				<total>0</total>
				<timestamp>1233.298764</timestamp>
			</report>
			<report>
				<misses>175100000</misses>
				<total>0</total>
				<timestamp>1234.033123</timestamp>
			</report>
			<report>
				<misses>175200000</misses>
				<total>0</total>
				<timestamp>1234.732152</timestamp>
			</report>
			<report>
				<misses>175300000</misses>
				<total>0</total>
				<timestamp>1235.422286</timestamp>
			</report>
			<report>
				<misses>175400000</misses>
				<total>0</total>
				<timestamp>1236.122887</timestamp>
			</report>
			<report>
				<misses>175500000</misses>
				<total>0</total>
				<timestamp>1236.809732</timestamp>
			</report>
			<report>
				<misses>175600000</misses>
				<total>0</total>
				<timestamp>1237.486743</timestamp>
			</report>
			<report>
				<misses>175700000</misses>
				<total>0</total>
				<timestamp>1238.174070</timestamp>
			</report>
			<report>
				<misses>175800000</misses>
				<total>0</total>
				<timestamp>1238.873193</timestamp>
			</report>
			<report>
				<misses>175900000</misses>
				<total>0</total>
				<timestamp>1239.553224</timestamp>
			</report>
			<report>
				<misses>176000000</misses>
				<total>0</total>
				<timestamp>1240.247431</timestamp>
			</report>
			<report>
				<misses>176100000</misses>
				<total>0</total>
				<timestamp>1240.937872</timestamp>
			</report>
			<report>
				<misses>176200000</misses>
				<total>0</total>
				<timestamp>1241.647675</timestamp>
			</report>
			<report>
				<misses>176300000</misses>
				<total>0</total>
				<timestamp>1242.376876</timestamp>
			</report>
			<report>
				<misses>176400000</misses>
				<total>0</total>
				<timestamp>1243.077516</timestamp>
			</report>
			<report>
				<misses>176500000</misses>
				<total>0</total>
				<timestamp>1243.778465</timestamp>
			</report>
			<report>
				<misses>176600000</misses>
				<total>0</total>
				<timestamp>1244.476222</timestamp>
			</report>
			<report>
				<misses>176700000</misses>
				<total>0</total>
				<timestamp>1245.159009</timestamp>
			</report>
			<report>
				<misses>176800000</misses>
				<total>0</total>
				<timestamp>1245.875283</timestamp>
			</report>
			<report>
				<misses>176900000</misses>
				<total>0</total>
				<timestamp>1246.586635</timestamp>
			</report>
			<report>
				<misses>177000000</misses>
				<total>0</total>
				<timestamp>1247.284666</timestamp>
			</report>
			<report>
				<misses>177100000</misses>
				<total>0</total>
				<timestamp>1247.994565</timestamp>
			</report>
			<report>
				<misses>177200000</misses>
				<total>0</total>
				<timestamp>1248.682767</timestamp>
			</report>
			<report>
				<misses>177300000</misses>
				<total>0</total>
				<timestamp>1249.396787</timestamp>
			</report>
			<report>
				<misses>177400000</misses>
				<total>0</total>
				<timestamp>1250.107508</timestamp>
			</report>
			<report>
				<misses>177500000</misses>
				<total>0</total>
				<timestamp>1250.813762</timestamp>
			</report>
			<report>
				<misses>177600000</misses>
				<total>0</total>
				<timestamp>1251.493333</timestamp>
			</report>
			<report>
				<misses>177700000</misses>
				<total>0</total>
				<timestamp>1252.195594</timestamp>
			</report>
			<report>
				<misses>177800000</misses>
				<total>0</total>
				<timestamp>1252.881065</timestamp>
			</report>
			<report>
				<misses>177900000</misses>
				<total>0</total>
				<timestamp>1253.563548</timestamp>
			</report>
			<report>
				<misses>178000000</misses>
				<total>0</total>
				<timestamp>1254.237544</timestamp>
			</report>
			<report>
				<misses>178100000</misses>
				<total>0</total>
				<timestamp>1254.919116</timestamp>
			</report>
			<report>
				<misses>178200000</misses>
				<total>0</total>
				<timestamp>1255.607945</timestamp>
			</report>
			<report>
				<misses>178300000</misses>
				<total>0</total>
				<timestamp>1256.288412</timestamp>
			</report>
			<report>
				<misses>178400000</misses>
				<total>0</total>
				<timestamp>1256.970055</timestamp>
			</report>
			<report>
				<misses>178500000</misses>
				<total>0</total>
				<timestamp>1257.641536</timestamp>
			</report>
			<report>
				<misses>178600000</misses>
				<total>0</total>
				<timestamp>1258.344531</timestamp>
			</report>
			<report>
				<misses>178700000</misses>
				<total>0</total>
				<timestamp>1259.068081</timestamp>
			</report>
			<report>
				<misses>178800000</misses>
				<total>0</total>
				<timestamp>1259.786883</timestamp>
			</report>
			<report>
				<misses>178900000</misses>
				<total>0</total>
				<timestamp>1260.504072</timestamp>
			</report>
			<report>
				<misses>179000000</misses>
				<total>0</total>
				<timestamp>1261.212765</timestamp>
			</report>
			<report>
				<misses>179100000</misses>
				<total>0</total>
				<timestamp>1261.906862</timestamp>
			</report>
			<report>
				<misses>179200000</misses>
				<total>0</total>
				<timestamp>1262.602688</timestamp>
			</report>
			<report>
				<misses>179300000</misses>
				<total>0</total>
				<timestamp>1263.295802</timestamp>
			</report>
			<report>
				<misses>179400000</misses>
				<total>0</total>
				<timestamp>1263.996370</timestamp>
			</report>
			<report>
				<misses>179500000</misses>
				<total>0</total>
				<timestamp>1264.764629</timestamp>
			</report>
			<report>
				<misses>179600000</misses>
				<total>0</total>
				<timestamp>1265.485291</timestamp>
			</report>
			<report>
				<misses>179700000</misses>
				<total>0</total>
				<timestamp>1266.252340</timestamp>
			</report>
			<report>
				<misses>179800000</misses>
				<total>0</total>
				<timestamp>1266.984350</timestamp>
			</report>
			<report>
				<misses>179900000</misses>
				<total>0</total>
				<timestamp>1267.699240</timestamp>
			</report>
			<report>
				<misses>180000000</misses>
				<total>0</total>
				<timestamp>1268.437417</timestamp>
			</report>
			<report>
				<misses>180100000</misses>
				<total>0</total>
				<timestamp>1269.185572</timestamp>
			</report>
			<report>
				<misses>180200000</misses>
				<total>0</total>
				<timestamp>1269.912565</timestamp>
			</report>
			<report>
				<misses>180300000</misses>
				<total>0</total>
				<timestamp>1270.642047</timestamp>
			</report>
			<report>
				<misses>180400000</misses>
				<total>0</total>
				<timestamp>1271.372516</timestamp>
			</report>
			<report>
				<misses>180500000</misses>
				<total>0</total>
				<timestamp>1272.104915</timestamp>
			</report>
			<report>
				<misses>180600000</misses>
				<total>0</total>
				<timestamp>1272.852777</timestamp>
			</report>
			<report>
				<misses>180700000</misses>
				<total>0</total>
				<timestamp>1273.565314</timestamp>
			</report>
			<report>
				<misses>180800000</misses>
				<total>0</total>
				<timestamp>1274.261296</timestamp>
			</report>
			<report>
				<misses>180900000</misses>
				<total>0</total>
				<timestamp>1274.963216</timestamp>
			</report>
			<report>
				<misses>181000000</misses>
				<total>0</total>
				<timestamp>1275.644284</timestamp>
			</report>
			<report>
				<misses>181100000</misses>
				<total>0</total>
				<timestamp>1276.341750</timestamp>
			</report>
			<report>
				<misses>181200000</misses>
				<total>0</total>
				<timestamp>1277.038015</timestamp>
			</report>
			<report>
				<misses>181300000</misses>
				<total>0</total>
				<timestamp>1277.732642</timestamp>
			</report>
			<report>
				<misses>181400000</misses>
				<total>0</total>
				<timestamp>1278.426155</timestamp>
			</report>
			<report>
				<misses>181500000</misses>
				<total>0</total>
				<timestamp>1279.118301</timestamp>
			</report>
			<report>
				<misses>181600000</misses>
				<total>0</total>
				<timestamp>1279.808566</timestamp>
			</report>
			<report>
				<misses>181700000</misses>
				<total>0</total>
				<timestamp>1280.498496</timestamp>
			</report>
			<report>
				<misses>181800000</misses>
				<total>0</total>
				<timestamp>1281.190470</timestamp>
			</report>
			<report>
				<misses>181900000</misses>
				<total>0</total>
				<timestamp>1281.889175</timestamp>
			</report>
			<report>
				<misses>182000000</misses>
				<total>0</total>
				<timestamp>1282.629400</timestamp>
			</report>
			<report>
				<misses>182100000</misses>
				<total>0</total>
				<timestamp>1283.350794</timestamp>
			</report>
			<report>
				<misses>182200000</misses>
				<total>0</total>
				<timestamp>1284.058927</timestamp>
			</report>
			<report>
				<misses>182300000</misses>
				<total>0</total>
				<timestamp>1284.769732</timestamp>
			</report>
			<report>
				<misses>182400000</misses>
				<total>0</total>
				<timestamp>1285.488389</timestamp>
			</report>
			<report>
				<misses>182500000</misses>
				<total>0</total>
				<timestamp>1286.217491</timestamp>
			</report>
			<report>
				<misses>182600000</misses>
				<total>0</total>
				<timestamp>1286.931302</timestamp>
			</report>
			<report>
				<misses>182700000</misses>
				<total>0</total>
				<timestamp>1287.648815</timestamp>
			</report>
			<report>
				<misses>182800000</misses>
				<total>0</total>
				<timestamp>1288.368021</timestamp>
			</report>
			<report>
				<misses>182900000</misses>
				<total>0</total>
				<timestamp>1289.083986</timestamp>
			</report>
			<report>
				<misses>183000000</misses>
				<total>0</total>
				<timestamp>1289.812895</timestamp>
			</report>
			<report>
				<misses>183100000</misses>
				<total>0</total>
				<timestamp>1290.509168</timestamp>
			</report>
			<report>
				<misses>183200000</misses>
				<total>0</total>
				<timestamp>1291.195881</timestamp>
			</report>
			<report>
				<misses>183300000</misses>
				<total>0</total>
				<timestamp>1291.888610</timestamp>
			</report>
			<report>
				<misses>183400000</misses>
				<total>0</total>
				<timestamp>1292.569508</timestamp>
			</report>
			<report>
				<misses>183500000</misses>
				<total>0</total>
				<timestamp>1293.244817</timestamp>
			</report>
			<report>
				<misses>183600000</misses>
				<total>0</total>
				<timestamp>1293.940302</timestamp>
			</report>
			<report>
				<misses>183700000</misses>
				<total>0</total>
				<timestamp>1294.621551</timestamp>
			</report>
			<report>
				<misses>183800000</misses>
				<total>0</total>
				<timestamp>1295.311592</timestamp>
			</report>
			<report>
				<misses>183900000</misses>
				<total>0</total>
				<timestamp>1296.003420</timestamp>
			</report>
			<report>
				<misses>184000000</misses>
				<total>0</total>
				<timestamp>1296.684119</timestamp>
			</report>
			<report>
				<misses>184100000</misses>
				<total>0</total>
				<timestamp>1297.404110</timestamp>
			</report>
			<report>
				<misses>184200000</misses>
				<total>0</total>
				<timestamp>1298.118498</timestamp>
			</report>
			<report>
				<misses>184300000</misses>
				<total>0</total>
				<timestamp>1298.841593</timestamp>
			</report>
			<report>
				<misses>184400000</misses>
				<total>0</total>
				<timestamp>1299.540968</timestamp>
			</report>
			<report>
				<misses>184500000</misses>
				<total>0</total>
				<timestamp>1300.240558</timestamp>
			</report>
			<report>
				<misses>184600000</misses>
				<total>0</total>
				<timestamp>1300.931377</timestamp>
			</report>
			<report>
				<misses>184700000</misses>
				<total>0</total>
				<timestamp>1301.650006</timestamp>
			</report>
			<report>
				<misses>184800000</misses>
				<total>0</total>
				<timestamp>1302.365518</timestamp>
			</report>
			<report>
				<misses>184900000</misses>
				<total>0</total>
				<timestamp>1303.068198</timestamp>
			</report>
			<report>
				<misses>185000000</misses>
				<total>0</total>
				<timestamp>1303.768694</timestamp>
			</report>
			<report>
				<misses>185100000</misses>
				<total>0</total>
				<timestamp>1304.502267</timestamp>
			</report>
			<report>
				<misses>185200000</misses>
				<total>0</total>
				<timestamp>1305.186987</timestamp>
			</report>
			<report>
				<misses>185300000</misses>
				<total>0</total>
				<timestamp>1305.894824</timestamp>
			</report>
			<report>
				<misses>185400000</misses>
				<total>0</total>
				<timestamp>1306.607504</timestamp>
			</report>
			<report>
				<misses>185500000</misses>
				<total>0</total>
				<timestamp>1307.294092</timestamp>
			</report>
			<report>
				<misses>185600000</misses>
				<total>0</total>
				<timestamp>1307.981266</timestamp>
			</report>
			<report>
				<misses>185700000</misses>
				<total>0</total>
				<timestamp>1308.663718</timestamp>
			</report>
			<report>
				<misses>185800000</misses>
				<total>0</total>
				<timestamp>1309.359978</timestamp>
			</report>
			<report>
				<misses>185900000</misses>
				<total>0</total>
				<timestamp>1310.059315</timestamp>
			</report>
			<report>
				<misses>186000000</misses>
				<total>0</total>
				<timestamp>1310.771217</timestamp>
			</report>
			<report>
				<misses>186100000</misses>
				<total>0</total>
				<timestamp>1311.446649</timestamp>
			</report>
			<report>
				<misses>186200000</misses>
				<total>0</total>
				<timestamp>1312.132016</timestamp>
			</report>
			<report>
				<misses>186300000</misses>
				<total>0</total>
				<timestamp>1312.818150</timestamp>
			</report>
			<report>
				<misses>186400000</misses>
				<total>0</total>
				<timestamp>1313.516000</timestamp>
			</report>
			<report>
				<misses>186500000</misses>
				<total>0</total>
				<timestamp>1314.230953</timestamp>
			</report>
			<report>
				<misses>186600000</misses>
				<total>0</total>
				<timestamp>1314.939801</timestamp>
			</report>
			<report>
				<misses>186700000</misses>
				<total>0</total>
				<timestamp>1315.656416</timestamp>
			</report>
			<report>
				<misses>186800000</misses>
				<total>0</total>
				<timestamp>1316.361585</timestamp>
			</report>
			<report>
				<misses>186900000</misses>
				<total>0</total>
				<timestamp>1317.065525</timestamp>
			</report>
			<report>
				<misses>187000000</misses>
				<total>0</total>
				<timestamp>1317.781883</timestamp>
			</report>
			<report>
				<misses>187100000</misses>
				<total>0</total>
				<timestamp>1318.492676</timestamp>
			</report>
			<report>
				<misses>187200000</misses>
				<total>0</total>
				<timestamp>1319.197505</timestamp>
			</report>
			<report>
				<misses>187300000</misses>
				<total>0</total>
				<timestamp>1319.891225</timestamp>
			</report>
			<report>
				<misses>187400000</misses>
				<total>0</total>
				<timestamp>1320.594294</timestamp>
			</report>
			<report>
				<misses>187500000</misses>
				<total>0</total>
				<timestamp>1321.299088</timestamp>
			</report>
			<report>
				<misses>187600000</misses>
				<total>0</total>
				<timestamp>1322.002115</timestamp>
			</report>
			<report>
				<misses>187700000</misses>
				<total>0</total>
				<timestamp>1322.695281</timestamp>
			</report>
			<report>
				<misses>187800000</misses>
				<total>0</total>
				<timestamp>1323.383271</timestamp>
			</report>
			<report>
				<misses>187900000</misses>
				<total>0</total>
				<timestamp>1324.057721</timestamp>
			</report>
			<report>
				<misses>188000000</misses>
				<total>0</total>
				<timestamp>1324.736908</timestamp>
			</report>
			<report>
				<misses>188100000</misses>
				<total>0</total>
				<timestamp>1325.415233</timestamp>
			</report>
			<report>
				<misses>188200000</misses>
				<total>0</total>
				<timestamp>1326.102806</timestamp>
			</report>
			<report>
				<misses>188300000</misses>
				<total>0</total>
				<timestamp>1326.795992</timestamp>
			</report>
			<report>
				<misses>188400000</misses>
				<total>0</total>
				<timestamp>1327.478514</timestamp>
			</report>
			<report>
				<misses>188500000</misses>
				<total>0</total>
				<timestamp>1328.173807</timestamp>
			</report>
			<report>
				<misses>188600000</misses>
				<total>0</total>
				<timestamp>1328.868547</timestamp>
			</report>
			<report>
				<misses>188700000</misses>
				<total>0</total>
				<timestamp>1329.565515</timestamp>
			</report>
			<report>
				<misses>188800000</misses>
				<total>0</total>
				<timestamp>1330.292883</timestamp>
			</report>
			<report>
				<misses>188900000</misses>
				<total>0</total>
				<timestamp>1331.005712</timestamp>
			</report>
			<report>
				<misses>189000000</misses>
				<total>0</total>
				<timestamp>1331.710801</timestamp>
			</report>
			<report>
				<misses>189100000</misses>
				<total>0</total>
				<timestamp>1332.411457</timestamp>
			</report>
			<report>
				<misses>189200000</misses>
				<total>0</total>
				<timestamp>1333.121492</timestamp>
			</report>
			<report>
				<misses>189300000</misses>
				<total>0</total>
				<timestamp>1333.855737</timestamp>
			</report>
			<report>
				<misses>189400000</misses>
				<total>0</total>
				<timestamp>1334.547489</timestamp>
			</report>
			<report>
				<misses>189500000</misses>
				<total>0</total>
				<timestamp>1335.238541</timestamp>
			</report>
			<report>
				<misses>189600000</misses>
				<total>0</total>
				<timestamp>1335.958128</timestamp>
			</report>
			<report>
				<misses>189700000</misses>
				<total>0</total>
				<timestamp>1336.664731</timestamp>
			</report>
			<report>
				<misses>189800000</misses>
				<total>0</total>
				<timestamp>1337.368398</timestamp>
			</report>
			<report>
				<misses>189900000</misses>
				<total>0</total>
				<timestamp>1338.062148</timestamp>
			</report>
			<report>
				<misses>190000000</misses>
				<total>0</total>
				<timestamp>1338.793693</timestamp>
			</report>
			<report>
				<misses>190100000</misses>
				<total>0</total>
				<timestamp>1339.510535</timestamp>
			</report>
			<report>
				<misses>190200000</misses>
				<total>0</total>
				<timestamp>1340.247002</timestamp>
			</report>
			<report>
				<misses>190300000</misses>
				<total>0</total>
				<timestamp>1340.944010</timestamp>
			</report>
			<report>
				<misses>190400000</misses>
				<total>0</total>
				<timestamp>1341.641279</timestamp>
			</report>
			<report>
				<misses>190500000</misses>
				<total>0</total>
				<timestamp>1342.326995</timestamp>
			</report>
			<report>
				<misses>190600000</misses>
				<total>0</total>
				<timestamp>1343.005055</timestamp>
			</report>
			<report>
				<misses>190700000</misses>
				<total>0</total>
				<timestamp>1343.697193</timestamp>
			</report>
			<report>
				<misses>190800000</misses>
				<total>0</total>
				<timestamp>1344.398492</timestamp>
			</report>
			<report>
				<misses>190900000</misses>
				<total>0</total>
				<timestamp>1345.080752</timestamp>
			</report>
			<report>
				<misses>191000000</misses>
				<total>0</total>
				<timestamp>1345.743182</timestamp>
			</report>
			<report>
				<misses>191100000</misses>
				<total>0</total>
				<timestamp>1346.428897</timestamp>
			</report>
			<report>
				<misses>191200000</misses>
				<total>0</total>
				<timestamp>1347.113551</timestamp>
			</report>
			<report>
				<misses>191300000</misses>
				<total>0</total>
				<timestamp>1347.796565</timestamp>
			</report>
			<report>
				<misses>191400000</misses>
				<total>0</total>
				<timestamp>1348.503933</timestamp>
			</report>
			<report>
				<misses>191500000</misses>
				<total>0</total>
				<timestamp>1349.225178</timestamp>
			</report>
			<report>
				<misses>191600000</misses>
				<total>0</total>
				<timestamp>1349.928346</timestamp>
			</report>
			<report>
				<misses>191700000</misses>
				<total>0</total>
				<timestamp>1350.636122</timestamp>
			</report>
			<report>
				<misses>191800000</misses>
				<total>0</total>
				<timestamp>1351.344984</timestamp>
			</report>
			<report>
				<misses>191900000</misses>
				<total>0</total>
				<timestamp>1352.062791</timestamp>
			</report>
			<report>
				<misses>192000000</misses>
				<total>0</total>
				<timestamp>1352.776613</timestamp>
			</report>
			<report>
				<misses>192100000</misses>
				<total>0</total>
				<timestamp>1353.507174</timestamp>
			</report>
			<report>
				<misses>192200000</misses>
				<total>0</total>
				<timestamp>1354.224933</timestamp>
			</report>
			<report>
				<misses>192300000</misses>
				<total>0</total>
				<timestamp>1354.931313</timestamp>
			</report>
			<report>
				<misses>192400000</misses>
				<total>0</total>
				<timestamp>1355.650897</timestamp>
			</report>
			<report>
				<misses>192500000</misses>
				<total>0</total>
				<timestamp>1356.350915</timestamp>
			</report>
			<report>
				<misses>192600000</misses>
				<total>0</total>
				<timestamp>1357.083257</timestamp>
			</report>
			<report>
				<misses>192700000</misses>
				<total>0</total>
				<timestamp>1357.789042</timestamp>
			</report>
			<report>
				<misses>192800000</misses>
				<total>0</total>
				<timestamp>1358.466591</timestamp>
			</report>
			<report>
				<misses>192900000</misses>
				<total>0</total>
				<timestamp>1359.154998</timestamp>
			</report>
			<report>
				<misses>193000000</misses>
				<total>0</total>
				<timestamp>1359.842787</timestamp>
			</report>
			<report>
				<misses>193100000</misses>
				<total>0</total>
				<timestamp>1360.540633</timestamp>
			</report>
			<report>
				<misses>193200000</misses>
				<total>0</total>
				<timestamp>1361.229881</timestamp>
			</report>
			<report>
				<misses>193300000</misses>
				<total>0</total>
				<timestamp>1361.929263</timestamp>
			</report>
			<report>
				<misses>193400000</misses>
				<total>0</total>
				<timestamp>1362.617758</timestamp>
			</report>
			<report>
				<misses>193500000</misses>
				<total>0</total>
				<timestamp>1363.299465</timestamp>
			</report>
			<report>
				<misses>193600000</misses>
				<total>0</total>
				<timestamp>1363.992251</timestamp>
			</report>
			<report>
				<misses>193700000</misses>
				<total>0</total>
				<timestamp>1364.674506</timestamp>
			</report>
			<report>
				<misses>193800000</misses>
				<total>0</total>
				<timestamp>1365.391486</timestamp>
			</report>
			<report>
				<misses>193900000</misses>
				<total>0</total>
				<timestamp>1366.114309</timestamp>
			</report>
			<report>
				<misses>194000000</misses>
				<total>0</total>
				<timestamp>1366.800428</timestamp>
			</report>
			<report>
				<misses>194100000</misses>
				<total>0</total>
				<timestamp>1367.525795</timestamp>
			</report>
			<report>
				<misses>194200000</misses>
				<total>0</total>
				<timestamp>1368.261278</timestamp>
			</report>
			<report>
				<misses>194300000</misses>
				<total>0</total>
				<timestamp>1368.995499</timestamp>
			</report>
			<report>
				<misses>194400000</misses>
				<total>0</total>
				<timestamp>1369.726466</timestamp>
			</report>
			<report>
				<misses>194500000</misses>
				<total>0</total>
				<timestamp>1370.461366</timestamp>
			</report>
			<report>
				<misses>194600000</misses>
				<total>0</total>
				<timestamp>1371.182103</timestamp>
			</report>
			<report>
				<misses>194700000</misses>
				<total>0</total>
				<timestamp>1371.922776</timestamp>
			</report>
			<report>
				<misses>194800000</misses>
				<total>0</total>
				<timestamp>1372.644772</timestamp>
			</report>
			<report>
				<misses>194900000</misses>
				<total>0</total>
				<timestamp>1373.350976</timestamp>
			</report>
			<report>
				<misses>195000000</misses>
				<total>0</total>
				<timestamp>1374.062366</timestamp>
			</report>
			<report>
				<misses>195100000</misses>
				<total>0</total>
				<timestamp>1374.791777</timestamp>
			</report>
			<report>
				<misses>195200000</misses>
				<total>0</total>
				<timestamp>1375.516689</timestamp>
			</report>
			<report>
				<misses>195300000</misses>
				<total>0</total>
				<timestamp>1376.235382</timestamp>
			</report>
			<report>
				<misses>195400000</misses>
				<total>0</total>
				<timestamp>1376.977203</timestamp>
			</report>
			<report>
				<misses>195500000</misses>
				<total>0</total>
				<timestamp>1377.681685</timestamp>
			</report>
			<report>
				<misses>195600000</misses>
				<total>0</total>
				<timestamp>1378.385688</timestamp>
			</report>
			<report>
				<misses>195700000</misses>
				<total>0</total>
				<timestamp>1379.100266</timestamp>
			</report>
			<report>
				<misses>195800000</misses>
				<total>0</total>
				<timestamp>1379.850830</timestamp>
			</report>
			<report>
				<misses>195900000</misses>
				<total>0</total>
				<timestamp>1380.564379</timestamp>
			</report>
			<report>
				<misses>196000000</misses>
				<total>0</total>
				<timestamp>1381.248055</timestamp>
			</report>
			<report>
				<misses>196100000</misses>
				<total>0</total>
				<timestamp>1381.950009</timestamp>
			</report>
			<report>
				<misses>196200000</misses>
				<total>0</total>
				<timestamp>1382.637128</timestamp>
			</report>
			<report>
				<misses>196300000</misses>
				<total>0</total>
				<timestamp>1383.327829</timestamp>
			</report>
			<report>
				<misses>196400000</misses>
				<total>0</total>
				<timestamp>1384.029347</timestamp>
			</report>
			<report>
				<misses>196500000</misses>
				<total>0</total>
				<timestamp>1384.739032</timestamp>
			</report>
			<report>
				<misses>196600000</misses>
				<total>0</total>
				<timestamp>1385.443036</timestamp>
			</report>
			<report>
				<misses>196700000</misses>
				<total>0</total>
				<timestamp>1386.145208</timestamp>
			</report>
			<report>
				<misses>196800000</misses>
				<total>0</total>
				<timestamp>1386.825320</timestamp>
			</report>
			<report>
				<misses>196900000</misses>
				<total>0</total>
				<timestamp>1387.525959</timestamp>
			</report>
			<report>
				<misses>197000000</misses>
				<total>0</total>
				<timestamp>1388.283555</timestamp>
			</report>
			<report>
				<misses>197100000</misses>
				<total>0</total>
				<timestamp>1388.999150</timestamp>
			</report>
			<report>
				<misses>197200000</misses>
				<total>0</total>
				<timestamp>1389.683869</timestamp>
			</report>
			<report>
				<misses>197300000</misses>
				<total>0</total>
				<timestamp>1390.385519</timestamp>
			</report>
			<report>
				<misses>197400000</misses>
				<total>0</total>
				<timestamp>1391.094094</timestamp>
			</report>
			<report>
				<misses>197500000</misses>
				<total>0</total>
				<timestamp>1391.796320</timestamp>
			</report>
			<report>
				<misses>197600000</misses>
				<total>0</total>
				<timestamp>1392.483544</timestamp>
			</report>
			<report>
				<misses>197700000</misses>
				<total>0</total>
				<timestamp>1393.196036</timestamp>
			</report>
			<report>
				<misses>197800000</misses>
				<total>0</total>
				<timestamp>1393.914798</timestamp>
			</report>
			<report>
				<misses>197900000</misses>
				<total>0</total>
				<timestamp>1394.620230</timestamp>
			</report>
			<report>
				<misses>198000000</misses>
				<total>0</total>
				<timestamp>1395.330555</timestamp>
			</report>
			<report>
				<misses>198100000</misses>
				<total>0</total>
				<timestamp>1396.033368</timestamp>
			</report>
			<report>
				<misses>198200000</misses>
				<total>0</total>
				<timestamp>1396.763893</timestamp>
			</report>
			<report>
				<misses>198300000</misses>
				<total>0</total>
				<timestamp>1397.477322</timestamp>
			</report>
			<report>
				<misses>198400000</misses>
				<total>0</total>
				<timestamp>1398.173481</timestamp>
			</report>
			<report>
				<misses>198500000</misses>
				<total>0</total>
				<timestamp>1398.877533</timestamp>
			</report>
			<report>
				<misses>198600000</misses>
				<total>0</total>
				<timestamp>1399.562632</timestamp>
			</report>
			<report>
				<misses>198700000</misses>
				<total>0</total>
				<timestamp>1400.243877</timestamp>
			</report>
			<report>
				<misses>198800000</misses>
				<total>0</total>
				<timestamp>1400.945293</timestamp>
			</report>
			<report>
				<misses>198900000</misses>
				<total>0</total>
				<timestamp>1401.631092</timestamp>
			</report>
			<report>
				<misses>199000000</misses>
				<total>0</total>
				<timestamp>1402.304785</timestamp>
			</report>
			<report>
				<misses>199100000</misses>
				<total>0</total>
				<timestamp>1402.989650</timestamp>
			</report>
			<report>
				<misses>199200000</misses>
				<total>0</total>
				<timestamp>1403.684639</timestamp>
			</report>
			<report>
				<misses>199300000</misses>
				<total>0</total>
				<timestamp>1404.367232</timestamp>
			</report>
			<report>
				<misses>199400000</misses>
				<total>0</total>
				<timestamp>1405.047809</timestamp>
			</report>
			<report>
				<misses>199500000</misses>
				<total>0</total>
				<timestamp>1405.788621</timestamp>
			</report>
			<report>
				<misses>199600000</misses>
				<total>0</total>
				<timestamp>1406.496016</timestamp>
			</report>
			<report>
				<misses>199700000</misses>
				<total>0</total>
				<timestamp>1407.203455</timestamp>
			</report>
			<report>
				<misses>199800000</misses>
				<total>0</total>
				<timestamp>1407.909205</timestamp>
			</report>
			<report>
				<misses>199900000</misses>
				<total>0</total>
				<timestamp>1408.616671</timestamp>
			</report>
			<report>
				<misses>200000000</misses>
				<total>0</total>
				<timestamp>1409.345326</timestamp>
			</report>
			<report>
				<misses>200100000</misses>
				<total>0</total>
				<timestamp>1410.109172</timestamp>
			</report>
			<report>
				<misses>200200000</misses>
				<total>0</total>
				<timestamp>1410.824888</timestamp>
			</report>
			<report>
				<misses>200300000</misses>
				<total>0</total>
				<timestamp>1411.574172</timestamp>
			</report>
			<report>
				<misses>200400000</misses>
				<total>0</total>
				<timestamp>1412.299701</timestamp>
			</report>
			<report>
				<misses>200500000</misses>
				<total>0</total>
				<timestamp>1412.994390</timestamp>
			</report>
			<report>
				<misses>200600000</misses>
				<total>0</total>
				<timestamp>1413.723911</timestamp>
			</report>
			<report>
				<misses>200700000</misses>
				<total>0</total>
				<timestamp>1414.485610</timestamp>
			</report>
			<report>
				<misses>200800000</misses>
				<total>0</total>
				<timestamp>1415.214227</timestamp>
			</report>
			<report>
				<misses>200900000</misses>
				<total>0</total>
				<timestamp>1415.947176</timestamp>
			</report>
			<report>
				<misses>201000000</misses>
				<total>0</total>
				<timestamp>1416.663178</timestamp>
			</report>
			<report>
				<misses>201100000</misses>
				<total>0</total>
				<timestamp>1417.381916</timestamp>
			</report>
			<report>
				<misses>201200000</misses>
				<total>0</total>
				<timestamp>1418.068217</timestamp>
			</report>
			<report>
				<misses>201300000</misses>
				<total>0</total>
				<timestamp>1418.790431</timestamp>
			</report>
			<report>
				<misses>201400000</misses>
				<total>0</total>
				<timestamp>1419.504979</timestamp>
			</report>
			<report>
				<misses>201500000</misses>
				<total>0</total>
				<timestamp>1420.236708</timestamp>
			</report>
			<report>
				<misses>201600000</misses>
				<total>0</total>
				<timestamp>1421.020809</timestamp>
			</report>
			<report>
				<misses>201700000</misses>
				<total>0</total>
				<timestamp>1421.750684</timestamp>
			</report>
			<report>
				<misses>201800000</misses>
				<total>0</total>
				<timestamp>1422.493344</timestamp>
			</report>
			<report>
				<misses>201900000</misses>
				<total>0</total>
				<timestamp>1423.230680</timestamp>
			</report>
			<report>
				<misses>202000000</misses>
				<total>0</total>
				<timestamp>1423.977316</timestamp>
			</report>
			<report>
				<misses>202100000</misses>
				<total>0</total>
				<timestamp>1424.695151</timestamp>
			</report>
			<report>
				<misses>202200000</misses>
				<total>0</total>
				<timestamp>1425.422892</timestamp>
			</report>
			<report>
				<misses>202300000</misses>
				<total>0</total>
				<timestamp>1426.145751</timestamp>
			</report>
			<report>
				<misses>202400000</misses>
				<total>0</total>
				<timestamp>1426.883039</timestamp>
			</report>
			<report>
				<misses>202500000</misses>
				<total>0</total>
				<timestamp>1427.605877</timestamp>
			</report>
			<report>
				<misses>202600000</misses>
				<total>0</total>
				<timestamp>1428.316275</timestamp>
			</report>
			<report>
				<misses>202700000</misses>
				<total>0</total>
				<timestamp>1429.016809</timestamp>
			</report>
			<report>
				<misses>202800000</misses>
				<total>0</total>
				<timestamp>1429.722263</timestamp>
			</report>
			<report>
				<misses>202900000</misses>
				<total>0</total>
				<timestamp>1430.416851</timestamp>
			</report>
			<report>
				<misses>203000000</misses>
				<total>0</total>
				<timestamp>1431.113405</timestamp>
			</report>
			<report>
				<misses>203100000</misses>
				<total>0</total>
				<timestamp>1431.809914</timestamp>
			</report>
			<report>
				<misses>203200000</misses>
				<total>0</total>
				<timestamp>1432.496909</timestamp>
			</report>
			<report>
				<misses>203300000</misses>
				<total>0</total>
				<timestamp>1433.181600</timestamp>
			</report>
			<report>
				<misses>203400000</misses>
				<total>0</total>
				<timestamp>1433.862565</timestamp>
			</report>
			<report>
				<misses>203500000</misses>
				<total>0</total>
				<timestamp>1434.553171</timestamp>
			</report>
			<report>
				<misses>203600000</misses>
				<total>0</total>
				<timestamp>1435.259532</timestamp>
			</report>
			<report>
				<misses>203700000</misses>
				<total>0</total>
				<timestamp>1435.964959</timestamp>
			</report>
			<report>
				<misses>203800000</misses>
				<total>0</total>
				<timestamp>1436.701986</timestamp>
			</report>
			<report>
				<misses>203900000</misses>
				<total>0</total>
				<timestamp>1437.384179</timestamp>
			</report>
			<report>
				<misses>204000000</misses>
				<total>0</total>
				<timestamp>1438.107494</timestamp>
			</report>
			<report>
				<misses>204100000</misses>
				<total>0</total>
				<timestamp>1438.798067</timestamp>
			</report>
			<report>
				<misses>204200000</misses>
				<total>0</total>
				<timestamp>1439.526535</timestamp>
			</report>
			<report>
				<misses>204300000</misses>
				<total>0</total>
				<timestamp>1440.227120</timestamp>
			</report>
			<report>
				<misses>204400000</misses>
				<total>0</total>
				<timestamp>1440.921153</timestamp>
			</report>
			<report>
				<misses>204500000</misses>
				<total>0</total>
				<timestamp>1441.629984</timestamp>
			</report>
			<report>
				<misses>204600000</misses>
				<total>0</total>
				<timestamp>1442.359545</timestamp>
			</report>
			<report>
				<misses>204700000</misses>
				<total>0</total>
				<timestamp>1443.058137</timestamp>
			</report>
			<report>
				<misses>204800000</misses>
				<total>0</total>
				<timestamp>1443.749657</timestamp>
			</report>
			<report>
				<misses>204900000</misses>
				<total>0</total>
				<timestamp>1444.440913</timestamp>
			</report>
			<report>
				<misses>205000000</misses>
				<total>0</total>
				<timestamp>1445.135862</timestamp>
			</report>
			<report>
				<misses>205100000</misses>
				<total>0</total>
				<timestamp>1445.810244</timestamp>
			</report>
			<report>
				<misses>205200000</misses>
				<total>0</total>
				<timestamp>1446.525020</timestamp>
			</report>
			<report>
				<misses>205300000</misses>
				<total>0</total>
				<timestamp>1447.208785</timestamp>
			</report>
			<report>
				<misses>205400000</misses>
				<total>0</total>
				<timestamp>1447.898950</timestamp>
			</report>
			<report>
				<misses>205500000</misses>
				<total>0</total>
				<timestamp>1448.595751</timestamp>
			</report>
			<report>
				<misses>205600000</misses>
				<total>0</total>
				<timestamp>1449.266465</timestamp>
			</report>
			<report>
				<misses>205700000</misses>
				<total>0</total>
				<timestamp>1449.948784</timestamp>
			</report>
			<report>
				<misses>205800000</misses>
				<total>0</total>
				<timestamp>1450.630730</timestamp>
			</report>
			<report>
				<misses>205900000</misses>
				<total>0</total>
				<timestamp>1451.319300</timestamp>
			</report>
			<report>
				<misses>206000000</misses>
				<total>0</total>
				<timestamp>1452.001819</timestamp>
			</report>
			<report>
				<misses>206100000</misses>
				<total>0</total>
				<timestamp>1452.720971</timestamp>
			</report>
			<report>
				<misses>206200000</misses>
				<total>0</total>
				<timestamp>1453.469187</timestamp>
			</report>
			<report>
				<misses>206300000</misses>
				<total>0</total>
				<timestamp>1454.207121</timestamp>
			</report>
			<report>
				<misses>206400000</misses>
				<total>0</total>
				<timestamp>1454.944561</timestamp>
			</report>
			<report>
				<misses>206500000</misses>
				<total>0</total>
				<timestamp>1455.664354</timestamp>
			</report>
			<report>
				<misses>206600000</misses>
				<total>0</total>
				<timestamp>1456.381815</timestamp>
			</report>
			<report>
				<misses>206700000</misses>
				<total>0</total>
				<timestamp>1457.093490</timestamp>
			</report>
			<report>
				<misses>206800000</misses>
				<total>0</total>
				<timestamp>1457.808768</timestamp>
			</report>
			<report>
				<misses>206900000</misses>
				<total>0</total>
				<timestamp>1458.516311</timestamp>
			</report>
			<report>
				<misses>207000000</misses>
				<total>0</total>
				<timestamp>1459.249060</timestamp>
			</report>
			<report>
				<misses>207100000</misses>
				<total>0</total>
				<timestamp>1459.949717</timestamp>
			</report>
			<report>
				<misses>207200000</misses>
				<total>0</total>
				<timestamp>1460.670991</timestamp>
			</report>
			<report>
				<misses>207300000</misses>
				<total>0</total>
				<timestamp>1461.352475</timestamp>
			</report>
			<report>
				<misses>207400000</misses>
				<total>0</total>
				<timestamp>1462.043746</timestamp>
			</report>
			<report>
				<misses>207500000</misses>
				<total>0</total>
				<timestamp>1462.718582</timestamp>
			</report>
			<report>
				<misses>207600000</misses>
				<total>0</total>
				<timestamp>1463.400700</timestamp>
			</report>
			<report>
				<misses>207700000</misses>
				<total>0</total>
				<timestamp>1464.094346</timestamp>
			</report>
			<report>
				<misses>207800000</misses>
				<total>0</total>
				<timestamp>1464.776528</timestamp>
			</report>
			<report>
				<misses>207900000</misses>
				<total>0</total>
				<timestamp>1465.456513</timestamp>
			</report>
			<report>
				<misses>208000000</misses>
				<total>0</total>
				<timestamp>1466.141701</timestamp>
			</report>
			<report>
				<misses>208100000</misses>
				<total>0</total>
				<timestamp>1466.820872</timestamp>
			</report>
			<report>
				<misses>208200000</misses>
				<total>0</total>
				<timestamp>1467.507566</timestamp>
			</report>
			<report>
				<misses>208300000</misses>
				<total>0</total>
				<timestamp>1468.219421</timestamp>
			</report>
			<report>
				<misses>208400000</misses>
				<total>0</total>
				<timestamp>1468.928094</timestamp>
			</report>
			<report>
				<misses>208500000</misses>
				<total>0</total>
				<timestamp>1469.626992</timestamp>
			</report>
			<report>
				<misses>208600000</misses>
				<total>0</total>
				<timestamp>1470.323491</timestamp>
			</report>
			<report>
				<misses>208700000</misses>
				<total>0</total>
				<timestamp>1471.017626</timestamp>
			</report>
			<report>
				<misses>208800000</misses>
				<total>0</total>
				<timestamp>1471.725899</timestamp>
			</report>
			<report>
				<misses>208900000</misses>
				<total>0</total>
				<timestamp>1472.424506</timestamp>
			</report>
			<report>
				<misses>209000000</misses>
				<total>0</total>
				<timestamp>1473.153219</timestamp>
			</report>
			<report>
				<misses>209100000</misses>
				<total>0</total>
				<timestamp>1473.853896</timestamp>
			</report>
			<report>
				<misses>209200000</misses>
				<total>0</total>
				<timestamp>1474.590440</timestamp>
			</report>
			<report>
				<misses>209300000</misses>
				<total>0</total>
				<timestamp>1475.303888</timestamp>
			</report>
			<report>
				<misses>209400000</misses>
				<total>0</total>
				<timestamp>1476.010423</timestamp>
			</report>
			<report>
				<misses>209500000</misses>
				<total>0</total>
				<timestamp>1476.725274</timestamp>
			</report>
			<report>
				<misses>209600000</misses>
				<total>0</total>
				<timestamp>1477.446198</timestamp>
			</report>
			<report>
				<misses>209700000</misses>
				<total>0</total>
				<timestamp>1478.140660</timestamp>
			</report>
			<report>
				<misses>209800000</misses>
				<total>0</total>
				<timestamp>1478.831273</timestamp>
			</report>
			<report>
				<misses>209900000</misses>
				<total>0</total>
				<timestamp>1479.516805</timestamp>
			</report>
			<report>
				<misses>210000000</misses>
				<total>0</total>
				<timestamp>1480.208069</timestamp>
			</report>
			<report>
				<misses>210100000</misses>
				<total>0</total>
				<timestamp>1480.892671</timestamp>
			</report>
			<report>
				<misses>210200000</misses>
				<total>0</total>
				<timestamp>1481.579975</timestamp>
			</report>
			<report>
				<misses>210300000</misses>
				<total>0</total>
				<timestamp>1482.257478</timestamp>
			</report>
			<report>
				<misses>210400000</misses>
				<total>0</total>
				<timestamp>1482.945458</timestamp>
			</report>
			<report>
				<misses>210500000</misses>
				<total>0</total>
				<timestamp>1483.625431</timestamp>
			</report>
			<report>
				<misses>210600000</misses>
				<total>0</total>
				<timestamp>1484.300264</timestamp>
			</report>
			<report>
				<misses>210700000</misses>
				<total>0</total>
				<timestamp>1485.006646</timestamp>
			</report>
			<report>
				<misses>210800000</misses>
				<total>0</total>
				<timestamp>1485.712238</timestamp>
			</report>
			<report>
				<misses>210900000</misses>
				<total>0</total>
				<timestamp>1486.441279</timestamp>
			</report>
			<report>
				<misses>211000000</misses>
				<total>0</total>
				<timestamp>1487.138033</timestamp>
			</report>
			<report>
				<misses>211100000</misses>
				<total>0</total>
				<timestamp>1487.851579</timestamp>
			</report>
			<report>
				<misses>211200000</misses>
				<total>0</total>
				<timestamp>1488.559864</timestamp>
			</report>
			<report>
				<misses>211300000</misses>
				<total>0</total>
				<timestamp>1489.271204</timestamp>
			</report>
			<report>
				<misses>211400000</misses>
				<total>0</total>
				<timestamp>1489.983832</timestamp>
			</report>
			<report>
				<misses>211500000</misses>
				<total>0</total>
				<timestamp>1490.678976</timestamp>
			</report>
			<report>
				<misses>211600000</misses>
				<total>0</total>
				<timestamp>1491.374562</timestamp>
			</report>
			<report>
				<misses>211700000</misses>
				<total>0</total>
				<timestamp>1492.075015</timestamp>
			</report>
			<report>
				<misses>211800000</misses>
				<total>0</total>
				<timestamp>1492.808943</timestamp>
			</report>
			<report>
				<misses>211900000</misses>
				<total>0</total>
				<timestamp>1493.523544</timestamp>
			</report>
			<report>
				<misses>212000000</misses>
				<total>0</total>
				<timestamp>1494.232197</timestamp>
			</report>
			<report>
				<misses>212100000</misses>
				<total>0</total>
				<timestamp>1494.917891</timestamp>
			</report>
			<report>
				<misses>212200000</misses>
				<total>0</total>
				<timestamp>1495.605820</timestamp>
			</report>
			<report>
				<misses>212300000</misses>
				<total>0</total>
				<timestamp>1496.283801</timestamp>
			</report>
			<report>
				<misses>212400000</misses>
				<total>0</total>
				<timestamp>1496.960409</timestamp>
			</report>
			<report>
				<misses>212500000</misses>
				<total>0</total>
				<timestamp>1497.632934</timestamp>
			</report>
			<report>
				<misses>212600000</misses>
				<total>0</total>
				<timestamp>1498.316661</timestamp>
			</report>
			<report>
				<misses>212700000</misses>
				<total>0</total>
				<timestamp>1499.013883</timestamp>
			</report>
			<report>
				<misses>212800000</misses>
				<total>0</total>
				<timestamp>1499.696121</timestamp>
			</report>
			<report>
				<misses>212900000</misses>
				<total>0</total>
				<timestamp>1500.389587</timestamp>
			</report>
			<report>
				<misses>213000000</misses>
				<total>0</total>
				<timestamp>1501.062473</timestamp>
			</report>
			<report>
				<misses>213100000</misses>
				<total>0</total>
				<timestamp>1501.797476</timestamp>
			</report>
			<report>
				<misses>213200000</misses>
				<total>0</total>
				<timestamp>1502.565266</timestamp>
			</report>
			<report>
				<misses>213300000</misses>
				<total>0</total>
				<timestamp>1503.267718</timestamp>
			</report>
			<report>
				<misses>213400000</misses>
				<total>0</total>
				<timestamp>1503.988936</timestamp>
			</report>
			<report>
				<misses>213500000</misses>
				<total>0</total>
				<timestamp>1504.688582</timestamp>
			</report>
			<report>
				<misses>213600000</misses>
				<total>0</total>
				<timestamp>1505.408353</timestamp>
			</report>
			<report>
				<misses>213700000</misses>
				<total>0</total>
				<timestamp>1506.128386</timestamp>
			</report>
			<report>
				<misses>213800000</misses>
				<total>0</total>
				<timestamp>1506.829720</timestamp>
			</report>
			<report>
				<misses>213900000</misses>
				<total>0</total>
				<timestamp>1507.534604</timestamp>
			</report>
			<report>
				<misses>214000000</misses>
				<total>0</total>
				<timestamp>1508.249570</timestamp>
			</report>
			<report>
				<misses>214100000</misses>
				<total>0</total>
				<timestamp>1508.958100</timestamp>
			</report>
			<report>
				<misses>214200000</misses>
				<total>0</total>
				<timestamp>1509.656273</timestamp>
			</report>
			<report>
				<misses>214300000</misses>
				<total>0</total>
				<timestamp>1510.342194</timestamp>
			</report>
			<report>
				<misses>214400000</misses>
				<total>0</total>
				<timestamp>1511.066382</timestamp>
			</report>
			<report>
				<misses>214500000</misses>
				<total>0</total>
				<timestamp>1511.760851</timestamp>
			</report>
			<report>
				<misses>214600000</misses>
				<total>0</total>
				<timestamp>1512.471838</timestamp>
			</report>
			<report>
				<misses>214700000</misses>
				<total>0</total>
				<timestamp>1513.179590</timestamp>
			</report>
			<report>
				<misses>214800000</misses>
				<total>0</total>
				<timestamp>1513.851968</timestamp>
			</report>
			<report>
				<misses>214900000</misses>
				<total>0</total>
				<timestamp>1514.548832</timestamp>
			</report>
			<report>
				<misses>215000000</misses>
				<total>0</total>
				<timestamp>1515.240642</timestamp>
			</report>
			<report>
				<misses>215100000</misses>
				<total>0</total>
				<timestamp>1515.928045</timestamp>
			</report>
			<report>
				<misses>215200000</misses>
				<total>0</total>
				<timestamp>1516.613299</timestamp>
			</report>
			<report>
				<misses>215300000</misses>
				<total>0</total>
				<timestamp>1517.289245</timestamp>
			</report>
			<report>
				<misses>215400000</misses>
				<total>0</total>
				<timestamp>1517.964511</timestamp>
			</report>
			<report>
				<misses>215500000</misses>
				<total>0</total>
				<timestamp>1518.660106</timestamp>
			</report>
			<report>
				<misses>215600000</misses>
				<total>0</total>
				<timestamp>1519.338888</timestamp>
			</report>
			<report>
				<misses>215700000</misses>
				<total>0</total>
				<timestamp>1520.025032</timestamp>
			</report>
			<report>
				<misses>215800000</misses>
				<total>0</total>
				<timestamp>1520.705187</timestamp>
			</report>
			<report>
				<misses>215900000</misses>
				<total>0</total>
				<timestamp>1521.444034</timestamp>
			</report>
			<report>
				<misses>216000000</misses>
				<total>0</total>
				<timestamp>1522.144470</timestamp>
			</report>
			<report>
				<misses>216100000</misses>
				<total>0</total>
				<timestamp>1522.860266</timestamp>
			</report>
			<report>
				<misses>216200000</misses>
				<total>0</total>
				<timestamp>1523.580458</timestamp>
			</report>
			<report>
				<misses>216300000</misses>
				<total>0</total>
				<timestamp>1524.293551</timestamp>
			</report>
			<report>
				<misses>216400000</misses>
				<total>0</total>
				<timestamp>1525.011351</timestamp>
			</report>
			<report>
				<misses>216500000</misses>
				<total>0</total>
				<timestamp>1525.722173</timestamp>
			</report>
			<report>
				<misses>216600000</misses>
				<total>0</total>
				<timestamp>1526.425655</timestamp>
			</report>
			<report>
				<misses>216700000</misses>
				<total>0</total>
				<timestamp>1527.158398</timestamp>
			</report>
			<report>
				<misses>216800000</misses>
				<total>0</total>
				<timestamp>1527.868196</timestamp>
			</report>
			<report>
				<misses>216900000</misses>
				<total>0</total>
				<timestamp>1528.563534</timestamp>
			</report>
			<report>
				<misses>217000000</misses>
				<total>0</total>
				<timestamp>1529.274379</timestamp>
			</report>
			<report>
				<misses>217100000</misses>
				<total>0</total>
				<timestamp>1530.001700</timestamp>
			</report>
			<report>
				<misses>217200000</misses>
				<total>0</total>
				<timestamp>1530.696475</timestamp>
			</report>
			<report>
				<misses>217300000</misses>
				<total>0</total>
				<timestamp>1531.371227</timestamp>
			</report>
			<report>
				<misses>217400000</misses>
				<total>0</total>
				<timestamp>1532.053468</timestamp>
			</report>
			<report>
				<misses>217500000</misses>
				<total>0</total>
				<timestamp>1532.749314</timestamp>
			</report>
			<report>
				<misses>217600000</misses>
				<total>0</total>
				<timestamp>1533.433223</timestamp>
			</report>
			<report>
				<misses>217700000</misses>
				<total>0</total>
				<timestamp>1534.134212</timestamp>
			</report>
			<report>
				<misses>217800000</misses>
				<total>0</total>
				<timestamp>1534.810014</timestamp>
			</report>
			<report>
				<misses>217900000</misses>
				<total>0</total>
				<timestamp>1535.484867</timestamp>
			</report>
			<report>
				<misses>218000000</misses>
				<total>0</total>
				<timestamp>1536.172487</timestamp>
			</report>
			<report>
				<misses>218100000</misses>
				<total>0</total>
				<timestamp>1536.871767</timestamp>
			</report>
			<report>
				<misses>218200000</misses>
				<total>0</total>
				<timestamp>1537.588979</timestamp>
			</report>
			<report>
				<misses>218300000</misses>
				<total>0</total>
				<timestamp>1538.298900</timestamp>
			</report>
			<report>
				<misses>218400000</misses>
				<total>0</total>
				<timestamp>1538.994551</timestamp>
			</report>
			<report>
				<misses>218500000</misses>
				<total>0</total>
				<timestamp>1539.706009</timestamp>
			</report>
			<report>
				<misses>218600000</misses>
				<total>0</total>
				<timestamp>1540.405135</timestamp>
			</report>
			<report>
				<misses>218700000</misses>
				<total>0</total>
				<timestamp>1541.093165</timestamp>
			</report>
			<report>
				<misses>218800000</misses>
				<total>0</total>
				<timestamp>1541.793944</timestamp>
			</report>
			<report>
				<misses>218900000</misses>
				<total>0</total>
				<timestamp>1542.506366</timestamp>
			</report>
			<report>
				<misses>219000000</misses>
				<total>0</total>
				<timestamp>1543.200714</timestamp>
			</report>
			<report>
				<misses>219100000</misses>
				<total>0</total>
				<timestamp>1543.906268</timestamp>
			</report>
			<report>
				<misses>219200000</misses>
				<total>0</total>
				<timestamp>1544.635399</timestamp>
			</report>
			<report>
				<misses>219300000</misses>
				<total>0</total>
				<timestamp>1545.327526</timestamp>
			</report>
			<report>
				<misses>219400000</misses>
				<total>0</total>
				<timestamp>1546.008919</timestamp>
			</report>
			<report>
				<misses>219500000</misses>
				<total>0</total>
				<timestamp>1546.701052</timestamp>
			</report>
			<report>
				<misses>219600000</misses>
				<total>0</total>
				<timestamp>1547.381651</timestamp>
			</report>
			<report>
				<misses>219700000</misses>
				<total>0</total>
				<timestamp>1548.080301</timestamp>
			</report>
			<report>
				<misses>219800000</misses>
				<total>0</total>
				<timestamp>1548.777583</timestamp>
			</report>
			<report>
				<misses>219900000</misses>
				<total>0</total>
				<timestamp>1549.471792</timestamp>
			</report>
			<report>
				<misses>220000000</misses>
				<total>0</total>
				<timestamp>1550.174759</timestamp>
			</report>
			<report>
				<misses>220100000</misses>
				<total>0</total>
				<timestamp>1550.854637</timestamp>
			</report>
			<report>
				<misses>220200000</misses>
				<total>0</total>
				<timestamp>1551.542815</timestamp>
			</report>
			<report>
				<misses>220300000</misses>
				<total>0</total>
				<timestamp>1552.231820</timestamp>
			</report>
			<report>
				<misses>220400000</misses>
				<total>0</total>
				<timestamp>1552.931105</timestamp>
			</report>
			<report>
				<misses>220500000</misses>
				<total>0</total>
				<timestamp>1553.630057</timestamp>
			</report>
			<report>
				<misses>220600000</misses>
				<total>0</total>
				<timestamp>1554.335518</timestamp>
			</report>
			<report>
				<misses>220700000</misses>
				<total>0</total>
				<timestamp>1555.063020</timestamp>
			</report>
			<report>
				<misses>220800000</misses>
				<total>0</total>
				<timestamp>1555.768966</timestamp>
			</report>
			<report>
				<misses>220900000</misses>
				<total>0</total>
				<timestamp>1556.467671</timestamp>
			</report>
			<report>
				<misses>221000000</misses>
				<total>0</total>
				<timestamp>1557.159231</timestamp>
			</report>
			<report>
				<misses>221100000</misses>
				<total>0</total>
				<timestamp>1557.870025</timestamp>
			</report>
			<report>
				<misses>221200000</misses>
				<total>0</total>
				<timestamp>1558.575872</timestamp>
			</report>
			<report>
				<misses>221300000</misses>
				<total>0</total>
				<timestamp>1559.311864</timestamp>
			</report>
			<report>
				<misses>221400000</misses>
				<total>0</total>
				<timestamp>1560.011197</timestamp>
			</report>
			<report>
				<misses>221500000</misses>
				<total>0</total>
				<timestamp>1560.688825</timestamp>
			</report>
			<report>
				<misses>221600000</misses>
				<total>0</total>
				<timestamp>1561.382255</timestamp>
			</report>
			<report>
				<misses>221700000</misses>
				<total>0</total>
				<timestamp>1562.097913</timestamp>
			</report>
			<report>
				<misses>221800000</misses>
				<total>0</total>
				<timestamp>1562.769755</timestamp>
			</report>
			<report>
				<misses>221900000</misses>
				<total>0</total>
				<timestamp>1563.466101</timestamp>
			</report>
			<report>
				<misses>222000000</misses>
				<total>0</total>
				<timestamp>1564.139503</timestamp>
			</report>
			<report>
				<misses>222100000</misses>
				<total>0</total>
				<timestamp>1564.847429</timestamp>
			</report>
			<report>
				<misses>222200000</misses>
				<total>0</total>
				<timestamp>1565.532253</timestamp>
			</report>
			<report>
				<misses>222300000</misses>
				<total>0</total>
				<timestamp>1566.238496</timestamp>
			</report>
			<report>
				<misses>222400000</misses>
				<total>0</total>
				<timestamp>1566.928180</timestamp>
			</report>
			<report>
				<misses>222500000</misses>
				<total>0</total>
				<timestamp>1567.621636</timestamp>
			</report>
			<report>
				<misses>222600000</misses>
				<total>0</total>
				<timestamp>1568.299128</timestamp>
			</report>
			<report>
				<misses>222700000</misses>
				<total>0</total>
				<timestamp>1568.994163</timestamp>
			</report>
			<report>
				<misses>222800000</misses>
				<total>0</total>
				<timestamp>1569.698213</timestamp>
			</report>
			<report>
				<misses>222900000</misses>
				<total>0</total>
				<timestamp>1570.398760</timestamp>
			</report>
			<report>
				<misses>223000000</misses>
				<total>0</total>
				<timestamp>1571.097430</timestamp>
			</report>
			<report>
				<misses>223100000</misses>
				<total>0</total>
				<timestamp>1571.800955</timestamp>
			</report>
			<report>
				<misses>223200000</misses>
				<total>0</total>
				<timestamp>1572.525019</timestamp>
			</report>
			<report>
				<misses>223300000</misses>
				<total>0</total>
				<timestamp>1573.251825</timestamp>
			</report>
			<report>
				<misses>223400000</misses>
				<total>0</total>
				<timestamp>1573.940615</timestamp>
			</report>
			<report>
				<misses>223500000</misses>
				<total>0</total>
				<timestamp>1574.633907</timestamp>
			</report>
			<report>
				<misses>223600000</misses>
				<total>0</total>
				<timestamp>1575.332887</timestamp>
			</report>
			<report>
				<misses>223700000</misses>
				<total>0</total>
				<timestamp>1576.027039</timestamp>
			</report>
			<report>
				<misses>223800000</misses>
				<total>0</total>
				<timestamp>1576.725544</timestamp>
			</report>
			<report>
				<misses>223900000</misses>
				<total>0</total>
				<timestamp>1577.424023</timestamp>
			</report>
			<report>
				<misses>224000000</misses>
				<total>0</total>
				<timestamp>1578.115274</timestamp>
			</report>
			<report>
				<misses>224100000</misses>
				<total>0</total>
				<timestamp>1578.834973</timestamp>
			</report>
			<report>
				<misses>224200000</misses>
				<total>0</total>
				<timestamp>1579.507215</timestamp>
			</report>
			<report>
				<misses>224300000</misses>
				<total>0</total>
				<timestamp>1580.193703</timestamp>
			</report>
			<report>
				<misses>224400000</misses>
				<total>0</total>
				<timestamp>1580.868284</timestamp>
			</report>
			<report>
				<misses>224500000</misses>
				<total>0</total>
				<timestamp>1581.553996</timestamp>
			</report>
			<report>
				<misses>224600000</misses>
				<total>0</total>
				<timestamp>1582.238637</timestamp>
			</report>
			<report>
				<misses>224700000</misses>
				<total>0</total>
				<timestamp>1582.925060</timestamp>
			</report>
			<report>
				<misses>224800000</misses>
				<total>0</total>
				<timestamp>1583.608505</timestamp>
			</report>
			<report>
				<misses>224900000</misses>
				<total>0</total>
				<timestamp>1584.280856</timestamp>
			</report>
			<report>
				<misses>225000000</misses>
				<total>0</total>
				<timestamp>1584.962403</timestamp>
			</report>
			<report>
				<misses>225100000</misses>
				<total>0</total>
				<timestamp>1585.643305</timestamp>
			</report>
			<report>
				<misses>225200000</misses>
				<total>0</total>
				<timestamp>1586.357744</timestamp>
			</report>
			<report>
				<misses>225300000</misses>
				<total>0</total>
				<timestamp>1587.084156</timestamp>
			</report>
			<report>
				<misses>225400000</misses>
				<total>0</total>
				<timestamp>1587.776791</timestamp>
			</report>
			<report>
				<misses>225500000</misses>
				<total>0</total>
				<timestamp>1588.497612</timestamp>
			</report>
			<report>
				<misses>225600000</misses>
				<total>0</total>
				<timestamp>1589.223317</timestamp>
			</report>
			<report>
				<misses>225700000</misses>
				<total>0</total>
				<timestamp>1589.965534</timestamp>
			</report>
			<report>
				<misses>225800000</misses>
				<total>0</total>
				<timestamp>1590.698233</timestamp>
			</report>
			<report>
				<misses>225900000</misses>
				<total>0</total>
				<timestamp>1591.412942</timestamp>
			</report>
			<report>
				<misses>226000000</misses>
				<total>0</total>
				<timestamp>1592.153864</timestamp>
			</report>
			<report>
				<misses>226100000</misses>
				<total>0</total>
				<timestamp>1592.871984</timestamp>
			</report>
			<report>
				<misses>226200000</misses>
				<total>0</total>
				<timestamp>1593.580826</timestamp>
			</report>
			<report>
				<misses>226300000</misses>
				<total>0</total>
				<timestamp>1594.315081</timestamp>
			</report>
			<report>
				<misses>226400000</misses>
				<total>0</total>
				<timestamp>1595.017566</timestamp>
			</report>
			<report>
				<misses>226500000</misses>
				<total>0</total>
				<timestamp>1595.741861</timestamp>
			</report>
			<report>
				<misses>226600000</misses>
				<total>0</total>
				<timestamp>1596.449315</timestamp>
			</report>
			<report>
				<misses>226700000</misses>
				<total>0</total>
				<timestamp>1597.166142</timestamp>
			</report>
			<report>
				<misses>226800000</misses>
				<total>0</total>
				<timestamp>1597.868826</timestamp>
			</report>
			<report>
				<misses>226900000</misses>
				<total>0</total>
				<timestamp>1598.574544</timestamp>
			</report>
			<report>
				<misses>227000000</misses>
				<total>0</total>
				<timestamp>1599.271366</timestamp>
			</report>
			<report>
				<misses>227100000</misses>
				<total>0</total>
				<timestamp>1599.958608</timestamp>
			</report>
			<report>
				<misses>227200000</misses>
				<total>0</total>
				<timestamp>1600.661431</timestamp>
			</report>
			<report>
				<misses>227300000</misses>
				<total>0</total>
				<timestamp>1601.367206</timestamp>
			</report>
			<report>
				<misses>227400000</misses>
				<total>0</total>
				<timestamp>1602.056146</timestamp>
			</report>
			<report>
				<misses>227500000</misses>
				<total>0</total>
				<timestamp>1602.743807</timestamp>
			</report>
			<report>
				<misses>227600000</misses>
				<total>0</total>
				<timestamp>1603.434338</timestamp>
			</report>
			<report>
				<misses>227700000</misses>
				<total>0</total>
				<timestamp>1604.140333</timestamp>
			</report>
			<report>
				<misses>227800000</misses>
				<total>0</total>
				<timestamp>1604.818654</timestamp>
			</report>
			<report>
				<misses>227900000</misses>
				<total>0</total>
				<timestamp>1605.520231</timestamp>
			</report>
			<report>
				<misses>228000000</misses>
				<total>0</total>
				<timestamp>1606.233386</timestamp>
			</report>
			<report>
				<misses>228100000</misses>
				<total>0</total>
				<timestamp>1606.941883</timestamp>
			</report>
			<report>
				<misses>228200000</misses>
				<total>0</total>
				<timestamp>1607.657319</timestamp>
			</report>
			<report>
				<misses>228300000</misses>
				<total>0</total>
				<timestamp>1608.401620</timestamp>
			</report>
			<report>
				<misses>228400000</misses>
				<total>0</total>
				<timestamp>1609.131870</timestamp>
			</report>
			<report>
				<misses>228500000</misses>
				<total>0</total>
				<timestamp>1609.835925</timestamp>
			</report>
			<report>
				<misses>228600000</misses>
				<total>0</total>
				<timestamp>1610.563498</timestamp>
			</report>
			<report>
				<misses>228700000</misses>
				<total>0</total>
				<timestamp>1611.265103</timestamp>
			</report>
			<report>
				<misses>228800000</misses>
				<total>0</total>
				<timestamp>1611.966203</timestamp>
			</report>
			<report>
				<misses>228900000</misses>
				<total>0</total>
				<timestamp>1612.669162</timestamp>
			</report>
			<report>
				<misses>229000000</misses>
				<total>0</total>
				<timestamp>1613.385167</timestamp>
			</report>
			<report>
				<misses>229100000</misses>
				<total>0</total>
				<timestamp>1614.127124</timestamp>
			</report>
			<report>
				<misses>229200000</misses>
				<total>0</total>
				<timestamp>1614.857754</timestamp>
			</report>
			<report>
				<misses>229300000</misses>
				<total>0</total>
				<timestamp>1615.585561</timestamp>
			</report>
			<report>
				<misses>229400000</misses>
				<total>0</total>
				<timestamp>1616.313454</timestamp>
			</report>
			<report>
				<misses>229500000</misses>
				<total>0</total>
				<timestamp>1617.040832</timestamp>
			</report>
			<report>
				<misses>229600000</misses>
				<total>0</total>
				<timestamp>1617.778549</timestamp>
			</report>
			<report>
				<misses>229700000</misses>
				<total>0</total>
				<timestamp>1618.494334</timestamp>
			</report>
			<report>
				<misses>229800000</misses>
				<total>0</total>
				<timestamp>1619.225039</timestamp>
			</report>
			<report>
				<misses>229900000</misses>
				<total>0</total>
				<timestamp>1619.946600</timestamp>
			</report>
			<report>
				<misses>230000000</misses>
				<total>0</total>
				<timestamp>1620.685386</timestamp>
			</report>
			<report>
				<misses>230100000</misses>
				<total>0</total>
				<timestamp>1621.381118</timestamp>
			</report>
			<report>
				<misses>230200000</misses>
				<total>0</total>
				<timestamp>1622.085685</timestamp>
			</report>
			<report>
				<misses>230300000</misses>
				<total>0</total>
				<timestamp>1622.763054</timestamp>
			</report>
			<report>
				<misses>230400000</misses>
				<total>0</total>
				<timestamp>1623.455979</timestamp>
			</report>
			<report>
				<misses>230500000</misses>
				<total>0</total>
				<timestamp>1624.148094</timestamp>
			</report>
			<report>
				<misses>230600000</misses>
				<total>0</total>
				<timestamp>1624.848681</timestamp>
			</report>
			<report>
				<misses>230700000</misses>
				<total>0</total>
				<timestamp>1625.535445</timestamp>
			</report>
			<report>
				<misses>230800000</misses>
				<total>0</total>
				<timestamp>1626.222042</timestamp>
			</report>
			<report>
				<misses>230900000</misses>
				<total>0</total>
				<timestamp>1626.896761</timestamp>
			</report>
			<report>
				<misses>231000000</misses>
				<total>0</total>
				<timestamp>1627.600199</timestamp>
			</report>
			<report>
				<misses>231100000</misses>
				<total>0</total>
				<timestamp>1628.298673</timestamp>
			</report>
			<report>
				<misses>231200000</misses>
				<total>0</total>
				<timestamp>1629.005231</timestamp>
			</report>
			<report>
				<misses>231300000</misses>
				<total>0</total>
				<timestamp>1629.734992</timestamp>
			</report>
			<report>
				<misses>231400000</misses>
				<total>0</total>
				<timestamp>1630.448337</timestamp>
			</report>
			<report>
				<misses>231500000</misses>
				<total>0</total>
				<timestamp>1631.170097</timestamp>
			</report>
			<report>
				<misses>231600000</misses>
				<total>0</total>
				<timestamp>1631.891270</timestamp>
			</report>
			<report>
				<misses>231700000</misses>
				<total>0</total>
				<timestamp>1632.584420</timestamp>
			</report>
			<report>
				<misses>231800000</misses>
				<total>0</total>
				<timestamp>1633.296936</timestamp>
			</report>
			<report>
				<misses>231900000</misses>
				<total>0</total>
				<timestamp>1634.057606</timestamp>
			</report>
			<report>
				<misses>232000000</misses>
				<total>0</total>
				<timestamp>1634.780388</timestamp>
			</report>
			<report>
				<misses>232100000</misses>
				<total>0</total>
				<timestamp>1635.497731</timestamp>
			</report>
			<report>
				<misses>232200000</misses>
				<total>0</total>
				<timestamp>1636.268029</timestamp>
			</report>
			<report>
				<misses>232300000</misses>
				<total>0</total>
				<timestamp>1637.010620</timestamp>
			</report>
			<report>
				<misses>232400000</misses>
				<total>0</total>
				<timestamp>1637.749832</timestamp>
			</report>
			<report>
				<misses>232500000</misses>
				<total>0</total>
				<timestamp>1638.475955</timestamp>
			</report>
			<report>
				<misses>232600000</misses>
				<total>0</total>
				<timestamp>1639.214588</timestamp>
			</report>
			<report>
				<misses>232700000</misses>
				<total>0</total>
				<timestamp>1639.934603</timestamp>
			</report>
			<report>
				<misses>232800000</misses>
				<total>0</total>
				<timestamp>1640.675182</timestamp>
			</report>
			<report>
				<misses>232900000</misses>
				<total>0</total>
				<timestamp>1641.413351</timestamp>
			</report>
			<report>
				<misses>233000000</misses>
				<total>0</total>
				<timestamp>1642.126540</timestamp>
			</report>
			<report>
				<misses>233100000</misses>
				<total>0</total>
				<timestamp>1642.885846</timestamp>
			</report>
			<report>
				<misses>233200000</misses>
				<total>0</total>
				<timestamp>1643.589229</timestamp>
			</report>
			<report>
				<misses>233300000</misses>
				<total>0</total>
				<timestamp>1644.275253</timestamp>
			</report>
			<report>
				<misses>233400000</misses>
				<total>0</total>
				<timestamp>1644.988635</timestamp>
			</report>
			<report>
				<misses>233500000</misses>
				<total>0</total>
				<timestamp>1645.669274</timestamp>
			</report>
			<report>
				<misses>233600000</misses>
				<total>0</total>
				<timestamp>1646.358083</timestamp>
			</report>
			<report>
				<misses>233700000</misses>
				<total>0</total>
				<timestamp>1647.038370</timestamp>
			</report>
			<report>
				<misses>233800000</misses>
				<total>0</total>
				<timestamp>1647.742520</timestamp>
			</report>
			<report>
				<misses>233900000</misses>
				<total>0</total>
				<timestamp>1648.436093</timestamp>
			</report>
			<report>
				<misses>234000000</misses>
				<total>0</total>
				<timestamp>1649.132242</timestamp>
			</report>
			<report>
				<misses>234100000</misses>
				<total>0</total>
				<timestamp>1649.817195</timestamp>
			</report>
			<report>
				<misses>234200000</misses>
				<total>0</total>
				<timestamp>1650.507746</timestamp>
			</report>
			<report>
				<misses>234300000</misses>
				<total>0</total>
				<timestamp>1651.244312</timestamp>
			</report>
			<report>
				<misses>234400000</misses>
				<total>0</total>
				<timestamp>1651.994509</timestamp>
			</report>
			<report>
				<misses>234500000</misses>
				<total>0</total>
				<timestamp>1652.691702</timestamp>
			</report>
			<report>
				<misses>234600000</misses>
				<total>0</total>
				<timestamp>1653.418481</timestamp>
			</report>
			<report>
				<misses>234700000</misses>
				<total>0</total>
				<timestamp>1654.119939</timestamp>
			</report>
			<report>
				<misses>234800000</misses>
				<total>0</total>
				<timestamp>1654.823280</timestamp>
			</report>
			<report>
				<misses>234900000</misses>
				<total>0</total>
				<timestamp>1655.516462</timestamp>
			</report>
			<report>
				<misses>235000000</misses>
				<total>0</total>
				<timestamp>1656.222527</timestamp>
			</report>
			<report>
				<misses>235100000</misses>
				<total>0</total>
				<timestamp>1656.940441</timestamp>
			</report>
			<report>
				<misses>235200000</misses>
				<total>0</total>
				<timestamp>1657.647680</timestamp>
			</report>
			<report>
				<misses>235300000</misses>
				<total>0</total>
				<timestamp>1658.364509</timestamp>
			</report>
			<report>
				<misses>235400000</misses>
				<total>0</total>
				<timestamp>1659.040289</timestamp>
			</report>
			<report>
				<misses>235500000</misses>
				<total>0</total>
				<timestamp>1659.730119</timestamp>
			</report>
			<report>
				<misses>235600000</misses>
				<total>0</total>
				<timestamp>1660.477486</timestamp>
			</report>
			<report>
				<misses>235700000</misses>
				<total>0</total>
				<timestamp>1661.162567</timestamp>
			</report>
			<report>
				<misses>235800000</misses>
				<total>0</total>
				<timestamp>1661.853679</timestamp>
			</report>
			<report>
				<misses>235900000</misses>
				<total>0</total>
				<timestamp>1662.528763</timestamp>
			</report>
			<report>
				<misses>236000000</misses>
				<total>0</total>
				<timestamp>1663.206058</timestamp>
			</report>
			<report>
				<misses>236100000</misses>
				<total>0</total>
				<timestamp>1663.894962</timestamp>
			</report>
			<report>
				<misses>236200000</misses>
				<total>0</total>
				<timestamp>1664.591982</timestamp>
			</report>
			<report>
				<misses>236300000</misses>
				<total>0</total>
				<timestamp>1665.260581</timestamp>
			</report>
			<report>
				<misses>236400000</misses>
				<total>0</total>
				<timestamp>1665.943081</timestamp>
			</report>
			<report>
				<misses>236500000</misses>
				<total>0</total>
				<timestamp>1666.627055</timestamp>
			</report>
			<report>
				<misses>236600000</misses>
				<total>0</total>
				<timestamp>1667.321605</timestamp>
			</report>
			<report>
				<misses>236700000</misses>
				<total>0</total>
				<timestamp>1668.032784</timestamp>
			</report>
			<report>
				<misses>236800000</misses>
				<total>0</total>
				<timestamp>1668.743762</timestamp>
			</report>
			<report>
				<misses>236900000</misses>
				<total>0</total>
				<timestamp>1669.466807</timestamp>
			</report>
			<report>
				<misses>237000000</misses>
				<total>0</total>
				<timestamp>1670.165933</timestamp>
			</report>
			<report>
				<misses>237100000</misses>
				<total>0</total>
				<timestamp>1670.882583</timestamp>
			</report>
			<report>
				<misses>237200000</misses>
				<total>0</total>
				<timestamp>1671.591230</timestamp>
			</report>
			<report>
				<misses>237300000</misses>
				<total>0</total>
				<timestamp>1672.288667</timestamp>
			</report>
			<report>
				<misses>237400000</misses>
				<total>0</total>
				<timestamp>1673.010523</timestamp>
			</report>
			<report>
				<misses>237500000</misses>
				<total>0</total>
				<timestamp>1673.700809</timestamp>
			</report>
			<report>
				<misses>237600000</misses>
				<total>0</total>
				<timestamp>1674.412522</timestamp>
			</report>
			<report>
				<misses>237700000</misses>
				<total>0</total>
				<timestamp>1675.158615</timestamp>
			</report>
			<report>
				<misses>237800000</misses>
				<total>0</total>
				<timestamp>1675.872963</timestamp>
			</report>
			<report>
				<misses>237900000</misses>
				<total>0</total>
				<timestamp>1676.580025</timestamp>
			</report>
			<report>
				<misses>238000000</misses>
				<total>0</total>
				<timestamp>1677.269052</timestamp>
			</report>
			<report>
				<misses>238100000</misses>
				<total>0</total>
				<timestamp>1677.954216</timestamp>
			</report>
			<report>
				<misses>238200000</misses>
				<total>0</total>
				<timestamp>1678.645366</timestamp>
			</report>
			<report>
				<misses>238300000</misses>
				<total>0</total>
				<timestamp>1679.322731</timestamp>
			</report>
			<report>
				<misses>238400000</misses>
				<total>0</total>
				<timestamp>1679.996117</timestamp>
			</report>
			<report>
				<misses>238500000</misses>
				<total>0</total>
				<timestamp>1680.676632</timestamp>
			</report>
			<report>
				<misses>238600000</misses>
				<total>0</total>
				<timestamp>1681.361407</timestamp>
			</report>
			<report>
				<misses>238700000</misses>
				<total>0</total>
				<timestamp>1682.048668</timestamp>
			</report>
			<report>
				<misses>238800000</misses>
				<total>0</total>
				<timestamp>1682.729136</timestamp>
			</report>
			<report>
				<misses>238900000</misses>
				<total>0</total>
				<timestamp>1683.423768</timestamp>
			</report>
			<report>
				<misses>239000000</misses>
				<total>0</total>
				<timestamp>1684.154575</timestamp>
			</report>
			<report>
				<misses>239100000</misses>
				<total>0</total>
				<timestamp>1684.858155</timestamp>
			</report>
			<report>
				<misses>239200000</misses>
				<total>0</total>
				<timestamp>1685.569474</timestamp>
			</report>
			<report>
				<misses>239300000</misses>
				<total>0</total>
				<timestamp>1686.284307</timestamp>
			</report>
			<report>
				<misses>239400000</misses>
				<total>0</total>
				<timestamp>1687.006685</timestamp>
			</report>
			<report>
				<misses>239500000</misses>
				<total>0</total>
				<timestamp>1687.706146</timestamp>
			</report>
			<report>
				<misses>239600000</misses>
				<total>0</total>
				<timestamp>1688.441803</timestamp>
			</report>
			<report>
				<misses>239700000</misses>
				<total>0</total>
				<timestamp>1689.152778</timestamp>
			</report>
			<report>
				<misses>239800000</misses>
				<total>0</total>
				<timestamp>1689.846866</timestamp>
			</report>
			<report>
				<misses>239900000</misses>
				<total>0</total>
				<timestamp>1690.543368</timestamp>
			</report>
			<report>
				<misses>240000000</misses>
				<total>0</total>
				<timestamp>1691.284471</timestamp>
			</report>
			<report>
				<misses>240100000</misses>
				<total>0</total>
				<timestamp>1692.001632</timestamp>
			</report>
			<report>
				<misses>240200000</misses>
				<total>0</total>
				<timestamp>1692.720160</timestamp>
			</report>
			<report>
				<misses>240300000</misses>
				<total>0</total>
				<timestamp>1693.401762</timestamp>
			</report>
			<report>
				<misses>240400000</misses>
				<total>0</total>
				<timestamp>1694.097689</timestamp>
			</report>
			<report>
				<misses>240500000</misses>
				<total>0</total>
				<timestamp>1694.779590</timestamp>
			</report>
			<report>
				<misses>240600000</misses>
				<total>0</total>
				<timestamp>1695.474058</timestamp>
			</report>
			<report>
				<misses>240700000</misses>
				<total>0</total>
				<timestamp>1696.164094</timestamp>
			</report>
			<report>
				<misses>240800000</misses>
				<total>0</total>
				<timestamp>1696.873007</timestamp>
			</report>
			<report>
				<misses>240900000</misses>
				<total>0</total>
				<timestamp>1697.556976</timestamp>
			</report>
			<report>
				<misses>241000000</misses>
				<total>0</total>
				<timestamp>1698.233014</timestamp>
			</report>
			<report>
				<misses>241100000</misses>
				<total>0</total>
				<timestamp>1698.921999</timestamp>
			</report>
			<report>
				<misses>241200000</misses>
				<total>0</total>
				<timestamp>1699.622120</timestamp>
			</report>
			<report>
				<misses>241300000</misses>
				<total>0</total>
				<timestamp>1700.335566</timestamp>
			</report>
			<report>
				<misses>241400000</misses>
				<total>0</total>
				<timestamp>1701.098557</timestamp>
			</report>
			<report>
				<misses>241500000</misses>
				<total>0</total>
				<timestamp>1701.825395</timestamp>
			</report>
			<report>
				<misses>241600000</misses>
				<total>0</total>
				<timestamp>1702.525890</timestamp>
			</report>
			<report>
				<misses>241700000</misses>
				<total>0</total>
				<timestamp>1703.228950</timestamp>
			</report>
			<report>
				<misses>241800000</misses>
				<total>0</total>
				<timestamp>1703.915016</timestamp>
			</report>
			<report>
				<misses>241900000</misses>
				<total>0</total>
				<timestamp>1704.615141</timestamp>
			</report>
			<report>
				<misses>242000000</misses>
				<total>0</total>
				<timestamp>1705.354427</timestamp>
			</report>
			<report>
				<misses>242100000</misses>
				<total>0</total>
				<timestamp>1706.060507</timestamp>
			</report>
			<report>
				<misses>242200000</misses>
				<total>0</total>
				<timestamp>1706.758571</timestamp>
			</report>
			<report>
				<misses>242300000</misses>
				<total>0</total>
				<timestamp>1707.487538</timestamp>
			</report>
			<report>
				<misses>242400000</misses>
				<total>0</total>
				<timestamp>1708.198292</timestamp>
			</report>
			<report>
				<misses>242500000</misses>
				<total>0</total>
				<timestamp>1708.904850</timestamp>
			</report>
			<report>
				<misses>242600000</misses>
				<total>0</total>
				<timestamp>1709.607097</timestamp>
			</report>
			<report>
				<misses>242700000</misses>
				<total>0</total>
				<timestamp>1710.294851</timestamp>
			</report>
			<report>
				<misses>242800000</misses>
				<total>0</total>
				<timestamp>1710.986185</timestamp>
			</report>
			<report>
				<misses>242900000</misses>
				<total>0</total>
				<timestamp>1711.661487</timestamp>
			</report>
			<report>
				<misses>243000000</misses>
				<total>0</total>
				<timestamp>1712.362024</timestamp>
			</report>
			<report>
				<misses>243100000</misses>
				<total>0</total>
				<timestamp>1713.040065</timestamp>
			</report>
			<report>
				<misses>243200000</misses>
				<total>0</total>
				<timestamp>1713.731692</timestamp>
			</report>
			<report>
				<misses>243300000</misses>
				<total>0</total>
				<timestamp>1714.418219</timestamp>
			</report>
			<report>
				<misses>243400000</misses>
				<total>0</total>
				<timestamp>1715.101778</timestamp>
			</report>
			<report>
				<misses>243500000</misses>
				<total>0</total>
				<timestamp>1715.787617</timestamp>
			</report>
			<report>
				<misses>243600000</misses>
				<total>0</total>
				<timestamp>1716.479340</timestamp>
			</report>
			<report>
				<misses>243700000</misses>
				<total>0</total>
				<timestamp>1717.170444</timestamp>
			</report>
			<report>
				<misses>243800000</misses>
				<total>0</total>
				<timestamp>1717.878577</timestamp>
			</report>
			<report>
				<misses>243900000</misses>
				<total>0</total>
				<timestamp>1718.580854</timestamp>
			</report>
			<report>
				<misses>244000000</misses>
				<total>0</total>
				<timestamp>1719.283502</timestamp>
			</report>
			<report>
				<misses>244100000</misses>
				<total>0</total>
				<timestamp>1719.977787</timestamp>
			</report>
			<report>
				<misses>244200000</misses>
				<total>0</total>
				<timestamp>1720.675599</timestamp>
			</report>
			<report>
				<misses>244300000</misses>
				<total>0</total>
				<timestamp>1721.366201</timestamp>
			</report>
			<report>
				<misses>244400000</misses>
				<total>0</total>
				<timestamp>1722.058241</timestamp>
			</report>
			<report>
				<misses>244500000</misses>
				<total>0</total>
				<timestamp>1722.756569</timestamp>
			</report>
			<report>
				<misses>244600000</misses>
				<total>0</total>
				<timestamp>1723.459186</timestamp>
			</report>
			<report>
				<misses>244700000</misses>
				<total>0</total>
				<timestamp>1724.182687</timestamp>
			</report>
			<report>
				<misses>244800000</misses>
				<total>0</total>
				<timestamp>1724.880773</timestamp>
			</report>
			<report>
				<misses>244900000</misses>
				<total>0</total>
				<timestamp>1725.584592</timestamp>
			</report>
			<report>
				<misses>245000000</misses>
				<total>0</total>
				<timestamp>1726.280725</timestamp>
			</report>
			<report>
				<misses>245100000</misses>
				<total>0</total>
				<timestamp>1726.972813</timestamp>
			</report>
			<report>
				<misses>245200000</misses>
				<total>0</total>
				<timestamp>1727.660557</timestamp>
			</report>
			<report>
				<misses>245300000</misses>
				<total>0</total>
				<timestamp>1728.341564</timestamp>
			</report>
			<report>
				<misses>245400000</misses>
				<total>0</total>
				<timestamp>1729.042614</timestamp>
			</report>
			<report>
				<misses>245500000</misses>
				<total>0</total>
				<timestamp>1729.731456</timestamp>
			</report>
			<report>
				<misses>245600000</misses>
				<total>0</total>
				<timestamp>1730.425973</timestamp>
			</report>
			<report>
				<misses>245700000</misses>
				<total>0</total>
				<timestamp>1731.106296</timestamp>
			</report>
			<report>
				<misses>245800000</misses>
				<total>0</total>
				<timestamp>1731.808492</timestamp>
			</report>
			<report>
				<misses>245900000</misses>
				<total>0</total>
				<timestamp>1732.486873</timestamp>
			</report>
			<report>
				<misses>246000000</misses>
				<total>0</total>
				<timestamp>1733.176513</timestamp>
			</report>
			<report>
				<misses>246100000</misses>
				<total>0</total>
				<timestamp>1733.909915</timestamp>
			</report>
			<report>
				<misses>246200000</misses>
				<total>0</total>
				<timestamp>1734.658758</timestamp>
			</report>
			<report>
				<misses>246300000</misses>
				<total>0</total>
				<timestamp>1735.376449</timestamp>
			</report>
			<report>
				<misses>246400000</misses>
				<total>0</total>
				<timestamp>1736.073197</timestamp>
			</report>
			<report>
				<misses>246500000</misses>
				<total>0</total>
				<timestamp>1736.764351</timestamp>
			</report>
			<report>
				<misses>246600000</misses>
				<total>0</total>
				<timestamp>1737.471298</timestamp>
			</report>
			<report>
				<misses>246700000</misses>
				<total>0</total>
				<timestamp>1738.191972</timestamp>
			</report>
			<report>
				<misses>246800000</misses>
				<total>0</total>
				<timestamp>1738.943581</timestamp>
			</report>
			<report>
				<misses>246900000</misses>
				<total>0</total>
				<timestamp>1739.674073</timestamp>
			</report>
			<report>
				<misses>247000000</misses>
				<total>0</total>
				<timestamp>1740.386076</timestamp>
			</report>
			<report>
				<misses>247100000</misses>
				<total>0</total>
				<timestamp>1741.130196</timestamp>
			</report>
			<report>
				<misses>247200000</misses>
				<total>0</total>
				<timestamp>1741.874062</timestamp>
			</report>
			<report>
				<misses>247300000</misses>
				<total>0</total>
				<timestamp>1742.610477</timestamp>
			</report>
			<report>
				<misses>247400000</misses>
				<total>0</total>
				<timestamp>1743.337937</timestamp>
			</report>
			<report>
				<misses>247500000</misses>
				<total>0</total>
				<timestamp>1744.084738</timestamp>
			</report>
			<report>
				<misses>247600000</misses>
				<total>0</total>
				<timestamp>1744.803543</timestamp>
			</report>
			<report>
				<misses>247700000</misses>
				<total>0</total>
				<timestamp>1745.559499</timestamp>
			</report>
			<report>
				<misses>247800000</misses>
				<total>0</total>
				<timestamp>1746.292187</timestamp>
			</report>
			<report>
				<misses>247900000</misses>
				<total>0</total>
				<timestamp>1747.017066</timestamp>
			</report>
			<report>
				<misses>248000000</misses>
				<total>0</total>
				<timestamp>1747.739569</timestamp>
			</report>
			<report>
				<misses>248100000</misses>
				<total>0</total>
				<timestamp>1748.452460</timestamp>
			</report>
			<report>
				<misses>248200000</misses>
				<total>0</total>
				<timestamp>1749.186869</timestamp>
			</report>
			<report>
				<misses>248300000</misses>
				<total>0</total>
				<timestamp>1749.892085</timestamp>
			</report>
			<report>
				<misses>248400000</misses>
				<total>0</total>
				<timestamp>1750.577492</timestamp>
			</report>
			<report>
				<misses>248500000</misses>
				<total>0</total>
				<timestamp>1751.270648</timestamp>
			</report>
			<report>
				<misses>248600000</misses>
				<total>0</total>
				<timestamp>1751.962453</timestamp>
			</report>
			<report>
				<misses>248700000</misses>
				<total>0</total>
				<timestamp>1752.654282</timestamp>
			</report>
			<report>
				<misses>248800000</misses>
				<total>0</total>
				<timestamp>1753.359297</timestamp>
			</report>
			<report>
				<misses>248900000</misses>
				<total>0</total>
				<timestamp>1754.050750</timestamp>
			</report>
			<report>
				<misses>249000000</misses>
				<total>0</total>
				<timestamp>1754.755473</timestamp>
			</report>
			<report>
				<misses>249100000</misses>
				<total>0</total>
				<timestamp>1755.442910</timestamp>
			</report>
			<report>
				<misses>249200000</misses>
				<total>0</total>
				<timestamp>1756.143904</timestamp>
			</report>
			<report>
				<misses>249300000</misses>
				<total>0</total>
				<timestamp>1756.834926</timestamp>
			</report>
			<report>
				<misses>249400000</misses>
				<total>0</total>
				<timestamp>1757.533279</timestamp>
			</report>
			<report>
				<misses>249500000</misses>
				<total>0</total>
				<timestamp>1758.255617</timestamp>
			</report>
			<report>
				<misses>249600000</misses>
				<total>0</total>
				<timestamp>1758.984866</timestamp>
			</report>
			<report>
				<misses>249700000</misses>
				<total>0</total>
				<timestamp>1759.692601</timestamp>
			</report>
			<report>
				<misses>249800000</misses>
				<total>0</total>
				<timestamp>1760.404113</timestamp>
			</report>
			<report>
				<misses>249900000</misses>
				<total>0</total>
				<timestamp>1761.106413</timestamp>
			</report>
			<report>
				<misses>250000000</misses>
				<total>0</total>
				<timestamp>1761.817699</timestamp>
			</report>
			<report>
				<misses>250100000</misses>
				<total>0</total>
				<timestamp>1762.527291</timestamp>
			</report>
			<report>
				<misses>250200000</misses>
				<total>0</total>
				<timestamp>1763.236730</timestamp>
			</report>
			<report>
				<misses>250300000</misses>
				<total>0</total>
				<timestamp>1763.946802</timestamp>
			</report>
			<report>
				<misses>250400000</misses>
				<total>0</total>
				<timestamp>1764.640261</timestamp>
			</report>
			<report>
				<misses>250500000</misses>
				<total>0</total>
				<timestamp>1765.357356</timestamp>
			</report>
			<report>
				<misses>250600000</misses>
				<total>0</total>
				<timestamp>1766.050792</timestamp>
			</report>
			<report>
				<misses>250700000</misses>
				<total>0</total>
				<timestamp>1766.745589</timestamp>
			</report>
			<report>
				<misses>250800000</misses>
				<total>0</total>
				<timestamp>1767.428600</timestamp>
			</report>
			<report>
				<misses>250900000</misses>
				<total>0</total>
				<timestamp>1768.114351</timestamp>
			</report>
			<report>
				<misses>251000000</misses>
				<total>0</total>
				<timestamp>1768.789402</timestamp>
			</report>
			<report>
				<misses>251100000</misses>
				<total>0</total>
				<timestamp>1769.480083</timestamp>
			</report>
			<report>
				<misses>251200000</misses>
				<total>0</total>
				<timestamp>1770.159858</timestamp>
			</report>
			<report>
				<misses>251300000</misses>
				<total>0</total>
				<timestamp>1770.851099</timestamp>
			</report>
			<report>
				<misses>251400000</misses>
				<total>0</total>
				<timestamp>1771.528545</timestamp>
			</report>
			<report>
				<misses>251500000</misses>
				<total>0</total>
				<timestamp>1772.224648</timestamp>
			</report>
			<report>
				<misses>251600000</misses>
				<total>0</total>
				<timestamp>1772.925949</timestamp>
			</report>
			<report>
				<misses>251700000</misses>
				<total>0</total>
				<timestamp>1773.661579</timestamp>
			</report>
			<report>
				<misses>251800000</misses>
				<total>0</total>
				<timestamp>1774.367899</timestamp>
			</report>
			<report>
				<misses>251900000</misses>
				<total>0</total>
				<timestamp>1775.079358</timestamp>
			</report>
			<report>
				<misses>252000000</misses>
				<total>0</total>
				<timestamp>1775.793137</timestamp>
			</report>
			<report>
				<misses>252100000</misses>
				<total>0</total>
				<timestamp>1776.487258</timestamp>
			</report>
			<report>
				<misses>252200000</misses>
				<total>0</total>
				<timestamp>1777.192238</timestamp>
			</report>
			<report>
				<misses>252300000</misses>
				<total>0</total>
				<timestamp>1777.878862</timestamp>
			</report>
			<report>
				<misses>252400000</misses>
				<total>0</total>
				<timestamp>1778.589272</timestamp>
			</report>
			<report>
				<misses>252500000</misses>
				<total>0</total>
				<timestamp>1779.275333</timestamp>
			</report>
			<report>
				<misses>252600000</misses>
				<total>0</total>
				<timestamp>1779.994610</timestamp>
			</report>
			<report>
				<misses>252700000</misses>
				<total>0</total>
				<timestamp>1780.706684</timestamp>
			</report>
			<report>
				<misses>252800000</misses>
				<total>0</total>
				<timestamp>1781.420598</timestamp>
			</report>
			<report>
				<misses>252900000</misses>
				<total>0</total>
				<timestamp>1782.115500</timestamp>
			</report>
			<report>
				<misses>253000000</misses>
				<total>0</total>
				<timestamp>1782.813180</timestamp>
			</report>
			<report>
				<misses>253100000</misses>
				<total>0</total>
				<timestamp>1783.494578</timestamp>
			</report>
			<report>
				<misses>253200000</misses>
				<total>0</total>
				<timestamp>1784.166678</timestamp>
			</report>
			<report>
				<misses>253300000</misses>
				<total>0</total>
				<timestamp>1784.843729</timestamp>
			</report>
			<report>
				<misses>253400000</misses>
				<total>0</total>
				<timestamp>1785.545610</timestamp>
			</report>
			<report>
				<misses>253500000</misses>
				<total>0</total>
				<timestamp>1786.243545</timestamp>
			</report>
			<report>
				<misses>253600000</misses>
				<total>0</total>
				<timestamp>1786.933261</timestamp>
			</report>
			<report>
				<misses>253700000</misses>
				<total>0</total>
				<timestamp>1787.631288</timestamp>
			</report>
			<report>
				<misses>253800000</misses>
				<total>0</total>
				<timestamp>1788.314737</timestamp>
			</report>
			<report>
				<misses>253900000</misses>
				<total>0</total>
				<timestamp>1789.003297</timestamp>
			</report>
			<report>
				<misses>254000000</misses>
				<total>0</total>
				<timestamp>1789.739752</timestamp>
			</report>
			<report>
				<misses>254100000</misses>
				<total>0</total>
				<timestamp>1790.472364</timestamp>
			</report>
			<report>
				<misses>254200000</misses>
				<total>0</total>
				<timestamp>1791.196328</timestamp>
			</report>
			<report>
				<misses>254300000</misses>
				<total>0</total>
				<timestamp>1791.904274</timestamp>
			</report>
			<report>
				<misses>254400000</misses>
				<total>0</total>
				<timestamp>1792.611478</timestamp>
			</report>
			<report>
				<misses>254500000</misses>
				<total>0</total>
				<timestamp>1793.322431</timestamp>
			</report>
			<report>
				<misses>254600000</misses>
				<total>0</total>
				<timestamp>1794.013951</timestamp>
			</report>
			<report>
				<misses>254700000</misses>
				<total>0</total>
				<timestamp>1794.742751</timestamp>
			</report>
			<report>
				<misses>254800000</misses>
				<total>0</total>
				<timestamp>1795.444788</timestamp>
			</report>
			<report>
				<misses>254900000</misses>
				<total>0</total>
				<timestamp>1796.138040</timestamp>
			</report>
			<report>
				<misses>255000000</misses>
				<total>0</total>
				<timestamp>1796.842819</timestamp>
			</report>
			<report>
				<misses>255100000</misses>
				<total>0</total>
				<timestamp>1797.552301</timestamp>
			</report>
			<report>
				<misses>255200000</misses>
				<total>0</total>
				<timestamp>1798.252548</timestamp>
			</report>
			<report>
				<misses>255300000</misses>
				<total>0</total>
				<timestamp>1798.943492</timestamp>
			</report>
			<report>
				<misses>255400000</misses>
				<total>0</total>
				<timestamp>1799.635509</timestamp>
			</report>
			<report>
				<misses>255500000</misses>
				<total>0</total>
				<timestamp>1800.306687</timestamp>
			</report>
			<report>
				<misses>255600000</misses>
				<total>0</total>
				<timestamp>1800.975388</timestamp>
			</report>
			<report>
				<misses>255700000</misses>
				<total>0</total>
				<timestamp>1801.679513</timestamp>
			</report>
			<report>
				<misses>255800000</misses>
				<total>0</total>
				<timestamp>1802.362601</timestamp>
			</report>
			<report>
				<misses>255900000</misses>
				<total>0</total>
				<timestamp>1803.055533</timestamp>
			</report>
			<report>
				<misses>256000000</misses>
				<total>0</total>
				<timestamp>1803.771951</timestamp>
			</report>
			<report>
				<misses>256100000</misses>
				<total>0</total>
				<timestamp>1804.456608</timestamp>
			</report>
			<report>
				<misses>256200000</misses>
				<total>0</total>
				<timestamp>1805.121340</timestamp>
			</report>
			<report>
				<misses>256300000</misses>
				<total>0</total>
				<timestamp>1805.796173</timestamp>
			</report>
			<report>
				<misses>256400000</misses>
				<total>0</total>
				<timestamp>1806.508991</timestamp>
			</report>
			<report>
				<misses>256500000</misses>
				<total>0</total>
				<timestamp>1807.225901</timestamp>
			</report>
			<report>
				<misses>256600000</misses>
				<total>0</total>
				<timestamp>1807.923458</timestamp>
			</report>
			<report>
				<misses>256700000</misses>
				<total>0</total>
				<timestamp>1808.640397</timestamp>
			</report>
			<report>
				<misses>256800000</misses>
				<total>0</total>
				<timestamp>1809.336107</timestamp>
			</report>
			<report>
				<misses>256900000</misses>
				<total>0</total>
				<timestamp>1810.053067</timestamp>
			</report>
			<report>
				<misses>257000000</misses>
				<total>0</total>
				<timestamp>1810.763479</timestamp>
			</report>
			<report>
				<misses>257100000</misses>
				<total>0</total>
				<timestamp>1811.445323</timestamp>
			</report>
			<report>
				<misses>257200000</misses>
				<total>0</total>
				<timestamp>1812.163265</timestamp>
			</report>
			<report>
				<misses>257300000</misses>
				<total>0</total>
				<timestamp>1812.861951</timestamp>
			</report>
			<report>
				<misses>257400000</misses>
				<total>0</total>
				<timestamp>1813.550703</timestamp>
			</report>
			<report>
				<misses>257500000</misses>
				<total>0</total>
				<timestamp>1814.252691</timestamp>
			</report>
			<report>
				<misses>257600000</misses>
				<total>0</total>
				<timestamp>1814.981648</timestamp>
			</report>
			<report>
				<misses>257700000</misses>
				<total>0</total>
				<timestamp>1815.675893</timestamp>
			</report>
			<report>
				<misses>257800000</misses>
				<total>0</total>
				<timestamp>1816.353644</timestamp>
			</report>
			<report>
				<misses>257900000</misses>
				<total>0</total>
				<timestamp>1817.049067</timestamp>
			</report>
			<report>
				<misses>258000000</misses>
				<total>0</total>
				<timestamp>1817.712409</timestamp>
			</report>
			<report>
				<misses>258100000</misses>
				<total>0</total>
				<timestamp>1818.400936</timestamp>
			</report>
			<report>
				<misses>258200000</misses>
				<total>0</total>
				<timestamp>1819.101339</timestamp>
			</report>
			<report>
				<misses>258300000</misses>
				<total>0</total>
				<timestamp>1819.781559</timestamp>
			</report>
			<report>
				<misses>258400000</misses>
				<total>0</total>
				<timestamp>1820.447482</timestamp>
			</report>
			<report>
				<misses>258500000</misses>
				<total>0</total>
				<timestamp>1821.141287</timestamp>
			</report>
			<report>
				<misses>258600000</misses>
				<total>0</total>
				<timestamp>1821.828339</timestamp>
			</report>
			<report>
				<misses>258700000</misses>
				<total>0</total>
				<timestamp>1822.518846</timestamp>
			</report>
			<report>
				<misses>258800000</misses>
				<total>0</total>
				<timestamp>1823.273762</timestamp>
			</report>
			<report>
				<misses>258900000</misses>
				<total>0</total>
				<timestamp>1824.044609</timestamp>
			</report>
			<report>
				<misses>259000000</misses>
				<total>0</total>
				<timestamp>1824.753482</timestamp>
			</report>
			<report>
				<misses>259100000</misses>
				<total>0</total>
				<timestamp>1825.513557</timestamp>
			</report>
			<report>
				<misses>259200000</misses>
				<total>0</total>
				<timestamp>1826.235389</timestamp>
			</report>
			<report>
				<misses>259300000</misses>
				<total>0</total>
				<timestamp>1826.938459</timestamp>
			</report>
			<report>
				<misses>259400000</misses>
				<total>0</total>
				<timestamp>1827.656365</timestamp>
			</report>
			<report>
				<misses>259500000</misses>
				<total>0</total>
				<timestamp>1828.362413</timestamp>
			</report>
			<report>
				<misses>259600000</misses>
				<total>0</total>
				<timestamp>1829.072872</timestamp>
			</report>
			<report>
				<misses>259700000</misses>
				<total>0</total>
				<timestamp>1829.794364</timestamp>
			</report>
			<report>
				<misses>259800000</misses>
				<total>0</total>
				<timestamp>1830.518282</timestamp>
			</report>
			<report>
				<misses>259900000</misses>
				<total>0</total>
				<timestamp>1831.222657</timestamp>
			</report>
			<report>
				<misses>260000000</misses>
				<total>0</total>
				<timestamp>1831.938227</timestamp>
			</report>
			<report>
				<misses>260100000</misses>
				<total>0</total>
				<timestamp>1832.674791</timestamp>
			</report>
			<report>
				<misses>260200000</misses>
				<total>0</total>
				<timestamp>1833.379107</timestamp>
			</report>
			<report>
				<misses>260300000</misses>
				<total>0</total>
				<timestamp>1834.076700</timestamp>
			</report>
			<report>
				<misses>260400000</misses>
				<total>0</total>
				<timestamp>1834.781000</timestamp>
			</report>
			<report>
				<misses>260500000</misses>
				<total>0</total>
				<timestamp>1835.498158</timestamp>
			</report>
			<report>
				<misses>260600000</misses>
				<total>0</total>
				<timestamp>1836.203337</timestamp>
			</report>
			<report>
				<misses>260700000</misses>
				<total>0</total>
				<timestamp>1836.910098</timestamp>
			</report>
			<report>
				<misses>260800000</misses>
				<total>0</total>
				<timestamp>1837.599948</timestamp>
			</report>
			<report>
				<misses>260900000</misses>
				<total>0</total>
				<timestamp>1838.266142</timestamp>
			</report>
			<report>
				<misses>261000000</misses>
				<total>0</total>
				<timestamp>1838.956239</timestamp>
			</report>
			<report>
				<misses>261100000</misses>
				<total>0</total>
				<timestamp>1839.651544</timestamp>
			</report>
			<report>
				<misses>261200000</misses>
				<total>0</total>
				<timestamp>1840.330626</timestamp>
			</report>
			<report>
				<misses>261300000</misses>
				<total>0</total>
				<timestamp>1841.053238</timestamp>
			</report>
			<report>
				<misses>261400000</misses>
				<total>0</total>
				<timestamp>1841.744651</timestamp>
			</report>
			<report>
				<misses>261500000</misses>
				<total>0</total>
				<timestamp>1842.422832</timestamp>
			</report>
			<report>
				<misses>261600000</misses>
				<total>0</total>
				<timestamp>1843.130916</timestamp>
			</report>
			<report>
				<misses>261700000</misses>
				<total>0</total>
				<timestamp>1843.859825</timestamp>
			</report>
			<report>
				<misses>261800000</misses>
				<total>0</total>
				<timestamp>1844.576222</timestamp>
			</report>
			<report>
				<misses>261900000</misses>
				<total>0</total>
				<timestamp>1845.292204</timestamp>
			</report>
			<report>
				<misses>262000000</misses>
				<total>0</total>
				<timestamp>1846.014782</timestamp>
			</report>
			<report>
				<misses>262100000</misses>
				<total>0</total>
				<timestamp>1846.705879</timestamp>
			</report>
			<report>
				<misses>262200000</misses>
				<total>0</total>
				<timestamp>1847.417359</timestamp>
			</report>
			<report>
				<misses>262300000</misses>
				<total>0</total>
				<timestamp>1848.131900</timestamp>
			</report>
			<report>
				<misses>262400000</misses>
				<total>0</total>
				<timestamp>1848.830151</timestamp>
			</report>
			<report>
				<misses>262500000</misses>
				<total>0</total>
				<timestamp>1849.533802</timestamp>
			</report>
			<report>
				<misses>262600000</misses>
				<total>0</total>
				<timestamp>1850.218565</timestamp>
			</report>
			<report>
				<misses>262700000</misses>
				<total>0</total>
				<timestamp>1850.910848</timestamp>
			</report>
			<report>
				<misses>262800000</misses>
				<total>0</total>
				<timestamp>1851.699353</timestamp>
			</report>
			<report>
				<misses>262900000</misses>
				<total>0</total>
				<timestamp>1852.459808</timestamp>
			</report>
			<report>
				<misses>263000000</misses>
				<total>0</total>
				<timestamp>1853.195263</timestamp>
			</report>
			<report>
				<misses>263100000</misses>
				<total>0</total>
				<timestamp>1853.929947</timestamp>
			</report>
			<report>
				<misses>263200000</misses>
				<total>0</total>
				<timestamp>1854.650715</timestamp>
			</report>
			<report>
				<misses>263300000</misses>
				<total>0</total>
				<timestamp>1855.385204</timestamp>
			</report>
			<report>
				<misses>263400000</misses>
				<total>0</total>
				<timestamp>1856.113356</timestamp>
			</report>
			<report>
				<misses>263500000</misses>
				<total>0</total>
				<timestamp>1856.824883</timestamp>
			</report>
			<report>
				<misses>263600000</misses>
				<total>0</total>
				<timestamp>1857.576670</timestamp>
			</report>
			<report>
				<misses>263700000</misses>
				<total>0</total>
				<timestamp>1858.299262</timestamp>
			</report>
			<report>
				<misses>263800000</misses>
				<total>0</total>
				<timestamp>1859.026938</timestamp>
			</report>
			<report>
				<misses>263900000</misses>
				<total>0</total>
				<timestamp>1859.703723</timestamp>
			</report>
			<report>
				<misses>264000000</misses>
				<total>0</total>
				<timestamp>1860.395922</timestamp>
			</report>
			<report>
				<misses>264100000</misses>
				<total>0</total>
				<timestamp>1861.093269</timestamp>
			</report>
			<report>
				<misses>264200000</misses>
				<total>0</total>
				<timestamp>1861.779409</timestamp>
			</report>
			<report>
				<misses>264300000</misses>
				<total>0</total>
				<timestamp>1862.472669</timestamp>
			</report>
			<report>
				<misses>264400000</misses>
				<total>0</total>
				<timestamp>1863.159870</timestamp>
			</report>
			<report>
				<misses>264500000</misses>
				<total>0</total>
				<timestamp>1863.826665</timestamp>
			</report>
			<report>
				<misses>264600000</misses>
				<total>0</total>
				<timestamp>1864.515667</timestamp>
			</report>
			<report>
				<misses>264700000</misses>
				<total>0</total>
				<timestamp>1865.213362</timestamp>
			</report>
			<report>
				<misses>264800000</misses>
				<total>0</total>
				<timestamp>1865.922189</timestamp>
			</report>
			<report>
				<misses>264900000</misses>
				<total>0</total>
				<timestamp>1866.636280</timestamp>
			</report>
			<report>
				<misses>265000000</misses>
				<total>0</total>
				<timestamp>1867.367745</timestamp>
			</report>
			<report>
				<misses>265100000</misses>
				<total>0</total>
				<timestamp>1868.057530</timestamp>
			</report>
			<report>
				<misses>265200000</misses>
				<total>0</total>
				<timestamp>1868.779396</timestamp>
			</report>
			<report>
				<misses>265300000</misses>
				<total>0</total>
				<timestamp>1869.474885</timestamp>
			</report>
			<report>
				<misses>265400000</misses>
				<total>0</total>
				<timestamp>1870.157476</timestamp>
			</report>
			<report>
				<misses>265500000</misses>
				<total>0</total>
				<timestamp>1870.852044</timestamp>
			</report>
			<report>
				<misses>265600000</misses>
				<total>0</total>
				<timestamp>1871.559090</timestamp>
			</report>
			<report>
				<misses>265700000</misses>
				<total>0</total>
				<timestamp>1872.251359</timestamp>
			</report>
			<report>
				<misses>265800000</misses>
				<total>0</total>
				<timestamp>1872.953518</timestamp>
			</report>
			<report>
				<misses>265900000</misses>
				<total>0</total>
				<timestamp>1873.697533</timestamp>
			</report>
			<report>
				<misses>266000000</misses>
				<total>0</total>
				<timestamp>1874.410761</timestamp>
			</report>
			<report>
				<misses>266100000</misses>
				<total>0</total>
				<timestamp>1875.117114</timestamp>
			</report>
			<report>
				<misses>266200000</misses>
				<total>0</total>
				<timestamp>1875.817752</timestamp>
			</report>
			<report>
				<misses>266300000</misses>
				<total>0</total>
				<timestamp>1876.499055</timestamp>
			</report>
			<report>
				<misses>266400000</misses>
				<total>0</total>
				<timestamp>1877.176590</timestamp>
			</report>
			<report>
				<misses>266500000</misses>
				<total>0</total>
				<timestamp>1877.871189</timestamp>
			</report>
			<report>
				<misses>266600000</misses>
				<total>0</total>
				<timestamp>1878.561983</timestamp>
			</report>
			<report>
				<misses>266700000</misses>
				<total>0</total>
				<timestamp>1879.252894</timestamp>
			</report>
			<report>
				<misses>266800000</misses>
				<total>0</total>
				<timestamp>1879.949261</timestamp>
			</report>
			<report>
				<misses>266900000</misses>
				<total>0</total>
				<timestamp>1880.638014</timestamp>
			</report>
			<report>
				<misses>267000000</misses>
				<total>0</total>
				<timestamp>1881.324350</timestamp>
			</report>
			<report>
				<misses>267100000</misses>
				<total>0</total>
				<timestamp>1882.016657</timestamp>
			</report>
			<report>
				<misses>267200000</misses>
				<total>0</total>
				<timestamp>1882.711057</timestamp>
			</report>
			<report>
				<misses>267300000</misses>
				<total>0</total>
				<timestamp>1883.416431</timestamp>
			</report>
			<report>
				<misses>267400000</misses>
				<total>0</total>
				<timestamp>1884.123034</timestamp>
			</report>
			<report>
				<misses>267500000</misses>
				<total>0</total>
				<timestamp>1884.830356</timestamp>
			</report>
			<report>
				<misses>267600000</misses>
				<total>0</total>
				<timestamp>1885.530179</timestamp>
			</report>
			<report>
				<misses>267700000</misses>
				<total>0</total>
				<timestamp>1886.262973</timestamp>
			</report>
			<report>
				<misses>267800000</misses>
				<total>0</total>
				<timestamp>1886.979609</timestamp>
			</report>
			<report>
				<misses>267900000</misses>
				<total>0</total>
				<timestamp>1887.684977</timestamp>
			</report>
			<report>
				<misses>268000000</misses>
				<total>0</total>
				<timestamp>1888.403561</timestamp>
			</report>
			<report>
				<misses>268100000</misses>
				<total>0</total>
				<timestamp>1889.111660</timestamp>
			</report>
			<report>
				<misses>268200000</misses>
				<total>0</total>
				<timestamp>1889.834113</timestamp>
			</report>
			<report>
				<misses>268300000</misses>
				<total>0</total>
				<timestamp>1890.555758</timestamp>
			</report>
			<report>
				<misses>268400000</misses>
				<total>0</total>
				<timestamp>1891.288981</timestamp>
			</report>
			<report>
				<misses>268500000</misses>
				<total>0</total>
				<timestamp>1891.979910</timestamp>
			</report>
			<report>
				<misses>268600000</misses>
				<total>0</total>
				<timestamp>1892.687509</timestamp>
			</report>
			<report>
				<misses>268700000</misses>
				<total>0</total>
				<timestamp>1893.362473</timestamp>
			</report>
			<report>
				<misses>268800000</misses>
				<total>0</total>
				<timestamp>1894.040570</timestamp>
			</report>
			<report>
				<misses>268900000</misses>
				<total>0</total>
				<timestamp>1894.743197</timestamp>
			</report>
			<report>
				<misses>269000000</misses>
				<total>0</total>
				<timestamp>1895.418224</timestamp>
			</report>
			<report>
				<misses>269100000</misses>
				<total>0</total>
				<timestamp>1896.093716</timestamp>
			</report>
			<report>
				<misses>269200000</misses>
				<total>0</total>
				<timestamp>1896.798359</timestamp>
			</report>
			<report>
				<misses>269300000</misses>
				<total>0</total>
				<timestamp>1897.511845</timestamp>
			</report>
			<report>
				<misses>269400000</misses>
				<total>0</total>
				<timestamp>1898.199791</timestamp>
			</report>
			<report>
				<misses>269500000</misses>
				<total>0</total>
				<timestamp>1898.927147</timestamp>
			</report>
			<report>
				<misses>269600000</misses>
				<total>0</total>
				<timestamp>1899.708539</timestamp>
			</report>
			<report>
				<misses>269700000</misses>
				<total>0</total>
				<timestamp>1900.421100</timestamp>
			</report>
			<report>
				<misses>269800000</misses>
				<total>0</total>
				<timestamp>1901.139508</timestamp>
			</report>
			<report>
				<misses>269900000</misses>
				<total>0</total>
				<timestamp>1901.869566</timestamp>
			</report>
			<report>
				<misses>270000000</misses>
				<total>0</total>
				<timestamp>1902.585126</timestamp>
			</report>
			<report>
				<misses>270100000</misses>
				<total>0</total>
				<timestamp>1903.304090</timestamp>
			</report>
			<report>
				<misses>270200000</misses>
				<total>0</total>
				<timestamp>1904.012351</timestamp>
			</report>
			<report>
				<misses>270300000</misses>
				<total>0</total>
				<timestamp>1904.725274</timestamp>
			</report>
			<report>
				<misses>270400000</misses>
				<total>0</total>
				<timestamp>1905.464515</timestamp>
			</report>
			<report>
				<misses>270500000</misses>
				<total>0</total>
				<timestamp>1906.179083</timestamp>
			</report>
			<report>
				<misses>270600000</misses>
				<total>0</total>
				<timestamp>1906.881952</timestamp>
			</report>
			<report>
				<misses>270700000</misses>
				<total>0</total>
				<timestamp>1907.577855</timestamp>
			</report>
			<report>
				<misses>270800000</misses>
				<total>0</total>
				<timestamp>1908.256419</timestamp>
			</report>
			<report>
				<misses>270900000</misses>
				<total>0</total>
				<timestamp>1908.938937</timestamp>
			</report>
			<report>
				<misses>271000000</misses>
				<total>0</total>
				<timestamp>1909.618965</timestamp>
			</report>
			<report>
				<misses>271100000</misses>
				<total>0</total>
				<timestamp>1910.295997</timestamp>
			</report>
			<report>
				<misses>271200000</misses>
				<total>0</total>
				<timestamp>1910.974663</timestamp>
			</report>
			<report>
				<misses>271300000</misses>
				<total>0</total>
				<timestamp>1911.673548</timestamp>
			</report>
			<report>
				<misses>271400000</misses>
				<total>0</total>
				<timestamp>1912.371991</timestamp>
			</report>
			<report>
				<misses>271500000</misses>
				<total>0</total>
				<timestamp>1913.053636</timestamp>
			</report>
			<report>
				<misses>271600000</misses>
				<total>0</total>
				<timestamp>1913.738004</timestamp>
			</report>
			<report>
				<misses>271700000</misses>
				<total>0</total>
				<timestamp>1914.444778</timestamp>
			</report>
			<report>
				<misses>271800000</misses>
				<total>0</total>
				<timestamp>1915.146879</timestamp>
			</report>
			<report>
				<misses>271900000</misses>
				<total>0</total>
				<timestamp>1915.875023</timestamp>
			</report>
			<report>
				<misses>272000000</misses>
				<total>0</total>
				<timestamp>1916.627411</timestamp>
			</report>
			<report>
				<misses>272100000</misses>
				<total>0</total>
				<timestamp>1917.361379</timestamp>
			</report>
			<report>
				<misses>272200000</misses>
				<total>0</total>
				<timestamp>1918.097206</timestamp>
			</report>
			<report>
				<misses>272300000</misses>
				<total>0</total>
				<timestamp>1918.814385</timestamp>
			</report>
			<report>
				<misses>272400000</misses>
				<total>0</total>
				<timestamp>1919.558617</timestamp>
			</report>
			<report>
				<misses>272500000</misses>
				<total>0</total>
				<timestamp>1920.263409</timestamp>
			</report>
			<report>
				<misses>272600000</misses>
				<total>0</total>
				<timestamp>1920.955446</timestamp>
			</report>
			<report>
				<misses>272700000</misses>
				<total>0</total>
				<timestamp>1921.646157</timestamp>
			</report>
			<report>
				<misses>272800000</misses>
				<total>0</total>
				<timestamp>1922.367561</timestamp>
			</report>
			<report>
				<misses>272900000</misses>
				<total>0</total>
				<timestamp>1923.075583</timestamp>
			</report>
			<report>
				<misses>273000000</misses>
				<total>0</total>
				<timestamp>1923.804142</timestamp>
			</report>
			<report>
				<misses>273100000</misses>
				<total>0</total>
				<timestamp>1924.500385</timestamp>
			</report>
			<report>
				<misses>273200000</misses>
				<total>0</total>
				<timestamp>1925.201315</timestamp>
			</report>
			<report>
				<misses>273300000</misses>
				<total>0</total>
				<timestamp>1925.887831</timestamp>
			</report>
			<report>
				<misses>273400000</misses>
				<total>0</total>
				<timestamp>1926.611262</timestamp>
			</report>
			<report>
				<misses>273500000</misses>
				<total>0</total>
				<timestamp>1927.353133</timestamp>
			</report>
			<report>
				<misses>273600000</misses>
				<total>0</total>
				<timestamp>1928.063951</timestamp>
			</report>
			<report>
				<misses>273700000</misses>
				<total>0</total>
				<timestamp>1928.757378</timestamp>
			</report>
			<report>
				<misses>273800000</misses>
				<total>0</total>
				<timestamp>1929.462450</timestamp>
			</report>
			<report>
				<misses>273900000</misses>
				<total>0</total>
				<timestamp>1930.143916</timestamp>
			</report>
			<report>
				<misses>274000000</misses>
				<total>0</total>
				<timestamp>1930.841108</timestamp>
			</report>
			<report>
				<misses>274100000</misses>
				<total>0</total>
				<timestamp>1931.514127</timestamp>
			</report>
			<report>
				<misses>274200000</misses>
				<total>0</total>
				<timestamp>1932.192773</timestamp>
			</report>
			<report>
				<misses>274300000</misses>
				<total>0</total>
				<timestamp>1932.871852</timestamp>
			</report>
			<report>
				<misses>274400000</misses>
				<total>0</total>
				<timestamp>1933.567178</timestamp>
			</report>
			<report>
				<misses>274500000</misses>
				<total>0</total>
				<timestamp>1934.273787</timestamp>
			</report>
			<report>
				<misses>274600000</misses>
				<total>0</total>
				<timestamp>1934.967008</timestamp>
			</report>
			<report>
				<misses>274700000</misses>
				<total>0</total>
				<timestamp>1935.658646</timestamp>
			</report>
			<report>
				<misses>274800000</misses>
				<total>0</total>
				<timestamp>1936.366121</timestamp>
			</report>
			<report>
				<misses>274900000</misses>
				<total>0</total>
				<timestamp>1937.082898</timestamp>
			</report>
			<report>
				<misses>275000000</misses>
				<total>0</total>
				<timestamp>1937.797202</timestamp>
			</report>
			<report>
				<misses>275100000</misses>
				<total>0</total>
				<timestamp>1938.542082</timestamp>
			</report>
			<report>
				<misses>275200000</misses>
				<total>0</total>
				<timestamp>1939.266397</timestamp>
			</report>
			<report>
				<misses>275300000</misses>
				<total>0</total>
				<timestamp>1939.965526</timestamp>
			</report>
			<report>
				<misses>275400000</misses>
				<total>0</total>
				<timestamp>1940.688211</timestamp>
			</report>
			<report>
				<misses>275500000</misses>
				<total>0</total>
				<timestamp>1941.413970</timestamp>
			</report>
			<report>
				<misses>275600000</misses>
				<total>0</total>
				<timestamp>1942.098559</timestamp>
			</report>
			<report>
				<misses>275700000</misses>
				<total>0</total>
				<timestamp>1942.817992</timestamp>
			</report>
			<report>
				<misses>275800000</misses>
				<total>0</total>
				<timestamp>1943.503991</timestamp>
			</report>
			<report>
				<misses>275900000</misses>
				<total>0</total>
				<timestamp>1944.191813</timestamp>
			</report>
			<report>
				<misses>276000000</misses>
				<total>0</total>
				<timestamp>1944.906713</timestamp>
			</report>
			<report>
				<misses>276100000</misses>
				<total>0</total>
				<timestamp>1945.599340</timestamp>
			</report>
			<report>
				<misses>276200000</misses>
				<total>0</total>
				<timestamp>1946.286725</timestamp>
			</report>
			<report>
				<misses>276300000</misses>
				<total>0</total>
				<timestamp>1946.965714</timestamp>
			</report>
			<report>
				<misses>276400000</misses>
				<total>0</total>
				<timestamp>1947.656276</timestamp>
			</report>
			<report>
				<misses>276500000</misses>
				<total>0</total>
				<timestamp>1948.338916</timestamp>
			</report>
			<report>
				<misses>276600000</misses>
				<total>0</total>
				<timestamp>1949.027061</timestamp>
			</report>
			<report>
				<misses>276700000</misses>
				<total>0</total>
				<timestamp>1949.722352</timestamp>
			</report>
			<report>
				<misses>276800000</misses>
				<total>0</total>
				<timestamp>1950.408640</timestamp>
			</report>
			<report>
				<misses>276900000</misses>
				<total>0</total>
				<timestamp>1951.091944</timestamp>
			</report>
			<report>
				<misses>277000000</misses>
				<total>0</total>
				<timestamp>1951.786397</timestamp>
			</report>
			<report>
				<misses>277100000</misses>
				<total>0</total>
				<timestamp>1952.469532</timestamp>
			</report>
			<report>
				<misses>277200000</misses>
				<total>0</total>
				<timestamp>1953.185753</timestamp>
			</report>
			<report>
				<misses>277300000</misses>
				<total>0</total>
				<timestamp>1953.912581</timestamp>
			</report>
			<report>
				<misses>277400000</misses>
				<total>0</total>
				<timestamp>1954.608649</timestamp>
			</report>
			<report>
				<misses>277500000</misses>
				<total>0</total>
				<timestamp>1955.305429</timestamp>
			</report>
			<report>
				<misses>277600000</misses>
				<total>0</total>
				<timestamp>1956.041499</timestamp>
			</report>
			<report>
				<misses>277700000</misses>
				<total>0</total>
				<timestamp>1956.736261</timestamp>
			</report>
			<report>
				<misses>277800000</misses>
				<total>0</total>
				<timestamp>1957.452237</timestamp>
			</report>
			<report>
				<misses>277900000</misses>
				<total>0</total>
				<timestamp>1958.151504</timestamp>
			</report>
			<report>
				<misses>278000000</misses>
				<total>0</total>
				<timestamp>1958.841804</timestamp>
			</report>
			<report>
				<misses>278100000</misses>
				<total>0</total>
				<timestamp>1959.568319</timestamp>
			</report>
			<report>
				<misses>278200000</misses>
				<total>0</total>
				<timestamp>1960.291456</timestamp>
			</report>
			<report>
				<misses>278300000</misses>
				<total>0</total>
				<timestamp>1960.983091</timestamp>
			</report>
			<report>
				<misses>278400000</misses>
				<total>0</total>
				<timestamp>1961.689882</timestamp>
			</report>
			<report>
				<misses>278500000</misses>
				<total>0</total>
				<timestamp>1962.391768</timestamp>
			</report>
			<report>
				<misses>278600000</misses>
				<total>0</total>
				<timestamp>1963.076385</timestamp>
			</report>
			<report>
				<misses>278700000</misses>
				<total>0</total>
				<timestamp>1963.753609</timestamp>
			</report>
			<report>
				<misses>278800000</misses>
				<total>0</total>
				<timestamp>1964.453226</timestamp>
			</report>
			<report>
				<misses>278900000</misses>
				<total>0</total>
				<timestamp>1965.127402</timestamp>
			</report>
			<report>
				<misses>279000000</misses>
				<total>0</total>
				<timestamp>1965.814199</timestamp>
			</report>
			<report>
				<misses>279100000</misses>
				<total>0</total>
				<timestamp>1966.501968</timestamp>
			</report>
			<report>
				<misses>279200000</misses>
				<total>0</total>
				<timestamp>1967.192871</timestamp>
			</report>
			<report>
				<misses>279300000</misses>
				<total>0</total>
				<timestamp>1967.872664</timestamp>
			</report>
			<report>
				<misses>279400000</misses>
				<total>0</total>
				<timestamp>1968.586350</timestamp>
			</report>
			<report>
				<misses>279500000</misses>
				<total>0</total>
				<timestamp>1969.279160</timestamp>
			</report>
			<report>
				<misses>279600000</misses>
				<total>0</total>
				<timestamp>1969.985811</timestamp>
			</report>
			<report>
				<misses>279700000</misses>
				<total>0</total>
				<timestamp>1970.697747</timestamp>
			</report>
			<report>
				<misses>279800000</misses>
				<total>0</total>
				<timestamp>1971.378342</timestamp>
			</report>
			<report>
				<misses>279900000</misses>
				<total>0</total>
				<timestamp>1972.066925</timestamp>
			</report>
			<report>
				<misses>280000000</misses>
				<total>0</total>
				<timestamp>1972.807022</timestamp>
			</report>
			<report>
				<misses>280100000</misses>
				<total>0</total>
				<timestamp>1973.508026</timestamp>
			</report>
			<report>
				<misses>280200000</misses>
				<total>0</total>
				<timestamp>1974.210696</timestamp>
			</report>
			<report>
				<misses>280300000</misses>
				<total>0</total>
				<timestamp>1974.927916</timestamp>
			</report>
			<report>
				<misses>280400000</misses>
				<total>0</total>
				<timestamp>1975.628266</timestamp>
			</report>
			<report>
				<misses>280500000</misses>
				<total>0</total>
				<timestamp>1976.323061</timestamp>
			</report>
			<report>
				<misses>280600000</misses>
				<total>0</total>
				<timestamp>1977.031199</timestamp>
			</report>
			<report>
				<misses>280700000</misses>
				<total>0</total>
				<timestamp>1977.729995</timestamp>
			</report>
			<report>
				<misses>280800000</misses>
				<total>0</total>
				<timestamp>1978.407992</timestamp>
			</report>
			<report>
				<misses>280900000</misses>
				<total>0</total>
				<timestamp>1979.092948</timestamp>
			</report>
			<report>
				<misses>281000000</misses>
				<total>0</total>
				<timestamp>1979.781210</timestamp>
			</report>
			<report>
				<misses>281100000</misses>
				<total>0</total>
				<timestamp>1980.463130</timestamp>
			</report>
			<report>
				<misses>281200000</misses>
				<total>0</total>
				<timestamp>1981.156758</timestamp>
			</report>
			<report>
				<misses>281300000</misses>
				<total>0</total>
				<timestamp>1981.845509</timestamp>
			</report>
			<report>
				<misses>281400000</misses>
				<total>0</total>
				<timestamp>1982.542114</timestamp>
			</report>
			<report>
				<misses>281500000</misses>
				<total>0</total>
				<timestamp>1983.228334</timestamp>
			</report>
			<report>
				<misses>281600000</misses>
				<total>0</total>
				<timestamp>1983.910625</timestamp>
			</report>
			<report>
				<misses>281700000</misses>
				<total>0</total>
				<timestamp>1984.599867</timestamp>
			</report>
			<report>
				<misses>281800000</misses>
				<total>0</total>
				<timestamp>1985.300838</timestamp>
			</report>
			<report>
				<misses>281900000</misses>
				<total>0</total>
				<timestamp>1986.056257</timestamp>
			</report>
			<report>
				<misses>282000000</misses>
				<total>0</total>
				<timestamp>1986.759990</timestamp>
			</report>
			<report>
				<misses>282100000</misses>
				<total>0</total>
				<timestamp>1987.470018</timestamp>
			</report>
			<report>
				<misses>282200000</misses>
				<total>0</total>
				<timestamp>1988.190855</timestamp>
			</report>
			<report>
				<misses>282300000</misses>
				<total>0</total>
				<timestamp>1988.888875</timestamp>
			</report>
			<report>
				<misses>282400000</misses>
				<total>0</total>
				<timestamp>1989.597454</timestamp>
			</report>
			<report>
				<misses>282500000</misses>
				<total>0</total>
				<timestamp>1990.353088</timestamp>
			</report>
			<report>
				<misses>282600000</misses>
				<total>0</total>
				<timestamp>1991.065320</timestamp>
			</report>
			<report>
				<misses>282700000</misses>
				<total>0</total>
				<timestamp>1991.812360</timestamp>
			</report>
			<report>
				<misses>282800000</misses>
				<total>0</total>
				<timestamp>1992.529452</timestamp>
			</report>
			<report>
				<misses>282900000</misses>
				<total>0</total>
				<timestamp>1993.258543</timestamp>
			</report>
			<report>
				<misses>283000000</misses>
				<total>0</total>
				<timestamp>1993.996748</timestamp>
			</report>
			<report>
				<misses>283100000</misses>
				<total>0</total>
				<timestamp>1994.700088</timestamp>
			</report>
			<report>
				<misses>283200000</misses>
				<total>0</total>
				<timestamp>1995.431129</timestamp>
			</report>
			<report>
				<misses>283300000</misses>
				<total>0</total>
				<timestamp>1996.125989</timestamp>
			</report>
			<report>
				<misses>283400000</misses>
				<total>0</total>
				<timestamp>1996.856115</timestamp>
			</report>
			<report>
				<misses>283500000</misses>
				<total>0</total>
				<timestamp>1997.569613</timestamp>
			</report>
			<report>
				<misses>283600000</misses>
				<total>0</total>
				<timestamp>1998.270210</timestamp>
			</report>
			<report>
				<misses>283700000</misses>
				<total>0</total>
				<timestamp>1998.939393</timestamp>
			</report>
			<report>
				<misses>283800000</misses>
				<total>0</total>
				<timestamp>1999.626402</timestamp>
			</report>
			<report>
				<misses>283900000</misses>
				<total>0</total>
				<timestamp>2000.304194</timestamp>
			</report>
			<report>
				<misses>284000000</misses>
				<total>0</total>
				<timestamp>2000.992504</timestamp>
			</report>
			<report>
				<misses>284100000</misses>
				<total>0</total>
				<timestamp>2001.676763</timestamp>
			</report>
			<report>
				<misses>284200000</misses>
				<total>0</total>
				<timestamp>2002.365342</timestamp>
			</report>
			<report>
				<misses>284300000</misses>
				<total>0</total>
				<timestamp>2003.043880</timestamp>
			</report>
			<report>
				<misses>284400000</misses>
				<total>0</total>
				<timestamp>2003.746584</timestamp>
			</report>
			<report>
				<misses>284500000</misses>
				<total>0</total>
				<timestamp>2004.439834</timestamp>
			</report>
			<report>
				<misses>284600000</misses>
				<total>0</total>
				<timestamp>2005.122798</timestamp>
			</report>
			<report>
				<misses>284700000</misses>
				<total>0</total>
				<timestamp>2005.822554</timestamp>
			</report>
			<report>
				<misses>284800000</misses>
				<total>0</total>
				<timestamp>2006.562494</timestamp>
			</report>
			<report>
				<misses>284900000</misses>
				<total>0</total>
				<timestamp>2007.281772</timestamp>
			</report>
			<report>
				<misses>285000000</misses>
				<total>0</total>
				<timestamp>2008.016817</timestamp>
			</report>
			<report>
				<misses>285100000</misses>
				<total>0</total>
				<timestamp>2008.716752</timestamp>
			</report>
			<report>
				<misses>285200000</misses>
				<total>0</total>
				<timestamp>2009.417650</timestamp>
			</report>
			<report>
				<misses>285300000</misses>
				<total>0</total>
				<timestamp>2010.132927</timestamp>
			</report>
			<report>
				<misses>285400000</misses>
				<total>0</total>
				<timestamp>2010.845278</timestamp>
			</report>
			<report>
				<misses>285500000</misses>
				<total>0</total>
				<timestamp>2011.530917</timestamp>
			</report>
			<report>
				<misses>285600000</misses>
				<total>0</total>
				<timestamp>2012.252674</timestamp>
			</report>
			<report>
				<misses>285700000</misses>
				<total>0</total>
				<timestamp>2012.999462</timestamp>
			</report>
			<report>
				<misses>285800000</misses>
				<total>0</total>
				<timestamp>2013.704930</timestamp>
			</report>
			<report>
				<misses>285900000</misses>
				<total>0</total>
				<timestamp>2014.439413</timestamp>
			</report>
			<report>
				<misses>286000000</misses>
				<total>0</total>
				<timestamp>2015.159601</timestamp>
			</report>
			<report>
				<misses>286100000</misses>
				<total>0</total>
				<timestamp>2015.841205</timestamp>
			</report>
			<report>
				<misses>286200000</misses>
				<total>0</total>
				<timestamp>2016.546929</timestamp>
			</report>
			<report>
				<misses>286300000</misses>
				<total>0</total>
				<timestamp>2017.222977</timestamp>
			</report>
			<report>
				<misses>286400000</misses>
				<total>0</total>
				<timestamp>2017.909144</timestamp>
			</report>
			<report>
				<misses>286500000</misses>
				<total>0</total>
				<timestamp>2018.579501</timestamp>
			</report>
			<report>
				<misses>286600000</misses>
				<total>0</total>
				<timestamp>2019.282958</timestamp>
			</report>
			<report>
				<misses>286700000</misses>
				<total>0</total>
				<timestamp>2019.972930</timestamp>
			</report>
			<report>
				<misses>286800000</misses>
				<total>0</total>
				<timestamp>2020.646419</timestamp>
			</report>
			<report>
				<misses>286900000</misses>
				<total>0</total>
				<timestamp>2021.339280</timestamp>
			</report>
			<report>
				<misses>287000000</misses>
				<total>0</total>
				<timestamp>2022.045814</timestamp>
			</report>
			<report>
				<misses>287100000</misses>
				<total>0</total>
				<timestamp>2022.750616</timestamp>
			</report>
			<report>
				<misses>287200000</misses>
				<total>0</total>
				<timestamp>2023.467042</timestamp>
			</report>
			<report>
				<misses>287300000</misses>
				<total>0</total>
				<timestamp>2024.177295</timestamp>
			</report>
			<report>
				<misses>287400000</misses>
				<total>0</total>
				<timestamp>2024.906580</timestamp>
			</report>
			<report>
				<misses>287500000</misses>
				<total>0</total>
				<timestamp>2025.640577</timestamp>
			</report>
			<report>
				<misses>287600000</misses>
				<total>0</total>
				<timestamp>2026.346595</timestamp>
			</report>
			<report>
				<misses>287700000</misses>
				<total>0</total>
				<timestamp>2027.050532</timestamp>
			</report>
			<report>
				<misses>287800000</misses>
				<total>0</total>
				<timestamp>2027.763312</timestamp>
			</report>
			<report>
				<misses>287900000</misses>
				<total>0</total>
				<timestamp>2028.474454</timestamp>
			</report>
			<report>
				<misses>288000000</misses>
				<total>0</total>
				<timestamp>2029.176088</timestamp>
			</report>
			<report>
				<misses>288100000</misses>
				<total>0</total>
				<timestamp>2029.861744</timestamp>
			</report>
			<report>
				<misses>288200000</misses>
				<total>0</total>
				<timestamp>2030.595692</timestamp>
			</report>
			<report>
				<misses>288300000</misses>
				<total>0</total>
				<timestamp>2031.298814</timestamp>
			</report>
			<report>
				<misses>288400000</misses>
				<total>0</total>
				<timestamp>2031.989476</timestamp>
			</report>
			<report>
				<misses>288500000</misses>
				<total>0</total>
				<timestamp>2032.673584</timestamp>
			</report>
			<report>
				<misses>288600000</misses>
				<total>0</total>
				<timestamp>2033.351217</timestamp>
			</report>
			<report>
				<misses>288700000</misses>
				<total>0</total>
				<timestamp>2034.066363</timestamp>
			</report>
			<report>
				<misses>288800000</misses>
				<total>0</total>
				<timestamp>2034.753815</timestamp>
			</report>
			<report>
				<misses>288900000</misses>
				<total>0</total>
				<timestamp>2035.443404</timestamp>
			</report>
			<report>
				<misses>289000000</misses>
				<total>0</total>
				<timestamp>2036.142959</timestamp>
			</report>
			<report>
				<misses>289100000</misses>
				<total>0</total>
				<timestamp>2036.834071</timestamp>
			</report>
			<report>
				<misses>289200000</misses>
				<total>0</total>
				<timestamp>2037.517750</timestamp>
			</report>
			<report>
				<misses>289300000</misses>
				<total>0</total>
				<timestamp>2038.214148</timestamp>
			</report>
			<report>
				<misses>289400000</misses>
				<total>0</total>
				<timestamp>2038.934725</timestamp>
			</report>
			<report>
				<misses>289500000</misses>
				<total>0</total>
				<timestamp>2039.656546</timestamp>
			</report>
			<report>
				<misses>289600000</misses>
				<total>0</total>
				<timestamp>2040.362935</timestamp>
			</report>
			<report>
				<misses>289700000</misses>
				<total>0</total>
				<timestamp>2041.100131</timestamp>
			</report>
			<report>
				<misses>289800000</misses>
				<total>0</total>
				<timestamp>2041.823342</timestamp>
			</report>
			<report>
				<misses>289900000</misses>
				<total>0</total>
				<timestamp>2042.553425</timestamp>
			</report>
			<report>
				<misses>290000000</misses>
				<total>0</total>
				<timestamp>2043.336743</timestamp>
			</report>
			<report>
				<misses>290100000</misses>
				<total>0</total>
				<timestamp>2044.062061</timestamp>
			</report>
			<report>
				<misses>290200000</misses>
				<total>0</total>
				<timestamp>2044.809318</timestamp>
			</report>
			<report>
				<misses>290300000</misses>
				<total>0</total>
				<timestamp>2045.526401</timestamp>
			</report>
			<report>
				<misses>290400000</misses>
				<total>0</total>
				<timestamp>2046.243995</timestamp>
			</report>
			<report>
				<misses>290500000</misses>
				<total>0</total>
				<timestamp>2046.970929</timestamp>
			</report>
			<report>
				<misses>290600000</misses>
				<total>0</total>
				<timestamp>2047.695747</timestamp>
			</report>
			<report>
				<misses>290700000</misses>
				<total>0</total>
				<timestamp>2048.421842</timestamp>
			</report>
			<report>
				<misses>290800000</misses>
				<total>0</total>
				<timestamp>2049.141615</timestamp>
			</report>
			<report>
				<misses>290900000</misses>
				<total>0</total>
				<timestamp>2049.891143</timestamp>
			</report>
			<report>
				<misses>291000000</misses>
				<total>0</total>
				<timestamp>2050.591285</timestamp>
			</report>
			<report>
				<misses>291100000</misses>
				<total>0</total>
				<timestamp>2051.301864</timestamp>
			</report>
			<report>
				<misses>291200000</misses>
				<total>0</total>
				<timestamp>2051.979366</timestamp>
			</report>
			<report>
				<misses>291300000</misses>
				<total>0</total>
				<timestamp>2052.677971</timestamp>
			</report>
			<report>
				<misses>291400000</misses>
				<total>0</total>
				<timestamp>2053.357793</timestamp>
			</report>
			<report>
				<misses>291500000</misses>
				<total>0</total>
				<timestamp>2054.044512</timestamp>
			</report>
			<report>
				<misses>291600000</misses>
				<total>0</total>
				<timestamp>2054.756511</timestamp>
			</report>
			<report>
				<misses>291700000</misses>
				<total>0</total>
				<timestamp>2055.433259</timestamp>
			</report>
			<report>
				<misses>291800000</misses>
				<total>0</total>
				<timestamp>2056.125077</timestamp>
			</report>
			<report>
				<misses>291900000</misses>
				<total>0</total>
				<timestamp>2056.835245</timestamp>
			</report>
			<report>
				<misses>292000000</misses>
				<total>0</total>
				<timestamp>2057.519740</timestamp>
			</report>
			<report>
				<misses>292100000</misses>
				<total>0</total>
				<timestamp>2058.202765</timestamp>
			</report>
			<report>
				<misses>292200000</misses>
				<total>0</total>
				<timestamp>2058.904909</timestamp>
			</report>
			<report>
				<misses>292300000</misses>
				<total>0</total>
				<timestamp>2059.621534</timestamp>
			</report>
			<report>
				<misses>292400000</misses>
				<total>0</total>
				<timestamp>2060.329824</timestamp>
			</report>
			<report>
				<misses>292500000</misses>
				<total>0</total>
				<timestamp>2061.063242</timestamp>
			</report>
			<report>
				<misses>292600000</misses>
				<total>0</total>
				<timestamp>2061.771638</timestamp>
			</report>
			<report>
				<misses>292700000</misses>
				<total>0</total>
				<timestamp>2062.488966</timestamp>
			</report>
			<report>
				<misses>292800000</misses>
				<total>0</total>
				<timestamp>2063.193107</timestamp>
			</report>
			<report>
				<misses>292900000</misses>
				<total>0</total>
				<timestamp>2063.887364</timestamp>
			</report>
			<report>
				<misses>293000000</misses>
				<total>0</total>
				<timestamp>2064.598347</timestamp>
			</report>
			<report>
				<misses>293100000</misses>
				<total>0</total>
				<timestamp>2065.297868</timestamp>
			</report>
			<report>
				<misses>293200000</misses>
				<total>0</total>
				<timestamp>2066.011549</timestamp>
			</report>
			<report>
				<misses>293300000</misses>
				<total>0</total>
				<timestamp>2066.724062</timestamp>
			</report>
			<report>
				<misses>293400000</misses>
				<total>0</total>
				<timestamp>2067.444759</timestamp>
			</report>
			<report>
				<misses>293500000</misses>
				<total>0</total>
				<timestamp>2068.144132</timestamp>
			</report>
			<report>
				<misses>293600000</misses>
				<total>0</total>
				<timestamp>2068.830692</timestamp>
			</report>
			<report>
				<misses>293700000</misses>
				<total>0</total>
				<timestamp>2069.531018</timestamp>
			</report>
			<report>
				<misses>293800000</misses>
				<total>0</total>
				<timestamp>2070.235636</timestamp>
			</report>
			<report>
				<misses>293900000</misses>
				<total>0</total>
				<timestamp>2070.911102</timestamp>
			</report>
			<report>
				<misses>294000000</misses>
				<total>0</total>
				<timestamp>2071.583679</timestamp>
			</report>
			<report>
				<misses>294100000</misses>
				<total>0</total>
				<timestamp>2072.261968</timestamp>
			</report>
			<report>
				<misses>294200000</misses>
				<total>0</total>
				<timestamp>2072.937741</timestamp>
			</report>
			<report>
				<misses>294300000</misses>
				<total>0</total>
				<timestamp>2073.630502</timestamp>
			</report>
			<report>
				<misses>294400000</misses>
				<total>0</total>
				<timestamp>2074.314255</timestamp>
			</report>
			<report>
				<misses>294500000</misses>
				<total>0</total>
				<timestamp>2075.010573</timestamp>
			</report>
			<report>
				<misses>294600000</misses>
				<total>0</total>
				<timestamp>2075.723924</timestamp>
			</report>
			<report>
				<misses>294700000</misses>
				<total>0</total>
				<timestamp>2076.432063</timestamp>
			</report>
			<report>
				<misses>294800000</misses>
				<total>0</total>
				<timestamp>2077.137676</timestamp>
			</report>
			<report>
				<misses>294900000</misses>
				<total>0</total>
				<timestamp>2077.842906</timestamp>
			</report>
			<report>
				<misses>295000000</misses>
				<total>0</total>
				<timestamp>2078.550504</timestamp>
			</report>
			<report>
				<misses>295100000</misses>
				<total>0</total>
				<timestamp>2079.245599</timestamp>
			</report>
			<report>
				<misses>295200000</misses>
				<total>0</total>
				<timestamp>2079.958582</timestamp>
			</report>
			<report>
				<misses>295300000</misses>
				<total>0</total>
				<timestamp>2080.677753</timestamp>
			</report>
			<report>
				<misses>295400000</misses>
				<total>0</total>
				<timestamp>2081.371479</timestamp>
			</report>
			<report>
				<misses>295500000</misses>
				<total>0</total>
				<timestamp>2082.104194</timestamp>
			</report>
			<report>
				<misses>295600000</misses>
				<total>0</total>
				<timestamp>2082.831448</timestamp>
			</report>
			<report>
				<misses>295700000</misses>
				<total>0</total>
				<timestamp>2083.532679</timestamp>
			</report>
			<report>
				<misses>295800000</misses>
				<total>0</total>
				<timestamp>2084.262902</timestamp>
			</report>
			<report>
				<misses>295900000</misses>
				<total>0</total>
				<timestamp>2084.954650</timestamp>
			</report>
			<report>
				<misses>296000000</misses>
				<total>0</total>
				<timestamp>2085.648450</timestamp>
			</report>
			<report>
				<misses>296100000</misses>
				<total>0</total>
				<timestamp>2086.330749</timestamp>
			</report>
			<report>
				<misses>296200000</misses>
				<total>0</total>
				<timestamp>2087.021587</timestamp>
			</report>
			<report>
				<misses>296300000</misses>
				<total>0</total>
				<timestamp>2087.715325</timestamp>
			</report>
			<report>
				<misses>296400000</misses>
				<total>0</total>
				<timestamp>2088.397920</timestamp>
			</report>
			<report>
				<misses>296500000</misses>
				<total>0</total>
				<timestamp>2089.097359</timestamp>
			</report>
			<report>
				<misses>296600000</misses>
				<total>0</total>
				<timestamp>2089.780560</timestamp>
			</report>
			<report>
				<misses>296700000</misses>
				<total>0</total>
				<timestamp>2090.471459</timestamp>
			</report>
			<report>
				<misses>296800000</misses>
				<total>0</total>
				<timestamp>2091.156676</timestamp>
			</report>
			<report>
				<misses>296900000</misses>
				<total>0</total>
				<timestamp>2091.842901</timestamp>
			</report>
			<report>
				<misses>297000000</misses>
				<total>0</total>
				<timestamp>2092.564700</timestamp>
			</report>
			<report>
				<misses>297100000</misses>
				<total>0</total>
				<timestamp>2093.291080</timestamp>
			</report>
			<report>
				<misses>297200000</misses>
				<total>0</total>
				<timestamp>2093.992149</timestamp>
			</report>
			<report>
				<misses>297300000</misses>
				<total>0</total>
				<timestamp>2094.699507</timestamp>
			</report>
			<report>
				<misses>297400000</misses>
				<total>0</total>
				<timestamp>2095.408754</timestamp>
			</report>
			<report>
				<misses>297500000</misses>
				<total>0</total>
				<timestamp>2096.113471</timestamp>
			</report>
			<report>
				<misses>297600000</misses>
				<total>0</total>
				<timestamp>2096.822020</timestamp>
			</report>
			<report>
				<misses>297700000</misses>
				<total>0</total>
				<timestamp>2097.537562</timestamp>
			</report>
			<report>
				<misses>297800000</misses>
				<total>0</total>
				<timestamp>2098.257276</timestamp>
			</report>
			<report>
				<misses>297900000</misses>
				<total>0</total>
				<timestamp>2098.968275</timestamp>
			</report>
			<report>
				<misses>298000000</misses>
				<total>0</total>
				<timestamp>2099.688129</timestamp>
			</report>
			<report>
				<misses>298100000</misses>
				<total>0</total>
				<timestamp>2100.396002</timestamp>
			</report>
			<report>
				<misses>298200000</misses>
				<total>0</total>
				<timestamp>2101.081612</timestamp>
			</report>
			<report>
				<misses>298300000</misses>
				<total>0</total>
				<timestamp>2101.763559</timestamp>
			</report>
			<report>
				<misses>298400000</misses>
				<total>0</total>
				<timestamp>2102.456459</timestamp>
			</report>
			<report>
				<misses>298500000</misses>
				<total>0</total>
				<timestamp>2103.136540</timestamp>
			</report>
			<report>
				<misses>298600000</misses>
				<total>0</total>
				<timestamp>2103.833065</timestamp>
			</report>
			<report>
				<misses>298700000</misses>
				<total>0</total>
				<timestamp>2104.542567</timestamp>
			</report>
			<report>
				<misses>298800000</misses>
				<total>0</total>
				<timestamp>2105.220060</timestamp>
			</report>
			<report>
				<misses>298900000</misses>
				<total>0</total>
				<timestamp>2105.923427</timestamp>
			</report>
			<report>
				<misses>299000000</misses>
				<total>0</total>
				<timestamp>2106.612640</timestamp>
			</report>
			<report>
				<misses>299100000</misses>
				<total>0</total>
				<timestamp>2107.308032</timestamp>
			</report>
			<report>
				<misses>299200000</misses>
				<total>0</total>
				<timestamp>2108.048285</timestamp>
			</report>
			<report>
				<misses>299300000</misses>
				<total>0</total>
				<timestamp>2108.801969</timestamp>
			</report>
			<report>
				<misses>299400000</misses>
				<total>0</total>
				<timestamp>2109.550771</timestamp>
			</report>
			<report>
				<misses>299500000</misses>
				<total>0</total>
				<timestamp>2110.273417</timestamp>
			</report>
			<report>
				<misses>299600000</misses>
				<total>0</total>
				<timestamp>2110.996011</timestamp>
			</report>
			<report>
				<misses>299700000</misses>
				<total>0</total>
				<timestamp>2111.720153</timestamp>
			</report>
			<report>
				<misses>299800000</misses>
				<total>0</total>
				<timestamp>2112.430192</timestamp>
			</report>
			<report>
				<misses>299900000</misses>
				<total>0</total>
				<timestamp>2113.139058</timestamp>
			</report>
			<report>
				<misses>300000000</misses>
				<total>0</total>
				<timestamp>2113.855969</timestamp>
			</report>
			<report>
				<misses>300100000</misses>
				<total>0</total>
				<timestamp>2114.562108</timestamp>
			</report>
			<report>
				<misses>300200000</misses>
				<total>0</total>
				<timestamp>2115.262580</timestamp>
			</report>
			<report>
				<misses>300300000</misses>
				<total>0</total>
				<timestamp>2115.973614</timestamp>
			</report>
			<report>
				<misses>300400000</misses>
				<total>0</total>
				<timestamp>2116.680920</timestamp>
			</report>
			<report>
				<misses>300500000</misses>
				<total>0</total>
				<timestamp>2117.369241</timestamp>
			</report>
			<report>
				<misses>300600000</misses>
				<total>0</total>
				<timestamp>2118.059264</timestamp>
			</report>
			<report>
				<misses>300700000</misses>
				<total>0</total>
				<timestamp>2118.748217</timestamp>
			</report>
			<report>
				<misses>300800000</misses>
				<total>0</total>
				<timestamp>2119.428650</timestamp>
			</report>
			<report>
				<misses>300900000</misses>
				<total>0</total>
				<timestamp>2120.101655</timestamp>
			</report>
			<report>
				<misses>301000000</misses>
				<total>0</total>
				<timestamp>2120.779203</timestamp>
			</report>
			<report>
				<misses>301100000</misses>
				<total>0</total>
				<timestamp>2121.464692</timestamp>
			</report>
			<report>
				<misses>301200000</misses>
				<total>0</total>
				<timestamp>2122.157415</timestamp>
			</report>
			<report>
				<misses>301300000</misses>
				<total>0</total>
				<timestamp>2122.860712</timestamp>
			</report>
			<report>
				<misses>301400000</misses>
				<total>0</total>
				<timestamp>2123.556217</timestamp>
			</report>
			<report>
				<misses>301500000</misses>
				<total>0</total>
				<timestamp>2124.255349</timestamp>
			</report>
			<report>
				<misses>301600000</misses>
				<total>0</total>
				<timestamp>2124.992279</timestamp>
			</report>
			<report>
				<misses>301700000</misses>
				<total>0</total>
				<timestamp>2125.736756</timestamp>
			</report>
			<report>
				<misses>301800000</misses>
				<total>0</total>
				<timestamp>2126.436907</timestamp>
			</report>
			<report>
				<misses>301900000</misses>
				<total>0</total>
				<timestamp>2127.148765</timestamp>
			</report>
			<report>
				<misses>302000000</misses>
				<total>0</total>
				<timestamp>2127.855317</timestamp>
			</report>
			<report>
				<misses>302100000</misses>
				<total>0</total>
				<timestamp>2128.558821</timestamp>
			</report>
			<report>
				<misses>302200000</misses>
				<total>0</total>
				<timestamp>2129.283001</timestamp>
			</report>
			<report>
				<misses>302300000</misses>
				<total>0</total>
				<timestamp>2130.005709</timestamp>
			</report>
			<report>
				<misses>302400000</misses>
				<total>0</total>
				<timestamp>2130.715229</timestamp>
			</report>
			<report>
				<misses>302500000</misses>
				<total>0</total>
				<timestamp>2131.438763</timestamp>
			</report>
			<report>
				<misses>302600000</misses>
				<total>0</total>
				<timestamp>2132.180746</timestamp>
			</report>
			<report>
				<misses>302700000</misses>
				<total>0</total>
				<timestamp>2132.877039</timestamp>
			</report>
			<report>
				<misses>302800000</misses>
				<total>0</total>
				<timestamp>2133.569370</timestamp>
			</report>
			<report>
				<misses>302900000</misses>
				<total>0</total>
				<timestamp>2134.300893</timestamp>
			</report>
			<report>
				<misses>303000000</misses>
				<total>0</total>
				<timestamp>2134.977156</timestamp>
			</report>
			<report>
				<misses>303100000</misses>
				<total>0</total>
				<timestamp>2135.676093</timestamp>
			</report>
			<report>
				<misses>303200000</misses>
				<total>0</total>
				<timestamp>2136.357615</timestamp>
			</report>
			<report>
				<misses>303300000</misses>
				<total>0</total>
				<timestamp>2137.032081</timestamp>
			</report>
			<report>
				<misses>303400000</misses>
				<total>0</total>
				<timestamp>2137.710971</timestamp>
			</report>
			<report>
				<misses>303500000</misses>
				<total>0</total>
				<timestamp>2138.409807</timestamp>
			</report>
			<report>
				<misses>303600000</misses>
				<total>0</total>
				<timestamp>2139.097398</timestamp>
			</report>
			<report>
				<misses>303700000</misses>
				<total>0</total>
				<timestamp>2139.790507</timestamp>
			</report>
			<report>
				<misses>303800000</misses>
				<total>0</total>
				<timestamp>2140.482525</timestamp>
			</report>
			<report>
				<misses>303900000</misses>
				<total>0</total>
				<timestamp>2141.198669</timestamp>
			</report>
			<report>
				<misses>304000000</misses>
				<total>0</total>
				<timestamp>2141.897346</timestamp>
			</report>
			<report>
				<misses>304100000</misses>
				<total>0</total>
				<timestamp>2142.608393</timestamp>
			</report>
			<report>
				<misses>304200000</misses>
				<total>0</total>
				<timestamp>2143.323041</timestamp>
			</report>
			<report>
				<misses>304300000</misses>
				<total>0</total>
				<timestamp>2144.014180</timestamp>
			</report>
			<report>
				<misses>304400000</misses>
				<total>0</total>
				<timestamp>2144.725737</timestamp>
			</report>
			<report>
				<misses>304500000</misses>
				<total>0</total>
				<timestamp>2145.411670</timestamp>
			</report>
			<report>
				<misses>304600000</misses>
				<total>0</total>
				<timestamp>2146.108115</timestamp>
			</report>
			<report>
				<misses>304700000</misses>
				<total>0</total>
				<timestamp>2146.825482</timestamp>
			</report>
			<report>
				<misses>304800000</misses>
				<total>0</total>
				<timestamp>2147.543815</timestamp>
			</report>
			<report>
				<misses>304900000</misses>
				<total>0</total>
				<timestamp>2148.238617</timestamp>
			</report>
			<report>
				<misses>305000000</misses>
				<total>0</total>
				<timestamp>2148.969442</timestamp>
			</report>
			<report>
				<misses>305100000</misses>
				<total>0</total>
				<timestamp>2149.668547</timestamp>
			</report>
			<report>
				<misses>305200000</misses>
				<total>0</total>
				<timestamp>2150.374192</timestamp>
			</report>
			<report>
				<misses>305300000</misses>
				<total>0</total>
				<timestamp>2151.078916</timestamp>
			</report>
			<report>
				<misses>305400000</misses>
				<total>0</total>
				<timestamp>2151.763963</timestamp>
			</report>
			<report>
				<misses>305500000</misses>
				<total>0</total>
				<timestamp>2152.448352</timestamp>
			</report>
			<report>
				<misses>305600000</misses>
				<total>0</total>
				<timestamp>2153.126825</timestamp>
			</report>
			<report>
				<misses>305700000</misses>
				<total>0</total>
				<timestamp>2153.799398</timestamp>
			</report>
			<report>
				<misses>305800000</misses>
				<total>0</total>
				<timestamp>2154.493338</timestamp>
			</report>
			<report>
				<misses>305900000</misses>
				<total>0</total>
				<timestamp>2155.182748</timestamp>
			</report>
			<report>
				<misses>306000000</misses>
				<total>0</total>
				<timestamp>2155.894585</timestamp>
			</report>
			<report>
				<misses>306100000</misses>
				<total>0</total>
				<timestamp>2156.577839</timestamp>
			</report>
			<report>
				<misses>306200000</misses>
				<total>0</total>
				<timestamp>2157.283737</timestamp>
			</report>
			<report>
				<misses>306300000</misses>
				<total>0</total>
				<timestamp>2157.998662</timestamp>
			</report>
			<report>
				<misses>306400000</misses>
				<total>0</total>
				<timestamp>2158.705815</timestamp>
			</report>
			<report>
				<misses>306500000</misses>
				<total>0</total>
				<timestamp>2159.419350</timestamp>
			</report>
			<report>
				<misses>306600000</misses>
				<total>0</total>
				<timestamp>2160.125034</timestamp>
			</report>
			<report>
				<misses>306700000</misses>
				<total>0</total>
				<timestamp>2160.824415</timestamp>
			</report>
			<report>
				<misses>306800000</misses>
				<total>0</total>
				<timestamp>2161.538667</timestamp>
			</report>
			<report>
				<misses>306900000</misses>
				<total>0</total>
				<timestamp>2162.255086</timestamp>
			</report>
			<report>
				<misses>307000000</misses>
				<total>0</total>
				<timestamp>2162.937274</timestamp>
			</report>
			<report>
				<misses>307100000</misses>
				<total>0</total>
				<timestamp>2163.652959</timestamp>
			</report>
			<report>
				<misses>307200000</misses>
				<total>0</total>
				<timestamp>2164.350228</timestamp>
			</report>
			<report>
				<misses>307300000</misses>
				<total>0</total>
				<timestamp>2165.086916</timestamp>
			</report>
			<report>
				<misses>307400000</misses>
				<total>0</total>
				<timestamp>2165.790802</timestamp>
			</report>
			<report>
				<misses>307500000</misses>
				<total>0</total>
				<timestamp>2166.495991</timestamp>
			</report>
			<report>
				<misses>307600000</misses>
				<total>0</total>
				<timestamp>2167.165727</timestamp>
			</report>
			<report>
				<misses>307700000</misses>
				<total>0</total>
				<timestamp>2167.848127</timestamp>
			</report>
			<report>
				<misses>307800000</misses>
				<total>0</total>
				<timestamp>2168.544979</timestamp>
			</report>
			<report>
				<misses>307900000</misses>
				<total>0</total>
				<timestamp>2169.241661</timestamp>
			</report>
			<report>
				<misses>308000000</misses>
				<total>0</total>
				<timestamp>2169.927013</timestamp>
			</report>
			<report>
				<misses>308100000</misses>
				<total>0</total>
				<timestamp>2170.618833</timestamp>
			</report>
			<report>
				<misses>308200000</misses>
				<total>0</total>
				<timestamp>2171.313029</timestamp>
			</report>
			<report>
				<misses>308300000</misses>
				<total>0</total>
				<timestamp>2171.985254</timestamp>
			</report>
			<report>
				<misses>308400000</misses>
				<total>0</total>
				<timestamp>2172.681786</timestamp>
			</report>
			<report>
				<misses>308500000</misses>
				<total>0</total>
				<timestamp>2173.360610</timestamp>
			</report>
			<report>
				<misses>308600000</misses>
				<total>0</total>
				<timestamp>2174.061207</timestamp>
			</report>
			<report>
				<misses>308700000</misses>
				<total>0</total>
				<timestamp>2174.783539</timestamp>
			</report>
			<report>
				<misses>308800000</misses>
				<total>0</total>
				<timestamp>2175.484565</timestamp>
			</report>
			<report>
				<misses>308900000</misses>
				<total>0</total>
				<timestamp>2176.199299</timestamp>
			</report>
			<report>
				<misses>309000000</misses>
				<total>0</total>
				<timestamp>2176.893450</timestamp>
			</report>
			<report>
				<misses>309100000</misses>
				<total>0</total>
				<timestamp>2177.590463</timestamp>
			</report>
			<report>
				<misses>309200000</misses>
				<total>0</total>
				<timestamp>2178.307689</timestamp>
			</report>
			<report>
				<misses>309300000</misses>
				<total>0</total>
				<timestamp>2179.004229</timestamp>
			</report>
			<report>
				<misses>309400000</misses>
				<total>0</total>
				<timestamp>2179.699220</timestamp>
			</report>
			<report>
				<misses>309500000</misses>
				<total>0</total>
				<timestamp>2180.418335</timestamp>
			</report>
			<report>
				<misses>309600000</misses>
				<total>0</total>
				<timestamp>2181.138599</timestamp>
			</report>
			<report>
				<misses>309700000</misses>
				<total>0</total>
				<timestamp>2181.836537</timestamp>
			</report>
			<report>
				<misses>309800000</misses>
				<total>0</total>
				<timestamp>2182.577982</timestamp>
			</report>
			<report>
				<misses>309900000</misses>
				<total>0</total>
				<timestamp>2183.316494</timestamp>
			</report>
			<report>
				<misses>310000000</misses>
				<total>0</total>
				<timestamp>2184.008437</timestamp>
			</report>
			<report>
				<misses>310100000</misses>
				<total>0</total>
				<timestamp>2184.696997</timestamp>
			</report>
			<report>
				<misses>310200000</misses>
				<total>0</total>
				<timestamp>2185.392203</timestamp>
			</report>
			<report>
				<misses>310300000</misses>
				<total>0</total>
				<timestamp>2186.064170</timestamp>
			</report>
			<report>
				<misses>310400000</misses>
				<total>0</total>
				<timestamp>2186.745574</timestamp>
			</report>
			<report>
				<misses>310500000</misses>
				<total>0</total>
				<timestamp>2187.432800</timestamp>
			</report>
			<report>
				<misses>310600000</misses>
				<total>0</total>
				<timestamp>2188.118286</timestamp>
			</report>
			<report>
				<misses>310700000</misses>
				<total>0</total>
				<timestamp>2188.791585</timestamp>
			</report>
			<report>
				<misses>310800000</misses>
				<total>0</total>
				<timestamp>2189.484355</timestamp>
			</report>
			<report>
				<misses>310900000</misses>
				<total>0</total>
				<timestamp>2190.169475</timestamp>
			</report>
			<report>
				<misses>311000000</misses>
				<total>0</total>
				<timestamp>2190.878276</timestamp>
			</report>
			<report>
				<misses>311100000</misses>
				<total>0</total>
				<timestamp>2191.597251</timestamp>
			</report>
			<report>
				<misses>311200000</misses>
				<total>0</total>
				<timestamp>2192.321186</timestamp>
			</report>
			<report>
				<misses>311300000</misses>
				<total>0</total>
				<timestamp>2193.017970</timestamp>
			</report>
			<report>
				<misses>311400000</misses>
				<total>0</total>
				<timestamp>2193.718304</timestamp>
			</report>
			<report>
				<misses>311500000</misses>
				<total>0</total>
				<timestamp>2194.443351</timestamp>
			</report>
			<report>
				<misses>311600000</misses>
				<total>0</total>
				<timestamp>2195.141504</timestamp>
			</report>
			<report>
				<misses>311700000</misses>
				<total>0</total>
				<timestamp>2195.853054</timestamp>
			</report>
			<report>
				<misses>311800000</misses>
				<total>0</total>
				<timestamp>2196.604438</timestamp>
			</report>
			<report>
				<misses>311900000</misses>
				<total>0</total>
				<timestamp>2197.353373</timestamp>
			</report>
			<report>
				<misses>312000000</misses>
				<total>0</total>
				<timestamp>2198.089129</timestamp>
			</report>
			<report>
				<misses>312100000</misses>
				<total>0</total>
				<timestamp>2198.829550</timestamp>
			</report>
			<report>
				<misses>312200000</misses>
				<total>0</total>
				<timestamp>2199.537043</timestamp>
			</report>
			<report>
				<misses>312300000</misses>
				<total>0</total>
				<timestamp>2200.262813</timestamp>
			</report>
			<report>
				<misses>312400000</misses>
				<total>0</total>
				<timestamp>2200.998015</timestamp>
			</report>
			<report>
				<misses>312500000</misses>
				<total>0</total>
				<timestamp>2201.711691</timestamp>
			</report>
			<report>
				<misses>312600000</misses>
				<total>0</total>
				<timestamp>2202.407679</timestamp>
			</report>
			<report>
				<misses>312700000</misses>
				<total>0</total>
				<timestamp>2203.115981</timestamp>
			</report>
			<report>
				<misses>312800000</misses>
				<total>0</total>
				<timestamp>2203.816729</timestamp>
			</report>
			<report>
				<misses>312900000</misses>
				<total>0</total>
				<timestamp>2204.514279</timestamp>
			</report>
			<report>
				<misses>313000000</misses>
				<total>0</total>
				<timestamp>2205.197502</timestamp>
			</report>
			<report>
				<misses>313100000</misses>
				<total>0</total>
				<timestamp>2205.880185</timestamp>
			</report>
			<report>
				<misses>313200000</misses>
				<total>0</total>
				<timestamp>2206.561206</timestamp>
			</report>
			<report>
				<misses>313300000</misses>
				<total>0</total>
				<timestamp>2207.253379</timestamp>
			</report>
			<report>
				<misses>313400000</misses>
				<total>0</total>
				<timestamp>2207.944454</timestamp>
			</report>
			<report>
				<misses>313500000</misses>
				<total>0</total>
				<timestamp>2208.633856</timestamp>
			</report>
			<report>
				<misses>313600000</misses>
				<total>0</total>
				<timestamp>2209.312290</timestamp>
			</report>
			<report>
				<misses>313700000</misses>
				<total>0</total>
				<timestamp>2210.003948</timestamp>
			</report>
			<report>
				<misses>313800000</misses>
				<total>0</total>
				<timestamp>2210.692866</timestamp>
			</report>
			<report>
				<misses>313900000</misses>
				<total>0</total>
				<timestamp>2211.378446</timestamp>
			</report>
			<report>
				<misses>314000000</misses>
				<total>0</total>
				<timestamp>2212.092233</timestamp>
			</report>
			<report>
				<misses>314100000</misses>
				<total>0</total>
				<timestamp>2212.801798</timestamp>
			</report>
			<report>
				<misses>314200000</misses>
				<total>0</total>
				<timestamp>2213.528668</timestamp>
			</report>
			<report>
				<misses>314300000</misses>
				<total>0</total>
				<timestamp>2214.245990</timestamp>
			</report>
			<report>
				<misses>314400000</misses>
				<total>0</total>
				<timestamp>2214.939813</timestamp>
			</report>
			<report>
				<misses>314500000</misses>
				<total>0</total>
				<timestamp>2215.677798</timestamp>
			</report>
			<report>
				<misses>314600000</misses>
				<total>0</total>
				<timestamp>2216.439723</timestamp>
			</report>
			<report>
				<misses>314700000</misses>
				<total>0</total>
				<timestamp>2217.185955</timestamp>
			</report>
			<report>
				<misses>314800000</misses>
				<total>0</total>
				<timestamp>2217.905160</timestamp>
			</report>
			<report>
				<misses>314900000</misses>
				<total>0</total>
				<timestamp>2218.634852</timestamp>
			</report>
			<report>
				<misses>315000000</misses>
				<total>0</total>
				<timestamp>2219.355059</timestamp>
			</report>
			<report>
				<misses>315100000</misses>
				<total>0</total>
				<timestamp>2220.086114</timestamp>
			</report>
			<report>
				<misses>315200000</misses>
				<total>0</total>
				<timestamp>2220.783505</timestamp>
			</report>
			<report>
				<misses>315300000</misses>
				<total>0</total>
				<timestamp>2221.494556</timestamp>
			</report>
			<report>
				<misses>315400000</misses>
				<total>0</total>
				<timestamp>2222.259358</timestamp>
			</report>
			<report>
				<misses>315500000</misses>
				<total>0</total>
				<timestamp>2222.994172</timestamp>
			</report>
			<report>
				<misses>315600000</misses>
				<total>0</total>
				<timestamp>2223.715486</timestamp>
			</report>
			<report>
				<misses>315700000</misses>
				<total>0</total>
				<timestamp>2224.413757</timestamp>
			</report>
			<report>
				<misses>315800000</misses>
				<total>0</total>
				<timestamp>2225.110695</timestamp>
			</report>
			<report>
				<misses>315900000</misses>
				<total>0</total>
				<timestamp>2225.794929</timestamp>
			</report>
			<report>
				<misses>316000000</misses>
				<total>0</total>
				<timestamp>2226.483033</timestamp>
			</report>
			<report>
				<misses>316100000</misses>
				<total>0</total>
				<timestamp>2227.164437</timestamp>
			</report>
			<report>
				<misses>316200000</misses>
				<total>0</total>
				<timestamp>2227.849420</timestamp>
			</report>
			<report>
				<misses>316300000</misses>
				<total>0</total>
				<timestamp>2228.541137</timestamp>
			</report>
			<report>
				<misses>316400000</misses>
				<total>0</total>
				<timestamp>2229.229565</timestamp>
			</report>
			<report>
				<misses>316500000</misses>
				<total>0</total>
				<timestamp>2229.916891</timestamp>
			</report>
			<report>
				<misses>316600000</misses>
				<total>0</total>
				<timestamp>2230.586197</timestamp>
			</report>
			<report>
				<misses>316700000</misses>
				<total>0</total>
				<timestamp>2231.262479</timestamp>
			</report>
			<report>
				<misses>316800000</misses>
				<total>0</total>
				<timestamp>2231.933670</timestamp>
			</report>
			<report>
				<misses>316900000</misses>
				<total>0</total>
				<timestamp>2232.646709</timestamp>
			</report>
			<report>
				<misses>317000000</misses>
				<total>0</total>
				<timestamp>2233.408694</timestamp>
			</report>
			<report>
				<misses>317100000</misses>
				<total>0</total>
				<timestamp>2234.138381</timestamp>
			</report>
			<report>
				<misses>317200000</misses>
				<total>0</total>
				<timestamp>2234.870754</timestamp>
			</report>
			<report>
				<misses>317300000</misses>
				<total>0</total>
				<timestamp>2235.607568</timestamp>
			</report>
			<report>
				<misses>317400000</misses>
				<total>0</total>
				<timestamp>2236.339911</timestamp>
			</report>
			<report>
				<misses>317500000</misses>
				<total>0</total>
				<timestamp>2237.018528</timestamp>
			</report>
			<report>
				<misses>317600000</misses>
				<total>0</total>
				<timestamp>2237.737191</timestamp>
			</report>
			<report>
				<misses>317700000</misses>
				<total>0</total>
				<timestamp>2238.437450</timestamp>
			</report>
			<report>
				<misses>317800000</misses>
				<total>0</total>
				<timestamp>2239.148550</timestamp>
			</report>
			<report>
				<misses>317900000</misses>
				<total>0</total>
				<timestamp>2239.856928</timestamp>
			</report>
			<report>
				<misses>318000000</misses>
				<total>0</total>
				<timestamp>2240.563656</timestamp>
			</report>
			<report>
				<misses>318100000</misses>
				<total>0</total>
				<timestamp>2241.295620</timestamp>
			</report>
			<report>
				<misses>318200000</misses>
				<total>0</total>
				<timestamp>2241.994913</timestamp>
			</report>
			<report>
				<misses>318300000</misses>
				<total>0</total>
				<timestamp>2242.708289</timestamp>
			</report>
			<report>
				<misses>318400000</misses>
				<total>0</total>
				<timestamp>2243.396651</timestamp>
			</report>
			<report>
				<misses>318500000</misses>
				<total>0</total>
				<timestamp>2244.128284</timestamp>
			</report>
			<report>
				<misses>318600000</misses>
				<total>0</total>
				<timestamp>2244.842878</timestamp>
			</report>
			<report>
				<misses>318700000</misses>
				<total>0</total>
				<timestamp>2245.527852</timestamp>
			</report>
			<report>
				<misses>318800000</misses>
				<total>0</total>
				<timestamp>2246.207685</timestamp>
			</report>
			<report>
				<misses>318900000</misses>
				<total>0</total>
				<timestamp>2246.908226</timestamp>
			</report>
			<report>
				<misses>319000000</misses>
				<total>0</total>
				<timestamp>2247.590420</timestamp>
			</report>
			<report>
				<misses>319100000</misses>
				<total>0</total>
				<timestamp>2248.296830</timestamp>
			</report>
			<report>
				<misses>319200000</misses>
				<total>0</total>
				<timestamp>2248.979689</timestamp>
			</report>
			<report>
				<misses>319300000</misses>
				<total>0</total>
				<timestamp>2249.664828</timestamp>
			</report>
			<report>
				<misses>319400000</misses>
				<total>0</total>
				<timestamp>2250.371094</timestamp>
			</report>
			<report>
				<misses>319500000</misses>
				<total>0</total>
				<timestamp>2251.050276</timestamp>
			</report>
			<report>
				<misses>319600000</misses>
				<total>0</total>
				<timestamp>2251.726532</timestamp>
			</report>
			<report>
				<misses>319700000</misses>
				<total>0</total>
				<timestamp>2252.416609</timestamp>
			</report>
			<report>
				<misses>319800000</misses>
				<total>0</total>
				<timestamp>2253.121273</timestamp>
			</report>
			<report>
				<misses>319900000</misses>
				<total>0</total>
				<timestamp>2253.827782</timestamp>
			</report>
			<report>
				<misses>320000000</misses>
				<total>0</total>
				<timestamp>2254.525503</timestamp>
			</report>
			<report>
				<misses>320100000</misses>
				<total>0</total>
				<timestamp>2255.212947</timestamp>
			</report>
			<report>
				<misses>320200000</misses>
				<total>0</total>
				<timestamp>2255.938451</timestamp>
			</report>
			<report>
				<misses>320300000</misses>
				<total>0</total>
				<timestamp>2256.632775</timestamp>
			</report>
			<report>
				<misses>320400000</misses>
				<total>0</total>
				<timestamp>2257.325597</timestamp>
			</report>
			<report>
				<misses>320500000</misses>
				<total>0</total>
				<timestamp>2258.046386</timestamp>
			</report>
			<report>
				<misses>320600000</misses>
				<total>0</total>
				<timestamp>2258.743663</timestamp>
			</report>
			<report>
				<misses>320700000</misses>
				<total>0</total>
				<timestamp>2259.462120</timestamp>
			</report>
			<report>
				<misses>320800000</misses>
				<total>0</total>
				<timestamp>2260.146842</timestamp>
			</report>
			<report>
				<misses>320900000</misses>
				<total>0</total>
				<timestamp>2260.846993</timestamp>
			</report>
			<report>
				<misses>321000000</misses>
				<total>0</total>
				<timestamp>2261.528983</timestamp>
			</report>
			<report>
				<misses>321100000</misses>
				<total>0</total>
				<timestamp>2262.210073</timestamp>
			</report>
			<report>
				<misses>321200000</misses>
				<total>0</total>
				<timestamp>2262.903819</timestamp>
			</report>
			<report>
				<misses>321300000</misses>
				<total>0</total>
				<timestamp>2263.586983</timestamp>
			</report>
			<report>
				<misses>321400000</misses>
				<total>0</total>
				<timestamp>2264.271395</timestamp>
			</report>
			<report>
				<misses>321500000</misses>
				<total>0</total>
				<timestamp>2264.971242</timestamp>
			</report>
			<report>
				<misses>321600000</misses>
				<total>0</total>
				<timestamp>2265.665221</timestamp>
			</report>
			<report>
				<misses>321700000</misses>
				<total>0</total>
				<timestamp>2266.346387</timestamp>
			</report>
			<report>
				<misses>321800000</misses>
				<total>0</total>
				<timestamp>2267.029446</timestamp>
			</report>
			<report>
				<misses>321900000</misses>
				<total>0</total>
				<timestamp>2267.706413</timestamp>
			</report>
			<report>
				<misses>322000000</misses>
				<total>0</total>
				<timestamp>2268.418620</timestamp>
			</report>
			<report>
				<misses>322100000</misses>
				<total>0</total>
				<timestamp>2269.146434</timestamp>
			</report>
			<report>
				<misses>322200000</misses>
				<total>0</total>
				<timestamp>2269.863354</timestamp>
			</report>
			<report>
				<misses>322300000</misses>
				<total>0</total>
				<timestamp>2270.581072</timestamp>
			</report>
			<report>
				<misses>322400000</misses>
				<total>0</total>
				<timestamp>2271.294945</timestamp>
			</report>
			<report>
				<misses>322500000</misses>
				<total>0</total>
				<timestamp>2271.980065</timestamp>
			</report>
			<report>
				<misses>322600000</misses>
				<total>0</total>
				<timestamp>2272.691198</timestamp>
			</report>
			<report>
				<misses>322700000</misses>
				<total>0</total>
				<timestamp>2273.386847</timestamp>
			</report>
			<report>
				<misses>322800000</misses>
				<total>0</total>
				<timestamp>2274.101267</timestamp>
			</report>
			<report>
				<misses>322900000</misses>
				<total>0</total>
				<timestamp>2274.785274</timestamp>
			</report>
			<report>
				<misses>323000000</misses>
				<total>0</total>
				<timestamp>2275.492722</timestamp>
			</report>
			<report>
				<misses>323100000</misses>
				<total>0</total>
				<timestamp>2276.184939</timestamp>
			</report>
			<report>
				<misses>323200000</misses>
				<total>0</total>
				<timestamp>2276.891704</timestamp>
			</report>
			<report>
				<misses>323300000</misses>
				<total>0</total>
				<timestamp>2277.584030</timestamp>
			</report>
			<report>
				<misses>323400000</misses>
				<total>0</total>
				<timestamp>2278.295446</timestamp>
			</report>
			<report>
				<misses>323500000</misses>
				<total>0</total>
				<timestamp>2278.977295</timestamp>
			</report>
			<report>
				<misses>323600000</misses>
				<total>0</total>
				<timestamp>2279.662461</timestamp>
			</report>
			<report>
				<misses>323700000</misses>
				<total>0</total>
				<timestamp>2280.358059</timestamp>
			</report>
			<report>
				<misses>323800000</misses>
				<total>0</total>
				<timestamp>2281.056549</timestamp>
			</report>
			<report>
				<misses>323900000</misses>
				<total>0</total>
				<timestamp>2281.736773</timestamp>
			</report>
			<report>
				<misses>324000000</misses>
				<total>0</total>
				<timestamp>2282.433759</timestamp>
			</report>
			<report>
				<misses>324100000</misses>
				<total>0</total>
				<timestamp>2283.124494</timestamp>
			</report>
			<report>
				<misses>324200000</misses>
				<total>0</total>
				<timestamp>2283.792551</timestamp>
			</report>
			<report>
				<misses>324300000</misses>
				<total>0</total>
				<timestamp>2284.473728</timestamp>
			</report>
			<report>
				<misses>324400000</misses>
				<total>0</total>
				<timestamp>2285.172524</timestamp>
			</report>
			<report>
				<misses>324500000</misses>
				<total>0</total>
				<timestamp>2285.881367</timestamp>
			</report>
			<report>
				<misses>324600000</misses>
				<total>0</total>
				<timestamp>2286.620187</timestamp>
			</report>
			<report>
				<misses>324700000</misses>
				<total>0</total>
				<timestamp>2287.363409</timestamp>
			</report>
			<report>
				<misses>324800000</misses>
				<total>0</total>
				<timestamp>2288.074304</timestamp>
			</report>
			<report>
				<misses>324900000</misses>
				<total>0</total>
				<timestamp>2288.797060</timestamp>
			</report>
			<report>
				<misses>325000000</misses>
				<total>0</total>
				<timestamp>2289.520493</timestamp>
			</report>
			<report>
				<misses>325100000</misses>
				<total>0</total>
				<timestamp>2290.227919</timestamp>
			</report>
			<report>
				<misses>325200000</misses>
				<total>0</total>
				<timestamp>2290.947078</timestamp>
			</report>
			<report>
				<misses>325300000</misses>
				<total>0</total>
				<timestamp>2291.669442</timestamp>
			</report>
			<report>
				<misses>325400000</misses>
				<total>0</total>
				<timestamp>2292.400302</timestamp>
			</report>
			<report>
				<misses>325500000</misses>
				<total>0</total>
				<timestamp>2293.096271</timestamp>
			</report>
			<report>
				<misses>325600000</misses>
				<total>0</total>
				<timestamp>2293.840898</timestamp>
			</report>
			<report>
				<misses>325700000</misses>
				<total>0</total>
				<timestamp>2294.556944</timestamp>
			</report>
			<report>
				<misses>325800000</misses>
				<total>0</total>
				<timestamp>2295.276929</timestamp>
			</report>
			<report>
				<misses>325900000</misses>
				<total>0</total>
				<timestamp>2295.993871</timestamp>
			</report>
			<report>
				<misses>326000000</misses>
				<total>0</total>
				<timestamp>2296.716790</timestamp>
			</report>
			<report>
				<misses>326100000</misses>
				<total>0</total>
				<timestamp>2297.416403</timestamp>
			</report>
			<report>
				<misses>326200000</misses>
				<total>0</total>
				<timestamp>2298.120031</timestamp>
			</report>
			<report>
				<misses>326300000</misses>
				<total>0</total>
				<timestamp>2298.807549</timestamp>
			</report>
			<report>
				<misses>326400000</misses>
				<total>0</total>
				<timestamp>2299.494976</timestamp>
			</report>
			<report>
				<misses>326500000</misses>
				<total>0</total>
				<timestamp>2300.182012</timestamp>
			</report>
			<report>
				<misses>326600000</misses>
				<total>0</total>
				<timestamp>2300.862044</timestamp>
			</report>
			<report>
				<misses>326700000</misses>
				<total>0</total>
				<timestamp>2301.539734</timestamp>
			</report>
			<report>
				<misses>326800000</misses>
				<total>0</total>
				<timestamp>2302.225019</timestamp>
			</report>
			<report>
				<misses>326900000</misses>
				<total>0</total>
				<timestamp>2302.901183</timestamp>
			</report>
			<report>
				<misses>327000000</misses>
				<total>0</total>
				<timestamp>2303.596355</timestamp>
			</report>
			<report>
				<misses>327100000</misses>
				<total>0</total>
				<timestamp>2304.282573</timestamp>
			</report>
			<report>
				<misses>327200000</misses>
				<total>0</total>
				<timestamp>2304.983661</timestamp>
			</report>
			<report>
				<misses>327300000</misses>
				<total>0</total>
				<timestamp>2305.701778</timestamp>
			</report>
			<report>
				<misses>327400000</misses>
				<total>0</total>
				<timestamp>2306.435222</timestamp>
			</report>
			<report>
				<misses>327500000</misses>
				<total>0</total>
				<timestamp>2307.155354</timestamp>
			</report>
			<report>
				<misses>327600000</misses>
				<total>0</total>
				<timestamp>2307.863990</timestamp>
			</report>
			<report>
				<misses>327700000</misses>
				<total>0</total>
				<timestamp>2308.569179</timestamp>
			</report>
			<report>
				<misses>327800000</misses>
				<total>0</total>
				<timestamp>2309.285205</timestamp>
			</report>
			<report>
				<misses>327900000</misses>
				<total>0</total>
				<timestamp>2310.010635</timestamp>
			</report>
			<report>
				<misses>328000000</misses>
				<total>0</total>
				<timestamp>2310.725859</timestamp>
			</report>
			<report>
				<misses>328100000</misses>
				<total>0</total>
				<timestamp>2311.443596</timestamp>
			</report>
			<report>
				<misses>328200000</misses>
				<total>0</total>
				<timestamp>2312.156593</timestamp>
			</report>
			<report>
				<misses>328300000</misses>
				<total>0</total>
				<timestamp>2312.886592</timestamp>
			</report>
			<report>
				<misses>328400000</misses>
				<total>0</total>
				<timestamp>2313.609582</timestamp>
			</report>
			<report>
				<misses>328500000</misses>
				<total>0</total>
				<timestamp>2314.301421</timestamp>
			</report>
			<report>
				<misses>328600000</misses>
				<total>0</total>
				<timestamp>2314.996583</timestamp>
			</report>
			<report>
				<misses>328700000</misses>
				<total>0</total>
				<timestamp>2315.675863</timestamp>
			</report>
			<report>
				<misses>328800000</misses>
				<total>0</total>
				<timestamp>2316.364630</timestamp>
			</report>
			<report>
				<misses>328900000</misses>
				<total>0</total>
				<timestamp>2317.042235</timestamp>
			</report>
			<report>
				<misses>329000000</misses>
				<total>0</total>
				<timestamp>2317.718702</timestamp>
			</report>
			<report>
				<misses>329100000</misses>
				<total>0</total>
				<timestamp>2318.407346</timestamp>
			</report>
			<report>
				<misses>329200000</misses>
				<total>0</total>
				<timestamp>2319.106425</timestamp>
			</report>
			<report>
				<misses>329300000</misses>
				<total>0</total>
				<timestamp>2319.791528</timestamp>
			</report>
			<report>
				<misses>329400000</misses>
				<total>0</total>
				<timestamp>2320.496217</timestamp>
			</report>
			<report>
				<misses>329500000</misses>
				<total>0</total>
				<timestamp>2321.183227</timestamp>
			</report>
			<report>
				<misses>329600000</misses>
				<total>0</total>
				<timestamp>2321.891943</timestamp>
			</report>
			<report>
				<misses>329700000</misses>
				<total>0</total>
				<timestamp>2322.583529</timestamp>
			</report>
			<report>
				<misses>329800000</misses>
				<total>0</total>
				<timestamp>2323.311644</timestamp>
			</report>
			<report>
				<misses>329900000</misses>
				<total>0</total>
				<timestamp>2324.010804</timestamp>
			</report>
			<report>
				<misses>330000000</misses>
				<total>0</total>
				<timestamp>2324.703450</timestamp>
			</report>
			<report>
				<misses>330100000</misses>
				<total>0</total>
				<timestamp>2325.412757</timestamp>
			</report>
			<report>
				<misses>330200000</misses>
				<total>0</total>
				<timestamp>2326.124329</timestamp>
			</report>
			<report>
				<misses>330300000</misses>
				<total>0</total>
				<timestamp>2326.847516</timestamp>
			</report>
			<report>
				<misses>330400000</misses>
				<total>0</total>
				<timestamp>2327.582714</timestamp>
			</report>
			<report>
				<misses>330500000</misses>
				<total>0</total>
				<timestamp>2328.281738</timestamp>
			</report>
			<report>
				<misses>330600000</misses>
				<total>0</total>
				<timestamp>2329.020808</timestamp>
			</report>
			<report>
				<misses>330700000</misses>
				<total>0</total>
				<timestamp>2329.719768</timestamp>
			</report>
			<report>
				<misses>330800000</misses>
				<total>0</total>
				<timestamp>2330.422336</timestamp>
			</report>
			<report>
				<misses>330900000</misses>
				<total>0</total>
				<timestamp>2331.099528</timestamp>
			</report>
			<report>
				<misses>331000000</misses>
				<total>0</total>
				<timestamp>2331.780525</timestamp>
			</report>
			<report>
				<misses>331100000</misses>
				<total>0</total>
				<timestamp>2332.462360</timestamp>
			</report>
			<report>
				<misses>331200000</misses>
				<total>0</total>
				<timestamp>2333.151376</timestamp>
			</report>
			<report>
				<misses>331300000</misses>
				<total>0</total>
				<timestamp>2333.835143</timestamp>
			</report>
			<report>
				<misses>331400000</misses>
				<total>0</total>
				<timestamp>2334.520583</timestamp>
			</report>
			<report>
				<misses>331500000</misses>
				<total>0</total>
				<timestamp>2335.199991</timestamp>
			</report>
			<report>
				<misses>331600000</misses>
				<total>0</total>
				<timestamp>2335.898774</timestamp>
			</report>
			<report>
				<misses>331700000</misses>
				<total>0</total>
				<timestamp>2336.590616</timestamp>
			</report>
			<report>
				<misses>331800000</misses>
				<total>0</total>
				<timestamp>2337.312057</timestamp>
			</report>
			<report>
				<misses>331900000</misses>
				<total>0</total>
				<timestamp>2338.020176</timestamp>
			</report>
			<report>
				<misses>332000000</misses>
				<total>0</total>
				<timestamp>2338.758884</timestamp>
			</report>
			<report>
				<misses>332100000</misses>
				<total>0</total>
				<timestamp>2339.462213</timestamp>
			</report>
			<report>
				<misses>332200000</misses>
				<total>0</total>
				<timestamp>2340.171315</timestamp>
			</report>
			<report>
				<misses>332300000</misses>
				<total>0</total>
				<timestamp>2340.875223</timestamp>
			</report>
			<report>
				<misses>332400000</misses>
				<total>0</total>
				<timestamp>2341.576646</timestamp>
			</report>
			<report>
				<misses>332500000</misses>
				<total>0</total>
				<timestamp>2342.274952</timestamp>
			</report>
			<report>
				<misses>332600000</misses>
				<total>0</total>
				<timestamp>2342.991892</timestamp>
			</report>
			<report>
				<misses>332700000</misses>
				<total>0</total>
				<timestamp>2343.690560</timestamp>
			</report>
			<report>
				<misses>332800000</misses>
				<total>0</total>
				<timestamp>2344.392387</timestamp>
			</report>
			<report>
				<misses>332900000</misses>
				<total>0</total>
				<timestamp>2345.094804</timestamp>
			</report>
			<report>
				<misses>333000000</misses>
				<total>0</total>
				<timestamp>2345.784957</timestamp>
			</report>
			<report>
				<misses>333100000</misses>
				<total>0</total>
				<timestamp>2346.473138</timestamp>
			</report>
			<report>
				<misses>333200000</misses>
				<total>0</total>
				<timestamp>2347.183655</timestamp>
			</report>
			<report>
				<misses>333300000</misses>
				<total>0</total>
				<timestamp>2347.879444</timestamp>
			</report>
			<report>
				<misses>333400000</misses>
				<total>0</total>
				<timestamp>2348.582062</timestamp>
			</report>
			<report>
				<misses>333500000</misses>
				<total>0</total>
				<timestamp>2349.268364</timestamp>
			</report>
			<report>
				<misses>333600000</misses>
				<total>0</total>
				<timestamp>2349.945956</timestamp>
			</report>
			<report>
				<misses>333700000</misses>
				<total>0</total>
				<timestamp>2350.638476</timestamp>
			</report>
			<report>
				<misses>333800000</misses>
				<total>0</total>
				<timestamp>2351.334288</timestamp>
			</report>
			<report>
				<misses>333900000</misses>
				<total>0</total>
				<timestamp>2352.022191</timestamp>
			</report>
			<report>
				<misses>334000000</misses>
				<total>0</total>
				<timestamp>2352.695099</timestamp>
			</report>
			<report>
				<misses>334100000</misses>
				<total>0</total>
				<timestamp>2353.387091</timestamp>
			</report>
			<report>
				<misses>334200000</misses>
				<total>0</total>
				<timestamp>2354.084284</timestamp>
			</report>
			<report>
				<misses>334300000</misses>
				<total>0</total>
				<timestamp>2354.784840</timestamp>
			</report>
			<report>
				<misses>334400000</misses>
				<total>0</total>
				<timestamp>2355.505952</timestamp>
			</report>
			<report>
				<misses>334500000</misses>
				<total>0</total>
				<timestamp>2356.179082</timestamp>
			</report>
			<report>
				<misses>334600000</misses>
				<total>0</total>
				<timestamp>2356.867359</timestamp>
			</report>
			<report>
				<misses>334700000</misses>
				<total>0</total>
				<timestamp>2357.569308</timestamp>
			</report>
			<report>
				<misses>334800000</misses>
				<total>0</total>
				<timestamp>2358.287180</timestamp>
			</report>
			<report>
				<misses>334900000</misses>
				<total>0</total>
				<timestamp>2359.042086</timestamp>
			</report>
			<report>
				<misses>335000000</misses>
				<total>0</total>
				<timestamp>2359.775958</timestamp>
			</report>
			<report>
				<misses>335100000</misses>
				<total>0</total>
				<timestamp>2360.511449</timestamp>
			</report>
			<report>
				<misses>335200000</misses>
				<total>0</total>
				<timestamp>2361.243776</timestamp>
			</report>
			<report>
				<misses>335300000</misses>
				<total>0</total>
				<timestamp>2361.956832</timestamp>
			</report>
			<report>
				<misses>335400000</misses>
				<total>0</total>
				<timestamp>2362.665744</timestamp>
			</report>
			<report>
				<misses>335500000</misses>
				<total>0</total>
				<timestamp>2363.365606</timestamp>
			</report>
			<report>
				<misses>335600000</misses>
				<total>0</total>
				<timestamp>2364.080900</timestamp>
			</report>
			<report>
				<misses>335700000</misses>
				<total>0</total>
				<timestamp>2364.794689</timestamp>
			</report>
			<report>
				<misses>335800000</misses>
				<total>0</total>
				<timestamp>2365.480816</timestamp>
			</report>
			<report>
				<misses>335900000</misses>
				<total>0</total>
				<timestamp>2366.239433</timestamp>
			</report>
			<report>
				<misses>336000000</misses>
				<total>0</total>
				<timestamp>2366.953703</timestamp>
			</report>
			<report>
				<misses>336100000</misses>
				<total>0</total>
				<timestamp>2367.649421</timestamp>
			</report>
			<report>
				<misses>336200000</misses>
				<total>0</total>
				<timestamp>2368.342371</timestamp>
			</report>
			<report>
				<misses>336300000</misses>
				<total>0</total>
				<timestamp>2369.031136</timestamp>
			</report>
			<report>
				<misses>336400000</misses>
				<total>0</total>
				<timestamp>2369.710906</timestamp>
			</report>
			<report>
				<misses>336500000</misses>
				<total>0</total>
				<timestamp>2370.393565</timestamp>
			</report>
			<report>
				<misses>336600000</misses>
				<total>0</total>
				<timestamp>2371.076929</timestamp>
			</report>
			<report>
				<misses>336700000</misses>
				<total>0</total>
				<timestamp>2371.761921</timestamp>
			</report>
			<report>
				<misses>336800000</misses>
				<total>0</total>
				<timestamp>2372.455355</timestamp>
			</report>
			<report>
				<misses>336900000</misses>
				<total>0</total>
				<timestamp>2373.135089</timestamp>
			</report>
			<report>
				<misses>337000000</misses>
				<total>0</total>
				<timestamp>2373.837617</timestamp>
			</report>
			<report>
				<misses>337100000</misses>
				<total>0</total>
				<timestamp>2374.530681</timestamp>
			</report>
			<report>
				<misses>337200000</misses>
				<total>0</total>
				<timestamp>2375.238941</timestamp>
			</report>
			<report>
				<misses>337300000</misses>
				<total>0</total>
				<timestamp>2375.962935</timestamp>
			</report>
			<report>
				<misses>337400000</misses>
				<total>0</total>
				<timestamp>2376.655049</timestamp>
			</report>
			<report>
				<misses>337500000</misses>
				<total>0</total>
				<timestamp>2377.395755</timestamp>
			</report>
			<report>
				<misses>337600000</misses>
				<total>0</total>
				<timestamp>2378.106590</timestamp>
			</report>
			<report>
				<misses>337700000</misses>
				<total>0</total>
				<timestamp>2378.806635</timestamp>
			</report>
			<report>
				<misses>337800000</misses>
				<total>0</total>
				<timestamp>2379.516439</timestamp>
			</report>
			<report>
				<misses>337900000</misses>
				<total>0</total>
				<timestamp>2380.212179</timestamp>
			</report>
			<report>
				<misses>338000000</misses>
				<total>0</total>
				<timestamp>2380.931246</timestamp>
			</report>
			<report>
				<misses>338100000</misses>
				<total>0</total>
				<timestamp>2381.652225</timestamp>
			</report>
			<report>
				<misses>338200000</misses>
				<total>0</total>
				<timestamp>2382.374939</timestamp>
			</report>
			<report>
				<misses>338300000</misses>
				<total>0</total>
				<timestamp>2383.071040</timestamp>
			</report>
			<report>
				<misses>338400000</misses>
				<total>0</total>
				<timestamp>2383.763939</timestamp>
			</report>
			<report>
				<misses>338500000</misses>
				<total>0</total>
				<timestamp>2384.455329</timestamp>
			</report>
			<report>
				<misses>338600000</misses>
				<total>0</total>
				<timestamp>2385.141465</timestamp>
			</report>
			<report>
				<misses>338700000</misses>
				<total>0</total>
				<timestamp>2385.828654</timestamp>
			</report>
			<report>
				<misses>338800000</misses>
				<total>0</total>
				<timestamp>2386.529807</timestamp>
			</report>
			<report>
				<misses>338900000</misses>
				<total>0</total>
				<timestamp>2387.214092</timestamp>
			</report>
			<report>
				<misses>339000000</misses>
				<total>0</total>
				<timestamp>2387.905224</timestamp>
			</report>
			<report>
				<misses>339100000</misses>
				<total>0</total>
				<timestamp>2388.596546</timestamp>
			</report>
			<report>
				<misses>339200000</misses>
				<total>0</total>
				<timestamp>2389.287525</timestamp>
			</report>
			<report>
				<misses>339300000</misses>
				<total>0</total>
				<timestamp>2389.967848</timestamp>
			</report>
			<report>
				<misses>339400000</misses>
				<total>0</total>
				<timestamp>2390.666601</timestamp>
			</report>
			<report>
				<misses>339500000</misses>
				<total>0</total>
				<timestamp>2391.379709</timestamp>
			</report>
			<report>
				<misses>339600000</misses>
				<total>0</total>
				<timestamp>2392.110094</timestamp>
			</report>
			<report>
				<misses>339700000</misses>
				<total>0</total>
				<timestamp>2392.837405</timestamp>
			</report>
			<report>
				<misses>339800000</misses>
				<total>0</total>
				<timestamp>2393.564444</timestamp>
			</report>
			<report>
				<misses>339900000</misses>
				<total>0</total>
				<timestamp>2394.297020</timestamp>
			</report>
			<report>
				<misses>340000000</misses>
				<total>0</total>
				<timestamp>2395.036972</timestamp>
			</report>
			<report>
				<misses>340100000</misses>
				<total>0</total>
				<timestamp>2395.750390</timestamp>
			</report>
			<report>
				<misses>340200000</misses>
				<total>0</total>
				<timestamp>2396.492979</timestamp>
			</report>
			<report>
				<misses>340300000</misses>
				<total>0</total>
				<timestamp>2397.219719</timestamp>
			</report>
			<report>
				<misses>340400000</misses>
				<total>0</total>
				<timestamp>2397.930934</timestamp>
			</report>
			<report>
				<misses>340500000</misses>
				<total>0</total>
				<timestamp>2398.641311</timestamp>
			</report>
			<report>
				<misses>340600000</misses>
				<total>0</total>
				<timestamp>2399.359064</timestamp>
			</report>
			<report>
				<misses>340700000</misses>
				<total>0</total>
				<timestamp>2400.062198</timestamp>
			</report>
			<report>
				<misses>340800000</misses>
				<total>0</total>
				<timestamp>2400.792672</timestamp>
			</report>
			<report>
				<misses>340900000</misses>
				<total>0</total>
				<timestamp>2401.500698</timestamp>
			</report>
			<report>
				<misses>341000000</misses>
				<total>0</total>
				<timestamp>2402.201097</timestamp>
			</report>
			<report>
				<misses>341100000</misses>
				<total>0</total>
				<timestamp>2402.917935</timestamp>
			</report>
			<report>
				<misses>341200000</misses>
				<total>0</total>
				<timestamp>2403.617194</timestamp>
			</report>
			<report>
				<misses>341300000</misses>
				<total>0</total>
				<timestamp>2404.341662</timestamp>
			</report>
			<report>
				<misses>341400000</misses>
				<total>0</total>
				<timestamp>2405.056091</timestamp>
			</report>
			<report>
				<misses>341500000</misses>
				<total>0</total>
				<timestamp>2405.747923</timestamp>
			</report>
			<report>
				<misses>341600000</misses>
				<total>0</total>
				<timestamp>2406.436583</timestamp>
			</report>
			<report>
				<misses>341700000</misses>
				<total>0</total>
				<timestamp>2407.121237</timestamp>
			</report>
			<report>
				<misses>341800000</misses>
				<total>0</total>
				<timestamp>2407.814782</timestamp>
			</report>
			<report>
				<misses>341900000</misses>
				<total>0</total>
				<timestamp>2408.488984</timestamp>
			</report>
			<report>
				<misses>342000000</misses>
				<total>0</total>
				<timestamp>2409.169615</timestamp>
			</report>
			<report>
				<misses>342100000</misses>
				<total>0</total>
				<timestamp>2409.873962</timestamp>
			</report>
			<report>
				<misses>342200000</misses>
				<total>0</total>
				<timestamp>2410.567757</timestamp>
			</report>
			<report>
				<misses>342300000</misses>
				<total>0</total>
				<timestamp>2411.248146</timestamp>
			</report>
			<report>
				<misses>342400000</misses>
				<total>0</total>
				<timestamp>2411.918710</timestamp>
			</report>
			<report>
				<misses>342500000</misses>
				<total>0</total>
				<timestamp>2412.617628</timestamp>
			</report>
			<report>
				<misses>342600000</misses>
				<total>0</total>
				<timestamp>2413.339495</timestamp>
			</report>
			<report>
				<misses>342700000</misses>
				<total>0</total>
				<timestamp>2414.043974</timestamp>
			</report>
			<report>
				<misses>342800000</misses>
				<total>0</total>
				<timestamp>2414.748648</timestamp>
			</report>
			<report>
				<misses>342900000</misses>
				<total>0</total>
				<timestamp>2415.448227</timestamp>
			</report>
			<report>
				<misses>343000000</misses>
				<total>0</total>
				<timestamp>2416.148362</timestamp>
			</report>
			<report>
				<misses>343100000</misses>
				<total>0</total>
				<timestamp>2416.873202</timestamp>
			</report>
			<report>
				<misses>343200000</misses>
				<total>0</total>
				<timestamp>2417.589241</timestamp>
			</report>
			<report>
				<misses>343300000</misses>
				<total>0</total>
				<timestamp>2418.296015</timestamp>
			</report>
			<report>
				<misses>343400000</misses>
				<total>0</total>
				<timestamp>2418.989632</timestamp>
			</report>
			<report>
				<misses>343500000</misses>
				<total>0</total>
				<timestamp>2419.693930</timestamp>
			</report>
			<report>
				<misses>343600000</misses>
				<total>0</total>
				<timestamp>2420.407640</timestamp>
			</report>
			<report>
				<misses>343700000</misses>
				<total>0</total>
				<timestamp>2421.103758</timestamp>
			</report>
			<report>
				<misses>343800000</misses>
				<total>0</total>
				<timestamp>2421.807048</timestamp>
			</report>
			<report>
				<misses>343900000</misses>
				<total>0</total>
				<timestamp>2422.488962</timestamp>
			</report>
			<report>
				<misses>344000000</misses>
				<total>0</total>
				<timestamp>2423.181628</timestamp>
			</report>
			<report>
				<misses>344100000</misses>
				<total>0</total>
				<timestamp>2423.852017</timestamp>
			</report>
			<report>
				<misses>344200000</misses>
				<total>0</total>
				<timestamp>2424.535291</timestamp>
			</report>
			<report>
				<misses>344300000</misses>
				<total>0</total>
				<timestamp>2425.225405</timestamp>
			</report>
			<report>
				<misses>344400000</misses>
				<total>0</total>
				<timestamp>2425.921213</timestamp>
			</report>
			<report>
				<misses>344500000</misses>
				<total>0</total>
				<timestamp>2426.603099</timestamp>
			</report>
			<report>
				<misses>344600000</misses>
				<total>0</total>
				<timestamp>2427.287832</timestamp>
			</report>
			<report>
				<misses>344700000</misses>
				<total>0</total>
				<timestamp>2427.970618</timestamp>
			</report>
			<report>
				<misses>344800000</misses>
				<total>0</total>
				<timestamp>2428.681763</timestamp>
			</report>
			<report>
				<misses>344900000</misses>
				<total>0</total>
				<timestamp>2429.394537</timestamp>
			</report>
			<report>
				<misses>345000000</misses>
				<total>0</total>
				<timestamp>2430.107508</timestamp>
			</report>
			<report>
				<misses>345100000</misses>
				<total>0</total>
				<timestamp>2430.819202</timestamp>
			</report>
			<report>
				<misses>345200000</misses>
				<total>0</total>
				<timestamp>2431.525314</timestamp>
			</report>
			<report>
				<misses>345300000</misses>
				<total>0</total>
				<timestamp>2432.226860</timestamp>
			</report>
			<report>
				<misses>345400000</misses>
				<total>0</total>
				<timestamp>2432.940631</timestamp>
			</report>
			<report>
				<misses>345500000</misses>
				<total>0</total>
				<timestamp>2433.656916</timestamp>
			</report>
			<report>
				<misses>345600000</misses>
				<total>0</total>
				<timestamp>2434.341081</timestamp>
			</report>
			<report>
				<misses>345700000</misses>
				<total>0</total>
				<timestamp>2435.049376</timestamp>
			</report>
			<report>
				<misses>345800000</misses>
				<total>0</total>
				<timestamp>2435.792153</timestamp>
			</report>
			<report>
				<misses>345900000</misses>
				<total>0</total>
				<timestamp>2436.527377</timestamp>
			</report>
			<report>
				<misses>346000000</misses>
				<total>0</total>
				<timestamp>2437.262243</timestamp>
			</report>
			<report>
				<misses>346100000</misses>
				<total>0</total>
				<timestamp>2437.995172</timestamp>
			</report>
			<report>
				<misses>346200000</misses>
				<total>0</total>
				<timestamp>2438.730727</timestamp>
			</report>
			<report>
				<misses>346300000</misses>
				<total>0</total>
				<timestamp>2439.467387</timestamp>
			</report>
			<report>
				<misses>346400000</misses>
				<total>0</total>
				<timestamp>2440.171434</timestamp>
			</report>
			<report>
				<misses>346500000</misses>
				<total>0</total>
				<timestamp>2440.871917</timestamp>
			</report>
			<report>
				<misses>346600000</misses>
				<total>0</total>
				<timestamp>2441.610286</timestamp>
			</report>
			<report>
				<misses>346700000</misses>
				<total>0</total>
				<timestamp>2442.348337</timestamp>
			</report>
			<report>
				<misses>346800000</misses>
				<total>0</total>
				<timestamp>2443.039309</timestamp>
			</report>
			<report>
				<misses>346900000</misses>
				<total>0</total>
				<timestamp>2443.723503</timestamp>
			</report>
			<report>
				<misses>347000000</misses>
				<total>0</total>
				<timestamp>2444.405722</timestamp>
			</report>
			<report>
				<misses>347100000</misses>
				<total>0</total>
				<timestamp>2445.093850</timestamp>
			</report>
			<report>
				<misses>347200000</misses>
				<total>0</total>
				<timestamp>2445.773110</timestamp>
			</report>
			<report>
				<misses>347300000</misses>
				<total>0</total>
				<timestamp>2446.466747</timestamp>
			</report>
			<report>
				<misses>347400000</misses>
				<total>0</total>
				<timestamp>2447.174743</timestamp>
			</report>
			<report>
				<misses>347500000</misses>
				<total>0</total>
				<timestamp>2447.860440</timestamp>
			</report>
			<report>
				<misses>347600000</misses>
				<total>0</total>
				<timestamp>2448.548126</timestamp>
			</report>
			<report>
				<misses>347700000</misses>
				<total>0</total>
				<timestamp>2449.243434</timestamp>
			</report>
			<report>
				<misses>347800000</misses>
				<total>0</total>
				<timestamp>2449.945731</timestamp>
			</report>
			<report>
				<misses>347900000</misses>
				<total>0</total>
				<timestamp>2450.685604</timestamp>
			</report>
			<report>
				<misses>348000000</misses>
				<total>0</total>
				<timestamp>2451.444648</timestamp>
			</report>
			<report>
				<misses>348100000</misses>
				<total>0</total>
				<timestamp>2452.139318</timestamp>
			</report>
			<report>
				<misses>348200000</misses>
				<total>0</total>
				<timestamp>2452.849413</timestamp>
			</report>
			<report>
				<misses>348300000</misses>
				<total>0</total>
				<timestamp>2453.587486</timestamp>
			</report>
			<report>
				<misses>348400000</misses>
				<total>0</total>
				<timestamp>2454.303175</timestamp>
			</report>
			<report>
				<misses>348500000</misses>
				<total>0</total>
				<timestamp>2455.024580</timestamp>
			</report>
			<report>
				<misses>348600000</misses>
				<total>0</total>
				<timestamp>2455.748309</timestamp>
			</report>
			<report>
				<misses>348700000</misses>
				<total>0</total>
				<timestamp>2456.458634</timestamp>
			</report>
			<report>
				<misses>348800000</misses>
				<total>0</total>
				<timestamp>2457.209810</timestamp>
			</report>
			<report>
				<misses>348900000</misses>
				<total>0</total>
				<timestamp>2457.914686</timestamp>
			</report>
			<report>
				<misses>349000000</misses>
				<total>0</total>
				<timestamp>2458.622001</timestamp>
			</report>
			<report>
				<misses>349100000</misses>
				<total>0</total>
				<timestamp>2459.311585</timestamp>
			</report>
			<report>
				<misses>349200000</misses>
				<total>0</total>
				<timestamp>2460.000066</timestamp>
			</report>
			<report>
				<misses>349300000</misses>
				<total>0</total>
				<timestamp>2460.678771</timestamp>
			</report>
			<report>
				<misses>349400000</misses>
				<total>0</total>
				<timestamp>2461.344789</timestamp>
			</report>
			<report>
				<misses>349500000</misses>
				<total>0</total>
				<timestamp>2462.061975</timestamp>
			</report>
			<report>
				<misses>349600000</misses>
				<total>0</total>
				<timestamp>2462.750666</timestamp>
			</report>
			<report>
				<misses>349700000</misses>
				<total>0</total>
				<timestamp>2463.434338</timestamp>
			</report>
			<report>
				<misses>349800000</misses>
				<total>0</total>
				<timestamp>2464.131264</timestamp>
			</report>
			<report>
				<misses>349900000</misses>
				<total>0</total>
				<timestamp>2464.827549</timestamp>
			</report>
			<report>
				<misses>350000000</misses>
				<total>0</total>
				<timestamp>2465.524012</timestamp>
			</report>
			<report>
				<misses>350100000</misses>
				<total>0</total>
				<timestamp>2466.243112</timestamp>
			</report>
			<report>
				<misses>350200000</misses>
				<total>0</total>
				<timestamp>2466.945674</timestamp>
			</report>
			<report>
				<misses>350300000</misses>
				<total>0</total>
				<timestamp>2467.651031</timestamp>
			</report>
			<report>
				<misses>350400000</misses>
				<total>0</total>
				<timestamp>2468.346104</timestamp>
			</report>
			<report>
				<misses>350500000</misses>
				<total>0</total>
				<timestamp>2469.055834</timestamp>
			</report>
			<report>
				<misses>350600000</misses>
				<total>0</total>
				<timestamp>2469.759449</timestamp>
			</report>
			<report>
				<misses>350700000</misses>
				<total>0</total>
				<timestamp>2470.452754</timestamp>
			</report>
			<report>
				<misses>350800000</misses>
				<total>0</total>
				<timestamp>2471.172875</timestamp>
			</report>
			<report>
				<misses>350900000</misses>
				<total>0</total>
				<timestamp>2471.871097</timestamp>
			</report>
			<report>
				<misses>351000000</misses>
				<total>0</total>
				<timestamp>2472.585534</timestamp>
			</report>
			<report>
				<misses>351100000</misses>
				<total>0</total>
				<timestamp>2473.271295</timestamp>
			</report>
			<report>
				<misses>351200000</misses>
				<total>0</total>
				<timestamp>2474.027296</timestamp>
			</report>
			<report>
				<misses>351300000</misses>
				<total>0</total>
				<timestamp>2474.720131</timestamp>
			</report>
			<report>
				<misses>351400000</misses>
				<total>0</total>
				<timestamp>2475.412497</timestamp>
			</report>
			<report>
				<misses>351500000</misses>
				<total>0</total>
				<timestamp>2476.108959</timestamp>
			</report>
			<report>
				<misses>351600000</misses>
				<total>0</total>
				<timestamp>2476.800961</timestamp>
			</report>
			<report>
				<misses>351700000</misses>
				<total>0</total>
				<timestamp>2477.499172</timestamp>
			</report>
			<report>
				<misses>351800000</misses>
				<total>0</total>
				<timestamp>2478.190716</timestamp>
			</report>
			<report>
				<misses>351900000</misses>
				<total>0</total>
				<timestamp>2478.872552</timestamp>
			</report>
			<report>
				<misses>352000000</misses>
				<total>0</total>
				<timestamp>2479.542483</timestamp>
			</report>
			<report>
				<misses>352100000</misses>
				<total>0</total>
				<timestamp>2480.228065</timestamp>
			</report>
			<report>
				<misses>352200000</misses>
				<total>0</total>
				<timestamp>2480.907599</timestamp>
			</report>
			<report>
				<misses>352300000</misses>
				<total>0</total>
				<timestamp>2481.598656</timestamp>
			</report>
			<report>
				<misses>352400000</misses>
				<total>0</total>
				<timestamp>2482.311421</timestamp>
			</report>
			<report>
				<misses>352500000</misses>
				<total>0</total>
				<timestamp>2483.019330</timestamp>
			</report>
			<report>
				<misses>352600000</misses>
				<total>0</total>
				<timestamp>2483.709071</timestamp>
			</report>
			<report>
				<misses>352700000</misses>
				<total>0</total>
				<timestamp>2484.418460</timestamp>
			</report>
			<report>
				<misses>352800000</misses>
				<total>0</total>
				<timestamp>2485.133924</timestamp>
			</report>
			<report>
				<misses>352900000</misses>
				<total>0</total>
				<timestamp>2485.851959</timestamp>
			</report>
			<report>
				<misses>353000000</misses>
				<total>0</total>
				<timestamp>2486.563662</timestamp>
			</report>
			<report>
				<misses>353100000</misses>
				<total>0</total>
				<timestamp>2487.254056</timestamp>
			</report>
			<report>
				<misses>353200000</misses>
				<total>0</total>
				<timestamp>2487.967176</timestamp>
			</report>
			<report>
				<misses>353300000</misses>
				<total>0</total>
				<timestamp>2488.664377</timestamp>
			</report>
			<report>
				<misses>353400000</misses>
				<total>0</total>
				<timestamp>2489.375144</timestamp>
			</report>
			<report>
				<misses>353500000</misses>
				<total>0</total>
				<timestamp>2490.082414</timestamp>
			</report>
			<report>
				<misses>353600000</misses>
				<total>0</total>
				<timestamp>2490.781645</timestamp>
			</report>
			<report>
				<misses>353700000</misses>
				<total>0</total>
				<timestamp>2491.492079</timestamp>
			</report>
			<report>
				<misses>353800000</misses>
				<total>0</total>
				<timestamp>2492.192858</timestamp>
			</report>
			<report>
				<misses>353900000</misses>
				<total>0</total>
				<timestamp>2492.886743</timestamp>
			</report>
			<report>
				<misses>354000000</misses>
				<total>0</total>
				<timestamp>2493.575220</timestamp>
			</report>
			<report>
				<misses>354100000</misses>
				<total>0</total>
				<timestamp>2494.259097</timestamp>
			</report>
			<report>
				<misses>354200000</misses>
				<total>0</total>
				<timestamp>2494.951875</timestamp>
			</report>
			<report>
				<misses>354300000</misses>
				<total>0</total>
				<timestamp>2495.632847</timestamp>
			</report>
			<report>
				<misses>354400000</misses>
				<total>0</total>
				<timestamp>2496.314853</timestamp>
			</report>
			<report>
				<misses>354500000</misses>
				<total>0</total>
				<timestamp>2497.005974</timestamp>
			</report>
			<report>
				<misses>354600000</misses>
				<total>0</total>
				<timestamp>2497.684340</timestamp>
			</report>
			<report>
				<misses>354700000</misses>
				<total>0</total>
				<timestamp>2498.375685</timestamp>
			</report>
			<report>
				<misses>354800000</misses>
				<total>0</total>
				<timestamp>2499.119601</timestamp>
			</report>
			<report>
				<misses>354900000</misses>
				<total>0</total>
				<timestamp>2499.829717</timestamp>
			</report>
			<report>
				<misses>355000000</misses>
				<total>0</total>
				<timestamp>2500.546094</timestamp>
			</report>
			<report>
				<misses>355100000</misses>
				<total>0</total>
				<timestamp>2501.251223</timestamp>
			</report>
			<report>
				<misses>355200000</misses>
				<total>0</total>
				<timestamp>2501.942982</timestamp>
			</report>
			<report>
				<misses>355300000</misses>
				<total>0</total>
				<timestamp>2502.683257</timestamp>
			</report>
			<report>
				<misses>355400000</misses>
				<total>0</total>
				<timestamp>2503.395437</timestamp>
			</report>
			<report>
				<misses>355500000</misses>
				<total>0</total>
				<timestamp>2504.082888</timestamp>
			</report>
			<report>
				<misses>355600000</misses>
				<total>0</total>
				<timestamp>2504.784227</timestamp>
			</report>
			<report>
				<misses>355700000</misses>
				<total>0</total>
				<timestamp>2505.495683</timestamp>
			</report>
			<report>
				<misses>355800000</misses>
				<total>0</total>
				<timestamp>2506.211556</timestamp>
			</report>
			<report>
				<misses>355900000</misses>
				<total>0</total>
				<timestamp>2506.901600</timestamp>
			</report>
			<report>
				<misses>356000000</misses>
				<total>0</total>
				<timestamp>2507.590415</timestamp>
			</report>
			<report>
				<misses>356100000</misses>
				<total>0</total>
				<timestamp>2508.259789</timestamp>
			</report>
			<report>
				<misses>356200000</misses>
				<total>0</total>
				<timestamp>2508.946397</timestamp>
			</report>
			<report>
				<misses>356300000</misses>
				<total>0</total>
				<timestamp>2509.642369</timestamp>
			</report>
			<report>
				<misses>356400000</misses>
				<total>0</total>
				<timestamp>2510.319053</timestamp>
			</report>
			<report>
				<misses>356500000</misses>
				<total>0</total>
				<timestamp>2511.009622</timestamp>
			</report>
			<report>
				<misses>356600000</misses>
				<total>0</total>
				<timestamp>2511.699811</timestamp>
			</report>
			<report>
				<misses>356700000</misses>
				<total>0</total>
				<timestamp>2512.402194</timestamp>
			</report>
			<report>
				<misses>356800000</misses>
				<total>0</total>
				<timestamp>2513.095465</timestamp>
			</report>
			<report>
				<misses>356900000</misses>
				<total>0</total>
				<timestamp>2513.804901</timestamp>
			</report>
			<report>
				<misses>357000000</misses>
				<total>0</total>
				<timestamp>2514.517972</timestamp>
			</report>
			<report>
				<misses>357100000</misses>
				<total>0</total>
				<timestamp>2515.262675</timestamp>
			</report>
			<report>
				<misses>357200000</misses>
				<total>0</total>
				<timestamp>2515.988805</timestamp>
			</report>
			<report>
				<misses>357300000</misses>
				<total>0</total>
				<timestamp>2516.725660</timestamp>
			</report>
			<report>
				<misses>357400000</misses>
				<total>0</total>
				<timestamp>2517.438424</timestamp>
			</report>
			<report>
				<misses>357500000</misses>
				<total>0</total>
				<timestamp>2518.160733</timestamp>
			</report>
			<report>
				<misses>357600000</misses>
				<total>0</total>
				<timestamp>2518.895277</timestamp>
			</report>
			<report>
				<misses>357700000</misses>
				<total>0</total>
				<timestamp>2519.614876</timestamp>
			</report>
			<report>
				<misses>357800000</misses>
				<total>0</total>
				<timestamp>2520.354254</timestamp>
			</report>
			<report>
				<misses>357900000</misses>
				<total>0</total>
				<timestamp>2521.088201</timestamp>
			</report>
			<report>
				<misses>358000000</misses>
				<total>0</total>
				<timestamp>2521.789837</timestamp>
			</report>
			<report>
				<misses>358100000</misses>
				<total>0</total>
				<timestamp>2522.519558</timestamp>
			</report>
			<report>
				<misses>358200000</misses>
				<total>0</total>
				<timestamp>2523.233335</timestamp>
			</report>
			<report>
				<misses>358300000</misses>
				<total>0</total>
				<timestamp>2523.946666</timestamp>
			</report>
			<report>
				<misses>358400000</misses>
				<total>0</total>
				<timestamp>2524.648644</timestamp>
			</report>
			<report>
				<misses>358500000</misses>
				<total>0</total>
				<timestamp>2525.345413</timestamp>
			</report>
			<report>
				<misses>358600000</misses>
				<total>0</total>
				<timestamp>2526.055155</timestamp>
			</report>
			<report>
				<misses>358700000</misses>
				<total>0</total>
				<timestamp>2526.749847</timestamp>
			</report>
			<report>
				<misses>358800000</misses>
				<total>0</total>
				<timestamp>2527.438206</timestamp>
			</report>
			<report>
				<misses>358900000</misses>
				<total>0</total>
				<timestamp>2528.118826</timestamp>
			</report>
			<report>
				<misses>359000000</misses>
				<total>0</total>
				<timestamp>2528.804652</timestamp>
			</report>
			<report>
				<misses>359100000</misses>
				<total>0</total>
				<timestamp>2529.499329</timestamp>
			</report>
			<report>
				<misses>359200000</misses>
				<total>0</total>
				<timestamp>2530.191315</timestamp>
			</report>
			<report>
				<misses>359300000</misses>
				<total>0</total>
				<timestamp>2530.885798</timestamp>
			</report>
			<report>
				<misses>359400000</misses>
				<total>0</total>
				<timestamp>2531.572211</timestamp>
			</report>
			<report>
				<misses>359500000</misses>
				<total>0</total>
				<timestamp>2532.255302</timestamp>
			</report>
			<report>
				<misses>359600000</misses>
				<total>0</total>
				<timestamp>2532.951873</timestamp>
			</report>
			<report>
				<misses>359700000</misses>
				<total>0</total>
				<timestamp>2533.667533</timestamp>
			</report>
			<report>
				<misses>359800000</misses>
				<total>0</total>
				<timestamp>2534.400923</timestamp>
			</report>
			<report>
				<misses>359900000</misses>
				<total>0</total>
				<timestamp>2535.130693</timestamp>
			</report>
			<report>
				<misses>360000000</misses>
				<total>0</total>
				<timestamp>2535.825240</timestamp>
			</report>
			<report>
				<misses>360100000</misses>
				<total>0</total>
				<timestamp>2536.529047</timestamp>
			</report>
			<report>
				<misses>360200000</misses>
				<total>0</total>
				<timestamp>2537.219180</timestamp>
			</report>
			<report>
				<misses>360300000</misses>
				<total>0</total>
				<timestamp>2537.932807</timestamp>
			</report>
			<report>
				<misses>360400000</misses>
				<total>0</total>
				<timestamp>2538.629648</timestamp>
			</report>
			<report>
				<misses>360500000</misses>
				<total>0</total>
				<timestamp>2539.329907</timestamp>
			</report>
			<report>
				<misses>360600000</misses>
				<total>0</total>
				<timestamp>2540.021637</timestamp>
			</report>
			<report>
				<misses>360700000</misses>
				<total>0</total>
				<timestamp>2540.725668</timestamp>
			</report>
			<report>
				<misses>360800000</misses>
				<total>0</total>
				<timestamp>2541.447452</timestamp>
			</report>
			<report>
				<misses>360900000</misses>
				<total>0</total>
				<timestamp>2542.136786</timestamp>
			</report>
			<report>
				<misses>361000000</misses>
				<total>0</total>
				<timestamp>2542.824120</timestamp>
			</report>
			<report>
				<misses>361100000</misses>
				<total>0</total>
				<timestamp>2543.490590</timestamp>
			</report>
			<report>
				<misses>361200000</misses>
				<total>0</total>
				<timestamp>2544.169757</timestamp>
			</report>
			<report>
				<misses>361300000</misses>
				<total>0</total>
				<timestamp>2544.855544</timestamp>
			</report>
			<report>
				<misses>361400000</misses>
				<total>0</total>
				<timestamp>2545.541475</timestamp>
			</report>
			<report>
				<misses>361500000</misses>
				<total>0</total>
				<timestamp>2546.233632</timestamp>
			</report>
			<report>
				<misses>361600000</misses>
				<total>0</total>
				<timestamp>2546.918309</timestamp>
			</report>
			<report>
				<misses>361700000</misses>
				<total>0</total>
				<timestamp>2547.599188</timestamp>
			</report>
			<report>
				<misses>361800000</misses>
				<total>0</total>
				<timestamp>2548.295943</timestamp>
			</report>
			<report>
				<misses>361900000</misses>
				<total>0</total>
				<timestamp>2548.984016</timestamp>
			</report>
			<report>
				<misses>362000000</misses>
				<total>0</total>
				<timestamp>2549.669031</timestamp>
			</report>
			<report>
				<misses>362100000</misses>
				<total>0</total>
				<timestamp>2550.375124</timestamp>
			</report>
			<report>
				<misses>362200000</misses>
				<total>0</total>
				<timestamp>2551.077932</timestamp>
			</report>
			<report>
				<misses>362300000</misses>
				<total>0</total>
				<timestamp>2551.782973</timestamp>
			</report>
			<report>
				<misses>362400000</misses>
				<total>0</total>
				<timestamp>2552.484344</timestamp>
			</report>
			<report>
				<misses>362500000</misses>
				<total>0</total>
				<timestamp>2553.207883</timestamp>
			</report>
			<report>
				<misses>362600000</misses>
				<total>0</total>
				<timestamp>2553.935181</timestamp>
			</report>
			<report>
				<misses>362700000</misses>
				<total>0</total>
				<timestamp>2554.657160</timestamp>
			</report>
			<report>
				<misses>362800000</misses>
				<total>0</total>
				<timestamp>2555.353464</timestamp>
			</report>
			<report>
				<misses>362900000</misses>
				<total>0</total>
				<timestamp>2556.040775</timestamp>
			</report>
			<report>
				<misses>363000000</misses>
				<total>0</total>
				<timestamp>2556.736929</timestamp>
			</report>
			<report>
				<misses>363100000</misses>
				<total>0</total>
				<timestamp>2557.440659</timestamp>
			</report>
			<report>
				<misses>363200000</misses>
				<total>0</total>
				<timestamp>2558.155695</timestamp>
			</report>
			<report>
				<misses>363300000</misses>
				<total>0</total>
				<timestamp>2558.863104</timestamp>
			</report>
			<report>
				<misses>363400000</misses>
				<total>0</total>
				<timestamp>2559.547635</timestamp>
			</report>
			<report>
				<misses>363500000</misses>
				<total>0</total>
				<timestamp>2560.236773</timestamp>
			</report>
			<report>
				<misses>363600000</misses>
				<total>0</total>
				<timestamp>2560.909435</timestamp>
			</report>
			<report>
				<misses>363700000</misses>
				<total>0</total>
				<timestamp>2561.593472</timestamp>
			</report>
			<report>
				<misses>363800000</misses>
				<total>0</total>
				<timestamp>2562.279771</timestamp>
			</report>
			<report>
				<misses>363900000</misses>
				<total>0</total>
				<timestamp>2562.971411</timestamp>
			</report>
			<report>
				<misses>364000000</misses>
				<total>0</total>
				<timestamp>2563.665202</timestamp>
			</report>
			<report>
				<misses>364100000</misses>
				<total>0</total>
				<timestamp>2564.351588</timestamp>
			</report>
			<report>
				<misses>364200000</misses>
				<total>0</total>
				<timestamp>2565.046093</timestamp>
			</report>
			<report>
				<misses>364300000</misses>
				<total>0</total>
				<timestamp>2565.788468</timestamp>
			</report>
			<report>
				<misses>364400000</misses>
				<total>0</total>
				<timestamp>2566.498871</timestamp>
			</report>
			<report>
				<misses>364500000</misses>
				<total>0</total>
				<timestamp>2567.208063</timestamp>
			</report>
			<report>
				<misses>364600000</misses>
				<total>0</total>
				<timestamp>2567.925928</timestamp>
			</report>
			<report>
				<misses>364700000</misses>
				<total>0</total>
				<timestamp>2568.621007</timestamp>
			</report>
			<report>
				<misses>364800000</misses>
				<total>0</total>
				<timestamp>2569.325066</timestamp>
			</report>
			<report>
				<misses>364900000</misses>
				<total>0</total>
				<timestamp>2570.021688</timestamp>
			</report>
			<report>
				<misses>365000000</misses>
				<total>0</total>
				<timestamp>2570.738344</timestamp>
			</report>
			<report>
				<misses>365100000</misses>
				<total>0</total>
				<timestamp>2571.435948</timestamp>
			</report>
			<report>
				<misses>365200000</misses>
				<total>0</total>
				<timestamp>2572.151369</timestamp>
			</report>
			<report>
				<misses>365300000</misses>
				<total>0</total>
				<timestamp>2572.860702</timestamp>
			</report>
			<report>
				<misses>365400000</misses>
				<total>0</total>
				<timestamp>2573.547361</timestamp>
			</report>
			<report>
				<misses>365500000</misses>
				<total>0</total>
				<timestamp>2574.231226</timestamp>
			</report>
			<report>
				<misses>365600000</misses>
				<total>0</total>
				<timestamp>2574.931187</timestamp>
			</report>
			<report>
				<misses>365700000</misses>
				<total>0</total>
				<timestamp>2575.625317</timestamp>
			</report>
			<report>
				<misses>365800000</misses>
				<total>0</total>
				<timestamp>2576.311722</timestamp>
			</report>
			<report>
				<misses>365900000</misses>
				<total>0</total>
				<timestamp>2577.006872</timestamp>
			</report>
			<report>
				<misses>366000000</misses>
				<total>0</total>
				<timestamp>2577.703437</timestamp>
			</report>
			<report>
				<misses>366100000</misses>
				<total>0</total>
				<timestamp>2578.393417</timestamp>
			</report>
			<report>
				<misses>366200000</misses>
				<total>0</total>
				<timestamp>2579.068764</timestamp>
			</report>
			<report>
				<misses>366300000</misses>
				<total>0</total>
				<timestamp>2579.766110</timestamp>
			</report>
			<report>
				<misses>366400000</misses>
				<total>0</total>
				<timestamp>2580.436382</timestamp>
			</report>
			<report>
				<misses>366500000</misses>
				<total>0</total>
				<timestamp>2581.121388</timestamp>
			</report>
			<report>
				<misses>366600000</misses>
				<total>0</total>
				<timestamp>2581.849939</timestamp>
			</report>
			<report>
				<misses>366700000</misses>
				<total>0</total>
				<timestamp>2582.563230</timestamp>
			</report>
			<report>
				<misses>366800000</misses>
				<total>0</total>
				<timestamp>2583.312286</timestamp>
			</report>
			<report>
				<misses>366900000</misses>
				<total>0</total>
				<timestamp>2584.064357</timestamp>
			</report>
			<report>
				<misses>367000000</misses>
				<total>0</total>
				<timestamp>2584.796701</timestamp>
			</report>
			<report>
				<misses>367100000</misses>
				<total>0</total>
				<timestamp>2585.529769</timestamp>
			</report>
			<report>
				<misses>367200000</misses>
				<total>0</total>
				<timestamp>2586.262446</timestamp>
			</report>
			<report>
				<misses>367300000</misses>
				<total>0</total>
				<timestamp>2586.965787</timestamp>
			</report>
			<report>
				<misses>367400000</misses>
				<total>0</total>
				<timestamp>2587.667642</timestamp>
			</report>
			<report>
				<misses>367500000</misses>
				<total>0</total>
				<timestamp>2588.376008</timestamp>
			</report>
			<report>
				<misses>367600000</misses>
				<total>0</total>
				<timestamp>2589.076857</timestamp>
			</report>
			<report>
				<misses>367700000</misses>
				<total>0</total>
				<timestamp>2589.782418</timestamp>
			</report>
			<report>
				<misses>367800000</misses>
				<total>0</total>
				<timestamp>2590.493742</timestamp>
			</report>
			<report>
				<misses>367900000</misses>
				<total>0</total>
				<timestamp>2591.215835</timestamp>
			</report>
			<report>
				<misses>368000000</misses>
				<total>0</total>
				<timestamp>2591.959747</timestamp>
			</report>
			<report>
				<misses>368100000</misses>
				<total>0</total>
				<timestamp>2592.676762</timestamp>
			</report>
			<report>
				<misses>368200000</misses>
				<total>0</total>
				<timestamp>2593.386280</timestamp>
			</report>
			<report>
				<misses>368300000</misses>
				<total>0</total>
				<timestamp>2594.098527</timestamp>
			</report>
			<report>
				<misses>368400000</misses>
				<total>0</total>
				<timestamp>2594.772426</timestamp>
			</report>
			<report>
				<misses>368500000</misses>
				<total>0</total>
				<timestamp>2595.468018</timestamp>
			</report>
			<report>
				<misses>368600000</misses>
				<total>0</total>
				<timestamp>2596.164141</timestamp>
			</report>
			<report>
				<misses>368700000</misses>
				<total>0</total>
				<timestamp>2596.853545</timestamp>
			</report>
			<report>
				<misses>368800000</misses>
				<total>0</total>
				<timestamp>2597.544748</timestamp>
			</report>
			<report>
				<misses>368900000</misses>
				<total>0</total>
				<timestamp>2598.220473</timestamp>
			</report>
			<report>
				<misses>369000000</misses>
				<total>0</total>
				<timestamp>2598.901481</timestamp>
			</report>
			<report>
				<misses>369100000</misses>
				<total>0</total>
				<timestamp>2599.586046</timestamp>
			</report>
			<report>
				<misses>369200000</misses>
				<total>0</total>
				<timestamp>2600.284386</timestamp>
			</report>
			<report>
				<misses>369300000</misses>
				<total>0</total>
				<timestamp>2600.970159</timestamp>
			</report>
			<report>
				<misses>369400000</misses>
				<total>0</total>
				<timestamp>2601.666904</timestamp>
			</report>
			<report>
				<misses>369500000</misses>
				<total>0</total>
				<timestamp>2602.377692</timestamp>
			</report>
			<report>
				<misses>369600000</misses>
				<total>0</total>
				<timestamp>2603.104750</timestamp>
			</report>
			<report>
				<misses>369700000</misses>
				<total>0</total>
				<timestamp>2603.826317</timestamp>
			</report>
			<report>
				<misses>369800000</misses>
				<total>0</total>
				<timestamp>2604.530719</timestamp>
			</report>
			<report>
				<misses>369900000</misses>
				<total>0</total>
				<timestamp>2605.221476</timestamp>
			</report>
			<report>
				<misses>370000000</misses>
				<total>0</total>
				<timestamp>2605.927632</timestamp>
			</report>
			<report>
				<misses>370100000</misses>
				<total>0</total>
				<timestamp>2606.616906</timestamp>
			</report>
			<report>
				<misses>370200000</misses>
				<total>0</total>
				<timestamp>2607.353084</timestamp>
			</report>
			<report>
				<misses>370300000</misses>
				<total>0</total>
				<timestamp>2608.114680</timestamp>
			</report>
			<report>
				<misses>370400000</misses>
				<total>0</total>
				<timestamp>2608.839897</timestamp>
			</report>
			<report>
				<misses>370500000</misses>
				<total>0</total>
				<timestamp>2609.579806</timestamp>
			</report>
			<report>
				<misses>370600000</misses>
				<total>0</total>
				<timestamp>2610.312995</timestamp>
			</report>
			<report>
				<misses>370700000</misses>
				<total>0</total>
				<timestamp>2611.036822</timestamp>
			</report>
			<report>
				<misses>370800000</misses>
				<total>0</total>
				<timestamp>2611.753415</timestamp>
			</report>
			<report>
				<misses>370900000</misses>
				<total>0</total>
				<timestamp>2612.483790</timestamp>
			</report>
			<report>
				<misses>371000000</misses>
				<total>0</total>
				<timestamp>2613.178199</timestamp>
			</report>
			<report>
				<misses>371100000</misses>
				<total>0</total>
				<timestamp>2613.881944</timestamp>
			</report>
			<report>
				<misses>371200000</misses>
				<total>0</total>
				<timestamp>2614.583046</timestamp>
			</report>
			<report>
				<misses>371300000</misses>
				<total>0</total>
				<timestamp>2615.291146</timestamp>
			</report>
			<report>
				<misses>371400000</misses>
				<total>0</total>
				<timestamp>2615.998454</timestamp>
			</report>
			<report>
				<misses>371500000</misses>
				<total>0</total>
				<timestamp>2616.702119</timestamp>
			</report>
			<report>
				<misses>371600000</misses>
				<total>0</total>
				<timestamp>2617.380230</timestamp>
			</report>
			<report>
				<misses>371700000</misses>
				<total>0</total>
				<timestamp>2618.081986</timestamp>
			</report>
			<report>
				<misses>371800000</misses>
				<total>0</total>
				<timestamp>2618.751635</timestamp>
			</report>
			<report>
				<misses>371900000</misses>
				<total>0</total>
				<timestamp>2619.452489</timestamp>
			</report>
			<report>
				<misses>372000000</misses>
				<total>0</total>
				<timestamp>2620.148929</timestamp>
			</report>
			<report>
				<misses>372100000</misses>
				<total>0</total>
				<timestamp>2620.831164</timestamp>
			</report>
			<report>
				<misses>372200000</misses>
				<total>0</total>
				<timestamp>2621.516400</timestamp>
			</report>
			<report>
				<misses>372300000</misses>
				<total>0</total>
				<timestamp>2622.214694</timestamp>
			</report>
			<report>
				<misses>372400000</misses>
				<total>0</total>
				<timestamp>2622.908180</timestamp>
			</report>
			<report>
				<misses>372500000</misses>
				<total>0</total>
				<timestamp>2623.596617</timestamp>
			</report>
			<report>
				<misses>372600000</misses>
				<total>0</total>
				<timestamp>2624.308224</timestamp>
			</report>
			<report>
				<misses>372700000</misses>
				<total>0</total>
				<timestamp>2625.022764</timestamp>
			</report>
			<report>
				<misses>372800000</misses>
				<total>0</total>
				<timestamp>2625.715946</timestamp>
			</report>
			<report>
				<misses>372900000</misses>
				<total>0</total>
				<timestamp>2626.444020</timestamp>
			</report>
			<report>
				<misses>373000000</misses>
				<total>0</total>
				<timestamp>2627.164835</timestamp>
			</report>
			<report>
				<misses>373100000</misses>
				<total>0</total>
				<timestamp>2627.864244</timestamp>
			</report>
			<report>
				<misses>373200000</misses>
				<total>0</total>
				<timestamp>2628.607686</timestamp>
			</report>
			<report>
				<misses>373300000</misses>
				<total>0</total>
				<timestamp>2629.302984</timestamp>
			</report>
			<report>
				<misses>373400000</misses>
				<total>0</total>
				<timestamp>2630.032907</timestamp>
			</report>
			<report>
				<misses>373500000</misses>
				<total>0</total>
				<timestamp>2630.751477</timestamp>
			</report>
			<report>
				<misses>373600000</misses>
				<total>0</total>
				<timestamp>2631.470857</timestamp>
			</report>
			<report>
				<misses>373700000</misses>
				<total>0</total>
				<timestamp>2632.161022</timestamp>
			</report>
			<report>
				<misses>373800000</misses>
				<total>0</total>
				<timestamp>2632.854769</timestamp>
			</report>
			<report>
				<misses>373900000</misses>
				<total>0</total>
				<timestamp>2633.535093</timestamp>
			</report>
			<report>
				<misses>374000000</misses>
				<total>0</total>
				<timestamp>2634.208275</timestamp>
			</report>
			<report>
				<misses>374100000</misses>
				<total>0</total>
				<timestamp>2634.892865</timestamp>
			</report>
			<report>
				<misses>374200000</misses>
				<total>0</total>
				<timestamp>2635.583532</timestamp>
			</report>
			<report>
				<misses>374300000</misses>
				<total>0</total>
				<timestamp>2636.268142</timestamp>
			</report>
			<report>
				<misses>374400000</misses>
				<total>0</total>
				<timestamp>2636.961026</timestamp>
			</report>
			<report>
				<misses>374500000</misses>
				<total>0</total>
				<timestamp>2637.651872</timestamp>
			</report>
			<report>
				<misses>374600000</misses>
				<total>0</total>
				<timestamp>2638.341227</timestamp>
			</report>
			<report>
				<misses>374700000</misses>
				<total>0</total>
				<timestamp>2639.052196</timestamp>
			</report>
			<report>
				<misses>374800000</misses>
				<total>0</total>
				<timestamp>2639.782839</timestamp>
			</report>
			<report>
				<misses>374900000</misses>
				<total>0</total>
				<timestamp>2640.489227</timestamp>
			</report>
			<report>
				<misses>375000000</misses>
				<total>0</total>
				<timestamp>2641.200334</timestamp>
			</report>
			<report>
				<misses>375100000</misses>
				<total>0</total>
				<timestamp>2641.894592</timestamp>
			</report>
			<report>
				<misses>375200000</misses>
				<total>0</total>
				<timestamp>2642.597245</timestamp>
			</report>
			<report>
				<misses>375300000</misses>
				<total>0</total>
				<timestamp>2643.284855</timestamp>
			</report>
			<report>
				<misses>375400000</misses>
				<total>0</total>
				<timestamp>2643.983719</timestamp>
			</report>
			<report>
				<misses>375500000</misses>
				<total>0</total>
				<timestamp>2644.684214</timestamp>
			</report>
			<report>
				<misses>375600000</misses>
				<total>0</total>
				<timestamp>2645.406448</timestamp>
			</report>
			<report>
				<misses>375700000</misses>
				<total>0</total>
				<timestamp>2646.118481</timestamp>
			</report>
			<report>
				<misses>375800000</misses>
				<total>0</total>
				<timestamp>2646.851586</timestamp>
			</report>
			<report>
				<misses>375900000</misses>
				<total>0</total>
				<timestamp>2647.561386</timestamp>
			</report>
			<report>
				<misses>376000000</misses>
				<total>0</total>
				<timestamp>2648.251907</timestamp>
			</report>
			<report>
				<misses>376100000</misses>
				<total>0</total>
				<timestamp>2648.920350</timestamp>
			</report>
			<report>
				<misses>376200000</misses>
				<total>0</total>
				<timestamp>2649.602924</timestamp>
			</report>
			<report>
				<misses>376300000</misses>
				<total>0</total>
				<timestamp>2650.304060</timestamp>
			</report>
			<report>
				<misses>376400000</misses>
				<total>0</total>
				<timestamp>2650.989300</timestamp>
			</report>
			<report>
				<misses>376500000</misses>
				<total>0</total>
				<timestamp>2651.686295</timestamp>
			</report>
			<report>
				<misses>376600000</misses>
				<total>0</total>
				<timestamp>2652.362658</timestamp>
			</report>
			<report>
				<misses>376700000</misses>
				<total>0</total>
				<timestamp>2653.054609</timestamp>
			</report>
			<report>
				<misses>376800000</misses>
				<total>0</total>
				<timestamp>2653.747891</timestamp>
			</report>
			<report>
				<misses>376900000</misses>
				<total>0</total>
				<timestamp>2654.428913</timestamp>
			</report>
			<report>
				<misses>377000000</misses>
				<total>0</total>
				<timestamp>2655.140794</timestamp>
			</report>
			<report>
				<misses>377100000</misses>
				<total>0</total>
				<timestamp>2655.838777</timestamp>
			</report>
			<report>
				<misses>377200000</misses>
				<total>0</total>
				<timestamp>2656.549111</timestamp>
			</report>
			<report>
				<misses>377300000</misses>
				<total>0</total>
				<timestamp>2657.253619</timestamp>
			</report>
			<report>
				<misses>377400000</misses>
				<total>0</total>
				<timestamp>2657.943788</timestamp>
			</report>
			<report>
				<misses>377500000</misses>
				<total>0</total>
				<timestamp>2658.636701</timestamp>
			</report>
			<report>
				<misses>377600000</misses>
				<total>0</total>
				<timestamp>2659.345838</timestamp>
			</report>
			<report>
				<misses>377700000</misses>
				<total>0</total>
				<timestamp>2660.057410</timestamp>
			</report>
			<report>
				<misses>377800000</misses>
				<total>0</total>
				<timestamp>2660.765822</timestamp>
			</report>
			<report>
				<misses>377900000</misses>
				<total>0</total>
				<timestamp>2661.508698</timestamp>
			</report>
			<report>
				<misses>378000000</misses>
				<total>0</total>
				<timestamp>2662.224832</timestamp>
			</report>
			<report>
				<misses>378100000</misses>
				<total>0</total>
				<timestamp>2662.938704</timestamp>
			</report>
			<report>
				<misses>378200000</misses>
				<total>0</total>
				<timestamp>2663.667089</timestamp>
			</report>
			<report>
				<misses>378300000</misses>
				<total>0</total>
				<timestamp>2664.357983</timestamp>
			</report>
			<report>
				<misses>378400000</misses>
				<total>0</total>
				<timestamp>2665.045908</timestamp>
			</report>
			<report>
				<misses>378500000</misses>
				<total>0</total>
				<timestamp>2665.748234</timestamp>
			</report>
			<report>
				<misses>378600000</misses>
				<total>0</total>
				<timestamp>2666.438277</timestamp>
			</report>
			<report>
				<misses>378700000</misses>
				<total>0</total>
				<timestamp>2667.133866</timestamp>
			</report>
			<report>
				<misses>378800000</misses>
				<total>0</total>
				<timestamp>2667.817480</timestamp>
			</report>
			<report>
				<misses>378900000</misses>
				<total>0</total>
				<timestamp>2668.498898</timestamp>
			</report>
			<report>
				<misses>379000000</misses>
				<total>0</total>
				<timestamp>2669.203746</timestamp>
			</report>
			<report>
				<misses>379100000</misses>
				<total>0</total>
				<timestamp>2669.882711</timestamp>
			</report>
			<report>
				<misses>379200000</misses>
				<total>0</total>
				<timestamp>2670.575199</timestamp>
			</report>
			<report>
				<misses>379300000</misses>
				<total>0</total>
				<timestamp>2671.316652</timestamp>
			</report>
			<report>
				<misses>379400000</misses>
				<total>0</total>
				<timestamp>2672.052025</timestamp>
			</report>
			<report>
				<misses>379500000</misses>
				<total>0</total>
				<timestamp>2672.779913</timestamp>
			</report>
			<report>
				<misses>379600000</misses>
				<total>0</total>
				<timestamp>2673.488108</timestamp>
			</report>
			<report>
				<misses>379700000</misses>
				<total>0</total>
				<timestamp>2674.213247</timestamp>
			</report>
			<report>
				<misses>379800000</misses>
				<total>0</total>
				<timestamp>2674.920427</timestamp>
			</report>
			<report>
				<misses>379900000</misses>
				<total>0</total>
				<timestamp>2675.662118</timestamp>
			</report>
			<report>
				<misses>380000000</misses>
				<total>0</total>
				<timestamp>2676.374092</timestamp>
			</report>
			<report>
				<misses>380100000</misses>
				<total>0</total>
				<timestamp>2677.104997</timestamp>
			</report>
			<report>
				<misses>380200000</misses>
				<total>0</total>
				<timestamp>2677.821662</timestamp>
			</report>
			<report>
				<misses>380300000</misses>
				<total>0</total>
				<timestamp>2678.564527</timestamp>
			</report>
			<report>
				<misses>380400000</misses>
				<total>0</total>
				<timestamp>2679.279258</timestamp>
			</report>
			<report>
				<misses>380500000</misses>
				<total>0</total>
				<timestamp>2680.013902</timestamp>
			</report>
			<report>
				<misses>380600000</misses>
				<total>0</total>
				<timestamp>2680.735843</timestamp>
			</report>
			<report>
				<misses>380700000</misses>
				<total>0</total>
				<timestamp>2681.432570</timestamp>
			</report>
			<report>
				<misses>380800000</misses>
				<total>0</total>
				<timestamp>2682.137780</timestamp>
			</report>
			<report>
				<misses>380900000</misses>
				<total>0</total>
				<timestamp>2682.872071</timestamp>
			</report>
			<report>
				<misses>381000000</misses>
				<total>0</total>
				<timestamp>2683.589492</timestamp>
			</report>
			<report>
				<misses>381100000</misses>
				<total>0</total>
				<timestamp>2684.315552</timestamp>
			</report>
			<report>
				<misses>381200000</misses>
				<total>0</total>
				<timestamp>2685.000435</timestamp>
			</report>
			<report>
				<misses>381300000</misses>
				<total>0</total>
				<timestamp>2685.691497</timestamp>
			</report>
			<report>
				<misses>381400000</misses>
				<total>0</total>
				<timestamp>2686.388312</timestamp>
			</report>
			<report>
				<misses>381500000</misses>
				<total>0</total>
				<timestamp>2687.077250</timestamp>
			</report>
			<report>
				<misses>381600000</misses>
				<total>0</total>
				<timestamp>2687.767321</timestamp>
			</report>
			<report>
				<misses>381700000</misses>
				<total>0</total>
				<timestamp>2688.453898</timestamp>
			</report>
			<report>
				<misses>381800000</misses>
				<total>0</total>
				<timestamp>2689.142480</timestamp>
			</report>
			<report>
				<misses>381900000</misses>
				<total>0</total>
				<timestamp>2689.830344</timestamp>
			</report>
			<report>
				<misses>382000000</misses>
				<total>0</total>
				<timestamp>2690.524584</timestamp>
			</report>
			<report>
				<misses>382100000</misses>
				<total>0</total>
				<timestamp>2691.206213</timestamp>
			</report>
			<report>
				<misses>382200000</misses>
				<total>0</total>
				<timestamp>2691.898749</timestamp>
			</report>
			<report>
				<misses>382300000</misses>
				<total>0</total>
				<timestamp>2692.632253</timestamp>
			</report>
			<report>
				<misses>382400000</misses>
				<total>0</total>
				<timestamp>2693.348213</timestamp>
			</report>
			<report>
				<misses>382500000</misses>
				<total>0</total>
				<timestamp>2694.081337</timestamp>
			</report>
			<report>
				<misses>382600000</misses>
				<total>0</total>
				<timestamp>2694.790884</timestamp>
			</report>
			<report>
				<misses>382700000</misses>
				<total>0</total>
				<timestamp>2695.481817</timestamp>
			</report>
			<report>
				<misses>382800000</misses>
				<total>0</total>
				<timestamp>2696.205416</timestamp>
			</report>
			<report>
				<misses>382900000</misses>
				<total>0</total>
				<timestamp>2696.907366</timestamp>
			</report>
			<report>
				<misses>383000000</misses>
				<total>0</total>
				<timestamp>2697.622576</timestamp>
			</report>
			<report>
				<misses>383100000</misses>
				<total>0</total>
				<timestamp>2698.323439</timestamp>
			</report>
			<report>
				<misses>383200000</misses>
				<total>0</total>
				<timestamp>2699.032135</timestamp>
			</report>
			<report>
				<misses>383300000</misses>
				<total>0</total>
				<timestamp>2699.741293</timestamp>
			</report>
			<report>
				<misses>383400000</misses>
				<total>0</total>
				<timestamp>2700.437991</timestamp>
			</report>
			<report>
				<misses>383500000</misses>
				<total>0</total>
				<timestamp>2701.119982</timestamp>
			</report>
			<report>
				<misses>383600000</misses>
				<total>0</total>
				<timestamp>2701.798812</timestamp>
			</report>
			<report>
				<misses>383700000</misses>
				<total>0</total>
				<timestamp>2702.477102</timestamp>
			</report>
			<report>
				<misses>383800000</misses>
				<total>0</total>
				<timestamp>2703.148939</timestamp>
			</report>
			<report>
				<misses>383900000</misses>
				<total>0</total>
				<timestamp>2703.846927</timestamp>
			</report>
			<report>
				<misses>384000000</misses>
				<total>0</total>
				<timestamp>2704.554243</timestamp>
			</report>
			<report>
				<misses>384100000</misses>
				<total>0</total>
				<timestamp>2705.233757</timestamp>
			</report>
			<report>
				<misses>384200000</misses>
				<total>0</total>
				<timestamp>2705.904977</timestamp>
			</report>
			<report>
				<misses>384300000</misses>
				<total>0</total>
				<timestamp>2706.585572</timestamp>
			</report>
			<report>
				<misses>384400000</misses>
				<total>0</total>
				<timestamp>2707.257486</timestamp>
			</report>
			<report>
				<misses>384500000</misses>
				<total>0</total>
				<timestamp>2707.952252</timestamp>
			</report>
			<report>
				<misses>384600000</misses>
				<total>0</total>
				<timestamp>2708.660447</timestamp>
			</report>
			<report>
				<misses>384700000</misses>
				<total>0</total>
				<timestamp>2709.369674</timestamp>
			</report>
			<report>
				<misses>384800000</misses>
				<total>0</total>
				<timestamp>2710.066011</timestamp>
			</report>
			<report>
				<misses>384900000</misses>
				<total>0</total>
				<timestamp>2710.765153</timestamp>
			</report>
			<report>
				<misses>385000000</misses>
				<total>0</total>
				<timestamp>2711.499455</timestamp>
			</report>
			<report>
				<misses>385100000</misses>
				<total>0</total>
				<timestamp>2712.194596</timestamp>
			</report>
			<report>
				<misses>385200000</misses>
				<total>0</total>
				<timestamp>2712.890130</timestamp>
			</report>
			<report>
				<misses>385300000</misses>
				<total>0</total>
				<timestamp>2713.595507</timestamp>
			</report>
			<report>
				<misses>385400000</misses>
				<total>0</total>
				<timestamp>2714.285528</timestamp>
			</report>
			<report>
				<misses>385500000</misses>
				<total>0</total>
				<timestamp>2714.984677</timestamp>
			</report>
			<report>
				<misses>385600000</misses>
				<total>0</total>
				<timestamp>2715.689088</timestamp>
			</report>
			<report>
				<misses>385700000</misses>
				<total>0</total>
				<timestamp>2716.412493</timestamp>
			</report>
			<report>
				<misses>385800000</misses>
				<total>0</total>
				<timestamp>2717.117359</timestamp>
			</report>
			<report>
				<misses>385900000</misses>
				<total>0</total>
				<timestamp>2717.793346</timestamp>
			</report>
			<report>
				<misses>386000000</misses>
				<total>0</total>
				<timestamp>2718.484808</timestamp>
			</report>
			<report>
				<misses>386100000</misses>
				<total>0</total>
				<timestamp>2719.164880</timestamp>
			</report>
			<report>
				<misses>386200000</misses>
				<total>0</total>
				<timestamp>2719.866512</timestamp>
			</report>
			<report>
				<misses>386300000</misses>
				<total>0</total>
				<timestamp>2720.560886</timestamp>
			</report>
			<report>
				<misses>386400000</misses>
				<total>0</total>
				<timestamp>2721.243417</timestamp>
			</report>
			<report>
				<misses>386500000</misses>
				<total>0</total>
				<timestamp>2721.947324</timestamp>
			</report>
			<report>
				<misses>386600000</misses>
				<total>0</total>
				<timestamp>2722.619500</timestamp>
			</report>
			<report>
				<misses>386700000</misses>
				<total>0</total>
				<timestamp>2723.299677</timestamp>
			</report>
			<report>
				<misses>386800000</misses>
				<total>0</total>
				<timestamp>2723.994242</timestamp>
			</report>
			<report>
				<misses>386900000</misses>
				<total>0</total>
				<timestamp>2724.678481</timestamp>
			</report>
			<report>
				<misses>387000000</misses>
				<total>0</total>
				<timestamp>2725.370510</timestamp>
			</report>
			<report>
				<misses>387100000</misses>
				<total>0</total>
				<timestamp>2726.071319</timestamp>
			</report>
			<report>
				<misses>387200000</misses>
				<total>0</total>
				<timestamp>2726.782752</timestamp>
			</report>
			<report>
				<misses>387300000</misses>
				<total>0</total>
				<timestamp>2727.477941</timestamp>
			</report>
			<report>
				<misses>387400000</misses>
				<total>0</total>
				<timestamp>2728.167133</timestamp>
			</report>
			<report>
				<misses>387500000</misses>
				<total>0</total>
				<timestamp>2728.850689</timestamp>
			</report>
			<report>
				<misses>387600000</misses>
				<total>0</total>
				<timestamp>2729.561555</timestamp>
			</report>
			<report>
				<misses>387700000</misses>
				<total>0</total>
				<timestamp>2730.282462</timestamp>
			</report>
			<report>
				<misses>387800000</misses>
				<total>0</total>
				<timestamp>2730.982218</timestamp>
			</report>
			<report>
				<misses>387900000</misses>
				<total>0</total>
				<timestamp>2731.665934</timestamp>
			</report>
			<report>
				<misses>388000000</misses>
				<total>0</total>
				<timestamp>2732.378999</timestamp>
			</report>
			<report>
				<misses>388100000</misses>
				<total>0</total>
				<timestamp>2733.125471</timestamp>
			</report>
			<report>
				<misses>388200000</misses>
				<total>0</total>
				<timestamp>2733.875788</timestamp>
			</report>
			<report>
				<misses>388300000</misses>
				<total>0</total>
				<timestamp>2734.608937</timestamp>
			</report>
			<report>
				<misses>388400000</misses>
				<total>0</total>
				<timestamp>2735.334381</timestamp>
			</report>
			<report>
				<misses>388500000</misses>
				<total>0</total>
				<timestamp>2736.081694</timestamp>
			</report>
			<report>
				<misses>388600000</misses>
				<total>0</total>
				<timestamp>2736.836008</timestamp>
			</report>
			<report>
				<misses>388700000</misses>
				<total>0</total>
				<timestamp>2737.554888</timestamp>
			</report>
			<report>
				<misses>388800000</misses>
				<total>0</total>
				<timestamp>2738.257017</timestamp>
			</report>
			<report>
				<misses>388900000</misses>
				<total>0</total>
				<timestamp>2738.964020</timestamp>
			</report>
			<report>
				<misses>389000000</misses>
				<total>0</total>
				<timestamp>2739.672796</timestamp>
			</report>
			<report>
				<misses>389100000</misses>
				<total>0</total>
				<timestamp>2740.377849</timestamp>
			</report>
			<report>
				<misses>389200000</misses>
				<total>0</total>
				<timestamp>2741.141181</timestamp>
			</report>
			<report>
				<misses>389300000</misses>
				<total>0</total>
				<timestamp>2741.838680</timestamp>
			</report>
			<report>
				<misses>389400000</misses>
				<total>0</total>
				<timestamp>2742.529499</timestamp>
			</report>
			<report>
				<misses>389500000</misses>
				<total>0</total>
				<timestamp>2743.213059</timestamp>
			</report>
			<report>
				<misses>389600000</misses>
				<total>0</total>
				<timestamp>2743.893914</timestamp>
			</report>
			<report>
				<misses>389700000</misses>
				<total>0</total>
				<timestamp>2744.577767</timestamp>
			</report>
			<report>
				<misses>389800000</misses>
				<total>0</total>
				<timestamp>2745.254081</timestamp>
			</report>
			<report>
				<misses>389900000</misses>
				<total>0</total>
				<timestamp>2745.936640</timestamp>
			</report>
			<report>
				<misses>390000000</misses>
				<total>0</total>
				<timestamp>2746.629684</timestamp>
			</report>
			<report>
				<misses>390100000</misses>
				<total>0</total>
				<timestamp>2747.308879</timestamp>
			</report>
			<report>
				<misses>390200000</misses>
				<total>0</total>
				<timestamp>2748.000250</timestamp>
			</report>
			<report>
				<misses>390300000</misses>
				<total>0</total>
				<timestamp>2748.688761</timestamp>
			</report>
			<report>
				<misses>390400000</misses>
				<total>0</total>
				<timestamp>2749.432906</timestamp>
			</report>
			<report>
				<misses>390500000</misses>
				<total>0</total>
				<timestamp>2750.153283</timestamp>
			</report>
			<report>
				<misses>390600000</misses>
				<total>0</total>
				<timestamp>2750.889065</timestamp>
			</report>
			<report>
				<misses>390700000</misses>
				<total>0</total>
				<timestamp>2751.596270</timestamp>
			</report>
			<report>
				<misses>390800000</misses>
				<total>0</total>
				<timestamp>2752.299737</timestamp>
			</report>
			<report>
				<misses>390900000</misses>
				<total>0</total>
				<timestamp>2753.010231</timestamp>
			</report>
			<report>
				<misses>391000000</misses>
				<total>0</total>
				<timestamp>2753.714395</timestamp>
			</report>
			<report>
				<misses>391100000</misses>
				<total>0</total>
				<timestamp>2754.420252</timestamp>
			</report>
			<report>
				<misses>391200000</misses>
				<total>0</total>
				<timestamp>2755.123831</timestamp>
			</report>
			<report>
				<misses>391300000</misses>
				<total>0</total>
				<timestamp>2755.819308</timestamp>
			</report>
			<report>
				<misses>391400000</misses>
				<total>0</total>
				<timestamp>2756.566658</timestamp>
			</report>
			<report>
				<misses>391500000</misses>
				<total>0</total>
				<timestamp>2757.270621</timestamp>
			</report>
			<report>
				<misses>391600000</misses>
				<total>0</total>
				<timestamp>2757.954368</timestamp>
			</report>
			<report>
				<misses>391700000</misses>
				<total>0</total>
				<timestamp>2758.660511</timestamp>
			</report>
			<report>
				<misses>391800000</misses>
				<total>0</total>
				<timestamp>2759.346753</timestamp>
			</report>
			<report>
				<misses>391900000</misses>
				<total>0</total>
				<timestamp>2760.035409</timestamp>
			</report>
			<report>
				<misses>392000000</misses>
				<total>0</total>
				<timestamp>2760.713545</timestamp>
			</report>
			<report>
				<misses>392100000</misses>
				<total>0</total>
				<timestamp>2761.418535</timestamp>
			</report>
			<report>
				<misses>392200000</misses>
				<total>0</total>
				<timestamp>2762.096079</timestamp>
			</report>
			<report>
				<misses>392300000</misses>
				<total>0</total>
				<timestamp>2762.784444</timestamp>
			</report>
			<report>
				<misses>392400000</misses>
				<total>0</total>
				<timestamp>2763.487592</timestamp>
			</report>
			<report>
				<misses>392500000</misses>
				<total>0</total>
				<timestamp>2764.174909</timestamp>
			</report>
			<report>
				<misses>392600000</misses>
				<total>0</total>
				<timestamp>2764.884646</timestamp>
			</report>
			<report>
				<misses>392700000</misses>
				<total>0</total>
				<timestamp>2765.611953</timestamp>
			</report>
			<report>
				<misses>392800000</misses>
				<total>0</total>
				<timestamp>2766.319473</timestamp>
			</report>
			<report>
				<misses>392900000</misses>
				<total>0</total>
				<timestamp>2767.015930</timestamp>
			</report>
			<report>
				<misses>393000000</misses>
				<total>0</total>
				<timestamp>2767.719945</timestamp>
			</report>
			<report>
				<misses>393100000</misses>
				<total>0</total>
				<timestamp>2768.410334</timestamp>
			</report>
			<report>
				<misses>393200000</misses>
				<total>0</total>
				<timestamp>2769.105156</timestamp>
			</report>
			<report>
				<misses>393300000</misses>
				<total>0</total>
				<timestamp>2769.803254</timestamp>
			</report>
			<report>
				<misses>393400000</misses>
				<total>0</total>
				<timestamp>2770.532359</timestamp>
			</report>
			<report>
				<misses>393500000</misses>
				<total>0</total>
				<timestamp>2771.239913</timestamp>
			</report>
			<report>
				<misses>393600000</misses>
				<total>0</total>
				<timestamp>2771.967091</timestamp>
			</report>
			<report>
				<misses>393700000</misses>
				<total>0</total>
				<timestamp>2772.664444</timestamp>
			</report>
			<report>
				<misses>393800000</misses>
				<total>0</total>
				<timestamp>2773.351800</timestamp>
			</report>
			<report>
				<misses>393900000</misses>
				<total>0</total>
				<timestamp>2774.067463</timestamp>
			</report>
			<report>
				<misses>394000000</misses>
				<total>0</total>
				<timestamp>2774.749531</timestamp>
			</report>
			<report>
				<misses>394100000</misses>
				<total>0</total>
				<timestamp>2775.435398</timestamp>
			</report>
			<report>
				<misses>394200000</misses>
				<total>0</total>
				<timestamp>2776.133259</timestamp>
			</report>
			<report>
				<misses>394300000</misses>
				<total>0</total>
				<timestamp>2776.823401</timestamp>
			</report>
			<report>
				<misses>394400000</misses>
				<total>0</total>
				<timestamp>2777.520920</timestamp>
			</report>
			<report>
				<misses>394500000</misses>
				<total>0</total>
				<timestamp>2778.213011</timestamp>
			</report>
			<report>
				<misses>394600000</misses>
				<total>0</total>
				<timestamp>2778.903168</timestamp>
			</report>
			<report>
				<misses>394700000</misses>
				<total>0</total>
				<timestamp>2779.590187</timestamp>
			</report>
			<report>
				<misses>394800000</misses>
				<total>0</total>
				<timestamp>2780.308895</timestamp>
			</report>
			<report>
				<misses>394900000</misses>
				<total>0</total>
				<timestamp>2780.993218</timestamp>
			</report>
			<report>
				<misses>395000000</misses>
				<total>0</total>
				<timestamp>2781.672347</timestamp>
			</report>
			<report>
				<misses>395100000</misses>
				<total>0</total>
				<timestamp>2782.372709</timestamp>
			</report>
			<report>
				<misses>395200000</misses>
				<total>0</total>
				<timestamp>2783.075694</timestamp>
			</report>
			<report>
				<misses>395300000</misses>
				<total>0</total>
				<timestamp>2783.768185</timestamp>
			</report>
			<report>
				<misses>395400000</misses>
				<total>0</total>
				<timestamp>2784.473340</timestamp>
			</report>
			<report>
				<misses>395500000</misses>
				<total>0</total>
				<timestamp>2785.164955</timestamp>
			</report>
			<report>
				<misses>395600000</misses>
				<total>0</total>
				<timestamp>2785.866405</timestamp>
			</report>
			<report>
				<misses>395700000</misses>
				<total>0</total>
				<timestamp>2786.608436</timestamp>
			</report>
			<report>
				<misses>395800000</misses>
				<total>0</total>
				<timestamp>2787.304245</timestamp>
			</report>
			<report>
				<misses>395900000</misses>
				<total>0</total>
				<timestamp>2787.995146</timestamp>
			</report>
			<report>
				<misses>396000000</misses>
				<total>0</total>
				<timestamp>2788.702557</timestamp>
			</report>
			<report>
				<misses>396100000</misses>
				<total>0</total>
				<timestamp>2789.398084</timestamp>
			</report>
			<report>
				<misses>396200000</misses>
				<total>0</total>
				<timestamp>2790.095806</timestamp>
			</report>
			<report>
				<misses>396300000</misses>
				<total>0</total>
				<timestamp>2790.798721</timestamp>
			</report>
			<report>
				<misses>396400000</misses>
				<total>0</total>
				<timestamp>2791.484410</timestamp>
			</report>
			<report>
				<misses>396500000</misses>
				<total>0</total>
				<timestamp>2792.172904</timestamp>
			</report>
			<report>
				<misses>396600000</misses>
				<total>0</total>
				<timestamp>2792.859961</timestamp>
			</report>
			<report>
				<misses>396700000</misses>
				<total>0</total>
				<timestamp>2793.539321</timestamp>
			</report>
			<report>
				<misses>396800000</misses>
				<total>0</total>
				<timestamp>2794.216242</timestamp>
			</report>
			<report>
				<misses>396900000</misses>
				<total>0</total>
				<timestamp>2794.919914</timestamp>
			</report>
			<report>
				<misses>397000000</misses>
				<total>0</total>
				<timestamp>2795.629184</timestamp>
			</report>
			<report>
				<misses>397100000</misses>
				<total>0</total>
				<timestamp>2796.341583</timestamp>
			</report>
			<report>
				<misses>397200000</misses>
				<total>0</total>
				<timestamp>2797.028435</timestamp>
			</report>
			<report>
				<misses>397300000</misses>
				<total>0</total>
				<timestamp>2797.751276</timestamp>
			</report>
			<report>
				<misses>397400000</misses>
				<total>0</total>
				<timestamp>2798.494670</timestamp>
			</report>
			<report>
				<misses>397500000</misses>
				<total>0</total>
				<timestamp>2799.218583</timestamp>
			</report>
			<report>
				<misses>397600000</misses>
				<total>0</total>
				<timestamp>2799.974687</timestamp>
			</report>
			<report>
				<misses>397700000</misses>
				<total>0</total>
				<timestamp>2800.689476</timestamp>
			</report>
			<report>
				<misses>397800000</misses>
				<total>0</total>
				<timestamp>2801.405102</timestamp>
			</report>
			<report>
				<misses>397900000</misses>
				<total>0</total>
				<timestamp>2802.112729</timestamp>
			</report>
			<report>
				<misses>398000000</misses>
				<total>0</total>
				<timestamp>2802.816284</timestamp>
			</report>
			<report>
				<misses>398100000</misses>
				<total>0</total>
				<timestamp>2803.539034</timestamp>
			</report>
			<report>
				<misses>398200000</misses>
				<total>0</total>
				<timestamp>2804.266948</timestamp>
			</report>
			<report>
				<misses>398300000</misses>
				<total>0</total>
				<timestamp>2804.973656</timestamp>
			</report>
			<report>
				<misses>398400000</misses>
				<total>0</total>
				<timestamp>2805.672569</timestamp>
			</report>
			<report>
				<misses>398500000</misses>
				<total>0</total>
				<timestamp>2806.389949</timestamp>
			</report>
			<report>
				<misses>398600000</misses>
				<total>0</total>
				<timestamp>2807.098660</timestamp>
			</report>
			<report>
				<misses>398700000</misses>
				<total>0</total>
				<timestamp>2807.807916</timestamp>
			</report>
			<report>
				<misses>398800000</misses>
				<total>0</total>
				<timestamp>2808.525868</timestamp>
			</report>
			<report>
				<misses>398900000</misses>
				<total>0</total>
				<timestamp>2809.246171</timestamp>
			</report>
			<report>
				<misses>399000000</misses>
				<total>0</total>
				<timestamp>2809.944637</timestamp>
			</report>
			<report>
				<misses>399100000</misses>
				<total>0</total>
				<timestamp>2810.627260</timestamp>
			</report>
			<report>
				<misses>399200000</misses>
				<total>0</total>
				<timestamp>2811.315000</timestamp>
			</report>
			<report>
				<misses>399300000</misses>
				<total>0</total>
				<timestamp>2812.006286</timestamp>
			</report>
			<report>
				<misses>399400000</misses>
				<total>0</total>
				<timestamp>2812.673930</timestamp>
			</report>
			<report>
				<misses>399500000</misses>
				<total>0</total>
				<timestamp>2813.353528</timestamp>
			</report>
			<report>
				<misses>399600000</misses>
				<total>0</total>
				<timestamp>2814.045706</timestamp>
			</report>
			<report>
				<misses>399700000</misses>
				<total>0</total>
				<timestamp>2814.716276</timestamp>
			</report>
			<report>
				<misses>399800000</misses>
				<total>0</total>
				<timestamp>2815.404087</timestamp>
			</report>
			<report>
				<misses>399900000</misses>
				<total>0</total>
				<timestamp>2816.107985</timestamp>
			</report>
			<report>
				<misses>400000000</misses>
				<total>0</total>
				<timestamp>2816.821010</timestamp>
			</report>
			<report>
				<misses>400100000</misses>
				<total>0</total>
				<timestamp>2817.501000</timestamp>
			</report>
			<report>
				<misses>400200000</misses>
				<total>0</total>
				<timestamp>2818.232421</timestamp>
			</report>
			<report>
				<misses>400300000</misses>
				<total>0</total>
				<timestamp>2818.966969</timestamp>
			</report>
			<report>
				<misses>400400000</misses>
				<total>0</total>
				<timestamp>2819.671278</timestamp>
			</report>
			<report>
				<misses>400500000</misses>
				<total>0</total>
				<timestamp>2820.368866</timestamp>
			</report>
			<report>
				<misses>400600000</misses>
				<total>0</total>
				<timestamp>2821.079298</timestamp>
			</report>
			<report>
				<misses>400700000</misses>
				<total>0</total>
				<timestamp>2821.806844</timestamp>
			</report>
			<report>
				<misses>400800000</misses>
				<total>0</total>
				<timestamp>2822.526131</timestamp>
			</report>
			<report>
				<misses>400900000</misses>
				<total>0</total>
				<timestamp>2823.235442</timestamp>
			</report>
			<report>
				<misses>401000000</misses>
				<total>0</total>
				<timestamp>2823.934827</timestamp>
			</report>
			<report>
				<misses>401100000</misses>
				<total>0</total>
				<timestamp>2824.642066</timestamp>
			</report>
			<report>
				<misses>401200000</misses>
				<total>0</total>
				<timestamp>2825.348969</timestamp>
			</report>
			<report>
				<misses>401300000</misses>
				<total>0</total>
				<timestamp>2826.040975</timestamp>
			</report>
			<report>
				<misses>401400000</misses>
				<total>0</total>
				<timestamp>2826.716221</timestamp>
			</report>
			<report>
				<misses>401500000</misses>
				<total>0</total>
				<timestamp>2827.396911</timestamp>
			</report>
			<report>
				<misses>401600000</misses>
				<total>0</total>
				<timestamp>2828.085512</timestamp>
			</report>
			<report>
				<misses>401700000</misses>
				<total>0</total>
				<timestamp>2828.773608</timestamp>
			</report>
			<report>
				<misses>401800000</misses>
				<total>0</total>
				<timestamp>2829.450831</timestamp>
			</report>
			<report>
				<misses>401900000</misses>
				<total>0</total>
				<timestamp>2830.153992</timestamp>
			</report>
			<report>
				<misses>402000000</misses>
				<total>0</total>
				<timestamp>2830.842676</timestamp>
			</report>
			<report>
				<misses>402100000</misses>
				<total>0</total>
				<timestamp>2831.539147</timestamp>
			</report>
			<report>
				<misses>402200000</misses>
				<total>0</total>
				<timestamp>2832.222313</timestamp>
			</report>
			<report>
				<misses>402300000</misses>
				<total>0</total>
				<timestamp>2832.911703</timestamp>
			</report>
			<report>
				<misses>402400000</misses>
				<total>0</total>
				<timestamp>2833.613806</timestamp>
			</report>
			<report>
				<misses>402500000</misses>
				<total>0</total>
				<timestamp>2834.322002</timestamp>
			</report>
			<report>
				<misses>402600000</misses>
				<total>0</total>
				<timestamp>2835.032747</timestamp>
			</report>
			<report>
				<misses>402700000</misses>
				<total>0</total>
				<timestamp>2835.725258</timestamp>
			</report>
			<report>
				<misses>402800000</misses>
				<total>0</total>
				<timestamp>2836.454684</timestamp>
			</report>
			<report>
				<misses>402900000</misses>
				<total>0</total>
				<timestamp>2837.164644</timestamp>
			</report>
			<report>
				<misses>403000000</misses>
				<total>0</total>
				<timestamp>2837.930421</timestamp>
			</report>
			<report>
				<misses>403100000</misses>
				<total>0</total>
				<timestamp>2838.639401</timestamp>
			</report>
			<report>
				<misses>403200000</misses>
				<total>0</total>
				<timestamp>2839.371198</timestamp>
			</report>
			<report>
				<misses>403300000</misses>
				<total>0</total>
				<timestamp>2840.105054</timestamp>
			</report>
			<report>
				<misses>403400000</misses>
				<total>0</total>
				<timestamp>2840.805556</timestamp>
			</report>
			<report>
				<misses>403500000</misses>
				<total>0</total>
				<timestamp>2841.529486</timestamp>
			</report>
			<report>
				<misses>403600000</misses>
				<total>0</total>
				<timestamp>2842.247374</timestamp>
			</report>
			<report>
				<misses>403700000</misses>
				<total>0</total>
				<timestamp>2842.965711</timestamp>
			</report>
			<report>
				<misses>403800000</misses>
				<total>0</total>
				<timestamp>2843.686808</timestamp>
			</report>
			<report>
				<misses>403900000</misses>
				<total>0</total>
				<timestamp>2844.414147</timestamp>
			</report>
			<report>
				<misses>404000000</misses>
				<total>0</total>
				<timestamp>2845.153356</timestamp>
			</report>
			<report>
				<misses>404100000</misses>
				<total>0</total>
				<timestamp>2845.882346</timestamp>
			</report>
			<report>
				<misses>404200000</misses>
				<total>0</total>
				<timestamp>2846.615248</timestamp>
			</report>
			<report>
				<misses>404300000</misses>
				<total>0</total>
				<timestamp>2847.326661</timestamp>
			</report>
			<report>
				<misses>404400000</misses>
				<total>0</total>
				<timestamp>2848.041871</timestamp>
			</report>
			<report>
				<misses>404500000</misses>
				<total>0</total>
				<timestamp>2848.730959</timestamp>
			</report>
			<report>
				<misses>404600000</misses>
				<total>0</total>
				<timestamp>2849.438896</timestamp>
			</report>
			<report>
				<misses>404700000</misses>
				<total>0</total>
				<timestamp>2850.148340</timestamp>
			</report>
			<report>
				<misses>404800000</misses>
				<total>0</total>
				<timestamp>2850.832927</timestamp>
			</report>
			<report>
				<misses>404900000</misses>
				<total>0</total>
				<timestamp>2851.513957</timestamp>
			</report>
			<report>
				<misses>405000000</misses>
				<total>0</total>
				<timestamp>2852.199543</timestamp>
			</report>
			<report>
				<misses>405100000</misses>
				<total>0</total>
				<timestamp>2852.890704</timestamp>
			</report>
			<report>
				<misses>405200000</misses>
				<total>0</total>
				<timestamp>2853.566754</timestamp>
			</report>
			<report>
				<misses>405300000</misses>
				<total>0</total>
				<timestamp>2854.246090</timestamp>
			</report>
			<report>
				<misses>405400000</misses>
				<total>0</total>
				<timestamp>2854.928990</timestamp>
			</report>
			<report>
				<misses>405500000</misses>
				<total>0</total>
				<timestamp>2855.608367</timestamp>
			</report>
			<report>
				<misses>405600000</misses>
				<total>0</total>
				<timestamp>2856.295266</timestamp>
			</report>
			<report>
				<misses>405700000</misses>
				<total>0</total>
				<timestamp>2856.978105</timestamp>
			</report>
			<report>
				<misses>405800000</misses>
				<total>0</total>
				<timestamp>2857.700696</timestamp>
			</report>
			<report>
				<misses>405900000</misses>
				<total>0</total>
				<timestamp>2858.414219</timestamp>
			</report>
			<report>
				<misses>406000000</misses>
				<total>0</total>
				<timestamp>2859.128661</timestamp>
			</report>
			<report>
				<misses>406100000</misses>
				<total>0</total>
				<timestamp>2859.837273</timestamp>
			</report>
			<report>
				<misses>406200000</misses>
				<total>0</total>
				<timestamp>2860.566667</timestamp>
			</report>
			<report>
				<misses>406300000</misses>
				<total>0</total>
				<timestamp>2861.253923</timestamp>
			</report>
			<report>
				<misses>406400000</misses>
				<total>0</total>
				<timestamp>2861.941403</timestamp>
			</report>
			<report>
				<misses>406500000</misses>
				<total>0</total>
				<timestamp>2862.638988</timestamp>
			</report>
			<report>
				<misses>406600000</misses>
				<total>0</total>
				<timestamp>2863.328146</timestamp>
			</report>
			<report>
				<misses>406700000</misses>
				<total>0</total>
				<timestamp>2864.026665</timestamp>
			</report>
			<report>
				<misses>406800000</misses>
				<total>0</total>
				<timestamp>2864.739335</timestamp>
			</report>
			<report>
				<misses>406900000</misses>
				<total>0</total>
				<timestamp>2865.436224</timestamp>
			</report>
			<report>
				<misses>407000000</misses>
				<total>0</total>
				<timestamp>2866.162316</timestamp>
			</report>
			<report>
				<misses>407100000</misses>
				<total>0</total>
				<timestamp>2866.879257</timestamp>
			</report>
			<report>
				<misses>407200000</misses>
				<total>0</total>
				<timestamp>2867.568001</timestamp>
			</report>
			<report>
				<misses>407300000</misses>
				<total>0</total>
				<timestamp>2868.261621</timestamp>
			</report>
			<report>
				<misses>407400000</misses>
				<total>0</total>
				<timestamp>2868.950711</timestamp>
			</report>
			<report>
				<misses>407500000</misses>
				<total>0</total>
				<timestamp>2869.641310</timestamp>
			</report>
			<report>
				<misses>407600000</misses>
				<total>0</total>
				<timestamp>2870.321410</timestamp>
			</report>
			<report>
				<misses>407700000</misses>
				<total>0</total>
				<timestamp>2870.996422</timestamp>
			</report>
			<report>
				<misses>407800000</misses>
				<total>0</total>
				<timestamp>2871.675182</timestamp>
			</report>
			<report>
				<misses>407900000</misses>
				<total>0</total>
				<timestamp>2872.342873</timestamp>
			</report>
			<report>
				<misses>408000000</misses>
				<total>0</total>
				<timestamp>2873.032780</timestamp>
			</report>
			<report>
				<misses>408100000</misses>
				<total>0</total>
				<timestamp>2873.737096</timestamp>
			</report>
			<report>
				<misses>408200000</misses>
				<total>0</total>
				<timestamp>2874.499827</timestamp>
			</report>
			<report>
				<misses>408300000</misses>
				<total>0</total>
				<timestamp>2875.203880</timestamp>
			</report>
			<report>
				<misses>408400000</misses>
				<total>0</total>
				<timestamp>2875.951749</timestamp>
			</report>
			<report>
				<misses>408500000</misses>
				<total>0</total>
				<timestamp>2876.663107</timestamp>
			</report>
			<report>
				<misses>408600000</misses>
				<total>0</total>
				<timestamp>2877.377810</timestamp>
			</report>
			<report>
				<misses>408700000</misses>
				<total>0</total>
				<timestamp>2878.081058</timestamp>
			</report>
			<report>
				<misses>408800000</misses>
				<total>0</total>
				<timestamp>2878.788434</timestamp>
			</report>
			<report>
				<misses>408900000</misses>
				<total>0</total>
				<timestamp>2879.488354</timestamp>
			</report>
			<report>
				<misses>409000000</misses>
				<total>0</total>
				<timestamp>2880.193381</timestamp>
			</report>
			<report>
				<misses>409100000</misses>
				<total>0</total>
				<timestamp>2880.903751</timestamp>
			</report>
			<report>
				<misses>409200000</misses>
				<total>0</total>
				<timestamp>2881.663272</timestamp>
			</report>
			<report>
				<misses>409300000</misses>
				<total>0</total>
				<timestamp>2882.399455</timestamp>
			</report>
			<report>
				<misses>409400000</misses>
				<total>0</total>
				<timestamp>2883.132892</timestamp>
			</report>
			<report>
				<misses>409500000</misses>
				<total>0</total>
				<timestamp>2883.874653</timestamp>
			</report>
			<report>
				<misses>409600000</misses>
				<total>0</total>
				<timestamp>2884.569676</timestamp>
			</report>
			<report>
				<misses>409700000</misses>
				<total>0</total>
				<timestamp>2885.288077</timestamp>
			</report>
			<report>
				<misses>409800000</misses>
				<total>0</total>
				<timestamp>2886.003000</timestamp>
			</report>
			<report>
				<misses>409900000</misses>
				<total>0</total>
				<timestamp>2886.710519</timestamp>
			</report>
			<report>
				<misses>410000000</misses>
				<total>0</total>
				<timestamp>2887.432015</timestamp>
			</report>
			<report>
				<misses>410100000</misses>
				<total>0</total>
				<timestamp>2888.169970</timestamp>
			</report>
			<report>
				<misses>410200000</misses>
				<total>0</total>
				<timestamp>2888.880892</timestamp>
			</report>
			<report>
				<misses>410300000</misses>
				<total>0</total>
				<timestamp>2889.613072</timestamp>
			</report>
			<report>
				<misses>410400000</misses>
				<total>0</total>
				<timestamp>2890.353715</timestamp>
			</report>
			<report>
				<misses>410500000</misses>
				<total>0</total>
				<timestamp>2891.087269</timestamp>
			</report>
			<report>
				<misses>410600000</misses>
				<total>0</total>
				<timestamp>2891.794965</timestamp>
			</report>
			<report>
				<misses>410700000</misses>
				<total>0</total>
				<timestamp>2892.502391</timestamp>
			</report>
			<report>
				<misses>410800000</misses>
				<total>0</total>
				<timestamp>2893.201385</timestamp>
			</report>
			<report>
				<misses>410900000</misses>
				<total>0</total>
				<timestamp>2893.897443</timestamp>
			</report>
			<report>
				<misses>411000000</misses>
				<total>0</total>
				<timestamp>2894.590783</timestamp>
			</report>
			<report>
				<misses>411100000</misses>
				<total>0</total>
				<timestamp>2895.276543</timestamp>
			</report>
			<report>
				<misses>411200000</misses>
				<total>0</total>
				<timestamp>2895.961253</timestamp>
			</report>
			<report>
				<misses>411300000</misses>
				<total>0</total>
				<timestamp>2896.651344</timestamp>
			</report>
			<report>
				<misses>411400000</misses>
				<total>0</total>
				<timestamp>2897.338660</timestamp>
			</report>
			<report>
				<misses>411500000</misses>
				<total>0</total>
				<timestamp>2898.022700</timestamp>
			</report>
			<report>
				<misses>411600000</misses>
				<total>0</total>
				<timestamp>2898.701005</timestamp>
			</report>
			<report>
				<misses>411700000</misses>
				<total>0</total>
				<timestamp>2899.388697</timestamp>
			</report>
			<report>
				<misses>411800000</misses>
				<total>0</total>
				<timestamp>2900.080028</timestamp>
			</report>
			<report>
				<misses>411900000</misses>
				<total>0</total>
				<timestamp>2900.775404</timestamp>
			</report>
			<report>
				<misses>412000000</misses>
				<total>0</total>
				<timestamp>2901.473613</timestamp>
			</report>
			<report>
				<misses>412100000</misses>
				<total>0</total>
				<timestamp>2902.184807</timestamp>
			</report>
			<report>
				<misses>412200000</misses>
				<total>0</total>
				<timestamp>2902.907158</timestamp>
			</report>
			<report>
				<misses>412300000</misses>
				<total>0</total>
				<timestamp>2903.648752</timestamp>
			</report>
			<report>
				<misses>412400000</misses>
				<total>0</total>
				<timestamp>2904.349233</timestamp>
			</report>
			<report>
				<misses>412500000</misses>
				<total>0</total>
				<timestamp>2905.092645</timestamp>
			</report>
			<report>
				<misses>412600000</misses>
				<total>0</total>
				<timestamp>2905.803355</timestamp>
			</report>
			<report>
				<misses>412700000</misses>
				<total>0</total>
				<timestamp>2906.526468</timestamp>
			</report>
			<report>
				<misses>412800000</misses>
				<total>0</total>
				<timestamp>2907.240618</timestamp>
			</report>
			<report>
				<misses>412900000</misses>
				<total>0</total>
				<timestamp>2907.941690</timestamp>
			</report>
			<report>
				<misses>413000000</misses>
				<total>0</total>
				<timestamp>2908.672351</timestamp>
			</report>
			<report>
				<misses>413100000</misses>
				<total>0</total>
				<timestamp>2909.376537</timestamp>
			</report>
			<report>
				<misses>413200000</misses>
				<total>0</total>
				<timestamp>2910.094956</timestamp>
			</report>
			<report>
				<misses>413300000</misses>
				<total>0</total>
				<timestamp>2910.808624</timestamp>
			</report>
			<report>
				<misses>413400000</misses>
				<total>0</total>
				<timestamp>2911.491783</timestamp>
			</report>
			<report>
				<misses>413500000</misses>
				<total>0</total>
				<timestamp>2912.176044</timestamp>
			</report>
			<report>
				<misses>413600000</misses>
				<total>0</total>
				<timestamp>2912.864287</timestamp>
			</report>
			<report>
				<misses>413700000</misses>
				<total>0</total>
				<timestamp>2913.568196</timestamp>
			</report>
			<report>
				<misses>413800000</misses>
				<total>0</total>
				<timestamp>2914.260446</timestamp>
			</report>
			<report>
				<misses>413900000</misses>
				<total>0</total>
				<timestamp>2914.955817</timestamp>
			</report>
			<report>
				<misses>414000000</misses>
				<total>0</total>
				<timestamp>2915.648937</timestamp>
			</report>
			<report>
				<misses>414100000</misses>
				<total>0</total>
				<timestamp>2916.326061</timestamp>
			</report>
			<report>
				<misses>414200000</misses>
				<total>0</total>
				<timestamp>2917.014592</timestamp>
			</report>
			<report>
				<misses>414300000</misses>
				<total>0</total>
				<timestamp>2917.712438</timestamp>
			</report>
			<report>
				<misses>414400000</misses>
				<total>0</total>
				<timestamp>2918.447974</timestamp>
			</report>
			<report>
				<misses>414500000</misses>
				<total>0</total>
				<timestamp>2919.158507</timestamp>
			</report>
			<report>
				<misses>414600000</misses>
				<total>0</total>
				<timestamp>2919.853908</timestamp>
			</report>
			<report>
				<misses>414700000</misses>
				<total>0</total>
				<timestamp>2920.551797</timestamp>
			</report>
			<report>
				<misses>414800000</misses>
				<total>0</total>
				<timestamp>2921.258789</timestamp>
			</report>
			<report>
				<misses>414900000</misses>
				<total>0</total>
				<timestamp>2921.957243</timestamp>
			</report>
			<report>
				<misses>415000000</misses>
				<total>0</total>
				<timestamp>2922.659801</timestamp>
			</report>
			<report>
				<misses>415100000</misses>
				<total>0</total>
				<timestamp>2923.332868</timestamp>
			</report>
			<report>
				<misses>415200000</misses>
				<total>0</total>
				<timestamp>2924.050212</timestamp>
			</report>
			<report>
				<misses>415300000</misses>
				<total>0</total>
				<timestamp>2924.748208</timestamp>
			</report>
			<report>
				<misses>415400000</misses>
				<total>0</total>
				<timestamp>2925.448418</timestamp>
			</report>
			<report>
				<misses>415500000</misses>
				<total>0</total>
				<timestamp>2926.173988</timestamp>
			</report>
			<report>
				<misses>415600000</misses>
				<total>0</total>
				<timestamp>2926.886961</timestamp>
			</report>
			<report>
				<misses>415700000</misses>
				<total>0</total>
				<timestamp>2927.579705</timestamp>
			</report>
			<report>
				<misses>415800000</misses>
				<total>0</total>
				<timestamp>2928.262650</timestamp>
			</report>
			<report>
				<misses>415900000</misses>
				<total>0</total>
				<timestamp>2928.944268</timestamp>
			</report>
			<report>
				<misses>416000000</misses>
				<total>0</total>
				<timestamp>2929.641059</timestamp>
			</report>
			<report>
				<misses>416100000</misses>
				<total>0</total>
				<timestamp>2930.318020</timestamp>
			</report>
			<report>
				<misses>416200000</misses>
				<total>0</total>
				<timestamp>2931.005025</timestamp>
			</report>
			<report>
				<misses>416300000</misses>
				<total>0</total>
				<timestamp>2931.680757</timestamp>
			</report>
			<report>
				<misses>416400000</misses>
				<total>0</total>
				<timestamp>2932.375354</timestamp>
			</report>
			<report>
				<misses>416500000</misses>
				<total>0</total>
				<timestamp>2933.040836</timestamp>
			</report>
			<report>
				<misses>416600000</misses>
				<total>0</total>
				<timestamp>2933.748356</timestamp>
			</report>
			<report>
				<misses>416700000</misses>
				<total>0</total>
				<timestamp>2934.463301</timestamp>
			</report>
			<report>
				<misses>416800000</misses>
				<total>0</total>
				<timestamp>2935.215666</timestamp>
			</report>
			<report>
				<misses>416900000</misses>
				<total>0</total>
				<timestamp>2935.928599</timestamp>
			</report>
			<report>
				<misses>417000000</misses>
				<total>0</total>
				<timestamp>2936.666388</timestamp>
			</report>
			<report>
				<misses>417100000</misses>
				<total>0</total>
				<timestamp>2937.389461</timestamp>
			</report>
			<report>
				<misses>417200000</misses>
				<total>0</total>
				<timestamp>2938.108350</timestamp>
			</report>
			<report>
				<misses>417300000</misses>
				<total>0</total>
				<timestamp>2938.839349</timestamp>
			</report>
			<report>
				<misses>417400000</misses>
				<total>0</total>
				<timestamp>2939.559716</timestamp>
			</report>
			<report>
				<misses>417500000</misses>
				<total>0</total>
				<timestamp>2940.288596</timestamp>
			</report>
			<report>
				<misses>417600000</misses>
				<total>0</total>
				<timestamp>2941.003266</timestamp>
			</report>
			<report>
				<misses>417700000</misses>
				<total>0</total>
				<timestamp>2941.711281</timestamp>
			</report>
			<report>
				<misses>417800000</misses>
				<total>0</total>
				<timestamp>2942.415224</timestamp>
			</report>
			<report>
				<misses>417900000</misses>
				<total>0</total>
				<timestamp>2943.130961</timestamp>
			</report>
			<report>
				<misses>418000000</misses>
				<total>0</total>
				<timestamp>2943.874567</timestamp>
			</report>
			<report>
				<misses>418100000</misses>
				<total>0</total>
				<timestamp>2944.573420</timestamp>
			</report>
			<report>
				<misses>418200000</misses>
				<total>0</total>
				<timestamp>2945.334257</timestamp>
			</report>
			<report>
				<misses>418300000</misses>
				<total>0</total>
				<timestamp>2946.075153</timestamp>
			</report>
			<report>
				<misses>418400000</misses>
				<total>0</total>
				<timestamp>2946.789878</timestamp>
			</report>
			<report>
				<misses>418500000</misses>
				<total>0</total>
				<timestamp>2947.523696</timestamp>
			</report>
			<report>
				<misses>418600000</misses>
				<total>0</total>
				<timestamp>2948.285560</timestamp>
			</report>
			<report>
				<misses>418700000</misses>
				<total>0</total>
				<timestamp>2949.025531</timestamp>
			</report>
			<report>
				<misses>418800000</misses>
				<total>0</total>
				<timestamp>2949.733946</timestamp>
			</report>
			<report>
				<misses>418900000</misses>
				<total>0</total>
				<timestamp>2950.487463</timestamp>
			</report>
			<report>
				<misses>419000000</misses>
				<total>0</total>
				<timestamp>2951.209340</timestamp>
			</report>
			<report>
				<misses>419100000</misses>
				<total>0</total>
				<timestamp>2951.934898</timestamp>
			</report>
			<report>
				<misses>419200000</misses>
				<total>0</total>
				<timestamp>2952.649776</timestamp>
			</report>
			<report>
				<misses>419300000</misses>
				<total>0</total>
				<timestamp>2953.360804</timestamp>
			</report>
			<report>
				<misses>419400000</misses>
				<total>0</total>
				<timestamp>2954.061389</timestamp>
			</report>
			<report>
				<misses>419500000</misses>
				<total>0</total>
				<timestamp>2954.747626</timestamp>
			</report>
			<report>
				<misses>419600000</misses>
				<total>0</total>
				<timestamp>2955.441377</timestamp>
			</report>
			<report>
				<misses>419700000</misses>
				<total>0</total>
				<timestamp>2956.138647</timestamp>
			</report>
			<report>
				<misses>419800000</misses>
				<total>0</total>
				<timestamp>2956.814148</timestamp>
			</report>
			<report>
				<misses>419900000</misses>
				<total>0</total>
				<timestamp>2957.490606</timestamp>
			</report>
			<report>
				<misses>420000000</misses>
				<total>0</total>
				<timestamp>2958.183985</timestamp>
			</report>
			<report>
				<misses>420100000</misses>
				<total>0</total>
				<timestamp>2958.869687</timestamp>
			</report>
			<report>
				<misses>420200000</misses>
				<total>0</total>
				<timestamp>2959.554951</timestamp>
			</report>
			<report>
				<misses>420300000</misses>
				<total>0</total>
				<timestamp>2960.245873</timestamp>
			</report>
			<report>
				<misses>420400000</misses>
				<total>0</total>
				<timestamp>2960.979241</timestamp>
			</report>
			<report>
				<misses>420500000</misses>
				<total>0</total>
				<timestamp>2961.698804</timestamp>
			</report>
			<report>
				<misses>420600000</misses>
				<total>0</total>
				<timestamp>2962.408577</timestamp>
			</report>
			<report>
				<misses>420700000</misses>
				<total>0</total>
				<timestamp>2963.124168</timestamp>
			</report>
			<report>
				<misses>420800000</misses>
				<total>0</total>
				<timestamp>2963.834812</timestamp>
			</report>
			<report>
				<misses>420900000</misses>
				<total>0</total>
				<timestamp>2964.537089</timestamp>
			</report>
			<report>
				<misses>421000000</misses>
				<total>0</total>
				<timestamp>2965.269294</timestamp>
			</report>
			<report>
				<misses>421100000</misses>
				<total>0</total>
				<timestamp>2965.996416</timestamp>
			</report>
			<report>
				<misses>421200000</misses>
				<total>0</total>
				<timestamp>2966.702986</timestamp>
			</report>
			<report>
				<misses>421300000</misses>
				<total>0</total>
				<timestamp>2967.424514</timestamp>
			</report>
			<report>
				<misses>421400000</misses>
				<total>0</total>
				<timestamp>2968.144878</timestamp>
			</report>
			<report>
				<misses>421500000</misses>
				<total>0</total>
				<timestamp>2968.876226</timestamp>
			</report>
			<report>
				<misses>421600000</misses>
				<total>0</total>
				<timestamp>2969.595016</timestamp>
			</report>
			<report>
				<misses>421700000</misses>
				<total>0</total>
				<timestamp>2970.278629</timestamp>
			</report>
			<report>
				<misses>421800000</misses>
				<total>0</total>
				<timestamp>2970.955885</timestamp>
			</report>
			<report>
				<misses>421900000</misses>
				<total>0</total>
				<timestamp>2971.653323</timestamp>
			</report>
			<report>
				<misses>422000000</misses>
				<total>0</total>
				<timestamp>2972.344426</timestamp>
			</report>
			<report>
				<misses>422100000</misses>
				<total>0</total>
				<timestamp>2973.020210</timestamp>
			</report>
			<report>
				<misses>422200000</misses>
				<total>0</total>
				<timestamp>2973.711519</timestamp>
			</report>
			<report>
				<misses>422300000</misses>
				<total>0</total>
				<timestamp>2974.397585</timestamp>
			</report>
			<report>
				<misses>422400000</misses>
				<total>0</total>
				<timestamp>2975.074586</timestamp>
			</report>
			<report>
				<misses>422500000</misses>
				<total>0</total>
				<timestamp>2975.782690</timestamp>
			</report>
			<report>
				<misses>422600000</misses>
				<total>0</total>
				<timestamp>2976.474432</timestamp>
			</report>
			<report>
				<misses>422700000</misses>
				<total>0</total>
				<timestamp>2977.182946</timestamp>
			</report>
			<report>
				<misses>422800000</misses>
				<total>0</total>
				<timestamp>2977.934069</timestamp>
			</report>
			<report>
				<misses>422900000</misses>
				<total>0</total>
				<timestamp>2978.659490</timestamp>
			</report>
			<report>
				<misses>423000000</misses>
				<total>0</total>
				<timestamp>2979.371282</timestamp>
			</report>
			<report>
				<misses>423100000</misses>
				<total>0</total>
				<timestamp>2980.089959</timestamp>
			</report>
			<report>
				<misses>423200000</misses>
				<total>0</total>
				<timestamp>2980.810587</timestamp>
			</report>
			<report>
				<misses>423300000</misses>
				<total>0</total>
				<timestamp>2981.529270</timestamp>
			</report>
			<report>
				<misses>423400000</misses>
				<total>0</total>
				<timestamp>2982.237517</timestamp>
			</report>
			<report>
				<misses>423500000</misses>
				<total>0</total>
				<timestamp>2982.988510</timestamp>
			</report>
			<report>
				<misses>423600000</misses>
				<total>0</total>
				<timestamp>2983.721224</timestamp>
			</report>
			<report>
				<misses>423700000</misses>
				<total>0</total>
				<timestamp>2984.405704</timestamp>
			</report>
			<report>
				<misses>423800000</misses>
				<total>0</total>
				<timestamp>2985.107281</timestamp>
			</report>
			<report>
				<misses>423900000</misses>
				<total>0</total>
				<timestamp>2985.793271</timestamp>
			</report>
			<report>
				<misses>424000000</misses>
				<total>0</total>
				<timestamp>2986.473587</timestamp>
			</report>
			<report>
				<misses>424100000</misses>
				<total>0</total>
				<timestamp>2987.146130</timestamp>
			</report>
			<report>
				<misses>424200000</misses>
				<total>0</total>
				<timestamp>2987.810304</timestamp>
			</report>
			<report>
				<misses>424300000</misses>
				<total>0</total>
				<timestamp>2988.507607</timestamp>
			</report>
			<report>
				<misses>424400000</misses>
				<total>0</total>
				<timestamp>2989.213864</timestamp>
			</report>
			<report>
				<misses>424500000</misses>
				<total>0</total>
				<timestamp>2989.905176</timestamp>
			</report>
			<report>
				<misses>424600000</misses>
				<total>0</total>
				<timestamp>2990.578571</timestamp>
			</report>
			<report>
				<misses>424700000</misses>
				<total>0</total>
				<timestamp>2991.268558</timestamp>
			</report>
			<report>
				<misses>424800000</misses>
				<total>0</total>
				<timestamp>2991.946596</timestamp>
			</report>
			<report>
				<misses>424900000</misses>
				<total>0</total>
				<timestamp>2992.635221</timestamp>
			</report>
			<report>
				<misses>425000000</misses>
				<total>0</total>
				<timestamp>2993.350256</timestamp>
			</report>
			<report>
				<misses>425100000</misses>
				<total>0</total>
				<timestamp>2994.084194</timestamp>
			</report>
			<report>
				<misses>425200000</misses>
				<total>0</total>
				<timestamp>2994.770136</timestamp>
			</report>
			<report>
				<misses>425300000</misses>
				<total>0</total>
				<timestamp>2995.480790</timestamp>
			</report>
			<report>
				<misses>425400000</misses>
				<total>0</total>
				<timestamp>2996.172402</timestamp>
			</report>
			<report>
				<misses>425500000</misses>
				<total>0</total>
				<timestamp>2996.882786</timestamp>
			</report>
			<report>
				<misses>425600000</misses>
				<total>0</total>
				<timestamp>2997.581328</timestamp>
			</report>
			<report>
				<misses>425700000</misses>
				<total>0</total>
				<timestamp>2998.299010</timestamp>
			</report>
			<report>
				<misses>425800000</misses>
				<total>0</total>
				<timestamp>2998.988531</timestamp>
			</report>
			<report>
				<misses>425900000</misses>
				<total>0</total>
				<timestamp>2999.703266</timestamp>
			</report>
			<report>
				<misses>426000000</misses>
				<total>0</total>
				<timestamp>3000.417257</timestamp>
			</report>
			<report>
				<misses>426100000</misses>
				<total>0</total>
				<timestamp>3001.121829</timestamp>
			</report>
			<report>
				<misses>426200000</misses>
				<total>0</total>
				<timestamp>3001.810333</timestamp>
			</report>
			<report>
				<misses>426300000</misses>
				<total>0</total>
				<timestamp>3002.512909</timestamp>
			</report>
			<report>
				<misses>426400000</misses>
				<total>0</total>
				<timestamp>3003.196911</timestamp>
			</report>
			<report>
				<misses>426500000</misses>
				<total>0</total>
				<timestamp>3003.882926</timestamp>
			</report>
			<report>
				<misses>426600000</misses>
				<total>0</total>
				<timestamp>3004.580688</timestamp>
			</report>
			<report>
				<misses>426700000</misses>
				<total>0</total>
				<timestamp>3005.261728</timestamp>
			</report>
			<report>
				<misses>426800000</misses>
				<total>0</total>
				<timestamp>3005.943483</timestamp>
			</report>
			<report>
				<misses>426900000</misses>
				<total>0</total>
				<timestamp>3006.633737</timestamp>
			</report>
			<report>
				<misses>427000000</misses>
				<total>0</total>
				<timestamp>3007.304358</timestamp>
			</report>
			<report>
				<misses>427100000</misses>
				<total>0</total>
				<timestamp>3007.982198</timestamp>
			</report>
			<report>
				<misses>427200000</misses>
				<total>0</total>
				<timestamp>3008.675796</timestamp>
			</report>
			<report>
				<misses>427300000</misses>
				<total>0</total>
				<timestamp>3009.374333</timestamp>
			</report>
			<report>
				<misses>427400000</misses>
				<total>0</total>
				<timestamp>3010.072387</timestamp>
			</report>
			<report>
				<misses>427500000</misses>
				<total>0</total>
				<timestamp>3010.790650</timestamp>
			</report>
			<report>
				<misses>427600000</misses>
				<total>0</total>
				<timestamp>3011.519675</timestamp>
			</report>
			<report>
				<misses>427700000</misses>
				<total>0</total>
				<timestamp>3012.212920</timestamp>
			</report>
			<report>
				<misses>427800000</misses>
				<total>0</total>
				<timestamp>3012.922075</timestamp>
			</report>
			<report>
				<misses>427900000</misses>
				<total>0</total>
				<timestamp>3013.655106</timestamp>
			</report>
			<report>
				<misses>428000000</misses>
				<total>0</total>
				<timestamp>3014.356322</timestamp>
			</report>
			<report>
				<misses>428100000</misses>
				<total>0</total>
				<timestamp>3015.045763</timestamp>
			</report>
			<report>
				<misses>428200000</misses>
				<total>0</total>
				<timestamp>3015.745919</timestamp>
			</report>
			<report>
				<misses>428300000</misses>
				<total>0</total>
				<timestamp>3016.486505</timestamp>
			</report>
			<report>
				<misses>428400000</misses>
				<total>0</total>
				<timestamp>3017.203851</timestamp>
			</report>
			<report>
				<misses>428500000</misses>
				<total>0</total>
				<timestamp>3017.908246</timestamp>
			</report>
			<report>
				<misses>428600000</misses>
				<total>0</total>
				<timestamp>3018.607482</timestamp>
			</report>
			<report>
				<misses>428700000</misses>
				<total>0</total>
				<timestamp>3019.351158</timestamp>
			</report>
			<report>
				<misses>428800000</misses>
				<total>0</total>
				<timestamp>3020.028418</timestamp>
			</report>
			<report>
				<misses>428900000</misses>
				<total>0</total>
				<timestamp>3020.712673</timestamp>
			</report>
			<report>
				<misses>429000000</misses>
				<total>0</total>
				<timestamp>3021.406272</timestamp>
			</report>
			<report>
				<misses>429100000</misses>
				<total>0</total>
				<timestamp>3022.099756</timestamp>
			</report>
			<report>
				<misses>429200000</misses>
				<total>0</total>
				<timestamp>3022.786026</timestamp>
			</report>
			<report>
				<misses>429300000</misses>
				<total>0</total>
				<timestamp>3023.467392</timestamp>
			</report>
			<report>
				<misses>429400000</misses>
				<total>0</total>
				<timestamp>3024.186868</timestamp>
			</report>
			<report>
				<misses>429500000</misses>
				<total>0</total>
				<timestamp>3024.890019</timestamp>
			</report>
			<report>
				<misses>429600000</misses>
				<total>0</total>
				<timestamp>3025.577034</timestamp>
			</report>
			<report>
				<misses>429700000</misses>
				<total>0</total>
				<timestamp>3026.283636</timestamp>
			</report>
			<report>
				<misses>429800000</misses>
				<total>0</total>
				<timestamp>3026.994298</timestamp>
			</report>
			<report>
				<misses>429900000</misses>
				<total>0</total>
				<timestamp>3027.679589</timestamp>
			</report>
			<report>
				<misses>430000000</misses>
				<total>0</total>
				<timestamp>3028.412403</timestamp>
			</report>
			<report>
				<misses>430100000</misses>
				<total>0</total>
				<timestamp>3029.121684</timestamp>
			</report>
			<report>
				<misses>430200000</misses>
				<total>0</total>
				<timestamp>3029.854085</timestamp>
			</report>
			<report>
				<misses>430300000</misses>
				<total>0</total>
				<timestamp>3030.552122</timestamp>
			</report>
			<report>
				<misses>430400000</misses>
				<total>0</total>
				<timestamp>3031.242575</timestamp>
			</report>
			<report>
				<misses>430500000</misses>
				<total>0</total>
				<timestamp>3031.953010</timestamp>
			</report>
			<report>
				<misses>430600000</misses>
				<total>0</total>
				<timestamp>3032.644337</timestamp>
			</report>
			<report>
				<misses>430700000</misses>
				<total>0</total>
				<timestamp>3033.351093</timestamp>
			</report>
			<report>
				<misses>430800000</misses>
				<total>0</total>
				<timestamp>3034.068511</timestamp>
			</report>
			<report>
				<misses>430900000</misses>
				<total>0</total>
				<timestamp>3034.758728</timestamp>
			</report>
			<report>
				<misses>431000000</misses>
				<total>0</total>
				<timestamp>3035.467759</timestamp>
			</report>
			<report>
				<misses>431100000</misses>
				<total>0</total>
				<timestamp>3036.170222</timestamp>
			</report>
			<report>
				<misses>431200000</misses>
				<total>0</total>
				<timestamp>3036.861492</timestamp>
			</report>
			<report>
				<misses>431300000</misses>
				<total>0</total>
				<timestamp>3037.547627</timestamp>
			</report>
			<report>
				<misses>431400000</misses>
				<total>0</total>
				<timestamp>3038.220861</timestamp>
			</report>
			<report>
				<misses>431500000</misses>
				<total>0</total>
				<timestamp>3038.900605</timestamp>
			</report>
			<report>
				<misses>431600000</misses>
				<total>0</total>
				<timestamp>3039.582420</timestamp>
			</report>
			<report>
				<misses>431700000</misses>
				<total>0</total>
				<timestamp>3040.259406</timestamp>
			</report>
			<report>
				<misses>431800000</misses>
				<total>0</total>
				<timestamp>3040.939353</timestamp>
			</report>
			<report>
				<misses>431900000</misses>
				<total>0</total>
				<timestamp>3041.639752</timestamp>
			</report>
			<report>
				<misses>432000000</misses>
				<total>0</total>
				<timestamp>3042.318474</timestamp>
			</report>
			<report>
				<misses>432100000</misses>
				<total>0</total>
				<timestamp>3043.019212</timestamp>
			</report>
			<report>
				<misses>432200000</misses>
				<total>0</total>
				<timestamp>3043.719065</timestamp>
			</report>
			<report>
				<misses>432300000</misses>
				<total>0</total>
				<timestamp>3044.426491</timestamp>
			</report>
			<report>
				<misses>432400000</misses>
				<total>0</total>
				<timestamp>3045.113409</timestamp>
			</report>
			<report>
				<misses>432500000</misses>
				<total>0</total>
				<timestamp>3045.820223</timestamp>
			</report>
			<report>
				<misses>432600000</misses>
				<total>0</total>
				<timestamp>3046.514504</timestamp>
			</report>
			<report>
				<misses>432700000</misses>
				<total>0</total>
				<timestamp>3047.215051</timestamp>
			</report>
			<report>
				<misses>432800000</misses>
				<total>0</total>
				<timestamp>3047.915502</timestamp>
			</report>
			<report>
				<misses>432900000</misses>
				<total>0</total>
				<timestamp>3048.629285</timestamp>
			</report>
			<report>
				<misses>433000000</misses>
				<total>0</total>
				<timestamp>3049.342641</timestamp>
			</report>
			<report>
				<misses>433100000</misses>
				<total>0</total>
				<timestamp>3050.049644</timestamp>
			</report>
			<report>
				<misses>433200000</misses>
				<total>0</total>
				<timestamp>3050.748437</timestamp>
			</report>
			<report>
				<misses>433300000</misses>
				<total>0</total>
				<timestamp>3051.464088</timestamp>
			</report>
			<report>
				<misses>433400000</misses>
				<total>0</total>
				<timestamp>3052.193081</timestamp>
			</report>
			<report>
				<misses>433500000</misses>
				<total>0</total>
				<timestamp>3052.883763</timestamp>
			</report>
			<report>
				<misses>433600000</misses>
				<total>0</total>
				<timestamp>3053.577161</timestamp>
			</report>
			<report>
				<misses>433700000</misses>
				<total>0</total>
				<timestamp>3054.265457</timestamp>
			</report>
			<report>
				<misses>433800000</misses>
				<total>0</total>
				<timestamp>3054.951380</timestamp>
			</report>
			<report>
				<misses>433900000</misses>
				<total>0</total>
				<timestamp>3055.637184</timestamp>
			</report>
			<report>
				<misses>434000000</misses>
				<total>0</total>
				<timestamp>3056.330869</timestamp>
			</report>
			<report>
				<misses>434100000</misses>
				<total>0</total>
				<timestamp>3057.012186</timestamp>
			</report>
			<report>
				<misses>434200000</misses>
				<total>0</total>
				<timestamp>3057.687698</timestamp>
			</report>
			<report>
				<misses>434300000</misses>
				<total>0</total>
				<timestamp>3058.380431</timestamp>
			</report>
			<report>
				<misses>434400000</misses>
				<total>0</total>
				<timestamp>3059.077822</timestamp>
			</report>
			<report>
				<misses>434500000</misses>
				<total>0</total>
				<timestamp>3059.767394</timestamp>
			</report>
			<report>
				<misses>434600000</misses>
				<total>0</total>
				<timestamp>3060.438792</timestamp>
			</report>
			<report>
				<misses>434700000</misses>
				<total>0</total>
				<timestamp>3061.172489</timestamp>
			</report>
			<report>
				<misses>434800000</misses>
				<total>0</total>
				<timestamp>3061.891322</timestamp>
			</report>
			<report>
				<misses>434900000</misses>
				<total>0</total>
				<timestamp>3062.590249</timestamp>
			</report>
			<report>
				<misses>435000000</misses>
				<total>0</total>
				<timestamp>3063.284176</timestamp>
			</report>
			<report>
				<misses>435100000</misses>
				<total>0</total>
				<timestamp>3064.002180</timestamp>
			</report>
			<report>
				<misses>435200000</misses>
				<total>0</total>
				<timestamp>3064.722530</timestamp>
			</report>
			<report>
				<misses>435300000</misses>
				<total>0</total>
				<timestamp>3065.427406</timestamp>
			</report>
			<report>
				<misses>435400000</misses>
				<total>0</total>
				<timestamp>3066.139589</timestamp>
			</report>
			<report>
				<misses>435500000</misses>
				<total>0</total>
				<timestamp>3066.820268</timestamp>
			</report>
			<report>
				<misses>435600000</misses>
				<total>0</total>
				<timestamp>3067.523553</timestamp>
			</report>
			<report>
				<misses>435700000</misses>
				<total>0</total>
				<timestamp>3068.227673</timestamp>
			</report>
			<report>
				<misses>435800000</misses>
				<total>0</total>
				<timestamp>3068.917739</timestamp>
			</report>
			<report>
				<misses>435900000</misses>
				<total>0</total>
				<timestamp>3069.603002</timestamp>
			</report>
			<report>
				<misses>436000000</misses>
				<total>0</total>
				<timestamp>3070.292187</timestamp>
			</report>
			<report>
				<misses>436100000</misses>
				<total>0</total>
				<timestamp>3070.975961</timestamp>
			</report>
			<report>
				<misses>436200000</misses>
				<total>0</total>
				<timestamp>3071.652416</timestamp>
			</report>
			<report>
				<misses>436300000</misses>
				<total>0</total>
				<timestamp>3072.335200</timestamp>
			</report>
			<report>
				<misses>436400000</misses>
				<total>0</total>
				<timestamp>3073.028875</timestamp>
			</report>
			<report>
				<misses>436500000</misses>
				<total>0</total>
				<timestamp>3073.722681</timestamp>
			</report>
			<report>
				<misses>436600000</misses>
				<total>0</total>
				<timestamp>3074.431489</timestamp>
			</report>
			<report>
				<misses>436700000</misses>
				<total>0</total>
				<timestamp>3075.115644</timestamp>
			</report>
			<report>
				<misses>436800000</misses>
				<total>0</total>
				<timestamp>3075.796668</timestamp>
			</report>
			<report>
				<misses>436900000</misses>
				<total>0</total>
				<timestamp>3076.493278</timestamp>
			</report>
			<report>
				<misses>437000000</misses>
				<total>0</total>
				<timestamp>3077.248772</timestamp>
			</report>
			<report>
				<misses>437100000</misses>
				<total>0</total>
				<timestamp>3077.988845</timestamp>
			</report>
			<report>
				<misses>437200000</misses>
				<total>0</total>
				<timestamp>3078.726346</timestamp>
			</report>
			<report>
				<misses>437300000</misses>
				<total>0</total>
				<timestamp>3079.444226</timestamp>
			</report>
			<report>
				<misses>437400000</misses>
				<total>0</total>
				<timestamp>3080.158213</timestamp>
			</report>
			<report>
				<misses>437500000</misses>
				<total>0</total>
				<timestamp>3080.902300</timestamp>
			</report>
			<report>
				<misses>437600000</misses>
				<total>0</total>
				<timestamp>3081.621696</timestamp>
			</report>
			<report>
				<misses>437700000</misses>
				<total>0</total>
				<timestamp>3082.348136</timestamp>
			</report>
			<report>
				<misses>437800000</misses>
				<total>0</total>
				<timestamp>3083.065447</timestamp>
			</report>
			<report>
				<misses>437900000</misses>
				<total>0</total>
				<timestamp>3083.813682</timestamp>
			</report>
			<report>
				<misses>438000000</misses>
				<total>0</total>
				<timestamp>3084.570913</timestamp>
			</report>
			<report>
				<misses>438100000</misses>
				<total>0</total>
				<timestamp>3085.301605</timestamp>
			</report>
			<report>
				<misses>438200000</misses>
				<total>0</total>
				<timestamp>3086.048451</timestamp>
			</report>
			<report>
				<misses>438300000</misses>
				<total>0</total>
				<timestamp>3086.773047</timestamp>
			</report>
			<report>
				<misses>438400000</misses>
				<total>0</total>
				<timestamp>3087.497903</timestamp>
			</report>
			<report>
				<misses>438500000</misses>
				<total>0</total>
				<timestamp>3088.208813</timestamp>
			</report>
			<report>
				<misses>438600000</misses>
				<total>0</total>
				<timestamp>3088.957742</timestamp>
			</report>
			<report>
				<misses>438700000</misses>
				<total>0</total>
				<timestamp>3089.691155</timestamp>
			</report>
			<report>
				<misses>438800000</misses>
				<total>0</total>
				<timestamp>3090.416297</timestamp>
			</report>
			<report>
				<misses>438900000</misses>
				<total>0</total>
				<timestamp>3091.150331</timestamp>
			</report>
			<report>
				<misses>439000000</misses>
				<total>0</total>
				<timestamp>3091.877935</timestamp>
			</report>
			<report>
				<misses>439100000</misses>
				<total>0</total>
				<timestamp>3092.576180</timestamp>
			</report>
			<report>
				<misses>439200000</misses>
				<total>0</total>
				<timestamp>3093.311592</timestamp>
			</report>
			<report>
				<misses>439300000</misses>
				<total>0</total>
				<timestamp>3094.014347</timestamp>
			</report>
			<report>
				<misses>439400000</misses>
				<total>0</total>
				<timestamp>3094.726952</timestamp>
			</report>
			<report>
				<misses>439500000</misses>
				<total>0</total>
				<timestamp>3095.472879</timestamp>
			</report>
			<report>
				<misses>439600000</misses>
				<total>0</total>
				<timestamp>3096.201429</timestamp>
			</report>
			<report>
				<misses>439700000</misses>
				<total>0</total>
				<timestamp>3096.936447</timestamp>
			</report>
			<report>
				<misses>439800000</misses>
				<total>0</total>
				<timestamp>3097.651120</timestamp>
			</report>
			<report>
				<misses>439900000</misses>
				<total>0</total>
				<timestamp>3098.377117</timestamp>
			</report>
			<report>
				<misses>440000000</misses>
				<total>0</total>
				<timestamp>3099.095431</timestamp>
			</report>
			<report>
				<misses>440100000</misses>
				<total>0</total>
				<timestamp>3099.833130</timestamp>
			</report>
			<report>
				<misses>440200000</misses>
				<total>0</total>
				<timestamp>3100.563813</timestamp>
			</report>
			<report>
				<misses>440300000</misses>
				<total>0</total>
				<timestamp>3101.275655</timestamp>
			</report>
			<report>
				<misses>440400000</misses>
				<total>0</total>
				<timestamp>3101.965152</timestamp>
			</report>
			<report>
				<misses>440500000</misses>
				<total>0</total>
				<timestamp>3102.654708</timestamp>
			</report>
			<report>
				<misses>440600000</misses>
				<total>0</total>
				<timestamp>3103.358872</timestamp>
			</report>
			<report>
				<misses>440700000</misses>
				<total>0</total>
				<timestamp>3104.034833</timestamp>
			</report>
			<report>
				<misses>440800000</misses>
				<total>0</total>
				<timestamp>3104.705393</timestamp>
			</report>
			<report>
				<misses>440900000</misses>
				<total>0</total>
				<timestamp>3105.386226</timestamp>
			</report>
			<report>
				<misses>441000000</misses>
				<total>0</total>
				<timestamp>3106.089195</timestamp>
			</report>
			<report>
				<misses>441100000</misses>
				<total>0</total>
				<timestamp>3106.772243</timestamp>
			</report>
			<report>
				<misses>441200000</misses>
				<total>0</total>
				<timestamp>3107.467520</timestamp>
			</report>
			<report>
				<misses>441300000</misses>
				<total>0</total>
				<timestamp>3108.157102</timestamp>
			</report>
			<report>
				<misses>441400000</misses>
				<total>0</total>
				<timestamp>3108.920385</timestamp>
			</report>
			<report>
				<misses>441500000</misses>
				<total>0</total>
				<timestamp>3109.657708</timestamp>
			</report>
			<report>
				<misses>441600000</misses>
				<total>0</total>
				<timestamp>3110.409894</timestamp>
			</report>
			<report>
				<misses>441700000</misses>
				<total>0</total>
				<timestamp>3111.142580</timestamp>
			</report>
			<report>
				<misses>441800000</misses>
				<total>0</total>
				<timestamp>3111.840385</timestamp>
			</report>
			<report>
				<misses>441900000</misses>
				<total>0</total>
				<timestamp>3112.561955</timestamp>
			</report>
			<report>
				<misses>442000000</misses>
				<total>0</total>
				<timestamp>3113.243019</timestamp>
			</report>
			<report>
				<misses>442100000</misses>
				<total>0</total>
				<timestamp>3113.954820</timestamp>
			</report>
			<report>
				<misses>442200000</misses>
				<total>0</total>
				<timestamp>3114.683582</timestamp>
			</report>
			<report>
				<misses>442300000</misses>
				<total>0</total>
				<timestamp>3115.388059</timestamp>
			</report>
			<report>
				<misses>442400000</misses>
				<total>0</total>
				<timestamp>3116.108796</timestamp>
			</report>
			<report>
				<misses>442500000</misses>
				<total>0</total>
				<timestamp>3116.825712</timestamp>
			</report>
			<report>
				<misses>442600000</misses>
				<total>0</total>
				<timestamp>3117.560474</timestamp>
			</report>
			<report>
				<misses>442700000</misses>
				<total>0</total>
				<timestamp>3118.252430</timestamp>
			</report>
			<report>
				<misses>442800000</misses>
				<total>0</total>
				<timestamp>3118.949120</timestamp>
			</report>
			<report>
				<misses>442900000</misses>
				<total>0</total>
				<timestamp>3119.639037</timestamp>
			</report>
			<report>
				<misses>443000000</misses>
				<total>0</total>
				<timestamp>3120.327846</timestamp>
			</report>
			<report>
				<misses>443100000</misses>
				<total>0</total>
				<timestamp>3121.002637</timestamp>
			</report>
			<report>
				<misses>443200000</misses>
				<total>0</total>
				<timestamp>3121.696687</timestamp>
			</report>
			<report>
				<misses>443300000</misses>
				<total>0</total>
				<timestamp>3122.377065</timestamp>
			</report>
			<report>
				<misses>443400000</misses>
				<total>0</total>
				<timestamp>3123.053744</timestamp>
			</report>
			<report>
				<misses>443500000</misses>
				<total>0</total>
				<timestamp>3123.747642</timestamp>
			</report>
			<report>
				<misses>443600000</misses>
				<total>0</total>
				<timestamp>3124.417241</timestamp>
			</report>
			<report>
				<misses>443700000</misses>
				<total>0</total>
				<timestamp>3125.109845</timestamp>
			</report>
			<report>
				<misses>443800000</misses>
				<total>0</total>
				<timestamp>3125.805330</timestamp>
			</report>
			<report>
				<misses>443900000</misses>
				<total>0</total>
				<timestamp>3126.510775</timestamp>
			</report>
			<report>
				<misses>444000000</misses>
				<total>0</total>
				<timestamp>3127.235134</timestamp>
			</report>
			<report>
				<misses>444100000</misses>
				<total>0</total>
				<timestamp>3127.947558</timestamp>
			</report>
			<report>
				<misses>444200000</misses>
				<total>0</total>
				<timestamp>3128.673856</timestamp>
			</report>
			<report>
				<misses>444300000</misses>
				<total>0</total>
				<timestamp>3129.368595</timestamp>
			</report>
			<report>
				<misses>444400000</misses>
				<total>0</total>
				<timestamp>3130.090196</timestamp>
			</report>
			<report>
				<misses>444500000</misses>
				<total>0</total>
				<timestamp>3130.780638</timestamp>
			</report>
			<report>
				<misses>444600000</misses>
				<total>0</total>
				<timestamp>3131.508894</timestamp>
			</report>
			<report>
				<misses>444700000</misses>
				<total>0</total>
				<timestamp>3132.205746</timestamp>
			</report>
			<report>
				<misses>444800000</misses>
				<total>0</total>
				<timestamp>3132.919762</timestamp>
			</report>
			<report>
				<misses>444900000</misses>
				<total>0</total>
				<timestamp>3133.618356</timestamp>
			</report>
			<report>
				<misses>445000000</misses>
				<total>0</total>
				<timestamp>3134.340715</timestamp>
			</report>
			<report>
				<misses>445100000</misses>
				<total>0</total>
				<timestamp>3135.027624</timestamp>
			</report>
			<report>
				<misses>445200000</misses>
				<total>0</total>
				<timestamp>3135.723248</timestamp>
			</report>
			<report>
				<misses>445300000</misses>
				<total>0</total>
				<timestamp>3136.413221</timestamp>
			</report>
			<report>
				<misses>445400000</misses>
				<total>0</total>
				<timestamp>3137.093009</timestamp>
			</report>
			<report>
				<misses>445500000</misses>
				<total>0</total>
				<timestamp>3137.763005</timestamp>
			</report>
			<report>
				<misses>445600000</misses>
				<total>0</total>
				<timestamp>3138.443111</timestamp>
			</report>
			<report>
				<misses>445700000</misses>
				<total>0</total>
				<timestamp>3139.125626</timestamp>
			</report>
			<report>
				<misses>445800000</misses>
				<total>0</total>
				<timestamp>3139.812198</timestamp>
			</report>
			<report>
				<misses>445900000</misses>
				<total>0</total>
				<timestamp>3140.493376</timestamp>
			</report>
			<report>
				<misses>446000000</misses>
				<total>0</total>
				<timestamp>3141.196947</timestamp>
			</report>
			<report>
				<misses>446100000</misses>
				<total>0</total>
				<timestamp>3141.877913</timestamp>
			</report>
			<report>
				<misses>446200000</misses>
				<total>0</total>
				<timestamp>3142.576185</timestamp>
			</report>
			<report>
				<misses>446300000</misses>
				<total>0</total>
				<timestamp>3143.302552</timestamp>
			</report>
			<report>
				<misses>446400000</misses>
				<total>0</total>
				<timestamp>3144.019752</timestamp>
			</report>
			<report>
				<misses>446500000</misses>
				<total>0</total>
				<timestamp>3144.716344</timestamp>
			</report>
			<report>
				<misses>446600000</misses>
				<total>0</total>
				<timestamp>3145.409474</timestamp>
			</report>
			<report>
				<misses>446700000</misses>
				<total>0</total>
				<timestamp>3146.119762</timestamp>
			</report>
			<report>
				<misses>446800000</misses>
				<total>0</total>
				<timestamp>3146.832569</timestamp>
			</report>
			<report>
				<misses>446900000</misses>
				<total>0</total>
				<timestamp>3147.532594</timestamp>
			</report>
			<report>
				<misses>447000000</misses>
				<total>0</total>
				<timestamp>3148.247644</timestamp>
			</report>
			<report>
				<misses>447100000</misses>
				<total>0</total>
				<timestamp>3148.966795</timestamp>
			</report>
			<report>
				<misses>447200000</misses>
				<total>0</total>
				<timestamp>3149.667404</timestamp>
			</report>
			<report>
				<misses>447300000</misses>
				<total>0</total>
				<timestamp>3150.399061</timestamp>
			</report>
			<report>
				<misses>447400000</misses>
				<total>0</total>
				<timestamp>3151.097707</timestamp>
			</report>
			<report>
				<misses>447500000</misses>
				<total>0</total>
				<timestamp>3151.790637</timestamp>
			</report>
			<report>
				<misses>447600000</misses>
				<total>0</total>
				<timestamp>3152.493142</timestamp>
			</report>
			<report>
				<misses>447700000</misses>
				<total>0</total>
				<timestamp>3153.170194</timestamp>
			</report>
			<report>
				<misses>447800000</misses>
				<total>0</total>
				<timestamp>3153.855451</timestamp>
			</report>
			<report>
				<misses>447900000</misses>
				<total>0</total>
				<timestamp>3154.550108</timestamp>
			</report>
			<report>
				<misses>448000000</misses>
				<total>0</total>
				<timestamp>3155.246268</timestamp>
			</report>
			<report>
				<misses>448100000</misses>
				<total>0</total>
				<timestamp>3155.937033</timestamp>
			</report>
			<report>
				<misses>448200000</misses>
				<total>0</total>
				<timestamp>3156.623755</timestamp>
			</report>
			<report>
				<misses>448300000</misses>
				<total>0</total>
				<timestamp>3157.304246</timestamp>
			</report>
			<report>
				<misses>448400000</misses>
				<total>0</total>
				<timestamp>3157.992193</timestamp>
			</report>
			<report>
				<misses>448500000</misses>
				<total>0</total>
				<timestamp>3158.699955</timestamp>
			</report>
			<report>
				<misses>448600000</misses>
				<total>0</total>
				<timestamp>3159.394370</timestamp>
			</report>
			<report>
				<misses>448700000</misses>
				<total>0</total>
				<timestamp>3160.112254</timestamp>
			</report>
			<report>
				<misses>448800000</misses>
				<total>0</total>
				<timestamp>3160.809330</timestamp>
			</report>
			<report>
				<misses>448900000</misses>
				<total>0</total>
				<timestamp>3161.517180</timestamp>
			</report>
			<report>
				<misses>449000000</misses>
				<total>0</total>
				<timestamp>3162.239302</timestamp>
			</report>
			<report>
				<misses>449100000</misses>
				<total>0</total>
				<timestamp>3162.949809</timestamp>
			</report>
			<report>
				<misses>449200000</misses>
				<total>0</total>
				<timestamp>3163.648982</timestamp>
			</report>
			<report>
				<misses>449300000</misses>
				<total>0</total>
				<timestamp>3164.363463</timestamp>
			</report>
			<report>
				<misses>449400000</misses>
				<total>0</total>
				<timestamp>3165.080399</timestamp>
			</report>
			<report>
				<misses>449500000</misses>
				<total>0</total>
				<timestamp>3165.811325</timestamp>
			</report>
			<report>
				<misses>449600000</misses>
				<total>0</total>
				<timestamp>3166.536234</timestamp>
			</report>
			<report>
				<misses>449700000</misses>
				<total>0</total>
				<timestamp>3167.257782</timestamp>
			</report>
			<report>
				<misses>449800000</misses>
				<total>0</total>
				<timestamp>3167.989847</timestamp>
			</report>
			<report>
				<misses>449900000</misses>
				<total>0</total>
				<timestamp>3168.685385</timestamp>
			</report>
			<report>
				<misses>450000000</misses>
				<total>0</total>
				<timestamp>3169.369436</timestamp>
			</report>
			<report>
				<misses>450100000</misses>
				<total>0</total>
				<timestamp>3170.061183</timestamp>
			</report>
			<report>
				<misses>450200000</misses>
				<total>0</total>
				<timestamp>3170.753417</timestamp>
			</report>
			<report>
				<misses>450300000</misses>
				<total>0</total>
				<timestamp>3171.449913</timestamp>
			</report>
			<report>
				<misses>450400000</misses>
				<total>0</total>
				<timestamp>3172.125488</timestamp>
			</report>
			<report>
				<misses>450500000</misses>
				<total>0</total>
				<timestamp>3172.804170</timestamp>
			</report>
			<report>
				<misses>450600000</misses>
				<total>0</total>
				<timestamp>3173.486075</timestamp>
			</report>
			<report>
				<misses>450700000</misses>
				<total>0</total>
				<timestamp>3174.158488</timestamp>
			</report>
			<report>
				<misses>450800000</misses>
				<total>0</total>
				<timestamp>3174.852028</timestamp>
			</report>
			<report>
				<misses>450900000</misses>
				<total>0</total>
				<timestamp>3175.605529</timestamp>
			</report>
			<report>
				<misses>451000000</misses>
				<total>0</total>
				<timestamp>3176.320144</timestamp>
			</report>
			<report>
				<misses>451100000</misses>
				<total>0</total>
				<timestamp>3177.040814</timestamp>
			</report>
			<report>
				<misses>451200000</misses>
				<total>0</total>
				<timestamp>3177.758615</timestamp>
			</report>
			<report>
				<misses>451300000</misses>
				<total>0</total>
				<timestamp>3178.474193</timestamp>
			</report>
			<report>
				<misses>451400000</misses>
				<total>0</total>
				<timestamp>3179.209388</timestamp>
			</report>
			<report>
				<misses>451500000</misses>
				<total>0</total>
				<timestamp>3179.939299</timestamp>
			</report>
			<report>
				<misses>451600000</misses>
				<total>0</total>
				<timestamp>3180.653074</timestamp>
			</report>
			<report>
				<misses>451700000</misses>
				<total>0</total>
				<timestamp>3181.394822</timestamp>
			</report>
			<report>
				<misses>451800000</misses>
				<total>0</total>
				<timestamp>3182.123658</timestamp>
			</report>
			<report>
				<misses>451900000</misses>
				<total>0</total>
				<timestamp>3182.847513</timestamp>
			</report>
			<report>
				<misses>452000000</misses>
				<total>0</total>
				<timestamp>3183.559888</timestamp>
			</report>
			<report>
				<misses>452100000</misses>
				<total>0</total>
				<timestamp>3184.275164</timestamp>
			</report>
			<report>
				<misses>452200000</misses>
				<total>0</total>
				<timestamp>3184.977882</timestamp>
			</report>
			<report>
				<misses>452300000</misses>
				<total>0</total>
				<timestamp>3185.725960</timestamp>
			</report>
			<report>
				<misses>452400000</misses>
				<total>0</total>
				<timestamp>3186.423159</timestamp>
			</report>
			<report>
				<misses>452500000</misses>
				<total>0</total>
				<timestamp>3187.135390</timestamp>
			</report>
			<report>
				<misses>452600000</misses>
				<total>0</total>
				<timestamp>3187.836387</timestamp>
			</report>
			<report>
				<misses>452700000</misses>
				<total>0</total>
				<timestamp>3188.542768</timestamp>
			</report>
			<report>
				<misses>452800000</misses>
				<total>0</total>
				<timestamp>3189.253229</timestamp>
			</report>
			<report>
				<misses>452900000</misses>
				<total>0</total>
				<timestamp>3189.947935</timestamp>
			</report>
			<report>
				<misses>453000000</misses>
				<total>0</total>
				<timestamp>3190.633613</timestamp>
			</report>
			<report>
				<misses>453100000</misses>
				<total>0</total>
				<timestamp>3191.308300</timestamp>
			</report>
			<report>
				<misses>453200000</misses>
				<total>0</total>
				<timestamp>3191.995305</timestamp>
			</report>
			<report>
				<misses>453300000</misses>
				<total>0</total>
				<timestamp>3192.697748</timestamp>
			</report>
			<report>
				<misses>453400000</misses>
				<total>0</total>
				<timestamp>3193.387679</timestamp>
			</report>
			<report>
				<misses>453500000</misses>
				<total>0</total>
				<timestamp>3194.078123</timestamp>
			</report>
			<report>
				<misses>453600000</misses>
				<total>0</total>
				<timestamp>3194.772664</timestamp>
			</report>
			<report>
				<misses>453700000</misses>
				<total>0</total>
				<timestamp>3195.454546</timestamp>
			</report>
			<report>
				<misses>453800000</misses>
				<total>0</total>
				<timestamp>3196.144608</timestamp>
			</report>
			<report>
				<misses>453900000</misses>
				<total>0</total>
				<timestamp>3196.897117</timestamp>
			</report>
			<report>
				<misses>454000000</misses>
				<total>0</total>
				<timestamp>3197.596862</timestamp>
			</report>
			<report>
				<misses>454100000</misses>
				<total>0</total>
				<timestamp>3198.296157</timestamp>
			</report>
			<report>
				<misses>454200000</misses>
				<total>0</total>
				<timestamp>3199.037573</timestamp>
			</report>
			<report>
				<misses>454300000</misses>
				<total>0</total>
				<timestamp>3199.748851</timestamp>
			</report>
			<report>
				<misses>454400000</misses>
				<total>0</total>
				<timestamp>3200.444990</timestamp>
			</report>
			<report>
				<misses>454500000</misses>
				<total>0</total>
				<timestamp>3201.175289</timestamp>
			</report>
			<report>
				<misses>454600000</misses>
				<total>0</total>
				<timestamp>3201.868704</timestamp>
			</report>
			<report>
				<misses>454700000</misses>
				<total>0</total>
				<timestamp>3202.622785</timestamp>
			</report>
			<report>
				<misses>454800000</misses>
				<total>0</total>
				<timestamp>3203.359438</timestamp>
			</report>
			<report>
				<misses>454900000</misses>
				<total>0</total>
				<timestamp>3204.093630</timestamp>
			</report>
			<report>
				<misses>455000000</misses>
				<total>0</total>
				<timestamp>3204.825697</timestamp>
			</report>
			<report>
				<misses>455100000</misses>
				<total>0</total>
				<timestamp>3205.567650</timestamp>
			</report>
			<report>
				<misses>455200000</misses>
				<total>0</total>
				<timestamp>3206.275891</timestamp>
			</report>
			<report>
				<misses>455300000</misses>
				<total>0</total>
				<timestamp>3206.964824</timestamp>
			</report>
			<report>
				<misses>455400000</misses>
				<total>0</total>
				<timestamp>3207.674458</timestamp>
			</report>
			<report>
				<misses>455500000</misses>
				<total>0</total>
				<timestamp>3208.382655</timestamp>
			</report>
			<report>
				<misses>455600000</misses>
				<total>0</total>
				<timestamp>3209.079464</timestamp>
			</report>
			<report>
				<misses>455700000</misses>
				<total>0</total>
				<timestamp>3209.785636</timestamp>
			</report>
			<report>
				<misses>455800000</misses>
				<total>0</total>
				<timestamp>3210.474211</timestamp>
			</report>
			<report>
				<misses>455900000</misses>
				<total>0</total>
				<timestamp>3211.170309</timestamp>
			</report>
			<report>
				<misses>456000000</misses>
				<total>0</total>
				<timestamp>3211.869562</timestamp>
			</report>
			<report>
				<misses>456100000</misses>
				<total>0</total>
				<timestamp>3212.560966</timestamp>
			</report>
			<report>
				<misses>456200000</misses>
				<total>0</total>
				<timestamp>3213.238904</timestamp>
			</report>
			<report>
				<misses>456300000</misses>
				<total>0</total>
				<timestamp>3213.910898</timestamp>
			</report>
			<report>
				<misses>456400000</misses>
				<total>0</total>
				<timestamp>3214.608655</timestamp>
			</report>
			<report>
				<misses>456500000</misses>
				<total>0</total>
				<timestamp>3215.283798</timestamp>
			</report>
			<report>
				<misses>456600000</misses>
				<total>0</total>
				<timestamp>3215.978440</timestamp>
			</report>
			<report>
				<misses>456700000</misses>
				<total>0</total>
				<timestamp>3216.655041</timestamp>
			</report>
			<report>
				<misses>456800000</misses>
				<total>0</total>
				<timestamp>3217.338912</timestamp>
			</report>
			<report>
				<misses>456900000</misses>
				<total>0</total>
				<timestamp>3218.038666</timestamp>
			</report>
			<report>
				<misses>457000000</misses>
				<total>0</total>
				<timestamp>3218.806655</timestamp>
			</report>
			<report>
				<misses>457100000</misses>
				<total>0</total>
				<timestamp>3219.527894</timestamp>
			</report>
			<report>
				<misses>457200000</misses>
				<total>0</total>
				<timestamp>3220.274557</timestamp>
			</report>
			<report>
				<misses>457300000</misses>
				<total>0</total>
				<timestamp>3221.019488</timestamp>
			</report>
			<report>
				<misses>457400000</misses>
				<total>0</total>
				<timestamp>3221.744802</timestamp>
			</report>
			<report>
				<misses>457500000</misses>
				<total>0</total>
				<timestamp>3222.477544</timestamp>
			</report>
			<report>
				<misses>457600000</misses>
				<total>0</total>
				<timestamp>3223.185457</timestamp>
			</report>
			<report>
				<misses>457700000</misses>
				<total>0</total>
				<timestamp>3223.890764</timestamp>
			</report>
			<report>
				<misses>457800000</misses>
				<total>0</total>
				<timestamp>3224.592147</timestamp>
			</report>
			<report>
				<misses>457900000</misses>
				<total>0</total>
				<timestamp>3225.280542</timestamp>
			</report>
			<report>
				<misses>458000000</misses>
				<total>0</total>
				<timestamp>3225.975347</timestamp>
			</report>
			<report>
				<misses>458100000</misses>
				<total>0</total>
				<timestamp>3226.651855</timestamp>
			</report>
			<report>
				<misses>458200000</misses>
				<total>0</total>
				<timestamp>3227.336375</timestamp>
			</report>
			<report>
				<misses>458300000</misses>
				<total>0</total>
				<timestamp>3228.016829</timestamp>
			</report>
			<report>
				<misses>458400000</misses>
				<total>0</total>
				<timestamp>3228.700461</timestamp>
			</report>
			<report>
				<misses>458500000</misses>
				<total>0</total>
				<timestamp>3229.379134</timestamp>
			</report>
			<report>
				<misses>458600000</misses>
				<total>0</total>
				<timestamp>3230.059262</timestamp>
			</report>
			<report>
				<misses>458700000</misses>
				<total>0</total>
				<timestamp>3230.733771</timestamp>
			</report>
			<report>
				<misses>458800000</misses>
				<total>0</total>
				<timestamp>3231.417435</timestamp>
			</report>
			<report>
				<misses>458900000</misses>
				<total>0</total>
				<timestamp>3232.114576</timestamp>
			</report>
			<report>
				<misses>459000000</misses>
				<total>0</total>
				<timestamp>3232.824823</timestamp>
			</report>
			<report>
				<misses>459100000</misses>
				<total>0</total>
				<timestamp>3233.543002</timestamp>
			</report>
			<report>
				<misses>459200000</misses>
				<total>0</total>
				<timestamp>3234.260802</timestamp>
			</report>
			<report>
				<misses>459300000</misses>
				<total>0</total>
				<timestamp>3234.989278</timestamp>
			</report>
			<report>
				<misses>459400000</misses>
				<total>0</total>
				<timestamp>3235.691763</timestamp>
			</report>
			<report>
				<misses>459500000</misses>
				<total>0</total>
				<timestamp>3236.410248</timestamp>
			</report>
			<report>
				<misses>459600000</misses>
				<total>0</total>
				<timestamp>3237.118184</timestamp>
			</report>
			<report>
				<misses>459700000</misses>
				<total>0</total>
				<timestamp>3237.821488</timestamp>
			</report>
			<report>
				<misses>459800000</misses>
				<total>0</total>
				<timestamp>3238.528049</timestamp>
			</report>
			<report>
				<misses>459900000</misses>
				<total>0</total>
				<timestamp>3239.236073</timestamp>
			</report>
			<report>
				<misses>460000000</misses>
				<total>0</total>
				<timestamp>3239.958695</timestamp>
			</report>
			<report>
				<misses>460100000</misses>
				<total>0</total>
				<timestamp>3240.650240</timestamp>
			</report>
			<report>
				<misses>460200000</misses>
				<total>0</total>
				<timestamp>3241.362912</timestamp>
			</report>
			<report>
				<misses>460300000</misses>
				<total>0</total>
				<timestamp>3242.079754</timestamp>
			</report>
			<report>
				<misses>460400000</misses>
				<total>0</total>
				<timestamp>3242.788845</timestamp>
			</report>
			<report>
				<misses>460500000</misses>
				<total>0</total>
				<timestamp>3243.476339</timestamp>
			</report>
			<report>
				<misses>460600000</misses>
				<total>0</total>
				<timestamp>3244.159687</timestamp>
			</report>
			<report>
				<misses>460700000</misses>
				<total>0</total>
				<timestamp>3244.847691</timestamp>
			</report>
			<report>
				<misses>460800000</misses>
				<total>0</total>
				<timestamp>3245.534914</timestamp>
			</report>
			<report>
				<misses>460900000</misses>
				<total>0</total>
				<timestamp>3246.221625</timestamp>
			</report>
			<report>
				<misses>461000000</misses>
				<total>0</total>
				<timestamp>3246.909151</timestamp>
			</report>
			<report>
				<misses>461100000</misses>
				<total>0</total>
				<timestamp>3247.597792</timestamp>
			</report>
			<report>
				<misses>461200000</misses>
				<total>0</total>
				<timestamp>3248.283579</timestamp>
			</report>
			<report>
				<misses>461300000</misses>
				<total>0</total>
				<timestamp>3248.978592</timestamp>
			</report>
			<report>
				<misses>461400000</misses>
				<total>0</total>
				<timestamp>3249.671384</timestamp>
			</report>
			<report>
				<misses>461500000</misses>
				<total>0</total>
				<timestamp>3250.374747</timestamp>
			</report>
			<report>
				<misses>461600000</misses>
				<total>0</total>
				<timestamp>3251.069759</timestamp>
			</report>
			<report>
				<misses>461700000</misses>
				<total>0</total>
				<timestamp>3251.761459</timestamp>
			</report>
			<report>
				<misses>461800000</misses>
				<total>0</total>
				<timestamp>3252.467016</timestamp>
			</report>
			<report>
				<misses>461900000</misses>
				<total>0</total>
				<timestamp>3253.170444</timestamp>
			</report>
			<report>
				<misses>462000000</misses>
				<total>0</total>
				<timestamp>3253.885408</timestamp>
			</report>
			<report>
				<misses>462100000</misses>
				<total>0</total>
				<timestamp>3254.600455</timestamp>
			</report>
			<report>
				<misses>462200000</misses>
				<total>0</total>
				<timestamp>3255.300885</timestamp>
			</report>
			<report>
				<misses>462300000</misses>
				<total>0</total>
				<timestamp>3256.004595</timestamp>
			</report>
			<report>
				<misses>462400000</misses>
				<total>0</total>
				<timestamp>3256.703218</timestamp>
			</report>
			<report>
				<misses>462500000</misses>
				<total>0</total>
				<timestamp>3257.417557</timestamp>
			</report>
			<report>
				<misses>462600000</misses>
				<total>0</total>
				<timestamp>3258.136060</timestamp>
			</report>
			<report>
				<misses>462700000</misses>
				<total>0</total>
				<timestamp>3258.824645</timestamp>
			</report>
			<report>
				<misses>462800000</misses>
				<total>0</total>
				<timestamp>3259.531897</timestamp>
			</report>
			<report>
				<misses>462900000</misses>
				<total>0</total>
				<timestamp>3260.238505</timestamp>
			</report>
			<report>
				<misses>463000000</misses>
				<total>0</total>
				<timestamp>3260.930881</timestamp>
			</report>
			<report>
				<misses>463100000</misses>
				<total>0</total>
				<timestamp>3261.618947</timestamp>
			</report>
			<report>
				<misses>463200000</misses>
				<total>0</total>
				<timestamp>3262.304499</timestamp>
			</report>
			<report>
				<misses>463300000</misses>
				<total>0</total>
				<timestamp>3262.991954</timestamp>
			</report>
			<report>
				<misses>463400000</misses>
				<total>0</total>
				<timestamp>3263.676418</timestamp>
			</report>
			<report>
				<misses>463500000</misses>
				<total>0</total>
				<timestamp>3264.371864</timestamp>
			</report>
			<report>
				<misses>463600000</misses>
				<total>0</total>
				<timestamp>3265.054476</timestamp>
			</report>
			<report>
				<misses>463700000</misses>
				<total>0</total>
				<timestamp>3265.741970</timestamp>
			</report>
			<report>
				<misses>463800000</misses>
				<total>0</total>
				<timestamp>3266.427883</timestamp>
			</report>
			<report>
				<misses>463900000</misses>
				<total>0</total>
				<timestamp>3267.126512</timestamp>
			</report>
			<report>
				<misses>464000000</misses>
				<total>0</total>
				<timestamp>3267.848569</timestamp>
			</report>
			<report>
				<misses>464100000</misses>
				<total>0</total>
				<timestamp>3268.572520</timestamp>
			</report>
			<report>
				<misses>464200000</misses>
				<total>0</total>
				<timestamp>3269.277136</timestamp>
			</report>
			<report>
				<misses>464300000</misses>
				<total>0</total>
				<timestamp>3269.989748</timestamp>
			</report>
			<report>
				<misses>464400000</misses>
				<total>0</total>
				<timestamp>3270.697053</timestamp>
			</report>
			<report>
				<misses>464500000</misses>
				<total>0</total>
				<timestamp>3271.413022</timestamp>
			</report>
			<report>
				<misses>464600000</misses>
				<total>0</total>
				<timestamp>3272.117249</timestamp>
			</report>
			<report>
				<misses>464700000</misses>
				<total>0</total>
				<timestamp>3272.843678</timestamp>
			</report>
			<report>
				<misses>464800000</misses>
				<total>0</total>
				<timestamp>3273.552803</timestamp>
			</report>
			<report>
				<misses>464900000</misses>
				<total>0</total>
				<timestamp>3274.268965</timestamp>
			</report>
			<report>
				<misses>465000000</misses>
				<total>0</total>
				<timestamp>3274.964117</timestamp>
			</report>
			<report>
				<misses>465100000</misses>
				<total>0</total>
				<timestamp>3275.683597</timestamp>
			</report>
			<report>
				<misses>465200000</misses>
				<total>0</total>
				<timestamp>3276.401977</timestamp>
			</report>
			<report>
				<misses>465300000</misses>
				<total>0</total>
				<timestamp>3277.083880</timestamp>
			</report>
			<report>
				<misses>465400000</misses>
				<total>0</total>
				<timestamp>3277.770781</timestamp>
			</report>
			<report>
				<misses>465500000</misses>
				<total>0</total>
				<timestamp>3278.453786</timestamp>
			</report>
			<report>
				<misses>465600000</misses>
				<total>0</total>
				<timestamp>3279.137242</timestamp>
			</report>
			<report>
				<misses>465700000</misses>
				<total>0</total>
				<timestamp>3279.826853</timestamp>
			</report>
			<report>
				<misses>465800000</misses>
				<total>0</total>
				<timestamp>3280.507384</timestamp>
			</report>
			<report>
				<misses>465900000</misses>
				<total>0</total>
				<timestamp>3281.187168</timestamp>
			</report>
			<report>
				<misses>466000000</misses>
				<total>0</total>
				<timestamp>3281.889370</timestamp>
			</report>
			<report>
				<misses>466100000</misses>
				<total>0</total>
				<timestamp>3282.574839</timestamp>
			</report>
			<report>
				<misses>466200000</misses>
				<total>0</total>
				<timestamp>3283.271867</timestamp>
			</report>
			<report>
				<misses>466300000</misses>
				<total>0</total>
				<timestamp>3283.989423</timestamp>
			</report>
			<report>
				<misses>466400000</misses>
				<total>0</total>
				<timestamp>3284.717274</timestamp>
			</report>
			<report>
				<misses>466500000</misses>
				<total>0</total>
				<timestamp>3285.436618</timestamp>
			</report>
			<report>
				<misses>466600000</misses>
				<total>0</total>
				<timestamp>3286.152916</timestamp>
			</report>
			<report>
				<misses>466700000</misses>
				<total>0</total>
				<timestamp>3286.847266</timestamp>
			</report>
			<report>
				<misses>466800000</misses>
				<total>0</total>
				<timestamp>3287.544878</timestamp>
			</report>
			<report>
				<misses>466900000</misses>
				<total>0</total>
				<timestamp>3288.268429</timestamp>
			</report>
			<report>
				<misses>467000000</misses>
				<total>0</total>
				<timestamp>3288.954875</timestamp>
			</report>
			<report>
				<misses>467100000</misses>
				<total>0</total>
				<timestamp>3289.661165</timestamp>
			</report>
			<report>
				<misses>467200000</misses>
				<total>0</total>
				<timestamp>3290.379712</timestamp>
			</report>
			<report>
				<misses>467300000</misses>
				<total>0</total>
				<timestamp>3291.075756</timestamp>
			</report>
			<report>
				<misses>467400000</misses>
				<total>0</total>
				<timestamp>3291.772583</timestamp>
			</report>
			<report>
				<misses>467500000</misses>
				<total>0</total>
				<timestamp>3292.499000</timestamp>
			</report>
			<report>
				<misses>467600000</misses>
				<total>0</total>
				<timestamp>3293.197168</timestamp>
			</report>
			<report>
				<misses>467700000</misses>
				<total>0</total>
				<timestamp>3293.892449</timestamp>
			</report>
			<report>
				<misses>467800000</misses>
				<total>0</total>
				<timestamp>3294.577647</timestamp>
			</report>
			<report>
				<misses>467900000</misses>
				<total>0</total>
				<timestamp>3295.258188</timestamp>
			</report>
			<report>
				<misses>468000000</misses>
				<total>0</total>
				<timestamp>3295.943233</timestamp>
			</report>
			<report>
				<misses>468100000</misses>
				<total>0</total>
				<timestamp>3296.633420</timestamp>
			</report>
			<report>
				<misses>468200000</misses>
				<total>0</total>
				<timestamp>3297.321658</timestamp>
			</report>
			<report>
				<misses>468300000</misses>
				<total>0</total>
				<timestamp>3297.994616</timestamp>
			</report>
			<report>
				<misses>468400000</misses>
				<total>0</total>
				<timestamp>3298.689253</timestamp>
			</report>
			<report>
				<misses>468500000</misses>
				<total>0</total>
				<timestamp>3299.406439</timestamp>
			</report>
			<report>
				<misses>468600000</misses>
				<total>0</total>
				<timestamp>3300.157027</timestamp>
			</report>
			<report>
				<misses>468700000</misses>
				<total>0</total>
				<timestamp>3300.904436</timestamp>
			</report>
			<report>
				<misses>468800000</misses>
				<total>0</total>
				<timestamp>3301.620332</timestamp>
			</report>
			<report>
				<misses>468900000</misses>
				<total>0</total>
				<timestamp>3302.379718</timestamp>
			</report>
			<report>
				<misses>469000000</misses>
				<total>0</total>
				<timestamp>3303.112948</timestamp>
			</report>
			<report>
				<misses>469100000</misses>
				<total>0</total>
				<timestamp>3303.850473</timestamp>
			</report>
			<report>
				<misses>469200000</misses>
				<total>0</total>
				<timestamp>3304.582747</timestamp>
			</report>
			<report>
				<misses>469300000</misses>
				<total>0</total>
				<timestamp>3305.318702</timestamp>
			</report>
			<report>
				<misses>469400000</misses>
				<total>0</total>
				<timestamp>3306.039118</timestamp>
			</report>
			<report>
				<misses>469500000</misses>
				<total>0</total>
				<timestamp>3306.774593</timestamp>
			</report>
			<report>
				<misses>469600000</misses>
				<total>0</total>
				<timestamp>3307.510439</timestamp>
			</report>
			<report>
				<misses>469700000</misses>
				<total>0</total>
				<timestamp>3308.215689</timestamp>
			</report>
			<report>
				<misses>469800000</misses>
				<total>0</total>
				<timestamp>3308.914264</timestamp>
			</report>
			<report>
				<misses>469900000</misses>
				<total>0</total>
				<timestamp>3309.625631</timestamp>
			</report>
			<report>
				<misses>470000000</misses>
				<total>0</total>
				<timestamp>3310.344237</timestamp>
			</report>
			<report>
				<misses>470100000</misses>
				<total>0</total>
				<timestamp>3311.048578</timestamp>
			</report>
			<report>
				<misses>470200000</misses>
				<total>0</total>
				<timestamp>3311.785158</timestamp>
			</report>
			<report>
				<misses>470300000</misses>
				<total>0</total>
				<timestamp>3312.509847</timestamp>
			</report>
			<report>
				<misses>470400000</misses>
				<total>0</total>
				<timestamp>3313.182573</timestamp>
			</report>
			<report>
				<misses>470500000</misses>
				<total>0</total>
				<timestamp>3313.878690</timestamp>
			</report>
			<report>
				<misses>470600000</misses>
				<total>0</total>
				<timestamp>3314.565462</timestamp>
			</report>
			<report>
				<misses>470700000</misses>
				<total>0</total>
				<timestamp>3315.238527</timestamp>
			</report>
			<report>
				<misses>470800000</misses>
				<total>0</total>
				<timestamp>3315.922831</timestamp>
			</report>
			<report>
				<misses>470900000</misses>
				<total>0</total>
				<timestamp>3316.614903</timestamp>
			</report>
			<report>
				<misses>471000000</misses>
				<total>0</total>
				<timestamp>3317.312755</timestamp>
			</report>
			<report>
				<misses>471100000</misses>
				<total>0</total>
				<timestamp>3317.998336</timestamp>
			</report>
			<report>
				<misses>471200000</misses>
				<total>0</total>
				<timestamp>3318.696180</timestamp>
			</report>
			<report>
				<misses>471300000</misses>
				<total>0</total>
				<timestamp>3319.368182</timestamp>
			</report>
			<report>
				<misses>471400000</misses>
				<total>0</total>
				<timestamp>3320.067115</timestamp>
			</report>
			<report>
				<misses>471500000</misses>
				<total>0</total>
				<timestamp>3320.771733</timestamp>
			</report>
			<report>
				<misses>471600000</misses>
				<total>0</total>
				<timestamp>3321.489512</timestamp>
			</report>
			<report>
				<misses>471700000</misses>
				<total>0</total>
				<timestamp>3322.207928</timestamp>
			</report>
			<report>
				<misses>471800000</misses>
				<total>0</total>
				<timestamp>3322.921924</timestamp>
			</report>
			<report>
				<misses>471900000</misses>
				<total>0</total>
				<timestamp>3323.619654</timestamp>
			</report>
			<report>
				<misses>472000000</misses>
				<total>0</total>
				<timestamp>3324.308362</timestamp>
			</report>
			<report>
				<misses>472100000</misses>
				<total>0</total>
				<timestamp>3325.060914</timestamp>
			</report>
			<report>
				<misses>472200000</misses>
				<total>0</total>
				<timestamp>3325.766098</timestamp>
			</report>
			<report>
				<misses>472300000</misses>
				<total>0</total>
				<timestamp>3326.482176</timestamp>
			</report>
			<report>
				<misses>472400000</misses>
				<total>0</total>
				<timestamp>3327.184451</timestamp>
			</report>
			<report>
				<misses>472500000</misses>
				<total>0</total>
				<timestamp>3327.899964</timestamp>
			</report>
			<report>
				<misses>472600000</misses>
				<total>0</total>
				<timestamp>3328.661453</timestamp>
			</report>
			<report>
				<misses>472700000</misses>
				<total>0</total>
				<timestamp>3329.390751</timestamp>
			</report>
			<report>
				<misses>472800000</misses>
				<total>0</total>
				<timestamp>3330.075744</timestamp>
			</report>
			<report>
				<misses>472900000</misses>
				<total>0</total>
				<timestamp>3330.760389</timestamp>
			</report>
			<report>
				<misses>473000000</misses>
				<total>0</total>
				<timestamp>3331.434293</timestamp>
			</report>
			<report>
				<misses>473100000</misses>
				<total>0</total>
				<timestamp>3332.112655</timestamp>
			</report>
			<report>
				<misses>473200000</misses>
				<total>0</total>
				<timestamp>3332.804033</timestamp>
			</report>
			<report>
				<misses>473300000</misses>
				<total>0</total>
				<timestamp>3333.503746</timestamp>
			</report>
			<report>
				<misses>473400000</misses>
				<total>0</total>
				<timestamp>3334.181705</timestamp>
			</report>
			<report>
				<misses>473500000</misses>
				<total>0</total>
				<timestamp>3334.874997</timestamp>
			</report>
			<report>
				<misses>473600000</misses>
				<total>0</total>
				<timestamp>3335.552625</timestamp>
			</report>
			<report>
				<misses>473700000</misses>
				<total>0</total>
				<timestamp>3336.226030</timestamp>
			</report>
			<report>
				<misses>473800000</misses>
				<total>0</total>
				<timestamp>3336.919440</timestamp>
			</report>
			<report>
				<misses>473900000</misses>
				<total>0</total>
				<timestamp>3337.626273</timestamp>
			</report>
			<report>
				<misses>474000000</misses>
				<total>0</total>
				<timestamp>3338.331005</timestamp>
			</report>
			<report>
				<misses>474100000</misses>
				<total>0</total>
				<timestamp>3339.042555</timestamp>
			</report>
			<report>
				<misses>474200000</misses>
				<total>0</total>
				<timestamp>3339.741120</timestamp>
			</report>
			<report>
				<misses>474300000</misses>
				<total>0</total>
				<timestamp>3340.422853</timestamp>
			</report>
			<report>
				<misses>474400000</misses>
				<total>0</total>
				<timestamp>3341.135742</timestamp>
			</report>
			<report>
				<misses>474500000</misses>
				<total>0</total>
				<timestamp>3341.841972</timestamp>
			</report>
			<report>
				<misses>474600000</misses>
				<total>0</total>
				<timestamp>3342.557992</timestamp>
			</report>
			<report>
				<misses>474700000</misses>
				<total>0</total>
				<timestamp>3343.281551</timestamp>
			</report>
			<report>
				<misses>474800000</misses>
				<total>0</total>
				<timestamp>3344.009002</timestamp>
			</report>
			<report>
				<misses>474900000</misses>
				<total>0</total>
				<timestamp>3344.710812</timestamp>
			</report>
			<report>
				<misses>475000000</misses>
				<total>0</total>
				<timestamp>3345.427316</timestamp>
			</report>
			<report>
				<misses>475100000</misses>
				<total>0</total>
				<timestamp>3346.122463</timestamp>
			</report>
			<report>
				<misses>475200000</misses>
				<total>0</total>
				<timestamp>3346.818621</timestamp>
			</report>
			<report>
				<misses>475300000</misses>
				<total>0</total>
				<timestamp>3347.517233</timestamp>
			</report>
			<report>
				<misses>475400000</misses>
				<total>0</total>
				<timestamp>3348.218306</timestamp>
			</report>
			<report>
				<misses>475500000</misses>
				<total>0</total>
				<timestamp>3348.908612</timestamp>
			</report>
			<report>
				<misses>475600000</misses>
				<total>0</total>
				<timestamp>3349.600054</timestamp>
			</report>
			<report>
				<misses>475700000</misses>
				<total>0</total>
				<timestamp>3350.283072</timestamp>
			</report>
			<report>
				<misses>475800000</misses>
				<total>0</total>
				<timestamp>3350.966279</timestamp>
			</report>
			<report>
				<misses>475900000</misses>
				<total>0</total>
				<timestamp>3351.642701</timestamp>
			</report>
			<report>
				<misses>476000000</misses>
				<total>0</total>
				<timestamp>3352.319536</timestamp>
			</report>
			<report>
				<misses>476100000</misses>
				<total>0</total>
				<timestamp>3353.019194</timestamp>
			</report>
			<report>
				<misses>476200000</misses>
				<total>0</total>
				<timestamp>3353.704540</timestamp>
			</report>
			<report>
				<misses>476300000</misses>
				<total>0</total>
				<timestamp>3354.408646</timestamp>
			</report>
			<report>
				<misses>476400000</misses>
				<total>0</total>
				<timestamp>3355.128733</timestamp>
			</report>
			<report>
				<misses>476500000</misses>
				<total>0</total>
				<timestamp>3355.859453</timestamp>
			</report>
			<report>
				<misses>476600000</misses>
				<total>0</total>
				<timestamp>3356.549322</timestamp>
			</report>
			<report>
				<misses>476700000</misses>
				<total>0</total>
				<timestamp>3357.242960</timestamp>
			</report>
			<report>
				<misses>476800000</misses>
				<total>0</total>
				<timestamp>3357.997345</timestamp>
			</report>
			<report>
				<misses>476900000</misses>
				<total>0</total>
				<timestamp>3358.691400</timestamp>
			</report>
			<report>
				<misses>477000000</misses>
				<total>0</total>
				<timestamp>3359.411761</timestamp>
			</report>
			<report>
				<misses>477100000</misses>
				<total>0</total>
				<timestamp>3360.115271</timestamp>
			</report>
			<report>
				<misses>477200000</misses>
				<total>0</total>
				<timestamp>3360.830844</timestamp>
			</report>
			<report>
				<misses>477300000</misses>
				<total>0</total>
				<timestamp>3361.545746</timestamp>
			</report>
			<report>
				<misses>477400000</misses>
				<total>0</total>
				<timestamp>3362.268689</timestamp>
			</report>
			<report>
				<misses>477500000</misses>
				<total>0</total>
				<timestamp>3362.963485</timestamp>
			</report>
			<report>
				<misses>477600000</misses>
				<total>0</total>
				<timestamp>3363.654665</timestamp>
			</report>
			<report>
				<misses>477700000</misses>
				<total>0</total>
				<timestamp>3364.346751</timestamp>
			</report>
			<report>
				<misses>477800000</misses>
				<total>0</total>
				<timestamp>3365.019925</timestamp>
			</report>
			<report>
				<misses>477900000</misses>
				<total>0</total>
				<timestamp>3365.696982</timestamp>
			</report>
			<report>
				<misses>478000000</misses>
				<total>0</total>
				<timestamp>3366.384441</timestamp>
			</report>
			<report>
				<misses>478100000</misses>
				<total>0</total>
				<timestamp>3367.073330</timestamp>
			</report>
			<report>
				<misses>478200000</misses>
				<total>0</total>
				<timestamp>3367.748914</timestamp>
			</report>
			<report>
				<misses>478300000</misses>
				<total>0</total>
				<timestamp>3368.423727</timestamp>
			</report>
			<report>
				<misses>478400000</misses>
				<total>0</total>
				<timestamp>3369.120085</timestamp>
			</report>
			<report>
				<misses>478500000</misses>
				<total>0</total>
				<timestamp>3369.841617</timestamp>
			</report>
			<report>
				<misses>478600000</misses>
				<total>0</total>
				<timestamp>3370.573172</timestamp>
			</report>
			<report>
				<misses>478700000</misses>
				<total>0</total>
				<timestamp>3371.316900</timestamp>
			</report>
			<report>
				<misses>478800000</misses>
				<total>0</total>
				<timestamp>3372.014554</timestamp>
			</report>
			<report>
				<misses>478900000</misses>
				<total>0</total>
				<timestamp>3372.728573</timestamp>
			</report>
			<report>
				<misses>479000000</misses>
				<total>0</total>
				<timestamp>3373.451720</timestamp>
			</report>
			<report>
				<misses>479100000</misses>
				<total>0</total>
				<timestamp>3374.170125</timestamp>
			</report>
			<report>
				<misses>479200000</misses>
				<total>0</total>
				<timestamp>3374.877617</timestamp>
			</report>
			<report>
				<misses>479300000</misses>
				<total>0</total>
				<timestamp>3375.580700</timestamp>
			</report>
			<report>
				<misses>479400000</misses>
				<total>0</total>
				<timestamp>3376.281678</timestamp>
			</report>
			<report>
				<misses>479500000</misses>
				<total>0</total>
				<timestamp>3376.984630</timestamp>
			</report>
			<report>
				<misses>479600000</misses>
				<total>0</total>
				<timestamp>3377.739208</timestamp>
			</report>
			<report>
				<misses>479700000</misses>
				<total>0</total>
				<timestamp>3378.448900</timestamp>
			</report>
			<report>
				<misses>479800000</misses>
				<total>0</total>
				<timestamp>3379.136373</timestamp>
			</report>
			<report>
				<misses>479900000</misses>
				<total>0</total>
				<timestamp>3379.831016</timestamp>
			</report>
			<report>
				<misses>480000000</misses>
				<total>0</total>
				<timestamp>3380.516304</timestamp>
			</report>
			<report>
				<misses>480100000</misses>
				<total>0</total>
				<timestamp>3381.217325</timestamp>
			</report>
			<report>
				<misses>480200000</misses>
				<total>0</total>
				<timestamp>3381.907303</timestamp>
			</report>
			<report>
				<misses>480300000</misses>
				<total>0</total>
				<timestamp>3382.591992</timestamp>
			</report>
			<report>
				<misses>480400000</misses>
				<total>0</total>
				<timestamp>3383.274094</timestamp>
			</report>
			<report>
				<misses>480500000</misses>
				<total>0</total>
				<timestamp>3383.955093</timestamp>
			</report>
			<report>
				<misses>480600000</misses>
				<total>0</total>
				<timestamp>3384.653400</timestamp>
			</report>
			<report>
				<misses>480700000</misses>
				<total>0</total>
				<timestamp>3385.353260</timestamp>
			</report>
			<report>
				<misses>480800000</misses>
				<total>0</total>
				<timestamp>3386.052820</timestamp>
			</report>
			<report>
				<misses>480900000</misses>
				<total>0</total>
				<timestamp>3386.779528</timestamp>
			</report>
			<report>
				<misses>481000000</misses>
				<total>0</total>
				<timestamp>3387.475702</timestamp>
			</report>
			<report>
				<misses>481100000</misses>
				<total>0</total>
				<timestamp>3388.189980</timestamp>
			</report>
			<report>
				<misses>481200000</misses>
				<total>0</total>
				<timestamp>3388.887523</timestamp>
			</report>
			<report>
				<misses>481300000</misses>
				<total>0</total>
				<timestamp>3389.592230</timestamp>
			</report>
			<report>
				<misses>481400000</misses>
				<total>0</total>
				<timestamp>3390.301933</timestamp>
			</report>
			<report>
				<misses>481500000</misses>
				<total>0</total>
				<timestamp>3391.008824</timestamp>
			</report>
			<report>
				<misses>481600000</misses>
				<total>0</total>
				<timestamp>3391.729859</timestamp>
			</report>
			<report>
				<misses>481700000</misses>
				<total>0</total>
				<timestamp>3392.416835</timestamp>
			</report>
			<report>
				<misses>481800000</misses>
				<total>0</total>
				<timestamp>3393.111738</timestamp>
			</report>
			<report>
				<misses>481900000</misses>
				<total>0</total>
				<timestamp>3393.849860</timestamp>
			</report>
			<report>
				<misses>482000000</misses>
				<total>0</total>
				<timestamp>3394.542210</timestamp>
			</report>
			<report>
				<misses>482100000</misses>
				<total>0</total>
				<timestamp>3395.267644</timestamp>
			</report>
			<report>
				<misses>482200000</misses>
				<total>0</total>
				<timestamp>3395.953585</timestamp>
			</report>
			<report>
				<misses>482300000</misses>
				<total>0</total>
				<timestamp>3396.638393</timestamp>
			</report>
			<report>
				<misses>482400000</misses>
				<total>0</total>
				<timestamp>3397.323362</timestamp>
			</report>
			<report>
				<misses>482500000</misses>
				<total>0</total>
				<timestamp>3397.993207</timestamp>
			</report>
			<report>
				<misses>482600000</misses>
				<total>0</total>
				<timestamp>3398.702318</timestamp>
			</report>
			<report>
				<misses>482700000</misses>
				<total>0</total>
				<timestamp>3399.392202</timestamp>
			</report>
			<report>
				<misses>482800000</misses>
				<total>0</total>
				<timestamp>3400.087002</timestamp>
			</report>
			<report>
				<misses>482900000</misses>
				<total>0</total>
				<timestamp>3400.768136</timestamp>
			</report>
			<report>
				<misses>483000000</misses>
				<total>0</total>
				<timestamp>3401.451687</timestamp>
			</report>
			<report>
				<misses>483100000</misses>
				<total>0</total>
				<timestamp>3402.157897</timestamp>
			</report>
			<report>
				<misses>483200000</misses>
				<total>0</total>
				<timestamp>3402.890801</timestamp>
			</report>
			<report>
				<misses>483300000</misses>
				<total>0</total>
				<timestamp>3403.629061</timestamp>
			</report>
			<report>
				<misses>483400000</misses>
				<total>0</total>
				<timestamp>3404.348029</timestamp>
			</report>
			<report>
				<misses>483500000</misses>
				<total>0</total>
				<timestamp>3405.079452</timestamp>
			</report>
			<report>
				<misses>483600000</misses>
				<total>0</total>
				<timestamp>3405.804888</timestamp>
			</report>
			<report>
				<misses>483700000</misses>
				<total>0</total>
				<timestamp>3406.528529</timestamp>
			</report>
			<report>
				<misses>483800000</misses>
				<total>0</total>
				<timestamp>3407.215106</timestamp>
			</report>
			<report>
				<misses>483900000</misses>
				<total>0</total>
				<timestamp>3407.923749</timestamp>
			</report>
			<report>
				<misses>484000000</misses>
				<total>0</total>
				<timestamp>3408.654349</timestamp>
			</report>
			<report>
				<misses>484100000</misses>
				<total>0</total>
				<timestamp>3409.360377</timestamp>
			</report>
			<report>
				<misses>484200000</misses>
				<total>0</total>
				<timestamp>3410.085251</timestamp>
			</report>
			<report>
				<misses>484300000</misses>
				<total>0</total>
				<timestamp>3410.795159</timestamp>
			</report>
			<report>
				<misses>484400000</misses>
				<total>0</total>
				<timestamp>3411.497290</timestamp>
			</report>
			<report>
				<misses>484500000</misses>
				<total>0</total>
				<timestamp>3412.223900</timestamp>
			</report>
			<report>
				<misses>484600000</misses>
				<total>0</total>
				<timestamp>3412.949314</timestamp>
			</report>
			<report>
				<misses>484700000</misses>
				<total>0</total>
				<timestamp>3413.664253</timestamp>
			</report>
			<report>
				<misses>484800000</misses>
				<total>0</total>
				<timestamp>3414.372624</timestamp>
			</report>
			<report>
				<misses>484900000</misses>
				<total>0</total>
				<timestamp>3415.147638</timestamp>
			</report>
			<report>
				<misses>485000000</misses>
				<total>0</total>
				<timestamp>3415.861449</timestamp>
			</report>
			<report>
				<misses>485100000</misses>
				<total>0</total>
				<timestamp>3416.563275</timestamp>
			</report>
			<report>
				<misses>485200000</misses>
				<total>0</total>
				<timestamp>3417.248263</timestamp>
			</report>
			<report>
				<misses>485300000</misses>
				<total>0</total>
				<timestamp>3417.928325</timestamp>
			</report>
			<report>
				<misses>485400000</misses>
				<total>0</total>
				<timestamp>3418.630897</timestamp>
			</report>
			<report>
				<misses>485500000</misses>
				<total>0</total>
				<timestamp>3419.327768</timestamp>
			</report>
			<report>
				<misses>485600000</misses>
				<total>0</total>
				<timestamp>3419.998456</timestamp>
			</report>
			<report>
				<misses>485700000</misses>
				<total>0</total>
				<timestamp>3420.705300</timestamp>
			</report>
			<report>
				<misses>485800000</misses>
				<total>0</total>
				<timestamp>3421.394811</timestamp>
			</report>
			<report>
				<misses>485900000</misses>
				<total>0</total>
				<timestamp>3422.080747</timestamp>
			</report>
			<report>
				<misses>486000000</misses>
				<total>0</total>
				<timestamp>3422.773132</timestamp>
			</report>
			<report>
				<misses>486100000</misses>
				<total>0</total>
				<timestamp>3423.461055</timestamp>
			</report>
			<report>
				<misses>486200000</misses>
				<total>0</total>
				<timestamp>3424.192945</timestamp>
			</report>
			<report>
				<misses>486300000</misses>
				<total>0</total>
				<timestamp>3424.922971</timestamp>
			</report>
			<report>
				<misses>486400000</misses>
				<total>0</total>
				<timestamp>3425.625822</timestamp>
			</report>
			<report>
				<misses>486500000</misses>
				<total>0</total>
				<timestamp>3426.349057</timestamp>
			</report>
			<report>
				<misses>486600000</misses>
				<total>0</total>
				<timestamp>3427.067063</timestamp>
			</report>
			<report>
				<misses>486700000</misses>
				<total>0</total>
				<timestamp>3427.789334</timestamp>
			</report>
			<report>
				<misses>486800000</misses>
				<total>0</total>
				<timestamp>3428.491206</timestamp>
			</report>
			<report>
				<misses>486900000</misses>
				<total>0</total>
				<timestamp>3429.186489</timestamp>
			</report>
			<report>
				<misses>487000000</misses>
				<total>0</total>
				<timestamp>3429.898875</timestamp>
			</report>
			<report>
				<misses>487100000</misses>
				<total>0</total>
				<timestamp>3430.612022</timestamp>
			</report>
			<report>
				<misses>487200000</misses>
				<total>0</total>
				<timestamp>3431.310649</timestamp>
			</report>
			<report>
				<misses>487300000</misses>
				<total>0</total>
				<timestamp>3432.009143</timestamp>
			</report>
			<report>
				<misses>487400000</misses>
				<total>0</total>
				<timestamp>3432.728939</timestamp>
			</report>
			<report>
				<misses>487500000</misses>
				<total>0</total>
				<timestamp>3433.421837</timestamp>
			</report>
			<report>
				<misses>487600000</misses>
				<total>0</total>
				<timestamp>3434.116069</timestamp>
			</report>
			<report>
				<misses>487700000</misses>
				<total>0</total>
				<timestamp>3434.810476</timestamp>
			</report>
			<report>
				<misses>487800000</misses>
				<total>0</total>
				<timestamp>3435.481476</timestamp>
			</report>
			<report>
				<misses>487900000</misses>
				<total>0</total>
				<timestamp>3436.165542</timestamp>
			</report>
			<report>
				<misses>488000000</misses>
				<total>0</total>
				<timestamp>3436.845576</timestamp>
			</report>
			<report>
				<misses>488100000</misses>
				<total>0</total>
				<timestamp>3437.534492</timestamp>
			</report>
			<report>
				<misses>488200000</misses>
				<total>0</total>
				<timestamp>3438.215734</timestamp>
			</report>
			<report>
				<misses>488300000</misses>
				<total>0</total>
				<timestamp>3438.894764</timestamp>
			</report>
			<report>
				<misses>488400000</misses>
				<total>0</total>
				<timestamp>3439.617249</timestamp>
			</report>
			<report>
				<misses>488500000</misses>
				<total>0</total>
				<timestamp>3440.302956</timestamp>
			</report>
			<report>
				<misses>488600000</misses>
				<total>0</total>
				<timestamp>3441.020793</timestamp>
			</report>
			<report>
				<misses>488700000</misses>
				<total>0</total>
				<timestamp>3441.712837</timestamp>
			</report>
			<report>
				<misses>488800000</misses>
				<total>0</total>
				<timestamp>3442.432418</timestamp>
			</report>
			<report>
				<misses>488900000</misses>
				<total>0</total>
				<timestamp>3443.153199</timestamp>
			</report>
			<report>
				<misses>489000000</misses>
				<total>0</total>
				<timestamp>3443.857770</timestamp>
			</report>
			<report>
				<misses>489100000</misses>
				<total>0</total>
				<timestamp>3444.575174</timestamp>
			</report>
			<report>
				<misses>489200000</misses>
				<total>0</total>
				<timestamp>3445.284949</timestamp>
			</report>
			<report>
				<misses>489300000</misses>
				<total>0</total>
				<timestamp>3445.980014</timestamp>
			</report>
			<report>
				<misses>489400000</misses>
				<total>0</total>
				<timestamp>3446.685536</timestamp>
			</report>
			<report>
				<misses>489500000</misses>
				<total>0</total>
				<timestamp>3447.382405</timestamp>
			</report>
			<report>
				<misses>489600000</misses>
				<total>0</total>
				<timestamp>3448.119986</timestamp>
			</report>
			<report>
				<misses>489700000</misses>
				<total>0</total>
				<timestamp>3448.811843</timestamp>
			</report>
			<report>
				<misses>489800000</misses>
				<total>0</total>
				<timestamp>3449.509871</timestamp>
			</report>
			<report>
				<misses>489900000</misses>
				<total>0</total>
				<timestamp>3450.205558</timestamp>
			</report>
			<report>
				<misses>490000000</misses>
				<total>0</total>
				<timestamp>3450.898480</timestamp>
			</report>
			<report>
				<misses>490100000</misses>
				<total>0</total>
				<timestamp>3451.582598</timestamp>
			</report>
			<report>
				<misses>490200000</misses>
				<total>0</total>
				<timestamp>3452.270519</timestamp>
			</report>
			<report>
				<misses>490300000</misses>
				<total>0</total>
				<timestamp>3452.972064</timestamp>
			</report>
			<report>
				<misses>490400000</misses>
				<total>0</total>
				<timestamp>3453.658814</timestamp>
			</report>
			<report>
				<misses>490500000</misses>
				<total>0</total>
				<timestamp>3454.341384</timestamp>
			</report>
			<report>
				<misses>490600000</misses>
				<total>0</total>
				<timestamp>3455.042301</timestamp>
			</report>
			<report>
				<misses>490700000</misses>
				<total>0</total>
				<timestamp>3455.737114</timestamp>
			</report>
			<report>
				<misses>490800000</misses>
				<total>0</total>
				<timestamp>3456.448591</timestamp>
			</report>
			<report>
				<misses>490900000</misses>
				<total>0</total>
				<timestamp>3457.164828</timestamp>
			</report>
			<report>
				<misses>491000000</misses>
				<total>0</total>
				<timestamp>3457.870798</timestamp>
			</report>
			<report>
				<misses>491100000</misses>
				<total>0</total>
				<timestamp>3458.582538</timestamp>
			</report>
			<report>
				<misses>491200000</misses>
				<total>0</total>
				<timestamp>3459.301882</timestamp>
			</report>
			<report>
				<misses>491300000</misses>
				<total>0</total>
				<timestamp>3460.017533</timestamp>
			</report>
			<report>
				<misses>491400000</misses>
				<total>0</total>
				<timestamp>3460.724544</timestamp>
			</report>
			<report>
				<misses>491500000</misses>
				<total>0</total>
				<timestamp>3461.441531</timestamp>
			</report>
			<report>
				<misses>491600000</misses>
				<total>0</total>
				<timestamp>3462.140158</timestamp>
			</report>
			<report>
				<misses>491700000</misses>
				<total>0</total>
				<timestamp>3462.853987</timestamp>
			</report>
			<report>
				<misses>491800000</misses>
				<total>0</total>
				<timestamp>3463.561104</timestamp>
			</report>
			<report>
				<misses>491900000</misses>
				<total>0</total>
				<timestamp>3464.282526</timestamp>
			</report>
			<report>
				<misses>492000000</misses>
				<total>0</total>
				<timestamp>3464.983913</timestamp>
			</report>
			<report>
				<misses>492100000</misses>
				<total>0</total>
				<timestamp>3465.698449</timestamp>
			</report>
			<report>
				<misses>492200000</misses>
				<total>0</total>
				<timestamp>3466.384465</timestamp>
			</report>
			<report>
				<misses>492300000</misses>
				<total>0</total>
				<timestamp>3467.079810</timestamp>
			</report>
			<report>
				<misses>492400000</misses>
				<total>0</total>
				<timestamp>3467.779233</timestamp>
			</report>
			<report>
				<misses>492500000</misses>
				<total>0</total>
				<timestamp>3468.450203</timestamp>
			</report>
			<report>
				<misses>492600000</misses>
				<total>0</total>
				<timestamp>3469.139870</timestamp>
			</report>
			<report>
				<misses>492700000</misses>
				<total>0</total>
				<timestamp>3469.837587</timestamp>
			</report>
			<report>
				<misses>492800000</misses>
				<total>0</total>
				<timestamp>3470.519912</timestamp>
			</report>
			<report>
				<misses>492900000</misses>
				<total>0</total>
				<timestamp>3471.198717</timestamp>
			</report>
			<report>
				<misses>493000000</misses>
				<total>0</total>
				<timestamp>3471.882785</timestamp>
			</report>
			<report>
				<misses>493100000</misses>
				<total>0</total>
				<timestamp>3472.579919</timestamp>
			</report>
			<report>
				<misses>493200000</misses>
				<total>0</total>
				<timestamp>3473.313923</timestamp>
			</report>
			<report>
				<misses>493300000</misses>
				<total>0</total>
				<timestamp>3474.002765</timestamp>
			</report>
			<report>
				<misses>493400000</misses>
				<total>0</total>
				<timestamp>3474.730403</timestamp>
			</report>
			<report>
				<misses>493500000</misses>
				<total>0</total>
				<timestamp>3475.459784</timestamp>
			</report>
			<report>
				<misses>493600000</misses>
				<total>0</total>
				<timestamp>3476.152832</timestamp>
			</report>
			<report>
				<misses>493700000</misses>
				<total>0</total>
				<timestamp>3476.857005</timestamp>
			</report>
			<report>
				<misses>493800000</misses>
				<total>0</total>
				<timestamp>3477.573824</timestamp>
			</report>
			<report>
				<misses>493900000</misses>
				<total>0</total>
				<timestamp>3478.290949</timestamp>
			</report>
			<report>
				<misses>494000000</misses>
				<total>0</total>
				<timestamp>3479.008522</timestamp>
			</report>
			<report>
				<misses>494100000</misses>
				<total>0</total>
				<timestamp>3479.709762</timestamp>
			</report>
			<report>
				<misses>494200000</misses>
				<total>0</total>
				<timestamp>3480.440876</timestamp>
			</report>
			<report>
				<misses>494300000</misses>
				<total>0</total>
				<timestamp>3481.171129</timestamp>
			</report>
			<report>
				<misses>494400000</misses>
				<total>0</total>
				<timestamp>3481.863684</timestamp>
			</report>
			<report>
				<misses>494500000</misses>
				<total>0</total>
				<timestamp>3482.555631</timestamp>
			</report>
			<report>
				<misses>494600000</misses>
				<total>0</total>
				<timestamp>3483.248144</timestamp>
			</report>
			<report>
				<misses>494700000</misses>
				<total>0</total>
				<timestamp>3483.934776</timestamp>
			</report>
			<report>
				<misses>494800000</misses>
				<total>0</total>
				<timestamp>3484.636721</timestamp>
			</report>
			<report>
				<misses>494900000</misses>
				<total>0</total>
				<timestamp>3485.333084</timestamp>
			</report>
			<report>
				<misses>495000000</misses>
				<total>0</total>
				<timestamp>3486.011725</timestamp>
			</report>
			<report>
				<misses>495100000</misses>
				<total>0</total>
				<timestamp>3486.677684</timestamp>
			</report>
			<report>
				<misses>495200000</misses>
				<total>0</total>
				<timestamp>3487.366213</timestamp>
			</report>
			<report>
				<misses>495300000</misses>
				<total>0</total>
				<timestamp>3488.045554</timestamp>
			</report>
			<report>
				<misses>495400000</misses>
				<total>0</total>
				<timestamp>3488.739265</timestamp>
			</report>
			<report>
				<misses>495500000</misses>
				<total>0</total>
				<timestamp>3489.459598</timestamp>
			</report>
			<report>
				<misses>495600000</misses>
				<total>0</total>
				<timestamp>3490.187240</timestamp>
			</report>
			<report>
				<misses>495700000</misses>
				<total>0</total>
				<timestamp>3490.887815</timestamp>
			</report>
			<report>
				<misses>495800000</misses>
				<total>0</total>
				<timestamp>3491.608574</timestamp>
			</report>
			<report>
				<misses>495900000</misses>
				<total>0</total>
				<timestamp>3492.332562</timestamp>
			</report>
			<report>
				<misses>496000000</misses>
				<total>0</total>
				<timestamp>3493.085832</timestamp>
			</report>
			<report>
				<misses>496100000</misses>
				<total>0</total>
				<timestamp>3493.794772</timestamp>
			</report>
			<report>
				<misses>496200000</misses>
				<total>0</total>
				<timestamp>3494.547124</timestamp>
			</report>
			<report>
				<misses>496300000</misses>
				<total>0</total>
				<timestamp>3495.253445</timestamp>
			</report>
			<report>
				<misses>496400000</misses>
				<total>0</total>
				<timestamp>3495.972506</timestamp>
			</report>
			<report>
				<misses>496500000</misses>
				<total>0</total>
				<timestamp>3496.699264</timestamp>
			</report>
			<report>
				<misses>496600000</misses>
				<total>0</total>
				<timestamp>3497.415198</timestamp>
			</report>
			<report>
				<misses>496700000</misses>
				<total>0</total>
				<timestamp>3498.135521</timestamp>
			</report>
			<report>
				<misses>496800000</misses>
				<total>0</total>
				<timestamp>3498.870330</timestamp>
			</report>
			<report>
				<misses>496900000</misses>
				<total>0</total>
				<timestamp>3499.565033</timestamp>
			</report>
			<report>
				<misses>497000000</misses>
				<total>0</total>
				<timestamp>3500.290236</timestamp>
			</report>
			<report>
				<misses>497100000</misses>
				<total>0</total>
				<timestamp>3501.020937</timestamp>
			</report>
			<report>
				<misses>497200000</misses>
				<total>0</total>
				<timestamp>3501.715792</timestamp>
			</report>
			<report>
				<misses>497300000</misses>
				<total>0</total>
				<timestamp>3502.406498</timestamp>
			</report>
			<report>
				<misses>497400000</misses>
				<total>0</total>
				<timestamp>3503.092370</timestamp>
			</report>
			<report>
				<misses>497500000</misses>
				<total>0</total>
				<timestamp>3503.776257</timestamp>
			</report>
			<report>
				<misses>497600000</misses>
				<total>0</total>
				<timestamp>3504.462968</timestamp>
			</report>
			<report>
				<misses>497700000</misses>
				<total>0</total>
				<timestamp>3505.146154</timestamp>
			</report>
			<report>
				<misses>497800000</misses>
				<total>0</total>
				<timestamp>3505.838870</timestamp>
			</report>
			<report>
				<misses>497900000</misses>
				<total>0</total>
				<timestamp>3506.521041</timestamp>
			</report>
			<report>
				<misses>498000000</misses>
				<total>0</total>
				<timestamp>3507.191684</timestamp>
			</report>
			<report>
				<misses>498100000</misses>
				<total>0</total>
				<timestamp>3507.873520</timestamp>
			</report>
			<report>
				<misses>498200000</misses>
				<total>0</total>
				<timestamp>3508.582175</timestamp>
			</report>
			<report>
				<misses>498300000</misses>
				<total>0</total>
				<timestamp>3509.295908</timestamp>
			</report>
			<report>
				<misses>498400000</misses>
				<total>0</total>
				<timestamp>3510.018187</timestamp>
			</report>
			<report>
				<misses>498500000</misses>
				<total>0</total>
				<timestamp>3510.721967</timestamp>
			</report>
			<report>
				<misses>498600000</misses>
				<total>0</total>
				<timestamp>3511.456916</timestamp>
			</report>
			<report>
				<misses>498700000</misses>
				<total>0</total>
				<timestamp>3512.157605</timestamp>
			</report>
			<report>
				<misses>498800000</misses>
				<total>0</total>
				<timestamp>3512.879308</timestamp>
			</report>
			<report>
				<misses>498900000</misses>
				<total>0</total>
				<timestamp>3513.572793</timestamp>
			</report>
			<report>
				<misses>499000000</misses>
				<total>0</total>
				<timestamp>3514.266824</timestamp>
			</report>
			<report>
				<misses>499100000</misses>
				<total>0</total>
				<timestamp>3514.971044</timestamp>
			</report>
			<report>
				<misses>499200000</misses>
				<total>0</total>
				<timestamp>3515.691896</timestamp>
			</report>
			<report>
				<misses>499300000</misses>
				<total>0</total>
				<timestamp>3516.425872</timestamp>
			</report>
			<report>
				<misses>499400000</misses>
				<total>0</total>
				<timestamp>3517.134329</timestamp>
			</report>
			<report>
				<misses>499500000</misses>
				<total>0</total>
				<timestamp>3517.832738</timestamp>
			</report>
			<report>
				<misses>499600000</misses>
				<total>0</total>
				<timestamp>3518.516527</timestamp>
			</report>
			<report>
				<misses>499700000</misses>
				<total>0</total>
				<timestamp>3519.183794</timestamp>
			</report>
			<report>
				<misses>499800000</misses>
				<total>0</total>
				<timestamp>3519.885360</timestamp>
			</report>
			<report>
				<misses>499900000</misses>
				<total>0</total>
				<timestamp>3520.602946</timestamp>
			</report>
			<report>
				<misses>500000000</misses>
				<total>0</total>
				<timestamp>3521.284475</timestamp>
			</report>
			<report>
				<misses>500100000</misses>
				<total>0</total>
				<timestamp>3521.975848</timestamp>
			</report>
			<report>
				<misses>500200000</misses>
				<total>0</total>
				<timestamp>3522.667327</timestamp>
			</report>
			<report>
				<misses>500300000</misses>
				<total>0</total>
				<timestamp>3523.349583</timestamp>
			</report>
			<report>
				<misses>500400000</misses>
				<total>0</total>
				<timestamp>3524.027744</timestamp>
			</report>
			<report>
				<misses>500500000</misses>
				<total>0</total>
				<timestamp>3524.712634</timestamp>
			</report>
			<report>
				<misses>500600000</misses>
				<total>0</total>
				<timestamp>3525.424916</timestamp>
			</report>
			<report>
				<misses>500700000</misses>
				<total>0</total>
				<timestamp>3526.121506</timestamp>
			</report>
			<report>
				<misses>500800000</misses>
				<total>0</total>
				<timestamp>3526.859347</timestamp>
			</report>
			<report>
				<misses>500900000</misses>
				<total>0</total>
				<timestamp>3527.568051</timestamp>
			</report>
			<report>
				<misses>501000000</misses>
				<total>0</total>
				<timestamp>3528.263751</timestamp>
			</report>
			<report>
				<misses>501100000</misses>
				<total>0</total>
				<timestamp>3528.971488</timestamp>
			</report>
			<report>
				<misses>501200000</misses>
				<total>0</total>
				<timestamp>3529.678493</timestamp>
			</report>
			<report>
				<misses>501300000</misses>
				<total>0</total>
				<timestamp>3530.377277</timestamp>
			</report>
			<report>
				<misses>501400000</misses>
				<total>0</total>
				<timestamp>3531.072108</timestamp>
			</report>
			<report>
				<misses>501500000</misses>
				<total>0</total>
				<timestamp>3531.764495</timestamp>
			</report>
			<report>
				<misses>501600000</misses>
				<total>0</total>
				<timestamp>3532.468906</timestamp>
			</report>
			<report>
				<misses>501700000</misses>
				<total>0</total>
				<timestamp>3533.183309</timestamp>
			</report>
			<report>
				<misses>501800000</misses>
				<total>0</total>
				<timestamp>3533.878308</timestamp>
			</report>
			<report>
				<misses>501900000</misses>
				<total>0</total>
				<timestamp>3534.565900</timestamp>
			</report>
			<report>
				<misses>502000000</misses>
				<total>0</total>
				<timestamp>3535.247458</timestamp>
			</report>
			<report>
				<misses>502100000</misses>
				<total>0</total>
				<timestamp>3535.935547</timestamp>
			</report>
			<report>
				<misses>502200000</misses>
				<total>0</total>
				<timestamp>3536.616078</timestamp>
			</report>
			<report>
				<misses>502300000</misses>
				<total>0</total>
				<timestamp>3537.299214</timestamp>
			</report>
			<report>
				<misses>502400000</misses>
				<total>0</total>
				<timestamp>3537.997260</timestamp>
			</report>
			<report>
				<misses>502500000</misses>
				<total>0</total>
				<timestamp>3538.687294</timestamp>
			</report>
			<report>
				<misses>502600000</misses>
				<total>0</total>
				<timestamp>3539.381903</timestamp>
			</report>
			<report>
				<misses>502700000</misses>
				<total>0</total>
				<timestamp>3540.080284</timestamp>
			</report>
			<report>
				<misses>502800000</misses>
				<total>0</total>
				<timestamp>3540.781254</timestamp>
			</report>
			<report>
				<misses>502900000</misses>
				<total>0</total>
				<timestamp>3541.483942</timestamp>
			</report>
			<report>
				<misses>503000000</misses>
				<total>0</total>
				<timestamp>3542.184013</timestamp>
			</report>
			<report>
				<misses>503100000</misses>
				<total>0</total>
				<timestamp>3542.897576</timestamp>
			</report>
			<report>
				<misses>503200000</misses>
				<total>0</total>
				<timestamp>3543.585194</timestamp>
			</report>
			<report>
				<misses>503300000</misses>
				<total>0</total>
				<timestamp>3544.276301</timestamp>
			</report>
			<report>
				<misses>503400000</misses>
				<total>0</total>
				<timestamp>3544.970074</timestamp>
			</report>
			<report>
				<misses>503500000</misses>
				<total>0</total>
				<timestamp>3545.681341</timestamp>
			</report>
			<report>
				<misses>503600000</misses>
				<total>0</total>
				<timestamp>3546.407924</timestamp>
			</report>
			<report>
				<misses>503700000</misses>
				<total>0</total>
				<timestamp>3547.099892</timestamp>
			</report>
			<report>
				<misses>503800000</misses>
				<total>0</total>
				<timestamp>3547.806431</timestamp>
			</report>
			<report>
				<misses>503900000</misses>
				<total>0</total>
				<timestamp>3548.501713</timestamp>
			</report>
			<report>
				<misses>504000000</misses>
				<total>0</total>
				<timestamp>3549.199447</timestamp>
			</report>
			<report>
				<misses>504100000</misses>
				<total>0</total>
				<timestamp>3549.923875</timestamp>
			</report>
			<report>
				<misses>504200000</misses>
				<total>0</total>
				<timestamp>3550.630807</timestamp>
			</report>
			<report>
				<misses>504300000</misses>
				<total>0</total>
				<timestamp>3551.338592</timestamp>
			</report>
			<report>
				<misses>504400000</misses>
				<total>0</total>
				<timestamp>3552.042581</timestamp>
			</report>
			<report>
				<misses>504500000</misses>
				<total>0</total>
				<timestamp>3552.729363</timestamp>
			</report>
			<report>
				<misses>504600000</misses>
				<total>0</total>
				<timestamp>3553.417720</timestamp>
			</report>
			<report>
				<misses>504700000</misses>
				<total>0</total>
				<timestamp>3554.105370</timestamp>
			</report>
			<report>
				<misses>504800000</misses>
				<total>0</total>
				<timestamp>3554.792171</timestamp>
			</report>
			<report>
				<misses>504900000</misses>
				<total>0</total>
				<timestamp>3555.478741</timestamp>
			</report>
			<report>
				<misses>505000000</misses>
				<total>0</total>
				<timestamp>3556.171861</timestamp>
			</report>
			<report>
				<misses>505100000</misses>
				<total>0</total>
				<timestamp>3556.862255</timestamp>
			</report>
			<report>
				<misses>505200000</misses>
				<total>0</total>
				<timestamp>3557.562893</timestamp>
			</report>
			<report>
				<misses>505300000</misses>
				<total>0</total>
				<timestamp>3558.274473</timestamp>
			</report>
			<report>
				<misses>505400000</misses>
				<total>0</total>
				<timestamp>3558.988539</timestamp>
			</report>
			<report>
				<misses>505500000</misses>
				<total>0</total>
				<timestamp>3559.697798</timestamp>
			</report>
			<report>
				<misses>505600000</misses>
				<total>0</total>
				<timestamp>3560.413433</timestamp>
			</report>
			<report>
				<misses>505700000</misses>
				<total>0</total>
				<timestamp>3561.117672</timestamp>
			</report>
			<report>
				<misses>505800000</misses>
				<total>0</total>
				<timestamp>3561.821384</timestamp>
			</report>
			<report>
				<misses>505900000</misses>
				<total>0</total>
				<timestamp>3562.530357</timestamp>
			</report>
			<report>
				<misses>506000000</misses>
				<total>0</total>
				<timestamp>3563.259813</timestamp>
			</report>
			<report>
				<misses>506100000</misses>
				<total>0</total>
				<timestamp>3563.959888</timestamp>
			</report>
			<report>
				<misses>506200000</misses>
				<total>0</total>
				<timestamp>3564.685603</timestamp>
			</report>
			<report>
				<misses>506300000</misses>
				<total>0</total>
				<timestamp>3565.389737</timestamp>
			</report>
			<report>
				<misses>506400000</misses>
				<total>0</total>
				<timestamp>3566.142572</timestamp>
			</report>
			<report>
				<misses>506500000</misses>
				<total>0</total>
				<timestamp>3566.910905</timestamp>
			</report>
			<report>
				<misses>506600000</misses>
				<total>0</total>
				<timestamp>3567.653272</timestamp>
			</report>
			<report>
				<misses>506700000</misses>
				<total>0</total>
				<timestamp>3568.387357</timestamp>
			</report>
			<report>
				<misses>506800000</misses>
				<total>0</total>
				<timestamp>3569.128502</timestamp>
			</report>
			<report>
				<misses>506900000</misses>
				<total>0</total>
				<timestamp>3569.833794</timestamp>
			</report>
			<report>
				<misses>507000000</misses>
				<total>0</total>
				<timestamp>3570.540376</timestamp>
			</report>
			<report>
				<misses>507100000</misses>
				<total>0</total>
				<timestamp>3571.238995</timestamp>
			</report>
			<report>
				<misses>507200000</misses>
				<total>0</total>
				<timestamp>3571.979256</timestamp>
			</report>
			<report>
				<misses>507300000</misses>
				<total>0</total>
				<timestamp>3572.697556</timestamp>
			</report>
			<report>
				<misses>507400000</misses>
				<total>0</total>
				<timestamp>3573.382582</timestamp>
			</report>
			<report>
				<misses>507500000</misses>
				<total>0</total>
				<timestamp>3574.072206</timestamp>
			</report>
			<report>
				<misses>507600000</misses>
				<total>0</total>
				<timestamp>3574.764261</timestamp>
			</report>
			<report>
				<misses>507700000</misses>
				<total>0</total>
				<timestamp>3575.447081</timestamp>
			</report>
			<report>
				<misses>507800000</misses>
				<total>0</total>
				<timestamp>3576.137808</timestamp>
			</report>
			<report>
				<misses>507900000</misses>
				<total>0</total>
				<timestamp>3576.822531</timestamp>
			</report>
			<report>
				<misses>508000000</misses>
				<total>0</total>
				<timestamp>3577.507056</timestamp>
			</report>
			<report>
				<misses>508100000</misses>
				<total>0</total>
				<timestamp>3578.189613</timestamp>
			</report>
			<report>
				<misses>508200000</misses>
				<total>0</total>
				<timestamp>3578.880428</timestamp>
			</report>
			<report>
				<misses>508300000</misses>
				<total>0</total>
				<timestamp>3579.578627</timestamp>
			</report>
			<report>
				<misses>508400000</misses>
				<total>0</total>
				<timestamp>3580.264987</timestamp>
			</report>
			<report>
				<misses>508500000</misses>
				<total>0</total>
				<timestamp>3580.961764</timestamp>
			</report>
			<report>
				<misses>508600000</misses>
				<total>0</total>
				<timestamp>3581.673993</timestamp>
			</report>
			<report>
				<misses>508700000</misses>
				<total>0</total>
				<timestamp>3582.414503</timestamp>
			</report>
			<report>
				<misses>508800000</misses>
				<total>0</total>
				<timestamp>3583.105384</timestamp>
			</report>
			<report>
				<misses>508900000</misses>
				<total>0</total>
				<timestamp>3583.799928</timestamp>
			</report>
			<report>
				<misses>509000000</misses>
				<total>0</total>
				<timestamp>3584.555088</timestamp>
			</report>
			<report>
				<misses>509100000</misses>
				<total>0</total>
				<timestamp>3585.244347</timestamp>
			</report>
			<report>
				<misses>509200000</misses>
				<total>0</total>
				<timestamp>3585.954722</timestamp>
			</report>
			<report>
				<misses>509300000</misses>
				<total>0</total>
				<timestamp>3586.697039</timestamp>
			</report>
			<report>
				<misses>509400000</misses>
				<total>0</total>
				<timestamp>3587.410445</timestamp>
			</report>
			<report>
				<misses>509500000</misses>
				<total>0</total>
				<timestamp>3588.140850</timestamp>
			</report>
			<report>
				<misses>509600000</misses>
				<total>0</total>
				<timestamp>3588.858969</timestamp>
			</report>
			<report>
				<misses>509700000</misses>
				<total>0</total>
				<timestamp>3589.571698</timestamp>
			</report>
			<report>
				<misses>509800000</misses>
				<total>0</total>
				<timestamp>3590.261881</timestamp>
			</report>
			<report>
				<misses>509900000</misses>
				<total>0</total>
				<timestamp>3590.959823</timestamp>
			</report>
			<report>
				<misses>510000000</misses>
				<total>0</total>
				<timestamp>3591.659663</timestamp>
			</report>
			<report>
				<misses>510100000</misses>
				<total>0</total>
				<timestamp>3592.330102</timestamp>
			</report>
			<report>
				<misses>510200000</misses>
				<total>0</total>
				<timestamp>3593.026673</timestamp>
			</report>
			<report>
				<misses>510300000</misses>
				<total>0</total>
				<timestamp>3593.707588</timestamp>
			</report>
			<report>
				<misses>510400000</misses>
				<total>0</total>
				<timestamp>3594.399714</timestamp>
			</report>
			<report>
				<misses>510500000</misses>
				<total>0</total>
				<timestamp>3595.092973</timestamp>
			</report>
			<report>
				<misses>510600000</misses>
				<total>0</total>
				<timestamp>3595.781752</timestamp>
			</report>
			<report>
				<misses>510700000</misses>
				<total>0</total>
				<timestamp>3596.477653</timestamp>
			</report>
			<report>
				<misses>510800000</misses>
				<total>0</total>
				<timestamp>3597.210098</timestamp>
			</report>
			<report>
				<misses>510900000</misses>
				<total>0</total>
				<timestamp>3597.904908</timestamp>
			</report>
			<report>
				<misses>511000000</misses>
				<total>0</total>
				<timestamp>3598.636762</timestamp>
			</report>
			<report>
				<misses>511100000</misses>
				<total>0</total>
				<timestamp>3599.329273</timestamp>
			</report>
			<report>
				<misses>511200000</misses>
				<total>0</total>
				<timestamp>3600.042761</timestamp>
			</report>
			<report>
				<misses>511300000</misses>
				<total>0</total>
				<timestamp>3600.751257</timestamp>
			</report>
			<report>
				<misses>511400000</misses>
				<total>0</total>
				<timestamp>3601.455223</timestamp>
			</report>
			<report>
				<misses>511500000</misses>
				<total>0</total>
				<timestamp>3602.159606</timestamp>
			</report>
			<report>
				<misses>511600000</misses>
				<total>0</total>
				<timestamp>3602.866877</timestamp>
			</report>
			<report>
				<misses>511700000</misses>
				<total>0</total>
				<timestamp>3603.570942</timestamp>
			</report>
			<report>
				<misses>511800000</misses>
				<total>0</total>
				<timestamp>3604.288260</timestamp>
			</report>
			<report>
				<misses>511900000</misses>
				<total>0</total>
				<timestamp>3604.998338</timestamp>
			</report>
			<report>
				<misses>512000000</misses>
				<total>0</total>
				<timestamp>3605.715994</timestamp>
			</report>
			<report>
				<misses>512100000</misses>
				<total>0</total>
				<timestamp>3606.423837</timestamp>
			</report>
			<report>
				<misses>512200000</misses>
				<total>0</total>
				<timestamp>3607.105457</timestamp>
			</report>
			<report>
				<misses>512300000</misses>
				<total>0</total>
				<timestamp>3607.790006</timestamp>
			</report>
			<report>
				<misses>512400000</misses>
				<total>0</total>
				<timestamp>3608.491833</timestamp>
			</report>
			<report>
				<misses>512500000</misses>
				<total>0</total>
				<timestamp>3609.182166</timestamp>
			</report>
			<report>
				<misses>512600000</misses>
				<total>0</total>
				<timestamp>3609.867333</timestamp>
			</report>
			<report>
				<misses>512700000</misses>
				<total>0</total>
				<timestamp>3610.552633</timestamp>
			</report>
			<report>
				<misses>512800000</misses>
				<total>0</total>
				<timestamp>3611.223735</timestamp>
			</report>
			<report>
				<misses>512900000</misses>
				<total>0</total>
				<timestamp>3611.896840</timestamp>
			</report>
			<report>
				<misses>513000000</misses>
				<total>0</total>
				<timestamp>3612.595094</timestamp>
			</report>
			<report>
				<misses>513100000</misses>
				<total>0</total>
				<timestamp>3613.325105</timestamp>
			</report>
			<report>
				<misses>513200000</misses>
				<total>0</total>
				<timestamp>3614.055160</timestamp>
			</report>
			<report>
				<misses>513300000</misses>
				<total>0</total>
				<timestamp>3614.758099</timestamp>
			</report>
			<report>
				<misses>513400000</misses>
				<total>0</total>
				<timestamp>3615.480667</timestamp>
			</report>
			<report>
				<misses>513500000</misses>
				<total>0</total>
				<timestamp>3616.185598</timestamp>
			</report>
			<report>
				<misses>513600000</misses>
				<total>0</total>
				<timestamp>3616.900959</timestamp>
			</report>
			<report>
				<misses>513700000</misses>
				<total>0</total>
				<timestamp>3617.623533</timestamp>
			</report>
			<report>
				<misses>513800000</misses>
				<total>0</total>
				<timestamp>3618.313023</timestamp>
			</report>
			<report>
				<misses>513900000</misses>
				<total>0</total>
				<timestamp>3619.007550</timestamp>
			</report>
			<report>
				<misses>514000000</misses>
				<total>0</total>
				<timestamp>3619.702653</timestamp>
			</report>
			<report>
				<misses>514100000</misses>
				<total>0</total>
				<timestamp>3620.419631</timestamp>
			</report>
			<report>
				<misses>514200000</misses>
				<total>0</total>
				<timestamp>3621.135544</timestamp>
			</report>
			<report>
				<misses>514300000</misses>
				<total>0</total>
				<timestamp>3621.845019</timestamp>
			</report>
			<report>
				<misses>514400000</misses>
				<total>0</total>
				<timestamp>3622.556831</timestamp>
			</report>
			<report>
				<misses>514500000</misses>
				<total>0</total>
				<timestamp>3623.238935</timestamp>
			</report>
			<report>
				<misses>514600000</misses>
				<total>0</total>
				<timestamp>3623.929099</timestamp>
			</report>
			<report>
				<misses>514700000</misses>
				<total>0</total>
				<timestamp>3624.614501</timestamp>
			</report>
			<report>
				<misses>514800000</misses>
				<total>0</total>
				<timestamp>3625.298746</timestamp>
			</report>
			<report>
				<misses>514900000</misses>
				<total>0</total>
				<timestamp>3625.979765</timestamp>
			</report>
			<report>
				<misses>515000000</misses>
				<total>0</total>
				<timestamp>3626.664708</timestamp>
			</report>
			<report>
				<misses>515100000</misses>
				<total>0</total>
				<timestamp>3627.362029</timestamp>
			</report>
			<report>
				<misses>515200000</misses>
				<total>0</total>
				<timestamp>3628.056753</timestamp>
			</report>
			<report>
				<misses>515300000</misses>
				<total>0</total>
				<timestamp>3628.729759</timestamp>
			</report>
			<report>
				<misses>515400000</misses>
				<total>0</total>
				<timestamp>3629.421904</timestamp>
			</report>
			<report>
				<misses>515500000</misses>
				<total>0</total>
				<timestamp>3630.107091</timestamp>
			</report>
			<report>
				<misses>515600000</misses>
				<total>0</total>
				<timestamp>3630.830877</timestamp>
			</report>
			<report>
				<misses>515700000</misses>
				<total>0</total>
				<timestamp>3631.529177</timestamp>
			</report>
			<report>
				<misses>515800000</misses>
				<total>0</total>
				<timestamp>3632.221780</timestamp>
			</report>
			<report>
				<misses>515900000</misses>
				<total>0</total>
				<timestamp>3632.940135</timestamp>
			</report>
			<report>
				<misses>516000000</misses>
				<total>0</total>
				<timestamp>3633.683915</timestamp>
			</report>
			<report>
				<misses>516100000</misses>
				<total>0</total>
				<timestamp>3634.405786</timestamp>
			</report>
			<report>
				<misses>516200000</misses>
				<total>0</total>
				<timestamp>3635.137351</timestamp>
			</report>
			<report>
				<misses>516300000</misses>
				<total>0</total>
				<timestamp>3635.865088</timestamp>
			</report>
			<report>
				<misses>516400000</misses>
				<total>0</total>
				<timestamp>3636.588712</timestamp>
			</report>
			<report>
				<misses>516500000</misses>
				<total>0</total>
				<timestamp>3637.316330</timestamp>
			</report>
			<report>
				<misses>516600000</misses>
				<total>0</total>
				<timestamp>3638.070659</timestamp>
			</report>
			<report>
				<misses>516700000</misses>
				<total>0</total>
				<timestamp>3638.791696</timestamp>
			</report>
			<report>
				<misses>516800000</misses>
				<total>0</total>
				<timestamp>3639.525350</timestamp>
			</report>
			<report>
				<misses>516900000</misses>
				<total>0</total>
				<timestamp>3640.280295</timestamp>
			</report>
			<report>
				<misses>517000000</misses>
				<total>0</total>
				<timestamp>3641.017483</timestamp>
			</report>
			<report>
				<misses>517100000</misses>
				<total>0</total>
				<timestamp>3641.749708</timestamp>
			</report>
			<report>
				<misses>517200000</misses>
				<total>0</total>
				<timestamp>3642.476312</timestamp>
			</report>
			<report>
				<misses>517300000</misses>
				<total>0</total>
				<timestamp>3643.199558</timestamp>
			</report>
			<report>
				<misses>517400000</misses>
				<total>0</total>
				<timestamp>3643.893051</timestamp>
			</report>
			<report>
				<misses>517500000</misses>
				<total>0</total>
				<timestamp>3644.584441</timestamp>
			</report>
			<report>
				<misses>517600000</misses>
				<total>0</total>
				<timestamp>3645.271810</timestamp>
			</report>
			<report>
				<misses>517700000</misses>
				<total>0</total>
				<timestamp>3645.955149</timestamp>
			</report>
			<report>
				<misses>517800000</misses>
				<total>0</total>
				<timestamp>3646.648652</timestamp>
			</report>
			<report>
				<misses>517900000</misses>
				<total>0</total>
				<timestamp>3647.331056</timestamp>
			</report>
			<report>
				<misses>518000000</misses>
				<total>0</total>
				<timestamp>3648.002930</timestamp>
			</report>
			<report>
				<misses>518100000</misses>
				<total>0</total>
				<timestamp>3648.693139</timestamp>
			</report>
			<report>
				<misses>518200000</misses>
				<total>0</total>
				<timestamp>3649.384270</timestamp>
			</report>
			<report>
				<misses>518300000</misses>
				<total>0</total>
				<timestamp>3650.067717</timestamp>
			</report>
			<report>
				<misses>518400000</misses>
				<total>0</total>
				<timestamp>3650.761430</timestamp>
			</report>
			<report>
				<misses>518500000</misses>
				<total>0</total>
				<timestamp>3651.484768</timestamp>
			</report>
			<report>
				<misses>518600000</misses>
				<total>0</total>
				<timestamp>3652.194165</timestamp>
			</report>
			<report>
				<misses>518700000</misses>
				<total>0</total>
				<timestamp>3652.903984</timestamp>
			</report>
			<report>
				<misses>518800000</misses>
				<total>0</total>
				<timestamp>3653.618987</timestamp>
			</report>
			<report>
				<misses>518900000</misses>
				<total>0</total>
				<timestamp>3654.322385</timestamp>
			</report>
			<report>
				<misses>519000000</misses>
				<total>0</total>
				<timestamp>3655.038177</timestamp>
			</report>
			<report>
				<misses>519100000</misses>
				<total>0</total>
				<timestamp>3655.752022</timestamp>
			</report>
			<report>
				<misses>519200000</misses>
				<total>0</total>
				<timestamp>3656.491388</timestamp>
			</report>
			<report>
				<misses>519300000</misses>
				<total>0</total>
				<timestamp>3657.214405</timestamp>
			</report>
			<report>
				<misses>519400000</misses>
				<total>0</total>
				<timestamp>3657.921712</timestamp>
			</report>
			<report>
				<misses>519500000</misses>
				<total>0</total>
				<timestamp>3658.628167</timestamp>
			</report>
			<report>
				<misses>519600000</misses>
				<total>0</total>
				<timestamp>3659.344600</timestamp>
			</report>
			<report>
				<misses>519700000</misses>
				<total>0</total>
				<timestamp>3660.037424</timestamp>
			</report>
			<report>
				<misses>519800000</misses>
				<total>0</total>
				<timestamp>3660.748349</timestamp>
			</report>
			<report>
				<misses>519900000</misses>
				<total>0</total>
				<timestamp>3661.439293</timestamp>
			</report>
			<report>
				<misses>520000000</misses>
				<total>0</total>
				<timestamp>3662.134303</timestamp>
			</report>
			<report>
				<misses>520100000</misses>
				<total>0</total>
				<timestamp>3662.839276</timestamp>
			</report>
			<report>
				<misses>520200000</misses>
				<total>0</total>
				<timestamp>3663.559910</timestamp>
			</report>
			<report>
				<misses>520300000</misses>
				<total>0</total>
				<timestamp>3664.264297</timestamp>
			</report>
			<report>
				<misses>520400000</misses>
				<total>0</total>
				<timestamp>3664.952217</timestamp>
			</report>
			<report>
				<misses>520500000</misses>
				<total>0</total>
				<timestamp>3665.638987</timestamp>
			</report>
			<report>
				<misses>520600000</misses>
				<total>0</total>
				<timestamp>3666.338697</timestamp>
			</report>
			<report>
				<misses>520700000</misses>
				<total>0</total>
				<timestamp>3667.041408</timestamp>
			</report>
			<report>
				<misses>520800000</misses>
				<total>0</total>
				<timestamp>3667.731969</timestamp>
			</report>
			<report>
				<misses>520900000</misses>
				<total>0</total>
				<timestamp>3668.410800</timestamp>
			</report>
			<report>
				<misses>521000000</misses>
				<total>0</total>
				<timestamp>3669.099969</timestamp>
			</report>
			<report>
				<misses>521100000</misses>
				<total>0</total>
				<timestamp>3669.798048</timestamp>
			</report>
			<report>
				<misses>521200000</misses>
				<total>0</total>
				<timestamp>3670.492005</timestamp>
			</report>
			<report>
				<misses>521300000</misses>
				<total>0</total>
				<timestamp>3671.222041</timestamp>
			</report>
			<report>
				<misses>521400000</misses>
				<total>0</total>
				<timestamp>3671.933920</timestamp>
			</report>
			<report>
				<misses>521500000</misses>
				<total>0</total>
				<timestamp>3672.663133</timestamp>
			</report>
			<report>
				<misses>521600000</misses>
				<total>0</total>
				<timestamp>3673.361338</timestamp>
			</report>
			<report>
				<misses>521700000</misses>
				<total>0</total>
				<timestamp>3674.072695</timestamp>
			</report>
			<report>
				<misses>521800000</misses>
				<total>0</total>
				<timestamp>3674.789541</timestamp>
			</report>
			<report>
				<misses>521900000</misses>
				<total>0</total>
				<timestamp>3675.497784</timestamp>
			</report>
			<report>
				<misses>522000000</misses>
				<total>0</total>
				<timestamp>3676.189370</timestamp>
			</report>
			<report>
				<misses>522100000</misses>
				<total>0</total>
				<timestamp>3676.889958</timestamp>
			</report>
			<report>
				<misses>522200000</misses>
				<total>0</total>
				<timestamp>3677.592104</timestamp>
			</report>
			<report>
				<misses>522300000</misses>
				<total>0</total>
				<timestamp>3678.305870</timestamp>
			</report>
			<report>
				<misses>522400000</misses>
				<total>0</total>
				<timestamp>3679.007520</timestamp>
			</report>
			<report>
				<misses>522500000</misses>
				<total>0</total>
				<timestamp>3679.725484</timestamp>
			</report>
			<report>
				<misses>522600000</misses>
				<total>0</total>
				<timestamp>3680.407544</timestamp>
			</report>
			<report>
				<misses>522700000</misses>
				<total>0</total>
				<timestamp>3681.104813</timestamp>
			</report>
			<report>
				<misses>522800000</misses>
				<total>0</total>
				<timestamp>3681.805783</timestamp>
			</report>
			<report>
				<misses>522900000</misses>
				<total>0</total>
				<timestamp>3682.485163</timestamp>
			</report>
			<report>
				<misses>523000000</misses>
				<total>0</total>
				<timestamp>3683.184133</timestamp>
			</report>
			<report>
				<misses>523100000</misses>
				<total>0</total>
				<timestamp>3683.873567</timestamp>
			</report>
			<report>
				<misses>523200000</misses>
				<total>0</total>
				<timestamp>3684.561937</timestamp>
			</report>
			<report>
				<misses>523300000</misses>
				<total>0</total>
				<timestamp>3685.260434</timestamp>
			</report>
			<report>
				<misses>523400000</misses>
				<total>0</total>
				<timestamp>3685.948330</timestamp>
			</report>
			<report>
				<misses>523500000</misses>
				<total>0</total>
				<timestamp>3686.626873</timestamp>
			</report>
			<report>
				<misses>523600000</misses>
				<total>0</total>
				<timestamp>3687.321897</timestamp>
			</report>
			<report>
				<misses>523700000</misses>
				<total>0</total>
				<timestamp>3688.046891</timestamp>
			</report>
			<report>
				<misses>523800000</misses>
				<total>0</total>
				<timestamp>3688.800553</timestamp>
			</report>
			<report>
				<misses>523900000</misses>
				<total>0</total>
				<timestamp>3689.542942</timestamp>
			</report>
			<report>
				<misses>524000000</misses>
				<total>0</total>
				<timestamp>3690.268217</timestamp>
			</report>
			<report>
				<misses>524100000</misses>
				<total>0</total>
				<timestamp>3690.961586</timestamp>
			</report>
			<report>
				<misses>524200000</misses>
				<total>0</total>
				<timestamp>3691.684657</timestamp>
			</report>
			<report>
				<misses>524300000</misses>
				<total>0</total>
				<timestamp>3692.423373</timestamp>
			</report>
			<report>
				<misses>524400000</misses>
				<total>0</total>
				<timestamp>3693.125184</timestamp>
			</report>
			<report>
				<misses>524500000</misses>
				<total>0</total>
				<timestamp>3693.837986</timestamp>
			</report>
			<report>
				<misses>524600000</misses>
				<total>0</total>
				<timestamp>3694.571491</timestamp>
			</report>
			<report>
				<misses>524700000</misses>
				<total>0</total>
				<timestamp>3695.298779</timestamp>
			</report>
			<report>
				<misses>524800000</misses>
				<total>0</total>
				<timestamp>3696.027009</timestamp>
			</report>
			<report>
				<misses>524900000</misses>
				<total>0</total>
				<timestamp>3696.742530</timestamp>
			</report>
			<report>
				<misses>525000000</misses>
				<total>0</total>
				<timestamp>3697.452274</timestamp>
			</report>
			<report>
				<misses>525100000</misses>
				<total>0</total>
				<timestamp>3698.160557</timestamp>
			</report>
			<report>
				<misses>525200000</misses>
				<total>0</total>
				<timestamp>3698.868411</timestamp>
			</report>
			<report>
				<misses>525300000</misses>
				<total>0</total>
				<timestamp>3699.581279</timestamp>
			</report>
			<report>
				<misses>525400000</misses>
				<total>0</total>
				<timestamp>3700.260767</timestamp>
			</report>
			<report>
				<misses>525500000</misses>
				<total>0</total>
				<timestamp>3700.975893</timestamp>
			</report>
			<report>
				<misses>525600000</misses>
				<total>0</total>
				<timestamp>3701.669409</timestamp>
			</report>
			<report>
				<misses>525700000</misses>
				<total>0</total>
				<timestamp>3702.357664</timestamp>
			</report>
			<report>
				<misses>525800000</misses>
				<total>0</total>
				<timestamp>3703.051897</timestamp>
			</report>
			<report>
				<misses>525900000</misses>
				<total>0</total>
				<timestamp>3703.734100</timestamp>
			</report>
			<report>
				<misses>526000000</misses>
				<total>0</total>
				<timestamp>3704.424222</timestamp>
			</report>
			<report>
				<misses>526100000</misses>
				<total>0</total>
				<timestamp>3705.127038</timestamp>
			</report>
			<report>
				<misses>526200000</misses>
				<total>0</total>
				<timestamp>3705.812275</timestamp>
			</report>
			<report>
				<misses>526300000</misses>
				<total>0</total>
				<timestamp>3706.502436</timestamp>
			</report>
			<report>
				<misses>526400000</misses>
				<total>0</total>
				<timestamp>3707.187572</timestamp>
			</report>
			<report>
				<misses>526500000</misses>
				<total>0</total>
				<timestamp>3707.888595</timestamp>
			</report>
			<report>
				<misses>526600000</misses>
				<total>0</total>
				<timestamp>3708.620008</timestamp>
			</report>
			<report>
				<misses>526700000</misses>
				<total>0</total>
				<timestamp>3709.306507</timestamp>
			</report>
			<report>
				<misses>526800000</misses>
				<total>0</total>
				<timestamp>3710.019498</timestamp>
			</report>
			<report>
				<misses>526900000</misses>
				<total>0</total>
				<timestamp>3710.760180</timestamp>
			</report>
			<report>
				<misses>527000000</misses>
				<total>0</total>
				<timestamp>3711.463244</timestamp>
			</report>
			<report>
				<misses>527100000</misses>
				<total>0</total>
				<timestamp>3712.167840</timestamp>
			</report>
			<report>
				<misses>527200000</misses>
				<total>0</total>
				<timestamp>3712.880904</timestamp>
			</report>
			<report>
				<misses>527300000</misses>
				<total>0</total>
				<timestamp>3713.602153</timestamp>
			</report>
			<report>
				<misses>527400000</misses>
				<total>0</total>
				<timestamp>3714.308007</timestamp>
			</report>
			<report>
				<misses>527500000</misses>
				<total>0</total>
				<timestamp>3715.046929</timestamp>
			</report>
			<report>
				<misses>527600000</misses>
				<total>0</total>
				<timestamp>3715.729373</timestamp>
			</report>
			<report>
				<misses>527700000</misses>
				<total>0</total>
				<timestamp>3716.434037</timestamp>
			</report>
			<report>
				<misses>527800000</misses>
				<total>0</total>
				<timestamp>3717.136914</timestamp>
			</report>
			<report>
				<misses>527900000</misses>
				<total>0</total>
				<timestamp>3717.822635</timestamp>
			</report>
			<report>
				<misses>528000000</misses>
				<total>0</total>
				<timestamp>3718.506344</timestamp>
			</report>
			<report>
				<misses>528100000</misses>
				<total>0</total>
				<timestamp>3719.186243</timestamp>
			</report>
			<report>
				<misses>528200000</misses>
				<total>0</total>
				<timestamp>3719.865422</timestamp>
			</report>
			<report>
				<misses>528300000</misses>
				<total>0</total>
				<timestamp>3720.544010</timestamp>
			</report>
			<report>
				<misses>528400000</misses>
				<total>0</total>
				<timestamp>3721.217565</timestamp>
			</report>
			<report>
				<misses>528500000</misses>
				<total>0</total>
				<timestamp>3721.914473</timestamp>
			</report>
			<report>
				<misses>528600000</misses>
				<total>0</total>
				<timestamp>3722.596856</timestamp>
			</report>
			<report>
				<misses>528700000</misses>
				<total>0</total>
				<timestamp>3723.296574</timestamp>
			</report>
			<report>
				<misses>528800000</misses>
				<total>0</total>
				<timestamp>3724.020627</timestamp>
			</report>
			<report>
				<misses>528900000</misses>
				<total>0</total>
				<timestamp>3724.738029</timestamp>
			</report>
			<report>
				<misses>529000000</misses>
				<total>0</total>
				<timestamp>3725.463731</timestamp>
			</report>
			<report>
				<misses>529100000</misses>
				<total>0</total>
				<timestamp>3726.199292</timestamp>
			</report>
			<report>
				<misses>529200000</misses>
				<total>0</total>
				<timestamp>3726.931472</timestamp>
			</report>
			<report>
				<misses>529300000</misses>
				<total>0</total>
				<timestamp>3727.664091</timestamp>
			</report>
			<report>
				<misses>529400000</misses>
				<total>0</total>
				<timestamp>3728.407689</timestamp>
			</report>
			<report>
				<misses>529500000</misses>
				<total>0</total>
				<timestamp>3729.136013</timestamp>
			</report>
			<report>
				<misses>529600000</misses>
				<total>0</total>
				<timestamp>3729.833826</timestamp>
			</report>
			<report>
				<misses>529700000</misses>
				<total>0</total>
				<timestamp>3730.556432</timestamp>
			</report>
			<report>
				<misses>529800000</misses>
				<total>0</total>
				<timestamp>3731.253705</timestamp>
			</report>
			<report>
				<misses>529900000</misses>
				<total>0</total>
				<timestamp>3731.942421</timestamp>
			</report>
			<report>
				<misses>530000000</misses>
				<total>0</total>
				<timestamp>3732.664522</timestamp>
			</report>
			<report>
				<misses>530100000</misses>
				<total>0</total>
				<timestamp>3733.364265</timestamp>
			</report>
			<report>
				<misses>530200000</misses>
				<total>0</total>
				<timestamp>3734.055962</timestamp>
			</report>
			<report>
				<misses>530300000</misses>
				<total>0</total>
				<timestamp>3734.785389</timestamp>
			</report>
			<report>
				<misses>530400000</misses>
				<total>0</total>
				<timestamp>3735.493160</timestamp>
			</report>
			<report>
				<misses>530500000</misses>
				<total>0</total>
				<timestamp>3736.198474</timestamp>
			</report>
			<report>
				<misses>530600000</misses>
				<total>0</total>
				<timestamp>3736.927883</timestamp>
			</report>
			<report>
				<misses>530700000</misses>
				<total>0</total>
				<timestamp>3737.638137</timestamp>
			</report>
			<report>
				<misses>530800000</misses>
				<total>0</total>
				<timestamp>3738.313152</timestamp>
			</report>
			<report>
				<misses>530900000</misses>
				<total>0</total>
				<timestamp>3739.000303</timestamp>
			</report>
			<report>
				<misses>531000000</misses>
				<total>0</total>
				<timestamp>3739.679458</timestamp>
			</report>
			<report>
				<misses>531100000</misses>
				<total>0</total>
				<timestamp>3740.366201</timestamp>
			</report>
			<report>
				<misses>531200000</misses>
				<total>0</total>
				<timestamp>3741.070755</timestamp>
			</report>
			<report>
				<misses>531300000</misses>
				<total>0</total>
				<timestamp>3741.757765</timestamp>
			</report>
			<report>
				<misses>531400000</misses>
				<total>0</total>
				<timestamp>3742.449408</timestamp>
			</report>
			<report>
				<misses>531500000</misses>
				<total>0</total>
				<timestamp>3743.157403</timestamp>
			</report>
			<report>
				<misses>531600000</misses>
				<total>0</total>
				<timestamp>3743.838437</timestamp>
			</report>
			<report>
				<misses>531700000</misses>
				<total>0</total>
				<timestamp>3744.547036</timestamp>
			</report>
			<report>
				<misses>531800000</misses>
				<total>0</total>
				<timestamp>3745.264871</timestamp>
			</report>
			<report>
				<misses>531900000</misses>
				<total>0</total>
				<timestamp>3745.996935</timestamp>
			</report>
			<report>
				<misses>532000000</misses>
				<total>0</total>
				<timestamp>3746.719013</timestamp>
			</report>
			<report>
				<misses>532100000</misses>
				<total>0</total>
				<timestamp>3747.429225</timestamp>
			</report>
			<report>
				<misses>532200000</misses>
				<total>0</total>
				<timestamp>3748.130133</timestamp>
			</report>
			<report>
				<misses>532300000</misses>
				<total>0</total>
				<timestamp>3748.857715</timestamp>
			</report>
			<report>
				<misses>532400000</misses>
				<total>0</total>
				<timestamp>3749.579045</timestamp>
			</report>
			<report>
				<misses>532500000</misses>
				<total>0</total>
				<timestamp>3750.279315</timestamp>
			</report>
			<report>
				<misses>532600000</misses>
				<total>0</total>
				<timestamp>3750.981310</timestamp>
			</report>
			<report>
				<misses>532700000</misses>
				<total>0</total>
				<timestamp>3751.707036</timestamp>
			</report>
			<report>
				<misses>532800000</misses>
				<total>0</total>
				<timestamp>3752.422939</timestamp>
			</report>
			<report>
				<misses>532900000</misses>
				<total>0</total>
				<timestamp>3753.147175</timestamp>
			</report>
			<report>
				<misses>533000000</misses>
				<total>0</total>
				<timestamp>3753.853012</timestamp>
			</report>
			<report>
				<misses>533100000</misses>
				<total>0</total>
				<timestamp>3754.546742</timestamp>
			</report>
			<report>
				<misses>533200000</misses>
				<total>0</total>
				<timestamp>3755.238681</timestamp>
			</report>
			<report>
				<misses>533300000</misses>
				<total>0</total>
				<timestamp>3755.910415</timestamp>
			</report>
			<report>
				<misses>533400000</misses>
				<total>0</total>
				<timestamp>3756.590354</timestamp>
			</report>
			<report>
				<misses>533500000</misses>
				<total>0</total>
				<timestamp>3757.274953</timestamp>
			</report>
			<report>
				<misses>533600000</misses>
				<total>0</total>
				<timestamp>3757.956168</timestamp>
			</report>
			<report>
				<misses>533700000</misses>
				<total>0</total>
				<timestamp>3758.631672</timestamp>
			</report>
			<report>
				<misses>533800000</misses>
				<total>0</total>
				<timestamp>3759.307199</timestamp>
			</report>
			<report>
				<misses>533900000</misses>
				<total>0</total>
				<timestamp>3759.991915</timestamp>
			</report>
			<report>
				<misses>534000000</misses>
				<total>0</total>
				<timestamp>3760.698124</timestamp>
			</report>
			<report>
				<misses>534100000</misses>
				<total>0</total>
				<timestamp>3761.432823</timestamp>
			</report>
			<report>
				<misses>534200000</misses>
				<total>0</total>
				<timestamp>3762.132662</timestamp>
			</report>
			<report>
				<misses>534300000</misses>
				<total>0</total>
				<timestamp>3762.842735</timestamp>
			</report>
			<report>
				<misses>534400000</misses>
				<total>0</total>
				<timestamp>3763.555095</timestamp>
			</report>
			<report>
				<misses>534500000</misses>
				<total>0</total>
				<timestamp>3764.258769</timestamp>
			</report>
			<report>
				<misses>534600000</misses>
				<total>0</total>
				<timestamp>3764.978667</timestamp>
			</report>
			<report>
				<misses>534700000</misses>
				<total>0</total>
				<timestamp>3765.676564</timestamp>
			</report>
			<report>
				<misses>534800000</misses>
				<total>0</total>
				<timestamp>3766.405922</timestamp>
			</report>
			<report>
				<misses>534900000</misses>
				<total>0</total>
				<timestamp>3767.115557</timestamp>
			</report>
			<report>
				<misses>535000000</misses>
				<total>0</total>
				<timestamp>3767.810001</timestamp>
			</report>
			<report>
				<misses>535100000</misses>
				<total>0</total>
				<timestamp>3768.522158</timestamp>
			</report>
			<report>
				<misses>535200000</misses>
				<total>0</total>
				<timestamp>3769.211217</timestamp>
			</report>
			<report>
				<misses>535300000</misses>
				<total>0</total>
				<timestamp>3769.936880</timestamp>
			</report>
			<report>
				<misses>535400000</misses>
				<total>0</total>
				<timestamp>3770.660945</timestamp>
			</report>
			<report>
				<misses>535500000</misses>
				<total>0</total>
				<timestamp>3771.344687</timestamp>
			</report>
			<report>
				<misses>535600000</misses>
				<total>0</total>
				<timestamp>3772.062096</timestamp>
			</report>
			<report>
				<misses>535700000</misses>
				<total>0</total>
				<timestamp>3772.761129</timestamp>
			</report>
			<report>
				<misses>535800000</misses>
				<total>0</total>
				<timestamp>3773.456516</timestamp>
			</report>
			<report>
				<misses>535900000</misses>
				<total>0</total>
				<timestamp>3774.174146</timestamp>
			</report>
			<report>
				<misses>536000000</misses>
				<total>0</total>
				<timestamp>3774.861130</timestamp>
			</report>
			<report>
				<misses>536100000</misses>
				<total>0</total>
				<timestamp>3775.554077</timestamp>
			</report>
			<report>
				<misses>536200000</misses>
				<total>0</total>
				<timestamp>3776.234437</timestamp>
			</report>
			<report>
				<misses>536300000</misses>
				<total>0</total>
				<timestamp>3776.934826</timestamp>
			</report>
			<report>
				<misses>536400000</misses>
				<total>0</total>
				<timestamp>3777.624262</timestamp>
			</report>
			<report>
				<misses>536500000</misses>
				<total>0</total>
				<timestamp>3778.345143</timestamp>
			</report>
			<report>
				<misses>536600000</misses>
				<total>0</total>
				<timestamp>3779.094815</timestamp>
			</report>
			<report>
				<misses>536700000</misses>
				<total>0</total>
				<timestamp>3779.797901</timestamp>
			</report>
			<report>
				<misses>536800000</misses>
				<total>0</total>
				<timestamp>3780.507636</timestamp>
			</report>
			<report>
				<misses>536900000</misses>
				<total>0</total>
				<timestamp>3781.208716</timestamp>
			</report>
			<report>
				<misses>537000000</misses>
				<total>0</total>
				<timestamp>3781.936932</timestamp>
			</report>
			<report>
				<misses>537100000</misses>
				<total>0</total>
				<timestamp>3782.661385</timestamp>
			</report>
			<report>
				<misses>537200000</misses>
				<total>0</total>
				<timestamp>3783.388393</timestamp>
			</report>
			<report>
				<misses>537300000</misses>
				<total>0</total>
				<timestamp>3784.118417</timestamp>
			</report>
			<report>
				<misses>537400000</misses>
				<total>0</total>
				<timestamp>3784.834479</timestamp>
			</report>
			<report>
				<misses>537500000</misses>
				<total>0</total>
				<timestamp>3785.559246</timestamp>
			</report>
			<report>
				<misses>537600000</misses>
				<total>0</total>
				<timestamp>3786.270544</timestamp>
			</report>
			<report>
				<misses>537700000</misses>
				<total>0</total>
				<timestamp>3786.992085</timestamp>
			</report>
			<report>
				<misses>537800000</misses>
				<total>0</total>
				<timestamp>3787.703012</timestamp>
			</report>
			<report>
				<misses>537900000</misses>
				<total>0</total>
				<timestamp>3788.392585</timestamp>
			</report>
			<report>
				<misses>538000000</misses>
				<total>0</total>
				<timestamp>3789.076490</timestamp>
			</report>
			<report>
				<misses>538100000</misses>
				<total>0</total>
				<timestamp>3789.756156</timestamp>
			</report>
			<report>
				<misses>538200000</misses>
				<total>0</total>
				<timestamp>3790.444876</timestamp>
			</report>
			<report>
				<misses>538300000</misses>
				<total>0</total>
				<timestamp>3791.141036</timestamp>
			</report>
			<report>
				<misses>538400000</misses>
				<total>0</total>
				<timestamp>3791.834386</timestamp>
			</report>
			<report>
				<misses>538500000</misses>
				<total>0</total>
				<timestamp>3792.520477</timestamp>
			</report>
			<report>
				<misses>538600000</misses>
				<total>0</total>
				<timestamp>3793.194161</timestamp>
			</report>
			<report>
				<misses>538700000</misses>
				<total>0</total>
				<timestamp>3793.886214</timestamp>
			</report>
			<report>
				<misses>538800000</misses>
				<total>0</total>
				<timestamp>3794.578624</timestamp>
			</report>
			<report>
				<misses>538900000</misses>
				<total>0</total>
				<timestamp>3795.316004</timestamp>
			</report>
			<report>
				<misses>539000000</misses>
				<total>0</total>
				<timestamp>3796.036257</timestamp>
			</report>
			<report>
				<misses>539100000</misses>
				<total>0</total>
				<timestamp>3796.749422</timestamp>
			</report>
			<report>
				<misses>539200000</misses>
				<total>0</total>
				<timestamp>3797.447599</timestamp>
			</report>
			<report>
				<misses>539300000</misses>
				<total>0</total>
				<timestamp>3798.148659</timestamp>
			</report>
			<report>
				<misses>539400000</misses>
				<total>0</total>
				<timestamp>3798.838306</timestamp>
			</report>
			<report>
				<misses>539500000</misses>
				<total>0</total>
				<timestamp>3799.610687</timestamp>
			</report>
			<report>
				<misses>539600000</misses>
				<total>0</total>
				<timestamp>3800.297503</timestamp>
			</report>
			<report>
				<misses>539700000</misses>
				<total>0</total>
				<timestamp>3801.025302</timestamp>
			</report>
			<report>
				<misses>539800000</misses>
				<total>0</total>
				<timestamp>3801.730638</timestamp>
			</report>
			<report>
				<misses>539900000</misses>
				<total>0</total>
				<timestamp>3802.443379</timestamp>
			</report>
			<report>
				<misses>540000000</misses>
				<total>0</total>
				<timestamp>3803.164150</timestamp>
			</report>
			<report>
				<misses>540100000</misses>
				<total>0</total>
				<timestamp>3803.864807</timestamp>
			</report>
			<report>
				<misses>540200000</misses>
				<total>0</total>
				<timestamp>3804.597409</timestamp>
			</report>
			<report>
				<misses>540300000</misses>
				<total>0</total>
				<timestamp>3805.276849</timestamp>
			</report>
			<report>
				<misses>540400000</misses>
				<total>0</total>
				<timestamp>3805.951378</timestamp>
			</report>
			<report>
				<misses>540500000</misses>
				<total>0</total>
				<timestamp>3806.636351</timestamp>
			</report>
			<report>
				<misses>540600000</misses>
				<total>0</total>
				<timestamp>3807.314137</timestamp>
			</report>
			<report>
				<misses>540700000</misses>
				<total>0</total>
				<timestamp>3808.015830</timestamp>
			</report>
			<report>
				<misses>540800000</misses>
				<total>0</total>
				<timestamp>3808.722677</timestamp>
			</report>
			<report>
				<misses>540900000</misses>
				<total>0</total>
				<timestamp>3809.424087</timestamp>
			</report>
			<report>
				<misses>541000000</misses>
				<total>0</total>
				<timestamp>3810.111448</timestamp>
			</report>
			<report>
				<misses>541100000</misses>
				<total>0</total>
				<timestamp>3810.796814</timestamp>
			</report>
			<report>
				<misses>541200000</misses>
				<total>0</total>
				<timestamp>3811.492766</timestamp>
			</report>
			<report>
				<misses>541300000</misses>
				<total>0</total>
				<timestamp>3812.209698</timestamp>
			</report>
			<report>
				<misses>541400000</misses>
				<total>0</total>
				<timestamp>3812.948212</timestamp>
			</report>
			<report>
				<misses>541500000</misses>
				<total>0</total>
				<timestamp>3813.670941</timestamp>
			</report>
			<report>
				<misses>541600000</misses>
				<total>0</total>
				<timestamp>3814.381575</timestamp>
			</report>
			<report>
				<misses>541700000</misses>
				<total>0</total>
				<timestamp>3815.100667</timestamp>
			</report>
			<report>
				<misses>541800000</misses>
				<total>0</total>
				<timestamp>3815.798995</timestamp>
			</report>
			<report>
				<misses>541900000</misses>
				<total>0</total>
				<timestamp>3816.532397</timestamp>
			</report>
			<report>
				<misses>542000000</misses>
				<total>0</total>
				<timestamp>3817.227874</timestamp>
			</report>
			<report>
				<misses>542100000</misses>
				<total>0</total>
				<timestamp>3817.944428</timestamp>
			</report>
			<report>
				<misses>542200000</misses>
				<total>0</total>
				<timestamp>3818.652500</timestamp>
			</report>
			<report>
				<misses>542300000</misses>
				<total>0</total>
				<timestamp>3819.342919</timestamp>
			</report>
			<report>
				<misses>542400000</misses>
				<total>0</total>
				<timestamp>3820.022485</timestamp>
			</report>
			<report>
				<misses>542500000</misses>
				<total>0</total>
				<timestamp>3820.722131</timestamp>
			</report>
			<report>
				<misses>542600000</misses>
				<total>0</total>
				<timestamp>3821.418165</timestamp>
			</report>
			<report>
				<misses>542700000</misses>
				<total>0</total>
				<timestamp>3822.131971</timestamp>
			</report>
			<report>
				<misses>542800000</misses>
				<total>0</total>
				<timestamp>3822.822032</timestamp>
			</report>
			<report>
				<misses>542900000</misses>
				<total>0</total>
				<timestamp>3823.537264</timestamp>
			</report>
			<report>
				<misses>543000000</misses>
				<total>0</total>
				<timestamp>3824.212978</timestamp>
			</report>
			<report>
				<misses>543100000</misses>
				<total>0</total>
				<timestamp>3824.899234</timestamp>
			</report>
			<report>
				<misses>543200000</misses>
				<total>0</total>
				<timestamp>3825.585464</timestamp>
			</report>
			<report>
				<misses>543300000</misses>
				<total>0</total>
				<timestamp>3826.261185</timestamp>
			</report>
			<report>
				<misses>543400000</misses>
				<total>0</total>
				<timestamp>3826.947999</timestamp>
			</report>
			<report>
				<misses>543500000</misses>
				<total>0</total>
				<timestamp>3827.622896</timestamp>
			</report>
			<report>
				<misses>543600000</misses>
				<total>0</total>
				<timestamp>3828.311038</timestamp>
			</report>
			<report>
				<misses>543700000</misses>
				<total>0</total>
				<timestamp>3829.013468</timestamp>
			</report>
			<report>
				<misses>543800000</misses>
				<total>0</total>
				<timestamp>3829.722289</timestamp>
			</report>
			<report>
				<misses>543900000</misses>
				<total>0</total>
				<timestamp>3830.412848</timestamp>
			</report>
			<report>
				<misses>544000000</misses>
				<total>0</total>
				<timestamp>3831.111939</timestamp>
			</report>
			<report>
				<misses>544100000</misses>
				<total>0</total>
				<timestamp>3831.816776</timestamp>
			</report>
			<report>
				<misses>544200000</misses>
				<total>0</total>
				<timestamp>3832.506723</timestamp>
			</report>
			<report>
				<misses>544300000</misses>
				<total>0</total>
				<timestamp>3833.218089</timestamp>
			</report>
			<report>
				<misses>544400000</misses>
				<total>0</total>
				<timestamp>3833.910791</timestamp>
			</report>
			<report>
				<misses>544500000</misses>
				<total>0</total>
				<timestamp>3834.604267</timestamp>
			</report>
			<report>
				<misses>544600000</misses>
				<total>0</total>
				<timestamp>3835.318062</timestamp>
			</report>
			<report>
				<misses>544700000</misses>
				<total>0</total>
				<timestamp>3836.024658</timestamp>
			</report>
			<report>
				<misses>544800000</misses>
				<total>0</total>
				<timestamp>3836.761856</timestamp>
			</report>
			<report>
				<misses>544900000</misses>
				<total>0</total>
				<timestamp>3837.460172</timestamp>
			</report>
			<report>
				<misses>545000000</misses>
				<total>0</total>
				<timestamp>3838.155184</timestamp>
			</report>
			<report>
				<misses>545100000</misses>
				<total>0</total>
				<timestamp>3838.856693</timestamp>
			</report>
			<report>
				<misses>545200000</misses>
				<total>0</total>
				<timestamp>3839.545591</timestamp>
			</report>
			<report>
				<misses>545300000</misses>
				<total>0</total>
				<timestamp>3840.249596</timestamp>
			</report>
			<report>
				<misses>545400000</misses>
				<total>0</total>
				<timestamp>3840.941609</timestamp>
			</report>
			<report>
				<misses>545500000</misses>
				<total>0</total>
				<timestamp>3841.641955</timestamp>
			</report>
			<report>
				<misses>545600000</misses>
				<total>0</total>
				<timestamp>3842.338053</timestamp>
			</report>
			<report>
				<misses>545700000</misses>
				<total>0</total>
				<timestamp>3843.028817</timestamp>
			</report>
			<report>
				<misses>545800000</misses>
				<total>0</total>
				<timestamp>3843.704681</timestamp>
			</report>
			<report>
				<misses>545900000</misses>
				<total>0</total>
				<timestamp>3844.401124</timestamp>
			</report>
			<report>
				<misses>546000000</misses>
				<total>0</total>
				<timestamp>3845.166347</timestamp>
			</report>
			<report>
				<misses>546100000</misses>
				<total>0</total>
				<timestamp>3845.893145</timestamp>
			</report>
			<report>
				<misses>546200000</misses>
				<total>0</total>
				<timestamp>3846.607645</timestamp>
			</report>
			<report>
				<misses>546300000</misses>
				<total>0</total>
				<timestamp>3847.348156</timestamp>
			</report>
			<report>
				<misses>546400000</misses>
				<total>0</total>
				<timestamp>3848.052505</timestamp>
			</report>
			<report>
				<misses>546500000</misses>
				<total>0</total>
				<timestamp>3848.773711</timestamp>
			</report>
			<report>
				<misses>546600000</misses>
				<total>0</total>
				<timestamp>3849.485465</timestamp>
			</report>
			<report>
				<misses>546700000</misses>
				<total>0</total>
				<timestamp>3850.200175</timestamp>
			</report>
			<report>
				<misses>546800000</misses>
				<total>0</total>
				<timestamp>3850.900620</timestamp>
			</report>
			<report>
				<misses>546900000</misses>
				<total>0</total>
				<timestamp>3851.612547</timestamp>
			</report>
			<report>
				<misses>547000000</misses>
				<total>0</total>
				<timestamp>3852.306069</timestamp>
			</report>
			<report>
				<misses>547100000</misses>
				<total>0</total>
				<timestamp>3853.007904</timestamp>
			</report>
			<report>
				<misses>547200000</misses>
				<total>0</total>
				<timestamp>3853.728682</timestamp>
			</report>
			<report>
				<misses>547300000</misses>
				<total>0</total>
				<timestamp>3854.445134</timestamp>
			</report>
			<report>
				<misses>547400000</misses>
				<total>0</total>
				<timestamp>3855.137321</timestamp>
			</report>
			<report>
				<misses>547500000</misses>
				<total>0</total>
				<timestamp>3855.829709</timestamp>
			</report>
			<report>
				<misses>547600000</misses>
				<total>0</total>
				<timestamp>3856.510364</timestamp>
			</report>
			<report>
				<misses>547700000</misses>
				<total>0</total>
				<timestamp>3857.192731</timestamp>
			</report>
			<report>
				<misses>547800000</misses>
				<total>0</total>
				<timestamp>3857.876666</timestamp>
			</report>
			<report>
				<misses>547900000</misses>
				<total>0</total>
				<timestamp>3858.573791</timestamp>
			</report>
			<report>
				<misses>548000000</misses>
				<total>0</total>
				<timestamp>3859.257307</timestamp>
			</report>
			<report>
				<misses>548100000</misses>
				<total>0</total>
				<timestamp>3859.956650</timestamp>
			</report>
			<report>
				<misses>548200000</misses>
				<total>0</total>
				<timestamp>3860.638894</timestamp>
			</report>
			<report>
				<misses>548300000</misses>
				<total>0</total>
				<timestamp>3861.343254</timestamp>
			</report>
			<report>
				<misses>548400000</misses>
				<total>0</total>
				<timestamp>3862.071134</timestamp>
			</report>
			<report>
				<misses>548500000</misses>
				<total>0</total>
				<timestamp>3862.764050</timestamp>
			</report>
			<report>
				<misses>548600000</misses>
				<total>0</total>
				<timestamp>3863.462512</timestamp>
			</report>
			<report>
				<misses>548700000</misses>
				<total>0</total>
				<timestamp>3864.185913</timestamp>
			</report>
			<report>
				<misses>548800000</misses>
				<total>0</total>
				<timestamp>3864.888782</timestamp>
			</report>
			<report>
				<misses>548900000</misses>
				<total>0</total>
				<timestamp>3865.606699</timestamp>
			</report>
			<report>
				<misses>549000000</misses>
				<total>0</total>
				<timestamp>3866.300034</timestamp>
			</report>
			<report>
				<misses>549100000</misses>
				<total>0</total>
				<timestamp>3867.007421</timestamp>
			</report>
			<report>
				<misses>549200000</misses>
				<total>0</total>
				<timestamp>3867.737178</timestamp>
			</report>
			<report>
				<misses>549300000</misses>
				<total>0</total>
				<timestamp>3868.452166</timestamp>
			</report>
			<report>
				<misses>549400000</misses>
				<total>0</total>
				<timestamp>3869.199532</timestamp>
			</report>
			<report>
				<misses>549500000</misses>
				<total>0</total>
				<timestamp>3869.937830</timestamp>
			</report>
			<report>
				<misses>549600000</misses>
				<total>0</total>
				<timestamp>3870.700853</timestamp>
			</report>
			<report>
				<misses>549700000</misses>
				<total>0</total>
				<timestamp>3871.433488</timestamp>
			</report>
			<report>
				<misses>549800000</misses>
				<total>0</total>
				<timestamp>3872.151851</timestamp>
			</report>
			<report>
				<misses>549900000</misses>
				<total>0</total>
				<timestamp>3872.908013</timestamp>
			</report>
			<report>
				<misses>550000000</misses>
				<total>0</total>
				<timestamp>3873.627075</timestamp>
			</report>
			<report>
				<misses>550100000</misses>
				<total>0</total>
				<timestamp>3874.364224</timestamp>
			</report>
			<report>
				<misses>550200000</misses>
				<total>0</total>
				<timestamp>3875.081085</timestamp>
			</report>
			<report>
				<misses>550300000</misses>
				<total>0</total>
				<timestamp>3875.818285</timestamp>
			</report>
			<report>
				<misses>550400000</misses>
				<total>0</total>
				<timestamp>3876.500878</timestamp>
			</report>
			<report>
				<misses>550500000</misses>
				<total>0</total>
				<timestamp>3877.187711</timestamp>
			</report>
			<report>
				<misses>550600000</misses>
				<total>0</total>
				<timestamp>3877.856950</timestamp>
			</report>
			<report>
				<misses>550700000</misses>
				<total>0</total>
				<timestamp>3878.533951</timestamp>
			</report>
			<report>
				<misses>550800000</misses>
				<total>0</total>
				<timestamp>3879.229481</timestamp>
			</report>
			<report>
				<misses>550900000</misses>
				<total>0</total>
				<timestamp>3879.896844</timestamp>
			</report>
			<report>
				<misses>551000000</misses>
				<total>0</total>
				<timestamp>3880.579876</timestamp>
			</report>
			<report>
				<misses>551100000</misses>
				<total>0</total>
				<timestamp>3881.264109</timestamp>
			</report>
			<report>
				<misses>551200000</misses>
				<total>0</total>
				<timestamp>3881.952110</timestamp>
			</report>
			<report>
				<misses>551300000</misses>
				<total>0</total>
				<timestamp>3882.630581</timestamp>
			</report>
			<report>
				<misses>551400000</misses>
				<total>0</total>
				<timestamp>3883.361662</timestamp>
			</report>
			<report>
				<misses>551500000</misses>
				<total>0</total>
				<timestamp>3884.089446</timestamp>
			</report>
			<report>
				<misses>551600000</misses>
				<total>0</total>
				<timestamp>3884.801072</timestamp>
			</report>
			<report>
				<misses>551700000</misses>
				<total>0</total>
				<timestamp>3885.503973</timestamp>
			</report>
			<report>
				<misses>551800000</misses>
				<total>0</total>
				<timestamp>3886.222244</timestamp>
			</report>
			<report>
				<misses>551900000</misses>
				<total>0</total>
				<timestamp>3886.936953</timestamp>
			</report>
			<report>
				<misses>552000000</misses>
				<total>0</total>
				<timestamp>3887.626515</timestamp>
			</report>
			<report>
				<misses>552100000</misses>
				<total>0</total>
				<timestamp>3888.327500</timestamp>
			</report>
			<report>
				<misses>552200000</misses>
				<total>0</total>
				<timestamp>3889.054786</timestamp>
			</report>
			<report>
				<misses>552300000</misses>
				<total>0</total>
				<timestamp>3889.779350</timestamp>
			</report>
			<report>
				<misses>552400000</misses>
				<total>0</total>
				<timestamp>3890.493481</timestamp>
			</report>
			<report>
				<misses>552500000</misses>
				<total>0</total>
				<timestamp>3891.193767</timestamp>
			</report>
			<report>
				<misses>552600000</misses>
				<total>0</total>
				<timestamp>3891.902419</timestamp>
			</report>
			<report>
				<misses>552700000</misses>
				<total>0</total>
				<timestamp>3892.615498</timestamp>
			</report>
			<report>
				<misses>552800000</misses>
				<total>0</total>
				<timestamp>3893.312917</timestamp>
			</report>
			<report>
				<misses>552900000</misses>
				<total>0</total>
				<timestamp>3894.010213</timestamp>
			</report>
			<report>
				<misses>553000000</misses>
				<total>0</total>
				<timestamp>3894.685427</timestamp>
			</report>
			<report>
				<misses>553100000</misses>
				<total>0</total>
				<timestamp>3895.389042</timestamp>
			</report>
			<report>
				<misses>553200000</misses>
				<total>0</total>
				<timestamp>3896.093380</timestamp>
			</report>
			<report>
				<misses>553300000</misses>
				<total>0</total>
				<timestamp>3896.793029</timestamp>
			</report>
			<report>
				<misses>553400000</misses>
				<total>0</total>
				<timestamp>3897.485432</timestamp>
			</report>
			<report>
				<misses>553500000</misses>
				<total>0</total>
				<timestamp>3898.160026</timestamp>
			</report>
			<report>
				<misses>553600000</misses>
				<total>0</total>
				<timestamp>3898.840306</timestamp>
			</report>
			<report>
				<misses>553700000</misses>
				<total>0</total>
				<timestamp>3899.550405</timestamp>
			</report>
			<report>
				<misses>553800000</misses>
				<total>0</total>
				<timestamp>3900.301174</timestamp>
			</report>
			<report>
				<misses>553900000</misses>
				<total>0</total>
				<timestamp>3901.035243</timestamp>
			</report>
			<report>
				<misses>554000000</misses>
				<total>0</total>
				<timestamp>3901.774289</timestamp>
			</report>
			<report>
				<misses>554100000</misses>
				<total>0</total>
				<timestamp>3902.505506</timestamp>
			</report>
			<report>
				<misses>554200000</misses>
				<total>0</total>
				<timestamp>3903.253142</timestamp>
			</report>
			<report>
				<misses>554300000</misses>
				<total>0</total>
				<timestamp>3903.958855</timestamp>
			</report>
			<report>
				<misses>554400000</misses>
				<total>0</total>
				<timestamp>3904.687480</timestamp>
			</report>
			<report>
				<misses>554500000</misses>
				<total>0</total>
				<timestamp>3905.434961</timestamp>
			</report>
			<report>
				<misses>554600000</misses>
				<total>0</total>
				<timestamp>3906.148782</timestamp>
			</report>
			<report>
				<misses>554700000</misses>
				<total>0</total>
				<timestamp>3906.849845</timestamp>
			</report>
			<report>
				<misses>554800000</misses>
				<total>0</total>
				<timestamp>3907.576151</timestamp>
			</report>
			<report>
				<misses>554900000</misses>
				<total>0</total>
				<timestamp>3908.274103</timestamp>
			</report>
			<report>
				<misses>555000000</misses>
				<total>0</total>
				<timestamp>3908.948935</timestamp>
			</report>
			<report>
				<misses>555100000</misses>
				<total>0</total>
				<timestamp>3909.629861</timestamp>
			</report>
			<report>
				<misses>555200000</misses>
				<total>0</total>
				<timestamp>3910.326274</timestamp>
			</report>
			<report>
				<misses>555300000</misses>
				<total>0</total>
				<timestamp>3911.009813</timestamp>
			</report>
			<report>
				<misses>555400000</misses>
				<total>0</total>
				<timestamp>3911.699655</timestamp>
			</report>
			<report>
				<misses>555500000</misses>
				<total>0</total>
				<timestamp>3912.399869</timestamp>
			</report>
			<report>
				<misses>555600000</misses>
				<total>0</total>
				<timestamp>3913.094148</timestamp>
			</report>
			<report>
				<misses>555700000</misses>
				<total>0</total>
				<timestamp>3913.773965</timestamp>
			</report>
			<report>
				<misses>555800000</misses>
				<total>0</total>
				<timestamp>3914.476903</timestamp>
			</report>
			<report>
				<misses>555900000</misses>
				<total>0</total>
				<timestamp>3915.176337</timestamp>
			</report>
			<report>
				<misses>556000000</misses>
				<total>0</total>
				<timestamp>3915.927905</timestamp>
			</report>
			<report>
				<misses>556100000</misses>
				<total>0</total>
				<timestamp>3916.692829</timestamp>
			</report>
			<report>
				<misses>556200000</misses>
				<total>0</total>
				<timestamp>3917.410539</timestamp>
			</report>
			<report>
				<misses>556300000</misses>
				<total>0</total>
				<timestamp>3918.099073</timestamp>
			</report>
			<report>
				<misses>556400000</misses>
				<total>0</total>
				<timestamp>3918.828056</timestamp>
			</report>
			<report>
				<misses>556500000</misses>
				<total>0</total>
				<timestamp>3919.532671</timestamp>
			</report>
			<report>
				<misses>556600000</misses>
				<total>0</total>
				<timestamp>3920.246103</timestamp>
			</report>
			<report>
				<misses>556700000</misses>
				<total>0</total>
				<timestamp>3920.978129</timestamp>
			</report>
			<report>
				<misses>556800000</misses>
				<total>0</total>
				<timestamp>3921.707394</timestamp>
			</report>
			<report>
				<misses>556900000</misses>
				<total>0</total>
				<timestamp>3922.448583</timestamp>
			</report>
			<report>
				<misses>557000000</misses>
				<total>0</total>
				<timestamp>3923.188176</timestamp>
			</report>
			<report>
				<misses>557100000</misses>
				<total>0</total>
				<timestamp>3923.909548</timestamp>
			</report>
			<report>
				<misses>557200000</misses>
				<total>0</total>
				<timestamp>3924.641245</timestamp>
			</report>
			<report>
				<misses>557300000</misses>
				<total>0</total>
				<timestamp>3925.356193</timestamp>
			</report>
			<report>
				<misses>557400000</misses>
				<total>0</total>
				<timestamp>3926.066252</timestamp>
			</report>
			<report>
				<misses>557500000</misses>
				<total>0</total>
				<timestamp>3926.786791</timestamp>
			</report>
			<report>
				<misses>557600000</misses>
				<total>0</total>
				<timestamp>3927.488186</timestamp>
			</report>
			<report>
				<misses>557700000</misses>
				<total>0</total>
				<timestamp>3928.202057</timestamp>
			</report>
			<report>
				<misses>557800000</misses>
				<total>0</total>
				<timestamp>3928.910940</timestamp>
			</report>
			<report>
				<misses>557900000</misses>
				<total>0</total>
				<timestamp>3929.636917</timestamp>
			</report>
			<report>
				<misses>558000000</misses>
				<total>0</total>
				<timestamp>3930.358545</timestamp>
			</report>
			<report>
				<misses>558100000</misses>
				<total>0</total>
				<timestamp>3931.058309</timestamp>
			</report>
			<report>
				<misses>558200000</misses>
				<total>0</total>
				<timestamp>3931.774078</timestamp>
			</report>
			<report>
				<misses>558300000</misses>
				<total>0</total>
				<timestamp>3932.466250</timestamp>
			</report>
			<report>
				<misses>558400000</misses>
				<total>0</total>
				<timestamp>3933.145820</timestamp>
			</report>
			<report>
				<misses>558500000</misses>
				<total>0</total>
				<timestamp>3933.840491</timestamp>
			</report>
			<report>
				<misses>558600000</misses>
				<total>0</total>
				<timestamp>3934.513210</timestamp>
			</report>
			<report>
				<misses>558700000</misses>
				<total>0</total>
				<timestamp>3935.188689</timestamp>
			</report>
			<report>
				<misses>558800000</misses>
				<total>0</total>
				<timestamp>3935.873406</timestamp>
			</report>
			<report>
				<misses>558900000</misses>
				<total>0</total>
				<timestamp>3936.556496</timestamp>
			</report>
			<report>
				<misses>559000000</misses>
				<total>0</total>
				<timestamp>3937.244187</timestamp>
			</report>
			<report>
				<misses>559100000</misses>
				<total>0</total>
				<timestamp>3937.941141</timestamp>
			</report>
			<report>
				<misses>559200000</misses>
				<total>0</total>
				<timestamp>3938.625597</timestamp>
			</report>
			<report>
				<misses>559300000</misses>
				<total>0</total>
				<timestamp>3939.346097</timestamp>
			</report>
			<report>
				<misses>559400000</misses>
				<total>0</total>
				<timestamp>3940.087894</timestamp>
			</report>
			<report>
				<misses>559500000</misses>
				<total>0</total>
				<timestamp>3940.799622</timestamp>
			</report>
			<report>
				<misses>559600000</misses>
				<total>0</total>
				<timestamp>3941.502750</timestamp>
			</report>
			<report>
				<misses>559700000</misses>
				<total>0</total>
				<timestamp>3942.194354</timestamp>
			</report>
			<report>
				<misses>559800000</misses>
				<total>0</total>
				<timestamp>3942.903421</timestamp>
			</report>
			<report>
				<misses>559900000</misses>
				<total>0</total>
				<timestamp>3943.601959</timestamp>
			</report>
			<report>
				<misses>560000000</misses>
				<total>0</total>
				<timestamp>3944.303778</timestamp>
			</report>
			<report>
				<misses>560100000</misses>
				<total>0</total>
				<timestamp>3945.017186</timestamp>
			</report>
			<report>
				<misses>560200000</misses>
				<total>0</total>
				<timestamp>3945.711268</timestamp>
			</report>
			<report>
				<misses>560300000</misses>
				<total>0</total>
				<timestamp>3946.421988</timestamp>
			</report>
			<report>
				<misses>560400000</misses>
				<total>0</total>
				<timestamp>3947.135563</timestamp>
			</report>
			<report>
				<misses>560500000</misses>
				<total>0</total>
				<timestamp>3947.834108</timestamp>
			</report>
			<report>
				<misses>560600000</misses>
				<total>0</total>
				<timestamp>3948.545644</timestamp>
			</report>
			<report>
				<misses>560700000</misses>
				<total>0</total>
				<timestamp>3949.237404</timestamp>
			</report>
			<report>
				<misses>560800000</misses>
				<total>0</total>
				<timestamp>3949.907592</timestamp>
			</report>
			<report>
				<misses>560900000</misses>
				<total>0</total>
				<timestamp>3950.580452</timestamp>
			</report>
			<report>
				<misses>561000000</misses>
				<total>0</total>
				<timestamp>3951.270034</timestamp>
			</report>
			<report>
				<misses>561100000</misses>
				<total>0</total>
				<timestamp>3951.959514</timestamp>
			</report>
			<report>
				<misses>561200000</misses>
				<total>0</total>
				<timestamp>3952.633978</timestamp>
			</report>
			<report>
				<misses>561300000</misses>
				<total>0</total>
				<timestamp>3953.323561</timestamp>
			</report>
			<report>
				<misses>561400000</misses>
				<total>0</total>
				<timestamp>3954.008247</timestamp>
			</report>
			<report>
				<misses>561500000</misses>
				<total>0</total>
				<timestamp>3954.695728</timestamp>
			</report>
			<report>
				<misses>561600000</misses>
				<total>0</total>
				<timestamp>3955.417072</timestamp>
			</report>
			<report>
				<misses>561700000</misses>
				<total>0</total>
				<timestamp>3956.155907</timestamp>
			</report>
			<report>
				<misses>561800000</misses>
				<total>0</total>
				<timestamp>3956.856770</timestamp>
			</report>
			<report>
				<misses>561900000</misses>
				<total>0</total>
				<timestamp>3957.544620</timestamp>
			</report>
			<report>
				<misses>562000000</misses>
				<total>0</total>
				<timestamp>3958.259833</timestamp>
			</report>
			<report>
				<misses>562100000</misses>
				<total>0</total>
				<timestamp>3958.971372</timestamp>
			</report>
			<report>
				<misses>562200000</misses>
				<total>0</total>
				<timestamp>3959.706493</timestamp>
			</report>
			<report>
				<misses>562300000</misses>
				<total>0</total>
				<timestamp>3960.436762</timestamp>
			</report>
			<report>
				<misses>562400000</misses>
				<total>0</total>
				<timestamp>3961.138406</timestamp>
			</report>
			<report>
				<misses>562500000</misses>
				<total>0</total>
				<timestamp>3961.881811</timestamp>
			</report>
			<report>
				<misses>562600000</misses>
				<total>0</total>
				<timestamp>3962.614102</timestamp>
			</report>
			<report>
				<misses>562700000</misses>
				<total>0</total>
				<timestamp>3963.324820</timestamp>
			</report>
			<report>
				<misses>562800000</misses>
				<total>0</total>
				<timestamp>3964.019253</timestamp>
			</report>
			<report>
				<misses>562900000</misses>
				<total>0</total>
				<timestamp>3964.751634</timestamp>
			</report>
			<report>
				<misses>563000000</misses>
				<total>0</total>
				<timestamp>3965.443517</timestamp>
			</report>
			<report>
				<misses>563100000</misses>
				<total>0</total>
				<timestamp>3966.127928</timestamp>
			</report>
			<report>
				<misses>563200000</misses>
				<total>0</total>
				<timestamp>3966.827652</timestamp>
			</report>
			<report>
				<misses>563300000</misses>
				<total>0</total>
				<timestamp>3967.491617</timestamp>
			</report>
			<report>
				<misses>563400000</misses>
				<total>0</total>
				<timestamp>3968.170537</timestamp>
			</report>
			<report>
				<misses>563500000</misses>
				<total>0</total>
				<timestamp>3968.867535</timestamp>
			</report>
			<report>
				<misses>563600000</misses>
				<total>0</total>
				<timestamp>3969.544607</timestamp>
			</report>
			<report>
				<misses>563700000</misses>
				<total>0</total>
				<timestamp>3970.235951</timestamp>
			</report>
			<report>
				<misses>563800000</misses>
				<total>0</total>
				<timestamp>3970.946792</timestamp>
			</report>
			<report>
				<misses>563900000</misses>
				<total>0</total>
				<timestamp>3971.637595</timestamp>
			</report>
			<report>
				<misses>564000000</misses>
				<total>0</total>
				<timestamp>3972.383001</timestamp>
			</report>
			<report>
				<misses>564100000</misses>
				<total>0</total>
				<timestamp>3973.109790</timestamp>
			</report>
			<report>
				<misses>564200000</misses>
				<total>0</total>
				<timestamp>3973.800243</timestamp>
			</report>
			<report>
				<misses>564300000</misses>
				<total>0</total>
				<timestamp>3974.483306</timestamp>
			</report>
			<report>
				<misses>564400000</misses>
				<total>0</total>
				<timestamp>3975.182821</timestamp>
			</report>
			<report>
				<misses>564500000</misses>
				<total>0</total>
				<timestamp>3975.925790</timestamp>
			</report>
			<report>
				<misses>564600000</misses>
				<total>0</total>
				<timestamp>3976.660856</timestamp>
			</report>
			<report>
				<misses>564700000</misses>
				<total>0</total>
				<timestamp>3977.379678</timestamp>
			</report>
			<report>
				<misses>564800000</misses>
				<total>0</total>
				<timestamp>3978.103043</timestamp>
			</report>
			<report>
				<misses>564900000</misses>
				<total>0</total>
				<timestamp>3978.797964</timestamp>
			</report>
			<report>
				<misses>565000000</misses>
				<total>0</total>
				<timestamp>3979.520019</timestamp>
			</report>
			<report>
				<misses>565100000</misses>
				<total>0</total>
				<timestamp>3980.241141</timestamp>
			</report>
			<report>
				<misses>565200000</misses>
				<total>0</total>
				<timestamp>3980.942322</timestamp>
			</report>
			<report>
				<misses>565300000</misses>
				<total>0</total>
				<timestamp>3981.662720</timestamp>
			</report>
			<report>
				<misses>565400000</misses>
				<total>0</total>
				<timestamp>3982.376308</timestamp>
			</report>
			<report>
				<misses>565500000</misses>
				<total>0</total>
				<timestamp>3983.076093</timestamp>
			</report>
			<report>
				<misses>565600000</misses>
				<total>0</total>
				<timestamp>3983.833607</timestamp>
			</report>
			<report>
				<misses>565700000</misses>
				<total>0</total>
				<timestamp>3984.546141</timestamp>
			</report>
			<report>
				<misses>565800000</misses>
				<total>0</total>
				<timestamp>3985.244682</timestamp>
			</report>
			<report>
				<misses>565900000</misses>
				<total>0</total>
				<timestamp>3985.954442</timestamp>
			</report>
			<report>
				<misses>566000000</misses>
				<total>0</total>
				<timestamp>3986.668377</timestamp>
			</report>
			<report>
				<misses>566100000</misses>
				<total>0</total>
				<timestamp>3987.347686</timestamp>
			</report>
			<report>
				<misses>566200000</misses>
				<total>0</total>
				<timestamp>3988.045659</timestamp>
			</report>
			<report>
				<misses>566300000</misses>
				<total>0</total>
				<timestamp>3988.744740</timestamp>
			</report>
			<report>
				<misses>566400000</misses>
				<total>0</total>
				<timestamp>3989.444118</timestamp>
			</report>
			<report>
				<misses>566500000</misses>
				<total>0</total>
				<timestamp>3990.128459</timestamp>
			</report>
			<report>
				<misses>566600000</misses>
				<total>0</total>
				<timestamp>3990.841205</timestamp>
			</report>
			<report>
				<misses>566700000</misses>
				<total>0</total>
				<timestamp>3991.536458</timestamp>
			</report>
			<report>
				<misses>566800000</misses>
				<total>0</total>
				<timestamp>3992.224351</timestamp>
			</report>
			<report>
				<misses>566900000</misses>
				<total>0</total>
				<timestamp>3992.917255</timestamp>
			</report>
			<report>
				<misses>567000000</misses>
				<total>0</total>
				<timestamp>3993.606507</timestamp>
			</report>
			<report>
				<misses>567100000</misses>
				<total>0</total>
				<timestamp>3994.324455</timestamp>
			</report>
			<report>
				<misses>567200000</misses>
				<total>0</total>
				<timestamp>3995.047026</timestamp>
			</report>
			<report>
				<misses>567300000</misses>
				<total>0</total>
				<timestamp>3995.747966</timestamp>
			</report>
			<report>
				<misses>567400000</misses>
				<total>0</total>
				<timestamp>3996.468703</timestamp>
			</report>
			<report>
				<misses>567500000</misses>
				<total>0</total>
				<timestamp>3997.176983</timestamp>
			</report>
			<report>
				<misses>567600000</misses>
				<total>0</total>
				<timestamp>3997.864736</timestamp>
			</report>
			<report>
				<misses>567700000</misses>
				<total>0</total>
				<timestamp>3998.587123</timestamp>
			</report>
			<report>
				<misses>567800000</misses>
				<total>0</total>
				<timestamp>3999.317066</timestamp>
			</report>
			<report>
				<misses>567900000</misses>
				<total>0</total>
				<timestamp>4000.043722</timestamp>
			</report>
			<report>
				<misses>568000000</misses>
				<total>0</total>
				<timestamp>4000.760750</timestamp>
			</report>
			<report>
				<misses>568100000</misses>
				<total>0</total>
				<timestamp>4001.452867</timestamp>
			</report>
			<report>
				<misses>568200000</misses>
				<total>0</total>
				<timestamp>4002.165434</timestamp>
			</report>
			<report>
				<misses>568300000</misses>
				<total>0</total>
				<timestamp>4002.859290</timestamp>
			</report>
			<report>
				<misses>568400000</misses>
				<total>0</total>
				<timestamp>4003.554315</timestamp>
			</report>
			<report>
				<misses>568500000</misses>
				<total>0</total>
				<timestamp>4004.243592</timestamp>
			</report>
			<report>
				<misses>568600000</misses>
				<total>0</total>
				<timestamp>4004.927625</timestamp>
			</report>
			<report>
				<misses>568700000</misses>
				<total>0</total>
				<timestamp>4005.614810</timestamp>
			</report>
			<report>
				<misses>568800000</misses>
				<total>0</total>
				<timestamp>4006.301461</timestamp>
			</report>
			<report>
				<misses>568900000</misses>
				<total>0</total>
				<timestamp>4006.975324</timestamp>
			</report>
			<report>
				<misses>569000000</misses>
				<total>0</total>
				<timestamp>4007.656534</timestamp>
			</report>
			<report>
				<misses>569100000</misses>
				<total>0</total>
				<timestamp>4008.344443</timestamp>
			</report>
			<report>
				<misses>569200000</misses>
				<total>0</total>
				<timestamp>4009.018613</timestamp>
			</report>
			<report>
				<misses>569300000</misses>
				<total>0</total>
				<timestamp>4009.703676</timestamp>
			</report>
			<report>
				<misses>569400000</misses>
				<total>0</total>
				<timestamp>4010.398543</timestamp>
			</report>
			<report>
				<misses>569500000</misses>
				<total>0</total>
				<timestamp>4011.107464</timestamp>
			</report>
			<report>
				<misses>569600000</misses>
				<total>0</total>
				<timestamp>4011.825238</timestamp>
			</report>
			<report>
				<misses>569700000</misses>
				<total>0</total>
				<timestamp>4012.549867</timestamp>
			</report>
			<report>
				<misses>569800000</misses>
				<total>0</total>
				<timestamp>4013.250001</timestamp>
			</report>
			<report>
				<misses>569900000</misses>
				<total>0</total>
				<timestamp>4013.941287</timestamp>
			</report>
			<report>
				<misses>570000000</misses>
				<total>0</total>
				<timestamp>4014.663750</timestamp>
			</report>
			<report>
				<misses>570100000</misses>
				<total>0</total>
				<timestamp>4015.395270</timestamp>
			</report>
			<report>
				<misses>570200000</misses>
				<total>0</total>
				<timestamp>4016.080384</timestamp>
			</report>
			<report>
				<misses>570300000</misses>
				<total>0</total>
				<timestamp>4016.821929</timestamp>
			</report>
			<report>
				<misses>570400000</misses>
				<total>0</total>
				<timestamp>4017.541834</timestamp>
			</report>
			<report>
				<misses>570500000</misses>
				<total>0</total>
				<timestamp>4018.249093</timestamp>
			</report>
			<report>
				<misses>570600000</misses>
				<total>0</total>
				<timestamp>4018.969341</timestamp>
			</report>
			<report>
				<misses>570700000</misses>
				<total>0</total>
				<timestamp>4019.671724</timestamp>
			</report>
			<report>
				<misses>570800000</misses>
				<total>0</total>
				<timestamp>4020.370588</timestamp>
			</report>
			<report>
				<misses>570900000</misses>
				<total>0</total>
				<timestamp>4021.063345</timestamp>
			</report>
			<report>
				<misses>571000000</misses>
				<total>0</total>
				<timestamp>4021.756151</timestamp>
			</report>
			<report>
				<misses>571100000</misses>
				<total>0</total>
				<timestamp>4022.460621</timestamp>
			</report>
			<report>
				<misses>571200000</misses>
				<total>0</total>
				<timestamp>4023.177164</timestamp>
			</report>
			<report>
				<misses>571300000</misses>
				<total>0</total>
				<timestamp>4023.862003</timestamp>
			</report>
			<report>
				<misses>571400000</misses>
				<total>0</total>
				<timestamp>4024.541874</timestamp>
			</report>
			<report>
				<misses>571500000</misses>
				<total>0</total>
				<timestamp>4025.232176</timestamp>
			</report>
			<report>
				<misses>571600000</misses>
				<total>0</total>
				<timestamp>4025.946252</timestamp>
			</report>
			<report>
				<misses>571700000</misses>
				<total>0</total>
				<timestamp>4026.630697</timestamp>
			</report>
			<report>
				<misses>571800000</misses>
				<total>0</total>
				<timestamp>4027.338347</timestamp>
			</report>
			<report>
				<misses>571900000</misses>
				<total>0</total>
				<timestamp>4028.054269</timestamp>
			</report>
			<report>
				<misses>572000000</misses>
				<total>0</total>
				<timestamp>4028.764242</timestamp>
			</report>
			<report>
				<misses>572100000</misses>
				<total>0</total>
				<timestamp>4029.495711</timestamp>
			</report>
			<report>
				<misses>572200000</misses>
				<total>0</total>
				<timestamp>4030.247105</timestamp>
			</report>
			<report>
				<misses>572300000</misses>
				<total>0</total>
				<timestamp>4030.966941</timestamp>
			</report>
			<report>
				<misses>572400000</misses>
				<total>0</total>
				<timestamp>4031.700105</timestamp>
			</report>
			<report>
				<misses>572500000</misses>
				<total>0</total>
				<timestamp>4032.448016</timestamp>
			</report>
			<report>
				<misses>572600000</misses>
				<total>0</total>
				<timestamp>4033.155750</timestamp>
			</report>
			<report>
				<misses>572700000</misses>
				<total>0</total>
				<timestamp>4033.859992</timestamp>
			</report>
			<report>
				<misses>572800000</misses>
				<total>0</total>
				<timestamp>4034.565081</timestamp>
			</report>
			<report>
				<misses>572900000</misses>
				<total>0</total>
				<timestamp>4035.259153</timestamp>
			</report>
			<report>
				<misses>573000000</misses>
				<total>0</total>
				<timestamp>4035.960709</timestamp>
			</report>
			<report>
				<misses>573100000</misses>
				<total>0</total>
				<timestamp>4036.694923</timestamp>
			</report>
			<report>
				<misses>573200000</misses>
				<total>0</total>
				<timestamp>4037.376386</timestamp>
			</report>
			<report>
				<misses>573300000</misses>
				<total>0</total>
				<timestamp>4038.098253</timestamp>
			</report>
			<report>
				<misses>573400000</misses>
				<total>0</total>
				<timestamp>4038.799322</timestamp>
			</report>
			<report>
				<misses>573500000</misses>
				<total>0</total>
				<timestamp>4039.511729</timestamp>
			</report>
			<report>
				<misses>573600000</misses>
				<total>0</total>
				<timestamp>4040.226228</timestamp>
			</report>
			<report>
				<misses>573700000</misses>
				<total>0</total>
				<timestamp>4040.937430</timestamp>
			</report>
			<report>
				<misses>573800000</misses>
				<total>0</total>
				<timestamp>4041.645161</timestamp>
			</report>
			<report>
				<misses>573900000</misses>
				<total>0</total>
				<timestamp>4042.337145</timestamp>
			</report>
			<report>
				<misses>574000000</misses>
				<total>0</total>
				<timestamp>4043.039031</timestamp>
			</report>
			<report>
				<misses>574100000</misses>
				<total>0</total>
				<timestamp>4043.723130</timestamp>
			</report>
			<report>
				<misses>574200000</misses>
				<total>0</total>
				<timestamp>4044.399478</timestamp>
			</report>
			<report>
				<misses>574300000</misses>
				<total>0</total>
				<timestamp>4045.085000</timestamp>
			</report>
			<report>
				<misses>574400000</misses>
				<total>0</total>
				<timestamp>4045.767467</timestamp>
			</report>
			<report>
				<misses>574500000</misses>
				<total>0</total>
				<timestamp>4046.441868</timestamp>
			</report>
			<report>
				<misses>574600000</misses>
				<total>0</total>
				<timestamp>4047.130498</timestamp>
			</report>
			<report>
				<misses>574700000</misses>
				<total>0</total>
				<timestamp>4047.814671</timestamp>
			</report>
			<report>
				<misses>574800000</misses>
				<total>0</total>
				<timestamp>4048.549489</timestamp>
			</report>
			<report>
				<misses>574900000</misses>
				<total>0</total>
				<timestamp>4049.315939</timestamp>
			</report>
			<report>
				<misses>575000000</misses>
				<total>0</total>
				<timestamp>4050.075829</timestamp>
			</report>
			<report>
				<misses>575100000</misses>
				<total>0</total>
				<timestamp>4050.794176</timestamp>
			</report>
			<report>
				<misses>575200000</misses>
				<total>0</total>
				<timestamp>4051.532270</timestamp>
			</report>
			<report>
				<misses>575300000</misses>
				<total>0</total>
				<timestamp>4052.275566</timestamp>
			</report>
			<report>
				<misses>575400000</misses>
				<total>0</total>
				<timestamp>4053.000604</timestamp>
			</report>
			<report>
				<misses>575500000</misses>
				<total>0</total>
				<timestamp>4053.730617</timestamp>
			</report>
			<report>
				<misses>575600000</misses>
				<total>0</total>
				<timestamp>4054.473470</timestamp>
			</report>
			<report>
				<misses>575700000</misses>
				<total>0</total>
				<timestamp>4055.234945</timestamp>
			</report>
			<report>
				<misses>575800000</misses>
				<total>0</total>
				<timestamp>4055.979247</timestamp>
			</report>
			<report>
				<misses>575900000</misses>
				<total>0</total>
				<timestamp>4056.715291</timestamp>
			</report>
			<report>
				<misses>576000000</misses>
				<total>0</total>
				<timestamp>4057.445409</timestamp>
			</report>
			<report>
				<misses>576100000</misses>
				<total>0</total>
				<timestamp>4058.160085</timestamp>
			</report>
			<report>
				<misses>576200000</misses>
				<total>0</total>
				<timestamp>4058.867016</timestamp>
			</report>
			<report>
				<misses>576300000</misses>
				<total>0</total>
				<timestamp>4059.605037</timestamp>
			</report>
			<report>
				<misses>576400000</misses>
				<total>0</total>
				<timestamp>4060.343475</timestamp>
			</report>
			<report>
				<misses>576500000</misses>
				<total>0</total>
				<timestamp>4061.076644</timestamp>
			</report>
			<report>
				<misses>576600000</misses>
				<total>0</total>
				<timestamp>4061.801518</timestamp>
			</report>
			<report>
				<misses>576700000</misses>
				<total>0</total>
				<timestamp>4062.530194</timestamp>
			</report>
			<report>
				<misses>576800000</misses>
				<total>0</total>
				<timestamp>4063.248129</timestamp>
			</report>
			<report>
				<misses>576900000</misses>
				<total>0</total>
				<timestamp>4063.955241</timestamp>
			</report>
			<report>
				<misses>577000000</misses>
				<total>0</total>
				<timestamp>4064.675574</timestamp>
			</report>
			<report>
				<misses>577100000</misses>
				<total>0</total>
				<timestamp>4065.364986</timestamp>
			</report>
			<report>
				<misses>577200000</misses>
				<total>0</total>
				<timestamp>4066.099142</timestamp>
			</report>
			<report>
				<misses>577300000</misses>
				<total>0</total>
				<timestamp>4066.800173</timestamp>
			</report>
			<report>
				<misses>577400000</misses>
				<total>0</total>
				<timestamp>4067.494242</timestamp>
			</report>
			<report>
				<misses>577500000</misses>
				<total>0</total>
				<timestamp>4068.175101</timestamp>
			</report>
			<report>
				<misses>577600000</misses>
				<total>0</total>
				<timestamp>4068.846933</timestamp>
			</report>
			<report>
				<misses>577700000</misses>
				<total>0</total>
				<timestamp>4069.540981</timestamp>
			</report>
			<report>
				<misses>577800000</misses>
				<total>0</total>
				<timestamp>4070.223951</timestamp>
			</report>
			<report>
				<misses>577900000</misses>
				<total>0</total>
				<timestamp>4070.892550</timestamp>
			</report>
			<report>
				<misses>578000000</misses>
				<total>0</total>
				<timestamp>4071.578248</timestamp>
			</report>
			<report>
				<misses>578100000</misses>
				<total>0</total>
				<timestamp>4072.271543</timestamp>
			</report>
			<report>
				<misses>578200000</misses>
				<total>0</total>
				<timestamp>4072.957547</timestamp>
			</report>
			<report>
				<misses>578300000</misses>
				<total>0</total>
				<timestamp>4073.650995</timestamp>
			</report>
			<report>
				<misses>578400000</misses>
				<total>0</total>
				<timestamp>4074.350765</timestamp>
			</report>
			<report>
				<misses>578500000</misses>
				<total>0</total>
				<timestamp>4075.077021</timestamp>
			</report>
			<report>
				<misses>578600000</misses>
				<total>0</total>
				<timestamp>4075.783860</timestamp>
			</report>
			<report>
				<misses>578700000</misses>
				<total>0</total>
				<timestamp>4076.493285</timestamp>
			</report>
			<report>
				<misses>578800000</misses>
				<total>0</total>
				<timestamp>4077.188216</timestamp>
			</report>
			<report>
				<misses>578900000</misses>
				<total>0</total>
				<timestamp>4077.908259</timestamp>
			</report>
			<report>
				<misses>579000000</misses>
				<total>0</total>
				<timestamp>4078.615729</timestamp>
			</report>
			<report>
				<misses>579100000</misses>
				<total>0</total>
				<timestamp>4079.328590</timestamp>
			</report>
			<report>
				<misses>579200000</misses>
				<total>0</total>
				<timestamp>4080.048117</timestamp>
			</report>
			<report>
				<misses>579300000</misses>
				<total>0</total>
				<timestamp>4080.722277</timestamp>
			</report>
			<report>
				<misses>579400000</misses>
				<total>0</total>
				<timestamp>4081.440453</timestamp>
			</report>
			<report>
				<misses>579500000</misses>
				<total>0</total>
				<timestamp>4082.163324</timestamp>
			</report>
			<report>
				<misses>579600000</misses>
				<total>0</total>
				<timestamp>4082.895095</timestamp>
			</report>
			<report>
				<misses>579700000</misses>
				<total>0</total>
				<timestamp>4083.613687</timestamp>
			</report>
			<report>
				<misses>579800000</misses>
				<total>0</total>
				<timestamp>4084.320897</timestamp>
			</report>
			<report>
				<misses>579900000</misses>
				<total>0</total>
				<timestamp>4085.008259</timestamp>
			</report>
			<report>
				<misses>580000000</misses>
				<total>0</total>
				<timestamp>4085.693863</timestamp>
			</report>
			<report>
				<misses>580100000</misses>
				<total>0</total>
				<timestamp>4086.381002</timestamp>
			</report>
			<report>
				<misses>580200000</misses>
				<total>0</total>
				<timestamp>4087.078387</timestamp>
			</report>
			<report>
				<misses>580300000</misses>
				<total>0</total>
				<timestamp>4087.757819</timestamp>
			</report>
			<report>
				<misses>580400000</misses>
				<total>0</total>
				<timestamp>4088.445991</timestamp>
			</report>
			<report>
				<misses>580500000</misses>
				<total>0</total>
				<timestamp>4089.116649</timestamp>
			</report>
			<report>
				<misses>580600000</misses>
				<total>0</total>
				<timestamp>4089.803882</timestamp>
			</report>
			<report>
				<misses>580700000</misses>
				<total>0</total>
				<timestamp>4090.501726</timestamp>
			</report>
			<report>
				<misses>580800000</misses>
				<total>0</total>
				<timestamp>4091.218126</timestamp>
			</report>
			<report>
				<misses>580900000</misses>
				<total>0</total>
				<timestamp>4091.940167</timestamp>
			</report>
			<report>
				<misses>581000000</misses>
				<total>0</total>
				<timestamp>4092.641399</timestamp>
			</report>
			<report>
				<misses>581100000</misses>
				<total>0</total>
				<timestamp>4093.344596</timestamp>
			</report>
			<report>
				<misses>581200000</misses>
				<total>0</total>
				<timestamp>4094.071649</timestamp>
			</report>
			<report>
				<misses>581300000</misses>
				<total>0</total>
				<timestamp>4094.807295</timestamp>
			</report>
			<report>
				<misses>581400000</misses>
				<total>0</total>
				<timestamp>4095.561659</timestamp>
			</report>
			<report>
				<misses>581500000</misses>
				<total>0</total>
				<timestamp>4096.312343</timestamp>
			</report>
			<report>
				<misses>581600000</misses>
				<total>0</total>
				<timestamp>4097.030844</timestamp>
			</report>
			<report>
				<misses>581700000</misses>
				<total>0</total>
				<timestamp>4097.766477</timestamp>
			</report>
			<report>
				<misses>581800000</misses>
				<total>0</total>
				<timestamp>4098.483787</timestamp>
			</report>
			<report>
				<misses>581900000</misses>
				<total>0</total>
				<timestamp>4099.191791</timestamp>
			</report>
			<report>
				<misses>582000000</misses>
				<total>0</total>
				<timestamp>4099.894639</timestamp>
			</report>
			<report>
				<misses>582100000</misses>
				<total>0</total>
				<timestamp>4100.578838</timestamp>
			</report>
			<report>
				<misses>582200000</misses>
				<total>0</total>
				<timestamp>4101.278657</timestamp>
			</report>
			<report>
				<misses>582300000</misses>
				<total>0</total>
				<timestamp>4101.959932</timestamp>
			</report>
			<report>
				<misses>582400000</misses>
				<total>0</total>
				<timestamp>4102.636113</timestamp>
			</report>
			<report>
				<misses>582500000</misses>
				<total>0</total>
				<timestamp>4103.326393</timestamp>
			</report>
			<report>
				<misses>582600000</misses>
				<total>0</total>
				<timestamp>4104.009686</timestamp>
			</report>
			<report>
				<misses>582700000</misses>
				<total>0</total>
				<timestamp>4104.679526</timestamp>
			</report>
			<report>
				<misses>582800000</misses>
				<total>0</total>
				<timestamp>4105.373042</timestamp>
			</report>
			<report>
				<misses>582900000</misses>
				<total>0</total>
				<timestamp>4106.075896</timestamp>
			</report>
			<report>
				<misses>583000000</misses>
				<total>0</total>
				<timestamp>4106.776207</timestamp>
			</report>
			<report>
				<misses>583100000</misses>
				<total>0</total>
				<timestamp>4107.495390</timestamp>
			</report>
			<report>
				<misses>583200000</misses>
				<total>0</total>
				<timestamp>4108.213333</timestamp>
			</report>
			<report>
				<misses>583300000</misses>
				<total>0</total>
				<timestamp>4108.936298</timestamp>
			</report>
			<report>
				<misses>583400000</misses>
				<total>0</total>
				<timestamp>4109.656665</timestamp>
			</report>
			<report>
				<misses>583500000</misses>
				<total>0</total>
				<timestamp>4110.379187</timestamp>
			</report>
			<report>
				<misses>583600000</misses>
				<total>0</total>
				<timestamp>4111.116973</timestamp>
			</report>
			<report>
				<misses>583700000</misses>
				<total>0</total>
				<timestamp>4111.857521</timestamp>
			</report>
			<report>
				<misses>583800000</misses>
				<total>0</total>
				<timestamp>4112.579569</timestamp>
			</report>
			<report>
				<misses>583900000</misses>
				<total>0</total>
				<timestamp>4113.272088</timestamp>
			</report>
			<report>
				<misses>584000000</misses>
				<total>0</total>
				<timestamp>4114.000330</timestamp>
			</report>
			<report>
				<misses>584100000</misses>
				<total>0</total>
				<timestamp>4114.744233</timestamp>
			</report>
			<report>
				<misses>584200000</misses>
				<total>0</total>
				<timestamp>4115.479952</timestamp>
			</report>
			<report>
				<misses>584300000</misses>
				<total>0</total>
				<timestamp>4116.167622</timestamp>
			</report>
			<report>
				<misses>584400000</misses>
				<total>0</total>
				<timestamp>4116.848480</timestamp>
			</report>
			<report>
				<misses>584500000</misses>
				<total>0</total>
				<timestamp>4117.526693</timestamp>
			</report>
			<report>
				<misses>584600000</misses>
				<total>0</total>
				<timestamp>4118.208214</timestamp>
			</report>
			<report>
				<misses>584700000</misses>
				<total>0</total>
				<timestamp>4118.888899</timestamp>
			</report>
			<report>
				<misses>584800000</misses>
				<total>0</total>
				<timestamp>4119.583494</timestamp>
			</report>
			<report>
				<misses>584900000</misses>
				<total>0</total>
				<timestamp>4120.254694</timestamp>
			</report>
			<report>
				<misses>585000000</misses>
				<total>0</total>
				<timestamp>4120.940453</timestamp>
			</report>
			<report>
				<misses>585100000</misses>
				<total>0</total>
				<timestamp>4121.622927</timestamp>
			</report>
			<report>
				<misses>585200000</misses>
				<total>0</total>
				<timestamp>4122.308064</timestamp>
			</report>
			<report>
				<misses>585300000</misses>
				<total>0</total>
				<timestamp>4123.007055</timestamp>
			</report>
			<report>
				<misses>585400000</misses>
				<total>0</total>
				<timestamp>4123.715851</timestamp>
			</report>
			<report>
				<misses>585500000</misses>
				<total>0</total>
				<timestamp>4124.434997</timestamp>
			</report>
			<report>
				<misses>585600000</misses>
				<total>0</total>
				<timestamp>4125.147448</timestamp>
			</report>
			<report>
				<misses>585700000</misses>
				<total>0</total>
				<timestamp>4125.855812</timestamp>
			</report>
			<report>
				<misses>585800000</misses>
				<total>0</total>
				<timestamp>4126.610284</timestamp>
			</report>
			<report>
				<misses>585900000</misses>
				<total>0</total>
				<timestamp>4127.323177</timestamp>
			</report>
			<report>
				<misses>586000000</misses>
				<total>0</total>
				<timestamp>4128.083551</timestamp>
			</report>
			<report>
				<misses>586100000</misses>
				<total>0</total>
				<timestamp>4128.807295</timestamp>
			</report>
			<report>
				<misses>586200000</misses>
				<total>0</total>
				<timestamp>4129.524631</timestamp>
			</report>
			<report>
				<misses>586300000</misses>
				<total>0</total>
				<timestamp>4130.251151</timestamp>
			</report>
			<report>
				<misses>586400000</misses>
				<total>0</total>
				<timestamp>4130.983125</timestamp>
			</report>
			<report>
				<misses>586500000</misses>
				<total>0</total>
				<timestamp>4131.671263</timestamp>
			</report>
			<report>
				<misses>586600000</misses>
				<total>0</total>
				<timestamp>4132.406755</timestamp>
			</report>
			<report>
				<misses>586700000</misses>
				<total>0</total>
				<timestamp>4133.149462</timestamp>
			</report>
			<report>
				<misses>586800000</misses>
				<total>0</total>
				<timestamp>4133.867621</timestamp>
			</report>
			<report>
				<misses>586900000</misses>
				<total>0</total>
				<timestamp>4134.589258</timestamp>
			</report>
			<report>
				<misses>587000000</misses>
				<total>0</total>
				<timestamp>4135.303116</timestamp>
			</report>
			<report>
				<misses>587100000</misses>
				<total>0</total>
				<timestamp>4136.000373</timestamp>
			</report>
			<report>
				<misses>587200000</misses>
				<total>0</total>
				<timestamp>4136.700134</timestamp>
			</report>
			<report>
				<misses>587300000</misses>
				<total>0</total>
				<timestamp>4137.394834</timestamp>
			</report>
			<report>
				<misses>587400000</misses>
				<total>0</total>
				<timestamp>4138.095825</timestamp>
			</report>
			<report>
				<misses>587500000</misses>
				<total>0</total>
				<timestamp>4138.803806</timestamp>
			</report>
			<report>
				<misses>587600000</misses>
				<total>0</total>
				<timestamp>4139.493435</timestamp>
			</report>
			<report>
				<misses>587700000</misses>
				<total>0</total>
				<timestamp>4140.166529</timestamp>
			</report>
			<report>
				<misses>587800000</misses>
				<total>0</total>
				<timestamp>4140.841878</timestamp>
			</report>
			<report>
				<misses>587900000</misses>
				<total>0</total>
				<timestamp>4141.534570</timestamp>
			</report>
			<report>
				<misses>588000000</misses>
				<total>0</total>
				<timestamp>4142.205755</timestamp>
			</report>
			<report>
				<misses>588100000</misses>
				<total>0</total>
				<timestamp>4142.880673</timestamp>
			</report>
			<report>
				<misses>588200000</misses>
				<total>0</total>
				<timestamp>4143.568945</timestamp>
			</report>
			<report>
				<misses>588300000</misses>
				<total>0</total>
				<timestamp>4144.288573</timestamp>
			</report>
			<report>
				<misses>588400000</misses>
				<total>0</total>
				<timestamp>4144.984949</timestamp>
			</report>
			<report>
				<misses>588500000</misses>
				<total>0</total>
				<timestamp>4145.708692</timestamp>
			</report>
			<report>
				<misses>588600000</misses>
				<total>0</total>
				<timestamp>4146.415554</timestamp>
			</report>
			<report>
				<misses>588700000</misses>
				<total>0</total>
				<timestamp>4147.123733</timestamp>
			</report>
			<report>
				<misses>588800000</misses>
				<total>0</total>
				<timestamp>4147.844019</timestamp>
			</report>
			<report>
				<misses>588900000</misses>
				<total>0</total>
				<timestamp>4148.552975</timestamp>
			</report>
			<report>
				<misses>589000000</misses>
				<total>0</total>
				<timestamp>4149.255049</timestamp>
			</report>
			<report>
				<misses>589100000</misses>
				<total>0</total>
				<timestamp>4149.979136</timestamp>
			</report>
			<report>
				<misses>589200000</misses>
				<total>0</total>
				<timestamp>4150.666872</timestamp>
			</report>
			<report>
				<misses>589300000</misses>
				<total>0</total>
				<timestamp>4151.378903</timestamp>
			</report>
			<report>
				<misses>589400000</misses>
				<total>0</total>
				<timestamp>4152.096183</timestamp>
			</report>
			<report>
				<misses>589500000</misses>
				<total>0</total>
				<timestamp>4152.810703</timestamp>
			</report>
			<report>
				<misses>589600000</misses>
				<total>0</total>
				<timestamp>4153.483513</timestamp>
			</report>
			<report>
				<misses>589700000</misses>
				<total>0</total>
				<timestamp>4154.170604</timestamp>
			</report>
			<report>
				<misses>589800000</misses>
				<total>0</total>
				<timestamp>4154.859890</timestamp>
			</report>
			<report>
				<misses>589900000</misses>
				<total>0</total>
				<timestamp>4155.529458</timestamp>
			</report>
			<report>
				<misses>590000000</misses>
				<total>0</total>
				<timestamp>4156.219967</timestamp>
			</report>
			<report>
				<misses>590100000</misses>
				<total>0</total>
				<timestamp>4156.910058</timestamp>
			</report>
			<report>
				<misses>590200000</misses>
				<total>0</total>
				<timestamp>4157.610330</timestamp>
			</report>
			<report>
				<misses>590300000</misses>
				<total>0</total>
				<timestamp>4158.291889</timestamp>
			</report>
			<report>
				<misses>590400000</misses>
				<total>0</total>
				<timestamp>4158.995550</timestamp>
			</report>
			<report>
				<misses>590500000</misses>
				<total>0</total>
				<timestamp>4159.674126</timestamp>
			</report>
			<report>
				<misses>590600000</misses>
				<total>0</total>
				<timestamp>4160.366727</timestamp>
			</report>
			<report>
				<misses>590700000</misses>
				<total>0</total>
				<timestamp>4161.107629</timestamp>
			</report>
			<report>
				<misses>590800000</misses>
				<total>0</total>
				<timestamp>4161.808998</timestamp>
			</report>
			<report>
				<misses>590900000</misses>
				<total>0</total>
				<timestamp>4162.514890</timestamp>
			</report>
			<report>
				<misses>591000000</misses>
				<total>0</total>
				<timestamp>4163.219939</timestamp>
			</report>
			<report>
				<misses>591100000</misses>
				<total>0</total>
				<timestamp>4163.917384</timestamp>
			</report>
			<report>
				<misses>591200000</misses>
				<total>0</total>
				<timestamp>4164.617174</timestamp>
			</report>
			<report>
				<misses>591300000</misses>
				<total>0</total>
				<timestamp>4165.365238</timestamp>
			</report>
			<report>
				<misses>591400000</misses>
				<total>0</total>
				<timestamp>4166.066691</timestamp>
			</report>
			<report>
				<misses>591500000</misses>
				<total>0</total>
				<timestamp>4166.756039</timestamp>
			</report>
			<report>
				<misses>591600000</misses>
				<total>0</total>
				<timestamp>4167.448374</timestamp>
			</report>
			<report>
				<misses>591700000</misses>
				<total>0</total>
				<timestamp>4168.162859</timestamp>
			</report>
			<report>
				<misses>591800000</misses>
				<total>0</total>
				<timestamp>4168.855374</timestamp>
			</report>
			<report>
				<misses>591900000</misses>
				<total>0</total>
				<timestamp>4169.551508</timestamp>
			</report>
			<report>
				<misses>592000000</misses>
				<total>0</total>
				<timestamp>4170.248684</timestamp>
			</report>
			<report>
				<misses>592100000</misses>
				<total>0</total>
				<timestamp>4170.941546</timestamp>
			</report>
			<report>
				<misses>592200000</misses>
				<total>0</total>
				<timestamp>4171.633069</timestamp>
			</report>
			<report>
				<misses>592300000</misses>
				<total>0</total>
				<timestamp>4172.328237</timestamp>
			</report>
			<report>
				<misses>592400000</misses>
				<total>0</total>
				<timestamp>4173.004788</timestamp>
			</report>
			<report>
				<misses>592500000</misses>
				<total>0</total>
				<timestamp>4173.715502</timestamp>
			</report>
			<report>
				<misses>592600000</misses>
				<total>0</total>
				<timestamp>4174.420578</timestamp>
			</report>
			<report>
				<misses>592700000</misses>
				<total>0</total>
				<timestamp>4175.107796</timestamp>
			</report>
			<report>
				<misses>592800000</misses>
				<total>0</total>
				<timestamp>4175.804691</timestamp>
			</report>
			<report>
				<misses>592900000</misses>
				<total>0</total>
				<timestamp>4176.510247</timestamp>
			</report>
			<report>
				<misses>593000000</misses>
				<total>0</total>
				<timestamp>4177.225042</timestamp>
			</report>
			<report>
				<misses>593100000</misses>
				<total>0</total>
				<timestamp>4177.922234</timestamp>
			</report>
			<report>
				<misses>593200000</misses>
				<total>0</total>
				<timestamp>4178.639447</timestamp>
			</report>
			<report>
				<misses>593300000</misses>
				<total>0</total>
				<timestamp>4179.336791</timestamp>
			</report>
			<report>
				<misses>593400000</misses>
				<total>0</total>
				<timestamp>4180.032586</timestamp>
			</report>
			<report>
				<misses>593500000</misses>
				<total>0</total>
				<timestamp>4180.786094</timestamp>
			</report>
			<report>
				<misses>593600000</misses>
				<total>0</total>
				<timestamp>4181.492692</timestamp>
			</report>
			<report>
				<misses>593700000</misses>
				<total>0</total>
				<timestamp>4182.211115</timestamp>
			</report>
			<report>
				<misses>593800000</misses>
				<total>0</total>
				<timestamp>4182.915469</timestamp>
			</report>
			<report>
				<misses>593900000</misses>
				<total>0</total>
				<timestamp>4183.637060</timestamp>
			</report>
			<report>
				<misses>594000000</misses>
				<total>0</total>
				<timestamp>4184.337146</timestamp>
			</report>
			<report>
				<misses>594100000</misses>
				<total>0</total>
				<timestamp>4185.055160</timestamp>
			</report>
			<report>
				<misses>594200000</misses>
				<total>0</total>
				<timestamp>4185.764248</timestamp>
			</report>
			<report>
				<misses>594300000</misses>
				<total>0</total>
				<timestamp>4186.441146</timestamp>
			</report>
			<report>
				<misses>594400000</misses>
				<total>0</total>
				<timestamp>4187.120576</timestamp>
			</report>
			<report>
				<misses>594500000</misses>
				<total>0</total>
				<timestamp>4187.817475</timestamp>
			</report>
			<report>
				<misses>594600000</misses>
				<total>0</total>
				<timestamp>4188.504824</timestamp>
			</report>
			<report>
				<misses>594700000</misses>
				<total>0</total>
				<timestamp>4189.193193</timestamp>
			</report>
			<report>
				<misses>594800000</misses>
				<total>0</total>
				<timestamp>4189.883315</timestamp>
			</report>
			<report>
				<misses>594900000</misses>
				<total>0</total>
				<timestamp>4190.566448</timestamp>
			</report>
			<report>
				<misses>595000000</misses>
				<total>0</total>
				<timestamp>4191.266299</timestamp>
			</report>
			<report>
				<misses>595100000</misses>
				<total>0</total>
				<timestamp>4191.946617</timestamp>
			</report>
			<report>
				<misses>595200000</misses>
				<total>0</total>
				<timestamp>4192.641476</timestamp>
			</report>
			<report>
				<misses>595300000</misses>
				<total>0</total>
				<timestamp>4193.368133</timestamp>
			</report>
			<report>
				<misses>595400000</misses>
				<total>0</total>
				<timestamp>4194.076548</timestamp>
			</report>
			<report>
				<misses>595500000</misses>
				<total>0</total>
				<timestamp>4194.776351</timestamp>
			</report>
			<report>
				<misses>595600000</misses>
				<total>0</total>
				<timestamp>4195.490336</timestamp>
			</report>
			<report>
				<misses>595700000</misses>
				<total>0</total>
				<timestamp>4196.186629</timestamp>
			</report>
			<report>
				<misses>595800000</misses>
				<total>0</total>
				<timestamp>4196.901146</timestamp>
			</report>
			<report>
				<misses>595900000</misses>
				<total>0</total>
				<timestamp>4197.617153</timestamp>
			</report>
			<report>
				<misses>596000000</misses>
				<total>0</total>
				<timestamp>4198.317600</timestamp>
			</report>
			<report>
				<misses>596100000</misses>
				<total>0</total>
				<timestamp>4199.038593</timestamp>
			</report>
			<report>
				<misses>596200000</misses>
				<total>0</total>
				<timestamp>4199.744315</timestamp>
			</report>
			<report>
				<misses>596300000</misses>
				<total>0</total>
				<timestamp>4200.469760</timestamp>
			</report>
			<report>
				<misses>596400000</misses>
				<total>0</total>
				<timestamp>4201.154985</timestamp>
			</report>
			<report>
				<misses>596500000</misses>
				<total>0</total>
				<timestamp>4201.873909</timestamp>
			</report>
			<report>
				<misses>596600000</misses>
				<total>0</total>
				<timestamp>4202.570863</timestamp>
			</report>
			<report>
				<misses>596700000</misses>
				<total>0</total>
				<timestamp>4203.261699</timestamp>
			</report>
			<report>
				<misses>596800000</misses>
				<total>0</total>
				<timestamp>4203.948410</timestamp>
			</report>
			<report>
				<misses>596900000</misses>
				<total>0</total>
				<timestamp>4204.647507</timestamp>
			</report>
			<report>
				<misses>597000000</misses>
				<total>0</total>
				<timestamp>4205.339007</timestamp>
			</report>
			<report>
				<misses>597100000</misses>
				<total>0</total>
				<timestamp>4206.029809</timestamp>
			</report>
			<report>
				<misses>597200000</misses>
				<total>0</total>
				<timestamp>4206.710979</timestamp>
			</report>
			<report>
				<misses>597300000</misses>
				<total>0</total>
				<timestamp>4207.403329</timestamp>
			</report>
			<report>
				<misses>597400000</misses>
				<total>0</total>
				<timestamp>4208.106968</timestamp>
			</report>
			<report>
				<misses>597500000</misses>
				<total>0</total>
				<timestamp>4208.825241</timestamp>
			</report>
			<report>
				<misses>597600000</misses>
				<total>0</total>
				<timestamp>4209.533672</timestamp>
			</report>
			<report>
				<misses>597700000</misses>
				<total>0</total>
				<timestamp>4210.256963</timestamp>
			</report>
			<report>
				<misses>597800000</misses>
				<total>0</total>
				<timestamp>4210.950277</timestamp>
			</report>
			<report>
				<misses>597900000</misses>
				<total>0</total>
				<timestamp>4211.647013</timestamp>
			</report>
			<report>
				<misses>598000000</misses>
				<total>0</total>
				<timestamp>4212.341462</timestamp>
			</report>
			<report>
				<misses>598100000</misses>
				<total>0</total>
				<timestamp>4213.043624</timestamp>
			</report>
			<report>
				<misses>598200000</misses>
				<total>0</total>
				<timestamp>4213.748285</timestamp>
			</report>
			<report>
				<misses>598300000</misses>
				<total>0</total>
				<timestamp>4214.444698</timestamp>
			</report>
			<report>
				<misses>598400000</misses>
				<total>0</total>
				<timestamp>4215.128842</timestamp>
			</report>
			<report>
				<misses>598500000</misses>
				<total>0</total>
				<timestamp>4215.821530</timestamp>
			</report>
			<report>
				<misses>598600000</misses>
				<total>0</total>
				<timestamp>4216.509408</timestamp>
			</report>
			<report>
				<misses>598700000</misses>
				<total>0</total>
				<timestamp>4217.228100</timestamp>
			</report>
			<report>
				<misses>598800000</misses>
				<total>0</total>
				<timestamp>4217.951188</timestamp>
			</report>
			<report>
				<misses>598900000</misses>
				<total>0</total>
				<timestamp>4218.639383</timestamp>
			</report>
			<report>
				<misses>599000000</misses>
				<total>0</total>
				<timestamp>4219.322988</timestamp>
			</report>
			<report>
				<misses>599100000</misses>
				<total>0</total>
				<timestamp>4220.013591</timestamp>
			</report>
			<report>
				<misses>599200000</misses>
				<total>0</total>
				<timestamp>4220.715278</timestamp>
			</report>
			<report>
				<misses>599300000</misses>
				<total>0</total>
				<timestamp>4221.404719</timestamp>
			</report>
			<report>
				<misses>599400000</misses>
				<total>0</total>
				<timestamp>4222.106827</timestamp>
			</report>
			<report>
				<misses>599500000</misses>
				<total>0</total>
				<timestamp>4222.803384</timestamp>
			</report>
			<report>
				<misses>599600000</misses>
				<total>0</total>
				<timestamp>4223.484909</timestamp>
			</report>
			<report>
				<misses>599700000</misses>
				<total>0</total>
				<timestamp>4224.166205</timestamp>
			</report>
			<report>
				<misses>599800000</misses>
				<total>0</total>
				<timestamp>4224.851141</timestamp>
			</report>
			<report>
				<misses>599900000</misses>
				<total>0</total>
				<timestamp>4225.545247</timestamp>
			</report>
			<report>
				<misses>600000000</misses>
				<total>0</total>
				<timestamp>4226.266110</timestamp>
			</report>
			<report>
				<misses>600100000</misses>
				<total>0</total>
				<timestamp>4226.998353</timestamp>
			</report>
			<report>
				<misses>600200000</misses>
				<total>0</total>
				<timestamp>4227.716230</timestamp>
			</report>
			<report>
				<misses>600300000</misses>
				<total>0</total>
				<timestamp>4228.411343</timestamp>
			</report>
			<report>
				<misses>600400000</misses>
				<total>0</total>
				<timestamp>4229.115860</timestamp>
			</report>
			<report>
				<misses>600500000</misses>
				<total>0</total>
				<timestamp>4229.809669</timestamp>
			</report>
			<report>
				<misses>600600000</misses>
				<total>0</total>
				<timestamp>4230.530943</timestamp>
			</report>
			<report>
				<misses>600700000</misses>
				<total>0</total>
				<timestamp>4231.232403</timestamp>
			</report>
			<report>
				<misses>600800000</misses>
				<total>0</total>
				<timestamp>4231.956678</timestamp>
			</report>
			<report>
				<misses>600900000</misses>
				<total>0</total>
				<timestamp>4232.670380</timestamp>
			</report>
			<report>
				<misses>601000000</misses>
				<total>0</total>
				<timestamp>4233.384070</timestamp>
			</report>
			<report>
				<misses>601100000</misses>
				<total>0</total>
				<timestamp>4234.074873</timestamp>
			</report>
			<report>
				<misses>601200000</misses>
				<total>0</total>
				<timestamp>4234.778138</timestamp>
			</report>
			<report>
				<misses>601300000</misses>
				<total>0</total>
				<timestamp>4235.454926</timestamp>
			</report>
			<report>
				<misses>601400000</misses>
				<total>0</total>
				<timestamp>4236.141707</timestamp>
			</report>
			<report>
				<misses>601500000</misses>
				<total>0</total>
				<timestamp>4236.838477</timestamp>
			</report>
			<report>
				<misses>601600000</misses>
				<total>0</total>
				<timestamp>4237.517686</timestamp>
			</report>
			<report>
				<misses>601700000</misses>
				<total>0</total>
				<timestamp>4238.200783</timestamp>
			</report>
			<report>
				<misses>601800000</misses>
				<total>0</total>
				<timestamp>4238.871586</timestamp>
			</report>
			<report>
				<misses>601900000</misses>
				<total>0</total>
				<timestamp>4239.564382</timestamp>
			</report>
			<report>
				<misses>602000000</misses>
				<total>0</total>
				<timestamp>4240.239871</timestamp>
			</report>
			<report>
				<misses>602100000</misses>
				<total>0</total>
				<timestamp>4240.915848</timestamp>
			</report>
			<report>
				<misses>602200000</misses>
				<total>0</total>
				<timestamp>4241.621280</timestamp>
			</report>
			<report>
				<misses>602300000</misses>
				<total>0</total>
				<timestamp>4242.311003</timestamp>
			</report>
			<report>
				<misses>602400000</misses>
				<total>0</total>
				<timestamp>4243.011000</timestamp>
			</report>
			<report>
				<misses>602500000</misses>
				<total>0</total>
				<timestamp>4243.713570</timestamp>
			</report>
			<report>
				<misses>602600000</misses>
				<total>0</total>
				<timestamp>4244.426085</timestamp>
			</report>
			<report>
				<misses>602700000</misses>
				<total>0</total>
				<timestamp>4245.132196</timestamp>
			</report>
			<report>
				<misses>602800000</misses>
				<total>0</total>
				<timestamp>4245.847896</timestamp>
			</report>
			<report>
				<misses>602900000</misses>
				<total>0</total>
				<timestamp>4246.565610</timestamp>
			</report>
			<report>
				<misses>603000000</misses>
				<total>0</total>
				<timestamp>4247.281274</timestamp>
			</report>
			<report>
				<misses>603100000</misses>
				<total>0</total>
				<timestamp>4247.979364</timestamp>
			</report>
			<report>
				<misses>603200000</misses>
				<total>0</total>
				<timestamp>4248.662975</timestamp>
			</report>
			<report>
				<misses>603300000</misses>
				<total>0</total>
				<timestamp>4249.393080</timestamp>
			</report>
			<report>
				<misses>603400000</misses>
				<total>0</total>
				<timestamp>4250.097927</timestamp>
			</report>
			<report>
				<misses>603500000</misses>
				<total>0</total>
				<timestamp>4250.792557</timestamp>
			</report>
			<report>
				<misses>603600000</misses>
				<total>0</total>
				<timestamp>4251.482678</timestamp>
			</report>
			<report>
				<misses>603700000</misses>
				<total>0</total>
				<timestamp>4252.173681</timestamp>
			</report>
			<report>
				<misses>603800000</misses>
				<total>0</total>
				<timestamp>4252.863498</timestamp>
			</report>
			<report>
				<misses>603900000</misses>
				<total>0</total>
				<timestamp>4253.559177</timestamp>
			</report>
			<report>
				<misses>604000000</misses>
				<total>0</total>
				<timestamp>4254.234265</timestamp>
			</report>
			<report>
				<misses>604100000</misses>
				<total>0</total>
				<timestamp>4254.937754</timestamp>
			</report>
			<report>
				<misses>604200000</misses>
				<total>0</total>
				<timestamp>4255.623166</timestamp>
			</report>
			<report>
				<misses>604300000</misses>
				<total>0</total>
				<timestamp>4256.300352</timestamp>
			</report>
			<report>
				<misses>604400000</misses>
				<total>0</total>
				<timestamp>4257.002061</timestamp>
			</report>
			<report>
				<misses>604500000</misses>
				<total>0</total>
				<timestamp>4257.689514</timestamp>
			</report>
			<report>
				<misses>604600000</misses>
				<total>0</total>
				<timestamp>4258.373367</timestamp>
			</report>
			<report>
				<misses>604700000</misses>
				<total>0</total>
				<timestamp>4259.091238</timestamp>
			</report>
			<report>
				<misses>604800000</misses>
				<total>0</total>
				<timestamp>4259.800226</timestamp>
			</report>
			<report>
				<misses>604900000</misses>
				<total>0</total>
				<timestamp>4260.536047</timestamp>
			</report>
			<report>
				<misses>605000000</misses>
				<total>0</total>
				<timestamp>4261.229484</timestamp>
			</report>
			<report>
				<misses>605100000</misses>
				<total>0</total>
				<timestamp>4261.950201</timestamp>
			</report>
			<report>
				<misses>605200000</misses>
				<total>0</total>
				<timestamp>4262.670909</timestamp>
			</report>
			<report>
				<misses>605300000</misses>
				<total>0</total>
				<timestamp>4263.384061</timestamp>
			</report>
			<report>
				<misses>605400000</misses>
				<total>0</total>
				<timestamp>4264.130523</timestamp>
			</report>
			<report>
				<misses>605500000</misses>
				<total>0</total>
				<timestamp>4264.845891</timestamp>
			</report>
			<report>
				<misses>605600000</misses>
				<total>0</total>
				<timestamp>4265.559349</timestamp>
			</report>
			<report>
				<misses>605700000</misses>
				<total>0</total>
				<timestamp>4266.252816</timestamp>
			</report>
			<report>
				<misses>605800000</misses>
				<total>0</total>
				<timestamp>4266.985930</timestamp>
			</report>
			<report>
				<misses>605900000</misses>
				<total>0</total>
				<timestamp>4267.704258</timestamp>
			</report>
			<report>
				<misses>606000000</misses>
				<total>0</total>
				<timestamp>4268.430940</timestamp>
			</report>
			<report>
				<misses>606100000</misses>
				<total>0</total>
				<timestamp>4269.135760</timestamp>
			</report>
			<report>
				<misses>606200000</misses>
				<total>0</total>
				<timestamp>4269.852809</timestamp>
			</report>
			<report>
				<misses>606300000</misses>
				<total>0</total>
				<timestamp>4270.559038</timestamp>
			</report>
			<report>
				<misses>606400000</misses>
				<total>0</total>
				<timestamp>4271.292869</timestamp>
			</report>
			<report>
				<misses>606500000</misses>
				<total>0</total>
				<timestamp>4271.986473</timestamp>
			</report>
			<report>
				<misses>606600000</misses>
				<total>0</total>
				<timestamp>4272.682368</timestamp>
			</report>
			<report>
				<misses>606700000</misses>
				<total>0</total>
				<timestamp>4273.360999</timestamp>
			</report>
			<report>
				<misses>606800000</misses>
				<total>0</total>
				<timestamp>4274.049550</timestamp>
			</report>
			<report>
				<misses>606900000</misses>
				<total>0</total>
				<timestamp>4274.734243</timestamp>
			</report>
			<report>
				<misses>607000000</misses>
				<total>0</total>
				<timestamp>4275.427398</timestamp>
			</report>
			<report>
				<misses>607100000</misses>
				<total>0</total>
				<timestamp>4276.107102</timestamp>
			</report>
			<report>
				<misses>607200000</misses>
				<total>0</total>
				<timestamp>4276.807470</timestamp>
			</report>
			<report>
				<misses>607300000</misses>
				<total>0</total>
				<timestamp>4277.495160</timestamp>
			</report>
			<report>
				<misses>607400000</misses>
				<total>0</total>
				<timestamp>4278.190444</timestamp>
			</report>
			<report>
				<misses>607500000</misses>
				<total>0</total>
				<timestamp>4278.893862</timestamp>
			</report>
			<report>
				<misses>607600000</misses>
				<total>0</total>
				<timestamp>4279.640682</timestamp>
			</report>
			<report>
				<misses>607700000</misses>
				<total>0</total>
				<timestamp>4280.355370</timestamp>
			</report>
			<report>
				<misses>607800000</misses>
				<total>0</total>
				<timestamp>4281.078616</timestamp>
			</report>
			<report>
				<misses>607900000</misses>
				<total>0</total>
				<timestamp>4281.788444</timestamp>
			</report>
			<report>
				<misses>608000000</misses>
				<total>0</total>
				<timestamp>4282.521622</timestamp>
			</report>
			<report>
				<misses>608100000</misses>
				<total>0</total>
				<timestamp>4283.237765</timestamp>
			</report>
			<report>
				<misses>608200000</misses>
				<total>0</total>
				<timestamp>4283.946834</timestamp>
			</report>
			<report>
				<misses>608300000</misses>
				<total>0</total>
				<timestamp>4284.676257</timestamp>
			</report>
			<report>
				<misses>608400000</misses>
				<total>0</total>
				<timestamp>4285.380458</timestamp>
			</report>
			<report>
				<misses>608500000</misses>
				<total>0</total>
				<timestamp>4286.086408</timestamp>
			</report>
			<report>
				<misses>608600000</misses>
				<total>0</total>
				<timestamp>4286.816992</timestamp>
			</report>
			<report>
				<misses>608700000</misses>
				<total>0</total>
				<timestamp>4287.521388</timestamp>
			</report>
			<report>
				<misses>608800000</misses>
				<total>0</total>
				<timestamp>4288.208422</timestamp>
			</report>
			<report>
				<misses>608900000</misses>
				<total>0</total>
				<timestamp>4288.896743</timestamp>
			</report>
			<report>
				<misses>609000000</misses>
				<total>0</total>
				<timestamp>4289.582112</timestamp>
			</report>
			<report>
				<misses>609100000</misses>
				<total>0</total>
				<timestamp>4290.270777</timestamp>
			</report>
			<report>
				<misses>609200000</misses>
				<total>0</total>
				<timestamp>4290.983498</timestamp>
			</report>
			<report>
				<misses>609300000</misses>
				<total>0</total>
				<timestamp>4291.689258</timestamp>
			</report>
			<report>
				<misses>609400000</misses>
				<total>0</total>
				<timestamp>4292.387279</timestamp>
			</report>
			<report>
				<misses>609500000</misses>
				<total>0</total>
				<timestamp>4293.061621</timestamp>
			</report>
			<report>
				<misses>609600000</misses>
				<total>0</total>
				<timestamp>4293.754945</timestamp>
			</report>
			<report>
				<misses>609700000</misses>
				<total>0</total>
				<timestamp>4294.447264</timestamp>
			</report>
			<report>
				<misses>609800000</misses>
				<total>0</total>
				<timestamp>4295.137329</timestamp>
			</report>
			<report>
				<misses>609900000</misses>
				<total>0</total>
				<timestamp>4295.883437</timestamp>
			</report>
			<report>
				<misses>610000000</misses>
				<total>0</total>
				<timestamp>4296.607197</timestamp>
			</report>
			<report>
				<misses>610100000</misses>
				<total>0</total>
				<timestamp>4297.293014</timestamp>
			</report>
			<report>
				<misses>610200000</misses>
				<total>0</total>
				<timestamp>4298.017850</timestamp>
			</report>
			<report>
				<misses>610300000</misses>
				<total>0</total>
				<timestamp>4298.719584</timestamp>
			</report>
			<report>
				<misses>610400000</misses>
				<total>0</total>
				<timestamp>4299.431682</timestamp>
			</report>
			<report>
				<misses>610500000</misses>
				<total>0</total>
				<timestamp>4300.137602</timestamp>
			</report>
			<report>
				<misses>610600000</misses>
				<total>0</total>
				<timestamp>4300.860742</timestamp>
			</report>
			<report>
				<misses>610700000</misses>
				<total>0</total>
				<timestamp>4301.576199</timestamp>
			</report>
			<report>
				<misses>610800000</misses>
				<total>0</total>
				<timestamp>4302.303630</timestamp>
			</report>
			<report>
				<misses>610900000</misses>
				<total>0</total>
				<timestamp>4303.020570</timestamp>
			</report>
			<report>
				<misses>611000000</misses>
				<total>0</total>
				<timestamp>4303.719480</timestamp>
			</report>
			<report>
				<misses>611100000</misses>
				<total>0</total>
				<timestamp>4304.419402</timestamp>
			</report>
			<report>
				<misses>611200000</misses>
				<total>0</total>
				<timestamp>4305.099575</timestamp>
			</report>
			<report>
				<misses>611300000</misses>
				<total>0</total>
				<timestamp>4305.777383</timestamp>
			</report>
			<report>
				<misses>611400000</misses>
				<total>0</total>
				<timestamp>4306.467495</timestamp>
			</report>
			<report>
				<misses>611500000</misses>
				<total>0</total>
				<timestamp>4307.157307</timestamp>
			</report>
			<report>
				<misses>611600000</misses>
				<total>0</total>
				<timestamp>4307.845233</timestamp>
			</report>
			<report>
				<misses>611700000</misses>
				<total>0</total>
				<timestamp>4308.532367</timestamp>
			</report>
			<report>
				<misses>611800000</misses>
				<total>0</total>
				<timestamp>4309.223399</timestamp>
			</report>
			<report>
				<misses>611900000</misses>
				<total>0</total>
				<timestamp>4309.904196</timestamp>
			</report>
			<report>
				<misses>612000000</misses>
				<total>0</total>
				<timestamp>4310.597151</timestamp>
			</report>
			<report>
				<misses>612100000</misses>
				<total>0</total>
				<timestamp>4311.338385</timestamp>
			</report>
			<report>
				<misses>612200000</misses>
				<total>0</total>
				<timestamp>4312.049940</timestamp>
			</report>
			<report>
				<misses>612300000</misses>
				<total>0</total>
				<timestamp>4312.741286</timestamp>
			</report>
			<report>
				<misses>612400000</misses>
				<total>0</total>
				<timestamp>4313.466504</timestamp>
			</report>
			<report>
				<misses>612500000</misses>
				<total>0</total>
				<timestamp>4314.159442</timestamp>
			</report>
			<report>
				<misses>612600000</misses>
				<total>0</total>
				<timestamp>4314.864263</timestamp>
			</report>
			<report>
				<misses>612700000</misses>
				<total>0</total>
				<timestamp>4315.582293</timestamp>
			</report>
			<report>
				<misses>612800000</misses>
				<total>0</total>
				<timestamp>4316.289552</timestamp>
			</report>
			<report>
				<misses>612900000</misses>
				<total>0</total>
				<timestamp>4316.983605</timestamp>
			</report>
			<report>
				<misses>613000000</misses>
				<total>0</total>
				<timestamp>4317.718531</timestamp>
			</report>
			<report>
				<misses>613100000</misses>
				<total>0</total>
				<timestamp>4318.442707</timestamp>
			</report>
			<report>
				<misses>613200000</misses>
				<total>0</total>
				<timestamp>4319.185560</timestamp>
			</report>
			<report>
				<misses>613300000</misses>
				<total>0</total>
				<timestamp>4319.913236</timestamp>
			</report>
			<report>
				<misses>613400000</misses>
				<total>0</total>
				<timestamp>4320.610157</timestamp>
			</report>
			<report>
				<misses>613500000</misses>
				<total>0</total>
				<timestamp>4321.287472</timestamp>
			</report>
			<report>
				<misses>613600000</misses>
				<total>0</total>
				<timestamp>4321.978342</timestamp>
			</report>
			<report>
				<misses>613700000</misses>
				<total>0</total>
				<timestamp>4322.677410</timestamp>
			</report>
			<report>
				<misses>613800000</misses>
				<total>0</total>
				<timestamp>4323.379395</timestamp>
			</report>
			<report>
				<misses>613900000</misses>
				<total>0</total>
				<timestamp>4324.067050</timestamp>
			</report>
			<report>
				<misses>614000000</misses>
				<total>0</total>
				<timestamp>4324.767111</timestamp>
			</report>
			<report>
				<misses>614100000</misses>
				<total>0</total>
				<timestamp>4325.454332</timestamp>
			</report>
			<report>
				<misses>614200000</misses>
				<total>0</total>
				<timestamp>4326.125364</timestamp>
			</report>
			<report>
				<misses>614300000</misses>
				<total>0</total>
				<timestamp>4326.803400</timestamp>
			</report>
			<report>
				<misses>614400000</misses>
				<total>0</total>
				<timestamp>4327.491590</timestamp>
			</report>
			<report>
				<misses>614500000</misses>
				<total>0</total>
				<timestamp>4328.187853</timestamp>
			</report>
			<report>
				<misses>614600000</misses>
				<total>0</total>
				<timestamp>4328.869599</timestamp>
			</report>
			<report>
				<misses>614700000</misses>
				<total>0</total>
				<timestamp>4329.592739</timestamp>
			</report>
			<report>
				<misses>614800000</misses>
				<total>0</total>
				<timestamp>4330.308956</timestamp>
			</report>
			<report>
				<misses>614900000</misses>
				<total>0</total>
				<timestamp>4330.995145</timestamp>
			</report>
			<report>
				<misses>615000000</misses>
				<total>0</total>
				<timestamp>4331.702173</timestamp>
			</report>
			<report>
				<misses>615100000</misses>
				<total>0</total>
				<timestamp>4332.395859</timestamp>
			</report>
			<report>
				<misses>615200000</misses>
				<total>0</total>
				<timestamp>4333.131476</timestamp>
			</report>
			<report>
				<misses>615300000</misses>
				<total>0</total>
				<timestamp>4333.835764</timestamp>
			</report>
			<report>
				<misses>615400000</misses>
				<total>0</total>
				<timestamp>4334.543240</timestamp>
			</report>
			<report>
				<misses>615500000</misses>
				<total>0</total>
				<timestamp>4335.250579</timestamp>
			</report>
			<report>
				<misses>615600000</misses>
				<total>0</total>
				<timestamp>4335.965372</timestamp>
			</report>
			<report>
				<misses>615700000</misses>
				<total>0</total>
				<timestamp>4336.645097</timestamp>
			</report>
			<report>
				<misses>615800000</misses>
				<total>0</total>
				<timestamp>4337.362472</timestamp>
			</report>
			<report>
				<misses>615900000</misses>
				<total>0</total>
				<timestamp>4338.048813</timestamp>
			</report>
			<report>
				<misses>616000000</misses>
				<total>0</total>
				<timestamp>4338.724131</timestamp>
			</report>
			<report>
				<misses>616100000</misses>
				<total>0</total>
				<timestamp>4339.405379</timestamp>
			</report>
			<report>
				<misses>616200000</misses>
				<total>0</total>
				<timestamp>4340.085873</timestamp>
			</report>
			<report>
				<misses>616300000</misses>
				<total>0</total>
				<timestamp>4340.759043</timestamp>
			</report>
			<report>
				<misses>616400000</misses>
				<total>0</total>
				<timestamp>4341.435047</timestamp>
			</report>
			<report>
				<misses>616500000</misses>
				<total>0</total>
				<timestamp>4342.114785</timestamp>
			</report>
			<report>
				<misses>616600000</misses>
				<total>0</total>
				<timestamp>4342.808465</timestamp>
			</report>
			<report>
				<misses>616700000</misses>
				<total>0</total>
				<timestamp>4343.494452</timestamp>
			</report>
			<report>
				<misses>616800000</misses>
				<total>0</total>
				<timestamp>4344.191753</timestamp>
			</report>
			<report>
				<misses>616900000</misses>
				<total>0</total>
				<timestamp>4344.896990</timestamp>
			</report>
			<report>
				<misses>617000000</misses>
				<total>0</total>
				<timestamp>4345.622297</timestamp>
			</report>
			<report>
				<misses>617100000</misses>
				<total>0</total>
				<timestamp>4346.334436</timestamp>
			</report>
			<report>
				<misses>617200000</misses>
				<total>0</total>
				<timestamp>4347.038984</timestamp>
			</report>
			<report>
				<misses>617300000</misses>
				<total>0</total>
				<timestamp>4347.763682</timestamp>
			</report>
			<report>
				<misses>617400000</misses>
				<total>0</total>
				<timestamp>4348.469986</timestamp>
			</report>
			<report>
				<misses>617500000</misses>
				<total>0</total>
				<timestamp>4349.180421</timestamp>
			</report>
			<report>
				<misses>617600000</misses>
				<total>0</total>
				<timestamp>4349.869685</timestamp>
			</report>
			<report>
				<misses>617700000</misses>
				<total>0</total>
				<timestamp>4350.581602</timestamp>
			</report>
			<report>
				<misses>617800000</misses>
				<total>0</total>
				<timestamp>4351.280141</timestamp>
			</report>
			<report>
				<misses>617900000</misses>
				<total>0</total>
				<timestamp>4351.988261</timestamp>
			</report>
			<report>
				<misses>618000000</misses>
				<total>0</total>
				<timestamp>4352.681661</timestamp>
			</report>
			<report>
				<misses>618100000</misses>
				<total>0</total>
				<timestamp>4353.367904</timestamp>
			</report>
			<report>
				<misses>618200000</misses>
				<total>0</total>
				<timestamp>4354.073900</timestamp>
			</report>
			<report>
				<misses>618300000</misses>
				<total>0</total>
				<timestamp>4354.743119</timestamp>
			</report>
			<report>
				<misses>618400000</misses>
				<total>0</total>
				<timestamp>4355.426692</timestamp>
			</report>
			<report>
				<misses>618500000</misses>
				<total>0</total>
				<timestamp>4356.109732</timestamp>
			</report>
			<report>
				<misses>618600000</misses>
				<total>0</total>
				<timestamp>4356.802342</timestamp>
			</report>
			<report>
				<misses>618700000</misses>
				<total>0</total>
				<timestamp>4357.494461</timestamp>
			</report>
			<report>
				<misses>618800000</misses>
				<total>0</total>
				<timestamp>4358.182799</timestamp>
			</report>
			<report>
				<misses>618900000</misses>
				<total>0</total>
				<timestamp>4358.867052</timestamp>
			</report>
			<report>
				<misses>619000000</misses>
				<total>0</total>
				<timestamp>4359.549906</timestamp>
			</report>
			<report>
				<misses>619100000</misses>
				<total>0</total>
				<timestamp>4360.248662</timestamp>
			</report>
			<report>
				<misses>619200000</misses>
				<total>0</total>
				<timestamp>4360.922941</timestamp>
			</report>
			<report>
				<misses>619300000</misses>
				<total>0</total>
				<timestamp>4361.620516</timestamp>
			</report>
			<report>
				<misses>619400000</misses>
				<total>0</total>
				<timestamp>4362.331819</timestamp>
			</report>
			<report>
				<misses>619500000</misses>
				<total>0</total>
				<timestamp>4363.057072</timestamp>
			</report>
			<report>
				<misses>619600000</misses>
				<total>0</total>
				<timestamp>4363.774000</timestamp>
			</report>
			<report>
				<misses>619700000</misses>
				<total>0</total>
				<timestamp>4364.483015</timestamp>
			</report>
			<report>
				<misses>619800000</misses>
				<total>0</total>
				<timestamp>4365.196084</timestamp>
			</report>
			<report>
				<misses>619900000</misses>
				<total>0</total>
				<timestamp>4365.902897</timestamp>
			</report>
			<report>
				<misses>620000000</misses>
				<total>0</total>
				<timestamp>4366.606839</timestamp>
			</report>
			<report>
				<misses>620100000</misses>
				<total>0</total>
				<timestamp>4367.315213</timestamp>
			</report>
			<report>
				<misses>620200000</misses>
				<total>0</total>
				<timestamp>4368.007748</timestamp>
			</report>
			<report>
				<misses>620300000</misses>
				<total>0</total>
				<timestamp>4368.721470</timestamp>
			</report>
			<report>
				<misses>620400000</misses>
				<total>0</total>
				<timestamp>4369.432884</timestamp>
			</report>
			<report>
				<misses>620500000</misses>
				<total>0</total>
				<timestamp>4370.138366</timestamp>
			</report>
			<report>
				<misses>620600000</misses>
				<total>0</total>
				<timestamp>4370.860596</timestamp>
			</report>
			<report>
				<misses>620700000</misses>
				<total>0</total>
				<timestamp>4371.574741</timestamp>
			</report>
			<report>
				<misses>620800000</misses>
				<total>0</total>
				<timestamp>4372.258576</timestamp>
			</report>
			<report>
				<misses>620900000</misses>
				<total>0</total>
				<timestamp>4372.928876</timestamp>
			</report>
			<report>
				<misses>621000000</misses>
				<total>0</total>
				<timestamp>4373.611985</timestamp>
			</report>
			<report>
				<misses>621100000</misses>
				<total>0</total>
				<timestamp>4374.300593</timestamp>
			</report>
			<report>
				<misses>621200000</misses>
				<total>0</total>
				<timestamp>4374.988939</timestamp>
			</report>
			<report>
				<misses>621300000</misses>
				<total>0</total>
				<timestamp>4375.677671</timestamp>
			</report>
			<report>
				<misses>621400000</misses>
				<total>0</total>
				<timestamp>4376.356251</timestamp>
			</report>
			<report>
				<misses>621500000</misses>
				<total>0</total>
				<timestamp>4377.040495</timestamp>
			</report>
			<report>
				<misses>621600000</misses>
				<total>0</total>
				<timestamp>4377.733315</timestamp>
			</report>
			<report>
				<misses>621700000</misses>
				<total>0</total>
				<timestamp>4378.409374</timestamp>
			</report>
			<report>
				<misses>621800000</misses>
				<total>0</total>
				<timestamp>4379.107039</timestamp>
			</report>
			<report>
				<misses>621900000</misses>
				<total>0</total>
				<timestamp>4379.813247</timestamp>
			</report>
			<report>
				<misses>622000000</misses>
				<total>0</total>
				<timestamp>4380.543228</timestamp>
			</report>
			<report>
				<misses>622100000</misses>
				<total>0</total>
				<timestamp>4381.246129</timestamp>
			</report>
			<report>
				<misses>622200000</misses>
				<total>0</total>
				<timestamp>4381.959711</timestamp>
			</report>
			<report>
				<misses>622300000</misses>
				<total>0</total>
				<timestamp>4382.668658</timestamp>
			</report>
			<report>
				<misses>622400000</misses>
				<total>0</total>
				<timestamp>4383.373714</timestamp>
			</report>
			<report>
				<misses>622500000</misses>
				<total>0</total>
				<timestamp>4384.093335</timestamp>
			</report>
			<report>
				<misses>622600000</misses>
				<total>0</total>
				<timestamp>4384.827009</timestamp>
			</report>
			<report>
				<misses>622700000</misses>
				<total>0</total>
				<timestamp>4385.525945</timestamp>
			</report>
			<report>
				<misses>622800000</misses>
				<total>0</total>
				<timestamp>4386.262982</timestamp>
			</report>
			<report>
				<misses>622900000</misses>
				<total>0</total>
				<timestamp>4386.956110</timestamp>
			</report>
			<report>
				<misses>623000000</misses>
				<total>0</total>
				<timestamp>4387.653622</timestamp>
			</report>
			<report>
				<misses>623100000</misses>
				<total>0</total>
				<timestamp>4388.372362</timestamp>
			</report>
			<report>
				<misses>623200000</misses>
				<total>0</total>
				<timestamp>4389.056250</timestamp>
			</report>
			<report>
				<misses>623300000</misses>
				<total>0</total>
				<timestamp>4389.734271</timestamp>
			</report>
			<report>
				<misses>623400000</misses>
				<total>0</total>
				<timestamp>4390.408330</timestamp>
			</report>
			<report>
				<misses>623500000</misses>
				<total>0</total>
				<timestamp>4391.106042</timestamp>
			</report>
			<report>
				<misses>623600000</misses>
				<total>0</total>
				<timestamp>4391.776617</timestamp>
			</report>
			<report>
				<misses>623700000</misses>
				<total>0</total>
				<timestamp>4392.445770</timestamp>
			</report>
			<report>
				<misses>623800000</misses>
				<total>0</total>
				<timestamp>4393.122103</timestamp>
			</report>
			<report>
				<misses>623900000</misses>
				<total>0</total>
				<timestamp>4393.803794</timestamp>
			</report>
			<report>
				<misses>624000000</misses>
				<total>0</total>
				<timestamp>4394.482568</timestamp>
			</report>
			<report>
				<misses>624100000</misses>
				<total>0</total>
				<timestamp>4395.163130</timestamp>
			</report>
			<report>
				<misses>624200000</misses>
				<total>0</total>
				<timestamp>4395.882566</timestamp>
			</report>
			<report>
				<misses>624300000</misses>
				<total>0</total>
				<timestamp>4396.599011</timestamp>
			</report>
			<report>
				<misses>624400000</misses>
				<total>0</total>
				<timestamp>4397.289809</timestamp>
			</report>
			<report>
				<misses>624500000</misses>
				<total>0</total>
				<timestamp>4398.003650</timestamp>
			</report>
			<report>
				<misses>624600000</misses>
				<total>0</total>
				<timestamp>4398.722581</timestamp>
			</report>
			<report>
				<misses>624700000</misses>
				<total>0</total>
				<timestamp>4399.403232</timestamp>
			</report>
			<report>
				<misses>624800000</misses>
				<total>0</total>
				<timestamp>4400.100160</timestamp>
			</report>
			<report>
				<misses>624900000</misses>
				<total>0</total>
				<timestamp>4400.790525</timestamp>
			</report>
			<report>
				<misses>625000000</misses>
				<total>0</total>
				<timestamp>4401.502514</timestamp>
			</report>
			<report>
				<misses>625100000</misses>
				<total>0</total>
				<timestamp>4402.199656</timestamp>
			</report>
			<report>
				<misses>625200000</misses>
				<total>0</total>
				<timestamp>4402.904809</timestamp>
			</report>
			<report>
				<misses>625300000</misses>
				<total>0</total>
				<timestamp>4403.604997</timestamp>
			</report>
			<report>
				<misses>625400000</misses>
				<total>0</total>
				<timestamp>4404.334055</timestamp>
			</report>
			<report>
				<misses>625500000</misses>
				<total>0</total>
				<timestamp>4405.053964</timestamp>
			</report>
			<report>
				<misses>625600000</misses>
				<total>0</total>
				<timestamp>4405.755539</timestamp>
			</report>
			<report>
				<misses>625700000</misses>
				<total>0</total>
				<timestamp>4406.440976</timestamp>
			</report>
			<report>
				<misses>625800000</misses>
				<total>0</total>
				<timestamp>4407.115042</timestamp>
			</report>
			<report>
				<misses>625900000</misses>
				<total>0</total>
				<timestamp>4407.799646</timestamp>
			</report>
			<report>
				<misses>626000000</misses>
				<total>0</total>
				<timestamp>4408.495668</timestamp>
			</report>
			<report>
				<misses>626100000</misses>
				<total>0</total>
				<timestamp>4409.202331</timestamp>
			</report>
			<report>
				<misses>626200000</misses>
				<total>0</total>
				<timestamp>4409.897644</timestamp>
			</report>
			<report>
				<misses>626300000</misses>
				<total>0</total>
				<timestamp>4410.593035</timestamp>
			</report>
			<report>
				<misses>626400000</misses>
				<total>0</total>
				<timestamp>4411.282234</timestamp>
			</report>
			<report>
				<misses>626500000</misses>
				<total>0</total>
				<timestamp>4411.965401</timestamp>
			</report>
			<report>
				<misses>626600000</misses>
				<total>0</total>
				<timestamp>4412.682763</timestamp>
			</report>
			<report>
				<misses>626700000</misses>
				<total>0</total>
				<timestamp>4413.397669</timestamp>
			</report>
			<report>
				<misses>626800000</misses>
				<total>0</total>
				<timestamp>4414.119559</timestamp>
			</report>
			<report>
				<misses>626900000</misses>
				<total>0</total>
				<timestamp>4414.820206</timestamp>
			</report>
			<report>
				<misses>627000000</misses>
				<total>0</total>
				<timestamp>4415.534783</timestamp>
			</report>
			<report>
				<misses>627100000</misses>
				<total>0</total>
				<timestamp>4416.243291</timestamp>
			</report>
			<report>
				<misses>627200000</misses>
				<total>0</total>
				<timestamp>4416.949092</timestamp>
			</report>
			<report>
				<misses>627300000</misses>
				<total>0</total>
				<timestamp>4417.677214</timestamp>
			</report>
			<report>
				<misses>627400000</misses>
				<total>0</total>
				<timestamp>4418.395600</timestamp>
			</report>
			<report>
				<misses>627500000</misses>
				<total>0</total>
				<timestamp>4419.103548</timestamp>
			</report>
			<report>
				<misses>627600000</misses>
				<total>0</total>
				<timestamp>4419.832029</timestamp>
			</report>
			<report>
				<misses>627700000</misses>
				<total>0</total>
				<timestamp>4420.559571</timestamp>
			</report>
			<report>
				<misses>627800000</misses>
				<total>0</total>
				<timestamp>4421.301211</timestamp>
			</report>
			<report>
				<misses>627900000</misses>
				<total>0</total>
				<timestamp>4422.041017</timestamp>
			</report>
			<report>
				<misses>628000000</misses>
				<total>0</total>
				<timestamp>4422.781205</timestamp>
			</report>
			<report>
				<misses>628100000</misses>
				<total>0</total>
				<timestamp>4423.519247</timestamp>
			</report>
			<report>
				<misses>628200000</misses>
				<total>0</total>
				<timestamp>4424.238930</timestamp>
			</report>
			<report>
				<misses>628300000</misses>
				<total>0</total>
				<timestamp>4424.925164</timestamp>
			</report>
			<report>
				<misses>628400000</misses>
				<total>0</total>
				<timestamp>4425.649259</timestamp>
			</report>
			<report>
				<misses>628500000</misses>
				<total>0</total>
				<timestamp>4426.401336</timestamp>
			</report>
			<report>
				<misses>628600000</misses>
				<total>0</total>
				<timestamp>4427.116017</timestamp>
			</report>
			<report>
				<misses>628700000</misses>
				<total>0</total>
				<timestamp>4427.812180</timestamp>
			</report>
			<report>
				<misses>628800000</misses>
				<total>0</total>
				<timestamp>4428.515234</timestamp>
			</report>
			<report>
				<misses>628900000</misses>
				<total>0</total>
				<timestamp>4429.201187</timestamp>
			</report>
			<report>
				<misses>629000000</misses>
				<total>0</total>
				<timestamp>4429.884275</timestamp>
			</report>
			<report>
				<misses>629100000</misses>
				<total>0</total>
				<timestamp>4430.585844</timestamp>
			</report>
			<report>
				<misses>629200000</misses>
				<total>0</total>
				<timestamp>4431.272270</timestamp>
			</report>
			<report>
				<misses>629300000</misses>
				<total>0</total>
				<timestamp>4431.945619</timestamp>
			</report>
			<report>
				<misses>629400000</misses>
				<total>0</total>
				<timestamp>4432.627668</timestamp>
			</report>
			<report>
				<misses>629500000</misses>
				<total>0</total>
				<timestamp>4433.312535</timestamp>
			</report>
			<report>
				<misses>629600000</misses>
				<total>0</total>
				<timestamp>4434.011604</timestamp>
			</report>
			<report>
				<misses>629700000</misses>
				<total>0</total>
				<timestamp>4434.731634</timestamp>
			</report>
			<report>
				<misses>629800000</misses>
				<total>0</total>
				<timestamp>4435.460870</timestamp>
			</report>
			<report>
				<misses>629900000</misses>
				<total>0</total>
				<timestamp>4436.187392</timestamp>
			</report>
			<report>
				<misses>630000000</misses>
				<total>0</total>
				<timestamp>4436.901379</timestamp>
			</report>
			<report>
				<misses>630100000</misses>
				<total>0</total>
				<timestamp>4437.605734</timestamp>
			</report>
			<report>
				<misses>630200000</misses>
				<total>0</total>
				<timestamp>4438.313672</timestamp>
			</report>
			<report>
				<misses>630300000</misses>
				<total>0</total>
				<timestamp>4439.029889</timestamp>
			</report>
			<report>
				<misses>630400000</misses>
				<total>0</total>
				<timestamp>4439.730278</timestamp>
			</report>
			<report>
				<misses>630500000</misses>
				<total>0</total>
				<timestamp>4440.432111</timestamp>
			</report>
			<report>
				<misses>630600000</misses>
				<total>0</total>
				<timestamp>4441.156246</timestamp>
			</report>
			<report>
				<misses>630700000</misses>
				<total>0</total>
				<timestamp>4441.871946</timestamp>
			</report>
			<report>
				<misses>630800000</misses>
				<total>0</total>
				<timestamp>4442.576302</timestamp>
			</report>
			<report>
				<misses>630900000</misses>
				<total>0</total>
				<timestamp>4443.254717</timestamp>
			</report>
			<report>
				<misses>631000000</misses>
				<total>0</total>
				<timestamp>4443.944023</timestamp>
			</report>
			<report>
				<misses>631100000</misses>
				<total>0</total>
				<timestamp>4444.630746</timestamp>
			</report>
			<report>
				<misses>631200000</misses>
				<total>0</total>
				<timestamp>4445.306181</timestamp>
			</report>
			<report>
				<misses>631300000</misses>
				<total>0</total>
				<timestamp>4446.001551</timestamp>
			</report>
			<report>
				<misses>631400000</misses>
				<total>0</total>
				<timestamp>4446.688517</timestamp>
			</report>
			<report>
				<misses>631500000</misses>
				<total>0</total>
				<timestamp>4447.365228</timestamp>
			</report>
			<report>
				<misses>631600000</misses>
				<total>0</total>
				<timestamp>4448.042951</timestamp>
			</report>
			<report>
				<misses>631700000</misses>
				<total>0</total>
				<timestamp>4448.732730</timestamp>
			</report>
			<report>
				<misses>631800000</misses>
				<total>0</total>
				<timestamp>4449.427316</timestamp>
			</report>
			<report>
				<misses>631900000</misses>
				<total>0</total>
				<timestamp>4450.119703</timestamp>
			</report>
			<report>
				<misses>632000000</misses>
				<total>0</total>
				<timestamp>4450.834229</timestamp>
			</report>
			<report>
				<misses>632100000</misses>
				<total>0</total>
				<timestamp>4451.536005</timestamp>
			</report>
			<report>
				<misses>632200000</misses>
				<total>0</total>
				<timestamp>4452.238261</timestamp>
			</report>
			<report>
				<misses>632300000</misses>
				<total>0</total>
				<timestamp>4452.930720</timestamp>
			</report>
			<report>
				<misses>632400000</misses>
				<total>0</total>
				<timestamp>4453.638043</timestamp>
			</report>
			<report>
				<misses>632500000</misses>
				<total>0</total>
				<timestamp>4454.344225</timestamp>
			</report>
			<report>
				<misses>632600000</misses>
				<total>0</total>
				<timestamp>4455.050702</timestamp>
			</report>
			<report>
				<misses>632700000</misses>
				<total>0</total>
				<timestamp>4455.755354</timestamp>
			</report>
			<report>
				<misses>632800000</misses>
				<total>0</total>
				<timestamp>4456.471142</timestamp>
			</report>
			<report>
				<misses>632900000</misses>
				<total>0</total>
				<timestamp>4457.192173</timestamp>
			</report>
			<report>
				<misses>633000000</misses>
				<total>0</total>
				<timestamp>4457.897512</timestamp>
			</report>
			<report>
				<misses>633100000</misses>
				<total>0</total>
				<timestamp>4458.628206</timestamp>
			</report>
			<report>
				<misses>633200000</misses>
				<total>0</total>
				<timestamp>4459.321509</timestamp>
			</report>
			<report>
				<misses>633300000</misses>
				<total>0</total>
				<timestamp>4460.008286</timestamp>
			</report>
			<report>
				<misses>633400000</misses>
				<total>0</total>
				<timestamp>4460.695058</timestamp>
			</report>
			<report>
				<misses>633500000</misses>
				<total>0</total>
				<timestamp>4461.368520</timestamp>
			</report>
			<report>
				<misses>633600000</misses>
				<total>0</total>
				<timestamp>4462.056423</timestamp>
			</report>
			<report>
				<misses>633700000</misses>
				<total>0</total>
				<timestamp>4462.735260</timestamp>
			</report>
			<report>
				<misses>633800000</misses>
				<total>0</total>
				<timestamp>4463.411073</timestamp>
			</report>
			<report>
				<misses>633900000</misses>
				<total>0</total>
				<timestamp>4464.107007</timestamp>
			</report>
			<report>
				<misses>634000000</misses>
				<total>0</total>
				<timestamp>4464.783611</timestamp>
			</report>
			<report>
				<misses>634100000</misses>
				<total>0</total>
				<timestamp>4465.463725</timestamp>
			</report>
			<report>
				<misses>634200000</misses>
				<total>0</total>
				<timestamp>4466.163055</timestamp>
			</report>
			<report>
				<misses>634300000</misses>
				<total>0</total>
				<timestamp>4466.846165</timestamp>
			</report>
			<report>
				<misses>634400000</misses>
				<total>0</total>
				<timestamp>4467.528087</timestamp>
			</report>
			<report>
				<misses>634500000</misses>
				<total>0</total>
				<timestamp>4468.217888</timestamp>
			</report>
			<report>
				<misses>634600000</misses>
				<total>0</total>
				<timestamp>4468.941441</timestamp>
			</report>
			<report>
				<misses>634700000</misses>
				<total>0</total>
				<timestamp>4469.646021</timestamp>
			</report>
			<report>
				<misses>634800000</misses>
				<total>0</total>
				<timestamp>4470.352503</timestamp>
			</report>
			<report>
				<misses>634900000</misses>
				<total>0</total>
				<timestamp>4471.100508</timestamp>
			</report>
			<report>
				<misses>635000000</misses>
				<total>0</total>
				<timestamp>4471.834100</timestamp>
			</report>
			<report>
				<misses>635100000</misses>
				<total>0</total>
				<timestamp>4472.562206</timestamp>
			</report>
			<report>
				<misses>635200000</misses>
				<total>0</total>
				<timestamp>4473.304935</timestamp>
			</report>
			<report>
				<misses>635300000</misses>
				<total>0</total>
				<timestamp>4474.030446</timestamp>
			</report>
			<report>
				<misses>635400000</misses>
				<total>0</total>
				<timestamp>4474.739405</timestamp>
			</report>
			<report>
				<misses>635500000</misses>
				<total>0</total>
				<timestamp>4475.476211</timestamp>
			</report>
			<report>
				<misses>635600000</misses>
				<total>0</total>
				<timestamp>4476.204364</timestamp>
			</report>
			<report>
				<misses>635700000</misses>
				<total>0</total>
				<timestamp>4476.955218</timestamp>
			</report>
			<report>
				<misses>635800000</misses>
				<total>0</total>
				<timestamp>4477.680762</timestamp>
			</report>
			<report>
				<misses>635900000</misses>
				<total>0</total>
				<timestamp>4478.391975</timestamp>
			</report>
			<report>
				<misses>636000000</misses>
				<total>0</total>
				<timestamp>4479.101921</timestamp>
			</report>
			<report>
				<misses>636100000</misses>
				<total>0</total>
				<timestamp>4479.818683</timestamp>
			</report>
			<report>
				<misses>636200000</misses>
				<total>0</total>
				<timestamp>4480.551543</timestamp>
			</report>
			<report>
				<misses>636300000</misses>
				<total>0</total>
				<timestamp>4481.242351</timestamp>
			</report>
			<report>
				<misses>636400000</misses>
				<total>0</total>
				<timestamp>4481.970931</timestamp>
			</report>
			<report>
				<misses>636500000</misses>
				<total>0</total>
				<timestamp>4482.668597</timestamp>
			</report>
			<report>
				<misses>636600000</misses>
				<total>0</total>
				<timestamp>4483.372580</timestamp>
			</report>
			<report>
				<misses>636700000</misses>
				<total>0</total>
				<timestamp>4484.054331</timestamp>
			</report>
			<report>
				<misses>636800000</misses>
				<total>0</total>
				<timestamp>4484.737463</timestamp>
			</report>
			<report>
				<misses>636900000</misses>
				<total>0</total>
				<timestamp>4485.421463</timestamp>
			</report>
			<report>
				<misses>637000000</misses>
				<total>0</total>
				<timestamp>4486.109628</timestamp>
			</report>
			<report>
				<misses>637100000</misses>
				<total>0</total>
				<timestamp>4486.804516</timestamp>
			</report>
			<report>
				<misses>637200000</misses>
				<total>0</total>
				<timestamp>4487.477462</timestamp>
			</report>
			<report>
				<misses>637300000</misses>
				<total>0</total>
				<timestamp>4488.152854</timestamp>
			</report>
			<report>
				<misses>637400000</misses>
				<total>0</total>
				<timestamp>4488.849946</timestamp>
			</report>
			<report>
				<misses>637500000</misses>
				<total>0</total>
				<timestamp>4489.561139</timestamp>
			</report>
			<report>
				<misses>637600000</misses>
				<total>0</total>
				<timestamp>4490.265828</timestamp>
			</report>
			<report>
				<misses>637700000</misses>
				<total>0</total>
				<timestamp>4490.961961</timestamp>
			</report>
			<report>
				<misses>637800000</misses>
				<total>0</total>
				<timestamp>4491.657659</timestamp>
			</report>
			<report>
				<misses>637900000</misses>
				<total>0</total>
				<timestamp>4492.373379</timestamp>
			</report>
			<report>
				<misses>638000000</misses>
				<total>0</total>
				<timestamp>4493.057349</timestamp>
			</report>
			<report>
				<misses>638100000</misses>
				<total>0</total>
				<timestamp>4493.796375</timestamp>
			</report>
			<report>
				<misses>638200000</misses>
				<total>0</total>
				<timestamp>4494.498592</timestamp>
			</report>
			<report>
				<misses>638300000</misses>
				<total>0</total>
				<timestamp>4495.182312</timestamp>
			</report>
			<report>
				<misses>638400000</misses>
				<total>0</total>
				<timestamp>4495.906214</timestamp>
			</report>
			<report>
				<misses>638500000</misses>
				<total>0</total>
				<timestamp>4496.602493</timestamp>
			</report>
			<report>
				<misses>638600000</misses>
				<total>0</total>
				<timestamp>4497.288745</timestamp>
			</report>
			<report>
				<misses>638700000</misses>
				<total>0</total>
				<timestamp>4498.002635</timestamp>
			</report>
			<report>
				<misses>638800000</misses>
				<total>0</total>
				<timestamp>4498.715682</timestamp>
			</report>
			<report>
				<misses>638900000</misses>
				<total>0</total>
				<timestamp>4499.424235</timestamp>
			</report>
			<report>
				<misses>639000000</misses>
				<total>0</total>
				<timestamp>4500.111848</timestamp>
			</report>
			<report>
				<misses>639100000</misses>
				<total>0</total>
				<timestamp>4500.787586</timestamp>
			</report>
			<report>
				<misses>639200000</misses>
				<total>0</total>
				<timestamp>4501.475457</timestamp>
			</report>
			<report>
				<misses>639300000</misses>
				<total>0</total>
				<timestamp>4502.160145</timestamp>
			</report>
			<report>
				<misses>639400000</misses>
				<total>0</total>
				<timestamp>4502.844341</timestamp>
			</report>
			<report>
				<misses>639500000</misses>
				<total>0</total>
				<timestamp>4503.548912</timestamp>
			</report>
			<report>
				<misses>639600000</misses>
				<total>0</total>
				<timestamp>4504.243118</timestamp>
			</report>
			<report>
				<misses>639700000</misses>
				<total>0</total>
				<timestamp>4504.929043</timestamp>
			</report>
			<report>
				<misses>639800000</misses>
				<total>0</total>
				<timestamp>4505.624358</timestamp>
			</report>
			<report>
				<misses>639900000</misses>
				<total>0</total>
				<timestamp>4506.337542</timestamp>
			</report>
			<report>
				<misses>640000000</misses>
				<total>0</total>
				<timestamp>4507.064168</timestamp>
			</report>
			<report>
				<misses>640100000</misses>
				<total>0</total>
				<timestamp>4507.770836</timestamp>
			</report>
			<report>
				<misses>640200000</misses>
				<total>0</total>
				<timestamp>4508.460435</timestamp>
			</report>
			<report>
				<misses>640300000</misses>
				<total>0</total>
				<timestamp>4509.162940</timestamp>
			</report>
			<report>
				<misses>640400000</misses>
				<total>0</total>
				<timestamp>4509.868618</timestamp>
			</report>
			<report>
				<misses>640500000</misses>
				<total>0</total>
				<timestamp>4510.551458</timestamp>
			</report>
			<report>
				<misses>640600000</misses>
				<total>0</total>
				<timestamp>4511.261194</timestamp>
			</report>
			<report>
				<misses>640700000</misses>
				<total>0</total>
				<timestamp>4511.986676</timestamp>
			</report>
			<report>
				<misses>640800000</misses>
				<total>0</total>
				<timestamp>4512.687574</timestamp>
			</report>
			<report>
				<misses>640900000</misses>
				<total>0</total>
				<timestamp>4513.404705</timestamp>
			</report>
			<report>
				<misses>641000000</misses>
				<total>0</total>
				<timestamp>4514.116304</timestamp>
			</report>
			<report>
				<misses>641100000</misses>
				<total>0</total>
				<timestamp>4514.799490</timestamp>
			</report>
			<report>
				<misses>641200000</misses>
				<total>0</total>
				<timestamp>4515.502868</timestamp>
			</report>
			<report>
				<misses>641300000</misses>
				<total>0</total>
				<timestamp>4516.186564</timestamp>
			</report>
			<report>
				<misses>641400000</misses>
				<total>0</total>
				<timestamp>4516.873438</timestamp>
			</report>
			<report>
				<misses>641500000</misses>
				<total>0</total>
				<timestamp>4517.549085</timestamp>
			</report>
			<report>
				<misses>641600000</misses>
				<total>0</total>
				<timestamp>4518.241240</timestamp>
			</report>
			<report>
				<misses>641700000</misses>
				<total>0</total>
				<timestamp>4518.936644</timestamp>
			</report>
			<report>
				<misses>641800000</misses>
				<total>0</total>
				<timestamp>4519.618748</timestamp>
			</report>
			<report>
				<misses>641900000</misses>
				<total>0</total>
				<timestamp>4520.308047</timestamp>
			</report>
			<report>
				<misses>642000000</misses>
				<total>0</total>
				<timestamp>4520.998141</timestamp>
			</report>
			<report>
				<misses>642100000</misses>
				<total>0</total>
				<timestamp>4521.673938</timestamp>
			</report>
			<report>
				<misses>642200000</misses>
				<total>0</total>
				<timestamp>4522.379224</timestamp>
			</report>
			<report>
				<misses>642300000</misses>
				<total>0</total>
				<timestamp>4523.088322</timestamp>
			</report>
			<report>
				<misses>642400000</misses>
				<total>0</total>
				<timestamp>4523.793860</timestamp>
			</report>
			<report>
				<misses>642500000</misses>
				<total>0</total>
				<timestamp>4524.493748</timestamp>
			</report>
			<report>
				<misses>642600000</misses>
				<total>0</total>
				<timestamp>4525.194269</timestamp>
			</report>
			<report>
				<misses>642700000</misses>
				<total>0</total>
				<timestamp>4525.889008</timestamp>
			</report>
			<report>
				<misses>642800000</misses>
				<total>0</total>
				<timestamp>4526.602753</timestamp>
			</report>
			<report>
				<misses>642900000</misses>
				<total>0</total>
				<timestamp>4527.292046</timestamp>
			</report>
			<report>
				<misses>643000000</misses>
				<total>0</total>
				<timestamp>4528.021930</timestamp>
			</report>
			<report>
				<misses>643100000</misses>
				<total>0</total>
				<timestamp>4528.723601</timestamp>
			</report>
			<report>
				<misses>643200000</misses>
				<total>0</total>
				<timestamp>4529.445732</timestamp>
			</report>
			<report>
				<misses>643300000</misses>
				<total>0</total>
				<timestamp>4530.157852</timestamp>
			</report>
			<report>
				<misses>643400000</misses>
				<total>0</total>
				<timestamp>4530.882484</timestamp>
			</report>
			<report>
				<misses>643500000</misses>
				<total>0</total>
				<timestamp>4531.583477</timestamp>
			</report>
			<report>
				<misses>643600000</misses>
				<total>0</total>
				<timestamp>4532.282186</timestamp>
			</report>
			<report>
				<misses>643700000</misses>
				<total>0</total>
				<timestamp>4532.966171</timestamp>
			</report>
			<report>
				<misses>643800000</misses>
				<total>0</total>
				<timestamp>4533.660552</timestamp>
			</report>
			<report>
				<misses>643900000</misses>
				<total>0</total>
				<timestamp>4534.344852</timestamp>
			</report>
			<report>
				<misses>644000000</misses>
				<total>0</total>
				<timestamp>4535.034596</timestamp>
			</report>
			<report>
				<misses>644100000</misses>
				<total>0</total>
				<timestamp>4535.718610</timestamp>
			</report>
			<report>
				<misses>644200000</misses>
				<total>0</total>
				<timestamp>4536.397395</timestamp>
			</report>
			<report>
				<misses>644300000</misses>
				<total>0</total>
				<timestamp>4537.074388</timestamp>
			</report>
			<report>
				<misses>644400000</misses>
				<total>0</total>
				<timestamp>4537.767557</timestamp>
			</report>
			<report>
				<misses>644500000</misses>
				<total>0</total>
				<timestamp>4538.446347</timestamp>
			</report>
			<report>
				<misses>644600000</misses>
				<total>0</total>
				<timestamp>4539.142076</timestamp>
			</report>
			<report>
				<misses>644700000</misses>
				<total>0</total>
				<timestamp>4539.894752</timestamp>
			</report>
			<report>
				<misses>644800000</misses>
				<total>0</total>
				<timestamp>4540.601100</timestamp>
			</report>
			<report>
				<misses>644900000</misses>
				<total>0</total>
				<timestamp>4541.292214</timestamp>
			</report>
			<report>
				<misses>645000000</misses>
				<total>0</total>
				<timestamp>4542.004902</timestamp>
			</report>
			<report>
				<misses>645100000</misses>
				<total>0</total>
				<timestamp>4542.707410</timestamp>
			</report>
			<report>
				<misses>645200000</misses>
				<total>0</total>
				<timestamp>4543.401731</timestamp>
			</report>
			<report>
				<misses>645300000</misses>
				<total>0</total>
				<timestamp>4544.120908</timestamp>
			</report>
			<report>
				<misses>645400000</misses>
				<total>0</total>
				<timestamp>4544.823462</timestamp>
			</report>
			<report>
				<misses>645500000</misses>
				<total>0</total>
				<timestamp>4545.569862</timestamp>
			</report>
			<report>
				<misses>645600000</misses>
				<total>0</total>
				<timestamp>4546.318980</timestamp>
			</report>
			<report>
				<misses>645700000</misses>
				<total>0</total>
				<timestamp>4547.026517</timestamp>
			</report>
			<report>
				<misses>645800000</misses>
				<total>0</total>
				<timestamp>4547.753048</timestamp>
			</report>
			<report>
				<misses>645900000</misses>
				<total>0</total>
				<timestamp>4548.491461</timestamp>
			</report>
			<report>
				<misses>646000000</misses>
				<total>0</total>
				<timestamp>4549.225099</timestamp>
			</report>
			<report>
				<misses>646100000</misses>
				<total>0</total>
				<timestamp>4549.947360</timestamp>
			</report>
			<report>
				<misses>646200000</misses>
				<total>0</total>
				<timestamp>4550.674570</timestamp>
			</report>
			<report>
				<misses>646300000</misses>
				<total>0</total>
				<timestamp>4551.419312</timestamp>
			</report>
			<report>
				<misses>646400000</misses>
				<total>0</total>
				<timestamp>4552.177419</timestamp>
			</report>
			<report>
				<misses>646500000</misses>
				<total>0</total>
				<timestamp>4552.901632</timestamp>
			</report>
			<report>
				<misses>646600000</misses>
				<total>0</total>
				<timestamp>4553.658016</timestamp>
			</report>
			<report>
				<misses>646700000</misses>
				<total>0</total>
				<timestamp>4554.346444</timestamp>
			</report>
			<report>
				<misses>646800000</misses>
				<total>0</total>
				<timestamp>4555.002351</timestamp>
			</report>
			<report>
				<misses>646900000</misses>
				<total>0</total>
				<timestamp>4555.669310</timestamp>
			</report>
			<report>
				<misses>647000000</misses>
				<total>0</total>
				<timestamp>4556.378924</timestamp>
			</report>
			<report>
				<misses>647100000</misses>
				<total>0</total>
				<timestamp>4557.067094</timestamp>
			</report>
			<report>
				<misses>647200000</misses>
				<total>0</total>
				<timestamp>4557.745204</timestamp>
			</report>
			<report>
				<misses>647300000</misses>
				<total>0</total>
				<timestamp>4558.454951</timestamp>
			</report>
			<report>
				<misses>647400000</misses>
				<total>0</total>
				<timestamp>4559.142744</timestamp>
			</report>
			<report>
				<misses>647500000</misses>
				<total>0</total>
				<timestamp>4559.820195</timestamp>
			</report>
			<report>
				<misses>647600000</misses>
				<total>0</total>
				<timestamp>4560.515999</timestamp>
			</report>
			<report>
				<misses>647700000</misses>
				<total>0</total>
				<timestamp>4561.199431</timestamp>
			</report>
			<report>
				<misses>647800000</misses>
				<total>0</total>
				<timestamp>4561.919711</timestamp>
			</report>
			<report>
				<misses>647900000</misses>
				<total>0</total>
				<timestamp>4562.676127</timestamp>
			</report>
			<report>
				<misses>648000000</misses>
				<total>0</total>
				<timestamp>4563.390533</timestamp>
			</report>
			<report>
				<misses>648100000</misses>
				<total>0</total>
				<timestamp>4564.148708</timestamp>
			</report>
			<report>
				<misses>648200000</misses>
				<total>0</total>
				<timestamp>4564.868216</timestamp>
			</report>
			<report>
				<misses>648300000</misses>
				<total>0</total>
				<timestamp>4565.606096</timestamp>
			</report>
			<report>
				<misses>648400000</misses>
				<total>0</total>
				<timestamp>4566.309695</timestamp>
			</report>
			<report>
				<misses>648500000</misses>
				<total>0</total>
				<timestamp>4567.023812</timestamp>
			</report>
			<report>
				<misses>648600000</misses>
				<total>0</total>
				<timestamp>4567.749075</timestamp>
			</report>
			<report>
				<misses>648700000</misses>
				<total>0</total>
				<timestamp>4568.486332</timestamp>
			</report>
			<report>
				<misses>648800000</misses>
				<total>0</total>
				<timestamp>4569.218120</timestamp>
			</report>
			<report>
				<misses>648900000</misses>
				<total>0</total>
				<timestamp>4569.921553</timestamp>
			</report>
			<report>
				<misses>649000000</misses>
				<total>0</total>
				<timestamp>4570.612757</timestamp>
			</report>
			<report>
				<misses>649100000</misses>
				<total>0</total>
				<timestamp>4571.297773</timestamp>
			</report>
			<report>
				<misses>649200000</misses>
				<total>0</total>
				<timestamp>4571.974623</timestamp>
			</report>
			<report>
				<misses>649300000</misses>
				<total>0</total>
				<timestamp>4572.659657</timestamp>
			</report>
			<report>
				<misses>649400000</misses>
				<total>0</total>
				<timestamp>4573.357148</timestamp>
			</report>
			<report>
				<misses>649500000</misses>
				<total>0</total>
				<timestamp>4574.056655</timestamp>
			</report>
			<report>
				<misses>649600000</misses>
				<total>0</total>
				<timestamp>4574.726865</timestamp>
			</report>
			<report>
				<misses>649700000</misses>
				<total>0</total>
				<timestamp>4575.413394</timestamp>
			</report>
			<report>
				<misses>649800000</misses>
				<total>0</total>
				<timestamp>4576.101078</timestamp>
			</report>
			<report>
				<misses>649900000</misses>
				<total>0</total>
				<timestamp>4576.790542</timestamp>
			</report>
			<report>
				<misses>650000000</misses>
				<total>0</total>
				<timestamp>4577.497849</timestamp>
			</report>
			<report>
				<misses>650100000</misses>
				<total>0</total>
				<timestamp>4578.227364</timestamp>
			</report>
			<report>
				<misses>650200000</misses>
				<total>0</total>
				<timestamp>4578.973423</timestamp>
			</report>
			<report>
				<misses>650300000</misses>
				<total>0</total>
				<timestamp>4579.683381</timestamp>
			</report>
			<report>
				<misses>650400000</misses>
				<total>0</total>
				<timestamp>4580.401242</timestamp>
			</report>
			<report>
				<misses>650500000</misses>
				<total>0</total>
				<timestamp>4581.135177</timestamp>
			</report>
			<report>
				<misses>650600000</misses>
				<total>0</total>
				<timestamp>4581.825917</timestamp>
			</report>
			<report>
				<misses>650700000</misses>
				<total>0</total>
				<timestamp>4582.539362</timestamp>
			</report>
			<report>
				<misses>650800000</misses>
				<total>0</total>
				<timestamp>4583.283033</timestamp>
			</report>
			<report>
				<misses>650900000</misses>
				<total>0</total>
				<timestamp>4584.012437</timestamp>
			</report>
			<report>
				<misses>651000000</misses>
				<total>0</total>
				<timestamp>4584.744846</timestamp>
			</report>
			<report>
				<misses>651100000</misses>
				<total>0</total>
				<timestamp>4585.464718</timestamp>
			</report>
			<report>
				<misses>651200000</misses>
				<total>0</total>
				<timestamp>4586.211187</timestamp>
			</report>
			<report>
				<misses>651300000</misses>
				<total>0</total>
				<timestamp>4586.933635</timestamp>
			</report>
			<report>
				<misses>651400000</misses>
				<total>0</total>
				<timestamp>4587.653750</timestamp>
			</report>
			<report>
				<misses>651500000</misses>
				<total>0</total>
				<timestamp>4588.360691</timestamp>
			</report>
			<report>
				<misses>651600000</misses>
				<total>0</total>
				<timestamp>4589.081709</timestamp>
			</report>
			<report>
				<misses>651700000</misses>
				<total>0</total>
				<timestamp>4589.816735</timestamp>
			</report>
			<report>
				<misses>651800000</misses>
				<total>0</total>
				<timestamp>4590.518791</timestamp>
			</report>
			<report>
				<misses>651900000</misses>
				<total>0</total>
				<timestamp>4591.231997</timestamp>
			</report>
			<report>
				<misses>652000000</misses>
				<total>0</total>
				<timestamp>4591.922834</timestamp>
			</report>
			<report>
				<misses>652100000</misses>
				<total>0</total>
				<timestamp>4592.620571</timestamp>
			</report>
			<report>
				<misses>652200000</misses>
				<total>0</total>
				<timestamp>4593.310468</timestamp>
			</report>
			<report>
				<misses>652300000</misses>
				<total>0</total>
				<timestamp>4593.993862</timestamp>
			</report>
			<report>
				<misses>652400000</misses>
				<total>0</total>
				<timestamp>4594.694311</timestamp>
			</report>
			<report>
				<misses>652500000</misses>
				<total>0</total>
				<timestamp>4595.383457</timestamp>
			</report>
			<report>
				<misses>652600000</misses>
				<total>0</total>
				<timestamp>4596.067970</timestamp>
			</report>
			<report>
				<misses>652700000</misses>
				<total>0</total>
				<timestamp>4596.751798</timestamp>
			</report>
			<report>
				<misses>652800000</misses>
				<total>0</total>
				<timestamp>4597.440627</timestamp>
			</report>
			<report>
				<misses>652900000</misses>
				<total>0</total>
				<timestamp>4598.145939</timestamp>
			</report>
			<report>
				<misses>653000000</misses>
				<total>0</total>
				<timestamp>4598.853089</timestamp>
			</report>
			<report>
				<misses>653100000</misses>
				<total>0</total>
				<timestamp>4599.578345</timestamp>
			</report>
			<report>
				<misses>653200000</misses>
				<total>0</total>
				<timestamp>4600.283822</timestamp>
			</report>
			<report>
				<misses>653300000</misses>
				<total>0</total>
				<timestamp>4600.983507</timestamp>
			</report>
			<report>
				<misses>653400000</misses>
				<total>0</total>
				<timestamp>4601.709046</timestamp>
			</report>
			<report>
				<misses>653500000</misses>
				<total>0</total>
				<timestamp>4602.404460</timestamp>
			</report>
			<report>
				<misses>653600000</misses>
				<total>0</total>
				<timestamp>4603.116824</timestamp>
			</report>
			<report>
				<misses>653700000</misses>
				<total>0</total>
				<timestamp>4603.839248</timestamp>
			</report>
			<report>
				<misses>653800000</misses>
				<total>0</total>
				<timestamp>4604.536001</timestamp>
			</report>
			<report>
				<misses>653900000</misses>
				<total>0</total>
				<timestamp>4605.244673</timestamp>
			</report>
			<report>
				<misses>654000000</misses>
				<total>0</total>
				<timestamp>4605.974279</timestamp>
			</report>
			<report>
				<misses>654100000</misses>
				<total>0</total>
				<timestamp>4606.691969</timestamp>
			</report>
			<report>
				<misses>654200000</misses>
				<total>0</total>
				<timestamp>4607.368219</timestamp>
			</report>
			<report>
				<misses>654300000</misses>
				<total>0</total>
				<timestamp>4608.063823</timestamp>
			</report>
			<report>
				<misses>654400000</misses>
				<total>0</total>
				<timestamp>4608.762207</timestamp>
			</report>
			<report>
				<misses>654500000</misses>
				<total>0</total>
				<timestamp>4609.443604</timestamp>
			</report>
			<report>
				<misses>654600000</misses>
				<total>0</total>
				<timestamp>4610.140583</timestamp>
			</report>
			<report>
				<misses>654700000</misses>
				<total>0</total>
				<timestamp>4610.837784</timestamp>
			</report>
			<report>
				<misses>654800000</misses>
				<total>0</total>
				<timestamp>4611.529127</timestamp>
			</report>
			<report>
				<misses>654900000</misses>
				<total>0</total>
				<timestamp>4612.231364</timestamp>
			</report>
			<report>
				<misses>655000000</misses>
				<total>0</total>
				<timestamp>4612.926512</timestamp>
			</report>
			<report>
				<misses>655100000</misses>
				<total>0</total>
				<timestamp>4613.628028</timestamp>
			</report>
			<report>
				<misses>655200000</misses>
				<total>0</total>
				<timestamp>4614.312367</timestamp>
			</report>
			<report>
				<misses>655300000</misses>
				<total>0</total>
				<timestamp>4615.065449</timestamp>
			</report>
			<report>
				<misses>655400000</misses>
				<total>0</total>
				<timestamp>4615.782573</timestamp>
			</report>
			<report>
				<misses>655500000</misses>
				<total>0</total>
				<timestamp>4616.493629</timestamp>
			</report>
			<report>
				<misses>655600000</misses>
				<total>0</total>
				<timestamp>4617.214487</timestamp>
			</report>
			<report>
				<misses>655700000</misses>
				<total>0</total>
				<timestamp>4617.931633</timestamp>
			</report>
			<report>
				<misses>655800000</misses>
				<total>0</total>
				<timestamp>4618.646991</timestamp>
			</report>
			<report>
				<misses>655900000</misses>
				<total>0</total>
				<timestamp>4619.346392</timestamp>
			</report>
			<report>
				<misses>656000000</misses>
				<total>0</total>
				<timestamp>4620.041427</timestamp>
			</report>
			<report>
				<misses>656100000</misses>
				<total>0</total>
				<timestamp>4620.733588</timestamp>
			</report>
			<report>
				<misses>656200000</misses>
				<total>0</total>
				<timestamp>4621.454756</timestamp>
			</report>
			<report>
				<misses>656300000</misses>
				<total>0</total>
				<timestamp>4622.189608</timestamp>
			</report>
			<report>
				<misses>656400000</misses>
				<total>0</total>
				<timestamp>4622.903728</timestamp>
			</report>
			<report>
				<misses>656500000</misses>
				<total>0</total>
				<timestamp>4623.616574</timestamp>
			</report>
			<report>
				<misses>656600000</misses>
				<total>0</total>
				<timestamp>4624.304562</timestamp>
			</report>
			<report>
				<misses>656700000</misses>
				<total>0</total>
				<timestamp>4624.992977</timestamp>
			</report>
			<report>
				<misses>656800000</misses>
				<total>0</total>
				<timestamp>4625.674675</timestamp>
			</report>
			<report>
				<misses>656900000</misses>
				<total>0</total>
				<timestamp>4626.369107</timestamp>
			</report>
			<report>
				<misses>657000000</misses>
				<total>0</total>
				<timestamp>4627.047448</timestamp>
			</report>
			<report>
				<misses>657100000</misses>
				<total>0</total>
				<timestamp>4627.755434</timestamp>
			</report>
			<report>
				<misses>657200000</misses>
				<total>0</total>
				<timestamp>4628.461769</timestamp>
			</report>
			<report>
				<misses>657300000</misses>
				<total>0</total>
				<timestamp>4629.137937</timestamp>
			</report>
			<report>
				<misses>657400000</misses>
				<total>0</total>
				<timestamp>4629.838121</timestamp>
			</report>
			<report>
				<misses>657500000</misses>
				<total>0</total>
				<timestamp>4630.528500</timestamp>
			</report>
			<report>
				<misses>657600000</misses>
				<total>0</total>
				<timestamp>4631.244014</timestamp>
			</report>
			<report>
				<misses>657700000</misses>
				<total>0</total>
				<timestamp>4631.947724</timestamp>
			</report>
			<report>
				<misses>657800000</misses>
				<total>0</total>
				<timestamp>4632.664462</timestamp>
			</report>
			<report>
				<misses>657900000</misses>
				<total>0</total>
				<timestamp>4633.398370</timestamp>
			</report>
			<report>
				<misses>658000000</misses>
				<total>0</total>
				<timestamp>4634.092982</timestamp>
			</report>
			<report>
				<misses>658100000</misses>
				<total>0</total>
				<timestamp>4634.814049</timestamp>
			</report>
			<report>
				<misses>658200000</misses>
				<total>0</total>
				<timestamp>4635.505892</timestamp>
			</report>
			<report>
				<misses>658300000</misses>
				<total>0</total>
				<timestamp>4636.231604</timestamp>
			</report>
			<report>
				<misses>658400000</misses>
				<total>0</total>
				<timestamp>4636.935241</timestamp>
			</report>
			<report>
				<misses>658500000</misses>
				<total>0</total>
				<timestamp>4637.630464</timestamp>
			</report>
			<report>
				<misses>658600000</misses>
				<total>0</total>
				<timestamp>4638.336567</timestamp>
			</report>
			<report>
				<misses>658700000</misses>
				<total>0</total>
				<timestamp>4639.047104</timestamp>
			</report>
			<report>
				<misses>658800000</misses>
				<total>0</total>
				<timestamp>4639.731955</timestamp>
			</report>
			<report>
				<misses>658900000</misses>
				<total>0</total>
				<timestamp>4640.421138</timestamp>
			</report>
			<report>
				<misses>659000000</misses>
				<total>0</total>
				<timestamp>4641.090970</timestamp>
			</report>
			<report>
				<misses>659100000</misses>
				<total>0</total>
				<timestamp>4641.788951</timestamp>
			</report>
			<report>
				<misses>659200000</misses>
				<total>0</total>
				<timestamp>4642.494029</timestamp>
			</report>
			<report>
				<misses>659300000</misses>
				<total>0</total>
				<timestamp>4643.175642</timestamp>
			</report>
			<report>
				<misses>659400000</misses>
				<total>0</total>
				<timestamp>4643.876537</timestamp>
			</report>
			<report>
				<misses>659500000</misses>
				<total>0</total>
				<timestamp>4644.585032</timestamp>
			</report>
			<report>
				<misses>659600000</misses>
				<total>0</total>
				<timestamp>4645.281429</timestamp>
			</report>
			<report>
				<misses>659700000</misses>
				<total>0</total>
				<timestamp>4645.988951</timestamp>
			</report>
			<report>
				<misses>659800000</misses>
				<total>0</total>
				<timestamp>4646.675325</timestamp>
			</report>
			<report>
				<misses>659900000</misses>
				<total>0</total>
				<timestamp>4647.442369</timestamp>
			</report>
			<report>
				<misses>660000000</misses>
				<total>0</total>
				<timestamp>4648.191503</timestamp>
			</report>
			<report>
				<misses>660100000</misses>
				<total>0</total>
				<timestamp>4648.919956</timestamp>
			</report>
			<report>
				<misses>660200000</misses>
				<total>0</total>
				<timestamp>4649.633290</timestamp>
			</report>
			<report>
				<misses>660300000</misses>
				<total>0</total>
				<timestamp>4650.346575</timestamp>
			</report>
			<report>
				<misses>660400000</misses>
				<total>0</total>
				<timestamp>4651.092561</timestamp>
			</report>
			<report>
				<misses>660500000</misses>
				<total>0</total>
				<timestamp>4651.822930</timestamp>
			</report>
			<report>
				<misses>660600000</misses>
				<total>0</total>
				<timestamp>4652.553772</timestamp>
			</report>
			<report>
				<misses>660700000</misses>
				<total>0</total>
				<timestamp>4653.274920</timestamp>
			</report>
			<report>
				<misses>660800000</misses>
				<total>0</total>
				<timestamp>4653.990094</timestamp>
			</report>
			<report>
				<misses>660900000</misses>
				<total>0</total>
				<timestamp>4654.707709</timestamp>
			</report>
			<report>
				<misses>661000000</misses>
				<total>0</total>
				<timestamp>4655.429219</timestamp>
			</report>
			<report>
				<misses>661100000</misses>
				<total>0</total>
				<timestamp>4656.138423</timestamp>
			</report>
			<report>
				<misses>661200000</misses>
				<total>0</total>
				<timestamp>4656.862893</timestamp>
			</report>
			<report>
				<misses>661300000</misses>
				<total>0</total>
				<timestamp>4657.568712</timestamp>
			</report>
			<report>
				<misses>661400000</misses>
				<total>0</total>
				<timestamp>4658.251258</timestamp>
			</report>
			<report>
				<misses>661500000</misses>
				<total>0</total>
				<timestamp>4658.923366</timestamp>
			</report>
			<report>
				<misses>661600000</misses>
				<total>0</total>
				<timestamp>4659.594641</timestamp>
			</report>
			<report>
				<misses>661700000</misses>
				<total>0</total>
				<timestamp>4660.291197</timestamp>
			</report>
			<report>
				<misses>661800000</misses>
				<total>0</total>
				<timestamp>4660.972842</timestamp>
			</report>
			<report>
				<misses>661900000</misses>
				<total>0</total>
				<timestamp>4661.662853</timestamp>
			</report>
			<report>
				<misses>662000000</misses>
				<total>0</total>
				<timestamp>4662.357867</timestamp>
			</report>
			<report>
				<misses>662100000</misses>
				<total>0</total>
				<timestamp>4663.029802</timestamp>
			</report>
			<report>
				<misses>662200000</misses>
				<total>0</total>
				<timestamp>4663.711323</timestamp>
			</report>
			<report>
				<misses>662300000</misses>
				<total>0</total>
				<timestamp>4664.401758</timestamp>
			</report>
			<report>
				<misses>662400000</misses>
				<total>0</total>
				<timestamp>4665.143649</timestamp>
			</report>
			<report>
				<misses>662500000</misses>
				<total>0</total>
				<timestamp>4665.863276</timestamp>
			</report>
			<report>
				<misses>662600000</misses>
				<total>0</total>
				<timestamp>4666.576274</timestamp>
			</report>
			<report>
				<misses>662700000</misses>
				<total>0</total>
				<timestamp>4667.296345</timestamp>
			</report>
			<report>
				<misses>662800000</misses>
				<total>0</total>
				<timestamp>4668.001647</timestamp>
			</report>
			<report>
				<misses>662900000</misses>
				<total>0</total>
				<timestamp>4668.706172</timestamp>
			</report>
			<report>
				<misses>663000000</misses>
				<total>0</total>
				<timestamp>4669.407165</timestamp>
			</report>
			<report>
				<misses>663100000</misses>
				<total>0</total>
				<timestamp>4670.145911</timestamp>
			</report>
			<report>
				<misses>663200000</misses>
				<total>0</total>
				<timestamp>4670.880561</timestamp>
			</report>
			<report>
				<misses>663300000</misses>
				<total>0</total>
				<timestamp>4671.629639</timestamp>
			</report>
			<report>
				<misses>663400000</misses>
				<total>0</total>
				<timestamp>4672.361670</timestamp>
			</report>
			<report>
				<misses>663500000</misses>
				<total>0</total>
				<timestamp>4673.116347</timestamp>
			</report>
			<report>
				<misses>663600000</misses>
				<total>0</total>
				<timestamp>4673.867270</timestamp>
			</report>
			<report>
				<misses>663700000</misses>
				<total>0</total>
				<timestamp>4674.568635</timestamp>
			</report>
			<report>
				<misses>663800000</misses>
				<total>0</total>
				<timestamp>4675.301263</timestamp>
			</report>
			<report>
				<misses>663900000</misses>
				<total>0</total>
				<timestamp>4676.026596</timestamp>
			</report>
			<report>
				<misses>664000000</misses>
				<total>0</total>
				<timestamp>4676.745095</timestamp>
			</report>
			<report>
				<misses>664100000</misses>
				<total>0</total>
				<timestamp>4677.472960</timestamp>
			</report>
			<report>
				<misses>664200000</misses>
				<total>0</total>
				<timestamp>4678.178512</timestamp>
			</report>
			<report>
				<misses>664300000</misses>
				<total>0</total>
				<timestamp>4678.862040</timestamp>
			</report>
			<report>
				<misses>664400000</misses>
				<total>0</total>
				<timestamp>4679.558490</timestamp>
			</report>
			<report>
				<misses>664500000</misses>
				<total>0</total>
				<timestamp>4680.251918</timestamp>
			</report>
			<report>
				<misses>664600000</misses>
				<total>0</total>
				<timestamp>4680.937253</timestamp>
			</report>
			<report>
				<misses>664700000</misses>
				<total>0</total>
				<timestamp>4681.621010</timestamp>
			</report>
			<report>
				<misses>664800000</misses>
				<total>0</total>
				<timestamp>4682.300478</timestamp>
			</report>
			<report>
				<misses>664900000</misses>
				<total>0</total>
				<timestamp>4682.986789</timestamp>
			</report>
			<report>
				<misses>665000000</misses>
				<total>0</total>
				<timestamp>4683.687580</timestamp>
			</report>
			<report>
				<misses>665100000</misses>
				<total>0</total>
				<timestamp>4684.366645</timestamp>
			</report>
			<report>
				<misses>665200000</misses>
				<total>0</total>
				<timestamp>4685.071907</timestamp>
			</report>
			<report>
				<misses>665300000</misses>
				<total>0</total>
				<timestamp>4685.798386</timestamp>
			</report>
			<report>
				<misses>665400000</misses>
				<total>0</total>
				<timestamp>4686.561686</timestamp>
			</report>
			<report>
				<misses>665500000</misses>
				<total>0</total>
				<timestamp>4687.295457</timestamp>
			</report>
			<report>
				<misses>665600000</misses>
				<total>0</total>
				<timestamp>4688.057765</timestamp>
			</report>
			<report>
				<misses>665700000</misses>
				<total>0</total>
				<timestamp>4688.801753</timestamp>
			</report>
			<report>
				<misses>665800000</misses>
				<total>0</total>
				<timestamp>4689.523598</timestamp>
			</report>
			<report>
				<misses>665900000</misses>
				<total>0</total>
				<timestamp>4690.234235</timestamp>
			</report>
			<report>
				<misses>666000000</misses>
				<total>0</total>
				<timestamp>4690.957777</timestamp>
			</report>
			<report>
				<misses>666100000</misses>
				<total>0</total>
				<timestamp>4691.671836</timestamp>
			</report>
			<report>
				<misses>666200000</misses>
				<total>0</total>
				<timestamp>4692.387365</timestamp>
			</report>
			<report>
				<misses>666300000</misses>
				<total>0</total>
				<timestamp>4693.102101</timestamp>
			</report>
			<report>
				<misses>666400000</misses>
				<total>0</total>
				<timestamp>4693.786072</timestamp>
			</report>
			<report>
				<misses>666500000</misses>
				<total>0</total>
				<timestamp>4694.489137</timestamp>
			</report>
			<report>
				<misses>666600000</misses>
				<total>0</total>
				<timestamp>4695.184808</timestamp>
			</report>
			<report>
				<misses>666700000</misses>
				<total>0</total>
				<timestamp>4695.883358</timestamp>
			</report>
			<report>
				<misses>666800000</misses>
				<total>0</total>
				<timestamp>4696.553695</timestamp>
			</report>
			<report>
				<misses>666900000</misses>
				<total>0</total>
				<timestamp>4697.242481</timestamp>
			</report>
			<report>
				<misses>667000000</misses>
				<total>0</total>
				<timestamp>4697.940489</timestamp>
			</report>
			<report>
				<misses>667100000</misses>
				<total>0</total>
				<timestamp>4698.614903</timestamp>
			</report>
			<report>
				<misses>667200000</misses>
				<total>0</total>
				<timestamp>4699.302569</timestamp>
			</report>
			<report>
				<misses>667300000</misses>
				<total>0</total>
				<timestamp>4699.979981</timestamp>
			</report>
			<report>
				<misses>667400000</misses>
				<total>0</total>
				<timestamp>4700.698147</timestamp>
			</report>
			<report>
				<misses>667500000</misses>
				<total>0</total>
				<timestamp>4701.428511</timestamp>
			</report>
			<report>
				<misses>667600000</misses>
				<total>0</total>
				<timestamp>4702.149465</timestamp>
			</report>
			<report>
				<misses>667700000</misses>
				<total>0</total>
				<timestamp>4702.836909</timestamp>
			</report>
			<report>
				<misses>667800000</misses>
				<total>0</total>
				<timestamp>4703.546876</timestamp>
			</report>
			<report>
				<misses>667900000</misses>
				<total>0</total>
				<timestamp>4704.248637</timestamp>
			</report>
			<report>
				<misses>668000000</misses>
				<total>0</total>
				<timestamp>4704.973186</timestamp>
			</report>
			<report>
				<misses>668100000</misses>
				<total>0</total>
				<timestamp>4705.679616</timestamp>
			</report>
			<report>
				<misses>668200000</misses>
				<total>0</total>
				<timestamp>4706.379351</timestamp>
			</report>
			<report>
				<misses>668300000</misses>
				<total>0</total>
				<timestamp>4707.078166</timestamp>
			</report>
			<report>
				<misses>668400000</misses>
				<total>0</total>
				<timestamp>4707.801442</timestamp>
			</report>
			<report>
				<misses>668500000</misses>
				<total>0</total>
				<timestamp>4708.497022</timestamp>
			</report>
			<report>
				<misses>668600000</misses>
				<total>0</total>
				<timestamp>4709.189525</timestamp>
			</report>
			<report>
				<misses>668700000</misses>
				<total>0</total>
				<timestamp>4709.900257</timestamp>
			</report>
			<report>
				<misses>668800000</misses>
				<total>0</total>
				<timestamp>4710.618456</timestamp>
			</report>
			<report>
				<misses>668900000</misses>
				<total>0</total>
				<timestamp>4711.300379</timestamp>
			</report>
			<report>
				<misses>669000000</misses>
				<total>0</total>
				<timestamp>4711.978842</timestamp>
			</report>
			<report>
				<misses>669100000</misses>
				<total>0</total>
				<timestamp>4712.668592</timestamp>
			</report>
			<report>
				<misses>669200000</misses>
				<total>0</total>
				<timestamp>4713.354033</timestamp>
			</report>
			<report>
				<misses>669300000</misses>
				<total>0</total>
				<timestamp>4714.043078</timestamp>
			</report>
			<report>
				<misses>669400000</misses>
				<total>0</total>
				<timestamp>4714.727821</timestamp>
			</report>
			<report>
				<misses>669500000</misses>
				<total>0</total>
				<timestamp>4715.427226</timestamp>
			</report>
			<report>
				<misses>669600000</misses>
				<total>0</total>
				<timestamp>4716.122865</timestamp>
			</report>
			<report>
				<misses>669700000</misses>
				<total>0</total>
				<timestamp>4716.813680</timestamp>
			</report>
			<report>
				<misses>669800000</misses>
				<total>0</total>
				<timestamp>4717.515575</timestamp>
			</report>
			<report>
				<misses>669900000</misses>
				<total>0</total>
				<timestamp>4718.216720</timestamp>
			</report>
			<report>
				<misses>670000000</misses>
				<total>0</total>
				<timestamp>4718.935571</timestamp>
			</report>
			<report>
				<misses>670100000</misses>
				<total>0</total>
				<timestamp>4719.649405</timestamp>
			</report>
			<report>
				<misses>670200000</misses>
				<total>0</total>
				<timestamp>4720.349316</timestamp>
			</report>
			<report>
				<misses>670300000</misses>
				<total>0</total>
				<timestamp>4721.044388</timestamp>
			</report>
			<report>
				<misses>670400000</misses>
				<total>0</total>
				<timestamp>4721.770260</timestamp>
			</report>
			<report>
				<misses>670500000</misses>
				<total>0</total>
				<timestamp>4722.462759</timestamp>
			</report>
			<report>
				<misses>670600000</misses>
				<total>0</total>
				<timestamp>4723.171877</timestamp>
			</report>
			<report>
				<misses>670700000</misses>
				<total>0</total>
				<timestamp>4723.871587</timestamp>
			</report>
			<report>
				<misses>670800000</misses>
				<total>0</total>
				<timestamp>4724.574820</timestamp>
			</report>
			<report>
				<misses>670900000</misses>
				<total>0</total>
				<timestamp>4725.308370</timestamp>
			</report>
			<report>
				<misses>671000000</misses>
				<total>0</total>
				<timestamp>4726.012703</timestamp>
			</report>
			<report>
				<misses>671100000</misses>
				<total>0</total>
				<timestamp>4726.710484</timestamp>
			</report>
			<report>
				<misses>671200000</misses>
				<total>0</total>
				<timestamp>4727.398124</timestamp>
			</report>
			<report>
				<misses>671300000</misses>
				<total>0</total>
				<timestamp>4728.092553</timestamp>
			</report>
			<report>
				<misses>671400000</misses>
				<total>0</total>
				<timestamp>4728.786715</timestamp>
			</report>
			<report>
				<misses>671500000</misses>
				<total>0</total>
				<timestamp>4729.483577</timestamp>
			</report>
			<report>
				<misses>671600000</misses>
				<total>0</total>
				<timestamp>4730.161764</timestamp>
			</report>
			<report>
				<misses>671700000</misses>
				<total>0</total>
				<timestamp>4730.837555</timestamp>
			</report>
			<report>
				<misses>671800000</misses>
				<total>0</total>
				<timestamp>4731.529921</timestamp>
			</report>
			<report>
				<misses>671900000</misses>
				<total>0</total>
				<timestamp>4732.202989</timestamp>
			</report>
			<report>
				<misses>672000000</misses>
				<total>0</total>
				<timestamp>4732.888779</timestamp>
			</report>
			<report>
				<misses>672100000</misses>
				<total>0</total>
				<timestamp>4733.580746</timestamp>
			</report>
			<report>
				<misses>672200000</misses>
				<total>0</total>
				<timestamp>4734.300734</timestamp>
			</report>
			<report>
				<misses>672300000</misses>
				<total>0</total>
				<timestamp>4734.998060</timestamp>
			</report>
			<report>
				<misses>672400000</misses>
				<total>0</total>
				<timestamp>4735.699495</timestamp>
			</report>
			<report>
				<misses>672500000</misses>
				<total>0</total>
				<timestamp>4736.416313</timestamp>
			</report>
			<report>
				<misses>672600000</misses>
				<total>0</total>
				<timestamp>4737.108975</timestamp>
			</report>
			<report>
				<misses>672700000</misses>
				<total>0</total>
				<timestamp>4737.831525</timestamp>
			</report>
			<report>
				<misses>672800000</misses>
				<total>0</total>
				<timestamp>4738.528716</timestamp>
			</report>
			<report>
				<misses>672900000</misses>
				<total>0</total>
				<timestamp>4739.229858</timestamp>
			</report>
			<report>
				<misses>673000000</misses>
				<total>0</total>
				<timestamp>4739.949600</timestamp>
			</report>
			<report>
				<misses>673100000</misses>
				<total>0</total>
				<timestamp>4740.644275</timestamp>
			</report>
			<report>
				<misses>673200000</misses>
				<total>0</total>
				<timestamp>4741.361884</timestamp>
			</report>
			<report>
				<misses>673300000</misses>
				<total>0</total>
				<timestamp>4742.074997</timestamp>
			</report>
			<report>
				<misses>673400000</misses>
				<total>0</total>
				<timestamp>4742.785401</timestamp>
			</report>
			<report>
				<misses>673500000</misses>
				<total>0</total>
				<timestamp>4743.522559</timestamp>
			</report>
			<report>
				<misses>673600000</misses>
				<total>0</total>
				<timestamp>4744.224042</timestamp>
			</report>
			<report>
				<misses>673700000</misses>
				<total>0</total>
				<timestamp>4744.922176</timestamp>
			</report>
			<report>
				<misses>673800000</misses>
				<total>0</total>
				<timestamp>4745.604691</timestamp>
			</report>
			<report>
				<misses>673900000</misses>
				<total>0</total>
				<timestamp>4746.290167</timestamp>
			</report>
			<report>
				<misses>674000000</misses>
				<total>0</total>
				<timestamp>4746.983355</timestamp>
			</report>
			<report>
				<misses>674100000</misses>
				<total>0</total>
				<timestamp>4747.671358</timestamp>
			</report>
			<report>
				<misses>674200000</misses>
				<total>0</total>
				<timestamp>4748.381312</timestamp>
			</report>
			<report>
				<misses>674300000</misses>
				<total>0</total>
				<timestamp>4749.066274</timestamp>
			</report>
			<report>
				<misses>674400000</misses>
				<total>0</total>
				<timestamp>4749.759356</timestamp>
			</report>
			<report>
				<misses>674500000</misses>
				<total>0</total>
				<timestamp>4750.443883</timestamp>
			</report>
			<report>
				<misses>674600000</misses>
				<total>0</total>
				<timestamp>4751.128647</timestamp>
			</report>
			<report>
				<misses>674700000</misses>
				<total>0</total>
				<timestamp>4751.831485</timestamp>
			</report>
			<report>
				<misses>674800000</misses>
				<total>0</total>
				<timestamp>4752.551162</timestamp>
			</report>
			<report>
				<misses>674900000</misses>
				<total>0</total>
				<timestamp>4753.272233</timestamp>
			</report>
			<report>
				<misses>675000000</misses>
				<total>0</total>
				<timestamp>4753.990991</timestamp>
			</report>
			<report>
				<misses>675100000</misses>
				<total>0</total>
				<timestamp>4754.722996</timestamp>
			</report>
			<report>
				<misses>675200000</misses>
				<total>0</total>
				<timestamp>4755.417124</timestamp>
			</report>
			<report>
				<misses>675300000</misses>
				<total>0</total>
				<timestamp>4756.147884</timestamp>
			</report>
			<report>
				<misses>675400000</misses>
				<total>0</total>
				<timestamp>4756.900427</timestamp>
			</report>
			<report>
				<misses>675500000</misses>
				<total>0</total>
				<timestamp>4757.636117</timestamp>
			</report>
			<report>
				<misses>675600000</misses>
				<total>0</total>
				<timestamp>4758.360696</timestamp>
			</report>
			<report>
				<misses>675700000</misses>
				<total>0</total>
				<timestamp>4759.088753</timestamp>
			</report>
			<report>
				<misses>675800000</misses>
				<total>0</total>
				<timestamp>4759.824131</timestamp>
			</report>
			<report>
				<misses>675900000</misses>
				<total>0</total>
				<timestamp>4760.572406</timestamp>
			</report>
			<report>
				<misses>676000000</misses>
				<total>0</total>
				<timestamp>4761.315351</timestamp>
			</report>
			<report>
				<misses>676100000</misses>
				<total>0</total>
				<timestamp>4762.038417</timestamp>
			</report>
			<report>
				<misses>676200000</misses>
				<total>0</total>
				<timestamp>4762.784576</timestamp>
			</report>
			<report>
				<misses>676300000</misses>
				<total>0</total>
				<timestamp>4763.520159</timestamp>
			</report>
			<report>
				<misses>676400000</misses>
				<total>0</total>
				<timestamp>4764.260612</timestamp>
			</report>
			<report>
				<misses>676500000</misses>
				<total>0</total>
				<timestamp>4765.001807</timestamp>
			</report>
			<report>
				<misses>676600000</misses>
				<total>0</total>
				<timestamp>4765.747197</timestamp>
			</report>
			<report>
				<misses>676700000</misses>
				<total>0</total>
				<timestamp>4766.503602</timestamp>
			</report>
			<report>
				<misses>676800000</misses>
				<total>0</total>
				<timestamp>4767.228557</timestamp>
			</report>
			<report>
				<misses>676900000</misses>
				<total>0</total>
				<timestamp>4767.957658</timestamp>
			</report>
			<report>
				<misses>677000000</misses>
				<total>0</total>
				<timestamp>4768.678795</timestamp>
			</report>
			<report>
				<misses>677100000</misses>
				<total>0</total>
				<timestamp>4769.398128</timestamp>
			</report>
			<report>
				<misses>677200000</misses>
				<total>0</total>
				<timestamp>4770.126420</timestamp>
			</report>
			<report>
				<misses>677300000</misses>
				<total>0</total>
				<timestamp>4770.802748</timestamp>
			</report>
			<report>
				<misses>677400000</misses>
				<total>0</total>
				<timestamp>4771.477795</timestamp>
			</report>
			<report>
				<misses>677500000</misses>
				<total>0</total>
				<timestamp>4772.181767</timestamp>
			</report>
			<report>
				<misses>677600000</misses>
				<total>0</total>
				<timestamp>4772.863507</timestamp>
			</report>
			<report>
				<misses>677700000</misses>
				<total>0</total>
				<timestamp>4773.535929</timestamp>
			</report>
			<report>
				<misses>677800000</misses>
				<total>0</total>
				<timestamp>4774.211676</timestamp>
			</report>
			<report>
				<misses>677900000</misses>
				<total>0</total>
				<timestamp>4774.886653</timestamp>
			</report>
			<report>
				<misses>678000000</misses>
				<total>0</total>
				<timestamp>4775.555590</timestamp>
			</report>
			<report>
				<misses>678100000</misses>
				<total>0</total>
				<timestamp>4776.246211</timestamp>
			</report>
			<report>
				<misses>678200000</misses>
				<total>0</total>
				<timestamp>4776.932821</timestamp>
			</report>
			<report>
				<misses>678300000</misses>
				<total>0</total>
				<timestamp>4777.673649</timestamp>
			</report>
			<report>
				<misses>678400000</misses>
				<total>0</total>
				<timestamp>4778.427919</timestamp>
			</report>
			<report>
				<misses>678500000</misses>
				<total>0</total>
				<timestamp>4779.173322</timestamp>
			</report>
			<report>
				<misses>678600000</misses>
				<total>0</total>
				<timestamp>4779.898045</timestamp>
			</report>
			<report>
				<misses>678700000</misses>
				<total>0</total>
				<timestamp>4780.633589</timestamp>
			</report>
			<report>
				<misses>678800000</misses>
				<total>0</total>
				<timestamp>4781.350098</timestamp>
			</report>
			<report>
				<misses>678900000</misses>
				<total>0</total>
				<timestamp>4782.060574</timestamp>
			</report>
			<report>
				<misses>679000000</misses>
				<total>0</total>
				<timestamp>4782.758412</timestamp>
			</report>
			<report>
				<misses>679100000</misses>
				<total>0</total>
				<timestamp>4783.455590</timestamp>
			</report>
			<report>
				<misses>679200000</misses>
				<total>0</total>
				<timestamp>4784.172415</timestamp>
			</report>
			<report>
				<misses>679300000</misses>
				<total>0</total>
				<timestamp>4784.894332</timestamp>
			</report>
			<report>
				<misses>679400000</misses>
				<total>0</total>
				<timestamp>4785.610352</timestamp>
			</report>
			<report>
				<misses>679500000</misses>
				<total>0</total>
				<timestamp>4786.315631</timestamp>
			</report>
			<report>
				<misses>679600000</misses>
				<total>0</total>
				<timestamp>4787.012572</timestamp>
			</report>
			<report>
				<misses>679700000</misses>
				<total>0</total>
				<timestamp>4787.720709</timestamp>
			</report>
			<report>
				<misses>679800000</misses>
				<total>0</total>
				<timestamp>4788.453893</timestamp>
			</report>
			<report>
				<misses>679900000</misses>
				<total>0</total>
				<timestamp>4789.173342</timestamp>
			</report>
			<report>
				<misses>680000000</misses>
				<total>0</total>
				<timestamp>4789.869424</timestamp>
			</report>
			<report>
				<misses>680100000</misses>
				<total>0</total>
				<timestamp>4790.587400</timestamp>
			</report>
			<report>
				<misses>680200000</misses>
				<total>0</total>
				<timestamp>4791.307333</timestamp>
			</report>
			<report>
				<misses>680300000</misses>
				<total>0</total>
				<timestamp>4791.990471</timestamp>
			</report>
			<report>
				<misses>680400000</misses>
				<total>0</total>
				<timestamp>4792.690531</timestamp>
			</report>
			<report>
				<misses>680500000</misses>
				<total>0</total>
				<timestamp>4793.376579</timestamp>
			</report>
			<report>
				<misses>680600000</misses>
				<total>0</total>
				<timestamp>4794.060149</timestamp>
			</report>
			<report>
				<misses>680700000</misses>
				<total>0</total>
				<timestamp>4794.745115</timestamp>
			</report>
			<report>
				<misses>680800000</misses>
				<total>0</total>
				<timestamp>4795.439550</timestamp>
			</report>
			<report>
				<misses>680900000</misses>
				<total>0</total>
				<timestamp>4796.113859</timestamp>
			</report>
			<report>
				<misses>681000000</misses>
				<total>0</total>
				<timestamp>4796.789254</timestamp>
			</report>
			<report>
				<misses>681100000</misses>
				<total>0</total>
				<timestamp>4797.478016</timestamp>
			</report>
			<report>
				<misses>681200000</misses>
				<total>0</total>
				<timestamp>4798.190311</timestamp>
			</report>
			<report>
				<misses>681300000</misses>
				<total>0</total>
				<timestamp>4798.892589</timestamp>
			</report>
			<report>
				<misses>681400000</misses>
				<total>0</total>
				<timestamp>4799.607834</timestamp>
			</report>
			<report>
				<misses>681500000</misses>
				<total>0</total>
				<timestamp>4800.304776</timestamp>
			</report>
			<report>
				<misses>681600000</misses>
				<total>0</total>
				<timestamp>4801.033103</timestamp>
			</report>
			<report>
				<misses>681700000</misses>
				<total>0</total>
				<timestamp>4801.741277</timestamp>
			</report>
			<report>
				<misses>681800000</misses>
				<total>0</total>
				<timestamp>4802.449975</timestamp>
			</report>
			<report>
				<misses>681900000</misses>
				<total>0</total>
				<timestamp>4803.147170</timestamp>
			</report>
			<report>
				<misses>682000000</misses>
				<total>0</total>
				<timestamp>4803.856314</timestamp>
			</report>
			<report>
				<misses>682100000</misses>
				<total>0</total>
				<timestamp>4804.568426</timestamp>
			</report>
			<report>
				<misses>682200000</misses>
				<total>0</total>
				<timestamp>4805.264391</timestamp>
			</report>
			<report>
				<misses>682300000</misses>
				<total>0</total>
				<timestamp>4805.989655</timestamp>
			</report>
			<report>
				<misses>682400000</misses>
				<total>0</total>
				<timestamp>4806.695456</timestamp>
			</report>
			<report>
				<misses>682500000</misses>
				<total>0</total>
				<timestamp>4807.425660</timestamp>
			</report>
			<report>
				<misses>682600000</misses>
				<total>0</total>
				<timestamp>4808.126232</timestamp>
			</report>
			<report>
				<misses>682700000</misses>
				<total>0</total>
				<timestamp>4808.820774</timestamp>
			</report>
			<report>
				<misses>682800000</misses>
				<total>0</total>
				<timestamp>4809.501062</timestamp>
			</report>
			<report>
				<misses>682900000</misses>
				<total>0</total>
				<timestamp>4810.176071</timestamp>
			</report>
			<report>
				<misses>683000000</misses>
				<total>0</total>
				<timestamp>4810.891569</timestamp>
			</report>
			<report>
				<misses>683100000</misses>
				<total>0</total>
				<timestamp>4811.586311</timestamp>
			</report>
			<report>
				<misses>683200000</misses>
				<total>0</total>
				<timestamp>4812.272113</timestamp>
			</report>
			<report>
				<misses>683300000</misses>
				<total>0</total>
				<timestamp>4812.970923</timestamp>
			</report>
			<report>
				<misses>683400000</misses>
				<total>0</total>
				<timestamp>4813.654445</timestamp>
			</report>
			<report>
				<misses>683500000</misses>
				<total>0</total>
				<timestamp>4814.334082</timestamp>
			</report>
			<report>
				<misses>683600000</misses>
				<total>0</total>
				<timestamp>4815.104629</timestamp>
			</report>
			<report>
				<misses>683700000</misses>
				<total>0</total>
				<timestamp>4815.833290</timestamp>
			</report>
			<report>
				<misses>683800000</misses>
				<total>0</total>
				<timestamp>4816.551550</timestamp>
			</report>
			<report>
				<misses>683900000</misses>
				<total>0</total>
				<timestamp>4817.288223</timestamp>
			</report>
			<report>
				<misses>684000000</misses>
				<total>0</total>
				<timestamp>4818.033728</timestamp>
			</report>
			<report>
				<misses>684100000</misses>
				<total>0</total>
				<timestamp>4818.742567</timestamp>
			</report>
			<report>
				<misses>684200000</misses>
				<total>0</total>
				<timestamp>4819.465821</timestamp>
			</report>
			<report>
				<misses>684300000</misses>
				<total>0</total>
				<timestamp>4820.155611</timestamp>
			</report>
			<report>
				<misses>684400000</misses>
				<total>0</total>
				<timestamp>4820.862790</timestamp>
			</report>
			<report>
				<misses>684500000</misses>
				<total>0</total>
				<timestamp>4821.594212</timestamp>
			</report>
			<report>
				<misses>684600000</misses>
				<total>0</total>
				<timestamp>4822.306268</timestamp>
			</report>
			<report>
				<misses>684700000</misses>
				<total>0</total>
				<timestamp>4823.001560</timestamp>
			</report>
			<report>
				<misses>684800000</misses>
				<total>0</total>
				<timestamp>4823.748628</timestamp>
			</report>
			<report>
				<misses>684900000</misses>
				<total>0</total>
				<timestamp>4824.472411</timestamp>
			</report>
			<report>
				<misses>685000000</misses>
				<total>0</total>
				<timestamp>4825.175286</timestamp>
			</report>
			<report>
				<misses>685100000</misses>
				<total>0</total>
				<timestamp>4825.874342</timestamp>
			</report>
			<report>
				<misses>685200000</misses>
				<total>0</total>
				<timestamp>4826.582811</timestamp>
			</report>
			<report>
				<misses>685300000</misses>
				<total>0</total>
				<timestamp>4827.303152</timestamp>
			</report>
			<report>
				<misses>685400000</misses>
				<total>0</total>
				<timestamp>4827.997576</timestamp>
			</report>
			<report>
				<misses>685500000</misses>
				<total>0</total>
				<timestamp>4828.687696</timestamp>
			</report>
			<report>
				<misses>685600000</misses>
				<total>0</total>
				<timestamp>4829.387235</timestamp>
			</report>
			<report>
				<misses>685700000</misses>
				<total>0</total>
				<timestamp>4830.073101</timestamp>
			</report>
			<report>
				<misses>685800000</misses>
				<total>0</total>
				<timestamp>4830.759714</timestamp>
			</report>
			<report>
				<misses>685900000</misses>
				<total>0</total>
				<timestamp>4831.441963</timestamp>
			</report>
			<report>
				<misses>686000000</misses>
				<total>0</total>
				<timestamp>4832.120953</timestamp>
			</report>
			<report>
				<misses>686100000</misses>
				<total>0</total>
				<timestamp>4832.816024</timestamp>
			</report>
			<report>
				<misses>686200000</misses>
				<total>0</total>
				<timestamp>4833.512948</timestamp>
			</report>
			<report>
				<misses>686300000</misses>
				<total>0</total>
				<timestamp>4834.194017</timestamp>
			</report>
			<report>
				<misses>686400000</misses>
				<total>0</total>
				<timestamp>4834.935983</timestamp>
			</report>
			<report>
				<misses>686500000</misses>
				<total>0</total>
				<timestamp>4835.679411</timestamp>
			</report>
			<report>
				<misses>686600000</misses>
				<total>0</total>
				<timestamp>4836.405762</timestamp>
			</report>
			<report>
				<misses>686700000</misses>
				<total>0</total>
				<timestamp>4837.133709</timestamp>
			</report>
			<report>
				<misses>686800000</misses>
				<total>0</total>
				<timestamp>4837.863511</timestamp>
			</report>
			<report>
				<misses>686900000</misses>
				<total>0</total>
				<timestamp>4838.561635</timestamp>
			</report>
			<report>
				<misses>687000000</misses>
				<total>0</total>
				<timestamp>4839.272823</timestamp>
			</report>
			<report>
				<misses>687100000</misses>
				<total>0</total>
				<timestamp>4839.983836</timestamp>
			</report>
			<report>
				<misses>687200000</misses>
				<total>0</total>
				<timestamp>4840.687763</timestamp>
			</report>
			<report>
				<misses>687300000</misses>
				<total>0</total>
				<timestamp>4841.432137</timestamp>
			</report>
			<report>
				<misses>687400000</misses>
				<total>0</total>
				<timestamp>4842.122557</timestamp>
			</report>
			<report>
				<misses>687500000</misses>
				<total>0</total>
				<timestamp>4842.813266</timestamp>
			</report>
			<report>
				<misses>687600000</misses>
				<total>0</total>
				<timestamp>4843.538589</timestamp>
			</report>
			<report>
				<misses>687700000</misses>
				<total>0</total>
				<timestamp>4844.217185</timestamp>
			</report>
			<report>
				<misses>687800000</misses>
				<total>0</total>
				<timestamp>4844.917475</timestamp>
			</report>
			<report>
				<misses>687900000</misses>
				<total>0</total>
				<timestamp>4845.620593</timestamp>
			</report>
			<report>
				<misses>688000000</misses>
				<total>0</total>
				<timestamp>4846.325935</timestamp>
			</report>
			<report>
				<misses>688100000</misses>
				<total>0</total>
				<timestamp>4847.052198</timestamp>
			</report>
			<report>
				<misses>688200000</misses>
				<total>0</total>
				<timestamp>4847.743523</timestamp>
			</report>
			<report>
				<misses>688300000</misses>
				<total>0</total>
				<timestamp>4848.430325</timestamp>
			</report>
			<report>
				<misses>688400000</misses>
				<total>0</total>
				<timestamp>4849.111949</timestamp>
			</report>
			<report>
				<misses>688500000</misses>
				<total>0</total>
				<timestamp>4849.804188</timestamp>
			</report>
			<report>
				<misses>688600000</misses>
				<total>0</total>
				<timestamp>4850.489893</timestamp>
			</report>
			<report>
				<misses>688700000</misses>
				<total>0</total>
				<timestamp>4851.170725</timestamp>
			</report>
			<report>
				<misses>688800000</misses>
				<total>0</total>
				<timestamp>4851.866526</timestamp>
			</report>
			<report>
				<misses>688900000</misses>
				<total>0</total>
				<timestamp>4852.551428</timestamp>
			</report>
			<report>
				<misses>689000000</misses>
				<total>0</total>
				<timestamp>4853.236090</timestamp>
			</report>
			<report>
				<misses>689100000</misses>
				<total>0</total>
				<timestamp>4853.924839</timestamp>
			</report>
			<report>
				<misses>689200000</misses>
				<total>0</total>
				<timestamp>4854.614924</timestamp>
			</report>
			<report>
				<misses>689300000</misses>
				<total>0</total>
				<timestamp>4855.340539</timestamp>
			</report>
			<report>
				<misses>689400000</misses>
				<total>0</total>
				<timestamp>4856.055345</timestamp>
			</report>
			<report>
				<misses>689500000</misses>
				<total>0</total>
				<timestamp>4856.771992</timestamp>
			</report>
			<report>
				<misses>689600000</misses>
				<total>0</total>
				<timestamp>4857.469927</timestamp>
			</report>
			<report>
				<misses>689700000</misses>
				<total>0</total>
				<timestamp>4858.154997</timestamp>
			</report>
			<report>
				<misses>689800000</misses>
				<total>0</total>
				<timestamp>4858.862113</timestamp>
			</report>
			<report>
				<misses>689900000</misses>
				<total>0</total>
				<timestamp>4859.562630</timestamp>
			</report>
			<report>
				<misses>690000000</misses>
				<total>0</total>
				<timestamp>4860.274613</timestamp>
			</report>
			<report>
				<misses>690100000</misses>
				<total>0</total>
				<timestamp>4860.993518</timestamp>
			</report>
			<report>
				<misses>690200000</misses>
				<total>0</total>
				<timestamp>4861.719265</timestamp>
			</report>
			<report>
				<misses>690300000</misses>
				<total>0</total>
				<timestamp>4862.419908</timestamp>
			</report>
			<report>
				<misses>690400000</misses>
				<total>0</total>
				<timestamp>4863.117207</timestamp>
			</report>
			<report>
				<misses>690500000</misses>
				<total>0</total>
				<timestamp>4863.822903</timestamp>
			</report>
			<report>
				<misses>690600000</misses>
				<total>0</total>
				<timestamp>4864.497199</timestamp>
			</report>
			<report>
				<misses>690700000</misses>
				<total>0</total>
				<timestamp>4865.186107</timestamp>
			</report>
			<report>
				<misses>690800000</misses>
				<total>0</total>
				<timestamp>4865.869653</timestamp>
			</report>
			<report>
				<misses>690900000</misses>
				<total>0</total>
				<timestamp>4866.556888</timestamp>
			</report>
			<report>
				<misses>691000000</misses>
				<total>0</total>
				<timestamp>4867.243101</timestamp>
			</report>
			<report>
				<misses>691100000</misses>
				<total>0</total>
				<timestamp>4867.932800</timestamp>
			</report>
			<report>
				<misses>691200000</misses>
				<total>0</total>
				<timestamp>4868.610627</timestamp>
			</report>
			<report>
				<misses>691300000</misses>
				<total>0</total>
				<timestamp>4869.288155</timestamp>
			</report>
			<report>
				<misses>691400000</misses>
				<total>0</total>
				<timestamp>4869.981234</timestamp>
			</report>
			<report>
				<misses>691500000</misses>
				<total>0</total>
				<timestamp>4870.681017</timestamp>
			</report>
			<report>
				<misses>691600000</misses>
				<total>0</total>
				<timestamp>4871.369305</timestamp>
			</report>
			<report>
				<misses>691700000</misses>
				<total>0</total>
				<timestamp>4872.078177</timestamp>
			</report>
			<report>
				<misses>691800000</misses>
				<total>0</total>
				<timestamp>4872.778261</timestamp>
			</report>
			<report>
				<misses>691900000</misses>
				<total>0</total>
				<timestamp>4873.499030</timestamp>
			</report>
			<report>
				<misses>692000000</misses>
				<total>0</total>
				<timestamp>4874.214161</timestamp>
			</report>
			<report>
				<misses>692100000</misses>
				<total>0</total>
				<timestamp>4874.906433</timestamp>
			</report>
			<report>
				<misses>692200000</misses>
				<total>0</total>
				<timestamp>4875.625039</timestamp>
			</report>
			<report>
				<misses>692300000</misses>
				<total>0</total>
				<timestamp>4876.340975</timestamp>
			</report>
			<report>
				<misses>692400000</misses>
				<total>0</total>
				<timestamp>4877.057761</timestamp>
			</report>
			<report>
				<misses>692500000</misses>
				<total>0</total>
				<timestamp>4877.743156</timestamp>
			</report>
			<report>
				<misses>692600000</misses>
				<total>0</total>
				<timestamp>4878.464133</timestamp>
			</report>
			<report>
				<misses>692700000</misses>
				<total>0</total>
				<timestamp>4879.172680</timestamp>
			</report>
			<report>
				<misses>692800000</misses>
				<total>0</total>
				<timestamp>4879.871383</timestamp>
			</report>
			<report>
				<misses>692900000</misses>
				<total>0</total>
				<timestamp>4880.570882</timestamp>
			</report>
			<report>
				<misses>693000000</misses>
				<total>0</total>
				<timestamp>4881.258298</timestamp>
			</report>
			<report>
				<misses>693100000</misses>
				<total>0</total>
				<timestamp>4881.956844</timestamp>
			</report>
			<report>
				<misses>693200000</misses>
				<total>0</total>
				<timestamp>4882.655164</timestamp>
			</report>
			<report>
				<misses>693300000</misses>
				<total>0</total>
				<timestamp>4883.338634</timestamp>
			</report>
			<report>
				<misses>693400000</misses>
				<total>0</total>
				<timestamp>4884.029566</timestamp>
			</report>
			<report>
				<misses>693500000</misses>
				<total>0</total>
				<timestamp>4884.717422</timestamp>
			</report>
			<report>
				<misses>693600000</misses>
				<total>0</total>
				<timestamp>4885.405168</timestamp>
			</report>
			<report>
				<misses>693700000</misses>
				<total>0</total>
				<timestamp>4886.087269</timestamp>
			</report>
			<report>
				<misses>693800000</misses>
				<total>0</total>
				<timestamp>4886.757961</timestamp>
			</report>
			<report>
				<misses>693900000</misses>
				<total>0</total>
				<timestamp>4887.455338</timestamp>
			</report>
			<report>
				<misses>694000000</misses>
				<total>0</total>
				<timestamp>4888.198043</timestamp>
			</report>
			<report>
				<misses>694100000</misses>
				<total>0</total>
				<timestamp>4888.911085</timestamp>
			</report>
			<report>
				<misses>694200000</misses>
				<total>0</total>
				<timestamp>4889.622919</timestamp>
			</report>
			<report>
				<misses>694300000</misses>
				<total>0</total>
				<timestamp>4890.336709</timestamp>
			</report>
			<report>
				<misses>694400000</misses>
				<total>0</total>
				<timestamp>4891.066902</timestamp>
			</report>
			<report>
				<misses>694500000</misses>
				<total>0</total>
				<timestamp>4891.787620</timestamp>
			</report>
			<report>
				<misses>694600000</misses>
				<total>0</total>
				<timestamp>4892.506899</timestamp>
			</report>
			<report>
				<misses>694700000</misses>
				<total>0</total>
				<timestamp>4893.205568</timestamp>
			</report>
			<report>
				<misses>694800000</misses>
				<total>0</total>
				<timestamp>4893.901491</timestamp>
			</report>
			<report>
				<misses>694900000</misses>
				<total>0</total>
				<timestamp>4894.596694</timestamp>
			</report>
			<report>
				<misses>695000000</misses>
				<total>0</total>
				<timestamp>4895.304520</timestamp>
			</report>
			<report>
				<misses>695100000</misses>
				<total>0</total>
				<timestamp>4896.007584</timestamp>
			</report>
			<report>
				<misses>695200000</misses>
				<total>0</total>
				<timestamp>4896.727703</timestamp>
			</report>
			<report>
				<misses>695300000</misses>
				<total>0</total>
				<timestamp>4897.442333</timestamp>
			</report>
			<report>
				<misses>695400000</misses>
				<total>0</total>
				<timestamp>4898.137563</timestamp>
			</report>
			<report>
				<misses>695500000</misses>
				<total>0</total>
				<timestamp>4898.831304</timestamp>
			</report>
			<report>
				<misses>695600000</misses>
				<total>0</total>
				<timestamp>4899.520360</timestamp>
			</report>
			<report>
				<misses>695700000</misses>
				<total>0</total>
				<timestamp>4900.192701</timestamp>
			</report>
			<report>
				<misses>695800000</misses>
				<total>0</total>
				<timestamp>4900.874274</timestamp>
			</report>
			<report>
				<misses>695900000</misses>
				<total>0</total>
				<timestamp>4901.561778</timestamp>
			</report>
			<report>
				<misses>696000000</misses>
				<total>0</total>
				<timestamp>4902.240632</timestamp>
			</report>
			<report>
				<misses>696100000</misses>
				<total>0</total>
				<timestamp>4902.950637</timestamp>
			</report>
			<report>
				<misses>696200000</misses>
				<total>0</total>
				<timestamp>4903.646210</timestamp>
			</report>
			<report>
				<misses>696300000</misses>
				<total>0</total>
				<timestamp>4904.386815</timestamp>
			</report>
			<report>
				<misses>696400000</misses>
				<total>0</total>
				<timestamp>4905.093510</timestamp>
			</report>
			<report>
				<misses>696500000</misses>
				<total>0</total>
				<timestamp>4905.795912</timestamp>
			</report>
			<report>
				<misses>696600000</misses>
				<total>0</total>
				<timestamp>4906.498426</timestamp>
			</report>
			<report>
				<misses>696700000</misses>
				<total>0</total>
				<timestamp>4907.201804</timestamp>
			</report>
			<report>
				<misses>696800000</misses>
				<total>0</total>
				<timestamp>4907.906952</timestamp>
			</report>
			<report>
				<misses>696900000</misses>
				<total>0</total>
				<timestamp>4908.618172</timestamp>
			</report>
			<report>
				<misses>697000000</misses>
				<total>0</total>
				<timestamp>4909.329337</timestamp>
			</report>
			<report>
				<misses>697100000</misses>
				<total>0</total>
				<timestamp>4910.043744</timestamp>
			</report>
			<report>
				<misses>697200000</misses>
				<total>0</total>
				<timestamp>4910.763589</timestamp>
			</report>
			<report>
				<misses>697300000</misses>
				<total>0</total>
				<timestamp>4911.462250</timestamp>
			</report>
			<report>
				<misses>697400000</misses>
				<total>0</total>
				<timestamp>4912.171335</timestamp>
			</report>
			<report>
				<misses>697500000</misses>
				<total>0</total>
				<timestamp>4912.873275</timestamp>
			</report>
			<report>
				<misses>697600000</misses>
				<total>0</total>
				<timestamp>4913.573426</timestamp>
			</report>
			<report>
				<misses>697700000</misses>
				<total>0</total>
				<timestamp>4914.278083</timestamp>
			</report>
			<report>
				<misses>697800000</misses>
				<total>0</total>
				<timestamp>4915.026667</timestamp>
			</report>
			<report>
				<misses>697900000</misses>
				<total>0</total>
				<timestamp>4915.717545</timestamp>
			</report>
			<report>
				<misses>698000000</misses>
				<total>0</total>
				<timestamp>4916.419273</timestamp>
			</report>
			<report>
				<misses>698100000</misses>
				<total>0</total>
				<timestamp>4917.100112</timestamp>
			</report>
			<report>
				<misses>698200000</misses>
				<total>0</total>
				<timestamp>4917.789860</timestamp>
			</report>
			<report>
				<misses>698300000</misses>
				<total>0</total>
				<timestamp>4918.465024</timestamp>
			</report>
			<report>
				<misses>698400000</misses>
				<total>0</total>
				<timestamp>4919.158479</timestamp>
			</report>
			<report>
				<misses>698500000</misses>
				<total>0</total>
				<timestamp>4919.843686</timestamp>
			</report>
			<report>
				<misses>698600000</misses>
				<total>0</total>
				<timestamp>4920.539667</timestamp>
			</report>
			<report>
				<misses>698700000</misses>
				<total>0</total>
				<timestamp>4921.244712</timestamp>
			</report>
			<report>
				<misses>698800000</misses>
				<total>0</total>
				<timestamp>4921.962073</timestamp>
			</report>
			<report>
				<misses>698900000</misses>
				<total>0</total>
				<timestamp>4922.658111</timestamp>
			</report>
			<report>
				<misses>699000000</misses>
				<total>0</total>
				<timestamp>4923.389116</timestamp>
			</report>
			<report>
				<misses>699100000</misses>
				<total>0</total>
				<timestamp>4924.093806</timestamp>
			</report>
			<report>
				<misses>699200000</misses>
				<total>0</total>
				<timestamp>4924.808229</timestamp>
			</report>
			<report>
				<misses>699300000</misses>
				<total>0</total>
				<timestamp>4925.525358</timestamp>
			</report>
			<report>
				<misses>699400000</misses>
				<total>0</total>
				<timestamp>4926.249243</timestamp>
			</report>
			<report>
				<misses>699500000</misses>
				<total>0</total>
				<timestamp>4926.948498</timestamp>
			</report>
			<report>
				<misses>699600000</misses>
				<total>0</total>
				<timestamp>4927.654840</timestamp>
			</report>
			<report>
				<misses>699700000</misses>
				<total>0</total>
				<timestamp>4928.350715</timestamp>
			</report>
			<report>
				<misses>699800000</misses>
				<total>0</total>
				<timestamp>4929.087844</timestamp>
			</report>
			<report>
				<misses>699900000</misses>
				<total>0</total>
				<timestamp>4929.831470</timestamp>
			</report>
			<report>
				<misses>700000000</misses>
				<total>0</total>
				<timestamp>4930.553959</timestamp>
			</report>
			<report>
				<misses>700100000</misses>
				<total>0</total>
				<timestamp>4931.285939</timestamp>
			</report>
			<report>
				<misses>700200000</misses>
				<total>0</total>
				<timestamp>4932.007336</timestamp>
			</report>
			<report>
				<misses>700300000</misses>
				<total>0</total>
				<timestamp>4932.747116</timestamp>
			</report>
			<report>
				<misses>700400000</misses>
				<total>0</total>
				<timestamp>4933.419957</timestamp>
			</report>
			<report>
				<misses>700500000</misses>
				<total>0</total>
				<timestamp>4934.106469</timestamp>
			</report>
			<report>
				<misses>700600000</misses>
				<total>0</total>
				<timestamp>4934.782514</timestamp>
			</report>
			<report>
				<misses>700700000</misses>
				<total>0</total>
				<timestamp>4935.479929</timestamp>
			</report>
			<report>
				<misses>700800000</misses>
				<total>0</total>
				<timestamp>4936.161190</timestamp>
			</report>
			<report>
				<misses>700900000</misses>
				<total>0</total>
				<timestamp>4936.852214</timestamp>
			</report>
			<report>
				<misses>701000000</misses>
				<total>0</total>
				<timestamp>4937.542538</timestamp>
			</report>
			<report>
				<misses>701100000</misses>
				<total>0</total>
				<timestamp>4938.223217</timestamp>
			</report>
			<report>
				<misses>701200000</misses>
				<total>0</total>
				<timestamp>4938.911955</timestamp>
			</report>
			<report>
				<misses>701300000</misses>
				<total>0</total>
				<timestamp>4939.604023</timestamp>
			</report>
			<report>
				<misses>701400000</misses>
				<total>0</total>
				<timestamp>4940.311048</timestamp>
			</report>
			<report>
				<misses>701500000</misses>
				<total>0</total>
				<timestamp>4941.023032</timestamp>
			</report>
			<report>
				<misses>701600000</misses>
				<total>0</total>
				<timestamp>4941.736090</timestamp>
			</report>
			<report>
				<misses>701700000</misses>
				<total>0</total>
				<timestamp>4942.453525</timestamp>
			</report>
			<report>
				<misses>701800000</misses>
				<total>0</total>
				<timestamp>4943.177274</timestamp>
			</report>
			<report>
				<misses>701900000</misses>
				<total>0</total>
				<timestamp>4943.875982</timestamp>
			</report>
			<report>
				<misses>702000000</misses>
				<total>0</total>
				<timestamp>4944.607171</timestamp>
			</report>
			<report>
				<misses>702100000</misses>
				<total>0</total>
				<timestamp>4945.319685</timestamp>
			</report>
			<report>
				<misses>702200000</misses>
				<total>0</total>
				<timestamp>4946.043282</timestamp>
			</report>
			<report>
				<misses>702300000</misses>
				<total>0</total>
				<timestamp>4946.742145</timestamp>
			</report>
			<report>
				<misses>702400000</misses>
				<total>0</total>
				<timestamp>4947.472648</timestamp>
			</report>
			<report>
				<misses>702500000</misses>
				<total>0</total>
				<timestamp>4948.176653</timestamp>
			</report>
			<report>
				<misses>702600000</misses>
				<total>0</total>
				<timestamp>4948.876010</timestamp>
			</report>
			<report>
				<misses>702700000</misses>
				<total>0</total>
				<timestamp>4949.574768</timestamp>
			</report>
			<report>
				<misses>702800000</misses>
				<total>0</total>
				<timestamp>4950.258512</timestamp>
			</report>
			<report>
				<misses>702900000</misses>
				<total>0</total>
				<timestamp>4950.945588</timestamp>
			</report>
			<report>
				<misses>703000000</misses>
				<total>0</total>
				<timestamp>4951.635157</timestamp>
			</report>
			<report>
				<misses>703100000</misses>
				<total>0</total>
				<timestamp>4952.312020</timestamp>
			</report>
			<report>
				<misses>703200000</misses>
				<total>0</total>
				<timestamp>4953.004314</timestamp>
			</report>
			<report>
				<misses>703300000</misses>
				<total>0</total>
				<timestamp>4953.697727</timestamp>
			</report>
			<report>
				<misses>703400000</misses>
				<total>0</total>
				<timestamp>4954.391071</timestamp>
			</report>
			<report>
				<misses>703500000</misses>
				<total>0</total>
				<timestamp>4955.082613</timestamp>
			</report>
			<report>
				<misses>703600000</misses>
				<total>0</total>
				<timestamp>4955.768727</timestamp>
			</report>
			<report>
				<misses>703700000</misses>
				<total>0</total>
				<timestamp>4956.458713</timestamp>
			</report>
			<report>
				<misses>703800000</misses>
				<total>0</total>
				<timestamp>4957.176735</timestamp>
			</report>
			<report>
				<misses>703900000</misses>
				<total>0</total>
				<timestamp>4957.884193</timestamp>
			</report>
			<report>
				<misses>704000000</misses>
				<total>0</total>
				<timestamp>4958.565160</timestamp>
			</report>
			<report>
				<misses>704100000</misses>
				<total>0</total>
				<timestamp>4959.257945</timestamp>
			</report>
			<report>
				<misses>704200000</misses>
				<total>0</total>
				<timestamp>4959.951396</timestamp>
			</report>
			<report>
				<misses>704300000</misses>
				<total>0</total>
				<timestamp>4960.661942</timestamp>
			</report>
			<report>
				<misses>704400000</misses>
				<total>0</total>
				<timestamp>4961.383814</timestamp>
			</report>
			<report>
				<misses>704500000</misses>
				<total>0</total>
				<timestamp>4962.093138</timestamp>
			</report>
			<report>
				<misses>704600000</misses>
				<total>0</total>
				<timestamp>4962.802472</timestamp>
			</report>
			<report>
				<misses>704700000</misses>
				<total>0</total>
				<timestamp>4963.525195</timestamp>
			</report>
			<report>
				<misses>704800000</misses>
				<total>0</total>
				<timestamp>4964.246337</timestamp>
			</report>
			<report>
				<misses>704900000</misses>
				<total>0</total>
				<timestamp>4964.992150</timestamp>
			</report>
			<report>
				<misses>705000000</misses>
				<total>0</total>
				<timestamp>4965.734119</timestamp>
			</report>
			<report>
				<misses>705100000</misses>
				<total>0</total>
				<timestamp>4966.470065</timestamp>
			</report>
			<report>
				<misses>705200000</misses>
				<total>0</total>
				<timestamp>4967.191557</timestamp>
			</report>
			<report>
				<misses>705300000</misses>
				<total>0</total>
				<timestamp>4967.898144</timestamp>
			</report>
			<report>
				<misses>705400000</misses>
				<total>0</total>
				<timestamp>4968.624572</timestamp>
			</report>
			<report>
				<misses>705500000</misses>
				<total>0</total>
				<timestamp>4969.331070</timestamp>
			</report>
			<report>
				<misses>705600000</misses>
				<total>0</total>
				<timestamp>4970.059424</timestamp>
			</report>
			<report>
				<misses>705700000</misses>
				<total>0</total>
				<timestamp>4970.734865</timestamp>
			</report>
			<report>
				<misses>705800000</misses>
				<total>0</total>
				<timestamp>4971.431517</timestamp>
			</report>
			<report>
				<misses>705900000</misses>
				<total>0</total>
				<timestamp>4972.110141</timestamp>
			</report>
			<report>
				<misses>706000000</misses>
				<total>0</total>
				<timestamp>4972.811037</timestamp>
			</report>
			<report>
				<misses>706100000</misses>
				<total>0</total>
				<timestamp>4973.496763</timestamp>
			</report>
			<report>
				<misses>706200000</misses>
				<total>0</total>
				<timestamp>4974.183975</timestamp>
			</report>
			<report>
				<misses>706300000</misses>
				<total>0</total>
				<timestamp>4974.874866</timestamp>
			</report>
			<report>
				<misses>706400000</misses>
				<total>0</total>
				<timestamp>4975.565425</timestamp>
			</report>
			<report>
				<misses>706500000</misses>
				<total>0</total>
				<timestamp>4976.242891</timestamp>
			</report>
			<report>
				<misses>706600000</misses>
				<total>0</total>
				<timestamp>4976.930220</timestamp>
			</report>
			<report>
				<misses>706700000</misses>
				<total>0</total>
				<timestamp>4977.625126</timestamp>
			</report>
			<report>
				<misses>706800000</misses>
				<total>0</total>
				<timestamp>4978.386686</timestamp>
			</report>
			<report>
				<misses>706900000</misses>
				<total>0</total>
				<timestamp>4979.114514</timestamp>
			</report>
			<report>
				<misses>707000000</misses>
				<total>0</total>
				<timestamp>4979.823413</timestamp>
			</report>
			<report>
				<misses>707100000</misses>
				<total>0</total>
				<timestamp>4980.531254</timestamp>
			</report>
			<report>
				<misses>707200000</misses>
				<total>0</total>
				<timestamp>4981.246875</timestamp>
			</report>
			<report>
				<misses>707300000</misses>
				<total>0</total>
				<timestamp>4981.974161</timestamp>
			</report>
			<report>
				<misses>707400000</misses>
				<total>0</total>
				<timestamp>4982.701190</timestamp>
			</report>
			<report>
				<misses>707500000</misses>
				<total>0</total>
				<timestamp>4983.422347</timestamp>
			</report>
			<report>
				<misses>707600000</misses>
				<total>0</total>
				<timestamp>4984.170506</timestamp>
			</report>
			<report>
				<misses>707700000</misses>
				<total>0</total>
				<timestamp>4984.893640</timestamp>
			</report>
			<report>
				<misses>707800000</misses>
				<total>0</total>
				<timestamp>4985.599798</timestamp>
			</report>
			<report>
				<misses>707900000</misses>
				<total>0</total>
				<timestamp>4986.296996</timestamp>
			</report>
			<report>
				<misses>708000000</misses>
				<total>0</total>
				<timestamp>4986.993427</timestamp>
			</report>
			<report>
				<misses>708100000</misses>
				<total>0</total>
				<timestamp>4987.680017</timestamp>
			</report>
			<report>
				<misses>708200000</misses>
				<total>0</total>
				<timestamp>4988.356328</timestamp>
			</report>
			<report>
				<misses>708300000</misses>
				<total>0</total>
				<timestamp>4989.059656</timestamp>
			</report>
			<report>
				<misses>708400000</misses>
				<total>0</total>
				<timestamp>4989.740270</timestamp>
			</report>
			<report>
				<misses>708500000</misses>
				<total>0</total>
				<timestamp>4990.427325</timestamp>
			</report>
			<report>
				<misses>708600000</misses>
				<total>0</total>
				<timestamp>4991.104191</timestamp>
			</report>
			<report>
				<misses>708700000</misses>
				<total>0</total>
				<timestamp>4991.799806</timestamp>
			</report>
			<report>
				<misses>708800000</misses>
				<total>0</total>
				<timestamp>4992.499298</timestamp>
			</report>
			<report>
				<misses>708900000</misses>
				<total>0</total>
				<timestamp>4993.188863</timestamp>
			</report>
			<report>
				<misses>709000000</misses>
				<total>0</total>
				<timestamp>4993.913088</timestamp>
			</report>
			<report>
				<misses>709100000</misses>
				<total>0</total>
				<timestamp>4994.630871</timestamp>
			</report>
			<report>
				<misses>709200000</misses>
				<total>0</total>
				<timestamp>4995.352532</timestamp>
			</report>
			<report>
				<misses>709300000</misses>
				<total>0</total>
				<timestamp>4996.068425</timestamp>
			</report>
			<report>
				<misses>709400000</misses>
				<total>0</total>
				<timestamp>4996.783622</timestamp>
			</report>
			<report>
				<misses>709500000</misses>
				<total>0</total>
				<timestamp>4997.507981</timestamp>
			</report>
			<report>
				<misses>709600000</misses>
				<total>0</total>
				<timestamp>4998.218991</timestamp>
			</report>
			<report>
				<misses>709700000</misses>
				<total>0</total>
				<timestamp>4998.925402</timestamp>
			</report>
			<report>
				<misses>709800000</misses>
				<total>0</total>
				<timestamp>4999.651548</timestamp>
			</report>
			<report>
				<misses>709900000</misses>
				<total>0</total>
				<timestamp>5000.356233</timestamp>
			</report>
			<report>
				<misses>710000000</misses>
				<total>0</total>
				<timestamp>5001.063719</timestamp>
			</report>
			<report>
				<misses>710100000</misses>
				<total>0</total>
				<timestamp>5001.748974</timestamp>
			</report>
			<report>
				<misses>710200000</misses>
				<total>0</total>
				<timestamp>5002.472198</timestamp>
			</report>
			<report>
				<misses>710300000</misses>
				<total>0</total>
				<timestamp>5003.177522</timestamp>
			</report>
			<report>
				<misses>710400000</misses>
				<total>0</total>
				<timestamp>5003.869315</timestamp>
			</report>
			<report>
				<misses>710500000</misses>
				<total>0</total>
				<timestamp>5004.548441</timestamp>
			</report>
			<report>
				<misses>710600000</misses>
				<total>0</total>
				<timestamp>5005.227095</timestamp>
			</report>
			<report>
				<misses>710700000</misses>
				<total>0</total>
				<timestamp>5005.924810</timestamp>
			</report>
			<report>
				<misses>710800000</misses>
				<total>0</total>
				<timestamp>5006.606283</timestamp>
			</report>
			<report>
				<misses>710900000</misses>
				<total>0</total>
				<timestamp>5007.285975</timestamp>
			</report>
			<report>
				<misses>711000000</misses>
				<total>0</total>
				<timestamp>5007.989564</timestamp>
			</report>
			<report>
				<misses>711100000</misses>
				<total>0</total>
				<timestamp>5008.665322</timestamp>
			</report>
			<report>
				<misses>711200000</misses>
				<total>0</total>
				<timestamp>5009.354998</timestamp>
			</report>
			<report>
				<misses>711300000</misses>
				<total>0</total>
				<timestamp>5010.051360</timestamp>
			</report>
			<report>
				<misses>711400000</misses>
				<total>0</total>
				<timestamp>5010.780225</timestamp>
			</report>
			<report>
				<misses>711500000</misses>
				<total>0</total>
				<timestamp>5011.502472</timestamp>
			</report>
			<report>
				<misses>711600000</misses>
				<total>0</total>
				<timestamp>5012.219067</timestamp>
			</report>
			<report>
				<misses>711700000</misses>
				<total>0</total>
				<timestamp>5012.928065</timestamp>
			</report>
			<report>
				<misses>711800000</misses>
				<total>0</total>
				<timestamp>5013.630089</timestamp>
			</report>
			<report>
				<misses>711900000</misses>
				<total>0</total>
				<timestamp>5014.367157</timestamp>
			</report>
			<report>
				<misses>712000000</misses>
				<total>0</total>
				<timestamp>5015.075288</timestamp>
			</report>
			<report>
				<misses>712100000</misses>
				<total>0</total>
				<timestamp>5015.785184</timestamp>
			</report>
			<report>
				<misses>712200000</misses>
				<total>0</total>
				<timestamp>5016.485224</timestamp>
			</report>
			<report>
				<misses>712300000</misses>
				<total>0</total>
				<timestamp>5017.228704</timestamp>
			</report>
			<report>
				<misses>712400000</misses>
				<total>0</total>
				<timestamp>5017.968340</timestamp>
			</report>
			<report>
				<misses>712500000</misses>
				<total>0</total>
				<timestamp>5018.700469</timestamp>
			</report>
			<report>
				<misses>712600000</misses>
				<total>0</total>
				<timestamp>5019.433351</timestamp>
			</report>
			<report>
				<misses>712700000</misses>
				<total>0</total>
				<timestamp>5020.154737</timestamp>
			</report>
			<report>
				<misses>712800000</misses>
				<total>0</total>
				<timestamp>5020.892332</timestamp>
			</report>
			<report>
				<misses>712900000</misses>
				<total>0</total>
				<timestamp>5021.598750</timestamp>
			</report>
			<report>
				<misses>713000000</misses>
				<total>0</total>
				<timestamp>5022.329501</timestamp>
			</report>
			<report>
				<misses>713100000</misses>
				<total>0</total>
				<timestamp>5023.061823</timestamp>
			</report>
			<report>
				<misses>713200000</misses>
				<total>0</total>
				<timestamp>5023.786872</timestamp>
			</report>
			<report>
				<misses>713300000</misses>
				<total>0</total>
				<timestamp>5024.489431</timestamp>
			</report>
			<report>
				<misses>713400000</misses>
				<total>0</total>
				<timestamp>5025.225357</timestamp>
			</report>
			<report>
				<misses>713500000</misses>
				<total>0</total>
				<timestamp>5025.928682</timestamp>
			</report>
			<report>
				<misses>713600000</misses>
				<total>0</total>
				<timestamp>5026.625075</timestamp>
			</report>
			<report>
				<misses>713700000</misses>
				<total>0</total>
				<timestamp>5027.313141</timestamp>
			</report>
			<report>
				<misses>713800000</misses>
				<total>0</total>
				<timestamp>5028.011435</timestamp>
			</report>
			<report>
				<misses>713900000</misses>
				<total>0</total>
				<timestamp>5028.710376</timestamp>
			</report>
			<report>
				<misses>714000000</misses>
				<total>0</total>
				<timestamp>5029.392861</timestamp>
			</report>
			<report>
				<misses>714100000</misses>
				<total>0</total>
				<timestamp>5030.075419</timestamp>
			</report>
			<report>
				<misses>714200000</misses>
				<total>0</total>
				<timestamp>5030.761359</timestamp>
			</report>
			<report>
				<misses>714300000</misses>
				<total>0</total>
				<timestamp>5031.435287</timestamp>
			</report>
			<report>
				<misses>714400000</misses>
				<total>0</total>
				<timestamp>5032.133081</timestamp>
			</report>
			<report>
				<misses>714500000</misses>
				<total>0</total>
				<timestamp>5032.829483</timestamp>
			</report>
			<report>
				<misses>714600000</misses>
				<total>0</total>
				<timestamp>5033.567131</timestamp>
			</report>
			<report>
				<misses>714700000</misses>
				<total>0</total>
				<timestamp>5034.279764</timestamp>
			</report>
			<report>
				<misses>714800000</misses>
				<total>0</total>
				<timestamp>5034.972543</timestamp>
			</report>
			<report>
				<misses>714900000</misses>
				<total>0</total>
				<timestamp>5035.691035</timestamp>
			</report>
			<report>
				<misses>715000000</misses>
				<total>0</total>
				<timestamp>5036.395003</timestamp>
			</report>
			<report>
				<misses>715100000</misses>
				<total>0</total>
				<timestamp>5037.104572</timestamp>
			</report>
			<report>
				<misses>715200000</misses>
				<total>0</total>
				<timestamp>5037.817505</timestamp>
			</report>
			<report>
				<misses>715300000</misses>
				<total>0</total>
				<timestamp>5038.544277</timestamp>
			</report>
			<report>
				<misses>715400000</misses>
				<total>0</total>
				<timestamp>5039.255187</timestamp>
			</report>
			<report>
				<misses>715500000</misses>
				<total>0</total>
				<timestamp>5039.956186</timestamp>
			</report>
			<report>
				<misses>715600000</misses>
				<total>0</total>
				<timestamp>5040.686033</timestamp>
			</report>
			<report>
				<misses>715700000</misses>
				<total>0</total>
				<timestamp>5041.407975</timestamp>
			</report>
			<report>
				<misses>715800000</misses>
				<total>0</total>
				<timestamp>5042.128829</timestamp>
			</report>
			<report>
				<misses>715900000</misses>
				<total>0</total>
				<timestamp>5042.824654</timestamp>
			</report>
			<report>
				<misses>716000000</misses>
				<total>0</total>
				<timestamp>5043.522438</timestamp>
			</report>
			<report>
				<misses>716100000</misses>
				<total>0</total>
				<timestamp>5044.219295</timestamp>
			</report>
			<report>
				<misses>716200000</misses>
				<total>0</total>
				<timestamp>5044.910919</timestamp>
			</report>
			<report>
				<misses>716300000</misses>
				<total>0</total>
				<timestamp>5045.607906</timestamp>
			</report>
			<report>
				<misses>716400000</misses>
				<total>0</total>
				<timestamp>5046.295078</timestamp>
			</report>
			<report>
				<misses>716500000</misses>
				<total>0</total>
				<timestamp>5046.995372</timestamp>
			</report>
			<report>
				<misses>716600000</misses>
				<total>0</total>
				<timestamp>5047.675332</timestamp>
			</report>
			<report>
				<misses>716700000</misses>
				<total>0</total>
				<timestamp>5048.352386</timestamp>
			</report>
			<report>
				<misses>716800000</misses>
				<total>0</total>
				<timestamp>5049.082277</timestamp>
			</report>
			<report>
				<misses>716900000</misses>
				<total>0</total>
				<timestamp>5049.841934</timestamp>
			</report>
			<report>
				<misses>717000000</misses>
				<total>0</total>
				<timestamp>5050.542831</timestamp>
			</report>
			<report>
				<misses>717100000</misses>
				<total>0</total>
				<timestamp>5051.249475</timestamp>
			</report>
			<report>
				<misses>717200000</misses>
				<total>0</total>
				<timestamp>5051.970938</timestamp>
			</report>
			<report>
				<misses>717300000</misses>
				<total>0</total>
				<timestamp>5052.687703</timestamp>
			</report>
			<report>
				<misses>717400000</misses>
				<total>0</total>
				<timestamp>5053.384568</timestamp>
			</report>
			<report>
				<misses>717500000</misses>
				<total>0</total>
				<timestamp>5054.080003</timestamp>
			</report>
			<report>
				<misses>717600000</misses>
				<total>0</total>
				<timestamp>5054.791568</timestamp>
			</report>
			<report>
				<misses>717700000</misses>
				<total>0</total>
				<timestamp>5055.516557</timestamp>
			</report>
			<report>
				<misses>717800000</misses>
				<total>0</total>
				<timestamp>5056.223645</timestamp>
			</report>
			<report>
				<misses>717900000</misses>
				<total>0</total>
				<timestamp>5056.945408</timestamp>
			</report>
			<report>
				<misses>718000000</misses>
				<total>0</total>
				<timestamp>5057.658624</timestamp>
			</report>
			<report>
				<misses>718100000</misses>
				<total>0</total>
				<timestamp>5058.364768</timestamp>
			</report>
			<report>
				<misses>718200000</misses>
				<total>0</total>
				<timestamp>5059.073006</timestamp>
			</report>
			<report>
				<misses>718300000</misses>
				<total>0</total>
				<timestamp>5059.761981</timestamp>
			</report>
			<report>
				<misses>718400000</misses>
				<total>0</total>
				<timestamp>5060.454240</timestamp>
			</report>
			<report>
				<misses>718500000</misses>
				<total>0</total>
				<timestamp>5061.147695</timestamp>
			</report>
			<report>
				<misses>718600000</misses>
				<total>0</total>
				<timestamp>5061.833219</timestamp>
			</report>
			<report>
				<misses>718700000</misses>
				<total>0</total>
				<timestamp>5062.515006</timestamp>
			</report>
			<report>
				<misses>718800000</misses>
				<total>0</total>
				<timestamp>5063.197072</timestamp>
			</report>
			<report>
				<misses>718900000</misses>
				<total>0</total>
				<timestamp>5063.872635</timestamp>
			</report>
			<report>
				<misses>719000000</misses>
				<total>0</total>
				<timestamp>5064.559969</timestamp>
			</report>
			<report>
				<misses>719100000</misses>
				<total>0</total>
				<timestamp>5065.253942</timestamp>
			</report>
			<report>
				<misses>719200000</misses>
				<total>0</total>
				<timestamp>5065.975628</timestamp>
			</report>
			<report>
				<misses>719300000</misses>
				<total>0</total>
				<timestamp>5066.682925</timestamp>
			</report>
			<report>
				<misses>719400000</misses>
				<total>0</total>
				<timestamp>5067.402907</timestamp>
			</report>
			<report>
				<misses>719500000</misses>
				<total>0</total>
				<timestamp>5068.118948</timestamp>
			</report>
			<report>
				<misses>719600000</misses>
				<total>0</total>
				<timestamp>5068.831522</timestamp>
			</report>
			<report>
				<misses>719700000</misses>
				<total>0</total>
				<timestamp>5069.563968</timestamp>
			</report>
			<report>
				<misses>719800000</misses>
				<total>0</total>
				<timestamp>5070.259221</timestamp>
			</report>
			<report>
				<misses>719900000</misses>
				<total>0</total>
				<timestamp>5070.968494</timestamp>
			</report>
			<report>
				<misses>720000000</misses>
				<total>0</total>
				<timestamp>5071.689598</timestamp>
			</report>
			<report>
				<misses>720100000</misses>
				<total>0</total>
				<timestamp>5072.402265</timestamp>
			</report>
			<report>
				<misses>720200000</misses>
				<total>0</total>
				<timestamp>5073.108812</timestamp>
			</report>
			<report>
				<misses>720300000</misses>
				<total>0</total>
				<timestamp>5073.840280</timestamp>
			</report>
			<report>
				<misses>720400000</misses>
				<total>0</total>
				<timestamp>5074.541322</timestamp>
			</report>
			<report>
				<misses>720500000</misses>
				<total>0</total>
				<timestamp>5075.240803</timestamp>
			</report>
			<report>
				<misses>720600000</misses>
				<total>0</total>
				<timestamp>5075.930680</timestamp>
			</report>
			<report>
				<misses>720700000</misses>
				<total>0</total>
				<timestamp>5076.636316</timestamp>
			</report>
			<report>
				<misses>720800000</misses>
				<total>0</total>
				<timestamp>5077.336445</timestamp>
			</report>
			<report>
				<misses>720900000</misses>
				<total>0</total>
				<timestamp>5078.022955</timestamp>
			</report>
			<report>
				<misses>721000000</misses>
				<total>0</total>
				<timestamp>5078.708852</timestamp>
			</report>
			<report>
				<misses>721100000</misses>
				<total>0</total>
				<timestamp>5079.392806</timestamp>
			</report>
			<report>
				<misses>721200000</misses>
				<total>0</total>
				<timestamp>5080.068223</timestamp>
			</report>
			<report>
				<misses>721300000</misses>
				<total>0</total>
				<timestamp>5080.735425</timestamp>
			</report>
			<report>
				<misses>721400000</misses>
				<total>0</total>
				<timestamp>5081.426242</timestamp>
			</report>
			<report>
				<misses>721500000</misses>
				<total>0</total>
				<timestamp>5082.120718</timestamp>
			</report>
			<report>
				<misses>721600000</misses>
				<total>0</total>
				<timestamp>5082.827717</timestamp>
			</report>
			<report>
				<misses>721700000</misses>
				<total>0</total>
				<timestamp>5083.561875</timestamp>
			</report>
			<report>
				<misses>721800000</misses>
				<total>0</total>
				<timestamp>5084.266931</timestamp>
			</report>
			<report>
				<misses>721900000</misses>
				<total>0</total>
				<timestamp>5084.975143</timestamp>
			</report>
			<report>
				<misses>722000000</misses>
				<total>0</total>
				<timestamp>5085.680342</timestamp>
			</report>
			<report>
				<misses>722100000</misses>
				<total>0</total>
				<timestamp>5086.384254</timestamp>
			</report>
			<report>
				<misses>722200000</misses>
				<total>0</total>
				<timestamp>5087.087272</timestamp>
			</report>
			<report>
				<misses>722300000</misses>
				<total>0</total>
				<timestamp>5087.804046</timestamp>
			</report>
			<report>
				<misses>722400000</misses>
				<total>0</total>
				<timestamp>5088.505506</timestamp>
			</report>
			<report>
				<misses>722500000</misses>
				<total>0</total>
				<timestamp>5089.208852</timestamp>
			</report>
			<report>
				<misses>722600000</misses>
				<total>0</total>
				<timestamp>5089.903509</timestamp>
			</report>
			<report>
				<misses>722700000</misses>
				<total>0</total>
				<timestamp>5090.635947</timestamp>
			</report>
			<report>
				<misses>722800000</misses>
				<total>0</total>
				<timestamp>5091.341366</timestamp>
			</report>
			<report>
				<misses>722900000</misses>
				<total>0</total>
				<timestamp>5092.046950</timestamp>
			</report>
			<report>
				<misses>723000000</misses>
				<total>0</total>
				<timestamp>5092.747793</timestamp>
			</report>
			<report>
				<misses>723100000</misses>
				<total>0</total>
				<timestamp>5093.433157</timestamp>
			</report>
			<report>
				<misses>723200000</misses>
				<total>0</total>
				<timestamp>5094.118706</timestamp>
			</report>
			<report>
				<misses>723300000</misses>
				<total>0</total>
				<timestamp>5094.806808</timestamp>
			</report>
			<report>
				<misses>723400000</misses>
				<total>0</total>
				<timestamp>5095.485202</timestamp>
			</report>
			<report>
				<misses>723500000</misses>
				<total>0</total>
				<timestamp>5096.178160</timestamp>
			</report>
			<report>
				<misses>723600000</misses>
				<total>0</total>
				<timestamp>5096.866146</timestamp>
			</report>
			<report>
				<misses>723700000</misses>
				<total>0</total>
				<timestamp>5097.555881</timestamp>
			</report>
			<report>
				<misses>723800000</misses>
				<total>0</total>
				<timestamp>5098.241331</timestamp>
			</report>
			<report>
				<misses>723900000</misses>
				<total>0</total>
				<timestamp>5098.934580</timestamp>
			</report>
			<report>
				<misses>724000000</misses>
				<total>0</total>
				<timestamp>5099.665173</timestamp>
			</report>
			<report>
				<misses>724100000</misses>
				<total>0</total>
				<timestamp>5100.380410</timestamp>
			</report>
			<report>
				<misses>724200000</misses>
				<total>0</total>
				<timestamp>5101.073495</timestamp>
			</report>
			<report>
				<misses>724300000</misses>
				<total>0</total>
				<timestamp>5101.794212</timestamp>
			</report>
			<report>
				<misses>724400000</misses>
				<total>0</total>
				<timestamp>5102.501334</timestamp>
			</report>
			<report>
				<misses>724500000</misses>
				<total>0</total>
				<timestamp>5103.192230</timestamp>
			</report>
			<report>
				<misses>724600000</misses>
				<total>0</total>
				<timestamp>5103.906414</timestamp>
			</report>
			<report>
				<misses>724700000</misses>
				<total>0</total>
				<timestamp>5104.596837</timestamp>
			</report>
			<report>
				<misses>724800000</misses>
				<total>0</total>
				<timestamp>5105.310308</timestamp>
			</report>
			<report>
				<misses>724900000</misses>
				<total>0</total>
				<timestamp>5106.008770</timestamp>
			</report>
			<report>
				<misses>725000000</misses>
				<total>0</total>
				<timestamp>5106.705833</timestamp>
			</report>
			<report>
				<misses>725100000</misses>
				<total>0</total>
				<timestamp>5107.422616</timestamp>
			</report>
			<report>
				<misses>725200000</misses>
				<total>0</total>
				<timestamp>5108.123230</timestamp>
			</report>
			<report>
				<misses>725300000</misses>
				<total>0</total>
				<timestamp>5108.826804</timestamp>
			</report>
			<report>
				<misses>725400000</misses>
				<total>0</total>
				<timestamp>5109.509500</timestamp>
			</report>
			<report>
				<misses>725500000</misses>
				<total>0</total>
				<timestamp>5110.207655</timestamp>
			</report>
			<report>
				<misses>725600000</misses>
				<total>0</total>
				<timestamp>5110.887477</timestamp>
			</report>
			<report>
				<misses>725700000</misses>
				<total>0</total>
				<timestamp>5111.574955</timestamp>
			</report>
			<report>
				<misses>725800000</misses>
				<total>0</total>
				<timestamp>5112.268919</timestamp>
			</report>
			<report>
				<misses>725900000</misses>
				<total>0</total>
				<timestamp>5112.957851</timestamp>
			</report>
			<report>
				<misses>726000000</misses>
				<total>0</total>
				<timestamp>5113.651718</timestamp>
			</report>
			<report>
				<misses>726100000</misses>
				<total>0</total>
				<timestamp>5114.342030</timestamp>
			</report>
			<report>
				<misses>726200000</misses>
				<total>0</total>
				<timestamp>5115.050292</timestamp>
			</report>
			<report>
				<misses>726300000</misses>
				<total>0</total>
				<timestamp>5115.779404</timestamp>
			</report>
			<report>
				<misses>726400000</misses>
				<total>0</total>
				<timestamp>5116.526569</timestamp>
			</report>
			<report>
				<misses>726500000</misses>
				<total>0</total>
				<timestamp>5117.260712</timestamp>
			</report>
			<report>
				<misses>726600000</misses>
				<total>0</total>
				<timestamp>5117.990551</timestamp>
			</report>
			<report>
				<misses>726700000</misses>
				<total>0</total>
				<timestamp>5118.678711</timestamp>
			</report>
			<report>
				<misses>726800000</misses>
				<total>0</total>
				<timestamp>5119.392060</timestamp>
			</report>
			<report>
				<misses>726900000</misses>
				<total>0</total>
				<timestamp>5120.093000</timestamp>
			</report>
			<report>
				<misses>727000000</misses>
				<total>0</total>
				<timestamp>5120.798235</timestamp>
			</report>
			<report>
				<misses>727100000</misses>
				<total>0</total>
				<timestamp>5121.516406</timestamp>
			</report>
			<report>
				<misses>727200000</misses>
				<total>0</total>
				<timestamp>5122.231368</timestamp>
			</report>
			<report>
				<misses>727300000</misses>
				<total>0</total>
				<timestamp>5122.953838</timestamp>
			</report>
			<report>
				<misses>727400000</misses>
				<total>0</total>
				<timestamp>5123.683766</timestamp>
			</report>
			<report>
				<misses>727500000</misses>
				<total>0</total>
				<timestamp>5124.420351</timestamp>
			</report>
			<report>
				<misses>727600000</misses>
				<total>0</total>
				<timestamp>5125.155540</timestamp>
			</report>
			<report>
				<misses>727700000</misses>
				<total>0</total>
				<timestamp>5125.887769</timestamp>
			</report>
			<report>
				<misses>727800000</misses>
				<total>0</total>
				<timestamp>5126.627669</timestamp>
			</report>
			<report>
				<misses>727900000</misses>
				<total>0</total>
				<timestamp>5127.344095</timestamp>
			</report>
			<report>
				<misses>728000000</misses>
				<total>0</total>
				<timestamp>5128.078123</timestamp>
			</report>
			<report>
				<misses>728100000</misses>
				<total>0</total>
				<timestamp>5128.813854</timestamp>
			</report>
			<report>
				<misses>728200000</misses>
				<total>0</total>
				<timestamp>5129.544831</timestamp>
			</report>
			<report>
				<misses>728300000</misses>
				<total>0</total>
				<timestamp>5130.251642</timestamp>
			</report>
			<report>
				<misses>728400000</misses>
				<total>0</total>
				<timestamp>5130.975122</timestamp>
			</report>
			<report>
				<misses>728500000</misses>
				<total>0</total>
				<timestamp>5131.689689</timestamp>
			</report>
			<report>
				<misses>728600000</misses>
				<total>0</total>
				<timestamp>5132.408662</timestamp>
			</report>
			<report>
				<misses>728700000</misses>
				<total>0</total>
				<timestamp>5133.133655</timestamp>
			</report>
			<report>
				<misses>728800000</misses>
				<total>0</total>
				<timestamp>5133.824587</timestamp>
			</report>
			<report>
				<misses>728900000</misses>
				<total>0</total>
				<timestamp>5134.499324</timestamp>
			</report>
			<report>
				<misses>729000000</misses>
				<total>0</total>
				<timestamp>5135.191394</timestamp>
			</report>
			<report>
				<misses>729100000</misses>
				<total>0</total>
				<timestamp>5135.879641</timestamp>
			</report>
			<report>
				<misses>729200000</misses>
				<total>0</total>
				<timestamp>5136.551962</timestamp>
			</report>
			<report>
				<misses>729300000</misses>
				<total>0</total>
				<timestamp>5137.228006</timestamp>
			</report>
			<report>
				<misses>729400000</misses>
				<total>0</total>
				<timestamp>5137.914143</timestamp>
			</report>
			<report>
				<misses>729500000</misses>
				<total>0</total>
				<timestamp>5138.594329</timestamp>
			</report>
			<report>
				<misses>729600000</misses>
				<total>0</total>
				<timestamp>5139.277636</timestamp>
			</report>
			<report>
				<misses>729700000</misses>
				<total>0</total>
				<timestamp>5139.987109</timestamp>
			</report>
			<report>
				<misses>729800000</misses>
				<total>0</total>
				<timestamp>5140.706845</timestamp>
			</report>
			<report>
				<misses>729900000</misses>
				<total>0</total>
				<timestamp>5141.452265</timestamp>
			</report>
			<report>
				<misses>730000000</misses>
				<total>0</total>
				<timestamp>5142.186220</timestamp>
			</report>
			<report>
				<misses>730100000</misses>
				<total>0</total>
				<timestamp>5142.911665</timestamp>
			</report>
			<report>
				<misses>730200000</misses>
				<total>0</total>
				<timestamp>5143.650229</timestamp>
			</report>
			<report>
				<misses>730300000</misses>
				<total>0</total>
				<timestamp>5144.372063</timestamp>
			</report>
			<report>
				<misses>730400000</misses>
				<total>0</total>
				<timestamp>5145.090444</timestamp>
			</report>
			<report>
				<misses>730500000</misses>
				<total>0</total>
				<timestamp>5145.804625</timestamp>
			</report>
			<report>
				<misses>730600000</misses>
				<total>0</total>
				<timestamp>5146.511836</timestamp>
			</report>
			<report>
				<misses>730700000</misses>
				<total>0</total>
				<timestamp>5147.213178</timestamp>
			</report>
			<report>
				<misses>730800000</misses>
				<total>0</total>
				<timestamp>5147.918479</timestamp>
			</report>
			<report>
				<misses>730900000</misses>
				<total>0</total>
				<timestamp>5148.630081</timestamp>
			</report>
			<report>
				<misses>731000000</misses>
				<total>0</total>
				<timestamp>5149.353419</timestamp>
			</report>
			<report>
				<misses>731100000</misses>
				<total>0</total>
				<timestamp>5150.055442</timestamp>
			</report>
			<report>
				<misses>731200000</misses>
				<total>0</total>
				<timestamp>5150.755158</timestamp>
			</report>
			<report>
				<misses>731300000</misses>
				<total>0</total>
				<timestamp>5151.443993</timestamp>
			</report>
			<report>
				<misses>731400000</misses>
				<total>0</total>
				<timestamp>5152.122113</timestamp>
			</report>
			<report>
				<misses>731500000</misses>
				<total>0</total>
				<timestamp>5152.820004</timestamp>
			</report>
			<report>
				<misses>731600000</misses>
				<total>0</total>
				<timestamp>5153.507748</timestamp>
			</report>
			<report>
				<misses>731700000</misses>
				<total>0</total>
				<timestamp>5154.203616</timestamp>
			</report>
			<report>
				<misses>731800000</misses>
				<total>0</total>
				<timestamp>5154.893300</timestamp>
			</report>
			<report>
				<misses>731900000</misses>
				<total>0</total>
				<timestamp>5155.579243</timestamp>
			</report>
			<report>
				<misses>732000000</misses>
				<total>0</total>
				<timestamp>5156.273808</timestamp>
			</report>
			<report>
				<misses>732100000</misses>
				<total>0</total>
				<timestamp>5156.976952</timestamp>
			</report>
			<report>
				<misses>732200000</misses>
				<total>0</total>
				<timestamp>5157.707906</timestamp>
			</report>
			<report>
				<misses>732300000</misses>
				<total>0</total>
				<timestamp>5158.409876</timestamp>
			</report>
			<report>
				<misses>732400000</misses>
				<total>0</total>
				<timestamp>5159.110429</timestamp>
			</report>
			<report>
				<misses>732500000</misses>
				<total>0</total>
				<timestamp>5159.801526</timestamp>
			</report>
			<report>
				<misses>732600000</misses>
				<total>0</total>
				<timestamp>5160.503457</timestamp>
			</report>
			<report>
				<misses>732700000</misses>
				<total>0</total>
				<timestamp>5161.246743</timestamp>
			</report>
			<report>
				<misses>732800000</misses>
				<total>0</total>
				<timestamp>5161.959015</timestamp>
			</report>
			<report>
				<misses>732900000</misses>
				<total>0</total>
				<timestamp>5162.653338</timestamp>
			</report>
			<report>
				<misses>733000000</misses>
				<total>0</total>
				<timestamp>5163.355753</timestamp>
			</report>
			<report>
				<misses>733100000</misses>
				<total>0</total>
				<timestamp>5164.051927</timestamp>
			</report>
			<report>
				<misses>733200000</misses>
				<total>0</total>
				<timestamp>5164.761273</timestamp>
			</report>
			<report>
				<misses>733300000</misses>
				<total>0</total>
				<timestamp>5165.469448</timestamp>
			</report>
			<report>
				<misses>733400000</misses>
				<total>0</total>
				<timestamp>5166.178325</timestamp>
			</report>
			<report>
				<misses>733500000</misses>
				<total>0</total>
				<timestamp>5166.875853</timestamp>
			</report>
			<report>
				<misses>733600000</misses>
				<total>0</total>
				<timestamp>5167.581340</timestamp>
			</report>
			<report>
				<misses>733700000</misses>
				<total>0</total>
				<timestamp>5168.273796</timestamp>
			</report>
			<report>
				<misses>733800000</misses>
				<total>0</total>
				<timestamp>5168.956109</timestamp>
			</report>
			<report>
				<misses>733900000</misses>
				<total>0</total>
				<timestamp>5169.658571</timestamp>
			</report>
			<report>
				<misses>734000000</misses>
				<total>0</total>
				<timestamp>5170.366304</timestamp>
			</report>
			<report>
				<misses>734100000</misses>
				<total>0</total>
				<timestamp>5171.046775</timestamp>
			</report>
			<report>
				<misses>734200000</misses>
				<total>0</total>
				<timestamp>5171.740686</timestamp>
			</report>
			<report>
				<misses>734300000</misses>
				<total>0</total>
				<timestamp>5172.422758</timestamp>
			</report>
			<report>
				<misses>734400000</misses>
				<total>0</total>
				<timestamp>5173.108603</timestamp>
			</report>
			<report>
				<misses>734500000</misses>
				<total>0</total>
				<timestamp>5173.806696</timestamp>
			</report>
			<report>
				<misses>734600000</misses>
				<total>0</total>
				<timestamp>5174.496453</timestamp>
			</report>
			<report>
				<misses>734700000</misses>
				<total>0</total>
				<timestamp>5175.229385</timestamp>
			</report>
			<report>
				<misses>734800000</misses>
				<total>0</total>
				<timestamp>5175.927262</timestamp>
			</report>
			<report>
				<misses>734900000</misses>
				<total>0</total>
				<timestamp>5176.617885</timestamp>
			</report>
			<report>
				<misses>735000000</misses>
				<total>0</total>
				<timestamp>5177.316806</timestamp>
			</report>
			<report>
				<misses>735100000</misses>
				<total>0</total>
				<timestamp>5177.985169</timestamp>
			</report>
			<report>
				<misses>735200000</misses>
				<total>0</total>
				<timestamp>5178.685227</timestamp>
			</report>
			<report>
				<misses>735300000</misses>
				<total>0</total>
				<timestamp>5179.384305</timestamp>
			</report>
			<report>
				<misses>735400000</misses>
				<total>0</total>
				<timestamp>5180.121189</timestamp>
			</report>
			<report>
				<misses>735500000</misses>
				<total>0</total>
				<timestamp>5180.869167</timestamp>
			</report>
			<report>
				<misses>735600000</misses>
				<total>0</total>
				<timestamp>5181.604508</timestamp>
			</report>
			<report>
				<misses>735700000</misses>
				<total>0</total>
				<timestamp>5182.340837</timestamp>
			</report>
			<report>
				<misses>735800000</misses>
				<total>0</total>
				<timestamp>5183.053952</timestamp>
			</report>
			<report>
				<misses>735900000</misses>
				<total>0</total>
				<timestamp>5183.801162</timestamp>
			</report>
			<report>
				<misses>736000000</misses>
				<total>0</total>
				<timestamp>5184.532666</timestamp>
			</report>
			<report>
				<misses>736100000</misses>
				<total>0</total>
				<timestamp>5185.266934</timestamp>
			</report>
			<report>
				<misses>736200000</misses>
				<total>0</total>
				<timestamp>5185.977629</timestamp>
			</report>
			<report>
				<misses>736300000</misses>
				<total>0</total>
				<timestamp>5186.701200</timestamp>
			</report>
			<report>
				<misses>736400000</misses>
				<total>0</total>
				<timestamp>5187.435976</timestamp>
			</report>
			<report>
				<misses>736500000</misses>
				<total>0</total>
				<timestamp>5188.152731</timestamp>
			</report>
			<report>
				<misses>736600000</misses>
				<total>0</total>
				<timestamp>5188.881061</timestamp>
			</report>
			<report>
				<misses>736700000</misses>
				<total>0</total>
				<timestamp>5189.575642</timestamp>
			</report>
			<report>
				<misses>736800000</misses>
				<total>0</total>
				<timestamp>5190.261684</timestamp>
			</report>
			<report>
				<misses>736900000</misses>
				<total>0</total>
				<timestamp>5190.946317</timestamp>
			</report>
			<report>
				<misses>737000000</misses>
				<total>0</total>
				<timestamp>5191.629665</timestamp>
			</report>
			<report>
				<misses>737100000</misses>
				<total>0</total>
				<timestamp>5192.320216</timestamp>
			</report>
			<report>
				<misses>737200000</misses>
				<total>0</total>
				<timestamp>5193.012638</timestamp>
			</report>
			<report>
				<misses>737300000</misses>
				<total>0</total>
				<timestamp>5193.692133</timestamp>
			</report>
			<report>
				<misses>737400000</misses>
				<total>0</total>
				<timestamp>5194.384559</timestamp>
			</report>
			<report>
				<misses>737500000</misses>
				<total>0</total>
				<timestamp>5195.069214</timestamp>
			</report>
			<report>
				<misses>737600000</misses>
				<total>0</total>
				<timestamp>5195.774380</timestamp>
			</report>
			<report>
				<misses>737700000</misses>
				<total>0</total>
				<timestamp>5196.476794</timestamp>
			</report>
			<report>
				<misses>737800000</misses>
				<total>0</total>
				<timestamp>5197.192440</timestamp>
			</report>
			<report>
				<misses>737900000</misses>
				<total>0</total>
				<timestamp>5197.913806</timestamp>
			</report>
			<report>
				<misses>738000000</misses>
				<total>0</total>
				<timestamp>5198.654481</timestamp>
			</report>
			<report>
				<misses>738100000</misses>
				<total>0</total>
				<timestamp>5199.388017</timestamp>
			</report>
			<report>
				<misses>738200000</misses>
				<total>0</total>
				<timestamp>5200.128854</timestamp>
			</report>
			<report>
				<misses>738300000</misses>
				<total>0</total>
				<timestamp>5200.852542</timestamp>
			</report>
			<report>
				<misses>738400000</misses>
				<total>0</total>
				<timestamp>5201.580051</timestamp>
			</report>
			<report>
				<misses>738500000</misses>
				<total>0</total>
				<timestamp>5202.279959</timestamp>
			</report>
			<report>
				<misses>738600000</misses>
				<total>0</total>
				<timestamp>5202.983532</timestamp>
			</report>
			<report>
				<misses>738700000</misses>
				<total>0</total>
				<timestamp>5203.697699</timestamp>
			</report>
			<report>
				<misses>738800000</misses>
				<total>0</total>
				<timestamp>5204.387841</timestamp>
			</report>
			<report>
				<misses>738900000</misses>
				<total>0</total>
				<timestamp>5205.088645</timestamp>
			</report>
			<report>
				<misses>739000000</misses>
				<total>0</total>
				<timestamp>5205.785153</timestamp>
			</report>
			<report>
				<misses>739100000</misses>
				<total>0</total>
				<timestamp>5206.501250</timestamp>
			</report>
			<report>
				<misses>739200000</misses>
				<total>0</total>
				<timestamp>5207.210043</timestamp>
			</report>
			<report>
				<misses>739300000</misses>
				<total>0</total>
				<timestamp>5207.943900</timestamp>
			</report>
			<report>
				<misses>739400000</misses>
				<total>0</total>
				<timestamp>5208.689877</timestamp>
			</report>
			<report>
				<misses>739500000</misses>
				<total>0</total>
				<timestamp>5209.411685</timestamp>
			</report>
			<report>
				<misses>739600000</misses>
				<total>0</total>
				<timestamp>5210.136611</timestamp>
			</report>
			<report>
				<misses>739700000</misses>
				<total>0</total>
				<timestamp>5210.872794</timestamp>
			</report>
			<report>
				<misses>739800000</misses>
				<total>0</total>
				<timestamp>5211.598643</timestamp>
			</report>
			<report>
				<misses>739900000</misses>
				<total>0</total>
				<timestamp>5212.313876</timestamp>
			</report>
			<report>
				<misses>740000000</misses>
				<total>0</total>
				<timestamp>5213.032307</timestamp>
			</report>
			<report>
				<misses>740100000</misses>
				<total>0</total>
				<timestamp>5213.753406</timestamp>
			</report>
			<report>
				<misses>740200000</misses>
				<total>0</total>
				<timestamp>5214.471843</timestamp>
			</report>
			<report>
				<misses>740300000</misses>
				<total>0</total>
				<timestamp>5215.178828</timestamp>
			</report>
			<report>
				<misses>740400000</misses>
				<total>0</total>
				<timestamp>5215.861778</timestamp>
			</report>
			<report>
				<misses>740500000</misses>
				<total>0</total>
				<timestamp>5216.535631</timestamp>
			</report>
			<report>
				<misses>740600000</misses>
				<total>0</total>
				<timestamp>5217.230463</timestamp>
			</report>
			<report>
				<misses>740700000</misses>
				<total>0</total>
				<timestamp>5217.923968</timestamp>
			</report>
			<report>
				<misses>740800000</misses>
				<total>0</total>
				<timestamp>5218.606867</timestamp>
			</report>
			<report>
				<misses>740900000</misses>
				<total>0</total>
				<timestamp>5219.289611</timestamp>
			</report>
			<report>
				<misses>741000000</misses>
				<total>0</total>
				<timestamp>5219.969114</timestamp>
			</report>
			<report>
				<misses>741100000</misses>
				<total>0</total>
				<timestamp>5220.647841</timestamp>
			</report>
			<report>
				<misses>741200000</misses>
				<total>0</total>
				<timestamp>5221.344681</timestamp>
			</report>
			<report>
				<misses>741300000</misses>
				<total>0</total>
				<timestamp>5222.029245</timestamp>
			</report>
			<report>
				<misses>741400000</misses>
				<total>0</total>
				<timestamp>5222.745996</timestamp>
			</report>
			<report>
				<misses>741500000</misses>
				<total>0</total>
				<timestamp>5223.480168</timestamp>
			</report>
			<report>
				<misses>741600000</misses>
				<total>0</total>
				<timestamp>5224.202899</timestamp>
			</report>
			<report>
				<misses>741700000</misses>
				<total>0</total>
				<timestamp>5224.927525</timestamp>
			</report>
			<report>
				<misses>741800000</misses>
				<total>0</total>
				<timestamp>5225.646259</timestamp>
			</report>
			<report>
				<misses>741900000</misses>
				<total>0</total>
				<timestamp>5226.339933</timestamp>
			</report>
			<report>
				<misses>742000000</misses>
				<total>0</total>
				<timestamp>5227.047939</timestamp>
			</report>
			<report>
				<misses>742100000</misses>
				<total>0</total>
				<timestamp>5227.747420</timestamp>
			</report>
			<report>
				<misses>742200000</misses>
				<total>0</total>
				<timestamp>5228.477075</timestamp>
			</report>
			<report>
				<misses>742300000</misses>
				<total>0</total>
				<timestamp>5229.188028</timestamp>
			</report>
			<report>
				<misses>742400000</misses>
				<total>0</total>
				<timestamp>5229.879497</timestamp>
			</report>
			<report>
				<misses>742500000</misses>
				<total>0</total>
				<timestamp>5230.589580</timestamp>
			</report>
			<report>
				<misses>742600000</misses>
				<total>0</total>
				<timestamp>5231.281777</timestamp>
			</report>
			<report>
				<misses>742700000</misses>
				<total>0</total>
				<timestamp>5231.955058</timestamp>
			</report>
			<report>
				<misses>742800000</misses>
				<total>0</total>
				<timestamp>5232.641038</timestamp>
			</report>
			<report>
				<misses>742900000</misses>
				<total>0</total>
				<timestamp>5233.350976</timestamp>
			</report>
			<report>
				<misses>743000000</misses>
				<total>0</total>
				<timestamp>5234.020292</timestamp>
			</report>
			<report>
				<misses>743100000</misses>
				<total>0</total>
				<timestamp>5234.704363</timestamp>
			</report>
			<report>
				<misses>743200000</misses>
				<total>0</total>
				<timestamp>5235.400054</timestamp>
			</report>
			<report>
				<misses>743300000</misses>
				<total>0</total>
				<timestamp>5236.084143</timestamp>
			</report>
			<report>
				<misses>743400000</misses>
				<total>0</total>
				<timestamp>5236.792800</timestamp>
			</report>
			<report>
				<misses>743500000</misses>
				<total>0</total>
				<timestamp>5237.487503</timestamp>
			</report>
			<report>
				<misses>743600000</misses>
				<total>0</total>
				<timestamp>5238.210751</timestamp>
			</report>
			<report>
				<misses>743700000</misses>
				<total>0</total>
				<timestamp>5238.934906</timestamp>
			</report>
			<report>
				<misses>743800000</misses>
				<total>0</total>
				<timestamp>5239.670164</timestamp>
			</report>
			<report>
				<misses>743900000</misses>
				<total>0</total>
				<timestamp>5240.379525</timestamp>
			</report>
			<report>
				<misses>744000000</misses>
				<total>0</total>
				<timestamp>5241.080393</timestamp>
			</report>
			<report>
				<misses>744100000</misses>
				<total>0</total>
				<timestamp>5241.763459</timestamp>
			</report>
			<report>
				<misses>744200000</misses>
				<total>0</total>
				<timestamp>5242.466783</timestamp>
			</report>
			<report>
				<misses>744300000</misses>
				<total>0</total>
				<timestamp>5243.174046</timestamp>
			</report>
			<report>
				<misses>744400000</misses>
				<total>0</total>
				<timestamp>5243.877826</timestamp>
			</report>
			<report>
				<misses>744500000</misses>
				<total>0</total>
				<timestamp>5244.575955</timestamp>
			</report>
			<report>
				<misses>744600000</misses>
				<total>0</total>
				<timestamp>5245.280747</timestamp>
			</report>
			<report>
				<misses>744700000</misses>
				<total>0</total>
				<timestamp>5245.975025</timestamp>
			</report>
			<report>
				<misses>744800000</misses>
				<total>0</total>
				<timestamp>5246.677290</timestamp>
			</report>
			<report>
				<misses>744900000</misses>
				<total>0</total>
				<timestamp>5247.374728</timestamp>
			</report>
			<report>
				<misses>745000000</misses>
				<total>0</total>
				<timestamp>5248.073709</timestamp>
			</report>
			<report>
				<misses>745100000</misses>
				<total>0</total>
				<timestamp>5248.769080</timestamp>
			</report>
			<report>
				<misses>745200000</misses>
				<total>0</total>
				<timestamp>5249.469718</timestamp>
			</report>
			<report>
				<misses>745300000</misses>
				<total>0</total>
				<timestamp>5250.163949</timestamp>
			</report>
			<report>
				<misses>745400000</misses>
				<total>0</total>
				<timestamp>5250.851388</timestamp>
			</report>
			<report>
				<misses>745500000</misses>
				<total>0</total>
				<timestamp>5251.521484</timestamp>
			</report>
			<report>
				<misses>745600000</misses>
				<total>0</total>
				<timestamp>5252.223519</timestamp>
			</report>
			<report>
				<misses>745700000</misses>
				<total>0</total>
				<timestamp>5252.897657</timestamp>
			</report>
			<report>
				<misses>745800000</misses>
				<total>0</total>
				<timestamp>5253.578358</timestamp>
			</report>
			<report>
				<misses>745900000</misses>
				<total>0</total>
				<timestamp>5254.283070</timestamp>
			</report>
			<report>
				<misses>746000000</misses>
				<total>0</total>
				<timestamp>5254.980490</timestamp>
			</report>
			<report>
				<misses>746100000</misses>
				<total>0</total>
				<timestamp>5255.671123</timestamp>
			</report>
			<report>
				<misses>746200000</misses>
				<total>0</total>
				<timestamp>5256.398744</timestamp>
			</report>
			<report>
				<misses>746300000</misses>
				<total>0</total>
				<timestamp>5257.099704</timestamp>
			</report>
			<report>
				<misses>746400000</misses>
				<total>0</total>
				<timestamp>5257.801289</timestamp>
			</report>
			<report>
				<misses>746500000</misses>
				<total>0</total>
				<timestamp>5258.502029</timestamp>
			</report>
			<report>
				<misses>746600000</misses>
				<total>0</total>
				<timestamp>5259.186592</timestamp>
			</report>
			<report>
				<misses>746700000</misses>
				<total>0</total>
				<timestamp>5259.864081</timestamp>
			</report>
			<report>
				<misses>746800000</misses>
				<total>0</total>
				<timestamp>5260.588188</timestamp>
			</report>
			<report>
				<misses>746900000</misses>
				<total>0</total>
				<timestamp>5261.275286</timestamp>
			</report>
			<report>
				<misses>747000000</misses>
				<total>0</total>
				<timestamp>5261.978872</timestamp>
			</report>
			<report>
				<misses>747100000</misses>
				<total>0</total>
				<timestamp>5262.689894</timestamp>
			</report>
			<report>
				<misses>747200000</misses>
				<total>0</total>
				<timestamp>5263.401327</timestamp>
			</report>
			<report>
				<misses>747300000</misses>
				<total>0</total>
				<timestamp>5264.093962</timestamp>
			</report>
			<report>
				<misses>747400000</misses>
				<total>0</total>
				<timestamp>5264.822078</timestamp>
			</report>
			<report>
				<misses>747500000</misses>
				<total>0</total>
				<timestamp>5265.518697</timestamp>
			</report>
			<report>
				<misses>747600000</misses>
				<total>0</total>
				<timestamp>5266.201736</timestamp>
			</report>
			<report>
				<misses>747700000</misses>
				<total>0</total>
				<timestamp>5266.882468</timestamp>
			</report>
			<report>
				<misses>747800000</misses>
				<total>0</total>
				<timestamp>5267.592276</timestamp>
			</report>
			<report>
				<misses>747900000</misses>
				<total>0</total>
				<timestamp>5268.270514</timestamp>
			</report>
			<report>
				<misses>748000000</misses>
				<total>0</total>
				<timestamp>5268.961004</timestamp>
			</report>
			<report>
				<misses>748100000</misses>
				<total>0</total>
				<timestamp>5269.655589</timestamp>
			</report>
			<report>
				<misses>748200000</misses>
				<total>0</total>
				<timestamp>5270.350023</timestamp>
			</report>
			<report>
				<misses>748300000</misses>
				<total>0</total>
				<timestamp>5271.029980</timestamp>
			</report>
			<report>
				<misses>748400000</misses>
				<total>0</total>
				<timestamp>5271.713202</timestamp>
			</report>
			<report>
				<misses>748500000</misses>
				<total>0</total>
				<timestamp>5272.403389</timestamp>
			</report>
			<report>
				<misses>748600000</misses>
				<total>0</total>
				<timestamp>5273.079989</timestamp>
			</report>
			<report>
				<misses>748700000</misses>
				<total>0</total>
				<timestamp>5273.777408</timestamp>
			</report>
			<report>
				<misses>748800000</misses>
				<total>0</total>
				<timestamp>5274.520964</timestamp>
			</report>
			<report>
				<misses>748900000</misses>
				<total>0</total>
				<timestamp>5275.230085</timestamp>
			</report>
			<report>
				<misses>749000000</misses>
				<total>0</total>
				<timestamp>5275.935598</timestamp>
			</report>
			<report>
				<misses>749100000</misses>
				<total>0</total>
				<timestamp>5276.644794</timestamp>
			</report>
			<report>
				<misses>749200000</misses>
				<total>0</total>
				<timestamp>5277.363436</timestamp>
			</report>
			<report>
				<misses>749300000</misses>
				<total>0</total>
				<timestamp>5278.101791</timestamp>
			</report>
			<report>
				<misses>749400000</misses>
				<total>0</total>
				<timestamp>5278.814808</timestamp>
			</report>
			<report>
				<misses>749500000</misses>
				<total>0</total>
				<timestamp>5279.527341</timestamp>
			</report>
			<report>
				<misses>749600000</misses>
				<total>0</total>
				<timestamp>5280.246998</timestamp>
			</report>
			<report>
				<misses>749700000</misses>
				<total>0</total>
				<timestamp>5280.956998</timestamp>
			</report>
			<report>
				<misses>749800000</misses>
				<total>0</total>
				<timestamp>5281.646577</timestamp>
			</report>
			<report>
				<misses>749900000</misses>
				<total>0</total>
				<timestamp>5282.316107</timestamp>
			</report>
			<report>
				<misses>750000000</misses>
				<total>0</total>
				<timestamp>5283.015790</timestamp>
			</report>
			<report>
				<misses>750100000</misses>
				<total>0</total>
				<timestamp>5283.698928</timestamp>
			</report>
			<report>
				<misses>750200000</misses>
				<total>0</total>
				<timestamp>5284.387772</timestamp>
			</report>
			<report>
				<misses>750300000</misses>
				<total>0</total>
				<timestamp>5285.081466</timestamp>
			</report>
			<report>
				<misses>750400000</misses>
				<total>0</total>
				<timestamp>5285.774505</timestamp>
			</report>
			<report>
				<misses>750500000</misses>
				<total>0</total>
				<timestamp>5286.460956</timestamp>
			</report>
			<report>
				<misses>750600000</misses>
				<total>0</total>
				<timestamp>5287.146623</timestamp>
			</report>
			<report>
				<misses>750700000</misses>
				<total>0</total>
				<timestamp>5287.853496</timestamp>
			</report>
			<report>
				<misses>750800000</misses>
				<total>0</total>
				<timestamp>5288.568554</timestamp>
			</report>
			<report>
				<misses>750900000</misses>
				<total>0</total>
				<timestamp>5289.281266</timestamp>
			</report>
			<report>
				<misses>751000000</misses>
				<total>0</total>
				<timestamp>5289.959931</timestamp>
			</report>
			<report>
				<misses>751100000</misses>
				<total>0</total>
				<timestamp>5290.654450</timestamp>
			</report>
			<report>
				<misses>751200000</misses>
				<total>0</total>
				<timestamp>5291.353043</timestamp>
			</report>
			<report>
				<misses>751300000</misses>
				<total>0</total>
				<timestamp>5292.044066</timestamp>
			</report>
			<report>
				<misses>751400000</misses>
				<total>0</total>
				<timestamp>5292.741605</timestamp>
			</report>
			<report>
				<misses>751500000</misses>
				<total>0</total>
				<timestamp>5293.427068</timestamp>
			</report>
			<report>
				<misses>751600000</misses>
				<total>0</total>
				<timestamp>5294.120518</timestamp>
			</report>
			<report>
				<misses>751700000</misses>
				<total>0</total>
				<timestamp>5294.806386</timestamp>
			</report>
			<report>
				<misses>751800000</misses>
				<total>0</total>
				<timestamp>5295.517683</timestamp>
			</report>
			<report>
				<misses>751900000</misses>
				<total>0</total>
				<timestamp>5296.232754</timestamp>
			</report>
			<report>
				<misses>752000000</misses>
				<total>0</total>
				<timestamp>5296.961464</timestamp>
			</report>
			<report>
				<misses>752100000</misses>
				<total>0</total>
				<timestamp>5297.687082</timestamp>
			</report>
			<report>
				<misses>752200000</misses>
				<total>0</total>
				<timestamp>5298.391287</timestamp>
			</report>
			<report>
				<misses>752300000</misses>
				<total>0</total>
				<timestamp>5299.079615</timestamp>
			</report>
			<report>
				<misses>752400000</misses>
				<total>0</total>
				<timestamp>5299.773504</timestamp>
			</report>
			<report>
				<misses>752500000</misses>
				<total>0</total>
				<timestamp>5300.450165</timestamp>
			</report>
			<report>
				<misses>752600000</misses>
				<total>0</total>
				<timestamp>5301.142298</timestamp>
			</report>
			<report>
				<misses>752700000</misses>
				<total>0</total>
				<timestamp>5301.833864</timestamp>
			</report>
			<report>
				<misses>752800000</misses>
				<total>0</total>
				<timestamp>5302.523690</timestamp>
			</report>
			<report>
				<misses>752900000</misses>
				<total>0</total>
				<timestamp>5303.206502</timestamp>
			</report>
			<report>
				<misses>753000000</misses>
				<total>0</total>
				<timestamp>5303.902419</timestamp>
			</report>
			<report>
				<misses>753100000</misses>
				<total>0</total>
				<timestamp>5304.590501</timestamp>
			</report>
			<report>
				<misses>753200000</misses>
				<total>0</total>
				<timestamp>5305.294895</timestamp>
			</report>
			<report>
				<misses>753300000</misses>
				<total>0</total>
				<timestamp>5306.013863</timestamp>
			</report>
			<report>
				<misses>753400000</misses>
				<total>0</total>
				<timestamp>5306.731387</timestamp>
			</report>
			<report>
				<misses>753500000</misses>
				<total>0</total>
				<timestamp>5307.450448</timestamp>
			</report>
			<report>
				<misses>753600000</misses>
				<total>0</total>
				<timestamp>5308.168462</timestamp>
			</report>
			<report>
				<misses>753700000</misses>
				<total>0</total>
				<timestamp>5308.863592</timestamp>
			</report>
			<report>
				<misses>753800000</misses>
				<total>0</total>
				<timestamp>5309.588927</timestamp>
			</report>
			<report>
				<misses>753900000</misses>
				<total>0</total>
				<timestamp>5310.289268</timestamp>
			</report>
			<report>
				<misses>754000000</misses>
				<total>0</total>
				<timestamp>5311.028686</timestamp>
			</report>
			<report>
				<misses>754100000</misses>
				<total>0</total>
				<timestamp>5311.778175</timestamp>
			</report>
			<report>
				<misses>754200000</misses>
				<total>0</total>
				<timestamp>5312.505831</timestamp>
			</report>
			<report>
				<misses>754300000</misses>
				<total>0</total>
				<timestamp>5313.241825</timestamp>
			</report>
			<report>
				<misses>754400000</misses>
				<total>0</total>
				<timestamp>5313.988181</timestamp>
			</report>
			<report>
				<misses>754500000</misses>
				<total>0</total>
				<timestamp>5314.701960</timestamp>
			</report>
			<report>
				<misses>754600000</misses>
				<total>0</total>
				<timestamp>5315.416880</timestamp>
			</report>
			<report>
				<misses>754700000</misses>
				<total>0</total>
				<timestamp>5316.135440</timestamp>
			</report>
			<report>
				<misses>754800000</misses>
				<total>0</total>
				<timestamp>5316.860085</timestamp>
			</report>
			<report>
				<misses>754900000</misses>
				<total>0</total>
				<timestamp>5317.556945</timestamp>
			</report>
			<report>
				<misses>755000000</misses>
				<total>0</total>
				<timestamp>5318.270917</timestamp>
			</report>
			<report>
				<misses>755100000</misses>
				<total>0</total>
				<timestamp>5318.991306</timestamp>
			</report>
			<report>
				<misses>755200000</misses>
				<total>0</total>
				<timestamp>5319.748581</timestamp>
			</report>
			<report>
				<misses>755300000</misses>
				<total>0</total>
				<timestamp>5320.486950</timestamp>
			</report>
			<report>
				<misses>755400000</misses>
				<total>0</total>
				<timestamp>5321.199640</timestamp>
			</report>
			<report>
				<misses>755500000</misses>
				<total>0</total>
				<timestamp>5321.917452</timestamp>
			</report>
			<report>
				<misses>755600000</misses>
				<total>0</total>
				<timestamp>5322.687120</timestamp>
			</report>
			<report>
				<misses>755700000</misses>
				<total>0</total>
				<timestamp>5323.385414</timestamp>
			</report>
			<report>
				<misses>755800000</misses>
				<total>0</total>
				<timestamp>5324.113092</timestamp>
			</report>
			<report>
				<misses>755900000</misses>
				<total>0</total>
				<timestamp>5324.834620</timestamp>
			</report>
			<report>
				<misses>756000000</misses>
				<total>0</total>
				<timestamp>5325.556148</timestamp>
			</report>
			<report>
				<misses>756100000</misses>
				<total>0</total>
				<timestamp>5326.250254</timestamp>
			</report>
			<report>
				<misses>756200000</misses>
				<total>0</total>
				<timestamp>5326.998589</timestamp>
			</report>
			<report>
				<misses>756300000</misses>
				<total>0</total>
				<timestamp>5327.720432</timestamp>
			</report>
			<report>
				<misses>756400000</misses>
				<total>0</total>
				<timestamp>5328.477720</timestamp>
			</report>
			<report>
				<misses>756500000</misses>
				<total>0</total>
				<timestamp>5329.207679</timestamp>
			</report>
			<report>
				<misses>756600000</misses>
				<total>0</total>
				<timestamp>5329.938620</timestamp>
			</report>
			<report>
				<misses>756700000</misses>
				<total>0</total>
				<timestamp>5330.661879</timestamp>
			</report>
			<report>
				<misses>756800000</misses>
				<total>0</total>
				<timestamp>5331.396089</timestamp>
			</report>
			<report>
				<misses>756900000</misses>
				<total>0</total>
				<timestamp>5332.103018</timestamp>
			</report>
			<report>
				<misses>757000000</misses>
				<total>0</total>
				<timestamp>5332.812637</timestamp>
			</report>
			<report>
				<misses>757100000</misses>
				<total>0</total>
				<timestamp>5333.518076</timestamp>
			</report>
			<report>
				<misses>757200000</misses>
				<total>0</total>
				<timestamp>5334.213749</timestamp>
			</report>
			<report>
				<misses>757300000</misses>
				<total>0</total>
				<timestamp>5334.903358</timestamp>
			</report>
			<report>
				<misses>757400000</misses>
				<total>0</total>
				<timestamp>5335.599586</timestamp>
			</report>
			<report>
				<misses>757500000</misses>
				<total>0</total>
				<timestamp>5336.282907</timestamp>
			</report>
			<report>
				<misses>757600000</misses>
				<total>0</total>
				<timestamp>5336.966203</timestamp>
			</report>
			<report>
				<misses>757700000</misses>
				<total>0</total>
				<timestamp>5337.643143</timestamp>
			</report>
			<report>
				<misses>757800000</misses>
				<total>0</total>
				<timestamp>5338.336939</timestamp>
			</report>
			<report>
				<misses>757900000</misses>
				<total>0</total>
				<timestamp>5339.016832</timestamp>
			</report>
			<report>
				<misses>758000000</misses>
				<total>0</total>
				<timestamp>5339.718894</timestamp>
			</report>
			<report>
				<misses>758100000</misses>
				<total>0</total>
				<timestamp>5340.472590</timestamp>
			</report>
			<report>
				<misses>758200000</misses>
				<total>0</total>
				<timestamp>5341.215102</timestamp>
			</report>
			<report>
				<misses>758300000</misses>
				<total>0</total>
				<timestamp>5341.948831</timestamp>
			</report>
			<report>
				<misses>758400000</misses>
				<total>0</total>
				<timestamp>5342.645423</timestamp>
			</report>
			<report>
				<misses>758500000</misses>
				<total>0</total>
				<timestamp>5343.387035</timestamp>
			</report>
			<report>
				<misses>758600000</misses>
				<total>0</total>
				<timestamp>5344.095743</timestamp>
			</report>
			<report>
				<misses>758700000</misses>
				<total>0</total>
				<timestamp>5344.808726</timestamp>
			</report>
			<report>
				<misses>758800000</misses>
				<total>0</total>
				<timestamp>5345.532758</timestamp>
			</report>
			<report>
				<misses>758900000</misses>
				<total>0</total>
				<timestamp>5346.248262</timestamp>
			</report>
			<report>
				<misses>759000000</misses>
				<total>0</total>
				<timestamp>5346.991627</timestamp>
			</report>
			<report>
				<misses>759100000</misses>
				<total>0</total>
				<timestamp>5347.688075</timestamp>
			</report>
			<report>
				<misses>759200000</misses>
				<total>0</total>
				<timestamp>5348.410196</timestamp>
			</report>
			<report>
				<misses>759300000</misses>
				<total>0</total>
				<timestamp>5349.135795</timestamp>
			</report>
			<report>
				<misses>759400000</misses>
				<total>0</total>
				<timestamp>5349.860211</timestamp>
			</report>
			<report>
				<misses>759500000</misses>
				<total>0</total>
				<timestamp>5350.602214</timestamp>
			</report>
			<report>
				<misses>759600000</misses>
				<total>0</total>
				<timestamp>5351.308342</timestamp>
			</report>
			<report>
				<misses>759700000</misses>
				<total>0</total>
				<timestamp>5352.004167</timestamp>
			</report>
			<report>
				<misses>759800000</misses>
				<total>0</total>
				<timestamp>5352.714848</timestamp>
			</report>
			<report>
				<misses>759900000</misses>
				<total>0</total>
				<timestamp>5353.421981</timestamp>
			</report>
			<report>
				<misses>760000000</misses>
				<total>0</total>
				<timestamp>5354.121480</timestamp>
			</report>
			<report>
				<misses>760100000</misses>
				<total>0</total>
				<timestamp>5354.817285</timestamp>
			</report>
			<report>
				<misses>760200000</misses>
				<total>0</total>
				<timestamp>5355.498349</timestamp>
			</report>
			<report>
				<misses>760300000</misses>
				<total>0</total>
				<timestamp>5356.181646</timestamp>
			</report>
			<report>
				<misses>760400000</misses>
				<total>0</total>
				<timestamp>5356.896792</timestamp>
			</report>
			<report>
				<misses>760500000</misses>
				<total>0</total>
				<timestamp>5357.583657</timestamp>
			</report>
			<report>
				<misses>760600000</misses>
				<total>0</total>
				<timestamp>5358.275248</timestamp>
			</report>
			<report>
				<misses>760700000</misses>
				<total>0</total>
				<timestamp>5358.956451</timestamp>
			</report>
			<report>
				<misses>760800000</misses>
				<total>0</total>
				<timestamp>5359.637762</timestamp>
			</report>
			<report>
				<misses>760900000</misses>
				<total>0</total>
				<timestamp>5360.328311</timestamp>
			</report>
			<report>
				<misses>761000000</misses>
				<total>0</total>
				<timestamp>5361.036063</timestamp>
			</report>
			<report>
				<misses>761100000</misses>
				<total>0</total>
				<timestamp>5361.783690</timestamp>
			</report>
			<report>
				<misses>761200000</misses>
				<total>0</total>
				<timestamp>5362.492811</timestamp>
			</report>
			<report>
				<misses>761300000</misses>
				<total>0</total>
				<timestamp>5363.205108</timestamp>
			</report>
			<report>
				<misses>761400000</misses>
				<total>0</total>
				<timestamp>5363.913725</timestamp>
			</report>
			<report>
				<misses>761500000</misses>
				<total>0</total>
				<timestamp>5364.655982</timestamp>
			</report>
			<report>
				<misses>761600000</misses>
				<total>0</total>
				<timestamp>5365.354843</timestamp>
			</report>
			<report>
				<misses>761700000</misses>
				<total>0</total>
				<timestamp>5366.059447</timestamp>
			</report>
			<report>
				<misses>761800000</misses>
				<total>0</total>
				<timestamp>5366.786634</timestamp>
			</report>
			<report>
				<misses>761900000</misses>
				<total>0</total>
				<timestamp>5367.502957</timestamp>
			</report>
			<report>
				<misses>762000000</misses>
				<total>0</total>
				<timestamp>5368.200207</timestamp>
			</report>
			<report>
				<misses>762100000</misses>
				<total>0</total>
				<timestamp>5368.892458</timestamp>
			</report>
			<report>
				<misses>762200000</misses>
				<total>0</total>
				<timestamp>5369.596945</timestamp>
			</report>
			<report>
				<misses>762300000</misses>
				<total>0</total>
				<timestamp>5370.288145</timestamp>
			</report>
			<report>
				<misses>762400000</misses>
				<total>0</total>
				<timestamp>5370.978640</timestamp>
			</report>
			<report>
				<misses>762500000</misses>
				<total>0</total>
				<timestamp>5371.662858</timestamp>
			</report>
			<report>
				<misses>762600000</misses>
				<total>0</total>
				<timestamp>5372.354492</timestamp>
			</report>
			<report>
				<misses>762700000</misses>
				<total>0</total>
				<timestamp>5373.051860</timestamp>
			</report>
			<report>
				<misses>762800000</misses>
				<total>0</total>
				<timestamp>5373.733541</timestamp>
			</report>
			<report>
				<misses>762900000</misses>
				<total>0</total>
				<timestamp>5374.405967</timestamp>
			</report>
			<report>
				<misses>763000000</misses>
				<total>0</total>
				<timestamp>5375.088696</timestamp>
			</report>
			<report>
				<misses>763100000</misses>
				<total>0</total>
				<timestamp>5375.787772</timestamp>
			</report>
			<report>
				<misses>763200000</misses>
				<total>0</total>
				<timestamp>5376.489260</timestamp>
			</report>
			<report>
				<misses>763300000</misses>
				<total>0</total>
				<timestamp>5377.175795</timestamp>
			</report>
			<report>
				<misses>763400000</misses>
				<total>0</total>
				<timestamp>5377.873378</timestamp>
			</report>
			<report>
				<misses>763500000</misses>
				<total>0</total>
				<timestamp>5378.594160</timestamp>
			</report>
			<report>
				<misses>763600000</misses>
				<total>0</total>
				<timestamp>5379.311426</timestamp>
			</report>
			<report>
				<misses>763700000</misses>
				<total>0</total>
				<timestamp>5379.994128</timestamp>
			</report>
			<report>
				<misses>763800000</misses>
				<total>0</total>
				<timestamp>5380.697881</timestamp>
			</report>
			<report>
				<misses>763900000</misses>
				<total>0</total>
				<timestamp>5381.389973</timestamp>
			</report>
			<report>
				<misses>764000000</misses>
				<total>0</total>
				<timestamp>5382.092936</timestamp>
			</report>
			<report>
				<misses>764100000</misses>
				<total>0</total>
				<timestamp>5382.810839</timestamp>
			</report>
			<report>
				<misses>764200000</misses>
				<total>0</total>
				<timestamp>5383.512836</timestamp>
			</report>
			<report>
				<misses>764300000</misses>
				<total>0</total>
				<timestamp>5384.228024</timestamp>
			</report>
			<report>
				<misses>764400000</misses>
				<total>0</total>
				<timestamp>5384.933833</timestamp>
			</report>
			<report>
				<misses>764500000</misses>
				<total>0</total>
				<timestamp>5385.641933</timestamp>
			</report>
			<report>
				<misses>764600000</misses>
				<total>0</total>
				<timestamp>5386.373764</timestamp>
			</report>
			<report>
				<misses>764700000</misses>
				<total>0</total>
				<timestamp>5387.055844</timestamp>
			</report>
			<report>
				<misses>764800000</misses>
				<total>0</total>
				<timestamp>5387.757029</timestamp>
			</report>
			<report>
				<misses>764900000</misses>
				<total>0</total>
				<timestamp>5388.436742</timestamp>
			</report>
			<report>
				<misses>765000000</misses>
				<total>0</total>
				<timestamp>5389.112684</timestamp>
			</report>
			<report>
				<misses>765100000</misses>
				<total>0</total>
				<timestamp>5389.794225</timestamp>
			</report>
			<report>
				<misses>765200000</misses>
				<total>0</total>
				<timestamp>5390.480209</timestamp>
			</report>
			<report>
				<misses>765300000</misses>
				<total>0</total>
				<timestamp>5391.165358</timestamp>
			</report>
			<report>
				<misses>765400000</misses>
				<total>0</total>
				<timestamp>5391.845235</timestamp>
			</report>
			<report>
				<misses>765500000</misses>
				<total>0</total>
				<timestamp>5392.517632</timestamp>
			</report>
			<report>
				<misses>765600000</misses>
				<total>0</total>
				<timestamp>5393.198456</timestamp>
			</report>
			<report>
				<misses>765700000</misses>
				<total>0</total>
				<timestamp>5393.902181</timestamp>
			</report>
			<report>
				<misses>765800000</misses>
				<total>0</total>
				<timestamp>5394.618016</timestamp>
			</report>
			<report>
				<misses>765900000</misses>
				<total>0</total>
				<timestamp>5395.315632</timestamp>
			</report>
			<report>
				<misses>766000000</misses>
				<total>0</total>
				<timestamp>5396.041772</timestamp>
			</report>
			<report>
				<misses>766100000</misses>
				<total>0</total>
				<timestamp>5396.762107</timestamp>
			</report>
			<report>
				<misses>766200000</misses>
				<total>0</total>
				<timestamp>5397.478815</timestamp>
			</report>
			<report>
				<misses>766300000</misses>
				<total>0</total>
				<timestamp>5398.215055</timestamp>
			</report>
			<report>
				<misses>766400000</misses>
				<total>0</total>
				<timestamp>5398.930339</timestamp>
			</report>
			<report>
				<misses>766500000</misses>
				<total>0</total>
				<timestamp>5399.624201</timestamp>
			</report>
			<report>
				<misses>766600000</misses>
				<total>0</total>
				<timestamp>5400.355344</timestamp>
			</report>
			<report>
				<misses>766700000</misses>
				<total>0</total>
				<timestamp>5401.075391</timestamp>
			</report>
			<report>
				<misses>766800000</misses>
				<total>0</total>
				<timestamp>5401.790108</timestamp>
			</report>
			<report>
				<misses>766900000</misses>
				<total>0</total>
				<timestamp>5402.486778</timestamp>
			</report>
			<report>
				<misses>767000000</misses>
				<total>0</total>
				<timestamp>5403.188364</timestamp>
			</report>
			<report>
				<misses>767100000</misses>
				<total>0</total>
				<timestamp>5403.876539</timestamp>
			</report>
			<report>
				<misses>767200000</misses>
				<total>0</total>
				<timestamp>5404.561155</timestamp>
			</report>
			<report>
				<misses>767300000</misses>
				<total>0</total>
				<timestamp>5405.257327</timestamp>
			</report>
			<report>
				<misses>767400000</misses>
				<total>0</total>
				<timestamp>5405.945966</timestamp>
			</report>
			<report>
				<misses>767500000</misses>
				<total>0</total>
				<timestamp>5406.629823</timestamp>
			</report>
			<report>
				<misses>767600000</misses>
				<total>0</total>
				<timestamp>5407.315254</timestamp>
			</report>
			<report>
				<misses>767700000</misses>
				<total>0</total>
				<timestamp>5408.005638</timestamp>
			</report>
			<report>
				<misses>767800000</misses>
				<total>0</total>
				<timestamp>5408.695119</timestamp>
			</report>
			<report>
				<misses>767900000</misses>
				<total>0</total>
				<timestamp>5409.404642</timestamp>
			</report>
			<report>
				<misses>768000000</misses>
				<total>0</total>
				<timestamp>5410.136723</timestamp>
			</report>
			<report>
				<misses>768100000</misses>
				<total>0</total>
				<timestamp>5410.847283</timestamp>
			</report>
			<report>
				<misses>768200000</misses>
				<total>0</total>
				<timestamp>5411.549328</timestamp>
			</report>
			<report>
				<misses>768300000</misses>
				<total>0</total>
				<timestamp>5412.270279</timestamp>
			</report>
			<report>
				<misses>768400000</misses>
				<total>0</total>
				<timestamp>5412.967834</timestamp>
			</report>
			<report>
				<misses>768500000</misses>
				<total>0</total>
				<timestamp>5413.666110</timestamp>
			</report>
			<report>
				<misses>768600000</misses>
				<total>0</total>
				<timestamp>5414.386267</timestamp>
			</report>
			<report>
				<misses>768700000</misses>
				<total>0</total>
				<timestamp>5415.134801</timestamp>
			</report>
			<report>
				<misses>768800000</misses>
				<total>0</total>
				<timestamp>5415.881640</timestamp>
			</report>
			<report>
				<misses>768900000</misses>
				<total>0</total>
				<timestamp>5416.592362</timestamp>
			</report>
			<report>
				<misses>769000000</misses>
				<total>0</total>
				<timestamp>5417.321620</timestamp>
			</report>
			<report>
				<misses>769100000</misses>
				<total>0</total>
				<timestamp>5418.026086</timestamp>
			</report>
			<report>
				<misses>769200000</misses>
				<total>0</total>
				<timestamp>5418.709379</timestamp>
			</report>
			<report>
				<misses>769300000</misses>
				<total>0</total>
				<timestamp>5419.407168</timestamp>
			</report>
			<report>
				<misses>769400000</misses>
				<total>0</total>
				<timestamp>5420.123716</timestamp>
			</report>
			<report>
				<misses>769500000</misses>
				<total>0</total>
				<timestamp>5420.844443</timestamp>
			</report>
			<report>
				<misses>769600000</misses>
				<total>0</total>
				<timestamp>5421.600254</timestamp>
			</report>
			<report>
				<misses>769700000</misses>
				<total>0</total>
				<timestamp>5422.315466</timestamp>
			</report>
			<report>
				<misses>769800000</misses>
				<total>0</total>
				<timestamp>5423.046644</timestamp>
			</report>
			<report>
				<misses>769900000</misses>
				<total>0</total>
				<timestamp>5423.763366</timestamp>
			</report>
			<report>
				<misses>770000000</misses>
				<total>0</total>
				<timestamp>5424.505202</timestamp>
			</report>
			<report>
				<misses>770100000</misses>
				<total>0</total>
				<timestamp>5425.255523</timestamp>
			</report>
			<report>
				<misses>770200000</misses>
				<total>0</total>
				<timestamp>5425.976843</timestamp>
			</report>
			<report>
				<misses>770300000</misses>
				<total>0</total>
				<timestamp>5426.696106</timestamp>
			</report>
			<report>
				<misses>770400000</misses>
				<total>0</total>
				<timestamp>5427.426589</timestamp>
			</report>
			<report>
				<misses>770500000</misses>
				<total>0</total>
				<timestamp>5428.139778</timestamp>
			</report>
			<report>
				<misses>770600000</misses>
				<total>0</total>
				<timestamp>5428.865447</timestamp>
			</report>
			<report>
				<misses>770700000</misses>
				<total>0</total>
				<timestamp>5429.578945</timestamp>
			</report>
			<report>
				<misses>770800000</misses>
				<total>0</total>
				<timestamp>5430.295299</timestamp>
			</report>
			<report>
				<misses>770900000</misses>
				<total>0</total>
				<timestamp>5431.009504</timestamp>
			</report>
			<report>
				<misses>771000000</misses>
				<total>0</total>
				<timestamp>5431.717078</timestamp>
			</report>
			<report>
				<misses>771100000</misses>
				<total>0</total>
				<timestamp>5432.410379</timestamp>
			</report>
			<report>
				<misses>771200000</misses>
				<total>0</total>
				<timestamp>5433.097353</timestamp>
			</report>
			<report>
				<misses>771300000</misses>
				<total>0</total>
				<timestamp>5433.785753</timestamp>
			</report>
			<report>
				<misses>771400000</misses>
				<total>0</total>
				<timestamp>5434.474323</timestamp>
			</report>
			<report>
				<misses>771500000</misses>
				<total>0</total>
				<timestamp>5435.163299</timestamp>
			</report>
			<report>
				<misses>771600000</misses>
				<total>0</total>
				<timestamp>5435.852113</timestamp>
			</report>
			<report>
				<misses>771700000</misses>
				<total>0</total>
				<timestamp>5436.545139</timestamp>
			</report>
			<report>
				<misses>771800000</misses>
				<total>0</total>
				<timestamp>5437.215032</timestamp>
			</report>
			<report>
				<misses>771900000</misses>
				<total>0</total>
				<timestamp>5437.911559</timestamp>
			</report>
			<report>
				<misses>772000000</misses>
				<total>0</total>
				<timestamp>5438.608202</timestamp>
			</report>
			<report>
				<misses>772100000</misses>
				<total>0</total>
				<timestamp>5439.331519</timestamp>
			</report>
			<report>
				<misses>772200000</misses>
				<total>0</total>
				<timestamp>5440.061221</timestamp>
			</report>
			<report>
				<misses>772300000</misses>
				<total>0</total>
				<timestamp>5440.748328</timestamp>
			</report>
			<report>
				<misses>772400000</misses>
				<total>0</total>
				<timestamp>5441.447570</timestamp>
			</report>
			<report>
				<misses>772500000</misses>
				<total>0</total>
				<timestamp>5442.145484</timestamp>
			</report>
			<report>
				<misses>772600000</misses>
				<total>0</total>
				<timestamp>5442.841643</timestamp>
			</report>
			<report>
				<misses>772700000</misses>
				<total>0</total>
				<timestamp>5443.547488</timestamp>
			</report>
			<report>
				<misses>772800000</misses>
				<total>0</total>
				<timestamp>5444.245446</timestamp>
			</report>
			<report>
				<misses>772900000</misses>
				<total>0</total>
				<timestamp>5444.968860</timestamp>
			</report>
			<report>
				<misses>773000000</misses>
				<total>0</total>
				<timestamp>5445.665388</timestamp>
			</report>
			<report>
				<misses>773100000</misses>
				<total>0</total>
				<timestamp>5446.365763</timestamp>
			</report>
			<report>
				<misses>773200000</misses>
				<total>0</total>
				<timestamp>5447.084708</timestamp>
			</report>
			<report>
				<misses>773300000</misses>
				<total>0</total>
				<timestamp>5447.798153</timestamp>
			</report>
			<report>
				<misses>773400000</misses>
				<total>0</total>
				<timestamp>5448.522330</timestamp>
			</report>
			<report>
				<misses>773500000</misses>
				<total>0</total>
				<timestamp>5449.249840</timestamp>
			</report>
			<report>
				<misses>773600000</misses>
				<total>0</total>
				<timestamp>5449.937837</timestamp>
			</report>
			<report>
				<misses>773700000</misses>
				<total>0</total>
				<timestamp>5450.628895</timestamp>
			</report>
			<report>
				<misses>773800000</misses>
				<total>0</total>
				<timestamp>5451.310877</timestamp>
			</report>
			<report>
				<misses>773900000</misses>
				<total>0</total>
				<timestamp>5451.993928</timestamp>
			</report>
			<report>
				<misses>774000000</misses>
				<total>0</total>
				<timestamp>5452.675899</timestamp>
			</report>
			<report>
				<misses>774100000</misses>
				<total>0</total>
				<timestamp>5453.358622</timestamp>
			</report>
			<report>
				<misses>774200000</misses>
				<total>0</total>
				<timestamp>5454.062934</timestamp>
			</report>
			<report>
				<misses>774300000</misses>
				<total>0</total>
				<timestamp>5454.770446</timestamp>
			</report>
			<report>
				<misses>774400000</misses>
				<total>0</total>
				<timestamp>5455.460206</timestamp>
			</report>
			<report>
				<misses>774500000</misses>
				<total>0</total>
				<timestamp>5456.176456</timestamp>
			</report>
			<report>
				<misses>774600000</misses>
				<total>0</total>
				<timestamp>5456.893730</timestamp>
			</report>
			<report>
				<misses>774700000</misses>
				<total>0</total>
				<timestamp>5457.619313</timestamp>
			</report>
			<report>
				<misses>774800000</misses>
				<total>0</total>
				<timestamp>5458.346650</timestamp>
			</report>
			<report>
				<misses>774900000</misses>
				<total>0</total>
				<timestamp>5459.057488</timestamp>
			</report>
			<report>
				<misses>775000000</misses>
				<total>0</total>
				<timestamp>5459.749181</timestamp>
			</report>
			<report>
				<misses>775100000</misses>
				<total>0</total>
				<timestamp>5460.455971</timestamp>
			</report>
			<report>
				<misses>775200000</misses>
				<total>0</total>
				<timestamp>5461.177619</timestamp>
			</report>
			<report>
				<misses>775300000</misses>
				<total>0</total>
				<timestamp>5461.860948</timestamp>
			</report>
			<report>
				<misses>775400000</misses>
				<total>0</total>
				<timestamp>5462.622305</timestamp>
			</report>
			<report>
				<misses>775500000</misses>
				<total>0</total>
				<timestamp>5463.343549</timestamp>
			</report>
			<report>
				<misses>775600000</misses>
				<total>0</total>
				<timestamp>5464.046675</timestamp>
			</report>
			<report>
				<misses>775700000</misses>
				<total>0</total>
				<timestamp>5464.766256</timestamp>
			</report>
			<report>
				<misses>775800000</misses>
				<total>0</total>
				<timestamp>5465.510225</timestamp>
			</report>
			<report>
				<misses>775900000</misses>
				<total>0</total>
				<timestamp>5466.192301</timestamp>
			</report>
			<report>
				<misses>776000000</misses>
				<total>0</total>
				<timestamp>5466.881654</timestamp>
			</report>
			<report>
				<misses>776100000</misses>
				<total>0</total>
				<timestamp>5467.580361</timestamp>
			</report>
			<report>
				<misses>776200000</misses>
				<total>0</total>
				<timestamp>5468.269917</timestamp>
			</report>
			<report>
				<misses>776300000</misses>
				<total>0</total>
				<timestamp>5468.958659</timestamp>
			</report>
			<report>
				<misses>776400000</misses>
				<total>0</total>
				<timestamp>5469.639611</timestamp>
			</report>
			<report>
				<misses>776500000</misses>
				<total>0</total>
				<timestamp>5470.325338</timestamp>
			</report>
			<report>
				<misses>776600000</misses>
				<total>0</total>
				<timestamp>5471.008875</timestamp>
			</report>
			<report>
				<misses>776700000</misses>
				<total>0</total>
				<timestamp>5471.697463</timestamp>
			</report>
			<report>
				<misses>776800000</misses>
				<total>0</total>
				<timestamp>5472.380082</timestamp>
			</report>
			<report>
				<misses>776900000</misses>
				<total>0</total>
				<timestamp>5473.095440</timestamp>
			</report>
			<report>
				<misses>777000000</misses>
				<total>0</total>
				<timestamp>5473.830720</timestamp>
			</report>
			<report>
				<misses>777100000</misses>
				<total>0</total>
				<timestamp>5474.573399</timestamp>
			</report>
			<report>
				<misses>777200000</misses>
				<total>0</total>
				<timestamp>5475.289386</timestamp>
			</report>
			<report>
				<misses>777300000</misses>
				<total>0</total>
				<timestamp>5476.022680</timestamp>
			</report>
			<report>
				<misses>777400000</misses>
				<total>0</total>
				<timestamp>5476.743452</timestamp>
			</report>
			<report>
				<misses>777500000</misses>
				<total>0</total>
				<timestamp>5477.490964</timestamp>
			</report>
			<report>
				<misses>777600000</misses>
				<total>0</total>
				<timestamp>5478.220923</timestamp>
			</report>
			<report>
				<misses>777700000</misses>
				<total>0</total>
				<timestamp>5478.941150</timestamp>
			</report>
			<report>
				<misses>777800000</misses>
				<total>0</total>
				<timestamp>5479.697410</timestamp>
			</report>
			<report>
				<misses>777900000</misses>
				<total>0</total>
				<timestamp>5480.423831</timestamp>
			</report>
			<report>
				<misses>778000000</misses>
				<total>0</total>
				<timestamp>5481.155985</timestamp>
			</report>
			<report>
				<misses>778100000</misses>
				<total>0</total>
				<timestamp>5481.888970</timestamp>
			</report>
			<report>
				<misses>778200000</misses>
				<total>0</total>
				<timestamp>5482.606572</timestamp>
			</report>
			<report>
				<misses>778300000</misses>
				<total>0</total>
				<timestamp>5483.346252</timestamp>
			</report>
			<report>
				<misses>778400000</misses>
				<total>0</total>
				<timestamp>5484.075029</timestamp>
			</report>
			<report>
				<misses>778500000</misses>
				<total>0</total>
				<timestamp>5484.801317</timestamp>
			</report>
			<report>
				<misses>778600000</misses>
				<total>0</total>
				<timestamp>5485.505834</timestamp>
			</report>
			<report>
				<misses>778700000</misses>
				<total>0</total>
				<timestamp>5486.196137</timestamp>
			</report>
			<report>
				<misses>778800000</misses>
				<total>0</total>
				<timestamp>5486.893274</timestamp>
			</report>
			<report>
				<misses>778900000</misses>
				<total>0</total>
				<timestamp>5487.589603</timestamp>
			</report>
			<report>
				<misses>779000000</misses>
				<total>0</total>
				<timestamp>5488.271501</timestamp>
			</report>
			<report>
				<misses>779100000</misses>
				<total>0</total>
				<timestamp>5488.976550</timestamp>
			</report>
			<report>
				<misses>779200000</misses>
				<total>0</total>
				<timestamp>5489.673459</timestamp>
			</report>
			<report>
				<misses>779300000</misses>
				<total>0</total>
				<timestamp>5490.349710</timestamp>
			</report>
			<report>
				<misses>779400000</misses>
				<total>0</total>
				<timestamp>5491.023029</timestamp>
			</report>
			<report>
				<misses>779500000</misses>
				<total>0</total>
				<timestamp>5491.713431</timestamp>
			</report>
			<report>
				<misses>779600000</misses>
				<total>0</total>
				<timestamp>5492.450994</timestamp>
			</report>
			<report>
				<misses>779700000</misses>
				<total>0</total>
				<timestamp>5493.147455</timestamp>
			</report>
			<report>
				<misses>779800000</misses>
				<total>0</total>
				<timestamp>5493.883225</timestamp>
			</report>
			<report>
				<misses>779900000</misses>
				<total>0</total>
				<timestamp>5494.605819</timestamp>
			</report>
			<report>
				<misses>780000000</misses>
				<total>0</total>
				<timestamp>5495.325790</timestamp>
			</report>
			<report>
				<misses>780100000</misses>
				<total>0</total>
				<timestamp>5496.019640</timestamp>
			</report>
			<report>
				<misses>780200000</misses>
				<total>0</total>
				<timestamp>5496.729654</timestamp>
			</report>
			<report>
				<misses>780300000</misses>
				<total>0</total>
				<timestamp>5497.439264</timestamp>
			</report>
			<report>
				<misses>780400000</misses>
				<total>0</total>
				<timestamp>5498.181545</timestamp>
			</report>
			<report>
				<misses>780500000</misses>
				<total>0</total>
				<timestamp>5498.876634</timestamp>
			</report>
			<report>
				<misses>780600000</misses>
				<total>0</total>
				<timestamp>5499.619834</timestamp>
			</report>
			<report>
				<misses>780700000</misses>
				<total>0</total>
				<timestamp>5500.345012</timestamp>
			</report>
			<report>
				<misses>780800000</misses>
				<total>0</total>
				<timestamp>5501.057040</timestamp>
			</report>
			<report>
				<misses>780900000</misses>
				<total>0</total>
				<timestamp>5501.756847</timestamp>
			</report>
			<report>
				<misses>781000000</misses>
				<total>0</total>
				<timestamp>5502.440814</timestamp>
			</report>
			<report>
				<misses>781100000</misses>
				<total>0</total>
				<timestamp>5503.124276</timestamp>
			</report>
			<report>
				<misses>781200000</misses>
				<total>0</total>
				<timestamp>5503.807191</timestamp>
			</report>
			<report>
				<misses>781300000</misses>
				<total>0</total>
				<timestamp>5504.487400</timestamp>
			</report>
			<report>
				<misses>781400000</misses>
				<total>0</total>
				<timestamp>5505.172945</timestamp>
			</report>
			<report>
				<misses>781500000</misses>
				<total>0</total>
				<timestamp>5505.859498</timestamp>
			</report>
			<report>
				<misses>781600000</misses>
				<total>0</total>
				<timestamp>5506.529620</timestamp>
			</report>
			<report>
				<misses>781700000</misses>
				<total>0</total>
				<timestamp>5507.228412</timestamp>
			</report>
			<report>
				<misses>781800000</misses>
				<total>0</total>
				<timestamp>5507.911602</timestamp>
			</report>
			<report>
				<misses>781900000</misses>
				<total>0</total>
				<timestamp>5508.640545</timestamp>
			</report>
			<report>
				<misses>782000000</misses>
				<total>0</total>
				<timestamp>5509.380082</timestamp>
			</report>
			<report>
				<misses>782100000</misses>
				<total>0</total>
				<timestamp>5510.084984</timestamp>
			</report>
			<report>
				<misses>782200000</misses>
				<total>0</total>
				<timestamp>5510.811609</timestamp>
			</report>
			<report>
				<misses>782300000</misses>
				<total>0</total>
				<timestamp>5511.514720</timestamp>
			</report>
			<report>
				<misses>782400000</misses>
				<total>0</total>
				<timestamp>5512.238198</timestamp>
			</report>
			<report>
				<misses>782500000</misses>
				<total>0</total>
				<timestamp>5512.917413</timestamp>
			</report>
			<report>
				<misses>782600000</misses>
				<total>0</total>
				<timestamp>5513.637361</timestamp>
			</report>
			<report>
				<misses>782700000</misses>
				<total>0</total>
				<timestamp>5514.363877</timestamp>
			</report>
			<report>
				<misses>782800000</misses>
				<total>0</total>
				<timestamp>5515.079833</timestamp>
			</report>
			<report>
				<misses>782900000</misses>
				<total>0</total>
				<timestamp>5515.800516</timestamp>
			</report>
			<report>
				<misses>783000000</misses>
				<total>0</total>
				<timestamp>5516.508936</timestamp>
			</report>
			<report>
				<misses>783100000</misses>
				<total>0</total>
				<timestamp>5517.204944</timestamp>
			</report>
			<report>
				<misses>783200000</misses>
				<total>0</total>
				<timestamp>5517.913357</timestamp>
			</report>
			<report>
				<misses>783300000</misses>
				<total>0</total>
				<timestamp>5518.586399</timestamp>
			</report>
			<report>
				<misses>783400000</misses>
				<total>0</total>
				<timestamp>5519.288485</timestamp>
			</report>
			<report>
				<misses>783500000</misses>
				<total>0</total>
				<timestamp>5519.973276</timestamp>
			</report>
			<report>
				<misses>783600000</misses>
				<total>0</total>
				<timestamp>5520.663435</timestamp>
			</report>
			<report>
				<misses>783700000</misses>
				<total>0</total>
				<timestamp>5521.359212</timestamp>
			</report>
			<report>
				<misses>783800000</misses>
				<total>0</total>
				<timestamp>5522.042396</timestamp>
			</report>
			<report>
				<misses>783900000</misses>
				<total>0</total>
				<timestamp>5522.715799</timestamp>
			</report>
			<report>
				<misses>784000000</misses>
				<total>0</total>
				<timestamp>5523.400461</timestamp>
			</report>
			<report>
				<misses>784100000</misses>
				<total>0</total>
				<timestamp>5524.090923</timestamp>
			</report>
			<report>
				<misses>784200000</misses>
				<total>0</total>
				<timestamp>5524.775244</timestamp>
			</report>
			<report>
				<misses>784300000</misses>
				<total>0</total>
				<timestamp>5525.487733</timestamp>
			</report>
			<report>
				<misses>784400000</misses>
				<total>0</total>
				<timestamp>5526.213836</timestamp>
			</report>
			<report>
				<misses>784500000</misses>
				<total>0</total>
				<timestamp>5526.914627</timestamp>
			</report>
			<report>
				<misses>784600000</misses>
				<total>0</total>
				<timestamp>5527.638614</timestamp>
			</report>
			<report>
				<misses>784700000</misses>
				<total>0</total>
				<timestamp>5528.363638</timestamp>
			</report>
			<report>
				<misses>784800000</misses>
				<total>0</total>
				<timestamp>5529.085554</timestamp>
			</report>
			<report>
				<misses>784900000</misses>
				<total>0</total>
				<timestamp>5529.802867</timestamp>
			</report>
			<report>
				<misses>785000000</misses>
				<total>0</total>
				<timestamp>5530.549669</timestamp>
			</report>
			<report>
				<misses>785100000</misses>
				<total>0</total>
				<timestamp>5531.256471</timestamp>
			</report>
			<report>
				<misses>785200000</misses>
				<total>0</total>
				<timestamp>5531.981015</timestamp>
			</report>
			<report>
				<misses>785300000</misses>
				<total>0</total>
				<timestamp>5532.704863</timestamp>
			</report>
			<report>
				<misses>785400000</misses>
				<total>0</total>
				<timestamp>5533.451379</timestamp>
			</report>
			<report>
				<misses>785500000</misses>
				<total>0</total>
				<timestamp>5534.151036</timestamp>
			</report>
			<report>
				<misses>785600000</misses>
				<total>0</total>
				<timestamp>5534.833301</timestamp>
			</report>
			<report>
				<misses>785700000</misses>
				<total>0</total>
				<timestamp>5535.507498</timestamp>
			</report>
			<report>
				<misses>785800000</misses>
				<total>0</total>
				<timestamp>5536.188459</timestamp>
			</report>
			<report>
				<misses>785900000</misses>
				<total>0</total>
				<timestamp>5536.883505</timestamp>
			</report>
			<report>
				<misses>786000000</misses>
				<total>0</total>
				<timestamp>5537.570146</timestamp>
			</report>
			<report>
				<misses>786100000</misses>
				<total>0</total>
				<timestamp>5538.244649</timestamp>
			</report>
			<report>
				<misses>786200000</misses>
				<total>0</total>
				<timestamp>5538.929808</timestamp>
			</report>
			<report>
				<misses>786300000</misses>
				<total>0</total>
				<timestamp>5539.628778</timestamp>
			</report>
			<report>
				<misses>786400000</misses>
				<total>0</total>
				<timestamp>5540.313609</timestamp>
			</report>
			<report>
				<misses>786500000</misses>
				<total>0</total>
				<timestamp>5541.053097</timestamp>
			</report>
			<report>
				<misses>786600000</misses>
				<total>0</total>
				<timestamp>5541.817263</timestamp>
			</report>
			<report>
				<misses>786700000</misses>
				<total>0</total>
				<timestamp>5542.525470</timestamp>
			</report>
			<report>
				<misses>786800000</misses>
				<total>0</total>
				<timestamp>5543.261765</timestamp>
			</report>
			<report>
				<misses>786900000</misses>
				<total>0</total>
				<timestamp>5543.981684</timestamp>
			</report>
			<report>
				<misses>787000000</misses>
				<total>0</total>
				<timestamp>5544.701891</timestamp>
			</report>
			<report>
				<misses>787100000</misses>
				<total>0</total>
				<timestamp>5545.426535</timestamp>
			</report>
			<report>
				<misses>787200000</misses>
				<total>0</total>
				<timestamp>5546.124836</timestamp>
			</report>
			<report>
				<misses>787300000</misses>
				<total>0</total>
				<timestamp>5546.843947</timestamp>
			</report>
			<report>
				<misses>787400000</misses>
				<total>0</total>
				<timestamp>5547.568073</timestamp>
			</report>
			<report>
				<misses>787500000</misses>
				<total>0</total>
				<timestamp>5548.288902</timestamp>
			</report>
			<report>
				<misses>787600000</misses>
				<total>0</total>
				<timestamp>5549.020729</timestamp>
			</report>
			<report>
				<misses>787700000</misses>
				<total>0</total>
				<timestamp>5549.720156</timestamp>
			</report>
			<report>
				<misses>787800000</misses>
				<total>0</total>
				<timestamp>5550.436497</timestamp>
			</report>
			<report>
				<misses>787900000</misses>
				<total>0</total>
				<timestamp>5551.135598</timestamp>
			</report>
			<report>
				<misses>788000000</misses>
				<total>0</total>
				<timestamp>5551.831353</timestamp>
			</report>
			<report>
				<misses>788100000</misses>
				<total>0</total>
				<timestamp>5552.506665</timestamp>
			</report>
			<report>
				<misses>788200000</misses>
				<total>0</total>
				<timestamp>5553.186017</timestamp>
			</report>
			<report>
				<misses>788300000</misses>
				<total>0</total>
				<timestamp>5553.891566</timestamp>
			</report>
			<report>
				<misses>788400000</misses>
				<total>0</total>
				<timestamp>5554.576073</timestamp>
			</report>
			<report>
				<misses>788500000</misses>
				<total>0</total>
				<timestamp>5555.262993</timestamp>
			</report>
			<report>
				<misses>788600000</misses>
				<total>0</total>
				<timestamp>5555.977101</timestamp>
			</report>
			<report>
				<misses>788700000</misses>
				<total>0</total>
				<timestamp>5556.677515</timestamp>
			</report>
			<report>
				<misses>788800000</misses>
				<total>0</total>
				<timestamp>5557.390732</timestamp>
			</report>
			<report>
				<misses>788900000</misses>
				<total>0</total>
				<timestamp>5558.089760</timestamp>
			</report>
			<report>
				<misses>789000000</misses>
				<total>0</total>
				<timestamp>5558.785591</timestamp>
			</report>
			<report>
				<misses>789100000</misses>
				<total>0</total>
				<timestamp>5559.490326</timestamp>
			</report>
			<report>
				<misses>789200000</misses>
				<total>0</total>
				<timestamp>5560.185811</timestamp>
			</report>
			<report>
				<misses>789300000</misses>
				<total>0</total>
				<timestamp>5560.876578</timestamp>
			</report>
			<report>
				<misses>789400000</misses>
				<total>0</total>
				<timestamp>5561.606294</timestamp>
			</report>
			<report>
				<misses>789500000</misses>
				<total>0</total>
				<timestamp>5562.313856</timestamp>
			</report>
			<report>
				<misses>789600000</misses>
				<total>0</total>
				<timestamp>5563.012484</timestamp>
			</report>
			<report>
				<misses>789700000</misses>
				<total>0</total>
				<timestamp>5563.696253</timestamp>
			</report>
			<report>
				<misses>789800000</misses>
				<total>0</total>
				<timestamp>5564.394600</timestamp>
			</report>
			<report>
				<misses>789900000</misses>
				<total>0</total>
				<timestamp>5565.094765</timestamp>
			</report>
			<report>
				<misses>790000000</misses>
				<total>0</total>
				<timestamp>5565.799056</timestamp>
			</report>
			<report>
				<misses>790100000</misses>
				<total>0</total>
				<timestamp>5566.551629</timestamp>
			</report>
			<report>
				<misses>790200000</misses>
				<total>0</total>
				<timestamp>5567.294631</timestamp>
			</report>
			<report>
				<misses>790300000</misses>
				<total>0</total>
				<timestamp>5568.030452</timestamp>
			</report>
			<report>
				<misses>790400000</misses>
				<total>0</total>
				<timestamp>5568.763476</timestamp>
			</report>
			<report>
				<misses>790500000</misses>
				<total>0</total>
				<timestamp>5569.474813</timestamp>
			</report>
			<report>
				<misses>790600000</misses>
				<total>0</total>
				<timestamp>5570.193324</timestamp>
			</report>
			<report>
				<misses>790700000</misses>
				<total>0</total>
				<timestamp>5570.870701</timestamp>
			</report>
			<report>
				<misses>790800000</misses>
				<total>0</total>
				<timestamp>5571.557335</timestamp>
			</report>
			<report>
				<misses>790900000</misses>
				<total>0</total>
				<timestamp>5572.270838</timestamp>
			</report>
			<report>
				<misses>791000000</misses>
				<total>0</total>
				<timestamp>5572.955973</timestamp>
			</report>
			<report>
				<misses>791100000</misses>
				<total>0</total>
				<timestamp>5573.639993</timestamp>
			</report>
			<report>
				<misses>791200000</misses>
				<total>0</total>
				<timestamp>5574.322346</timestamp>
			</report>
			<report>
				<misses>791300000</misses>
				<total>0</total>
				<timestamp>5575.017675</timestamp>
			</report>
			<report>
				<misses>791400000</misses>
				<total>0</total>
				<timestamp>5575.721472</timestamp>
			</report>
			<report>
				<misses>791500000</misses>
				<total>0</total>
				<timestamp>5576.402088</timestamp>
			</report>
			<report>
				<misses>791600000</misses>
				<total>0</total>
				<timestamp>5577.102561</timestamp>
			</report>
			<report>
				<misses>791700000</misses>
				<total>0</total>
				<timestamp>5577.790629</timestamp>
			</report>
			<report>
				<misses>791800000</misses>
				<total>0</total>
				<timestamp>5578.488216</timestamp>
			</report>
			<report>
				<misses>791900000</misses>
				<total>0</total>
				<timestamp>5579.207974</timestamp>
			</report>
			<report>
				<misses>792000000</misses>
				<total>0</total>
				<timestamp>5579.915467</timestamp>
			</report>
			<report>
				<misses>792100000</misses>
				<total>0</total>
				<timestamp>5580.625721</timestamp>
			</report>
			<report>
				<misses>792200000</misses>
				<total>0</total>
				<timestamp>5581.374785</timestamp>
			</report>
			<report>
				<misses>792300000</misses>
				<total>0</total>
				<timestamp>5582.146932</timestamp>
			</report>
			<report>
				<misses>792400000</misses>
				<total>0</total>
				<timestamp>5582.863463</timestamp>
			</report>
			<report>
				<misses>792500000</misses>
				<total>0</total>
				<timestamp>5583.602421</timestamp>
			</report>
			<report>
				<misses>792600000</misses>
				<total>0</total>
				<timestamp>5584.333495</timestamp>
			</report>
			<report>
				<misses>792700000</misses>
				<total>0</total>
				<timestamp>5585.047237</timestamp>
			</report>
			<report>
				<misses>792800000</misses>
				<total>0</total>
				<timestamp>5585.769686</timestamp>
			</report>
			<report>
				<misses>792900000</misses>
				<total>0</total>
				<timestamp>5586.476829</timestamp>
			</report>
			<report>
				<misses>793000000</misses>
				<total>0</total>
				<timestamp>5587.185569</timestamp>
			</report>
			<report>
				<misses>793100000</misses>
				<total>0</total>
				<timestamp>5587.901524</timestamp>
			</report>
			<report>
				<misses>793200000</misses>
				<total>0</total>
				<timestamp>5588.614733</timestamp>
			</report>
			<report>
				<misses>793300000</misses>
				<total>0</total>
				<timestamp>5589.330158</timestamp>
			</report>
			<report>
				<misses>793400000</misses>
				<total>0</total>
				<timestamp>5590.050648</timestamp>
			</report>
			<report>
				<misses>793500000</misses>
				<total>0</total>
				<timestamp>5590.779813</timestamp>
			</report>
			<report>
				<misses>793600000</misses>
				<total>0</total>
				<timestamp>5591.492532</timestamp>
			</report>
			<report>
				<misses>793700000</misses>
				<total>0</total>
				<timestamp>5592.192165</timestamp>
			</report>
			<report>
				<misses>793800000</misses>
				<total>0</total>
				<timestamp>5592.899737</timestamp>
			</report>
			<report>
				<misses>793900000</misses>
				<total>0</total>
				<timestamp>5593.582401</timestamp>
			</report>
			<report>
				<misses>794000000</misses>
				<total>0</total>
				<timestamp>5594.264923</timestamp>
			</report>
			<report>
				<misses>794100000</misses>
				<total>0</total>
				<timestamp>5594.980300</timestamp>
			</report>
			<report>
				<misses>794200000</misses>
				<total>0</total>
				<timestamp>5595.649541</timestamp>
			</report>
			<report>
				<misses>794300000</misses>
				<total>0</total>
				<timestamp>5596.328179</timestamp>
			</report>
			<report>
				<misses>794400000</misses>
				<total>0</total>
				<timestamp>5597.028686</timestamp>
			</report>
			<report>
				<misses>794500000</misses>
				<total>0</total>
				<timestamp>5597.724073</timestamp>
			</report>
			<report>
				<misses>794600000</misses>
				<total>0</total>
				<timestamp>5598.408256</timestamp>
			</report>
			<report>
				<misses>794700000</misses>
				<total>0</total>
				<timestamp>5599.089741</timestamp>
			</report>
			<report>
				<misses>794800000</misses>
				<total>0</total>
				<timestamp>5599.796748</timestamp>
			</report>
			<report>
				<misses>794900000</misses>
				<total>0</total>
				<timestamp>5600.523092</timestamp>
			</report>
			<report>
				<misses>795000000</misses>
				<total>0</total>
				<timestamp>5601.228571</timestamp>
			</report>
			<report>
				<misses>795100000</misses>
				<total>0</total>
				<timestamp>5601.927387</timestamp>
			</report>
			<report>
				<misses>795200000</misses>
				<total>0</total>
				<timestamp>5602.619089</timestamp>
			</report>
			<report>
				<misses>795300000</misses>
				<total>0</total>
				<timestamp>5603.332471</timestamp>
			</report>
			<report>
				<misses>795400000</misses>
				<total>0</total>
				<timestamp>5604.021904</timestamp>
			</report>
			<report>
				<misses>795500000</misses>
				<total>0</total>
				<timestamp>5604.734678</timestamp>
			</report>
			<report>
				<misses>795600000</misses>
				<total>0</total>
				<timestamp>5605.455809</timestamp>
			</report>
			<report>
				<misses>795700000</misses>
				<total>0</total>
				<timestamp>5606.157554</timestamp>
			</report>
			<report>
				<misses>795800000</misses>
				<total>0</total>
				<timestamp>5606.865570</timestamp>
			</report>
			<report>
				<misses>795900000</misses>
				<total>0</total>
				<timestamp>5607.599018</timestamp>
			</report>
			<report>
				<misses>796000000</misses>
				<total>0</total>
				<timestamp>5608.315072</timestamp>
			</report>
			<report>
				<misses>796100000</misses>
				<total>0</total>
				<timestamp>5609.011124</timestamp>
			</report>
			<report>
				<misses>796200000</misses>
				<total>0</total>
				<timestamp>5609.711573</timestamp>
			</report>
			<report>
				<misses>796300000</misses>
				<total>0</total>
				<timestamp>5610.410125</timestamp>
			</report>
			<report>
				<misses>796400000</misses>
				<total>0</total>
				<timestamp>5611.092457</timestamp>
			</report>
			<report>
				<misses>796500000</misses>
				<total>0</total>
				<timestamp>5611.787569</timestamp>
			</report>
			<report>
				<misses>796600000</misses>
				<total>0</total>
				<timestamp>5612.468718</timestamp>
			</report>
			<report>
				<misses>796700000</misses>
				<total>0</total>
				<timestamp>5613.134557</timestamp>
			</report>
			<report>
				<misses>796800000</misses>
				<total>0</total>
				<timestamp>5613.813055</timestamp>
			</report>
			<report>
				<misses>796900000</misses>
				<total>0</total>
				<timestamp>5614.499897</timestamp>
			</report>
			<report>
				<misses>797000000</misses>
				<total>0</total>
				<timestamp>5615.176160</timestamp>
			</report>
			<report>
				<misses>797100000</misses>
				<total>0</total>
				<timestamp>5615.889662</timestamp>
			</report>
			<report>
				<misses>797200000</misses>
				<total>0</total>
				<timestamp>5616.605546</timestamp>
			</report>
			<report>
				<misses>797300000</misses>
				<total>0</total>
				<timestamp>5617.317680</timestamp>
			</report>
			<report>
				<misses>797400000</misses>
				<total>0</total>
				<timestamp>5618.048081</timestamp>
			</report>
			<report>
				<misses>797500000</misses>
				<total>0</total>
				<timestamp>5618.780787</timestamp>
			</report>
			<report>
				<misses>797600000</misses>
				<total>0</total>
				<timestamp>5619.484860</timestamp>
			</report>
			<report>
				<misses>797700000</misses>
				<total>0</total>
				<timestamp>5620.172899</timestamp>
			</report>
			<report>
				<misses>797800000</misses>
				<total>0</total>
				<timestamp>5620.878279</timestamp>
			</report>
			<report>
				<misses>797900000</misses>
				<total>0</total>
				<timestamp>5621.613627</timestamp>
			</report>
			<report>
				<misses>798000000</misses>
				<total>0</total>
				<timestamp>5622.315461</timestamp>
			</report>
			<report>
				<misses>798100000</misses>
				<total>0</total>
				<timestamp>5623.046903</timestamp>
			</report>
			<report>
				<misses>798200000</misses>
				<total>0</total>
				<timestamp>5623.767270</timestamp>
			</report>
			<report>
				<misses>798300000</misses>
				<total>0</total>
				<timestamp>5624.481765</timestamp>
			</report>
			<report>
				<misses>798400000</misses>
				<total>0</total>
				<timestamp>5625.204378</timestamp>
			</report>
			<report>
				<misses>798500000</misses>
				<total>0</total>
				<timestamp>5625.945889</timestamp>
			</report>
			<report>
				<misses>798600000</misses>
				<total>0</total>
				<timestamp>5626.653175</timestamp>
			</report>
			<report>
				<misses>798700000</misses>
				<total>0</total>
				<timestamp>5627.350373</timestamp>
			</report>
			<report>
				<misses>798800000</misses>
				<total>0</total>
				<timestamp>5628.037383</timestamp>
			</report>
			<report>
				<misses>798900000</misses>
				<total>0</total>
				<timestamp>5628.727334</timestamp>
			</report>
			<report>
				<misses>799000000</misses>
				<total>0</total>
				<timestamp>5629.416251</timestamp>
			</report>
			<report>
				<misses>799100000</misses>
				<total>0</total>
				<timestamp>5630.091168</timestamp>
			</report>
			<report>
				<misses>799200000</misses>
				<total>0</total>
				<timestamp>5630.776405</timestamp>
			</report>
			<report>
				<misses>799300000</misses>
				<total>0</total>
				<timestamp>5631.481399</timestamp>
			</report>
			<report>
				<misses>799400000</misses>
				<total>0</total>
				<timestamp>5632.158214</timestamp>
			</report>
			<report>
				<misses>799500000</misses>
				<total>0</total>
				<timestamp>5632.843925</timestamp>
			</report>
			<report>
				<misses>799600000</misses>
				<total>0</total>
				<timestamp>5633.588554</timestamp>
			</report>
			<report>
				<misses>799700000</misses>
				<total>0</total>
				<timestamp>5634.318356</timestamp>
			</report>
			<report>
				<misses>799800000</misses>
				<total>0</total>
				<timestamp>5635.032650</timestamp>
			</report>
			<report>
				<misses>799900000</misses>
				<total>0</total>
				<timestamp>5635.730254</timestamp>
			</report>
			<report>
				<misses>800000000</misses>
				<total>0</total>
				<timestamp>5636.445947</timestamp>
			</report>
			<report>
				<misses>800100000</misses>
				<total>0</total>
				<timestamp>5637.147765</timestamp>
			</report>
			<report>
				<misses>800200000</misses>
				<total>0</total>
				<timestamp>5637.886787</timestamp>
			</report>
			<report>
				<misses>800300000</misses>
				<total>0</total>
				<timestamp>5638.582443</timestamp>
			</report>
			<report>
				<misses>800400000</misses>
				<total>0</total>
				<timestamp>5639.291576</timestamp>
			</report>
			<report>
				<misses>800500000</misses>
				<total>0</total>
				<timestamp>5640.008471</timestamp>
			</report>
			<report>
				<misses>800600000</misses>
				<total>0</total>
				<timestamp>5640.713665</timestamp>
			</report>
			<report>
				<misses>800700000</misses>
				<total>0</total>
				<timestamp>5641.422234</timestamp>
			</report>
			<report>
				<misses>800800000</misses>
				<total>0</total>
				<timestamp>5642.131057</timestamp>
			</report>
			<report>
				<misses>800900000</misses>
				<total>0</total>
				<timestamp>5642.839168</timestamp>
			</report>
			<report>
				<misses>801000000</misses>
				<total>0</total>
				<timestamp>5643.538980</timestamp>
			</report>
			<report>
				<misses>801100000</misses>
				<total>0</total>
				<timestamp>5644.237971</timestamp>
			</report>
			<report>
				<misses>801200000</misses>
				<total>0</total>
				<timestamp>5644.922629</timestamp>
			</report>
			<report>
				<misses>801300000</misses>
				<total>0</total>
				<timestamp>5645.619310</timestamp>
			</report>
			<report>
				<misses>801400000</misses>
				<total>0</total>
				<timestamp>5646.313666</timestamp>
			</report>
			<report>
				<misses>801500000</misses>
				<total>0</total>
				<timestamp>5646.997118</timestamp>
			</report>
			<report>
				<misses>801600000</misses>
				<total>0</total>
				<timestamp>5647.691619</timestamp>
			</report>
			<report>
				<misses>801700000</misses>
				<total>0</total>
				<timestamp>5648.412842</timestamp>
			</report>
			<report>
				<misses>801800000</misses>
				<total>0</total>
				<timestamp>5649.107322</timestamp>
			</report>
			<report>
				<misses>801900000</misses>
				<total>0</total>
				<timestamp>5649.818090</timestamp>
			</report>
			<report>
				<misses>802000000</misses>
				<total>0</total>
				<timestamp>5650.536432</timestamp>
			</report>
			<report>
				<misses>802100000</misses>
				<total>0</total>
				<timestamp>5651.250347</timestamp>
			</report>
			<report>
				<misses>802200000</misses>
				<total>0</total>
				<timestamp>5651.976130</timestamp>
			</report>
			<report>
				<misses>802300000</misses>
				<total>0</total>
				<timestamp>5652.686118</timestamp>
			</report>
			<report>
				<misses>802400000</misses>
				<total>0</total>
				<timestamp>5653.389585</timestamp>
			</report>
			<report>
				<misses>802500000</misses>
				<total>0</total>
				<timestamp>5654.124764</timestamp>
			</report>
			<report>
				<misses>802600000</misses>
				<total>0</total>
				<timestamp>5654.883887</timestamp>
			</report>
			<report>
				<misses>802700000</misses>
				<total>0</total>
				<timestamp>5655.606477</timestamp>
			</report>
			<report>
				<misses>802800000</misses>
				<total>0</total>
				<timestamp>5656.333097</timestamp>
			</report>
			<report>
				<misses>802900000</misses>
				<total>0</total>
				<timestamp>5657.062183</timestamp>
			</report>
			<report>
				<misses>803000000</misses>
				<total>0</total>
				<timestamp>5657.788397</timestamp>
			</report>
			<report>
				<misses>803100000</misses>
				<total>0</total>
				<timestamp>5658.537426</timestamp>
			</report>
			<report>
				<misses>803200000</misses>
				<total>0</total>
				<timestamp>5659.279973</timestamp>
			</report>
			<report>
				<misses>803300000</misses>
				<total>0</total>
				<timestamp>5659.995339</timestamp>
			</report>
			<report>
				<misses>803400000</misses>
				<total>0</total>
				<timestamp>5660.726462</timestamp>
			</report>
			<report>
				<misses>803500000</misses>
				<total>0</total>
				<timestamp>5661.480886</timestamp>
			</report>
			<report>
				<misses>803600000</misses>
				<total>0</total>
				<timestamp>5662.191581</timestamp>
			</report>
			<report>
				<misses>803700000</misses>
				<total>0</total>
				<timestamp>5662.887034</timestamp>
			</report>
			<report>
				<misses>803800000</misses>
				<total>0</total>
				<timestamp>5663.617753</timestamp>
			</report>
			<report>
				<misses>803900000</misses>
				<total>0</total>
				<timestamp>5664.355805</timestamp>
			</report>
			<report>
				<misses>804000000</misses>
				<total>0</total>
				<timestamp>5665.096129</timestamp>
			</report>
			<report>
				<misses>804100000</misses>
				<total>0</total>
				<timestamp>5665.818696</timestamp>
			</report>
			<report>
				<misses>804200000</misses>
				<total>0</total>
				<timestamp>5666.551002</timestamp>
			</report>
			<report>
				<misses>804300000</misses>
				<total>0</total>
				<timestamp>5667.271908</timestamp>
			</report>
			<report>
				<misses>804400000</misses>
				<total>0</total>
				<timestamp>5667.989399</timestamp>
			</report>
			<report>
				<misses>804500000</misses>
				<total>0</total>
				<timestamp>5668.731737</timestamp>
			</report>
			<report>
				<misses>804600000</misses>
				<total>0</total>
				<timestamp>5669.451577</timestamp>
			</report>
			<report>
				<misses>804700000</misses>
				<total>0</total>
				<timestamp>5670.161258</timestamp>
			</report>
			<report>
				<misses>804800000</misses>
				<total>0</total>
				<timestamp>5670.864262</timestamp>
			</report>
			<report>
				<misses>804900000</misses>
				<total>0</total>
				<timestamp>5671.556081</timestamp>
			</report>
			<report>
				<misses>805000000</misses>
				<total>0</total>
				<timestamp>5672.262836</timestamp>
			</report>
			<report>
				<misses>805100000</misses>
				<total>0</total>
				<timestamp>5672.996247</timestamp>
			</report>
			<report>
				<misses>805200000</misses>
				<total>0</total>
				<timestamp>5673.685115</timestamp>
			</report>
			<report>
				<misses>805300000</misses>
				<total>0</total>
				<timestamp>5674.365264</timestamp>
			</report>
			<report>
				<misses>805400000</misses>
				<total>0</total>
				<timestamp>5675.049616</timestamp>
			</report>
			<report>
				<misses>805500000</misses>
				<total>0</total>
				<timestamp>5675.753690</timestamp>
			</report>
			<report>
				<misses>805600000</misses>
				<total>0</total>
				<timestamp>5676.447131</timestamp>
			</report>
			<report>
				<misses>805700000</misses>
				<total>0</total>
				<timestamp>5677.118148</timestamp>
			</report>
			<report>
				<misses>805800000</misses>
				<total>0</total>
				<timestamp>5677.823339</timestamp>
			</report>
			<report>
				<misses>805900000</misses>
				<total>0</total>
				<timestamp>5678.505902</timestamp>
			</report>
			<report>
				<misses>806000000</misses>
				<total>0</total>
				<timestamp>5679.229302</timestamp>
			</report>
			<report>
				<misses>806100000</misses>
				<total>0</total>
				<timestamp>5679.944872</timestamp>
			</report>
			<report>
				<misses>806200000</misses>
				<total>0</total>
				<timestamp>5680.661550</timestamp>
			</report>
			<report>
				<misses>806300000</misses>
				<total>0</total>
				<timestamp>5681.370134</timestamp>
			</report>
			<report>
				<misses>806400000</misses>
				<total>0</total>
				<timestamp>5682.083035</timestamp>
			</report>
			<report>
				<misses>806500000</misses>
				<total>0</total>
				<timestamp>5682.814816</timestamp>
			</report>
			<report>
				<misses>806600000</misses>
				<total>0</total>
				<timestamp>5683.510011</timestamp>
			</report>
			<report>
				<misses>806700000</misses>
				<total>0</total>
				<timestamp>5684.212014</timestamp>
			</report>
			<report>
				<misses>806800000</misses>
				<total>0</total>
				<timestamp>5684.908409</timestamp>
			</report>
			<report>
				<misses>806900000</misses>
				<total>0</total>
				<timestamp>5685.615603</timestamp>
			</report>
			<report>
				<misses>807000000</misses>
				<total>0</total>
				<timestamp>5686.310767</timestamp>
			</report>
			<report>
				<misses>807100000</misses>
				<total>0</total>
				<timestamp>5686.997595</timestamp>
			</report>
			<report>
				<misses>807200000</misses>
				<total>0</total>
				<timestamp>5687.721371</timestamp>
			</report>
			<report>
				<misses>807300000</misses>
				<total>0</total>
				<timestamp>5688.426863</timestamp>
			</report>
			<report>
				<misses>807400000</misses>
				<total>0</total>
				<timestamp>5689.145901</timestamp>
			</report>
			<report>
				<misses>807500000</misses>
				<total>0</total>
				<timestamp>5689.829755</timestamp>
			</report>
			<report>
				<misses>807600000</misses>
				<total>0</total>
				<timestamp>5690.509468</timestamp>
			</report>
			<report>
				<misses>807700000</misses>
				<total>0</total>
				<timestamp>5691.184669</timestamp>
			</report>
			<report>
				<misses>807800000</misses>
				<total>0</total>
				<timestamp>5691.873031</timestamp>
			</report>
			<report>
				<misses>807900000</misses>
				<total>0</total>
				<timestamp>5692.562146</timestamp>
			</report>
			<report>
				<misses>808000000</misses>
				<total>0</total>
				<timestamp>5693.246887</timestamp>
			</report>
			<report>
				<misses>808100000</misses>
				<total>0</total>
				<timestamp>5693.915690</timestamp>
			</report>
			<report>
				<misses>808200000</misses>
				<total>0</total>
				<timestamp>5694.601449</timestamp>
			</report>
			<report>
				<misses>808300000</misses>
				<total>0</total>
				<timestamp>5695.282189</timestamp>
			</report>
			<report>
				<misses>808400000</misses>
				<total>0</total>
				<timestamp>5695.984794</timestamp>
			</report>
			<report>
				<misses>808500000</misses>
				<total>0</total>
				<timestamp>5696.686298</timestamp>
			</report>
			<report>
				<misses>808600000</misses>
				<total>0</total>
				<timestamp>5697.400330</timestamp>
			</report>
			<report>
				<misses>808700000</misses>
				<total>0</total>
				<timestamp>5698.116342</timestamp>
			</report>
			<report>
				<misses>808800000</misses>
				<total>0</total>
				<timestamp>5698.821074</timestamp>
			</report>
			<report>
				<misses>808900000</misses>
				<total>0</total>
				<timestamp>5699.507409</timestamp>
			</report>
			<report>
				<misses>809000000</misses>
				<total>0</total>
				<timestamp>5700.216183</timestamp>
			</report>
			<report>
				<misses>809100000</misses>
				<total>0</total>
				<timestamp>5700.911375</timestamp>
			</report>
			<report>
				<misses>809200000</misses>
				<total>0</total>
				<timestamp>5701.638466</timestamp>
			</report>
			<report>
				<misses>809300000</misses>
				<total>0</total>
				<timestamp>5702.361949</timestamp>
			</report>
			<report>
				<misses>809400000</misses>
				<total>0</total>
				<timestamp>5703.065645</timestamp>
			</report>
			<report>
				<misses>809500000</misses>
				<total>0</total>
				<timestamp>5703.799232</timestamp>
			</report>
			<report>
				<misses>809600000</misses>
				<total>0</total>
				<timestamp>5704.511383</timestamp>
			</report>
			<report>
				<misses>809700000</misses>
				<total>0</total>
				<timestamp>5705.237078</timestamp>
			</report>
			<report>
				<misses>809800000</misses>
				<total>0</total>
				<timestamp>5705.966843</timestamp>
			</report>
			<report>
				<misses>809900000</misses>
				<total>0</total>
				<timestamp>5706.660960</timestamp>
			</report>
			<report>
				<misses>810000000</misses>
				<total>0</total>
				<timestamp>5707.352548</timestamp>
			</report>
			<report>
				<misses>810100000</misses>
				<total>0</total>
				<timestamp>5708.038630</timestamp>
			</report>
			<report>
				<misses>810200000</misses>
				<total>0</total>
				<timestamp>5708.729290</timestamp>
			</report>
			<report>
				<misses>810300000</misses>
				<total>0</total>
				<timestamp>5709.413695</timestamp>
			</report>
			<report>
				<misses>810400000</misses>
				<total>0</total>
				<timestamp>5710.085143</timestamp>
			</report>
			<report>
				<misses>810500000</misses>
				<total>0</total>
				<timestamp>5710.773343</timestamp>
			</report>
			<report>
				<misses>810600000</misses>
				<total>0</total>
				<timestamp>5711.469179</timestamp>
			</report>
			<report>
				<misses>810700000</misses>
				<total>0</total>
				<timestamp>5712.145791</timestamp>
			</report>
			<report>
				<misses>810800000</misses>
				<total>0</total>
				<timestamp>5712.834640</timestamp>
			</report>
			<report>
				<misses>810900000</misses>
				<total>0</total>
				<timestamp>5713.573413</timestamp>
			</report>
			<report>
				<misses>811000000</misses>
				<total>0</total>
				<timestamp>5714.298249</timestamp>
			</report>
			<report>
				<misses>811100000</misses>
				<total>0</total>
				<timestamp>5715.021407</timestamp>
			</report>
			<report>
				<misses>811200000</misses>
				<total>0</total>
				<timestamp>5715.726434</timestamp>
			</report>
			<report>
				<misses>811300000</misses>
				<total>0</total>
				<timestamp>5716.437130</timestamp>
			</report>
			<report>
				<misses>811400000</misses>
				<total>0</total>
				<timestamp>5717.156955</timestamp>
			</report>
			<report>
				<misses>811500000</misses>
				<total>0</total>
				<timestamp>5717.868330</timestamp>
			</report>
			<report>
				<misses>811600000</misses>
				<total>0</total>
				<timestamp>5718.577296</timestamp>
			</report>
			<report>
				<misses>811700000</misses>
				<total>0</total>
				<timestamp>5719.281095</timestamp>
			</report>
			<report>
				<misses>811800000</misses>
				<total>0</total>
				<timestamp>5720.014618</timestamp>
			</report>
			<report>
				<misses>811900000</misses>
				<total>0</total>
				<timestamp>5720.733220</timestamp>
			</report>
			<report>
				<misses>812000000</misses>
				<total>0</total>
				<timestamp>5721.442498</timestamp>
			</report>
			<report>
				<misses>812100000</misses>
				<total>0</total>
				<timestamp>5722.189787</timestamp>
			</report>
			<report>
				<misses>812200000</misses>
				<total>0</total>
				<timestamp>5722.928983</timestamp>
			</report>
			<report>
				<misses>812300000</misses>
				<total>0</total>
				<timestamp>5723.670004</timestamp>
			</report>
			<report>
				<misses>812400000</misses>
				<total>0</total>
				<timestamp>5724.415354</timestamp>
			</report>
			<report>
				<misses>812500000</misses>
				<total>0</total>
				<timestamp>5725.150794</timestamp>
			</report>
			<report>
				<misses>812600000</misses>
				<total>0</total>
				<timestamp>5725.880278</timestamp>
			</report>
			<report>
				<misses>812700000</misses>
				<total>0</total>
				<timestamp>5726.618260</timestamp>
			</report>
			<report>
				<misses>812800000</misses>
				<total>0</total>
				<timestamp>5727.343671</timestamp>
			</report>
			<report>
				<misses>812900000</misses>
				<total>0</total>
				<timestamp>5728.051872</timestamp>
			</report>
			<report>
				<misses>813000000</misses>
				<total>0</total>
				<timestamp>5728.770618</timestamp>
			</report>
			<report>
				<misses>813100000</misses>
				<total>0</total>
				<timestamp>5729.484015</timestamp>
			</report>
			<report>
				<misses>813200000</misses>
				<total>0</total>
				<timestamp>5730.201566</timestamp>
			</report>
			<report>
				<misses>813300000</misses>
				<total>0</total>
				<timestamp>5730.889752</timestamp>
			</report>
			<report>
				<misses>813400000</misses>
				<total>0</total>
				<timestamp>5731.591400</timestamp>
			</report>
			<report>
				<misses>813500000</misses>
				<total>0</total>
				<timestamp>5732.283123</timestamp>
			</report>
			<report>
				<misses>813600000</misses>
				<total>0</total>
				<timestamp>5732.982323</timestamp>
			</report>
			<report>
				<misses>813700000</misses>
				<total>0</total>
				<timestamp>5733.664437</timestamp>
			</report>
			<report>
				<misses>813800000</misses>
				<total>0</total>
				<timestamp>5734.349180</timestamp>
			</report>
			<report>
				<misses>813900000</misses>
				<total>0</total>
				<timestamp>5735.039065</timestamp>
			</report>
			<report>
				<misses>814000000</misses>
				<total>0</total>
				<timestamp>5735.729214</timestamp>
			</report>
			<report>
				<misses>814100000</misses>
				<total>0</total>
				<timestamp>5736.412959</timestamp>
			</report>
			<report>
				<misses>814200000</misses>
				<total>0</total>
				<timestamp>5737.125602</timestamp>
			</report>
			<report>
				<misses>814300000</misses>
				<total>0</total>
				<timestamp>5737.834981</timestamp>
			</report>
			<report>
				<misses>814400000</misses>
				<total>0</total>
				<timestamp>5738.539161</timestamp>
			</report>
			<report>
				<misses>814500000</misses>
				<total>0</total>
				<timestamp>5739.232148</timestamp>
			</report>
			<report>
				<misses>814600000</misses>
				<total>0</total>
				<timestamp>5739.944228</timestamp>
			</report>
			<report>
				<misses>814700000</misses>
				<total>0</total>
				<timestamp>5740.636375</timestamp>
			</report>
			<report>
				<misses>814800000</misses>
				<total>0</total>
				<timestamp>5741.328370</timestamp>
			</report>
			<report>
				<misses>814900000</misses>
				<total>0</total>
				<timestamp>5742.046531</timestamp>
			</report>
			<report>
				<misses>815000000</misses>
				<total>0</total>
				<timestamp>5742.739865</timestamp>
			</report>
			<report>
				<misses>815100000</misses>
				<total>0</total>
				<timestamp>5743.445760</timestamp>
			</report>
			<report>
				<misses>815200000</misses>
				<total>0</total>
				<timestamp>5744.174350</timestamp>
			</report>
			<report>
				<misses>815300000</misses>
				<total>0</total>
				<timestamp>5744.876212</timestamp>
			</report>
			<report>
				<misses>815400000</misses>
				<total>0</total>
				<timestamp>5745.579422</timestamp>
			</report>
			<report>
				<misses>815500000</misses>
				<total>0</total>
				<timestamp>5746.289050</timestamp>
			</report>
			<report>
				<misses>815600000</misses>
				<total>0</total>
				<timestamp>5746.963148</timestamp>
			</report>
			<report>
				<misses>815700000</misses>
				<total>0</total>
				<timestamp>5747.635826</timestamp>
			</report>
			<report>
				<misses>815800000</misses>
				<total>0</total>
				<timestamp>5748.308960</timestamp>
			</report>
			<report>
				<misses>815900000</misses>
				<total>0</total>
				<timestamp>5749.015977</timestamp>
			</report>
			<report>
				<misses>816000000</misses>
				<total>0</total>
				<timestamp>5749.705018</timestamp>
			</report>
			<report>
				<misses>816100000</misses>
				<total>0</total>
				<timestamp>5750.379986</timestamp>
			</report>
			<report>
				<misses>816200000</misses>
				<total>0</total>
				<timestamp>5751.076602</timestamp>
			</report>
			<report>
				<misses>816300000</misses>
				<total>0</total>
				<timestamp>5751.753140</timestamp>
			</report>
			<report>
				<misses>816400000</misses>
				<total>0</total>
				<timestamp>5752.459052</timestamp>
			</report>
			<report>
				<misses>816500000</misses>
				<total>0</total>
				<timestamp>5753.153812</timestamp>
			</report>
			<report>
				<misses>816600000</misses>
				<total>0</total>
				<timestamp>5753.860913</timestamp>
			</report>
			<report>
				<misses>816700000</misses>
				<total>0</total>
				<timestamp>5754.620457</timestamp>
			</report>
			<report>
				<misses>816800000</misses>
				<total>0</total>
				<timestamp>5755.350306</timestamp>
			</report>
			<report>
				<misses>816900000</misses>
				<total>0</total>
				<timestamp>5756.074293</timestamp>
			</report>
			<report>
				<misses>817000000</misses>
				<total>0</total>
				<timestamp>5756.793154</timestamp>
			</report>
			<report>
				<misses>817100000</misses>
				<total>0</total>
				<timestamp>5757.492484</timestamp>
			</report>
			<report>
				<misses>817200000</misses>
				<total>0</total>
				<timestamp>5758.245187</timestamp>
			</report>
			<report>
				<misses>817300000</misses>
				<total>0</total>
				<timestamp>5758.958336</timestamp>
			</report>
			<report>
				<misses>817400000</misses>
				<total>0</total>
				<timestamp>5759.684230</timestamp>
			</report>
			<report>
				<misses>817500000</misses>
				<total>0</total>
				<timestamp>5760.376490</timestamp>
			</report>
			<report>
				<misses>817600000</misses>
				<total>0</total>
				<timestamp>5761.094434</timestamp>
			</report>
			<report>
				<misses>817700000</misses>
				<total>0</total>
				<timestamp>5761.815820</timestamp>
			</report>
			<report>
				<misses>817800000</misses>
				<total>0</total>
				<timestamp>5762.521964</timestamp>
			</report>
			<report>
				<misses>817900000</misses>
				<total>0</total>
				<timestamp>5763.236101</timestamp>
			</report>
			<report>
				<misses>818000000</misses>
				<total>0</total>
				<timestamp>5763.930621</timestamp>
			</report>
			<report>
				<misses>818100000</misses>
				<total>0</total>
				<timestamp>5764.606357</timestamp>
			</report>
			<report>
				<misses>818200000</misses>
				<total>0</total>
				<timestamp>5765.282278</timestamp>
			</report>
			<report>
				<misses>818300000</misses>
				<total>0</total>
				<timestamp>5765.981556</timestamp>
			</report>
			<report>
				<misses>818400000</misses>
				<total>0</total>
				<timestamp>5766.668466</timestamp>
			</report>
			<report>
				<misses>818500000</misses>
				<total>0</total>
				<timestamp>5767.349200</timestamp>
			</report>
			<report>
				<misses>818600000</misses>
				<total>0</total>
				<timestamp>5768.039047</timestamp>
			</report>
			<report>
				<misses>818700000</misses>
				<total>0</total>
				<timestamp>5768.729564</timestamp>
			</report>
			<report>
				<misses>818800000</misses>
				<total>0</total>
				<timestamp>5769.399391</timestamp>
			</report>
			<report>
				<misses>818900000</misses>
				<total>0</total>
				<timestamp>5770.099075</timestamp>
			</report>
			<report>
				<misses>819000000</misses>
				<total>0</total>
				<timestamp>5770.788894</timestamp>
			</report>
			<report>
				<misses>819100000</misses>
				<total>0</total>
				<timestamp>5771.521637</timestamp>
			</report>
			<report>
				<misses>819200000</misses>
				<total>0</total>
				<timestamp>5772.211250</timestamp>
			</report>
			<report>
				<misses>819300000</misses>
				<total>0</total>
				<timestamp>5772.934450</timestamp>
			</report>
			<report>
				<misses>819400000</misses>
				<total>0</total>
				<timestamp>5773.626723</timestamp>
			</report>
			<report>
				<misses>819500000</misses>
				<total>0</total>
				<timestamp>5774.351587</timestamp>
			</report>
			<report>
				<misses>819600000</misses>
				<total>0</total>
				<timestamp>5775.051484</timestamp>
			</report>
			<report>
				<misses>819700000</misses>
				<total>0</total>
				<timestamp>5775.755303</timestamp>
			</report>
			<report>
				<misses>819800000</misses>
				<total>0</total>
				<timestamp>5776.445753</timestamp>
			</report>
			<report>
				<misses>819900000</misses>
				<total>0</total>
				<timestamp>5777.143396</timestamp>
			</report>
			<report>
				<misses>820000000</misses>
				<total>0</total>
				<timestamp>5777.841218</timestamp>
			</report>
			<report>
				<misses>820100000</misses>
				<total>0</total>
				<timestamp>5778.546092</timestamp>
			</report>
			<report>
				<misses>820200000</misses>
				<total>0</total>
				<timestamp>5779.288057</timestamp>
			</report>
			<report>
				<misses>820300000</misses>
				<total>0</total>
				<timestamp>5779.985204</timestamp>
			</report>
			<report>
				<misses>820400000</misses>
				<total>0</total>
				<timestamp>5780.709399</timestamp>
			</report>
			<report>
				<misses>820500000</misses>
				<total>0</total>
				<timestamp>5781.407906</timestamp>
			</report>
			<report>
				<misses>820600000</misses>
				<total>0</total>
				<timestamp>5782.097533</timestamp>
			</report>
			<report>
				<misses>820700000</misses>
				<total>0</total>
				<timestamp>5782.782933</timestamp>
			</report>
			<report>
				<misses>820800000</misses>
				<total>0</total>
				<timestamp>5783.480747</timestamp>
			</report>
			<report>
				<misses>820900000</misses>
				<total>0</total>
				<timestamp>5784.150863</timestamp>
			</report>
			<report>
				<misses>821000000</misses>
				<total>0</total>
				<timestamp>5784.857017</timestamp>
			</report>
			<report>
				<misses>821100000</misses>
				<total>0</total>
				<timestamp>5785.555229</timestamp>
			</report>
			<report>
				<misses>821200000</misses>
				<total>0</total>
				<timestamp>5786.247373</timestamp>
			</report>
			<report>
				<misses>821300000</misses>
				<total>0</total>
				<timestamp>5786.929078</timestamp>
			</report>
			<report>
				<misses>821400000</misses>
				<total>0</total>
				<timestamp>5787.631649</timestamp>
			</report>
			<report>
				<misses>821500000</misses>
				<total>0</total>
				<timestamp>5788.352347</timestamp>
			</report>
			<report>
				<misses>821600000</misses>
				<total>0</total>
				<timestamp>5789.066376</timestamp>
			</report>
			<report>
				<misses>821700000</misses>
				<total>0</total>
				<timestamp>5789.780721</timestamp>
			</report>
			<report>
				<misses>821800000</misses>
				<total>0</total>
				<timestamp>5790.480641</timestamp>
			</report>
			<report>
				<misses>821900000</misses>
				<total>0</total>
				<timestamp>5791.186289</timestamp>
			</report>
			<report>
				<misses>822000000</misses>
				<total>0</total>
				<timestamp>5791.889831</timestamp>
			</report>
			<report>
				<misses>822100000</misses>
				<total>0</total>
				<timestamp>5792.601119</timestamp>
			</report>
			<report>
				<misses>822200000</misses>
				<total>0</total>
				<timestamp>5793.315182</timestamp>
			</report>
			<report>
				<misses>822300000</misses>
				<total>0</total>
				<timestamp>5794.026932</timestamp>
			</report>
			<report>
				<misses>822400000</misses>
				<total>0</total>
				<timestamp>5794.729199</timestamp>
			</report>
			<report>
				<misses>822500000</misses>
				<total>0</total>
				<timestamp>5795.426418</timestamp>
			</report>
			<report>
				<misses>822600000</misses>
				<total>0</total>
				<timestamp>5796.167279</timestamp>
			</report>
			<report>
				<misses>822700000</misses>
				<total>0</total>
				<timestamp>5796.855336</timestamp>
			</report>
			<report>
				<misses>822800000</misses>
				<total>0</total>
				<timestamp>5797.563320</timestamp>
			</report>
			<report>
				<misses>822900000</misses>
				<total>0</total>
				<timestamp>5798.249678</timestamp>
			</report>
			<report>
				<misses>823000000</misses>
				<total>0</total>
				<timestamp>5798.957622</timestamp>
			</report>
			<report>
				<misses>823100000</misses>
				<total>0</total>
				<timestamp>5799.657003</timestamp>
			</report>
			<report>
				<misses>823200000</misses>
				<total>0</total>
				<timestamp>5800.346869</timestamp>
			</report>
			<report>
				<misses>823300000</misses>
				<total>0</total>
				<timestamp>5801.026603</timestamp>
			</report>
			<report>
				<misses>823400000</misses>
				<total>0</total>
				<timestamp>5801.718496</timestamp>
			</report>
			<report>
				<misses>823500000</misses>
				<total>0</total>
				<timestamp>5802.406994</timestamp>
			</report>
			<report>
				<misses>823600000</misses>
				<total>0</total>
				<timestamp>5803.086574</timestamp>
			</report>
			<report>
				<misses>823700000</misses>
				<total>0</total>
				<timestamp>5803.791927</timestamp>
			</report>
			<report>
				<misses>823800000</misses>
				<total>0</total>
				<timestamp>5804.587572</timestamp>
			</report>
			<report>
				<misses>823900000</misses>
				<total>0</total>
				<timestamp>5805.345750</timestamp>
			</report>
			<report>
				<misses>824000000</misses>
				<total>0</total>
				<timestamp>5806.062075</timestamp>
			</report>
			<report>
				<misses>824100000</misses>
				<total>0</total>
				<timestamp>5806.789000</timestamp>
			</report>
			<report>
				<misses>824200000</misses>
				<total>0</total>
				<timestamp>5807.503428</timestamp>
			</report>
			<report>
				<misses>824300000</misses>
				<total>0</total>
				<timestamp>5808.201851</timestamp>
			</report>
			<report>
				<misses>824400000</misses>
				<total>0</total>
				<timestamp>5808.935089</timestamp>
			</report>
			<report>
				<misses>824500000</misses>
				<total>0</total>
				<timestamp>5809.672373</timestamp>
			</report>
			<report>
				<misses>824600000</misses>
				<total>0</total>
				<timestamp>5810.389918</timestamp>
			</report>
			<report>
				<misses>824700000</misses>
				<total>0</total>
				<timestamp>5811.111284</timestamp>
			</report>
			<report>
				<misses>824800000</misses>
				<total>0</total>
				<timestamp>5811.846286</timestamp>
			</report>
			<report>
				<misses>824900000</misses>
				<total>0</total>
				<timestamp>5812.549052</timestamp>
			</report>
			<report>
				<misses>825000000</misses>
				<total>0</total>
				<timestamp>5813.279569</timestamp>
			</report>
			<report>
				<misses>825100000</misses>
				<total>0</total>
				<timestamp>5813.988710</timestamp>
			</report>
			<report>
				<misses>825200000</misses>
				<total>0</total>
				<timestamp>5814.710850</timestamp>
			</report>
			<report>
				<misses>825300000</misses>
				<total>0</total>
				<timestamp>5815.440873</timestamp>
			</report>
			<report>
				<misses>825400000</misses>
				<total>0</total>
				<timestamp>5816.196150</timestamp>
			</report>
			<report>
				<misses>825500000</misses>
				<total>0</total>
				<timestamp>5816.911291</timestamp>
			</report>
			<report>
				<misses>825600000</misses>
				<total>0</total>
				<timestamp>5817.630667</timestamp>
			</report>
			<report>
				<misses>825700000</misses>
				<total>0</total>
				<timestamp>5818.353340</timestamp>
			</report>
			<report>
				<misses>825800000</misses>
				<total>0</total>
				<timestamp>5819.042816</timestamp>
			</report>
			<report>
				<misses>825900000</misses>
				<total>0</total>
				<timestamp>5819.717107</timestamp>
			</report>
			<report>
				<misses>826000000</misses>
				<total>0</total>
				<timestamp>5820.399383</timestamp>
			</report>
			<report>
				<misses>826100000</misses>
				<total>0</total>
				<timestamp>5821.092238</timestamp>
			</report>
			<report>
				<misses>826200000</misses>
				<total>0</total>
				<timestamp>5821.781565</timestamp>
			</report>
			<report>
				<misses>826300000</misses>
				<total>0</total>
				<timestamp>5822.459064</timestamp>
			</report>
			<report>
				<misses>826400000</misses>
				<total>0</total>
				<timestamp>5823.150596</timestamp>
			</report>
			<report>
				<misses>826500000</misses>
				<total>0</total>
				<timestamp>5823.826526</timestamp>
			</report>
			<report>
				<misses>826600000</misses>
				<total>0</total>
				<timestamp>5824.518041</timestamp>
			</report>
			<report>
				<misses>826700000</misses>
				<total>0</total>
				<timestamp>5825.243773</timestamp>
			</report>
			<report>
				<misses>826800000</misses>
				<total>0</total>
				<timestamp>5825.979476</timestamp>
			</report>
			<report>
				<misses>826900000</misses>
				<total>0</total>
				<timestamp>5826.689300</timestamp>
			</report>
			<report>
				<misses>827000000</misses>
				<total>0</total>
				<timestamp>5827.402096</timestamp>
			</report>
			<report>
				<misses>827100000</misses>
				<total>0</total>
				<timestamp>5828.134788</timestamp>
			</report>
			<report>
				<misses>827200000</misses>
				<total>0</total>
				<timestamp>5828.857710</timestamp>
			</report>
			<report>
				<misses>827300000</misses>
				<total>0</total>
				<timestamp>5829.573991</timestamp>
			</report>
			<report>
				<misses>827400000</misses>
				<total>0</total>
				<timestamp>5830.293612</timestamp>
			</report>
			<report>
				<misses>827500000</misses>
				<total>0</total>
				<timestamp>5831.015132</timestamp>
			</report>
			<report>
				<misses>827600000</misses>
				<total>0</total>
				<timestamp>5831.726700</timestamp>
			</report>
			<report>
				<misses>827700000</misses>
				<total>0</total>
				<timestamp>5832.434690</timestamp>
			</report>
			<report>
				<misses>827800000</misses>
				<total>0</total>
				<timestamp>5833.153605</timestamp>
			</report>
			<report>
				<misses>827900000</misses>
				<total>0</total>
				<timestamp>5833.879442</timestamp>
			</report>
			<report>
				<misses>828000000</misses>
				<total>0</total>
				<timestamp>5834.605779</timestamp>
			</report>
			<report>
				<misses>828100000</misses>
				<total>0</total>
				<timestamp>5835.319642</timestamp>
			</report>
			<report>
				<misses>828200000</misses>
				<total>0</total>
				<timestamp>5835.999601</timestamp>
			</report>
			<report>
				<misses>828300000</misses>
				<total>0</total>
				<timestamp>5836.678440</timestamp>
			</report>
			<report>
				<misses>828400000</misses>
				<total>0</total>
				<timestamp>5837.359016</timestamp>
			</report>
			<report>
				<misses>828500000</misses>
				<total>0</total>
				<timestamp>5838.041871</timestamp>
			</report>
			<report>
				<misses>828600000</misses>
				<total>0</total>
				<timestamp>5838.738966</timestamp>
			</report>
			<report>
				<misses>828700000</misses>
				<total>0</total>
				<timestamp>5839.467270</timestamp>
			</report>
			<report>
				<misses>828800000</misses>
				<total>0</total>
				<timestamp>5840.152912</timestamp>
			</report>
			<report>
				<misses>828900000</misses>
				<total>0</total>
				<timestamp>5840.851513</timestamp>
			</report>
			<report>
				<misses>829000000</misses>
				<total>0</total>
				<timestamp>5841.537053</timestamp>
			</report>
			<report>
				<misses>829100000</misses>
				<total>0</total>
				<timestamp>5842.252427</timestamp>
			</report>
			<report>
				<misses>829200000</misses>
				<total>0</total>
				<timestamp>5842.957210</timestamp>
			</report>
			<report>
				<misses>829300000</misses>
				<total>0</total>
				<timestamp>5843.659115</timestamp>
			</report>
			<report>
				<misses>829400000</misses>
				<total>0</total>
				<timestamp>5844.382160</timestamp>
			</report>
			<report>
				<misses>829500000</misses>
				<total>0</total>
				<timestamp>5845.084277</timestamp>
			</report>
			<report>
				<misses>829600000</misses>
				<total>0</total>
				<timestamp>5845.785131</timestamp>
			</report>
			<report>
				<misses>829700000</misses>
				<total>0</total>
				<timestamp>5846.491418</timestamp>
			</report>
			<report>
				<misses>829800000</misses>
				<total>0</total>
				<timestamp>5847.181633</timestamp>
			</report>
			<report>
				<misses>829900000</misses>
				<total>0</total>
				<timestamp>5847.908190</timestamp>
			</report>
			<report>
				<misses>830000000</misses>
				<total>0</total>
				<timestamp>5848.621333</timestamp>
			</report>
			<report>
				<misses>830100000</misses>
				<total>0</total>
				<timestamp>5849.359223</timestamp>
			</report>
			<report>
				<misses>830200000</misses>
				<total>0</total>
				<timestamp>5850.111370</timestamp>
			</report>
			<report>
				<misses>830300000</misses>
				<total>0</total>
				<timestamp>5850.848133</timestamp>
			</report>
			<report>
				<misses>830400000</misses>
				<total>0</total>
				<timestamp>5851.586714</timestamp>
			</report>
			<report>
				<misses>830500000</misses>
				<total>0</total>
				<timestamp>5852.318516</timestamp>
			</report>
			<report>
				<misses>830600000</misses>
				<total>0</total>
				<timestamp>5853.046776</timestamp>
			</report>
			<report>
				<misses>830700000</misses>
				<total>0</total>
				<timestamp>5853.779440</timestamp>
			</report>
			<report>
				<misses>830800000</misses>
				<total>0</total>
				<timestamp>5854.508534</timestamp>
			</report>
			<report>
				<misses>830900000</misses>
				<total>0</total>
				<timestamp>5855.256679</timestamp>
			</report>
			<report>
				<misses>831000000</misses>
				<total>0</total>
				<timestamp>5855.962753</timestamp>
			</report>
			<report>
				<misses>831100000</misses>
				<total>0</total>
				<timestamp>5856.719378</timestamp>
			</report>
			<report>
				<misses>831200000</misses>
				<total>0</total>
				<timestamp>5857.426920</timestamp>
			</report>
			<report>
				<misses>831300000</misses>
				<total>0</total>
				<timestamp>5858.129624</timestamp>
			</report>
			<report>
				<misses>831400000</misses>
				<total>0</total>
				<timestamp>5858.828332</timestamp>
			</report>
			<report>
				<misses>831500000</misses>
				<total>0</total>
				<timestamp>5859.524382</timestamp>
			</report>
			<report>
				<misses>831600000</misses>
				<total>0</total>
				<timestamp>5860.223143</timestamp>
			</report>
			<report>
				<misses>831700000</misses>
				<total>0</total>
				<timestamp>5860.910440</timestamp>
			</report>
			<report>
				<misses>831800000</misses>
				<total>0</total>
				<timestamp>5861.590708</timestamp>
			</report>
			<report>
				<misses>831900000</misses>
				<total>0</total>
				<timestamp>5862.278459</timestamp>
			</report>
			<report>
				<misses>832000000</misses>
				<total>0</total>
				<timestamp>5862.957991</timestamp>
			</report>
			<report>
				<misses>832100000</misses>
				<total>0</total>
				<timestamp>5863.638202</timestamp>
			</report>
			<report>
				<misses>832200000</misses>
				<total>0</total>
				<timestamp>5864.317616</timestamp>
			</report>
			<report>
				<misses>832300000</misses>
				<total>0</total>
				<timestamp>5865.089001</timestamp>
			</report>
			<report>
				<misses>832400000</misses>
				<total>0</total>
				<timestamp>5865.814999</timestamp>
			</report>
			<report>
				<misses>832500000</misses>
				<total>0</total>
				<timestamp>5866.540792</timestamp>
			</report>
			<report>
				<misses>832600000</misses>
				<total>0</total>
				<timestamp>5867.244170</timestamp>
			</report>
			<report>
				<misses>832700000</misses>
				<total>0</total>
				<timestamp>5867.966568</timestamp>
			</report>
			<report>
				<misses>832800000</misses>
				<total>0</total>
				<timestamp>5868.676905</timestamp>
			</report>
			<report>
				<misses>832900000</misses>
				<total>0</total>
				<timestamp>5869.388691</timestamp>
			</report>
			<report>
				<misses>833000000</misses>
				<total>0</total>
				<timestamp>5870.116250</timestamp>
			</report>
			<report>
				<misses>833100000</misses>
				<total>0</total>
				<timestamp>5870.830888</timestamp>
			</report>
			<report>
				<misses>833200000</misses>
				<total>0</total>
				<timestamp>5871.535589</timestamp>
			</report>
			<report>
				<misses>833300000</misses>
				<total>0</total>
				<timestamp>5872.249602</timestamp>
			</report>
			<report>
				<misses>833400000</misses>
				<total>0</total>
				<timestamp>5872.940845</timestamp>
			</report>
			<report>
				<misses>833500000</misses>
				<total>0</total>
				<timestamp>5873.676145</timestamp>
			</report>
			<report>
				<misses>833600000</misses>
				<total>0</total>
				<timestamp>5874.352109</timestamp>
			</report>
			<report>
				<misses>833700000</misses>
				<total>0</total>
				<timestamp>5875.034575</timestamp>
			</report>
			<report>
				<misses>833800000</misses>
				<total>0</total>
				<timestamp>5875.723284</timestamp>
			</report>
			<report>
				<misses>833900000</misses>
				<total>0</total>
				<timestamp>5876.408832</timestamp>
			</report>
			<report>
				<misses>834000000</misses>
				<total>0</total>
				<timestamp>5877.090994</timestamp>
			</report>
			<report>
				<misses>834100000</misses>
				<total>0</total>
				<timestamp>5877.778498</timestamp>
			</report>
			<report>
				<misses>834200000</misses>
				<total>0</total>
				<timestamp>5878.468913</timestamp>
			</report>
			<report>
				<misses>834300000</misses>
				<total>0</total>
				<timestamp>5879.155098</timestamp>
			</report>
			<report>
				<misses>834400000</misses>
				<total>0</total>
				<timestamp>5879.829341</timestamp>
			</report>
			<report>
				<misses>834500000</misses>
				<total>0</total>
				<timestamp>5880.519068</timestamp>
			</report>
			<report>
				<misses>834600000</misses>
				<total>0</total>
				<timestamp>5881.236186</timestamp>
			</report>
			<report>
				<misses>834700000</misses>
				<total>0</total>
				<timestamp>5881.954860</timestamp>
			</report>
			<report>
				<misses>834800000</misses>
				<total>0</total>
				<timestamp>5882.685824</timestamp>
			</report>
			<report>
				<misses>834900000</misses>
				<total>0</total>
				<timestamp>5883.389937</timestamp>
			</report>
			<report>
				<misses>835000000</misses>
				<total>0</total>
				<timestamp>5884.126050</timestamp>
			</report>
			<report>
				<misses>835100000</misses>
				<total>0</total>
				<timestamp>5884.836259</timestamp>
			</report>
			<report>
				<misses>835200000</misses>
				<total>0</total>
				<timestamp>5885.559452</timestamp>
			</report>
			<report>
				<misses>835300000</misses>
				<total>0</total>
				<timestamp>5886.321232</timestamp>
			</report>
			<report>
				<misses>835400000</misses>
				<total>0</total>
				<timestamp>5887.038070</timestamp>
			</report>
			<report>
				<misses>835500000</misses>
				<total>0</total>
				<timestamp>5887.773983</timestamp>
			</report>
			<report>
				<misses>835600000</misses>
				<total>0</total>
				<timestamp>5888.488421</timestamp>
			</report>
			<report>
				<misses>835700000</misses>
				<total>0</total>
				<timestamp>5889.191370</timestamp>
			</report>
			<report>
				<misses>835800000</misses>
				<total>0</total>
				<timestamp>5889.882412</timestamp>
			</report>
			<report>
				<misses>835900000</misses>
				<total>0</total>
				<timestamp>5890.583855</timestamp>
			</report>
			<report>
				<misses>836000000</misses>
				<total>0</total>
				<timestamp>5891.264272</timestamp>
			</report>
			<report>
				<misses>836100000</misses>
				<total>0</total>
				<timestamp>5891.957676</timestamp>
			</report>
			<report>
				<misses>836200000</misses>
				<total>0</total>
				<timestamp>5892.642816</timestamp>
			</report>
			<report>
				<misses>836300000</misses>
				<total>0</total>
				<timestamp>5893.323878</timestamp>
			</report>
			<report>
				<misses>836400000</misses>
				<total>0</total>
				<timestamp>5894.010632</timestamp>
			</report>
			<report>
				<misses>836500000</misses>
				<total>0</total>
				<timestamp>5894.714635</timestamp>
			</report>
			<report>
				<misses>836600000</misses>
				<total>0</total>
				<timestamp>5895.388533</timestamp>
			</report>
			<report>
				<misses>836700000</misses>
				<total>0</total>
				<timestamp>5896.059417</timestamp>
			</report>
			<report>
				<misses>836800000</misses>
				<total>0</total>
				<timestamp>5896.758314</timestamp>
			</report>
			<report>
				<misses>836900000</misses>
				<total>0</total>
				<timestamp>5897.479305</timestamp>
			</report>
			<report>
				<misses>837000000</misses>
				<total>0</total>
				<timestamp>5898.207970</timestamp>
			</report>
			<report>
				<misses>837100000</misses>
				<total>0</total>
				<timestamp>5898.915736</timestamp>
			</report>
			<report>
				<misses>837200000</misses>
				<total>0</total>
				<timestamp>5899.648929</timestamp>
			</report>
			<report>
				<misses>837300000</misses>
				<total>0</total>
				<timestamp>5900.343730</timestamp>
			</report>
			<report>
				<misses>837400000</misses>
				<total>0</total>
				<timestamp>5901.054992</timestamp>
			</report>
			<report>
				<misses>837500000</misses>
				<total>0</total>
				<timestamp>5901.768854</timestamp>
			</report>
			<report>
				<misses>837600000</misses>
				<total>0</total>
				<timestamp>5902.475018</timestamp>
			</report>
			<report>
				<misses>837700000</misses>
				<total>0</total>
				<timestamp>5903.200783</timestamp>
			</report>
			<report>
				<misses>837800000</misses>
				<total>0</total>
				<timestamp>5903.905957</timestamp>
			</report>
			<report>
				<misses>837900000</misses>
				<total>0</total>
				<timestamp>5904.632763</timestamp>
			</report>
			<report>
				<misses>838000000</misses>
				<total>0</total>
				<timestamp>5905.362868</timestamp>
			</report>
			<report>
				<misses>838100000</misses>
				<total>0</total>
				<timestamp>5906.077754</timestamp>
			</report>
			<report>
				<misses>838200000</misses>
				<total>0</total>
				<timestamp>5906.772080</timestamp>
			</report>
			<report>
				<misses>838300000</misses>
				<total>0</total>
				<timestamp>5907.464319</timestamp>
			</report>
			<report>
				<misses>838400000</misses>
				<total>0</total>
				<timestamp>5908.141269</timestamp>
			</report>
			<report>
				<misses>838500000</misses>
				<total>0</total>
				<timestamp>5908.820387</timestamp>
			</report>
			<report>
				<misses>838600000</misses>
				<total>0</total>
				<timestamp>5909.520406</timestamp>
			</report>
			<report>
				<misses>838700000</misses>
				<total>0</total>
				<timestamp>5910.212338</timestamp>
			</report>
			<report>
				<misses>838800000</misses>
				<total>0</total>
				<timestamp>5910.893384</timestamp>
			</report>
			<report>
				<misses>838900000</misses>
				<total>0</total>
				<timestamp>5911.581612</timestamp>
			</report>
			<report>
				<misses>839000000</misses>
				<total>0</total>
				<timestamp>5912.263219</timestamp>
			</report>
			<report>
				<misses>839100000</misses>
				<total>0</total>
				<timestamp>5912.951398</timestamp>
			</report>
			<report>
				<misses>839200000</misses>
				<total>0</total>
				<timestamp>5913.668458</timestamp>
			</report>
			<report>
				<misses>839300000</misses>
				<total>0</total>
				<timestamp>5914.381492</timestamp>
			</report>
			<report>
				<misses>839400000</misses>
				<total>0</total>
				<timestamp>5915.097644</timestamp>
			</report>
			<report>
				<misses>839500000</misses>
				<total>0</total>
				<timestamp>5915.798880</timestamp>
			</report>
			<report>
				<misses>839600000</misses>
				<total>0</total>
				<timestamp>5916.496595</timestamp>
			</report>
			<report>
				<misses>839700000</misses>
				<total>0</total>
				<timestamp>5917.254100</timestamp>
			</report>
			<report>
				<misses>839800000</misses>
				<total>0</total>
				<timestamp>5917.986569</timestamp>
			</report>
			<report>
				<misses>839900000</misses>
				<total>0</total>
				<timestamp>5918.722268</timestamp>
			</report>
			<report>
				<misses>840000000</misses>
				<total>0</total>
				<timestamp>5919.473848</timestamp>
			</report>
			<report>
				<misses>840100000</misses>
				<total>0</total>
				<timestamp>5920.199290</timestamp>
			</report>
			<report>
				<misses>840200000</misses>
				<total>0</total>
				<timestamp>5920.899625</timestamp>
			</report>
			<report>
				<misses>840300000</misses>
				<total>0</total>
				<timestamp>5921.606418</timestamp>
			</report>
			<report>
				<misses>840400000</misses>
				<total>0</total>
				<timestamp>5922.312970</timestamp>
			</report>
			<report>
				<misses>840500000</misses>
				<total>0</total>
				<timestamp>5923.035262</timestamp>
			</report>
			<report>
				<misses>840600000</misses>
				<total>0</total>
				<timestamp>5923.749980</timestamp>
			</report>
			<report>
				<misses>840700000</misses>
				<total>0</total>
				<timestamp>5924.462333</timestamp>
			</report>
			<report>
				<misses>840800000</misses>
				<total>0</total>
				<timestamp>5925.184339</timestamp>
			</report>
			<report>
				<misses>840900000</misses>
				<total>0</total>
				<timestamp>5925.943098</timestamp>
			</report>
			<report>
				<misses>841000000</misses>
				<total>0</total>
				<timestamp>5926.659290</timestamp>
			</report>
			<report>
				<misses>841100000</misses>
				<total>0</total>
				<timestamp>5927.383376</timestamp>
			</report>
			<report>
				<misses>841200000</misses>
				<total>0</total>
				<timestamp>5928.091804</timestamp>
			</report>
			<report>
				<misses>841300000</misses>
				<total>0</total>
				<timestamp>5928.764592</timestamp>
			</report>
			<report>
				<misses>841400000</misses>
				<total>0</total>
				<timestamp>5929.452410</timestamp>
			</report>
			<report>
				<misses>841500000</misses>
				<total>0</total>
				<timestamp>5930.141373</timestamp>
			</report>
			<report>
				<misses>841600000</misses>
				<total>0</total>
				<timestamp>5930.839510</timestamp>
			</report>
			<report>
				<misses>841700000</misses>
				<total>0</total>
				<timestamp>5931.534526</timestamp>
			</report>
			<report>
				<misses>841800000</misses>
				<total>0</total>
				<timestamp>5932.223954</timestamp>
			</report>
			<report>
				<misses>841900000</misses>
				<total>0</total>
				<timestamp>5932.907316</timestamp>
			</report>
			<report>
				<misses>842000000</misses>
				<total>0</total>
				<timestamp>5933.594805</timestamp>
			</report>
			<report>
				<misses>842100000</misses>
				<total>0</total>
				<timestamp>5934.288954</timestamp>
			</report>
			<report>
				<misses>842200000</misses>
				<total>0</total>
				<timestamp>5935.000655</timestamp>
			</report>
			<report>
				<misses>842300000</misses>
				<total>0</total>
				<timestamp>5935.717473</timestamp>
			</report>
			<report>
				<misses>842400000</misses>
				<total>0</total>
				<timestamp>5936.432385</timestamp>
			</report>
			<report>
				<misses>842500000</misses>
				<total>0</total>
				<timestamp>5937.143765</timestamp>
			</report>
			<report>
				<misses>842600000</misses>
				<total>0</total>
				<timestamp>5937.866769</timestamp>
			</report>
			<report>
				<misses>842700000</misses>
				<total>0</total>
				<timestamp>5938.598470</timestamp>
			</report>
			<report>
				<misses>842800000</misses>
				<total>0</total>
				<timestamp>5939.346809</timestamp>
			</report>
			<report>
				<misses>842900000</misses>
				<total>0</total>
				<timestamp>5940.066365</timestamp>
			</report>
			<report>
				<misses>843000000</misses>
				<total>0</total>
				<timestamp>5940.786888</timestamp>
			</report>
			<report>
				<misses>843100000</misses>
				<total>0</total>
				<timestamp>5941.544577</timestamp>
			</report>
			<report>
				<misses>843200000</misses>
				<total>0</total>
				<timestamp>5942.241665</timestamp>
			</report>
			<report>
				<misses>843300000</misses>
				<total>0</total>
				<timestamp>5942.980422</timestamp>
			</report>
			<report>
				<misses>843400000</misses>
				<total>0</total>
				<timestamp>5943.688001</timestamp>
			</report>
			<report>
				<misses>843500000</misses>
				<total>0</total>
				<timestamp>5944.391545</timestamp>
			</report>
			<report>
				<misses>843600000</misses>
				<total>0</total>
				<timestamp>5945.108450</timestamp>
			</report>
			<report>
				<misses>843700000</misses>
				<total>0</total>
				<timestamp>5945.826381</timestamp>
			</report>
			<report>
				<misses>843800000</misses>
				<total>0</total>
				<timestamp>5946.527305</timestamp>
			</report>
			<report>
				<misses>843900000</misses>
				<total>0</total>
				<timestamp>5947.247344</timestamp>
			</report>
			<report>
				<misses>844000000</misses>
				<total>0</total>
				<timestamp>5947.970202</timestamp>
			</report>
			<report>
				<misses>844100000</misses>
				<total>0</total>
				<timestamp>5948.703214</timestamp>
			</report>
			<report>
				<misses>844200000</misses>
				<total>0</total>
				<timestamp>5949.401905</timestamp>
			</report>
			<report>
				<misses>844300000</misses>
				<total>0</total>
				<timestamp>5950.111015</timestamp>
			</report>
			<report>
				<misses>844400000</misses>
				<total>0</total>
				<timestamp>5950.800476</timestamp>
			</report>
			<report>
				<misses>844500000</misses>
				<total>0</total>
				<timestamp>5951.509076</timestamp>
			</report>
			<report>
				<misses>844600000</misses>
				<total>0</total>
				<timestamp>5952.207206</timestamp>
			</report>
			<report>
				<misses>844700000</misses>
				<total>0</total>
				<timestamp>5952.892060</timestamp>
			</report>
			<report>
				<misses>844800000</misses>
				<total>0</total>
				<timestamp>5953.572996</timestamp>
			</report>
			<report>
				<misses>844900000</misses>
				<total>0</total>
				<timestamp>5954.260291</timestamp>
			</report>
			<report>
				<misses>845000000</misses>
				<total>0</total>
				<timestamp>5954.931678</timestamp>
			</report>
			<report>
				<misses>845100000</misses>
				<total>0</total>
				<timestamp>5955.621438</timestamp>
			</report>
			<report>
				<misses>845200000</misses>
				<total>0</total>
				<timestamp>5956.303148</timestamp>
			</report>
			<report>
				<misses>845300000</misses>
				<total>0</total>
				<timestamp>5956.997845</timestamp>
			</report>
			<report>
				<misses>845400000</misses>
				<total>0</total>
				<timestamp>5957.698092</timestamp>
			</report>
			<report>
				<misses>845500000</misses>
				<total>0</total>
				<timestamp>5958.404174</timestamp>
			</report>
			<report>
				<misses>845600000</misses>
				<total>0</total>
				<timestamp>5959.110594</timestamp>
			</report>
			<report>
				<misses>845700000</misses>
				<total>0</total>
				<timestamp>5959.795641</timestamp>
			</report>
			<report>
				<misses>845800000</misses>
				<total>0</total>
				<timestamp>5960.522534</timestamp>
			</report>
			<report>
				<misses>845900000</misses>
				<total>0</total>
				<timestamp>5961.223999</timestamp>
			</report>
			<report>
				<misses>846000000</misses>
				<total>0</total>
				<timestamp>5961.907905</timestamp>
			</report>
			<report>
				<misses>846100000</misses>
				<total>0</total>
				<timestamp>5962.600959</timestamp>
			</report>
			<report>
				<misses>846200000</misses>
				<total>0</total>
				<timestamp>5963.303327</timestamp>
			</report>
			<report>
				<misses>846300000</misses>
				<total>0</total>
				<timestamp>5964.029870</timestamp>
			</report>
			<report>
				<misses>846400000</misses>
				<total>0</total>
				<timestamp>5964.745534</timestamp>
			</report>
			<report>
				<misses>846500000</misses>
				<total>0</total>
				<timestamp>5965.445390</timestamp>
			</report>
			<report>
				<misses>846600000</misses>
				<total>0</total>
				<timestamp>5966.152359</timestamp>
			</report>
			<report>
				<misses>846700000</misses>
				<total>0</total>
				<timestamp>5966.878185</timestamp>
			</report>
			<report>
				<misses>846800000</misses>
				<total>0</total>
				<timestamp>5967.577484</timestamp>
			</report>
			<report>
				<misses>846900000</misses>
				<total>0</total>
				<timestamp>5968.259442</timestamp>
			</report>
			<report>
				<misses>847000000</misses>
				<total>0</total>
				<timestamp>5968.937206</timestamp>
			</report>
			<report>
				<misses>847100000</misses>
				<total>0</total>
				<timestamp>5969.633006</timestamp>
			</report>
			<report>
				<misses>847200000</misses>
				<total>0</total>
				<timestamp>5970.341787</timestamp>
			</report>
			<report>
				<misses>847300000</misses>
				<total>0</total>
				<timestamp>5971.048526</timestamp>
			</report>
			<report>
				<misses>847400000</misses>
				<total>0</total>
				<timestamp>5971.744613</timestamp>
			</report>
			<report>
				<misses>847500000</misses>
				<total>0</total>
				<timestamp>5972.432329</timestamp>
			</report>
			<report>
				<misses>847600000</misses>
				<total>0</total>
				<timestamp>5973.124480</timestamp>
			</report>
			<report>
				<misses>847700000</misses>
				<total>0</total>
				<timestamp>5973.821162</timestamp>
			</report>
			<report>
				<misses>847800000</misses>
				<total>0</total>
				<timestamp>5974.537637</timestamp>
			</report>
			<report>
				<misses>847900000</misses>
				<total>0</total>
				<timestamp>5975.276018</timestamp>
			</report>
			<report>
				<misses>848000000</misses>
				<total>0</total>
				<timestamp>5975.993574</timestamp>
			</report>
			<report>
				<misses>848100000</misses>
				<total>0</total>
				<timestamp>5976.696594</timestamp>
			</report>
			<report>
				<misses>848200000</misses>
				<total>0</total>
				<timestamp>5977.398928</timestamp>
			</report>
			<report>
				<misses>848300000</misses>
				<total>0</total>
				<timestamp>5978.110667</timestamp>
			</report>
			<report>
				<misses>848400000</misses>
				<total>0</total>
				<timestamp>5978.813527</timestamp>
			</report>
			<report>
				<misses>848500000</misses>
				<total>0</total>
				<timestamp>5979.528565</timestamp>
			</report>
			<report>
				<misses>848600000</misses>
				<total>0</total>
				<timestamp>5980.208792</timestamp>
			</report>
			<report>
				<misses>848700000</misses>
				<total>0</total>
				<timestamp>5980.934112</timestamp>
			</report>
			<report>
				<misses>848800000</misses>
				<total>0</total>
				<timestamp>5981.649815</timestamp>
			</report>
			<report>
				<misses>848900000</misses>
				<total>0</total>
				<timestamp>5982.351301</timestamp>
			</report>
			<report>
				<misses>849000000</misses>
				<total>0</total>
				<timestamp>5983.052077</timestamp>
			</report>
			<report>
				<misses>849100000</misses>
				<total>0</total>
				<timestamp>5983.755532</timestamp>
			</report>
			<report>
				<misses>849200000</misses>
				<total>0</total>
				<timestamp>5984.469316</timestamp>
			</report>
			<report>
				<misses>849300000</misses>
				<total>0</total>
				<timestamp>5985.181965</timestamp>
			</report>
			<report>
				<misses>849400000</misses>
				<total>0</total>
				<timestamp>5985.889984</timestamp>
			</report>
			<report>
				<misses>849500000</misses>
				<total>0</total>
				<timestamp>5986.585529</timestamp>
			</report>
			<report>
				<misses>849600000</misses>
				<total>0</total>
				<timestamp>5987.263791</timestamp>
			</report>
			<report>
				<misses>849700000</misses>
				<total>0</total>
				<timestamp>5987.946363</timestamp>
			</report>
			<report>
				<misses>849800000</misses>
				<total>0</total>
				<timestamp>5988.633519</timestamp>
			</report>
			<report>
				<misses>849900000</misses>
				<total>0</total>
				<timestamp>5989.309266</timestamp>
			</report>
			<report>
				<misses>850000000</misses>
				<total>0</total>
				<timestamp>5989.993548</timestamp>
			</report>
			<report>
				<misses>850100000</misses>
				<total>0</total>
				<timestamp>5990.693578</timestamp>
			</report>
			<report>
				<misses>850200000</misses>
				<total>0</total>
				<timestamp>5991.385986</timestamp>
			</report>
			<report>
				<misses>850300000</misses>
				<total>0</total>
				<timestamp>5992.086554</timestamp>
			</report>
			<report>
				<misses>850400000</misses>
				<total>0</total>
				<timestamp>5992.797218</timestamp>
			</report>
			<report>
				<misses>850500000</misses>
				<total>0</total>
				<timestamp>5993.499511</timestamp>
			</report>
			<report>
				<misses>850600000</misses>
				<total>0</total>
				<timestamp>5994.197189</timestamp>
			</report>
			<report>
				<misses>850700000</misses>
				<total>0</total>
				<timestamp>5994.952744</timestamp>
			</report>
			<report>
				<misses>850800000</misses>
				<total>0</total>
				<timestamp>5995.672317</timestamp>
			</report>
			<report>
				<misses>850900000</misses>
				<total>0</total>
				<timestamp>5996.411263</timestamp>
			</report>
			<report>
				<misses>851000000</misses>
				<total>0</total>
				<timestamp>5997.141772</timestamp>
			</report>
			<report>
				<misses>851100000</misses>
				<total>0</total>
				<timestamp>5997.860152</timestamp>
			</report>
			<report>
				<misses>851200000</misses>
				<total>0</total>
				<timestamp>5998.571094</timestamp>
			</report>
			<report>
				<misses>851300000</misses>
				<total>0</total>
				<timestamp>5999.279391</timestamp>
			</report>
			<report>
				<misses>851400000</misses>
				<total>0</total>
				<timestamp>5999.988210</timestamp>
			</report>
			<report>
				<misses>851500000</misses>
				<total>0</total>
				<timestamp>6000.737128</timestamp>
			</report>
			<report>
				<misses>851600000</misses>
				<total>0</total>
				<timestamp>6001.472256</timestamp>
			</report>
			<report>
				<misses>851700000</misses>
				<total>0</total>
				<timestamp>6002.177618</timestamp>
			</report>
			<report>
				<misses>851800000</misses>
				<total>0</total>
				<timestamp>6002.893015</timestamp>
			</report>
			<report>
				<misses>851900000</misses>
				<total>0</total>
				<timestamp>6003.600296</timestamp>
			</report>
			<report>
				<misses>852000000</misses>
				<total>0</total>
				<timestamp>6004.322679</timestamp>
			</report>
			<report>
				<misses>852100000</misses>
				<total>0</total>
				<timestamp>6005.041616</timestamp>
			</report>
			<report>
				<misses>852200000</misses>
				<total>0</total>
				<timestamp>6005.782860</timestamp>
			</report>
			<report>
				<misses>852300000</misses>
				<total>0</total>
				<timestamp>6006.506947</timestamp>
			</report>
			<report>
				<misses>852400000</misses>
				<total>0</total>
				<timestamp>6007.254817</timestamp>
			</report>
			<report>
				<misses>852500000</misses>
				<total>0</total>
				<timestamp>6007.976608</timestamp>
			</report>
			<report>
				<misses>852600000</misses>
				<total>0</total>
				<timestamp>6008.710540</timestamp>
			</report>
			<report>
				<misses>852700000</misses>
				<total>0</total>
				<timestamp>6009.408167</timestamp>
			</report>
			<report>
				<misses>852800000</misses>
				<total>0</total>
				<timestamp>6010.089267</timestamp>
			</report>
			<report>
				<misses>852900000</misses>
				<total>0</total>
				<timestamp>6010.765132</timestamp>
			</report>
			<report>
				<misses>853000000</misses>
				<total>0</total>
				<timestamp>6011.459554</timestamp>
			</report>
			<report>
				<misses>853100000</misses>
				<total>0</total>
				<timestamp>6012.151535</timestamp>
			</report>
			<report>
				<misses>853200000</misses>
				<total>0</total>
				<timestamp>6012.836528</timestamp>
			</report>
			<report>
				<misses>853300000</misses>
				<total>0</total>
				<timestamp>6013.513124</timestamp>
			</report>
			<report>
				<misses>853400000</misses>
				<total>0</total>
				<timestamp>6014.202570</timestamp>
			</report>
			<report>
				<misses>853500000</misses>
				<total>0</total>
				<timestamp>6014.906733</timestamp>
			</report>
			<report>
				<misses>853600000</misses>
				<total>0</total>
				<timestamp>6015.619301</timestamp>
			</report>
			<report>
				<misses>853700000</misses>
				<total>0</total>
				<timestamp>6016.315307</timestamp>
			</report>
			<report>
				<misses>853800000</misses>
				<total>0</total>
				<timestamp>6017.016745</timestamp>
			</report>
			<report>
				<misses>853900000</misses>
				<total>0</total>
				<timestamp>6017.728728</timestamp>
			</report>
			<report>
				<misses>854000000</misses>
				<total>0</total>
				<timestamp>6018.421021</timestamp>
			</report>
			<report>
				<misses>854100000</misses>
				<total>0</total>
				<timestamp>6019.139977</timestamp>
			</report>
			<report>
				<misses>854200000</misses>
				<total>0</total>
				<timestamp>6019.843138</timestamp>
			</report>
			<report>
				<misses>854300000</misses>
				<total>0</total>
				<timestamp>6020.552137</timestamp>
			</report>
			<report>
				<misses>854400000</misses>
				<total>0</total>
				<timestamp>6021.267184</timestamp>
			</report>
			<report>
				<misses>854500000</misses>
				<total>0</total>
				<timestamp>6021.972603</timestamp>
			</report>
			<report>
				<misses>854600000</misses>
				<total>0</total>
				<timestamp>6022.669411</timestamp>
			</report>
			<report>
				<misses>854700000</misses>
				<total>0</total>
				<timestamp>6023.372242</timestamp>
			</report>
			<report>
				<misses>854800000</misses>
				<total>0</total>
				<timestamp>6024.062556</timestamp>
			</report>
			<report>
				<misses>854900000</misses>
				<total>0</total>
				<timestamp>6024.757366</timestamp>
			</report>
			<report>
				<misses>855000000</misses>
				<total>0</total>
				<timestamp>6025.484345</timestamp>
			</report>
			<report>
				<misses>855100000</misses>
				<total>0</total>
				<timestamp>6026.231020</timestamp>
			</report>
			<report>
				<misses>855200000</misses>
				<total>0</total>
				<timestamp>6026.966990</timestamp>
			</report>
			<report>
				<misses>855300000</misses>
				<total>0</total>
				<timestamp>6027.706612</timestamp>
			</report>
			<report>
				<misses>855400000</misses>
				<total>0</total>
				<timestamp>6028.426440</timestamp>
			</report>
			<report>
				<misses>855500000</misses>
				<total>0</total>
				<timestamp>6029.148927</timestamp>
			</report>
			<report>
				<misses>855600000</misses>
				<total>0</total>
				<timestamp>6029.871628</timestamp>
			</report>
			<report>
				<misses>855700000</misses>
				<total>0</total>
				<timestamp>6030.597377</timestamp>
			</report>
			<report>
				<misses>855800000</misses>
				<total>0</total>
				<timestamp>6031.311158</timestamp>
			</report>
			<report>
				<misses>855900000</misses>
				<total>0</total>
				<timestamp>6032.038016</timestamp>
			</report>
			<report>
				<misses>856000000</misses>
				<total>0</total>
				<timestamp>6032.743131</timestamp>
			</report>
			<report>
				<misses>856100000</misses>
				<total>0</total>
				<timestamp>6033.452920</timestamp>
			</report>
			<report>
				<misses>856200000</misses>
				<total>0</total>
				<timestamp>6034.167102</timestamp>
			</report>
			<report>
				<misses>856300000</misses>
				<total>0</total>
				<timestamp>6034.848469</timestamp>
			</report>
			<report>
				<misses>856400000</misses>
				<total>0</total>
				<timestamp>6035.526226</timestamp>
			</report>
			<report>
				<misses>856500000</misses>
				<total>0</total>
				<timestamp>6036.218654</timestamp>
			</report>
			<report>
				<misses>856600000</misses>
				<total>0</total>
				<timestamp>6036.896724</timestamp>
			</report>
			<report>
				<misses>856700000</misses>
				<total>0</total>
				<timestamp>6037.572063</timestamp>
			</report>
			<report>
				<misses>856800000</misses>
				<total>0</total>
				<timestamp>6038.248223</timestamp>
			</report>
			<report>
				<misses>856900000</misses>
				<total>0</total>
				<timestamp>6038.954827</timestamp>
			</report>
			<report>
				<misses>857000000</misses>
				<total>0</total>
				<timestamp>6039.650560</timestamp>
			</report>
			<report>
				<misses>857100000</misses>
				<total>0</total>
				<timestamp>6040.341839</timestamp>
			</report>
			<report>
				<misses>857200000</misses>
				<total>0</total>
				<timestamp>6041.037927</timestamp>
			</report>
			<report>
				<misses>857300000</misses>
				<total>0</total>
				<timestamp>6041.764237</timestamp>
			</report>
			<report>
				<misses>857400000</misses>
				<total>0</total>
				<timestamp>6042.503398</timestamp>
			</report>
			<report>
				<misses>857500000</misses>
				<total>0</total>
				<timestamp>6043.184684</timestamp>
			</report>
			<report>
				<misses>857600000</misses>
				<total>0</total>
				<timestamp>6043.890890</timestamp>
			</report>
			<report>
				<misses>857700000</misses>
				<total>0</total>
				<timestamp>6044.598924</timestamp>
			</report>
			<report>
				<misses>857800000</misses>
				<total>0</total>
				<timestamp>6045.307163</timestamp>
			</report>
			<report>
				<misses>857900000</misses>
				<total>0</total>
				<timestamp>6046.018746</timestamp>
			</report>
			<report>
				<misses>858000000</misses>
				<total>0</total>
				<timestamp>6046.703033</timestamp>
			</report>
			<report>
				<misses>858100000</misses>
				<total>0</total>
				<timestamp>6047.422707</timestamp>
			</report>
			<report>
				<misses>858200000</misses>
				<total>0</total>
				<timestamp>6048.125749</timestamp>
			</report>
			<report>
				<misses>858300000</misses>
				<total>0</total>
				<timestamp>6048.834503</timestamp>
			</report>
			<report>
				<misses>858400000</misses>
				<total>0</total>
				<timestamp>6049.551509</timestamp>
			</report>
			<report>
				<misses>858500000</misses>
				<total>0</total>
				<timestamp>6050.245692</timestamp>
			</report>
			<report>
				<misses>858600000</misses>
				<total>0</total>
				<timestamp>6050.967577</timestamp>
			</report>
			<report>
				<misses>858700000</misses>
				<total>0</total>
				<timestamp>6051.676660</timestamp>
			</report>
			<report>
				<misses>858800000</misses>
				<total>0</total>
				<timestamp>6052.371565</timestamp>
			</report>
			<report>
				<misses>858900000</misses>
				<total>0</total>
				<timestamp>6053.068772</timestamp>
			</report>
			<report>
				<misses>859000000</misses>
				<total>0</total>
				<timestamp>6053.768967</timestamp>
			</report>
			<report>
				<misses>859100000</misses>
				<total>0</total>
				<timestamp>6054.458594</timestamp>
			</report>
			<report>
				<misses>859200000</misses>
				<total>0</total>
				<timestamp>6055.121869</timestamp>
			</report>
			<report>
				<misses>859300000</misses>
				<total>0</total>
				<timestamp>6055.805054</timestamp>
			</report>
			<report>
				<misses>859400000</misses>
				<total>0</total>
				<timestamp>6056.488942</timestamp>
			</report>
			<report>
				<misses>859500000</misses>
				<total>0</total>
				<timestamp>6057.152876</timestamp>
			</report>
			<report>
				<misses>859600000</misses>
				<total>0</total>
				<timestamp>6057.836511</timestamp>
			</report>
			<report>
				<misses>859700000</misses>
				<total>0</total>
				<timestamp>6058.557444</timestamp>
			</report>
			<report>
				<misses>859800000</misses>
				<total>0</total>
				<timestamp>6059.276191</timestamp>
			</report>
			<report>
				<misses>859900000</misses>
				<total>0</total>
				<timestamp>6059.973904</timestamp>
			</report>
			<report>
				<misses>860000000</misses>
				<total>0</total>
				<timestamp>6060.663725</timestamp>
			</report>
			<report>
				<misses>860100000</misses>
				<total>0</total>
				<timestamp>6061.367048</timestamp>
			</report>
			<report>
				<misses>860200000</misses>
				<total>0</total>
				<timestamp>6062.069657</timestamp>
			</report>
			<report>
				<misses>860300000</misses>
				<total>0</total>
				<timestamp>6062.768869</timestamp>
			</report>
			<report>
				<misses>860400000</misses>
				<total>0</total>
				<timestamp>6063.486824</timestamp>
			</report>
			<report>
				<misses>860500000</misses>
				<total>0</total>
				<timestamp>6064.167697</timestamp>
			</report>
			<report>
				<misses>860600000</misses>
				<total>0</total>
				<timestamp>6064.883636</timestamp>
			</report>
			<report>
				<misses>860700000</misses>
				<total>0</total>
				<timestamp>6065.598631</timestamp>
			</report>
			<report>
				<misses>860800000</misses>
				<total>0</total>
				<timestamp>6066.301110</timestamp>
			</report>
			<report>
				<misses>860900000</misses>
				<total>0</total>
				<timestamp>6066.999906</timestamp>
			</report>
			<report>
				<misses>861000000</misses>
				<total>0</total>
				<timestamp>6067.734784</timestamp>
			</report>
			<report>
				<misses>861100000</misses>
				<total>0</total>
				<timestamp>6068.447784</timestamp>
			</report>
			<report>
				<misses>861200000</misses>
				<total>0</total>
				<timestamp>6069.168571</timestamp>
			</report>
			<report>
				<misses>861300000</misses>
				<total>0</total>
				<timestamp>6069.871852</timestamp>
			</report>
			<report>
				<misses>861400000</misses>
				<total>0</total>
				<timestamp>6070.555306</timestamp>
			</report>
			<report>
				<misses>861500000</misses>
				<total>0</total>
				<timestamp>6071.245555</timestamp>
			</report>
			<report>
				<misses>861600000</misses>
				<total>0</total>
				<timestamp>6071.926853</timestamp>
			</report>
			<report>
				<misses>861700000</misses>
				<total>0</total>
				<timestamp>6072.620323</timestamp>
			</report>
			<report>
				<misses>861800000</misses>
				<total>0</total>
				<timestamp>6073.308762</timestamp>
			</report>
			<report>
				<misses>861900000</misses>
				<total>0</total>
				<timestamp>6073.992644</timestamp>
			</report>
			<report>
				<misses>862000000</misses>
				<total>0</total>
				<timestamp>6074.685611</timestamp>
			</report>
			<report>
				<misses>862100000</misses>
				<total>0</total>
				<timestamp>6075.372806</timestamp>
			</report>
			<report>
				<misses>862200000</misses>
				<total>0</total>
				<timestamp>6076.074698</timestamp>
			</report>
			<report>
				<misses>862300000</misses>
				<total>0</total>
				<timestamp>6076.781510</timestamp>
			</report>
			<report>
				<misses>862400000</misses>
				<total>0</total>
				<timestamp>6077.507466</timestamp>
			</report>
			<report>
				<misses>862500000</misses>
				<total>0</total>
				<timestamp>6078.227160</timestamp>
			</report>
			<report>
				<misses>862600000</misses>
				<total>0</total>
				<timestamp>6078.935144</timestamp>
			</report>
			<report>
				<misses>862700000</misses>
				<total>0</total>
				<timestamp>6079.628076</timestamp>
			</report>
			<report>
				<misses>862800000</misses>
				<total>0</total>
				<timestamp>6080.316692</timestamp>
			</report>
			<report>
				<misses>862900000</misses>
				<total>0</total>
				<timestamp>6081.041139</timestamp>
			</report>
			<report>
				<misses>863000000</misses>
				<total>0</total>
				<timestamp>6081.750841</timestamp>
			</report>
			<report>
				<misses>863100000</misses>
				<total>0</total>
				<timestamp>6082.468581</timestamp>
			</report>
			<report>
				<misses>863200000</misses>
				<total>0</total>
				<timestamp>6083.181508</timestamp>
			</report>
			<report>
				<misses>863300000</misses>
				<total>0</total>
				<timestamp>6083.889759</timestamp>
			</report>
			<report>
				<misses>863400000</misses>
				<total>0</total>
				<timestamp>6084.598176</timestamp>
			</report>
			<report>
				<misses>863500000</misses>
				<total>0</total>
				<timestamp>6085.296059</timestamp>
			</report>
			<report>
				<misses>863600000</misses>
				<total>0</total>
				<timestamp>6086.015636</timestamp>
			</report>
			<report>
				<misses>863700000</misses>
				<total>0</total>
				<timestamp>6086.723518</timestamp>
			</report>
			<report>
				<misses>863800000</misses>
				<total>0</total>
				<timestamp>6087.397623</timestamp>
			</report>
			<report>
				<misses>863900000</misses>
				<total>0</total>
				<timestamp>6088.104293</timestamp>
			</report>
			<report>
				<misses>864000000</misses>
				<total>0</total>
				<timestamp>6088.788165</timestamp>
			</report>
			<report>
				<misses>864100000</misses>
				<total>0</total>
				<timestamp>6089.465630</timestamp>
			</report>
			<report>
				<misses>864200000</misses>
				<total>0</total>
				<timestamp>6090.165495</timestamp>
			</report>
			<report>
				<misses>864300000</misses>
				<total>0</total>
				<timestamp>6090.851229</timestamp>
			</report>
			<report>
				<misses>864400000</misses>
				<total>0</total>
				<timestamp>6091.529464</timestamp>
			</report>
			<report>
				<misses>864500000</misses>
				<total>0</total>
				<timestamp>6092.213716</timestamp>
			</report>
			<report>
				<misses>864600000</misses>
				<total>0</total>
				<timestamp>6092.916404</timestamp>
			</report>
			<report>
				<misses>864700000</misses>
				<total>0</total>
				<timestamp>6093.620951</timestamp>
			</report>
			<report>
				<misses>864800000</misses>
				<total>0</total>
				<timestamp>6094.327903</timestamp>
			</report>
			<report>
				<misses>864900000</misses>
				<total>0</total>
				<timestamp>6095.025580</timestamp>
			</report>
			<report>
				<misses>865000000</misses>
				<total>0</total>
				<timestamp>6095.723122</timestamp>
			</report>
			<report>
				<misses>865100000</misses>
				<total>0</total>
				<timestamp>6096.422416</timestamp>
			</report>
			<report>
				<misses>865200000</misses>
				<total>0</total>
				<timestamp>6097.134115</timestamp>
			</report>
			<report>
				<misses>865300000</misses>
				<total>0</total>
				<timestamp>6097.832057</timestamp>
			</report>
			<report>
				<misses>865400000</misses>
				<total>0</total>
				<timestamp>6098.522695</timestamp>
			</report>
			<report>
				<misses>865500000</misses>
				<total>0</total>
				<timestamp>6099.246514</timestamp>
			</report>
			<report>
				<misses>865600000</misses>
				<total>0</total>
				<timestamp>6099.942362</timestamp>
			</report>
			<report>
				<misses>865700000</misses>
				<total>0</total>
				<timestamp>6100.639060</timestamp>
			</report>
			<report>
				<misses>865800000</misses>
				<total>0</total>
				<timestamp>6101.372354</timestamp>
			</report>
			<report>
				<misses>865900000</misses>
				<total>0</total>
				<timestamp>6102.073735</timestamp>
			</report>
			<report>
				<misses>866000000</misses>
				<total>0</total>
				<timestamp>6102.773600</timestamp>
			</report>
			<report>
				<misses>866100000</misses>
				<total>0</total>
				<timestamp>6103.467313</timestamp>
			</report>
			<report>
				<misses>866200000</misses>
				<total>0</total>
				<timestamp>6104.190713</timestamp>
			</report>
			<report>
				<misses>866300000</misses>
				<total>0</total>
				<timestamp>6104.871090</timestamp>
			</report>
			<report>
				<misses>866400000</misses>
				<total>0</total>
				<timestamp>6105.568830</timestamp>
			</report>
			<report>
				<misses>866500000</misses>
				<total>0</total>
				<timestamp>6106.255082</timestamp>
			</report>
			<report>
				<misses>866600000</misses>
				<total>0</total>
				<timestamp>6106.935482</timestamp>
			</report>
			<report>
				<misses>866700000</misses>
				<total>0</total>
				<timestamp>6107.610033</timestamp>
			</report>
			<report>
				<misses>866800000</misses>
				<total>0</total>
				<timestamp>6108.299798</timestamp>
			</report>
			<report>
				<misses>866900000</misses>
				<total>0</total>
				<timestamp>6108.993389</timestamp>
			</report>
			<report>
				<misses>867000000</misses>
				<total>0</total>
				<timestamp>6109.680564</timestamp>
			</report>
			<report>
				<misses>867100000</misses>
				<total>0</total>
				<timestamp>6110.374730</timestamp>
			</report>
			<report>
				<misses>867200000</misses>
				<total>0</total>
				<timestamp>6111.059840</timestamp>
			</report>
			<report>
				<misses>867300000</misses>
				<total>0</total>
				<timestamp>6111.770280</timestamp>
			</report>
			<report>
				<misses>867400000</misses>
				<total>0</total>
				<timestamp>6112.501380</timestamp>
			</report>
			<report>
				<misses>867500000</misses>
				<total>0</total>
				<timestamp>6113.212111</timestamp>
			</report>
			<report>
				<misses>867600000</misses>
				<total>0</total>
				<timestamp>6113.922312</timestamp>
			</report>
			<report>
				<misses>867700000</misses>
				<total>0</total>
				<timestamp>6114.675977</timestamp>
			</report>
			<report>
				<misses>867800000</misses>
				<total>0</total>
				<timestamp>6115.413709</timestamp>
			</report>
			<report>
				<misses>867900000</misses>
				<total>0</total>
				<timestamp>6116.143840</timestamp>
			</report>
			<report>
				<misses>868000000</misses>
				<total>0</total>
				<timestamp>6116.874897</timestamp>
			</report>
			<report>
				<misses>868100000</misses>
				<total>0</total>
				<timestamp>6117.579534</timestamp>
			</report>
			<report>
				<misses>868200000</misses>
				<total>0</total>
				<timestamp>6118.278213</timestamp>
			</report>
			<report>
				<misses>868300000</misses>
				<total>0</total>
				<timestamp>6118.982466</timestamp>
			</report>
			<report>
				<misses>868400000</misses>
				<total>0</total>
				<timestamp>6119.692434</timestamp>
			</report>
			<report>
				<misses>868500000</misses>
				<total>0</total>
				<timestamp>6120.403271</timestamp>
			</report>
			<report>
				<misses>868600000</misses>
				<total>0</total>
				<timestamp>6121.124771</timestamp>
			</report>
			<report>
				<misses>868700000</misses>
				<total>0</total>
				<timestamp>6121.856769</timestamp>
			</report>
			<report>
				<misses>868800000</misses>
				<total>0</total>
				<timestamp>6122.547007</timestamp>
			</report>
			<report>
				<misses>868900000</misses>
				<total>0</total>
				<timestamp>6123.257035</timestamp>
			</report>
			<report>
				<misses>869000000</misses>
				<total>0</total>
				<timestamp>6123.984367</timestamp>
			</report>
			<report>
				<misses>869100000</misses>
				<total>0</total>
				<timestamp>6124.682000</timestamp>
			</report>
			<report>
				<misses>869200000</misses>
				<total>0</total>
				<timestamp>6125.403612</timestamp>
			</report>
			<report>
				<misses>869300000</misses>
				<total>0</total>
				<timestamp>6126.093095</timestamp>
			</report>
			<report>
				<misses>869400000</misses>
				<total>0</total>
				<timestamp>6126.798926</timestamp>
			</report>
			<report>
				<misses>869500000</misses>
				<total>0</total>
				<timestamp>6127.480333</timestamp>
			</report>
			<report>
				<misses>869600000</misses>
				<total>0</total>
				<timestamp>6128.170842</timestamp>
			</report>
			<report>
				<misses>869700000</misses>
				<total>0</total>
				<timestamp>6128.855384</timestamp>
			</report>
			<report>
				<misses>869800000</misses>
				<total>0</total>
				<timestamp>6129.545199</timestamp>
			</report>
			<report>
				<misses>869900000</misses>
				<total>0</total>
				<timestamp>6130.245435</timestamp>
			</report>
			<report>
				<misses>870000000</misses>
				<total>0</total>
				<timestamp>6130.937775</timestamp>
			</report>
			<report>
				<misses>870100000</misses>
				<total>0</total>
				<timestamp>6131.615903</timestamp>
			</report>
			<report>
				<misses>870200000</misses>
				<total>0</total>
				<timestamp>6132.309987</timestamp>
			</report>
			<report>
				<misses>870300000</misses>
				<total>0</total>
				<timestamp>6133.019633</timestamp>
			</report>
			<report>
				<misses>870400000</misses>
				<total>0</total>
				<timestamp>6133.758824</timestamp>
			</report>
			<report>
				<misses>870500000</misses>
				<total>0</total>
				<timestamp>6134.471853</timestamp>
			</report>
			<report>
				<misses>870600000</misses>
				<total>0</total>
				<timestamp>6135.187867</timestamp>
			</report>
			<report>
				<misses>870700000</misses>
				<total>0</total>
				<timestamp>6135.895585</timestamp>
			</report>
			<report>
				<misses>870800000</misses>
				<total>0</total>
				<timestamp>6136.613160</timestamp>
			</report>
			<report>
				<misses>870900000</misses>
				<total>0</total>
				<timestamp>6137.342575</timestamp>
			</report>
			<report>
				<misses>871000000</misses>
				<total>0</total>
				<timestamp>6138.067513</timestamp>
			</report>
			<report>
				<misses>871100000</misses>
				<total>0</total>
				<timestamp>6138.804576</timestamp>
			</report>
			<report>
				<misses>871200000</misses>
				<total>0</total>
				<timestamp>6139.502727</timestamp>
			</report>
			<report>
				<misses>871300000</misses>
				<total>0</total>
				<timestamp>6140.197777</timestamp>
			</report>
			<report>
				<misses>871400000</misses>
				<total>0</total>
				<timestamp>6140.901109</timestamp>
			</report>
			<report>
				<misses>871500000</misses>
				<total>0</total>
				<timestamp>6141.665482</timestamp>
			</report>
			<report>
				<misses>871600000</misses>
				<total>0</total>
				<timestamp>6142.409428</timestamp>
			</report>
			<report>
				<misses>871700000</misses>
				<total>0</total>
				<timestamp>6143.147195</timestamp>
			</report>
			<report>
				<misses>871800000</misses>
				<total>0</total>
				<timestamp>6143.865631</timestamp>
			</report>
			<report>
				<misses>871900000</misses>
				<total>0</total>
				<timestamp>6144.595956</timestamp>
			</report>
			<report>
				<misses>872000000</misses>
				<total>0</total>
				<timestamp>6145.324586</timestamp>
			</report>
			<report>
				<misses>872100000</misses>
				<total>0</total>
				<timestamp>6146.015303</timestamp>
			</report>
			<report>
				<misses>872200000</misses>
				<total>0</total>
				<timestamp>6146.733405</timestamp>
			</report>
			<report>
				<misses>872300000</misses>
				<total>0</total>
				<timestamp>6147.442928</timestamp>
			</report>
			<report>
				<misses>872400000</misses>
				<total>0</total>
				<timestamp>6148.181163</timestamp>
			</report>
			<report>
				<misses>872500000</misses>
				<total>0</total>
				<timestamp>6148.899272</timestamp>
			</report>
			<report>
				<misses>872600000</misses>
				<total>0</total>
				<timestamp>6149.602187</timestamp>
			</report>
			<report>
				<misses>872700000</misses>
				<total>0</total>
				<timestamp>6150.314865</timestamp>
			</report>
			<report>
				<misses>872800000</misses>
				<total>0</total>
				<timestamp>6151.018222</timestamp>
			</report>
			<report>
				<misses>872900000</misses>
				<total>0</total>
				<timestamp>6151.735086</timestamp>
			</report>
			<report>
				<misses>873000000</misses>
				<total>0</total>
				<timestamp>6152.425676</timestamp>
			</report>
			<report>
				<misses>873100000</misses>
				<total>0</total>
				<timestamp>6153.108378</timestamp>
			</report>
			<report>
				<misses>873200000</misses>
				<total>0</total>
				<timestamp>6153.800495</timestamp>
			</report>
			<report>
				<misses>873300000</misses>
				<total>0</total>
				<timestamp>6154.489671</timestamp>
			</report>
			<report>
				<misses>873400000</misses>
				<total>0</total>
				<timestamp>6155.177113</timestamp>
			</report>
			<report>
				<misses>873500000</misses>
				<total>0</total>
				<timestamp>6155.853116</timestamp>
			</report>
			<report>
				<misses>873600000</misses>
				<total>0</total>
				<timestamp>6156.529544</timestamp>
			</report>
			<report>
				<misses>873700000</misses>
				<total>0</total>
				<timestamp>6157.207434</timestamp>
			</report>
			<report>
				<misses>873800000</misses>
				<total>0</total>
				<timestamp>6157.901728</timestamp>
			</report>
			<report>
				<misses>873900000</misses>
				<total>0</total>
				<timestamp>6158.660916</timestamp>
			</report>
			<report>
				<misses>874000000</misses>
				<total>0</total>
				<timestamp>6159.382191</timestamp>
			</report>
			<report>
				<misses>874100000</misses>
				<total>0</total>
				<timestamp>6160.109072</timestamp>
			</report>
			<report>
				<misses>874200000</misses>
				<total>0</total>
				<timestamp>6160.812254</timestamp>
			</report>
			<report>
				<misses>874300000</misses>
				<total>0</total>
				<timestamp>6161.526438</timestamp>
			</report>
			<report>
				<misses>874400000</misses>
				<total>0</total>
				<timestamp>6162.257418</timestamp>
			</report>
			<report>
				<misses>874500000</misses>
				<total>0</total>
				<timestamp>6162.954838</timestamp>
			</report>
			<report>
				<misses>874600000</misses>
				<total>0</total>
				<timestamp>6163.686642</timestamp>
			</report>
			<report>
				<misses>874700000</misses>
				<total>0</total>
				<timestamp>6164.419377</timestamp>
			</report>
			<report>
				<misses>874800000</misses>
				<total>0</total>
				<timestamp>6165.148086</timestamp>
			</report>
			<report>
				<misses>874900000</misses>
				<total>0</total>
				<timestamp>6165.854130</timestamp>
			</report>
			<report>
				<misses>875000000</misses>
				<total>0</total>
				<timestamp>6166.581772</timestamp>
			</report>
			<report>
				<misses>875100000</misses>
				<total>0</total>
				<timestamp>6167.309918</timestamp>
			</report>
			<report>
				<misses>875200000</misses>
				<total>0</total>
				<timestamp>6168.025546</timestamp>
			</report>
			<report>
				<misses>875300000</misses>
				<total>0</total>
				<timestamp>6168.704345</timestamp>
			</report>
			<report>
				<misses>875400000</misses>
				<total>0</total>
				<timestamp>6169.388887</timestamp>
			</report>
			<report>
				<misses>875500000</misses>
				<total>0</total>
				<timestamp>6170.080535</timestamp>
			</report>
			<report>
				<misses>875600000</misses>
				<total>0</total>
				<timestamp>6170.763081</timestamp>
			</report>
			<report>
				<misses>875700000</misses>
				<total>0</total>
				<timestamp>6171.462031</timestamp>
			</report>
			<report>
				<misses>875800000</misses>
				<total>0</total>
				<timestamp>6172.140829</timestamp>
			</report>
			<report>
				<misses>875900000</misses>
				<total>0</total>
				<timestamp>6172.833100</timestamp>
			</report>
			<report>
				<misses>876000000</misses>
				<total>0</total>
				<timestamp>6173.520996</timestamp>
			</report>
			<report>
				<misses>876100000</misses>
				<total>0</total>
				<timestamp>6174.207774</timestamp>
			</report>
			<report>
				<misses>876200000</misses>
				<total>0</total>
				<timestamp>6174.914343</timestamp>
			</report>
			<report>
				<misses>876300000</misses>
				<total>0</total>
				<timestamp>6175.637018</timestamp>
			</report>
			<report>
				<misses>876400000</misses>
				<total>0</total>
				<timestamp>6176.349150</timestamp>
			</report>
			<report>
				<misses>876500000</misses>
				<total>0</total>
				<timestamp>6177.066353</timestamp>
			</report>
			<report>
				<misses>876600000</misses>
				<total>0</total>
				<timestamp>6177.785877</timestamp>
			</report>
			<report>
				<misses>876700000</misses>
				<total>0</total>
				<timestamp>6178.489856</timestamp>
			</report>
			<report>
				<misses>876800000</misses>
				<total>0</total>
				<timestamp>6179.213355</timestamp>
			</report>
			<report>
				<misses>876900000</misses>
				<total>0</total>
				<timestamp>6179.929410</timestamp>
			</report>
			<report>
				<misses>877000000</misses>
				<total>0</total>
				<timestamp>6180.638334</timestamp>
			</report>
			<report>
				<misses>877100000</misses>
				<total>0</total>
				<timestamp>6181.356349</timestamp>
			</report>
			<report>
				<misses>877200000</misses>
				<total>0</total>
				<timestamp>6182.055511</timestamp>
			</report>
			<report>
				<misses>877300000</misses>
				<total>0</total>
				<timestamp>6182.765709</timestamp>
			</report>
			<report>
				<misses>877400000</misses>
				<total>0</total>
				<timestamp>6183.469405</timestamp>
			</report>
			<report>
				<misses>877500000</misses>
				<total>0</total>
				<timestamp>6184.191925</timestamp>
			</report>
			<report>
				<misses>877600000</misses>
				<total>0</total>
				<timestamp>6184.889635</timestamp>
			</report>
			<report>
				<misses>877700000</misses>
				<total>0</total>
				<timestamp>6185.592705</timestamp>
			</report>
			<report>
				<misses>877800000</misses>
				<total>0</total>
				<timestamp>6186.321035</timestamp>
			</report>
			<report>
				<misses>877900000</misses>
				<total>0</total>
				<timestamp>6187.022118</timestamp>
			</report>
			<report>
				<misses>878000000</misses>
				<total>0</total>
				<timestamp>6187.725563</timestamp>
			</report>
			<report>
				<misses>878100000</misses>
				<total>0</total>
				<timestamp>6188.402945</timestamp>
			</report>
			<report>
				<misses>878200000</misses>
				<total>0</total>
				<timestamp>6189.080801</timestamp>
			</report>
			<report>
				<misses>878300000</misses>
				<total>0</total>
				<timestamp>6189.772046</timestamp>
			</report>
			<report>
				<misses>878400000</misses>
				<total>0</total>
				<timestamp>6190.456600</timestamp>
			</report>
			<report>
				<misses>878500000</misses>
				<total>0</total>
				<timestamp>6191.139464</timestamp>
			</report>
			<report>
				<misses>878600000</misses>
				<total>0</total>
				<timestamp>6191.831130</timestamp>
			</report>
			<report>
				<misses>878700000</misses>
				<total>0</total>
				<timestamp>6192.536420</timestamp>
			</report>
			<report>
				<misses>878800000</misses>
				<total>0</total>
				<timestamp>6193.224448</timestamp>
			</report>
			<report>
				<misses>878900000</misses>
				<total>0</total>
				<timestamp>6193.937470</timestamp>
			</report>
			<report>
				<misses>879000000</misses>
				<total>0</total>
				<timestamp>6194.636103</timestamp>
			</report>
			<report>
				<misses>879100000</misses>
				<total>0</total>
				<timestamp>6195.316305</timestamp>
			</report>
			<report>
				<misses>879200000</misses>
				<total>0</total>
				<timestamp>6196.034434</timestamp>
			</report>
			<report>
				<misses>879300000</misses>
				<total>0</total>
				<timestamp>6196.726166</timestamp>
			</report>
			<report>
				<misses>879400000</misses>
				<total>0</total>
				<timestamp>6197.424835</timestamp>
			</report>
			<report>
				<misses>879500000</misses>
				<total>0</total>
				<timestamp>6198.116098</timestamp>
			</report>
			<report>
				<misses>879600000</misses>
				<total>0</total>
				<timestamp>6198.828633</timestamp>
			</report>
			<report>
				<misses>879700000</misses>
				<total>0</total>
				<timestamp>6199.563173</timestamp>
			</report>
			<report>
				<misses>879800000</misses>
				<total>0</total>
				<timestamp>6200.256224</timestamp>
			</report>
			<report>
				<misses>879900000</misses>
				<total>0</total>
				<timestamp>6200.993224</timestamp>
			</report>
			<report>
				<misses>880000000</misses>
				<total>0</total>
				<timestamp>6201.702521</timestamp>
			</report>
			<report>
				<misses>880100000</misses>
				<total>0</total>
				<timestamp>6202.420435</timestamp>
			</report>
			<report>
				<misses>880200000</misses>
				<total>0</total>
				<timestamp>6203.176343</timestamp>
			</report>
			<report>
				<misses>880300000</misses>
				<total>0</total>
				<timestamp>6203.914319</timestamp>
			</report>
			<report>
				<misses>880400000</misses>
				<total>0</total>
				<timestamp>6204.643349</timestamp>
			</report>
			<report>
				<misses>880500000</misses>
				<total>0</total>
				<timestamp>6205.371388</timestamp>
			</report>
			<report>
				<misses>880600000</misses>
				<total>0</total>
				<timestamp>6206.072217</timestamp>
			</report>
			<report>
				<misses>880700000</misses>
				<total>0</total>
				<timestamp>6206.801017</timestamp>
			</report>
			<report>
				<misses>880800000</misses>
				<total>0</total>
				<timestamp>6207.523676</timestamp>
			</report>
			<report>
				<misses>880900000</misses>
				<total>0</total>
				<timestamp>6208.236574</timestamp>
			</report>
			<report>
				<misses>881000000</misses>
				<total>0</total>
				<timestamp>6208.928103</timestamp>
			</report>
			<report>
				<misses>881100000</misses>
				<total>0</total>
				<timestamp>6209.647327</timestamp>
			</report>
			<report>
				<misses>881200000</misses>
				<total>0</total>
				<timestamp>6210.380290</timestamp>
			</report>
			<report>
				<misses>881300000</misses>
				<total>0</total>
				<timestamp>6211.106917</timestamp>
			</report>
			<report>
				<misses>881400000</misses>
				<total>0</total>
				<timestamp>6211.841541</timestamp>
			</report>
			<report>
				<misses>881500000</misses>
				<total>0</total>
				<timestamp>6212.584262</timestamp>
			</report>
			<report>
				<misses>881600000</misses>
				<total>0</total>
				<timestamp>6213.281424</timestamp>
			</report>
			<report>
				<misses>881700000</misses>
				<total>0</total>
				<timestamp>6213.995358</timestamp>
			</report>
			<report>
				<misses>881800000</misses>
				<total>0</total>
				<timestamp>6214.716213</timestamp>
			</report>
			<report>
				<misses>881900000</misses>
				<total>0</total>
				<timestamp>6215.461979</timestamp>
			</report>
			<report>
				<misses>882000000</misses>
				<total>0</total>
				<timestamp>6216.180284</timestamp>
			</report>
			<report>
				<misses>882100000</misses>
				<total>0</total>
				<timestamp>6216.893241</timestamp>
			</report>
			<report>
				<misses>882200000</misses>
				<total>0</total>
				<timestamp>6217.606277</timestamp>
			</report>
			<report>
				<misses>882300000</misses>
				<total>0</total>
				<timestamp>6218.313561</timestamp>
			</report>
			<report>
				<misses>882400000</misses>
				<total>0</total>
				<timestamp>6219.051771</timestamp>
			</report>
			<report>
				<misses>882500000</misses>
				<total>0</total>
				<timestamp>6219.792819</timestamp>
			</report>
			<report>
				<misses>882600000</misses>
				<total>0</total>
				<timestamp>6220.522803</timestamp>
			</report>
			<report>
				<misses>882700000</misses>
				<total>0</total>
				<timestamp>6221.251306</timestamp>
			</report>
			<report>
				<misses>882800000</misses>
				<total>0</total>
				<timestamp>6221.973646</timestamp>
			</report>
			<report>
				<misses>882900000</misses>
				<total>0</total>
				<timestamp>6222.691637</timestamp>
			</report>
			<report>
				<misses>883000000</misses>
				<total>0</total>
				<timestamp>6223.415681</timestamp>
			</report>
			<report>
				<misses>883100000</misses>
				<total>0</total>
				<timestamp>6224.137601</timestamp>
			</report>
			<report>
				<misses>883200000</misses>
				<total>0</total>
				<timestamp>6224.856571</timestamp>
			</report>
			<report>
				<misses>883300000</misses>
				<total>0</total>
				<timestamp>6225.576924</timestamp>
			</report>
			<report>
				<misses>883400000</misses>
				<total>0</total>
				<timestamp>6226.293892</timestamp>
			</report>
			<report>
				<misses>883500000</misses>
				<total>0</total>
				<timestamp>6227.020569</timestamp>
			</report>
			<report>
				<misses>883600000</misses>
				<total>0</total>
				<timestamp>6227.775207</timestamp>
			</report>
			<report>
				<misses>883700000</misses>
				<total>0</total>
				<timestamp>6228.482641</timestamp>
			</report>
			<report>
				<misses>883800000</misses>
				<total>0</total>
				<timestamp>6229.196891</timestamp>
			</report>
			<report>
				<misses>883900000</misses>
				<total>0</total>
				<timestamp>6229.883596</timestamp>
			</report>
			<report>
				<misses>884000000</misses>
				<total>0</total>
				<timestamp>6230.568679</timestamp>
			</report>
			<report>
				<misses>884100000</misses>
				<total>0</total>
				<timestamp>6231.269431</timestamp>
			</report>
			<report>
				<misses>884200000</misses>
				<total>0</total>
				<timestamp>6231.957926</timestamp>
			</report>
			<report>
				<misses>884300000</misses>
				<total>0</total>
				<timestamp>6232.636579</timestamp>
			</report>
			<report>
				<misses>884400000</misses>
				<total>0</total>
				<timestamp>6233.359778</timestamp>
			</report>
			<report>
				<misses>884500000</misses>
				<total>0</total>
				<timestamp>6234.044441</timestamp>
			</report>
			<report>
				<misses>884600000</misses>
				<total>0</total>
				<timestamp>6234.726538</timestamp>
			</report>
			<report>
				<misses>884700000</misses>
				<total>0</total>
				<timestamp>6235.403543</timestamp>
			</report>
			<report>
				<misses>884800000</misses>
				<total>0</total>
				<timestamp>6236.085533</timestamp>
			</report>
			<report>
				<misses>884900000</misses>
				<total>0</total>
				<timestamp>6236.791766</timestamp>
			</report>
			<report>
				<misses>885000000</misses>
				<total>0</total>
				<timestamp>6237.518088</timestamp>
			</report>
			<report>
				<misses>885100000</misses>
				<total>0</total>
				<timestamp>6238.250851</timestamp>
			</report>
			<report>
				<misses>885200000</misses>
				<total>0</total>
				<timestamp>6238.968387</timestamp>
			</report>
			<report>
				<misses>885300000</misses>
				<total>0</total>
				<timestamp>6239.684601</timestamp>
			</report>
			<report>
				<misses>885400000</misses>
				<total>0</total>
				<timestamp>6240.410976</timestamp>
			</report>
			<report>
				<misses>885500000</misses>
				<total>0</total>
				<timestamp>6241.151940</timestamp>
			</report>
			<report>
				<misses>885600000</misses>
				<total>0</total>
				<timestamp>6241.878351</timestamp>
			</report>
			<report>
				<misses>885700000</misses>
				<total>0</total>
				<timestamp>6242.612884</timestamp>
			</report>
			<report>
				<misses>885800000</misses>
				<total>0</total>
				<timestamp>6243.348918</timestamp>
			</report>
			<report>
				<misses>885900000</misses>
				<total>0</total>
				<timestamp>6244.063702</timestamp>
			</report>
			<report>
				<misses>886000000</misses>
				<total>0</total>
				<timestamp>6244.787317</timestamp>
			</report>
			<report>
				<misses>886100000</misses>
				<total>0</total>
				<timestamp>6245.480023</timestamp>
			</report>
			<report>
				<misses>886200000</misses>
				<total>0</total>
				<timestamp>6246.188781</timestamp>
			</report>
			<report>
				<misses>886300000</misses>
				<total>0</total>
				<timestamp>6246.912595</timestamp>
			</report>
			<report>
				<misses>886400000</misses>
				<total>0</total>
				<timestamp>6247.642433</timestamp>
			</report>
			<report>
				<misses>886500000</misses>
				<total>0</total>
				<timestamp>6248.329288</timestamp>
			</report>
			<report>
				<misses>886600000</misses>
				<total>0</total>
				<timestamp>6249.040624</timestamp>
			</report>
			<report>
				<misses>886700000</misses>
				<total>0</total>
				<timestamp>6249.748572</timestamp>
			</report>
			<report>
				<misses>886800000</misses>
				<total>0</total>
				<timestamp>6250.467125</timestamp>
			</report>
			<report>
				<misses>886900000</misses>
				<total>0</total>
				<timestamp>6251.166589</timestamp>
			</report>
			<report>
				<misses>887000000</misses>
				<total>0</total>
				<timestamp>6251.899601</timestamp>
			</report>
			<report>
				<misses>887100000</misses>
				<total>0</total>
				<timestamp>6252.589485</timestamp>
			</report>
			<report>
				<misses>887200000</misses>
				<total>0</total>
				<timestamp>6253.262341</timestamp>
			</report>
			<report>
				<misses>887300000</misses>
				<total>0</total>
				<timestamp>6253.945990</timestamp>
			</report>
			<report>
				<misses>887400000</misses>
				<total>0</total>
				<timestamp>6254.630237</timestamp>
			</report>
			<report>
				<misses>887500000</misses>
				<total>0</total>
				<timestamp>6255.331242</timestamp>
			</report>
			<report>
				<misses>887600000</misses>
				<total>0</total>
				<timestamp>6256.023080</timestamp>
			</report>
			<report>
				<misses>887700000</misses>
				<total>0</total>
				<timestamp>6256.708116</timestamp>
			</report>
			<report>
				<misses>887800000</misses>
				<total>0</total>
				<timestamp>6257.387445</timestamp>
			</report>
			<report>
				<misses>887900000</misses>
				<total>0</total>
				<timestamp>6258.077331</timestamp>
			</report>
			<report>
				<misses>888000000</misses>
				<total>0</total>
				<timestamp>6258.769292</timestamp>
			</report>
			<report>
				<misses>888100000</misses>
				<total>0</total>
				<timestamp>6259.475998</timestamp>
			</report>
			<report>
				<misses>888200000</misses>
				<total>0</total>
				<timestamp>6260.188456</timestamp>
			</report>
			<report>
				<misses>888300000</misses>
				<total>0</total>
				<timestamp>6260.917768</timestamp>
			</report>
			<report>
				<misses>888400000</misses>
				<total>0</total>
				<timestamp>6261.650352</timestamp>
			</report>
			<report>
				<misses>888500000</misses>
				<total>0</total>
				<timestamp>6262.374151</timestamp>
			</report>
			<report>
				<misses>888600000</misses>
				<total>0</total>
				<timestamp>6263.083525</timestamp>
			</report>
			<report>
				<misses>888700000</misses>
				<total>0</total>
				<timestamp>6263.827522</timestamp>
			</report>
			<report>
				<misses>888800000</misses>
				<total>0</total>
				<timestamp>6264.537630</timestamp>
			</report>
			<report>
				<misses>888900000</misses>
				<total>0</total>
				<timestamp>6265.271774</timestamp>
			</report>
			<report>
				<misses>889000000</misses>
				<total>0</total>
				<timestamp>6266.022175</timestamp>
			</report>
			<report>
				<misses>889100000</misses>
				<total>0</total>
				<timestamp>6266.752306</timestamp>
			</report>
			<report>
				<misses>889200000</misses>
				<total>0</total>
				<timestamp>6267.457076</timestamp>
			</report>
			<report>
				<misses>889300000</misses>
				<total>0</total>
				<timestamp>6268.182138</timestamp>
			</report>
			<report>
				<misses>889400000</misses>
				<total>0</total>
				<timestamp>6268.940577</timestamp>
			</report>
			<report>
				<misses>889500000</misses>
				<total>0</total>
				<timestamp>6269.662435</timestamp>
			</report>
			<report>
				<misses>889600000</misses>
				<total>0</total>
				<timestamp>6270.385220</timestamp>
			</report>
			<report>
				<misses>889700000</misses>
				<total>0</total>
				<timestamp>6271.086170</timestamp>
			</report>
			<report>
				<misses>889800000</misses>
				<total>0</total>
				<timestamp>6271.794809</timestamp>
			</report>
			<report>
				<misses>889900000</misses>
				<total>0</total>
				<timestamp>6272.499844</timestamp>
			</report>
			<report>
				<misses>890000000</misses>
				<total>0</total>
				<timestamp>6273.220002</timestamp>
			</report>
			<report>
				<misses>890100000</misses>
				<total>0</total>
				<timestamp>6273.922892</timestamp>
			</report>
			<report>
				<misses>890200000</misses>
				<total>0</total>
				<timestamp>6274.623251</timestamp>
			</report>
			<report>
				<misses>890300000</misses>
				<total>0</total>
				<timestamp>6275.318908</timestamp>
			</report>
			<report>
				<misses>890400000</misses>
				<total>0</total>
				<timestamp>6276.065620</timestamp>
			</report>
			<report>
				<misses>890500000</misses>
				<total>0</total>
				<timestamp>6276.785303</timestamp>
			</report>
			<report>
				<misses>890600000</misses>
				<total>0</total>
				<timestamp>6277.465902</timestamp>
			</report>
			<report>
				<misses>890700000</misses>
				<total>0</total>
				<timestamp>6278.146158</timestamp>
			</report>
			<report>
				<misses>890800000</misses>
				<total>0</total>
				<timestamp>6278.841493</timestamp>
			</report>
			<report>
				<misses>890900000</misses>
				<total>0</total>
				<timestamp>6279.554228</timestamp>
			</report>
			<report>
				<misses>891000000</misses>
				<total>0</total>
				<timestamp>6280.254142</timestamp>
			</report>
			<report>
				<misses>891100000</misses>
				<total>0</total>
				<timestamp>6280.952567</timestamp>
			</report>
			<report>
				<misses>891200000</misses>
				<total>0</total>
				<timestamp>6281.626862</timestamp>
			</report>
			<report>
				<misses>891300000</misses>
				<total>0</total>
				<timestamp>6282.313057</timestamp>
			</report>
			<report>
				<misses>891400000</misses>
				<total>0</total>
				<timestamp>6283.000810</timestamp>
			</report>
			<report>
				<misses>891500000</misses>
				<total>0</total>
				<timestamp>6283.684717</timestamp>
			</report>
			<report>
				<misses>891600000</misses>
				<total>0</total>
				<timestamp>6284.395085</timestamp>
			</report>
			<report>
				<misses>891700000</misses>
				<total>0</total>
				<timestamp>6285.098504</timestamp>
			</report>
			<report>
				<misses>891800000</misses>
				<total>0</total>
				<timestamp>6285.794995</timestamp>
			</report>
			<report>
				<misses>891900000</misses>
				<total>0</total>
				<timestamp>6286.500377</timestamp>
			</report>
			<report>
				<misses>892000000</misses>
				<total>0</total>
				<timestamp>6287.211535</timestamp>
			</report>
			<report>
				<misses>892100000</misses>
				<total>0</total>
				<timestamp>6287.923249</timestamp>
			</report>
			<report>
				<misses>892200000</misses>
				<total>0</total>
				<timestamp>6288.640100</timestamp>
			</report>
			<report>
				<misses>892300000</misses>
				<total>0</total>
				<timestamp>6289.345985</timestamp>
			</report>
			<report>
				<misses>892400000</misses>
				<total>0</total>
				<timestamp>6290.046698</timestamp>
			</report>
			<report>
				<misses>892500000</misses>
				<total>0</total>
				<timestamp>6290.759812</timestamp>
			</report>
			<report>
				<misses>892600000</misses>
				<total>0</total>
				<timestamp>6291.523562</timestamp>
			</report>
			<report>
				<misses>892700000</misses>
				<total>0</total>
				<timestamp>6292.263392</timestamp>
			</report>
			<report>
				<misses>892800000</misses>
				<total>0</total>
				<timestamp>6292.971930</timestamp>
			</report>
			<report>
				<misses>892900000</misses>
				<total>0</total>
				<timestamp>6293.720590</timestamp>
			</report>
			<report>
				<misses>893000000</misses>
				<total>0</total>
				<timestamp>6294.449001</timestamp>
			</report>
			<report>
				<misses>893100000</misses>
				<total>0</total>
				<timestamp>6295.163338</timestamp>
			</report>
			<report>
				<misses>893200000</misses>
				<total>0</total>
				<timestamp>6295.875679</timestamp>
			</report>
			<report>
				<misses>893300000</misses>
				<total>0</total>
				<timestamp>6296.594840</timestamp>
			</report>
			<report>
				<misses>893400000</misses>
				<total>0</total>
				<timestamp>6297.313889</timestamp>
			</report>
			<report>
				<misses>893500000</misses>
				<total>0</total>
				<timestamp>6298.045647</timestamp>
			</report>
			<report>
				<misses>893600000</misses>
				<total>0</total>
				<timestamp>6298.776215</timestamp>
			</report>
			<report>
				<misses>893700000</misses>
				<total>0</total>
				<timestamp>6299.462878</timestamp>
			</report>
			<report>
				<misses>893800000</misses>
				<total>0</total>
				<timestamp>6300.180104</timestamp>
			</report>
			<report>
				<misses>893900000</misses>
				<total>0</total>
				<timestamp>6300.855702</timestamp>
			</report>
			<report>
				<misses>894000000</misses>
				<total>0</total>
				<timestamp>6301.534392</timestamp>
			</report>
			<report>
				<misses>894100000</misses>
				<total>0</total>
				<timestamp>6302.233361</timestamp>
			</report>
			<report>
				<misses>894200000</misses>
				<total>0</total>
				<timestamp>6302.920768</timestamp>
			</report>
			<report>
				<misses>894300000</misses>
				<total>0</total>
				<timestamp>6303.602271</timestamp>
			</report>
			<report>
				<misses>894400000</misses>
				<total>0</total>
				<timestamp>6304.295350</timestamp>
			</report>
			<report>
				<misses>894500000</misses>
				<total>0</total>
				<timestamp>6304.992098</timestamp>
			</report>
			<report>
				<misses>894600000</misses>
				<total>0</total>
				<timestamp>6305.674191</timestamp>
			</report>
			<report>
				<misses>894700000</misses>
				<total>0</total>
				<timestamp>6306.357090</timestamp>
			</report>
			<report>
				<misses>894800000</misses>
				<total>0</total>
				<timestamp>6307.087441</timestamp>
			</report>
			<report>
				<misses>894900000</misses>
				<total>0</total>
				<timestamp>6307.813413</timestamp>
			</report>
			<report>
				<misses>895000000</misses>
				<total>0</total>
				<timestamp>6308.521034</timestamp>
			</report>
			<report>
				<misses>895100000</misses>
				<total>0</total>
				<timestamp>6309.232969</timestamp>
			</report>
			<report>
				<misses>895200000</misses>
				<total>0</total>
				<timestamp>6309.926544</timestamp>
			</report>
			<report>
				<misses>895300000</misses>
				<total>0</total>
				<timestamp>6310.641287</timestamp>
			</report>
			<report>
				<misses>895400000</misses>
				<total>0</total>
				<timestamp>6311.356134</timestamp>
			</report>
			<report>
				<misses>895500000</misses>
				<total>0</total>
				<timestamp>6312.051155</timestamp>
			</report>
			<report>
				<misses>895600000</misses>
				<total>0</total>
				<timestamp>6312.758030</timestamp>
			</report>
			<report>
				<misses>895700000</misses>
				<total>0</total>
				<timestamp>6313.466748</timestamp>
			</report>
			<report>
				<misses>895800000</misses>
				<total>0</total>
				<timestamp>6314.173727</timestamp>
			</report>
			<report>
				<misses>895900000</misses>
				<total>0</total>
				<timestamp>6314.890773</timestamp>
			</report>
			<report>
				<misses>896000000</misses>
				<total>0</total>
				<timestamp>6315.602839</timestamp>
			</report>
			<report>
				<misses>896100000</misses>
				<total>0</total>
				<timestamp>6316.323987</timestamp>
			</report>
			<report>
				<misses>896200000</misses>
				<total>0</total>
				<timestamp>6317.007605</timestamp>
			</report>
			<report>
				<misses>896300000</misses>
				<total>0</total>
				<timestamp>6317.689368</timestamp>
			</report>
			<report>
				<misses>896400000</misses>
				<total>0</total>
				<timestamp>6318.383236</timestamp>
			</report>
			<report>
				<misses>896500000</misses>
				<total>0</total>
				<timestamp>6319.071541</timestamp>
			</report>
			<report>
				<misses>896600000</misses>
				<total>0</total>
				<timestamp>6319.752142</timestamp>
			</report>
			<report>
				<misses>896700000</misses>
				<total>0</total>
				<timestamp>6320.450771</timestamp>
			</report>
			<report>
				<misses>896800000</misses>
				<total>0</total>
				<timestamp>6321.129335</timestamp>
			</report>
			<report>
				<misses>896900000</misses>
				<total>0</total>
				<timestamp>6321.826837</timestamp>
			</report>
			<report>
				<misses>897000000</misses>
				<total>0</total>
				<timestamp>6322.546266</timestamp>
			</report>
			<report>
				<misses>897100000</misses>
				<total>0</total>
				<timestamp>6323.263581</timestamp>
			</report>
			<report>
				<misses>897200000</misses>
				<total>0</total>
				<timestamp>6323.990616</timestamp>
			</report>
			<report>
				<misses>897300000</misses>
				<total>0</total>
				<timestamp>6324.721662</timestamp>
			</report>
			<report>
				<misses>897400000</misses>
				<total>0</total>
				<timestamp>6325.466663</timestamp>
			</report>
			<report>
				<misses>897500000</misses>
				<total>0</total>
				<timestamp>6326.191096</timestamp>
			</report>
			<report>
				<misses>897600000</misses>
				<total>0</total>
				<timestamp>6326.936355</timestamp>
			</report>
			<report>
				<misses>897700000</misses>
				<total>0</total>
				<timestamp>6327.657909</timestamp>
			</report>
			<report>
				<misses>897800000</misses>
				<total>0</total>
				<timestamp>6328.374978</timestamp>
			</report>
			<report>
				<misses>897900000</misses>
				<total>0</total>
				<timestamp>6329.105600</timestamp>
			</report>
			<report>
				<misses>898000000</misses>
				<total>0</total>
				<timestamp>6329.837559</timestamp>
			</report>
			<report>
				<misses>898100000</misses>
				<total>0</total>
				<timestamp>6330.569450</timestamp>
			</report>
			<report>
				<misses>898200000</misses>
				<total>0</total>
				<timestamp>6331.283015</timestamp>
			</report>
			<report>
				<misses>898300000</misses>
				<total>0</total>
				<timestamp>6332.017130</timestamp>
			</report>
			<report>
				<misses>898400000</misses>
				<total>0</total>
				<timestamp>6332.741976</timestamp>
			</report>
			<report>
				<misses>898500000</misses>
				<total>0</total>
				<timestamp>6333.465032</timestamp>
			</report>
			<report>
				<misses>898600000</misses>
				<total>0</total>
				<timestamp>6334.182501</timestamp>
			</report>
			<report>
				<misses>898700000</misses>
				<total>0</total>
				<timestamp>6334.906794</timestamp>
			</report>
			<report>
				<misses>898800000</misses>
				<total>0</total>
				<timestamp>6335.628813</timestamp>
			</report>
			<report>
				<misses>898900000</misses>
				<total>0</total>
				<timestamp>6336.330652</timestamp>
			</report>
			<report>
				<misses>899000000</misses>
				<total>0</total>
				<timestamp>6337.064177</timestamp>
			</report>
			<report>
				<misses>899100000</misses>
				<total>0</total>
				<timestamp>6337.784321</timestamp>
			</report>
			<report>
				<misses>899200000</misses>
				<total>0</total>
				<timestamp>6338.479767</timestamp>
			</report>
			<report>
				<misses>899300000</misses>
				<total>0</total>
				<timestamp>6339.167722</timestamp>
			</report>
			<report>
				<misses>899400000</misses>
				<total>0</total>
				<timestamp>6339.867364</timestamp>
			</report>
			<report>
				<misses>899500000</misses>
				<total>0</total>
				<timestamp>6340.571206</timestamp>
			</report>
			<report>
				<misses>899600000</misses>
				<total>0</total>
				<timestamp>6341.252772</timestamp>
			</report>
			<report>
				<misses>899700000</misses>
				<total>0</total>
				<timestamp>6341.934017</timestamp>
			</report>
			<report>
				<misses>899800000</misses>
				<total>0</total>
				<timestamp>6342.627964</timestamp>
			</report>
			<report>
				<misses>899900000</misses>
				<total>0</total>
				<timestamp>6343.309569</timestamp>
			</report>
			<report>
				<misses>900000000</misses>
				<total>0</total>
				<timestamp>6343.991930</timestamp>
			</report>
			<report>
				<misses>900100000</misses>
				<total>0</total>
				<timestamp>6344.685637</timestamp>
			</report>
			<report>
				<misses>900200000</misses>
				<total>0</total>
				<timestamp>6345.384875</timestamp>
			</report>
			<report>
				<misses>900300000</misses>
				<total>0</total>
				<timestamp>6346.125221</timestamp>
			</report>
			<report>
				<misses>900400000</misses>
				<total>0</total>
				<timestamp>6346.833184</timestamp>
			</report>
			<report>
				<misses>900500000</misses>
				<total>0</total>
				<timestamp>6347.552850</timestamp>
			</report>
			<report>
				<misses>900600000</misses>
				<total>0</total>
				<timestamp>6348.258002</timestamp>
			</report>
			<report>
				<misses>900700000</misses>
				<total>0</total>
				<timestamp>6348.986753</timestamp>
			</report>
			<report>
				<misses>900800000</misses>
				<total>0</total>
				<timestamp>6349.746201</timestamp>
			</report>
			<report>
				<misses>900900000</misses>
				<total>0</total>
				<timestamp>6350.485953</timestamp>
			</report>
			<report>
				<misses>901000000</misses>
				<total>0</total>
				<timestamp>6351.236292</timestamp>
			</report>
			<report>
				<misses>901100000</misses>
				<total>0</total>
				<timestamp>6351.971870</timestamp>
			</report>
			<report>
				<misses>901200000</misses>
				<total>0</total>
				<timestamp>6352.680974</timestamp>
			</report>
			<report>
				<misses>901300000</misses>
				<total>0</total>
				<timestamp>6353.383476</timestamp>
			</report>
			<report>
				<misses>901400000</misses>
				<total>0</total>
				<timestamp>6354.089417</timestamp>
			</report>
			<report>
				<misses>901500000</misses>
				<total>0</total>
				<timestamp>6354.829682</timestamp>
			</report>
			<report>
				<misses>901600000</misses>
				<total>0</total>
				<timestamp>6355.590125</timestamp>
			</report>
			<report>
				<misses>901700000</misses>
				<total>0</total>
				<timestamp>6356.277507</timestamp>
			</report>
			<report>
				<misses>901800000</misses>
				<total>0</total>
				<timestamp>6356.980365</timestamp>
			</report>
			<report>
				<misses>901900000</misses>
				<total>0</total>
				<timestamp>6357.685235</timestamp>
			</report>
			<report>
				<misses>902000000</misses>
				<total>0</total>
				<timestamp>6358.400955</timestamp>
			</report>
			<report>
				<misses>902100000</misses>
				<total>0</total>
				<timestamp>6359.111257</timestamp>
			</report>
			<report>
				<misses>902200000</misses>
				<total>0</total>
				<timestamp>6359.799359</timestamp>
			</report>
			<report>
				<misses>902300000</misses>
				<total>0</total>
				<timestamp>6360.478322</timestamp>
			</report>
			<report>
				<misses>902400000</misses>
				<total>0</total>
				<timestamp>6361.154371</timestamp>
			</report>
			<report>
				<misses>902500000</misses>
				<total>0</total>
				<timestamp>6361.870191</timestamp>
			</report>
			<report>
				<misses>902600000</misses>
				<total>0</total>
				<timestamp>6362.556643</timestamp>
			</report>
			<report>
				<misses>902700000</misses>
				<total>0</total>
				<timestamp>6363.230617</timestamp>
			</report>
			<report>
				<misses>902800000</misses>
				<total>0</total>
				<timestamp>6363.911237</timestamp>
			</report>
			<report>
				<misses>902900000</misses>
				<total>0</total>
				<timestamp>6364.583721</timestamp>
			</report>
			<report>
				<misses>903000000</misses>
				<total>0</total>
				<timestamp>6365.261152</timestamp>
			</report>
			<report>
				<misses>903100000</misses>
				<total>0</total>
				<timestamp>6365.993562</timestamp>
			</report>
			<report>
				<misses>903200000</misses>
				<total>0</total>
				<timestamp>6366.698883</timestamp>
			</report>
			<report>
				<misses>903300000</misses>
				<total>0</total>
				<timestamp>6367.415606</timestamp>
			</report>
			<report>
				<misses>903400000</misses>
				<total>0</total>
				<timestamp>6368.117032</timestamp>
			</report>
			<report>
				<misses>903500000</misses>
				<total>0</total>
				<timestamp>6368.840257</timestamp>
			</report>
			<report>
				<misses>903600000</misses>
				<total>0</total>
				<timestamp>6369.532863</timestamp>
			</report>
			<report>
				<misses>903700000</misses>
				<total>0</total>
				<timestamp>6370.246317</timestamp>
			</report>
			<report>
				<misses>903800000</misses>
				<total>0</total>
				<timestamp>6370.958853</timestamp>
			</report>
			<report>
				<misses>903900000</misses>
				<total>0</total>
				<timestamp>6371.679107</timestamp>
			</report>
			<report>
				<misses>904000000</misses>
				<total>0</total>
				<timestamp>6372.428247</timestamp>
			</report>
			<report>
				<misses>904100000</misses>
				<total>0</total>
				<timestamp>6373.151303</timestamp>
			</report>
			<report>
				<misses>904200000</misses>
				<total>0</total>
				<timestamp>6373.858529</timestamp>
			</report>
			<report>
				<misses>904300000</misses>
				<total>0</total>
				<timestamp>6374.544777</timestamp>
			</report>
			<report>
				<misses>904400000</misses>
				<total>0</total>
				<timestamp>6375.279993</timestamp>
			</report>
			<report>
				<misses>904500000</misses>
				<total>0</total>
				<timestamp>6375.970685</timestamp>
			</report>
			<report>
				<misses>904600000</misses>
				<total>0</total>
				<timestamp>6376.649106</timestamp>
			</report>
			<report>
				<misses>904700000</misses>
				<total>0</total>
				<timestamp>6377.329828</timestamp>
			</report>
			<report>
				<misses>904800000</misses>
				<total>0</total>
				<timestamp>6378.014516</timestamp>
			</report>
			<report>
				<misses>904900000</misses>
				<total>0</total>
				<timestamp>6378.693163</timestamp>
			</report>
			<report>
				<misses>905000000</misses>
				<total>0</total>
				<timestamp>6379.373659</timestamp>
			</report>
			<report>
				<misses>905100000</misses>
				<total>0</total>
				<timestamp>6380.047905</timestamp>
			</report>
			<report>
				<misses>905200000</misses>
				<total>0</total>
				<timestamp>6380.732662</timestamp>
			</report>
			<report>
				<misses>905300000</misses>
				<total>0</total>
				<timestamp>6381.428917</timestamp>
			</report>
			<report>
				<misses>905400000</misses>
				<total>0</total>
				<timestamp>6382.130025</timestamp>
			</report>
			<report>
				<misses>905500000</misses>
				<total>0</total>
				<timestamp>6382.874456</timestamp>
			</report>
			<report>
				<misses>905600000</misses>
				<total>0</total>
				<timestamp>6383.609528</timestamp>
			</report>
			<report>
				<misses>905700000</misses>
				<total>0</total>
				<timestamp>6384.343352</timestamp>
			</report>
			<report>
				<misses>905800000</misses>
				<total>0</total>
				<timestamp>6385.042580</timestamp>
			</report>
			<report>
				<misses>905900000</misses>
				<total>0</total>
				<timestamp>6385.771564</timestamp>
			</report>
			<report>
				<misses>906000000</misses>
				<total>0</total>
				<timestamp>6386.491477</timestamp>
			</report>
			<report>
				<misses>906100000</misses>
				<total>0</total>
				<timestamp>6387.213450</timestamp>
			</report>
			<report>
				<misses>906200000</misses>
				<total>0</total>
				<timestamp>6387.922784</timestamp>
			</report>
			<report>
				<misses>906300000</misses>
				<total>0</total>
				<timestamp>6388.641481</timestamp>
			</report>
			<report>
				<misses>906400000</misses>
				<total>0</total>
				<timestamp>6389.347406</timestamp>
			</report>
			<report>
				<misses>906500000</misses>
				<total>0</total>
				<timestamp>6390.077923</timestamp>
			</report>
			<report>
				<misses>906600000</misses>
				<total>0</total>
				<timestamp>6390.818398</timestamp>
			</report>
			<report>
				<misses>906700000</misses>
				<total>0</total>
				<timestamp>6391.532000</timestamp>
			</report>
			<report>
				<misses>906800000</misses>
				<total>0</total>
				<timestamp>6392.231106</timestamp>
			</report>
			<report>
				<misses>906900000</misses>
				<total>0</total>
				<timestamp>6392.931405</timestamp>
			</report>
			<report>
				<misses>907000000</misses>
				<total>0</total>
				<timestamp>6393.608187</timestamp>
			</report>
			<report>
				<misses>907100000</misses>
				<total>0</total>
				<timestamp>6394.290179</timestamp>
			</report>
			<report>
				<misses>907200000</misses>
				<total>0</total>
				<timestamp>6394.970928</timestamp>
			</report>
			<report>
				<misses>907300000</misses>
				<total>0</total>
				<timestamp>6395.655526</timestamp>
			</report>
			<report>
				<misses>907400000</misses>
				<total>0</total>
				<timestamp>6396.336846</timestamp>
			</report>
			<report>
				<misses>907500000</misses>
				<total>0</total>
				<timestamp>6397.026415</timestamp>
			</report>
			<report>
				<misses>907600000</misses>
				<total>0</total>
				<timestamp>6397.706725</timestamp>
			</report>
			<report>
				<misses>907700000</misses>
				<total>0</total>
				<timestamp>6398.387341</timestamp>
			</report>
			<report>
				<misses>907800000</misses>
				<total>0</total>
				<timestamp>6399.078523</timestamp>
			</report>
			<report>
				<misses>907900000</misses>
				<total>0</total>
				<timestamp>6399.796185</timestamp>
			</report>
			<report>
				<misses>908000000</misses>
				<total>0</total>
				<timestamp>6400.529388</timestamp>
			</report>
			<report>
				<misses>908100000</misses>
				<total>0</total>
				<timestamp>6401.240963</timestamp>
			</report>
			<report>
				<misses>908200000</misses>
				<total>0</total>
				<timestamp>6401.938859</timestamp>
			</report>
			<report>
				<misses>908300000</misses>
				<total>0</total>
				<timestamp>6402.639068</timestamp>
			</report>
			<report>
				<misses>908400000</misses>
				<total>0</total>
				<timestamp>6403.335139</timestamp>
			</report>
			<report>
				<misses>908500000</misses>
				<total>0</total>
				<timestamp>6404.053923</timestamp>
			</report>
			<report>
				<misses>908600000</misses>
				<total>0</total>
				<timestamp>6404.758634</timestamp>
			</report>
			<report>
				<misses>908700000</misses>
				<total>0</total>
				<timestamp>6405.483505</timestamp>
			</report>
			<report>
				<misses>908800000</misses>
				<total>0</total>
				<timestamp>6406.202485</timestamp>
			</report>
			<report>
				<misses>908900000</misses>
				<total>0</total>
				<timestamp>6406.925699</timestamp>
			</report>
			<report>
				<misses>909000000</misses>
				<total>0</total>
				<timestamp>6407.620936</timestamp>
			</report>
			<report>
				<misses>909100000</misses>
				<total>0</total>
				<timestamp>6408.322510</timestamp>
			</report>
			<report>
				<misses>909200000</misses>
				<total>0</total>
				<timestamp>6409.026972</timestamp>
			</report>
			<report>
				<misses>909300000</misses>
				<total>0</total>
				<timestamp>6409.724554</timestamp>
			</report>
			<report>
				<misses>909400000</misses>
				<total>0</total>
				<timestamp>6410.404279</timestamp>
			</report>
			<report>
				<misses>909500000</misses>
				<total>0</total>
				<timestamp>6411.091972</timestamp>
			</report>
			<report>
				<misses>909600000</misses>
				<total>0</total>
				<timestamp>6411.783743</timestamp>
			</report>
			<report>
				<misses>909700000</misses>
				<total>0</total>
				<timestamp>6412.475952</timestamp>
			</report>
			<report>
				<misses>909800000</misses>
				<total>0</total>
				<timestamp>6413.146194</timestamp>
			</report>
			<report>
				<misses>909900000</misses>
				<total>0</total>
				<timestamp>6413.826200</timestamp>
			</report>
			<report>
				<misses>910000000</misses>
				<total>0</total>
				<timestamp>6414.493051</timestamp>
			</report>
			<report>
				<misses>910100000</misses>
				<total>0</total>
				<timestamp>6415.177351</timestamp>
			</report>
			<report>
				<misses>910200000</misses>
				<total>0</total>
				<timestamp>6415.886734</timestamp>
			</report>
			<report>
				<misses>910300000</misses>
				<total>0</total>
				<timestamp>6416.617353</timestamp>
			</report>
			<report>
				<misses>910400000</misses>
				<total>0</total>
				<timestamp>6417.333049</timestamp>
			</report>
			<report>
				<misses>910500000</misses>
				<total>0</total>
				<timestamp>6418.044898</timestamp>
			</report>
			<report>
				<misses>910600000</misses>
				<total>0</total>
				<timestamp>6418.751026</timestamp>
			</report>
			<report>
				<misses>910700000</misses>
				<total>0</total>
				<timestamp>6419.480641</timestamp>
			</report>
			<report>
				<misses>910800000</misses>
				<total>0</total>
				<timestamp>6420.176826</timestamp>
			</report>
			<report>
				<misses>910900000</misses>
				<total>0</total>
				<timestamp>6420.864776</timestamp>
			</report>
			<report>
				<misses>911000000</misses>
				<total>0</total>
				<timestamp>6421.571301</timestamp>
			</report>
			<report>
				<misses>911100000</misses>
				<total>0</total>
				<timestamp>6422.280009</timestamp>
			</report>
			<report>
				<misses>911200000</misses>
				<total>0</total>
				<timestamp>6422.986188</timestamp>
			</report>
			<report>
				<misses>911300000</misses>
				<total>0</total>
				<timestamp>6423.667802</timestamp>
			</report>
			<report>
				<misses>911400000</misses>
				<total>0</total>
				<timestamp>6424.365163</timestamp>
			</report>
			<report>
				<misses>911500000</misses>
				<total>0</total>
				<timestamp>6425.071151</timestamp>
			</report>
			<report>
				<misses>911600000</misses>
				<total>0</total>
				<timestamp>6425.813165</timestamp>
			</report>
			<report>
				<misses>911700000</misses>
				<total>0</total>
				<timestamp>6426.508772</timestamp>
			</report>
			<report>
				<misses>911800000</misses>
				<total>0</total>
				<timestamp>6427.190320</timestamp>
			</report>
			<report>
				<misses>911900000</misses>
				<total>0</total>
				<timestamp>6427.865368</timestamp>
			</report>
			<report>
				<misses>912000000</misses>
				<total>0</total>
				<timestamp>6428.553347</timestamp>
			</report>
			<report>
				<misses>912100000</misses>
				<total>0</total>
				<timestamp>6429.249372</timestamp>
			</report>
			<report>
				<misses>912200000</misses>
				<total>0</total>
				<timestamp>6429.931354</timestamp>
			</report>
			<report>
				<misses>912300000</misses>
				<total>0</total>
				<timestamp>6430.648580</timestamp>
			</report>
			<report>
				<misses>912400000</misses>
				<total>0</total>
				<timestamp>6431.312237</timestamp>
			</report>
			<report>
				<misses>912500000</misses>
				<total>0</total>
				<timestamp>6431.982138</timestamp>
			</report>
			<report>
				<misses>912600000</misses>
				<total>0</total>
				<timestamp>6432.690409</timestamp>
			</report>
			<report>
				<misses>912700000</misses>
				<total>0</total>
				<timestamp>6433.374971</timestamp>
			</report>
			<report>
				<misses>912800000</misses>
				<total>0</total>
				<timestamp>6434.085828</timestamp>
			</report>
			<report>
				<misses>912900000</misses>
				<total>0</total>
				<timestamp>6434.792384</timestamp>
			</report>
			<report>
				<misses>913000000</misses>
				<total>0</total>
				<timestamp>6435.516367</timestamp>
			</report>
			<report>
				<misses>913100000</misses>
				<total>0</total>
				<timestamp>6436.199986</timestamp>
			</report>
			<report>
				<misses>913200000</misses>
				<total>0</total>
				<timestamp>6436.892990</timestamp>
			</report>
			<report>
				<misses>913300000</misses>
				<total>0</total>
				<timestamp>6437.615668</timestamp>
			</report>
			<report>
				<misses>913400000</misses>
				<total>0</total>
				<timestamp>6438.328333</timestamp>
			</report>
			<report>
				<misses>913500000</misses>
				<total>0</total>
				<timestamp>6439.035009</timestamp>
			</report>
			<report>
				<misses>913600000</misses>
				<total>0</total>
				<timestamp>6439.721770</timestamp>
			</report>
			<report>
				<misses>913700000</misses>
				<total>0</total>
				<timestamp>6440.420530</timestamp>
			</report>
			<report>
				<misses>913800000</misses>
				<total>0</total>
				<timestamp>6441.129902</timestamp>
			</report>
			<report>
				<misses>913900000</misses>
				<total>0</total>
				<timestamp>6441.839322</timestamp>
			</report>
			<report>
				<misses>914000000</misses>
				<total>0</total>
				<timestamp>6442.562328</timestamp>
			</report>
			<report>
				<misses>914100000</misses>
				<total>0</total>
				<timestamp>6443.260909</timestamp>
			</report>
			<report>
				<misses>914200000</misses>
				<total>0</total>
				<timestamp>6443.962965</timestamp>
			</report>
			<report>
				<misses>914300000</misses>
				<total>0</total>
				<timestamp>6444.656453</timestamp>
			</report>
			<report>
				<misses>914400000</misses>
				<total>0</total>
				<timestamp>6445.339169</timestamp>
			</report>
			<report>
				<misses>914500000</misses>
				<total>0</total>
				<timestamp>6446.020216</timestamp>
			</report>
			<report>
				<misses>914600000</misses>
				<total>0</total>
				<timestamp>6446.694851</timestamp>
			</report>
			<report>
				<misses>914700000</misses>
				<total>0</total>
				<timestamp>6447.375287</timestamp>
			</report>
			<report>
				<misses>914800000</misses>
				<total>0</total>
				<timestamp>6448.058785</timestamp>
			</report>
			<report>
				<misses>914900000</misses>
				<total>0</total>
				<timestamp>6448.747572</timestamp>
			</report>
			<report>
				<misses>915000000</misses>
				<total>0</total>
				<timestamp>6449.428443</timestamp>
			</report>
			<report>
				<misses>915100000</misses>
				<total>0</total>
				<timestamp>6450.099499</timestamp>
			</report>
			<report>
				<misses>915200000</misses>
				<total>0</total>
				<timestamp>6450.785373</timestamp>
			</report>
			<report>
				<misses>915300000</misses>
				<total>0</total>
				<timestamp>6451.499322</timestamp>
			</report>
			<report>
				<misses>915400000</misses>
				<total>0</total>
				<timestamp>6452.194507</timestamp>
			</report>
			<report>
				<misses>915500000</misses>
				<total>0</total>
				<timestamp>6452.912542</timestamp>
			</report>
			<report>
				<misses>915600000</misses>
				<total>0</total>
				<timestamp>6453.621449</timestamp>
			</report>
			<report>
				<misses>915700000</misses>
				<total>0</total>
				<timestamp>6454.318667</timestamp>
			</report>
			<report>
				<misses>915800000</misses>
				<total>0</total>
				<timestamp>6455.041351</timestamp>
			</report>
			<report>
				<misses>915900000</misses>
				<total>0</total>
				<timestamp>6455.732327</timestamp>
			</report>
			<report>
				<misses>916000000</misses>
				<total>0</total>
				<timestamp>6456.451620</timestamp>
			</report>
			<report>
				<misses>916100000</misses>
				<total>0</total>
				<timestamp>6457.159961</timestamp>
			</report>
			<report>
				<misses>916200000</misses>
				<total>0</total>
				<timestamp>6457.867399</timestamp>
			</report>
			<report>
				<misses>916300000</misses>
				<total>0</total>
				<timestamp>6458.573389</timestamp>
			</report>
			<report>
				<misses>916400000</misses>
				<total>0</total>
				<timestamp>6459.303983</timestamp>
			</report>
			<report>
				<misses>916500000</misses>
				<total>0</total>
				<timestamp>6460.015315</timestamp>
			</report>
			<report>
				<misses>916600000</misses>
				<total>0</total>
				<timestamp>6460.740361</timestamp>
			</report>
			<report>
				<misses>916700000</misses>
				<total>0</total>
				<timestamp>6461.430063</timestamp>
			</report>
			<report>
				<misses>916800000</misses>
				<total>0</total>
				<timestamp>6462.098384</timestamp>
			</report>
			<report>
				<misses>916900000</misses>
				<total>0</total>
				<timestamp>6462.788005</timestamp>
			</report>
			<report>
				<misses>917000000</misses>
				<total>0</total>
				<timestamp>6463.481111</timestamp>
			</report>
			<report>
				<misses>917100000</misses>
				<total>0</total>
				<timestamp>6464.178168</timestamp>
			</report>
			<report>
				<misses>917200000</misses>
				<total>0</total>
				<timestamp>6464.879624</timestamp>
			</report>
			<report>
				<misses>917300000</misses>
				<total>0</total>
				<timestamp>6465.573905</timestamp>
			</report>
			<report>
				<misses>917400000</misses>
				<total>0</total>
				<timestamp>6466.249394</timestamp>
			</report>
			<report>
				<misses>917500000</misses>
				<total>0</total>
				<timestamp>6466.926531</timestamp>
			</report>
			<report>
				<misses>917600000</misses>
				<total>0</total>
				<timestamp>6467.613610</timestamp>
			</report>
			<report>
				<misses>917700000</misses>
				<total>0</total>
				<timestamp>6468.318603</timestamp>
			</report>
			<report>
				<misses>917800000</misses>
				<total>0</total>
				<timestamp>6469.015865</timestamp>
			</report>
			<report>
				<misses>917900000</misses>
				<total>0</total>
				<timestamp>6469.772491</timestamp>
			</report>
			<report>
				<misses>918000000</misses>
				<total>0</total>
				<timestamp>6470.472512</timestamp>
			</report>
			<report>
				<misses>918100000</misses>
				<total>0</total>
				<timestamp>6471.214787</timestamp>
			</report>
			<report>
				<misses>918200000</misses>
				<total>0</total>
				<timestamp>6471.941994</timestamp>
			</report>
			<report>
				<misses>918300000</misses>
				<total>0</total>
				<timestamp>6472.680663</timestamp>
			</report>
			<report>
				<misses>918400000</misses>
				<total>0</total>
				<timestamp>6473.396475</timestamp>
			</report>
			<report>
				<misses>918500000</misses>
				<total>0</total>
				<timestamp>6474.126156</timestamp>
			</report>
			<report>
				<misses>918600000</misses>
				<total>0</total>
				<timestamp>6474.856720</timestamp>
			</report>
			<report>
				<misses>918700000</misses>
				<total>0</total>
				<timestamp>6475.588556</timestamp>
			</report>
			<report>
				<misses>918800000</misses>
				<total>0</total>
				<timestamp>6476.320680</timestamp>
			</report>
			<report>
				<misses>918900000</misses>
				<total>0</total>
				<timestamp>6477.025569</timestamp>
			</report>
			<report>
				<misses>919000000</misses>
				<total>0</total>
				<timestamp>6477.737402</timestamp>
			</report>
			<report>
				<misses>919100000</misses>
				<total>0</total>
				<timestamp>6478.441289</timestamp>
			</report>
			<report>
				<misses>919200000</misses>
				<total>0</total>
				<timestamp>6479.188094</timestamp>
			</report>
			<report>
				<misses>919300000</misses>
				<total>0</total>
				<timestamp>6479.905215</timestamp>
			</report>
			<report>
				<misses>919400000</misses>
				<total>0</total>
				<timestamp>6480.609649</timestamp>
			</report>
			<report>
				<misses>919500000</misses>
				<total>0</total>
				<timestamp>6481.367331</timestamp>
			</report>
			<report>
				<misses>919600000</misses>
				<total>0</total>
				<timestamp>6482.085603</timestamp>
			</report>
			<report>
				<misses>919700000</misses>
				<total>0</total>
				<timestamp>6482.799768</timestamp>
			</report>
			<report>
				<misses>919800000</misses>
				<total>0</total>
				<timestamp>6483.508625</timestamp>
			</report>
			<report>
				<misses>919900000</misses>
				<total>0</total>
				<timestamp>6484.205396</timestamp>
			</report>
			<report>
				<misses>920000000</misses>
				<total>0</total>
				<timestamp>6484.914136</timestamp>
			</report>
			<report>
				<misses>920100000</misses>
				<total>0</total>
				<timestamp>6485.588109</timestamp>
			</report>
			<report>
				<misses>920200000</misses>
				<total>0</total>
				<timestamp>6486.266546</timestamp>
			</report>
			<report>
				<misses>920300000</misses>
				<total>0</total>
				<timestamp>6486.978014</timestamp>
			</report>
			<report>
				<misses>920400000</misses>
				<total>0</total>
				<timestamp>6487.682399</timestamp>
			</report>
			<report>
				<misses>920500000</misses>
				<total>0</total>
				<timestamp>6488.367345</timestamp>
			</report>
			<report>
				<misses>920600000</misses>
				<total>0</total>
				<timestamp>6489.048396</timestamp>
			</report>
			<report>
				<misses>920700000</misses>
				<total>0</total>
				<timestamp>6489.775879</timestamp>
			</report>
			<report>
				<misses>920800000</misses>
				<total>0</total>
				<timestamp>6490.514283</timestamp>
			</report>
			<report>
				<misses>920900000</misses>
				<total>0</total>
				<timestamp>6491.237316</timestamp>
			</report>
			<report>
				<misses>921000000</misses>
				<total>0</total>
				<timestamp>6491.951929</timestamp>
			</report>
			<report>
				<misses>921100000</misses>
				<total>0</total>
				<timestamp>6492.678976</timestamp>
			</report>
			<report>
				<misses>921200000</misses>
				<total>0</total>
				<timestamp>6493.407055</timestamp>
			</report>
			<report>
				<misses>921300000</misses>
				<total>0</total>
				<timestamp>6494.139152</timestamp>
			</report>
			<report>
				<misses>921400000</misses>
				<total>0</total>
				<timestamp>6494.838216</timestamp>
			</report>
			<report>
				<misses>921500000</misses>
				<total>0</total>
				<timestamp>6495.568858</timestamp>
			</report>
			<report>
				<misses>921600000</misses>
				<total>0</total>
				<timestamp>6496.278733</timestamp>
			</report>
			<report>
				<misses>921700000</misses>
				<total>0</total>
				<timestamp>6496.990423</timestamp>
			</report>
			<report>
				<misses>921800000</misses>
				<total>0</total>
				<timestamp>6497.689706</timestamp>
			</report>
			<report>
				<misses>921900000</misses>
				<total>0</total>
				<timestamp>6498.394571</timestamp>
			</report>
			<report>
				<misses>922000000</misses>
				<total>0</total>
				<timestamp>6499.133525</timestamp>
			</report>
			<report>
				<misses>922100000</misses>
				<total>0</total>
				<timestamp>6499.834765</timestamp>
			</report>
			<report>
				<misses>922200000</misses>
				<total>0</total>
				<timestamp>6500.576189</timestamp>
			</report>
			<report>
				<misses>922300000</misses>
				<total>0</total>
				<timestamp>6501.280912</timestamp>
			</report>
			<report>
				<misses>922400000</misses>
				<total>0</total>
				<timestamp>6502.006050</timestamp>
			</report>
			<report>
				<misses>922500000</misses>
				<total>0</total>
				<timestamp>6502.706222</timestamp>
			</report>
			<report>
				<misses>922600000</misses>
				<total>0</total>
				<timestamp>6503.430969</timestamp>
			</report>
			<report>
				<misses>922700000</misses>
				<total>0</total>
				<timestamp>6504.126421</timestamp>
			</report>
			<report>
				<misses>922800000</misses>
				<total>0</total>
				<timestamp>6504.822686</timestamp>
			</report>
			<report>
				<misses>922900000</misses>
				<total>0</total>
				<timestamp>6505.551579</timestamp>
			</report>
			<report>
				<misses>923000000</misses>
				<total>0</total>
				<timestamp>6506.259660</timestamp>
			</report>
			<report>
				<misses>923100000</misses>
				<total>0</total>
				<timestamp>6506.948443</timestamp>
			</report>
			<report>
				<misses>923200000</misses>
				<total>0</total>
				<timestamp>6507.639511</timestamp>
			</report>
			<report>
				<misses>923300000</misses>
				<total>0</total>
				<timestamp>6508.340369</timestamp>
			</report>
			<report>
				<misses>923400000</misses>
				<total>0</total>
				<timestamp>6509.038901</timestamp>
			</report>
			<report>
				<misses>923500000</misses>
				<total>0</total>
				<timestamp>6509.726035</timestamp>
			</report>
			<report>
				<misses>923600000</misses>
				<total>0</total>
				<timestamp>6510.428470</timestamp>
			</report>
			<report>
				<misses>923700000</misses>
				<total>0</total>
				<timestamp>6511.113735</timestamp>
			</report>
			<report>
				<misses>923800000</misses>
				<total>0</total>
				<timestamp>6511.797836</timestamp>
			</report>
			<report>
				<misses>923900000</misses>
				<total>0</total>
				<timestamp>6512.497225</timestamp>
			</report>
			<report>
				<misses>924000000</misses>
				<total>0</total>
				<timestamp>6513.198917</timestamp>
			</report>
			<report>
				<misses>924100000</misses>
				<total>0</total>
				<timestamp>6513.909844</timestamp>
			</report>
			<report>
				<misses>924200000</misses>
				<total>0</total>
				<timestamp>6514.612665</timestamp>
			</report>
			<report>
				<misses>924300000</misses>
				<total>0</total>
				<timestamp>6515.297499</timestamp>
			</report>
			<report>
				<misses>924400000</misses>
				<total>0</total>
				<timestamp>6516.019201</timestamp>
			</report>
			<report>
				<misses>924500000</misses>
				<total>0</total>
				<timestamp>6516.708657</timestamp>
			</report>
			<report>
				<misses>924600000</misses>
				<total>0</total>
				<timestamp>6517.402387</timestamp>
			</report>
			<report>
				<misses>924700000</misses>
				<total>0</total>
				<timestamp>6518.120454</timestamp>
			</report>
			<report>
				<misses>924800000</misses>
				<total>0</total>
				<timestamp>6518.830991</timestamp>
			</report>
			<report>
				<misses>924900000</misses>
				<total>0</total>
				<timestamp>6519.541956</timestamp>
			</report>
			<report>
				<misses>925000000</misses>
				<total>0</total>
				<timestamp>6520.237697</timestamp>
			</report>
			<report>
				<misses>925100000</misses>
				<total>0</total>
				<timestamp>6520.936007</timestamp>
			</report>
			<report>
				<misses>925200000</misses>
				<total>0</total>
				<timestamp>6521.652032</timestamp>
			</report>
			<report>
				<misses>925300000</misses>
				<total>0</total>
				<timestamp>6522.339618</timestamp>
			</report>
			<report>
				<misses>925400000</misses>
				<total>0</total>
				<timestamp>6523.024532</timestamp>
			</report>
			<report>
				<misses>925500000</misses>
				<total>0</total>
				<timestamp>6523.760099</timestamp>
			</report>
			<report>
				<misses>925600000</misses>
				<total>0</total>
				<timestamp>6524.454563</timestamp>
			</report>
			<report>
				<misses>925700000</misses>
				<total>0</total>
				<timestamp>6525.133822</timestamp>
			</report>
			<report>
				<misses>925800000</misses>
				<total>0</total>
				<timestamp>6525.813930</timestamp>
			</report>
			<report>
				<misses>925900000</misses>
				<total>0</total>
				<timestamp>6526.502827</timestamp>
			</report>
			<report>
				<misses>926000000</misses>
				<total>0</total>
				<timestamp>6527.181680</timestamp>
			</report>
			<report>
				<misses>926100000</misses>
				<total>0</total>
				<timestamp>6527.872631</timestamp>
			</report>
			<report>
				<misses>926200000</misses>
				<total>0</total>
				<timestamp>6528.545925</timestamp>
			</report>
			<report>
				<misses>926300000</misses>
				<total>0</total>
				<timestamp>6529.256178</timestamp>
			</report>
			<report>
				<misses>926400000</misses>
				<total>0</total>
				<timestamp>6529.938064</timestamp>
			</report>
			<report>
				<misses>926500000</misses>
				<total>0</total>
				<timestamp>6530.622585</timestamp>
			</report>
			<report>
				<misses>926600000</misses>
				<total>0</total>
				<timestamp>6531.331050</timestamp>
			</report>
			<report>
				<misses>926700000</misses>
				<total>0</total>
				<timestamp>6532.047218</timestamp>
			</report>
			<report>
				<misses>926800000</misses>
				<total>0</total>
				<timestamp>6532.772555</timestamp>
			</report>
			<report>
				<misses>926900000</misses>
				<total>0</total>
				<timestamp>6533.491774</timestamp>
			</report>
			<report>
				<misses>927000000</misses>
				<total>0</total>
				<timestamp>6534.200119</timestamp>
			</report>
			<report>
				<misses>927100000</misses>
				<total>0</total>
				<timestamp>6534.878739</timestamp>
			</report>
			<report>
				<misses>927200000</misses>
				<total>0</total>
				<timestamp>6535.593634</timestamp>
			</report>
			<report>
				<misses>927300000</misses>
				<total>0</total>
				<timestamp>6536.296482</timestamp>
			</report>
			<report>
				<misses>927400000</misses>
				<total>0</total>
				<timestamp>6537.009154</timestamp>
			</report>
			<report>
				<misses>927500000</misses>
				<total>0</total>
				<timestamp>6537.765772</timestamp>
			</report>
			<report>
				<misses>927600000</misses>
				<total>0</total>
				<timestamp>6538.471907</timestamp>
			</report>
			<report>
				<misses>927700000</misses>
				<total>0</total>
				<timestamp>6539.169989</timestamp>
			</report>
			<report>
				<misses>927800000</misses>
				<total>0</total>
				<timestamp>6539.904859</timestamp>
			</report>
			<report>
				<misses>927900000</misses>
				<total>0</total>
				<timestamp>6540.630395</timestamp>
			</report>
			<report>
				<misses>928000000</misses>
				<total>0</total>
				<timestamp>6541.350984</timestamp>
			</report>
			<report>
				<misses>928100000</misses>
				<total>0</total>
				<timestamp>6542.047475</timestamp>
			</report>
			<report>
				<misses>928200000</misses>
				<total>0</total>
				<timestamp>6542.740991</timestamp>
			</report>
			<report>
				<misses>928300000</misses>
				<total>0</total>
				<timestamp>6543.410399</timestamp>
			</report>
			<report>
				<misses>928400000</misses>
				<total>0</total>
				<timestamp>6544.100114</timestamp>
			</report>
			<report>
				<misses>928500000</misses>
				<total>0</total>
				<timestamp>6544.790275</timestamp>
			</report>
			<report>
				<misses>928600000</misses>
				<total>0</total>
				<timestamp>6545.477408</timestamp>
			</report>
			<report>
				<misses>928700000</misses>
				<total>0</total>
				<timestamp>6546.180951</timestamp>
			</report>
			<report>
				<misses>928800000</misses>
				<total>0</total>
				<timestamp>6546.864806</timestamp>
			</report>
			<report>
				<misses>928900000</misses>
				<total>0</total>
				<timestamp>6547.558308</timestamp>
			</report>
			<report>
				<misses>929000000</misses>
				<total>0</total>
				<timestamp>6548.244910</timestamp>
			</report>
			<report>
				<misses>929100000</misses>
				<total>0</total>
				<timestamp>6548.961998</timestamp>
			</report>
			<report>
				<misses>929200000</misses>
				<total>0</total>
				<timestamp>6549.686193</timestamp>
			</report>
			<report>
				<misses>929300000</misses>
				<total>0</total>
				<timestamp>6550.397428</timestamp>
			</report>
			<report>
				<misses>929400000</misses>
				<total>0</total>
				<timestamp>6551.105012</timestamp>
			</report>
			<report>
				<misses>929500000</misses>
				<total>0</total>
				<timestamp>6551.840650</timestamp>
			</report>
			<report>
				<misses>929600000</misses>
				<total>0</total>
				<timestamp>6552.591472</timestamp>
			</report>
			<report>
				<misses>929700000</misses>
				<total>0</total>
				<timestamp>6553.305319</timestamp>
			</report>
			<report>
				<misses>929800000</misses>
				<total>0</total>
				<timestamp>6554.031087</timestamp>
			</report>
			<report>
				<misses>929900000</misses>
				<total>0</total>
				<timestamp>6554.778056</timestamp>
			</report>
			<report>
				<misses>930000000</misses>
				<total>0</total>
				<timestamp>6555.485409</timestamp>
			</report>
			<report>
				<misses>930100000</misses>
				<total>0</total>
				<timestamp>6556.186805</timestamp>
			</report>
			<report>
				<misses>930200000</misses>
				<total>0</total>
				<timestamp>6556.888539</timestamp>
			</report>
			<report>
				<misses>930300000</misses>
				<total>0</total>
				<timestamp>6557.585643</timestamp>
			</report>
			<report>
				<misses>930400000</misses>
				<total>0</total>
				<timestamp>6558.305011</timestamp>
			</report>
			<report>
				<misses>930500000</misses>
				<total>0</total>
				<timestamp>6559.023896</timestamp>
			</report>
			<report>
				<misses>930600000</misses>
				<total>0</total>
				<timestamp>6559.722692</timestamp>
			</report>
			<report>
				<misses>930700000</misses>
				<total>0</total>
				<timestamp>6560.448877</timestamp>
			</report>
			<report>
				<misses>930800000</misses>
				<total>0</total>
				<timestamp>6561.145516</timestamp>
			</report>
			<report>
				<misses>930900000</misses>
				<total>0</total>
				<timestamp>6561.891100</timestamp>
			</report>
			<report>
				<misses>931000000</misses>
				<total>0</total>
				<timestamp>6562.592113</timestamp>
			</report>
			<report>
				<misses>931100000</misses>
				<total>0</total>
				<timestamp>6563.304351</timestamp>
			</report>
			<report>
				<misses>931200000</misses>
				<total>0</total>
				<timestamp>6564.008920</timestamp>
			</report>
			<report>
				<misses>931300000</misses>
				<total>0</total>
				<timestamp>6564.724462</timestamp>
			</report>
			<report>
				<misses>931400000</misses>
				<total>0</total>
				<timestamp>6565.425517</timestamp>
			</report>
			<report>
				<misses>931500000</misses>
				<total>0</total>
				<timestamp>6566.104743</timestamp>
			</report>
			<report>
				<misses>931600000</misses>
				<total>0</total>
				<timestamp>6566.786963</timestamp>
			</report>
			<report>
				<misses>931700000</misses>
				<total>0</total>
				<timestamp>6567.483318</timestamp>
			</report>
			<report>
				<misses>931800000</misses>
				<total>0</total>
				<timestamp>6568.167813</timestamp>
			</report>
			<report>
				<misses>931900000</misses>
				<total>0</total>
				<timestamp>6568.848098</timestamp>
			</report>
			<report>
				<misses>932000000</misses>
				<total>0</total>
				<timestamp>6569.546190</timestamp>
			</report>
			<report>
				<misses>932100000</misses>
				<total>0</total>
				<timestamp>6570.234071</timestamp>
			</report>
			<report>
				<misses>932200000</misses>
				<total>0</total>
				<timestamp>6570.920688</timestamp>
			</report>
			<report>
				<misses>932300000</misses>
				<total>0</total>
				<timestamp>6571.642484</timestamp>
			</report>
			<report>
				<misses>932400000</misses>
				<total>0</total>
				<timestamp>6572.336623</timestamp>
			</report>
			<report>
				<misses>932500000</misses>
				<total>0</total>
				<timestamp>6573.036203</timestamp>
			</report>
			<report>
				<misses>932600000</misses>
				<total>0</total>
				<timestamp>6573.741128</timestamp>
			</report>
			<report>
				<misses>932700000</misses>
				<total>0</total>
				<timestamp>6574.466094</timestamp>
			</report>
			<report>
				<misses>932800000</misses>
				<total>0</total>
				<timestamp>6575.179448</timestamp>
			</report>
			<report>
				<misses>932900000</misses>
				<total>0</total>
				<timestamp>6575.865012</timestamp>
			</report>
			<report>
				<misses>933000000</misses>
				<total>0</total>
				<timestamp>6576.555191</timestamp>
			</report>
			<report>
				<misses>933100000</misses>
				<total>0</total>
				<timestamp>6577.252503</timestamp>
			</report>
			<report>
				<misses>933200000</misses>
				<total>0</total>
				<timestamp>6577.980724</timestamp>
			</report>
			<report>
				<misses>933300000</misses>
				<total>0</total>
				<timestamp>6578.694854</timestamp>
			</report>
			<report>
				<misses>933400000</misses>
				<total>0</total>
				<timestamp>6579.399098</timestamp>
			</report>
			<report>
				<misses>933500000</misses>
				<total>0</total>
				<timestamp>6580.104371</timestamp>
			</report>
			<report>
				<misses>933600000</misses>
				<total>0</total>
				<timestamp>6580.803149</timestamp>
			</report>
			<report>
				<misses>933700000</misses>
				<total>0</total>
				<timestamp>6581.530023</timestamp>
			</report>
			<report>
				<misses>933800000</misses>
				<total>0</total>
				<timestamp>6582.224804</timestamp>
			</report>
			<report>
				<misses>933900000</misses>
				<total>0</total>
				<timestamp>6582.900200</timestamp>
			</report>
			<report>
				<misses>934000000</misses>
				<total>0</total>
				<timestamp>6583.591379</timestamp>
			</report>
			<report>
				<misses>934100000</misses>
				<total>0</total>
				<timestamp>6584.283318</timestamp>
			</report>
			<report>
				<misses>934200000</misses>
				<total>0</total>
				<timestamp>6584.964173</timestamp>
			</report>
			<report>
				<misses>934300000</misses>
				<total>0</total>
				<timestamp>6585.666476</timestamp>
			</report>
			<report>
				<misses>934400000</misses>
				<total>0</total>
				<timestamp>6586.346773</timestamp>
			</report>
			<report>
				<misses>934500000</misses>
				<total>0</total>
				<timestamp>6587.041025</timestamp>
			</report>
			<report>
				<misses>934600000</misses>
				<total>0</total>
				<timestamp>6587.720773</timestamp>
			</report>
			<report>
				<misses>934700000</misses>
				<total>0</total>
				<timestamp>6588.419277</timestamp>
			</report>
			<report>
				<misses>934800000</misses>
				<total>0</total>
				<timestamp>6589.125469</timestamp>
			</report>
			<report>
				<misses>934900000</misses>
				<total>0</total>
				<timestamp>6589.807822</timestamp>
			</report>
			<report>
				<misses>935000000</misses>
				<total>0</total>
				<timestamp>6590.522007</timestamp>
			</report>
			<report>
				<misses>935100000</misses>
				<total>0</total>
				<timestamp>6591.226442</timestamp>
			</report>
			<report>
				<misses>935200000</misses>
				<total>0</total>
				<timestamp>6591.937622</timestamp>
			</report>
			<report>
				<misses>935300000</misses>
				<total>0</total>
				<timestamp>6592.624125</timestamp>
			</report>
			<report>
				<misses>935400000</misses>
				<total>0</total>
				<timestamp>6593.353793</timestamp>
			</report>
			<report>
				<misses>935500000</misses>
				<total>0</total>
				<timestamp>6594.071591</timestamp>
			</report>
			<report>
				<misses>935600000</misses>
				<total>0</total>
				<timestamp>6594.762299</timestamp>
			</report>
			<report>
				<misses>935700000</misses>
				<total>0</total>
				<timestamp>6595.466035</timestamp>
			</report>
			<report>
				<misses>935800000</misses>
				<total>0</total>
				<timestamp>6596.174471</timestamp>
			</report>
			<report>
				<misses>935900000</misses>
				<total>0</total>
				<timestamp>6596.899440</timestamp>
			</report>
			<report>
				<misses>936000000</misses>
				<total>0</total>
				<timestamp>6597.600011</timestamp>
			</report>
			<report>
				<misses>936100000</misses>
				<total>0</total>
				<timestamp>6598.280706</timestamp>
			</report>
			<report>
				<misses>936200000</misses>
				<total>0</total>
				<timestamp>6599.011388</timestamp>
			</report>
			<report>
				<misses>936300000</misses>
				<total>0</total>
				<timestamp>6599.743575</timestamp>
			</report>
			<report>
				<misses>936400000</misses>
				<total>0</total>
				<timestamp>6600.450114</timestamp>
			</report>
			<report>
				<misses>936500000</misses>
				<total>0</total>
				<timestamp>6601.156447</timestamp>
			</report>
			<report>
				<misses>936600000</misses>
				<total>0</total>
				<timestamp>6601.840794</timestamp>
			</report>
			<report>
				<misses>936700000</misses>
				<total>0</total>
				<timestamp>6602.536884</timestamp>
			</report>
			<report>
				<misses>936800000</misses>
				<total>0</total>
				<timestamp>6603.222299</timestamp>
			</report>
			<report>
				<misses>936900000</misses>
				<total>0</total>
				<timestamp>6603.905644</timestamp>
			</report>
			<report>
				<misses>937000000</misses>
				<total>0</total>
				<timestamp>6604.590321</timestamp>
			</report>
			<report>
				<misses>937100000</misses>
				<total>0</total>
				<timestamp>6605.271021</timestamp>
			</report>
			<report>
				<misses>937200000</misses>
				<total>0</total>
				<timestamp>6605.960531</timestamp>
			</report>
			<report>
				<misses>937300000</misses>
				<total>0</total>
				<timestamp>6606.663414</timestamp>
			</report>
			<report>
				<misses>937400000</misses>
				<total>0</total>
				<timestamp>6607.362441</timestamp>
			</report>
			<report>
				<misses>937500000</misses>
				<total>0</total>
				<timestamp>6608.090028</timestamp>
			</report>
			<report>
				<misses>937600000</misses>
				<total>0</total>
				<timestamp>6608.817396</timestamp>
			</report>
			<report>
				<misses>937700000</misses>
				<total>0</total>
				<timestamp>6609.505116</timestamp>
			</report>
			<report>
				<misses>937800000</misses>
				<total>0</total>
				<timestamp>6610.215861</timestamp>
			</report>
			<report>
				<misses>937900000</misses>
				<total>0</total>
				<timestamp>6610.933285</timestamp>
			</report>
			<report>
				<misses>938000000</misses>
				<total>0</total>
				<timestamp>6611.607884</timestamp>
			</report>
			<report>
				<misses>938100000</misses>
				<total>0</total>
				<timestamp>6612.344673</timestamp>
			</report>
			<report>
				<misses>938200000</misses>
				<total>0</total>
				<timestamp>6613.072430</timestamp>
			</report>
			<report>
				<misses>938300000</misses>
				<total>0</total>
				<timestamp>6613.768075</timestamp>
			</report>
			<report>
				<misses>938400000</misses>
				<total>0</total>
				<timestamp>6614.469509</timestamp>
			</report>
			<report>
				<misses>938500000</misses>
				<total>0</total>
				<timestamp>6615.182443</timestamp>
			</report>
			<report>
				<misses>938600000</misses>
				<total>0</total>
				<timestamp>6615.969775</timestamp>
			</report>
			<report>
				<misses>938700000</misses>
				<total>0</total>
				<timestamp>6616.719032</timestamp>
			</report>
			<report>
				<misses>938800000</misses>
				<total>0</total>
				<timestamp>6617.441109</timestamp>
			</report>
			<report>
				<misses>938900000</misses>
				<total>0</total>
				<timestamp>6618.175697</timestamp>
			</report>
			<report>
				<misses>939000000</misses>
				<total>0</total>
				<timestamp>6618.896601</timestamp>
			</report>
			<report>
				<misses>939100000</misses>
				<total>0</total>
				<timestamp>6619.636813</timestamp>
			</report>
			<report>
				<misses>939200000</misses>
				<total>0</total>
				<timestamp>6620.368063</timestamp>
			</report>
			<report>
				<misses>939300000</misses>
				<total>0</total>
				<timestamp>6621.103633</timestamp>
			</report>
			<report>
				<misses>939400000</misses>
				<total>0</total>
				<timestamp>6621.861767</timestamp>
			</report>
			<report>
				<misses>939500000</misses>
				<total>0</total>
				<timestamp>6622.570079</timestamp>
			</report>
			<report>
				<misses>939600000</misses>
				<total>0</total>
				<timestamp>6623.306471</timestamp>
			</report>
			<report>
				<misses>939700000</misses>
				<total>0</total>
				<timestamp>6624.032223</timestamp>
			</report>
			<report>
				<misses>939800000</misses>
				<total>0</total>
				<timestamp>6624.745856</timestamp>
			</report>
			<report>
				<misses>939900000</misses>
				<total>0</total>
				<timestamp>6625.468876</timestamp>
			</report>
			<report>
				<misses>940000000</misses>
				<total>0</total>
				<timestamp>6626.171429</timestamp>
			</report>
			<report>
				<misses>940100000</misses>
				<total>0</total>
				<timestamp>6626.868878</timestamp>
			</report>
			<report>
				<misses>940200000</misses>
				<total>0</total>
				<timestamp>6627.565876</timestamp>
			</report>
			<report>
				<misses>940300000</misses>
				<total>0</total>
				<timestamp>6628.292415</timestamp>
			</report>
			<report>
				<misses>940400000</misses>
				<total>0</total>
				<timestamp>6629.022566</timestamp>
			</report>
			<report>
				<misses>940500000</misses>
				<total>0</total>
				<timestamp>6629.737328</timestamp>
			</report>
			<report>
				<misses>940600000</misses>
				<total>0</total>
				<timestamp>6630.444095</timestamp>
			</report>
			<report>
				<misses>940700000</misses>
				<total>0</total>
				<timestamp>6631.139819</timestamp>
			</report>
			<report>
				<misses>940800000</misses>
				<total>0</total>
				<timestamp>6631.851518</timestamp>
			</report>
			<report>
				<misses>940900000</misses>
				<total>0</total>
				<timestamp>6632.559110</timestamp>
			</report>
			<report>
				<misses>941000000</misses>
				<total>0</total>
				<timestamp>6633.270624</timestamp>
			</report>
			<report>
				<misses>941100000</misses>
				<total>0</total>
				<timestamp>6633.979885</timestamp>
			</report>
			<report>
				<misses>941200000</misses>
				<total>0</total>
				<timestamp>6634.667716</timestamp>
			</report>
			<report>
				<misses>941300000</misses>
				<total>0</total>
				<timestamp>6635.344733</timestamp>
			</report>
			<report>
				<misses>941400000</misses>
				<total>0</total>
				<timestamp>6636.039286</timestamp>
			</report>
			<report>
				<misses>941500000</misses>
				<total>0</total>
				<timestamp>6636.743118</timestamp>
			</report>
			<report>
				<misses>941600000</misses>
				<total>0</total>
				<timestamp>6637.426210</timestamp>
			</report>
			<report>
				<misses>941700000</misses>
				<total>0</total>
				<timestamp>6638.113468</timestamp>
			</report>
			<report>
				<misses>941800000</misses>
				<total>0</total>
				<timestamp>6638.813012</timestamp>
			</report>
			<report>
				<misses>941900000</misses>
				<total>0</total>
				<timestamp>6639.507761</timestamp>
			</report>
			<report>
				<misses>942000000</misses>
				<total>0</total>
				<timestamp>6640.189642</timestamp>
			</report>
			<report>
				<misses>942100000</misses>
				<total>0</total>
				<timestamp>6640.892788</timestamp>
			</report>
			<report>
				<misses>942200000</misses>
				<total>0</total>
				<timestamp>6641.613200</timestamp>
			</report>
			<report>
				<misses>942300000</misses>
				<total>0</total>
				<timestamp>6642.345087</timestamp>
			</report>
			<report>
				<misses>942400000</misses>
				<total>0</total>
				<timestamp>6643.069434</timestamp>
			</report>
			<report>
				<misses>942500000</misses>
				<total>0</total>
				<timestamp>6643.796199</timestamp>
			</report>
			<report>
				<misses>942600000</misses>
				<total>0</total>
				<timestamp>6644.521115</timestamp>
			</report>
			<report>
				<misses>942700000</misses>
				<total>0</total>
				<timestamp>6645.258290</timestamp>
			</report>
			<report>
				<misses>942800000</misses>
				<total>0</total>
				<timestamp>6646.005855</timestamp>
			</report>
			<report>
				<misses>942900000</misses>
				<total>0</total>
				<timestamp>6646.734702</timestamp>
			</report>
			<report>
				<misses>943000000</misses>
				<total>0</total>
				<timestamp>6647.445157</timestamp>
			</report>
			<report>
				<misses>943100000</misses>
				<total>0</total>
				<timestamp>6648.176246</timestamp>
			</report>
			<report>
				<misses>943200000</misses>
				<total>0</total>
				<timestamp>6648.907904</timestamp>
			</report>
			<report>
				<misses>943300000</misses>
				<total>0</total>
				<timestamp>6649.589377</timestamp>
			</report>
			<report>
				<misses>943400000</misses>
				<total>0</total>
				<timestamp>6650.275170</timestamp>
			</report>
			<report>
				<misses>943500000</misses>
				<total>0</total>
				<timestamp>6651.002572</timestamp>
			</report>
			<report>
				<misses>943600000</misses>
				<total>0</total>
				<timestamp>6651.695261</timestamp>
			</report>
			<report>
				<misses>943700000</misses>
				<total>0</total>
				<timestamp>6652.426355</timestamp>
			</report>
			<report>
				<misses>943800000</misses>
				<total>0</total>
				<timestamp>6653.136505</timestamp>
			</report>
			<report>
				<misses>943900000</misses>
				<total>0</total>
				<timestamp>6653.867750</timestamp>
			</report>
			<report>
				<misses>944000000</misses>
				<total>0</total>
				<timestamp>6654.596094</timestamp>
			</report>
			<report>
				<misses>944100000</misses>
				<total>0</total>
				<timestamp>6655.352614</timestamp>
			</report>
			<report>
				<misses>944200000</misses>
				<total>0</total>
				<timestamp>6656.060714</timestamp>
			</report>
			<report>
				<misses>944300000</misses>
				<total>0</total>
				<timestamp>6656.826189</timestamp>
			</report>
			<report>
				<misses>944400000</misses>
				<total>0</total>
				<timestamp>6657.553171</timestamp>
			</report>
			<report>
				<misses>944500000</misses>
				<total>0</total>
				<timestamp>6658.234433</timestamp>
			</report>
			<report>
				<misses>944600000</misses>
				<total>0</total>
				<timestamp>6658.923878</timestamp>
			</report>
			<report>
				<misses>944700000</misses>
				<total>0</total>
				<timestamp>6659.626360</timestamp>
			</report>
			<report>
				<misses>944800000</misses>
				<total>0</total>
				<timestamp>6660.295290</timestamp>
			</report>
			<report>
				<misses>944900000</misses>
				<total>0</total>
				<timestamp>6660.998601</timestamp>
			</report>
			<report>
				<misses>945000000</misses>
				<total>0</total>
				<timestamp>6661.697327</timestamp>
			</report>
			<report>
				<misses>945100000</misses>
				<total>0</total>
				<timestamp>6662.377490</timestamp>
			</report>
			<report>
				<misses>945200000</misses>
				<total>0</total>
				<timestamp>6663.075281</timestamp>
			</report>
			<report>
				<misses>945300000</misses>
				<total>0</total>
				<timestamp>6663.771964</timestamp>
			</report>
			<report>
				<misses>945400000</misses>
				<total>0</total>
				<timestamp>6664.491016</timestamp>
			</report>
			<report>
				<misses>945500000</misses>
				<total>0</total>
				<timestamp>6665.243825</timestamp>
			</report>
			<report>
				<misses>945600000</misses>
				<total>0</total>
				<timestamp>6665.964655</timestamp>
			</report>
			<report>
				<misses>945700000</misses>
				<total>0</total>
				<timestamp>6666.707122</timestamp>
			</report>
			<report>
				<misses>945800000</misses>
				<total>0</total>
				<timestamp>6667.430999</timestamp>
			</report>
			<report>
				<misses>945900000</misses>
				<total>0</total>
				<timestamp>6668.166931</timestamp>
			</report>
			<report>
				<misses>946000000</misses>
				<total>0</total>
				<timestamp>6668.874202</timestamp>
			</report>
			<report>
				<misses>946100000</misses>
				<total>0</total>
				<timestamp>6669.593877</timestamp>
			</report>
			<report>
				<misses>946200000</misses>
				<total>0</total>
				<timestamp>6670.323109</timestamp>
			</report>
			<report>
				<misses>946300000</misses>
				<total>0</total>
				<timestamp>6671.028827</timestamp>
			</report>
			<report>
				<misses>946400000</misses>
				<total>0</total>
				<timestamp>6671.767723</timestamp>
			</report>
			<report>
				<misses>946500000</misses>
				<total>0</total>
				<timestamp>6672.501237</timestamp>
			</report>
			<report>
				<misses>946600000</misses>
				<total>0</total>
				<timestamp>6673.218074</timestamp>
			</report>
			<report>
				<misses>946700000</misses>
				<total>0</total>
				<timestamp>6673.916738</timestamp>
			</report>
			<report>
				<misses>946800000</misses>
				<total>0</total>
				<timestamp>6674.667885</timestamp>
			</report>
			<report>
				<misses>946900000</misses>
				<total>0</total>
				<timestamp>6675.366048</timestamp>
			</report>
			<report>
				<misses>947000000</misses>
				<total>0</total>
				<timestamp>6676.136430</timestamp>
			</report>
			<report>
				<misses>947100000</misses>
				<total>0</total>
				<timestamp>6676.863912</timestamp>
			</report>
			<report>
				<misses>947200000</misses>
				<total>0</total>
				<timestamp>6677.592449</timestamp>
			</report>
			<report>
				<misses>947300000</misses>
				<total>0</total>
				<timestamp>6678.303835</timestamp>
			</report>
			<report>
				<misses>947400000</misses>
				<total>0</total>
				<timestamp>6679.031109</timestamp>
			</report>
			<report>
				<misses>947500000</misses>
				<total>0</total>
				<timestamp>6679.750744</timestamp>
			</report>
			<report>
				<misses>947600000</misses>
				<total>0</total>
				<timestamp>6680.487684</timestamp>
			</report>
			<report>
				<misses>947700000</misses>
				<total>0</total>
				<timestamp>6681.209383</timestamp>
			</report>
			<report>
				<misses>947800000</misses>
				<total>0</total>
				<timestamp>6681.934366</timestamp>
			</report>
			<report>
				<misses>947900000</misses>
				<total>0</total>
				<timestamp>6682.674483</timestamp>
			</report>
			<report>
				<misses>948000000</misses>
				<total>0</total>
				<timestamp>6683.408581</timestamp>
			</report>
			<report>
				<misses>948100000</misses>
				<total>0</total>
				<timestamp>6684.152839</timestamp>
			</report>
			<report>
				<misses>948200000</misses>
				<total>0</total>
				<timestamp>6684.898629</timestamp>
			</report>
			<report>
				<misses>948300000</misses>
				<total>0</total>
				<timestamp>6685.649335</timestamp>
			</report>
			<report>
				<misses>948400000</misses>
				<total>0</total>
				<timestamp>6686.347140</timestamp>
			</report>
			<report>
				<misses>948500000</misses>
				<total>0</total>
				<timestamp>6687.037040</timestamp>
			</report>
			<report>
				<misses>948600000</misses>
				<total>0</total>
				<timestamp>6687.737094</timestamp>
			</report>
			<report>
				<misses>948700000</misses>
				<total>0</total>
				<timestamp>6688.426212</timestamp>
			</report>
			<report>
				<misses>948800000</misses>
				<total>0</total>
				<timestamp>6689.099601</timestamp>
			</report>
			<report>
				<misses>948900000</misses>
				<total>0</total>
				<timestamp>6689.792627</timestamp>
			</report>
			<report>
				<misses>949000000</misses>
				<total>0</total>
				<timestamp>6690.478171</timestamp>
			</report>
			<report>
				<misses>949100000</misses>
				<total>0</total>
				<timestamp>6691.177387</timestamp>
			</report>
			<report>
				<misses>949200000</misses>
				<total>0</total>
				<timestamp>6691.873400</timestamp>
			</report>
			<report>
				<misses>949300000</misses>
				<total>0</total>
				<timestamp>6692.568878</timestamp>
			</report>
			<report>
				<misses>949400000</misses>
				<total>0</total>
				<timestamp>6693.304317</timestamp>
			</report>
			<report>
				<misses>949500000</misses>
				<total>0</total>
				<timestamp>6694.053258</timestamp>
			</report>
			<report>
				<misses>949600000</misses>
				<total>0</total>
				<timestamp>6694.767434</timestamp>
			</report>
			<report>
				<misses>949700000</misses>
				<total>0</total>
				<timestamp>6695.467603</timestamp>
			</report>
			<report>
				<misses>949800000</misses>
				<total>0</total>
				<timestamp>6696.185981</timestamp>
			</report>
			<report>
				<misses>949900000</misses>
				<total>0</total>
				<timestamp>6696.893660</timestamp>
			</report>
			<report>
				<misses>950000000</misses>
				<total>0</total>
				<timestamp>6697.606590</timestamp>
			</report>
			<report>
				<misses>950100000</misses>
				<total>0</total>
				<timestamp>6698.316124</timestamp>
			</report>
			<report>
				<misses>950200000</misses>
				<total>0</total>
				<timestamp>6699.016837</timestamp>
			</report>
			<report>
				<misses>950300000</misses>
				<total>0</total>
				<timestamp>6699.715473</timestamp>
			</report>
			<report>
				<misses>950400000</misses>
				<total>0</total>
				<timestamp>6700.425993</timestamp>
			</report>
			<report>
				<misses>950500000</misses>
				<total>0</total>
				<timestamp>6701.139006</timestamp>
			</report>
			<report>
				<misses>950600000</misses>
				<total>0</total>
				<timestamp>6701.844901</timestamp>
			</report>
			<report>
				<misses>950700000</misses>
				<total>0</total>
				<timestamp>6702.552492</timestamp>
			</report>
			<report>
				<misses>950800000</misses>
				<total>0</total>
				<timestamp>6703.233485</timestamp>
			</report>
			<report>
				<misses>950900000</misses>
				<total>0</total>
				<timestamp>6703.925234</timestamp>
			</report>
			<report>
				<misses>951000000</misses>
				<total>0</total>
				<timestamp>6704.607244</timestamp>
			</report>
			<report>
				<misses>951100000</misses>
				<total>0</total>
				<timestamp>6705.293513</timestamp>
			</report>
			<report>
				<misses>951200000</misses>
				<total>0</total>
				<timestamp>6705.964027</timestamp>
			</report>
			<report>
				<misses>951300000</misses>
				<total>0</total>
				<timestamp>6706.651578</timestamp>
			</report>
			<report>
				<misses>951400000</misses>
				<total>0</total>
				<timestamp>6707.345068</timestamp>
			</report>
			<report>
				<misses>951500000</misses>
				<total>0</total>
				<timestamp>6708.013921</timestamp>
			</report>
			<report>
				<misses>951600000</misses>
				<total>0</total>
				<timestamp>6708.703600</timestamp>
			</report>
			<report>
				<misses>951700000</misses>
				<total>0</total>
				<timestamp>6709.406975</timestamp>
			</report>
			<report>
				<misses>951800000</misses>
				<total>0</total>
				<timestamp>6710.127754</timestamp>
			</report>
			<report>
				<misses>951900000</misses>
				<total>0</total>
				<timestamp>6710.836110</timestamp>
			</report>
			<report>
				<misses>952000000</misses>
				<total>0</total>
				<timestamp>6711.551313</timestamp>
			</report>
			<report>
				<misses>952100000</misses>
				<total>0</total>
				<timestamp>6712.267422</timestamp>
			</report>
			<report>
				<misses>952200000</misses>
				<total>0</total>
				<timestamp>6712.987403</timestamp>
			</report>
			<report>
				<misses>952300000</misses>
				<total>0</total>
				<timestamp>6713.739515</timestamp>
			</report>
			<report>
				<misses>952400000</misses>
				<total>0</total>
				<timestamp>6714.471698</timestamp>
			</report>
			<report>
				<misses>952500000</misses>
				<total>0</total>
				<timestamp>6715.181377</timestamp>
			</report>
			<report>
				<misses>952600000</misses>
				<total>0</total>
				<timestamp>6715.898136</timestamp>
			</report>
			<report>
				<misses>952700000</misses>
				<total>0</total>
				<timestamp>6716.606891</timestamp>
			</report>
			<report>
				<misses>952800000</misses>
				<total>0</total>
				<timestamp>6717.349432</timestamp>
			</report>
			<report>
				<misses>952900000</misses>
				<total>0</total>
				<timestamp>6718.065131</timestamp>
			</report>
			<report>
				<misses>953000000</misses>
				<total>0</total>
				<timestamp>6718.748465</timestamp>
			</report>
			<report>
				<misses>953100000</misses>
				<total>0</total>
				<timestamp>6719.434525</timestamp>
			</report>
			<report>
				<misses>953200000</misses>
				<total>0</total>
				<timestamp>6720.134170</timestamp>
			</report>
			<report>
				<misses>953300000</misses>
				<total>0</total>
				<timestamp>6720.824113</timestamp>
			</report>
			<report>
				<misses>953400000</misses>
				<total>0</total>
				<timestamp>6721.516808</timestamp>
			</report>
			<report>
				<misses>953500000</misses>
				<total>0</total>
				<timestamp>6722.214780</timestamp>
			</report>
			<report>
				<misses>953600000</misses>
				<total>0</total>
				<timestamp>6722.908154</timestamp>
			</report>
			<report>
				<misses>953700000</misses>
				<total>0</total>
				<timestamp>6723.595144</timestamp>
			</report>
			<report>
				<misses>953800000</misses>
				<total>0</total>
				<timestamp>6724.288915</timestamp>
			</report>
			<report>
				<misses>953900000</misses>
				<total>0</total>
				<timestamp>6724.974484</timestamp>
			</report>
			<report>
				<misses>954000000</misses>
				<total>0</total>
				<timestamp>6725.676228</timestamp>
			</report>
			<report>
				<misses>954100000</misses>
				<total>0</total>
				<timestamp>6726.383223</timestamp>
			</report>
			<report>
				<misses>954200000</misses>
				<total>0</total>
				<timestamp>6727.093472</timestamp>
			</report>
			<report>
				<misses>954300000</misses>
				<total>0</total>
				<timestamp>6727.805678</timestamp>
			</report>
			<report>
				<misses>954400000</misses>
				<total>0</total>
				<timestamp>6728.514011</timestamp>
			</report>
			<report>
				<misses>954500000</misses>
				<total>0</total>
				<timestamp>6729.230552</timestamp>
			</report>
			<report>
				<misses>954600000</misses>
				<total>0</total>
				<timestamp>6729.950331</timestamp>
			</report>
			<report>
				<misses>954700000</misses>
				<total>0</total>
				<timestamp>6730.666286</timestamp>
			</report>
			<report>
				<misses>954800000</misses>
				<total>0</total>
				<timestamp>6731.363074</timestamp>
			</report>
			<report>
				<misses>954900000</misses>
				<total>0</total>
				<timestamp>6732.078300</timestamp>
			</report>
			<report>
				<misses>955000000</misses>
				<total>0</total>
				<timestamp>6732.797611</timestamp>
			</report>
			<report>
				<misses>955100000</misses>
				<total>0</total>
				<timestamp>6733.519788</timestamp>
			</report>
			<report>
				<misses>955200000</misses>
				<total>0</total>
				<timestamp>6734.217781</timestamp>
			</report>
			<report>
				<misses>955300000</misses>
				<total>0</total>
				<timestamp>6734.916680</timestamp>
			</report>
			<report>
				<misses>955400000</misses>
				<total>0</total>
				<timestamp>6735.613133</timestamp>
			</report>
			<report>
				<misses>955500000</misses>
				<total>0</total>
				<timestamp>6736.294219</timestamp>
			</report>
			<report>
				<misses>955600000</misses>
				<total>0</total>
				<timestamp>6736.978515</timestamp>
			</report>
			<report>
				<misses>955700000</misses>
				<total>0</total>
				<timestamp>6737.668934</timestamp>
			</report>
			<report>
				<misses>955800000</misses>
				<total>0</total>
				<timestamp>6738.359461</timestamp>
			</report>
			<report>
				<misses>955900000</misses>
				<total>0</total>
				<timestamp>6739.048202</timestamp>
			</report>
			<report>
				<misses>956000000</misses>
				<total>0</total>
				<timestamp>6739.740812</timestamp>
			</report>
			<report>
				<misses>956100000</misses>
				<total>0</total>
				<timestamp>6740.432008</timestamp>
			</report>
			<report>
				<misses>956200000</misses>
				<total>0</total>
				<timestamp>6741.115305</timestamp>
			</report>
			<report>
				<misses>956300000</misses>
				<total>0</total>
				<timestamp>6741.810831</timestamp>
			</report>
			<report>
				<misses>956400000</misses>
				<total>0</total>
				<timestamp>6742.533438</timestamp>
			</report>
			<report>
				<misses>956500000</misses>
				<total>0</total>
				<timestamp>6743.224631</timestamp>
			</report>
			<report>
				<misses>956600000</misses>
				<total>0</total>
				<timestamp>6743.914270</timestamp>
			</report>
			<report>
				<misses>956700000</misses>
				<total>0</total>
				<timestamp>6744.610593</timestamp>
			</report>
			<report>
				<misses>956800000</misses>
				<total>0</total>
				<timestamp>6745.323853</timestamp>
			</report>
			<report>
				<misses>956900000</misses>
				<total>0</total>
				<timestamp>6746.025482</timestamp>
			</report>
			<report>
				<misses>957000000</misses>
				<total>0</total>
				<timestamp>6746.736857</timestamp>
			</report>
			<report>
				<misses>957100000</misses>
				<total>0</total>
				<timestamp>6747.464939</timestamp>
			</report>
			<report>
				<misses>957200000</misses>
				<total>0</total>
				<timestamp>6748.171355</timestamp>
			</report>
			<report>
				<misses>957300000</misses>
				<total>0</total>
				<timestamp>6748.884543</timestamp>
			</report>
			<report>
				<misses>957400000</misses>
				<total>0</total>
				<timestamp>6749.593492</timestamp>
			</report>
			<report>
				<misses>957500000</misses>
				<total>0</total>
				<timestamp>6750.303653</timestamp>
			</report>
			<report>
				<misses>957600000</misses>
				<total>0</total>
				<timestamp>6751.028031</timestamp>
			</report>
			<report>
				<misses>957700000</misses>
				<total>0</total>
				<timestamp>6751.740416</timestamp>
			</report>
			<report>
				<misses>957800000</misses>
				<total>0</total>
				<timestamp>6752.431039</timestamp>
			</report>
			<report>
				<misses>957900000</misses>
				<total>0</total>
				<timestamp>6753.115017</timestamp>
			</report>
			<report>
				<misses>958000000</misses>
				<total>0</total>
				<timestamp>6753.826272</timestamp>
			</report>
			<report>
				<misses>958100000</misses>
				<total>0</total>
				<timestamp>6754.517318</timestamp>
			</report>
			<report>
				<misses>958200000</misses>
				<total>0</total>
				<timestamp>6755.209310</timestamp>
			</report>
			<report>
				<misses>958300000</misses>
				<total>0</total>
				<timestamp>6755.885229</timestamp>
			</report>
			<report>
				<misses>958400000</misses>
				<total>0</total>
				<timestamp>6756.567682</timestamp>
			</report>
			<report>
				<misses>958500000</misses>
				<total>0</total>
				<timestamp>6757.252571</timestamp>
			</report>
			<report>
				<misses>958600000</misses>
				<total>0</total>
				<timestamp>6757.949109</timestamp>
			</report>
			<report>
				<misses>958700000</misses>
				<total>0</total>
				<timestamp>6758.639890</timestamp>
			</report>
			<report>
				<misses>958800000</misses>
				<total>0</total>
				<timestamp>6759.333959</timestamp>
			</report>
			<report>
				<misses>958900000</misses>
				<total>0</total>
				<timestamp>6760.047498</timestamp>
			</report>
			<report>
				<misses>959000000</misses>
				<total>0</total>
				<timestamp>6760.775422</timestamp>
			</report>
			<report>
				<misses>959100000</misses>
				<total>0</total>
				<timestamp>6761.471709</timestamp>
			</report>
			<report>
				<misses>959200000</misses>
				<total>0</total>
				<timestamp>6762.186254</timestamp>
			</report>
			<report>
				<misses>959300000</misses>
				<total>0</total>
				<timestamp>6762.891389</timestamp>
			</report>
			<report>
				<misses>959400000</misses>
				<total>0</total>
				<timestamp>6763.583445</timestamp>
			</report>
			<report>
				<misses>959500000</misses>
				<total>0</total>
				<timestamp>6764.290651</timestamp>
			</report>
			<report>
				<misses>959600000</misses>
				<total>0</total>
				<timestamp>6764.998203</timestamp>
			</report>
			<report>
				<misses>959700000</misses>
				<total>0</total>
				<timestamp>6765.708350</timestamp>
			</report>
			<report>
				<misses>959800000</misses>
				<total>0</total>
				<timestamp>6766.414714</timestamp>
			</report>
			<report>
				<misses>959900000</misses>
				<total>0</total>
				<timestamp>6767.131391</timestamp>
			</report>
			<report>
				<misses>960000000</misses>
				<total>0</total>
				<timestamp>6767.827703</timestamp>
			</report>
			<report>
				<misses>960100000</misses>
				<total>0</total>
				<timestamp>6768.510099</timestamp>
			</report>
			<report>
				<misses>960200000</misses>
				<total>0</total>
				<timestamp>6769.196054</timestamp>
			</report>
			<report>
				<misses>960300000</misses>
				<total>0</total>
				<timestamp>6769.876845</timestamp>
			</report>
			<report>
				<misses>960400000</misses>
				<total>0</total>
				<timestamp>6770.553575</timestamp>
			</report>
			<report>
				<misses>960500000</misses>
				<total>0</total>
				<timestamp>6771.232397</timestamp>
			</report>
			<report>
				<misses>960600000</misses>
				<total>0</total>
				<timestamp>6771.897313</timestamp>
			</report>
			<report>
				<misses>960700000</misses>
				<total>0</total>
				<timestamp>6772.575663</timestamp>
			</report>
			<report>
				<misses>960800000</misses>
				<total>0</total>
				<timestamp>6773.248713</timestamp>
			</report>
			<report>
				<misses>960900000</misses>
				<total>0</total>
				<timestamp>6773.921529</timestamp>
			</report>
			<report>
				<misses>961000000</misses>
				<total>0</total>
				<timestamp>6774.612796</timestamp>
			</report>
			<report>
				<misses>961100000</misses>
				<total>0</total>
				<timestamp>6775.316037</timestamp>
			</report>
			<report>
				<misses>961200000</misses>
				<total>0</total>
				<timestamp>6776.002820</timestamp>
			</report>
			<report>
				<misses>961300000</misses>
				<total>0</total>
				<timestamp>6776.709427</timestamp>
			</report>
			<report>
				<misses>961400000</misses>
				<total>0</total>
				<timestamp>6777.427387</timestamp>
			</report>
			<report>
				<misses>961500000</misses>
				<total>0</total>
				<timestamp>6778.122055</timestamp>
			</report>
			<report>
				<misses>961600000</misses>
				<total>0</total>
				<timestamp>6778.823638</timestamp>
			</report>
			<report>
				<misses>961700000</misses>
				<total>0</total>
				<timestamp>6779.514790</timestamp>
			</report>
			<report>
				<misses>961800000</misses>
				<total>0</total>
				<timestamp>6780.281040</timestamp>
			</report>
			<report>
				<misses>961900000</misses>
				<total>0</total>
				<timestamp>6780.979411</timestamp>
			</report>
			<report>
				<misses>962000000</misses>
				<total>0</total>
				<timestamp>6781.679603</timestamp>
			</report>
			<report>
				<misses>962100000</misses>
				<total>0</total>
				<timestamp>6782.378050</timestamp>
			</report>
			<report>
				<misses>962200000</misses>
				<total>0</total>
				<timestamp>6783.068089</timestamp>
			</report>
			<report>
				<misses>962300000</misses>
				<total>0</total>
				<timestamp>6783.787721</timestamp>
			</report>
			<report>
				<misses>962400000</misses>
				<total>0</total>
				<timestamp>6784.495767</timestamp>
			</report>
			<report>
				<misses>962500000</misses>
				<total>0</total>
				<timestamp>6785.194093</timestamp>
			</report>
			<report>
				<misses>962600000</misses>
				<total>0</total>
				<timestamp>6785.880168</timestamp>
			</report>
			<report>
				<misses>962700000</misses>
				<total>0</total>
				<timestamp>6786.573161</timestamp>
			</report>
			<report>
				<misses>962800000</misses>
				<total>0</total>
				<timestamp>6787.270423</timestamp>
			</report>
			<report>
				<misses>962900000</misses>
				<total>0</total>
				<timestamp>6787.965473</timestamp>
			</report>
			<report>
				<misses>963000000</misses>
				<total>0</total>
				<timestamp>6788.671586</timestamp>
			</report>
			<report>
				<misses>963100000</misses>
				<total>0</total>
				<timestamp>6789.380993</timestamp>
			</report>
			<report>
				<misses>963200000</misses>
				<total>0</total>
				<timestamp>6790.090477</timestamp>
			</report>
			<report>
				<misses>963300000</misses>
				<total>0</total>
				<timestamp>6790.782164</timestamp>
			</report>
			<report>
				<misses>963400000</misses>
				<total>0</total>
				<timestamp>6791.495901</timestamp>
			</report>
			<report>
				<misses>963500000</misses>
				<total>0</total>
				<timestamp>6792.224045</timestamp>
			</report>
			<report>
				<misses>963600000</misses>
				<total>0</total>
				<timestamp>6792.966462</timestamp>
			</report>
			<report>
				<misses>963700000</misses>
				<total>0</total>
				<timestamp>6793.694572</timestamp>
			</report>
			<report>
				<misses>963800000</misses>
				<total>0</total>
				<timestamp>6794.424316</timestamp>
			</report>
			<report>
				<misses>963900000</misses>
				<total>0</total>
				<timestamp>6795.134272</timestamp>
			</report>
			<report>
				<misses>964000000</misses>
				<total>0</total>
				<timestamp>6795.860283</timestamp>
			</report>
			<report>
				<misses>964100000</misses>
				<total>0</total>
				<timestamp>6796.598445</timestamp>
			</report>
			<report>
				<misses>964200000</misses>
				<total>0</total>
				<timestamp>6797.377378</timestamp>
			</report>
			<report>
				<misses>964300000</misses>
				<total>0</total>
				<timestamp>6798.115498</timestamp>
			</report>
			<report>
				<misses>964400000</misses>
				<total>0</total>
				<timestamp>6798.851275</timestamp>
			</report>
			<report>
				<misses>964500000</misses>
				<total>0</total>
				<timestamp>6799.602743</timestamp>
			</report>
			<report>
				<misses>964600000</misses>
				<total>0</total>
				<timestamp>6800.344803</timestamp>
			</report>
			<report>
				<misses>964700000</misses>
				<total>0</total>
				<timestamp>6801.058133</timestamp>
			</report>
			<report>
				<misses>964800000</misses>
				<total>0</total>
				<timestamp>6801.789443</timestamp>
			</report>
			<report>
				<misses>964900000</misses>
				<total>0</total>
				<timestamp>6802.518072</timestamp>
			</report>
			<report>
				<misses>965000000</misses>
				<total>0</total>
				<timestamp>6803.240575</timestamp>
			</report>
			<report>
				<misses>965100000</misses>
				<total>0</total>
				<timestamp>6803.963863</timestamp>
			</report>
			<report>
				<misses>965200000</misses>
				<total>0</total>
				<timestamp>6804.662327</timestamp>
			</report>
			<report>
				<misses>965300000</misses>
				<total>0</total>
				<timestamp>6805.353534</timestamp>
			</report>
			<report>
				<misses>965400000</misses>
				<total>0</total>
				<timestamp>6806.052998</timestamp>
			</report>
			<report>
				<misses>965500000</misses>
				<total>0</total>
				<timestamp>6806.769565</timestamp>
			</report>
			<report>
				<misses>965600000</misses>
				<total>0</total>
				<timestamp>6807.475217</timestamp>
			</report>
			<report>
				<misses>965700000</misses>
				<total>0</total>
				<timestamp>6808.179705</timestamp>
			</report>
			<report>
				<misses>965800000</misses>
				<total>0</total>
				<timestamp>6808.881044</timestamp>
			</report>
			<report>
				<misses>965900000</misses>
				<total>0</total>
				<timestamp>6809.600802</timestamp>
			</report>
			<report>
				<misses>966000000</misses>
				<total>0</total>
				<timestamp>6810.318224</timestamp>
			</report>
			<report>
				<misses>966100000</misses>
				<total>0</total>
				<timestamp>6811.027347</timestamp>
			</report>
			<report>
				<misses>966200000</misses>
				<total>0</total>
				<timestamp>6811.718251</timestamp>
			</report>
			<report>
				<misses>966300000</misses>
				<total>0</total>
				<timestamp>6812.415222</timestamp>
			</report>
			<report>
				<misses>966400000</misses>
				<total>0</total>
				<timestamp>6813.129359</timestamp>
			</report>
			<report>
				<misses>966500000</misses>
				<total>0</total>
				<timestamp>6813.826836</timestamp>
			</report>
			<report>
				<misses>966600000</misses>
				<total>0</total>
				<timestamp>6814.529402</timestamp>
			</report>
			<report>
				<misses>966700000</misses>
				<total>0</total>
				<timestamp>6815.204454</timestamp>
			</report>
			<report>
				<misses>966800000</misses>
				<total>0</total>
				<timestamp>6815.888420</timestamp>
			</report>
			<report>
				<misses>966900000</misses>
				<total>0</total>
				<timestamp>6816.581481</timestamp>
			</report>
			<report>
				<misses>967000000</misses>
				<total>0</total>
				<timestamp>6817.279988</timestamp>
			</report>
			<report>
				<misses>967100000</misses>
				<total>0</total>
				<timestamp>6817.983142</timestamp>
			</report>
			<report>
				<misses>967200000</misses>
				<total>0</total>
				<timestamp>6818.669656</timestamp>
			</report>
			<report>
				<misses>967300000</misses>
				<total>0</total>
				<timestamp>6819.362548</timestamp>
			</report>
			<report>
				<misses>967400000</misses>
				<total>0</total>
				<timestamp>6820.074297</timestamp>
			</report>
			<report>
				<misses>967500000</misses>
				<total>0</total>
				<timestamp>6820.827899</timestamp>
			</report>
			<report>
				<misses>967600000</misses>
				<total>0</total>
				<timestamp>6821.528323</timestamp>
			</report>
			<report>
				<misses>967700000</misses>
				<total>0</total>
				<timestamp>6822.240406</timestamp>
			</report>
			<report>
				<misses>967800000</misses>
				<total>0</total>
				<timestamp>6822.955334</timestamp>
			</report>
			<report>
				<misses>967900000</misses>
				<total>0</total>
				<timestamp>6823.665912</timestamp>
			</report>
			<report>
				<misses>968000000</misses>
				<total>0</total>
				<timestamp>6824.380538</timestamp>
			</report>
			<report>
				<misses>968100000</misses>
				<total>0</total>
				<timestamp>6825.103323</timestamp>
			</report>
			<report>
				<misses>968200000</misses>
				<total>0</total>
				<timestamp>6825.804274</timestamp>
			</report>
			<report>
				<misses>968300000</misses>
				<total>0</total>
				<timestamp>6826.514396</timestamp>
			</report>
			<report>
				<misses>968400000</misses>
				<total>0</total>
				<timestamp>6827.234694</timestamp>
			</report>
			<report>
				<misses>968500000</misses>
				<total>0</total>
				<timestamp>6827.930637</timestamp>
			</report>
			<report>
				<misses>968600000</misses>
				<total>0</total>
				<timestamp>6828.611558</timestamp>
			</report>
			<report>
				<misses>968700000</misses>
				<total>0</total>
				<timestamp>6829.290554</timestamp>
			</report>
			<report>
				<misses>968800000</misses>
				<total>0</total>
				<timestamp>6829.987440</timestamp>
			</report>
			<report>
				<misses>968900000</misses>
				<total>0</total>
				<timestamp>6830.662286</timestamp>
			</report>
			<report>
				<misses>969000000</misses>
				<total>0</total>
				<timestamp>6831.353350</timestamp>
			</report>
			<report>
				<misses>969100000</misses>
				<total>0</total>
				<timestamp>6832.031202</timestamp>
			</report>
			<report>
				<misses>969200000</misses>
				<total>0</total>
				<timestamp>6832.698046</timestamp>
			</report>
			<report>
				<misses>969300000</misses>
				<total>0</total>
				<timestamp>6833.380660</timestamp>
			</report>
			<report>
				<misses>969400000</misses>
				<total>0</total>
				<timestamp>6834.067662</timestamp>
			</report>
			<report>
				<misses>969500000</misses>
				<total>0</total>
				<timestamp>6834.778174</timestamp>
			</report>
			<report>
				<misses>969600000</misses>
				<total>0</total>
				<timestamp>6835.479622</timestamp>
			</report>
			<report>
				<misses>969700000</misses>
				<total>0</total>
				<timestamp>6836.198540</timestamp>
			</report>
			<report>
				<misses>969800000</misses>
				<total>0</total>
				<timestamp>6836.898828</timestamp>
			</report>
			<report>
				<misses>969900000</misses>
				<total>0</total>
				<timestamp>6837.594210</timestamp>
			</report>
			<report>
				<misses>970000000</misses>
				<total>0</total>
				<timestamp>6838.293143</timestamp>
			</report>
			<report>
				<misses>970100000</misses>
				<total>0</total>
				<timestamp>6839.004401</timestamp>
			</report>
			<report>
				<misses>970200000</misses>
				<total>0</total>
				<timestamp>6839.708828</timestamp>
			</report>
			<report>
				<misses>970300000</misses>
				<total>0</total>
				<timestamp>6840.401695</timestamp>
			</report>
			<report>
				<misses>970400000</misses>
				<total>0</total>
				<timestamp>6841.087822</timestamp>
			</report>
			<report>
				<misses>970500000</misses>
				<total>0</total>
				<timestamp>6841.795776</timestamp>
			</report>
			<report>
				<misses>970600000</misses>
				<total>0</total>
				<timestamp>6842.517531</timestamp>
			</report>
			<report>
				<misses>970700000</misses>
				<total>0</total>
				<timestamp>6843.231538</timestamp>
			</report>
			<report>
				<misses>970800000</misses>
				<total>0</total>
				<timestamp>6843.948424</timestamp>
			</report>
			<report>
				<misses>970900000</misses>
				<total>0</total>
				<timestamp>6844.662171</timestamp>
			</report>
			<report>
				<misses>971000000</misses>
				<total>0</total>
				<timestamp>6845.414226</timestamp>
			</report>
			<report>
				<misses>971100000</misses>
				<total>0</total>
				<timestamp>6846.119436</timestamp>
			</report>
			<report>
				<misses>971200000</misses>
				<total>0</total>
				<timestamp>6846.815029</timestamp>
			</report>
			<report>
				<misses>971300000</misses>
				<total>0</total>
				<timestamp>6847.516755</timestamp>
			</report>
			<report>
				<misses>971400000</misses>
				<total>0</total>
				<timestamp>6848.193061</timestamp>
			</report>
			<report>
				<misses>971500000</misses>
				<total>0</total>
				<timestamp>6848.884505</timestamp>
			</report>
			<report>
				<misses>971600000</misses>
				<total>0</total>
				<timestamp>6849.574832</timestamp>
			</report>
			<report>
				<misses>971700000</misses>
				<total>0</total>
				<timestamp>6850.289305</timestamp>
			</report>
			<report>
				<misses>971800000</misses>
				<total>0</total>
				<timestamp>6850.977005</timestamp>
			</report>
			<report>
				<misses>971900000</misses>
				<total>0</total>
				<timestamp>6851.682448</timestamp>
			</report>
			<report>
				<misses>972000000</misses>
				<total>0</total>
				<timestamp>6852.422312</timestamp>
			</report>
			<report>
				<misses>972100000</misses>
				<total>0</total>
				<timestamp>6853.144080</timestamp>
			</report>
			<report>
				<misses>972200000</misses>
				<total>0</total>
				<timestamp>6853.884744</timestamp>
			</report>
			<report>
				<misses>972300000</misses>
				<total>0</total>
				<timestamp>6854.619103</timestamp>
			</report>
			<report>
				<misses>972400000</misses>
				<total>0</total>
				<timestamp>6855.337029</timestamp>
			</report>
			<report>
				<misses>972500000</misses>
				<total>0</total>
				<timestamp>6856.069829</timestamp>
			</report>
			<report>
				<misses>972600000</misses>
				<total>0</total>
				<timestamp>6856.776345</timestamp>
			</report>
			<report>
				<misses>972700000</misses>
				<total>0</total>
				<timestamp>6857.543701</timestamp>
			</report>
			<report>
				<misses>972800000</misses>
				<total>0</total>
				<timestamp>6858.252139</timestamp>
			</report>
			<report>
				<misses>972900000</misses>
				<total>0</total>
				<timestamp>6859.009453</timestamp>
			</report>
			<report>
				<misses>973000000</misses>
				<total>0</total>
				<timestamp>6859.707309</timestamp>
			</report>
			<report>
				<misses>973100000</misses>
				<total>0</total>
				<timestamp>6860.410905</timestamp>
			</report>
			<report>
				<misses>973200000</misses>
				<total>0</total>
				<timestamp>6861.142053</timestamp>
			</report>
			<report>
				<misses>973300000</misses>
				<total>0</total>
				<timestamp>6861.849638</timestamp>
			</report>
			<report>
				<misses>973400000</misses>
				<total>0</total>
				<timestamp>6862.579387</timestamp>
			</report>
			<report>
				<misses>973500000</misses>
				<total>0</total>
				<timestamp>6863.321731</timestamp>
			</report>
			<report>
				<misses>973600000</misses>
				<total>0</total>
				<timestamp>6864.049150</timestamp>
			</report>
			<report>
				<misses>973700000</misses>
				<total>0</total>
				<timestamp>6864.761919</timestamp>
			</report>
			<report>
				<misses>973800000</misses>
				<total>0</total>
				<timestamp>6865.492110</timestamp>
			</report>
			<report>
				<misses>973900000</misses>
				<total>0</total>
				<timestamp>6866.225370</timestamp>
			</report>
			<report>
				<misses>974000000</misses>
				<total>0</total>
				<timestamp>6866.940583</timestamp>
			</report>
			<report>
				<misses>974100000</misses>
				<total>0</total>
				<timestamp>6867.657044</timestamp>
			</report>
			<report>
				<misses>974200000</misses>
				<total>0</total>
				<timestamp>6868.330250</timestamp>
			</report>
			<report>
				<misses>974300000</misses>
				<total>0</total>
				<timestamp>6869.031042</timestamp>
			</report>
			<report>
				<misses>974400000</misses>
				<total>0</total>
				<timestamp>6869.747662</timestamp>
			</report>
			<report>
				<misses>974500000</misses>
				<total>0</total>
				<timestamp>6870.428181</timestamp>
			</report>
			<report>
				<misses>974600000</misses>
				<total>0</total>
				<timestamp>6871.114703</timestamp>
			</report>
			<report>
				<misses>974700000</misses>
				<total>0</total>
				<timestamp>6871.813979</timestamp>
			</report>
			<report>
				<misses>974800000</misses>
				<total>0</total>
				<timestamp>6872.491716</timestamp>
			</report>
			<report>
				<misses>974900000</misses>
				<total>0</total>
				<timestamp>6873.176627</timestamp>
			</report>
			<report>
				<misses>975000000</misses>
				<total>0</total>
				<timestamp>6873.880995</timestamp>
			</report>
			<report>
				<misses>975100000</misses>
				<total>0</total>
				<timestamp>6874.581897</timestamp>
			</report>
			<report>
				<misses>975200000</misses>
				<total>0</total>
				<timestamp>6875.261108</timestamp>
			</report>
			<report>
				<misses>975300000</misses>
				<total>0</total>
				<timestamp>6875.956386</timestamp>
			</report>
			<report>
				<misses>975400000</misses>
				<total>0</total>
				<timestamp>6876.685073</timestamp>
			</report>
			<report>
				<misses>975500000</misses>
				<total>0</total>
				<timestamp>6877.394467</timestamp>
			</report>
			<report>
				<misses>975600000</misses>
				<total>0</total>
				<timestamp>6878.098783</timestamp>
			</report>
			<report>
				<misses>975700000</misses>
				<total>0</total>
				<timestamp>6878.807890</timestamp>
			</report>
			<report>
				<misses>975800000</misses>
				<total>0</total>
				<timestamp>6879.495548</timestamp>
			</report>
			<report>
				<misses>975900000</misses>
				<total>0</total>
				<timestamp>6880.202431</timestamp>
			</report>
			<report>
				<misses>976000000</misses>
				<total>0</total>
				<timestamp>6880.913689</timestamp>
			</report>
			<report>
				<misses>976100000</misses>
				<total>0</total>
				<timestamp>6881.609141</timestamp>
			</report>
			<report>
				<misses>976200000</misses>
				<total>0</total>
				<timestamp>6882.328979</timestamp>
			</report>
			<report>
				<misses>976300000</misses>
				<total>0</total>
				<timestamp>6883.087880</timestamp>
			</report>
			<report>
				<misses>976400000</misses>
				<total>0</total>
				<timestamp>6883.835152</timestamp>
			</report>
			<report>
				<misses>976500000</misses>
				<total>0</total>
				<timestamp>6884.570295</timestamp>
			</report>
			<report>
				<misses>976600000</misses>
				<total>0</total>
				<timestamp>6885.315180</timestamp>
			</report>
			<report>
				<misses>976700000</misses>
				<total>0</total>
				<timestamp>6886.029082</timestamp>
			</report>
			<report>
				<misses>976800000</misses>
				<total>0</total>
				<timestamp>6886.732023</timestamp>
			</report>
			<report>
				<misses>976900000</misses>
				<total>0</total>
				<timestamp>6887.440351</timestamp>
			</report>
			<report>
				<misses>977000000</misses>
				<total>0</total>
				<timestamp>6888.160062</timestamp>
			</report>
			<report>
				<misses>977100000</misses>
				<total>0</total>
				<timestamp>6888.871461</timestamp>
			</report>
			<report>
				<misses>977200000</misses>
				<total>0</total>
				<timestamp>6889.606395</timestamp>
			</report>
			<report>
				<misses>977300000</misses>
				<total>0</total>
				<timestamp>6890.303933</timestamp>
			</report>
			<report>
				<misses>977400000</misses>
				<total>0</total>
				<timestamp>6891.009746</timestamp>
			</report>
			<report>
				<misses>977500000</misses>
				<total>0</total>
				<timestamp>6891.746899</timestamp>
			</report>
			<report>
				<misses>977600000</misses>
				<total>0</total>
				<timestamp>6892.416684</timestamp>
			</report>
			<report>
				<misses>977700000</misses>
				<total>0</total>
				<timestamp>6893.112803</timestamp>
			</report>
			<report>
				<misses>977800000</misses>
				<total>0</total>
				<timestamp>6893.813135</timestamp>
			</report>
			<report>
				<misses>977900000</misses>
				<total>0</total>
				<timestamp>6894.499276</timestamp>
			</report>
			<report>
				<misses>978000000</misses>
				<total>0</total>
				<timestamp>6895.167864</timestamp>
			</report>
			<report>
				<misses>978100000</misses>
				<total>0</total>
				<timestamp>6895.867806</timestamp>
			</report>
			<report>
				<misses>978200000</misses>
				<total>0</total>
				<timestamp>6896.557138</timestamp>
			</report>
			<report>
				<misses>978300000</misses>
				<total>0</total>
				<timestamp>6897.246772</timestamp>
			</report>
			<report>
				<misses>978400000</misses>
				<total>0</total>
				<timestamp>6897.939106</timestamp>
			</report>
			<report>
				<misses>978500000</misses>
				<total>0</total>
				<timestamp>6898.642334</timestamp>
			</report>
			<report>
				<misses>978600000</misses>
				<total>0</total>
				<timestamp>6899.352884</timestamp>
			</report>
			<report>
				<misses>978700000</misses>
				<total>0</total>
				<timestamp>6900.076318</timestamp>
			</report>
			<report>
				<misses>978800000</misses>
				<total>0</total>
				<timestamp>6900.776360</timestamp>
			</report>
			<report>
				<misses>978900000</misses>
				<total>0</total>
				<timestamp>6901.491202</timestamp>
			</report>
			<report>
				<misses>979000000</misses>
				<total>0</total>
				<timestamp>6902.220578</timestamp>
			</report>
			<report>
				<misses>979100000</misses>
				<total>0</total>
				<timestamp>6902.930005</timestamp>
			</report>
			<report>
				<misses>979200000</misses>
				<total>0</total>
				<timestamp>6903.626850</timestamp>
			</report>
			<report>
				<misses>979300000</misses>
				<total>0</total>
				<timestamp>6904.344393</timestamp>
			</report>
			<report>
				<misses>979400000</misses>
				<total>0</total>
				<timestamp>6905.065826</timestamp>
			</report>
			<report>
				<misses>979500000</misses>
				<total>0</total>
				<timestamp>6905.766151</timestamp>
			</report>
			<report>
				<misses>979600000</misses>
				<total>0</total>
				<timestamp>6906.494760</timestamp>
			</report>
			<report>
				<misses>979700000</misses>
				<total>0</total>
				<timestamp>6907.196273</timestamp>
			</report>
			<report>
				<misses>979800000</misses>
				<total>0</total>
				<timestamp>6907.916709</timestamp>
			</report>
			<report>
				<misses>979900000</misses>
				<total>0</total>
				<timestamp>6908.605346</timestamp>
			</report>
			<report>
				<misses>980000000</misses>
				<total>0</total>
				<timestamp>6909.297566</timestamp>
			</report>
			<report>
				<misses>980100000</misses>
				<total>0</total>
				<timestamp>6909.984290</timestamp>
			</report>
			<report>
				<misses>980200000</misses>
				<total>0</total>
				<timestamp>6910.680336</timestamp>
			</report>
			<report>
				<misses>980300000</misses>
				<total>0</total>
				<timestamp>6911.371366</timestamp>
			</report>
			<report>
				<misses>980400000</misses>
				<total>0</total>
				<timestamp>6912.097016</timestamp>
			</report>
			<report>
				<misses>980500000</misses>
				<total>0</total>
				<timestamp>6912.779686</timestamp>
			</report>
			<report>
				<misses>980600000</misses>
				<total>0</total>
				<timestamp>6913.448731</timestamp>
			</report>
			<report>
				<misses>980700000</misses>
				<total>0</total>
				<timestamp>6914.154352</timestamp>
			</report>
			<report>
				<misses>980800000</misses>
				<total>0</total>
				<timestamp>6914.836679</timestamp>
			</report>
			<report>
				<misses>980900000</misses>
				<total>0</total>
				<timestamp>6915.540456</timestamp>
			</report>
			<report>
				<misses>981000000</misses>
				<total>0</total>
				<timestamp>6916.314352</timestamp>
			</report>
			<report>
				<misses>981100000</misses>
				<total>0</total>
				<timestamp>6917.052176</timestamp>
			</report>
			<report>
				<misses>981200000</misses>
				<total>0</total>
				<timestamp>6917.771849</timestamp>
			</report>
			<report>
				<misses>981300000</misses>
				<total>0</total>
				<timestamp>6918.498380</timestamp>
			</report>
			<report>
				<misses>981400000</misses>
				<total>0</total>
				<timestamp>6919.226653</timestamp>
			</report>
			<report>
				<misses>981500000</misses>
				<total>0</total>
				<timestamp>6919.968702</timestamp>
			</report>
			<report>
				<misses>981600000</misses>
				<total>0</total>
				<timestamp>6920.706686</timestamp>
			</report>
			<report>
				<misses>981700000</misses>
				<total>0</total>
				<timestamp>6921.448569</timestamp>
			</report>
			<report>
				<misses>981800000</misses>
				<total>0</total>
				<timestamp>6922.171228</timestamp>
			</report>
			<report>
				<misses>981900000</misses>
				<total>0</total>
				<timestamp>6922.894416</timestamp>
			</report>
			<report>
				<misses>982000000</misses>
				<total>0</total>
				<timestamp>6923.633034</timestamp>
			</report>
			<report>
				<misses>982100000</misses>
				<total>0</total>
				<timestamp>6924.354992</timestamp>
			</report>
			<report>
				<misses>982200000</misses>
				<total>0</total>
				<timestamp>6925.061969</timestamp>
			</report>
			<report>
				<misses>982300000</misses>
				<total>0</total>
				<timestamp>6925.761278</timestamp>
			</report>
			<report>
				<misses>982400000</misses>
				<total>0</total>
				<timestamp>6926.476698</timestamp>
			</report>
			<report>
				<misses>982500000</misses>
				<total>0</total>
				<timestamp>6927.189105</timestamp>
			</report>
			<report>
				<misses>982600000</misses>
				<total>0</total>
				<timestamp>6927.929044</timestamp>
			</report>
			<report>
				<misses>982700000</misses>
				<total>0</total>
				<timestamp>6928.621151</timestamp>
			</report>
			<report>
				<misses>982800000</misses>
				<total>0</total>
				<timestamp>6929.343911</timestamp>
			</report>
			<report>
				<misses>982900000</misses>
				<total>0</total>
				<timestamp>6930.041056</timestamp>
			</report>
			<report>
				<misses>983000000</misses>
				<total>0</total>
				<timestamp>6930.739685</timestamp>
			</report>
			<report>
				<misses>983100000</misses>
				<total>0</total>
				<timestamp>6931.444356</timestamp>
			</report>
			<report>
				<misses>983200000</misses>
				<total>0</total>
				<timestamp>6932.138532</timestamp>
			</report>
			<report>
				<misses>983300000</misses>
				<total>0</total>
				<timestamp>6932.825097</timestamp>
			</report>
			<report>
				<misses>983400000</misses>
				<total>0</total>
				<timestamp>6933.516458</timestamp>
			</report>
			<report>
				<misses>983500000</misses>
				<total>0</total>
				<timestamp>6934.206641</timestamp>
			</report>
			<report>
				<misses>983600000</misses>
				<total>0</total>
				<timestamp>6934.895206</timestamp>
			</report>
			<report>
				<misses>983700000</misses>
				<total>0</total>
				<timestamp>6935.568889</timestamp>
			</report>
			<report>
				<misses>983800000</misses>
				<total>0</total>
				<timestamp>6936.261068</timestamp>
			</report>
			<report>
				<misses>983900000</misses>
				<total>0</total>
				<timestamp>6936.989460</timestamp>
			</report>
			<report>
				<misses>984000000</misses>
				<total>0</total>
				<timestamp>6937.715070</timestamp>
			</report>
			<report>
				<misses>984100000</misses>
				<total>0</total>
				<timestamp>6938.461314</timestamp>
			</report>
			<report>
				<misses>984200000</misses>
				<total>0</total>
				<timestamp>6939.177904</timestamp>
			</report>
			<report>
				<misses>984300000</misses>
				<total>0</total>
				<timestamp>6939.901318</timestamp>
			</report>
			<report>
				<misses>984400000</misses>
				<total>0</total>
				<timestamp>6940.641933</timestamp>
			</report>
			<report>
				<misses>984500000</misses>
				<total>0</total>
				<timestamp>6941.360282</timestamp>
			</report>
			<report>
				<misses>984600000</misses>
				<total>0</total>
				<timestamp>6942.081946</timestamp>
			</report>
			<report>
				<misses>984700000</misses>
				<total>0</total>
				<timestamp>6942.814255</timestamp>
			</report>
			<report>
				<misses>984800000</misses>
				<total>0</total>
				<timestamp>6943.553313</timestamp>
			</report>
			<report>
				<misses>984900000</misses>
				<total>0</total>
				<timestamp>6944.248843</timestamp>
			</report>
			<report>
				<misses>985000000</misses>
				<total>0</total>
				<timestamp>6944.970284</timestamp>
			</report>
			<report>
				<misses>985100000</misses>
				<total>0</total>
				<timestamp>6945.658351</timestamp>
			</report>
			<report>
				<misses>985200000</misses>
				<total>0</total>
				<timestamp>6946.374483</timestamp>
			</report>
			<report>
				<misses>985300000</misses>
				<total>0</total>
				<timestamp>6947.067668</timestamp>
			</report>
			<report>
				<misses>985400000</misses>
				<total>0</total>
				<timestamp>6947.814928</timestamp>
			</report>
			<report>
				<misses>985500000</misses>
				<total>0</total>
				<timestamp>6948.518141</timestamp>
			</report>
			<report>
				<misses>985600000</misses>
				<total>0</total>
				<timestamp>6949.251826</timestamp>
			</report>
			<report>
				<misses>985700000</misses>
				<total>0</total>
				<timestamp>6949.959684</timestamp>
			</report>
			<report>
				<misses>985800000</misses>
				<total>0</total>
				<timestamp>6950.658998</timestamp>
			</report>
			<report>
				<misses>985900000</misses>
				<total>0</total>
				<timestamp>6951.378509</timestamp>
			</report>
			<report>
				<misses>986000000</misses>
				<total>0</total>
				<timestamp>6952.064574</timestamp>
			</report>
			<report>
				<misses>986100000</misses>
				<total>0</total>
				<timestamp>6952.746518</timestamp>
			</report>
			<report>
				<misses>986200000</misses>
				<total>0</total>
				<timestamp>6953.436218</timestamp>
			</report>
			<report>
				<misses>986300000</misses>
				<total>0</total>
				<timestamp>6954.111157</timestamp>
			</report>
			<report>
				<misses>986400000</misses>
				<total>0</total>
				<timestamp>6954.804323</timestamp>
			</report>
			<report>
				<misses>986500000</misses>
				<total>0</total>
				<timestamp>6955.496405</timestamp>
			</report>
			<report>
				<misses>986600000</misses>
				<total>0</total>
				<timestamp>6956.188404</timestamp>
			</report>
			<report>
				<misses>986700000</misses>
				<total>0</total>
				<timestamp>6956.864160</timestamp>
			</report>
			<report>
				<misses>986800000</misses>
				<total>0</total>
				<timestamp>6957.542323</timestamp>
			</report>
			<report>
				<misses>986900000</misses>
				<total>0</total>
				<timestamp>6958.274620</timestamp>
			</report>
			<report>
				<misses>987000000</misses>
				<total>0</total>
				<timestamp>6958.987170</timestamp>
			</report>
			<report>
				<misses>987100000</misses>
				<total>0</total>
				<timestamp>6959.691541</timestamp>
			</report>
			<report>
				<misses>987200000</misses>
				<total>0</total>
				<timestamp>6960.394546</timestamp>
			</report>
			<report>
				<misses>987300000</misses>
				<total>0</total>
				<timestamp>6961.089359</timestamp>
			</report>
			<report>
				<misses>987400000</misses>
				<total>0</total>
				<timestamp>6961.817331</timestamp>
			</report>
			<report>
				<misses>987500000</misses>
				<total>0</total>
				<timestamp>6962.545109</timestamp>
			</report>
			<report>
				<misses>987600000</misses>
				<total>0</total>
				<timestamp>6963.249030</timestamp>
			</report>
			<report>
				<misses>987700000</misses>
				<total>0</total>
				<timestamp>6963.941309</timestamp>
			</report>
			<report>
				<misses>987800000</misses>
				<total>0</total>
				<timestamp>6964.669113</timestamp>
			</report>
			<report>
				<misses>987900000</misses>
				<total>0</total>
				<timestamp>6965.379540</timestamp>
			</report>
			<report>
				<misses>988000000</misses>
				<total>0</total>
				<timestamp>6966.083435</timestamp>
			</report>
			<report>
				<misses>988100000</misses>
				<total>0</total>
				<timestamp>6966.811000</timestamp>
			</report>
			<report>
				<misses>988200000</misses>
				<total>0</total>
				<timestamp>6967.528497</timestamp>
			</report>
			<report>
				<misses>988300000</misses>
				<total>0</total>
				<timestamp>6968.212307</timestamp>
			</report>
			<report>
				<misses>988400000</misses>
				<total>0</total>
				<timestamp>6968.911854</timestamp>
			</report>
			<report>
				<misses>988500000</misses>
				<total>0</total>
				<timestamp>6969.606891</timestamp>
			</report>
			<report>
				<misses>988600000</misses>
				<total>0</total>
				<timestamp>6970.292130</timestamp>
			</report>
			<report>
				<misses>988700000</misses>
				<total>0</total>
				<timestamp>6970.979622</timestamp>
			</report>
			<report>
				<misses>988800000</misses>
				<total>0</total>
				<timestamp>6971.681809</timestamp>
			</report>
			<report>
				<misses>988900000</misses>
				<total>0</total>
				<timestamp>6972.362185</timestamp>
			</report>
			<report>
				<misses>989000000</misses>
				<total>0</total>
				<timestamp>6973.038286</timestamp>
			</report>
			<report>
				<misses>989100000</misses>
				<total>0</total>
				<timestamp>6973.727292</timestamp>
			</report>
			<report>
				<misses>989200000</misses>
				<total>0</total>
				<timestamp>6974.418164</timestamp>
			</report>
			<report>
				<misses>989300000</misses>
				<total>0</total>
				<timestamp>6975.123391</timestamp>
			</report>
			<report>
				<misses>989400000</misses>
				<total>0</total>
				<timestamp>6975.886815</timestamp>
			</report>
			<report>
				<misses>989500000</misses>
				<total>0</total>
				<timestamp>6976.608386</timestamp>
			</report>
			<report>
				<misses>989600000</misses>
				<total>0</total>
				<timestamp>6977.339474</timestamp>
			</report>
			<report>
				<misses>989700000</misses>
				<total>0</total>
				<timestamp>6978.080781</timestamp>
			</report>
			<report>
				<misses>989800000</misses>
				<total>0</total>
				<timestamp>6978.801522</timestamp>
			</report>
			<report>
				<misses>989900000</misses>
				<total>0</total>
				<timestamp>6979.493781</timestamp>
			</report>
			<report>
				<misses>990000000</misses>
				<total>0</total>
				<timestamp>6980.244398</timestamp>
			</report>
			<report>
				<misses>990100000</misses>
				<total>0</total>
				<timestamp>6980.967281</timestamp>
			</report>
			<report>
				<misses>990200000</misses>
				<total>0</total>
				<timestamp>6981.675945</timestamp>
			</report>
			<report>
				<misses>990300000</misses>
				<total>0</total>
				<timestamp>6982.372323</timestamp>
			</report>
			<report>
				<misses>990400000</misses>
				<total>0</total>
				<timestamp>6983.077388</timestamp>
			</report>
			<report>
				<misses>990500000</misses>
				<total>0</total>
				<timestamp>6983.754400</timestamp>
			</report>
			<report>
				<misses>990600000</misses>
				<total>0</total>
				<timestamp>6984.497256</timestamp>
			</report>
			<report>
				<misses>990700000</misses>
				<total>0</total>
				<timestamp>6985.220329</timestamp>
			</report>
			<report>
				<misses>990800000</misses>
				<total>0</total>
				<timestamp>6985.965129</timestamp>
			</report>
			<report>
				<misses>990900000</misses>
				<total>0</total>
				<timestamp>6986.689066</timestamp>
			</report>
			<report>
				<misses>991000000</misses>
				<total>0</total>
				<timestamp>6987.425002</timestamp>
			</report>
			<report>
				<misses>991100000</misses>
				<total>0</total>
				<timestamp>6988.150118</timestamp>
			</report>
			<report>
				<misses>991200000</misses>
				<total>0</total>
				<timestamp>6988.882913</timestamp>
			</report>
			<report>
				<misses>991300000</misses>
				<total>0</total>
				<timestamp>6989.603140</timestamp>
			</report>
			<report>
				<misses>991400000</misses>
				<total>0</total>
				<timestamp>6990.316845</timestamp>
			</report>
			<report>
				<misses>991500000</misses>
				<total>0</total>
				<timestamp>6991.039324</timestamp>
			</report>
			<report>
				<misses>991600000</misses>
				<total>0</total>
				<timestamp>6991.771956</timestamp>
			</report>
			<report>
				<misses>991700000</misses>
				<total>0</total>
				<timestamp>6992.493452</timestamp>
			</report>
			<report>
				<misses>991800000</misses>
				<total>0</total>
				<timestamp>6993.212212</timestamp>
			</report>
			<report>
				<misses>991900000</misses>
				<total>0</total>
				<timestamp>6993.947416</timestamp>
			</report>
			<report>
				<misses>992000000</misses>
				<total>0</total>
				<timestamp>6994.674524</timestamp>
			</report>
			<report>
				<misses>992100000</misses>
				<total>0</total>
				<timestamp>6995.396373</timestamp>
			</report>
			<report>
				<misses>992200000</misses>
				<total>0</total>
				<timestamp>6996.136901</timestamp>
			</report>
			<report>
				<misses>992300000</misses>
				<total>0</total>
				<timestamp>6996.889014</timestamp>
			</report>
			<report>
				<misses>992400000</misses>
				<total>0</total>
				<timestamp>6997.607290</timestamp>
			</report>
			<report>
				<misses>992500000</misses>
				<total>0</total>
				<timestamp>6998.291817</timestamp>
			</report>
			<report>
				<misses>992600000</misses>
				<total>0</total>
				<timestamp>6998.979150</timestamp>
			</report>
			<report>
				<misses>992700000</misses>
				<total>0</total>
				<timestamp>6999.673251</timestamp>
			</report>
			<report>
				<misses>992800000</misses>
				<total>0</total>
				<timestamp>7000.367165</timestamp>
			</report>
			<report>
				<misses>992900000</misses>
				<total>0</total>
				<timestamp>7001.141460</timestamp>
			</report>
			<report>
				<misses>993000000</misses>
				<total>0</total>
				<timestamp>7001.841440</timestamp>
			</report>
			<report>
				<misses>993100000</misses>
				<total>0</total>
				<timestamp>7002.565829</timestamp>
			</report>
			<report>
				<misses>993200000</misses>
				<total>0</total>
				<timestamp>7003.238878</timestamp>
			</report>
			<report>
				<misses>993300000</misses>
				<total>0</total>
				<timestamp>7003.916215</timestamp>
			</report>
			<report>
				<misses>993400000</misses>
				<total>0</total>
				<timestamp>7004.589602</timestamp>
			</report>
			<report>
				<misses>993500000</misses>
				<total>0</total>
				<timestamp>7005.289353</timestamp>
			</report>
			<report>
				<misses>993600000</misses>
				<total>0</total>
				<timestamp>7005.989573</timestamp>
			</report>
			<report>
				<misses>993700000</misses>
				<total>0</total>
				<timestamp>7006.681722</timestamp>
			</report>
			<report>
				<misses>993800000</misses>
				<total>0</total>
				<timestamp>7007.370660</timestamp>
			</report>
			<report>
				<misses>993900000</misses>
				<total>0</total>
				<timestamp>7008.065494</timestamp>
			</report>
			<report>
				<misses>994000000</misses>
				<total>0</total>
				<timestamp>7008.754642</timestamp>
			</report>
			<report>
				<misses>994100000</misses>
				<total>0</total>
				<timestamp>7009.437185</timestamp>
			</report>
			<report>
				<misses>994200000</misses>
				<total>0</total>
				<timestamp>7010.146846</timestamp>
			</report>
			<report>
				<misses>994300000</misses>
				<total>0</total>
				<timestamp>7010.873133</timestamp>
			</report>
			<report>
				<misses>994400000</misses>
				<total>0</total>
				<timestamp>7011.587085</timestamp>
			</report>
			<report>
				<misses>994500000</misses>
				<total>0</total>
				<timestamp>7012.293661</timestamp>
			</report>
			<report>
				<misses>994600000</misses>
				<total>0</total>
				<timestamp>7013.008735</timestamp>
			</report>
			<report>
				<misses>994700000</misses>
				<total>0</total>
				<timestamp>7013.710429</timestamp>
			</report>
			<report>
				<misses>994800000</misses>
				<total>0</total>
				<timestamp>7014.420114</timestamp>
			</report>
			<report>
				<misses>994900000</misses>
				<total>0</total>
				<timestamp>7015.134791</timestamp>
			</report>
			<report>
				<misses>995000000</misses>
				<total>0</total>
				<timestamp>7015.841489</timestamp>
			</report>
			<report>
				<misses>995100000</misses>
				<total>0</total>
				<timestamp>7016.548606</timestamp>
			</report>
			<report>
				<misses>995200000</misses>
				<total>0</total>
				<timestamp>7017.244909</timestamp>
			</report>
			<report>
				<misses>995300000</misses>
				<total>0</total>
				<timestamp>7017.938928</timestamp>
			</report>
			<report>
				<misses>995400000</misses>
				<total>0</total>
				<timestamp>7018.630075</timestamp>
			</report>
			<report>
				<misses>995500000</misses>
				<total>0</total>
				<timestamp>7019.311289</timestamp>
			</report>
			<report>
				<misses>995600000</misses>
				<total>0</total>
				<timestamp>7020.003816</timestamp>
			</report>
			<report>
				<misses>995700000</misses>
				<total>0</total>
				<timestamp>7020.687341</timestamp>
			</report>
			<report>
				<misses>995800000</misses>
				<total>0</total>
				<timestamp>7021.368862</timestamp>
			</report>
			<report>
				<misses>995900000</misses>
				<total>0</total>
				<timestamp>7022.060907</timestamp>
			</report>
			<report>
				<misses>996000000</misses>
				<total>0</total>
				<timestamp>7022.732198</timestamp>
			</report>
			<report>
				<misses>996100000</misses>
				<total>0</total>
				<timestamp>7023.423402</timestamp>
			</report>
			<report>
				<misses>996200000</misses>
				<total>0</total>
				<timestamp>7024.113490</timestamp>
			</report>
			<report>
				<misses>996300000</misses>
				<total>0</total>
				<timestamp>7024.792981</timestamp>
			</report>
			<report>
				<misses>996400000</misses>
				<total>0</total>
				<timestamp>7025.493688</timestamp>
			</report>
			<report>
				<misses>996500000</misses>
				<total>0</total>
				<timestamp>7026.202012</timestamp>
			</report>
			<report>
				<misses>996600000</misses>
				<total>0</total>
				<timestamp>7026.901535</timestamp>
			</report>
			<report>
				<misses>996700000</misses>
				<total>0</total>
				<timestamp>7027.639840</timestamp>
			</report>
			<report>
				<misses>996800000</misses>
				<total>0</total>
				<timestamp>7028.367287</timestamp>
			</report>
			<report>
				<misses>996900000</misses>
				<total>0</total>
				<timestamp>7029.060967</timestamp>
			</report>
			<report>
				<misses>997000000</misses>
				<total>0</total>
				<timestamp>7029.777331</timestamp>
			</report>
			<report>
				<misses>997100000</misses>
				<total>0</total>
				<timestamp>7030.495248</timestamp>
			</report>
			<report>
				<misses>997200000</misses>
				<total>0</total>
				<timestamp>7031.197449</timestamp>
			</report>
			<report>
				<misses>997300000</misses>
				<total>0</total>
				<timestamp>7031.915743</timestamp>
			</report>
			<report>
				<misses>997400000</misses>
				<total>0</total>
				<timestamp>7032.628160</timestamp>
			</report>
			<report>
				<misses>997500000</misses>
				<total>0</total>
				<timestamp>7033.325039</timestamp>
			</report>
			<report>
				<misses>997600000</misses>
				<total>0</total>
				<timestamp>7034.024988</timestamp>
			</report>
			<report>
				<misses>997700000</misses>
				<total>0</total>
				<timestamp>7034.745536</timestamp>
			</report>
			<report>
				<misses>997800000</misses>
				<total>0</total>
				<timestamp>7035.413755</timestamp>
			</report>
			<report>
				<misses>997900000</misses>
				<total>0</total>
				<timestamp>7036.106609</timestamp>
			</report>
			<report>
				<misses>998000000</misses>
				<total>0</total>
				<timestamp>7036.809263</timestamp>
			</report>
			<report>
				<misses>998100000</misses>
				<total>0</total>
				<timestamp>7037.487580</timestamp>
			</report>
			<report>
				<misses>998200000</misses>
				<total>0</total>
				<timestamp>7038.175422</timestamp>
			</report>
			<report>
				<misses>998300000</misses>
				<total>0</total>
				<timestamp>7038.890066</timestamp>
			</report>
			<report>
				<misses>998400000</misses>
				<total>0</total>
				<timestamp>7039.590961</timestamp>
			</report>
			<report>
				<misses>998500000</misses>
				<total>0</total>
				<timestamp>7040.277894</timestamp>
			</report>
			<report>
				<misses>998600000</misses>
				<total>0</total>
				<timestamp>7040.951479</timestamp>
			</report>
			<report>
				<misses>998700000</misses>
				<total>0</total>
				<timestamp>7041.635459</timestamp>
			</report>
			<report>
				<misses>998800000</misses>
				<total>0</total>
				<timestamp>7042.336151</timestamp>
			</report>
			<report>
				<misses>998900000</misses>
				<total>0</total>
				<timestamp>7043.086785</timestamp>
			</report>
			<report>
				<misses>999000000</misses>
				<total>0</total>
				<timestamp>7043.791778</timestamp>
			</report>
			<report>
				<misses>999100000</misses>
				<total>0</total>
				<timestamp>7044.520199</timestamp>
			</report>
			<report>
				<misses>999200000</misses>
				<total>0</total>
				<timestamp>7045.273202</timestamp>
			</report>
			<report>
				<misses>999300000</misses>
				<total>0</total>
				<timestamp>7045.981345</timestamp>
			</report>
			<report>
				<misses>999400000</misses>
				<total>0</total>
				<timestamp>7046.690595</timestamp>
			</report>
			<report>
				<misses>999500000</misses>
				<total>0</total>
				<timestamp>7047.407491</timestamp>
			</report>
			<report>
				<misses>999600000</misses>
				<total>0</total>
				<timestamp>7048.097227</timestamp>
			</report>
			<report>
				<misses>999700000</misses>
				<total>0</total>
				<timestamp>7048.830442</timestamp>
			</report>
			<report>
				<misses>999800000</misses>
				<total>0</total>
				<timestamp>7049.556247</timestamp>
			</report>
			<report>
				<misses>999900000</misses>
				<total>0</total>
				<timestamp>7050.240949</timestamp>
			</report>
			<report>
				<misses>1000000000</misses>
				<total>0</total>
				<timestamp>7050.937031</timestamp>
			</report>
			<report>
				<misses>1000100000</misses>
				<total>0</total>
				<timestamp>7051.650986</timestamp>
			</report>
			<report>
				<misses>1000200000</misses>
				<total>0</total>
				<timestamp>7052.379093</timestamp>
			</report>
			<report>
				<misses>1000300000</misses>
				<total>0</total>
				<timestamp>7053.070974</timestamp>
			</report>
			<report>
				<misses>1000400000</misses>
				<total>0</total>
				<timestamp>7053.779373</timestamp>
			</report>
			<report>
				<misses>1000500000</misses>
				<total>0</total>
				<timestamp>7054.479173</timestamp>
			</report>
			<report>
				<misses>1000600000</misses>
				<total>0</total>
				<timestamp>7055.188528</timestamp>
			</report>
			<report>
				<misses>1000700000</misses>
				<total>0</total>
				<timestamp>7055.919394</timestamp>
			</report>
			<report>
				<misses>1000800000</misses>
				<total>0</total>
				<timestamp>7056.604156</timestamp>
			</report>
			<report>
				<misses>1000900000</misses>
				<total>0</total>
				<timestamp>7057.285584</timestamp>
			</report>
			<report>
				<misses>1001000000</misses>
				<total>0</total>
				<timestamp>7057.978313</timestamp>
			</report>
			<report>
				<misses>1001100000</misses>
				<total>0</total>
				<timestamp>7058.675410</timestamp>
			</report>
			<report>
				<misses>1001200000</misses>
				<total>0</total>
				<timestamp>7059.353136</timestamp>
			</report>
			<report>
				<misses>1001300000</misses>
				<total>0</total>
				<timestamp>7060.045511</timestamp>
			</report>
			<report>
				<misses>1001400000</misses>
				<total>0</total>
				<timestamp>7060.739161</timestamp>
			</report>
			<report>
				<misses>1001500000</misses>
				<total>0</total>
				<timestamp>7061.418780</timestamp>
			</report>
			<report>
				<misses>1001600000</misses>
				<total>0</total>
				<timestamp>7062.107745</timestamp>
			</report>
			<report>
				<misses>1001700000</misses>
				<total>0</total>
				<timestamp>7062.795136</timestamp>
			</report>
			<report>
				<misses>1001800000</misses>
				<total>0</total>
				<timestamp>7063.513292</timestamp>
			</report>
			<report>
				<misses>1001900000</misses>
				<total>0</total>
				<timestamp>7064.211157</timestamp>
			</report>
			<report>
				<misses>1002000000</misses>
				<total>0</total>
				<timestamp>7064.912044</timestamp>
			</report>
			<report>
				<misses>1002100000</misses>
				<total>0</total>
				<timestamp>7065.619110</timestamp>
			</report>
			<report>
				<misses>1002200000</misses>
				<total>0</total>
				<timestamp>7066.350763</timestamp>
			</report>
			<report>
				<misses>1002300000</misses>
				<total>0</total>
				<timestamp>7067.077724</timestamp>
			</report>
			<report>
				<misses>1002400000</misses>
				<total>0</total>
				<timestamp>7067.782161</timestamp>
			</report>
			<report>
				<misses>1002500000</misses>
				<total>0</total>
				<timestamp>7068.495283</timestamp>
			</report>
			<report>
				<misses>1002600000</misses>
				<total>0</total>
				<timestamp>7069.196633</timestamp>
			</report>
			<report>
				<misses>1002700000</misses>
				<total>0</total>
				<timestamp>7069.902408</timestamp>
			</report>
			<report>
				<misses>1002800000</misses>
				<total>0</total>
				<timestamp>7070.603896</timestamp>
			</report>
			<report>
				<misses>1002900000</misses>
				<total>0</total>
				<timestamp>7071.323126</timestamp>
			</report>
			<report>
				<misses>1003000000</misses>
				<total>0</total>
				<timestamp>7072.030105</timestamp>
			</report>
			<report>
				<misses>1003100000</misses>
				<total>0</total>
				<timestamp>7072.739267</timestamp>
			</report>
			<report>
				<misses>1003200000</misses>
				<total>0</total>
				<timestamp>7073.428260</timestamp>
			</report>
			<report>
				<misses>1003300000</misses>
				<total>0</total>
				<timestamp>7074.114005</timestamp>
			</report>
			<report>
				<misses>1003400000</misses>
				<total>0</total>
				<timestamp>7074.802718</timestamp>
			</report>
			<report>
				<misses>1003500000</misses>
				<total>0</total>
				<timestamp>7075.479153</timestamp>
			</report>
			<report>
				<misses>1003600000</misses>
				<total>0</total>
				<timestamp>7076.145038</timestamp>
			</report>
			<report>
				<misses>1003700000</misses>
				<total>0</total>
				<timestamp>7076.818834</timestamp>
			</report>
			<report>
				<misses>1003800000</misses>
				<total>0</total>
				<timestamp>7077.501127</timestamp>
			</report>
			<report>
				<misses>1003900000</misses>
				<total>0</total>
				<timestamp>7078.182247</timestamp>
			</report>
			<report>
				<misses>1004000000</misses>
				<total>0</total>
				<timestamp>7078.868628</timestamp>
			</report>
			<report>
				<misses>1004100000</misses>
				<total>0</total>
				<timestamp>7079.560313</timestamp>
			</report>
			<report>
				<misses>1004200000</misses>
				<total>0</total>
				<timestamp>7080.309508</timestamp>
			</report>
			<report>
				<misses>1004300000</misses>
				<total>0</total>
				<timestamp>7081.025706</timestamp>
			</report>
			<report>
				<misses>1004400000</misses>
				<total>0</total>
				<timestamp>7081.742838</timestamp>
			</report>
			<report>
				<misses>1004500000</misses>
				<total>0</total>
				<timestamp>7082.436897</timestamp>
			</report>
			<report>
				<misses>1004600000</misses>
				<total>0</total>
				<timestamp>7083.126051</timestamp>
			</report>
			<report>
				<misses>1004700000</misses>
				<total>0</total>
				<timestamp>7083.836485</timestamp>
			</report>
			<report>
				<misses>1004800000</misses>
				<total>0</total>
				<timestamp>7084.554803</timestamp>
			</report>
			<report>
				<misses>1004900000</misses>
				<total>0</total>
				<timestamp>7085.261396</timestamp>
			</report>
			<report>
				<misses>1005000000</misses>
				<total>0</total>
				<timestamp>7085.978822</timestamp>
			</report>
			<report>
				<misses>1005100000</misses>
				<total>0</total>
				<timestamp>7086.712312</timestamp>
			</report>
			<report>
				<misses>1005200000</misses>
				<total>0</total>
				<timestamp>7087.422317</timestamp>
			</report>
			<report>
				<misses>1005300000</misses>
				<total>0</total>
				<timestamp>7088.150777</timestamp>
			</report>
			<report>
				<misses>1005400000</misses>
				<total>0</total>
				<timestamp>7088.858857</timestamp>
			</report>
			<report>
				<misses>1005500000</misses>
				<total>0</total>
				<timestamp>7089.527094</timestamp>
			</report>
			<report>
				<misses>1005600000</misses>
				<total>0</total>
				<timestamp>7090.208966</timestamp>
			</report>
			<report>
				<misses>1005700000</misses>
				<total>0</total>
				<timestamp>7090.903539</timestamp>
			</report>
			<report>
				<misses>1005800000</misses>
				<total>0</total>
				<timestamp>7091.587622</timestamp>
			</report>
			<report>
				<misses>1005900000</misses>
				<total>0</total>
				<timestamp>7092.263395</timestamp>
			</report>
			<report>
				<misses>1006000000</misses>
				<total>0</total>
				<timestamp>7092.964364</timestamp>
			</report>
			<report>
				<misses>1006100000</misses>
				<total>0</total>
				<timestamp>7093.639946</timestamp>
			</report>
			<report>
				<misses>1006200000</misses>
				<total>0</total>
				<timestamp>7094.311377</timestamp>
			</report>
			<report>
				<misses>1006300000</misses>
				<total>0</total>
				<timestamp>7095.016320</timestamp>
			</report>
			<report>
				<misses>1006400000</misses>
				<total>0</total>
				<timestamp>7095.702361</timestamp>
			</report>
			<report>
				<misses>1006500000</misses>
				<total>0</total>
				<timestamp>7096.398449</timestamp>
			</report>
			<report>
				<misses>1006600000</misses>
				<total>0</total>
				<timestamp>7097.113376</timestamp>
			</report>
			<report>
				<misses>1006700000</misses>
				<total>0</total>
				<timestamp>7097.825644</timestamp>
			</report>
			<report>
				<misses>1006800000</misses>
				<total>0</total>
				<timestamp>7098.558863</timestamp>
			</report>
			<report>
				<misses>1006900000</misses>
				<total>0</total>
				<timestamp>7099.256476</timestamp>
			</report>
			<report>
				<misses>1007000000</misses>
				<total>0</total>
				<timestamp>7100.009159</timestamp>
			</report>
			<report>
				<misses>1007100000</misses>
				<total>0</total>
				<timestamp>7100.743820</timestamp>
			</report>
			<report>
				<misses>1007200000</misses>
				<total>0</total>
				<timestamp>7101.450076</timestamp>
			</report>
			<report>
				<misses>1007300000</misses>
				<total>0</total>
				<timestamp>7102.135538</timestamp>
			</report>
			<report>
				<misses>1007400000</misses>
				<total>0</total>
				<timestamp>7102.844730</timestamp>
			</report>
			<report>
				<misses>1007500000</misses>
				<total>0</total>
				<timestamp>7103.598771</timestamp>
			</report>
			<report>
				<misses>1007600000</misses>
				<total>0</total>
				<timestamp>7104.335197</timestamp>
			</report>
			<report>
				<misses>1007700000</misses>
				<total>0</total>
				<timestamp>7105.042360</timestamp>
			</report>
			<report>
				<misses>1007800000</misses>
				<total>0</total>
				<timestamp>7105.778265</timestamp>
			</report>
			<report>
				<misses>1007900000</misses>
				<total>0</total>
				<timestamp>7106.483926</timestamp>
			</report>
			<report>
				<misses>1008000000</misses>
				<total>0</total>
				<timestamp>7107.177851</timestamp>
			</report>
			<report>
				<misses>1008100000</misses>
				<total>0</total>
				<timestamp>7107.872635</timestamp>
			</report>
			<report>
				<misses>1008200000</misses>
				<total>0</total>
				<timestamp>7108.574696</timestamp>
			</report>
			<report>
				<misses>1008300000</misses>
				<total>0</total>
				<timestamp>7109.283850</timestamp>
			</report>
			<report>
				<misses>1008400000</misses>
				<total>0</total>
				<timestamp>7110.000116</timestamp>
			</report>
			<report>
				<misses>1008500000</misses>
				<total>0</total>
				<timestamp>7110.709027</timestamp>
			</report>
			<report>
				<misses>1008600000</misses>
				<total>0</total>
				<timestamp>7111.413305</timestamp>
			</report>
			<report>
				<misses>1008700000</misses>
				<total>0</total>
				<timestamp>7112.131330</timestamp>
			</report>
			<report>
				<misses>1008800000</misses>
				<total>0</total>
				<timestamp>7112.822768</timestamp>
			</report>
			<report>
				<misses>1008900000</misses>
				<total>0</total>
				<timestamp>7113.517088</timestamp>
			</report>
			<report>
				<misses>1009000000</misses>
				<total>0</total>
				<timestamp>7114.208554</timestamp>
			</report>
			<report>
				<misses>1009100000</misses>
				<total>0</total>
				<timestamp>7114.909459</timestamp>
			</report>
			<report>
				<misses>1009200000</misses>
				<total>0</total>
				<timestamp>7115.617770</timestamp>
			</report>
			<report>
				<misses>1009300000</misses>
				<total>0</total>
				<timestamp>7116.303345</timestamp>
			</report>
			<report>
				<misses>1009400000</misses>
				<total>0</total>
				<timestamp>7116.975673</timestamp>
			</report>
			<report>
				<misses>1009500000</misses>
				<total>0</total>
				<timestamp>7117.663012</timestamp>
			</report>
			<report>
				<misses>1009600000</misses>
				<total>0</total>
				<timestamp>7118.354138</timestamp>
			</report>
			<report>
				<misses>1009700000</misses>
				<total>0</total>
				<timestamp>7119.072338</timestamp>
			</report>
			<report>
				<misses>1009800000</misses>
				<total>0</total>
				<timestamp>7119.784880</timestamp>
			</report>
			<report>
				<misses>1009900000</misses>
				<total>0</total>
				<timestamp>7120.497754</timestamp>
			</report>
			<report>
				<misses>1010000000</misses>
				<total>0</total>
				<timestamp>7121.225684</timestamp>
			</report>
			<report>
				<misses>1010100000</misses>
				<total>0</total>
				<timestamp>7121.922516</timestamp>
			</report>
			<report>
				<misses>1010200000</misses>
				<total>0</total>
				<timestamp>7122.665670</timestamp>
			</report>
			<report>
				<misses>1010300000</misses>
				<total>0</total>
				<timestamp>7123.419825</timestamp>
			</report>
			<report>
				<misses>1010400000</misses>
				<total>0</total>
				<timestamp>7124.157820</timestamp>
			</report>
			<report>
				<misses>1010500000</misses>
				<total>0</total>
				<timestamp>7124.890336</timestamp>
			</report>
			<report>
				<misses>1010600000</misses>
				<total>0</total>
				<timestamp>7125.604895</timestamp>
			</report>
			<report>
				<misses>1010700000</misses>
				<total>0</total>
				<timestamp>7126.327634</timestamp>
			</report>
			<report>
				<misses>1010800000</misses>
				<total>0</total>
				<timestamp>7127.035582</timestamp>
			</report>
			<report>
				<misses>1010900000</misses>
				<total>0</total>
				<timestamp>7127.739521</timestamp>
			</report>
			<report>
				<misses>1011000000</misses>
				<total>0</total>
				<timestamp>7128.469412</timestamp>
			</report>
			<report>
				<misses>1011100000</misses>
				<total>0</total>
				<timestamp>7129.201495</timestamp>
			</report>
			<report>
				<misses>1011200000</misses>
				<total>0</total>
				<timestamp>7129.925007</timestamp>
			</report>
			<report>
				<misses>1011300000</misses>
				<total>0</total>
				<timestamp>7130.631029</timestamp>
			</report>
			<report>
				<misses>1011400000</misses>
				<total>0</total>
				<timestamp>7131.350410</timestamp>
			</report>
			<report>
				<misses>1011500000</misses>
				<total>0</total>
				<timestamp>7132.040180</timestamp>
			</report>
			<report>
				<misses>1011600000</misses>
				<total>0</total>
				<timestamp>7132.766527</timestamp>
			</report>
			<report>
				<misses>1011700000</misses>
				<total>0</total>
				<timestamp>7133.465624</timestamp>
			</report>
			<report>
				<misses>1011800000</misses>
				<total>0</total>
				<timestamp>7134.162240</timestamp>
			</report>
			<report>
				<misses>1011900000</misses>
				<total>0</total>
				<timestamp>7134.851304</timestamp>
			</report>
			<report>
				<misses>1012000000</misses>
				<total>0</total>
				<timestamp>7135.541109</timestamp>
			</report>
			<report>
				<misses>1012100000</misses>
				<total>0</total>
				<timestamp>7136.233438</timestamp>
			</report>
			<report>
				<misses>1012200000</misses>
				<total>0</total>
				<timestamp>7136.925493</timestamp>
			</report>
			<report>
				<misses>1012300000</misses>
				<total>0</total>
				<timestamp>7137.606857</timestamp>
			</report>
			<report>
				<misses>1012400000</misses>
				<total>0</total>
				<timestamp>7138.289831</timestamp>
			</report>
			<report>
				<misses>1012500000</misses>
				<total>0</total>
				<timestamp>7138.977093</timestamp>
			</report>
			<report>
				<misses>1012600000</misses>
				<total>0</total>
				<timestamp>7139.655206</timestamp>
			</report>
			<report>
				<misses>1012700000</misses>
				<total>0</total>
				<timestamp>7140.371203</timestamp>
			</report>
			<report>
				<misses>1012800000</misses>
				<total>0</total>
				<timestamp>7141.058055</timestamp>
			</report>
			<report>
				<misses>1012900000</misses>
				<total>0</total>
				<timestamp>7141.774544</timestamp>
			</report>
			<report>
				<misses>1013000000</misses>
				<total>0</total>
				<timestamp>7142.486200</timestamp>
			</report>
			<report>
				<misses>1013100000</misses>
				<total>0</total>
				<timestamp>7143.212070</timestamp>
			</report>
			<report>
				<misses>1013200000</misses>
				<total>0</total>
				<timestamp>7143.946786</timestamp>
			</report>
			<report>
				<misses>1013300000</misses>
				<total>0</total>
				<timestamp>7144.662566</timestamp>
			</report>
			<report>
				<misses>1013400000</misses>
				<total>0</total>
				<timestamp>7145.386878</timestamp>
			</report>
			<report>
				<misses>1013500000</misses>
				<total>0</total>
				<timestamp>7146.085067</timestamp>
			</report>
			<report>
				<misses>1013600000</misses>
				<total>0</total>
				<timestamp>7146.830979</timestamp>
			</report>
			<report>
				<misses>1013700000</misses>
				<total>0</total>
				<timestamp>7147.531301</timestamp>
			</report>
			<report>
				<misses>1013800000</misses>
				<total>0</total>
				<timestamp>7148.248671</timestamp>
			</report>
			<report>
				<misses>1013900000</misses>
				<total>0</total>
				<timestamp>7148.933668</timestamp>
			</report>
			<report>
				<misses>1014000000</misses>
				<total>0</total>
				<timestamp>7149.639538</timestamp>
			</report>
			<report>
				<misses>1014100000</misses>
				<total>0</total>
				<timestamp>7150.377744</timestamp>
			</report>
			<report>
				<misses>1014200000</misses>
				<total>0</total>
				<timestamp>7151.078304</timestamp>
			</report>
			<report>
				<misses>1014300000</misses>
				<total>0</total>
				<timestamp>7151.766262</timestamp>
			</report>
			<report>
				<misses>1014400000</misses>
				<total>0</total>
				<timestamp>7152.449788</timestamp>
			</report>
			<report>
				<misses>1014500000</misses>
				<total>0</total>
				<timestamp>7153.140420</timestamp>
			</report>
			<report>
				<misses>1014600000</misses>
				<total>0</total>
				<timestamp>7153.842377</timestamp>
			</report>
			<report>
				<misses>1014700000</misses>
				<total>0</total>
				<timestamp>7154.520737</timestamp>
			</report>
			<report>
				<misses>1014800000</misses>
				<total>0</total>
				<timestamp>7155.206854</timestamp>
			</report>
			<report>
				<misses>1014900000</misses>
				<total>0</total>
				<timestamp>7155.897937</timestamp>
			</report>
			<report>
				<misses>1015000000</misses>
				<total>0</total>
				<timestamp>7156.578152</timestamp>
			</report>
			<report>
				<misses>1015100000</misses>
				<total>0</total>
				<timestamp>7157.255168</timestamp>
			</report>
			<report>
				<misses>1015200000</misses>
				<total>0</total>
				<timestamp>7157.953621</timestamp>
			</report>
			<report>
				<misses>1015300000</misses>
				<total>0</total>
				<timestamp>7158.702148</timestamp>
			</report>
			<report>
				<misses>1015400000</misses>
				<total>0</total>
				<timestamp>7159.407562</timestamp>
			</report>
			<report>
				<misses>1015500000</misses>
				<total>0</total>
				<timestamp>7160.104988</timestamp>
			</report>
			<report>
				<misses>1015600000</misses>
				<total>0</total>
				<timestamp>7160.848389</timestamp>
			</report>
			<report>
				<misses>1015700000</misses>
				<total>0</total>
				<timestamp>7161.611846</timestamp>
			</report>
			<report>
				<misses>1015800000</misses>
				<total>0</total>
				<timestamp>7162.316728</timestamp>
			</report>
			<report>
				<misses>1015900000</misses>
				<total>0</total>
				<timestamp>7163.047663</timestamp>
			</report>
			<report>
				<misses>1016000000</misses>
				<total>0</total>
				<timestamp>7163.785420</timestamp>
			</report>
			<report>
				<misses>1016100000</misses>
				<total>0</total>
				<timestamp>7164.496791</timestamp>
			</report>
			<report>
				<misses>1016200000</misses>
				<total>0</total>
				<timestamp>7165.211367</timestamp>
			</report>
			<report>
				<misses>1016300000</misses>
				<total>0</total>
				<timestamp>7165.936881</timestamp>
			</report>
			<report>
				<misses>1016400000</misses>
				<total>0</total>
				<timestamp>7166.656001</timestamp>
			</report>
			<report>
				<misses>1016500000</misses>
				<total>0</total>
				<timestamp>7167.381880</timestamp>
			</report>
			<report>
				<misses>1016600000</misses>
				<total>0</total>
				<timestamp>7168.123038</timestamp>
			</report>
			<report>
				<misses>1016700000</misses>
				<total>0</total>
				<timestamp>7168.841566</timestamp>
			</report>
			<report>
				<misses>1016800000</misses>
				<total>0</total>
				<timestamp>7169.571776</timestamp>
			</report>
			<report>
				<misses>1016900000</misses>
				<total>0</total>
				<timestamp>7170.293444</timestamp>
			</report>
			<report>
				<misses>1017000000</misses>
				<total>0</total>
				<timestamp>7171.007146</timestamp>
			</report>
			<report>
				<misses>1017100000</misses>
				<total>0</total>
				<timestamp>7171.728140</timestamp>
			</report>
			<report>
				<misses>1017200000</misses>
				<total>0</total>
				<timestamp>7172.477307</timestamp>
			</report>
			<report>
				<misses>1017300000</misses>
				<total>0</total>
				<timestamp>7173.204036</timestamp>
			</report>
			<report>
				<misses>1017400000</misses>
				<total>0</total>
				<timestamp>7173.927884</timestamp>
			</report>
			<report>
				<misses>1017500000</misses>
				<total>0</total>
				<timestamp>7174.650578</timestamp>
			</report>
			<report>
				<misses>1017600000</misses>
				<total>0</total>
				<timestamp>7175.383638</timestamp>
			</report>
			<report>
				<misses>1017700000</misses>
				<total>0</total>
				<timestamp>7176.106896</timestamp>
			</report>
			<report>
				<misses>1017800000</misses>
				<total>0</total>
				<timestamp>7176.800772</timestamp>
			</report>
			<report>
				<misses>1017900000</misses>
				<total>0</total>
				<timestamp>7177.475177</timestamp>
			</report>
			<report>
				<misses>1018000000</misses>
				<total>0</total>
				<timestamp>7178.165996</timestamp>
			</report>
			<report>
				<misses>1018100000</misses>
				<total>0</total>
				<timestamp>7178.859807</timestamp>
			</report>
			<report>
				<misses>1018200000</misses>
				<total>0</total>
				<timestamp>7179.552165</timestamp>
			</report>
			<report>
				<misses>1018300000</misses>
				<total>0</total>
				<timestamp>7180.248227</timestamp>
			</report>
			<report>
				<misses>1018400000</misses>
				<total>0</total>
				<timestamp>7180.942797</timestamp>
			</report>
			<report>
				<misses>1018500000</misses>
				<total>0</total>
				<timestamp>7181.635928</timestamp>
			</report>
			<report>
				<misses>1018600000</misses>
				<total>0</total>
				<timestamp>7182.324183</timestamp>
			</report>
			<report>
				<misses>1018700000</misses>
				<total>0</total>
				<timestamp>7183.040334</timestamp>
			</report>
			<report>
				<misses>1018800000</misses>
				<total>0</total>
				<timestamp>7183.731231</timestamp>
			</report>
			<report>
				<misses>1018900000</misses>
				<total>0</total>
				<timestamp>7184.450869</timestamp>
			</report>
			<report>
				<misses>1019000000</misses>
				<total>0</total>
				<timestamp>7185.141899</timestamp>
			</report>
			<report>
				<misses>1019100000</misses>
				<total>0</total>
				<timestamp>7185.840872</timestamp>
			</report>
			<report>
				<misses>1019200000</misses>
				<total>0</total>
				<timestamp>7186.559263</timestamp>
			</report>
			<report>
				<misses>1019300000</misses>
				<total>0</total>
				<timestamp>7187.256489</timestamp>
			</report>
			<report>
				<misses>1019400000</misses>
				<total>0</total>
				<timestamp>7187.962755</timestamp>
			</report>
			<report>
				<misses>1019500000</misses>
				<total>0</total>
				<timestamp>7188.691021</timestamp>
			</report>
			<report>
				<misses>1019600000</misses>
				<total>0</total>
				<timestamp>7189.433560</timestamp>
			</report>
			<report>
				<misses>1019700000</misses>
				<total>0</total>
				<timestamp>7190.157287</timestamp>
			</report>
			<report>
				<misses>1019800000</misses>
				<total>0</total>
				<timestamp>7190.876098</timestamp>
			</report>
			<report>
				<misses>1019900000</misses>
				<total>0</total>
				<timestamp>7191.608211</timestamp>
			</report>
			<report>
				<misses>1020000000</misses>
				<total>0</total>
				<timestamp>7192.332205</timestamp>
			</report>
			<report>
				<misses>1020100000</misses>
				<total>0</total>
				<timestamp>7193.047750</timestamp>
			</report>
			<report>
				<misses>1020200000</misses>
				<total>0</total>
				<timestamp>7193.759519</timestamp>
			</report>
			<report>
				<misses>1020300000</misses>
				<total>0</total>
				<timestamp>7194.483446</timestamp>
			</report>
			<report>
				<misses>1020400000</misses>
				<total>0</total>
				<timestamp>7195.205763</timestamp>
			</report>
			<report>
				<misses>1020500000</misses>
				<total>0</total>
				<timestamp>7195.929304</timestamp>
			</report>
			<report>
				<misses>1020600000</misses>
				<total>0</total>
				<timestamp>7196.653873</timestamp>
			</report>
			<report>
				<misses>1020700000</misses>
				<total>0</total>
				<timestamp>7197.370682</timestamp>
			</report>
			<report>
				<misses>1020800000</misses>
				<total>0</total>
				<timestamp>7198.093376</timestamp>
			</report>
			<report>
				<misses>1020900000</misses>
				<total>0</total>
				<timestamp>7198.785973</timestamp>
			</report>
			<report>
				<misses>1021000000</misses>
				<total>0</total>
				<timestamp>7199.470018</timestamp>
			</report>
		</query>
	</custom>
	<ethtool_statistic>
		<rx_packets>
			<start>1965</start>
			<end>12646</end>
		</rx_packets>
		<tx_packets>
			<start>5805</start>
			<end>1021018979</end>
		</tx_packets>
		<rx_dropped>
			<start>0</start>
			<end>0</end>
		</rx_dropped>
		<tx_dropped>
			<start>0</start>
			<end>0</end>
		</tx_dropped>
		<collisions>
			<start>0</start>
			<end>0</end>
		</collisions>
		<port_tx_errors>
			<start>0</start>
			<end>0</end>
		</port_tx_errors>
		<port_rx_dropped>
			<start>0</start>
			<end>0</end>
		</port_rx_dropped>
		<port_tx_dropped_link_down>
			<start>0</start>
			<end>0</end>
		</port_tx_dropped_link_down>
	</ethtool_statistic>
	<ip_statistic>
		<mtu>
			<start>1500</start>
			<end>1500</end>
		</mtu>
		<rx_bytes>
			<start>182344</start>
			<end>824890</end>
		</rx_bytes>
		<rx_packets>
			<start>1965</start>
			<end>12646</end>
		</rx_packets>
		<rx_errors>
			<start>0</start>
			<end>0</end>
		</rx_errors>
		<rx_dropped>
			<start>0</start>
			<end>0</end>
		</rx_dropped>
		<rx_missed>
			<start>0</start>
			<end>0</end>
		</rx_missed>
		<rx_mcast>
			<start>1813</start>
			<end>1835</end>
		</rx_mcast>
		<tx_bytes>
			<start>633646</start>
			<end>124563429342</end>
		</tx_bytes>
		<tx_packets>
			<start>5805</start>
			<end>1021018979</end>
		</tx_packets>
		<tx_errors>
			<start>0</start>
			<end>0</end>
		</tx_errors>
		<tx_dropped>
			<start>0</start>
			<end>0</end>
		</tx_dropped>
		<tx_carrier>
			<start>0</start>
			<end>0</end>
		</tx_carrier>
		<tx_collisions>
			<start>0</start>
			<end>0</end>
		</tx_collisions>
	</ip_statistic>
	<netstat_statistic>
		<udp_pkg_rec>
			<start>21060605</start>
			<end>420591765</end>
		</udp_pkg_rec>
		<udp_pkg_snt>
			<start>28254818</start>
			<end>1467045486</end>
		</udp_pkg_snt>
		<udp_rec_err>
			<start>2421379</start>
			<end>91618272</end>
		</udp_rec_err>
		<udp_rec_buf_err>
			<start>2421379</start>
			<end>91618272</end>
		</udp_rec_buf_err>
		<udp_snt_buf_err>
			<start>0</start>
			<end>0</end>
		</udp_snt_buf_err>
	</netstat_statistic>
</test_results>
